<!-- 
RSS generated by JIRA (8.20.10#820010-sha1:ace47f9899e9ee25d7157d59aa17ab06aee30d3d) at Tue Nov 11 20:45:05 UTC 2025

It is possible to restrict the fields that are returned in this document by specifying the 'field' parameter in your request.
For example, to request only the issue key and summary append 'field=key&field=summary' to the URL of your request.
-->
<rss version="0.92" >
<channel>
    <title>ASF JIRA</title>
    <link>https://issues.apache.org/jira</link>
    <description>This file is an XML representation of an issue</description>
    <language>en-uk</language>    <build-info>
        <version>8.20.10</version>
        <build-number>820010</build-number>
        <build-date>22-06-2022</build-date>
    </build-info>


<item>
            <title>[FLINK-16981] flink-runtime tests are crashing the JVM on Java11 because of PowerMock</title>
                <link>https://issues.apache.org/jira/browse/FLINK-16981</link>
                <project id="12315522" key="FLINK">Flink</project>
                    <description>&lt;p&gt;Nightly travis run: &lt;a href=&quot;https://travis-ci.org/github/apache/flink/jobs/670686286?utm_medium=notification&amp;amp;utm_source=slack&quot; class=&quot;external-link&quot; target=&quot;_blank&quot; rel=&quot;nofollow noopener&quot;&gt;https://travis-ci.org/github/apache/flink/jobs/670686286?utm_medium=notification&amp;amp;utm_source=slack&lt;/a&gt;&lt;/p&gt;

&lt;div class=&quot;code panel&quot; style=&quot;border-width: 1px;&quot;&gt;&lt;div class=&quot;codeContent panelContent&quot;&gt;
&lt;pre class=&quot;code-java&quot;&gt;
22:11:49.063 [INFO] Reactor Summary:
22:11:49.063 [INFO] 
22:11:49.068 [INFO] flink-annotations .................................. SUCCESS [  4.733 s]
22:11:49.069 [INFO] flink-metrics ...................................... SUCCESS [  0.250 s]
22:11:49.069 [INFO] flink-metrics-core ................................. SUCCESS [  3.012 s]
22:11:49.069 [INFO] flink-core ......................................... SUCCESS [01:34 min]
22:11:49.069 [INFO] flink-java ......................................... SUCCESS [ 30.494 s]
22:11:49.074 [INFO] flink-runtime ...................................... FAILURE [25:01 min]
22:11:49.074 [INFO] flink-scala ........................................ SKIPPED
22:11:49.074 [INFO] flink-optimizer .................................... SKIPPED
22:11:49.074 [INFO] flink-clients ...................................... SKIPPED
22:11:49.074 [INFO] flink-streaming-java ............................... SKIPPED
22:11:49.074 [INFO] flink-test-utils ................................... SKIPPED
22:11:49.074 [INFO] flink-runtime-web .................................. SKIPPED
22:11:49.074 [INFO] flink-statebackend-rocksdb ......................... SKIPPED
22:11:49.074 [INFO] flink-streaming-scala .............................. SKIPPED
22:11:49.074 [INFO] flink-scala-shell .................................. SKIPPED
22:11:49.074 [INFO] ------------------------------------------------------------------------
22:11:49.074 [INFO] BUILD FAILURE
22:11:49.074 [INFO] ------------------------------------------------------------------------
22:11:49.074 [INFO] Total time: 27:20 min
22:11:49.077 [INFO] Finished at: 2020-04-03T22:11:49+00:00
22:11:49.355 [INFO] Final Memory: 97M/330M
22:11:49.355 [INFO] ------------------------------------------------------------------------
22:11:49.361 [ERROR] Failed to execute goal org.apache.maven.plugins:maven-surefire-plugin:2.22.1:test (&lt;span class=&quot;code-keyword&quot;&gt;default&lt;/span&gt;-test) on project flink-runtime_2.11: There are test failures.
22:11:49.362 [ERROR] 
22:11:49.362 [ERROR] Please refer to /home/travis/build/apache/flink/flink-runtime/target/surefire-reports &lt;span class=&quot;code-keyword&quot;&gt;for&lt;/span&gt; the individual test results.
22:11:49.362 [ERROR] Please refer to dump files (&lt;span class=&quot;code-keyword&quot;&gt;if&lt;/span&gt; any exist) [date].dump, [date]-jvmRun[N].dump and [date].dumpstream.
22:11:49.362 [ERROR] ExecutionException The forked VM terminated without properly saying goodbye. VM crash or &lt;span class=&quot;code-object&quot;&gt;System&lt;/span&gt;.exit called?
22:11:49.362 [ERROR] Command was /bin/sh -c cd /home/travis/build/apache/flink/flink-runtime &amp;amp;&amp;amp; /usr/local/lib/jvm/openjdk11/bin/java -Xms256m -Xmx2048m -Dmvn.forkNumber=1 -XX:+UseG1GC -jar /home/travis/build/apache/flink/flink-runtime/target/surefire/surefirebooter5965056229397858556.jar /home/travis/build/apache/flink/flink-runtime/target/surefire 2020-04-03T21-44-37_853-jvmRun1 surefire4393983892864834687tmp surefire_47412704678292479303842tmp
22:11:49.362 [ERROR] Error occurred in starting fork, check output in log
22:11:49.362 [ERROR] &lt;span class=&quot;code-object&quot;&gt;Process&lt;/span&gt; Exit Code: 239
22:11:49.362 [ERROR] org.apache.maven.surefire.booter.SurefireBooterForkException: ExecutionException The forked VM terminated without properly saying goodbye. VM crash or &lt;span class=&quot;code-object&quot;&gt;System&lt;/span&gt;.exit called?
22:11:49.362 [ERROR] Command was /bin/sh -c cd /home/travis/build/apache/flink/flink-runtime &amp;amp;&amp;amp; /usr/local/lib/jvm/openjdk11/bin/java -Xms256m -Xmx2048m -Dmvn.forkNumber=1 -XX:+UseG1GC -jar /home/travis/build/apache/flink/flink-runtime/target/surefire/surefirebooter5965056229397858556.jar /home/travis/build/apache/flink/flink-runtime/target/surefire 2020-04-03T21-44-37_853-jvmRun1 surefire4393983892864834687tmp surefire_47412704678292479303842tmp
22:11:49.362 [ERROR] Error occurred in starting fork, check output in log
22:11:49.362 [ERROR] &lt;span class=&quot;code-object&quot;&gt;Process&lt;/span&gt; Exit Code: 239
22:11:49.362 [ERROR] at org.apache.maven.plugin.surefire.booterclient.ForkStarter.awaitResultsDone(ForkStarter.java:510)
22:11:49.362 [ERROR] at org.apache.maven.plugin.surefire.booterclient.ForkStarter.runSuitesForkPerTestSet(ForkStarter.java:457)
22:11:49.362 [ERROR] at org.apache.maven.plugin.surefire.booterclient.ForkStarter.run(ForkStarter.java:298)
22:11:49.362 [ERROR] at org.apache.maven.plugin.surefire.booterclient.ForkStarter.run(ForkStarter.java:246)
22:11:49.362 [ERROR] at org.apache.maven.plugin.surefire.AbstractSurefireMojo.executeProvider(AbstractSurefireMojo.java:1183)
22:11:49.362 [ERROR] at org.apache.maven.plugin.surefire.AbstractSurefireMojo.executeAfterPreconditionsChecked(AbstractSurefireMojo.java:1011)
22:11:49.362 [ERROR] at org.apache.maven.plugin.surefire.AbstractSurefireMojo.execute(AbstractSurefireMojo.java:857)
22:11:49.362 [ERROR] at org.apache.maven.plugin.DefaultBuildPluginManager.executeMojo(DefaultBuildPluginManager.java:132)
22:11:49.362 [ERROR] at org.apache.maven.lifecycle.internal.MojoExecutor.execute(MojoExecutor.java:208)
22:11:49.362 [ERROR] at org.apache.maven.lifecycle.internal.MojoExecutor.execute(MojoExecutor.java:153)
22:11:49.362 [ERROR] at org.apache.maven.lifecycle.internal.MojoExecutor.execute(MojoExecutor.java:145)
22:11:49.363 [ERROR] at org.apache.maven.lifecycle.internal.LifecycleModuleBuilder.buildProject(LifecycleModuleBuilder.java:116)
22:11:49.363 [ERROR] at org.apache.maven.lifecycle.internal.LifecycleModuleBuilder.buildProject(LifecycleModuleBuilder.java:80)
22:11:49.363 [ERROR] at org.apache.maven.lifecycle.internal.builder.singlethreaded.SingleThreadedBuilder.build(SingleThreadedBuilder.java:51)
22:11:49.363 [ERROR] at org.apache.maven.lifecycle.internal.LifecycleStarter.execute(LifecycleStarter.java:120)
22:11:49.363 [ERROR] at org.apache.maven.DefaultMaven.doExecute(DefaultMaven.java:355)
22:11:49.363 [ERROR] at org.apache.maven.DefaultMaven.execute(DefaultMaven.java:155)
22:11:49.363 [ERROR] at org.apache.maven.cli.MavenCli.execute(MavenCli.java:584)
22:11:49.363 [ERROR] at org.apache.maven.cli.MavenCli.doMain(MavenCli.java:216)
22:11:49.363 [ERROR] at org.apache.maven.cli.MavenCli.main(MavenCli.java:160)
22:11:49.363 [ERROR] at java.base/jdk.internal.reflect.NativeMethodAccessorImpl.invoke0(Native Method)
22:11:49.363 [ERROR] at java.base/jdk.internal.reflect.NativeMethodAccessorImpl.invoke(NativeMethodAccessorImpl.java:62)
22:11:49.363 [ERROR] at java.base/jdk.internal.reflect.DelegatingMethodAccessorImpl.invoke(DelegatingMethodAccessorImpl.java:43)
22:11:49.363 [ERROR] at java.base/java.lang.reflect.Method.invoke(Method.java:566)
22:11:49.363 [ERROR] at org.codehaus.plexus.classworlds.launcher.Launcher.launchEnhanced(Launcher.java:289)
22:11:49.363 [ERROR] at org.codehaus.plexus.classworlds.launcher.Launcher.launch(Launcher.java:229)
22:11:49.363 [ERROR] at org.codehaus.plexus.classworlds.launcher.Launcher.mainWithExitCode(Launcher.java:415)
22:11:49.363 [ERROR] at org.codehaus.plexus.classworlds.launcher.Launcher.main(Launcher.java:356)
22:11:49.363 [ERROR] Caused by: org.apache.maven.surefire.booter.SurefireBooterForkException: The forked VM terminated without properly saying goodbye. VM crash or &lt;span class=&quot;code-object&quot;&gt;System&lt;/span&gt;.exit called?
22:11:49.363 [ERROR] Command was /bin/sh -c cd /home/travis/build/apache/flink/flink-runtime &amp;amp;&amp;amp; /usr/local/lib/jvm/openjdk11/bin/java -Xms256m -Xmx2048m -Dmvn.forkNumber=1 -XX:+UseG1GC -jar /home/travis/build/apache/flink/flink-runtime/target/surefire/surefirebooter5965056229397858556.jar /home/travis/build/apache/flink/flink-runtime/target/surefire 2020-04-03T21-44-37_853-jvmRun1 surefire4393983892864834687tmp surefire_47412704678292479303842tmp
22:11:49.363 [ERROR] Error occurred in starting fork, check output in log
22:11:49.363 [ERROR] &lt;span class=&quot;code-object&quot;&gt;Process&lt;/span&gt; Exit Code: 239
22:11:49.363 [ERROR] at org.apache.maven.plugin.surefire.booterclient.ForkStarter.fork(ForkStarter.java:669)
22:11:49.363 [ERROR] at org.apache.maven.plugin.surefire.booterclient.ForkStarter.access$600(ForkStarter.java:115)
22:11:49.363 [ERROR] at org.apache.maven.plugin.surefire.booterclient.ForkStarter$2.call(ForkStarter.java:444)
22:11:49.363 [ERROR] at org.apache.maven.plugin.surefire.booterclient.ForkStarter$2.call(ForkStarter.java:420)
22:11:49.363 [ERROR] at java.base/java.util.concurrent.FutureTask.run(FutureTask.java:264)
22:11:49.363 [ERROR] at java.base/java.util.concurrent.ThreadPoolExecutor.runWorker(ThreadPoolExecutor.java:1128)
22:11:49.363 [ERROR] at java.base/java.util.concurrent.ThreadPoolExecutor$Worker.run(ThreadPoolExecutor.java:628)
22:11:49.363 [ERROR] at java.base/java.lang.&lt;span class=&quot;code-object&quot;&gt;Thread&lt;/span&gt;.run(&lt;span class=&quot;code-object&quot;&gt;Thread&lt;/span&gt;.java:834)
22:11:49.363 [ERROR] -&amp;gt; [Help 1]
22:11:49.363 [ERROR] 
22:11:49.363 [ERROR] To see the full stack trace of the errors, re-run Maven with the -e &lt;span class=&quot;code-keyword&quot;&gt;switch&lt;/span&gt;.
22:11:49.363 [ERROR] Re-run Maven using the -X &lt;span class=&quot;code-keyword&quot;&gt;switch&lt;/span&gt; to enable full debug logging.
22:11:49.363 [ERROR] 
22:11:49.363 [ERROR] For more information about the errors and possible solutions, please read the following articles:
22:11:49.363 [ERROR] [Help 1] http:&lt;span class=&quot;code-comment&quot;&gt;//cwiki.apache.org/confluence/display/MAVEN/MojoExecutionException
&lt;/span&gt;22:11:49.363 [ERROR] 
22:11:49.363 [ERROR] After correcting the problems, you can resume the build with the command
22:11:49.364 [ERROR]   mvn &amp;lt;goals&amp;gt; -rf :flink-runtime_2.11
&lt;/pre&gt;
&lt;/div&gt;&lt;/div&gt;</description>
                <environment></environment>
        <key id="13296168">FLINK-16981</key>
            <summary>flink-runtime tests are crashing the JVM on Java11 because of PowerMock</summary>
                <type id="1" iconUrl="https://issues.apache.org/jira/secure/viewavatar?size=xsmall&amp;avatarId=21133&amp;avatarType=issuetype">Bug</type>
                                            <priority id="2" iconUrl="https://issues.apache.org/jira/images/icons/priorities/critical.svg">Critical</priority>
                        <status id="6" iconUrl="https://issues.apache.org/jira/images/icons/statuses/closed.png" description="The issue is considered finished, the resolution is correct. Issues which are not closed can be reopened.">Closed</status>
                    <statusCategory id="3" key="done" colorName="green"/>
                                    <resolution id="1">Fixed</resolution>
                                        <assignee username="chesnay">Chesnay Schepler</assignee>
                                    <reporter username="rmetzger">Robert Metzger</reporter>
                        <labels>
                            <label>pull-request-available</label>
                            <label>test-stability</label>
                    </labels>
                <created>Sat, 4 Apr 2020 08:30:12 +0000</created>
                <updated>Thu, 9 Apr 2020 18:32:31 +0000</updated>
                            <resolved>Thu, 9 Apr 2020 18:32:31 +0000</resolved>
                                    <version>1.10.0</version>
                                    <fixVersion>1.10.1</fixVersion>
                    <fixVersion>1.11.0</fixVersion>
                                    <component>Runtime / Coordination</component>
                    <component>Tests</component>
                        <due></due>
                            <votes>0</votes>
                                    <watches>2</watches>
                                                    <progress percentage="100">
                                    <originalProgress>
                                                    <row percentage="0" backgroundColor="#89afd7"/>
                                                    <row percentage="100" backgroundColor="transparent"/>
                                            </originalProgress>
                                                    <currentProgress>
                                                    <row percentage="100" backgroundColor="#51a825"/>
                                                    <row percentage="0" backgroundColor="#ec8e00"/>
                                            </currentProgress>
                            </progress>
                                    <aggregateprogress percentage="100">
                                    <originalProgress>
                                                    <row percentage="0" backgroundColor="#89afd7"/>
                                                    <row percentage="100" backgroundColor="transparent"/>
                                            </originalProgress>
                                                    <currentProgress>
                                                    <row percentage="100" backgroundColor="#51a825"/>
                                                    <row percentage="0" backgroundColor="#ec8e00"/>
                                            </currentProgress>
                            </aggregateprogress>
                                            <timeestimate seconds="0">0h</timeestimate>
                            <timespent seconds="1200">20m</timespent>
                                <comments>
                            <comment id="17075082" author="rmetzger" created="Sat, 4 Apr 2020 08:31:56 +0000"  >&lt;p&gt;For those looking into this issue, the log above also contains this:&lt;/p&gt;

&lt;div class=&quot;code panel&quot; style=&quot;border-width: 1px;&quot;&gt;&lt;div class=&quot;codeContent panelContent&quot;&gt;
&lt;pre class=&quot;code-java&quot;&gt;
log4j:ERROR A &lt;span class=&quot;code-quote&quot;&gt;&quot;org.apache.log4j.FileAppender&quot;&lt;/span&gt; object is not assignable to a &lt;span class=&quot;code-quote&quot;&gt;&quot;org.apache.log4j.Appender&quot;&lt;/span&gt; variable.
log4j:ERROR The class &lt;span class=&quot;code-quote&quot;&gt;&quot;org.apache.log4j.Appender&quot;&lt;/span&gt; was loaded by 
log4j:ERROR [jdk.internal.loader.ClassLoaders$AppClassLoader@4b85612c] whereas object of type 
log4j:ERROR &lt;span class=&quot;code-quote&quot;&gt;&quot;org.apache.log4j.FileAppender&quot;&lt;/span&gt; was loaded by [org.powermock.core.classloader.javassist.JavassistMockClassLoader@635eaaf1].
log4j:ERROR Could not instantiate appender named &lt;span class=&quot;code-quote&quot;&gt;&quot;file&quot;&lt;/span&gt;.
log4j:ERROR A &lt;span class=&quot;code-quote&quot;&gt;&quot;org.apache.log4j.ConsoleAppender&quot;&lt;/span&gt; object is not assignable to a &lt;span class=&quot;code-quote&quot;&gt;&quot;org.apache.log4j.Appender&quot;&lt;/span&gt; variable.
log4j:ERROR The class &lt;span class=&quot;code-quote&quot;&gt;&quot;org.apache.log4j.Appender&quot;&lt;/span&gt; was loaded by 
log4j:ERROR [jdk.internal.loader.ClassLoaders$AppClassLoader@4b85612c] whereas object of type 
log4j:ERROR &lt;span class=&quot;code-quote&quot;&gt;&quot;org.apache.log4j.ConsoleAppender&quot;&lt;/span&gt; was loaded by [org.powermock.core.classloader.javassist.JavassistMockClassLoader@635eaaf1].
log4j:ERROR Could not instantiate appender named &lt;span class=&quot;code-quote&quot;&gt;&quot;console&quot;&lt;/span&gt;.
log4j:ERROR A &lt;span class=&quot;code-quote&quot;&gt;&quot;org.apache.log4j.ConsoleAppender&quot;&lt;/span&gt; object is not assignable to a &lt;span class=&quot;code-quote&quot;&gt;&quot;org.apache.log4j.Appender&quot;&lt;/span&gt; variable.
log4j:ERROR The class &lt;span class=&quot;code-quote&quot;&gt;&quot;org.apache.log4j.Appender&quot;&lt;/span&gt; was loaded by 
log4j:ERROR [jdk.internal.loader.ClassLoaders$AppClassLoader@4b85612c] whereas object of type 
log4j:ERROR &lt;span class=&quot;code-quote&quot;&gt;&quot;org.apache.log4j.ConsoleAppender&quot;&lt;/span&gt; was loaded by [org.powermock.core.classloader.javassist.JavassistMockClassLoader@635eaaf1].
log4j:ERROR Could not instantiate appender named &lt;span class=&quot;code-quote&quot;&gt;&quot;console&quot;&lt;/span&gt;.
log4j:ERROR A &lt;span class=&quot;code-quote&quot;&gt;&quot;org.apache.log4j.ConsoleAppender&quot;&lt;/span&gt; object is not assignable to a &lt;span class=&quot;code-quote&quot;&gt;&quot;org.apache.log4j.Appender&quot;&lt;/span&gt; variable.
log4j:ERROR The class &lt;span class=&quot;code-quote&quot;&gt;&quot;org.apache.log4j.Appender&quot;&lt;/span&gt; was loaded by 
log4j:ERROR [jdk.internal.loader.ClassLoaders$AppClassLoader@4b85612c] whereas object of type 
log4j:ERROR &lt;span class=&quot;code-quote&quot;&gt;&quot;org.apache.log4j.ConsoleAppender&quot;&lt;/span&gt; was loaded by [org.powermock.core.classloader.javassist.JavassistMockClassLoader@635eaaf1].
log4j:ERROR Could not instantiate appender named &lt;span class=&quot;code-quote&quot;&gt;&quot;console&quot;&lt;/span&gt;.
log4j:ERROR A &lt;span class=&quot;code-quote&quot;&gt;&quot;org.apache.log4j.ConsoleAppender&quot;&lt;/span&gt; object is not assignable to a &lt;span class=&quot;code-quote&quot;&gt;&quot;org.apache.log4j.Appender&quot;&lt;/span&gt; variable.
log4j:ERROR The class &lt;span class=&quot;code-quote&quot;&gt;&quot;org.apache.log4j.Appender&quot;&lt;/span&gt; was loaded by 
log4j:ERROR [jdk.internal.loader.ClassLoaders$AppClassLoader@4b85612c] whereas object of type 
log4j:ERROR &lt;span class=&quot;code-quote&quot;&gt;&quot;org.apache.log4j.ConsoleAppender&quot;&lt;/span&gt; was loaded by [org.powermock.core.classloader.javassist.JavassistMockClassLoader@635eaaf1].
log4j:ERROR Could not instantiate appender named &lt;span class=&quot;code-quote&quot;&gt;&quot;console&quot;&lt;/span&gt;.
&lt;/pre&gt;
&lt;/div&gt;&lt;/div&gt;</comment>
                            <comment id="17076250" author="zentol" created="Mon, 6 Apr 2020 11:23:24 +0000"  >&lt;p&gt;Improved powermock exclusions merged:&lt;br/&gt;
master: bf671fb3d2a05f3f684d0acbea049d04cd014b17&lt;br/&gt;
1.10: 6bd76c5ab976a80b77c4551e78cee4392d6e96b2&lt;/p&gt;

&lt;p&gt;Let&apos;s see if that resolves the issue.&lt;/p&gt;</comment>
                            <comment id="17079191" author="zentol" created="Thu, 9 Apr 2020 11:02:20 +0000"  >&lt;p&gt;&lt;a href=&quot;https://issues.apache.org/jira/secure/ViewProfile.jspa?name=rmetzger&quot; class=&quot;user-hover&quot; rel=&quot;rmetzger&quot;&gt;rmetzger&lt;/a&gt; It seems likely that the underlying cause is similar to &lt;a href=&quot;https://issues.apache.org/jira/browse/FLINK-16973&quot; title=&quot;Various builds failing with &amp;quot;Corrupted STDOUT by directly writing&amp;quot;&quot; class=&quot;issue-link&quot; data-issue-key=&quot;FLINK-16973&quot;&gt;&lt;del&gt;FLINK-16973&lt;/del&gt;&lt;/a&gt;; what do you think about making this JIRa only about the Powermock problem (and closing it)?&lt;/p&gt;</comment>
                            <comment id="17079657" author="rmetzger" created="Thu, 9 Apr 2020 18:32:25 +0000"  >&lt;p&gt;Yep, closing it.&lt;/p&gt;</comment>
                    </comments>
                    <attachments>
                    </attachments>
                <subtasks>
                    </subtasks>
                <customfields>
                                                                            <customfield id="customfield_12310310" key="com.atlassian.jira.toolkit:attachments">
                        <customfieldname>Attachment count</customfieldname>
                        <customfieldvalues>
                            <customfieldvalue>0.0</customfieldvalue>
                        </customfieldvalues>
                    </customfield>
                                                                                                                                                                                                                                                                                                                                                                                                                                                                                                                                                                                                                                                                                                        <customfield id="customfield_12314020" key="com.atlassian.jira.plugins.jira-development-integration-plugin:devsummary">
                        <customfieldname>Development</customfieldname>
                        <customfieldvalues>
                            
                        </customfieldvalues>
                    </customfield>
                                                                                                                        <customfield id="customfield_12313422" key="com.atlassian.jirafisheyeplugin:jobcheckbox">
                        <customfieldname>Enable Automatic Patch Review</customfieldname>
                        <customfieldvalues>
                            <customfieldvalue><![CDATA[false]]></customfieldvalue>

                        </customfieldvalues>
                    </customfield>
                                                                                                                                                                                                                                                                                                                                                                                                                                                                                                                                                                                                                                                <customfield id="customfield_12310420" key="com.pyxis.greenhopper.jira:gh-global-rank">
                        <customfieldname>Global Rank</customfieldname>
                        <customfieldvalues>
                            <customfieldvalue>9223372036854775807</customfieldvalue>
                        </customfieldvalues>
                    </customfield>
                                                                                                                                                                                                                                        <customfield id="customfield_12312521" key="com.atlassian.jira.toolkit:LastCommentDate">
                        <customfieldname>Last public comment date</customfieldname>
                        <customfieldvalues>
                            5 years, 31 weeks, 5 days ago
                        </customfieldvalues>
                    </customfield>
                                                                                                                                                                                                                                                                                                <customfield id="customfield_12311820" key="com.pyxis.greenhopper.jira:gh-lexo-rank">
                        <customfieldname>Rank</customfieldname>
                        <customfieldvalues>
                            <customfieldvalue>0|z0d9xc:</customfieldvalue>

                        </customfieldvalues>
                    </customfield>
                                                                <customfield id="customfield_12310920" key="com.pyxis.greenhopper.jira:gh-global-rank">
                        <customfieldname>Rank (Obsolete)</customfieldname>
                        <customfieldvalues>
                            <customfieldvalue>9223372036854775807</customfieldvalue>
                        </customfieldvalues>
                    </customfield>
                                                                                                                                                                                                                                                                                                                                                                                                                                                                                                                                                                                                                                                                                                                                                                                                                        </customfields>
    </item>
</channel>
</rss>