<!-- 
RSS generated by JIRA (8.20.10#820010-sha1:ace47f9899e9ee25d7157d59aa17ab06aee30d3d) at Tue Nov 11 21:08:21 UTC 2025

It is possible to restrict the fields that are returned in this document by specifying the 'field' parameter in your request.
For example, to request only the issue key and summary append 'field=key&field=summary' to the URL of your request.
-->
<rss version="0.92" >
<channel>
    <title>ASF JIRA</title>
    <link>https://issues.apache.org/jira</link>
    <description>This file is an XML representation of an issue</description>
    <language>en-uk</language>    <build-info>
        <version>8.20.10</version>
        <build-number>820010</build-number>
        <build-date>22-06-2022</build-date>
    </build-info>


<item>
            <title>[FLINK-25280] KafkaPartitionSplitReaderTest failed on azure due to Offsets out of range with no configured reset policy for partitions</title>
                <link>https://issues.apache.org/jira/browse/FLINK-25280</link>
                <project id="12315522" key="FLINK">Flink</project>
                    <description>&lt;div class=&quot;code panel&quot; style=&quot;border-width: 1px;&quot;&gt;&lt;div class=&quot;codeContent panelContent&quot;&gt;
&lt;pre class=&quot;code-java&quot;&gt;
2021-12-13T03:30:12.8392593Z Dec 13 03:30:12 [ERROR] Tests run: 6, Failures: 0, Errors: 3, Skipped: 0, Time elapsed: 85.344 s &amp;lt;&amp;lt;&amp;lt; FAILURE! - in org.apache.flink.connector.kafka.source.reader.KafkaPartitionSplitReaderTest
2021-12-13T03:30:12.8394604Z Dec 13 03:30:12 [ERROR] testNumBytesInCounter  Time elapsed: 0.24 s  &amp;lt;&amp;lt;&amp;lt; ERROR!
2021-12-13T03:30:12.8396218Z Dec 13 03:30:12 org.apache.kafka.clients.consumer.OffsetOutOfRangeException: Offsets out of range with no configured reset policy &lt;span class=&quot;code-keyword&quot;&gt;for&lt;/span&gt; partitions: {topic1-0=0}
2021-12-13T03:30:12.8397052Z Dec 13 03:30:12 	at org.apache.kafka.clients.consumer.internals.Fetcher.initializeCompletedFetch(Fetcher.java:1260)
2021-12-13T03:30:12.8397697Z Dec 13 03:30:12 	at org.apache.kafka.clients.consumer.internals.Fetcher.fetchedRecords(Fetcher.java:607)
2021-12-13T03:30:12.8398394Z Dec 13 03:30:12 	at org.apache.kafka.clients.consumer.KafkaConsumer.pollForFetches(KafkaConsumer.java:1313)
2021-12-13T03:30:12.8399306Z Dec 13 03:30:12 	at org.apache.kafka.clients.consumer.KafkaConsumer.poll(KafkaConsumer.java:1240)
2021-12-13T03:30:12.8399924Z Dec 13 03:30:12 	at org.apache.kafka.clients.consumer.KafkaConsumer.poll(KafkaConsumer.java:1211)
2021-12-13T03:30:12.8400610Z Dec 13 03:30:12 	at org.apache.flink.connector.kafka.source.reader.KafkaPartitionSplitReader.fetch(KafkaPartitionSplitReader.java:113)
2021-12-13T03:30:12.8401385Z Dec 13 03:30:12 	at org.apache.flink.connector.kafka.source.reader.KafkaPartitionSplitReaderTest.testNumBytesInCounter(KafkaPartitionSplitReaderTest.java:153)
2021-12-13T03:30:12.8402174Z Dec 13 03:30:12 	at sun.reflect.NativeMethodAccessorImpl.invoke0(Native Method)
2021-12-13T03:30:12.8402911Z Dec 13 03:30:12 	at sun.reflect.NativeMethodAccessorImpl.invoke(NativeMethodAccessorImpl.java:62)
2021-12-13T03:30:12.8403818Z Dec 13 03:30:12 	at sun.reflect.DelegatingMethodAccessorImpl.invoke(DelegatingMethodAccessorImpl.java:43)
2021-12-13T03:30:12.8404452Z Dec 13 03:30:12 	at java.lang.reflect.Method.invoke(Method.java:498)
2021-12-13T03:30:12.8405028Z Dec 13 03:30:12 	at org.junit.platform.commons.util.ReflectionUtils.invokeMethod(ReflectionUtils.java:688)
2021-12-13T03:30:12.8405740Z Dec 13 03:30:12 	at org.junit.jupiter.engine.execution.MethodInvocation.proceed(MethodInvocation.java:60)
2021-12-13T03:30:12.8406749Z Dec 13 03:30:12 	at org.junit.jupiter.engine.execution.InvocationInterceptorChain$ValidatingInvocation.proceed(InvocationInterceptorChain.java:131)
2021-12-13T03:30:12.8407886Z Dec 13 03:30:12 	at org.junit.jupiter.engine.extension.TimeoutExtension.intercept(TimeoutExtension.java:149)
2021-12-13T03:30:12.8408845Z Dec 13 03:30:12 	at org.junit.jupiter.engine.extension.TimeoutExtension.interceptTestableMethod(TimeoutExtension.java:140)
2021-12-13T03:30:12.8409507Z Dec 13 03:30:12 	at org.junit.jupiter.engine.extension.TimeoutExtension.interceptTestMethod(TimeoutExtension.java:84)
2021-12-13T03:30:12.8410219Z Dec 13 03:30:12 	at org.junit.jupiter.engine.execution.ExecutableInvoker$ReflectiveInterceptorCall.lambda$ofVoidMethod$0(ExecutableInvoker.java:115)
2021-12-13T03:30:12.8411081Z Dec 13 03:30:12 	at org.junit.jupiter.engine.execution.ExecutableInvoker.lambda$invoke$0(ExecutableInvoker.java:105)
2021-12-13T03:30:12.8411785Z Dec 13 03:30:12 	at org.junit.jupiter.engine.execution.InvocationInterceptorChain$InterceptedInvocation.proceed(InvocationInterceptorChain.java:106)
2021-12-13T03:30:12.8412740Z Dec 13 03:30:12 	at org.junit.jupiter.engine.execution.InvocationInterceptorChain.proceed(InvocationInterceptorChain.java:64)
2021-12-13T03:30:12.8413553Z Dec 13 03:30:12 	at org.junit.jupiter.engine.execution.InvocationInterceptorChain.chainAndInvoke(InvocationInterceptorChain.java:45)
2021-12-13T03:30:12.8414293Z Dec 13 03:30:12 	at org.junit.jupiter.engine.execution.InvocationInterceptorChain.invoke(InvocationInterceptorChain.java:37)
2021-12-13T03:30:12.8415078Z Dec 13 03:30:12 	at org.junit.jupiter.engine.execution.ExecutableInvoker.invoke(ExecutableInvoker.java:104)
2021-12-13T03:30:12.8415977Z Dec 13 03:30:12 	at org.junit.jupiter.engine.execution.ExecutableInvoker.invoke(ExecutableInvoker.java:98)
2021-12-13T03:30:12.8417383Z Dec 13 03:30:12 	at org.junit.jupiter.engine.descriptor.TestMethodTestDescriptor.lambda$invokeTestMethod$6(TestMethodTestDescriptor.java:210)
2021-12-13T03:30:12.8418339Z Dec 13 03:30:12 	at org.junit.platform.engine.support.hierarchical.ThrowableCollector.execute(ThrowableCollector.java:73)
2021-12-13T03:30:12.8419209Z Dec 13 03:30:12 	at org.junit.jupiter.engine.descriptor.TestMethodTestDescriptor.invokeTestMethod(TestMethodTestDescriptor.java:206)
2021-12-13T03:30:12.8419942Z Dec 13 03:30:12 	at org.junit.jupiter.engine.descriptor.TestMethodTestDescriptor.execute(TestMethodTestDescriptor.java:131)
2021-12-13T03:30:12.8420716Z Dec 13 03:30:12 	at org.junit.jupiter.engine.descriptor.TestMethodTestDescriptor.execute(TestMethodTestDescriptor.java:65)
2021-12-13T03:30:12.8421423Z Dec 13 03:30:12 	at org.junit.platform.engine.support.hierarchical.NodeTestTask.lambda$executeRecursively$5(NodeTestTask.java:139)
2021-12-13T03:30:12.8422192Z Dec 13 03:30:12 	at org.junit.platform.engine.support.hierarchical.ThrowableCollector.execute(ThrowableCollector.java:73)
2021-12-13T03:30:12.8423061Z Dec 13 03:30:12 	at org.junit.platform.engine.support.hierarchical.NodeTestTask.lambda$executeRecursively$7(NodeTestTask.java:129)
2021-12-13T03:30:12.8423740Z Dec 13 03:30:12 	at org.junit.platform.engine.support.hierarchical.Node.around(Node.java:137)
2021-12-13T03:30:12.8424514Z Dec 13 03:30:12 	at org.junit.platform.engine.support.hierarchical.NodeTestTask.lambda$executeRecursively$8(NodeTestTask.java:127)
2021-12-13T03:30:12.8425224Z Dec 13 03:30:12 	at org.junit.platform.engine.support.hierarchical.ThrowableCollector.execute(ThrowableCollector.java:73)
2021-12-13T03:30:12.8425912Z Dec 13 03:30:12 	at org.junit.platform.engine.support.hierarchical.NodeTestTask.executeRecursively(NodeTestTask.java:126)
2021-12-13T03:30:12.8426672Z Dec 13 03:30:12 	at org.junit.platform.engine.support.hierarchical.NodeTestTask.execute(NodeTestTask.java:84)
2021-12-13T03:30:12.8427251Z Dec 13 03:30:12 	at java.util.ArrayList.forEach(ArrayList.java:1259)
2021-12-13T03:30:12.8427947Z Dec 13 03:30:12 	at org.junit.platform.engine.support.hierarchical.SameThreadHierarchicalTestExecutorService.invokeAll(SameThreadHierarchicalTestExecutorService.java:38)
2021-12-13T03:30:12.8428848Z Dec 13 03:30:12 	at org.junit.platform.engine.support.hierarchical.NodeTestTask.lambda$executeRecursively$5(NodeTestTask.java:143)
2021-12-13T03:30:12.8429554Z Dec 13 03:30:12 	at org.junit.platform.engine.support.hierarchical.ThrowableCollector.execute(ThrowableCollector.java:73)
2021-12-13T03:30:12.8430394Z Dec 13 03:30:12 	at org.junit.platform.engine.support.hierarchical.NodeTestTask.lambda$executeRecursively$7(NodeTestTask.java:129)
2021-12-13T03:30:12.8431046Z Dec 13 03:30:12 	at org.junit.platform.engine.support.hierarchical.Node.around(Node.java:137)
2021-12-13T03:30:12.8431704Z Dec 13 03:30:12 	at org.junit.platform.engine.support.hierarchical.NodeTestTask.lambda$executeRecursively$8(NodeTestTask.java:127)
2021-12-13T03:30:12.8432455Z Dec 13 03:30:12 	at org.junit.platform.engine.support.hierarchical.ThrowableCollector.execute(ThrowableCollector.java:73)
2021-12-13T03:30:12.8433310Z Dec 13 03:30:12 	at org.junit.platform.engine.support.hierarchical.NodeTestTask.executeRecursively(NodeTestTask.java:126)
2021-12-13T03:30:12.8433983Z Dec 13 03:30:12 	at org.junit.platform.engine.support.hierarchical.NodeTestTask.execute(NodeTestTask.java:84)
2021-12-13T03:30:12.8434685Z Dec 13 03:30:12 	at java.util.ArrayList.forEach(ArrayList.java:1259)
2021-12-13T03:30:12.8435379Z Dec 13 03:30:12 	at org.junit.platform.engine.support.hierarchical.SameThreadHierarchicalTestExecutorService.invokeAll(SameThreadHierarchicalTestExecutorService.java:38)
2021-12-13T03:30:12.8436164Z Dec 13 03:30:12 	at org.junit.platform.engine.support.hierarchical.NodeTestTask.lambda$executeRecursively$5(NodeTestTask.java:143)
2021-12-13T03:30:12.8436853Z Dec 13 03:30:12 	at org.junit.platform.engine.support.hierarchical.ThrowableCollector.execute(ThrowableCollector.java:73)
2021-12-13T03:30:12.8437658Z Dec 13 03:30:12 	at org.junit.platform.engine.support.hierarchical.NodeTestTask.lambda$executeRecursively$7(NodeTestTask.java:129)
2021-12-13T03:30:12.8438321Z Dec 13 03:30:12 	at org.junit.platform.engine.support.hierarchical.Node.around(Node.java:137)
2021-12-13T03:30:12.8439127Z Dec 13 03:30:12 	at org.junit.platform.engine.support.hierarchical.NodeTestTask.lambda$executeRecursively$8(NodeTestTask.java:127)
2021-12-13T03:30:12.8439833Z Dec 13 03:30:12 	at org.junit.platform.engine.support.hierarchical.ThrowableCollector.execute(ThrowableCollector.java:73)
2021-12-13T03:30:12.8440559Z Dec 13 03:30:12 	at org.junit.platform.engine.support.hierarchical.NodeTestTask.executeRecursively(NodeTestTask.java:126)
2021-12-13T03:30:12.8441222Z Dec 13 03:30:12 	at org.junit.platform.engine.support.hierarchical.NodeTestTask.execute(NodeTestTask.java:84)
2021-12-13T03:30:12.8442108Z Dec 13 03:30:12 	at org.junit.platform.engine.support.hierarchical.SameThreadHierarchicalTestExecutorService.submit(SameThreadHierarchicalTestExecutorService.java:32)
2021-12-13T03:30:12.8443108Z Dec 13 03:30:12 	at org.junit.platform.engine.support.hierarchical.HierarchicalTestExecutor.execute(HierarchicalTestExecutor.java:57)
2021-12-13T03:30:12.8443845Z Dec 13 03:30:12 	at org.junit.platform.engine.support.hierarchical.HierarchicalTestEngine.execute(HierarchicalTestEngine.java:51)
2021-12-13T03:30:12.8444481Z Dec 13 03:30:12 	at org.junit.platform.launcher.core.DefaultLauncher.execute(DefaultLauncher.java:220)
2021-12-13T03:30:12.8445164Z Dec 13 03:30:12 	at org.junit.platform.launcher.core.DefaultLauncher.lambda$execute$6(DefaultLauncher.java:188)
2021-12-13T03:30:12.8445835Z Dec 13 03:30:12 	at org.junit.platform.launcher.core.DefaultLauncher.withInterceptedStreams(DefaultLauncher.java:202)
2021-12-13T03:30:12.8446527Z Dec 13 03:30:12 	at org.junit.platform.launcher.core.DefaultLauncher.execute(DefaultLauncher.java:181)
2021-12-13T03:30:12.8447150Z Dec 13 03:30:12 	at org.junit.platform.launcher.core.DefaultLauncher.execute(DefaultLauncher.java:128)
2021-12-13T03:30:12.8447920Z Dec 13 03:30:12 	at org.apache.maven.surefire.junitplatform.JUnitPlatformProvider.invokeAllTests(JUnitPlatformProvider.java:150)
2021-12-13T03:30:12.8448754Z Dec 13 03:30:12 	at org.apache.maven.surefire.junitplatform.JUnitPlatformProvider.invoke(JUnitPlatformProvider.java:124)
2021-12-13T03:30:12.8449532Z Dec 13 03:30:12 	at org.apache.maven.surefire.booter.ForkedBooter.invokeProviderInSameClassLoader(ForkedBooter.java:384)
2021-12-13T03:30:12.8450305Z Dec 13 03:30:12 	at org.apache.maven.surefire.booter.ForkedBooter.runSuitesInProcess(ForkedBooter.java:345)
2021-12-13T03:30:12.8450976Z Dec 13 03:30:12 	at org.apache.maven.surefire.booter.ForkedBooter.execute(ForkedBooter.java:126)
2021-12-13T03:30:12.8451567Z Dec 13 03:30:12 	at org.apache.maven.surefire.booter.ForkedBooter.main(ForkedBooter.java:418)
2021-12-13T03:30:12.8451989Z Dec 13 03:30:12 
2021-12-13T03:30:12.8452504Z Dec 13 03:30:12 [ERROR] testHandleSplitChangesAndFetch  Time elapsed: 0.037 s  &amp;lt;&amp;lt;&amp;lt; ERROR!
2021-12-13T03:30:12.8454253Z Dec 13 03:30:12 org.apache.kafka.clients.consumer.OffsetOutOfRangeException: Offsets out of range with no configured reset policy &lt;span class=&quot;code-keyword&quot;&gt;for&lt;/span&gt; partitions: {topic1-2=2}
2021-12-13T03:30:12.8455008Z Dec 13 03:30:12 	at org.apache.kafka.clients.consumer.internals.Fetcher.initializeCompletedFetch(Fetcher.java:1260)
2021-12-13T03:30:12.8455818Z Dec 13 03:30:12 	at org.apache.kafka.clients.consumer.internals.Fetcher.fetchedRecords(Fetcher.java:607)
2021-12-13T03:30:12.8456428Z Dec 13 03:30:12 	at org.apache.kafka.clients.consumer.KafkaConsumer.pollForFetches(KafkaConsumer.java:1282)
2021-12-13T03:30:12.8457043Z Dec 13 03:30:12 	at org.apache.kafka.clients.consumer.KafkaConsumer.poll(KafkaConsumer.java:1240)
2021-12-13T03:30:12.8457626Z Dec 13 03:30:12 	at org.apache.kafka.clients.consumer.KafkaConsumer.poll(KafkaConsumer.java:1211)
2021-12-13T03:30:12.8458300Z Dec 13 03:30:12 	at org.apache.flink.connector.kafka.source.reader.KafkaPartitionSplitReader.fetch(KafkaPartitionSplitReader.java:113)
2021-12-13T03:30:12.8459238Z Dec 13 03:30:12 	at org.apache.flink.connector.kafka.source.reader.KafkaPartitionSplitReaderTest.assignSplitsAndFetchUntilFinish(KafkaPartitionSplitReaderTest.java:261)
2021-12-13T03:30:12.8460115Z Dec 13 03:30:12 	at org.apache.flink.connector.kafka.source.reader.KafkaPartitionSplitReaderTest.testHandleSplitChangesAndFetch(KafkaPartitionSplitReaderTest.java:105)
2021-12-13T03:30:12.8460760Z Dec 13 03:30:12 	at sun.reflect.NativeMethodAccessorImpl.invoke0(Native Method)
2021-12-13T03:30:12.8461310Z Dec 13 03:30:12 	at sun.reflect.NativeMethodAccessorImpl.invoke(NativeMethodAccessorImpl.java:62)
2021-12-13T03:30:12.8461937Z Dec 13 03:30:12 	at sun.reflect.DelegatingMethodAccessorImpl.invoke(DelegatingMethodAccessorImpl.java:43)
2021-12-13T03:30:12.8462742Z Dec 13 03:30:12 	at java.lang.reflect.Method.invoke(Method.java:498)
2021-12-13T03:30:12.8463452Z Dec 13 03:30:12 	at org.junit.platform.commons.util.ReflectionUtils.invokeMethod(ReflectionUtils.java:688)
2021-12-13T03:30:12.8464077Z Dec 13 03:30:12 	at org.junit.jupiter.engine.execution.MethodInvocation.proceed(MethodInvocation.java:60)
2021-12-13T03:30:12.8464794Z Dec 13 03:30:12 	at org.junit.jupiter.engine.execution.InvocationInterceptorChain$ValidatingInvocation.proceed(InvocationInterceptorChain.java:131)
2021-12-13T03:30:12.8465636Z Dec 13 03:30:12 	at org.junit.jupiter.engine.extension.TimeoutExtension.intercept(TimeoutExtension.java:149)
2021-12-13T03:30:12.8466298Z Dec 13 03:30:12 	at org.junit.jupiter.engine.extension.TimeoutExtension.interceptTestableMethod(TimeoutExtension.java:140)
2021-12-13T03:30:12.8466990Z Dec 13 03:30:12 	at org.junit.jupiter.engine.extension.TimeoutExtension.interceptTestMethod(TimeoutExtension.java:84)
2021-12-13T03:30:12.8467722Z Dec 13 03:30:12 	at org.junit.jupiter.engine.execution.ExecutableInvoker$ReflectiveInterceptorCall.lambda$ofVoidMethod$0(ExecutableInvoker.java:115)
2021-12-13T03:30:12.8468454Z Dec 13 03:30:12 	at org.junit.jupiter.engine.execution.ExecutableInvoker.lambda$invoke$0(ExecutableInvoker.java:105)
2021-12-13T03:30:12.8469192Z Dec 13 03:30:12 	at org.junit.jupiter.engine.execution.InvocationInterceptorChain$InterceptedInvocation.proceed(InvocationInterceptorChain.java:106)
2021-12-13T03:30:12.8469941Z Dec 13 03:30:12 	at org.junit.jupiter.engine.execution.InvocationInterceptorChain.proceed(InvocationInterceptorChain.java:64)
2021-12-13T03:30:12.8470649Z Dec 13 03:30:12 	at org.junit.jupiter.engine.execution.InvocationInterceptorChain.chainAndInvoke(InvocationInterceptorChain.java:45)
2021-12-13T03:30:12.8471493Z Dec 13 03:30:12 	at org.junit.jupiter.engine.execution.InvocationInterceptorChain.invoke(InvocationInterceptorChain.java:37)
2021-12-13T03:30:12.8472238Z Dec 13 03:30:12 	at org.junit.jupiter.engine.execution.ExecutableInvoker.invoke(ExecutableInvoker.java:104)
2021-12-13T03:30:12.8473107Z Dec 13 03:30:12 	at org.junit.jupiter.engine.execution.ExecutableInvoker.invoke(ExecutableInvoker.java:98)
2021-12-13T03:30:12.8473827Z Dec 13 03:30:12 	at org.junit.jupiter.engine.descriptor.TestMethodTestDescriptor.lambda$invokeTestMethod$6(TestMethodTestDescriptor.java:210)
2021-12-13T03:30:12.8474551Z Dec 13 03:30:12 	at org.junit.platform.engine.support.hierarchical.ThrowableCollector.execute(ThrowableCollector.java:73)
2021-12-13T03:30:12.8475262Z Dec 13 03:30:12 	at org.junit.jupiter.engine.descriptor.TestMethodTestDescriptor.invokeTestMethod(TestMethodTestDescriptor.java:206)
2021-12-13T03:30:12.8476109Z Dec 13 03:30:12 	at org.junit.jupiter.engine.descriptor.TestMethodTestDescriptor.execute(TestMethodTestDescriptor.java:131)
2021-12-13T03:30:12.8477234Z Dec 13 03:30:12 	at org.junit.jupiter.engine.descriptor.TestMethodTestDescriptor.execute(TestMethodTestDescriptor.java:65)
2021-12-13T03:30:12.8478320Z Dec 13 03:30:12 	at org.junit.platform.engine.support.hierarchical.NodeTestTask.lambda$executeRecursively$5(NodeTestTask.java:139)
2021-12-13T03:30:12.8479437Z Dec 13 03:30:12 	at org.junit.platform.engine.support.hierarchical.ThrowableCollector.execute(ThrowableCollector.java:73)
2021-12-13T03:30:12.8480706Z Dec 13 03:30:12 	at org.junit.platform.engine.support.hierarchical.NodeTestTask.lambda$executeRecursively$7(NodeTestTask.java:129)
2021-12-13T03:30:12.8481725Z Dec 13 03:30:12 	at org.junit.platform.engine.support.hierarchical.Node.around(Node.java:137)
2021-12-13T03:30:12.8482890Z Dec 13 03:30:12 	at org.junit.platform.engine.support.hierarchical.NodeTestTask.lambda$executeRecursively$8(NodeTestTask.java:127)
2021-12-13T03:30:12.8483628Z Dec 13 03:30:12 	at org.junit.platform.engine.support.hierarchical.ThrowableCollector.execute(ThrowableCollector.java:73)
2021-12-13T03:30:12.8484318Z Dec 13 03:30:12 	at org.junit.platform.engine.support.hierarchical.NodeTestTask.executeRecursively(NodeTestTask.java:126)
2021-12-13T03:30:12.8484989Z Dec 13 03:30:12 	at org.junit.platform.engine.support.hierarchical.NodeTestTask.execute(NodeTestTask.java:84)
2021-12-13T03:30:12.8485557Z Dec 13 03:30:12 	at java.util.ArrayList.forEach(ArrayList.java:1259)
2021-12-13T03:30:12.8486228Z Dec 13 03:30:12 	at org.junit.platform.engine.support.hierarchical.SameThreadHierarchicalTestExecutorService.invokeAll(SameThreadHierarchicalTestExecutorService.java:38)
2021-12-13T03:30:12.8487030Z Dec 13 03:30:12 	at org.junit.platform.engine.support.hierarchical.NodeTestTask.lambda$executeRecursively$5(NodeTestTask.java:143)
2021-12-13T03:30:12.8487731Z Dec 13 03:30:12 	at org.junit.platform.engine.support.hierarchical.ThrowableCollector.execute(ThrowableCollector.java:73)
2021-12-13T03:30:12.8488431Z Dec 13 03:30:12 	at org.junit.platform.engine.support.hierarchical.NodeTestTask.lambda$executeRecursively$7(NodeTestTask.java:129)
2021-12-13T03:30:12.8489079Z Dec 13 03:30:12 	at org.junit.platform.engine.support.hierarchical.Node.around(Node.java:137)
2021-12-13T03:30:12.8489731Z Dec 13 03:30:12 	at org.junit.platform.engine.support.hierarchical.NodeTestTask.lambda$executeRecursively$8(NodeTestTask.java:127)
2021-12-13T03:30:12.8490576Z Dec 13 03:30:12 	at org.junit.platform.engine.support.hierarchical.ThrowableCollector.execute(ThrowableCollector.java:73)
2021-12-13T03:30:12.8491262Z Dec 13 03:30:12 	at org.junit.platform.engine.support.hierarchical.NodeTestTask.executeRecursively(NodeTestTask.java:126)
2021-12-13T03:30:12.8491917Z Dec 13 03:30:12 	at org.junit.platform.engine.support.hierarchical.NodeTestTask.execute(NodeTestTask.java:84)
2021-12-13T03:30:12.8492550Z Dec 13 03:30:12 	at java.util.ArrayList.forEach(ArrayList.java:1259)
2021-12-13T03:30:12.8493404Z Dec 13 03:30:12 	at org.junit.platform.engine.support.hierarchical.SameThreadHierarchicalTestExecutorService.invokeAll(SameThreadHierarchicalTestExecutorService.java:38)
2021-12-13T03:30:12.8494341Z Dec 13 03:30:12 	at org.junit.platform.engine.support.hierarchical.NodeTestTask.lambda$executeRecursively$5(NodeTestTask.java:143)
2021-12-13T03:30:12.8495043Z Dec 13 03:30:12 	at org.junit.platform.engine.support.hierarchical.ThrowableCollector.execute(ThrowableCollector.java:73)
2021-12-13T03:30:12.8495729Z Dec 13 03:30:12 	at org.junit.platform.engine.support.hierarchical.NodeTestTask.lambda$executeRecursively$7(NodeTestTask.java:129)
2021-12-13T03:30:12.8496390Z Dec 13 03:30:12 	at org.junit.platform.engine.support.hierarchical.Node.around(Node.java:137)
2021-12-13T03:30:12.8497036Z Dec 13 03:30:12 	at org.junit.platform.engine.support.hierarchical.NodeTestTask.lambda$executeRecursively$8(NodeTestTask.java:127)
2021-12-13T03:30:12.8497730Z Dec 13 03:30:12 	at org.junit.platform.engine.support.hierarchical.ThrowableCollector.execute(ThrowableCollector.java:73)
2021-12-13T03:30:12.8498411Z Dec 13 03:30:12 	at org.junit.platform.engine.support.hierarchical.NodeTestTask.executeRecursively(NodeTestTask.java:126)
2021-12-13T03:30:12.8499075Z Dec 13 03:30:12 	at org.junit.platform.engine.support.hierarchical.NodeTestTask.execute(NodeTestTask.java:84)
2021-12-13T03:30:12.8499820Z Dec 13 03:30:12 	at org.junit.platform.engine.support.hierarchical.SameThreadHierarchicalTestExecutorService.submit(SameThreadHierarchicalTestExecutorService.java:32)
2021-12-13T03:30:12.8500699Z Dec 13 03:30:12 	at org.junit.platform.engine.support.hierarchical.HierarchicalTestExecutor.execute(HierarchicalTestExecutor.java:57)
2021-12-13T03:30:12.8501427Z Dec 13 03:30:12 	at org.junit.platform.engine.support.hierarchical.HierarchicalTestEngine.execute(HierarchicalTestEngine.java:51)
2021-12-13T03:30:12.8502155Z Dec 13 03:30:12 	at org.junit.platform.launcher.core.DefaultLauncher.execute(DefaultLauncher.java:220)
2021-12-13T03:30:12.8502853Z Dec 13 03:30:12 	at org.junit.platform.launcher.core.DefaultLauncher.lambda$execute$6(DefaultLauncher.java:188)
2021-12-13T03:30:12.8503533Z Dec 13 03:30:12 	at org.junit.platform.launcher.core.DefaultLauncher.withInterceptedStreams(DefaultLauncher.java:202)
2021-12-13T03:30:12.8504175Z Dec 13 03:30:12 	at org.junit.platform.launcher.core.DefaultLauncher.execute(DefaultLauncher.java:181)
2021-12-13T03:30:12.8504790Z Dec 13 03:30:12 	at org.junit.platform.launcher.core.DefaultLauncher.execute(DefaultLauncher.java:128)
2021-12-13T03:30:12.8505463Z Dec 13 03:30:12 	at org.apache.maven.surefire.junitplatform.JUnitPlatformProvider.invokeAllTests(JUnitPlatformProvider.java:150)
2021-12-13T03:30:12.8506155Z Dec 13 03:30:12 	at org.apache.maven.surefire.junitplatform.JUnitPlatformProvider.invoke(JUnitPlatformProvider.java:124)
2021-12-13T03:30:12.8506837Z Dec 13 03:30:12 	at org.apache.maven.surefire.booter.ForkedBooter.invokeProviderInSameClassLoader(ForkedBooter.java:384)
2021-12-13T03:30:12.8507495Z Dec 13 03:30:12 	at org.apache.maven.surefire.booter.ForkedBooter.runSuitesInProcess(ForkedBooter.java:345)
2021-12-13T03:30:12.8508098Z Dec 13 03:30:12 	at org.apache.maven.surefire.booter.ForkedBooter.execute(ForkedBooter.java:126)
2021-12-13T03:30:12.8508684Z Dec 13 03:30:12 	at org.apache.maven.surefire.booter.ForkedBooter.main(ForkedBooter.java:418)
2021-12-13T03:30:12.8509121Z Dec 13 03:30:12 
2021-12-13T03:30:12.8509555Z Dec 13 03:30:12 [ERROR] testPendingRecordsGauge{&lt;span class=&quot;code-object&quot;&gt;String&lt;/span&gt;}[1]  Time elapsed: 0.037 s  &amp;lt;&amp;lt;&amp;lt; ERROR!
2021-12-13T03:30:12.8510837Z Dec 13 03:30:12 org.apache.kafka.clients.consumer.OffsetOutOfRangeException: Offsets out of range with no configured reset policy &lt;span class=&quot;code-keyword&quot;&gt;for&lt;/span&gt; partitions: {topic1-0=0}
2021-12-13T03:30:12.8511603Z Dec 13 03:30:12 	at org.apache.kafka.clients.consumer.internals.Fetcher.initializeCompletedFetch(Fetcher.java:1260)
2021-12-13T03:30:12.8512314Z Dec 13 03:30:12 	at org.apache.kafka.clients.consumer.internals.Fetcher.fetchedRecords(Fetcher.java:607)
2021-12-13T03:30:12.8513023Z Dec 13 03:30:12 	at org.apache.kafka.clients.consumer.KafkaConsumer.pollForFetches(KafkaConsumer.java:1313)
2021-12-13T03:30:12.8513726Z Dec 13 03:30:12 	at org.apache.kafka.clients.consumer.KafkaConsumer.poll(KafkaConsumer.java:1240)
2021-12-13T03:30:12.8514320Z Dec 13 03:30:12 	at org.apache.kafka.clients.consumer.KafkaConsumer.poll(KafkaConsumer.java:1211)
2021-12-13T03:30:12.8514990Z Dec 13 03:30:12 	at org.apache.flink.connector.kafka.source.reader.KafkaPartitionSplitReader.fetch(KafkaPartitionSplitReader.java:113)
2021-12-13T03:30:12.8515785Z Dec 13 03:30:12 	at org.apache.flink.connector.kafka.source.reader.KafkaPartitionSplitReaderTest.testPendingRecordsGauge(KafkaPartitionSplitReaderTest.java:195)
2021-12-13T03:30:12.8516439Z Dec 13 03:30:12 	at sun.reflect.NativeMethodAccessorImpl.invoke0(Native Method)
2021-12-13T03:30:12.8516982Z Dec 13 03:30:12 	at sun.reflect.NativeMethodAccessorImpl.invoke(NativeMethodAccessorImpl.java:62)
2021-12-13T03:30:12.8517599Z Dec 13 03:30:12 	at sun.reflect.DelegatingMethodAccessorImpl.invoke(DelegatingMethodAccessorImpl.java:43)
2021-12-13T03:30:12.8518168Z Dec 13 03:30:12 	at java.lang.reflect.Method.invoke(Method.java:498)
2021-12-13T03:30:12.8518689Z Dec 13 03:30:12 	at org.junit.platform.commons.util.ReflectionUtils.invokeMethod(ReflectionUtils.java:688)
2021-12-13T03:30:12.8519286Z Dec 13 03:30:12 	at org.junit.jupiter.engine.execution.MethodInvocation.proceed(MethodInvocation.java:60)
2021-12-13T03:30:12.8519965Z Dec 13 03:30:12 	at org.junit.jupiter.engine.execution.InvocationInterceptorChain$ValidatingInvocation.proceed(InvocationInterceptorChain.java:131)
2021-12-13T03:30:12.8520724Z Dec 13 03:30:12 	at org.junit.jupiter.engine.extension.TimeoutExtension.intercept(TimeoutExtension.java:149)
2021-12-13T03:30:12.8521346Z Dec 13 03:30:12 	at org.junit.jupiter.engine.extension.TimeoutExtension.interceptTestableMethod(TimeoutExtension.java:140)
2021-12-13T03:30:12.8522067Z Dec 13 03:30:12 	at org.junit.jupiter.engine.extension.TimeoutExtension.interceptTestTemplateMethod(TimeoutExtension.java:92)
2021-12-13T03:30:12.8522856Z Dec 13 03:30:12 	at org.junit.jupiter.engine.execution.ExecutableInvoker$ReflectiveInterceptorCall.lambda$ofVoidMethod$0(ExecutableInvoker.java:115)
2021-12-13T03:30:12.8523569Z Dec 13 03:30:12 	at org.junit.jupiter.engine.execution.ExecutableInvoker.lambda$invoke$0(ExecutableInvoker.java:105)
2021-12-13T03:30:12.8524281Z Dec 13 03:30:12 	at org.junit.jupiter.engine.execution.InvocationInterceptorChain$InterceptedInvocation.proceed(InvocationInterceptorChain.java:106)
2021-12-13T03:30:12.8525034Z Dec 13 03:30:12 	at org.junit.jupiter.engine.execution.InvocationInterceptorChain.proceed(InvocationInterceptorChain.java:64)
2021-12-13T03:30:12.8525759Z Dec 13 03:30:12 	at org.junit.jupiter.engine.execution.InvocationInterceptorChain.chainAndInvoke(InvocationInterceptorChain.java:45)
2021-12-13T03:30:12.8526477Z Dec 13 03:30:12 	at org.junit.jupiter.engine.execution.InvocationInterceptorChain.invoke(InvocationInterceptorChain.java:37)
2021-12-13T03:30:12.8527146Z Dec 13 03:30:12 	at org.junit.jupiter.engine.execution.ExecutableInvoker.invoke(ExecutableInvoker.java:104)
2021-12-13T03:30:12.8527788Z Dec 13 03:30:12 	at org.junit.jupiter.engine.execution.ExecutableInvoker.invoke(ExecutableInvoker.java:98)
2021-12-13T03:30:12.8528479Z Dec 13 03:30:12 	at org.junit.jupiter.engine.descriptor.TestMethodTestDescriptor.lambda$invokeTestMethod$6(TestMethodTestDescriptor.java:210)
2021-12-13T03:30:12.8529197Z Dec 13 03:30:12 	at org.junit.platform.engine.support.hierarchical.ThrowableCollector.execute(ThrowableCollector.java:73)
2021-12-13T03:30:12.8529907Z Dec 13 03:30:12 	at org.junit.jupiter.engine.descriptor.TestMethodTestDescriptor.invokeTestMethod(TestMethodTestDescriptor.java:206)
2021-12-13T03:30:12.8530615Z Dec 13 03:30:12 	at org.junit.jupiter.engine.descriptor.TestMethodTestDescriptor.execute(TestMethodTestDescriptor.java:131)
2021-12-13T03:30:12.8531290Z Dec 13 03:30:12 	at org.junit.jupiter.engine.descriptor.TestMethodTestDescriptor.execute(TestMethodTestDescriptor.java:65)
2021-12-13T03:30:12.8532087Z Dec 13 03:30:12 	at org.junit.platform.engine.support.hierarchical.NodeTestTask.lambda$executeRecursively$5(NodeTestTask.java:139)
2021-12-13T03:30:12.8532981Z Dec 13 03:30:12 	at org.junit.platform.engine.support.hierarchical.ThrowableCollector.execute(ThrowableCollector.java:73)
2021-12-13T03:30:12.8533690Z Dec 13 03:30:12 	at org.junit.platform.engine.support.hierarchical.NodeTestTask.lambda$executeRecursively$7(NodeTestTask.java:129)
2021-12-13T03:30:12.8534344Z Dec 13 03:30:12 	at org.junit.platform.engine.support.hierarchical.Node.around(Node.java:137)
2021-12-13T03:30:12.8535079Z Dec 13 03:30:12 	at org.junit.platform.engine.support.hierarchical.NodeTestTask.lambda$executeRecursively$8(NodeTestTask.java:127)
2021-12-13T03:30:12.8535920Z Dec 13 03:30:12 	at org.junit.platform.engine.support.hierarchical.ThrowableCollector.execute(ThrowableCollector.java:73)
2021-12-13T03:30:12.8536611Z Dec 13 03:30:12 	at org.junit.platform.engine.support.hierarchical.NodeTestTask.executeRecursively(NodeTestTask.java:126)
2021-12-13T03:30:12.8537256Z Dec 13 03:30:12 	at org.junit.platform.engine.support.hierarchical.NodeTestTask.execute(NodeTestTask.java:84)
2021-12-13T03:30:12.8538004Z Dec 13 03:30:12 	at org.junit.platform.engine.support.hierarchical.SameThreadHierarchicalTestExecutorService.submit(SameThreadHierarchicalTestExecutorService.java:32)
2021-12-13T03:30:12.8538773Z Dec 13 03:30:12 	at org.junit.platform.engine.support.hierarchical.NodeTestTask$DefaultDynamicTestExecutor.execute(NodeTestTask.java:212)
2021-12-13T03:30:12.8539606Z Dec 13 03:30:12 	at org.junit.platform.engine.support.hierarchical.NodeTestTask$DefaultDynamicTestExecutor.execute(NodeTestTask.java:192)
2021-12-13T03:30:12.8540337Z Dec 13 03:30:12 	at org.junit.jupiter.engine.descriptor.TestTemplateTestDescriptor.execute(TestTemplateTestDescriptor.java:139)
2021-12-13T03:30:12.8541043Z Dec 13 03:30:12 	at org.junit.jupiter.engine.descriptor.TestTemplateTestDescriptor.lambda$execute$2(TestTemplateTestDescriptor.java:107)
2021-12-13T03:30:12.8541698Z Dec 13 03:30:12 	at java.util.stream.ForEachOps$ForEachOp$OfRef.accept(ForEachOps.java:183)
2021-12-13T03:30:12.8542374Z Dec 13 03:30:12 	at java.util.stream.ReferencePipeline$3$1.accept(ReferencePipeline.java:193)
2021-12-13T03:30:12.8543038Z Dec 13 03:30:12 	at java.util.stream.ReferencePipeline$2$1.accept(ReferencePipeline.java:175)
2021-12-13T03:30:12.8543597Z Dec 13 03:30:12 	at java.util.stream.ReferencePipeline$3$1.accept(ReferencePipeline.java:193)
2021-12-13T03:30:12.8544175Z Dec 13 03:30:12 	at java.util.stream.ForEachOps$ForEachOp$OfRef.accept(ForEachOps.java:183)
2021-12-13T03:30:12.8544752Z Dec 13 03:30:12 	at java.util.stream.ReferencePipeline$11$1.accept(ReferencePipeline.java:440)
2021-12-13T03:30:12.8545336Z Dec 13 03:30:12 	at java.util.stream.ReferencePipeline$3$1.accept(ReferencePipeline.java:193)
2021-12-13T03:30:12.8545909Z Dec 13 03:30:12 	at java.util.stream.ReferencePipeline$3$1.accept(ReferencePipeline.java:193)
2021-12-13T03:30:12.8546483Z Dec 13 03:30:12 	at java.util.stream.ReferencePipeline$3$1.accept(ReferencePipeline.java:193)
2021-12-13T03:30:12.8547063Z Dec 13 03:30:12 	at java.util.stream.Streams$StreamBuilderImpl.forEachRemaining(Streams.java:419)
2021-12-13T03:30:12.8547657Z Dec 13 03:30:12 	at java.util.stream.ReferencePipeline$Head.forEach(ReferencePipeline.java:647)
2021-12-13T03:30:12.8548221Z Dec 13 03:30:12 	at java.util.stream.ReferencePipeline$7$1.accept(ReferencePipeline.java:272)
2021-12-13T03:30:12.8548796Z Dec 13 03:30:12 	at java.util.stream.ReferencePipeline$3$1.accept(ReferencePipeline.java:193)
2021-12-13T03:30:12.8549382Z Dec 13 03:30:12 	at java.util.stream.ReferencePipeline$3$1.accept(ReferencePipeline.java:193)
2021-12-13T03:30:12.8549941Z Dec 13 03:30:12 	at java.util.stream.ReferencePipeline$3$1.accept(ReferencePipeline.java:193)
2021-12-13T03:30:12.8550510Z Dec 13 03:30:12 	at java.util.ArrayList$ArrayListSpliterator.forEachRemaining(ArrayList.java:1384)
2021-12-13T03:30:12.8551089Z Dec 13 03:30:12 	at java.util.stream.AbstractPipeline.copyInto(AbstractPipeline.java:482)
2021-12-13T03:30:12.8551742Z Dec 13 03:30:12 	at java.util.stream.AbstractPipeline.wrapAndCopyInto(AbstractPipeline.java:472)
2021-12-13T03:30:12.8552355Z Dec 13 03:30:12 	at java.util.stream.ForEachOps$ForEachOp.evaluateSequential(ForEachOps.java:150)
2021-12-13T03:30:12.8553007Z Dec 13 03:30:12 	at java.util.stream.ForEachOps$ForEachOp$OfRef.evaluateSequential(ForEachOps.java:173)
2021-12-13T03:30:12.8553600Z Dec 13 03:30:12 	at java.util.stream.AbstractPipeline.evaluate(AbstractPipeline.java:234)
2021-12-13T03:30:12.8554173Z Dec 13 03:30:12 	at java.util.stream.ReferencePipeline.forEach(ReferencePipeline.java:485)
2021-12-13T03:30:12.8554746Z Dec 13 03:30:12 	at java.util.stream.ReferencePipeline$7$1.accept(ReferencePipeline.java:272)
2021-12-13T03:30:12.8555332Z Dec 13 03:30:12 	at java.util.ArrayList$ArrayListSpliterator.forEachRemaining(ArrayList.java:1384)
2021-12-13T03:30:12.8555910Z Dec 13 03:30:12 	at java.util.stream.AbstractPipeline.copyInto(AbstractPipeline.java:482)
2021-12-13T03:30:12.8556492Z Dec 13 03:30:12 	at java.util.stream.AbstractPipeline.wrapAndCopyInto(AbstractPipeline.java:472)
2021-12-13T03:30:12.8557062Z Dec 13 03:30:12 	at java.util.stream.ForEachOps$ForEachOp.evaluateSequential(ForEachOps.java:150)
2021-12-13T03:30:12.8557661Z Dec 13 03:30:12 	at java.util.stream.ForEachOps$ForEachOp$OfRef.evaluateSequential(ForEachOps.java:173)
2021-12-13T03:30:12.8558246Z Dec 13 03:30:12 	at java.util.stream.AbstractPipeline.evaluate(AbstractPipeline.java:234)
2021-12-13T03:30:12.8558915Z Dec 13 03:30:12 	at java.util.stream.ReferencePipeline.forEach(ReferencePipeline.java:485)
2021-12-13T03:30:12.8559554Z Dec 13 03:30:12 	at org.junit.jupiter.engine.descriptor.TestTemplateTestDescriptor.execute(TestTemplateTestDescriptor.java:107)
2021-12-13T03:30:12.8560251Z Dec 13 03:30:12 	at org.junit.jupiter.engine.descriptor.TestTemplateTestDescriptor.execute(TestTemplateTestDescriptor.java:42)
2021-12-13T03:30:12.8560959Z Dec 13 03:30:12 	at org.junit.platform.engine.support.hierarchical.NodeTestTask.lambda$executeRecursively$5(NodeTestTask.java:139)
2021-12-13T03:30:12.8561662Z Dec 13 03:30:12 	at org.junit.platform.engine.support.hierarchical.ThrowableCollector.execute(ThrowableCollector.java:73)
2021-12-13T03:30:12.8562420Z Dec 13 03:30:12 	at org.junit.platform.engine.support.hierarchical.NodeTestTask.lambda$executeRecursively$7(NodeTestTask.java:129)
2021-12-13T03:30:12.8563140Z Dec 13 03:30:12 	at org.junit.platform.engine.support.hierarchical.Node.around(Node.java:137)
2021-12-13T03:30:12.8563795Z Dec 13 03:30:12 	at org.junit.platform.engine.support.hierarchical.NodeTestTask.lambda$executeRecursively$8(NodeTestTask.java:127)
2021-12-13T03:30:12.8564500Z Dec 13 03:30:12 	at org.junit.platform.engine.support.hierarchical.ThrowableCollector.execute(ThrowableCollector.java:73)
2021-12-13T03:30:12.8565183Z Dec 13 03:30:12 	at org.junit.platform.engine.support.hierarchical.NodeTestTask.executeRecursively(NodeTestTask.java:126)
2021-12-13T03:30:12.8565852Z Dec 13 03:30:12 	at org.junit.platform.engine.support.hierarchical.NodeTestTask.execute(NodeTestTask.java:84)
2021-12-13T03:30:12.8566632Z Dec 13 03:30:12 	at java.util.ArrayList.forEach(ArrayList.java:1259)
2021-12-13T03:30:12.8567724Z Dec 13 03:30:12 	at org.junit.platform.engine.support.hierarchical.SameThreadHierarchicalTestExecutorService.invokeAll(SameThreadHierarchicalTestExecutorService.java:38)
2021-12-13T03:30:12.8568691Z Dec 13 03:30:12 	at org.junit.platform.engine.support.hierarchical.NodeTestTask.lambda$executeRecursively$5(NodeTestTask.java:143)
2021-12-13T03:30:12.8569384Z Dec 13 03:30:12 	at org.junit.platform.engine.support.hierarchical.ThrowableCollector.execute(ThrowableCollector.java:73)
2021-12-13T03:30:12.8570088Z Dec 13 03:30:12 	at org.junit.platform.engine.support.hierarchical.NodeTestTask.lambda$executeRecursively$7(NodeTestTask.java:129)
2021-12-13T03:30:12.8570756Z Dec 13 03:30:12 	at org.junit.platform.engine.support.hierarchical.Node.around(Node.java:137)
2021-12-13T03:30:12.8571405Z Dec 13 03:30:12 	at org.junit.platform.engine.support.hierarchical.NodeTestTask.lambda$executeRecursively$8(NodeTestTask.java:127)
2021-12-13T03:30:12.8572436Z Dec 13 03:30:12 	at org.junit.platform.engine.support.hierarchical.ThrowableCollector.execute(ThrowableCollector.java:73)
2021-12-13T03:30:12.8573210Z Dec 13 03:30:12 	at org.junit.platform.engine.support.hierarchical.NodeTestTask.executeRecursively(NodeTestTask.java:126)
2021-12-13T03:30:12.8573873Z Dec 13 03:30:12 	at org.junit.platform.engine.support.hierarchical.NodeTestTask.execute(NodeTestTask.java:84)
2021-12-13T03:30:12.8574445Z Dec 13 03:30:12 	at java.util.ArrayList.forEach(ArrayList.java:1259)
2021-12-13T03:30:12.8575106Z Dec 13 03:30:12 	at org.junit.platform.engine.support.hierarchical.SameThreadHierarchicalTestExecutorService.invokeAll(SameThreadHierarchicalTestExecutorService.java:38)
2021-12-13T03:30:12.8575902Z Dec 13 03:30:12 	at org.junit.platform.engine.support.hierarchical.NodeTestTask.lambda$executeRecursively$5(NodeTestTask.java:143)
2021-12-13T03:30:12.8576603Z Dec 13 03:30:12 	at org.junit.platform.engine.support.hierarchical.ThrowableCollector.execute(ThrowableCollector.java:73)
2021-12-13T03:30:12.8577308Z Dec 13 03:30:12 	at org.junit.platform.engine.support.hierarchical.NodeTestTask.lambda$executeRecursively$7(NodeTestTask.java:129)
2021-12-13T03:30:12.8577953Z Dec 13 03:30:12 	at org.junit.platform.engine.support.hierarchical.Node.around(Node.java:137)
2021-12-13T03:30:12.8578602Z Dec 13 03:30:12 	at org.junit.platform.engine.support.hierarchical.NodeTestTask.lambda$executeRecursively$8(NodeTestTask.java:127)
2021-12-13T03:30:12.8579383Z Dec 13 03:30:12 	at org.junit.platform.engine.support.hierarchical.ThrowableCollector.execute(ThrowableCollector.java:73)
2021-12-13T03:30:12.8580063Z Dec 13 03:30:12 	at org.junit.platform.engine.support.hierarchical.NodeTestTask.executeRecursively(NodeTestTask.java:126)
2021-12-13T03:30:12.8580724Z Dec 13 03:30:12 	at org.junit.platform.engine.support.hierarchical.NodeTestTask.execute(NodeTestTask.java:84)
2021-12-13T03:30:12.8581456Z Dec 13 03:30:12 	at org.junit.platform.engine.support.hierarchical.SameThreadHierarchicalTestExecutorService.submit(SameThreadHierarchicalTestExecutorService.java:32)
2021-12-13T03:30:12.8582313Z Dec 13 03:30:12 	at org.junit.platform.engine.support.hierarchical.HierarchicalTestExecutor.execute(HierarchicalTestExecutor.java:57)
2021-12-13T03:30:12.8583105Z Dec 13 03:30:12 	at org.junit.platform.engine.support.hierarchical.HierarchicalTestEngine.execute(HierarchicalTestEngine.java:51)
2021-12-13T03:30:12.8583737Z Dec 13 03:30:12 	at org.junit.platform.launcher.core.DefaultLauncher.execute(DefaultLauncher.java:220)
2021-12-13T03:30:12.8584367Z Dec 13 03:30:12 	at org.junit.platform.launcher.core.DefaultLauncher.lambda$execute$6(DefaultLauncher.java:188)
2021-12-13T03:30:12.8585019Z Dec 13 03:30:12 	at org.junit.platform.launcher.core.DefaultLauncher.withInterceptedStreams(DefaultLauncher.java:202)
2021-12-13T03:30:12.8585660Z Dec 13 03:30:12 	at org.junit.platform.launcher.core.DefaultLauncher.execute(DefaultLauncher.java:181)
2021-12-13T03:30:12.8586287Z Dec 13 03:30:12 	at org.junit.platform.launcher.core.DefaultLauncher.execute(DefaultLauncher.java:128)
2021-12-13T03:30:12.8586947Z Dec 13 03:30:12 	at org.apache.maven.surefire.junitplatform.JUnitPlatformProvider.invokeAllTests(JUnitPlatformProvider.java:150)
2021-12-13T03:30:12.8587623Z Dec 13 03:30:12 	at org.apache.maven.surefire.junitplatform.JUnitPlatformProvider.invoke(JUnitPlatformProvider.java:124)
2021-12-13T03:30:12.8588313Z Dec 13 03:30:12 	at org.apache.maven.surefire.booter.ForkedBooter.invokeProviderInSameClassLoader(ForkedBooter.java:384)
2021-12-13T03:30:12.8588963Z Dec 13 03:30:12 	at org.apache.maven.surefire.booter.ForkedBooter.runSuitesInProcess(ForkedBooter.java:345)
2021-12-13T03:30:12.8589570Z Dec 13 03:30:12 	at org.apache.maven.surefire.booter.ForkedBooter.execute(ForkedBooter.java:126)
2021-12-13T03:30:12.8590154Z Dec 13 03:30:12 	at org.apache.maven.surefire.booter.ForkedBooter.main(ForkedBooter.java:418)
2021-12-13T03:30:12.8590666Z Dec 13 03:30:12 
&lt;/pre&gt;
&lt;/div&gt;&lt;/div&gt;

&lt;p&gt;testHandleSplitChangesAndFetch&lt;br/&gt;
testNumBytesInCounter&lt;br/&gt;
testPendingRecordsGauge&lt;/p&gt;

&lt;p&gt;from KafkaPartitionSplitReaderTest failed with this issue&lt;/p&gt;</description>
                <environment></environment>
        <key id="13417060">FLINK-25280</key>
            <summary>KafkaPartitionSplitReaderTest failed on azure due to Offsets out of range with no configured reset policy for partitions</summary>
                <type id="1" iconUrl="https://issues.apache.org/jira/secure/viewavatar?size=xsmall&amp;avatarId=21133&amp;avatarType=issuetype">Bug</type>
                                            <priority id="3" iconUrl="https://issues.apache.org/jira/images/icons/priorities/major.svg">Major</priority>
                        <status id="5" iconUrl="https://issues.apache.org/jira/images/icons/statuses/resolved.png" description="A resolution has been taken, and it is awaiting verification by reporter. From here issues are either reopened, or are closed.">Resolved</status>
                    <statusCategory id="3" key="done" colorName="green"/>
                                    <resolution id="1">Fixed</resolution>
                                        <assignee username="renqs">Qingsheng Ren</assignee>
                                    <reporter username="gaoyunhaii">Yun Gao</reporter>
                        <labels>
                            <label>pull-request-available</label>
                    </labels>
                <created>Mon, 13 Dec 2021 15:15:32 +0000</created>
                <updated>Wed, 12 Jan 2022 14:32:49 +0000</updated>
                            <resolved>Wed, 12 Jan 2022 14:32:49 +0000</resolved>
                                    <version>1.13.5</version>
                    <version>1.14.3</version>
                    <version>1.15.0</version>
                                    <fixVersion>1.13.6</fixVersion>
                    <fixVersion>1.14.4</fixVersion>
                    <fixVersion>1.15.0</fixVersion>
                                    <component>Connectors / Kafka</component>
                        <due></due>
                            <votes>0</votes>
                                    <watches>3</watches>
                                                                                                                <comments>
                            <comment id="17471674" author="gaoyunhaii" created="Mon, 10 Jan 2022 06:17:13 +0000"  >&lt;p&gt;&lt;a href=&quot;https://dev.azure.com/apache-flink/apache-flink/_build/results?buildId=29136&amp;amp;view=logs&amp;amp;j=c5f0071e-1851-543e-9a45-9ac140befc32&amp;amp;t=15a22db7-8faa-5b34-3920-d33c9f0ca23c&amp;amp;l=7270&quot; class=&quot;external-link&quot; target=&quot;_blank&quot; rel=&quot;nofollow noopener&quot;&gt;https://dev.azure.com/apache-flink/apache-flink/_build/results?buildId=29136&amp;amp;view=logs&amp;amp;j=c5f0071e-1851-543e-9a45-9ac140befc32&amp;amp;t=15a22db7-8faa-5b34-3920-d33c9f0ca23c&amp;amp;l=7270&lt;/a&gt;&lt;/p&gt;</comment>
                            <comment id="17471676" author="gaoyunhaii" created="Mon, 10 Jan 2022 06:17:31 +0000"  >&lt;p&gt;perhaps cc &lt;a href=&quot;https://issues.apache.org/jira/secure/ViewProfile.jspa?name=fpaul&quot; class=&quot;user-hover&quot; rel=&quot;fpaul&quot;&gt;fpaul&lt;/a&gt;&lt;/p&gt;</comment>
                            <comment id="17471732" author="fabian.paul" created="Mon, 10 Jan 2022 07:49:00 +0000"  >&lt;p&gt;&lt;a href=&quot;https://issues.apache.org/jira/secure/ViewProfile.jspa?name=renqs&quot; class=&quot;user-hover&quot; rel=&quot;renqs&quot;&gt;renqs&lt;/a&gt; can you take a look at this? It is possible that the error is caused again by the fact that we do not guarantee to commit back the offsets but the test assumes that they are committed.&lt;/p&gt;</comment>
                            <comment id="17471784" author="renqs" created="Mon, 10 Jan 2022 09:17:15 +0000"  >&lt;p&gt;I think this is caused by the same reason of &lt;a href=&quot;https://issues.apache.org/jira/browse/FLINK-22198&quot; title=&quot;KafkaTableITCase hang.&quot; class=&quot;issue-link&quot; data-issue-key=&quot;FLINK-22198&quot;&gt;&lt;del&gt;FLINK-22198&lt;/del&gt;&lt;/a&gt; that records produced to Kafka had a quite early timestamp (e.g 1000, which is in year 1970) and were deleted on broker. Similar to the solution in &lt;a href=&quot;https://issues.apache.org/jira/browse/FLINK-22198&quot; title=&quot;KafkaTableITCase hang.&quot; class=&quot;issue-link&quot; data-issue-key=&quot;FLINK-22198&quot;&gt;&lt;del&gt;FLINK-22198&lt;/del&gt;&lt;/a&gt;, we can disable the log deletion by setting log.retention.ms to -1 in KafkaTestBase.&lt;/p&gt;</comment>
                            <comment id="17472614" author="fabian.paul" created="Tue, 11 Jan 2022 09:53:28 +0000"  >&lt;p&gt;Fixed in master: 23c477fd97d02bab00ae672e876f9b0890338d1d&lt;/p&gt;</comment>
                            <comment id="17474585" author="fabian.paul" created="Wed, 12 Jan 2022 14:31:20 +0000"  >&lt;p&gt;Merged in release-1.14: e93fb032b09cf3f0605848faa619e51e1fbf8fed, release-1.13: 98275f96e92f30d3717b16a02b269d3bdc3e45ef&lt;/p&gt;

&lt;p&gt;&#160;&lt;/p&gt;</comment>
                    </comments>
                    <attachments>
                    </attachments>
                <subtasks>
                    </subtasks>
                <customfields>
                                                                            <customfield id="customfield_12310310" key="com.atlassian.jira.toolkit:attachments">
                        <customfieldname>Attachment count</customfieldname>
                        <customfieldvalues>
                            <customfieldvalue>0.0</customfieldvalue>
                        </customfieldvalues>
                    </customfield>
                                                                                                                                                                                                                                                                                                                                                                                                                                                                                                                                                                                                                                                                                                        <customfield id="customfield_12314020" key="com.atlassian.jira.plugins.jira-development-integration-plugin:devsummary">
                        <customfieldname>Development</customfieldname>
                        <customfieldvalues>
                            
                        </customfieldvalues>
                    </customfield>
                                                                                                                        <customfield id="customfield_12313422" key="com.atlassian.jirafisheyeplugin:jobcheckbox">
                        <customfieldname>Enable Automatic Patch Review</customfieldname>
                        <customfieldvalues>
                            <customfieldvalue><![CDATA[false]]></customfieldvalue>

                        </customfieldvalues>
                    </customfield>
                                                                                                                                                                                                                                                                                                                                                                                                                                                                                                                                                                                                                                                <customfield id="customfield_12310420" key="com.pyxis.greenhopper.jira:gh-global-rank">
                        <customfieldname>Global Rank</customfieldname>
                        <customfieldvalues>
                            <customfieldvalue>9223372036854775807</customfieldvalue>
                        </customfieldvalues>
                    </customfield>
                                                                                                                                                                                                                                        <customfield id="customfield_12312521" key="com.atlassian.jira.toolkit:LastCommentDate">
                        <customfieldname>Last public comment date</customfieldname>
                        <customfieldvalues>
                            3 years, 43 weeks, 6 days ago
                        </customfieldvalues>
                    </customfield>
                                                                                                                                                                                                                                                                                                <customfield id="customfield_12311820" key="com.pyxis.greenhopper.jira:gh-lexo-rank">
                        <customfieldname>Rank</customfieldname>
                        <customfieldvalues>
                            <customfieldvalue>0|z0xmk8:</customfieldvalue>

                        </customfieldvalues>
                    </customfield>
                                                                <customfield id="customfield_12310920" key="com.pyxis.greenhopper.jira:gh-global-rank">
                        <customfieldname>Rank (Obsolete)</customfieldname>
                        <customfieldvalues>
                            <customfieldvalue>9223372036854775807</customfieldvalue>
                        </customfieldvalues>
                    </customfield>
                                                                                                                                                                                                                                                                                                                                                                                                                                                                                                                                                                                                                                                                                                                                                                                                                        </customfields>
    </item>
</channel>
</rss>