<!-- 
RSS generated by JIRA (8.20.10#820010-sha1:ace47f9899e9ee25d7157d59aa17ab06aee30d3d) at Wed Nov 12 18:03:47 UTC 2025

It is possible to restrict the fields that are returned in this document by specifying the 'field' parameter in your request.
For example, to request only the issue key and summary append 'field=key&field=summary' to the URL of your request.
-->
<rss version="0.92" >
<channel>
    <title>ASF Jira</title>
    <link>https://issues.apache.org/jira</link>
    <description>This file is an XML representation of an issue</description>
    <language>en-uk</language>    <build-info>
        <version>8.20.10</version>
        <build-number>820010</build-number>
        <build-date>22-06-2022</build-date>
    </build-info>


<item>
            <title>[HIVE-3783] stats19.q is failing on trunk</title>
                <link>https://issues.apache.org/jira/browse/HIVE-3783</link>
                <project id="12310843" key="HIVE">Hive</project>
                    <description>&lt;p&gt;This test-case was introduced in &lt;a href=&quot;https://issues.apache.org/jira/browse/HIVE-3750&quot; title=&quot;JDBCStatsPublisher fails when ID length exceeds length of ID column&quot; class=&quot;issue-link&quot; data-issue-key=&quot;HIVE-3750&quot;&gt;&lt;del&gt;HIVE-3750&lt;/del&gt;&lt;/a&gt; and is failing since as soon as it was introduced. &lt;/p&gt;</description>
                <environment></environment>
        <key id="12623026">HIVE-3783</key>
            <summary>stats19.q is failing on trunk</summary>
                <type id="1" iconUrl="https://issues.apache.org/jira/secure/viewavatar?size=xsmall&amp;avatarId=21133&amp;avatarType=issuetype">Bug</type>
                                            <priority id="3" iconUrl="https://issues.apache.org/jira/images/icons/priorities/major.svg">Major</priority>
                        <status id="6" iconUrl="https://issues.apache.org/jira/images/icons/statuses/closed.png" description="The issue is considered finished, the resolution is correct. Issues which are not closed can be reopened.">Closed</status>
                    <statusCategory id="3" key="done" colorName="green"/>
                                    <resolution id="1">Fixed</resolution>
                                        <assignee username="kevinwilfong">Kevin Wilfong</assignee>
                                    <reporter username="ashutoshc">Ashutosh Chauhan</reporter>
                        <labels>
                    </labels>
                <created>Sat, 8 Dec 2012 18:37:10 +0000</created>
                <updated>Thu, 16 May 2013 21:10:53 +0000</updated>
                            <resolved>Thu, 13 Dec 2012 09:21:45 +0000</resolved>
                                    <version>0.11.0</version>
                                    <fixVersion>0.11.0</fixVersion>
                                        <due></due>
                            <votes>0</votes>
                                    <watches>4</watches>
                                                                                                                <comments>
                            <comment id="13527734" author="ashutoshc" created="Mon, 10 Dec 2012 06:17:06 +0000"  >&lt;p&gt;Looking at apache build logs, this test fails randomly. It failed in &lt;a href=&quot;https://builds.apache.org/job/Hive-trunk-h0.21/1846/&quot; class=&quot;external-link&quot; target=&quot;_blank&quot; rel=&quot;nofollow noopener&quot;&gt;https://builds.apache.org/job/Hive-trunk-h0.21/1846/&lt;/a&gt; and &lt;a href=&quot;https://builds.apache.org/job/Hive-trunk-h0.21/1842/testReport/&quot; class=&quot;external-link&quot; target=&quot;_blank&quot; rel=&quot;nofollow noopener&quot;&gt;https://builds.apache.org/job/Hive-trunk-h0.21/1842/testReport/&lt;/a&gt; but didn&apos;t fail in &lt;a href=&quot;https://builds.apache.org/job/Hive-trunk-h0.21/1845/&quot; class=&quot;external-link&quot; target=&quot;_blank&quot; rel=&quot;nofollow noopener&quot;&gt;https://builds.apache.org/job/Hive-trunk-h0.21/1845/&lt;/a&gt; &lt;a href=&quot;https://builds.apache.org/job/Hive-trunk-h0.21/1844/&quot; class=&quot;external-link&quot; target=&quot;_blank&quot; rel=&quot;nofollow noopener&quot;&gt;https://builds.apache.org/job/Hive-trunk-h0.21/1844/&lt;/a&gt; &lt;a href=&quot;https://builds.apache.org/job/Hive-trunk-h0.21/1843/&quot; class=&quot;external-link&quot; target=&quot;_blank&quot; rel=&quot;nofollow noopener&quot;&gt;https://builds.apache.org/job/Hive-trunk-h0.21/1843/&lt;/a&gt; &lt;/p&gt;

&lt;p&gt;In my environment it almost always failed since it has been committed except for once when it did pass. Seems like some race condition. It always fails with following stack-trace:&lt;/p&gt;
&lt;div class=&quot;code panel&quot; style=&quot;border-width: 1px;&quot;&gt;&lt;div class=&quot;codeContent panelContent&quot;&gt;
&lt;pre class=&quot;code-java&quot;&gt;  [junit] diff -a /home/ashutosh/hive/build/ql/test/logs/clientpositive/stats19.q.out /home/ashutosh/hive/ql/src/test/results/clientpositive/stats19.q.out
    [junit] 21,22c21,22
    [junit] &amp;lt; Stats prefix is hashed: &lt;span class=&quot;code-keyword&quot;&gt;false&lt;/span&gt;
    [junit] &amp;lt; Stats prefix is hashed: &lt;span class=&quot;code-keyword&quot;&gt;false&lt;/span&gt;
    [junit] ---
    [junit] &amp;gt; Stats prefix is hashed: &lt;span class=&quot;code-keyword&quot;&gt;true&lt;/span&gt;
    [junit] &amp;gt; Stats prefix is hashed: &lt;span class=&quot;code-keyword&quot;&gt;true&lt;/span&gt;
    [junit] 284,285c284,285
    [junit] &amp;lt; Stats prefix is hashed: &lt;span class=&quot;code-keyword&quot;&gt;false&lt;/span&gt;
    [junit] &amp;lt; Stats prefix is hashed: &lt;span class=&quot;code-keyword&quot;&gt;false&lt;/span&gt;
    [junit] ---
    [junit] &amp;gt; Stats prefix is hashed: &lt;span class=&quot;code-keyword&quot;&gt;true&lt;/span&gt;
    [junit] &amp;gt; Stats prefix is hashed: &lt;span class=&quot;code-keyword&quot;&gt;true&lt;/span&gt;
    [junit] Exception: Client execution results failed with error code = 1
    [junit] See build/ql/tmp/hive.log, or &lt;span class=&quot;code-keyword&quot;&gt;try&lt;/span&gt; &lt;span class=&quot;code-quote&quot;&gt;&quot;ant test ... -Dtest.silent=&lt;span class=&quot;code-keyword&quot;&gt;false&lt;/span&gt;&quot;&lt;/span&gt; to get more logs.
    [junit] Failed query: stats19.q
&lt;/pre&gt;
&lt;/div&gt;&lt;/div&gt;

&lt;p&gt;On the other hand, TestStatsPublisherEnhanced fails for me randomly as well. But, much more rarely. Only twice in last week in my environment. I don&apos;t remember seen it failing on apache machine yet. &lt;/p&gt;
&lt;div class=&quot;code panel&quot; style=&quot;border-width: 1px;&quot;&gt;&lt;div class=&quot;codeContent panelContent&quot;&gt;
&lt;pre class=&quot;code-java&quot;&gt;    [junit] Running org.apache.hadoop.hive.ql.exec.TestStatsPublisherEnhanced
    [junit] StatsPublisher - one stat published per key - aggregating matching key
    [junit] StatsPublisher - basic functionality
    [junit] junit.framework.AssertionFailedError: &lt;span class=&quot;code-keyword&quot;&gt;null&lt;/span&gt;
    [junit] StatsPublisher - multiple updates
    [junit]     at junit.framework.Assert.fail(Assert.java:47)
    [junit]     at junit.framework.Assert.assertTrue(Assert.java:20)
    [junit]     at junit.framework.Assert.assertTrue(Assert.java:27)
    [junit]     at org.apache.hadoop.hive.ql.exec.TestStatsPublisherEnhanced.testStatsPublisherOneStat(TestStatsPublisherEnhanced.java:81)
    [junit]     at sun.reflect.NativeMethodAccessorImpl.invoke0(Native Method)
    [junit]     at sun.reflect.NativeMethodAccessorImpl.invoke(NativeMethodAccessorImpl.java:39)
    [junit]     at sun.reflect.DelegatingMethodAccessorImpl.invoke(DelegatingMethodAccessorImpl.java:25)
    [junit]     at java.lang.reflect.Method.invoke(Method.java:597)
    [junit]     at junit.framework.TestCase.runTest(TestCase.java:168)
    [junit]     at junit.framework.TestCase.runBare(TestCase.java:134)
    [junit]     at junit.framework.TestResult$1.protect(TestResult.java:110)
    [junit]     at junit.framework.TestResult.runProtected(TestResult.java:128)
    [junit]     at junit.framework.TestResult.run(TestResult.java:113)
    [junit]     at junit.framework.TestCase.run(TestCase.java:124)
    [junit]     at junit.framework.TestSuite.runTest(TestSuite.java:232)
    [junit]     at junit.framework.TestSuite.run(TestSuite.java:227)
    [junit]     at org.apache.tools.ant.taskdefs.optional.junit.JUnitTestRunner.run(JUnitTestRunner.java:518)
    [junit]     at org.apache.tools.ant.taskdefs.optional.junit.JUnitTestRunner.launch(JUnitTestRunner.java:1052)
    [junit]     at org.apache.tools.ant.taskdefs.optional.junit.JUnitTestRunner.main(JUnitTestRunner.java:906)
    [junit] junit.framework.AssertionFailedError: &lt;span class=&quot;code-keyword&quot;&gt;null&lt;/span&gt;
    [junit]     at junit.framework.Assert.fail(Assert.java:47)
    [junit]     at junit.framework.Assert.assertTrue(Assert.java:20)
    [junit]     at junit.framework.Assert.assertTrue(Assert.java:27)
    [junit]     at org.apache.hadoop.hive.ql.exec.TestStatsPublisherEnhanced.testStatsPublisher(TestStatsPublisherEnhanced.java:129)
    [junit]     at sun.reflect.NativeMethodAccessorImpl.invoke0(Native Method)
    [junit]     at sun.reflect.NativeMethodAccessorImpl.invoke(NativeMethodAccessorImpl.java:39)
    [junit]     at sun.reflect.DelegatingMethodAccessorImpl.invoke(DelegatingMethodAccessorImpl.java:25)
    [junit]     at java.lang.reflect.Method.invoke(Method.java:597)
    [junit]     at junit.framework.TestCase.runTest(TestCase.java:168)
    [junit]     at junit.framework.TestCase.runBare(TestCase.java:134)
    [junit]     at junit.framework.TestResult$1.protect(TestResult.java:110)
    [junit]     at junit.framework.TestResult.runProtected(TestResult.java:128)
    [junit]     at junit.framework.TestResult.run(TestResult.java:113)
    [junit]     at junit.framework.TestCase.run(TestCase.java:124)
    [junit]     at junit.framework.TestSuite.runTest(TestSuite.java:232)
    [junit]     at junit.framework.TestSuite.run(TestSuite.java:227)
    [junit]     at org.apache.tools.ant.taskdefs.optional.junit.JUnitTestRunner.run(JUnitTestRunner.java:518)
    [junit]     at org.apache.tools.ant.taskdefs.optional.junit.JUnitTestRunner.launch(JUnitTestRunner.java:1052)
    [junit]     at org.apache.tools.ant.taskdefs.optional.junit.JUnitTestRunner.main(JUnitTestRunner.java:906)
    [junit] StatsPublisher - (multiple updates + publishing subset of supported statistics)
    [junit] StatsAggregator - clean-up
    [junit] junit.framework.AssertionFailedError: &lt;span class=&quot;code-keyword&quot;&gt;null&lt;/span&gt;
    [junit]     at junit.framework.Assert.fail(Assert.java:47)
    [junit]     at junit.framework.Assert.assertTrue(Assert.java:20)
    [junit]     at junit.framework.Assert.assertTrue(Assert.java:27)
    [junit]     at org.apache.hadoop.hive.ql.exec.TestStatsPublisherEnhanced.testStatsPublisherMultipleUpdates(TestStatsPublisherEnhanced.java:190)
    [junit]     at sun.reflect.NativeMethodAccessorImpl.invoke0(Native Method)
    [junit]     at sun.reflect.NativeMethodAccessorImpl.invoke(NativeMethodAccessorImpl.java:39)
    [junit]     at sun.reflect.DelegatingMethodAccessorImpl.invoke(DelegatingMethodAccessorImpl.java:25)
    [junit]     at java.lang.reflect.Method.invoke(Method.java:597)
    [junit]     at junit.framework.TestCase.runTest(TestCase.java:168)
    [junit]     at junit.framework.TestCase.runBare(TestCase.java:134)
    [junit]     at junit.framework.TestResult$1.protect(TestResult.java:110)
    [junit]     at junit.framework.TestResult.runProtected(TestResult.java:128)
    [junit]     at junit.framework.TestResult.run(TestResult.java:113)
    [junit]     at junit.framework.TestCase.run(TestCase.java:124)
    [junit]     at junit.framework.TestSuite.runTest(TestSuite.java:232)
    [junit]     at junit.framework.TestSuite.run(TestSuite.java:227)
    [junit]     at org.apache.tools.ant.taskdefs.optional.junit.JUnitTestRunner.run(JUnitTestRunner.java:518)
    [junit]     at org.apache.tools.ant.taskdefs.optional.junit.JUnitTestRunner.launch(JUnitTestRunner.java:1052)
    [junit]     at org.apache.tools.ant.taskdefs.optional.junit.JUnitTestRunner.main(JUnitTestRunner.java:906)
    [junit] junit.framework.AssertionFailedError: &lt;span class=&quot;code-keyword&quot;&gt;null&lt;/span&gt;
    [junit]     at junit.framework.Assert.fail(Assert.java:47)
    [junit]     at junit.framework.Assert.assertTrue(Assert.java:20)
    [junit]     at junit.framework.Assert.assertTrue(Assert.java:27)
    [junit]     at org.apache.hadoop.hive.ql.exec.TestStatsPublisherEnhanced.testStatsPublisherMultipleUpdatesSubsetStatistics(TestStatsPublisherEnhanced.java:255)
    [junit]     at sun.reflect.NativeMethodAccessorImpl.invoke0(Native Method)
    [junit]     at sun.reflect.NativeMethodAccessorImpl.invoke(NativeMethodAccessorImpl.java:39)
    [junit]     at sun.reflect.DelegatingMethodAccessorImpl.invoke(DelegatingMethodAccessorImpl.java:25)
    [junit]     at java.lang.reflect.Method.invoke(Method.java:597)
    [junit]     at junit.framework.TestCase.runTest(TestCase.java:168)
    [junit]     at junit.framework.TestCase.runBare(TestCase.java:134)
    [junit]     at junit.framework.TestResult$1.protect(TestResult.java:110)
    [junit]     at junit.framework.TestResult.runProtected(TestResult.java:128)
    [junit]     at junit.framework.TestResult.run(TestResult.java:113)
    [junit]     at junit.framework.TestCase.run(TestCase.java:124)
    [junit]     at junit.framework.TestSuite.runTest(TestSuite.java:232)
    [junit]     at junit.framework.TestSuite.run(TestSuite.java:227)
    [junit]     at org.apache.tools.ant.taskdefs.optional.junit.JUnitTestRunner.run(JUnitTestRunner.java:518)
    [junit]     at org.apache.tools.ant.taskdefs.optional.junit.JUnitTestRunner.launch(JUnitTestRunner.java:1052)
    [junit]     at org.apache.tools.ant.taskdefs.optional.junit.JUnitTestRunner.main(JUnitTestRunner.java:906)
    [junit] junit.framework.AssertionFailedError: &lt;span class=&quot;code-keyword&quot;&gt;null&lt;/span&gt;
    [junit]     at junit.framework.Assert.fail(Assert.java:47)
    [junit]     at junit.framework.Assert.assertTrue(Assert.java:20)
    [junit]     at junit.framework.Assert.assertTrue(Assert.java:27)
    [junit]     at org.apache.hadoop.hive.ql.exec.TestStatsPublisherEnhanced.testStatsAggregatorCleanUp(TestStatsPublisherEnhanced.java:326)
    [junit]     at sun.reflect.NativeMethodAccessorImpl.invoke0(Native Method)
    [junit]     at sun.reflect.NativeMethodAccessorImpl.invoke(NativeMethodAccessorImpl.java:39)
    [junit]     at sun.reflect.DelegatingMethodAccessorImpl.invoke(DelegatingMethodAccessorImpl.java:25)
    [junit]     at java.lang.reflect.Method.invoke(Method.java:597)
    [junit]     at junit.framework.TestCase.runTest(TestCase.java:168)
    [junit]     at junit.framework.TestCase.runBare(TestCase.java:134)
    [junit]     at junit.framework.TestResult$1.protect(TestResult.java:110)
    [junit]     at junit.framework.TestResult.runProtected(TestResult.java:128)
    [junit]     at junit.framework.TestResult.run(TestResult.java:113)
    [junit]     at junit.framework.TestCase.run(TestCase.java:124)
    [junit]     at junit.framework.TestSuite.runTest(TestSuite.java:232)
    [junit]     at junit.framework.TestSuite.run(TestSuite.java:227)
    [junit]     at org.apache.tools.ant.taskdefs.optional.junit.JUnitTestRunner.run(JUnitTestRunner.java:518)
    [junit]     at org.apache.tools.ant.taskdefs.optional.junit.JUnitTestRunner.launch(JUnitTestRunner.java:1052)
    [junit]     at org.apache.tools.ant.taskdefs.optional.junit.JUnitTestRunner.main(JUnitTestRunner.java:906)
    [junit] Tests run: 5, Failures: 5, Errors: 0, Time elapsed: 0.756 sec
    [junit] Test org.apache.hadoop.hive.ql.exec.TestStatsPublisherEnhanced FAILED
&lt;/pre&gt;
&lt;/div&gt;&lt;/div&gt;</comment>
                            <comment id="13529310" author="kevinwilfong" created="Tue, 11 Dec 2012 20:27:18 +0000"  >&lt;p&gt;&lt;a href=&quot;https://reviews.facebook.net/D7287&quot; class=&quot;external-link&quot; target=&quot;_blank&quot; rel=&quot;nofollow noopener&quot;&gt;https://reviews.facebook.net/D7287&lt;/a&gt;&lt;/p&gt;</comment>
                            <comment id="13529316" author="kevinwilfong" created="Tue, 11 Dec 2012 20:31:23 +0000"  >&lt;p&gt;Found one reason for the test failing in some checkouts and not others.  I&apos;ve run the test in a directory where it was previously failing &amp;gt;5 times, and so far it&apos;s been passing consistently.&lt;/p&gt;</comment>
                            <comment id="13530075" author="ashutoshc" created="Wed, 12 Dec 2012 16:25:54 +0000"  >&lt;p&gt;TestStatsPublisherEnhanced failures on apache jenkins machine. &lt;a href=&quot;https://builds.apache.org/job/Hive-trunk-h0.21/1849/testReport/&quot; class=&quot;external-link&quot; target=&quot;_blank&quot; rel=&quot;nofollow noopener&quot;&gt;https://builds.apache.org/job/Hive-trunk-h0.21/1849/testReport/&lt;/a&gt; &lt;/p&gt;</comment>
                            <comment id="13530152" author="kevinwilfong" created="Wed, 12 Dec 2012 17:57:11 +0000"  >&lt;p&gt;The failures in TestStatsPublisherEnhanced are coming from the init method of the stats Publisher.&lt;/p&gt;</comment>
                            <comment id="13530157" author="kevinwilfong" created="Wed, 12 Dec 2012 18:00:02 +0000"  >&lt;p&gt;I suspect the two are unrelated.&lt;/p&gt;</comment>
                            <comment id="13530167" author="namit" created="Wed, 12 Dec 2012 18:09:12 +0000"  >&lt;p&gt;+1&lt;/p&gt;</comment>
                            <comment id="13530817" author="namit" created="Thu, 13 Dec 2012 09:21:45 +0000"  >&lt;p&gt;Committed. Thanks Kevin&lt;/p&gt;</comment>
                            <comment id="13531273" author="hudson" created="Thu, 13 Dec 2012 18:22:01 +0000"  >&lt;p&gt;Integrated in Hive-trunk-h0.21 #1853 (See &lt;a href=&quot;https://builds.apache.org/job/Hive-trunk-h0.21/1853/&quot; class=&quot;external-link&quot; target=&quot;_blank&quot; rel=&quot;nofollow noopener&quot;&gt;https://builds.apache.org/job/Hive-trunk-h0.21/1853/&lt;/a&gt;)&lt;br/&gt;
    &lt;a href=&quot;https://issues.apache.org/jira/browse/HIVE-3783&quot; title=&quot;stats19.q is failing on trunk&quot; class=&quot;issue-link&quot; data-issue-key=&quot;HIVE-3783&quot;&gt;&lt;del&gt;HIVE-3783&lt;/del&gt;&lt;/a&gt; stats19.q is failing on trunk&lt;br/&gt;
(Kevin Wilfong via namit) (Revision 1421161)&lt;/p&gt;

&lt;p&gt;     Result = SUCCESS&lt;br/&gt;
namit : &lt;a href=&quot;http://svn.apache.org/viewcvs.cgi/?root=Apache-SVN&amp;amp;view=rev&amp;amp;rev=1421161&quot; class=&quot;external-link&quot; target=&quot;_blank&quot; rel=&quot;nofollow noopener&quot;&gt;http://svn.apache.org/viewcvs.cgi/?root=Apache-SVN&amp;amp;view=rev&amp;amp;rev=1421161&lt;/a&gt;&lt;br/&gt;
Files : &lt;/p&gt;
&lt;ul&gt;
	&lt;li&gt;/hive/trunk/ql/src/test/org/apache/hadoop/hive/ql/stats/KeyVerifyingStatsAggregator.java&lt;/li&gt;
&lt;/ul&gt;
</comment>
                            <comment id="13548222" author="hudson" created="Wed, 9 Jan 2013 10:24:52 +0000"  >&lt;p&gt;Integrated in Hive-trunk-hadoop2 #54 (See &lt;a href=&quot;https://builds.apache.org/job/Hive-trunk-hadoop2/54/&quot; class=&quot;external-link&quot; target=&quot;_blank&quot; rel=&quot;nofollow noopener&quot;&gt;https://builds.apache.org/job/Hive-trunk-hadoop2/54/&lt;/a&gt;)&lt;br/&gt;
    &lt;a href=&quot;https://issues.apache.org/jira/browse/HIVE-3783&quot; title=&quot;stats19.q is failing on trunk&quot; class=&quot;issue-link&quot; data-issue-key=&quot;HIVE-3783&quot;&gt;&lt;del&gt;HIVE-3783&lt;/del&gt;&lt;/a&gt; stats19.q is failing on trunk&lt;br/&gt;
(Kevin Wilfong via namit) (Revision 1421161)&lt;/p&gt;

&lt;p&gt;     Result = ABORTED&lt;br/&gt;
namit : &lt;a href=&quot;http://svn.apache.org/viewcvs.cgi/?root=Apache-SVN&amp;amp;view=rev&amp;amp;rev=1421161&quot; class=&quot;external-link&quot; target=&quot;_blank&quot; rel=&quot;nofollow noopener&quot;&gt;http://svn.apache.org/viewcvs.cgi/?root=Apache-SVN&amp;amp;view=rev&amp;amp;rev=1421161&lt;/a&gt;&lt;br/&gt;
Files : &lt;/p&gt;
&lt;ul&gt;
	&lt;li&gt;/hive/trunk/ql/src/test/org/apache/hadoop/hive/ql/stats/KeyVerifyingStatsAggregator.java&lt;/li&gt;
&lt;/ul&gt;
</comment>
                    </comments>
                    <attachments>
                            <attachment id="12560445" name="HIVE-3783.1.patch.txt" size="830" author="kevinwilfong" created="Tue, 11 Dec 2012 20:29:03 +0000"/>
                    </attachments>
                <subtasks>
                    </subtasks>
                <customfields>
                                                                            <customfield id="customfield_12310310" key="com.atlassian.jira.toolkit:attachments">
                        <customfieldname>Attachment count</customfieldname>
                        <customfieldvalues>
                            <customfieldvalue>1.0</customfieldvalue>
                        </customfieldvalues>
                    </customfield>
                                                                                                                                                                                                                                                                                                                                                                                                                                                                                                                                                                                                                                                                                                        <customfield id="customfield_12314020" key="com.atlassian.jira.plugins.jira-development-integration-plugin:devsummary">
                        <customfieldname>Development</customfieldname>
                        <customfieldvalues>
                            
                        </customfieldvalues>
                    </customfield>
                                                                                                                        <customfield id="customfield_12313422" key="com.atlassian.jirafisheyeplugin:jobcheckbox">
                        <customfieldname>Enable Automatic Patch Review</customfieldname>
                        <customfieldvalues>
                            <customfieldvalue><![CDATA[false]]></customfieldvalue>

                        </customfieldvalues>
                    </customfield>
                                                                                                                                                                                                                                                                                                                                                                                                                                                                                                                                                                                                                                                <customfield id="customfield_12310420" key="com.pyxis.greenhopper.jira:gh-global-rank">
                        <customfieldname>Global Rank</customfieldname>
                        <customfieldvalues>
                            <customfieldvalue>296617</customfieldvalue>
                        </customfieldvalues>
                    </customfield>
                                                                <customfield id="customfield_12310191" key="com.atlassian.jira.plugin.system.customfieldtypes:multicheckboxes">
                        <customfieldname>Hadoop Flags</customfieldname>
                        <customfieldvalues>
                                <customfieldvalue key="10343"><![CDATA[Reviewed]]></customfieldvalue>
    
                        </customfieldvalues>
                    </customfield>
                                                                                                                                                                                                                                        <customfield id="customfield_12312521" key="com.atlassian.jira.toolkit:LastCommentDate">
                        <customfieldname>Last public comment date</customfieldname>
                        <customfieldvalues>
                            12 years, 46 weeks ago
                        </customfieldvalues>
                    </customfield>
                                                                                                                                                                                                                                                                                                <customfield id="customfield_12311820" key="com.pyxis.greenhopper.jira:gh-lexo-rank">
                        <customfieldname>Rank</customfieldname>
                        <customfieldvalues>
                            <customfieldvalue>0|i14anb:</customfieldvalue>

                        </customfieldvalues>
                    </customfield>
                                                                <customfield id="customfield_12310920" key="com.pyxis.greenhopper.jira:gh-global-rank">
                        <customfieldname>Rank (Obsolete)</customfieldname>
                        <customfieldvalues>
                            <customfieldvalue>233188</customfieldvalue>
                        </customfieldvalues>
                    </customfield>
                                                                                                                                                                                                                                                                                                                                                                                                                                                                                                                                                                                                                                                                                                                                                                                                                                                                                </customfields>
    </item>
</channel>
</rss>