<!-- 
RSS generated by JIRA (8.20.10#820010-sha1:ace47f9899e9ee25d7157d59aa17ab06aee30d3d) at Wed Nov 12 18:04:02 UTC 2025

It is possible to restrict the fields that are returned in this document by specifying the 'field' parameter in your request.
For example, to request only the issue key and summary append 'field=key&field=summary' to the URL of your request.
-->
<rss version="0.92" >
<channel>
    <title>ASF Jira</title>
    <link>https://issues.apache.org/jira</link>
    <description>This file is an XML representation of an issue</description>
    <language>en-uk</language>    <build-info>
        <version>8.20.10</version>
        <build-number>820010</build-number>
        <build-date>22-06-2022</build-date>
    </build-info>


<item>
            <title>[HIVE-3789] Patch HIVE-3648 causing the majority of unit tests to fail on branch 0.9</title>
                <link>https://issues.apache.org/jira/browse/HIVE-3789</link>
                <project id="12310843" key="HIVE">Hive</project>
                    <description>&lt;p&gt;Rolling back to before this patch shows that the unit tests are passing, after the patch, the majority of the unit tests are failing.&lt;/p&gt;</description>
                <environment>&lt;p&gt;Hadooop 0.23.5, JDK 1.6.0_31&lt;/p&gt;</environment>
        <key id="12623322">HIVE-3789</key>
            <summary>Patch HIVE-3648 causing the majority of unit tests to fail on branch 0.9</summary>
                <type id="1" iconUrl="https://issues.apache.org/jira/secure/viewavatar?size=xsmall&amp;avatarId=21133&amp;avatarType=issuetype">Bug</type>
                                            <priority id="3" iconUrl="https://issues.apache.org/jira/images/icons/priorities/major.svg">Major</priority>
                        <status id="6" iconUrl="https://issues.apache.org/jira/images/icons/statuses/closed.png" description="The issue is considered finished, the resolution is correct. Issues which are not closed can be reopened.">Closed</status>
                    <statusCategory id="3" key="done" colorName="green"/>
                                    <resolution id="1">Fixed</resolution>
                                        <assignee username="amalakar">Arup Malakar</assignee>
                                    <reporter username="cdrome">Chris Drome</reporter>
                        <labels>
                    </labels>
                <created>Tue, 11 Dec 2012 03:08:22 +0000</created>
                <updated>Thu, 16 May 2013 21:10:21 +0000</updated>
                            <resolved>Tue, 8 Jan 2013 18:12:59 +0000</resolved>
                                    <version>0.9.0</version>
                    <version>0.10.0</version>
                                    <fixVersion>0.11.0</fixVersion>
                                    <component>Metastore</component>
                    <component>Tests</component>
                        <due></due>
                            <votes>0</votes>
                                    <watches>4</watches>
                                                                                                                <comments>
                            <comment id="13529499" author="amalakar" created="Wed, 12 Dec 2012 00:08:04 +0000"  >&lt;p&gt;Chris, I am seeing the errors too, I am investigating it. Meanwhile if someone has any clue on the following exception that I am seeing for the test failures:&lt;/p&gt;

&lt;div class=&quot;code panel&quot; style=&quot;border-width: 1px;&quot;&gt;&lt;div class=&quot;codeContent panelContent&quot;&gt;
&lt;pre class=&quot;code-java&quot;&gt;    [junit] Running org.apache.hadoop.hive.ql.parse.TestContribParse
    [junit] Cleaning up TestContribParse
    [junit] Exception: MetaException(message:Got exception: java.lang.IllegalArgumentException Wrong FS: pfile:/Users/malakar/code/oss/hive_09/hive/build/contrib/test/data/warehouse/src_json, expected: file:&lt;span class=&quot;code-comment&quot;&gt;///)
&lt;/span&gt;    [junit] Tests run: 1, Failures: 1, Errors: 0, Time elapsed: 4.433 sec
    [junit] org.apache.hadoop.hive.ql.metadata.HiveException: MetaException(message:Got exception: java.lang.IllegalArgumentException Wrong FS: pfile:/Users/malakar/code/oss/hive_09/hive/build/contrib/test/data/warehouse/src_json, expected: file:&lt;span class=&quot;code-comment&quot;&gt;///)
&lt;/span&gt;    [junit] 	at org.apache.hadoop.hive.ql.metadata.Hive.dropTable(Hive.java:813)
    [junit] 	at org.apache.hadoop.hive.ql.metadata.Hive.dropTable(Hive.java:789)
    [junit] 	at org.apache.hadoop.hive.ql.QTestUtil.cleanUp(QTestUtil.java:421)
    [junit] 	at org.apache.hadoop.hive.ql.QTestUtil.shutdown(QTestUtil.java:278)
    [junit] 	at org.apache.hadoop.hive.ql.parse.TestContribParse.tearDown(TestContribParse.java:59)
    [junit] 	at junit.framework.TestCase.runBare(TestCase.java:140)
    [junit] 	at junit.framework.TestResult$1.protect(TestResult.java:110)
    [junit] 	at junit.framework.TestResult.runProtected(TestResult.java:128)
    [junit] 	at junit.framework.TestResult.run(TestResult.java:113)
    [junit] 	at junit.framework.TestCase.run(TestCase.java:124)
    [junit] 	at junit.framework.TestSuite.runTest(TestSuite.java:243)
    [junit] 	at junit.framework.TestSuite.run(TestSuite.java:238)
    [junit] 	at org.apache.tools.ant.taskdefs.optional.junit.JUnitTestRunner.run(JUnitTestRunner.java:520)
    [junit] 	at org.apache.tools.ant.taskdefs.optional.junit.JUnitTestRunner.launch(JUnitTestRunner.java:1060)
    [junit] 	at org.apache.tools.ant.taskdefs.optional.junit.JUnitTestRunner.main(JUnitTestRunner.java:911)
    [junit] Caused by: MetaException(message:Got exception: java.lang.IllegalArgumentException Wrong FS: pfile:/Users/malakar/code/oss/hive_09/hive/build/contrib/test/data/warehouse/src_json, expected: file:&lt;span class=&quot;code-comment&quot;&gt;///)
&lt;/span&gt;    [junit] 	at org.apache.hadoop.hive.metastore.MetaStoreUtils.logAndThrowMetaException(MetaStoreUtils.java:785)
    [junit] 	at org.apache.hadoop.hive.metastore.HiveMetaStoreFsImpl.deleteDir(HiveMetaStoreFsImpl.java:61)
    [junit] 	at org.apache.hadoop.hive.metastore.Warehouse.deleteDir(Warehouse.java:200)
    [junit] 	at org.apache.hadoop.hive.metastore.HiveMetaStore$HMSHandler.drop_table_core(HiveMetaStore.java:929)
    [junit] 	at org.apache.hadoop.hive.metastore.HiveMetaStore$HMSHandler.drop_table(HiveMetaStore.java:944)
    [junit] 	at org.apache.hadoop.hive.metastore.HiveMetaStoreClient.dropTable(HiveMetaStoreClient.java:553)
    [junit] 	at org.apache.hadoop.hive.ql.metadata.Hive.dropTable(Hive.java:807)
    [junit] 	... 14 more
    [junit] Test org.apache.hadoop.hive.ql.parse.TestContribParse FAILED
      [&lt;span class=&quot;code-keyword&quot;&gt;for&lt;/span&gt;] /Users/malakar/code/oss/hive_09/hive/contrib/build.xml: The following error occurred &lt;span class=&quot;code-keyword&quot;&gt;while&lt;/span&gt; executing &lt;span class=&quot;code-keyword&quot;&gt;this&lt;/span&gt; line:
      [&lt;span class=&quot;code-keyword&quot;&gt;for&lt;/span&gt;] /Users/malakar/code/oss/hive_09/hive/build.xml:321: The following error occurred &lt;span class=&quot;code-keyword&quot;&gt;while&lt;/span&gt; executing &lt;span class=&quot;code-keyword&quot;&gt;this&lt;/span&gt; line:
      [&lt;span class=&quot;code-keyword&quot;&gt;for&lt;/span&gt;] /Users/malakar/code/oss/hive_09/hive/build-common.xml:448: Tests failed!
&lt;/pre&gt;
&lt;/div&gt;&lt;/div&gt;</comment>
                            <comment id="13530545" author="amalakar" created="Thu, 13 Dec 2012 00:43:32 +0000"  >&lt;p&gt;The exception gets eaten up and doesn&apos;t show up in console. Here is the exact stacktrace which I caught and logged, before rethrowing.&lt;/p&gt;

&lt;div class=&quot;code panel&quot; style=&quot;border-width: 1px;&quot;&gt;&lt;div class=&quot;codeContent panelContent&quot;&gt;
&lt;pre class=&quot;code-java&quot;&gt;[junit] Something wrong happened &lt;span class=&quot;code-keyword&quot;&gt;while&lt;/span&gt; moving to trash Wrong FS: pfile:/Users/malakar/code/oss/hive_09/hive/build/metastore/test/data/warehouse/testtablefilter.db/table1, expected: file:&lt;span class=&quot;code-comment&quot;&gt;///    [junit] org.apache.hadoop.fs.FileSystem.checkPath(FileSystem.java:581)
&lt;/span&gt;    [junit] org.apache.hadoop.fs.FileSystem.resolvePath(FileSystem.java:680)
    [junit] org.apache.hadoop.fs.FilterFileSystem.resolvePath(FilterFileSystem.java:139)
    [junit] org.apache.hadoop.fs.FilterFileSystem.resolvePath(FilterFileSystem.java:139)
    [junit] org.apache.hadoop.fs.FilterFileSystem.resolvePath(FilterFileSystem.java:139)
    [junit] org.apache.hadoop.fs.Trash.moveToAppropriateTrash(Trash.java:70)
    [junit] org.apache.hadoop.hive.shims.Hadoop23Shims.moveToAppropriateTrash(Hadoop23Shims.java:133)
    [junit] org.apache.hadoop.hive.metastore.HiveMetaStoreFsImpl.deleteDir(HiveMetaStoreFsImpl.java:45)
    [junit] org.apache.hadoop.hive.metastore.Warehouse.deleteDir(Warehouse.java:201)
    [junit] org.apache.hadoop.hive.metastore.HiveMetaStore$HMSHandler.drop_table_core(HiveMetaStore.java:929)
    [junit] org.apache.hadoop.hive.metastore.HiveMetaStore$HMSHandler.drop_table(HiveMetaStore.java:944)
    [junit] org.apache.hadoop.hive.metastore.api.ThriftHiveMetastore$Processor$drop_table.getResult(ThriftHiveMetastore.java:4955)
    [junit] org.apache.hadoop.hive.metastore.api.ThriftHiveMetastore$Processor$drop_table.getResult(ThriftHiveMetastore.java:4943)
    [junit] org.apache.thrift.ProcessFunction.process(ProcessFunction.java:32)
    [junit] org.apache.thrift.TBaseProcessor.process(TBaseProcessor.java:34)
    [junit] org.apache.hadoop.hive.metastore.TSetIpAddressProcessor.process(TSetIpAddressProcessor.java:48)
    [junit] org.apache.thrift.server.TThreadPoolServer$WorkerProcess.run(TThreadPoolServer.java:176)
    [junit] java.util.concurrent.ThreadPoolExecutor$Worker.runTask(ThreadPoolExecutor.java:886)
    [junit] java.util.concurrent.ThreadPoolExecutor$Worker.run(ThreadPoolExecutor.java:908)
    [junit] java.lang.&lt;span class=&quot;code-object&quot;&gt;Thread&lt;/span&gt;.run(&lt;span class=&quot;code-object&quot;&gt;Thread&lt;/span&gt;.java:680)
&lt;/pre&gt;
&lt;/div&gt;&lt;/div&gt;</comment>
                            <comment id="13535209" author="amalakar" created="Tue, 18 Dec 2012 19:42:48 +0000"  >&lt;p&gt;Trash.moveToAppropriateTrash calls resolvePath, whose implementation is in the actual FileSystem behind ProxyFileSystem. resolvePath checks if the path being moved belongs to that filessystem or not. This check fails since it sees the proxy schema( &quot;pfile&quot;) in the path instead of its own schema (&quot;file&quot;). Overriding resolvePath to call the checkPath in ProxyFileSystem, fixed the problem.&lt;/p&gt;

&lt;p&gt;Also the old implementation of checkPath was incorrect, as it throws away the schema/authority being passed before calling super. It should check if they match the proxy schema/authority.&lt;/p&gt;

&lt;p&gt;The problem here was that ProxyFileSystem contains the FileSystem as a class member and it doesn&apos;t extend it. Because of this reason if a method in FileSystem calls another method in it, the method in FileSystem gets called not the overriden method in ProxyFileSystem. In this case resolvePath internally calls checkPath(), but the checkPath of RawFileSystem gets called instead of the overridden checkPath() in ProxyFileSystem. &lt;/p&gt;</comment>
                            <comment id="13535216" author="amalakar" created="Tue, 18 Dec 2012 19:45:05 +0000"  >&lt;p&gt;Trunk review: &lt;a href=&quot;https://reviews.facebook.net/D7467&quot; class=&quot;external-link&quot; target=&quot;_blank&quot; rel=&quot;nofollow noopener&quot;&gt;https://reviews.facebook.net/D7467&lt;/a&gt;&lt;/p&gt;

&lt;p&gt;Branch-0.9 review: &lt;a href=&quot;https://reviews.facebook.net/D7473&quot; class=&quot;external-link&quot; target=&quot;_blank&quot; rel=&quot;nofollow noopener&quot;&gt;https://reviews.facebook.net/D7473&lt;/a&gt;&lt;/p&gt;</comment>
                            <comment id="13544809" author="ashutoshc" created="Sat, 5 Jan 2013 20:20:13 +0000"  >&lt;p&gt;I get the need of adding resolvePath(), but I didn&apos;t get the need of modifying checkPath(). I don&apos;t see that current impl as being necessarily incorrect. I guess you are thinking that passed in path must be checked for pfile:// scheme if its non-relative and all other edge cases. But I am not sure we should make these checks.  super.checkPath(swizzleParamPath(path)) will replace real scheme and authority in the path and then checks are made against the real FS in super(). I think that is sufficient. If you revert the changes in checkPath() do test cases fail? If they don&apos;t, I will suggest to revert changes in checkPath(). &lt;/p&gt;</comment>
                            <comment id="13546285" author="amalakar" created="Mon, 7 Jan 2013 21:33:43 +0000"  >&lt;p&gt;Hi Ashutosh, you are right. My concern was that checkPath() should look for pfile:// scheme in the path that is passed. It  &lt;/p&gt;

&lt;p&gt;For the test cases to pass adding resolvePath() is sufficient. I will submit a patch without the modification in checkPath().&lt;/p&gt;</comment>
                            <comment id="13546295" author="amalakar" created="Mon, 7 Jan 2013 21:41:04 +0000"  >&lt;p&gt;Patch with reverted checkPath()&lt;/p&gt;</comment>
                            <comment id="13546535" author="ashutoshc" created="Tue, 8 Jan 2013 02:20:43 +0000"  >&lt;p&gt;+1&lt;/p&gt;</comment>
                            <comment id="13547072" author="ashutoshc" created="Tue, 8 Jan 2013 18:12:59 +0000"  >&lt;p&gt;Committed to trunk and 0.9 branch. Thanks, Arup!&lt;/p&gt;</comment>
                            <comment id="13547138" author="hudson" created="Tue, 8 Jan 2013 19:18:11 +0000"  >&lt;p&gt;Integrated in Hive-0.9.1-SNAPSHOT-h0.21-keepgoing=false #255 (See &lt;a href=&quot;https://builds.apache.org/job/Hive-0.9.1-SNAPSHOT-h0.21-keepgoing=false/255/&quot; class=&quot;external-link&quot; target=&quot;_blank&quot; rel=&quot;nofollow noopener&quot;&gt;https://builds.apache.org/job/Hive-0.9.1-SNAPSHOT-h0.21-keepgoing=false/255/&lt;/a&gt;)&lt;br/&gt;
    &lt;a href=&quot;https://issues.apache.org/jira/browse/HIVE-3789&quot; title=&quot;Patch HIVE-3648 causing the majority of unit tests to fail on branch 0.9&quot; class=&quot;issue-link&quot; data-issue-key=&quot;HIVE-3789&quot;&gt;&lt;del&gt;HIVE-3789&lt;/del&gt;&lt;/a&gt; : Patch 3648 causing the majority of unit tests to fail on branch 0.9 (Arup Malakar via Ashutosh Chauhan) (Revision 1430427)&lt;/p&gt;

&lt;p&gt;     Result = FAILURE&lt;br/&gt;
hashutosh : &lt;a href=&quot;http://svn.apache.org/viewcvs.cgi/?root=Apache-SVN&amp;amp;view=rev&amp;amp;rev=1430427&quot; class=&quot;external-link&quot; target=&quot;_blank&quot; rel=&quot;nofollow noopener&quot;&gt;http://svn.apache.org/viewcvs.cgi/?root=Apache-SVN&amp;amp;view=rev&amp;amp;rev=1430427&lt;/a&gt;&lt;br/&gt;
Files : &lt;/p&gt;
&lt;ul&gt;
	&lt;li&gt;/hive/branches/branch-0.9/shims/src/common/java/org/apache/hadoop/fs/ProxyFileSystem.java&lt;/li&gt;
&lt;/ul&gt;
</comment>
                            <comment id="13547629" author="hudson" created="Wed, 9 Jan 2013 04:37:54 +0000"  >&lt;p&gt;Integrated in Hive-0.9.1-SNAPSHOT-h0.21 #255 (See &lt;a href=&quot;https://builds.apache.org/job/Hive-0.9.1-SNAPSHOT-h0.21/255/&quot; class=&quot;external-link&quot; target=&quot;_blank&quot; rel=&quot;nofollow noopener&quot;&gt;https://builds.apache.org/job/Hive-0.9.1-SNAPSHOT-h0.21/255/&lt;/a&gt;)&lt;br/&gt;
    &lt;a href=&quot;https://issues.apache.org/jira/browse/HIVE-3789&quot; title=&quot;Patch HIVE-3648 causing the majority of unit tests to fail on branch 0.9&quot; class=&quot;issue-link&quot; data-issue-key=&quot;HIVE-3789&quot;&gt;&lt;del&gt;HIVE-3789&lt;/del&gt;&lt;/a&gt; : Patch 3648 causing the majority of unit tests to fail on branch 0.9 (Arup Malakar via Ashutosh Chauhan) (Revision 1430427)&lt;/p&gt;

&lt;p&gt;     Result = SUCCESS&lt;br/&gt;
hashutosh : &lt;a href=&quot;http://svn.apache.org/viewcvs.cgi/?root=Apache-SVN&amp;amp;view=rev&amp;amp;rev=1430427&quot; class=&quot;external-link&quot; target=&quot;_blank&quot; rel=&quot;nofollow noopener&quot;&gt;http://svn.apache.org/viewcvs.cgi/?root=Apache-SVN&amp;amp;view=rev&amp;amp;rev=1430427&lt;/a&gt;&lt;br/&gt;
Files : &lt;/p&gt;
&lt;ul&gt;
	&lt;li&gt;/hive/branches/branch-0.9/shims/src/common/java/org/apache/hadoop/fs/ProxyFileSystem.java&lt;/li&gt;
&lt;/ul&gt;
</comment>
                            <comment id="13547786" author="hudson" created="Wed, 9 Jan 2013 09:10:58 +0000"  >&lt;p&gt;Integrated in Hive-trunk-h0.21 #1902 (See &lt;a href=&quot;https://builds.apache.org/job/Hive-trunk-h0.21/1902/&quot; class=&quot;external-link&quot; target=&quot;_blank&quot; rel=&quot;nofollow noopener&quot;&gt;https://builds.apache.org/job/Hive-trunk-h0.21/1902/&lt;/a&gt;)&lt;br/&gt;
    &lt;a href=&quot;https://issues.apache.org/jira/browse/HIVE-3789&quot; title=&quot;Patch HIVE-3648 causing the majority of unit tests to fail on branch 0.9&quot; class=&quot;issue-link&quot; data-issue-key=&quot;HIVE-3789&quot;&gt;&lt;del&gt;HIVE-3789&lt;/del&gt;&lt;/a&gt; : Patch 3648 causing the majority of unit tests to fail on branch 0.9 (Arup Malakar via Ashutosh Chauhan) (Revision 1430420)&lt;/p&gt;

&lt;p&gt;     Result = SUCCESS&lt;br/&gt;
hashutosh : &lt;a href=&quot;http://svn.apache.org/viewcvs.cgi/?root=Apache-SVN&amp;amp;view=rev&amp;amp;rev=1430420&quot; class=&quot;external-link&quot; target=&quot;_blank&quot; rel=&quot;nofollow noopener&quot;&gt;http://svn.apache.org/viewcvs.cgi/?root=Apache-SVN&amp;amp;view=rev&amp;amp;rev=1430420&lt;/a&gt;&lt;br/&gt;
Files : &lt;/p&gt;
&lt;ul&gt;
	&lt;li&gt;/hive/trunk/shims/src/common/java/org/apache/hadoop/fs/ProxyFileSystem.java&lt;/li&gt;
&lt;/ul&gt;
</comment>
                            <comment id="13548163" author="hudson" created="Wed, 9 Jan 2013 10:24:39 +0000"  >&lt;p&gt;Integrated in Hive-trunk-hadoop2 #54 (See &lt;a href=&quot;https://builds.apache.org/job/Hive-trunk-hadoop2/54/&quot; class=&quot;external-link&quot; target=&quot;_blank&quot; rel=&quot;nofollow noopener&quot;&gt;https://builds.apache.org/job/Hive-trunk-hadoop2/54/&lt;/a&gt;)&lt;br/&gt;
    &lt;a href=&quot;https://issues.apache.org/jira/browse/HIVE-3789&quot; title=&quot;Patch HIVE-3648 causing the majority of unit tests to fail on branch 0.9&quot; class=&quot;issue-link&quot; data-issue-key=&quot;HIVE-3789&quot;&gt;&lt;del&gt;HIVE-3789&lt;/del&gt;&lt;/a&gt; : Patch 3648 causing the majority of unit tests to fail on branch 0.9 (Arup Malakar via Ashutosh Chauhan) (Revision 1430420)&lt;/p&gt;

&lt;p&gt;     Result = ABORTED&lt;br/&gt;
hashutosh : &lt;a href=&quot;http://svn.apache.org/viewcvs.cgi/?root=Apache-SVN&amp;amp;view=rev&amp;amp;rev=1430420&quot; class=&quot;external-link&quot; target=&quot;_blank&quot; rel=&quot;nofollow noopener&quot;&gt;http://svn.apache.org/viewcvs.cgi/?root=Apache-SVN&amp;amp;view=rev&amp;amp;rev=1430420&lt;/a&gt;&lt;br/&gt;
Files : &lt;/p&gt;
&lt;ul&gt;
	&lt;li&gt;/hive/trunk/shims/src/common/java/org/apache/hadoop/fs/ProxyFileSystem.java&lt;/li&gt;
&lt;/ul&gt;
</comment>
                            <comment id="13549113" author="amalakar" created="Wed, 9 Jan 2013 22:30:52 +0000"  >&lt;p&gt;Hi Ashutosh, can you also commit the changes for branch-0.10?&lt;/p&gt;</comment>
                    </comments>
                <issuelinks>
                            <issuelinktype id="12310050">
                    <name>Regression</name>
                                                                <inwardlinks description="is broken by">
                                        <issuelink>
            <issuekey id="12614379">HIVE-3648</issuekey>
        </issuelink>
                            </inwardlinks>
                                    </issuelinktype>
                            <issuelinktype id="10001">
                    <name>dependent</name>
                                                                <inwardlinks description="is depended upon by">
                                        <issuelink>
            <issuekey id="12613841">HIVE-3630</issuekey>
        </issuelink>
            <issuelink>
            <issuekey id="12613842">HIVE-3631</issuekey>
        </issuelink>
                            </inwardlinks>
                                    </issuelinktype>
                    </issuelinks>
                <attachments>
                            <attachment id="12564048" name="HIVE-3789.branch-0.10_1.patch" size="1038" author="amalakar" created="Wed, 9 Jan 2013 22:30:52 +0000"/>
                            <attachment id="12561550" name="HIVE-3789.branch-0.9_1.patch" size="2369" author="amalakar" created="Tue, 18 Dec 2012 19:45:05 +0000"/>
                            <attachment id="12563632" name="HIVE-3789.branch-0.9_2.patch" size="1039" author="amalakar" created="Mon, 7 Jan 2013 21:41:04 +0000"/>
                            <attachment id="12561551" name="HIVE-3789.trunk.1.patch" size="2238" author="amalakar" created="Tue, 18 Dec 2012 19:45:05 +0000"/>
                            <attachment id="12563631" name="HIVE-3789.trunk.2.patch" size="1038" author="amalakar" created="Mon, 7 Jan 2013 21:41:04 +0000"/>
                    </attachments>
                <subtasks>
                    </subtasks>
                <customfields>
                                                                            <customfield id="customfield_12310310" key="com.atlassian.jira.toolkit:attachments">
                        <customfieldname>Attachment count</customfieldname>
                        <customfieldvalues>
                            <customfieldvalue>5.0</customfieldvalue>
                        </customfieldvalues>
                    </customfield>
                                                                                                                                                                                                                                                                                                                                                                                                                                                                                                                                                                                                                                                                                                        <customfield id="customfield_12314020" key="com.atlassian.jira.plugins.jira-development-integration-plugin:devsummary">
                        <customfieldname>Development</customfieldname>
                        <customfieldvalues>
                            
                        </customfieldvalues>
                    </customfield>
                                                                                                                        <customfield id="customfield_12313422" key="com.atlassian.jirafisheyeplugin:jobcheckbox">
                        <customfieldname>Enable Automatic Patch Review</customfieldname>
                        <customfieldvalues>
                            <customfieldvalue><![CDATA[false]]></customfieldvalue>

                        </customfieldvalues>
                    </customfield>
                                                                                                                                                                                                                                                                                                                                                                                                                                                                                                                                                                                                                                                <customfield id="customfield_12310420" key="com.pyxis.greenhopper.jira:gh-global-rank">
                        <customfieldname>Global Rank</customfieldname>
                        <customfieldvalues>
                            <customfieldvalue>296941</customfieldvalue>
                        </customfieldvalues>
                    </customfield>
                                                                                                                                                                                                                                                                    <customfield id="customfield_12312521" key="com.atlassian.jira.toolkit:LastCommentDate">
                        <customfieldname>Last public comment date</customfieldname>
                        <customfieldvalues>
                            12 years, 45 weeks, 6 days ago
                        </customfieldvalues>
                    </customfield>
                                                                                                                                                                                                                                                                                                <customfield id="customfield_12311820" key="com.pyxis.greenhopper.jira:gh-lexo-rank">
                        <customfieldname>Rank</customfieldname>
                        <customfieldvalues>
                            <customfieldvalue>0|i14jrz:</customfieldvalue>

                        </customfieldvalues>
                    </customfield>
                                                                <customfield id="customfield_12310920" key="com.pyxis.greenhopper.jira:gh-global-rank">
                        <customfieldname>Rank (Obsolete)</customfieldname>
                        <customfieldvalues>
                            <customfieldvalue>234667</customfieldvalue>
                        </customfieldvalues>
                    </customfield>
                                                                                            <customfield id="customfield_12310192" key="com.atlassian.jira.plugin.system.customfieldtypes:textarea">
                        <customfieldname>Release Note</customfieldname>
                        <customfieldvalues>
                            <customfieldvalue>[&lt;a href=&quot;https://issues.apache.org/jira/browse/HIVE-3789&quot; title=&quot;Patch HIVE-3648 causing the majority of unit tests to fail on branch 0.9&quot; class=&quot;issue-link&quot; data-issue-key=&quot;HIVE-3789&quot;&gt;&lt;strike&gt;HIVE-3789&lt;/strike&gt;&lt;/a&gt;] Added resolvePath method in ProxyFileSystem, so that the underlying filesystem resolvePath is not called. Fixed checkPath as well, since it was ignoring the schema and authority of the path being passed.</customfieldvalue>

                        </customfieldvalues>
                    </customfield>
                                                                                                                                                                                                                                                                                                                                                                                                                                                                                                                                                                                                                                                                                                                                                                                                                        </customfields>
    </item>
</channel>
</rss>