<!-- 
RSS generated by JIRA (8.20.10#820010-sha1:ace47f9899e9ee25d7157d59aa17ab06aee30d3d) at Wed Nov 12 18:15:24 UTC 2025

It is possible to restrict the fields that are returned in this document by specifying the 'field' parameter in your request.
For example, to request only the issue key and summary append 'field=key&field=summary' to the URL of your request.
-->
<rss version="0.92" >
<channel>
    <title>ASF Jira</title>
    <link>https://issues.apache.org/jira</link>
    <description>This file is an XML representation of an issue</description>
    <language>en-uk</language>    <build-info>
        <version>8.20.10</version>
        <build-number>820010</build-number>
        <build-date>22-06-2022</build-date>
    </build-info>


<item>
            <title>[HIVE-6205] alter &lt;table&gt; partition column throws NPE in authorization</title>
                <link>https://issues.apache.org/jira/browse/HIVE-6205</link>
                <project id="12310843" key="HIVE">Hive</project>
                    <description>&lt;p&gt;alter table alter_coltype partition column (dt int);&lt;/p&gt;
&lt;div class=&quot;preformatted panel&quot; style=&quot;border-width: 1px;&quot;&gt;&lt;div class=&quot;preformattedContent panelContent&quot;&gt;
&lt;pre&gt;2014-01-15 15:53:40,364 ERROR ql.Driver (SessionState.java:printError(457)) - FAILED: NullPointerException null
java.lang.NullPointerException
	at org.apache.hadoop.hive.ql.Driver.doAuthorization(Driver.java:599)
	at org.apache.hadoop.hive.ql.Driver.compile(Driver.java:479)
	at org.apache.hadoop.hive.ql.Driver.compile(Driver.java:340)
	at org.apache.hadoop.hive.ql.Driver.compileInternal(Driver.java:996)
	at org.apache.hadoop.hive.ql.Driver.runInternal(Driver.java:1039)
	at org.apache.hadoop.hive.ql.Driver.run(Driver.java:932)
	at org.apache.hadoop.hive.ql.Driver.run(Driver.java:922)
	at org.apache.hadoop.hive.cli.CliDriver.processLocalCmd(CliDriver.java:268)
	at org.apache.hadoop.hive.cli.CliDriver.processCmd(CliDriver.java:220)
	at org.apache.hadoop.hive.cli.CliDriver.processLine(CliDriver.java:424)
	at org.apache.hadoop.hive.cli.CliDriver.executeDriver(CliDriver.java:792)
	at org.apache.hadoop.hive.cli.CliDriver.run(CliDriver.java:686)
	at org.apache.hadoop.hive.cli.CliDriver.main(CliDriver.java:625)
	at sun.reflect.NativeMethodAccessorImpl.invoke0(Native Method)
	at sun.reflect.NativeMethodAccessorImpl.invoke(NativeMethodAccessorImpl.java:39)
	at sun.reflect.DelegatingMethodAccessorImpl.invoke(DelegatingMethodAccessorImpl.java:25)
	at java.lang.reflect.Method.invoke(Method.java:597)
	at org.apache.hadoop.util.RunJar.main(RunJar.java:197)
&lt;/pre&gt;
&lt;/div&gt;&lt;/div&gt;

&lt;p&gt;Operation for TOK_ALTERTABLE_ALTERPARTS is not defined.&lt;/p&gt;</description>
                <environment></environment>
        <key id="12688954">HIVE-6205</key>
            <summary>alter &lt;table&gt; partition column throws NPE in authorization</summary>
                <type id="1" iconUrl="https://issues.apache.org/jira/secure/viewavatar?size=xsmall&amp;avatarId=21133&amp;avatarType=issuetype">Bug</type>
                                            <priority id="3" iconUrl="https://issues.apache.org/jira/images/icons/priorities/major.svg">Major</priority>
                        <status id="5" iconUrl="https://issues.apache.org/jira/images/icons/statuses/resolved.png" description="A resolution has been taken, and it is awaiting verification by reporter. From here issues are either reopened, or are closed.">Resolved</status>
                    <statusCategory id="3" key="done" colorName="green"/>
                                    <resolution id="1">Fixed</resolution>
                                        <assignee username="navis">Navis Ryu</assignee>
                                    <reporter username="navis">Navis Ryu</reporter>
                        <labels>
                    </labels>
                <created>Wed, 15 Jan 2014 07:34:15 +0000</created>
                <updated>Sat, 25 Jan 2014 20:28:47 +0000</updated>
                            <resolved>Sat, 25 Jan 2014 20:28:47 +0000</resolved>
                                                    <fixVersion>0.13.0</fixVersion>
                                    <component>Authorization</component>
                        <due></due>
                            <votes>0</votes>
                                    <watches>2</watches>
                                                                                                                <comments>
                            <comment id="13871770" author="navis" created="Wed, 15 Jan 2014 07:39:36 +0000"  >&lt;p&gt;Running preliminary test&lt;/p&gt;</comment>
                            <comment id="13872241" author="hiveqa" created="Wed, 15 Jan 2014 16:27:33 +0000"  >

&lt;p&gt;&lt;font color=&quot;red&quot;&gt;Overall&lt;/font&gt;: -1 no tests executed&lt;/p&gt;

&lt;p&gt;Here are the results of testing the latest attachment:&lt;br/&gt;
&lt;a href=&quot;https://issues.apache.org/jira/secure/attachment/12623084/HIVE-6205.1.patch.txt&quot; class=&quot;external-link&quot; rel=&quot;nofollow&quot;&gt;https://issues.apache.org/jira/secure/attachment/12623084/HIVE-6205.1.patch.txt&lt;/a&gt;&lt;/p&gt;

&lt;p&gt;Test results: &lt;a href=&quot;http://bigtop01.cloudera.org:8080/job/PreCommit-HIVE-Build/923/testReport&quot; class=&quot;external-link&quot; target=&quot;_blank&quot; rel=&quot;nofollow noopener&quot;&gt;http://bigtop01.cloudera.org:8080/job/PreCommit-HIVE-Build/923/testReport&lt;/a&gt;&lt;br/&gt;
Console output: &lt;a href=&quot;http://bigtop01.cloudera.org:8080/job/PreCommit-HIVE-Build/923/console&quot; class=&quot;external-link&quot; target=&quot;_blank&quot; rel=&quot;nofollow noopener&quot;&gt;http://bigtop01.cloudera.org:8080/job/PreCommit-HIVE-Build/923/console&lt;/a&gt;&lt;/p&gt;

&lt;p&gt;Messages:&lt;/p&gt;
&lt;div class=&quot;preformatted panel&quot; style=&quot;border-width: 1px;&quot;&gt;&lt;div class=&quot;preformattedContent panelContent&quot;&gt;
&lt;pre&gt;**** This message was trimmed, see log for full details ****
main:
    [mkdir] Created dir: /data/hive-ptest/working/apache-svn-trunk-source/contrib/target/tmp
    [mkdir] Created dir: /data/hive-ptest/working/apache-svn-trunk-source/contrib/target/warehouse
    [mkdir] Created dir: /data/hive-ptest/working/apache-svn-trunk-source/contrib/target/tmp/conf
     [copy] Copying 5 files to /data/hive-ptest/working/apache-svn-trunk-source/contrib/target/tmp/conf
[INFO] Executed tasks
[INFO] 
[INFO] --- maven-compiler-plugin:3.1:testCompile (default-testCompile) @ hive-contrib ---
[INFO] Compiling 2 source files to /data/hive-ptest/working/apache-svn-trunk-source/contrib/target/test-classes
[WARNING] Note: /data/hive-ptest/working/apache-svn-trunk-source/contrib/src/test/org/apache/hadoop/hive/contrib/serde2/TestRegexSerDe.java uses or overrides a deprecated API.
[WARNING] Note: Recompile with -Xlint:deprecation for details.
[INFO] 
[INFO] --- maven-surefire-plugin:2.16:test (default-test) @ hive-contrib ---
[INFO] Tests are skipped.
[INFO] 
[INFO] --- maven-jar-plugin:2.2:jar (default-jar) @ hive-contrib ---
[INFO] Building jar: /data/hive-ptest/working/apache-svn-trunk-source/contrib/target/hive-contrib-0.13.0-SNAPSHOT.jar
[INFO] 
[INFO] --- maven-install-plugin:2.4:install (default-install) @ hive-contrib ---
[INFO] Installing /data/hive-ptest/working/apache-svn-trunk-source/contrib/target/hive-contrib-0.13.0-SNAPSHOT.jar to /data/hive-ptest/working/maven/org/apache/hive/hive-contrib/0.13.0-SNAPSHOT/hive-contrib-0.13.0-SNAPSHOT.jar
[INFO] Installing /data/hive-ptest/working/apache-svn-trunk-source/contrib/pom.xml to /data/hive-ptest/working/maven/org/apache/hive/hive-contrib/0.13.0-SNAPSHOT/hive-contrib-0.13.0-SNAPSHOT.pom
[INFO]                                                                         
[INFO] ------------------------------------------------------------------------
[INFO] Building Hive HBase Handler 0.13.0-SNAPSHOT
[INFO] ------------------------------------------------------------------------
[INFO] 
[INFO] --- maven-clean-plugin:2.5:clean (default-clean) @ hive-hbase-handler ---
[INFO] Deleting /data/hive-ptest/working/apache-svn-trunk-source/hbase-handler (includes = [datanucleus.log, derby.log], excludes = [])
[INFO] 
[INFO] --- maven-resources-plugin:2.5:resources (default-resources) @ hive-hbase-handler ---
[debug] execute contextualize
[INFO] Using &apos;UTF-8&apos; encoding to copy filtered resources.
[INFO] skip non existing resourceDirectory /data/hive-ptest/working/apache-svn-trunk-source/hbase-handler/src/main/resources
[INFO] 
[INFO] --- maven-antrun-plugin:1.7:run (define-classpath) @ hive-hbase-handler ---
[INFO] Executing tasks

main:
[INFO] Executed tasks
[INFO] 
[INFO] --- maven-compiler-plugin:3.1:compile (default-compile) @ hive-hbase-handler ---
[INFO] Compiling 18 source files to /data/hive-ptest/working/apache-svn-trunk-source/hbase-handler/target/classes
[WARNING] Note: Some input files use or override a deprecated API.
[WARNING] Note: Recompile with -Xlint:deprecation for details.
[INFO] 
[INFO] --- maven-resources-plugin:2.5:testResources (default-testResources) @ hive-hbase-handler ---
[debug] execute contextualize
[INFO] Using &apos;UTF-8&apos; encoding to copy filtered resources.
[INFO] skip non existing resourceDirectory /data/hive-ptest/working/apache-svn-trunk-source/hbase-handler/src/test/resources
[INFO] 
[INFO] --- maven-antrun-plugin:1.7:run (setup-test-dirs) @ hive-hbase-handler ---
[INFO] Executing tasks

main:
    [mkdir] Created dir: /data/hive-ptest/working/apache-svn-trunk-source/hbase-handler/target/tmp
    [mkdir] Created dir: /data/hive-ptest/working/apache-svn-trunk-source/hbase-handler/target/warehouse
    [mkdir] Created dir: /data/hive-ptest/working/apache-svn-trunk-source/hbase-handler/target/tmp/conf
     [copy] Copying 5 files to /data/hive-ptest/working/apache-svn-trunk-source/hbase-handler/target/tmp/conf
[INFO] Executed tasks
[INFO] 
[INFO] --- maven-compiler-plugin:3.1:testCompile (default-testCompile) @ hive-hbase-handler ---
[INFO] Compiling 4 source files to /data/hive-ptest/working/apache-svn-trunk-source/hbase-handler/target/test-classes
[WARNING] Note: Some input files use or override a deprecated API.
[WARNING] Note: Recompile with -Xlint:deprecation for details.
[INFO] 
[INFO] --- maven-surefire-plugin:2.16:test (default-test) @ hive-hbase-handler ---
[INFO] Tests are skipped.
[INFO] 
[INFO] --- maven-jar-plugin:2.2:jar (default-jar) @ hive-hbase-handler ---
[INFO] Building jar: /data/hive-ptest/working/apache-svn-trunk-source/hbase-handler/target/hive-hbase-handler-0.13.0-SNAPSHOT.jar
[INFO] 
[INFO] --- maven-install-plugin:2.4:install (default-install) @ hive-hbase-handler ---
[INFO] Installing /data/hive-ptest/working/apache-svn-trunk-source/hbase-handler/target/hive-hbase-handler-0.13.0-SNAPSHOT.jar to /data/hive-ptest/working/maven/org/apache/hive/hive-hbase-handler/0.13.0-SNAPSHOT/hive-hbase-handler-0.13.0-SNAPSHOT.jar
[INFO] Installing /data/hive-ptest/working/apache-svn-trunk-source/hbase-handler/pom.xml to /data/hive-ptest/working/maven/org/apache/hive/hive-hbase-handler/0.13.0-SNAPSHOT/hive-hbase-handler-0.13.0-SNAPSHOT.pom
[INFO]                                                                         
[INFO] ------------------------------------------------------------------------
[INFO] Building Hive HCatalog 0.13.0-SNAPSHOT
[INFO] ------------------------------------------------------------------------
[INFO] 
[INFO] --- maven-clean-plugin:2.5:clean (default-clean) @ hive-hcatalog ---
[INFO] Deleting /data/hive-ptest/working/apache-svn-trunk-source/hcatalog (includes = [datanucleus.log, derby.log], excludes = [])
[INFO] 
[INFO] --- maven-antrun-plugin:1.7:run (define-classpath) @ hive-hcatalog ---
[INFO] Executing tasks

main:
[INFO] Executed tasks
[INFO] 
[INFO] --- maven-antrun-plugin:1.7:run (setup-test-dirs) @ hive-hcatalog ---
[INFO] Executing tasks

main:
    [mkdir] Created dir: /data/hive-ptest/working/apache-svn-trunk-source/hcatalog/target/tmp
    [mkdir] Created dir: /data/hive-ptest/working/apache-svn-trunk-source/hcatalog/target/warehouse
    [mkdir] Created dir: /data/hive-ptest/working/apache-svn-trunk-source/hcatalog/target/tmp/conf
     [copy] Copying 5 files to /data/hive-ptest/working/apache-svn-trunk-source/hcatalog/target/tmp/conf
[INFO] Executed tasks
[INFO] 
[INFO] --- maven-install-plugin:2.4:install (default-install) @ hive-hcatalog ---
[INFO] Installing /data/hive-ptest/working/apache-svn-trunk-source/hcatalog/pom.xml to /data/hive-ptest/working/maven/org/apache/hive/hcatalog/hive-hcatalog/0.13.0-SNAPSHOT/hive-hcatalog-0.13.0-SNAPSHOT.pom
[INFO]                                                                         
[INFO] ------------------------------------------------------------------------
[INFO] Building Hive HCatalog Core 0.13.0-SNAPSHOT
[INFO] ------------------------------------------------------------------------
[INFO] 
[INFO] --- maven-clean-plugin:2.5:clean (default-clean) @ hive-hcatalog-core ---
[INFO] Deleting /data/hive-ptest/working/apache-svn-trunk-source/hcatalog/core (includes = [datanucleus.log, derby.log], excludes = [])
[INFO] 
[INFO] --- maven-resources-plugin:2.5:resources (default-resources) @ hive-hcatalog-core ---
[debug] execute contextualize
[INFO] Using &apos;UTF-8&apos; encoding to copy filtered resources.
[INFO] skip non existing resourceDirectory /data/hive-ptest/working/apache-svn-trunk-source/hcatalog/core/src/main/resources
[INFO] 
[INFO] --- maven-antrun-plugin:1.7:run (define-classpath) @ hive-hcatalog-core ---
[INFO] Executing tasks

main:
[INFO] Executed tasks
[INFO] 
[INFO] --- maven-compiler-plugin:3.1:compile (default-compile) @ hive-hcatalog-core ---
[INFO] Compiling 144 source files to /data/hive-ptest/working/apache-svn-trunk-source/hcatalog/core/target/classes
[INFO] -------------------------------------------------------------
[WARNING] COMPILATION WARNING : 
[INFO] -------------------------------------------------------------
[WARNING] Note: Some input files use or override a deprecated API.
[WARNING] Note: Recompile with -Xlint:deprecation for details.
[WARNING] Note: Some input files use unchecked or unsafe operations.
[WARNING] Note: Recompile with -Xlint:unchecked for details.
[INFO] 4 warnings 
[INFO] -------------------------------------------------------------
[INFO] -------------------------------------------------------------
[ERROR] COMPILATION ERROR : 
[INFO] -------------------------------------------------------------
[ERROR] /data/hive-ptest/working/apache-svn-trunk-source/hcatalog/core/src/main/java/org/apache/hive/hcatalog/cli/SemanticAnalysis/HCatSemanticAnalyzer.java:[78,80] cannot find symbol
symbol  : variable TOK_ALTERTABLE_ALTERPARTS_MERGEFILES
location: class org.apache.hadoop.hive.ql.parse.HiveParser
[ERROR] /data/hive-ptest/working/apache-svn-trunk-source/hcatalog/core/src/main/java/org/apache/hcatalog/cli/SemanticAnalysis/HCatSemanticAnalyzer.java:[81,80] cannot find symbol
symbol  : variable TOK_ALTERTABLE_ALTERPARTS_MERGEFILES
location: class org.apache.hadoop.hive.ql.parse.HiveParser
[INFO] 2 errors 
[INFO] -------------------------------------------------------------
[INFO] ------------------------------------------------------------------------
[INFO] Reactor Summary:
[INFO] 
[INFO] Hive .............................................. SUCCESS [4.646s]
[INFO] Hive Ant Utilities ................................ SUCCESS [8.090s]
[INFO] Hive Shims Common ................................. SUCCESS [2.583s]
[INFO] Hive Shims 0.20 ................................... SUCCESS [2.159s]
[INFO] Hive Shims Secure Common .......................... SUCCESS [2.632s]
[INFO] Hive Shims 0.20S .................................. SUCCESS [1.428s]
[INFO] Hive Shims 0.23 ................................... SUCCESS [3.399s]
[INFO] Hive Shims ........................................ SUCCESS [0.595s]
[INFO] Hive Common ....................................... SUCCESS [7.545s]
[INFO] Hive Serde ........................................ SUCCESS [8.691s]
[INFO] Hive Metastore .................................... SUCCESS [25.228s]
[INFO] Hive Query Language ............................... SUCCESS [54.811s]
[INFO] Hive Service ...................................... SUCCESS [6.657s]
[INFO] Hive JDBC ......................................... SUCCESS [1.399s]
[INFO] Hive Beeline ...................................... SUCCESS [1.064s]
[INFO] Hive CLI .......................................... SUCCESS [2.005s]
[INFO] Hive Contrib ...................................... SUCCESS [1.648s]
[INFO] Hive HBase Handler ................................ SUCCESS [2.837s]
[INFO] Hive HCatalog ..................................... SUCCESS [0.469s]
[INFO] Hive HCatalog Core ................................ FAILURE [1.821s]
[INFO] Hive HCatalog Pig Adapter ......................... SKIPPED
[INFO] Hive HCatalog Server Extensions ................... SKIPPED
[INFO] Hive HCatalog Webhcat Java Client ................. SKIPPED
[INFO] Hive HCatalog Webhcat ............................. SKIPPED
[INFO] Hive HCatalog HBase Storage Handler ............... SKIPPED
[INFO] Hive HWI .......................................... SKIPPED
[INFO] Hive ODBC ......................................... SKIPPED
[INFO] Hive Shims Aggregator ............................. SKIPPED
[INFO] Hive TestUtils .................................... SKIPPED
[INFO] Hive Packaging .................................... SKIPPED
[INFO] ------------------------------------------------------------------------
[INFO] BUILD FAILURE
[INFO] ------------------------------------------------------------------------
[INFO] Total time: 2:22.706s
[INFO] Finished at: Wed Jan 15 11:27:31 EST 2014
[INFO] Final Memory: 53M/454M
[INFO] ------------------------------------------------------------------------
[ERROR] Failed to execute goal org.apache.maven.plugins:maven-compiler-plugin:3.1:compile (default-compile) on project hive-hcatalog-core: Compilation failure: Compilation failure:
[ERROR] /data/hive-ptest/working/apache-svn-trunk-source/hcatalog/core/src/main/java/org/apache/hive/hcatalog/cli/SemanticAnalysis/HCatSemanticAnalyzer.java:[78,80] cannot find symbol
[ERROR] symbol  : variable TOK_ALTERTABLE_ALTERPARTS_MERGEFILES
[ERROR] location: class org.apache.hadoop.hive.ql.parse.HiveParser
[ERROR] /data/hive-ptest/working/apache-svn-trunk-source/hcatalog/core/src/main/java/org/apache/hcatalog/cli/SemanticAnalysis/HCatSemanticAnalyzer.java:[81,80] cannot find symbol
[ERROR] symbol  : variable TOK_ALTERTABLE_ALTERPARTS_MERGEFILES
[ERROR] location: class org.apache.hadoop.hive.ql.parse.HiveParser
[ERROR] -&amp;gt; [Help 1]
[ERROR] 
[ERROR] To see the full stack trace of the errors, re-run Maven with the -e switch.
[ERROR] Re-run Maven using the -X switch to enable full debug logging.
[ERROR] 
[ERROR] For more information about the errors and possible solutions, please read the following articles:
[ERROR] [Help 1] http://cwiki.apache.org/confluence/display/MAVEN/MojoFailureException
[ERROR] 
[ERROR] After correcting the problems, you can resume the build with the command
[ERROR]   mvn &amp;lt;goals&amp;gt; -rf :hive-hcatalog-core
+ exit 1
&apos;
&lt;/pre&gt;
&lt;/div&gt;&lt;/div&gt;

&lt;p&gt;This message is automatically generated.&lt;/p&gt;

&lt;p&gt;ATTACHMENT ID: 12623084&lt;/p&gt;</comment>
                            <comment id="13872963" author="navis" created="Thu, 16 Jan 2014 02:08:18 +0000"  >&lt;p&gt;Fixed build fail&lt;/p&gt;</comment>
                            <comment id="13873574" author="hiveqa" created="Thu, 16 Jan 2014 16:36:27 +0000"  >

&lt;p&gt;&lt;font color=&quot;red&quot;&gt;Overall&lt;/font&gt;: -1 at least one tests failed&lt;/p&gt;

&lt;p&gt;Here are the results of testing the latest attachment:&lt;br/&gt;
&lt;a href=&quot;https://issues.apache.org/jira/secure/attachment/12623293/HIVE-6205.2.patch.txt&quot; class=&quot;external-link&quot; rel=&quot;nofollow&quot;&gt;https://issues.apache.org/jira/secure/attachment/12623293/HIVE-6205.2.patch.txt&lt;/a&gt;&lt;/p&gt;

&lt;p&gt;&lt;font color=&quot;red&quot;&gt;ERROR:&lt;/font&gt; -1 due to 3 failed/errored test(s), 4927 tests executed&lt;br/&gt;
&lt;b&gt;Failed tests:&lt;/b&gt;&lt;/p&gt;
&lt;div class=&quot;preformatted panel&quot; style=&quot;border-width: 1px;&quot;&gt;&lt;div class=&quot;preformattedContent panelContent&quot;&gt;
&lt;pre&gt;org.apache.hadoop.hive.cli.TestCliDriver.testCliDriver_alter_partition_coltype
org.apache.hadoop.hive.cli.TestNegativeCliDriver.testNegativeCliDriver_alter_partition_coltype_2columns
org.apache.hadoop.hive.cli.TestNegativeMinimrCliDriver.testNegativeCliDriver_mapreduce_stack_trace_hadoop20
&lt;/pre&gt;
&lt;/div&gt;&lt;/div&gt;

&lt;p&gt;Test results: &lt;a href=&quot;http://bigtop01.cloudera.org:8080/job/PreCommit-HIVE-Build/933/testReport&quot; class=&quot;external-link&quot; target=&quot;_blank&quot; rel=&quot;nofollow noopener&quot;&gt;http://bigtop01.cloudera.org:8080/job/PreCommit-HIVE-Build/933/testReport&lt;/a&gt;&lt;br/&gt;
Console output: &lt;a href=&quot;http://bigtop01.cloudera.org:8080/job/PreCommit-HIVE-Build/933/console&quot; class=&quot;external-link&quot; target=&quot;_blank&quot; rel=&quot;nofollow noopener&quot;&gt;http://bigtop01.cloudera.org:8080/job/PreCommit-HIVE-Build/933/console&lt;/a&gt;&lt;/p&gt;

&lt;p&gt;Messages:&lt;/p&gt;
&lt;div class=&quot;preformatted panel&quot; style=&quot;border-width: 1px;&quot;&gt;&lt;div class=&quot;preformattedContent panelContent&quot;&gt;
&lt;pre&gt;Executing org.apache.hive.ptest.execution.PrepPhase
Executing org.apache.hive.ptest.execution.ExecutionPhase
Executing org.apache.hive.ptest.execution.ReportingPhase
Tests exited with: TestsFailedException: 3 tests failed
&lt;/pre&gt;
&lt;/div&gt;&lt;/div&gt;

&lt;p&gt;This message is automatically generated.&lt;/p&gt;

&lt;p&gt;ATTACHMENT ID: 12623293&lt;/p&gt;</comment>
                            <comment id="13878544" author="hiveqa" created="Wed, 22 Jan 2014 11:25:52 +0000"  >

&lt;p&gt;&lt;font color=&quot;red&quot;&gt;Overall&lt;/font&gt;: -1 at least one tests failed&lt;/p&gt;

&lt;p&gt;Here are the results of testing the latest attachment:&lt;br/&gt;
&lt;a href=&quot;https://issues.apache.org/jira/secure/attachment/12624251/HIVE-6205.4.patch.txt&quot; class=&quot;external-link&quot; rel=&quot;nofollow&quot;&gt;https://issues.apache.org/jira/secure/attachment/12624251/HIVE-6205.4.patch.txt&lt;/a&gt;&lt;/p&gt;

&lt;p&gt;&lt;font color=&quot;red&quot;&gt;ERROR:&lt;/font&gt; -1 due to 1 failed/errored test(s), 4943 tests executed&lt;br/&gt;
&lt;b&gt;Failed tests:&lt;/b&gt;&lt;/p&gt;
&lt;div class=&quot;preformatted panel&quot; style=&quot;border-width: 1px;&quot;&gt;&lt;div class=&quot;preformattedContent panelContent&quot;&gt;
&lt;pre&gt;org.apache.hadoop.hive.ql.security.authorization.plugin.TestHiveOperationType.checkHiveOperationTypeMatch
&lt;/pre&gt;
&lt;/div&gt;&lt;/div&gt;

&lt;p&gt;Test results: &lt;a href=&quot;http://bigtop01.cloudera.org:8080/job/PreCommit-HIVE-Build/984/testReport&quot; class=&quot;external-link&quot; target=&quot;_blank&quot; rel=&quot;nofollow noopener&quot;&gt;http://bigtop01.cloudera.org:8080/job/PreCommit-HIVE-Build/984/testReport&lt;/a&gt;&lt;br/&gt;
Console output: &lt;a href=&quot;http://bigtop01.cloudera.org:8080/job/PreCommit-HIVE-Build/984/console&quot; class=&quot;external-link&quot; target=&quot;_blank&quot; rel=&quot;nofollow noopener&quot;&gt;http://bigtop01.cloudera.org:8080/job/PreCommit-HIVE-Build/984/console&lt;/a&gt;&lt;/p&gt;

&lt;p&gt;Messages:&lt;/p&gt;
&lt;div class=&quot;preformatted panel&quot; style=&quot;border-width: 1px;&quot;&gt;&lt;div class=&quot;preformattedContent panelContent&quot;&gt;
&lt;pre&gt;Executing org.apache.hive.ptest.execution.PrepPhase
Executing org.apache.hive.ptest.execution.ExecutionPhase
Executing org.apache.hive.ptest.execution.ReportingPhase
Tests exited with: TestsFailedException: 1 tests failed
&lt;/pre&gt;
&lt;/div&gt;&lt;/div&gt;

&lt;p&gt;This message is automatically generated.&lt;/p&gt;

&lt;p&gt;ATTACHMENT ID: 12624251&lt;/p&gt;</comment>
                            <comment id="13881644" author="thejas" created="Sat, 25 Jan 2014 03:47:43 +0000"  >&lt;p&gt;+1&lt;/p&gt;</comment>
                            <comment id="13881933" author="hiveqa" created="Sat, 25 Jan 2014 15:59:26 +0000"  >

&lt;p&gt;&lt;font color=&quot;red&quot;&gt;Overall&lt;/font&gt;: -1 at least one tests failed&lt;/p&gt;

&lt;p&gt;Here are the results of testing the latest attachment:&lt;br/&gt;
&lt;a href=&quot;https://issues.apache.org/jira/secure/attachment/12624966/HIVE-6205.5.patch.txt&quot; class=&quot;external-link&quot; rel=&quot;nofollow&quot;&gt;https://issues.apache.org/jira/secure/attachment/12624966/HIVE-6205.5.patch.txt&lt;/a&gt;&lt;/p&gt;

&lt;p&gt;&lt;font color=&quot;red&quot;&gt;ERROR:&lt;/font&gt; -1 due to 3 failed/errored test(s), 4958 tests executed&lt;br/&gt;
&lt;b&gt;Failed tests:&lt;/b&gt;&lt;/p&gt;
&lt;div class=&quot;preformatted panel&quot; style=&quot;border-width: 1px;&quot;&gt;&lt;div class=&quot;preformattedContent panelContent&quot;&gt;
&lt;pre&gt;org.apache.hadoop.hive.cli.TestMinimrCliDriver.testCliDriver_import_exported_table
org.apache.hadoop.hive.cli.TestMinimrCliDriver.testCliDriver_load_hdfs_file_with_space_in_the_name
org.apache.hadoop.hive.cli.TestNegativeMinimrCliDriver.testNegativeCliDriver_file_with_header_footer_negative
&lt;/pre&gt;
&lt;/div&gt;&lt;/div&gt;

&lt;p&gt;Test results: &lt;a href=&quot;http://bigtop01.cloudera.org:8080/job/PreCommit-HIVE-Build/1016/testReport&quot; class=&quot;external-link&quot; target=&quot;_blank&quot; rel=&quot;nofollow noopener&quot;&gt;http://bigtop01.cloudera.org:8080/job/PreCommit-HIVE-Build/1016/testReport&lt;/a&gt;&lt;br/&gt;
Console output: &lt;a href=&quot;http://bigtop01.cloudera.org:8080/job/PreCommit-HIVE-Build/1016/console&quot; class=&quot;external-link&quot; target=&quot;_blank&quot; rel=&quot;nofollow noopener&quot;&gt;http://bigtop01.cloudera.org:8080/job/PreCommit-HIVE-Build/1016/console&lt;/a&gt;&lt;/p&gt;

&lt;p&gt;Messages:&lt;/p&gt;
&lt;div class=&quot;preformatted panel&quot; style=&quot;border-width: 1px;&quot;&gt;&lt;div class=&quot;preformattedContent panelContent&quot;&gt;
&lt;pre&gt;Executing org.apache.hive.ptest.execution.PrepPhase
Executing org.apache.hive.ptest.execution.ExecutionPhase
Executing org.apache.hive.ptest.execution.ReportingPhase
Tests exited with: TestsFailedException: 3 tests failed
&lt;/pre&gt;
&lt;/div&gt;&lt;/div&gt;

&lt;p&gt;This message is automatically generated.&lt;/p&gt;

&lt;p&gt;ATTACHMENT ID: 12624966&lt;/p&gt;</comment>
                            <comment id="13882033" author="thejas" created="Sat, 25 Jan 2014 20:28:47 +0000"  >&lt;p&gt;Patch committed to trunk. Thanks for the contribution Navis!&lt;/p&gt;</comment>
                    </comments>
                <issuelinks>
                            <issuelinktype id="10032">
                    <name>Blocker</name>
                                                                <inwardlinks description="is blocked by">
                                        <issuelink>
            <issuekey id="12689693">HIVE-6229</issuekey>
        </issuelink>
                            </inwardlinks>
                                    </issuelinktype>
                    </issuelinks>
                <attachments>
                            <attachment id="12623084" name="HIVE-6205.1.patch.txt" size="11822" author="navis" created="Wed, 15 Jan 2014 07:39:16 +0000"/>
                            <attachment id="12623293" name="HIVE-6205.2.patch.txt" size="13912" author="navis" created="Thu, 16 Jan 2014 02:08:09 +0000"/>
                            <attachment id="12623543" name="HIVE-6205.3.patch.txt" size="21873" author="navis" created="Fri, 17 Jan 2014 00:39:33 +0000"/>
                            <attachment id="12624251" name="HIVE-6205.4.patch.txt" size="17571" author="navis" created="Wed, 22 Jan 2014 01:39:27 +0000"/>
                            <attachment id="12624966" name="HIVE-6205.5.patch.txt" size="18202" author="navis" created="Fri, 24 Jan 2014 01:02:18 +0000"/>
                    </attachments>
                <subtasks>
                    </subtasks>
                <customfields>
                                                                            <customfield id="customfield_12310310" key="com.atlassian.jira.toolkit:attachments">
                        <customfieldname>Attachment count</customfieldname>
                        <customfieldvalues>
                            <customfieldvalue>5.0</customfieldvalue>
                        </customfieldvalues>
                    </customfield>
                                                                                                                                                                                                                                                                                                                                                                                                                                                                                                                                                                                                                                                                                                        <customfield id="customfield_12314020" key="com.atlassian.jira.plugins.jira-development-integration-plugin:devsummary">
                        <customfieldname>Development</customfieldname>
                        <customfieldvalues>
                            
                        </customfieldvalues>
                    </customfield>
                                                                                                                        <customfield id="customfield_12313422" key="com.atlassian.jirafisheyeplugin:jobcheckbox">
                        <customfieldname>Enable Automatic Patch Review</customfieldname>
                        <customfieldvalues>
                            <customfieldvalue><![CDATA[false]]></customfieldvalue>

                        </customfieldvalues>
                    </customfield>
                                                                                                                                                                                                                                                                                                                                                                                                                                                                                                                                                                                                                                                <customfield id="customfield_12310420" key="com.pyxis.greenhopper.jira:gh-global-rank">
                        <customfieldname>Global Rank</customfieldname>
                        <customfieldvalues>
                            <customfieldvalue>367921</customfieldvalue>
                        </customfieldvalues>
                    </customfield>
                                                                                                                                                                                                                                                                    <customfield id="customfield_12312521" key="com.atlassian.jira.toolkit:LastCommentDate">
                        <customfieldname>Last public comment date</customfieldname>
                        <customfieldvalues>
                            11 years, 43 weeks, 3 days ago
                        </customfieldvalues>
                    </customfield>
                                                                                                                                                                                                                                                                                                <customfield id="customfield_12311820" key="com.pyxis.greenhopper.jira:gh-lexo-rank">
                        <customfieldname>Rank</customfieldname>
                        <customfieldvalues>
                            <customfieldvalue>0|i1rf0v:</customfieldvalue>

                        </customfieldvalues>
                    </customfield>
                                                                <customfield id="customfield_12310920" key="com.pyxis.greenhopper.jira:gh-global-rank">
                        <customfieldname>Rank (Obsolete)</customfieldname>
                        <customfieldvalues>
                            <customfieldvalue>368228</customfieldvalue>
                        </customfieldvalues>
                    </customfield>
                                                                                                                                                                                                                                                                                                                                                                                                                                                                                                                                                                                                                                                                                                                                                                                                                                                                                </customfields>
    </item>
</channel>
</rss>