<!-- 
RSS generated by JIRA (8.20.10#820010-sha1:ace47f9899e9ee25d7157d59aa17ab06aee30d3d) at Wed Nov 12 18:16:53 UTC 2025

It is possible to restrict the fields that are returned in this document by specifying the 'field' parameter in your request.
For example, to request only the issue key and summary append 'field=key&field=summary' to the URL of your request.
-->
<rss version="0.92" >
<channel>
    <title>ASF Jira</title>
    <link>https://issues.apache.org/jira</link>
    <description>This file is an XML representation of an issue</description>
    <language>en-uk</language>    <build-info>
        <version>8.20.10</version>
        <build-number>820010</build-number>
        <build-date>22-06-2022</build-date>
    </build-info>


<item>
            <title>[HIVE-6620] UDF printf doesn&apos;t take either CHAR or VARCHAR as the first argument</title>
                <link>https://issues.apache.org/jira/browse/HIVE-6620</link>
                <project id="12310843" key="HIVE">Hive</project>
                    <description>&lt;div class=&quot;code panel&quot; style=&quot;border-width: 1px;&quot;&gt;&lt;div class=&quot;codeContent panelContent&quot;&gt;
&lt;pre class=&quot;code-java&quot;&gt;hive&amp;gt; desc vc;
OK
c                   	&lt;span class=&quot;code-object&quot;&gt;char&lt;/span&gt;(5)             	None                
vc                  	varchar(7)          	None                
s                   	string              	None                

hive&amp;gt; select printf(c) from vc;
FAILED: SemanticException [Error 10016]: Line 1:14 Argument type mismatch &lt;span class=&quot;code-quote&quot;&gt;&apos;c&apos;&lt;/span&gt;: Argument 1 of function PRINTF must be &lt;span class=&quot;code-quote&quot;&gt;&quot;string&quot;&lt;/span&gt;, but &lt;span class=&quot;code-quote&quot;&gt;&quot;&lt;span class=&quot;code-object&quot;&gt;char&lt;/span&gt;(5)&quot;&lt;/span&gt; was found.
&lt;/pre&gt;
&lt;/div&gt;&lt;/div&gt;

&lt;p&gt;However, if the argument is string type, the query runs successfully.&lt;/p&gt;</description>
                <environment></environment>
        <key id="12700806">HIVE-6620</key>
            <summary>UDF printf doesn&apos;t take either CHAR or VARCHAR as the first argument</summary>
                <type id="1" iconUrl="https://issues.apache.org/jira/secure/viewavatar?size=xsmall&amp;avatarId=21133&amp;avatarType=issuetype">Bug</type>
                                            <priority id="3" iconUrl="https://issues.apache.org/jira/images/icons/priorities/major.svg">Major</priority>
                        <status id="6" iconUrl="https://issues.apache.org/jira/images/icons/statuses/closed.png" description="The issue is considered finished, the resolution is correct. Issues which are not closed can be reopened.">Closed</status>
                    <statusCategory id="3" key="done" colorName="green"/>
                                    <resolution id="1">Fixed</resolution>
                                        <assignee username="xuefuz">Xuefu Zhang</assignee>
                                    <reporter username="xuefuz">Xuefu Zhang</reporter>
                        <labels>
                    </labels>
                <created>Tue, 11 Mar 2014 20:38:31 +0000</created>
                <updated>Thu, 13 Nov 2014 19:42:13 +0000</updated>
                            <resolved>Mon, 17 Mar 2014 20:43:32 +0000</resolved>
                                    <version>0.12.0</version>
                                    <fixVersion>0.14.0</fixVersion>
                                    <component>UDF</component>
                        <due></due>
                            <votes>0</votes>
                                    <watches>4</watches>
                                                                                                                <comments>
                            <comment id="13932746" author="jdere" created="Thu, 13 Mar 2014 01:22:00 +0000"  >&lt;p&gt;+1 if tests pass&lt;/p&gt;</comment>
                            <comment id="13936137" author="hiveqa" created="Sat, 15 Mar 2014 10:57:10 +0000"  >

&lt;p&gt;&lt;font color=&quot;red&quot;&gt;Overall&lt;/font&gt;: -1 no tests executed&lt;/p&gt;

&lt;p&gt;Here are the results of testing the latest attachment:&lt;br/&gt;
&lt;a href=&quot;https://issues.apache.org/jira/secure/attachment/12634259/HIVE-6620.patch&quot; class=&quot;external-link&quot; rel=&quot;nofollow&quot;&gt;https://issues.apache.org/jira/secure/attachment/12634259/HIVE-6620.patch&lt;/a&gt;&lt;/p&gt;

&lt;p&gt;Test results: &lt;a href=&quot;http://bigtop01.cloudera.org:8080/job/PreCommit-HIVE-Build/1829/testReport&quot; class=&quot;external-link&quot; target=&quot;_blank&quot; rel=&quot;nofollow noopener&quot;&gt;http://bigtop01.cloudera.org:8080/job/PreCommit-HIVE-Build/1829/testReport&lt;/a&gt;&lt;br/&gt;
Console output: &lt;a href=&quot;http://bigtop01.cloudera.org:8080/job/PreCommit-HIVE-Build/1829/console&quot; class=&quot;external-link&quot; target=&quot;_blank&quot; rel=&quot;nofollow noopener&quot;&gt;http://bigtop01.cloudera.org:8080/job/PreCommit-HIVE-Build/1829/console&lt;/a&gt;&lt;/p&gt;

&lt;p&gt;Messages:&lt;/p&gt;
&lt;div class=&quot;preformatted panel&quot; style=&quot;border-width: 1px;&quot;&gt;&lt;div class=&quot;preformattedContent panelContent&quot;&gt;
&lt;pre&gt;**** This message was trimmed, see log for full details ****
[INFO] Using &apos;UTF-8&apos; encoding to copy filtered resources.
[INFO] skip non existing resourceDirectory /data/hive-ptest/working/apache-svn-trunk-source/hwi/src/test/resources
[INFO] Copying 3 resources
[INFO] 
[INFO] --- maven-antrun-plugin:1.7:run (setup-test-dirs) @ hive-hwi ---
[INFO] Executing tasks

main:
    [mkdir] Created dir: /data/hive-ptest/working/apache-svn-trunk-source/hwi/target/tmp
    [mkdir] Created dir: /data/hive-ptest/working/apache-svn-trunk-source/hwi/target/warehouse
    [mkdir] Created dir: /data/hive-ptest/working/apache-svn-trunk-source/hwi/target/tmp/conf
     [copy] Copying 5 files to /data/hive-ptest/working/apache-svn-trunk-source/hwi/target/tmp/conf
[INFO] Executed tasks
[INFO] 
[INFO] --- maven-compiler-plugin:3.1:testCompile (default-testCompile) @ hive-hwi ---
[INFO] Compiling 2 source files to /data/hive-ptest/working/apache-svn-trunk-source/hwi/target/test-classes
[INFO] 
[INFO] --- maven-surefire-plugin:2.16:test (default-test) @ hive-hwi ---
[INFO] Tests are skipped.
[INFO] 
[INFO] --- maven-jar-plugin:2.2:jar (default-jar) @ hive-hwi ---
[INFO] Building jar: /data/hive-ptest/working/apache-svn-trunk-source/hwi/target/hive-hwi-0.14.0-SNAPSHOT.jar
[INFO] 
[INFO] --- maven-site-plugin:3.3:attach-descriptor (attach-descriptor) @ hive-hwi ---
[INFO] 
[INFO] --- maven-install-plugin:2.4:install (default-install) @ hive-hwi ---
[INFO] Installing /data/hive-ptest/working/apache-svn-trunk-source/hwi/target/hive-hwi-0.14.0-SNAPSHOT.jar to /data/hive-ptest/working/maven/org/apache/hive/hive-hwi/0.14.0-SNAPSHOT/hive-hwi-0.14.0-SNAPSHOT.jar
[INFO] Installing /data/hive-ptest/working/apache-svn-trunk-source/hwi/pom.xml to /data/hive-ptest/working/maven/org/apache/hive/hive-hwi/0.14.0-SNAPSHOT/hive-hwi-0.14.0-SNAPSHOT.pom
[INFO]                                                                         
[INFO] ------------------------------------------------------------------------
[INFO] Building Hive ODBC 0.14.0-SNAPSHOT
[INFO] ------------------------------------------------------------------------
[INFO] 
[INFO] --- maven-clean-plugin:2.5:clean (default-clean) @ hive-odbc ---
[INFO] Deleting /data/hive-ptest/working/apache-svn-trunk-source/odbc (includes = [datanucleus.log, derby.log], excludes = [])
[INFO] 
[INFO] --- maven-remote-resources-plugin:1.5:process (default) @ hive-odbc ---
[INFO] 
[INFO] --- maven-antrun-plugin:1.7:run (define-classpath) @ hive-odbc ---
[INFO] Executing tasks

main:
[INFO] Executed tasks
[INFO] 
[INFO] --- maven-antrun-plugin:1.7:run (setup-test-dirs) @ hive-odbc ---
[INFO] Executing tasks

main:
    [mkdir] Created dir: /data/hive-ptest/working/apache-svn-trunk-source/odbc/target/tmp
    [mkdir] Created dir: /data/hive-ptest/working/apache-svn-trunk-source/odbc/target/warehouse
    [mkdir] Created dir: /data/hive-ptest/working/apache-svn-trunk-source/odbc/target/tmp/conf
     [copy] Copying 5 files to /data/hive-ptest/working/apache-svn-trunk-source/odbc/target/tmp/conf
[INFO] Executed tasks
[INFO] 
[INFO] --- maven-site-plugin:3.3:attach-descriptor (attach-descriptor) @ hive-odbc ---
[INFO] 
[INFO] --- maven-install-plugin:2.4:install (default-install) @ hive-odbc ---
[INFO] Installing /data/hive-ptest/working/apache-svn-trunk-source/odbc/pom.xml to /data/hive-ptest/working/maven/org/apache/hive/hive-odbc/0.14.0-SNAPSHOT/hive-odbc-0.14.0-SNAPSHOT.pom
[INFO]                                                                         
[INFO] ------------------------------------------------------------------------
[INFO] Building Hive Shims Aggregator 0.14.0-SNAPSHOT
[INFO] ------------------------------------------------------------------------
[INFO] 
[INFO] --- maven-clean-plugin:2.5:clean (default-clean) @ hive-shims-aggregator ---
[INFO] Deleting /data/hive-ptest/working/apache-svn-trunk-source/shims (includes = [datanucleus.log, derby.log], excludes = [])
[INFO] 
[INFO] --- maven-remote-resources-plugin:1.5:process (default) @ hive-shims-aggregator ---
[INFO] 
[INFO] --- maven-antrun-plugin:1.7:run (define-classpath) @ hive-shims-aggregator ---
[INFO] Executing tasks

main:
[INFO] Executed tasks
[INFO] 
[INFO] --- maven-antrun-plugin:1.7:run (setup-test-dirs) @ hive-shims-aggregator ---
[INFO] Executing tasks

main:
    [mkdir] Created dir: /data/hive-ptest/working/apache-svn-trunk-source/shims/target/tmp
    [mkdir] Created dir: /data/hive-ptest/working/apache-svn-trunk-source/shims/target/warehouse
    [mkdir] Created dir: /data/hive-ptest/working/apache-svn-trunk-source/shims/target/tmp/conf
     [copy] Copying 5 files to /data/hive-ptest/working/apache-svn-trunk-source/shims/target/tmp/conf
[INFO] Executed tasks
[INFO] 
[INFO] --- maven-site-plugin:3.3:attach-descriptor (attach-descriptor) @ hive-shims-aggregator ---
[INFO] 
[INFO] --- maven-install-plugin:2.4:install (default-install) @ hive-shims-aggregator ---
[INFO] Installing /data/hive-ptest/working/apache-svn-trunk-source/shims/pom.xml to /data/hive-ptest/working/maven/org/apache/hive/hive-shims-aggregator/0.14.0-SNAPSHOT/hive-shims-aggregator-0.14.0-SNAPSHOT.pom
[INFO]                                                                         
[INFO] ------------------------------------------------------------------------
[INFO] Building Hive TestUtils 0.14.0-SNAPSHOT
[INFO] ------------------------------------------------------------------------
[INFO] 
[INFO] --- maven-clean-plugin:2.5:clean (default-clean) @ hive-testutils ---
[INFO] Deleting /data/hive-ptest/working/apache-svn-trunk-source/testutils (includes = [datanucleus.log, derby.log], excludes = [])
[INFO] 
[INFO] --- maven-remote-resources-plugin:1.5:process (default) @ hive-testutils ---
[INFO] 
[INFO] --- maven-resources-plugin:2.6:resources (default-resources) @ hive-testutils ---
[INFO] Using &apos;UTF-8&apos; encoding to copy filtered resources.
[INFO] skip non existing resourceDirectory /data/hive-ptest/working/apache-svn-trunk-source/testutils/src/main/resources
[INFO] Copying 3 resources
[INFO] 
[INFO] --- maven-antrun-plugin:1.7:run (define-classpath) @ hive-testutils ---
[INFO] Executing tasks

main:
[INFO] Executed tasks
[INFO] 
[INFO] --- maven-compiler-plugin:3.1:compile (default-compile) @ hive-testutils ---
[INFO] Compiling 2 source files to /data/hive-ptest/working/apache-svn-trunk-source/testutils/target/classes
[INFO] 
[INFO] --- maven-resources-plugin:2.6:testResources (default-testResources) @ hive-testutils ---
[INFO] Using &apos;UTF-8&apos; encoding to copy filtered resources.
[INFO] skip non existing resourceDirectory /data/hive-ptest/working/apache-svn-trunk-source/testutils/src/test/resources
[INFO] Copying 3 resources
[INFO] 
[INFO] --- maven-antrun-plugin:1.7:run (setup-test-dirs) @ hive-testutils ---
[INFO] Executing tasks

main:
    [mkdir] Created dir: /data/hive-ptest/working/apache-svn-trunk-source/testutils/target/tmp
    [mkdir] Created dir: /data/hive-ptest/working/apache-svn-trunk-source/testutils/target/warehouse
    [mkdir] Created dir: /data/hive-ptest/working/apache-svn-trunk-source/testutils/target/tmp/conf
     [copy] Copying 5 files to /data/hive-ptest/working/apache-svn-trunk-source/testutils/target/tmp/conf
[INFO] Executed tasks
[INFO] 
[INFO] --- maven-compiler-plugin:3.1:testCompile (default-testCompile) @ hive-testutils ---
[INFO] No sources to compile
[INFO] 
[INFO] --- maven-surefire-plugin:2.16:test (default-test) @ hive-testutils ---
[INFO] Tests are skipped.
[INFO] 
[INFO] --- maven-jar-plugin:2.2:jar (default-jar) @ hive-testutils ---
[INFO] Building jar: /data/hive-ptest/working/apache-svn-trunk-source/testutils/target/hive-testutils-0.14.0-SNAPSHOT.jar
[INFO] 
[INFO] --- maven-site-plugin:3.3:attach-descriptor (attach-descriptor) @ hive-testutils ---
[INFO] 
[INFO] --- maven-install-plugin:2.4:install (default-install) @ hive-testutils ---
[INFO] Installing /data/hive-ptest/working/apache-svn-trunk-source/testutils/target/hive-testutils-0.14.0-SNAPSHOT.jar to /data/hive-ptest/working/maven/org/apache/hive/hive-testutils/0.14.0-SNAPSHOT/hive-testutils-0.14.0-SNAPSHOT.jar
[INFO] Installing /data/hive-ptest/working/apache-svn-trunk-source/testutils/pom.xml to /data/hive-ptest/working/maven/org/apache/hive/hive-testutils/0.14.0-SNAPSHOT/hive-testutils-0.14.0-SNAPSHOT.pom
[INFO]                                                                         
[INFO] ------------------------------------------------------------------------
[INFO] Building Hive Packaging 0.14.0-SNAPSHOT
[INFO] ------------------------------------------------------------------------
Downloading: http://repository.apache.org/snapshots/org/apache/hive/hcatalog/hive-hcatalog-hbase-storage-handler/0.14.0-SNAPSHOT/maven-metadata.xml
Downloading: http://repository.apache.org/snapshots/org/apache/hive/hcatalog/hive-hcatalog-hbase-storage-handler/0.14.0-SNAPSHOT/hive-hcatalog-hbase-storage-handler-0.14.0-SNAPSHOT.pom
[WARNING] The POM for org.apache.hive.hcatalog:hive-hcatalog-hbase-storage-handler:jar:0.14.0-SNAPSHOT is missing, no dependency information available
Downloading: http://repository.apache.org/snapshots/org/apache/hive/hcatalog/hive-hcatalog-hbase-storage-handler/0.14.0-SNAPSHOT/hive-hcatalog-hbase-storage-handler-0.14.0-SNAPSHOT.jar
[INFO] ------------------------------------------------------------------------
[INFO] Reactor Summary:
[INFO] 
[INFO] Hive .............................................. SUCCESS [9.003s]
[INFO] Hive Ant Utilities ................................ SUCCESS [5.923s]
[INFO] Hive Shims Common ................................. SUCCESS [3.715s]
[INFO] Hive Shims 0.20 ................................... SUCCESS [2.554s]
[INFO] Hive Shims Secure Common .......................... SUCCESS [4.333s]
[INFO] Hive Shims 0.20S .................................. SUCCESS [3.066s]
[INFO] Hive Shims 0.23 ................................... SUCCESS [7.812s]
[INFO] Hive Shims ........................................ SUCCESS [1.240s]
[INFO] Hive Common ....................................... SUCCESS [6.309s]
[INFO] Hive Serde ........................................ SUCCESS [10.150s]
[INFO] Hive Metastore .................................... SUCCESS [32.375s]
[INFO] Hive Query Language ............................... SUCCESS [1:15.744s]
[INFO] Hive Service ...................................... SUCCESS [7.098s]
[INFO] Hive JDBC ......................................... SUCCESS [2.879s]
[INFO] Hive Beeline ...................................... SUCCESS [2.872s]
[INFO] Hive CLI .......................................... SUCCESS [1.765s]
[INFO] Hive Contrib ...................................... SUCCESS [2.444s]
[INFO] Hive HBase Handler ................................ SUCCESS [2.724s]
[INFO] Hive HCatalog ..................................... SUCCESS [0.536s]
[INFO] Hive HCatalog Core ................................ SUCCESS [1.929s]
[INFO] Hive HCatalog Pig Adapter ......................... SUCCESS [2.335s]
[INFO] Hive HCatalog Server Extensions ................... SUCCESS [1.975s]
[INFO] Hive HCatalog Webhcat Java Client ................. SUCCESS [1.614s]
[INFO] Hive HCatalog Webhcat ............................. SUCCESS [10.084s]
[INFO] Hive HWI .......................................... SUCCESS [1.098s]
[INFO] Hive ODBC ......................................... SUCCESS [0.904s]
[INFO] Hive Shims Aggregator ............................. SUCCESS [0.173s]
[INFO] Hive TestUtils .................................... SUCCESS [0.617s]
[INFO] Hive Packaging .................................... FAILURE [1.844s]
[INFO] ------------------------------------------------------------------------
[INFO] BUILD FAILURE
[INFO] ------------------------------------------------------------------------
[INFO] Total time: 3:29.675s
[INFO] Finished at: Sat Mar 15 06:57:08 EDT 2014
[INFO] Final Memory: 74M/457M
[INFO] ------------------------------------------------------------------------
[ERROR] Failed to execute goal on project hive-packaging: Could not resolve dependencies for project org.apache.hive:hive-packaging:pom:0.14.0-SNAPSHOT: Could not find artifact org.apache.hive.hcatalog:hive-hcatalog-hbase-storage-handler:jar:0.14.0-SNAPSHOT in apache.snapshots (http://repository.apache.org/snapshots) -&amp;gt; [Help 1]
[ERROR] 
[ERROR] To see the full stack trace of the errors, re-run Maven with the -e switch.
[ERROR] Re-run Maven using the -X switch to enable full debug logging.
[ERROR] 
[ERROR] For more information about the errors and possible solutions, please read the following articles:
[ERROR] [Help 1] http://cwiki.apache.org/confluence/display/MAVEN/DependencyResolutionException
[ERROR] 
[ERROR] After correcting the problems, you can resume the build with the command
[ERROR]   mvn &amp;lt;goals&amp;gt; -rf :hive-packaging
+ exit 1
&apos;
&lt;/pre&gt;
&lt;/div&gt;&lt;/div&gt;

&lt;p&gt;This message is automatically generated.&lt;/p&gt;

&lt;p&gt;ATTACHMENT ID: 12634259&lt;/p&gt;</comment>
                            <comment id="13936307" author="xuefuz" created="Sat, 15 Mar 2014 21:14:39 +0000"  >&lt;p&gt;Attache the same patch to trigger test.&lt;/p&gt;</comment>
                            <comment id="13936315" author="hiveqa" created="Sat, 15 Mar 2014 21:40:50 +0000"  >

&lt;p&gt;&lt;font color=&quot;red&quot;&gt;Overall&lt;/font&gt;: -1 no tests executed&lt;/p&gt;

&lt;p&gt;Here are the results of testing the latest attachment:&lt;br/&gt;
&lt;a href=&quot;https://issues.apache.org/jira/secure/attachment/12634932/HIVE-6620.patch&quot; class=&quot;external-link&quot; rel=&quot;nofollow&quot;&gt;https://issues.apache.org/jira/secure/attachment/12634932/HIVE-6620.patch&lt;/a&gt;&lt;/p&gt;

&lt;p&gt;Test results: &lt;a href=&quot;http://bigtop01.cloudera.org:8080/job/PreCommit-HIVE-Build/1840/testReport&quot; class=&quot;external-link&quot; target=&quot;_blank&quot; rel=&quot;nofollow noopener&quot;&gt;http://bigtop01.cloudera.org:8080/job/PreCommit-HIVE-Build/1840/testReport&lt;/a&gt;&lt;br/&gt;
Console output: &lt;a href=&quot;http://bigtop01.cloudera.org:8080/job/PreCommit-HIVE-Build/1840/console&quot; class=&quot;external-link&quot; target=&quot;_blank&quot; rel=&quot;nofollow noopener&quot;&gt;http://bigtop01.cloudera.org:8080/job/PreCommit-HIVE-Build/1840/console&lt;/a&gt;&lt;/p&gt;

&lt;p&gt;Messages:&lt;/p&gt;
&lt;div class=&quot;preformatted panel&quot; style=&quot;border-width: 1px;&quot;&gt;&lt;div class=&quot;preformattedContent panelContent&quot;&gt;
&lt;pre&gt;**** This message was trimmed, see log for full details ****
[INFO] Using &apos;UTF-8&apos; encoding to copy filtered resources.
[INFO] skip non existing resourceDirectory /data/hive-ptest/working/apache-svn-trunk-source/hwi/src/test/resources
[INFO] Copying 3 resources
[INFO] 
[INFO] --- maven-antrun-plugin:1.7:run (setup-test-dirs) @ hive-hwi ---
[INFO] Executing tasks

main:
    [mkdir] Created dir: /data/hive-ptest/working/apache-svn-trunk-source/hwi/target/tmp
    [mkdir] Created dir: /data/hive-ptest/working/apache-svn-trunk-source/hwi/target/warehouse
    [mkdir] Created dir: /data/hive-ptest/working/apache-svn-trunk-source/hwi/target/tmp/conf
     [copy] Copying 5 files to /data/hive-ptest/working/apache-svn-trunk-source/hwi/target/tmp/conf
[INFO] Executed tasks
[INFO] 
[INFO] --- maven-compiler-plugin:3.1:testCompile (default-testCompile) @ hive-hwi ---
[INFO] Compiling 2 source files to /data/hive-ptest/working/apache-svn-trunk-source/hwi/target/test-classes
[INFO] 
[INFO] --- maven-surefire-plugin:2.16:test (default-test) @ hive-hwi ---
[INFO] Tests are skipped.
[INFO] 
[INFO] --- maven-jar-plugin:2.2:jar (default-jar) @ hive-hwi ---
[INFO] Building jar: /data/hive-ptest/working/apache-svn-trunk-source/hwi/target/hive-hwi-0.14.0-SNAPSHOT.jar
[INFO] 
[INFO] --- maven-site-plugin:3.3:attach-descriptor (attach-descriptor) @ hive-hwi ---
[INFO] 
[INFO] --- maven-install-plugin:2.4:install (default-install) @ hive-hwi ---
[INFO] Installing /data/hive-ptest/working/apache-svn-trunk-source/hwi/target/hive-hwi-0.14.0-SNAPSHOT.jar to /data/hive-ptest/working/maven/org/apache/hive/hive-hwi/0.14.0-SNAPSHOT/hive-hwi-0.14.0-SNAPSHOT.jar
[INFO] Installing /data/hive-ptest/working/apache-svn-trunk-source/hwi/pom.xml to /data/hive-ptest/working/maven/org/apache/hive/hive-hwi/0.14.0-SNAPSHOT/hive-hwi-0.14.0-SNAPSHOT.pom
[INFO]                                                                         
[INFO] ------------------------------------------------------------------------
[INFO] Building Hive ODBC 0.14.0-SNAPSHOT
[INFO] ------------------------------------------------------------------------
[INFO] 
[INFO] --- maven-clean-plugin:2.5:clean (default-clean) @ hive-odbc ---
[INFO] Deleting /data/hive-ptest/working/apache-svn-trunk-source/odbc (includes = [datanucleus.log, derby.log], excludes = [])
[INFO] 
[INFO] --- maven-remote-resources-plugin:1.5:process (default) @ hive-odbc ---
[INFO] 
[INFO] --- maven-antrun-plugin:1.7:run (define-classpath) @ hive-odbc ---
[INFO] Executing tasks

main:
[INFO] Executed tasks
[INFO] 
[INFO] --- maven-antrun-plugin:1.7:run (setup-test-dirs) @ hive-odbc ---
[INFO] Executing tasks

main:
    [mkdir] Created dir: /data/hive-ptest/working/apache-svn-trunk-source/odbc/target/tmp
    [mkdir] Created dir: /data/hive-ptest/working/apache-svn-trunk-source/odbc/target/warehouse
    [mkdir] Created dir: /data/hive-ptest/working/apache-svn-trunk-source/odbc/target/tmp/conf
     [copy] Copying 5 files to /data/hive-ptest/working/apache-svn-trunk-source/odbc/target/tmp/conf
[INFO] Executed tasks
[INFO] 
[INFO] --- maven-site-plugin:3.3:attach-descriptor (attach-descriptor) @ hive-odbc ---
[INFO] 
[INFO] --- maven-install-plugin:2.4:install (default-install) @ hive-odbc ---
[INFO] Installing /data/hive-ptest/working/apache-svn-trunk-source/odbc/pom.xml to /data/hive-ptest/working/maven/org/apache/hive/hive-odbc/0.14.0-SNAPSHOT/hive-odbc-0.14.0-SNAPSHOT.pom
[INFO]                                                                         
[INFO] ------------------------------------------------------------------------
[INFO] Building Hive Shims Aggregator 0.14.0-SNAPSHOT
[INFO] ------------------------------------------------------------------------
[INFO] 
[INFO] --- maven-clean-plugin:2.5:clean (default-clean) @ hive-shims-aggregator ---
[INFO] Deleting /data/hive-ptest/working/apache-svn-trunk-source/shims (includes = [datanucleus.log, derby.log], excludes = [])
[INFO] 
[INFO] --- maven-remote-resources-plugin:1.5:process (default) @ hive-shims-aggregator ---
[INFO] 
[INFO] --- maven-antrun-plugin:1.7:run (define-classpath) @ hive-shims-aggregator ---
[INFO] Executing tasks

main:
[INFO] Executed tasks
[INFO] 
[INFO] --- maven-antrun-plugin:1.7:run (setup-test-dirs) @ hive-shims-aggregator ---
[INFO] Executing tasks

main:
    [mkdir] Created dir: /data/hive-ptest/working/apache-svn-trunk-source/shims/target/tmp
    [mkdir] Created dir: /data/hive-ptest/working/apache-svn-trunk-source/shims/target/warehouse
    [mkdir] Created dir: /data/hive-ptest/working/apache-svn-trunk-source/shims/target/tmp/conf
     [copy] Copying 5 files to /data/hive-ptest/working/apache-svn-trunk-source/shims/target/tmp/conf
[INFO] Executed tasks
[INFO] 
[INFO] --- maven-site-plugin:3.3:attach-descriptor (attach-descriptor) @ hive-shims-aggregator ---
[INFO] 
[INFO] --- maven-install-plugin:2.4:install (default-install) @ hive-shims-aggregator ---
[INFO] Installing /data/hive-ptest/working/apache-svn-trunk-source/shims/pom.xml to /data/hive-ptest/working/maven/org/apache/hive/hive-shims-aggregator/0.14.0-SNAPSHOT/hive-shims-aggregator-0.14.0-SNAPSHOT.pom
[INFO]                                                                         
[INFO] ------------------------------------------------------------------------
[INFO] Building Hive TestUtils 0.14.0-SNAPSHOT
[INFO] ------------------------------------------------------------------------
[INFO] 
[INFO] --- maven-clean-plugin:2.5:clean (default-clean) @ hive-testutils ---
[INFO] Deleting /data/hive-ptest/working/apache-svn-trunk-source/testutils (includes = [datanucleus.log, derby.log], excludes = [])
[INFO] 
[INFO] --- maven-remote-resources-plugin:1.5:process (default) @ hive-testutils ---
[INFO] 
[INFO] --- maven-resources-plugin:2.6:resources (default-resources) @ hive-testutils ---
[INFO] Using &apos;UTF-8&apos; encoding to copy filtered resources.
[INFO] skip non existing resourceDirectory /data/hive-ptest/working/apache-svn-trunk-source/testutils/src/main/resources
[INFO] Copying 3 resources
[INFO] 
[INFO] --- maven-antrun-plugin:1.7:run (define-classpath) @ hive-testutils ---
[INFO] Executing tasks

main:
[INFO] Executed tasks
[INFO] 
[INFO] --- maven-compiler-plugin:3.1:compile (default-compile) @ hive-testutils ---
[INFO] Compiling 2 source files to /data/hive-ptest/working/apache-svn-trunk-source/testutils/target/classes
[INFO] 
[INFO] --- maven-resources-plugin:2.6:testResources (default-testResources) @ hive-testutils ---
[INFO] Using &apos;UTF-8&apos; encoding to copy filtered resources.
[INFO] skip non existing resourceDirectory /data/hive-ptest/working/apache-svn-trunk-source/testutils/src/test/resources
[INFO] Copying 3 resources
[INFO] 
[INFO] --- maven-antrun-plugin:1.7:run (setup-test-dirs) @ hive-testutils ---
[INFO] Executing tasks

main:
    [mkdir] Created dir: /data/hive-ptest/working/apache-svn-trunk-source/testutils/target/tmp
    [mkdir] Created dir: /data/hive-ptest/working/apache-svn-trunk-source/testutils/target/warehouse
    [mkdir] Created dir: /data/hive-ptest/working/apache-svn-trunk-source/testutils/target/tmp/conf
     [copy] Copying 5 files to /data/hive-ptest/working/apache-svn-trunk-source/testutils/target/tmp/conf
[INFO] Executed tasks
[INFO] 
[INFO] --- maven-compiler-plugin:3.1:testCompile (default-testCompile) @ hive-testutils ---
[INFO] No sources to compile
[INFO] 
[INFO] --- maven-surefire-plugin:2.16:test (default-test) @ hive-testutils ---
[INFO] Tests are skipped.
[INFO] 
[INFO] --- maven-jar-plugin:2.2:jar (default-jar) @ hive-testutils ---
[INFO] Building jar: /data/hive-ptest/working/apache-svn-trunk-source/testutils/target/hive-testutils-0.14.0-SNAPSHOT.jar
[INFO] 
[INFO] --- maven-site-plugin:3.3:attach-descriptor (attach-descriptor) @ hive-testutils ---
[INFO] 
[INFO] --- maven-install-plugin:2.4:install (default-install) @ hive-testutils ---
[INFO] Installing /data/hive-ptest/working/apache-svn-trunk-source/testutils/target/hive-testutils-0.14.0-SNAPSHOT.jar to /data/hive-ptest/working/maven/org/apache/hive/hive-testutils/0.14.0-SNAPSHOT/hive-testutils-0.14.0-SNAPSHOT.jar
[INFO] Installing /data/hive-ptest/working/apache-svn-trunk-source/testutils/pom.xml to /data/hive-ptest/working/maven/org/apache/hive/hive-testutils/0.14.0-SNAPSHOT/hive-testutils-0.14.0-SNAPSHOT.pom
[INFO]                                                                         
[INFO] ------------------------------------------------------------------------
[INFO] Building Hive Packaging 0.14.0-SNAPSHOT
[INFO] ------------------------------------------------------------------------
Downloading: http://repository.apache.org/snapshots/org/apache/hive/hcatalog/hive-hcatalog-hbase-storage-handler/0.14.0-SNAPSHOT/maven-metadata.xml
Downloading: http://repository.apache.org/snapshots/org/apache/hive/hcatalog/hive-hcatalog-hbase-storage-handler/0.14.0-SNAPSHOT/hive-hcatalog-hbase-storage-handler-0.14.0-SNAPSHOT.pom
[WARNING] The POM for org.apache.hive.hcatalog:hive-hcatalog-hbase-storage-handler:jar:0.14.0-SNAPSHOT is missing, no dependency information available
Downloading: http://repository.apache.org/snapshots/org/apache/hive/hcatalog/hive-hcatalog-hbase-storage-handler/0.14.0-SNAPSHOT/hive-hcatalog-hbase-storage-handler-0.14.0-SNAPSHOT.jar
[INFO] ------------------------------------------------------------------------
[INFO] Reactor Summary:
[INFO] 
[INFO] Hive .............................................. SUCCESS [9.094s]
[INFO] Hive Ant Utilities ................................ SUCCESS [5.935s]
[INFO] Hive Shims Common ................................. SUCCESS [3.656s]
[INFO] Hive Shims 0.20 ................................... SUCCESS [2.545s]
[INFO] Hive Shims Secure Common .......................... SUCCESS [4.222s]
[INFO] Hive Shims 0.20S .................................. SUCCESS [3.064s]
[INFO] Hive Shims 0.23 ................................... SUCCESS [7.804s]
[INFO] Hive Shims ........................................ SUCCESS [1.261s]
[INFO] Hive Common ....................................... SUCCESS [6.583s]
[INFO] Hive Serde ........................................ SUCCESS [9.922s]
[INFO] Hive Metastore .................................... SUCCESS [32.837s]
[INFO] Hive Query Language ............................... SUCCESS [1:18.364s]
[INFO] Hive Service ...................................... SUCCESS [7.665s]
[INFO] Hive JDBC ......................................... SUCCESS [2.852s]
[INFO] Hive Beeline ...................................... SUCCESS [2.845s]
[INFO] Hive CLI .......................................... SUCCESS [1.717s]
[INFO] Hive Contrib ...................................... SUCCESS [2.421s]
[INFO] Hive HBase Handler ................................ SUCCESS [2.688s]
[INFO] Hive HCatalog ..................................... SUCCESS [0.533s]
[INFO] Hive HCatalog Core ................................ SUCCESS [2.376s]
[INFO] Hive HCatalog Pig Adapter ......................... SUCCESS [2.548s]
[INFO] Hive HCatalog Server Extensions ................... SUCCESS [1.235s]
[INFO] Hive HCatalog Webhcat Java Client ................. SUCCESS [2.169s]
[INFO] Hive HCatalog Webhcat ............................. SUCCESS [10.033s]
[INFO] Hive HWI .......................................... SUCCESS [1.055s]
[INFO] Hive ODBC ......................................... SUCCESS [0.864s]
[INFO] Hive Shims Aggregator ............................. SUCCESS [0.157s]
[INFO] Hive TestUtils .................................... SUCCESS [0.693s]
[INFO] Hive Packaging .................................... FAILURE [1.734s]
[INFO] ------------------------------------------------------------------------
[INFO] BUILD FAILURE
[INFO] ------------------------------------------------------------------------
[INFO] Total time: 3:33.557s
[INFO] Finished at: Sat Mar 15 17:40:48 EDT 2014
[INFO] Final Memory: 74M/419M
[INFO] ------------------------------------------------------------------------
[ERROR] Failed to execute goal on project hive-packaging: Could not resolve dependencies for project org.apache.hive:hive-packaging:pom:0.14.0-SNAPSHOT: Could not find artifact org.apache.hive.hcatalog:hive-hcatalog-hbase-storage-handler:jar:0.14.0-SNAPSHOT in apache.snapshots (http://repository.apache.org/snapshots) -&amp;gt; [Help 1]
[ERROR] 
[ERROR] To see the full stack trace of the errors, re-run Maven with the -e switch.
[ERROR] Re-run Maven using the -X switch to enable full debug logging.
[ERROR] 
[ERROR] For more information about the errors and possible solutions, please read the following articles:
[ERROR] [Help 1] http://cwiki.apache.org/confluence/display/MAVEN/DependencyResolutionException
[ERROR] 
[ERROR] After correcting the problems, you can resume the build with the command
[ERROR]   mvn &amp;lt;goals&amp;gt; -rf :hive-packaging
+ exit 1
&apos;
&lt;/pre&gt;
&lt;/div&gt;&lt;/div&gt;

&lt;p&gt;This message is automatically generated.&lt;/p&gt;

&lt;p&gt;ATTACHMENT ID: 12634932&lt;/p&gt;</comment>
                            <comment id="13936367" author="hiveqa" created="Sun, 16 Mar 2014 01:25:14 +0000"  >

&lt;p&gt;&lt;font color=&quot;red&quot;&gt;Overall&lt;/font&gt;: -1 at least one tests failed&lt;/p&gt;

&lt;p&gt;Here are the results of testing the latest attachment:&lt;br/&gt;
&lt;a href=&quot;https://issues.apache.org/jira/secure/attachment/12634942/HIVE-6620.patch&quot; class=&quot;external-link&quot; rel=&quot;nofollow&quot;&gt;https://issues.apache.org/jira/secure/attachment/12634942/HIVE-6620.patch&lt;/a&gt;&lt;/p&gt;

&lt;p&gt;&lt;font color=&quot;red&quot;&gt;ERROR:&lt;/font&gt; -1 due to 1 failed/errored test(s), 5406 tests executed&lt;br/&gt;
&lt;b&gt;Failed tests:&lt;/b&gt;&lt;/p&gt;
&lt;div class=&quot;preformatted panel&quot; style=&quot;border-width: 1px;&quot;&gt;&lt;div class=&quot;preformattedContent panelContent&quot;&gt;
&lt;pre&gt;org.apache.hadoop.hive.cli.TestMinimrCliDriver.testCliDriver_bucketizedhiveinputformat
&lt;/pre&gt;
&lt;/div&gt;&lt;/div&gt;

&lt;p&gt;Test results: &lt;a href=&quot;http://bigtop01.cloudera.org:8080/job/PreCommit-HIVE-Build/1845/testReport&quot; class=&quot;external-link&quot; target=&quot;_blank&quot; rel=&quot;nofollow noopener&quot;&gt;http://bigtop01.cloudera.org:8080/job/PreCommit-HIVE-Build/1845/testReport&lt;/a&gt;&lt;br/&gt;
Console output: &lt;a href=&quot;http://bigtop01.cloudera.org:8080/job/PreCommit-HIVE-Build/1845/console&quot; class=&quot;external-link&quot; target=&quot;_blank&quot; rel=&quot;nofollow noopener&quot;&gt;http://bigtop01.cloudera.org:8080/job/PreCommit-HIVE-Build/1845/console&lt;/a&gt;&lt;/p&gt;

&lt;p&gt;Messages:&lt;/p&gt;
&lt;div class=&quot;preformatted panel&quot; style=&quot;border-width: 1px;&quot;&gt;&lt;div class=&quot;preformattedContent panelContent&quot;&gt;
&lt;pre&gt;Executing org.apache.hive.ptest.execution.PrepPhase
Executing org.apache.hive.ptest.execution.ExecutionPhase
Executing org.apache.hive.ptest.execution.ReportingPhase
Tests exited with: TestsFailedException: 1 tests failed
&lt;/pre&gt;
&lt;/div&gt;&lt;/div&gt;

&lt;p&gt;This message is automatically generated.&lt;/p&gt;

&lt;p&gt;ATTACHMENT ID: 12634942&lt;/p&gt;</comment>
                            <comment id="13937330" author="xuefuz" created="Sun, 16 Mar 2014 20:57:23 +0000"  >&lt;p&gt;Patch #1 included the new tests that were added but missed when the previous patch was generated.&lt;/p&gt;</comment>
                            <comment id="13938295" author="hiveqa" created="Mon, 17 Mar 2014 19:57:27 +0000"  >

&lt;p&gt;&lt;font color=&quot;red&quot;&gt;Overall&lt;/font&gt;: -1 at least one tests failed&lt;/p&gt;

&lt;p&gt;Here are the results of testing the latest attachment:&lt;br/&gt;
&lt;a href=&quot;https://issues.apache.org/jira/secure/attachment/12635011/HIVE-6620.1.patch&quot; class=&quot;external-link&quot; rel=&quot;nofollow&quot;&gt;https://issues.apache.org/jira/secure/attachment/12635011/HIVE-6620.1.patch&lt;/a&gt;&lt;/p&gt;

&lt;p&gt;&lt;font color=&quot;red&quot;&gt;ERROR:&lt;/font&gt; -1 due to 1 failed/errored test(s), 5401 tests executed&lt;br/&gt;
&lt;b&gt;Failed tests:&lt;/b&gt;&lt;/p&gt;
&lt;div class=&quot;preformatted panel&quot; style=&quot;border-width: 1px;&quot;&gt;&lt;div class=&quot;preformattedContent panelContent&quot;&gt;
&lt;pre&gt;org.apache.hadoop.hive.cli.TestMinimrCliDriver.testCliDriver_auto_sortmerge_join_16
&lt;/pre&gt;
&lt;/div&gt;&lt;/div&gt;

&lt;p&gt;Test results: &lt;a href=&quot;http://bigtop01.cloudera.org:8080/job/PreCommit-HIVE-Build/1860/testReport&quot; class=&quot;external-link&quot; target=&quot;_blank&quot; rel=&quot;nofollow noopener&quot;&gt;http://bigtop01.cloudera.org:8080/job/PreCommit-HIVE-Build/1860/testReport&lt;/a&gt;&lt;br/&gt;
Console output: &lt;a href=&quot;http://bigtop01.cloudera.org:8080/job/PreCommit-HIVE-Build/1860/console&quot; class=&quot;external-link&quot; target=&quot;_blank&quot; rel=&quot;nofollow noopener&quot;&gt;http://bigtop01.cloudera.org:8080/job/PreCommit-HIVE-Build/1860/console&lt;/a&gt;&lt;/p&gt;

&lt;p&gt;Messages:&lt;/p&gt;
&lt;div class=&quot;preformatted panel&quot; style=&quot;border-width: 1px;&quot;&gt;&lt;div class=&quot;preformattedContent panelContent&quot;&gt;
&lt;pre&gt;Executing org.apache.hive.ptest.execution.PrepPhase
Executing org.apache.hive.ptest.execution.ExecutionPhase
Executing org.apache.hive.ptest.execution.ReportingPhase
Tests exited with: TestsFailedException: 1 tests failed
&lt;/pre&gt;
&lt;/div&gt;&lt;/div&gt;

&lt;p&gt;This message is automatically generated.&lt;/p&gt;

&lt;p&gt;ATTACHMENT ID: 12635011&lt;/p&gt;</comment>
                            <comment id="13938351" author="xuefuz" created="Mon, 17 Mar 2014 20:41:43 +0000"  >&lt;p&gt;The above test failure is transient and unrelated.&lt;/p&gt;</comment>
                            <comment id="13938355" author="xuefuz" created="Mon, 17 Mar 2014 20:43:32 +0000"  >&lt;p&gt;Patch committed to trunk. Thanks to Jason for the review.&lt;/p&gt;</comment>
                            <comment id="14210717" author="thejas" created="Thu, 13 Nov 2014 19:42:13 +0000"  >&lt;p&gt;This has been fixed in 0.14 release. Please open new jira if you see any issues.&lt;/p&gt;</comment>
                    </comments>
                    <attachments>
                            <attachment id="12635011" name="HIVE-6620.1.patch" size="13344" author="xuefuz" created="Sun, 16 Mar 2014 20:57:23 +0000"/>
                            <attachment id="12634942" name="HIVE-6620.patch" size="6942" author="xuefuz" created="Sat, 15 Mar 2014 23:20:23 +0000"/>
                            <attachment id="12634932" name="HIVE-6620.patch" size="6942" author="xuefuz" created="Sat, 15 Mar 2014 21:14:39 +0000"/>
                            <attachment id="12634259" name="HIVE-6620.patch" size="6942" author="xuefuz" created="Wed, 12 Mar 2014 21:07:30 +0000"/>
                    </attachments>
                <subtasks>
                    </subtasks>
                <customfields>
                                                                            <customfield id="customfield_12310310" key="com.atlassian.jira.toolkit:attachments">
                        <customfieldname>Attachment count</customfieldname>
                        <customfieldvalues>
                            <customfieldvalue>4.0</customfieldvalue>
                        </customfieldvalues>
                    </customfield>
                                                                                                                                                                                                                                                                                                                                                                                                                                                                                                                                                                                                                                                                                                        <customfield id="customfield_12314020" key="com.atlassian.jira.plugins.jira-development-integration-plugin:devsummary">
                        <customfieldname>Development</customfieldname>
                        <customfieldvalues>
                            
                        </customfieldvalues>
                    </customfield>
                                                                                                                        <customfield id="customfield_12313422" key="com.atlassian.jirafisheyeplugin:jobcheckbox">
                        <customfieldname>Enable Automatic Patch Review</customfieldname>
                        <customfieldvalues>
                            <customfieldvalue><![CDATA[false]]></customfieldvalue>

                        </customfieldvalues>
                    </customfield>
                                                                                                                                                                                                                                                                                                                                                                                                                                                                                                                                                                                                                                                <customfield id="customfield_12310420" key="com.pyxis.greenhopper.jira:gh-global-rank">
                        <customfieldname>Global Rank</customfieldname>
                        <customfieldvalues>
                            <customfieldvalue>379149</customfieldvalue>
                        </customfieldvalues>
                    </customfield>
                                                                                                                                                                                                                                                                    <customfield id="customfield_12312521" key="com.atlassian.jira.toolkit:LastCommentDate">
                        <customfieldname>Last public comment date</customfieldname>
                        <customfieldvalues>
                            11 years, 1 week, 5 days ago
                        </customfieldvalues>
                    </customfield>
                                                                                                                                                                                                                                                                                                <customfield id="customfield_12311820" key="com.pyxis.greenhopper.jira:gh-lexo-rank">
                        <customfieldname>Rank</customfieldname>
                        <customfieldvalues>
                            <customfieldvalue>0|i1tbwv:</customfieldvalue>

                        </customfieldvalues>
                    </customfield>
                                                                <customfield id="customfield_12310920" key="com.pyxis.greenhopper.jira:gh-global-rank">
                        <customfieldname>Rank (Obsolete)</customfieldname>
                        <customfieldvalues>
                            <customfieldvalue>379441</customfieldvalue>
                        </customfieldvalues>
                    </customfield>
                                                                                                                                                                                                                                                                                                                                                                                                                                                                                                                                                                                                                                                                                                                                                                                                                                                                                </customfields>
    </item>
</channel>
</rss>