<!-- 
RSS generated by JIRA (8.20.10#820010-sha1:ace47f9899e9ee25d7157d59aa17ab06aee30d3d) at Wed Nov 12 18:17:24 UTC 2025

It is possible to restrict the fields that are returned in this document by specifying the 'field' parameter in your request.
For example, to request only the issue key and summary append 'field=key&field=summary' to the URL of your request.
-->
<rss version="0.92" >
<channel>
    <title>ASF Jira</title>
    <link>https://issues.apache.org/jira</link>
    <description>This file is an XML representation of an issue</description>
    <language>en-uk</language>    <build-info>
        <version>8.20.10</version>
        <build-number>820010</build-number>
        <build-date>22-06-2022</build-date>
    </build-info>


<item>
            <title>[HIVE-5567] Add better protection code for SARGs</title>
                <link>https://issues.apache.org/jira/browse/HIVE-5567</link>
                <project id="12310843" key="HIVE">Hive</project>
                    <description>&lt;p&gt;Currently, the SARG parser gets a NPE when the push down predicate uses a type like decimal that isn&apos;t supported.&lt;/p&gt;</description>
                <environment></environment>
        <key id="12674189">HIVE-5567</key>
            <summary>Add better protection code for SARGs</summary>
                <type id="1" iconUrl="https://issues.apache.org/jira/secure/viewavatar?size=xsmall&amp;avatarId=21133&amp;avatarType=issuetype">Bug</type>
                                            <priority id="3" iconUrl="https://issues.apache.org/jira/images/icons/priorities/major.svg">Major</priority>
                        <status id="5" iconUrl="https://issues.apache.org/jira/images/icons/statuses/resolved.png" description="A resolution has been taken, and it is awaiting verification by reporter. From here issues are either reopened, or are closed.">Resolved</status>
                    <statusCategory id="3" key="done" colorName="green"/>
                                    <resolution id="1">Fixed</resolution>
                                        <assignee username="omalley">Owen O&apos;Malley</assignee>
                                    <reporter username="omalley">Owen O&apos;Malley</reporter>
                        <labels>
                    </labels>
                <created>Wed, 16 Oct 2013 20:02:01 +0000</created>
                <updated>Wed, 26 Mar 2014 17:12:13 +0000</updated>
                            <resolved>Wed, 26 Mar 2014 17:12:13 +0000</resolved>
                                    <version>0.12.0</version>
                                    <fixVersion>0.13.0</fixVersion>
                                    <component>File Formats</component>
                        <due></due>
                            <votes>0</votes>
                                    <watches>5</watches>
                                                                                                                <comments>
                            <comment id="13797194" author="appodictic" created="Wed, 16 Oct 2013 20:09:42 +0000"  >&lt;p&gt;Is there a reason that decimal can not be supported, or is the support for decimal incomplete?&lt;/p&gt;

&lt;p&gt;If SARG can support decimal we might be better off not adding protection, instead we should ensure that our unit tests cover all types.&lt;/p&gt;
</comment>
                            <comment id="13797201" author="appodictic" created="Wed, 16 Oct 2013 20:13:56 +0000"  >&lt;p&gt;In other words we do not want to create fragmentation. If types certain types can not work with predicate-pushdown that is a problem we should address. &lt;/p&gt;</comment>
                            <comment id="13797202" author="owen.omalley" created="Wed, 16 Oct 2013 20:14:30 +0000"  >&lt;p&gt;The exception looks like:&lt;/p&gt;

&lt;div class=&quot;code panel&quot; style=&quot;border-width: 1px;&quot;&gt;&lt;div class=&quot;codeContent panelContent&quot;&gt;
&lt;pre class=&quot;code-java&quot;&gt;Caused by: java.lang.NullPointerException
        at org.apache.hadoop.hive.ql.io.sarg.SearchArgumentImpl$PredicateLeafImpl.hashCode(SearchArgumentImpl.java:148)
        at java.util.HashMap.get(HashMap.java:300)
        at org.apache.hadoop.hive.ql.io.sarg.SearchArgumentImpl$ExpressionBuilder.buildLeafList(SearchArgumentImpl.java:740)
        at org.apache.hadoop.hive.ql.io.sarg.SearchArgumentImpl$ExpressionBuilder.buildLeafList(SearchArgumentImpl.java:735)
        at org.apache.hadoop.hive.ql.io.sarg.SearchArgumentImpl$ExpressionBuilder.expression(SearchArgumentImpl.java:776)
        at org.apache.hadoop.hive.ql.io.sarg.SearchArgumentImpl$ExpressionBuilder.expression(SearchArgumentImpl.java:759)
        at org.apache.hadoop.hive.ql.io.sarg.SearchArgumentImpl.&amp;lt;init&amp;gt;(SearchArgumentImpl.java:795)
        at org.apache.hadoop.hive.ql.io.sarg.SearchArgument$Factory.create(SearchArgument.java:174)
        at org.apache.hadoop.hive.ql.io.orc.OrcInputFormat.createSarg(OrcInputFormat.java:172)
        at org.apache.hadoop.hive.ql.io.orc.OrcInputFormat$OrcRecordReader.&amp;lt;init&amp;gt;(OrcInputFormat.java:98)
        at org.apache.hadoop.hive.ql.io.orc.OrcInputFormat.getRecordReader(OrcInputFormat.java:241)
        at org.apache.hadoop.hive.ql.io.CombineHiveRecordReader.&amp;lt;init&amp;gt;(CombineHiveRecordReader.java:65)
        ... 12 more
&lt;/pre&gt;
&lt;/div&gt;&lt;/div&gt;</comment>
                            <comment id="13797232" author="owen.omalley" created="Wed, 16 Oct 2013 20:42:35 +0000"  >&lt;p&gt;The SARG is a best effort for optimization. It doesn&apos;t guarantee that all types and predicates are supported. For example, if you do a UDF like &quot;where MyUdf(X) = 20&quot; that can&apos;t be translated in to a SARG. Even for predicates that can be handled,  currently only blocks of rows are tested and are accepted if any of the rows may pass the complete filter. In all cases the complete filter is still applied by Hive. SARGs are just optimizing which groups of rows need to be read from HDFS at all.&lt;/p&gt;

&lt;p&gt;That said, we should add decimal, date, and timestamp support to SARGs. That will be a bigger project and I&apos;ll file a separate jira.&lt;/p&gt;

&lt;p&gt;This issue is about preventing the optimization from causing run time errors. &lt;b&gt;smile&lt;/b&gt;&lt;/p&gt;

</comment>
                            <comment id="13797239" author="phabricator@reviews.facebook.net" created="Wed, 16 Oct 2013 20:49:42 +0000"  >&lt;p&gt;omalley requested code review of &quot;&lt;a href=&quot;https://issues.apache.org/jira/browse/HIVE-5567&quot; title=&quot;Add better protection code for SARGs&quot; class=&quot;issue-link&quot; data-issue-key=&quot;HIVE-5567&quot;&gt;&lt;del&gt;HIVE-5567&lt;/del&gt;&lt;/a&gt; &lt;span class=&quot;error&quot;&gt;&amp;#91;jira&amp;#93;&lt;/span&gt; Add better protection code for SARGs&quot;.&lt;/p&gt;

&lt;p&gt;Reviewers: JIRA&lt;/p&gt;

&lt;p&gt;&lt;a href=&quot;https://issues.apache.org/jira/browse/HIVE-5567&quot; title=&quot;Add better protection code for SARGs&quot; class=&quot;issue-link&quot; data-issue-key=&quot;HIVE-5567&quot;&gt;&lt;del&gt;HIVE-5567&lt;/del&gt;&lt;/a&gt;. Add better protection code for SARGs.&lt;/p&gt;

&lt;p&gt;Currently, the SARG parser gets a NPE when the push down predicate uses a type like decimal that isn&apos;t supported.&lt;/p&gt;

&lt;p&gt;TEST PLAN&lt;br/&gt;
  EMPTY&lt;/p&gt;

&lt;p&gt;REVISION DETAIL&lt;br/&gt;
  &lt;a href=&quot;https://reviews.facebook.net/D13479&quot; class=&quot;external-link&quot; target=&quot;_blank&quot; rel=&quot;nofollow noopener&quot;&gt;https://reviews.facebook.net/D13479&lt;/a&gt;&lt;/p&gt;

&lt;p&gt;AFFECTED FILES&lt;br/&gt;
  data/files/orc_create_people.txt&lt;br/&gt;
  ql/src/java/org/apache/hadoop/hive/ql/io/sarg/SearchArgumentImpl.java&lt;br/&gt;
  ql/src/test/queries/clientpositive/orc_create.q&lt;br/&gt;
  ql/src/test/results/clientpositive/orc_create.q.out&lt;/p&gt;

&lt;p&gt;MANAGE HERALD RULES&lt;br/&gt;
  &lt;a href=&quot;https://reviews.facebook.net/herald/view/differential/&quot; class=&quot;external-link&quot; target=&quot;_blank&quot; rel=&quot;nofollow noopener&quot;&gt;https://reviews.facebook.net/herald/view/differential/&lt;/a&gt;&lt;/p&gt;

&lt;p&gt;WHY DID I GET THIS EMAIL?&lt;br/&gt;
  &lt;a href=&quot;https://reviews.facebook.net/herald/transcript/40305/&quot; class=&quot;external-link&quot; target=&quot;_blank&quot; rel=&quot;nofollow noopener&quot;&gt;https://reviews.facebook.net/herald/transcript/40305/&lt;/a&gt;&lt;/p&gt;

&lt;p&gt;To: JIRA, omalley&lt;/p&gt;</comment>
                            <comment id="13797422" author="phabricator@reviews.facebook.net" created="Wed, 16 Oct 2013 23:25:43 +0000"  >&lt;p&gt;hagleitn has accepted the revision &quot;&lt;a href=&quot;https://issues.apache.org/jira/browse/HIVE-5567&quot; title=&quot;Add better protection code for SARGs&quot; class=&quot;issue-link&quot; data-issue-key=&quot;HIVE-5567&quot;&gt;&lt;del&gt;HIVE-5567&lt;/del&gt;&lt;/a&gt; &lt;span class=&quot;error&quot;&gt;&amp;#91;jira&amp;#93;&lt;/span&gt; Add better protection code for SARGs&quot;.&lt;/p&gt;

&lt;p&gt;  Looks good except for minor test issue.&lt;/p&gt;

&lt;p&gt;INLINE COMMENTS&lt;br/&gt;
  ql/src/test/queries/clientpositive/orc_create.q:69 did you mean to change this to decimal? i&apos;m guessing you want an int test too.&lt;/p&gt;

&lt;p&gt;REVISION DETAIL&lt;br/&gt;
  &lt;a href=&quot;https://reviews.facebook.net/D13479&quot; class=&quot;external-link&quot; target=&quot;_blank&quot; rel=&quot;nofollow noopener&quot;&gt;https://reviews.facebook.net/D13479&lt;/a&gt;&lt;/p&gt;

&lt;p&gt;BRANCH&lt;br/&gt;
  h-5567&lt;/p&gt;

&lt;p&gt;ARCANIST PROJECT&lt;br/&gt;
  hive&lt;/p&gt;

&lt;p&gt;To: JIRA, hagleitn, omalley&lt;/p&gt;</comment>
                            <comment id="13797427" author="hagleitn" created="Wed, 16 Oct 2013 23:29:45 +0000"  >&lt;p&gt;+1 pending the small test case update&lt;/p&gt;</comment>
                            <comment id="13797438" author="phabricator@reviews.facebook.net" created="Wed, 16 Oct 2013 23:39:43 +0000"  >&lt;p&gt;omalley updated the revision &quot;&lt;a href=&quot;https://issues.apache.org/jira/browse/HIVE-5567&quot; title=&quot;Add better protection code for SARGs&quot; class=&quot;issue-link&quot; data-issue-key=&quot;HIVE-5567&quot;&gt;&lt;del&gt;HIVE-5567&lt;/del&gt;&lt;/a&gt; &lt;span class=&quot;error&quot;&gt;&amp;#91;jira&amp;#93;&lt;/span&gt; Add better protection code for SARGs&quot;.&lt;/p&gt;

&lt;p&gt;  Fixed the test case to keep the int column&lt;/p&gt;

&lt;p&gt;Reviewers: hagleitn, JIRA&lt;/p&gt;

&lt;p&gt;REVISION DETAIL&lt;br/&gt;
  &lt;a href=&quot;https://reviews.facebook.net/D13479&quot; class=&quot;external-link&quot; target=&quot;_blank&quot; rel=&quot;nofollow noopener&quot;&gt;https://reviews.facebook.net/D13479&lt;/a&gt;&lt;/p&gt;

&lt;p&gt;CHANGE SINCE LAST DIFF&lt;br/&gt;
  &lt;a href=&quot;https://reviews.facebook.net/D13479?vs=41637&amp;amp;id=41685#toc&quot; class=&quot;external-link&quot; target=&quot;_blank&quot; rel=&quot;nofollow noopener&quot;&gt;https://reviews.facebook.net/D13479?vs=41637&amp;amp;id=41685#toc&lt;/a&gt;&lt;/p&gt;

&lt;p&gt;BRANCH&lt;br/&gt;
  h-5567&lt;/p&gt;

&lt;p&gt;ARCANIST PROJECT&lt;br/&gt;
  hive&lt;/p&gt;

&lt;p&gt;AFFECTED FILES&lt;br/&gt;
  data/files/orc_create_people.txt&lt;br/&gt;
  ql/src/java/org/apache/hadoop/hive/ql/io/sarg/SearchArgumentImpl.java&lt;br/&gt;
  ql/src/test/queries/clientpositive/orc_create.q&lt;br/&gt;
  ql/src/test/results/clientpositive/orc_create.q.out&lt;/p&gt;

&lt;p&gt;To: JIRA, hagleitn, omalley&lt;/p&gt;</comment>
                            <comment id="13797578" author="hiveqa" created="Thu, 17 Oct 2013 04:02:30 +0000"  >

&lt;p&gt;&lt;font color=&quot;red&quot;&gt;Overall&lt;/font&gt;: -1 at least one tests failed&lt;/p&gt;

&lt;p&gt;Here are the results of testing the latest attachment:&lt;br/&gt;
&lt;a href=&quot;https://issues.apache.org/jira/secure/attachment/12608836/D13479.2.patch&quot; class=&quot;external-link&quot; rel=&quot;nofollow&quot;&gt;https://issues.apache.org/jira/secure/attachment/12608836/D13479.2.patch&lt;/a&gt;&lt;/p&gt;

&lt;p&gt;&lt;font color=&quot;red&quot;&gt;ERROR:&lt;/font&gt; -1 due to 4 failed/errored test(s), 4411 tests executed&lt;br/&gt;
&lt;b&gt;Failed tests:&lt;/b&gt;&lt;/p&gt;
&lt;div class=&quot;preformatted panel&quot; style=&quot;border-width: 1px;&quot;&gt;&lt;div class=&quot;preformattedContent panelContent&quot;&gt;
&lt;pre&gt;org.apache.hadoop.hive.cli.TestCliDriver.testCliDriver_vectorization_pushdown
org.apache.hadoop.hive.ql.io.sarg.TestSearchArgumentImpl.testExpression3
org.apache.hadoop.hive.ql.io.sarg.TestSearchArgumentImpl.testExpression5
org.apache.hadoop.hive.ql.io.sarg.TestSearchArgumentImpl.testExpression8
&lt;/pre&gt;
&lt;/div&gt;&lt;/div&gt;

&lt;p&gt;Test results: &lt;a href=&quot;https://builds.apache.org/job/PreCommit-HIVE-Build/1149/testReport&quot; class=&quot;external-link&quot; target=&quot;_blank&quot; rel=&quot;nofollow noopener&quot;&gt;https://builds.apache.org/job/PreCommit-HIVE-Build/1149/testReport&lt;/a&gt;&lt;br/&gt;
Console output: &lt;a href=&quot;https://builds.apache.org/job/PreCommit-HIVE-Build/1149/console&quot; class=&quot;external-link&quot; target=&quot;_blank&quot; rel=&quot;nofollow noopener&quot;&gt;https://builds.apache.org/job/PreCommit-HIVE-Build/1149/console&lt;/a&gt;&lt;/p&gt;

&lt;p&gt;Messages:&lt;/p&gt;
&lt;div class=&quot;preformatted panel&quot; style=&quot;border-width: 1px;&quot;&gt;&lt;div class=&quot;preformattedContent panelContent&quot;&gt;
&lt;pre&gt;Executing org.apache.hive.ptest.execution.PrepPhase
Executing org.apache.hive.ptest.execution.ExecutionPhase
Executing org.apache.hive.ptest.execution.ReportingPhase
Tests failed with: TestsFailedException: 4 tests failed
&lt;/pre&gt;
&lt;/div&gt;&lt;/div&gt;

&lt;p&gt;This message is automatically generated.&lt;/p&gt;</comment>
                            <comment id="13797621" author="hiveqa" created="Thu, 17 Oct 2013 05:32:08 +0000"  >

&lt;p&gt;&lt;font color=&quot;red&quot;&gt;Overall&lt;/font&gt;: -1 at least one tests failed&lt;/p&gt;

&lt;p&gt;Here are the results of testing the latest attachment:&lt;br/&gt;
&lt;a href=&quot;https://issues.apache.org/jira/secure/attachment/12608836/D13479.2.patch&quot; class=&quot;external-link&quot; rel=&quot;nofollow&quot;&gt;https://issues.apache.org/jira/secure/attachment/12608836/D13479.2.patch&lt;/a&gt;&lt;/p&gt;

&lt;p&gt;&lt;font color=&quot;red&quot;&gt;ERROR:&lt;/font&gt; -1 due to 5 failed/errored test(s), 4411 tests executed&lt;br/&gt;
&lt;b&gt;Failed tests:&lt;/b&gt;&lt;/p&gt;
&lt;div class=&quot;preformatted panel&quot; style=&quot;border-width: 1px;&quot;&gt;&lt;div class=&quot;preformattedContent panelContent&quot;&gt;
&lt;pre&gt;org.apache.hadoop.hive.cli.TestCliDriver.testCliDriver_vectorization_pushdown
org.apache.hadoop.hive.cli.TestNegativeCliDriver.testNegativeCliDriver_script_broken_pipe1
org.apache.hadoop.hive.ql.io.sarg.TestSearchArgumentImpl.testExpression3
org.apache.hadoop.hive.ql.io.sarg.TestSearchArgumentImpl.testExpression5
org.apache.hadoop.hive.ql.io.sarg.TestSearchArgumentImpl.testExpression8
&lt;/pre&gt;
&lt;/div&gt;&lt;/div&gt;

&lt;p&gt;Test results: &lt;a href=&quot;https://builds.apache.org/job/PreCommit-HIVE-Build/1150/testReport&quot; class=&quot;external-link&quot; target=&quot;_blank&quot; rel=&quot;nofollow noopener&quot;&gt;https://builds.apache.org/job/PreCommit-HIVE-Build/1150/testReport&lt;/a&gt;&lt;br/&gt;
Console output: &lt;a href=&quot;https://builds.apache.org/job/PreCommit-HIVE-Build/1150/console&quot; class=&quot;external-link&quot; target=&quot;_blank&quot; rel=&quot;nofollow noopener&quot;&gt;https://builds.apache.org/job/PreCommit-HIVE-Build/1150/console&lt;/a&gt;&lt;/p&gt;

&lt;p&gt;Messages:&lt;/p&gt;
&lt;div class=&quot;preformatted panel&quot; style=&quot;border-width: 1px;&quot;&gt;&lt;div class=&quot;preformattedContent panelContent&quot;&gt;
&lt;pre&gt;Executing org.apache.hive.ptest.execution.PrepPhase
Executing org.apache.hive.ptest.execution.ExecutionPhase
Executing org.apache.hive.ptest.execution.ReportingPhase
Tests failed with: TestsFailedException: 5 tests failed
&lt;/pre&gt;
&lt;/div&gt;&lt;/div&gt;

&lt;p&gt;This message is automatically generated.&lt;/p&gt;</comment>
                            <comment id="13798402" author="phabricator@reviews.facebook.net" created="Thu, 17 Oct 2013 20:58:45 +0000"  >&lt;p&gt;omalley updated the revision &quot;&lt;a href=&quot;https://issues.apache.org/jira/browse/HIVE-5567&quot; title=&quot;Add better protection code for SARGs&quot; class=&quot;issue-link&quot; data-issue-key=&quot;HIVE-5567&quot;&gt;&lt;del&gt;HIVE-5567&lt;/del&gt;&lt;/a&gt; &lt;span class=&quot;error&quot;&gt;&amp;#91;jira&amp;#93;&lt;/span&gt; Add better protection code for SARGs&quot;.&lt;/p&gt;

&lt;p&gt;  Fixed the ordering to fix TestSearchArgumentImpl&lt;/p&gt;

&lt;p&gt;Reviewers: hagleitn, JIRA&lt;/p&gt;

&lt;p&gt;REVISION DETAIL&lt;br/&gt;
  &lt;a href=&quot;https://reviews.facebook.net/D13479&quot; class=&quot;external-link&quot; target=&quot;_blank&quot; rel=&quot;nofollow noopener&quot;&gt;https://reviews.facebook.net/D13479&lt;/a&gt;&lt;/p&gt;

&lt;p&gt;CHANGE SINCE LAST DIFF&lt;br/&gt;
  &lt;a href=&quot;https://reviews.facebook.net/D13479?vs=41685&amp;amp;id=41781#toc&quot; class=&quot;external-link&quot; target=&quot;_blank&quot; rel=&quot;nofollow noopener&quot;&gt;https://reviews.facebook.net/D13479?vs=41685&amp;amp;id=41781#toc&lt;/a&gt;&lt;/p&gt;

&lt;p&gt;BRANCH&lt;br/&gt;
  h-5567&lt;/p&gt;

&lt;p&gt;ARCANIST PROJECT&lt;br/&gt;
  hive&lt;/p&gt;

&lt;p&gt;AFFECTED FILES&lt;br/&gt;
  data/files/orc_create_people.txt&lt;br/&gt;
  ql/src/java/org/apache/hadoop/hive/ql/io/sarg/SearchArgumentImpl.java&lt;br/&gt;
  ql/src/test/queries/clientpositive/orc_create.q&lt;br/&gt;
  ql/src/test/results/clientpositive/orc_create.q.out&lt;/p&gt;

&lt;p&gt;To: JIRA, hagleitn, omalley&lt;/p&gt;</comment>
                            <comment id="13798462" author="phabricator@reviews.facebook.net" created="Thu, 17 Oct 2013 21:38:42 +0000"  >&lt;p&gt;hagleitn has commented on the revision &quot;&lt;a href=&quot;https://issues.apache.org/jira/browse/HIVE-5567&quot; title=&quot;Add better protection code for SARGs&quot; class=&quot;issue-link&quot; data-issue-key=&quot;HIVE-5567&quot;&gt;&lt;del&gt;HIVE-5567&lt;/del&gt;&lt;/a&gt; &lt;span class=&quot;error&quot;&gt;&amp;#91;jira&amp;#93;&lt;/span&gt; Add better protection code for SARGs&quot;.&lt;/p&gt;

&lt;p&gt;  LGTM&lt;/p&gt;

&lt;p&gt;REVISION DETAIL&lt;br/&gt;
  &lt;a href=&quot;https://reviews.facebook.net/D13479&quot; class=&quot;external-link&quot; target=&quot;_blank&quot; rel=&quot;nofollow noopener&quot;&gt;https://reviews.facebook.net/D13479&lt;/a&gt;&lt;/p&gt;

&lt;p&gt;BRANCH&lt;br/&gt;
  h-5567&lt;/p&gt;

&lt;p&gt;ARCANIST PROJECT&lt;br/&gt;
  hive&lt;/p&gt;

&lt;p&gt;To: JIRA, hagleitn, omalley&lt;/p&gt;</comment>
                            <comment id="13799907" author="hiveqa" created="Sat, 19 Oct 2013 14:09:44 +0000"  >

&lt;p&gt;&lt;font color=&quot;green&quot;&gt;Overall&lt;/font&gt;: +1 all checks pass&lt;/p&gt;

&lt;p&gt;Here are the results of testing the latest attachment:&lt;br/&gt;
&lt;a href=&quot;https://issues.apache.org/jira/secure/attachment/12609023/D13479.3.patch&quot; class=&quot;external-link&quot; rel=&quot;nofollow&quot;&gt;https://issues.apache.org/jira/secure/attachment/12609023/D13479.3.patch&lt;/a&gt;&lt;/p&gt;

&lt;p&gt;&lt;font color=&quot;green&quot;&gt;SUCCESS:&lt;/font&gt; +1 4427 tests passed&lt;/p&gt;

&lt;p&gt;Test results: &lt;a href=&quot;https://builds.apache.org/job/PreCommit-HIVE-Build/1166/testReport&quot; class=&quot;external-link&quot; target=&quot;_blank&quot; rel=&quot;nofollow noopener&quot;&gt;https://builds.apache.org/job/PreCommit-HIVE-Build/1166/testReport&lt;/a&gt;&lt;br/&gt;
Console output: &lt;a href=&quot;https://builds.apache.org/job/PreCommit-HIVE-Build/1166/console&quot; class=&quot;external-link&quot; target=&quot;_blank&quot; rel=&quot;nofollow noopener&quot;&gt;https://builds.apache.org/job/PreCommit-HIVE-Build/1166/console&lt;/a&gt;&lt;/p&gt;

&lt;p&gt;Messages:&lt;/p&gt;
&lt;div class=&quot;preformatted panel&quot; style=&quot;border-width: 1px;&quot;&gt;&lt;div class=&quot;preformattedContent panelContent&quot;&gt;
&lt;pre&gt;Executing org.apache.hive.ptest.execution.PrepPhase
Executing org.apache.hive.ptest.execution.ExecutionPhase
Executing org.apache.hive.ptest.execution.ReportingPhase
&lt;/pre&gt;
&lt;/div&gt;&lt;/div&gt;

&lt;p&gt;This message is automatically generated.&lt;/p&gt;</comment>
                            <comment id="13909931" author="hiveqa" created="Sun, 23 Feb 2014 22:53:55 +0000"  >

&lt;p&gt;&lt;font color=&quot;red&quot;&gt;Overall&lt;/font&gt;: -1 no tests executed&lt;/p&gt;

&lt;p&gt;Here are the results of testing the latest attachment:&lt;br/&gt;
&lt;a href=&quot;https://issues.apache.org/jira/secure/attachment/12609023/D13479.3.patch&quot; class=&quot;external-link&quot; rel=&quot;nofollow&quot;&gt;https://issues.apache.org/jira/secure/attachment/12609023/D13479.3.patch&lt;/a&gt;&lt;/p&gt;

&lt;p&gt;Test results: &lt;a href=&quot;http://bigtop01.cloudera.org:8080/job/PreCommit-HIVE-Build/1462/testReport&quot; class=&quot;external-link&quot; target=&quot;_blank&quot; rel=&quot;nofollow noopener&quot;&gt;http://bigtop01.cloudera.org:8080/job/PreCommit-HIVE-Build/1462/testReport&lt;/a&gt;&lt;br/&gt;
Console output: &lt;a href=&quot;http://bigtop01.cloudera.org:8080/job/PreCommit-HIVE-Build/1462/console&quot; class=&quot;external-link&quot; target=&quot;_blank&quot; rel=&quot;nofollow noopener&quot;&gt;http://bigtop01.cloudera.org:8080/job/PreCommit-HIVE-Build/1462/console&lt;/a&gt;&lt;/p&gt;

&lt;p&gt;Messages:&lt;/p&gt;
&lt;div class=&quot;preformatted panel&quot; style=&quot;border-width: 1px;&quot;&gt;&lt;div class=&quot;preformattedContent panelContent&quot;&gt;
&lt;pre&gt;Executing org.apache.hive.ptest.execution.PrepPhase
Tests exited with: NonZeroExitCodeException
Command &apos;bash /data/hive-ptest/working/scratch/source-prep.sh&apos; failed with exit status 1 and output &apos;+ [[ -n &apos;&apos; ]]
+ export &apos;ANT_OPTS=-Xmx1g -XX:MaxPermSize=256m &apos;
+ ANT_OPTS=&apos;-Xmx1g -XX:MaxPermSize=256m &apos;
+ export &apos;M2_OPTS=-Xmx1g -XX:MaxPermSize=256m -Dhttp.proxyHost=localhost -Dhttp.proxyPort=3128&apos;
+ M2_OPTS=&apos;-Xmx1g -XX:MaxPermSize=256m -Dhttp.proxyHost=localhost -Dhttp.proxyPort=3128&apos;
+ cd /data/hive-ptest/working/
+ tee /data/hive-ptest/logs/PreCommit-HIVE-Build-1462/source-prep.txt
+ [[ false == \t\r\u\e ]]
+ mkdir -p maven ivy
+ [[ svn = \s\v\n ]]
+ [[ -n &apos;&apos; ]]
+ [[ -d apache-svn-trunk-source ]]
+ [[ ! -d apache-svn-trunk-source/.svn ]]
+ [[ ! -d apache-svn-trunk-source ]]
+ cd apache-svn-trunk-source
+ svn revert -R .
Reverted &apos;pom.xml&apos;
Reverted &apos;common/src/java/org/apache/hadoop/hive/conf/HiveConf.java&apos;
Reverted &apos;service/src/java/org/apache/hive/service/auth/AuthenticationProviderFactory.java&apos;
Reverted &apos;service/pom.xml&apos;
++ awk &apos;{print $2}&apos;
++ egrep -v &apos;^X|^Performing status on external&apos;
++ svn status --no-ignore
+ rm -rf target datanucleus.log ant/target shims/target shims/0.20/target shims/0.20S/target shims/0.23/target shims/aggregator/target shims/common/target shims/common-secure/target packaging/target hbase-handler/target testutils/target jdbc/target metastore/target itests/target itests/hcatalog-unit/target itests/test-serde/target itests/qtest/target itests/hive-unit/target itests/custom-serde/target itests/util/target hcatalog/target hcatalog/storage-handlers/hbase/target hcatalog/server-extensions/target hcatalog/core/target hcatalog/webhcat/svr/target hcatalog/webhcat/java-client/target hcatalog/hcatalog-pig-adapter/target hwi/target common/target common/src/gen common/src/java/org/apache/hadoop/hive/conf/HiveConf.java.orig contrib/target service/target service/src/java/org/apache/hive/service/auth/PamAuthenticationProviderImpl.java serde/target beeline/target odbc/target cli/target ql/dependency-reduced-pom.xml ql/target
+ svn update

Fetching external item into &apos;hcatalog/src/test/e2e/harness&apos;
External at revision 1571112.

At revision 1571112.
+ patchCommandPath=/data/hive-ptest/working/scratch/smart-apply-patch.sh
+ patchFilePath=/data/hive-ptest/working/scratch/build.patch
+ [[ -f /data/hive-ptest/working/scratch/build.patch ]]
+ chmod +x /data/hive-ptest/working/scratch/smart-apply-patch.sh
+ /data/hive-ptest/working/scratch/smart-apply-patch.sh /data/hive-ptest/working/scratch/build.patch
The patch does not appear to apply with p0, p1, or p2
+ exit 1
&apos;
&lt;/pre&gt;
&lt;/div&gt;&lt;/div&gt;

&lt;p&gt;This message is automatically generated.&lt;/p&gt;

&lt;p&gt;ATTACHMENT ID: 12609023&lt;/p&gt;</comment>
                            <comment id="13934118" author="owen.omalley" created="Thu, 13 Mar 2014 21:32:19 +0000"  >&lt;p&gt;I&apos;ve rebased the original test and added a new test for timestamp.&lt;/p&gt;</comment>
                            <comment id="13934162" author="hagleitn" created="Thu, 13 Mar 2014 21:52:21 +0000"  >&lt;p&gt;looked at it again. still looks good. +1&lt;/p&gt;</comment>
                            <comment id="13935434" author="owen.omalley" created="Fri, 14 Mar 2014 18:44:21 +0000"  >&lt;p&gt;Reupload for jenkins.&lt;/p&gt;</comment>
                            <comment id="13936040" author="hiveqa" created="Sat, 15 Mar 2014 06:59:05 +0000"  >

&lt;p&gt;&lt;font color=&quot;red&quot;&gt;Overall&lt;/font&gt;: -1 no tests executed&lt;/p&gt;

&lt;p&gt;Here are the results of testing the latest attachment:&lt;br/&gt;
&lt;a href=&quot;https://issues.apache.org/jira/secure/attachment/12634784/HIVE-5567.patch&quot; class=&quot;external-link&quot; rel=&quot;nofollow&quot;&gt;https://issues.apache.org/jira/secure/attachment/12634784/HIVE-5567.patch&lt;/a&gt;&lt;/p&gt;

&lt;p&gt;Test results: &lt;a href=&quot;http://bigtop01.cloudera.org:8080/job/PreCommit-HIVE-Build/1789/testReport&quot; class=&quot;external-link&quot; target=&quot;_blank&quot; rel=&quot;nofollow noopener&quot;&gt;http://bigtop01.cloudera.org:8080/job/PreCommit-HIVE-Build/1789/testReport&lt;/a&gt;&lt;br/&gt;
Console output: &lt;a href=&quot;http://bigtop01.cloudera.org:8080/job/PreCommit-HIVE-Build/1789/console&quot; class=&quot;external-link&quot; target=&quot;_blank&quot; rel=&quot;nofollow noopener&quot;&gt;http://bigtop01.cloudera.org:8080/job/PreCommit-HIVE-Build/1789/console&lt;/a&gt;&lt;/p&gt;

&lt;p&gt;Messages:&lt;/p&gt;
&lt;div class=&quot;preformatted panel&quot; style=&quot;border-width: 1px;&quot;&gt;&lt;div class=&quot;preformattedContent panelContent&quot;&gt;
&lt;pre&gt;**** This message was trimmed, see log for full details ****
[INFO] Using &apos;UTF-8&apos; encoding to copy filtered resources.
[INFO] skip non existing resourceDirectory /data/hive-ptest/working/apache-svn-trunk-source/hwi/src/test/resources
[INFO] Copying 3 resources
[INFO] 
[INFO] --- maven-antrun-plugin:1.7:run (setup-test-dirs) @ hive-hwi ---
[INFO] Executing tasks

main:
    [mkdir] Created dir: /data/hive-ptest/working/apache-svn-trunk-source/hwi/target/tmp
    [mkdir] Created dir: /data/hive-ptest/working/apache-svn-trunk-source/hwi/target/warehouse
    [mkdir] Created dir: /data/hive-ptest/working/apache-svn-trunk-source/hwi/target/tmp/conf
     [copy] Copying 5 files to /data/hive-ptest/working/apache-svn-trunk-source/hwi/target/tmp/conf
[INFO] Executed tasks
[INFO] 
[INFO] --- maven-compiler-plugin:3.1:testCompile (default-testCompile) @ hive-hwi ---
[INFO] Compiling 2 source files to /data/hive-ptest/working/apache-svn-trunk-source/hwi/target/test-classes
[INFO] 
[INFO] --- maven-surefire-plugin:2.16:test (default-test) @ hive-hwi ---
[INFO] Tests are skipped.
[INFO] 
[INFO] --- maven-jar-plugin:2.2:jar (default-jar) @ hive-hwi ---
[INFO] Building jar: /data/hive-ptest/working/apache-svn-trunk-source/hwi/target/hive-hwi-0.14.0-SNAPSHOT.jar
[INFO] 
[INFO] --- maven-site-plugin:3.3:attach-descriptor (attach-descriptor) @ hive-hwi ---
[INFO] 
[INFO] --- maven-install-plugin:2.4:install (default-install) @ hive-hwi ---
[INFO] Installing /data/hive-ptest/working/apache-svn-trunk-source/hwi/target/hive-hwi-0.14.0-SNAPSHOT.jar to /data/hive-ptest/working/maven/org/apache/hive/hive-hwi/0.14.0-SNAPSHOT/hive-hwi-0.14.0-SNAPSHOT.jar
[INFO] Installing /data/hive-ptest/working/apache-svn-trunk-source/hwi/pom.xml to /data/hive-ptest/working/maven/org/apache/hive/hive-hwi/0.14.0-SNAPSHOT/hive-hwi-0.14.0-SNAPSHOT.pom
[INFO]                                                                         
[INFO] ------------------------------------------------------------------------
[INFO] Building Hive ODBC 0.14.0-SNAPSHOT
[INFO] ------------------------------------------------------------------------
[INFO] 
[INFO] --- maven-clean-plugin:2.5:clean (default-clean) @ hive-odbc ---
[INFO] Deleting /data/hive-ptest/working/apache-svn-trunk-source/odbc (includes = [datanucleus.log, derby.log], excludes = [])
[INFO] 
[INFO] --- maven-remote-resources-plugin:1.5:process (default) @ hive-odbc ---
[INFO] 
[INFO] --- maven-antrun-plugin:1.7:run (define-classpath) @ hive-odbc ---
[INFO] Executing tasks

main:
[INFO] Executed tasks
[INFO] 
[INFO] --- maven-antrun-plugin:1.7:run (setup-test-dirs) @ hive-odbc ---
[INFO] Executing tasks

main:
    [mkdir] Created dir: /data/hive-ptest/working/apache-svn-trunk-source/odbc/target/tmp
    [mkdir] Created dir: /data/hive-ptest/working/apache-svn-trunk-source/odbc/target/warehouse
    [mkdir] Created dir: /data/hive-ptest/working/apache-svn-trunk-source/odbc/target/tmp/conf
     [copy] Copying 5 files to /data/hive-ptest/working/apache-svn-trunk-source/odbc/target/tmp/conf
[INFO] Executed tasks
[INFO] 
[INFO] --- maven-site-plugin:3.3:attach-descriptor (attach-descriptor) @ hive-odbc ---
[INFO] 
[INFO] --- maven-install-plugin:2.4:install (default-install) @ hive-odbc ---
[INFO] Installing /data/hive-ptest/working/apache-svn-trunk-source/odbc/pom.xml to /data/hive-ptest/working/maven/org/apache/hive/hive-odbc/0.14.0-SNAPSHOT/hive-odbc-0.14.0-SNAPSHOT.pom
[INFO]                                                                         
[INFO] ------------------------------------------------------------------------
[INFO] Building Hive Shims Aggregator 0.14.0-SNAPSHOT
[INFO] ------------------------------------------------------------------------
[INFO] 
[INFO] --- maven-clean-plugin:2.5:clean (default-clean) @ hive-shims-aggregator ---
[INFO] Deleting /data/hive-ptest/working/apache-svn-trunk-source/shims (includes = [datanucleus.log, derby.log], excludes = [])
[INFO] 
[INFO] --- maven-remote-resources-plugin:1.5:process (default) @ hive-shims-aggregator ---
[INFO] 
[INFO] --- maven-antrun-plugin:1.7:run (define-classpath) @ hive-shims-aggregator ---
[INFO] Executing tasks

main:
[INFO] Executed tasks
[INFO] 
[INFO] --- maven-antrun-plugin:1.7:run (setup-test-dirs) @ hive-shims-aggregator ---
[INFO] Executing tasks

main:
    [mkdir] Created dir: /data/hive-ptest/working/apache-svn-trunk-source/shims/target/tmp
    [mkdir] Created dir: /data/hive-ptest/working/apache-svn-trunk-source/shims/target/warehouse
    [mkdir] Created dir: /data/hive-ptest/working/apache-svn-trunk-source/shims/target/tmp/conf
     [copy] Copying 5 files to /data/hive-ptest/working/apache-svn-trunk-source/shims/target/tmp/conf
[INFO] Executed tasks
[INFO] 
[INFO] --- maven-site-plugin:3.3:attach-descriptor (attach-descriptor) @ hive-shims-aggregator ---
[INFO] 
[INFO] --- maven-install-plugin:2.4:install (default-install) @ hive-shims-aggregator ---
[INFO] Installing /data/hive-ptest/working/apache-svn-trunk-source/shims/pom.xml to /data/hive-ptest/working/maven/org/apache/hive/hive-shims-aggregator/0.14.0-SNAPSHOT/hive-shims-aggregator-0.14.0-SNAPSHOT.pom
[INFO]                                                                         
[INFO] ------------------------------------------------------------------------
[INFO] Building Hive TestUtils 0.14.0-SNAPSHOT
[INFO] ------------------------------------------------------------------------
[INFO] 
[INFO] --- maven-clean-plugin:2.5:clean (default-clean) @ hive-testutils ---
[INFO] Deleting /data/hive-ptest/working/apache-svn-trunk-source/testutils (includes = [datanucleus.log, derby.log], excludes = [])
[INFO] 
[INFO] --- maven-remote-resources-plugin:1.5:process (default) @ hive-testutils ---
[INFO] 
[INFO] --- maven-resources-plugin:2.6:resources (default-resources) @ hive-testutils ---
[INFO] Using &apos;UTF-8&apos; encoding to copy filtered resources.
[INFO] skip non existing resourceDirectory /data/hive-ptest/working/apache-svn-trunk-source/testutils/src/main/resources
[INFO] Copying 3 resources
[INFO] 
[INFO] --- maven-antrun-plugin:1.7:run (define-classpath) @ hive-testutils ---
[INFO] Executing tasks

main:
[INFO] Executed tasks
[INFO] 
[INFO] --- maven-compiler-plugin:3.1:compile (default-compile) @ hive-testutils ---
[INFO] Compiling 2 source files to /data/hive-ptest/working/apache-svn-trunk-source/testutils/target/classes
[INFO] 
[INFO] --- maven-resources-plugin:2.6:testResources (default-testResources) @ hive-testutils ---
[INFO] Using &apos;UTF-8&apos; encoding to copy filtered resources.
[INFO] skip non existing resourceDirectory /data/hive-ptest/working/apache-svn-trunk-source/testutils/src/test/resources
[INFO] Copying 3 resources
[INFO] 
[INFO] --- maven-antrun-plugin:1.7:run (setup-test-dirs) @ hive-testutils ---
[INFO] Executing tasks

main:
    [mkdir] Created dir: /data/hive-ptest/working/apache-svn-trunk-source/testutils/target/tmp
    [mkdir] Created dir: /data/hive-ptest/working/apache-svn-trunk-source/testutils/target/warehouse
    [mkdir] Created dir: /data/hive-ptest/working/apache-svn-trunk-source/testutils/target/tmp/conf
     [copy] Copying 5 files to /data/hive-ptest/working/apache-svn-trunk-source/testutils/target/tmp/conf
[INFO] Executed tasks
[INFO] 
[INFO] --- maven-compiler-plugin:3.1:testCompile (default-testCompile) @ hive-testutils ---
[INFO] No sources to compile
[INFO] 
[INFO] --- maven-surefire-plugin:2.16:test (default-test) @ hive-testutils ---
[INFO] Tests are skipped.
[INFO] 
[INFO] --- maven-jar-plugin:2.2:jar (default-jar) @ hive-testutils ---
[INFO] Building jar: /data/hive-ptest/working/apache-svn-trunk-source/testutils/target/hive-testutils-0.14.0-SNAPSHOT.jar
[INFO] 
[INFO] --- maven-site-plugin:3.3:attach-descriptor (attach-descriptor) @ hive-testutils ---
[INFO] 
[INFO] --- maven-install-plugin:2.4:install (default-install) @ hive-testutils ---
[INFO] Installing /data/hive-ptest/working/apache-svn-trunk-source/testutils/target/hive-testutils-0.14.0-SNAPSHOT.jar to /data/hive-ptest/working/maven/org/apache/hive/hive-testutils/0.14.0-SNAPSHOT/hive-testutils-0.14.0-SNAPSHOT.jar
[INFO] Installing /data/hive-ptest/working/apache-svn-trunk-source/testutils/pom.xml to /data/hive-ptest/working/maven/org/apache/hive/hive-testutils/0.14.0-SNAPSHOT/hive-testutils-0.14.0-SNAPSHOT.pom
[INFO]                                                                         
[INFO] ------------------------------------------------------------------------
[INFO] Building Hive Packaging 0.14.0-SNAPSHOT
[INFO] ------------------------------------------------------------------------
Downloading: http://repository.apache.org/snapshots/org/apache/hive/hcatalog/hive-hcatalog-hbase-storage-handler/0.14.0-SNAPSHOT/maven-metadata.xml
Downloading: http://repository.apache.org/snapshots/org/apache/hive/hcatalog/hive-hcatalog-hbase-storage-handler/0.14.0-SNAPSHOT/hive-hcatalog-hbase-storage-handler-0.14.0-SNAPSHOT.pom
[WARNING] The POM for org.apache.hive.hcatalog:hive-hcatalog-hbase-storage-handler:jar:0.14.0-SNAPSHOT is missing, no dependency information available
Downloading: http://repository.apache.org/snapshots/org/apache/hive/hcatalog/hive-hcatalog-hbase-storage-handler/0.14.0-SNAPSHOT/hive-hcatalog-hbase-storage-handler-0.14.0-SNAPSHOT.jar
[INFO] ------------------------------------------------------------------------
[INFO] Reactor Summary:
[INFO] 
[INFO] Hive .............................................. SUCCESS [8.711s]
[INFO] Hive Ant Utilities ................................ SUCCESS [5.610s]
[INFO] Hive Shims Common ................................. SUCCESS [3.784s]
[INFO] Hive Shims 0.20 ................................... SUCCESS [2.541s]
[INFO] Hive Shims Secure Common .......................... SUCCESS [4.534s]
[INFO] Hive Shims 0.20S .................................. SUCCESS [3.049s]
[INFO] Hive Shims 0.23 ................................... SUCCESS [7.939s]
[INFO] Hive Shims ........................................ SUCCESS [1.269s]
[INFO] Hive Common ....................................... SUCCESS [6.541s]
[INFO] Hive Serde ........................................ SUCCESS [9.768s]
[INFO] Hive Metastore .................................... SUCCESS [32.340s]
[INFO] Hive Query Language ............................... SUCCESS [1:18.562s]
[INFO] Hive Service ...................................... SUCCESS [8.103s]
[INFO] Hive JDBC ......................................... SUCCESS [2.930s]
[INFO] Hive Beeline ...................................... SUCCESS [3.400s]
[INFO] Hive CLI .......................................... SUCCESS [2.617s]
[INFO] Hive Contrib ...................................... SUCCESS [2.768s]
[INFO] Hive HBase Handler ................................ SUCCESS [2.655s]
[INFO] Hive HCatalog ..................................... SUCCESS [0.549s]
[INFO] Hive HCatalog Core ................................ SUCCESS [2.009s]
[INFO] Hive HCatalog Pig Adapter ......................... SUCCESS [2.447s]
[INFO] Hive HCatalog Server Extensions ................... SUCCESS [1.194s]
[INFO] Hive HCatalog Webhcat Java Client ................. SUCCESS [2.098s]
[INFO] Hive HCatalog Webhcat ............................. SUCCESS [9.913s]
[INFO] Hive HWI .......................................... SUCCESS [1.081s]
[INFO] Hive ODBC ......................................... SUCCESS [0.786s]
[INFO] Hive Shims Aggregator ............................. SUCCESS [0.282s]
[INFO] Hive TestUtils .................................... SUCCESS [0.731s]
[INFO] Hive Packaging .................................... FAILURE [2.377s]
[INFO] ------------------------------------------------------------------------
[INFO] BUILD FAILURE
[INFO] ------------------------------------------------------------------------
[INFO] Total time: 3:35.120s
[INFO] Finished at: Sat Mar 15 02:59:04 EDT 2014
[INFO] Final Memory: 74M/425M
[INFO] ------------------------------------------------------------------------
[ERROR] Failed to execute goal on project hive-packaging: Could not resolve dependencies for project org.apache.hive:hive-packaging:pom:0.14.0-SNAPSHOT: Could not find artifact org.apache.hive.hcatalog:hive-hcatalog-hbase-storage-handler:jar:0.14.0-SNAPSHOT in apache.snapshots (http://repository.apache.org/snapshots) -&amp;gt; [Help 1]
[ERROR] 
[ERROR] To see the full stack trace of the errors, re-run Maven with the -e switch.
[ERROR] Re-run Maven using the -X switch to enable full debug logging.
[ERROR] 
[ERROR] For more information about the errors and possible solutions, please read the following articles:
[ERROR] [Help 1] http://cwiki.apache.org/confluence/display/MAVEN/DependencyResolutionException
[ERROR] 
[ERROR] After correcting the problems, you can resume the build with the command
[ERROR]   mvn &amp;lt;goals&amp;gt; -rf :hive-packaging
+ exit 1
&apos;
&lt;/pre&gt;
&lt;/div&gt;&lt;/div&gt;

&lt;p&gt;This message is automatically generated.&lt;/p&gt;

&lt;p&gt;ATTACHMENT ID: 12634784&lt;/p&gt;</comment>
                            <comment id="13941163" author="owen.omalley" created="Wed, 19 Mar 2014 23:25:39 +0000"  >&lt;p&gt;Reupload for jenkins. It compiles fine for me against trunk and the logs have timed out.&lt;/p&gt;</comment>
                            <comment id="13944238" author="hiveqa" created="Sat, 22 Mar 2014 21:11:15 +0000"  >

&lt;p&gt;&lt;font color=&quot;red&quot;&gt;Overall&lt;/font&gt;: -1 at least one tests failed&lt;/p&gt;

&lt;p&gt;Here are the results of testing the latest attachment:&lt;br/&gt;
&lt;a href=&quot;https://issues.apache.org/jira/secure/attachment/12635678/HIVE-5567.patch&quot; class=&quot;external-link&quot; rel=&quot;nofollow&quot;&gt;https://issues.apache.org/jira/secure/attachment/12635678/HIVE-5567.patch&lt;/a&gt;&lt;/p&gt;

&lt;p&gt;&lt;font color=&quot;red&quot;&gt;ERROR:&lt;/font&gt; -1 due to 3 failed/errored test(s), 5440 tests executed&lt;br/&gt;
&lt;b&gt;Failed tests:&lt;/b&gt;&lt;/p&gt;
&lt;div class=&quot;preformatted panel&quot; style=&quot;border-width: 1px;&quot;&gt;&lt;div class=&quot;preformattedContent panelContent&quot;&gt;
&lt;pre&gt;org.apache.hadoop.hive.cli.TestCliDriver.testCliDriver_orc_analyze
org.apache.hadoop.hive.cli.TestMinimrCliDriver.testCliDriver_bucketmapjoin6
org.apache.hive.service.cli.thrift.TestThriftBinaryCLIService.testExecuteStatementAsync
&lt;/pre&gt;
&lt;/div&gt;&lt;/div&gt;

&lt;p&gt;Test results: &lt;a href=&quot;http://bigtop01.cloudera.org:8080/job/PreCommit-HIVE-Build/1911/testReport&quot; class=&quot;external-link&quot; target=&quot;_blank&quot; rel=&quot;nofollow noopener&quot;&gt;http://bigtop01.cloudera.org:8080/job/PreCommit-HIVE-Build/1911/testReport&lt;/a&gt;&lt;br/&gt;
Console output: &lt;a href=&quot;http://bigtop01.cloudera.org:8080/job/PreCommit-HIVE-Build/1911/console&quot; class=&quot;external-link&quot; target=&quot;_blank&quot; rel=&quot;nofollow noopener&quot;&gt;http://bigtop01.cloudera.org:8080/job/PreCommit-HIVE-Build/1911/console&lt;/a&gt;&lt;/p&gt;

&lt;p&gt;Messages:&lt;/p&gt;
&lt;div class=&quot;preformatted panel&quot; style=&quot;border-width: 1px;&quot;&gt;&lt;div class=&quot;preformattedContent panelContent&quot;&gt;
&lt;pre&gt;Executing org.apache.hive.ptest.execution.PrepPhase
Executing org.apache.hive.ptest.execution.ExecutionPhase
Executing org.apache.hive.ptest.execution.ReportingPhase
Tests exited with: TestsFailedException: 3 tests failed
&lt;/pre&gt;
&lt;/div&gt;&lt;/div&gt;

&lt;p&gt;This message is automatically generated.&lt;/p&gt;

&lt;p&gt;ATTACHMENT ID: 12635678&lt;/p&gt;</comment>
                            <comment id="13947109" author="owen.omalley" created="Tue, 25 Mar 2014 20:38:14 +0000"  >&lt;p&gt;Fixed orc_analyze.q test to reflect the updated schema.&lt;/p&gt;</comment>
                            <comment id="13947587" author="alangates" created="Wed, 26 Mar 2014 06:15:29 +0000"  >&lt;p&gt;Ran tests locally, all pass.&lt;/p&gt;</comment>
                            <comment id="13947797" author="hiveqa" created="Wed, 26 Mar 2014 10:55:12 +0000"  >

&lt;p&gt;&lt;font color=&quot;green&quot;&gt;Overall&lt;/font&gt;: +1 all checks pass&lt;/p&gt;

&lt;p&gt;Here are the results of testing the latest attachment:&lt;br/&gt;
&lt;a href=&quot;https://issues.apache.org/jira/secure/attachment/12636771/HIVE-5567.patch&quot; class=&quot;external-link&quot; rel=&quot;nofollow&quot;&gt;https://issues.apache.org/jira/secure/attachment/12636771/HIVE-5567.patch&lt;/a&gt;&lt;/p&gt;

&lt;p&gt;&lt;font color=&quot;green&quot;&gt;SUCCESS:&lt;/font&gt; +1 5457 tests passed&lt;/p&gt;

&lt;p&gt;Test results: &lt;a href=&quot;http://bigtop01.cloudera.org:8080/job/PreCommit-HIVE-Build/1962/testReport&quot; class=&quot;external-link&quot; target=&quot;_blank&quot; rel=&quot;nofollow noopener&quot;&gt;http://bigtop01.cloudera.org:8080/job/PreCommit-HIVE-Build/1962/testReport&lt;/a&gt;&lt;br/&gt;
Console output: &lt;a href=&quot;http://bigtop01.cloudera.org:8080/job/PreCommit-HIVE-Build/1962/console&quot; class=&quot;external-link&quot; target=&quot;_blank&quot; rel=&quot;nofollow noopener&quot;&gt;http://bigtop01.cloudera.org:8080/job/PreCommit-HIVE-Build/1962/console&lt;/a&gt;&lt;/p&gt;

&lt;p&gt;Messages:&lt;/p&gt;
&lt;div class=&quot;preformatted panel&quot; style=&quot;border-width: 1px;&quot;&gt;&lt;div class=&quot;preformattedContent panelContent&quot;&gt;
&lt;pre&gt;Executing org.apache.hive.ptest.execution.PrepPhase
Executing org.apache.hive.ptest.execution.ExecutionPhase
Executing org.apache.hive.ptest.execution.ReportingPhase
&lt;/pre&gt;
&lt;/div&gt;&lt;/div&gt;

&lt;p&gt;This message is automatically generated.&lt;/p&gt;

&lt;p&gt;ATTACHMENT ID: 12636771&lt;/p&gt;</comment>
                            <comment id="13948124" author="owen.omalley" created="Wed, 26 Mar 2014 17:12:13 +0000"  >&lt;p&gt;I committed this to trunk and 0.13.&lt;/p&gt;</comment>
                    </comments>
                <issuelinks>
                            <issuelinktype id="10030">
                    <name>Reference</name>
                                            <outwardlinks description="relates to">
                                        <issuelink>
            <issuekey id="12682782">HIVE-5950</issuekey>
        </issuelink>
                            </outwardlinks>
                                                                <inwardlinks description="is related to">
                                        <issuelink>
            <issuekey id="12698105">HIVE-6532</issuekey>
        </issuelink>
                            </inwardlinks>
                                    </issuelinktype>
                    </issuelinks>
                <attachments>
                            <attachment id="12608798" name="D13479.1.patch" size="44167" author="phabricator@reviews.facebook.net" created="Wed, 16 Oct 2013 20:49:42 +0000"/>
                            <attachment id="12608836" name="D13479.2.patch" size="37914" author="phabricator@reviews.facebook.net" created="Wed, 16 Oct 2013 23:39:43 +0000"/>
                            <attachment id="12609023" name="D13479.3.patch" size="37655" author="phabricator@reviews.facebook.net" created="Thu, 17 Oct 2013 20:58:45 +0000"/>
                            <attachment id="12636771" name="HIVE-5567.patch" size="384892" author="omalley" created="Tue, 25 Mar 2014 20:38:14 +0000"/>
                            <attachment id="12635678" name="HIVE-5567.patch" size="63726" author="omalley" created="Wed, 19 Mar 2014 23:25:39 +0000"/>
                            <attachment id="12634784" name="HIVE-5567.patch" size="63726" author="omalley" created="Fri, 14 Mar 2014 18:44:21 +0000"/>
                            <attachment id="12634557" name="HIVE-5567.patch" size="63726" author="omalley" created="Thu, 13 Mar 2014 21:32:19 +0000"/>
                    </attachments>
                <subtasks>
                    </subtasks>
                <customfields>
                                                                            <customfield id="customfield_12310310" key="com.atlassian.jira.toolkit:attachments">
                        <customfieldname>Attachment count</customfieldname>
                        <customfieldvalues>
                            <customfieldvalue>7.0</customfieldvalue>
                        </customfieldvalues>
                    </customfield>
                                                                                                                                                                                                                                                                                                                                                                                                                                                                                                                                                                                                                                                                                                        <customfield id="customfield_12314020" key="com.atlassian.jira.plugins.jira-development-integration-plugin:devsummary">
                        <customfieldname>Development</customfieldname>
                        <customfieldvalues>
                            
                        </customfieldvalues>
                    </customfield>
                                                                                                                        <customfield id="customfield_12313422" key="com.atlassian.jirafisheyeplugin:jobcheckbox">
                        <customfieldname>Enable Automatic Patch Review</customfieldname>
                        <customfieldvalues>
                            <customfieldvalue><![CDATA[false]]></customfieldvalue>

                        </customfieldvalues>
                    </customfield>
                                                                                                                                                                                                                                                                                                                                                                                                                                                                                                                                                                                                                                                <customfield id="customfield_12310420" key="com.pyxis.greenhopper.jira:gh-global-rank">
                        <customfieldname>Global Rank</customfieldname>
                        <customfieldvalues>
                            <customfieldvalue>353811</customfieldvalue>
                        </customfieldvalues>
                    </customfield>
                                                                                                                                                                                                                                                                    <customfield id="customfield_12312521" key="com.atlassian.jira.toolkit:LastCommentDate">
                        <customfieldname>Last public comment date</customfieldname>
                        <customfieldvalues>
                            11 years, 35 weeks ago
                        </customfieldvalues>
                    </customfield>
                                                                                                                                                                                                                                                                                                <customfield id="customfield_12311820" key="com.pyxis.greenhopper.jira:gh-lexo-rank">
                        <customfieldname>Rank</customfieldname>
                        <customfieldvalues>
                            <customfieldvalue>0|i1ozzj:</customfieldvalue>

                        </customfieldvalues>
                    </customfield>
                                                                <customfield id="customfield_12310920" key="com.pyxis.greenhopper.jira:gh-global-rank">
                        <customfieldname>Rank (Obsolete)</customfieldname>
                        <customfieldvalues>
                            <customfieldvalue>354103</customfieldvalue>
                        </customfieldvalues>
                    </customfield>
                                                                                                                                                                                                                                                                                                                                                                                                                                                                                                                                                                                                                                                                                                                                                                                                                                                                                </customfields>
    </item>
</channel>
</rss>