<!-- 
RSS generated by JIRA (8.20.10#820010-sha1:ace47f9899e9ee25d7157d59aa17ab06aee30d3d) at Wed Nov 12 18:17:25 UTC 2025

It is possible to restrict the fields that are returned in this document by specifying the 'field' parameter in your request.
For example, to request only the issue key and summary append 'field=key&field=summary' to the URL of your request.
-->
<rss version="0.92" >
<channel>
    <title>ASF Jira</title>
    <link>https://issues.apache.org/jira</link>
    <description>This file is an XML representation of an issue</description>
    <language>en-uk</language>    <build-info>
        <version>8.20.10</version>
        <build-number>820010</build-number>
        <build-date>22-06-2022</build-date>
    </build-info>


<item>
            <title>[HIVE-6499] Using Metastore-side Auth errors on non-resolvable IF/OF/SerDe</title>
                <link>https://issues.apache.org/jira/browse/HIVE-6499</link>
                <project id="12310843" key="HIVE">Hive</project>
                    <description>&lt;p&gt;In cases where a user needs to use a custom IF/OF/SerDe that is not accessible from the metastore, calls like msc.createTable and msc.dropTable should still work without being able to load the class. This is possible as long as one does not enable MetaStore-side authorization, at which point this becomes impossible, erroring out with a ClassNotFoundException.&lt;/p&gt;

&lt;p&gt;The reason this happens is that since the AuthorizationProvider interface is defined against a ql.metadata.Table, we wind up needing to instantiate a ql.metadata.Table object, which, in its constructor tries to instantiate IF/OF/SerDe elements in an attempt to pre-load those fields. And if we do not have access to those classes in the metastore, this is when that fails. The constructor/initialize methods of Table and Partition do not really need to pre-initialize these fields, since the fields are accessed only through the accessor, and will be instantiated on first-use.&lt;/p&gt;</description>
                <environment></environment>
        <key id="12697082">HIVE-6499</key>
            <summary>Using Metastore-side Auth errors on non-resolvable IF/OF/SerDe</summary>
                <type id="1" iconUrl="https://issues.apache.org/jira/secure/viewavatar?size=xsmall&amp;avatarId=21133&amp;avatarType=issuetype">Bug</type>
                                            <priority id="3" iconUrl="https://issues.apache.org/jira/images/icons/priorities/major.svg">Major</priority>
                        <status id="5" iconUrl="https://issues.apache.org/jira/images/icons/statuses/resolved.png" description="A resolution has been taken, and it is awaiting verification by reporter. From here issues are either reopened, or are closed.">Resolved</status>
                    <statusCategory id="3" key="done" colorName="green"/>
                                    <resolution id="1">Fixed</resolution>
                                        <assignee username="sushanth">Sushanth Sowmyan</assignee>
                                    <reporter username="sushanth">Sushanth Sowmyan</reporter>
                        <labels>
                    </labels>
                <created>Tue, 25 Feb 2014 06:43:22 +0000</created>
                <updated>Tue, 1 Oct 2019 22:07:27 +0000</updated>
                            <resolved>Wed, 26 Mar 2014 16:56:05 +0000</resolved>
                                                    <fixVersion>0.13.0</fixVersion>
                                    <component>Metastore</component>
                    <component>Security</component>
                        <due></due>
                            <votes>0</votes>
                                    <watches>4</watches>
                                                                                                                <comments>
                            <comment id="13911318" author="sushanth" created="Tue, 25 Feb 2014 06:46:13 +0000"  >&lt;p&gt;Attaching patch.&lt;/p&gt;</comment>
                            <comment id="13911327" author="sushanth" created="Tue, 25 Feb 2014 06:57:49 +0000"  >&lt;p&gt;Created review board link : &lt;a href=&quot;https://reviews.apache.org/r/18456/&quot; class=&quot;external-link&quot; target=&quot;_blank&quot; rel=&quot;nofollow noopener&quot;&gt;https://reviews.apache.org/r/18456/&lt;/a&gt;&lt;/p&gt;

&lt;p&gt;&lt;a href=&quot;https://issues.apache.org/jira/secure/ViewProfile.jspa?name=thejas&quot; class=&quot;user-hover&quot; rel=&quot;thejas&quot;&gt;thejas&lt;/a&gt;, could you please review this?&lt;/p&gt;

&lt;p&gt;&lt;a href=&quot;https://issues.apache.org/jira/secure/ViewProfile.jspa?name=owen.omalley&quot; class=&quot;user-hover&quot; rel=&quot;owen.omalley&quot;&gt;owen.omalley&lt;/a&gt;, this is a bug that you pinged me about, if you could test that it works for your usecase as well, that&apos;d be great.&lt;/p&gt;</comment>
                            <comment id="13912174" author="thejas" created="Tue, 25 Feb 2014 22:35:01 +0000"  >&lt;p&gt;+1&lt;/p&gt;</comment>
                            <comment id="13916615" author="sushanth" created="Sat, 1 Mar 2014 00:11:08 +0000"  >&lt;p&gt;canceling patch and re-marking as available to make the precommit tests pick it up, now that it&apos;s running again.&lt;/p&gt;</comment>
                            <comment id="13931715" author="thejas" created="Wed, 12 Mar 2014 12:44:48 +0000"  >&lt;p&gt;&lt;a href=&quot;https://issues.apache.org/jira/browse/HIVE-6499&quot; title=&quot;Using Metastore-side Auth errors on non-resolvable IF/OF/SerDe&quot; class=&quot;issue-link&quot; data-issue-key=&quot;HIVE-6499&quot;&gt;&lt;del&gt;HIVE-6499&lt;/del&gt;&lt;/a&gt;.patch - uploading a copy of the patch, in case the pre-commit tests have marked earlier file as processed.&lt;/p&gt;</comment>
                            <comment id="13934209" author="hiveqa" created="Thu, 13 Mar 2014 22:19:39 +0000"  >

&lt;p&gt;&lt;font color=&quot;red&quot;&gt;Overall&lt;/font&gt;: -1 no tests executed&lt;/p&gt;

&lt;p&gt;Here are the results of testing the latest attachment:&lt;br/&gt;
&lt;a href=&quot;https://issues.apache.org/jira/secure/attachment/12634158/HIVE-6499.patch&quot; class=&quot;external-link&quot; rel=&quot;nofollow&quot;&gt;https://issues.apache.org/jira/secure/attachment/12634158/HIVE-6499.patch&lt;/a&gt;&lt;/p&gt;

&lt;p&gt;Test results: &lt;a href=&quot;http://bigtop01.cloudera.org:8080/job/PreCommit-HIVE-Build/1767/testReport&quot; class=&quot;external-link&quot; target=&quot;_blank&quot; rel=&quot;nofollow noopener&quot;&gt;http://bigtop01.cloudera.org:8080/job/PreCommit-HIVE-Build/1767/testReport&lt;/a&gt;&lt;br/&gt;
Console output: &lt;a href=&quot;http://bigtop01.cloudera.org:8080/job/PreCommit-HIVE-Build/1767/console&quot; class=&quot;external-link&quot; target=&quot;_blank&quot; rel=&quot;nofollow noopener&quot;&gt;http://bigtop01.cloudera.org:8080/job/PreCommit-HIVE-Build/1767/console&lt;/a&gt;&lt;/p&gt;

&lt;p&gt;Messages:&lt;/p&gt;
&lt;div class=&quot;preformatted panel&quot; style=&quot;border-width: 1px;&quot;&gt;&lt;div class=&quot;preformattedContent panelContent&quot;&gt;
&lt;pre&gt;Executing org.apache.hive.ptest.execution.PrepPhase
Tests exited with: NonZeroExitCodeException
Command &apos;bash /data/hive-ptest/working/scratch/source-prep.sh&apos; failed with exit status 1 and output &apos;+ [[ -n &apos;&apos; ]]
+ export &apos;ANT_OPTS=-Xmx1g -XX:MaxPermSize=256m &apos;
+ ANT_OPTS=&apos;-Xmx1g -XX:MaxPermSize=256m &apos;
+ export &apos;M2_OPTS=-Xmx1g -XX:MaxPermSize=256m -Dhttp.proxyHost=localhost -Dhttp.proxyPort=3128&apos;
+ M2_OPTS=&apos;-Xmx1g -XX:MaxPermSize=256m -Dhttp.proxyHost=localhost -Dhttp.proxyPort=3128&apos;
+ cd /data/hive-ptest/working/
+ tee /data/hive-ptest/logs/PreCommit-HIVE-Build-1767/source-prep.txt
+ [[ false == \t\r\u\e ]]
+ mkdir -p maven ivy
+ [[ svn = \s\v\n ]]
+ [[ -n &apos;&apos; ]]
+ [[ -d apache-svn-trunk-source ]]
+ [[ ! -d apache-svn-trunk-source/.svn ]]
+ [[ ! -d apache-svn-trunk-source ]]
+ cd apache-svn-trunk-source
+ svn revert -R .
Reverted &apos;contrib/src/test/results/clientnegative/udtf_explode2.q.out&apos;
Reverted &apos;contrib/src/test/results/clientnegative/case_with_row_sequence.q.out&apos;
Reverted &apos;contrib/src/test/results/clientnegative/invalid_row_sequence.q.out&apos;
Reverted &apos;contrib/src/test/results/clientpositive/udaf_example_min_n.q.out&apos;
Reverted &apos;contrib/src/test/results/clientpositive/udaf_example_max_n.q.out&apos;
Reverted &apos;contrib/src/test/results/clientpositive/lateral_view_explode2.q.out&apos;
Reverted &apos;contrib/src/test/results/clientpositive/udaf_example_avg.q.out&apos;
Reverted &apos;contrib/src/test/results/clientpositive/udf_example_arraymapstruct.q.out&apos;
Reverted &apos;contrib/src/test/results/clientpositive/udaf_example_group_concat.q.out&apos;
Reverted &apos;contrib/src/test/results/clientpositive/udaf_example_min.q.out&apos;
Reverted &apos;contrib/src/test/results/clientpositive/udf_row_sequence.q.out&apos;
Reverted &apos;contrib/src/test/results/clientpositive/udaf_example_max.q.out&apos;
Reverted &apos;contrib/src/test/results/clientpositive/udf_example_add.q.out&apos;
Reverted &apos;contrib/src/test/results/clientpositive/udf_example_format.q.out&apos;
Reverted &apos;contrib/src/test/results/clientpositive/udtf_output_on_close.q.out&apos;
Reverted &apos;contrib/src/test/results/clientpositive/udtf_explode2.q.out&apos;
Reverted &apos;contrib/src/test/results/clientpositive/dboutput.q.out&apos;
Reverted &apos;ql/src/test/results/clientnegative/udf_local_resource.q.out&apos;
Reverted &apos;ql/src/test/results/clientnegative/udf_function_does_not_implement_udf.q.out&apos;
Reverted &apos;ql/src/test/results/clientnegative/create_unknown_udf_udaf.q.out&apos;
Reverted &apos;ql/src/test/results/clientnegative/create_function_nonudf_class.q.out&apos;
Reverted &apos;ql/src/test/results/clientnegative/create_function_nonexistent_db.q.out&apos;
Reverted &apos;ql/src/test/results/clientnegative/udf_test_error_reduce.q.out&apos;
Reverted &apos;ql/src/test/results/clientnegative/drop_native_udf.q.out&apos;
Reverted &apos;ql/src/test/results/clientnegative/create_udaf_failure.q.out&apos;
Reverted &apos;ql/src/test/results/clientnegative/udf_nonexistent_resource.q.out&apos;
Reverted &apos;ql/src/test/results/clientnegative/create_unknown_genericudf.q.out&apos;
Reverted &apos;ql/src/test/results/clientnegative/cluster_tasklog_retrieval.q.out&apos;
Reverted &apos;ql/src/test/results/clientnegative/udf_test_error.q.out&apos;
Reverted &apos;ql/src/test/results/clientnegative/create_function_nonexistent_class.q.out&apos;
Reverted &apos;ql/src/test/results/clientpositive/create_func1.q.out&apos;
Reverted &apos;ql/src/test/results/clientpositive/macro.q.out&apos;
Reverted &apos;ql/src/test/results/clientpositive/create_view.q.out&apos;
Reverted &apos;ql/src/test/results/clientpositive/udaf_sum_list.q.out&apos;
Reverted &apos;ql/src/test/results/clientpositive/create_genericudaf.q.out&apos;
Reverted &apos;ql/src/test/results/clientpositive/udf_logic_java_boolean.q.out&apos;
Reverted &apos;ql/src/test/results/clientpositive/udf_compare_java_string.q.out&apos;
Reverted &apos;ql/src/test/results/clientpositive/udf_testlength.q.out&apos;
Reverted &apos;ql/src/test/results/clientpositive/udf_testlength2.q.out&apos;
Reverted &apos;ql/src/test/results/clientpositive/drop_udf.q.out&apos;
Reverted &apos;ql/src/test/results/clientpositive/autogen_colalias.q.out&apos;
Reverted &apos;ql/src/test/results/clientpositive/create_udaf.q.out&apos;
Reverted &apos;ql/src/test/results/clientpositive/create_genericudf.q.out&apos;
Reverted &apos;ql/src/test/results/clientpositive/ptf_register_tblfn.q.out&apos;
Reverted &apos;ql/src/test/results/clientpositive/udf_context_aware.q.out&apos;
Reverted &apos;ql/src/test/results/clientpositive/windowing_udaf2.q.out&apos;
Reverted &apos;ql/src/test/results/clientpositive/compile_processor.q.out&apos;
Reverted &apos;ql/src/test/results/clientpositive/udf_using.q.out&apos;
Reverted &apos;ql/src/java/org/apache/hadoop/hive/ql/parse/FunctionSemanticAnalyzer.java&apos;
Reverted &apos;ql/src/java/org/apache/hadoop/hive/ql/parse/MacroSemanticAnalyzer.java&apos;
Reverted &apos;ql/src/java/org/apache/hadoop/hive/ql/security/authorization/plugin/sqlstd/Operation2Privilege.java&apos;
++ awk &apos;{print $2}&apos;
++ egrep -v &apos;^X|^Performing status on external&apos;
++ svn status --no-ignore
+ rm -rf target datanucleus.log ant/target shims/target shims/0.20/target shims/0.20S/target shims/0.23/target shims/aggregator/target shims/common/target shims/common-secure/target packaging/target hbase-handler/target testutils/target jdbc/target metastore/target itests/target itests/hcatalog-unit/target itests/test-serde/target itests/qtest/target itests/hive-unit/target itests/custom-serde/target itests/util/target hcatalog/target hcatalog/storage-handlers/hbase/target hcatalog/server-extensions/target hcatalog/core/target hcatalog/webhcat/svr/target hcatalog/webhcat/java-client/target hcatalog/hcatalog-pig-adapter/target hwi/target common/target common/src/gen service/target contrib/target serde/target beeline/target odbc/target cli/target ql/dependency-reduced-pom.xml ql/target ql/src/test/results/clientnegative/authorization_create_macro1.q.out ql/src/test/results/clientnegative/authorization_create_func1.q.out ql/src/test/results/clientnegative/authorization_create_func2.q.out ql/src/test/results/clientpositive/authorization_create_func1.q.out ql/src/test/results/clientpositive/authorization_create_macro1.q.out ql/src/test/queries/clientnegative/authorization_create_macro1.q ql/src/test/queries/clientnegative/authorization_create_func1.q ql/src/test/queries/clientnegative/authorization_create_func2.q ql/src/test/queries/clientpositive/authorization_create_macro1.q ql/src/test/queries/clientpositive/authorization_create_func1.q
+ svn update

Fetching external item into &apos;hcatalog/src/test/e2e/harness&apos;
External at revision 1577348.

At revision 1577348.
+ patchCommandPath=/data/hive-ptest/working/scratch/smart-apply-patch.sh
+ patchFilePath=/data/hive-ptest/working/scratch/build.patch
+ [[ -f /data/hive-ptest/working/scratch/build.patch ]]
+ chmod +x /data/hive-ptest/working/scratch/smart-apply-patch.sh
+ /data/hive-ptest/working/scratch/smart-apply-patch.sh /data/hive-ptest/working/scratch/build.patch
The patch does not appear to apply with p0, p1, or p2
+ exit 1
&apos;
&lt;/pre&gt;
&lt;/div&gt;&lt;/div&gt;

&lt;p&gt;This message is automatically generated.&lt;/p&gt;

&lt;p&gt;ATTACHMENT ID: 12634158&lt;/p&gt;</comment>
                            <comment id="13934332" author="sushanth" created="Fri, 14 Mar 2014 00:09:52 +0000"  >&lt;p&gt;Looks like the patch needed to be updated after the changes in &lt;a href=&quot;https://issues.apache.org/jira/browse/HIVE-3938&quot; title=&quot;Hive MetaStore should send a single AddPartitionEvent for atomically added partition-set.&quot; class=&quot;issue-link&quot; data-issue-key=&quot;HIVE-3938&quot;&gt;&lt;del&gt;HIVE-3938&lt;/del&gt;&lt;/a&gt;. Regenerating.&lt;/p&gt;</comment>
                            <comment id="13934366" author="sushanth" created="Fri, 14 Mar 2014 00:44:55 +0000"  >&lt;p&gt;Updated patch to latest trunk.&lt;/p&gt;</comment>
                            <comment id="13936054" author="hiveqa" created="Sat, 15 Mar 2014 07:25:34 +0000"  >

&lt;p&gt;&lt;font color=&quot;red&quot;&gt;Overall&lt;/font&gt;: -1 no tests executed&lt;/p&gt;

&lt;p&gt;Here are the results of testing the latest attachment:&lt;br/&gt;
&lt;a href=&quot;https://issues.apache.org/jira/secure/attachment/12634599/HIVE-6499.2.patch&quot; class=&quot;external-link&quot; rel=&quot;nofollow&quot;&gt;https://issues.apache.org/jira/secure/attachment/12634599/HIVE-6499.2.patch&lt;/a&gt;&lt;/p&gt;

&lt;p&gt;Test results: &lt;a href=&quot;http://bigtop01.cloudera.org:8080/job/PreCommit-HIVE-Build/1795/testReport&quot; class=&quot;external-link&quot; target=&quot;_blank&quot; rel=&quot;nofollow noopener&quot;&gt;http://bigtop01.cloudera.org:8080/job/PreCommit-HIVE-Build/1795/testReport&lt;/a&gt;&lt;br/&gt;
Console output: &lt;a href=&quot;http://bigtop01.cloudera.org:8080/job/PreCommit-HIVE-Build/1795/console&quot; class=&quot;external-link&quot; target=&quot;_blank&quot; rel=&quot;nofollow noopener&quot;&gt;http://bigtop01.cloudera.org:8080/job/PreCommit-HIVE-Build/1795/console&lt;/a&gt;&lt;/p&gt;

&lt;p&gt;Messages:&lt;/p&gt;
&lt;div class=&quot;preformatted panel&quot; style=&quot;border-width: 1px;&quot;&gt;&lt;div class=&quot;preformattedContent panelContent&quot;&gt;
&lt;pre&gt;**** This message was trimmed, see log for full details ****
[INFO] Using &apos;UTF-8&apos; encoding to copy filtered resources.
[INFO] skip non existing resourceDirectory /data/hive-ptest/working/apache-svn-trunk-source/hwi/src/test/resources
[INFO] Copying 3 resources
[INFO] 
[INFO] --- maven-antrun-plugin:1.7:run (setup-test-dirs) @ hive-hwi ---
[INFO] Executing tasks

main:
    [mkdir] Created dir: /data/hive-ptest/working/apache-svn-trunk-source/hwi/target/tmp
    [mkdir] Created dir: /data/hive-ptest/working/apache-svn-trunk-source/hwi/target/warehouse
    [mkdir] Created dir: /data/hive-ptest/working/apache-svn-trunk-source/hwi/target/tmp/conf
     [copy] Copying 5 files to /data/hive-ptest/working/apache-svn-trunk-source/hwi/target/tmp/conf
[INFO] Executed tasks
[INFO] 
[INFO] --- maven-compiler-plugin:3.1:testCompile (default-testCompile) @ hive-hwi ---
[INFO] Compiling 2 source files to /data/hive-ptest/working/apache-svn-trunk-source/hwi/target/test-classes
[INFO] 
[INFO] --- maven-surefire-plugin:2.16:test (default-test) @ hive-hwi ---
[INFO] Tests are skipped.
[INFO] 
[INFO] --- maven-jar-plugin:2.2:jar (default-jar) @ hive-hwi ---
[INFO] Building jar: /data/hive-ptest/working/apache-svn-trunk-source/hwi/target/hive-hwi-0.14.0-SNAPSHOT.jar
[INFO] 
[INFO] --- maven-site-plugin:3.3:attach-descriptor (attach-descriptor) @ hive-hwi ---
[INFO] 
[INFO] --- maven-install-plugin:2.4:install (default-install) @ hive-hwi ---
[INFO] Installing /data/hive-ptest/working/apache-svn-trunk-source/hwi/target/hive-hwi-0.14.0-SNAPSHOT.jar to /data/hive-ptest/working/maven/org/apache/hive/hive-hwi/0.14.0-SNAPSHOT/hive-hwi-0.14.0-SNAPSHOT.jar
[INFO] Installing /data/hive-ptest/working/apache-svn-trunk-source/hwi/pom.xml to /data/hive-ptest/working/maven/org/apache/hive/hive-hwi/0.14.0-SNAPSHOT/hive-hwi-0.14.0-SNAPSHOT.pom
[INFO]                                                                         
[INFO] ------------------------------------------------------------------------
[INFO] Building Hive ODBC 0.14.0-SNAPSHOT
[INFO] ------------------------------------------------------------------------
[INFO] 
[INFO] --- maven-clean-plugin:2.5:clean (default-clean) @ hive-odbc ---
[INFO] Deleting /data/hive-ptest/working/apache-svn-trunk-source/odbc (includes = [datanucleus.log, derby.log], excludes = [])
[INFO] 
[INFO] --- maven-remote-resources-plugin:1.5:process (default) @ hive-odbc ---
[INFO] 
[INFO] --- maven-antrun-plugin:1.7:run (define-classpath) @ hive-odbc ---
[INFO] Executing tasks

main:
[INFO] Executed tasks
[INFO] 
[INFO] --- maven-antrun-plugin:1.7:run (setup-test-dirs) @ hive-odbc ---
[INFO] Executing tasks

main:
    [mkdir] Created dir: /data/hive-ptest/working/apache-svn-trunk-source/odbc/target/tmp
    [mkdir] Created dir: /data/hive-ptest/working/apache-svn-trunk-source/odbc/target/warehouse
    [mkdir] Created dir: /data/hive-ptest/working/apache-svn-trunk-source/odbc/target/tmp/conf
     [copy] Copying 5 files to /data/hive-ptest/working/apache-svn-trunk-source/odbc/target/tmp/conf
[INFO] Executed tasks
[INFO] 
[INFO] --- maven-site-plugin:3.3:attach-descriptor (attach-descriptor) @ hive-odbc ---
[INFO] 
[INFO] --- maven-install-plugin:2.4:install (default-install) @ hive-odbc ---
[INFO] Installing /data/hive-ptest/working/apache-svn-trunk-source/odbc/pom.xml to /data/hive-ptest/working/maven/org/apache/hive/hive-odbc/0.14.0-SNAPSHOT/hive-odbc-0.14.0-SNAPSHOT.pom
[INFO]                                                                         
[INFO] ------------------------------------------------------------------------
[INFO] Building Hive Shims Aggregator 0.14.0-SNAPSHOT
[INFO] ------------------------------------------------------------------------
[INFO] 
[INFO] --- maven-clean-plugin:2.5:clean (default-clean) @ hive-shims-aggregator ---
[INFO] Deleting /data/hive-ptest/working/apache-svn-trunk-source/shims (includes = [datanucleus.log, derby.log], excludes = [])
[INFO] 
[INFO] --- maven-remote-resources-plugin:1.5:process (default) @ hive-shims-aggregator ---
[INFO] 
[INFO] --- maven-antrun-plugin:1.7:run (define-classpath) @ hive-shims-aggregator ---
[INFO] Executing tasks

main:
[INFO] Executed tasks
[INFO] 
[INFO] --- maven-antrun-plugin:1.7:run (setup-test-dirs) @ hive-shims-aggregator ---
[INFO] Executing tasks

main:
    [mkdir] Created dir: /data/hive-ptest/working/apache-svn-trunk-source/shims/target/tmp
    [mkdir] Created dir: /data/hive-ptest/working/apache-svn-trunk-source/shims/target/warehouse
    [mkdir] Created dir: /data/hive-ptest/working/apache-svn-trunk-source/shims/target/tmp/conf
     [copy] Copying 5 files to /data/hive-ptest/working/apache-svn-trunk-source/shims/target/tmp/conf
[INFO] Executed tasks
[INFO] 
[INFO] --- maven-site-plugin:3.3:attach-descriptor (attach-descriptor) @ hive-shims-aggregator ---
[INFO] 
[INFO] --- maven-install-plugin:2.4:install (default-install) @ hive-shims-aggregator ---
[INFO] Installing /data/hive-ptest/working/apache-svn-trunk-source/shims/pom.xml to /data/hive-ptest/working/maven/org/apache/hive/hive-shims-aggregator/0.14.0-SNAPSHOT/hive-shims-aggregator-0.14.0-SNAPSHOT.pom
[INFO]                                                                         
[INFO] ------------------------------------------------------------------------
[INFO] Building Hive TestUtils 0.14.0-SNAPSHOT
[INFO] ------------------------------------------------------------------------
[INFO] 
[INFO] --- maven-clean-plugin:2.5:clean (default-clean) @ hive-testutils ---
[INFO] Deleting /data/hive-ptest/working/apache-svn-trunk-source/testutils (includes = [datanucleus.log, derby.log], excludes = [])
[INFO] 
[INFO] --- maven-remote-resources-plugin:1.5:process (default) @ hive-testutils ---
[INFO] 
[INFO] --- maven-resources-plugin:2.6:resources (default-resources) @ hive-testutils ---
[INFO] Using &apos;UTF-8&apos; encoding to copy filtered resources.
[INFO] skip non existing resourceDirectory /data/hive-ptest/working/apache-svn-trunk-source/testutils/src/main/resources
[INFO] Copying 3 resources
[INFO] 
[INFO] --- maven-antrun-plugin:1.7:run (define-classpath) @ hive-testutils ---
[INFO] Executing tasks

main:
[INFO] Executed tasks
[INFO] 
[INFO] --- maven-compiler-plugin:3.1:compile (default-compile) @ hive-testutils ---
[INFO] Compiling 2 source files to /data/hive-ptest/working/apache-svn-trunk-source/testutils/target/classes
[INFO] 
[INFO] --- maven-resources-plugin:2.6:testResources (default-testResources) @ hive-testutils ---
[INFO] Using &apos;UTF-8&apos; encoding to copy filtered resources.
[INFO] skip non existing resourceDirectory /data/hive-ptest/working/apache-svn-trunk-source/testutils/src/test/resources
[INFO] Copying 3 resources
[INFO] 
[INFO] --- maven-antrun-plugin:1.7:run (setup-test-dirs) @ hive-testutils ---
[INFO] Executing tasks

main:
    [mkdir] Created dir: /data/hive-ptest/working/apache-svn-trunk-source/testutils/target/tmp
    [mkdir] Created dir: /data/hive-ptest/working/apache-svn-trunk-source/testutils/target/warehouse
    [mkdir] Created dir: /data/hive-ptest/working/apache-svn-trunk-source/testutils/target/tmp/conf
     [copy] Copying 5 files to /data/hive-ptest/working/apache-svn-trunk-source/testutils/target/tmp/conf
[INFO] Executed tasks
[INFO] 
[INFO] --- maven-compiler-plugin:3.1:testCompile (default-testCompile) @ hive-testutils ---
[INFO] No sources to compile
[INFO] 
[INFO] --- maven-surefire-plugin:2.16:test (default-test) @ hive-testutils ---
[INFO] Tests are skipped.
[INFO] 
[INFO] --- maven-jar-plugin:2.2:jar (default-jar) @ hive-testutils ---
[INFO] Building jar: /data/hive-ptest/working/apache-svn-trunk-source/testutils/target/hive-testutils-0.14.0-SNAPSHOT.jar
[INFO] 
[INFO] --- maven-site-plugin:3.3:attach-descriptor (attach-descriptor) @ hive-testutils ---
[INFO] 
[INFO] --- maven-install-plugin:2.4:install (default-install) @ hive-testutils ---
[INFO] Installing /data/hive-ptest/working/apache-svn-trunk-source/testutils/target/hive-testutils-0.14.0-SNAPSHOT.jar to /data/hive-ptest/working/maven/org/apache/hive/hive-testutils/0.14.0-SNAPSHOT/hive-testutils-0.14.0-SNAPSHOT.jar
[INFO] Installing /data/hive-ptest/working/apache-svn-trunk-source/testutils/pom.xml to /data/hive-ptest/working/maven/org/apache/hive/hive-testutils/0.14.0-SNAPSHOT/hive-testutils-0.14.0-SNAPSHOT.pom
[INFO]                                                                         
[INFO] ------------------------------------------------------------------------
[INFO] Building Hive Packaging 0.14.0-SNAPSHOT
[INFO] ------------------------------------------------------------------------
Downloading: http://repository.apache.org/snapshots/org/apache/hive/hcatalog/hive-hcatalog-hbase-storage-handler/0.14.0-SNAPSHOT/maven-metadata.xml
Downloading: http://repository.apache.org/snapshots/org/apache/hive/hcatalog/hive-hcatalog-hbase-storage-handler/0.14.0-SNAPSHOT/hive-hcatalog-hbase-storage-handler-0.14.0-SNAPSHOT.pom
[WARNING] The POM for org.apache.hive.hcatalog:hive-hcatalog-hbase-storage-handler:jar:0.14.0-SNAPSHOT is missing, no dependency information available
Downloading: http://repository.apache.org/snapshots/org/apache/hive/hcatalog/hive-hcatalog-hbase-storage-handler/0.14.0-SNAPSHOT/hive-hcatalog-hbase-storage-handler-0.14.0-SNAPSHOT.jar
[INFO] ------------------------------------------------------------------------
[INFO] Reactor Summary:
[INFO] 
[INFO] Hive .............................................. SUCCESS [9.127s]
[INFO] Hive Ant Utilities ................................ SUCCESS [5.951s]
[INFO] Hive Shims Common ................................. SUCCESS [3.471s]
[INFO] Hive Shims 0.20 ................................... SUCCESS [2.533s]
[INFO] Hive Shims Secure Common .......................... SUCCESS [4.117s]
[INFO] Hive Shims 0.20S .................................. SUCCESS [2.592s]
[INFO] Hive Shims 0.23 ................................... SUCCESS [7.958s]
[INFO] Hive Shims ........................................ SUCCESS [1.290s]
[INFO] Hive Common ....................................... SUCCESS [7.409s]
[INFO] Hive Serde ........................................ SUCCESS [10.438s]
[INFO] Hive Metastore .................................... SUCCESS [32.268s]
[INFO] Hive Query Language ............................... SUCCESS [1:21.803s]
[INFO] Hive Service ...................................... SUCCESS [7.569s]
[INFO] Hive JDBC ......................................... SUCCESS [2.978s]
[INFO] Hive Beeline ...................................... SUCCESS [2.881s]
[INFO] Hive CLI .......................................... SUCCESS [1.891s]
[INFO] Hive Contrib ...................................... SUCCESS [2.513s]
[INFO] Hive HBase Handler ................................ SUCCESS [2.736s]
[INFO] Hive HCatalog ..................................... SUCCESS [0.586s]
[INFO] Hive HCatalog Core ................................ SUCCESS [1.839s]
[INFO] Hive HCatalog Pig Adapter ......................... SUCCESS [2.468s]
[INFO] Hive HCatalog Server Extensions ................... SUCCESS [1.244s]
[INFO] Hive HCatalog Webhcat Java Client ................. SUCCESS [2.251s]
[INFO] Hive HCatalog Webhcat ............................. SUCCESS [10.352s]
[INFO] Hive HWI .......................................... SUCCESS [1.245s]
[INFO] Hive ODBC ......................................... SUCCESS [0.883s]
[INFO] Hive Shims Aggregator ............................. SUCCESS [0.166s]
[INFO] Hive TestUtils .................................... SUCCESS [0.625s]
[INFO] Hive Packaging .................................... FAILURE [1.676s]
[INFO] ------------------------------------------------------------------------
[INFO] BUILD FAILURE
[INFO] ------------------------------------------------------------------------
[INFO] Total time: 3:37.399s
[INFO] Finished at: Sat Mar 15 03:25:32 EDT 2014
[INFO] Final Memory: 74M/440M
[INFO] ------------------------------------------------------------------------
[ERROR] Failed to execute goal on project hive-packaging: Could not resolve dependencies for project org.apache.hive:hive-packaging:pom:0.14.0-SNAPSHOT: Could not find artifact org.apache.hive.hcatalog:hive-hcatalog-hbase-storage-handler:jar:0.14.0-SNAPSHOT in apache.snapshots (http://repository.apache.org/snapshots) -&amp;gt; [Help 1]
[ERROR] 
[ERROR] To see the full stack trace of the errors, re-run Maven with the -e switch.
[ERROR] Re-run Maven using the -X switch to enable full debug logging.
[ERROR] 
[ERROR] For more information about the errors and possible solutions, please read the following articles:
[ERROR] [Help 1] http://cwiki.apache.org/confluence/display/MAVEN/DependencyResolutionException
[ERROR] 
[ERROR] After correcting the problems, you can resume the build with the command
[ERROR]   mvn &amp;lt;goals&amp;gt; -rf :hive-packaging
+ exit 1
&apos;
&lt;/pre&gt;
&lt;/div&gt;&lt;/div&gt;

&lt;p&gt;This message is automatically generated.&lt;/p&gt;

&lt;p&gt;ATTACHMENT ID: 12634599&lt;/p&gt;</comment>
                            <comment id="13947548" author="alangates" created="Wed, 26 Mar 2014 04:53:13 +0000"  >&lt;p&gt;Ran the tests locally, all tests pass.&lt;/p&gt;</comment>
                            <comment id="13948096" author="rhbutani" created="Wed, 26 Mar 2014 16:56:05 +0000"  >&lt;p&gt;Committed to trunk and 0.13 branches.&lt;br/&gt;
&lt;a href=&quot;https://issues.apache.org/jira/secure/ViewProfile.jspa?name=gates&quot; class=&quot;user-hover&quot; rel=&quot;gates&quot;&gt;gates&lt;/a&gt; thanks for running the tests&lt;/p&gt;</comment>
                    </comments>
                    <attachments>
                            <attachment id="12634599" name="HIVE-6499.2.patch" size="16213" author="sushanth" created="Fri, 14 Mar 2014 00:44:55 +0000"/>
                            <attachment id="12634158" name="HIVE-6499.patch" size="16230" author="thejas" created="Wed, 12 Mar 2014 12:44:48 +0000"/>
                            <attachment id="12630899" name="HIVE-6499.patch" size="16230" author="sushanth" created="Tue, 25 Feb 2014 06:46:13 +0000"/>
                    </attachments>
                <subtasks>
                    </subtasks>
                <customfields>
                                                                            <customfield id="customfield_12310310" key="com.atlassian.jira.toolkit:attachments">
                        <customfieldname>Attachment count</customfieldname>
                        <customfieldvalues>
                            <customfieldvalue>3.0</customfieldvalue>
                        </customfieldvalues>
                    </customfield>
                                                                                                                                                                                                                                                                                                                                                                                                                                                                                                                                                                                                                                                                                                        <customfield id="customfield_12314020" key="com.atlassian.jira.plugins.jira-development-integration-plugin:devsummary">
                        <customfieldname>Development</customfieldname>
                        <customfieldvalues>
                            
                        </customfieldvalues>
                    </customfield>
                                                                                                                        <customfield id="customfield_12313422" key="com.atlassian.jirafisheyeplugin:jobcheckbox">
                        <customfieldname>Enable Automatic Patch Review</customfieldname>
                        <customfieldvalues>
                            <customfieldvalue><![CDATA[false]]></customfieldvalue>

                        </customfieldvalues>
                    </customfield>
                                                                                                                                                                                                                                                                                                                                                                                                                                                                                                                                                                                                                                                <customfield id="customfield_12310420" key="com.pyxis.greenhopper.jira:gh-global-rank">
                        <customfieldname>Global Rank</customfieldname>
                        <customfieldvalues>
                            <customfieldvalue>375556</customfieldvalue>
                        </customfieldvalues>
                    </customfield>
                                                                                                                                                                                                                                                                    <customfield id="customfield_12312521" key="com.atlassian.jira.toolkit:LastCommentDate">
                        <customfieldname>Last public comment date</customfieldname>
                        <customfieldvalues>
                            11 years, 35 weeks ago
                        </customfieldvalues>
                    </customfield>
                                                                                                                                                                                                                                                                                                <customfield id="customfield_12311820" key="com.pyxis.greenhopper.jira:gh-lexo-rank">
                        <customfieldname>Rank</customfieldname>
                        <customfieldvalues>
                            <customfieldvalue>0|i1sptb:</customfieldvalue>

                        </customfieldvalues>
                    </customfield>
                                                                <customfield id="customfield_12310920" key="com.pyxis.greenhopper.jira:gh-global-rank">
                        <customfieldname>Rank (Obsolete)</customfieldname>
                        <customfieldvalues>
                            <customfieldvalue>375852</customfieldvalue>
                        </customfieldvalues>
                    </customfield>
                                                                                            <customfield id="customfield_12310192" key="com.atlassian.jira.plugin.system.customfieldtypes:textarea">
                        <customfieldname>Release Note</customfieldname>
                        <customfieldvalues>
                            <customfieldvalue>Fixes bug where if Metastore-side authorization was used, tables that used a custom IF/OF/SerDe that was not accessible from the metastore-side could not be created or dropped.</customfieldvalue>

                        </customfieldvalues>
                    </customfield>
                                                                                                                                                                                                                                                                                                                                                                                                                                                                                                                                                                                                                                                                                                                                                                                                                        </customfields>
    </item>
</channel>
</rss>