<!-- 
RSS generated by JIRA (8.20.10#820010-sha1:ace47f9899e9ee25d7157d59aa17ab06aee30d3d) at Wed Nov 12 18:20:13 UTC 2025

It is possible to restrict the fields that are returned in this document by specifying the 'field' parameter in your request.
For example, to request only the issue key and summary append 'field=key&field=summary' to the URL of your request.
-->
<rss version="0.92" >
<channel>
    <title>ASF Jira</title>
    <link>https://issues.apache.org/jira</link>
    <description>This file is an XML representation of an issue</description>
    <language>en-uk</language>    <build-info>
        <version>8.20.10</version>
        <build-number>820010</build-number>
        <build-date>22-06-2022</build-date>
    </build-info>


<item>
            <title>[HIVE-7159] For inner joins push a &apos;is not null predicate&apos; to the join sources for every non nullSafe join condition</title>
                <link>https://issues.apache.org/jira/browse/HIVE-7159</link>
                <project id="12310843" key="HIVE">Hive</project>
                    <description>&lt;p&gt;A join B on A.x = B.y&lt;br/&gt;
can be transformed to&lt;br/&gt;
(A where x is not null) join (B where y is not null) on A.x = B.y&lt;/p&gt;

&lt;p&gt;Apart from avoiding shuffling null keyed rows it also avoids issues with reduce-side skew when there are a lot of null values in the data.&lt;/p&gt;

&lt;p&gt;Thanks to &lt;a href=&quot;https://issues.apache.org/jira/secure/ViewProfile.jspa?name=gopalv&quot; class=&quot;user-hover&quot; rel=&quot;gopalv&quot;&gt;gopalv&lt;/a&gt; for the analysis and coming up with the solution.&lt;/p&gt;</description>
                <environment></environment>
        <key id="12717740">HIVE-7159</key>
            <summary>For inner joins push a &apos;is not null predicate&apos; to the join sources for every non nullSafe join condition</summary>
                <type id="1" iconUrl="https://issues.apache.org/jira/secure/viewavatar?size=xsmall&amp;avatarId=21133&amp;avatarType=issuetype">Bug</type>
                                            <priority id="3" iconUrl="https://issues.apache.org/jira/images/icons/priorities/major.svg">Major</priority>
                        <status id="6" iconUrl="https://issues.apache.org/jira/images/icons/statuses/closed.png" description="The issue is considered finished, the resolution is correct. Issues which are not closed can be reopened.">Closed</status>
                    <statusCategory id="3" key="done" colorName="green"/>
                                    <resolution id="1">Fixed</resolution>
                                        <assignee username="rhbutani">Harish Butani</assignee>
                                    <reporter username="rhbutani">Harish Butani</reporter>
                        <labels>
                    </labels>
                <created>Sat, 31 May 2014 17:39:39 +0000</created>
                <updated>Thu, 13 Nov 2014 19:41:18 +0000</updated>
                            <resolved>Mon, 23 Jun 2014 21:09:13 +0000</resolved>
                                                    <fixVersion>0.14.0</fixVersion>
                                        <due></due>
                            <votes>0</votes>
                                    <watches>8</watches>
                                                                                                                <comments>
                            <comment id="14014724" author="rhbutani" created="Sat, 31 May 2014 17:41:42 +0000"  >&lt;p&gt;preliminary patch attached.&lt;/p&gt;</comment>
                            <comment id="14020736" author="gopalv" created="Sat, 7 Jun 2014 06:29:09 +0000"  >&lt;p&gt;Looks like &lt;a href=&quot;https://issues.apache.org/jira/browse/HIVE-4867&quot; title=&quot;Deduplicate columns appearing in both the key list and value list of ReduceSinkOperator&quot; class=&quot;issue-link&quot; data-issue-key=&quot;HIVE-4867&quot;&gt;&lt;del&gt;HIVE-4867&lt;/del&gt;&lt;/a&gt; has invalidated this change set.&lt;/p&gt;

&lt;p&gt;Will try to rebase to trunk.&lt;/p&gt;</comment>
                            <comment id="14025338" author="ashutoshc" created="Mon, 9 Jun 2014 16:40:28 +0000"  >&lt;p&gt;&lt;a href=&quot;https://issues.apache.org/jira/secure/ViewProfile.jspa?name=gopalv&quot; class=&quot;user-hover&quot; rel=&quot;gopalv&quot;&gt;gopalv&lt;/a&gt; What do you mean by invalidated? Patch applied for me cleanly. Do you mean its not doing what it is intended to do?&lt;/p&gt;</comment>
                            <comment id="14025382" author="gopalv" created="Mon, 9 Jun 2014 17:21:58 +0000"  >&lt;p&gt;&lt;a href=&quot;https://issues.apache.org/jira/secure/ViewProfile.jspa?name=ashutoshc&quot; class=&quot;user-hover&quot; rel=&quot;ashutoshc&quot;&gt;ashutoshc&lt;/a&gt;: patch applies, does not build anymore.&lt;/p&gt;

&lt;p&gt;The patch relied on genJoinReduceSinkChild(QB qb, QBJoinTree joinTree, ... pos) as the signature for the method it was in.&lt;/p&gt;

&lt;p&gt;QBJoinTree &amp;amp; pos have been removed.&lt;/p&gt;</comment>
                            <comment id="14025949" author="hiveqa" created="Mon, 9 Jun 2014 23:56:51 +0000"  >

&lt;p&gt;&lt;font color=&quot;red&quot;&gt;Overall&lt;/font&gt;: -1 no tests executed&lt;/p&gt;

&lt;p&gt;Here are the results of testing the latest attachment:&lt;br/&gt;
&lt;a href=&quot;https://issues.apache.org/jira/secure/attachment/12647779/HIVE-7159.1.patch&quot; class=&quot;external-link&quot; rel=&quot;nofollow&quot;&gt;https://issues.apache.org/jira/secure/attachment/12647779/HIVE-7159.1.patch&lt;/a&gt;&lt;/p&gt;

&lt;p&gt;Test results: &lt;a href=&quot;http://ec2-174-129-184-35.compute-1.amazonaws.com/jenkins/job/PreCommit-HIVE-Build/418/testReport&quot; class=&quot;external-link&quot; target=&quot;_blank&quot; rel=&quot;nofollow noopener&quot;&gt;http://ec2-174-129-184-35.compute-1.amazonaws.com/jenkins/job/PreCommit-HIVE-Build/418/testReport&lt;/a&gt;&lt;br/&gt;
Console output: &lt;a href=&quot;http://ec2-174-129-184-35.compute-1.amazonaws.com/jenkins/job/PreCommit-HIVE-Build/418/console&quot; class=&quot;external-link&quot; target=&quot;_blank&quot; rel=&quot;nofollow noopener&quot;&gt;http://ec2-174-129-184-35.compute-1.amazonaws.com/jenkins/job/PreCommit-HIVE-Build/418/console&lt;/a&gt;&lt;br/&gt;
Test logs: &lt;a href=&quot;http://ec2-174-129-184-35.compute-1.amazonaws.com/logs/PreCommit-HIVE-Build-418/&quot; class=&quot;external-link&quot; target=&quot;_blank&quot; rel=&quot;nofollow noopener&quot;&gt;http://ec2-174-129-184-35.compute-1.amazonaws.com/logs/PreCommit-HIVE-Build-418/&lt;/a&gt;&lt;/p&gt;

&lt;p&gt;Messages:&lt;/p&gt;
&lt;div class=&quot;preformatted panel&quot; style=&quot;border-width: 1px;&quot;&gt;&lt;div class=&quot;preformattedContent panelContent&quot;&gt;
&lt;pre&gt;**** This message was trimmed, see log for full details ****
Decision can match input such as &quot;LPAREN KW_CASE SmallintLiteral&quot; using multiple alternatives: 1, 2

As a result, alternative(s) 2 were disabled for that input
warning(200): IdentifiersParser.g:115:5: 
Decision can match input such as &quot;KW_CLUSTER KW_BY LPAREN&quot; using multiple alternatives: 1, 2

As a result, alternative(s) 2 were disabled for that input
warning(200): IdentifiersParser.g:127:5: 
Decision can match input such as &quot;KW_PARTITION KW_BY LPAREN&quot; using multiple alternatives: 1, 2

As a result, alternative(s) 2 were disabled for that input
warning(200): IdentifiersParser.g:138:5: 
Decision can match input such as &quot;KW_DISTRIBUTE KW_BY LPAREN&quot; using multiple alternatives: 1, 2

As a result, alternative(s) 2 were disabled for that input
warning(200): IdentifiersParser.g:149:5: 
Decision can match input such as &quot;KW_SORT KW_BY LPAREN&quot; using multiple alternatives: 1, 2

As a result, alternative(s) 2 were disabled for that input
warning(200): IdentifiersParser.g:166:7: 
Decision can match input such as &quot;STAR&quot; using multiple alternatives: 1, 2

As a result, alternative(s) 2 were disabled for that input
warning(200): IdentifiersParser.g:179:5: 
Decision can match input such as &quot;KW_STRUCT&quot; using multiple alternatives: 4, 6

As a result, alternative(s) 6 were disabled for that input
warning(200): IdentifiersParser.g:179:5: 
Decision can match input such as &quot;KW_UNIONTYPE&quot; using multiple alternatives: 5, 6

As a result, alternative(s) 6 were disabled for that input
warning(200): IdentifiersParser.g:179:5: 
Decision can match input such as &quot;KW_ARRAY&quot; using multiple alternatives: 2, 6

As a result, alternative(s) 6 were disabled for that input
warning(200): IdentifiersParser.g:261:5: 
Decision can match input such as &quot;KW_DATE StringLiteral&quot; using multiple alternatives: 2, 3

As a result, alternative(s) 3 were disabled for that input
warning(200): IdentifiersParser.g:261:5: 
Decision can match input such as &quot;KW_FALSE&quot; using multiple alternatives: 3, 8

As a result, alternative(s) 8 were disabled for that input
warning(200): IdentifiersParser.g:261:5: 
Decision can match input such as &quot;KW_TRUE&quot; using multiple alternatives: 3, 8

As a result, alternative(s) 8 were disabled for that input
warning(200): IdentifiersParser.g:261:5: 
Decision can match input such as &quot;KW_NULL&quot; using multiple alternatives: 1, 8

As a result, alternative(s) 8 were disabled for that input
warning(200): IdentifiersParser.g:393:5: 
Decision can match input such as &quot;{KW_LIKE, KW_REGEXP, KW_RLIKE} KW_INSERT KW_OVERWRITE&quot; using multiple alternatives: 2, 9

As a result, alternative(s) 9 were disabled for that input
warning(200): IdentifiersParser.g:393:5: 
Decision can match input such as &quot;{KW_LIKE, KW_REGEXP, KW_RLIKE} KW_DISTRIBUTE KW_BY&quot; using multiple alternatives: 2, 9

As a result, alternative(s) 9 were disabled for that input
warning(200): IdentifiersParser.g:393:5: 
Decision can match input such as &quot;{KW_LIKE, KW_REGEXP, KW_RLIKE} KW_MAP LPAREN&quot; using multiple alternatives: 2, 9

As a result, alternative(s) 9 were disabled for that input
warning(200): IdentifiersParser.g:393:5: 
Decision can match input such as &quot;{KW_LIKE, KW_REGEXP, KW_RLIKE} KW_INSERT KW_INTO&quot; using multiple alternatives: 2, 9

As a result, alternative(s) 9 were disabled for that input
warning(200): IdentifiersParser.g:393:5: 
Decision can match input such as &quot;{KW_LIKE, KW_REGEXP, KW_RLIKE} KW_LATERAL KW_VIEW&quot; using multiple alternatives: 2, 9

As a result, alternative(s) 9 were disabled for that input
warning(200): IdentifiersParser.g:393:5: 
Decision can match input such as &quot;{KW_LIKE, KW_REGEXP, KW_RLIKE} KW_GROUP KW_BY&quot; using multiple alternatives: 2, 9

As a result, alternative(s) 9 were disabled for that input
warning(200): IdentifiersParser.g:393:5: 
Decision can match input such as &quot;KW_BETWEEN KW_MAP LPAREN&quot; using multiple alternatives: 8, 9

As a result, alternative(s) 9 were disabled for that input
warning(200): IdentifiersParser.g:393:5: 
Decision can match input such as &quot;{KW_LIKE, KW_REGEXP, KW_RLIKE} KW_ORDER KW_BY&quot; using multiple alternatives: 2, 9

As a result, alternative(s) 9 were disabled for that input
warning(200): IdentifiersParser.g:393:5: 
Decision can match input such as &quot;{KW_LIKE, KW_REGEXP, KW_RLIKE} KW_SORT KW_BY&quot; using multiple alternatives: 2, 9

As a result, alternative(s) 9 were disabled for that input
warning(200): IdentifiersParser.g:393:5: 
Decision can match input such as &quot;{KW_LIKE, KW_REGEXP, KW_RLIKE} KW_UNION KW_ALL&quot; using multiple alternatives: 2, 9

As a result, alternative(s) 9 were disabled for that input
warning(200): IdentifiersParser.g:393:5: 
Decision can match input such as &quot;{KW_LIKE, KW_REGEXP, KW_RLIKE} KW_CLUSTER KW_BY&quot; using multiple alternatives: 2, 9

As a result, alternative(s) 9 were disabled for that input
warning(200): IdentifiersParser.g:518:5: 
Decision can match input such as &quot;{AMPERSAND..BITWISEXOR, DIV..DIVIDE, EQUAL..EQUAL_NS, GREATERTHAN..GREATERTHANOREQUALTO, KW_AND, KW_ARRAY, KW_BETWEEN..KW_BOOLEAN, KW_CASE, KW_DOUBLE, KW_FLOAT, KW_IF, KW_IN, KW_INT, KW_LIKE, KW_MAP, KW_NOT, KW_OR, KW_REGEXP, KW_RLIKE, KW_SMALLINT, KW_STRING..KW_STRUCT, KW_TINYINT, KW_UNIONTYPE, KW_WHEN, LESSTHAN..LESSTHANOREQUALTO, MINUS..NOTEQUAL, PLUS, STAR, TILDE}&quot; using multiple alternatives: 1, 3

As a result, alternative(s) 3 were disabled for that input
[INFO] 
[INFO] --- maven-remote-resources-plugin:1.5:process (default) @ hive-exec ---
[INFO] 
[INFO] --- maven-resources-plugin:2.6:resources (default-resources) @ hive-exec ---
[INFO] Using &apos;UTF-8&apos; encoding to copy filtered resources.
[INFO] Copying 1 resource
[INFO] Copying 3 resources
[INFO] 
[INFO] --- maven-antrun-plugin:1.7:run (define-classpath) @ hive-exec ---
[INFO] Executing tasks

main:
[INFO] Executed tasks
[INFO] 
[INFO] --- maven-compiler-plugin:3.1:compile (default-compile) @ hive-exec ---
[INFO] Compiling 1699 source files to /data/hive-ptest/working/apache-svn-trunk-source/ql/target/classes
[INFO] -------------------------------------------------------------
[WARNING] COMPILATION WARNING : 
[INFO] -------------------------------------------------------------
[WARNING] /data/hive-ptest/working/apache-svn-trunk-source/ql/src/java/org/apache/hadoop/hive/ql/exec/persistence/MapJoinBytesTableContainer.java: Some input files use or override a deprecated API.
[WARNING] /data/hive-ptest/working/apache-svn-trunk-source/ql/src/java/org/apache/hadoop/hive/ql/exec/persistence/MapJoinBytesTableContainer.java: Recompile with -Xlint:deprecation for details.
[WARNING] /data/hive-ptest/working/apache-svn-trunk-source/ql/src/gen/thrift/gen-javabean/org/apache/hadoop/hive/ql/plan/api/Query.java: Some input files use unchecked or unsafe operations.
[WARNING] /data/hive-ptest/working/apache-svn-trunk-source/ql/src/gen/thrift/gen-javabean/org/apache/hadoop/hive/ql/plan/api/Query.java: Recompile with -Xlint:unchecked for details.
[INFO] 4 warnings 
[INFO] -------------------------------------------------------------
[INFO] -------------------------------------------------------------
[ERROR] COMPILATION ERROR : 
[INFO] -------------------------------------------------------------
[ERROR] /data/hive-ptest/working/apache-svn-trunk-source/ql/src/java/org/apache/hadoop/hive/ql/parse/SemanticAnalyzer.java:[6763,10] cannot find symbol
  symbol:   variable joinTree
  location: class org.apache.hadoop.hive.ql.parse.SemanticAnalyzer
[ERROR] /data/hive-ptest/working/apache-svn-trunk-source/ql/src/java/org/apache/hadoop/hive/ql/parse/SemanticAnalyzer.java:[6764,53] cannot find symbol
  symbol:   variable joinTree
  location: class org.apache.hadoop.hive.ql.parse.SemanticAnalyzer
[ERROR] /data/hive-ptest/working/apache-svn-trunk-source/ql/src/java/org/apache/hadoop/hive/ql/parse/SemanticAnalyzer.java:[6764,63] cannot find symbol
  symbol:   variable pos
  location: class org.apache.hadoop.hive.ql.parse.SemanticAnalyzer
[INFO] 3 errors 
[INFO] -------------------------------------------------------------
[INFO] ------------------------------------------------------------------------
[INFO] Reactor Summary:
[INFO] 
[INFO] Hive .............................................. SUCCESS [11.005s]
[INFO] Hive Ant Utilities ................................ SUCCESS [5.724s]
[INFO] Hive Shims Common ................................. SUCCESS [4.632s]
[INFO] Hive Shims 0.20 ................................... SUCCESS [2.839s]
[INFO] Hive Shims Secure Common .......................... SUCCESS [3.645s]
[INFO] Hive Shims 0.20S .................................. SUCCESS [2.732s]
[INFO] Hive Shims 0.23 ................................... SUCCESS [6.972s]
[INFO] Hive Shims ........................................ SUCCESS [1.163s]
[INFO] Hive Common ....................................... SUCCESS [8.600s]
[INFO] Hive Serde ........................................ SUCCESS [14.693s]
[INFO] Hive Metastore .................................... SUCCESS [32.451s]
[INFO] Hive Query Language ............................... FAILURE [1:05.974s]
[INFO] Hive Service ...................................... SKIPPED
[INFO] Hive JDBC ......................................... SKIPPED
[INFO] Hive Beeline ...................................... SKIPPED
[INFO] Hive CLI .......................................... SKIPPED
[INFO] Hive Contrib ...................................... SKIPPED
[INFO] Hive HBase Handler ................................ SKIPPED
[INFO] Hive HCatalog ..................................... SKIPPED
[INFO] Hive HCatalog Core ................................ SKIPPED
[INFO] Hive HCatalog Pig Adapter ......................... SKIPPED
[INFO] Hive HCatalog Server Extensions ................... SKIPPED
[INFO] Hive HCatalog Webhcat Java Client ................. SKIPPED
[INFO] Hive HCatalog Webhcat ............................. SKIPPED
[INFO] Hive HCatalog Streaming ........................... SKIPPED
[INFO] Hive HWI .......................................... SKIPPED
[INFO] Hive ODBC ......................................... SKIPPED
[INFO] Hive Shims Aggregator ............................. SKIPPED
[INFO] Hive TestUtils .................................... SKIPPED
[INFO] Hive Packaging .................................... SKIPPED
[INFO] ------------------------------------------------------------------------
[INFO] BUILD FAILURE
[INFO] ------------------------------------------------------------------------
[INFO] Total time: 2:43.041s
[INFO] Finished at: Mon Jun 09 19:55:27 EDT 2014
[INFO] Final Memory: 77M/443M
[INFO] ------------------------------------------------------------------------
[ERROR] Failed to execute goal org.apache.maven.plugins:maven-compiler-plugin:3.1:compile (default-compile) on project hive-exec: Compilation failure: Compilation failure:
[ERROR] /data/hive-ptest/working/apache-svn-trunk-source/ql/src/java/org/apache/hadoop/hive/ql/parse/SemanticAnalyzer.java:[6763,10] cannot find symbol
[ERROR] symbol:   variable joinTree
[ERROR] location: class org.apache.hadoop.hive.ql.parse.SemanticAnalyzer
[ERROR] /data/hive-ptest/working/apache-svn-trunk-source/ql/src/java/org/apache/hadoop/hive/ql/parse/SemanticAnalyzer.java:[6764,53] cannot find symbol
[ERROR] symbol:   variable joinTree
[ERROR] location: class org.apache.hadoop.hive.ql.parse.SemanticAnalyzer
[ERROR] /data/hive-ptest/working/apache-svn-trunk-source/ql/src/java/org/apache/hadoop/hive/ql/parse/SemanticAnalyzer.java:[6764,63] cannot find symbol
[ERROR] symbol:   variable pos
[ERROR] location: class org.apache.hadoop.hive.ql.parse.SemanticAnalyzer
[ERROR] -&amp;gt; [Help 1]
[ERROR] 
[ERROR] To see the full stack trace of the errors, re-run Maven with the -e switch.
[ERROR] Re-run Maven using the -X switch to enable full debug logging.
[ERROR] 
[ERROR] For more information about the errors and possible solutions, please read the following articles:
[ERROR] [Help 1] http://cwiki.apache.org/confluence/display/MAVEN/MojoFailureException
[ERROR] 
[ERROR] After correcting the problems, you can resume the build with the command
[ERROR]   mvn &amp;lt;goals&amp;gt; -rf :hive-exec
+ exit 1
&apos;
&lt;/pre&gt;
&lt;/div&gt;&lt;/div&gt;

&lt;p&gt;This message is automatically generated.&lt;/p&gt;

&lt;p&gt;ATTACHMENT ID: 12647779&lt;/p&gt;</comment>
                            <comment id="14026720" author="hagleitn" created="Tue, 10 Jun 2014 17:26:11 +0000"  >&lt;p&gt;.2 is rebased (applies, builds, ran some tests)&lt;/p&gt;</comment>
                            <comment id="14030407" author="hagleitn" created="Fri, 13 Jun 2014 09:06:00 +0000"  >&lt;p&gt;+golden file updates&lt;/p&gt;</comment>
                            <comment id="14031780" author="hiveqa" created="Sun, 15 Jun 2014 04:03:39 +0000"  >

&lt;p&gt;&lt;font color=&quot;red&quot;&gt;Overall&lt;/font&gt;: -1 at least one tests failed&lt;/p&gt;

&lt;p&gt;Here are the results of testing the latest attachment:&lt;br/&gt;
&lt;a href=&quot;https://issues.apache.org/jira/secure/attachment/12650258/HIVE-7159.4.patch&quot; class=&quot;external-link&quot; rel=&quot;nofollow&quot;&gt;https://issues.apache.org/jira/secure/attachment/12650258/HIVE-7159.4.patch&lt;/a&gt;&lt;/p&gt;

&lt;p&gt;&lt;font color=&quot;red&quot;&gt;ERROR:&lt;/font&gt; -1 due to 63 failed/errored test(s), 5536 tests executed&lt;br/&gt;
&lt;b&gt;Failed tests:&lt;/b&gt;&lt;/p&gt;
&lt;div class=&quot;preformatted panel&quot; style=&quot;border-width: 1px;&quot;&gt;&lt;div class=&quot;preformattedContent panelContent&quot;&gt;
&lt;pre&gt;org.apache.hadoop.hive.cli.TestCliDriver.testCliDriver_auto_join13
org.apache.hadoop.hive.cli.TestCliDriver.testCliDriver_auto_join2
org.apache.hadoop.hive.cli.TestCliDriver.testCliDriver_auto_join25
org.apache.hadoop.hive.cli.TestCliDriver.testCliDriver_auto_join_reordering_values
org.apache.hadoop.hive.cli.TestCliDriver.testCliDriver_auto_join_without_localtask
org.apache.hadoop.hive.cli.TestCliDriver.testCliDriver_auto_sortmerge_join_12
org.apache.hadoop.hive.cli.TestCliDriver.testCliDriver_auto_sortmerge_join_6
org.apache.hadoop.hive.cli.TestCliDriver.testCliDriver_filter_join_breaktask
org.apache.hadoop.hive.cli.TestCliDriver.testCliDriver_filter_join_breaktask2
org.apache.hadoop.hive.cli.TestCliDriver.testCliDriver_infer_bucket_sort
org.apache.hadoop.hive.cli.TestCliDriver.testCliDriver_join13
org.apache.hadoop.hive.cli.TestCliDriver.testCliDriver_join19
org.apache.hadoop.hive.cli.TestCliDriver.testCliDriver_join2
org.apache.hadoop.hive.cli.TestCliDriver.testCliDriver_join32
org.apache.hadoop.hive.cli.TestCliDriver.testCliDriver_join32_lessSize
org.apache.hadoop.hive.cli.TestCliDriver.testCliDriver_join33
org.apache.hadoop.hive.cli.TestCliDriver.testCliDriver_join_alt_syntax
org.apache.hadoop.hive.cli.TestCliDriver.testCliDriver_join_cond_pushdown_1
org.apache.hadoop.hive.cli.TestCliDriver.testCliDriver_join_cond_pushdown_2
org.apache.hadoop.hive.cli.TestCliDriver.testCliDriver_join_cond_pushdown_3
org.apache.hadoop.hive.cli.TestCliDriver.testCliDriver_join_cond_pushdown_4
org.apache.hadoop.hive.cli.TestCliDriver.testCliDriver_join_cond_pushdown_unqual1
org.apache.hadoop.hive.cli.TestCliDriver.testCliDriver_join_cond_pushdown_unqual2
org.apache.hadoop.hive.cli.TestCliDriver.testCliDriver_join_cond_pushdown_unqual3
org.apache.hadoop.hive.cli.TestCliDriver.testCliDriver_join_cond_pushdown_unqual4
org.apache.hadoop.hive.cli.TestCliDriver.testCliDriver_join_hive_626
org.apache.hadoop.hive.cli.TestCliDriver.testCliDriver_join_reorder2
org.apache.hadoop.hive.cli.TestCliDriver.testCliDriver_join_reorder3
org.apache.hadoop.hive.cli.TestCliDriver.testCliDriver_join_star
org.apache.hadoop.hive.cli.TestCliDriver.testCliDriver_join_vc
org.apache.hadoop.hive.cli.TestCliDriver.testCliDriver_mapjoin_hook
org.apache.hadoop.hive.cli.TestCliDriver.testCliDriver_mapjoin_mapjoin
org.apache.hadoop.hive.cli.TestCliDriver.testCliDriver_mergejoins
org.apache.hadoop.hive.cli.TestCliDriver.testCliDriver_multi_join_union
org.apache.hadoop.hive.cli.TestCliDriver.testCliDriver_parquet_columnar
org.apache.hadoop.hive.cli.TestCliDriver.testCliDriver_ppd_join2
org.apache.hadoop.hive.cli.TestCliDriver.testCliDriver_ptf
org.apache.hadoop.hive.cli.TestCliDriver.testCliDriver_ptf_streaming
org.apache.hadoop.hive.cli.TestCliDriver.testCliDriver_skewjoinopt13
org.apache.hadoop.hive.cli.TestCliDriver.testCliDriver_skewjoinopt14
org.apache.hadoop.hive.cli.TestCliDriver.testCliDriver_subq_where_serialization
org.apache.hadoop.hive.cli.TestCliDriver.testCliDriver_subquery_exists
org.apache.hadoop.hive.cli.TestCliDriver.testCliDriver_subquery_exists_explain_rewrite
org.apache.hadoop.hive.cli.TestCliDriver.testCliDriver_subquery_exists_having
org.apache.hadoop.hive.cli.TestCliDriver.testCliDriver_subquery_in
org.apache.hadoop.hive.cli.TestCliDriver.testCliDriver_subquery_in_explain_rewrite
org.apache.hadoop.hive.cli.TestCliDriver.testCliDriver_subquery_in_having
org.apache.hadoop.hive.cli.TestCliDriver.testCliDriver_subquery_multiinsert
org.apache.hadoop.hive.cli.TestCliDriver.testCliDriver_subquery_notexists
org.apache.hadoop.hive.cli.TestCliDriver.testCliDriver_subquery_notexists_having
org.apache.hadoop.hive.cli.TestCliDriver.testCliDriver_subquery_notin
org.apache.hadoop.hive.cli.TestCliDriver.testCliDriver_subquery_notin_having
org.apache.hadoop.hive.cli.TestCliDriver.testCliDriver_subquery_unqualcolumnrefs
org.apache.hadoop.hive.cli.TestCliDriver.testCliDriver_subquery_views
org.apache.hadoop.hive.cli.TestCliDriver.testCliDriver_vectorized_context
org.apache.hadoop.hive.cli.TestCliDriver.testCliDriver_windowing
org.apache.hadoop.hive.cli.TestHBaseCliDriver.testCliDriver_hbase_queries
org.apache.hadoop.hive.cli.TestMinimrCliDriver.testCliDriver_infer_bucket_sort_reducers_power_two
org.apache.hadoop.hive.cli.TestMinimrCliDriver.testCliDriver_root_dir_external_table
org.apache.hadoop.hive.cli.TestNegativeCliDriver.testNegativeCliDriver_authorization_ctas
org.apache.hadoop.hive.cli.TestNegativeCliDriver.testNegativeCliDriver_join32
org.apache.hadoop.hive.ql.TestMTQueries.testMTQueries1
org.apache.hadoop.hive.ql.parse.TestParse.testParse_join2
&lt;/pre&gt;
&lt;/div&gt;&lt;/div&gt;

&lt;p&gt;Test results: &lt;a href=&quot;http://ec2-174-129-184-35.compute-1.amazonaws.com/jenkins/job/PreCommit-HIVE-Build/467/testReport&quot; class=&quot;external-link&quot; target=&quot;_blank&quot; rel=&quot;nofollow noopener&quot;&gt;http://ec2-174-129-184-35.compute-1.amazonaws.com/jenkins/job/PreCommit-HIVE-Build/467/testReport&lt;/a&gt;&lt;br/&gt;
Console output: &lt;a href=&quot;http://ec2-174-129-184-35.compute-1.amazonaws.com/jenkins/job/PreCommit-HIVE-Build/467/console&quot; class=&quot;external-link&quot; target=&quot;_blank&quot; rel=&quot;nofollow noopener&quot;&gt;http://ec2-174-129-184-35.compute-1.amazonaws.com/jenkins/job/PreCommit-HIVE-Build/467/console&lt;/a&gt;&lt;br/&gt;
Test logs: &lt;a href=&quot;http://ec2-174-129-184-35.compute-1.amazonaws.com/logs/PreCommit-HIVE-Build-467/&quot; class=&quot;external-link&quot; target=&quot;_blank&quot; rel=&quot;nofollow noopener&quot;&gt;http://ec2-174-129-184-35.compute-1.amazonaws.com/logs/PreCommit-HIVE-Build-467/&lt;/a&gt;&lt;/p&gt;

&lt;p&gt;Messages:&lt;/p&gt;
&lt;div class=&quot;preformatted panel&quot; style=&quot;border-width: 1px;&quot;&gt;&lt;div class=&quot;preformattedContent panelContent&quot;&gt;
&lt;pre&gt;Executing org.apache.hive.ptest.execution.PrepPhase
Executing org.apache.hive.ptest.execution.ExecutionPhase
Executing org.apache.hive.ptest.execution.ReportingPhase
Tests exited with: TestsFailedException: 63 tests failed
&lt;/pre&gt;
&lt;/div&gt;&lt;/div&gt;

&lt;p&gt;This message is automatically generated.&lt;/p&gt;

&lt;p&gt;ATTACHMENT ID: 12650258&lt;/p&gt;</comment>
                            <comment id="14031857" author="hagleitn" created="Sun, 15 Jun 2014 12:06:53 +0000"  >&lt;p&gt;.5 fixes some of the failures.&lt;/p&gt;</comment>
                            <comment id="14031858" author="hagleitn" created="Sun, 15 Jun 2014 12:07:04 +0000"  >&lt;p&gt;+1 once the tests pass&lt;/p&gt;</comment>
                            <comment id="14031859" author="hagleitn" created="Sun, 15 Jun 2014 12:10:39 +0000"  >&lt;p&gt;rb: &lt;a href=&quot;https://reviews.apache.org/r/22553/&quot; class=&quot;external-link&quot; target=&quot;_blank&quot; rel=&quot;nofollow noopener&quot;&gt;https://reviews.apache.org/r/22553/&lt;/a&gt;&lt;/p&gt;</comment>
                            <comment id="14032166" author="hiveqa" created="Mon, 16 Jun 2014 07:04:45 +0000"  >

&lt;p&gt;&lt;font color=&quot;red&quot;&gt;Overall&lt;/font&gt;: -1 at least one tests failed&lt;/p&gt;

&lt;p&gt;Here are the results of testing the latest attachment:&lt;br/&gt;
&lt;a href=&quot;https://issues.apache.org/jira/secure/attachment/12650480/HIVE-7159.5.patch&quot; class=&quot;external-link&quot; rel=&quot;nofollow&quot;&gt;https://issues.apache.org/jira/secure/attachment/12650480/HIVE-7159.5.patch&lt;/a&gt;&lt;/p&gt;

&lt;p&gt;&lt;font color=&quot;red&quot;&gt;ERROR:&lt;/font&gt; -1 due to 38 failed/errored test(s), 5611 tests executed&lt;br/&gt;
&lt;b&gt;Failed tests:&lt;/b&gt;&lt;/p&gt;
&lt;div class=&quot;preformatted panel&quot; style=&quot;border-width: 1px;&quot;&gt;&lt;div class=&quot;preformattedContent panelContent&quot;&gt;
&lt;pre&gt;org.apache.hadoop.hive.cli.TestCliDriver.testCliDriver_allcolref_in_udf
org.apache.hadoop.hive.cli.TestCliDriver.testCliDriver_annotate_stats_join
org.apache.hadoop.hive.cli.TestCliDriver.testCliDriver_auto_sortmerge_join_12
org.apache.hadoop.hive.cli.TestCliDriver.testCliDriver_bucketmapjoin_negative3
org.apache.hadoop.hive.cli.TestCliDriver.testCliDriver_cross_product_check_1
org.apache.hadoop.hive.cli.TestCliDriver.testCliDriver_cross_product_check_2
org.apache.hadoop.hive.cli.TestCliDriver.testCliDriver_join_alt_syntax
org.apache.hadoop.hive.cli.TestCliDriver.testCliDriver_join_cond_pushdown_2
org.apache.hadoop.hive.cli.TestCliDriver.testCliDriver_join_cond_pushdown_4
org.apache.hadoop.hive.cli.TestCliDriver.testCliDriver_join_cond_pushdown_unqual2
org.apache.hadoop.hive.cli.TestCliDriver.testCliDriver_join_cond_pushdown_unqual4
org.apache.hadoop.hive.cli.TestCliDriver.testCliDriver_join_map_ppr
org.apache.hadoop.hive.cli.TestCliDriver.testCliDriver_join_reorder
org.apache.hadoop.hive.cli.TestCliDriver.testCliDriver_parquet_columnar
org.apache.hadoop.hive.cli.TestCliDriver.testCliDriver_ptf
org.apache.hadoop.hive.cli.TestCliDriver.testCliDriver_ptf_streaming
org.apache.hadoop.hive.cli.TestCliDriver.testCliDriver_skewjoin
org.apache.hadoop.hive.cli.TestCliDriver.testCliDriver_skewjoinopt18
org.apache.hadoop.hive.cli.TestCliDriver.testCliDriver_smb_mapjoin_13
org.apache.hadoop.hive.cli.TestCliDriver.testCliDriver_windowing
org.apache.hadoop.hive.cli.TestHBaseCliDriver.testCliDriver_hbase_queries
org.apache.hadoop.hive.cli.TestMiniTezCliDriver.testCliDriver_bucket_map_join_tez1
org.apache.hadoop.hive.cli.TestMiniTezCliDriver.testCliDriver_bucket_map_join_tez2
org.apache.hadoop.hive.cli.TestMiniTezCliDriver.testCliDriver_cross_product_check_1
org.apache.hadoop.hive.cli.TestMiniTezCliDriver.testCliDriver_cross_product_check_2
org.apache.hadoop.hive.cli.TestMiniTezCliDriver.testCliDriver_filter_join_breaktask
org.apache.hadoop.hive.cli.TestMiniTezCliDriver.testCliDriver_join1
org.apache.hadoop.hive.cli.TestMiniTezCliDriver.testCliDriver_limit_pushdown
org.apache.hadoop.hive.cli.TestMiniTezCliDriver.testCliDriver_mapjoin_decimal
org.apache.hadoop.hive.cli.TestMiniTezCliDriver.testCliDriver_mapjoin_mapjoin
org.apache.hadoop.hive.cli.TestMiniTezCliDriver.testCliDriver_mrr
org.apache.hadoop.hive.cli.TestMiniTezCliDriver.testCliDriver_scriptfile1
org.apache.hadoop.hive.cli.TestMiniTezCliDriver.testCliDriver_subquery_in
org.apache.hadoop.hive.cli.TestMiniTezCliDriver.testCliDriver_tez_union
org.apache.hadoop.hive.cli.TestMinimrCliDriver.testCliDriver_infer_bucket_sort_map_operators
org.apache.hadoop.hive.cli.TestMinimrCliDriver.testCliDriver_root_dir_external_table
org.apache.hadoop.hive.cli.TestNegativeCliDriver.testNegativeCliDriver_authorization_ctas
org.apache.hadoop.hive.ql.parse.TestParse.testParse_join2
&lt;/pre&gt;
&lt;/div&gt;&lt;/div&gt;

&lt;p&gt;Test results: &lt;a href=&quot;http://ec2-174-129-184-35.compute-1.amazonaws.com/jenkins/job/PreCommit-HIVE-Build/480/testReport&quot; class=&quot;external-link&quot; target=&quot;_blank&quot; rel=&quot;nofollow noopener&quot;&gt;http://ec2-174-129-184-35.compute-1.amazonaws.com/jenkins/job/PreCommit-HIVE-Build/480/testReport&lt;/a&gt;&lt;br/&gt;
Console output: &lt;a href=&quot;http://ec2-174-129-184-35.compute-1.amazonaws.com/jenkins/job/PreCommit-HIVE-Build/480/console&quot; class=&quot;external-link&quot; target=&quot;_blank&quot; rel=&quot;nofollow noopener&quot;&gt;http://ec2-174-129-184-35.compute-1.amazonaws.com/jenkins/job/PreCommit-HIVE-Build/480/console&lt;/a&gt;&lt;br/&gt;
Test logs: &lt;a href=&quot;http://ec2-174-129-184-35.compute-1.amazonaws.com/logs/PreCommit-HIVE-Build-480/&quot; class=&quot;external-link&quot; target=&quot;_blank&quot; rel=&quot;nofollow noopener&quot;&gt;http://ec2-174-129-184-35.compute-1.amazonaws.com/logs/PreCommit-HIVE-Build-480/&lt;/a&gt;&lt;/p&gt;

&lt;p&gt;Messages:&lt;/p&gt;
&lt;div class=&quot;preformatted panel&quot; style=&quot;border-width: 1px;&quot;&gt;&lt;div class=&quot;preformattedContent panelContent&quot;&gt;
&lt;pre&gt;Executing org.apache.hive.ptest.execution.PrepPhase
Executing org.apache.hive.ptest.execution.ExecutionPhase
Executing org.apache.hive.ptest.execution.ReportingPhase
Tests exited with: TestsFailedException: 38 tests failed
&lt;/pre&gt;
&lt;/div&gt;&lt;/div&gt;

&lt;p&gt;This message is automatically generated.&lt;/p&gt;

&lt;p&gt;ATTACHMENT ID: 12650480&lt;/p&gt;</comment>
                            <comment id="14032286" author="hagleitn" created="Mon, 16 Jun 2014 10:07:38 +0000"  >&lt;p&gt;More golden file updates in 6.&lt;/p&gt;

&lt;p&gt;There seems to be a couple of issues though that are either wrong with this patch or might be exposing problems with the original code:&lt;/p&gt;

&lt;p&gt;a) subquery transformation doesn&apos;t generate the nullsafe array (already addressed in patch)&lt;br/&gt;
b) join pushdown does not seem to correctly populate the nullsafe array (size(join condns) != size(nullsafe))&lt;br/&gt;
c) Somehow this patch seems to change ptf/windowing tests results (actual query results, not just explain)&lt;/p&gt;

&lt;p&gt;&lt;a href=&quot;https://issues.apache.org/jira/secure/ViewProfile.jspa?name=rhbutani&quot; class=&quot;user-hover&quot; rel=&quot;rhbutani&quot;&gt;rhbutani&lt;/a&gt; any thoughts?&lt;/p&gt;</comment>
                            <comment id="14032506" author="hiveqa" created="Mon, 16 Jun 2014 15:01:13 +0000"  >

&lt;p&gt;&lt;font color=&quot;red&quot;&gt;Overall&lt;/font&gt;: -1 at least one tests failed&lt;/p&gt;

&lt;p&gt;Here are the results of testing the latest attachment:&lt;br/&gt;
&lt;a href=&quot;https://issues.apache.org/jira/secure/attachment/12650539/HIVE-7159.6.patch&quot; class=&quot;external-link&quot; rel=&quot;nofollow&quot;&gt;https://issues.apache.org/jira/secure/attachment/12650539/HIVE-7159.6.patch&lt;/a&gt;&lt;/p&gt;

&lt;p&gt;&lt;font color=&quot;red&quot;&gt;ERROR:&lt;/font&gt; -1 due to 13 failed/errored test(s), 5611 tests executed&lt;br/&gt;
&lt;b&gt;Failed tests:&lt;/b&gt;&lt;/p&gt;
&lt;div class=&quot;preformatted panel&quot; style=&quot;border-width: 1px;&quot;&gt;&lt;div class=&quot;preformattedContent panelContent&quot;&gt;
&lt;pre&gt;org.apache.hadoop.hive.cli.TestCliDriver.testCliDriver_join_alt_syntax
org.apache.hadoop.hive.cli.TestCliDriver.testCliDriver_join_cond_pushdown_2
org.apache.hadoop.hive.cli.TestCliDriver.testCliDriver_join_cond_pushdown_4
org.apache.hadoop.hive.cli.TestCliDriver.testCliDriver_join_cond_pushdown_unqual2
org.apache.hadoop.hive.cli.TestCliDriver.testCliDriver_join_cond_pushdown_unqual4
org.apache.hadoop.hive.cli.TestCliDriver.testCliDriver_ptf
org.apache.hadoop.hive.cli.TestCliDriver.testCliDriver_ptf_streaming
org.apache.hadoop.hive.cli.TestCliDriver.testCliDriver_windowing
org.apache.hadoop.hive.cli.TestMiniTezCliDriver.testCliDriver_dynpart_sort_optimization
org.apache.hadoop.hive.cli.TestMiniTezCliDriver.testCliDriver_scriptfile1
org.apache.hadoop.hive.cli.TestMinimrCliDriver.testCliDriver_root_dir_external_table
org.apache.hadoop.hive.cli.TestMinimrCliDriver.testCliDriver_schemeAuthority
org.apache.hadoop.hive.cli.TestNegativeCliDriver.testNegativeCliDriver_authorization_ctas
&lt;/pre&gt;
&lt;/div&gt;&lt;/div&gt;

&lt;p&gt;Test results: &lt;a href=&quot;http://ec2-174-129-184-35.compute-1.amazonaws.com/jenkins/job/PreCommit-HIVE-Build/483/testReport&quot; class=&quot;external-link&quot; target=&quot;_blank&quot; rel=&quot;nofollow noopener&quot;&gt;http://ec2-174-129-184-35.compute-1.amazonaws.com/jenkins/job/PreCommit-HIVE-Build/483/testReport&lt;/a&gt;&lt;br/&gt;
Console output: &lt;a href=&quot;http://ec2-174-129-184-35.compute-1.amazonaws.com/jenkins/job/PreCommit-HIVE-Build/483/console&quot; class=&quot;external-link&quot; target=&quot;_blank&quot; rel=&quot;nofollow noopener&quot;&gt;http://ec2-174-129-184-35.compute-1.amazonaws.com/jenkins/job/PreCommit-HIVE-Build/483/console&lt;/a&gt;&lt;br/&gt;
Test logs: &lt;a href=&quot;http://ec2-174-129-184-35.compute-1.amazonaws.com/logs/PreCommit-HIVE-Build-483/&quot; class=&quot;external-link&quot; target=&quot;_blank&quot; rel=&quot;nofollow noopener&quot;&gt;http://ec2-174-129-184-35.compute-1.amazonaws.com/logs/PreCommit-HIVE-Build-483/&lt;/a&gt;&lt;/p&gt;

&lt;p&gt;Messages:&lt;/p&gt;
&lt;div class=&quot;preformatted panel&quot; style=&quot;border-width: 1px;&quot;&gt;&lt;div class=&quot;preformattedContent panelContent&quot;&gt;
&lt;pre&gt;Executing org.apache.hive.ptest.execution.PrepPhase
Executing org.apache.hive.ptest.execution.ExecutionPhase
Executing org.apache.hive.ptest.execution.ReportingPhase
Tests exited with: TestsFailedException: 13 tests failed
&lt;/pre&gt;
&lt;/div&gt;&lt;/div&gt;

&lt;p&gt;This message is automatically generated.&lt;/p&gt;

&lt;p&gt;ATTACHMENT ID: 12650539&lt;/p&gt;</comment>
                            <comment id="14034426" author="rhbutani" created="Tue, 17 Jun 2014 21:44:02 +0000"  >&lt;p&gt;The diff in windowing queries is because of an issue with ColumnPruner for PTF and Script Operators.&lt;br/&gt;
&lt;a href=&quot;https://issues.apache.org/jira/secure/ViewProfile.jspa?name=ashutoshc&quot; class=&quot;user-hover&quot; rel=&quot;ashutoshc&quot;&gt;ashutoshc&lt;/a&gt; can you please look at changes to ColumnPruner.&lt;/p&gt;</comment>
                            <comment id="14034466" author="rhbutani" created="Tue, 17 Jun 2014 22:11:37 +0000"  >&lt;p&gt;The issue with join pushdown is that now genNotNullFilterForJoinSourcePlan is always working of the top QBJoinTree; in the original patch the joinTree was passed in, somewhere along the line this got refactored, looking into reverting.&lt;/p&gt;</comment>
                            <comment id="14034587" author="rhbutani" created="Tue, 17 Jun 2014 23:23:56 +0000"  >&lt;p&gt;&lt;a href=&quot;https://issues.apache.org/jira/secure/ViewProfile.jspa?name=hagleitn&quot; class=&quot;user-hover&quot; rel=&quot;hagleitn&quot;&gt;hagleitn&lt;/a&gt; issues a) and b) were because the check was being made against the wrong QBJoinTree.&lt;br/&gt;
patch.8 fixes this; I removed the null and empty checks on the nullSafes error.&lt;/p&gt;</comment>
                            <comment id="14034620" author="ekoifman" created="Tue, 17 Jun 2014 23:52:50 +0000"  >&lt;p&gt;FWIW, you can do the same with outer joins on inner side&lt;br/&gt;
R left outer join S on R.r=S.s is the same as R LOJ (select * from S where s is not null) as S on R.r=S.s&lt;br/&gt;
and symmetrically for ROJ.&lt;/p&gt;</comment>
                            <comment id="14036737" author="hiveqa" created="Thu, 19 Jun 2014 00:36:41 +0000"  >

&lt;p&gt;&lt;font color=&quot;red&quot;&gt;Overall&lt;/font&gt;: -1 no tests executed&lt;/p&gt;

&lt;p&gt;Here are the results of testing the latest attachment:&lt;br/&gt;
&lt;a href=&quot;https://issues.apache.org/jira/secure/attachment/12650919/HIVE-7159.8.patch&quot; class=&quot;external-link&quot; rel=&quot;nofollow&quot;&gt;https://issues.apache.org/jira/secure/attachment/12650919/HIVE-7159.8.patch&lt;/a&gt;&lt;/p&gt;

&lt;p&gt;Test results: &lt;a href=&quot;http://ec2-174-129-184-35.compute-1.amazonaws.com/jenkins/job/PreCommit-HIVE-Build/507/testReport&quot; class=&quot;external-link&quot; target=&quot;_blank&quot; rel=&quot;nofollow noopener&quot;&gt;http://ec2-174-129-184-35.compute-1.amazonaws.com/jenkins/job/PreCommit-HIVE-Build/507/testReport&lt;/a&gt;&lt;br/&gt;
Console output: &lt;a href=&quot;http://ec2-174-129-184-35.compute-1.amazonaws.com/jenkins/job/PreCommit-HIVE-Build/507/console&quot; class=&quot;external-link&quot; target=&quot;_blank&quot; rel=&quot;nofollow noopener&quot;&gt;http://ec2-174-129-184-35.compute-1.amazonaws.com/jenkins/job/PreCommit-HIVE-Build/507/console&lt;/a&gt;&lt;br/&gt;
Test logs: &lt;a href=&quot;http://ec2-174-129-184-35.compute-1.amazonaws.com/logs/PreCommit-HIVE-Build-507/&quot; class=&quot;external-link&quot; target=&quot;_blank&quot; rel=&quot;nofollow noopener&quot;&gt;http://ec2-174-129-184-35.compute-1.amazonaws.com/logs/PreCommit-HIVE-Build-507/&lt;/a&gt;&lt;/p&gt;

&lt;p&gt;Messages:&lt;/p&gt;
&lt;div class=&quot;preformatted panel&quot; style=&quot;border-width: 1px;&quot;&gt;&lt;div class=&quot;preformattedContent panelContent&quot;&gt;
&lt;pre&gt;Executing org.apache.hive.ptest.execution.PrepPhase
Tests exited with: NonZeroExitCodeException
Command &apos;bash /data/hive-ptest/working/scratch/source-prep.sh&apos; failed with exit status 1 and output &apos;+ [[ -n /usr/java/jdk1.7.0_45-cloudera ]]
+ export JAVA_HOME=/usr/java/jdk1.7.0_45-cloudera
+ JAVA_HOME=/usr/java/jdk1.7.0_45-cloudera
+ export PATH=/usr/java/jdk1.7.0_45-cloudera/bin/:/usr/java/jdk1.6.0_34/bin:/usr/local/apache-maven-3.0.5/bin:/usr/local/apache-maven-3.0.5/bin:/usr/java/jdk1.6.0_34/bin:/usr/local/apache-ant-1.9.1/bin:/usr/local/bin:/bin:/usr/bin:/usr/local/sbin:/usr/sbin:/sbin:/home/hiveptest/bin
+ PATH=/usr/java/jdk1.7.0_45-cloudera/bin/:/usr/java/jdk1.6.0_34/bin:/usr/local/apache-maven-3.0.5/bin:/usr/local/apache-maven-3.0.5/bin:/usr/java/jdk1.6.0_34/bin:/usr/local/apache-ant-1.9.1/bin:/usr/local/bin:/bin:/usr/bin:/usr/local/sbin:/usr/sbin:/sbin:/home/hiveptest/bin
+ export &apos;ANT_OPTS=-Xmx1g -XX:MaxPermSize=256m &apos;
+ ANT_OPTS=&apos;-Xmx1g -XX:MaxPermSize=256m &apos;
+ export &apos;M2_OPTS=-Xmx1g -XX:MaxPermSize=256m -Dhttp.proxyHost=localhost -Dhttp.proxyPort=3128&apos;
+ M2_OPTS=&apos;-Xmx1g -XX:MaxPermSize=256m -Dhttp.proxyHost=localhost -Dhttp.proxyPort=3128&apos;
+ cd /data/hive-ptest/working/
+ tee /data/hive-ptest/logs/PreCommit-HIVE-Build-507/source-prep.txt
+ [[ false == \t\r\u\e ]]
+ mkdir -p maven ivy
+ [[ svn = \s\v\n ]]
+ [[ -n &apos;&apos; ]]
+ [[ -d apache-svn-trunk-source ]]
+ [[ ! -d apache-svn-trunk-source/.svn ]]
+ [[ ! -d apache-svn-trunk-source ]]
+ cd apache-svn-trunk-source
+ svn revert -R .
Reverted &apos;hcatalog/core/src/main/java/org/apache/hive/hcatalog/mapreduce/FileOutputFormatContainer.java&apos;
Reverted &apos;hcatalog/core/src/main/java/org/apache/hive/hcatalog/mapreduce/FileRecordWriterContainer.java&apos;
++ egrep -v &apos;^X|^Performing status on external&apos;
++ awk &apos;{print $2}&apos;
++ svn status --no-ignore
+ rm -rf target datanucleus.log ant/target shims/target shims/0.20/target shims/0.20S/target shims/0.23/target shims/aggregator/target shims/common/target shims/common-secure/target packaging/target hbase-handler/target testutils/target jdbc/target metastore/target itests/target itests/hcatalog-unit/target itests/test-serde/target itests/qtest/target itests/hive-minikdc/target itests/hive-unit/target itests/custom-serde/target itests/util/target hcatalog/target hcatalog/core/target hcatalog/core/src/main/java/org/apache/hive/hcatalog/mapreduce/DynamicPartitionFileRecordWriterContainer.java hcatalog/core/src/main/java/org/apache/hive/hcatalog/mapreduce/StaticPartitionFileRecordWriterContainer.java hcatalog/streaming/target hcatalog/server-extensions/target hcatalog/webhcat/svr/target hcatalog/webhcat/java-client/target hcatalog/hcatalog-pig-adapter/target hwi/target common/target common/src/gen contrib/target service/target serde/target beeline/target odbc/target cli/target ql/dependency-reduced-pom.xml ql/target
+ svn update
U    itests/hive-unit/src/test/java/org/apache/hive/beeline/TestBeeLineWithArgs.java
U    beeline/src/main/resources/BeeLine.properties
U    beeline/src/java/org/apache/hive/beeline/BeeLine.java
U    beeline/src/java/org/apache/hive/beeline/BeeLineOpts.java
U    beeline/src/java/org/apache/hive/beeline/Commands.java
U    ql/src/test/org/apache/hadoop/hive/ql/exec/tez/TestTezTask.java
A    ql/src/java/org/apache/hadoop/hive/ql/hooks/ATSHook.java
U    ql/src/java/org/apache/hadoop/hive/ql/exec/tez/TezJobMonitor.java
U    ql/pom.xml

Fetching external item into &apos;hcatalog/src/test/e2e/harness&apos;
Updated external to revision 1603688.

Updated to revision 1603688.
+ patchCommandPath=/data/hive-ptest/working/scratch/smart-apply-patch.sh
+ patchFilePath=/data/hive-ptest/working/scratch/build.patch
+ [[ -f /data/hive-ptest/working/scratch/build.patch ]]
+ chmod +x /data/hive-ptest/working/scratch/smart-apply-patch.sh
+ /data/hive-ptest/working/scratch/smart-apply-patch.sh /data/hive-ptest/working/scratch/build.patch
The patch does not appear to apply with p0, p1, or p2
+ exit 1
&apos;
&lt;/pre&gt;
&lt;/div&gt;&lt;/div&gt;

&lt;p&gt;This message is automatically generated.&lt;/p&gt;

&lt;p&gt;ATTACHMENT ID: 12650919&lt;/p&gt;</comment>
                            <comment id="14037427" author="rhbutani" created="Thu, 19 Jun 2014 15:29:38 +0000"  >&lt;p&gt;rebase&lt;/p&gt;</comment>
                            <comment id="14037450" author="ashutoshc" created="Thu, 19 Jun 2014 15:53:55 +0000"  >&lt;div class=&quot;code panel&quot; style=&quot;border-width: 1px;&quot;&gt;&lt;div class=&quot;codeContent panelContent&quot;&gt;
&lt;pre class=&quot;code-java&quot;&gt;&lt;span class=&quot;code-keyword&quot;&gt;if&lt;/span&gt; (prunedCols.size() != inputRR.getRowSchema().getSignature().size()
&lt;/pre&gt;
&lt;/div&gt;&lt;/div&gt;

&lt;p&gt;Is it better to do tighter check to make sure indeed all columns are identical before and after, else it may be the case that there are 5 columns in prunedCols and in RowSchema, but those are 5 different columns in two lists.&lt;/p&gt;</comment>
                            <comment id="14037453" author="rhbutani" created="Thu, 19 Jun 2014 15:58:04 +0000"  >&lt;p&gt;The prunedCols contain columns from the inputRR. The parent pruner will have setup this.&lt;/p&gt;</comment>
                            <comment id="14037589" author="ashutoshc" created="Thu, 19 Jun 2014 17:50:58 +0000"  >&lt;p&gt;Correct, prunedCols can only be subset of RowSchema, so if size matches  no need for Select Op&lt;br/&gt;
 +1&lt;/p&gt;</comment>
                            <comment id="14039621" author="hiveqa" created="Sat, 21 Jun 2014 01:15:06 +0000"  >

&lt;p&gt;&lt;font color=&quot;red&quot;&gt;Overall&lt;/font&gt;: -1 at least one tests failed&lt;/p&gt;

&lt;p&gt;Here are the results of testing the latest attachment:&lt;br/&gt;
&lt;a href=&quot;https://issues.apache.org/jira/secure/attachment/12651427/HIVE-7159.9.patch&quot; class=&quot;external-link&quot; rel=&quot;nofollow&quot;&gt;https://issues.apache.org/jira/secure/attachment/12651427/HIVE-7159.9.patch&lt;/a&gt;&lt;/p&gt;

&lt;p&gt;&lt;font color=&quot;red&quot;&gt;ERROR:&lt;/font&gt; -1 due to 13 failed/errored test(s), 5668 tests executed&lt;br/&gt;
&lt;b&gt;Failed tests:&lt;/b&gt;&lt;/p&gt;
&lt;div class=&quot;preformatted panel&quot; style=&quot;border-width: 1px;&quot;&gt;&lt;div class=&quot;preformattedContent panelContent&quot;&gt;
&lt;pre&gt;org.apache.hadoop.hive.cli.TestCliDriver.testCliDriver_mergejoins_mixed
org.apache.hadoop.hive.cli.TestCliDriver.testCliDriver_semijoin
org.apache.hadoop.hive.cli.TestCliDriver.testCliDriver_subq_where_serialization
org.apache.hadoop.hive.cli.TestCliDriver.testCliDriver_subquery_in
org.apache.hadoop.hive.cli.TestCliDriver.testCliDriver_subquery_in_having
org.apache.hadoop.hive.cli.TestCliDriver.testCliDriver_subquery_views
org.apache.hadoop.hive.cli.TestMiniTezCliDriver.testCliDriver_dynpart_sort_optimization
org.apache.hadoop.hive.cli.TestMiniTezCliDriver.testCliDriver_subquery_exists
org.apache.hadoop.hive.cli.TestMiniTezCliDriver.testCliDriver_subquery_in
org.apache.hadoop.hive.cli.TestMinimrCliDriver.testCliDriver_root_dir_external_table
org.apache.hadoop.hive.cli.TestNegativeCliDriver.testNegativeCliDriver_authorization_ctas
org.apache.hive.hcatalog.pig.TestHCatLoader.testReadDataPrimitiveTypes
org.apache.hive.hcatalog.pig.TestOrcHCatLoader.testReadDataPrimitiveTypes
&lt;/pre&gt;
&lt;/div&gt;&lt;/div&gt;

&lt;p&gt;Test results: &lt;a href=&quot;http://ec2-174-129-184-35.compute-1.amazonaws.com/jenkins/job/PreCommit-HIVE-Build/534/testReport&quot; class=&quot;external-link&quot; target=&quot;_blank&quot; rel=&quot;nofollow noopener&quot;&gt;http://ec2-174-129-184-35.compute-1.amazonaws.com/jenkins/job/PreCommit-HIVE-Build/534/testReport&lt;/a&gt;&lt;br/&gt;
Console output: &lt;a href=&quot;http://ec2-174-129-184-35.compute-1.amazonaws.com/jenkins/job/PreCommit-HIVE-Build/534/console&quot; class=&quot;external-link&quot; target=&quot;_blank&quot; rel=&quot;nofollow noopener&quot;&gt;http://ec2-174-129-184-35.compute-1.amazonaws.com/jenkins/job/PreCommit-HIVE-Build/534/console&lt;/a&gt;&lt;br/&gt;
Test logs: &lt;a href=&quot;http://ec2-174-129-184-35.compute-1.amazonaws.com/logs/PreCommit-HIVE-Build-534/&quot; class=&quot;external-link&quot; target=&quot;_blank&quot; rel=&quot;nofollow noopener&quot;&gt;http://ec2-174-129-184-35.compute-1.amazonaws.com/logs/PreCommit-HIVE-Build-534/&lt;/a&gt;&lt;/p&gt;

&lt;p&gt;Messages:&lt;/p&gt;
&lt;div class=&quot;preformatted panel&quot; style=&quot;border-width: 1px;&quot;&gt;&lt;div class=&quot;preformattedContent panelContent&quot;&gt;
&lt;pre&gt;Executing org.apache.hive.ptest.execution.PrepPhase
Executing org.apache.hive.ptest.execution.ExecutionPhase
Executing org.apache.hive.ptest.execution.ReportingPhase
Tests exited with: TestsFailedException: 13 tests failed
&lt;/pre&gt;
&lt;/div&gt;&lt;/div&gt;

&lt;p&gt;This message is automatically generated.&lt;/p&gt;

&lt;p&gt;ATTACHMENT ID: 12651427&lt;/p&gt;</comment>
                            <comment id="14040347" author="hagleitn" created="Mon, 23 Jun 2014 02:11:41 +0000"  >&lt;p&gt;fixing test results in .10&lt;/p&gt;</comment>
                            <comment id="14040356" author="hagleitn" created="Mon, 23 Jun 2014 02:45:39 +0000"  >&lt;p&gt;Also - checked some build/test times in the precommit q. seems like the cli portion of the tests went from 25 hrs to more like 8 hrs. Although run in parallel it seems to not hit that hard - something else the critical path?&lt;/p&gt;</comment>
                            <comment id="14040357" author="hagleitn" created="Mon, 23 Jun 2014 02:48:45 +0000"  >&lt;p&gt;scratch that. wrong ticket.&lt;/p&gt;</comment>
                            <comment id="14040686" author="hiveqa" created="Mon, 23 Jun 2014 12:31:07 +0000"  >

&lt;p&gt;&lt;font color=&quot;red&quot;&gt;Overall&lt;/font&gt;: -1 at least one tests failed&lt;/p&gt;

&lt;p&gt;Here are the results of testing the latest attachment:&lt;br/&gt;
&lt;a href=&quot;https://issues.apache.org/jira/secure/attachment/12651930/HIVE-7159.11.patch&quot; class=&quot;external-link&quot; rel=&quot;nofollow&quot;&gt;https://issues.apache.org/jira/secure/attachment/12651930/HIVE-7159.11.patch&lt;/a&gt;&lt;/p&gt;

&lt;p&gt;&lt;font color=&quot;red&quot;&gt;ERROR:&lt;/font&gt; -1 due to 3 failed/errored test(s), 5654 tests executed&lt;br/&gt;
&lt;b&gt;Failed tests:&lt;/b&gt;&lt;/p&gt;
&lt;div class=&quot;preformatted panel&quot; style=&quot;border-width: 1px;&quot;&gt;&lt;div class=&quot;preformattedContent panelContent&quot;&gt;
&lt;pre&gt;org.apache.hadoop.hive.cli.TestMinimrCliDriver.testCliDriver_root_dir_external_table
org.apache.hadoop.hive.cli.TestNegativeCliDriver.testNegativeCliDriver_authorization_ctas
org.apache.hive.jdbc.miniHS2.TestHiveServer2.testConnection
&lt;/pre&gt;
&lt;/div&gt;&lt;/div&gt;

&lt;p&gt;Test results: &lt;a href=&quot;http://ec2-174-129-184-35.compute-1.amazonaws.com/jenkins/job/PreCommit-HIVE-Build/559/testReport&quot; class=&quot;external-link&quot; target=&quot;_blank&quot; rel=&quot;nofollow noopener&quot;&gt;http://ec2-174-129-184-35.compute-1.amazonaws.com/jenkins/job/PreCommit-HIVE-Build/559/testReport&lt;/a&gt;&lt;br/&gt;
Console output: &lt;a href=&quot;http://ec2-174-129-184-35.compute-1.amazonaws.com/jenkins/job/PreCommit-HIVE-Build/559/console&quot; class=&quot;external-link&quot; target=&quot;_blank&quot; rel=&quot;nofollow noopener&quot;&gt;http://ec2-174-129-184-35.compute-1.amazonaws.com/jenkins/job/PreCommit-HIVE-Build/559/console&lt;/a&gt;&lt;br/&gt;
Test logs: &lt;a href=&quot;http://ec2-174-129-184-35.compute-1.amazonaws.com/logs/PreCommit-HIVE-Build-559/&quot; class=&quot;external-link&quot; target=&quot;_blank&quot; rel=&quot;nofollow noopener&quot;&gt;http://ec2-174-129-184-35.compute-1.amazonaws.com/logs/PreCommit-HIVE-Build-559/&lt;/a&gt;&lt;/p&gt;

&lt;p&gt;Messages:&lt;/p&gt;
&lt;div class=&quot;preformatted panel&quot; style=&quot;border-width: 1px;&quot;&gt;&lt;div class=&quot;preformattedContent panelContent&quot;&gt;
&lt;pre&gt;Executing org.apache.hive.ptest.execution.PrepPhase
Executing org.apache.hive.ptest.execution.ExecutionPhase
Executing org.apache.hive.ptest.execution.ReportingPhase
Tests exited with: TestsFailedException: 3 tests failed
&lt;/pre&gt;
&lt;/div&gt;&lt;/div&gt;

&lt;p&gt;This message is automatically generated.&lt;/p&gt;

&lt;p&gt;ATTACHMENT ID: 12651930&lt;/p&gt;</comment>
                            <comment id="14041282" author="hagleitn" created="Mon, 23 Jun 2014 20:44:07 +0000"  >&lt;p&gt;Remaining failures are unrelated.&lt;/p&gt;</comment>
                            <comment id="14041317" author="hagleitn" created="Mon, 23 Jun 2014 21:09:13 +0000"  >&lt;p&gt;Committed to trunk. Thanks &lt;a href=&quot;https://issues.apache.org/jira/secure/ViewProfile.jspa?name=rhbutani&quot; class=&quot;user-hover&quot; rel=&quot;rhbutani&quot;&gt;rhbutani&lt;/a&gt;!&lt;/p&gt;</comment>
                            <comment id="14042454" author="hagleitn" created="Tue, 24 Jun 2014 18:03:14 +0000"  >&lt;p&gt;sample8 is failing on trunk because it doens&apos;t have the updated golden file. must have missed that during checkin.&lt;/p&gt;</comment>
                            <comment id="14045388" author="navis" created="Fri, 27 Jun 2014 00:41:08 +0000"  >&lt;p&gt;Reviewing this, I found some predicates are removed(replaced?) from plan. For example in auto_join29.q, it was like this&lt;/p&gt;
&lt;div class=&quot;preformatted panel&quot; style=&quot;border-width: 1px;&quot;&gt;&lt;div class=&quot;preformattedContent panelContent&quot;&gt;
&lt;pre&gt;predicate: ((key &amp;gt; 10) and (key &amp;lt; 10)) (type: boolean)
&lt;/pre&gt;
&lt;/div&gt;&lt;/div&gt;
&lt;p&gt;But now it became,&lt;/p&gt;
&lt;div class=&quot;preformatted panel&quot; style=&quot;border-width: 1px;&quot;&gt;&lt;div class=&quot;preformattedContent panelContent&quot;&gt;
&lt;pre&gt;predicate: ((key &amp;lt; 10) and key is not null) (type: boolean)
&lt;/pre&gt;
&lt;/div&gt;&lt;/div&gt;
&lt;p&gt;Similar things can be found in auto_join12.q,auto_join14.q,auto_join16.q,auto_join27.q,tez/filter_join_breaktask.q, etc. And auto_join_without_localtask.q is changed a lot in plan. &lt;/p&gt;

&lt;p&gt;I&apos;m not sure it&apos;s intended or not. &lt;a href=&quot;https://issues.apache.org/jira/secure/ViewProfile.jspa?name=rhbutani&quot; class=&quot;user-hover&quot; rel=&quot;rhbutani&quot;&gt;rhbutani&lt;/a&gt;, Could you check this? &lt;/p&gt;</comment>
                            <comment id="14045411" author="rhbutani" created="Fri, 27 Jun 2014 01:19:22 +0000"  >&lt;p&gt;Yes &lt;a href=&quot;https://issues.apache.org/jira/secure/ViewProfile.jspa?name=navis&quot; class=&quot;user-hover&quot; rel=&quot;navis&quot;&gt;navis&lt;/a&gt; you are right. Good catch. Sorry missed this, the diff was huge, this one unfortunately slipped through.&lt;br/&gt;
The reason for the regression is that PredicateTransitivePropagate looks at the FilterOperator below the ReduceSink. &lt;br/&gt;
SemanticAnalyzer::genNotNullFilterForJoinSourcePlan was stacking another FilterOp for the not null check, so only that predicate was being applied transitively by PredicateTransitivePropagate. The fix is to add the following in SemanticAly line 2465&lt;/p&gt;
&lt;div class=&quot;code panel&quot; style=&quot;border-width: 1px;&quot;&gt;&lt;div class=&quot;codeContent panelContent&quot;&gt;
&lt;pre class=&quot;code-java&quot;&gt;    &lt;span class=&quot;code-keyword&quot;&gt;if&lt;/span&gt; ( input &lt;span class=&quot;code-keyword&quot;&gt;instanceof&lt;/span&gt; FilterOperator ) {
      FilterOperator f = (FilterOperator) input;
      List&amp;lt;ExprNodeDesc&amp;gt; preds = &lt;span class=&quot;code-keyword&quot;&gt;new&lt;/span&gt; ArrayList&amp;lt;ExprNodeDesc&amp;gt;();
      preds.add(f.getConf().getPredicate());
      preds.add(filterPred);
      f.getConf().setPredicate(ExprNodeDescUtils.mergePredicates(preds));
      
      &lt;span class=&quot;code-keyword&quot;&gt;return&lt;/span&gt; input;
    }
&lt;/pre&gt;
&lt;/div&gt;&lt;/div&gt;

&lt;p&gt;Tested auto_join29.q with this change, predicate now contains &apos;key &amp;gt; 10&apos;&lt;/p&gt;

&lt;p&gt;Will file a jira and upload a patch tomorrow.&lt;/p&gt;</comment>
                            <comment id="14210534" author="thejas" created="Thu, 13 Nov 2014 19:41:18 +0000"  >&lt;p&gt;This has been fixed in 0.14 release. Please open new jira if you see any issues.&lt;/p&gt;</comment>
                    </comments>
                <issuelinks>
                            <issuelinktype id="12310051">
                    <name>Supercedes</name>
                                            <outwardlinks description="supercedes">
                                        <issuelink>
            <issuekey id="12717603">HIVE-7151</issuekey>
        </issuelink>
                            </outwardlinks>
                                                        </issuelinktype>
                    </issuelinks>
                <attachments>
                            <attachment id="12647779" name="HIVE-7159.1.patch" size="2661" author="rhbutani" created="Sat, 31 May 2014 17:41:42 +0000"/>
                            <attachment id="12651912" name="HIVE-7159.10.patch" size="3557667" author="hagleitn" created="Mon, 23 Jun 2014 02:11:41 +0000"/>
                            <attachment id="12651930" name="HIVE-7159.11.patch" size="3557667" author="hagleitn" created="Mon, 23 Jun 2014 04:39:17 +0000"/>
                            <attachment id="12649624" name="HIVE-7159.2.patch" size="2684" author="hagleitn" created="Tue, 10 Jun 2014 17:26:11 +0000"/>
                            <attachment id="12650256" name="HIVE-7159.3.patch" size="2553268" author="hagleitn" created="Fri, 13 Jun 2014 09:06:00 +0000"/>
                            <attachment id="12650258" name="HIVE-7159.4.patch" size="2524957" author="hagleitn" created="Fri, 13 Jun 2014 09:29:26 +0000"/>
                            <attachment id="12650480" name="HIVE-7159.5.patch" size="2924751" author="hagleitn" created="Sun, 15 Jun 2014 12:06:53 +0000"/>
                            <attachment id="12650539" name="HIVE-7159.6.patch" size="3235736" author="hagleitn" created="Mon, 16 Jun 2014 10:07:38 +0000"/>
                            <attachment id="12650890" name="HIVE-7159.7.patch" size="3242418" author="rhbutani" created="Tue, 17 Jun 2014 21:40:30 +0000"/>
                            <attachment id="12650919" name="HIVE-7159.8.patch" size="3505572" author="rhbutani" created="Tue, 17 Jun 2014 23:21:50 +0000"/>
                            <attachment id="12651427" name="HIVE-7159.9.patch" size="3502871" author="rhbutani" created="Thu, 19 Jun 2014 15:29:38 +0000"/>
                            <attachment id="12652238" name="HIVE-7159.addendum.patch" size="7093" author="hagleitn" created="Tue, 24 Jun 2014 18:03:14 +0000"/>
                    </attachments>
                <subtasks>
                    </subtasks>
                <customfields>
                                                                            <customfield id="customfield_12310310" key="com.atlassian.jira.toolkit:attachments">
                        <customfieldname>Attachment count</customfieldname>
                        <customfieldvalues>
                            <customfieldvalue>12.0</customfieldvalue>
                        </customfieldvalues>
                    </customfield>
                                                                                                                                                                                                                                                                                                                                                                                                                                                                                                                                                                                                                                                                                                        <customfield id="customfield_12314020" key="com.atlassian.jira.plugins.jira-development-integration-plugin:devsummary">
                        <customfieldname>Development</customfieldname>
                        <customfieldvalues>
                            
                        </customfieldvalues>
                    </customfield>
                                                                                                                        <customfield id="customfield_12313422" key="com.atlassian.jirafisheyeplugin:jobcheckbox">
                        <customfieldname>Enable Automatic Patch Review</customfieldname>
                        <customfieldvalues>
                            <customfieldvalue><![CDATA[false]]></customfieldvalue>

                        </customfieldvalues>
                    </customfield>
                                                                                                                                                                                                                                                                                                                                                                                                                                                                                                                                                                                                                                                <customfield id="customfield_12310420" key="com.pyxis.greenhopper.jira:gh-global-rank">
                        <customfieldname>Global Rank</customfieldname>
                        <customfieldvalues>
                            <customfieldvalue>395944</customfieldvalue>
                        </customfieldvalues>
                    </customfield>
                                                                                                                                                                                                                                                                    <customfield id="customfield_12312521" key="com.atlassian.jira.toolkit:LastCommentDate">
                        <customfieldname>Last public comment date</customfieldname>
                        <customfieldvalues>
                            11 years, 1 week, 5 days ago
                        </customfieldvalues>
                    </customfield>
                                                                                                                                                                                                                                                                                                <customfield id="customfield_12311820" key="com.pyxis.greenhopper.jira:gh-lexo-rank">
                        <customfieldname>Rank</customfieldname>
                        <customfieldvalues>
                            <customfieldvalue>0|i1w63z:</customfieldvalue>

                        </customfieldvalues>
                    </customfield>
                                                                <customfield id="customfield_12310920" key="com.pyxis.greenhopper.jira:gh-global-rank">
                        <customfieldname>Rank (Obsolete)</customfieldname>
                        <customfieldvalues>
                            <customfieldvalue>396070</customfieldvalue>
                        </customfieldvalues>
                    </customfield>
                                                                                                                                                                                                                                                                                                                                                                                                                                                                                                                                                                                                                                                                                                                                                                                                                                                                                </customfields>
    </item>
</channel>
</rss>