<!-- 
RSS generated by JIRA (8.20.10#820010-sha1:ace47f9899e9ee25d7157d59aa17ab06aee30d3d) at Wed Nov 12 18:21:18 UTC 2025

It is possible to restrict the fields that are returned in this document by specifying the 'field' parameter in your request.
For example, to request only the issue key and summary append 'field=key&field=summary' to the URL of your request.
-->
<rss version="0.92" >
<channel>
    <title>ASF Jira</title>
    <link>https://issues.apache.org/jira</link>
    <description>This file is an XML representation of an issue</description>
    <language>en-uk</language>    <build-info>
        <version>8.20.10</version>
        <build-number>820010</build-number>
        <build-date>22-06-2022</build-date>
    </build-info>


<item>
            <title>[HIVE-7429] Set replication for archive called before file exists</title>
                <link>https://issues.apache.org/jira/browse/HIVE-7429</link>
                <project id="12310843" key="HIVE">Hive</project>
                    <description>&lt;p&gt;The call to set replication is called prior to uploading the archive file to hdfs, which does not throw an error, but the replication never gets set.&lt;/p&gt;

&lt;p&gt;This has a significant impact on large jobs (especially hash joins) due to too many tasks hitting the data nodes.&lt;/p&gt;
</description>
                <environment></environment>
        <key id="12727765">HIVE-7429</key>
            <summary>Set replication for archive called before file exists</summary>
                <type id="1" iconUrl="https://issues.apache.org/jira/secure/viewavatar?size=xsmall&amp;avatarId=21133&amp;avatarType=issuetype">Bug</type>
                                            <priority id="2" iconUrl="https://issues.apache.org/jira/images/icons/priorities/critical.svg">Critical</priority>
                        <status id="6" iconUrl="https://issues.apache.org/jira/images/icons/statuses/closed.png" description="The issue is considered finished, the resolution is correct. Issues which are not closed can be reopened.">Closed</status>
                    <statusCategory id="3" key="done" colorName="green"/>
                                    <resolution id="1">Fixed</resolution>
                                        <assignee username="dweeks-netflix">Daniel Weeks</assignee>
                                    <reporter username="dweeks-netflix">Daniel Weeks</reporter>
                        <labels>
                    </labels>
                <created>Wed, 16 Jul 2014 20:05:10 +0000</created>
                <updated>Thu, 13 Nov 2014 19:43:10 +0000</updated>
                            <resolved>Thu, 17 Jul 2014 01:02:28 +0000</resolved>
                                    <version>0.11.0</version>
                    <version>0.12.0</version>
                    <version>0.13.0</version>
                    <version>0.13.1</version>
                                    <fixVersion>0.14.0</fixVersion>
                                        <due></due>
                            <votes>0</votes>
                                    <watches>4</watches>
                                                                                                                <comments>
                            <comment id="14064007" author="dweeks-netflix" created="Wed, 16 Jul 2014 20:07:08 +0000"  >&lt;p&gt;Attached patch fixes the problem.  &lt;/p&gt;</comment>
                            <comment id="14064009" author="dweeks-netflix" created="Wed, 16 Jul 2014 20:08:07 +0000"  >&lt;p&gt;Fixes replication of archive file on hdfs.&lt;/p&gt;</comment>
                            <comment id="14064124" author="hiveqa" created="Wed, 16 Jul 2014 21:24:53 +0000"  >

&lt;p&gt;&lt;font color=&quot;red&quot;&gt;Overall&lt;/font&gt;: -1 no tests executed&lt;/p&gt;

&lt;p&gt;Here are the results of testing the latest attachment:&lt;br/&gt;
&lt;a href=&quot;https://issues.apache.org/jira/secure/attachment/12656121/HIVE-7429.1.patch&quot; class=&quot;external-link&quot; rel=&quot;nofollow&quot;&gt;https://issues.apache.org/jira/secure/attachment/12656121/HIVE-7429.1.patch&lt;/a&gt;&lt;/p&gt;

&lt;p&gt;Test results: &lt;a href=&quot;http://ec2-174-129-184-35.compute-1.amazonaws.com/jenkins/job/PreCommit-HIVE-Build/815/testReport&quot; class=&quot;external-link&quot; target=&quot;_blank&quot; rel=&quot;nofollow noopener&quot;&gt;http://ec2-174-129-184-35.compute-1.amazonaws.com/jenkins/job/PreCommit-HIVE-Build/815/testReport&lt;/a&gt;&lt;br/&gt;
Console output: &lt;a href=&quot;http://ec2-174-129-184-35.compute-1.amazonaws.com/jenkins/job/PreCommit-HIVE-Build/815/console&quot; class=&quot;external-link&quot; target=&quot;_blank&quot; rel=&quot;nofollow noopener&quot;&gt;http://ec2-174-129-184-35.compute-1.amazonaws.com/jenkins/job/PreCommit-HIVE-Build/815/console&lt;/a&gt;&lt;br/&gt;
Test logs: &lt;a href=&quot;http://ec2-174-129-184-35.compute-1.amazonaws.com/logs/PreCommit-HIVE-Build-815/&quot; class=&quot;external-link&quot; target=&quot;_blank&quot; rel=&quot;nofollow noopener&quot;&gt;http://ec2-174-129-184-35.compute-1.amazonaws.com/logs/PreCommit-HIVE-Build-815/&lt;/a&gt;&lt;/p&gt;

&lt;p&gt;Messages:&lt;/p&gt;
&lt;div class=&quot;preformatted panel&quot; style=&quot;border-width: 1px;&quot;&gt;&lt;div class=&quot;preformattedContent panelContent&quot;&gt;
&lt;pre&gt;**** This message was trimmed, see log for full details ****
[INFO] Copying 3 resources
[INFO] 
[INFO] --- maven-antrun-plugin:1.7:run (define-classpath) @ hive-shims-0.23 ---
[INFO] Executing tasks

main:
[INFO] Executed tasks
[INFO] 
[INFO] --- maven-compiler-plugin:3.1:compile (default-compile) @ hive-shims-0.23 ---
[INFO] Compiling 4 source files to /data/hive-ptest/working/apache-svn-trunk-source/shims/0.23/target/classes
[WARNING] /data/hive-ptest/working/apache-svn-trunk-source/shims/0.23/src/main/java/org/apache/hadoop/hive/shims/Hadoop23Shims.java: /data/hive-ptest/working/apache-svn-trunk-source/shims/0.23/src/main/java/org/apache/hadoop/hive/shims/Hadoop23Shims.java uses or overrides a deprecated API.
[WARNING] /data/hive-ptest/working/apache-svn-trunk-source/shims/0.23/src/main/java/org/apache/hadoop/hive/shims/Hadoop23Shims.java: Recompile with -Xlint:deprecation for details.
[INFO] 
[INFO] --- maven-resources-plugin:2.6:testResources (default-testResources) @ hive-shims-0.23 ---
[INFO] Using &apos;UTF-8&apos; encoding to copy filtered resources.
[INFO] skip non existing resourceDirectory /data/hive-ptest/working/apache-svn-trunk-source/shims/0.23/src/test/resources
[INFO] Copying 3 resources
[INFO] 
[INFO] --- maven-antrun-plugin:1.7:run (setup-test-dirs) @ hive-shims-0.23 ---
[INFO] Executing tasks

main:
    [mkdir] Created dir: /data/hive-ptest/working/apache-svn-trunk-source/shims/0.23/target/tmp
    [mkdir] Created dir: /data/hive-ptest/working/apache-svn-trunk-source/shims/0.23/target/warehouse
    [mkdir] Created dir: /data/hive-ptest/working/apache-svn-trunk-source/shims/0.23/target/tmp/conf
     [copy] Copying 5 files to /data/hive-ptest/working/apache-svn-trunk-source/shims/0.23/target/tmp/conf
[INFO] Executed tasks
[INFO] 
[INFO] --- maven-compiler-plugin:3.1:testCompile (default-testCompile) @ hive-shims-0.23 ---
[INFO] No sources to compile
[INFO] 
[INFO] --- maven-surefire-plugin:2.16:test (default-test) @ hive-shims-0.23 ---
[INFO] Tests are skipped.
[INFO] 
[INFO] --- maven-jar-plugin:2.2:jar (default-jar) @ hive-shims-0.23 ---
[INFO] Building jar: /data/hive-ptest/working/apache-svn-trunk-source/shims/0.23/target/hive-shims-0.23-0.14.0-SNAPSHOT.jar
[INFO] 
[INFO] --- maven-site-plugin:3.3:attach-descriptor (attach-descriptor) @ hive-shims-0.23 ---
[INFO] 
[INFO] --- maven-install-plugin:2.4:install (default-install) @ hive-shims-0.23 ---
[INFO] Installing /data/hive-ptest/working/apache-svn-trunk-source/shims/0.23/target/hive-shims-0.23-0.14.0-SNAPSHOT.jar to /data/hive-ptest/working/maven/org/apache/hive/shims/hive-shims-0.23/0.14.0-SNAPSHOT/hive-shims-0.23-0.14.0-SNAPSHOT.jar
[INFO] Installing /data/hive-ptest/working/apache-svn-trunk-source/shims/0.23/pom.xml to /data/hive-ptest/working/maven/org/apache/hive/shims/hive-shims-0.23/0.14.0-SNAPSHOT/hive-shims-0.23-0.14.0-SNAPSHOT.pom
[INFO]                                                                         
[INFO] ------------------------------------------------------------------------
[INFO] Building Hive Shims 0.14.0-SNAPSHOT
[INFO] ------------------------------------------------------------------------
[INFO] 
[INFO] --- maven-clean-plugin:2.5:clean (default-clean) @ hive-shims ---
[INFO] Deleting /data/hive-ptest/working/apache-svn-trunk-source/shims/aggregator (includes = [datanucleus.log, derby.log], excludes = [])
[INFO] 
[INFO] --- maven-remote-resources-plugin:1.5:process (default) @ hive-shims ---
[INFO] 
[INFO] --- maven-resources-plugin:2.6:resources (default-resources) @ hive-shims ---
[INFO] Using &apos;UTF-8&apos; encoding to copy filtered resources.
[INFO] skip non existing resourceDirectory /data/hive-ptest/working/apache-svn-trunk-source/shims/aggregator/src/main/resources
[INFO] Copying 3 resources
[INFO] 
[INFO] --- maven-antrun-plugin:1.7:run (define-classpath) @ hive-shims ---
[INFO] Executing tasks

main:
[INFO] Executed tasks
[INFO] 
[INFO] --- maven-compiler-plugin:3.1:compile (default-compile) @ hive-shims ---
[INFO] No sources to compile
[INFO] 
[INFO] --- maven-resources-plugin:2.6:testResources (default-testResources) @ hive-shims ---
[INFO] Using &apos;UTF-8&apos; encoding to copy filtered resources.
[INFO] skip non existing resourceDirectory /data/hive-ptest/working/apache-svn-trunk-source/shims/aggregator/src/test/resources
[INFO] Copying 3 resources
[INFO] 
[INFO] --- maven-antrun-plugin:1.7:run (setup-test-dirs) @ hive-shims ---
[INFO] Executing tasks

main:
    [mkdir] Created dir: /data/hive-ptest/working/apache-svn-trunk-source/shims/aggregator/target/tmp
    [mkdir] Created dir: /data/hive-ptest/working/apache-svn-trunk-source/shims/aggregator/target/warehouse
    [mkdir] Created dir: /data/hive-ptest/working/apache-svn-trunk-source/shims/aggregator/target/tmp/conf
     [copy] Copying 5 files to /data/hive-ptest/working/apache-svn-trunk-source/shims/aggregator/target/tmp/conf
[INFO] Executed tasks
[INFO] 
[INFO] --- maven-compiler-plugin:3.1:testCompile (default-testCompile) @ hive-shims ---
[INFO] No sources to compile
[INFO] 
[INFO] --- maven-surefire-plugin:2.16:test (default-test) @ hive-shims ---
[INFO] Tests are skipped.
[INFO] 
[INFO] --- maven-jar-plugin:2.2:jar (default-jar) @ hive-shims ---
[INFO] Building jar: /data/hive-ptest/working/apache-svn-trunk-source/shims/aggregator/target/hive-shims-0.14.0-SNAPSHOT.jar
[INFO] 
[INFO] --- maven-site-plugin:3.3:attach-descriptor (attach-descriptor) @ hive-shims ---
[INFO] 
[INFO] --- maven-install-plugin:2.4:install (default-install) @ hive-shims ---
[INFO] Installing /data/hive-ptest/working/apache-svn-trunk-source/shims/aggregator/target/hive-shims-0.14.0-SNAPSHOT.jar to /data/hive-ptest/working/maven/org/apache/hive/hive-shims/0.14.0-SNAPSHOT/hive-shims-0.14.0-SNAPSHOT.jar
[INFO] Installing /data/hive-ptest/working/apache-svn-trunk-source/shims/aggregator/pom.xml to /data/hive-ptest/working/maven/org/apache/hive/hive-shims/0.14.0-SNAPSHOT/hive-shims-0.14.0-SNAPSHOT.pom
[INFO]                                                                         
[INFO] ------------------------------------------------------------------------
[INFO] Building Hive Common 0.14.0-SNAPSHOT
[INFO] ------------------------------------------------------------------------
[INFO] 
[INFO] --- maven-clean-plugin:2.5:clean (default-clean) @ hive-common ---
[INFO] Deleting /data/hive-ptest/working/apache-svn-trunk-source/common (includes = [datanucleus.log, derby.log], excludes = [])
[INFO] 
[INFO] --- maven-antrun-plugin:1.7:run (generate-version-annotation) @ hive-common ---
[INFO] Executing tasks

main:
[INFO] Executed tasks
[INFO] 
[INFO] --- build-helper-maven-plugin:1.8:add-source (add-source) @ hive-common ---
[INFO] Source directory: /data/hive-ptest/working/apache-svn-trunk-source/common/src/gen added.
[INFO] 
[INFO] --- maven-remote-resources-plugin:1.5:process (default) @ hive-common ---
[INFO] 
[INFO] --- maven-resources-plugin:2.6:resources (default-resources) @ hive-common ---
[INFO] Using &apos;UTF-8&apos; encoding to copy filtered resources.
[INFO] Copying 1 resource
[INFO] Copying 3 resources
[INFO] 
[INFO] --- maven-antrun-plugin:1.7:run (define-classpath) @ hive-common ---
[INFO] Executing tasks

main:
[INFO] Executed tasks
[INFO] 
[INFO] --- maven-compiler-plugin:3.1:compile (default-compile) @ hive-common ---
[INFO] Compiling 48 source files to /data/hive-ptest/working/apache-svn-trunk-source/common/target/classes
[INFO] -------------------------------------------------------------
[WARNING] COMPILATION WARNING : 
[INFO] -------------------------------------------------------------
[WARNING] /data/hive-ptest/working/apache-svn-trunk-source/common/src/java/org/apache/hadoop/hive/common/FileUtils.java: /data/hive-ptest/working/apache-svn-trunk-source/common/src/java/org/apache/hadoop/hive/common/FileUtils.java uses or overrides a deprecated API.
[WARNING] /data/hive-ptest/working/apache-svn-trunk-source/common/src/java/org/apache/hadoop/hive/common/FileUtils.java: Recompile with -Xlint:deprecation for details.
[WARNING] /data/hive-ptest/working/apache-svn-trunk-source/common/src/java/org/apache/hadoop/hive/common/ObjectPair.java: /data/hive-ptest/working/apache-svn-trunk-source/common/src/java/org/apache/hadoop/hive/common/ObjectPair.java uses unchecked or unsafe operations.
[WARNING] /data/hive-ptest/working/apache-svn-trunk-source/common/src/java/org/apache/hadoop/hive/common/ObjectPair.java: Recompile with -Xlint:unchecked for details.
[INFO] 4 warnings 
[INFO] -------------------------------------------------------------
[INFO] -------------------------------------------------------------
[ERROR] COMPILATION ERROR : 
[INFO] -------------------------------------------------------------
[ERROR] /data/hive-ptest/working/apache-svn-trunk-source/common/src/java/org/apache/hadoop/hive/conf/HiveConf.java:[2068,8] cannot find symbol
  symbol:   variable HiveConfUtil
  location: class org.apache.hadoop.hive.conf.HiveConf
[INFO] 1 error
[INFO] -------------------------------------------------------------
[INFO] ------------------------------------------------------------------------
[INFO] Reactor Summary:
[INFO] 
[INFO] Hive .............................................. SUCCESS [10.306s]
[INFO] Hive Ant Utilities ................................ SUCCESS [5.449s]
[INFO] Hive Shims Common ................................. SUCCESS [4.085s]
[INFO] Hive Shims 0.20 ................................... SUCCESS [2.837s]
[INFO] Hive Shims Secure Common .......................... SUCCESS [3.956s]
[INFO] Hive Shims 0.20S .................................. SUCCESS [2.577s]
[INFO] Hive Shims 0.23 ................................... SUCCESS [6.434s]
[INFO] Hive Shims ........................................ SUCCESS [0.686s]
[INFO] Hive Common ....................................... FAILURE [4.974s]
[INFO] Hive Serde ........................................ SKIPPED
[INFO] Hive Metastore .................................... SKIPPED
[INFO] Hive Query Language ............................... SKIPPED
[INFO] Hive Service ...................................... SKIPPED
[INFO] Hive JDBC ......................................... SKIPPED
[INFO] Hive Beeline ...................................... SKIPPED
[INFO] Hive CLI .......................................... SKIPPED
[INFO] Hive Contrib ...................................... SKIPPED
[INFO] Hive HBase Handler ................................ SKIPPED
[INFO] Hive HCatalog ..................................... SKIPPED
[INFO] Hive HCatalog Core ................................ SKIPPED
[INFO] Hive HCatalog Pig Adapter ......................... SKIPPED
[INFO] Hive HCatalog Server Extensions ................... SKIPPED
[INFO] Hive HCatalog Webhcat Java Client ................. SKIPPED
[INFO] Hive HCatalog Webhcat ............................. SKIPPED
[INFO] Hive HCatalog Streaming ........................... SKIPPED
[INFO] Hive HWI .......................................... SKIPPED
[INFO] Hive ODBC ......................................... SKIPPED
[INFO] Hive Shims Aggregator ............................. SKIPPED
[INFO] Hive TestUtils .................................... SKIPPED
[INFO] Hive Packaging .................................... SKIPPED
[INFO] ------------------------------------------------------------------------
[INFO] BUILD FAILURE
[INFO] ------------------------------------------------------------------------
[INFO] Total time: 44.134s
[INFO] Finished at: Wed Jul 16 17:24:49 EDT 2014
[INFO] Final Memory: 43M/116M
[INFO] ------------------------------------------------------------------------
[ERROR] Failed to execute goal org.apache.maven.plugins:maven-compiler-plugin:3.1:compile (default-compile) on project hive-common: Compilation failure
[ERROR] /data/hive-ptest/working/apache-svn-trunk-source/common/src/java/org/apache/hadoop/hive/conf/HiveConf.java:[2068,8] cannot find symbol
[ERROR] symbol:   variable HiveConfUtil
[ERROR] location: class org.apache.hadoop.hive.conf.HiveConf
[ERROR] -&amp;gt; [Help 1]
[ERROR] 
[ERROR] To see the full stack trace of the errors, re-run Maven with the -e switch.
[ERROR] Re-run Maven using the -X switch to enable full debug logging.
[ERROR] 
[ERROR] For more information about the errors and possible solutions, please read the following articles:
[ERROR] [Help 1] http://cwiki.apache.org/confluence/display/MAVEN/MojoFailureException
[ERROR] 
[ERROR] After correcting the problems, you can resume the build with the command
[ERROR]   mvn &amp;lt;goals&amp;gt; -rf :hive-common
+ exit 1
&apos;
&lt;/pre&gt;
&lt;/div&gt;&lt;/div&gt;

&lt;p&gt;This message is automatically generated.&lt;/p&gt;

&lt;p&gt;ATTACHMENT ID: 12656121&lt;/p&gt;</comment>
                            <comment id="14064132" author="dweeks-netflix" created="Wed, 16 Jul 2014 21:31:57 +0000"  >&lt;p&gt;Failure isn&apos;t related to my patch.&lt;/p&gt;</comment>
                            <comment id="14064135" author="thejas" created="Wed, 16 Jul 2014 21:33:06 +0000"  >&lt;p&gt;Regarding the build error - I missed adding some files to svn as part of my first commit for &lt;a href=&quot;https://issues.apache.org/jira/browse/HIVE-7342&quot; title=&quot;support hiveserver2,metastore specific config files&quot; class=&quot;issue-link&quot; data-issue-key=&quot;HIVE-7342&quot;&gt;&lt;del&gt;HIVE-7342&lt;/del&gt;&lt;/a&gt;, added them now.&lt;/p&gt;</comment>
                            <comment id="14064137" author="thejas" created="Wed, 16 Jul 2014 21:33:59 +0000"  >&lt;p&gt;I have started another pre-commit build for this one. Sorry for the trouble!&lt;/p&gt;</comment>
                            <comment id="14064145" author="xuefuz" created="Wed, 16 Jul 2014 21:35:33 +0000"  >&lt;p&gt;+1 pending on tests.&lt;/p&gt;</comment>
                            <comment id="14064148" author="thejas" created="Wed, 16 Jul 2014 21:37:23 +0000"  >&lt;p&gt;Attaching file again for precommit tests.&lt;/p&gt;</comment>
                            <comment id="14064272" author="hiveqa" created="Wed, 16 Jul 2014 22:40:20 +0000"  >

&lt;p&gt;&lt;font color=&quot;red&quot;&gt;Overall&lt;/font&gt;: -1 at least one tests failed&lt;/p&gt;

&lt;p&gt;Here are the results of testing the latest attachment:&lt;br/&gt;
&lt;a href=&quot;https://issues.apache.org/jira/secure/attachment/12656142/HIVE-7429.1.patch&quot; class=&quot;external-link&quot; rel=&quot;nofollow&quot;&gt;https://issues.apache.org/jira/secure/attachment/12656142/HIVE-7429.1.patch&lt;/a&gt;&lt;/p&gt;

&lt;p&gt;&lt;font color=&quot;red&quot;&gt;ERROR:&lt;/font&gt; -1 due to 3 failed/errored test(s), 5737 tests executed&lt;br/&gt;
&lt;b&gt;Failed tests:&lt;/b&gt;&lt;/p&gt;
&lt;div class=&quot;preformatted panel&quot; style=&quot;border-width: 1px;&quot;&gt;&lt;div class=&quot;preformattedContent panelContent&quot;&gt;
&lt;pre&gt;org.apache.hadoop.hive.cli.TestMiniTezCliDriver.testCliDriver_temp_table
org.apache.hadoop.hive.cli.TestMinimrCliDriver.testCliDriver_ql_rewrite_gbtoidx
org.apache.hive.hcatalog.pig.TestHCatLoader.testReadDataPrimitiveTypes
&lt;/pre&gt;
&lt;/div&gt;&lt;/div&gt;

&lt;p&gt;Test results: &lt;a href=&quot;http://ec2-174-129-184-35.compute-1.amazonaws.com/jenkins/job/PreCommit-HIVE-Build/818/testReport&quot; class=&quot;external-link&quot; target=&quot;_blank&quot; rel=&quot;nofollow noopener&quot;&gt;http://ec2-174-129-184-35.compute-1.amazonaws.com/jenkins/job/PreCommit-HIVE-Build/818/testReport&lt;/a&gt;&lt;br/&gt;
Console output: &lt;a href=&quot;http://ec2-174-129-184-35.compute-1.amazonaws.com/jenkins/job/PreCommit-HIVE-Build/818/console&quot; class=&quot;external-link&quot; target=&quot;_blank&quot; rel=&quot;nofollow noopener&quot;&gt;http://ec2-174-129-184-35.compute-1.amazonaws.com/jenkins/job/PreCommit-HIVE-Build/818/console&lt;/a&gt;&lt;br/&gt;
Test logs: &lt;a href=&quot;http://ec2-174-129-184-35.compute-1.amazonaws.com/logs/PreCommit-HIVE-Build-818/&quot; class=&quot;external-link&quot; target=&quot;_blank&quot; rel=&quot;nofollow noopener&quot;&gt;http://ec2-174-129-184-35.compute-1.amazonaws.com/logs/PreCommit-HIVE-Build-818/&lt;/a&gt;&lt;/p&gt;

&lt;p&gt;Messages:&lt;/p&gt;
&lt;div class=&quot;preformatted panel&quot; style=&quot;border-width: 1px;&quot;&gt;&lt;div class=&quot;preformattedContent panelContent&quot;&gt;
&lt;pre&gt;Executing org.apache.hive.ptest.execution.PrepPhase
Executing org.apache.hive.ptest.execution.ExecutionPhase
Executing org.apache.hive.ptest.execution.ReportingPhase
Tests exited with: TestsFailedException: 3 tests failed
&lt;/pre&gt;
&lt;/div&gt;&lt;/div&gt;

&lt;p&gt;This message is automatically generated.&lt;/p&gt;

&lt;p&gt;ATTACHMENT ID: 12656142&lt;/p&gt;</comment>
                            <comment id="14064276" author="dweeks-netflix" created="Wed, 16 Jul 2014 22:44:48 +0000"  >&lt;p&gt;This failure also doesn&apos;t look like it was caused by this patch.&lt;/p&gt;</comment>
                            <comment id="14064444" author="navis" created="Thu, 17 Jul 2014 01:02:28 +0000"  >&lt;p&gt;Committed to trunk. Thanks Daniel.&lt;/p&gt;</comment>
                            <comment id="14210907" author="thejas" created="Thu, 13 Nov 2014 19:43:10 +0000"  >&lt;p&gt;This has been fixed in 0.14 release. Please open new jira if you see any issues.&lt;/p&gt;</comment>
                    </comments>
                    <attachments>
                            <attachment id="12656142" name="HIVE-7429.1.patch" size="896" author="thejas" created="Wed, 16 Jul 2014 21:37:23 +0000"/>
                            <attachment id="12656121" name="HIVE-7429.1.patch" size="896" author="dweeks-netflix" created="Wed, 16 Jul 2014 20:08:07 +0000"/>
                    </attachments>
                <subtasks>
                    </subtasks>
                <customfields>
                                                                            <customfield id="customfield_12310310" key="com.atlassian.jira.toolkit:attachments">
                        <customfieldname>Attachment count</customfieldname>
                        <customfieldvalues>
                            <customfieldvalue>2.0</customfieldvalue>
                        </customfieldvalues>
                    </customfield>
                                                                                                                                                                                                                                                                                                                                                                                                                                                                                                                                                                                                                                                                                                        <customfield id="customfield_12314020" key="com.atlassian.jira.plugins.jira-development-integration-plugin:devsummary">
                        <customfieldname>Development</customfieldname>
                        <customfieldvalues>
                            
                        </customfieldvalues>
                    </customfield>
                                                                                                                        <customfield id="customfield_12313422" key="com.atlassian.jirafisheyeplugin:jobcheckbox">
                        <customfieldname>Enable Automatic Patch Review</customfieldname>
                        <customfieldvalues>
                            <customfieldvalue><![CDATA[false]]></customfieldvalue>

                        </customfieldvalues>
                    </customfield>
                                                                                                                                                                                                                                                                                                                                                                                                                                                                                                                                                                                                                                                <customfield id="customfield_12310420" key="com.pyxis.greenhopper.jira:gh-global-rank">
                        <customfieldname>Global Rank</customfieldname>
                        <customfieldvalues>
                            <customfieldvalue>405870</customfieldvalue>
                        </customfieldvalues>
                    </customfield>
                                                                                                                                                                                                                                                                    <customfield id="customfield_12312521" key="com.atlassian.jira.toolkit:LastCommentDate">
                        <customfieldname>Last public comment date</customfieldname>
                        <customfieldvalues>
                            11 years, 1 week, 5 days ago
                        </customfieldvalues>
                    </customfield>
                                                                                                                                                                                                                                                                                                <customfield id="customfield_12311820" key="com.pyxis.greenhopper.jira:gh-lexo-rank">
                        <customfieldname>Rank</customfieldname>
                        <customfieldvalues>
                            <customfieldvalue>0|i1xufr:</customfieldvalue>

                        </customfieldvalues>
                    </customfield>
                                                                <customfield id="customfield_12310920" key="com.pyxis.greenhopper.jira:gh-global-rank">
                        <customfieldname>Rank (Obsolete)</customfieldname>
                        <customfieldvalues>
                            <customfieldvalue>405890</customfieldvalue>
                        </customfieldvalues>
                    </customfield>
                                                                                                                                                                                                                                                                                                                                                                                                                                                                                                                                                                                                                                                                                                                                                                                                                                                                                </customfields>
    </item>
</channel>
</rss>