<!-- 
RSS generated by JIRA (8.20.10#820010-sha1:ace47f9899e9ee25d7157d59aa17ab06aee30d3d) at Wed Nov 12 18:21:26 UTC 2025

It is possible to restrict the fields that are returned in this document by specifying the 'field' parameter in your request.
For example, to request only the issue key and summary append 'field=key&field=summary' to the URL of your request.
-->
<rss version="0.92" >
<channel>
    <title>ASF Jira</title>
    <link>https://issues.apache.org/jira</link>
    <description>This file is an XML representation of an issue</description>
    <language>en-uk</language>    <build-info>
        <version>8.20.10</version>
        <build-number>820010</build-number>
        <build-date>22-06-2022</build-date>
    </build-info>


<item>
            <title>[HIVE-7385] Optimize for empty relation scans</title>
                <link>https://issues.apache.org/jira/browse/HIVE-7385</link>
                <project id="12310843" key="HIVE">Hive</project>
                    <description></description>
                <environment></environment>
        <key id="12726710">HIVE-7385</key>
            <summary>Optimize for empty relation scans</summary>
                <type id="1" iconUrl="https://issues.apache.org/jira/secure/viewavatar?size=xsmall&amp;avatarId=21133&amp;avatarType=issuetype">Bug</type>
                                            <priority id="3" iconUrl="https://issues.apache.org/jira/images/icons/priorities/major.svg">Major</priority>
                        <status id="6" iconUrl="https://issues.apache.org/jira/images/icons/statuses/closed.png" description="The issue is considered finished, the resolution is correct. Issues which are not closed can be reopened.">Closed</status>
                    <statusCategory id="3" key="done" colorName="green"/>
                                    <resolution id="1">Fixed</resolution>
                                        <assignee username="ashutoshc">Ashutosh Chauhan</assignee>
                                    <reporter username="ashutoshc">Ashutosh Chauhan</reporter>
                        <labels>
                    </labels>
                <created>Thu, 10 Jul 2014 23:23:41 +0000</created>
                <updated>Thu, 13 Nov 2014 19:41:35 +0000</updated>
                            <resolved>Sat, 19 Jul 2014 17:18:25 +0000</resolved>
                                                    <fixVersion>0.14.0</fixVersion>
                                    <component>Query Processor</component>
                        <due></due>
                            <votes>0</votes>
                                    <watches>5</watches>
                                                                                                                <comments>
                            <comment id="14058111" author="ashutoshc" created="Thu, 10 Jul 2014 23:26:39 +0000"  >&lt;p&gt;&lt;a href=&quot;https://reviews.apache.org/r/23404/&quot; class=&quot;external-link&quot; target=&quot;_blank&quot; rel=&quot;nofollow noopener&quot;&gt;https://reviews.apache.org/r/23404/&lt;/a&gt;&lt;/p&gt;</comment>
                            <comment id="14058329" author="hiveqa" created="Fri, 11 Jul 2014 04:01:42 +0000"  >

&lt;p&gt;&lt;font color=&quot;red&quot;&gt;Overall&lt;/font&gt;: -1 at least one tests failed&lt;/p&gt;

&lt;p&gt;Here are the results of testing the latest attachment:&lt;br/&gt;
&lt;a href=&quot;https://issues.apache.org/jira/secure/attachment/12655110/HIVE-7385.patch&quot; class=&quot;external-link&quot; rel=&quot;nofollow&quot;&gt;https://issues.apache.org/jira/secure/attachment/12655110/HIVE-7385.patch&lt;/a&gt;&lt;/p&gt;

&lt;p&gt;&lt;font color=&quot;red&quot;&gt;ERROR:&lt;/font&gt; -1 due to 2 failed/errored test(s), 5719 tests executed&lt;br/&gt;
&lt;b&gt;Failed tests:&lt;/b&gt;&lt;/p&gt;
&lt;div class=&quot;preformatted panel&quot; style=&quot;border-width: 1px;&quot;&gt;&lt;div class=&quot;preformattedContent panelContent&quot;&gt;
&lt;pre&gt;org.apache.hadoop.hive.cli.TestMiniTezCliDriver.testCliDriver_dynpart_sort_optimization
org.apache.hive.jdbc.miniHS2.TestHiveServer2.testConnection
&lt;/pre&gt;
&lt;/div&gt;&lt;/div&gt;

&lt;p&gt;Test results: &lt;a href=&quot;http://ec2-174-129-184-35.compute-1.amazonaws.com/jenkins/job/PreCommit-HIVE-Build/741/testReport&quot; class=&quot;external-link&quot; target=&quot;_blank&quot; rel=&quot;nofollow noopener&quot;&gt;http://ec2-174-129-184-35.compute-1.amazonaws.com/jenkins/job/PreCommit-HIVE-Build/741/testReport&lt;/a&gt;&lt;br/&gt;
Console output: &lt;a href=&quot;http://ec2-174-129-184-35.compute-1.amazonaws.com/jenkins/job/PreCommit-HIVE-Build/741/console&quot; class=&quot;external-link&quot; target=&quot;_blank&quot; rel=&quot;nofollow noopener&quot;&gt;http://ec2-174-129-184-35.compute-1.amazonaws.com/jenkins/job/PreCommit-HIVE-Build/741/console&lt;/a&gt;&lt;br/&gt;
Test logs: &lt;a href=&quot;http://ec2-174-129-184-35.compute-1.amazonaws.com/logs/PreCommit-HIVE-Build-741/&quot; class=&quot;external-link&quot; target=&quot;_blank&quot; rel=&quot;nofollow noopener&quot;&gt;http://ec2-174-129-184-35.compute-1.amazonaws.com/logs/PreCommit-HIVE-Build-741/&lt;/a&gt;&lt;/p&gt;

&lt;p&gt;Messages:&lt;/p&gt;
&lt;div class=&quot;preformatted panel&quot; style=&quot;border-width: 1px;&quot;&gt;&lt;div class=&quot;preformattedContent panelContent&quot;&gt;
&lt;pre&gt;Executing org.apache.hive.ptest.execution.PrepPhase
Executing org.apache.hive.ptest.execution.ExecutionPhase
Executing org.apache.hive.ptest.execution.ReportingPhase
Tests exited with: TestsFailedException: 2 tests failed
&lt;/pre&gt;
&lt;/div&gt;&lt;/div&gt;

&lt;p&gt;This message is automatically generated.&lt;/p&gt;

&lt;p&gt;ATTACHMENT ID: 12655110&lt;/p&gt;</comment>
                            <comment id="14062504" author="hagleitn" created="Tue, 15 Jul 2014 19:05:14 +0000"  >&lt;p&gt;comments on rb&lt;/p&gt;</comment>
                            <comment id="14066880" author="ashutoshc" created="Fri, 18 Jul 2014 21:10:31 +0000"  >&lt;p&gt;Incorporated Gunther&apos;s suggestions. Also, includes optimization for limit 0 in subquery.&lt;/p&gt;</comment>
                            <comment id="14066923" author="hiveqa" created="Fri, 18 Jul 2014 21:41:53 +0000"  >

&lt;p&gt;&lt;font color=&quot;red&quot;&gt;Overall&lt;/font&gt;: -1 no tests executed&lt;/p&gt;

&lt;p&gt;Here are the results of testing the latest attachment:&lt;br/&gt;
&lt;a href=&quot;https://issues.apache.org/jira/secure/attachment/12656573/HIVE-7385.1.patch&quot; class=&quot;external-link&quot; rel=&quot;nofollow&quot;&gt;https://issues.apache.org/jira/secure/attachment/12656573/HIVE-7385.1.patch&lt;/a&gt;&lt;/p&gt;

&lt;p&gt;Test results: &lt;a href=&quot;http://ec2-174-129-184-35.compute-1.amazonaws.com/jenkins/job/PreCommit-HIVE-Build/857/testReport&quot; class=&quot;external-link&quot; target=&quot;_blank&quot; rel=&quot;nofollow noopener&quot;&gt;http://ec2-174-129-184-35.compute-1.amazonaws.com/jenkins/job/PreCommit-HIVE-Build/857/testReport&lt;/a&gt;&lt;br/&gt;
Console output: &lt;a href=&quot;http://ec2-174-129-184-35.compute-1.amazonaws.com/jenkins/job/PreCommit-HIVE-Build/857/console&quot; class=&quot;external-link&quot; target=&quot;_blank&quot; rel=&quot;nofollow noopener&quot;&gt;http://ec2-174-129-184-35.compute-1.amazonaws.com/jenkins/job/PreCommit-HIVE-Build/857/console&lt;/a&gt;&lt;br/&gt;
Test logs: &lt;a href=&quot;http://ec2-174-129-184-35.compute-1.amazonaws.com/logs/PreCommit-HIVE-Build-857/&quot; class=&quot;external-link&quot; target=&quot;_blank&quot; rel=&quot;nofollow noopener&quot;&gt;http://ec2-174-129-184-35.compute-1.amazonaws.com/logs/PreCommit-HIVE-Build-857/&lt;/a&gt;&lt;/p&gt;

&lt;p&gt;Messages:&lt;/p&gt;
&lt;div class=&quot;preformatted panel&quot; style=&quot;border-width: 1px;&quot;&gt;&lt;div class=&quot;preformattedContent panelContent&quot;&gt;
&lt;pre&gt;**** This message was trimmed, see log for full details ****
     [copy] Copying 7 files to /data/hive-ptest/working/apache-svn-trunk-source/itests/target/tmp/conf
[INFO] Executed tasks
[INFO] 
[INFO] --- maven-site-plugin:3.3:attach-descriptor (attach-descriptor) @ hive-it ---
[INFO] 
[INFO] --- maven-install-plugin:2.4:install (default-install) @ hive-it ---
[INFO] Installing /data/hive-ptest/working/apache-svn-trunk-source/itests/pom.xml to /data/hive-ptest/working/maven/org/apache/hive/hive-it/0.14.0-SNAPSHOT/hive-it-0.14.0-SNAPSHOT.pom
[INFO]                                                                         
[INFO] ------------------------------------------------------------------------
[INFO] Building Hive Integration - Custom Serde 0.14.0-SNAPSHOT
[INFO] ------------------------------------------------------------------------
[INFO] 
[INFO] --- maven-clean-plugin:2.5:clean (default-clean) @ hive-it-custom-serde ---
[INFO] Deleting /data/hive-ptest/working/apache-svn-trunk-source/itests/custom-serde (includes = [datanucleus.log, derby.log], excludes = [])
[INFO] 
[INFO] --- maven-remote-resources-plugin:1.5:process (default) @ hive-it-custom-serde ---
[INFO] 
[INFO] --- maven-resources-plugin:2.6:resources (default-resources) @ hive-it-custom-serde ---
[INFO] Using &apos;UTF-8&apos; encoding to copy filtered resources.
[INFO] Copying 1 resource
[INFO] Copying 3 resources
[INFO] 
[INFO] --- maven-antrun-plugin:1.7:run (define-classpath) @ hive-it-custom-serde ---
[INFO] Executing tasks

main:
[INFO] Executed tasks
[INFO] 
[INFO] --- maven-compiler-plugin:3.1:compile (default-compile) @ hive-it-custom-serde ---
[INFO] Compiling 10 source files to /data/hive-ptest/working/apache-svn-trunk-source/itests/custom-serde/target/classes
[WARNING] /data/hive-ptest/working/apache-svn-trunk-source/itests/custom-serde/src/main/java/org/apache/hadoop/hive/serde2/CustomSerDe2.java: Some input files use or override a deprecated API.
[WARNING] /data/hive-ptest/working/apache-svn-trunk-source/itests/custom-serde/src/main/java/org/apache/hadoop/hive/serde2/CustomSerDe2.java: Recompile with -Xlint:deprecation for details.
[INFO] 
[INFO] --- maven-resources-plugin:2.6:testResources (default-testResources) @ hive-it-custom-serde ---
[INFO] Using &apos;UTF-8&apos; encoding to copy filtered resources.
[INFO] skip non existing resourceDirectory /data/hive-ptest/working/apache-svn-trunk-source/itests/custom-serde/src/test/resources
[INFO] Copying 3 resources
[INFO] 
[INFO] --- maven-antrun-plugin:1.7:run (setup-test-dirs) @ hive-it-custom-serde ---
[INFO] Executing tasks

main:
    [mkdir] Created dir: /data/hive-ptest/working/apache-svn-trunk-source/itests/custom-serde/target/tmp
    [mkdir] Created dir: /data/hive-ptest/working/apache-svn-trunk-source/itests/custom-serde/target/warehouse
    [mkdir] Created dir: /data/hive-ptest/working/apache-svn-trunk-source/itests/custom-serde/target/tmp/conf
     [copy] Copying 7 files to /data/hive-ptest/working/apache-svn-trunk-source/itests/custom-serde/target/tmp/conf
[INFO] Executed tasks
[INFO] 
[INFO] --- maven-compiler-plugin:3.1:testCompile (default-testCompile) @ hive-it-custom-serde ---
[INFO] No sources to compile
[INFO] 
[INFO] --- maven-surefire-plugin:2.16:test (default-test) @ hive-it-custom-serde ---
[INFO] Tests are skipped.
[INFO] 
[INFO] --- maven-jar-plugin:2.2:jar (default-jar) @ hive-it-custom-serde ---
[INFO] Building jar: /data/hive-ptest/working/apache-svn-trunk-source/itests/custom-serde/target/hive-it-custom-serde-0.14.0-SNAPSHOT.jar
[INFO] 
[INFO] --- maven-site-plugin:3.3:attach-descriptor (attach-descriptor) @ hive-it-custom-serde ---
[INFO] 
[INFO] --- maven-install-plugin:2.4:install (default-install) @ hive-it-custom-serde ---
[INFO] Installing /data/hive-ptest/working/apache-svn-trunk-source/itests/custom-serde/target/hive-it-custom-serde-0.14.0-SNAPSHOT.jar to /data/hive-ptest/working/maven/org/apache/hive/hive-it-custom-serde/0.14.0-SNAPSHOT/hive-it-custom-serde-0.14.0-SNAPSHOT.jar
[INFO] Installing /data/hive-ptest/working/apache-svn-trunk-source/itests/custom-serde/pom.xml to /data/hive-ptest/working/maven/org/apache/hive/hive-it-custom-serde/0.14.0-SNAPSHOT/hive-it-custom-serde-0.14.0-SNAPSHOT.pom
[INFO]                                                                         
[INFO] ------------------------------------------------------------------------
[INFO] Building Hive Integration - HCatalog Unit Tests 0.14.0-SNAPSHOT
[INFO] ------------------------------------------------------------------------
[INFO] 
[INFO] --- maven-clean-plugin:2.5:clean (default-clean) @ hive-hcatalog-it-unit ---
[INFO] Deleting /data/hive-ptest/working/apache-svn-trunk-source/itests/hcatalog-unit (includes = [datanucleus.log, derby.log], excludes = [])
[INFO] 
[INFO] --- maven-remote-resources-plugin:1.5:process (default) @ hive-hcatalog-it-unit ---
[INFO] 
[INFO] --- maven-resources-plugin:2.6:resources (default-resources) @ hive-hcatalog-it-unit ---
[INFO] Using &apos;UTF-8&apos; encoding to copy filtered resources.
[INFO] skip non existing resourceDirectory /data/hive-ptest/working/apache-svn-trunk-source/itests/hcatalog-unit/src/main/resources
[INFO] Copying 3 resources
[INFO] 
[INFO] --- maven-antrun-plugin:1.7:run (define-classpath) @ hive-hcatalog-it-unit ---
[INFO] Executing tasks

main:
[INFO] Executed tasks
[INFO] 
[INFO] --- maven-compiler-plugin:3.1:compile (default-compile) @ hive-hcatalog-it-unit ---
[INFO] No sources to compile
[INFO] 
[INFO] --- maven-resources-plugin:2.6:testResources (default-testResources) @ hive-hcatalog-it-unit ---
[INFO] Using &apos;UTF-8&apos; encoding to copy filtered resources.
[INFO] skip non existing resourceDirectory /data/hive-ptest/working/apache-svn-trunk-source/itests/hcatalog-unit/src/test/resources
[INFO] Copying 3 resources
[INFO] 
[INFO] --- maven-antrun-plugin:1.7:run (setup-test-dirs) @ hive-hcatalog-it-unit ---
[INFO] Executing tasks

main:
    [mkdir] Created dir: /data/hive-ptest/working/apache-svn-trunk-source/itests/hcatalog-unit/target/tmp
    [mkdir] Created dir: /data/hive-ptest/working/apache-svn-trunk-source/itests/hcatalog-unit/target/warehouse
    [mkdir] Created dir: /data/hive-ptest/working/apache-svn-trunk-source/itests/hcatalog-unit/target/tmp/conf
     [copy] Copying 7 files to /data/hive-ptest/working/apache-svn-trunk-source/itests/hcatalog-unit/target/tmp/conf
[INFO] Executed tasks
[INFO] 
[INFO] --- maven-compiler-plugin:3.1:testCompile (default-testCompile) @ hive-hcatalog-it-unit ---
[INFO] Compiling 6 source files to /data/hive-ptest/working/apache-svn-trunk-source/itests/hcatalog-unit/target/test-classes
[WARNING] /data/hive-ptest/working/apache-svn-trunk-source/itests/hcatalog-unit/src/test/java/org/apache/hive/hcatalog/hbase/ManyMiniCluster.java: Some input files use or override a deprecated API.
[WARNING] /data/hive-ptest/working/apache-svn-trunk-source/itests/hcatalog-unit/src/test/java/org/apache/hive/hcatalog/hbase/ManyMiniCluster.java: Recompile with -Xlint:deprecation for details.
[INFO] 
[INFO] --- maven-surefire-plugin:2.16:test (default-test) @ hive-hcatalog-it-unit ---
[INFO] Tests are skipped.
[INFO] 
[INFO] --- maven-jar-plugin:2.2:jar (default-jar) @ hive-hcatalog-it-unit ---
[INFO] Building jar: /data/hive-ptest/working/apache-svn-trunk-source/itests/hcatalog-unit/target/hive-hcatalog-it-unit-0.14.0-SNAPSHOT.jar
[INFO] 
[INFO] --- maven-site-plugin:3.3:attach-descriptor (attach-descriptor) @ hive-hcatalog-it-unit ---
[INFO] 
[INFO] --- maven-jar-plugin:2.2:test-jar (default) @ hive-hcatalog-it-unit ---
[INFO] Building jar: /data/hive-ptest/working/apache-svn-trunk-source/itests/hcatalog-unit/target/hive-hcatalog-it-unit-0.14.0-SNAPSHOT-tests.jar
[INFO] 
[INFO] --- maven-install-plugin:2.4:install (default-install) @ hive-hcatalog-it-unit ---
[INFO] Installing /data/hive-ptest/working/apache-svn-trunk-source/itests/hcatalog-unit/target/hive-hcatalog-it-unit-0.14.0-SNAPSHOT.jar to /data/hive-ptest/working/maven/org/apache/hive/hive-hcatalog-it-unit/0.14.0-SNAPSHOT/hive-hcatalog-it-unit-0.14.0-SNAPSHOT.jar
[INFO] Installing /data/hive-ptest/working/apache-svn-trunk-source/itests/hcatalog-unit/pom.xml to /data/hive-ptest/working/maven/org/apache/hive/hive-hcatalog-it-unit/0.14.0-SNAPSHOT/hive-hcatalog-it-unit-0.14.0-SNAPSHOT.pom
[INFO] Installing /data/hive-ptest/working/apache-svn-trunk-source/itests/hcatalog-unit/target/hive-hcatalog-it-unit-0.14.0-SNAPSHOT-tests.jar to /data/hive-ptest/working/maven/org/apache/hive/hive-hcatalog-it-unit/0.14.0-SNAPSHOT/hive-hcatalog-it-unit-0.14.0-SNAPSHOT-tests.jar
[INFO]                                                                         
[INFO] ------------------------------------------------------------------------
[INFO] Building Hive Integration - Testing Utilities 0.14.0-SNAPSHOT
[INFO] ------------------------------------------------------------------------
[INFO] 
[INFO] --- maven-clean-plugin:2.5:clean (default-clean) @ hive-it-util ---
[INFO] Deleting /data/hive-ptest/working/apache-svn-trunk-source/itests/util (includes = [datanucleus.log, derby.log], excludes = [])
[INFO] 
[INFO] --- maven-remote-resources-plugin:1.5:process (default) @ hive-it-util ---
[INFO] 
[INFO] --- maven-resources-plugin:2.6:resources (default-resources) @ hive-it-util ---
[INFO] Using &apos;UTF-8&apos; encoding to copy filtered resources.
[INFO] skip non existing resourceDirectory /data/hive-ptest/working/apache-svn-trunk-source/itests/util/src/main/resources
[INFO] Copying 3 resources
[INFO] 
[INFO] --- maven-antrun-plugin:1.7:run (define-classpath) @ hive-it-util ---
[INFO] Executing tasks

main:
[INFO] Executed tasks
[INFO] 
[INFO] --- maven-compiler-plugin:3.1:compile (default-compile) @ hive-it-util ---
[INFO] Compiling 47 source files to /data/hive-ptest/working/apache-svn-trunk-source/itests/util/target/classes
[INFO] -------------------------------------------------------------
[WARNING] COMPILATION WARNING : 
[INFO] -------------------------------------------------------------
[WARNING] /data/hive-ptest/working/apache-svn-trunk-source/itests/util/src/main/java/org/apache/hadoop/hive/ql/QTestUtil.java: Some input files use or override a deprecated API.
[WARNING] /data/hive-ptest/working/apache-svn-trunk-source/itests/util/src/main/java/org/apache/hadoop/hive/ql/QTestUtil.java: Recompile with -Xlint:deprecation for details.
[INFO] 2 warnings 
[INFO] -------------------------------------------------------------
[INFO] -------------------------------------------------------------
[ERROR] COMPILATION ERROR : 
[INFO] -------------------------------------------------------------
[ERROR] /data/hive-ptest/working/apache-svn-trunk-source/itests/util/src/main/java/org/apache/hadoop/hive/ql/security/authorization/plugin/sqlstd/SQLStdHiveAuthorizationValidatorForTest.java:[54,12] no suitable method found for checkPrivileges(org.apache.hadoop.hive.ql.security.authorization.plugin.HiveOperationType,java.util.List&amp;lt;org.apache.hadoop.hive.ql.security.authorization.plugin.HivePrivilegeObject&amp;gt;,java.util.List&amp;lt;org.apache.hadoop.hive.ql.security.authorization.plugin.HivePrivilegeObject&amp;gt;)
    method org.apache.hadoop.hive.ql.security.authorization.plugin.sqlstd.SQLStdHiveAuthorizationValidator.checkPrivileges(org.apache.hadoop.hive.ql.security.authorization.plugin.HiveOperationType,java.util.List&amp;lt;org.apache.hadoop.hive.ql.security.authorization.plugin.HivePrivilegeObject&amp;gt;,org.apache.hadoop.hive.metastore.IMetaStoreClient,java.lang.String,org.apache.hadoop.hive.ql.security.authorization.plugin.sqlstd.Operation2Privilege.IOType) is not applicable
      (actual and formal argument lists differ in length)
    method org.apache.hadoop.hive.ql.security.authorization.plugin.sqlstd.SQLStdHiveAuthorizationValidator.checkPrivileges(org.apache.hadoop.hive.ql.security.authorization.plugin.HiveOperationType,java.util.List&amp;lt;org.apache.hadoop.hive.ql.security.authorization.plugin.HivePrivilegeObject&amp;gt;,java.util.List&amp;lt;org.apache.hadoop.hive.ql.security.authorization.plugin.HivePrivilegeObject&amp;gt;,org.apache.hadoop.hive.ql.security.authorization.plugin.HiveAuthzContext) is not applicable
      (actual and formal argument lists differ in length)
[ERROR] /data/hive-ptest/working/apache-svn-trunk-source/itests/util/src/main/java/org/apache/hadoop/hive/ql/security/authorization/plugin/sqlstd/SQLStdHiveAuthorizationValidatorForTest.java:[44,3] method does not override or implement a method from a supertype
[INFO] 2 errors 
[INFO] -------------------------------------------------------------
[INFO] ------------------------------------------------------------------------
[INFO] Reactor Summary:
[INFO] 
[INFO] Hive Integration - Parent ......................... SUCCESS [7.544s]
[INFO] Hive Integration - Custom Serde ................... SUCCESS [10.554s]
[INFO] Hive Integration - HCatalog Unit Tests ............ SUCCESS [16.633s]
[INFO] Hive Integration - Testing Utilities .............. FAILURE [11.832s]
[INFO] Hive Integration - Unit Tests ..................... SKIPPED
[INFO] Hive Integration - Test Serde ..................... SKIPPED
[INFO] Hive Integration - QFile Tests .................... SKIPPED
[INFO] Hive Integration - Unit Tests - Hadoop 2 .......... SKIPPED
[INFO] Hive Integration - Unit Tests with miniKdc ........ SKIPPED
[INFO] ------------------------------------------------------------------------
[INFO] BUILD FAILURE
[INFO] ------------------------------------------------------------------------
[INFO] Total time: 50.622s
[INFO] Finished at: Fri Jul 18 17:41:47 EDT 2014
[INFO] Final Memory: 45M/139M
[INFO] ------------------------------------------------------------------------
[ERROR] Failed to execute goal org.apache.maven.plugins:maven-compiler-plugin:3.1:compile (default-compile) on project hive-it-util: Compilation failure: Compilation failure:
[ERROR] /data/hive-ptest/working/apache-svn-trunk-source/itests/util/src/main/java/org/apache/hadoop/hive/ql/security/authorization/plugin/sqlstd/SQLStdHiveAuthorizationValidatorForTest.java:[54,12] no suitable method found for checkPrivileges(org.apache.hadoop.hive.ql.security.authorization.plugin.HiveOperationType,java.util.List&amp;lt;org.apache.hadoop.hive.ql.security.authorization.plugin.HivePrivilegeObject&amp;gt;,java.util.List&amp;lt;org.apache.hadoop.hive.ql.security.authorization.plugin.HivePrivilegeObject&amp;gt;)
[ERROR] method org.apache.hadoop.hive.ql.security.authorization.plugin.sqlstd.SQLStdHiveAuthorizationValidator.checkPrivileges(org.apache.hadoop.hive.ql.security.authorization.plugin.HiveOperationType,java.util.List&amp;lt;org.apache.hadoop.hive.ql.security.authorization.plugin.HivePrivilegeObject&amp;gt;,org.apache.hadoop.hive.metastore.IMetaStoreClient,java.lang.String,org.apache.hadoop.hive.ql.security.authorization.plugin.sqlstd.Operation2Privilege.IOType) is not applicable
[ERROR] (actual and formal argument lists differ in length)
[ERROR] method org.apache.hadoop.hive.ql.security.authorization.plugin.sqlstd.SQLStdHiveAuthorizationValidator.checkPrivileges(org.apache.hadoop.hive.ql.security.authorization.plugin.HiveOperationType,java.util.List&amp;lt;org.apache.hadoop.hive.ql.security.authorization.plugin.HivePrivilegeObject&amp;gt;,java.util.List&amp;lt;org.apache.hadoop.hive.ql.security.authorization.plugin.HivePrivilegeObject&amp;gt;,org.apache.hadoop.hive.ql.security.authorization.plugin.HiveAuthzContext) is not applicable
[ERROR] (actual and formal argument lists differ in length)
[ERROR] /data/hive-ptest/working/apache-svn-trunk-source/itests/util/src/main/java/org/apache/hadoop/hive/ql/security/authorization/plugin/sqlstd/SQLStdHiveAuthorizationValidatorForTest.java:[44,3] method does not override or implement a method from a supertype
[ERROR] -&amp;gt; [Help 1]
[ERROR] 
[ERROR] To see the full stack trace of the errors, re-run Maven with the -e switch.
[ERROR] Re-run Maven using the -X switch to enable full debug logging.
[ERROR] 
[ERROR] For more information about the errors and possible solutions, please read the following articles:
[ERROR] [Help 1] http://cwiki.apache.org/confluence/display/MAVEN/MojoFailureException
[ERROR] 
[ERROR] After correcting the problems, you can resume the build with the command
[ERROR]   mvn &amp;lt;goals&amp;gt; -rf :hive-it-util
+ exit 1
&apos;
&lt;/pre&gt;
&lt;/div&gt;&lt;/div&gt;

&lt;p&gt;This message is automatically generated.&lt;/p&gt;

&lt;p&gt;ATTACHMENT ID: 12656573&lt;/p&gt;</comment>
                            <comment id="14067308" author="hagleitn" created="Sat, 19 Jul 2014 00:56:51 +0000"  >&lt;p&gt;I like it. +1&lt;/p&gt;</comment>
                            <comment id="14067318" author="ashutoshc" created="Sat, 19 Jul 2014 01:09:21 +0000"  >&lt;p&gt;Same patch, trying to kick-off Hive QA run.&lt;/p&gt;</comment>
                            <comment id="14067469" author="hiveqa" created="Sat, 19 Jul 2014 10:28:12 +0000"  >

&lt;p&gt;&lt;font color=&quot;red&quot;&gt;Overall&lt;/font&gt;: -1 at least one tests failed&lt;/p&gt;

&lt;p&gt;Here are the results of testing the latest attachment:&lt;br/&gt;
&lt;a href=&quot;https://issues.apache.org/jira/secure/attachment/12656687/HIVE-7385.2.patch&quot; class=&quot;external-link&quot; rel=&quot;nofollow&quot;&gt;https://issues.apache.org/jira/secure/attachment/12656687/HIVE-7385.2.patch&lt;/a&gt;&lt;/p&gt;

&lt;p&gt;&lt;font color=&quot;red&quot;&gt;ERROR:&lt;/font&gt; -1 due to 4 failed/errored test(s), 5748 tests executed&lt;br/&gt;
&lt;b&gt;Failed tests:&lt;/b&gt;&lt;/p&gt;
&lt;div class=&quot;preformatted panel&quot; style=&quot;border-width: 1px;&quot;&gt;&lt;div class=&quot;preformattedContent panelContent&quot;&gt;
&lt;pre&gt;org.apache.hadoop.hive.cli.TestMinimrCliDriver.testCliDriver_ql_rewrite_gbtoidx
org.apache.hadoop.hive.cli.TestNegativeCliDriver.testNegativeCliDriver_authorization_fail_8
org.apache.hive.hcatalog.pig.TestOrcHCatLoader.testReadDataPrimitiveTypes
org.apache.hive.hcatalog.streaming.TestStreaming.testTransactionBatchCommit_Json
&lt;/pre&gt;
&lt;/div&gt;&lt;/div&gt;

&lt;p&gt;Test results: &lt;a href=&quot;http://ec2-174-129-184-35.compute-1.amazonaws.com/jenkins/job/PreCommit-HIVE-Build/862/testReport&quot; class=&quot;external-link&quot; target=&quot;_blank&quot; rel=&quot;nofollow noopener&quot;&gt;http://ec2-174-129-184-35.compute-1.amazonaws.com/jenkins/job/PreCommit-HIVE-Build/862/testReport&lt;/a&gt;&lt;br/&gt;
Console output: &lt;a href=&quot;http://ec2-174-129-184-35.compute-1.amazonaws.com/jenkins/job/PreCommit-HIVE-Build/862/console&quot; class=&quot;external-link&quot; target=&quot;_blank&quot; rel=&quot;nofollow noopener&quot;&gt;http://ec2-174-129-184-35.compute-1.amazonaws.com/jenkins/job/PreCommit-HIVE-Build/862/console&lt;/a&gt;&lt;br/&gt;
Test logs: &lt;a href=&quot;http://ec2-174-129-184-35.compute-1.amazonaws.com/logs/PreCommit-HIVE-Build-862/&quot; class=&quot;external-link&quot; target=&quot;_blank&quot; rel=&quot;nofollow noopener&quot;&gt;http://ec2-174-129-184-35.compute-1.amazonaws.com/logs/PreCommit-HIVE-Build-862/&lt;/a&gt;&lt;/p&gt;

&lt;p&gt;Messages:&lt;/p&gt;
&lt;div class=&quot;preformatted panel&quot; style=&quot;border-width: 1px;&quot;&gt;&lt;div class=&quot;preformattedContent panelContent&quot;&gt;
&lt;pre&gt;Executing org.apache.hive.ptest.execution.PrepPhase
Executing org.apache.hive.ptest.execution.ExecutionPhase
Executing org.apache.hive.ptest.execution.ReportingPhase
Tests exited with: TestsFailedException: 4 tests failed
&lt;/pre&gt;
&lt;/div&gt;&lt;/div&gt;

&lt;p&gt;This message is automatically generated.&lt;/p&gt;

&lt;p&gt;ATTACHMENT ID: 12656687&lt;/p&gt;</comment>
                            <comment id="14067596" author="ashutoshc" created="Sat, 19 Jul 2014 17:18:25 +0000"  >&lt;p&gt;Committed to trunk.&lt;/p&gt;</comment>
                            <comment id="14067675" author="lefty@hortonworks.com" created="Sat, 19 Jul 2014 20:52:40 +0000"  >&lt;p&gt;This adds configuration parameter &lt;b&gt;hive.optimize.null.scan&lt;/b&gt; with a default of true.  It needs to be documented in the wiki for 0.14.0.&lt;/p&gt;

&lt;ul&gt;
	&lt;li&gt;&lt;a href=&quot;https://cwiki.apache.org/confluence/display/Hive/Configuration+Properties&quot; class=&quot;external-link&quot; target=&quot;_blank&quot; rel=&quot;nofollow noopener&quot;&gt;Configuration Properties &lt;/a&gt;&lt;/li&gt;
&lt;/ul&gt;
</comment>
                            <comment id="14194837" author="ashutoshc" created="Mon, 3 Nov 2014 18:25:53 +0000"  >&lt;p&gt;Added description in wiki.&lt;/p&gt;</comment>
                            <comment id="14195252" author="lefty@hortonworks.com" created="Mon, 3 Nov 2014 22:36:15 +0000"  >&lt;p&gt;Nice doc, thanks Ashutosh.  Here&apos;s the link:&lt;/p&gt;

&lt;ul&gt;
	&lt;li&gt;&lt;a href=&quot;https://cwiki.apache.org/confluence/display/Hive/Configuration+Properties#ConfigurationProperties-hive.optimize.null.scan&quot; class=&quot;external-link&quot; target=&quot;_blank&quot; rel=&quot;nofollow noopener&quot;&gt;Configuration Properties &amp;#8211; hive.optimize.null.scan &lt;/a&gt;&lt;/li&gt;
&lt;/ul&gt;
</comment>
                            <comment id="14210590" author="thejas" created="Thu, 13 Nov 2014 19:41:35 +0000"  >&lt;p&gt;This has been fixed in 0.14 release. Please open new jira if you see any issues.&lt;/p&gt;</comment>
                    </comments>
                <issuelinks>
                            <issuelinktype id="10030">
                    <name>Reference</name>
                                                                <inwardlinks description="is related to">
                                        <issuelink>
            <issuekey id="12728463">HIVE-7456</issuekey>
        </issuelink>
                            </inwardlinks>
                                    </issuelinktype>
                            <issuelinktype id="12310051">
                    <name>Supercedes</name>
                                            <outwardlinks description="supercedes">
                                        <issuelink>
            <issuekey id="12554064">HIVE-3005</issuekey>
        </issuelink>
            <issuelink>
            <issuekey id="12554065">HIVE-3006</issuekey>
        </issuelink>
                            </outwardlinks>
                                                        </issuelinktype>
                    </issuelinks>
                <attachments>
                            <attachment id="12656573" name="HIVE-7385.1.patch" size="215050" author="ashutoshc" created="Fri, 18 Jul 2014 21:10:31 +0000"/>
                            <attachment id="12656687" name="HIVE-7385.2.patch" size="215050" author="ashutoshc" created="Sat, 19 Jul 2014 01:09:21 +0000"/>
                            <attachment id="12655110" name="HIVE-7385.patch" size="55221" author="ashutoshc" created="Thu, 10 Jul 2014 23:24:35 +0000"/>
                    </attachments>
                <subtasks>
                    </subtasks>
                <customfields>
                                                                            <customfield id="customfield_12310310" key="com.atlassian.jira.toolkit:attachments">
                        <customfieldname>Attachment count</customfieldname>
                        <customfieldvalues>
                            <customfieldvalue>3.0</customfieldvalue>
                        </customfieldvalues>
                    </customfield>
                                                                                                                                                                                                                                                                                                                                                                                                                                                                                                                                                                                                                                                                                                        <customfield id="customfield_12314020" key="com.atlassian.jira.plugins.jira-development-integration-plugin:devsummary">
                        <customfieldname>Development</customfieldname>
                        <customfieldvalues>
                            
                        </customfieldvalues>
                    </customfield>
                                                                                                                        <customfield id="customfield_12313422" key="com.atlassian.jirafisheyeplugin:jobcheckbox">
                        <customfieldname>Enable Automatic Patch Review</customfieldname>
                        <customfieldvalues>
                            <customfieldvalue><![CDATA[false]]></customfieldvalue>

                        </customfieldvalues>
                    </customfield>
                                                                                                                                                                                                                                                                                                                                                                                                                                                                                                                                                                                                                                                <customfield id="customfield_12310420" key="com.pyxis.greenhopper.jira:gh-global-rank">
                        <customfieldname>Global Rank</customfieldname>
                        <customfieldvalues>
                            <customfieldvalue>404817</customfieldvalue>
                        </customfieldvalues>
                    </customfield>
                                                                                                                                                                                                                                                                    <customfield id="customfield_12312521" key="com.atlassian.jira.toolkit:LastCommentDate">
                        <customfieldname>Last public comment date</customfieldname>
                        <customfieldvalues>
                            11 years, 1 week, 5 days ago
                        </customfieldvalues>
                    </customfield>
                                                                                                                                                                                                                                                                                                <customfield id="customfield_12311820" key="com.pyxis.greenhopper.jira:gh-lexo-rank">
                        <customfieldname>Rank</customfieldname>
                        <customfieldvalues>
                            <customfieldvalue>0|i1xo3z:</customfieldvalue>

                        </customfieldvalues>
                    </customfield>
                                                                <customfield id="customfield_12310920" key="com.pyxis.greenhopper.jira:gh-global-rank">
                        <customfieldname>Rank (Obsolete)</customfieldname>
                        <customfieldvalues>
                            <customfieldvalue>404855</customfieldvalue>
                        </customfieldvalues>
                    </customfield>
                                                                                            <customfield id="customfield_12310192" key="com.atlassian.jira.plugin.system.customfieldtypes:textarea">
                        <customfieldname>Release Note</customfieldname>
                        <customfieldvalues>
                            <customfieldvalue>Don&amp;#39;t scan relations which are guaranteed to not generate any rows.</customfieldvalue>

                        </customfieldvalues>
                    </customfield>
                                                                                                                                                                                                                                                                                                                                                                                                                                                                                                                                                                                                                                                                                                                                                                                                                        </customfields>
    </item>
</channel>
</rss>