<!-- 
RSS generated by JIRA (8.20.10#820010-sha1:ace47f9899e9ee25d7157d59aa17ab06aee30d3d) at Wed Nov 12 18:22:22 UTC 2025

It is possible to restrict the fields that are returned in this document by specifying the 'field' parameter in your request.
For example, to request only the issue key and summary append 'field=key&field=summary' to the URL of your request.
-->
<rss version="0.92" >
<channel>
    <title>ASF Jira</title>
    <link>https://issues.apache.org/jira</link>
    <description>This file is an XML representation of an issue</description>
    <language>en-uk</language>    <build-info>
        <version>8.20.10</version>
        <build-number>820010</build-number>
        <build-date>22-06-2022</build-date>
    </build-info>


<item>
            <title>[HIVE-6093] table creation should fail when user does not have permissions on db</title>
                <link>https://issues.apache.org/jira/browse/HIVE-6093</link>
                <project id="12310843" key="HIVE">Hive</project>
                    <description>&lt;p&gt;Its possible to create a table under a database where the user does not have write permission. It can be done by specifying a LOCATION where the user has write access (say /tmp/foo). This should be restricted.&lt;/p&gt;

&lt;p&gt;HdfsAuthorizationProvider (which typically runs on client) checks the database directory during table creation. But StorageBasedAuthorizationProvider does not.&lt;/p&gt;</description>
                <environment></environment>
        <key id="12685910">HIVE-6093</key>
            <summary>table creation should fail when user does not have permissions on db</summary>
                <type id="1" iconUrl="https://issues.apache.org/jira/secure/viewavatar?size=xsmall&amp;avatarId=21133&amp;avatarType=issuetype">Bug</type>
                                            <priority id="4" iconUrl="https://issues.apache.org/jira/images/icons/priorities/minor.svg">Minor</priority>
                        <status id="6" iconUrl="https://issues.apache.org/jira/images/icons/statuses/closed.png" description="The issue is considered finished, the resolution is correct. Issues which are not closed can be reopened.">Closed</status>
                    <statusCategory id="3" key="done" colorName="green"/>
                                    <resolution id="1">Fixed</resolution>
                                        <assignee username="thiruvel">Thiruvel Thirumoolan</assignee>
                                    <reporter username="thiruvel">Thiruvel Thirumoolan</reporter>
                        <labels>
                            <label>authorization</label>
                            <label>metastore</label>
                            <label>security</label>
                    </labels>
                <created>Fri, 20 Dec 2013 22:18:32 +0000</created>
                <updated>Thu, 13 Nov 2014 19:43:17 +0000</updated>
                            <resolved>Fri, 15 Aug 2014 23:50:37 +0000</resolved>
                                    <version>0.12.0</version>
                    <version>0.13.0</version>
                                    <fixVersion>0.14.0</fixVersion>
                                    <component>Authorization</component>
                    <component>HCatalog</component>
                    <component>Metastore</component>
                        <due></due>
                            <votes>0</votes>
                                    <watches>5</watches>
                                                                                                                <comments>
                            <comment id="13854621" author="thiruvel" created="Fri, 20 Dec 2013 22:20:10 +0000"  >&lt;p&gt;Attaching a first approach patch. This checks the permission of database directory even if a location was specified during table creation.&lt;/p&gt;</comment>
                            <comment id="14093932" author="thiruvel" created="Tue, 12 Aug 2014 10:05:11 +0000"  >&lt;p&gt;Updated patch for trunk and also added unit tests. Unit tests TestMetastoreAuthorizationProvider and TestStorageBasedMetastoreAuthorizationProvider passed. Running complete suite.&lt;/p&gt;</comment>
                            <comment id="14097401" author="thiruvel" created="Thu, 14 Aug 2014 19:13:38 +0000"  >&lt;p&gt;Review request @ &lt;a href=&quot;https://reviews.apache.org/r/24705/&quot; class=&quot;external-link&quot; target=&quot;_blank&quot; rel=&quot;nofollow noopener&quot;&gt;https://reviews.apache.org/r/24705/&lt;/a&gt;&lt;/p&gt;</comment>
                            <comment id="14098031" author="thejas" created="Fri, 15 Aug 2014 01:26:42 +0000"  >&lt;p&gt;+1&lt;/p&gt;</comment>
                            <comment id="14098033" author="thejas" created="Fri, 15 Aug 2014 01:28:17 +0000"  >&lt;p&gt;Attaching file in a format compatible with pre-commit test . (&lt;a href=&quot;https://cwiki.apache.org/confluence/display/Hive/Hive+PreCommit+Patch+Testing&quot; class=&quot;external-link&quot; target=&quot;_blank&quot; rel=&quot;nofollow noopener&quot;&gt;https://cwiki.apache.org/confluence/display/Hive/Hive+PreCommit+Patch+Testing&lt;/a&gt;)&lt;/p&gt;</comment>
                            <comment id="14098196" author="hiveqa" created="Fri, 15 Aug 2014 05:34:33 +0000"  >

&lt;p&gt;&lt;font color=&quot;red&quot;&gt;Overall&lt;/font&gt;: -1 no tests executed&lt;/p&gt;

&lt;p&gt;Here are the results of testing the latest attachment:&lt;br/&gt;
&lt;a href=&quot;https://issues.apache.org/jira/secure/attachment/12661968/HIVE-6093.1.patch&quot; class=&quot;external-link&quot; rel=&quot;nofollow&quot;&gt;https://issues.apache.org/jira/secure/attachment/12661968/HIVE-6093.1.patch&lt;/a&gt;&lt;/p&gt;

&lt;p&gt;Test results: &lt;a href=&quot;http://ec2-174-129-184-35.compute-1.amazonaws.com/jenkins/job/PreCommit-HIVE-TRUNK-Build/325/testReport&quot; class=&quot;external-link&quot; target=&quot;_blank&quot; rel=&quot;nofollow noopener&quot;&gt;http://ec2-174-129-184-35.compute-1.amazonaws.com/jenkins/job/PreCommit-HIVE-TRUNK-Build/325/testReport&lt;/a&gt;&lt;br/&gt;
Console output: &lt;a href=&quot;http://ec2-174-129-184-35.compute-1.amazonaws.com/jenkins/job/PreCommit-HIVE-TRUNK-Build/325/console&quot; class=&quot;external-link&quot; target=&quot;_blank&quot; rel=&quot;nofollow noopener&quot;&gt;http://ec2-174-129-184-35.compute-1.amazonaws.com/jenkins/job/PreCommit-HIVE-TRUNK-Build/325/console&lt;/a&gt;&lt;br/&gt;
Test logs: &lt;a href=&quot;http://ec2-174-129-184-35.compute-1.amazonaws.com/logs/PreCommit-HIVE-TRUNK-Build-325/&quot; class=&quot;external-link&quot; target=&quot;_blank&quot; rel=&quot;nofollow noopener&quot;&gt;http://ec2-174-129-184-35.compute-1.amazonaws.com/logs/PreCommit-HIVE-TRUNK-Build-325/&lt;/a&gt;&lt;/p&gt;

&lt;p&gt;Messages:&lt;/p&gt;
&lt;div class=&quot;preformatted panel&quot; style=&quot;border-width: 1px;&quot;&gt;&lt;div class=&quot;preformattedContent panelContent&quot;&gt;
&lt;pre&gt;Executing org.apache.hive.ptest.execution.PrepPhase
Executing org.apache.hive.ptest.execution.ExecutionPhase
Tests exited with: IllegalArgumentException: No propertifies found in file: mainProperties for property: spark.query.files
&lt;/pre&gt;
&lt;/div&gt;&lt;/div&gt;

&lt;p&gt;This message is automatically generated.&lt;/p&gt;

&lt;p&gt;ATTACHMENT ID: 12661968&lt;/p&gt;</comment>
                            <comment id="14099264" author="hiveqa" created="Fri, 15 Aug 2014 22:17:23 +0000"  >

&lt;p&gt;&lt;font color=&quot;red&quot;&gt;Overall&lt;/font&gt;: -1 no tests executed&lt;/p&gt;

&lt;p&gt;Here are the results of testing the latest attachment:&lt;br/&gt;
&lt;a href=&quot;https://issues.apache.org/jira/secure/attachment/12662171/HIVE-6093.1.patch&quot; class=&quot;external-link&quot; rel=&quot;nofollow&quot;&gt;https://issues.apache.org/jira/secure/attachment/12662171/HIVE-6093.1.patch&lt;/a&gt;&lt;/p&gt;

&lt;p&gt;Test results: &lt;a href=&quot;http://ec2-174-129-184-35.compute-1.amazonaws.com/jenkins/job/PreCommit-HIVE-TRUNK-Build/349/testReport&quot; class=&quot;external-link&quot; target=&quot;_blank&quot; rel=&quot;nofollow noopener&quot;&gt;http://ec2-174-129-184-35.compute-1.amazonaws.com/jenkins/job/PreCommit-HIVE-TRUNK-Build/349/testReport&lt;/a&gt;&lt;br/&gt;
Console output: &lt;a href=&quot;http://ec2-174-129-184-35.compute-1.amazonaws.com/jenkins/job/PreCommit-HIVE-TRUNK-Build/349/console&quot; class=&quot;external-link&quot; target=&quot;_blank&quot; rel=&quot;nofollow noopener&quot;&gt;http://ec2-174-129-184-35.compute-1.amazonaws.com/jenkins/job/PreCommit-HIVE-TRUNK-Build/349/console&lt;/a&gt;&lt;br/&gt;
Test logs: &lt;a href=&quot;http://ec2-174-129-184-35.compute-1.amazonaws.com/logs/PreCommit-HIVE-TRUNK-Build-349/&quot; class=&quot;external-link&quot; target=&quot;_blank&quot; rel=&quot;nofollow noopener&quot;&gt;http://ec2-174-129-184-35.compute-1.amazonaws.com/logs/PreCommit-HIVE-TRUNK-Build-349/&lt;/a&gt;&lt;/p&gt;

&lt;p&gt;Messages:&lt;/p&gt;
&lt;div class=&quot;preformatted panel&quot; style=&quot;border-width: 1px;&quot;&gt;&lt;div class=&quot;preformattedContent panelContent&quot;&gt;
&lt;pre&gt;**** This message was trimmed, see log for full details ****
warning(200): IdentifiersParser.g:179:5: 
Decision can match input such as &quot;KW_STRUCT&quot; using multiple alternatives: 4, 6

As a result, alternative(s) 6 were disabled for that input
warning(200): IdentifiersParser.g:179:5: 
Decision can match input such as &quot;KW_ARRAY&quot; using multiple alternatives: 2, 6

As a result, alternative(s) 6 were disabled for that input
warning(200): IdentifiersParser.g:179:5: 
Decision can match input such as &quot;KW_UNIONTYPE&quot; using multiple alternatives: 5, 6

As a result, alternative(s) 6 were disabled for that input
warning(200): IdentifiersParser.g:261:5: 
Decision can match input such as &quot;KW_NULL&quot; using multiple alternatives: 1, 8

As a result, alternative(s) 8 were disabled for that input
warning(200): IdentifiersParser.g:261:5: 
Decision can match input such as &quot;KW_TRUE&quot; using multiple alternatives: 3, 8

As a result, alternative(s) 8 were disabled for that input
warning(200): IdentifiersParser.g:261:5: 
Decision can match input such as &quot;KW_DATE StringLiteral&quot; using multiple alternatives: 2, 3

As a result, alternative(s) 3 were disabled for that input
warning(200): IdentifiersParser.g:261:5: 
Decision can match input such as &quot;KW_FALSE&quot; using multiple alternatives: 3, 8

As a result, alternative(s) 8 were disabled for that input
warning(200): IdentifiersParser.g:393:5: 
Decision can match input such as &quot;{KW_LIKE, KW_REGEXP, KW_RLIKE} KW_CLUSTER KW_BY&quot; using multiple alternatives: 2, 9

As a result, alternative(s) 9 were disabled for that input
warning(200): IdentifiersParser.g:393:5: 
Decision can match input such as &quot;{KW_LIKE, KW_REGEXP, KW_RLIKE} KW_MAP LPAREN&quot; using multiple alternatives: 2, 9

As a result, alternative(s) 9 were disabled for that input
warning(200): IdentifiersParser.g:393:5: 
Decision can match input such as &quot;{KW_LIKE, KW_REGEXP, KW_RLIKE} KW_INSERT KW_OVERWRITE&quot; using multiple alternatives: 2, 9

As a result, alternative(s) 9 were disabled for that input
warning(200): IdentifiersParser.g:393:5: 
Decision can match input such as &quot;{KW_LIKE, KW_REGEXP, KW_RLIKE} KW_GROUP KW_BY&quot; using multiple alternatives: 2, 9

As a result, alternative(s) 9 were disabled for that input
warning(200): IdentifiersParser.g:393:5: 
Decision can match input such as &quot;{KW_LIKE, KW_REGEXP, KW_RLIKE} KW_INSERT KW_INTO&quot; using multiple alternatives: 2, 9

As a result, alternative(s) 9 were disabled for that input
warning(200): IdentifiersParser.g:393:5: 
Decision can match input such as &quot;{KW_LIKE, KW_REGEXP, KW_RLIKE} KW_LATERAL KW_VIEW&quot; using multiple alternatives: 2, 9

As a result, alternative(s) 9 were disabled for that input
warning(200): IdentifiersParser.g:393:5: 
Decision can match input such as &quot;{KW_LIKE, KW_REGEXP, KW_RLIKE} KW_SORT KW_BY&quot; using multiple alternatives: 2, 9

As a result, alternative(s) 9 were disabled for that input
warning(200): IdentifiersParser.g:393:5: 
Decision can match input such as &quot;{KW_LIKE, KW_REGEXP, KW_RLIKE} KW_UNION KW_ALL&quot; using multiple alternatives: 2, 9

As a result, alternative(s) 9 were disabled for that input
warning(200): IdentifiersParser.g:393:5: 
Decision can match input such as &quot;{KW_LIKE, KW_REGEXP, KW_RLIKE} KW_ORDER KW_BY&quot; using multiple alternatives: 2, 9

As a result, alternative(s) 9 were disabled for that input
warning(200): IdentifiersParser.g:393:5: 
Decision can match input such as &quot;KW_BETWEEN KW_MAP LPAREN&quot; using multiple alternatives: 8, 9

As a result, alternative(s) 9 were disabled for that input
warning(200): IdentifiersParser.g:393:5: 
Decision can match input such as &quot;{KW_LIKE, KW_REGEXP, KW_RLIKE} KW_DISTRIBUTE KW_BY&quot; using multiple alternatives: 2, 9

As a result, alternative(s) 9 were disabled for that input
warning(200): IdentifiersParser.g:518:5: 
Decision can match input such as &quot;{AMPERSAND..BITWISEXOR, DIV..DIVIDE, EQUAL..EQUAL_NS, GREATERTHAN..GREATERTHANOREQUALTO, KW_AND, KW_ARRAY, KW_BETWEEN..KW_BOOLEAN, KW_CASE, KW_DOUBLE, KW_FLOAT, KW_IF, KW_IN, KW_INT, KW_LIKE, KW_MAP, KW_NOT, KW_OR, KW_REGEXP, KW_RLIKE, KW_SMALLINT, KW_STRING..KW_STRUCT, KW_TINYINT, KW_UNIONTYPE, KW_WHEN, LESSTHAN..LESSTHANOREQUALTO, MINUS..NOTEQUAL, PLUS, STAR, TILDE}&quot; using multiple alternatives: 1, 3

As a result, alternative(s) 3 were disabled for that input
[INFO] 
[INFO] --- maven-remote-resources-plugin:1.5:process (default) @ hive-exec ---
[INFO] 
[INFO] --- maven-resources-plugin:2.6:resources (default-resources) @ hive-exec ---
[INFO] Using &apos;UTF-8&apos; encoding to copy filtered resources.
[INFO] Copying 2 resources
[INFO] Copying 3 resources
[INFO] 
[INFO] --- maven-antrun-plugin:1.7:run (define-classpath) @ hive-exec ---
[INFO] Executing tasks

main:
[INFO] Executed tasks
[INFO] 
[INFO] --- maven-compiler-plugin:3.1:compile (default-compile) @ hive-exec ---
[INFO] Compiling 1736 source files to /data/hive-ptest/working/apache-svn-trunk-source/ql/target/classes
[WARNING] /data/hive-ptest/working/apache-svn-trunk-source/ql/src/java/org/apache/hadoop/hive/ql/exec/persistence/MapJoinBytesTableContainer.java: Some input files use or override a deprecated API.
[WARNING] /data/hive-ptest/working/apache-svn-trunk-source/ql/src/java/org/apache/hadoop/hive/ql/exec/persistence/MapJoinBytesTableContainer.java: Recompile with -Xlint:deprecation for details.
[WARNING] /data/hive-ptest/working/apache-svn-trunk-source/ql/src/gen/thrift/gen-javabean/org/apache/hadoop/hive/ql/plan/api/Query.java: Some input files use unchecked or unsafe operations.
[WARNING] /data/hive-ptest/working/apache-svn-trunk-source/ql/src/gen/thrift/gen-javabean/org/apache/hadoop/hive/ql/plan/api/Query.java: Recompile with -Xlint:unchecked for details.
[INFO] 
[INFO] --- build-helper-maven-plugin:1.8:add-test-source (add-test-sources) @ hive-exec ---
[INFO] Test Source directory: /data/hive-ptest/working/apache-svn-trunk-source/ql/target/generated-test-sources/java added.
[INFO] 
[INFO] --- maven-resources-plugin:2.6:testResources (default-testResources) @ hive-exec ---
[INFO] Using &apos;UTF-8&apos; encoding to copy filtered resources.
[INFO] Copying 4 resources
[INFO] Copying 3 resources
[INFO] 
[INFO] --- maven-antrun-plugin:1.7:run (setup-test-dirs) @ hive-exec ---
[INFO] Executing tasks

main:
    [mkdir] Created dir: /data/hive-ptest/working/apache-svn-trunk-source/ql/target/tmp
    [mkdir] Created dir: /data/hive-ptest/working/apache-svn-trunk-source/ql/target/warehouse
    [mkdir] Created dir: /data/hive-ptest/working/apache-svn-trunk-source/ql/target/tmp/conf
     [copy] Copying 7 files to /data/hive-ptest/working/apache-svn-trunk-source/ql/target/tmp/conf
[INFO] Executed tasks
[INFO] 
[INFO] --- maven-compiler-plugin:3.1:testCompile (default-testCompile) @ hive-exec ---
[INFO] Compiling 209 source files to /data/hive-ptest/working/apache-svn-trunk-source/ql/target/test-classes
[INFO] -------------------------------------------------------------
[WARNING] COMPILATION WARNING : 
[INFO] -------------------------------------------------------------
[WARNING] /data/hive-ptest/working/apache-svn-trunk-source/ql/src/test/org/apache/hadoop/hive/ql/io/orc/TestInputOutputFormat.java: Some input files use or override a deprecated API.
[WARNING] /data/hive-ptest/working/apache-svn-trunk-source/ql/src/test/org/apache/hadoop/hive/ql/io/orc/TestInputOutputFormat.java: Recompile with -Xlint:deprecation for details.
[WARNING] /data/hive-ptest/working/apache-svn-trunk-source/ql/src/test/org/apache/hadoop/hive/ql/exec/tez/TestTezTask.java: Some input files use unchecked or unsafe operations.
[WARNING] /data/hive-ptest/working/apache-svn-trunk-source/ql/src/test/org/apache/hadoop/hive/ql/exec/tez/TestTezTask.java: Recompile with -Xlint:unchecked for details.
[INFO] 4 warnings 
[INFO] -------------------------------------------------------------
[INFO] -------------------------------------------------------------
[ERROR] COMPILATION ERROR : 
[INFO] -------------------------------------------------------------
[ERROR] /data/hive-ptest/working/apache-svn-trunk-source/ql/src/test/org/apache/hadoop/hive/ql/security/authorization/plugin/sqlstd/TestSQLStdHiveAccessController.java:[47,51] constructor SQLStdHiveAccessController in class org.apache.hadoop.hive.ql.security.authorization.plugin.sqlstd.SQLStdHiveAccessController cannot be applied to given types;
  required: org.apache.hadoop.hive.ql.security.authorization.plugin.HiveMetastoreClientFactory,org.apache.hadoop.hive.conf.HiveConf,org.apache.hadoop.hive.ql.security.HiveAuthenticationProvider,org.apache.hadoop.hive.ql.security.authorization.plugin.HiveAuthzSessionContext
  found: &amp;lt;nulltype&amp;gt;,org.apache.hadoop.hive.conf.HiveConf,org.apache.hadoop.hive.ql.security.HadoopDefaultAuthenticator
  reason: actual and formal argument lists differ in length
[ERROR] /data/hive-ptest/working/apache-svn-trunk-source/ql/src/test/org/apache/hadoop/hive/ql/security/authorization/plugin/sqlstd/TestSQLStdHiveAccessController.java:[97,51] constructor SQLStdHiveAccessController in class org.apache.hadoop.hive.ql.security.authorization.plugin.sqlstd.SQLStdHiveAccessController cannot be applied to given types;
  required: org.apache.hadoop.hive.ql.security.authorization.plugin.HiveMetastoreClientFactory,org.apache.hadoop.hive.conf.HiveConf,org.apache.hadoop.hive.ql.security.HiveAuthenticationProvider,org.apache.hadoop.hive.ql.security.authorization.plugin.HiveAuthzSessionContext
  found: &amp;lt;nulltype&amp;gt;,org.apache.hadoop.hive.conf.HiveConf,org.apache.hadoop.hive.ql.security.HadoopDefaultAuthenticator
  reason: actual and formal argument lists differ in length
[INFO] 2 errors 
[INFO] -------------------------------------------------------------
[INFO] ------------------------------------------------------------------------
[INFO] Reactor Summary:
[INFO] 
[INFO] Hive .............................................. SUCCESS [9.892s]
[INFO] Hive Ant Utilities ................................ SUCCESS [5.733s]
[INFO] Hive Shims Common ................................. SUCCESS [4.072s]
[INFO] Hive Shims 0.20 ................................... SUCCESS [2.767s]
[INFO] Hive Shims Secure Common .......................... SUCCESS [4.118s]
[INFO] Hive Shims 0.20S .................................. SUCCESS [2.775s]
[INFO] Hive Shims 0.23 ................................... SUCCESS [6.225s]
[INFO] Hive Shims ........................................ SUCCESS [1.313s]
[INFO] Hive Common ....................................... SUCCESS [8.312s]
[INFO] Hive Serde ........................................ SUCCESS [12.435s]
[INFO] Hive Metastore .................................... SUCCESS [30.196s]
[INFO] Hive Query Language ............................... FAILURE [1:11.339s]
[INFO] Hive Service ...................................... SKIPPED
[INFO] Hive JDBC ......................................... SKIPPED
[INFO] Hive Beeline ...................................... SKIPPED
[INFO] Hive CLI .......................................... SKIPPED
[INFO] Hive Contrib ...................................... SKIPPED
[INFO] Hive HBase Handler ................................ SKIPPED
[INFO] Hive HCatalog ..................................... SKIPPED
[INFO] Hive HCatalog Core ................................ SKIPPED
[INFO] Hive HCatalog Pig Adapter ......................... SKIPPED
[INFO] Hive HCatalog Server Extensions ................... SKIPPED
[INFO] Hive HCatalog Webhcat Java Client ................. SKIPPED
[INFO] Hive HCatalog Webhcat ............................. SKIPPED
[INFO] Hive HCatalog Streaming ........................... SKIPPED
[INFO] Hive HWI .......................................... SKIPPED
[INFO] Hive ODBC ......................................... SKIPPED
[INFO] Hive Shims Aggregator ............................. SKIPPED
[INFO] Hive TestUtils .................................... SKIPPED
[INFO] Hive Packaging .................................... SKIPPED
[INFO] ------------------------------------------------------------------------
[INFO] BUILD FAILURE
[INFO] ------------------------------------------------------------------------
[INFO] Total time: 2:41.945s
[INFO] Finished at: Fri Aug 15 18:17:03 EDT 2014
[INFO] Final Memory: 75M/464M
[INFO] ------------------------------------------------------------------------
[ERROR] Failed to execute goal org.apache.maven.plugins:maven-compiler-plugin:3.1:testCompile (default-testCompile) on project hive-exec: Compilation failure: Compilation failure:
[ERROR] /data/hive-ptest/working/apache-svn-trunk-source/ql/src/test/org/apache/hadoop/hive/ql/security/authorization/plugin/sqlstd/TestSQLStdHiveAccessController.java:[47,51] constructor SQLStdHiveAccessController in class org.apache.hadoop.hive.ql.security.authorization.plugin.sqlstd.SQLStdHiveAccessController cannot be applied to given types;
[ERROR] required: org.apache.hadoop.hive.ql.security.authorization.plugin.HiveMetastoreClientFactory,org.apache.hadoop.hive.conf.HiveConf,org.apache.hadoop.hive.ql.security.HiveAuthenticationProvider,org.apache.hadoop.hive.ql.security.authorization.plugin.HiveAuthzSessionContext
[ERROR] found: &amp;lt;nulltype&amp;gt;,org.apache.hadoop.hive.conf.HiveConf,org.apache.hadoop.hive.ql.security.HadoopDefaultAuthenticator
[ERROR] reason: actual and formal argument lists differ in length
[ERROR] /data/hive-ptest/working/apache-svn-trunk-source/ql/src/test/org/apache/hadoop/hive/ql/security/authorization/plugin/sqlstd/TestSQLStdHiveAccessController.java:[97,51] constructor SQLStdHiveAccessController in class org.apache.hadoop.hive.ql.security.authorization.plugin.sqlstd.SQLStdHiveAccessController cannot be applied to given types;
[ERROR] required: org.apache.hadoop.hive.ql.security.authorization.plugin.HiveMetastoreClientFactory,org.apache.hadoop.hive.conf.HiveConf,org.apache.hadoop.hive.ql.security.HiveAuthenticationProvider,org.apache.hadoop.hive.ql.security.authorization.plugin.HiveAuthzSessionContext
[ERROR] found: &amp;lt;nulltype&amp;gt;,org.apache.hadoop.hive.conf.HiveConf,org.apache.hadoop.hive.ql.security.HadoopDefaultAuthenticator
[ERROR] reason: actual and formal argument lists differ in length
[ERROR] -&amp;gt; [Help 1]
[ERROR] 
[ERROR] To see the full stack trace of the errors, re-run Maven with the -e switch.
[ERROR] Re-run Maven using the -X switch to enable full debug logging.
[ERROR] 
[ERROR] For more information about the errors and possible solutions, please read the following articles:
[ERROR] [Help 1] http://cwiki.apache.org/confluence/display/MAVEN/MojoFailureException
[ERROR] 
[ERROR] After correcting the problems, you can resume the build with the command
[ERROR]   mvn &amp;lt;goals&amp;gt; -rf :hive-exec
+ exit 1
&apos;
&lt;/pre&gt;
&lt;/div&gt;&lt;/div&gt;

&lt;p&gt;This message is automatically generated.&lt;/p&gt;

&lt;p&gt;ATTACHMENT ID: 12662171&lt;/p&gt;</comment>
                            <comment id="14099344" author="hiveqa" created="Fri, 15 Aug 2014 23:36:00 +0000"  >

&lt;p&gt;&lt;font color=&quot;red&quot;&gt;Overall&lt;/font&gt;: -1 at least one tests failed&lt;/p&gt;

&lt;p&gt;Here are the results of testing the latest attachment:&lt;br/&gt;
&lt;a href=&quot;https://issues.apache.org/jira/secure/attachment/12662185/HIVE-6093.1.patch&quot; class=&quot;external-link&quot; rel=&quot;nofollow&quot;&gt;https://issues.apache.org/jira/secure/attachment/12662185/HIVE-6093.1.patch&lt;/a&gt;&lt;/p&gt;

&lt;p&gt;&lt;font color=&quot;red&quot;&gt;ERROR:&lt;/font&gt; -1 due to 2 failed/errored test(s), 5815 tests executed&lt;br/&gt;
&lt;b&gt;Failed tests:&lt;/b&gt;&lt;/p&gt;
&lt;div class=&quot;preformatted panel&quot; style=&quot;border-width: 1px;&quot;&gt;&lt;div class=&quot;preformattedContent panelContent&quot;&gt;
&lt;pre&gt;org.apache.hive.hcatalog.pig.TestOrcHCatLoader.testReadDataPrimitiveTypes
org.apache.hive.jdbc.miniHS2.TestHiveServer2.testConnection
&lt;/pre&gt;
&lt;/div&gt;&lt;/div&gt;

&lt;p&gt;Test results: &lt;a href=&quot;http://ec2-174-129-184-35.compute-1.amazonaws.com/jenkins/job/PreCommit-HIVE-TRUNK-Build/352/testReport&quot; class=&quot;external-link&quot; target=&quot;_blank&quot; rel=&quot;nofollow noopener&quot;&gt;http://ec2-174-129-184-35.compute-1.amazonaws.com/jenkins/job/PreCommit-HIVE-TRUNK-Build/352/testReport&lt;/a&gt;&lt;br/&gt;
Console output: &lt;a href=&quot;http://ec2-174-129-184-35.compute-1.amazonaws.com/jenkins/job/PreCommit-HIVE-TRUNK-Build/352/console&quot; class=&quot;external-link&quot; target=&quot;_blank&quot; rel=&quot;nofollow noopener&quot;&gt;http://ec2-174-129-184-35.compute-1.amazonaws.com/jenkins/job/PreCommit-HIVE-TRUNK-Build/352/console&lt;/a&gt;&lt;br/&gt;
Test logs: &lt;a href=&quot;http://ec2-174-129-184-35.compute-1.amazonaws.com/logs/PreCommit-HIVE-TRUNK-Build-352/&quot; class=&quot;external-link&quot; target=&quot;_blank&quot; rel=&quot;nofollow noopener&quot;&gt;http://ec2-174-129-184-35.compute-1.amazonaws.com/logs/PreCommit-HIVE-TRUNK-Build-352/&lt;/a&gt;&lt;/p&gt;

&lt;p&gt;Messages:&lt;/p&gt;
&lt;div class=&quot;preformatted panel&quot; style=&quot;border-width: 1px;&quot;&gt;&lt;div class=&quot;preformattedContent panelContent&quot;&gt;
&lt;pre&gt;Executing org.apache.hive.ptest.execution.PrepPhase
Executing org.apache.hive.ptest.execution.ExecutionPhase
Executing org.apache.hive.ptest.execution.ReportingPhase
Tests exited with: TestsFailedException: 2 tests failed
&lt;/pre&gt;
&lt;/div&gt;&lt;/div&gt;

&lt;p&gt;This message is automatically generated.&lt;/p&gt;

&lt;p&gt;ATTACHMENT ID: 12662185&lt;/p&gt;</comment>
                            <comment id="14099362" author="thejas" created="Fri, 15 Aug 2014 23:50:37 +0000"  >&lt;p&gt;Patch committed to trunk. Thanks for the contribution Thiruvel!&lt;/p&gt;
</comment>
                            <comment id="14099508" author="lefty@hortonworks.com" created="Sat, 16 Aug 2014 05:18:45 +0000"  >&lt;p&gt;Does this need user documentation, or is it just considered a bug fix?  (In other words, would documentation bring unwanted attention to the previous behavior?)&lt;/p&gt;</comment>
                            <comment id="14100098" author="thejas" created="Sun, 17 Aug 2014 20:29:34 +0000"  >&lt;p&gt;This is considered a bug fix. I don&apos;t think we need additional documentation for it.&lt;/p&gt;</comment>
                            <comment id="14102368" author="thiruvel" created="Tue, 19 Aug 2014 16:05:46 +0000"  >&lt;p&gt;Thanks &lt;a href=&quot;https://issues.apache.org/jira/secure/ViewProfile.jspa?name=thejas&quot; class=&quot;user-hover&quot; rel=&quot;thejas&quot;&gt;thejas&lt;/a&gt;&lt;/p&gt;</comment>
                            <comment id="14210934" author="thejas" created="Thu, 13 Nov 2014 19:43:17 +0000"  >&lt;p&gt;This has been fixed in 0.14 release. Please open new jira if you see any issues.&lt;/p&gt;</comment>
                    </comments>
                    <attachments>
                            <attachment id="12661184" name="HIVE-6093-1.patch" size="3952" author="thiruvel" created="Tue, 12 Aug 2014 10:05:11 +0000"/>
                            <attachment id="12662185" name="HIVE-6093.1.patch" size="3952" author="thejas" created="Fri, 15 Aug 2014 22:32:26 +0000"/>
                            <attachment id="12661968" name="HIVE-6093.1.patch" size="3952" author="thejas" created="Fri, 15 Aug 2014 01:28:17 +0000"/>
                            <attachment id="12619922" name="HIVE-6093.patch" size="2269" author="thiruvel" created="Fri, 20 Dec 2013 22:20:10 +0000"/>
                    </attachments>
                <subtasks>
                    </subtasks>
                <customfields>
                                                                            <customfield id="customfield_12310310" key="com.atlassian.jira.toolkit:attachments">
                        <customfieldname>Attachment count</customfieldname>
                        <customfieldvalues>
                            <customfieldvalue>4.0</customfieldvalue>
                        </customfieldvalues>
                    </customfield>
                                                                                                                                                                                                                                                                                                                                                                                                                                                                                                                                                                                                                                                                                                        <customfield id="customfield_12314020" key="com.atlassian.jira.plugins.jira-development-integration-plugin:devsummary">
                        <customfieldname>Development</customfieldname>
                        <customfieldvalues>
                            
                        </customfieldvalues>
                    </customfield>
                                                                                                                        <customfield id="customfield_12313422" key="com.atlassian.jirafisheyeplugin:jobcheckbox">
                        <customfieldname>Enable Automatic Patch Review</customfieldname>
                        <customfieldvalues>
                            <customfieldvalue><![CDATA[false]]></customfieldvalue>

                        </customfieldvalues>
                    </customfield>
                                                                                                                                                                                                                                                                                                                                                                                                                                                                                                                                                                                                                                                <customfield id="customfield_12310420" key="com.pyxis.greenhopper.jira:gh-global-rank">
                        <customfieldname>Global Rank</customfieldname>
                        <customfieldvalues>
                            <customfieldvalue>364912</customfieldvalue>
                        </customfieldvalues>
                    </customfield>
                                                                                                                                                                                                                                                                    <customfield id="customfield_12312521" key="com.atlassian.jira.toolkit:LastCommentDate">
                        <customfieldname>Last public comment date</customfieldname>
                        <customfieldvalues>
                            11 years, 1 week, 5 days ago
                        </customfieldvalues>
                    </customfield>
                                                                                                                                                                                                                                                                                                <customfield id="customfield_12311820" key="com.pyxis.greenhopper.jira:gh-lexo-rank">
                        <customfieldname>Rank</customfieldname>
                        <customfieldvalues>
                            <customfieldvalue>0|i1qwbz:</customfieldvalue>

                        </customfieldvalues>
                    </customfield>
                                                                <customfield id="customfield_12310920" key="com.pyxis.greenhopper.jira:gh-global-rank">
                        <customfieldname>Rank (Obsolete)</customfieldname>
                        <customfieldvalues>
                            <customfieldvalue>365212</customfieldvalue>
                        </customfieldvalues>
                    </customfield>
                                                                                            <customfield id="customfield_12310192" key="com.atlassian.jira.plugin.system.customfieldtypes:textarea">
                        <customfieldname>Release Note</customfieldname>
                        <customfieldvalues>
                            <customfieldvalue>One cannot create table (whether or not they provide a LOCATION) if they do not have WRITE permission on the database directory.</customfieldvalue>

                        </customfieldvalues>
                    </customfield>
                                                                                                                                                                                                                                                                                                                                                                                                                                                                                                                                                                                                                                                                                                                                                                                                                        </customfields>
    </item>
</channel>
</rss>