<!-- 
RSS generated by JIRA (8.20.10#820010-sha1:ace47f9899e9ee25d7157d59aa17ab06aee30d3d) at Wed Nov 12 18:26:05 UTC 2025

It is possible to restrict the fields that are returned in this document by specifying the 'field' parameter in your request.
For example, to request only the issue key and summary append 'field=key&field=summary' to the URL of your request.
-->
<rss version="0.92" >
<channel>
    <title>ASF Jira</title>
    <link>https://issues.apache.org/jira</link>
    <description>This file is an XML representation of an issue</description>
    <language>en-uk</language>    <build-info>
        <version>8.20.10</version>
        <build-number>820010</build-number>
        <build-date>22-06-2022</build-date>
    </build-info>


<item>
            <title>[HIVE-8429] Add records in/out counters</title>
                <link>https://issues.apache.org/jira/browse/HIVE-8429</link>
                <project id="12310843" key="HIVE">Hive</project>
                    <description>&lt;p&gt;We don&apos;t do counters for input/output records right now. That would help for debugging though (if it can be done with minimal overhead).&lt;/p&gt;</description>
                <environment></environment>
        <key id="12747447">HIVE-8429</key>
            <summary>Add records in/out counters</summary>
                <type id="1" iconUrl="https://issues.apache.org/jira/secure/viewavatar?size=xsmall&amp;avatarId=21133&amp;avatarType=issuetype">Bug</type>
                                            <priority id="3" iconUrl="https://issues.apache.org/jira/images/icons/priorities/major.svg">Major</priority>
                        <status id="6" iconUrl="https://issues.apache.org/jira/images/icons/statuses/closed.png" description="The issue is considered finished, the resolution is correct. Issues which are not closed can be reopened.">Closed</status>
                    <statusCategory id="3" key="done" colorName="green"/>
                                    <resolution id="1">Fixed</resolution>
                                        <assignee username="hagleitn">Gunther Hagleitner</assignee>
                                    <reporter username="hagleitn">Gunther Hagleitner</reporter>
                        <labels>
                    </labels>
                <created>Fri, 10 Oct 2014 23:19:15 +0000</created>
                <updated>Thu, 13 Nov 2014 19:43:11 +0000</updated>
                            <resolved>Sat, 18 Oct 2014 00:42:09 +0000</resolved>
                                                    <fixVersion>0.14.0</fixVersion>
                                        <due></due>
                            <votes>0</votes>
                                    <watches>4</watches>
                                                                                                                <comments>
                            <comment id="14168666" author="hiveqa" created="Sun, 12 Oct 2014 14:34:19 +0000"  >

&lt;p&gt;&lt;font color=&quot;red&quot;&gt;Overall&lt;/font&gt;: -1 at least one tests failed&lt;/p&gt;

&lt;p&gt;Here are the results of testing the latest attachment:&lt;br/&gt;
&lt;a href=&quot;https://issues.apache.org/jira/secure/attachment/12674297/HIVE-8429.1.patch&quot; class=&quot;external-link&quot; rel=&quot;nofollow&quot;&gt;https://issues.apache.org/jira/secure/attachment/12674297/HIVE-8429.1.patch&lt;/a&gt;&lt;/p&gt;

&lt;p&gt;&lt;font color=&quot;red&quot;&gt;ERROR:&lt;/font&gt; -1 due to 60 failed/errored test(s), 4137 tests executed&lt;br/&gt;
&lt;b&gt;Failed tests:&lt;/b&gt;&lt;/p&gt;
&lt;div class=&quot;preformatted panel&quot; style=&quot;border-width: 1px;&quot;&gt;&lt;div class=&quot;preformattedContent panelContent&quot;&gt;
&lt;pre&gt;org.apache.hadoop.hive.cli.TestAccumuloCliDriver.testCliDriver_accumulo_predicate_pushdown
org.apache.hadoop.hive.cli.TestCliDriver.testCliDriver_auto_join16
org.apache.hadoop.hive.cli.TestCliDriver.testCliDriver_auto_join_filters
org.apache.hadoop.hive.cli.TestCliDriver.testCliDriver_case_sensitivity
org.apache.hadoop.hive.cli.TestCliDriver.testCliDriver_cbo_correctness
org.apache.hadoop.hive.cli.TestCliDriver.testCliDriver_correlationoptimizer8
org.apache.hadoop.hive.cli.TestCliDriver.testCliDriver_decimal_3
org.apache.hadoop.hive.cli.TestCliDriver.testCliDriver_decimal_precision
org.apache.hadoop.hive.cli.TestCliDriver.testCliDriver_decimal_udf
org.apache.hadoop.hive.cli.TestCliDriver.testCliDriver_decimal_udf2
org.apache.hadoop.hive.cli.TestCliDriver.testCliDriver_delete_all_non_partitioned
org.apache.hadoop.hive.cli.TestCliDriver.testCliDriver_delete_orig_table
org.apache.hadoop.hive.cli.TestCliDriver.testCliDriver_input9
org.apache.hadoop.hive.cli.TestCliDriver.testCliDriver_input_part6
org.apache.hadoop.hive.cli.TestCliDriver.testCliDriver_insert_orig_table
org.apache.hadoop.hive.cli.TestCliDriver.testCliDriver_insert_update_delete
org.apache.hadoop.hive.cli.TestCliDriver.testCliDriver_join_filters
org.apache.hadoop.hive.cli.TestCliDriver.testCliDriver_join_literals
org.apache.hadoop.hive.cli.TestCliDriver.testCliDriver_louter_join_ppr
org.apache.hadoop.hive.cli.TestCliDriver.testCliDriver_mapjoin_filter_on_outerjoin
org.apache.hadoop.hive.cli.TestCliDriver.testCliDriver_orc_predicate_pushdown
org.apache.hadoop.hive.cli.TestCliDriver.testCliDriver_outer_join_ppr
org.apache.hadoop.hive.cli.TestCliDriver.testCliDriver_partition_wise_fileformat6
org.apache.hadoop.hive.cli.TestCliDriver.testCliDriver_partition_wise_fileformat7
org.apache.hadoop.hive.cli.TestCliDriver.testCliDriver_ppd_field_garbage
org.apache.hadoop.hive.cli.TestCliDriver.testCliDriver_ppd_udf_case
org.apache.hadoop.hive.cli.TestCliDriver.testCliDriver_ppd_udtf
org.apache.hadoop.hive.cli.TestCliDriver.testCliDriver_router_join_ppr
org.apache.hadoop.hive.cli.TestCliDriver.testCliDriver_select_unquote_and
org.apache.hadoop.hive.cli.TestCliDriver.testCliDriver_select_unquote_not
org.apache.hadoop.hive.cli.TestCliDriver.testCliDriver_select_unquote_or
org.apache.hadoop.hive.cli.TestCliDriver.testCliDriver_tez_smb_1
org.apache.hadoop.hive.cli.TestCliDriver.testCliDriver_update_all_non_partitioned
org.apache.hadoop.hive.cli.TestCliDriver.testCliDriver_update_all_types
org.apache.hadoop.hive.cli.TestCliDriver.testCliDriver_update_orig_table
org.apache.hadoop.hive.cli.TestCliDriver.testCliDriver_update_two_cols
org.apache.hadoop.hive.cli.TestCliDriver.testCliDriver_vectorized_context
org.apache.hadoop.hive.cli.TestHBaseCliDriver.testCliDriver_hbase_ppd_key_range
org.apache.hadoop.hive.cli.TestMiniTezCliDriver.testCliDriver_cbo_correctness
org.apache.hadoop.hive.cli.TestMiniTezCliDriver.testCliDriver_delete_all_non_partitioned
org.apache.hadoop.hive.cli.TestMiniTezCliDriver.testCliDriver_delete_orig_table
org.apache.hadoop.hive.cli.TestMiniTezCliDriver.testCliDriver_insert_orig_table
org.apache.hadoop.hive.cli.TestMiniTezCliDriver.testCliDriver_insert_update_delete
org.apache.hadoop.hive.cli.TestMiniTezCliDriver.testCliDriver_update_all_non_partitioned
org.apache.hadoop.hive.cli.TestMiniTezCliDriver.testCliDriver_update_all_types
org.apache.hadoop.hive.cli.TestMiniTezCliDriver.testCliDriver_update_orig_table
org.apache.hadoop.hive.cli.TestMiniTezCliDriver.testCliDriver_update_two_cols
org.apache.hadoop.hive.cli.TestMiniTezCliDriver.testCliDriver_vector_elt
org.apache.hadoop.hive.cli.TestMiniTezCliDriver.testCliDriver_vectorization_10
org.apache.hadoop.hive.cli.TestMiniTezCliDriver.testCliDriver_vectorization_11
org.apache.hadoop.hive.cli.TestMiniTezCliDriver.testCliDriver_vectorization_6
org.apache.hadoop.hive.cli.TestMiniTezCliDriver.testCliDriver_vectorization_short_regress
org.apache.hadoop.hive.cli.TestMiniTezCliDriver.testCliDriver_vectorized_case
org.apache.hadoop.hive.cli.TestMiniTezCliDriver.testCliDriver_vectorized_context
org.apache.hadoop.hive.cli.TestMiniTezCliDriver.testCliDriver_vectorized_math_funcs
org.apache.hadoop.hive.cli.TestMiniTezCliDriver.testCliDriver_vectorized_string_funcs
org.apache.hadoop.hive.cli.TestMinimrCliDriver.testCliDriver_schemeAuthority
org.apache.hadoop.hive.cli.TestNegativeCliDriver.testNegativeCliDriver_acid_overwrite
org.apache.hive.jdbc.TestJdbcDriver2.testBuiltInUDFCol
org.apache.hive.jdbc.TestJdbcDriver2.testExprCol
&lt;/pre&gt;
&lt;/div&gt;&lt;/div&gt;

&lt;p&gt;Test results: &lt;a href=&quot;http://ec2-174-129-184-35.compute-1.amazonaws.com/jenkins/job/PreCommit-HIVE-TRUNK-Build/1231/testReport&quot; class=&quot;external-link&quot; target=&quot;_blank&quot; rel=&quot;nofollow noopener&quot;&gt;http://ec2-174-129-184-35.compute-1.amazonaws.com/jenkins/job/PreCommit-HIVE-TRUNK-Build/1231/testReport&lt;/a&gt;&lt;br/&gt;
Console output: &lt;a href=&quot;http://ec2-174-129-184-35.compute-1.amazonaws.com/jenkins/job/PreCommit-HIVE-TRUNK-Build/1231/console&quot; class=&quot;external-link&quot; target=&quot;_blank&quot; rel=&quot;nofollow noopener&quot;&gt;http://ec2-174-129-184-35.compute-1.amazonaws.com/jenkins/job/PreCommit-HIVE-TRUNK-Build/1231/console&lt;/a&gt;&lt;br/&gt;
Test logs: &lt;a href=&quot;http://ec2-174-129-184-35.compute-1.amazonaws.com/logs/PreCommit-HIVE-TRUNK-Build-1231/&quot; class=&quot;external-link&quot; target=&quot;_blank&quot; rel=&quot;nofollow noopener&quot;&gt;http://ec2-174-129-184-35.compute-1.amazonaws.com/logs/PreCommit-HIVE-TRUNK-Build-1231/&lt;/a&gt;&lt;/p&gt;

&lt;p&gt;Messages:&lt;/p&gt;
&lt;div class=&quot;preformatted panel&quot; style=&quot;border-width: 1px;&quot;&gt;&lt;div class=&quot;preformattedContent panelContent&quot;&gt;
&lt;pre&gt;Executing org.apache.hive.ptest.execution.PrepPhase
Executing org.apache.hive.ptest.execution.ExecutionPhase
Executing org.apache.hive.ptest.execution.ReportingPhase
Tests exited with: TestsFailedException: 60 tests failed
&lt;/pre&gt;
&lt;/div&gt;&lt;/div&gt;

&lt;p&gt;This message is automatically generated.&lt;/p&gt;

&lt;p&gt;ATTACHMENT ID: 12674297&lt;/p&gt;</comment>
                            <comment id="14170531" author="hagleitn" created="Tue, 14 Oct 2014 05:17:04 +0000"  >&lt;p&gt;.3 addresses review comments.&lt;/p&gt;</comment>
                            <comment id="14170593" author="hiveqa" created="Tue, 14 Oct 2014 06:53:21 +0000"  >

&lt;p&gt;&lt;font color=&quot;red&quot;&gt;Overall&lt;/font&gt;: -1 no tests executed&lt;/p&gt;

&lt;p&gt;Here are the results of testing the latest attachment:&lt;br/&gt;
&lt;a href=&quot;https://issues.apache.org/jira/secure/attachment/12674695/HIVE-8429.3.patch&quot; class=&quot;external-link&quot; rel=&quot;nofollow&quot;&gt;https://issues.apache.org/jira/secure/attachment/12674695/HIVE-8429.3.patch&lt;/a&gt;&lt;/p&gt;

&lt;p&gt;Test results: &lt;a href=&quot;http://ec2-174-129-184-35.compute-1.amazonaws.com/jenkins/job/PreCommit-HIVE-TRUNK-Build/1257/testReport&quot; class=&quot;external-link&quot; target=&quot;_blank&quot; rel=&quot;nofollow noopener&quot;&gt;http://ec2-174-129-184-35.compute-1.amazonaws.com/jenkins/job/PreCommit-HIVE-TRUNK-Build/1257/testReport&lt;/a&gt;&lt;br/&gt;
Console output: &lt;a href=&quot;http://ec2-174-129-184-35.compute-1.amazonaws.com/jenkins/job/PreCommit-HIVE-TRUNK-Build/1257/console&quot; class=&quot;external-link&quot; target=&quot;_blank&quot; rel=&quot;nofollow noopener&quot;&gt;http://ec2-174-129-184-35.compute-1.amazonaws.com/jenkins/job/PreCommit-HIVE-TRUNK-Build/1257/console&lt;/a&gt;&lt;br/&gt;
Test logs: &lt;a href=&quot;http://ec2-174-129-184-35.compute-1.amazonaws.com/logs/PreCommit-HIVE-TRUNK-Build-1257/&quot; class=&quot;external-link&quot; target=&quot;_blank&quot; rel=&quot;nofollow noopener&quot;&gt;http://ec2-174-129-184-35.compute-1.amazonaws.com/logs/PreCommit-HIVE-TRUNK-Build-1257/&lt;/a&gt;&lt;/p&gt;

&lt;p&gt;Messages:&lt;/p&gt;
&lt;div class=&quot;preformatted panel&quot; style=&quot;border-width: 1px;&quot;&gt;&lt;div class=&quot;preformattedContent panelContent&quot;&gt;
&lt;pre&gt;**** This message was trimmed, see log for full details ****
As a result, alternative(s) 8 were disabled for that input
warning(200): IdentifiersParser.g:261:5: 
Decision can match input such as &quot;KW_FALSE&quot; using multiple alternatives: 3, 8

As a result, alternative(s) 8 were disabled for that input
warning(200): IdentifiersParser.g:261:5: 
Decision can match input such as &quot;KW_TRUE&quot; using multiple alternatives: 3, 8

As a result, alternative(s) 8 were disabled for that input
warning(200): IdentifiersParser.g:261:5: 
Decision can match input such as &quot;KW_DATE StringLiteral&quot; using multiple alternatives: 2, 3

As a result, alternative(s) 3 were disabled for that input
warning(200): IdentifiersParser.g:393:5: 
Decision can match input such as &quot;{KW_LIKE, KW_REGEXP, KW_RLIKE} KW_CLUSTER KW_BY&quot; using multiple alternatives: 2, 9

As a result, alternative(s) 9 were disabled for that input
warning(200): IdentifiersParser.g:393:5: 
Decision can match input such as &quot;{KW_LIKE, KW_REGEXP, KW_RLIKE} KW_UNION KW_ALL&quot; using multiple alternatives: 2, 9

As a result, alternative(s) 9 were disabled for that input
warning(200): IdentifiersParser.g:393:5: 
Decision can match input such as &quot;{KW_LIKE, KW_REGEXP, KW_RLIKE} KW_SORT KW_BY&quot; using multiple alternatives: 2, 9

As a result, alternative(s) 9 were disabled for that input
warning(200): IdentifiersParser.g:393:5: 
Decision can match input such as &quot;{KW_LIKE, KW_REGEXP, KW_RLIKE} KW_INSERT KW_INTO&quot; using multiple alternatives: 2, 9

As a result, alternative(s) 9 were disabled for that input
warning(200): IdentifiersParser.g:393:5: 
Decision can match input such as &quot;{KW_LIKE, KW_REGEXP, KW_RLIKE} KW_LATERAL KW_VIEW&quot; using multiple alternatives: 2, 9

As a result, alternative(s) 9 were disabled for that input
warning(200): IdentifiersParser.g:393:5: 
Decision can match input such as &quot;KW_BETWEEN KW_MAP LPAREN&quot; using multiple alternatives: 8, 9

As a result, alternative(s) 9 were disabled for that input
warning(200): IdentifiersParser.g:393:5: 
Decision can match input such as &quot;{KW_LIKE, KW_REGEXP, KW_RLIKE} KW_DISTRIBUTE KW_BY&quot; using multiple alternatives: 2, 9

As a result, alternative(s) 9 were disabled for that input
warning(200): IdentifiersParser.g:393:5: 
Decision can match input such as &quot;{KW_LIKE, KW_REGEXP, KW_RLIKE} KW_INSERT KW_OVERWRITE&quot; using multiple alternatives: 2, 9

As a result, alternative(s) 9 were disabled for that input
warning(200): IdentifiersParser.g:393:5: 
Decision can match input such as &quot;{KW_LIKE, KW_REGEXP, KW_RLIKE} KW_ORDER KW_BY&quot; using multiple alternatives: 2, 9

As a result, alternative(s) 9 were disabled for that input
warning(200): IdentifiersParser.g:393:5: 
Decision can match input such as &quot;{KW_LIKE, KW_REGEXP, KW_RLIKE} KW_GROUP KW_BY&quot; using multiple alternatives: 2, 9

As a result, alternative(s) 9 were disabled for that input
warning(200): IdentifiersParser.g:393:5: 
Decision can match input such as &quot;{KW_LIKE, KW_REGEXP, KW_RLIKE} KW_MAP LPAREN&quot; using multiple alternatives: 2, 9

As a result, alternative(s) 9 were disabled for that input
warning(200): IdentifiersParser.g:518:5: 
Decision can match input such as &quot;{AMPERSAND..BITWISEXOR, DIV..DIVIDE, EQUAL..EQUAL_NS, GREATERTHAN..GREATERTHANOREQUALTO, KW_AND, KW_ARRAY, KW_BETWEEN..KW_BOOLEAN, KW_CASE, KW_DOUBLE, KW_FLOAT, KW_IF, KW_IN, KW_INT, KW_LIKE, KW_MAP, KW_NOT, KW_OR, KW_REGEXP, KW_RLIKE, KW_SMALLINT, KW_STRING..KW_STRUCT, KW_TINYINT, KW_UNIONTYPE, KW_WHEN, LESSTHAN..LESSTHANOREQUALTO, MINUS..NOTEQUAL, PLUS, STAR, TILDE}&quot; using multiple alternatives: 1, 3

As a result, alternative(s) 3 were disabled for that input
[INFO] 
[INFO] --- maven-remote-resources-plugin:1.5:process (default) @ hive-exec ---
[INFO] 
[INFO] --- maven-resources-plugin:2.6:resources (default-resources) @ hive-exec ---
[INFO] Using &apos;UTF-8&apos; encoding to copy filtered resources.
[INFO] Copying 2 resources
[INFO] Copying 3 resources
[INFO] 
[INFO] --- maven-antrun-plugin:1.7:run (define-classpath) @ hive-exec ---
[INFO] Executing tasks

main:
[INFO] Executed tasks
[INFO] 
[INFO] --- maven-compiler-plugin:3.1:compile (default-compile) @ hive-exec ---
[INFO] Compiling 1915 source files to /data/hive-ptest/working/apache-svn-trunk-source/ql/target/classes
[WARNING] /data/hive-ptest/working/apache-svn-trunk-source/ql/src/java/org/apache/hadoop/hive/ql/exec/persistence/MapJoinBytesTableContainer.java: Some input files use or override a deprecated API.
[WARNING] /data/hive-ptest/working/apache-svn-trunk-source/ql/src/java/org/apache/hadoop/hive/ql/exec/persistence/MapJoinBytesTableContainer.java: Recompile with -Xlint:deprecation for details.
[WARNING] /data/hive-ptest/working/apache-svn-trunk-source/ql/src/gen/thrift/gen-javabean/org/apache/hadoop/hive/ql/plan/api/Query.java: Some input files use unchecked or unsafe operations.
[WARNING] /data/hive-ptest/working/apache-svn-trunk-source/ql/src/gen/thrift/gen-javabean/org/apache/hadoop/hive/ql/plan/api/Query.java: Recompile with -Xlint:unchecked for details.
[INFO] 
[INFO] --- build-helper-maven-plugin:1.8:add-test-source (add-test-sources) @ hive-exec ---
[INFO] Test Source directory: /data/hive-ptest/working/apache-svn-trunk-source/ql/target/generated-test-sources/java added.
[INFO] 
[INFO] --- maven-resources-plugin:2.6:testResources (default-testResources) @ hive-exec ---
[INFO] Using &apos;UTF-8&apos; encoding to copy filtered resources.
[INFO] Copying 6 resources
[INFO] Copying 3 resources
[INFO] 
[INFO] --- maven-antrun-plugin:1.7:run (setup-test-dirs) @ hive-exec ---
[INFO] Executing tasks

main:
    [mkdir] Created dir: /data/hive-ptest/working/apache-svn-trunk-source/ql/target/tmp
    [mkdir] Created dir: /data/hive-ptest/working/apache-svn-trunk-source/ql/target/warehouse
    [mkdir] Created dir: /data/hive-ptest/working/apache-svn-trunk-source/ql/target/tmp/conf
     [copy] Copying 7 files to /data/hive-ptest/working/apache-svn-trunk-source/ql/target/tmp/conf
[INFO] Executed tasks
[INFO] 
[INFO] --- maven-compiler-plugin:3.1:testCompile (default-testCompile) @ hive-exec ---
[INFO] Compiling 214 source files to /data/hive-ptest/working/apache-svn-trunk-source/ql/target/test-classes
[INFO] -------------------------------------------------------------
[WARNING] COMPILATION WARNING : 
[INFO] -------------------------------------------------------------
[WARNING] /data/hive-ptest/working/apache-svn-trunk-source/ql/src/test/org/apache/hadoop/hive/ql/io/orc/TestInputOutputFormat.java: Some input files use or override a deprecated API.
[WARNING] /data/hive-ptest/working/apache-svn-trunk-source/ql/src/test/org/apache/hadoop/hive/ql/io/orc/TestInputOutputFormat.java: Recompile with -Xlint:deprecation for details.
[WARNING] /data/hive-ptest/working/apache-svn-trunk-source/ql/src/test/org/apache/hadoop/hive/ql/io/orc/TestInputOutputFormat.java: Some input files use unchecked or unsafe operations.
[WARNING] /data/hive-ptest/working/apache-svn-trunk-source/ql/src/test/org/apache/hadoop/hive/ql/io/orc/TestInputOutputFormat.java: Recompile with -Xlint:unchecked for details.
[INFO] 4 warnings 
[INFO] -------------------------------------------------------------
[INFO] -------------------------------------------------------------
[ERROR] COMPILATION ERROR : 
[INFO] -------------------------------------------------------------
[ERROR] /data/hive-ptest/working/apache-svn-trunk-source/ql/src/test/org/apache/hadoop/hive/ql/exec/TestOperators.java:[140,47] incompatible types
  required: java.util.Map&amp;lt;java.lang.Enum&amp;lt;?&amp;gt;,java.lang.Long&amp;gt;
  found:    java.util.Map&amp;lt;java.lang.String,java.lang.Long&amp;gt;
[ERROR] /data/hive-ptest/working/apache-svn-trunk-source/ql/src/test/org/apache/hadoop/hive/ql/exec/TestOperators.java:[142,39] cannot find symbol
  symbol:   variable Counter
  location: class org.apache.hadoop.hive.ql.exec.FilterOperator
[ERROR] /data/hive-ptest/working/apache-svn-trunk-source/ql/src/test/org/apache/hadoop/hive/ql/exec/TestOperators.java:[144,30] cannot find symbol
  symbol:   variable Counter
  location: class org.apache.hadoop.hive.ql.exec.FilterOperator
[ERROR] /data/hive-ptest/working/apache-svn-trunk-source/ql/src/test/org/apache/hadoop/hive/ql/exec/TestOperators.java:[146,39] cannot find symbol
  symbol:   variable Counter
  location: class org.apache.hadoop.hive.ql.exec.FilterOperator
[ERROR] /data/hive-ptest/working/apache-svn-trunk-source/ql/src/test/org/apache/hadoop/hive/ql/exec/TestOperators.java:[147,63] cannot find symbol
  symbol:   variable Counter
  location: class org.apache.hadoop.hive.ql.exec.FilterOperator
[INFO] 5 errors 
[INFO] -------------------------------------------------------------
[INFO] ------------------------------------------------------------------------
[INFO] Reactor Summary:
[INFO] 
[INFO] Hive .............................................. SUCCESS [12.016s]
[INFO] Hive Shims Common ................................. SUCCESS [9.482s]
[INFO] Hive Shims 0.20 ................................... SUCCESS [3.596s]
[INFO] Hive Shims Secure Common .......................... SUCCESS [5.517s]
[INFO] Hive Shims 0.20S .................................. SUCCESS [2.784s]
[INFO] Hive Shims 0.23 ................................... SUCCESS [7.948s]
[INFO] Hive Shims ........................................ SUCCESS [0.985s]
[INFO] Hive Common ....................................... SUCCESS [28.384s]
[INFO] Hive Serde ........................................ SUCCESS [17.152s]
[INFO] Hive Metastore .................................... SUCCESS [35.521s]
[INFO] Hive Ant Utilities ................................ SUCCESS [1.728s]
[INFO] Hive Query Language ............................... FAILURE [1:14.846s]
[INFO] Hive Service ...................................... SKIPPED
[INFO] Hive Accumulo Handler ............................. SKIPPED
[INFO] Hive JDBC ......................................... SKIPPED
[INFO] Hive Beeline ...................................... SKIPPED
[INFO] Hive CLI .......................................... SKIPPED
[INFO] Hive Contrib ...................................... SKIPPED
[INFO] Hive HBase Handler ................................ SKIPPED
[INFO] Hive HCatalog ..................................... SKIPPED
[INFO] Hive HCatalog Core ................................ SKIPPED
[INFO] Hive HCatalog Pig Adapter ......................... SKIPPED
[INFO] Hive HCatalog Server Extensions ................... SKIPPED
[INFO] Hive HCatalog Webhcat Java Client ................. SKIPPED
[INFO] Hive HCatalog Webhcat ............................. SKIPPED
[INFO] Hive HCatalog Streaming ........................... SKIPPED
[INFO] Hive HWI .......................................... SKIPPED
[INFO] Hive ODBC ......................................... SKIPPED
[INFO] Hive Shims Aggregator ............................. SKIPPED
[INFO] Hive TestUtils .................................... SKIPPED
[INFO] Hive Packaging .................................... SKIPPED
[INFO] ------------------------------------------------------------------------
[INFO] BUILD FAILURE
[INFO] ------------------------------------------------------------------------
[INFO] Total time: 3:23.145s
[INFO] Finished at: Tue Oct 14 02:53:08 EDT 2014
[INFO] Final Memory: 80M/542M
[INFO] ------------------------------------------------------------------------
[ERROR] Failed to execute goal org.apache.maven.plugins:maven-compiler-plugin:3.1:testCompile (default-testCompile) on project hive-exec: Compilation failure: Compilation failure:
[ERROR] /data/hive-ptest/working/apache-svn-trunk-source/ql/src/test/org/apache/hadoop/hive/ql/exec/TestOperators.java:[140,47] incompatible types
[ERROR] required: java.util.Map&amp;lt;java.lang.Enum&amp;lt;?&amp;gt;,java.lang.Long&amp;gt;
[ERROR] found:    java.util.Map&amp;lt;java.lang.String,java.lang.Long&amp;gt;
[ERROR] /data/hive-ptest/working/apache-svn-trunk-source/ql/src/test/org/apache/hadoop/hive/ql/exec/TestOperators.java:[142,39] cannot find symbol
[ERROR] symbol:   variable Counter
[ERROR] location: class org.apache.hadoop.hive.ql.exec.FilterOperator
[ERROR] /data/hive-ptest/working/apache-svn-trunk-source/ql/src/test/org/apache/hadoop/hive/ql/exec/TestOperators.java:[144,30] cannot find symbol
[ERROR] symbol:   variable Counter
[ERROR] location: class org.apache.hadoop.hive.ql.exec.FilterOperator
[ERROR] /data/hive-ptest/working/apache-svn-trunk-source/ql/src/test/org/apache/hadoop/hive/ql/exec/TestOperators.java:[146,39] cannot find symbol
[ERROR] symbol:   variable Counter
[ERROR] location: class org.apache.hadoop.hive.ql.exec.FilterOperator
[ERROR] /data/hive-ptest/working/apache-svn-trunk-source/ql/src/test/org/apache/hadoop/hive/ql/exec/TestOperators.java:[147,63] cannot find symbol
[ERROR] symbol:   variable Counter
[ERROR] location: class org.apache.hadoop.hive.ql.exec.FilterOperator
[ERROR] -&amp;gt; [Help 1]
[ERROR] 
[ERROR] To see the full stack trace of the errors, re-run Maven with the -e switch.
[ERROR] Re-run Maven using the -X switch to enable full debug logging.
[ERROR] 
[ERROR] For more information about the errors and possible solutions, please read the following articles:
[ERROR] [Help 1] http://cwiki.apache.org/confluence/display/MAVEN/MojoFailureException
[ERROR] 
[ERROR] After correcting the problems, you can resume the build with the command
[ERROR]   mvn &amp;lt;goals&amp;gt; -rf :hive-exec
+ exit 1
&apos;
&lt;/pre&gt;
&lt;/div&gt;&lt;/div&gt;

&lt;p&gt;This message is automatically generated.&lt;/p&gt;

&lt;p&gt;ATTACHMENT ID: 12674695&lt;/p&gt;</comment>
                            <comment id="14171212" author="hagleitn" created="Tue, 14 Oct 2014 16:53:44 +0000"  >&lt;p&gt;screwed up .3. Was missing some updates.&lt;/p&gt;</comment>
                            <comment id="14171213" author="hagleitn" created="Tue, 14 Oct 2014 16:54:30 +0000"  >&lt;p&gt;&lt;a href=&quot;https://reviews.apache.org/r/26584/&quot; class=&quot;external-link&quot; target=&quot;_blank&quot; rel=&quot;nofollow noopener&quot;&gt;https://reviews.apache.org/r/26584/&lt;/a&gt;&lt;/p&gt;</comment>
                            <comment id="14172408" author="hiveqa" created="Wed, 15 Oct 2014 14:30:11 +0000"  >

&lt;p&gt;&lt;font color=&quot;red&quot;&gt;Overall&lt;/font&gt;: -1 at least one tests failed&lt;/p&gt;

&lt;p&gt;Here are the results of testing the latest attachment:&lt;br/&gt;
&lt;a href=&quot;https://issues.apache.org/jira/secure/attachment/12674794/HIVE-8429.4.patch&quot; class=&quot;external-link&quot; rel=&quot;nofollow&quot;&gt;https://issues.apache.org/jira/secure/attachment/12674794/HIVE-8429.4.patch&lt;/a&gt;&lt;/p&gt;

&lt;p&gt;&lt;font color=&quot;red&quot;&gt;ERROR:&lt;/font&gt; -1 due to 4 failed/errored test(s), 6558 tests executed&lt;br/&gt;
&lt;b&gt;Failed tests:&lt;/b&gt;&lt;/p&gt;
&lt;div class=&quot;preformatted panel&quot; style=&quot;border-width: 1px;&quot;&gt;&lt;div class=&quot;preformattedContent panelContent&quot;&gt;
&lt;pre&gt;org.apache.hadoop.hive.cli.TestCliDriver.testCliDriver_parallel
org.apache.hive.beeline.TestSchemaTool.testSchemaInit
org.apache.hive.beeline.TestSchemaTool.testSchemaUpgrade
org.apache.hive.hcatalog.streaming.TestStreaming.testTransactionBatchAbort
&lt;/pre&gt;
&lt;/div&gt;&lt;/div&gt;

&lt;p&gt;Test results: &lt;a href=&quot;http://ec2-174-129-184-35.compute-1.amazonaws.com/jenkins/job/PreCommit-HIVE-TRUNK-Build/1276/testReport&quot; class=&quot;external-link&quot; target=&quot;_blank&quot; rel=&quot;nofollow noopener&quot;&gt;http://ec2-174-129-184-35.compute-1.amazonaws.com/jenkins/job/PreCommit-HIVE-TRUNK-Build/1276/testReport&lt;/a&gt;&lt;br/&gt;
Console output: &lt;a href=&quot;http://ec2-174-129-184-35.compute-1.amazonaws.com/jenkins/job/PreCommit-HIVE-TRUNK-Build/1276/console&quot; class=&quot;external-link&quot; target=&quot;_blank&quot; rel=&quot;nofollow noopener&quot;&gt;http://ec2-174-129-184-35.compute-1.amazonaws.com/jenkins/job/PreCommit-HIVE-TRUNK-Build/1276/console&lt;/a&gt;&lt;br/&gt;
Test logs: &lt;a href=&quot;http://ec2-174-129-184-35.compute-1.amazonaws.com/logs/PreCommit-HIVE-TRUNK-Build-1276/&quot; class=&quot;external-link&quot; target=&quot;_blank&quot; rel=&quot;nofollow noopener&quot;&gt;http://ec2-174-129-184-35.compute-1.amazonaws.com/logs/PreCommit-HIVE-TRUNK-Build-1276/&lt;/a&gt;&lt;/p&gt;

&lt;p&gt;Messages:&lt;/p&gt;
&lt;div class=&quot;preformatted panel&quot; style=&quot;border-width: 1px;&quot;&gt;&lt;div class=&quot;preformattedContent panelContent&quot;&gt;
&lt;pre&gt;Executing org.apache.hive.ptest.execution.PrepPhase
Executing org.apache.hive.ptest.execution.ExecutionPhase
Executing org.apache.hive.ptest.execution.ReportingPhase
Tests exited with: TestsFailedException: 4 tests failed
&lt;/pre&gt;
&lt;/div&gt;&lt;/div&gt;

&lt;p&gt;This message is automatically generated.&lt;/p&gt;

&lt;p&gt;ATTACHMENT ID: 12674794&lt;/p&gt;</comment>
                            <comment id="14174189" author="hagleitn" created="Thu, 16 Oct 2014 20:25:42 +0000"  >&lt;p&gt;Failures are unrelated. &lt;a href=&quot;https://issues.apache.org/jira/secure/ViewProfile.jspa?name=gopalv&quot; class=&quot;user-hover&quot; rel=&quot;gopalv&quot;&gt;gopalv&lt;/a&gt; can you take another look?&lt;/p&gt;</comment>
                            <comment id="14175746" author="gopalv" created="Sat, 18 Oct 2014 00:29:42 +0000"  >&lt;p&gt;+1 - LGTM.&lt;/p&gt;</comment>
                            <comment id="14175754" author="hagleitn" created="Sat, 18 Oct 2014 00:42:09 +0000"  >&lt;p&gt;Committed to branch and trunk.&lt;/p&gt;</comment>
                            <comment id="14175792" author="lefty@hortonworks.com" created="Sat, 18 Oct 2014 01:40:45 +0000"  >&lt;p&gt;No user doc needed?  How about a release note?&lt;/p&gt;</comment>
                            <comment id="14210913" author="thejas" created="Thu, 13 Nov 2014 19:43:11 +0000"  >&lt;p&gt;This has been fixed in 0.14 release. Please open new jira if you see any issues.&lt;/p&gt;</comment>
                    </comments>
                    <attachments>
                            <attachment id="12674297" name="HIVE-8429.1.patch" size="30785" author="hagleitn" created="Fri, 10 Oct 2014 23:20:35 +0000"/>
                            <attachment id="12674610" name="HIVE-8429.2.patch" size="30648" author="hagleitn" created="Mon, 13 Oct 2014 21:44:12 +0000"/>
                            <attachment id="12674695" name="HIVE-8429.3.patch" size="28318" author="hagleitn" created="Tue, 14 Oct 2014 05:17:04 +0000"/>
                            <attachment id="12674794" name="HIVE-8429.4.patch" size="30735" author="hagleitn" created="Tue, 14 Oct 2014 16:53:44 +0000"/>
                    </attachments>
                <subtasks>
                    </subtasks>
                <customfields>
                                                                            <customfield id="customfield_12310310" key="com.atlassian.jira.toolkit:attachments">
                        <customfieldname>Attachment count</customfieldname>
                        <customfieldvalues>
                            <customfieldvalue>4.0</customfieldvalue>
                        </customfieldvalues>
                    </customfield>
                                                                                                                                                                                                                                                                                                                                                                                                                                                                                                                                                                                                                                                                                                        <customfield id="customfield_12314020" key="com.atlassian.jira.plugins.jira-development-integration-plugin:devsummary">
                        <customfieldname>Development</customfieldname>
                        <customfieldvalues>
                            
                        </customfieldvalues>
                    </customfield>
                                                                                                                        <customfield id="customfield_12313422" key="com.atlassian.jirafisheyeplugin:jobcheckbox">
                        <customfieldname>Enable Automatic Patch Review</customfieldname>
                        <customfieldvalues>
                            <customfieldvalue><![CDATA[false]]></customfieldvalue>

                        </customfieldvalues>
                    </customfield>
                                                                                                                                                                                                                                                                                                                                                                                                                                                                                                                                                                                                                                                <customfield id="customfield_12310420" key="com.pyxis.greenhopper.jira:gh-global-rank">
                        <customfieldname>Global Rank</customfieldname>
                        <customfieldvalues>
                            <customfieldvalue>9223372036854775807</customfieldvalue>
                        </customfieldvalues>
                    </customfield>
                                                                                                                                                                                                                                                                    <customfield id="customfield_12312521" key="com.atlassian.jira.toolkit:LastCommentDate">
                        <customfieldname>Last public comment date</customfieldname>
                        <customfieldvalues>
                            11 years, 1 week, 5 days ago
                        </customfieldvalues>
                    </customfield>
                                                                                                                                                                                                                                                                                                <customfield id="customfield_12311820" key="com.pyxis.greenhopper.jira:gh-lexo-rank">
                        <customfieldname>Rank</customfieldname>
                        <customfieldvalues>
                            <customfieldvalue>0|i2122v:</customfieldvalue>

                        </customfieldvalues>
                    </customfield>
                                                                <customfield id="customfield_12310920" key="com.pyxis.greenhopper.jira:gh-global-rank">
                        <customfieldname>Rank (Obsolete)</customfieldname>
                        <customfieldvalues>
                            <customfieldvalue>9223372036854775807</customfieldvalue>
                        </customfieldvalues>
                    </customfield>
                                                                                                                                                                                                                                                                                                                                                                                                                                                                                                                                                                                                                                                                                                                                                                                                                                                                                </customfields>
    </item>
</channel>
</rss>