<!-- 
RSS generated by JIRA (8.20.10#820010-sha1:ace47f9899e9ee25d7157d59aa17ab06aee30d3d) at Wed Nov 12 18:26:40 UTC 2025

It is possible to restrict the fields that are returned in this document by specifying the 'field' parameter in your request.
For example, to request only the issue key and summary append 'field=key&field=summary' to the URL of your request.
-->
<rss version="0.92" >
<channel>
    <title>ASF Jira</title>
    <link>https://issues.apache.org/jira</link>
    <description>This file is an XML representation of an issue</description>
    <language>en-uk</language>    <build-info>
        <version>8.20.10</version>
        <build-number>820010</build-number>
        <build-date>22-06-2022</build-date>
    </build-info>


<item>
            <title>[HIVE-8614] Upgrade hive to use tez version 0.5.2-SNAPSHOT</title>
                <link>https://issues.apache.org/jira/browse/HIVE-8614</link>
                <project id="12310843" key="HIVE">Hive</project>
                    <description></description>
                <environment></environment>
        <key id="12750844">HIVE-8614</key>
            <summary>Upgrade hive to use tez version 0.5.2-SNAPSHOT</summary>
                <type id="1" iconUrl="https://issues.apache.org/jira/secure/viewavatar?size=xsmall&amp;avatarId=21133&amp;avatarType=issuetype">Bug</type>
                                            <priority id="2" iconUrl="https://issues.apache.org/jira/images/icons/priorities/critical.svg">Critical</priority>
                        <status id="6" iconUrl="https://issues.apache.org/jira/images/icons/statuses/closed.png" description="The issue is considered finished, the resolution is correct. Issues which are not closed can be reopened.">Closed</status>
                    <statusCategory id="3" key="done" colorName="green"/>
                                    <resolution id="1">Fixed</resolution>
                                        <assignee username="vikram.dixit">Vikram Dixit K</assignee>
                                    <reporter username="vikram.dixit">Vikram Dixit K</reporter>
                        <labels>
                    </labels>
                <created>Mon, 27 Oct 2014 18:38:34 +0000</created>
                <updated>Mon, 9 Feb 2015 16:43:49 +0000</updated>
                            <resolved>Wed, 29 Oct 2014 04:10:33 +0000</resolved>
                                    <version>0.14.0</version>
                                    <fixVersion>0.14.0</fixVersion>
                                        <due></due>
                            <votes>0</votes>
                                    <watches>5</watches>
                                                                                                                <comments>
                            <comment id="14185618" author="hiveqa" created="Mon, 27 Oct 2014 18:59:03 +0000"  >

&lt;p&gt;&lt;font color=&quot;red&quot;&gt;Overall&lt;/font&gt;: -1 no tests executed&lt;/p&gt;

&lt;p&gt;Here are the results of testing the latest attachment:&lt;br/&gt;
&lt;a href=&quot;https://issues.apache.org/jira/secure/attachment/12677363/HIVE-8614.2.patch&quot; class=&quot;external-link&quot; rel=&quot;nofollow&quot;&gt;https://issues.apache.org/jira/secure/attachment/12677363/HIVE-8614.2.patch&lt;/a&gt;&lt;/p&gt;

&lt;p&gt;Test results: &lt;a href=&quot;http://ec2-174-129-184-35.compute-1.amazonaws.com/jenkins/job/PreCommit-HIVE-TRUNK-Build/1480/testReport&quot; class=&quot;external-link&quot; target=&quot;_blank&quot; rel=&quot;nofollow noopener&quot;&gt;http://ec2-174-129-184-35.compute-1.amazonaws.com/jenkins/job/PreCommit-HIVE-TRUNK-Build/1480/testReport&lt;/a&gt;&lt;br/&gt;
Console output: &lt;a href=&quot;http://ec2-174-129-184-35.compute-1.amazonaws.com/jenkins/job/PreCommit-HIVE-TRUNK-Build/1480/console&quot; class=&quot;external-link&quot; target=&quot;_blank&quot; rel=&quot;nofollow noopener&quot;&gt;http://ec2-174-129-184-35.compute-1.amazonaws.com/jenkins/job/PreCommit-HIVE-TRUNK-Build/1480/console&lt;/a&gt;&lt;br/&gt;
Test logs: &lt;a href=&quot;http://ec2-174-129-184-35.compute-1.amazonaws.com/logs/PreCommit-HIVE-TRUNK-Build-1480/&quot; class=&quot;external-link&quot; target=&quot;_blank&quot; rel=&quot;nofollow noopener&quot;&gt;http://ec2-174-129-184-35.compute-1.amazonaws.com/logs/PreCommit-HIVE-TRUNK-Build-1480/&lt;/a&gt;&lt;/p&gt;

&lt;p&gt;Messages:&lt;/p&gt;
&lt;div class=&quot;preformatted panel&quot; style=&quot;border-width: 1px;&quot;&gt;&lt;div class=&quot;preformattedContent panelContent&quot;&gt;
&lt;pre&gt;**** This message was trimmed, see log for full details ****
[INFO] 
[INFO] --- maven-compiler-plugin:3.1:testCompile (default-testCompile) @ hive-shims-0.20 ---
[INFO] No sources to compile
[INFO] 
[INFO] --- maven-surefire-plugin:2.16:test (default-test) @ hive-shims-0.20 ---
[INFO] Tests are skipped.
[INFO] 
[INFO] --- maven-jar-plugin:2.2:jar (default-jar) @ hive-shims-0.20 ---
[INFO] Building jar: /data/hive-ptest/working/apache-svn-trunk-source/shims/0.20/target/hive-shims-0.20-0.15.0-SNAPSHOT.jar
[INFO] 
[INFO] --- maven-site-plugin:3.3:attach-descriptor (attach-descriptor) @ hive-shims-0.20 ---
[INFO] 
[INFO] --- maven-install-plugin:2.4:install (default-install) @ hive-shims-0.20 ---
[INFO] Installing /data/hive-ptest/working/apache-svn-trunk-source/shims/0.20/target/hive-shims-0.20-0.15.0-SNAPSHOT.jar to /data/hive-ptest/working/maven/org/apache/hive/shims/hive-shims-0.20/0.15.0-SNAPSHOT/hive-shims-0.20-0.15.0-SNAPSHOT.jar
[INFO] Installing /data/hive-ptest/working/apache-svn-trunk-source/shims/0.20/pom.xml to /data/hive-ptest/working/maven/org/apache/hive/shims/hive-shims-0.20/0.15.0-SNAPSHOT/hive-shims-0.20-0.15.0-SNAPSHOT.pom
[INFO]                                                                         
[INFO] ------------------------------------------------------------------------
[INFO] Building Hive Shims Secure Common 0.15.0-SNAPSHOT
[INFO] ------------------------------------------------------------------------
[INFO] 
[INFO] --- maven-clean-plugin:2.5:clean (default-clean) @ hive-shims-common-secure ---
[INFO] Deleting /data/hive-ptest/working/apache-svn-trunk-source/shims/common-secure (includes = [datanucleus.log, derby.log], excludes = [])
[INFO] 
[INFO] --- maven-remote-resources-plugin:1.5:process (default) @ hive-shims-common-secure ---
[INFO] 
[INFO] --- maven-resources-plugin:2.6:resources (default-resources) @ hive-shims-common-secure ---
[INFO] Using &apos;UTF-8&apos; encoding to copy filtered resources.
[INFO] skip non existing resourceDirectory /data/hive-ptest/working/apache-svn-trunk-source/shims/common-secure/src/main/resources
[INFO] Copying 3 resources
[INFO] 
[INFO] --- maven-antrun-plugin:1.7:run (define-classpath) @ hive-shims-common-secure ---
[INFO] Executing tasks

main:
[INFO] Executed tasks
[INFO] 
[INFO] --- maven-compiler-plugin:3.1:compile (default-compile) @ hive-shims-common-secure ---
[INFO] Compiling 12 source files to /data/hive-ptest/working/apache-svn-trunk-source/shims/common-secure/target/classes
[WARNING] /data/hive-ptest/working/apache-svn-trunk-source/shims/common-secure/src/main/java/org/apache/hadoop/hive/shims/HadoopShimsSecure.java: /data/hive-ptest/working/apache-svn-trunk-source/shims/common-secure/src/main/java/org/apache/hadoop/hive/shims/HadoopShimsSecure.java uses or overrides a deprecated API.
[WARNING] /data/hive-ptest/working/apache-svn-trunk-source/shims/common-secure/src/main/java/org/apache/hadoop/hive/shims/HadoopShimsSecure.java: Recompile with -Xlint:deprecation for details.
[WARNING] /data/hive-ptest/working/apache-svn-trunk-source/shims/common-secure/src/main/java/org/apache/hadoop/hive/shims/HadoopShimsSecure.java: Some input files use unchecked or unsafe operations.
[WARNING] /data/hive-ptest/working/apache-svn-trunk-source/shims/common-secure/src/main/java/org/apache/hadoop/hive/shims/HadoopShimsSecure.java: Recompile with -Xlint:unchecked for details.
[INFO] 
[INFO] --- maven-resources-plugin:2.6:testResources (default-testResources) @ hive-shims-common-secure ---
[INFO] Using &apos;UTF-8&apos; encoding to copy filtered resources.
[INFO] skip non existing resourceDirectory /data/hive-ptest/working/apache-svn-trunk-source/shims/common-secure/src/test/resources
[INFO] Copying 3 resources
[INFO] 
[INFO] --- maven-antrun-plugin:1.7:run (setup-test-dirs) @ hive-shims-common-secure ---
[INFO] Executing tasks

main:
    [mkdir] Created dir: /data/hive-ptest/working/apache-svn-trunk-source/shims/common-secure/target/tmp
    [mkdir] Created dir: /data/hive-ptest/working/apache-svn-trunk-source/shims/common-secure/target/warehouse
    [mkdir] Created dir: /data/hive-ptest/working/apache-svn-trunk-source/shims/common-secure/target/tmp/conf
     [copy] Copying 7 files to /data/hive-ptest/working/apache-svn-trunk-source/shims/common-secure/target/tmp/conf
[INFO] Executed tasks
[INFO] 
[INFO] --- maven-compiler-plugin:3.1:testCompile (default-testCompile) @ hive-shims-common-secure ---
[INFO] No sources to compile
[INFO] 
[INFO] --- maven-surefire-plugin:2.16:test (default-test) @ hive-shims-common-secure ---
[INFO] Tests are skipped.
[INFO] 
[INFO] --- maven-jar-plugin:2.2:jar (default-jar) @ hive-shims-common-secure ---
[INFO] Building jar: /data/hive-ptest/working/apache-svn-trunk-source/shims/common-secure/target/hive-shims-common-secure-0.15.0-SNAPSHOT.jar
[INFO] 
[INFO] --- maven-site-plugin:3.3:attach-descriptor (attach-descriptor) @ hive-shims-common-secure ---
[INFO] 
[INFO] --- maven-install-plugin:2.4:install (default-install) @ hive-shims-common-secure ---
[INFO] Installing /data/hive-ptest/working/apache-svn-trunk-source/shims/common-secure/target/hive-shims-common-secure-0.15.0-SNAPSHOT.jar to /data/hive-ptest/working/maven/org/apache/hive/shims/hive-shims-common-secure/0.15.0-SNAPSHOT/hive-shims-common-secure-0.15.0-SNAPSHOT.jar
[INFO] Installing /data/hive-ptest/working/apache-svn-trunk-source/shims/common-secure/pom.xml to /data/hive-ptest/working/maven/org/apache/hive/shims/hive-shims-common-secure/0.15.0-SNAPSHOT/hive-shims-common-secure-0.15.0-SNAPSHOT.pom
[INFO]                                                                         
[INFO] ------------------------------------------------------------------------
[INFO] Building Hive Shims 0.20S 0.15.0-SNAPSHOT
[INFO] ------------------------------------------------------------------------
[INFO] 
[INFO] --- maven-clean-plugin:2.5:clean (default-clean) @ hive-shims-0.20S ---
[INFO] Deleting /data/hive-ptest/working/apache-svn-trunk-source/shims/0.20S (includes = [datanucleus.log, derby.log], excludes = [])
[INFO] 
[INFO] --- maven-remote-resources-plugin:1.5:process (default) @ hive-shims-0.20S ---
[INFO] 
[INFO] --- maven-resources-plugin:2.6:resources (default-resources) @ hive-shims-0.20S ---
[INFO] Using &apos;UTF-8&apos; encoding to copy filtered resources.
[INFO] skip non existing resourceDirectory /data/hive-ptest/working/apache-svn-trunk-source/shims/0.20S/src/main/resources
[INFO] Copying 3 resources
[INFO] 
[INFO] --- maven-antrun-plugin:1.7:run (define-classpath) @ hive-shims-0.20S ---
[INFO] Executing tasks

main:
[INFO] Executed tasks
[INFO] 
[INFO] --- maven-compiler-plugin:3.1:compile (default-compile) @ hive-shims-0.20S ---
[INFO] Compiling 3 source files to /data/hive-ptest/working/apache-svn-trunk-source/shims/0.20S/target/classes
[WARNING] /data/hive-ptest/working/apache-svn-trunk-source/shims/0.20S/src/main/java/org/apache/hadoop/hive/shims/Hadoop20SShims.java: /data/hive-ptest/working/apache-svn-trunk-source/shims/0.20S/src/main/java/org/apache/hadoop/hive/shims/Hadoop20SShims.java uses or overrides a deprecated API.
[WARNING] /data/hive-ptest/working/apache-svn-trunk-source/shims/0.20S/src/main/java/org/apache/hadoop/hive/shims/Hadoop20SShims.java: Recompile with -Xlint:deprecation for details.
[INFO] 
[INFO] --- maven-resources-plugin:2.6:testResources (default-testResources) @ hive-shims-0.20S ---
[INFO] Using &apos;UTF-8&apos; encoding to copy filtered resources.
[INFO] skip non existing resourceDirectory /data/hive-ptest/working/apache-svn-trunk-source/shims/0.20S/src/test/resources
[INFO] Copying 3 resources
[INFO] 
[INFO] --- maven-antrun-plugin:1.7:run (setup-test-dirs) @ hive-shims-0.20S ---
[INFO] Executing tasks

main:
    [mkdir] Created dir: /data/hive-ptest/working/apache-svn-trunk-source/shims/0.20S/target/tmp
    [mkdir] Created dir: /data/hive-ptest/working/apache-svn-trunk-source/shims/0.20S/target/warehouse
    [mkdir] Created dir: /data/hive-ptest/working/apache-svn-trunk-source/shims/0.20S/target/tmp/conf
     [copy] Copying 7 files to /data/hive-ptest/working/apache-svn-trunk-source/shims/0.20S/target/tmp/conf
[INFO] Executed tasks
[INFO] 
[INFO] --- maven-compiler-plugin:3.1:testCompile (default-testCompile) @ hive-shims-0.20S ---
[INFO] No sources to compile
[INFO] 
[INFO] --- maven-surefire-plugin:2.16:test (default-test) @ hive-shims-0.20S ---
[INFO] Tests are skipped.
[INFO] 
[INFO] --- maven-jar-plugin:2.2:jar (default-jar) @ hive-shims-0.20S ---
[INFO] Building jar: /data/hive-ptest/working/apache-svn-trunk-source/shims/0.20S/target/hive-shims-0.20S-0.15.0-SNAPSHOT.jar
[INFO] 
[INFO] --- maven-site-plugin:3.3:attach-descriptor (attach-descriptor) @ hive-shims-0.20S ---
[INFO] 
[INFO] --- maven-install-plugin:2.4:install (default-install) @ hive-shims-0.20S ---
[INFO] Installing /data/hive-ptest/working/apache-svn-trunk-source/shims/0.20S/target/hive-shims-0.20S-0.15.0-SNAPSHOT.jar to /data/hive-ptest/working/maven/org/apache/hive/shims/hive-shims-0.20S/0.15.0-SNAPSHOT/hive-shims-0.20S-0.15.0-SNAPSHOT.jar
[INFO] Installing /data/hive-ptest/working/apache-svn-trunk-source/shims/0.20S/pom.xml to /data/hive-ptest/working/maven/org/apache/hive/shims/hive-shims-0.20S/0.15.0-SNAPSHOT/hive-shims-0.20S-0.15.0-SNAPSHOT.pom
[INFO]                                                                         
[INFO] ------------------------------------------------------------------------
[INFO] Building Hive Shims 0.23 0.15.0-SNAPSHOT
[INFO] ------------------------------------------------------------------------
Downloading: http://repository.apache.org/snapshots/org/apache/tez/tez-api/0.5.2-SNAPSHOT/maven-metadata.xml
[WARNING] Could not transfer metadata org.apache.tez:tez-api:0.5.2-SNAPSHOT/maven-metadata.xml from/to apache.snapshots (http://repository.apache.org/snapshots): Failed to transfer file: http://repository.apache.org/snapshots/org/apache/tez/tez-api/0.5.2-SNAPSHOT/maven-metadata.xml. Return code is: 503 , ReasonPhrase:Service Temporarily Unavailable.
[WARNING] Failure to transfer org.apache.tez:tez-api:0.5.2-SNAPSHOT/maven-metadata.xml from http://repository.apache.org/snapshots was cached in the local repository, resolution will not be reattempted until the update interval of apache.snapshots has elapsed or updates are forced. Original error: Could not transfer metadata org.apache.tez:tez-api:0.5.2-SNAPSHOT/maven-metadata.xml from/to apache.snapshots (http://repository.apache.org/snapshots): Failed to transfer file: http://repository.apache.org/snapshots/org/apache/tez/tez-api/0.5.2-SNAPSHOT/maven-metadata.xml. Return code is: 503 , ReasonPhrase:Service Temporarily Unavailable.
Downloading: http://repository.apache.org/snapshots/org/apache/tez/tez-api/0.5.2-SNAPSHOT/tez-api-0.5.2-SNAPSHOT.pom
Downloading: http://repository.apache.org/snapshots/org/apache/tez/tez-runtime-library/0.5.2-SNAPSHOT/maven-metadata.xml
[WARNING] Could not transfer metadata org.apache.tez:tez-runtime-library:0.5.2-SNAPSHOT/maven-metadata.xml from/to apache.snapshots (http://repository.apache.org/snapshots): Failed to transfer file: http://repository.apache.org/snapshots/org/apache/tez/tez-runtime-library/0.5.2-SNAPSHOT/maven-metadata.xml. Return code is: 503 , ReasonPhrase:Service Temporarily Unavailable.
[WARNING] Failure to transfer org.apache.tez:tez-runtime-library:0.5.2-SNAPSHOT/maven-metadata.xml from http://repository.apache.org/snapshots was cached in the local repository, resolution will not be reattempted until the update interval of apache.snapshots has elapsed or updates are forced. Original error: Could not transfer metadata org.apache.tez:tez-runtime-library:0.5.2-SNAPSHOT/maven-metadata.xml from/to apache.snapshots (http://repository.apache.org/snapshots): Failed to transfer file: http://repository.apache.org/snapshots/org/apache/tez/tez-runtime-library/0.5.2-SNAPSHOT/maven-metadata.xml. Return code is: 503 , ReasonPhrase:Service Temporarily Unavailable.
Downloading: http://repository.apache.org/snapshots/org/apache/tez/tez-runtime-library/0.5.2-SNAPSHOT/tez-runtime-library-0.5.2-SNAPSHOT.pom
Downloading: http://repository.apache.org/snapshots/org/apache/tez/tez-mapreduce/0.5.2-SNAPSHOT/maven-metadata.xml
[WARNING] Could not transfer metadata org.apache.tez:tez-mapreduce:0.5.2-SNAPSHOT/maven-metadata.xml from/to apache.snapshots (http://repository.apache.org/snapshots): Failed to transfer file: http://repository.apache.org/snapshots/org/apache/tez/tez-mapreduce/0.5.2-SNAPSHOT/maven-metadata.xml. Return code is: 503 , ReasonPhrase:Service Temporarily Unavailable.
[WARNING] Failure to transfer org.apache.tez:tez-mapreduce:0.5.2-SNAPSHOT/maven-metadata.xml from http://repository.apache.org/snapshots was cached in the local repository, resolution will not be reattempted until the update interval of apache.snapshots has elapsed or updates are forced. Original error: Could not transfer metadata org.apache.tez:tez-mapreduce:0.5.2-SNAPSHOT/maven-metadata.xml from/to apache.snapshots (http://repository.apache.org/snapshots): Failed to transfer file: http://repository.apache.org/snapshots/org/apache/tez/tez-mapreduce/0.5.2-SNAPSHOT/maven-metadata.xml. Return code is: 503 , ReasonPhrase:Service Temporarily Unavailable.
Downloading: http://repository.apache.org/snapshots/org/apache/tez/tez-mapreduce/0.5.2-SNAPSHOT/tez-mapreduce-0.5.2-SNAPSHOT.pom
Downloading: http://repository.apache.org/snapshots/org/apache/tez/tez-tests/0.5.2-SNAPSHOT/maven-metadata.xml
[WARNING] Could not transfer metadata org.apache.tez:tez-tests:0.5.2-SNAPSHOT/maven-metadata.xml from/to apache.snapshots (http://repository.apache.org/snapshots): Failed to transfer file: http://repository.apache.org/snapshots/org/apache/tez/tez-tests/0.5.2-SNAPSHOT/maven-metadata.xml. Return code is: 503 , ReasonPhrase:Service Temporarily Unavailable.
[WARNING] Failure to transfer org.apache.tez:tez-tests:0.5.2-SNAPSHOT/maven-metadata.xml from http://repository.apache.org/snapshots was cached in the local repository, resolution will not be reattempted until the update interval of apache.snapshots has elapsed or updates are forced. Original error: Could not transfer metadata org.apache.tez:tez-tests:0.5.2-SNAPSHOT/maven-metadata.xml from/to apache.snapshots (http://repository.apache.org/snapshots): Failed to transfer file: http://repository.apache.org/snapshots/org/apache/tez/tez-tests/0.5.2-SNAPSHOT/maven-metadata.xml. Return code is: 503 , ReasonPhrase:Service Temporarily Unavailable.
Downloading: http://repository.apache.org/snapshots/org/apache/tez/tez-tests/0.5.2-SNAPSHOT/tez-tests-0.5.2-SNAPSHOT.pom
[INFO] ------------------------------------------------------------------------
[INFO] Reactor Summary:
[INFO] 
[INFO] Hive .............................................. SUCCESS [12.293s]
[INFO] Hive Shims Common ................................. SUCCESS [6.667s]
[INFO] Hive Shims 0.20 ................................... SUCCESS [3.860s]
[INFO] Hive Shims Secure Common .......................... SUCCESS [5.007s]
[INFO] Hive Shims 0.20S .................................. SUCCESS [2.431s]
[INFO] Hive Shims 0.23 ................................... FAILURE [8:04.301s]
[INFO] Hive Shims ........................................ SKIPPED
[INFO] Hive Common ....................................... SKIPPED
[INFO] Hive Serde ........................................ SKIPPED
[INFO] Hive Metastore .................................... SKIPPED
[INFO] Hive Ant Utilities ................................ SKIPPED
[INFO] Hive Query Language ............................... SKIPPED
[INFO] Hive Service ...................................... SKIPPED
[INFO] Hive Accumulo Handler ............................. SKIPPED
[INFO] Hive JDBC ......................................... SKIPPED
[INFO] Hive Beeline ...................................... SKIPPED
[INFO] Hive CLI .......................................... SKIPPED
[INFO] Hive Contrib ...................................... SKIPPED
[INFO] Hive HBase Handler ................................ SKIPPED
[INFO] Hive HCatalog ..................................... SKIPPED
[INFO] Hive HCatalog Core ................................ SKIPPED
[INFO] Hive HCatalog Pig Adapter ......................... SKIPPED
[INFO] Hive HCatalog Server Extensions ................... SKIPPED
[INFO] Hive HCatalog Webhcat Java Client ................. SKIPPED
[INFO] Hive HCatalog Webhcat ............................. SKIPPED
[INFO] Hive HCatalog Streaming ........................... SKIPPED
[INFO] Hive HWI .......................................... SKIPPED
[INFO] Hive ODBC ......................................... SKIPPED
[INFO] Hive Shims Aggregator ............................. SKIPPED
[INFO] Hive TestUtils .................................... SKIPPED
[INFO] Hive Packaging .................................... SKIPPED
[INFO] ------------------------------------------------------------------------
[INFO] BUILD FAILURE
[INFO] ------------------------------------------------------------------------
[INFO] Total time: 8:37.220s
[INFO] Finished at: Mon Oct 27 14:58:36 EDT 2014
[INFO] Final Memory: 34M/83M
[INFO] ------------------------------------------------------------------------
[ERROR] Failed to execute goal on project hive-shims-0.23: Could not resolve dependencies for project org.apache.hive.shims:hive-shims-0.23:jar:0.15.0-SNAPSHOT: Failed to collect dependencies for [org.apache.hive.shims:hive-shims-common-secure:jar:0.15.0-SNAPSHOT (compile), commons-lang:commons-lang:jar:2.6 (compile), commons-logging:commons-logging:jar:1.1.3 (compile), org.apache.hadoop:hadoop-common:jar:2.5.0 (compile?), org.apache.hadoop:hadoop-hdfs:jar:2.5.0 (compile?), org.apache.hadoop:hadoop-hdfs:jar:tests:2.5.0 (compile?), org.apache.hadoop:hadoop-mapreduce-client-core:jar:2.5.0 (compile?), org.apache.hadoop:hadoop-mapreduce-client-jobclient:jar:tests:2.5.0 (compile?), org.apache.tez:tez-api:jar:0.5.2-SNAPSHOT (compile?), org.apache.tez:tez-runtime-library:jar:0.5.2-SNAPSHOT (compile?), org.apache.tez:tez-mapreduce:jar:0.5.2-SNAPSHOT (compile?), org.apache.hadoop:hadoop-yarn-api:jar:2.5.0 (compile?), org.apache.hadoop:hadoop-yarn-common:jar:2.5.0 (compile?), org.apache.hadoop:hadoop-yarn-client:jar:2.5.0 (compile?), org.apache.hadoop:hadoop-yarn-server-resourcemanager:jar:2.5.0 (compile), org.apache.tez:tez-tests:jar:tests:0.5.2-SNAPSHOT (compile?), org.apache.hadoop:hadoop-yarn-server-tests:jar:tests:2.5.0 (compile?), org.slf4j:slf4j-api:jar:1.7.5 (compile), org.slf4j:slf4j-log4j12:jar:1.7.5 (compile)]: Failed to read artifact descriptor for org.apache.tez:tez-api:jar:0.5.2-SNAPSHOT: Could not transfer artifact org.apache.tez:tez-api:pom:0.5.2-SNAPSHOT from/to apache.snapshots (http://repository.apache.org/snapshots): Failed to transfer file: http://repository.apache.org/snapshots/org/apache/tez/tez-api/0.5.2-SNAPSHOT/tez-api-0.5.2-SNAPSHOT.pom. Return code is: 503 , ReasonPhrase:Service Temporarily Unavailable. -&amp;gt; [Help 1]
[ERROR] 
[ERROR] To see the full stack trace of the errors, re-run Maven with the -e switch.
[ERROR] Re-run Maven using the -X switch to enable full debug logging.
[ERROR] 
[ERROR] For more information about the errors and possible solutions, please read the following articles:
[ERROR] [Help 1] http://cwiki.apache.org/confluence/display/MAVEN/DependencyResolutionException
[ERROR] 
[ERROR] After correcting the problems, you can resume the build with the command
[ERROR]   mvn &amp;lt;goals&amp;gt; -rf :hive-shims-0.23
+ exit 1
&apos;
&lt;/pre&gt;
&lt;/div&gt;&lt;/div&gt;

&lt;p&gt;This message is automatically generated.&lt;/p&gt;

&lt;p&gt;ATTACHMENT ID: 12677363 - PreCommit-HIVE-TRUNK-Build&lt;/p&gt;</comment>
                            <comment id="14186361" author="hagleitn" created="Tue, 28 Oct 2014 04:54:50 +0000"  >&lt;p&gt;&lt;a href=&quot;https://issues.apache.org/jira/browse/HIVE-8614&quot; title=&quot;Upgrade hive to use tez version 0.5.2-SNAPSHOT&quot; class=&quot;issue-link&quot; data-issue-key=&quot;HIVE-8614&quot;&gt;&lt;del&gt;HIVE-8614&lt;/del&gt;&lt;/a&gt; is a dup. This also makes the hang in the unit tests go away.&lt;/p&gt;</comment>
                            <comment id="14186670" author="hiveqa" created="Tue, 28 Oct 2014 10:13:32 +0000"  >

&lt;p&gt;&lt;font color=&quot;red&quot;&gt;Overall&lt;/font&gt;: -1 at least one tests failed&lt;/p&gt;

&lt;p&gt;Here are the results of testing the latest attachment:&lt;br/&gt;
&lt;a href=&quot;https://issues.apache.org/jira/secure/attachment/12677506/HIVE-8614.3.patch&quot; class=&quot;external-link&quot; rel=&quot;nofollow&quot;&gt;https://issues.apache.org/jira/secure/attachment/12677506/HIVE-8614.3.patch&lt;/a&gt;&lt;/p&gt;

&lt;p&gt;&lt;font color=&quot;red&quot;&gt;ERROR:&lt;/font&gt; -1 due to 3 failed/errored test(s), 6580 tests executed&lt;br/&gt;
&lt;b&gt;Failed tests:&lt;/b&gt;&lt;/p&gt;
&lt;div class=&quot;preformatted panel&quot; style=&quot;border-width: 1px;&quot;&gt;&lt;div class=&quot;preformattedContent panelContent&quot;&gt;
&lt;pre&gt;org.apache.hadoop.hive.cli.TestMiniTezCliDriver.testCliDriver_auto_sortmerge_join_5
org.apache.hadoop.hive.cli.TestMiniTezCliDriver.testCliDriver_optimize_nullscan
org.apache.hive.minikdc.TestJdbcWithMiniKdc.testNegativeTokenAuth
&lt;/pre&gt;
&lt;/div&gt;&lt;/div&gt;

&lt;p&gt;Test results: &lt;a href=&quot;http://ec2-174-129-184-35.compute-1.amazonaws.com/jenkins/job/PreCommit-HIVE-TRUNK-Build/1497/testReport&quot; class=&quot;external-link&quot; target=&quot;_blank&quot; rel=&quot;nofollow noopener&quot;&gt;http://ec2-174-129-184-35.compute-1.amazonaws.com/jenkins/job/PreCommit-HIVE-TRUNK-Build/1497/testReport&lt;/a&gt;&lt;br/&gt;
Console output: &lt;a href=&quot;http://ec2-174-129-184-35.compute-1.amazonaws.com/jenkins/job/PreCommit-HIVE-TRUNK-Build/1497/console&quot; class=&quot;external-link&quot; target=&quot;_blank&quot; rel=&quot;nofollow noopener&quot;&gt;http://ec2-174-129-184-35.compute-1.amazonaws.com/jenkins/job/PreCommit-HIVE-TRUNK-Build/1497/console&lt;/a&gt;&lt;br/&gt;
Test logs: &lt;a href=&quot;http://ec2-174-129-184-35.compute-1.amazonaws.com/logs/PreCommit-HIVE-TRUNK-Build-1497/&quot; class=&quot;external-link&quot; target=&quot;_blank&quot; rel=&quot;nofollow noopener&quot;&gt;http://ec2-174-129-184-35.compute-1.amazonaws.com/logs/PreCommit-HIVE-TRUNK-Build-1497/&lt;/a&gt;&lt;/p&gt;

&lt;p&gt;Messages:&lt;/p&gt;
&lt;div class=&quot;preformatted panel&quot; style=&quot;border-width: 1px;&quot;&gt;&lt;div class=&quot;preformattedContent panelContent&quot;&gt;
&lt;pre&gt;Executing org.apache.hive.ptest.execution.PrepPhase
Executing org.apache.hive.ptest.execution.ExecutionPhase
Executing org.apache.hive.ptest.execution.ReportingPhase
Tests exited with: TestsFailedException: 3 tests failed
&lt;/pre&gt;
&lt;/div&gt;&lt;/div&gt;

&lt;p&gt;This message is automatically generated.&lt;/p&gt;

&lt;p&gt;ATTACHMENT ID: 12677506 - PreCommit-HIVE-TRUNK-Build&lt;/p&gt;</comment>
                            <comment id="14187303" author="hagleitn" created="Tue, 28 Oct 2014 19:05:49 +0000"  >&lt;p&gt;Ran the failing test (sortmerge_join_5) after applying &lt;a href=&quot;https://issues.apache.org/jira/browse/HIVE-8628&quot; title=&quot;NPE in case of shuffle join in tez&quot; class=&quot;issue-link&quot; data-issue-key=&quot;HIVE-8628&quot;&gt;&lt;del&gt;HIVE-8628&lt;/del&gt;&lt;/a&gt;. Now it produces NPE with this patch:&lt;/p&gt;

&lt;div class=&quot;preformatted panel&quot; style=&quot;border-width: 1px;&quot;&gt;&lt;div class=&quot;preformattedContent panelContent&quot;&gt;
&lt;pre&gt;ava.lang.RuntimeException: java.lang.RuntimeException: Hive Runtime Error while closing operators
  at org.apache.hadoop.hive.ql.exec.tez.TezProcessor.initializeAndRunProcessor(TezProcessor.java:186)
  at org.apache.hadoop.hive.ql.exec.tez.TezProcessor.run(TezProcessor.java:138)
  at org.apache.tez.runtime.LogicalIOProcessorRuntimeTask.run(LogicalIOProcessorRuntimeTask.java:324)
  at org.apache.tez.runtime.task.TezTaskRunner$TaskRunnerCallable$1.run(TezTaskRunner.java:176)
  at org.apache.tez.runtime.task.TezTaskRunner$TaskRunnerCallable$1.run(TezTaskRunner.java:168)
  at java.security.AccessController.doPrivileged(Native Method)
  at javax.security.auth.Subject.doAs(Subject.java:394)
  at org.apache.hadoop.security.UserGroupInformation.doAs(UserGroupInformation.java:1614)
  at org.apache.tez.runtime.task.TezTaskRunner$TaskRunnerCallable.call(TezTaskRunner.java:168)
  at org.apache.tez.runtime.task.TezTaskRunner$TaskRunnerCallable.call(TezTaskRunner.java:163)
  at java.util.concurrent.FutureTask$Sync.innerRun(FutureTask.java:303)
  at java.util.concurrent.FutureTask.run(FutureTask.java:138)
  at java.util.concurrent.ThreadPoolExecutor$Worker.runTask(ThreadPoolExecutor.java:895)
  at java.util.concurrent.ThreadPoolExecutor$Worker.run(ThreadPoolExecutor.java:918)
  at java.lang.Thread.run(Thread.java:695)
Caused by: java.lang.RuntimeException: Hive Runtime Error while closing operators
  at org.apache.hadoop.hive.ql.exec.tez.MapRecordProcessor.close(MapRecordProcessor.java:333)
  at org.apache.hadoop.hive.ql.exec.tez.TezProcessor.initializeAndRunProcessor(TezProcessor.java:177)
  ... 14 more
Caused by: java.lang.NullPointerException
  at org.apache.hadoop.hive.ql.exec.CommonMergeJoinOperator.closeOp(CommonMergeJoinOperator.java:309)
  at org.apache.hadoop.hive.ql.exec.Operator.close(Operator.java:598)
  at org.apache.hadoop.hive.ql.exec.Operator.close(Operator.java:610)
  at org.apache.hadoop.hive.ql.exec.Operator.close(Operator.java:610)
  at org.apache.hadoop.hive.ql.exec.Operator.close(Operator.java:610)
  at org.apache.hadoop.hive.ql.exec.Operator.close(Operator.java:610)
  at org.apache.hadoop.hive.ql.exec.tez.MapRecordProcessor.close(MapRecordProcessor.java:312)
  ... 15 more
&lt;/pre&gt;
&lt;/div&gt;&lt;/div&gt;</comment>
                            <comment id="14187376" author="vikram.dixit" created="Tue, 28 Oct 2014 20:15:07 +0000"  >&lt;p&gt;Fixes issue with the failing test.&lt;/p&gt;</comment>
                            <comment id="14187917" author="hiveqa" created="Wed, 29 Oct 2014 02:36:31 +0000"  >

&lt;p&gt;&lt;font color=&quot;red&quot;&gt;Overall&lt;/font&gt;: -1 at least one tests failed&lt;/p&gt;

&lt;p&gt;Here are the results of testing the latest attachment:&lt;br/&gt;
&lt;a href=&quot;https://issues.apache.org/jira/secure/attachment/12677676/HIVE-8614.4.patch&quot; class=&quot;external-link&quot; rel=&quot;nofollow&quot;&gt;https://issues.apache.org/jira/secure/attachment/12677676/HIVE-8614.4.patch&lt;/a&gt;&lt;/p&gt;

&lt;p&gt;&lt;font color=&quot;red&quot;&gt;ERROR:&lt;/font&gt; -1 due to 3 failed/errored test(s), 6581 tests executed&lt;br/&gt;
&lt;b&gt;Failed tests:&lt;/b&gt;&lt;/p&gt;
&lt;div class=&quot;preformatted panel&quot; style=&quot;border-width: 1px;&quot;&gt;&lt;div class=&quot;preformattedContent panelContent&quot;&gt;
&lt;pre&gt;org.apache.hadoop.hive.cli.TestCliDriver.testCliDriver_insert_values_dynamic_partitioned
org.apache.hadoop.hive.cli.TestMiniTezCliDriver.testCliDriver_optimize_nullscan
org.apache.hive.minikdc.TestJdbcWithMiniKdc.testNegativeTokenAuth
&lt;/pre&gt;
&lt;/div&gt;&lt;/div&gt;

&lt;p&gt;Test results: &lt;a href=&quot;http://ec2-174-129-184-35.compute-1.amazonaws.com/jenkins/job/PreCommit-HIVE-TRUNK-Build/1512/testReport&quot; class=&quot;external-link&quot; target=&quot;_blank&quot; rel=&quot;nofollow noopener&quot;&gt;http://ec2-174-129-184-35.compute-1.amazonaws.com/jenkins/job/PreCommit-HIVE-TRUNK-Build/1512/testReport&lt;/a&gt;&lt;br/&gt;
Console output: &lt;a href=&quot;http://ec2-174-129-184-35.compute-1.amazonaws.com/jenkins/job/PreCommit-HIVE-TRUNK-Build/1512/console&quot; class=&quot;external-link&quot; target=&quot;_blank&quot; rel=&quot;nofollow noopener&quot;&gt;http://ec2-174-129-184-35.compute-1.amazonaws.com/jenkins/job/PreCommit-HIVE-TRUNK-Build/1512/console&lt;/a&gt;&lt;br/&gt;
Test logs: &lt;a href=&quot;http://ec2-174-129-184-35.compute-1.amazonaws.com/logs/PreCommit-HIVE-TRUNK-Build-1512/&quot; class=&quot;external-link&quot; target=&quot;_blank&quot; rel=&quot;nofollow noopener&quot;&gt;http://ec2-174-129-184-35.compute-1.amazonaws.com/logs/PreCommit-HIVE-TRUNK-Build-1512/&lt;/a&gt;&lt;/p&gt;

&lt;p&gt;Messages:&lt;/p&gt;
&lt;div class=&quot;preformatted panel&quot; style=&quot;border-width: 1px;&quot;&gt;&lt;div class=&quot;preformattedContent panelContent&quot;&gt;
&lt;pre&gt;Executing org.apache.hive.ptest.execution.PrepPhase
Executing org.apache.hive.ptest.execution.ExecutionPhase
Executing org.apache.hive.ptest.execution.ReportingPhase
Tests exited with: TestsFailedException: 3 tests failed
&lt;/pre&gt;
&lt;/div&gt;&lt;/div&gt;

&lt;p&gt;This message is automatically generated.&lt;/p&gt;

&lt;p&gt;ATTACHMENT ID: 12677676 - PreCommit-HIVE-TRUNK-Build&lt;/p&gt;</comment>
                            <comment id="14187976" author="hagleitn" created="Wed, 29 Oct 2014 04:10:33 +0000"  >&lt;p&gt;Committed to trunk and branch.&lt;/p&gt;</comment>
                            <comment id="14210532" author="thejas" created="Thu, 13 Nov 2014 19:41:17 +0000"  >&lt;p&gt;This has been fixed in 0.14 release. Please open new jira if you see any issues.&lt;/p&gt;</comment>
                            <comment id="14304996" author="shreymehrotra" created="Wed, 4 Feb 2015 11:55:48 +0000"  >&lt;p&gt;I am facing hive source code compilation issue. I have downloaded the source of 0.14.0 from one of apache mirror (&lt;a href=&quot;http://apache.bytenet.in/hive/hive-0.14.0/apache-hive-0.14.0-src.tar.gz&quot; class=&quot;external-link&quot; target=&quot;_blank&quot; rel=&quot;nofollow noopener&quot;&gt;http://apache.bytenet.in/hive/hive-0.14.0/apache-hive-0.14.0-src.tar.gz&lt;/a&gt;). I am getting the following error in compilation.&lt;/p&gt;

&lt;p&gt;&lt;span class=&quot;error&quot;&gt;&amp;#91;INFO&amp;#93;&lt;/span&gt; Reactor Summary:&lt;br/&gt;
&lt;span class=&quot;error&quot;&gt;&amp;#91;INFO&amp;#93;&lt;/span&gt;&lt;br/&gt;
&lt;span class=&quot;error&quot;&gt;&amp;#91;INFO&amp;#93;&lt;/span&gt; Hive .............................................. SUCCESS [  2.895 s]&lt;br/&gt;
&lt;span class=&quot;error&quot;&gt;&amp;#91;INFO&amp;#93;&lt;/span&gt; Hive Shims Common ................................. SUCCESS [  2.518 s]&lt;br/&gt;
&lt;span class=&quot;error&quot;&gt;&amp;#91;INFO&amp;#93;&lt;/span&gt; Hive Shims 0.20 ................................... SUCCESS [  0.984 s]&lt;br/&gt;
&lt;span class=&quot;error&quot;&gt;&amp;#91;INFO&amp;#93;&lt;/span&gt; Hive Shims Secure Common .......................... SUCCESS [  1.644 s]&lt;br/&gt;
&lt;span class=&quot;error&quot;&gt;&amp;#91;INFO&amp;#93;&lt;/span&gt; Hive Shims 0.20S .................................. SUCCESS [  0.829 s]&lt;br/&gt;
&lt;span class=&quot;error&quot;&gt;&amp;#91;INFO&amp;#93;&lt;/span&gt; Hive Shims 0.23 ................................... FAILURE [  0.412 s]&lt;br/&gt;
&lt;span class=&quot;error&quot;&gt;&amp;#91;INFO&amp;#93;&lt;/span&gt; Hive Shims ........................................ SKIPPED&lt;br/&gt;
&lt;span class=&quot;error&quot;&gt;&amp;#91;INFO&amp;#93;&lt;/span&gt; Hive Common ....................................... SKIPPED&lt;br/&gt;
&lt;span class=&quot;error&quot;&gt;&amp;#91;INFO&amp;#93;&lt;/span&gt; Hive Serde ........................................ SKIPPED&lt;br/&gt;
&lt;span class=&quot;error&quot;&gt;&amp;#91;INFO&amp;#93;&lt;/span&gt; Hive Metastore .................................... SKIPPED&lt;br/&gt;
&lt;span class=&quot;error&quot;&gt;&amp;#91;INFO&amp;#93;&lt;/span&gt; Hive Ant Utilities ................................ SKIPPED&lt;br/&gt;
&lt;span class=&quot;error&quot;&gt;&amp;#91;INFO&amp;#93;&lt;/span&gt; Hive Query Language ............................... SKIPPED&lt;br/&gt;
&lt;span class=&quot;error&quot;&gt;&amp;#91;INFO&amp;#93;&lt;/span&gt; Hive Service ...................................... SKIPPED&lt;br/&gt;
&lt;span class=&quot;error&quot;&gt;&amp;#91;INFO&amp;#93;&lt;/span&gt; Hive Accumulo Handler ............................. SKIPPED&lt;br/&gt;
&lt;span class=&quot;error&quot;&gt;&amp;#91;INFO&amp;#93;&lt;/span&gt; Hive JDBC ......................................... SKIPPED&lt;br/&gt;
&lt;span class=&quot;error&quot;&gt;&amp;#91;INFO&amp;#93;&lt;/span&gt; Hive Beeline ...................................... SKIPPED&lt;br/&gt;
&lt;span class=&quot;error&quot;&gt;&amp;#91;INFO&amp;#93;&lt;/span&gt; Hive CLI .......................................... SKIPPED&lt;br/&gt;
&lt;span class=&quot;error&quot;&gt;&amp;#91;INFO&amp;#93;&lt;/span&gt; Hive Contrib ...................................... SKIPPED&lt;br/&gt;
&lt;span class=&quot;error&quot;&gt;&amp;#91;INFO&amp;#93;&lt;/span&gt; Hive HBase Handler ................................ SKIPPED&lt;br/&gt;
&lt;span class=&quot;error&quot;&gt;&amp;#91;INFO&amp;#93;&lt;/span&gt; Hive HCatalog ..................................... SKIPPED&lt;br/&gt;
&lt;span class=&quot;error&quot;&gt;&amp;#91;INFO&amp;#93;&lt;/span&gt; Hive HCatalog Core ................................ SKIPPED&lt;br/&gt;
&lt;span class=&quot;error&quot;&gt;&amp;#91;INFO&amp;#93;&lt;/span&gt; Hive HCatalog Pig Adapter ......................... SKIPPED&lt;br/&gt;
&lt;span class=&quot;error&quot;&gt;&amp;#91;INFO&amp;#93;&lt;/span&gt; Hive HCatalog Server Extensions ................... SKIPPED&lt;br/&gt;
&lt;span class=&quot;error&quot;&gt;&amp;#91;INFO&amp;#93;&lt;/span&gt; Hive HCatalog Webhcat Java Client ................. SKIPPED&lt;br/&gt;
&lt;span class=&quot;error&quot;&gt;&amp;#91;INFO&amp;#93;&lt;/span&gt; Hive HCatalog Webhcat ............................. SKIPPED&lt;br/&gt;
&lt;span class=&quot;error&quot;&gt;&amp;#91;INFO&amp;#93;&lt;/span&gt; Hive HCatalog Streaming ........................... SKIPPED&lt;br/&gt;
&lt;span class=&quot;error&quot;&gt;&amp;#91;INFO&amp;#93;&lt;/span&gt; Hive HWI .......................................... SKIPPED&lt;br/&gt;
&lt;span class=&quot;error&quot;&gt;&amp;#91;INFO&amp;#93;&lt;/span&gt; Hive ODBC ......................................... SKIPPED&lt;br/&gt;
&lt;span class=&quot;error&quot;&gt;&amp;#91;INFO&amp;#93;&lt;/span&gt; Hive Shims Aggregator ............................. SKIPPED&lt;br/&gt;
&lt;span class=&quot;error&quot;&gt;&amp;#91;INFO&amp;#93;&lt;/span&gt; Hive TestUtils .................................... SKIPPED&lt;br/&gt;
&lt;span class=&quot;error&quot;&gt;&amp;#91;INFO&amp;#93;&lt;/span&gt; Hive Packaging .................................... SKIPPED&lt;br/&gt;
&lt;span class=&quot;error&quot;&gt;&amp;#91;INFO&amp;#93;&lt;/span&gt; ------------------------------------------------------------------------&lt;br/&gt;
&lt;span class=&quot;error&quot;&gt;&amp;#91;INFO&amp;#93;&lt;/span&gt; BUILD FAILURE&lt;br/&gt;
&lt;span class=&quot;error&quot;&gt;&amp;#91;INFO&amp;#93;&lt;/span&gt; ------------------------------------------------------------------------&lt;br/&gt;
&lt;span class=&quot;error&quot;&gt;&amp;#91;INFO&amp;#93;&lt;/span&gt; Total time: 9.905 s&lt;br/&gt;
&lt;span class=&quot;error&quot;&gt;&amp;#91;INFO&amp;#93;&lt;/span&gt; Finished at: 2015-02-04T14:44:16+05:30&lt;br/&gt;
&lt;span class=&quot;error&quot;&gt;&amp;#91;INFO&amp;#93;&lt;/span&gt; Final Memory: 40M/185M&lt;br/&gt;
&lt;span class=&quot;error&quot;&gt;&amp;#91;INFO&amp;#93;&lt;/span&gt; ------------------------------------------------------------------------&lt;br/&gt;
&lt;span class=&quot;error&quot;&gt;&amp;#91;ERROR&amp;#93;&lt;/span&gt; Failed to execute goal on project hive-shims-0.23: Could not resolve dep&lt;br/&gt;
endencies for project org.apache.hive.shims:hive-shims-0.23:jar:0.14.0: The foll&lt;br/&gt;
owing artifacts could not be resolved: org.apache.tez:tez-api:jar:0.5.2-SNAPSHOT&lt;br/&gt;
, org.apache.tez:tez-runtime-library:jar:0.5.2-SNAPSHOT, org.apache.tez:tez-mapr&lt;br/&gt;
educe:jar:0.5.2-SNAPSHOT, org.apache.tez:tez-tests:jar:tests:0.5.2-SNAPSHOT: Fai&lt;br/&gt;
lure to find org.apache.tez:tez-api:jar:0.5.2-SNAPSHOT in &lt;a href=&quot;http://repository.apac&quot; class=&quot;external-link&quot; target=&quot;_blank&quot; rel=&quot;nofollow noopener&quot;&gt;http://repository.apac&lt;/a&gt;&lt;br/&gt;
he.org/snapshots was cached in the local repository, resolution will not be reat&lt;br/&gt;
tempted until the update interval of apache.snapshots has elapsed or updates are&lt;br/&gt;
 forced -&amp;gt; &lt;span class=&quot;error&quot;&gt;&amp;#91;Help 1&amp;#93;&lt;/span&gt;&lt;br/&gt;
&lt;span class=&quot;error&quot;&gt;&amp;#91;ERROR&amp;#93;&lt;/span&gt;&lt;/p&gt;

&lt;p&gt;I checked the POM for tez version in the source, it is &amp;lt;tez.version&amp;gt;0.5.2-SNAPSHOT&amp;lt;/tez.version&amp;gt;&lt;/p&gt;

&lt;p&gt;Please suggest a solution for compiling the source.&lt;/p&gt;</comment>
                            <comment id="14305191" author="thejas" created="Wed, 4 Feb 2015 14:57:57 +0000"  >&lt;p&gt;&lt;a href=&quot;https://issues.apache.org/jira/secure/ViewProfile.jspa?name=shreymehrotra&quot; class=&quot;user-hover&quot; rel=&quot;shreymehrotra&quot;&gt;shreymehrotra&lt;/a&gt; You can edit that entry in pom to use &quot;0.5.2&quot; . &lt;br/&gt;
This has been fixed in 1.0 release of hive, the vote just passed yesterday, and the release announcement should be sent very soon. 1.0 release is essentially 0.14 + bug fixes + removal of hiveserver1 . It is a very stable release, you might want to use that.&lt;/p&gt;
</comment>
                            <comment id="14305344" author="shreymehrotra" created="Wed, 4 Feb 2015 15:53:59 +0000"  >&lt;p&gt;Thanks for the updates &lt;a href=&quot;https://issues.apache.org/jira/secure/ViewProfile.jspa?name=thejas&quot; class=&quot;user-hover&quot; rel=&quot;thejas&quot;&gt;thejas&lt;/a&gt;&lt;/p&gt;</comment>
                            <comment id="14312431" author="appodictic" created="Mon, 9 Feb 2015 16:37:29 +0000"  >&lt;p&gt;This is bad. Hive should not depend on SNAPSHOT releases.  Why do we keep doing this?&lt;/p&gt;</comment>
                            <comment id="14312442" author="thejas" created="Mon, 9 Feb 2015 16:43:49 +0000"  >&lt;blockquote&gt;&lt;p&gt;Hive should not depend on SNAPSHOT releases.&lt;/p&gt;&lt;/blockquote&gt;
&lt;p&gt;I agree. This was an oversight in 0.14 release. &lt;a href=&quot;https://issues.apache.org/jira/browse/HIVE-8933&quot; title=&quot;Check release builds for SNAPSHOT dependencies&quot; class=&quot;issue-link&quot; data-issue-key=&quot;HIVE-8933&quot;&gt;&lt;del&gt;HIVE-8933&lt;/del&gt;&lt;/a&gt; has added a check in build to detect this.&lt;/p&gt;</comment>
                    </comments>
                <issuelinks>
                            <issuelinktype id="12310000">
                    <name>Duplicate</name>
                                                                <inwardlinks description="is duplicated by">
                                        <issuelink>
            <issuekey id="12750521">HIVE-8604</issuekey>
        </issuelink>
                            </inwardlinks>
                                    </issuelinktype>
                    </issuelinks>
                <attachments>
                            <attachment id="12677360" name="HIVE-8614.1.patch" size="460" author="vikram.dixit" created="Mon, 27 Oct 2014 18:39:43 +0000"/>
                            <attachment id="12677363" name="HIVE-8614.2.patch" size="991" author="vikram.dixit" created="Mon, 27 Oct 2014 18:42:53 +0000"/>
                            <attachment id="12677506" name="HIVE-8614.3.patch" size="991" author="vikram.dixit" created="Tue, 28 Oct 2014 02:58:38 +0000"/>
                            <attachment id="12677676" name="HIVE-8614.4.patch" size="15546" author="vikram.dixit" created="Tue, 28 Oct 2014 20:15:07 +0000"/>
                    </attachments>
                <subtasks>
                    </subtasks>
                <customfields>
                                                                            <customfield id="customfield_12310310" key="com.atlassian.jira.toolkit:attachments">
                        <customfieldname>Attachment count</customfieldname>
                        <customfieldvalues>
                            <customfieldvalue>4.0</customfieldvalue>
                        </customfieldvalues>
                    </customfield>
                                                                                                                                                                                                                                                                                                                                                                                                                                                                                                                                                                                                                                                                                                        <customfield id="customfield_12314020" key="com.atlassian.jira.plugins.jira-development-integration-plugin:devsummary">
                        <customfieldname>Development</customfieldname>
                        <customfieldvalues>
                            
                        </customfieldvalues>
                    </customfield>
                                                                                                                        <customfield id="customfield_12313422" key="com.atlassian.jirafisheyeplugin:jobcheckbox">
                        <customfieldname>Enable Automatic Patch Review</customfieldname>
                        <customfieldvalues>
                            <customfieldvalue><![CDATA[false]]></customfieldvalue>

                        </customfieldvalues>
                    </customfield>
                                                                                                                                                                                                                                                                                                                                                                                                                                                                                                                                                                                                                                                <customfield id="customfield_12310420" key="com.pyxis.greenhopper.jira:gh-global-rank">
                        <customfieldname>Global Rank</customfieldname>
                        <customfieldvalues>
                            <customfieldvalue>9223372036854775807</customfieldvalue>
                        </customfieldvalues>
                    </customfield>
                                                                                                                                                                                                                                                                    <customfield id="customfield_12312521" key="com.atlassian.jira.toolkit:LastCommentDate">
                        <customfieldname>Last public comment date</customfieldname>
                        <customfieldvalues>
                            10 years, 41 weeks, 2 days ago
                        </customfieldvalues>
                    </customfield>
                                                                                                                                                                                                                                                                                                <customfield id="customfield_12311820" key="com.pyxis.greenhopper.jira:gh-lexo-rank">
                        <customfieldname>Rank</customfieldname>
                        <customfieldvalues>
                            <customfieldvalue>0|i21mlz:</customfieldvalue>

                        </customfieldvalues>
                    </customfield>
                                                                <customfield id="customfield_12310920" key="com.pyxis.greenhopper.jira:gh-global-rank">
                        <customfieldname>Rank (Obsolete)</customfieldname>
                        <customfieldvalues>
                            <customfieldvalue>9223372036854775807</customfieldvalue>
                        </customfieldvalues>
                    </customfield>
                                                                                                                                                                                                                                                                                                                                                                                                                                                                                                                                                                                                                                                                                                                                                                                                                                                                                </customfields>
    </item>
</channel>
</rss>