<!-- 
RSS generated by JIRA (8.20.10#820010-sha1:ace47f9899e9ee25d7157d59aa17ab06aee30d3d) at Wed Nov 12 18:27:45 UTC 2025

It is possible to restrict the fields that are returned in this document by specifying the 'field' parameter in your request.
For example, to request only the issue key and summary append 'field=key&field=summary' to the URL of your request.
-->
<rss version="0.92" >
<channel>
    <title>ASF Jira</title>
    <link>https://issues.apache.org/jira</link>
    <description>This file is an XML representation of an issue</description>
    <language>en-uk</language>    <build-info>
        <version>8.20.10</version>
        <build-number>820010</build-number>
        <build-date>22-06-2022</build-date>
    </build-info>


<item>
            <title>[HIVE-8612] Support metadata result filter hooks</title>
                <link>https://issues.apache.org/jira/browse/HIVE-8612</link>
                <project id="12310843" key="HIVE">Hive</project>
                    <description>&lt;p&gt;Support metadata filter hook for metastore client. This will be useful for authorization plugins on hiveserver2 to filter metadata results, especially in case of non-impersonation mode where the metastore doesn&apos;t know the end user&apos;s identity.&lt;/p&gt;</description>
                <environment></environment>
        <key id="12750812">HIVE-8612</key>
            <summary>Support metadata result filter hooks</summary>
                <type id="1" iconUrl="https://issues.apache.org/jira/secure/viewavatar?size=xsmall&amp;avatarId=21133&amp;avatarType=issuetype">Bug</type>
                                            <priority id="3" iconUrl="https://issues.apache.org/jira/images/icons/priorities/major.svg">Major</priority>
                        <status id="5" iconUrl="https://issues.apache.org/jira/images/icons/statuses/resolved.png" description="A resolution has been taken, and it is awaiting verification by reporter. From here issues are either reopened, or are closed.">Resolved</status>
                    <statusCategory id="3" key="done" colorName="green"/>
                                    <resolution id="1">Fixed</resolution>
                                        <assignee username="prasadm">Prasad Suresh Mujumdar</assignee>
                                    <reporter username="prasadm">Prasad Suresh Mujumdar</reporter>
                        <labels>
                    </labels>
                <created>Mon, 27 Oct 2014 16:53:13 +0000</created>
                <updated>Thu, 12 Feb 2015 23:41:09 +0000</updated>
                            <resolved>Tue, 11 Nov 2014 00:57:18 +0000</resolved>
                                    <version>0.13.1</version>
                                    <fixVersion>1.1.0</fixVersion>
                                    <component>Authorization</component>
                    <component>Metastore</component>
                        <due></due>
                            <votes>0</votes>
                                    <watches>3</watches>
                                                                                                                <comments>
                            <comment id="14185452" author="hiveqa" created="Mon, 27 Oct 2014 17:23:54 +0000"  >

&lt;p&gt;&lt;font color=&quot;red&quot;&gt;Overall&lt;/font&gt;: -1 no tests executed&lt;/p&gt;

&lt;p&gt;Here are the results of testing the latest attachment:&lt;br/&gt;
&lt;a href=&quot;https://issues.apache.org/jira/secure/attachment/12677333/HIVE-8612.1.patch&quot; class=&quot;external-link&quot; rel=&quot;nofollow&quot;&gt;https://issues.apache.org/jira/secure/attachment/12677333/HIVE-8612.1.patch&lt;/a&gt;&lt;/p&gt;

&lt;p&gt;Test results: &lt;a href=&quot;http://ec2-174-129-184-35.compute-1.amazonaws.com/jenkins/job/PreCommit-HIVE-TRUNK-Build/1476/testReport&quot; class=&quot;external-link&quot; target=&quot;_blank&quot; rel=&quot;nofollow noopener&quot;&gt;http://ec2-174-129-184-35.compute-1.amazonaws.com/jenkins/job/PreCommit-HIVE-TRUNK-Build/1476/testReport&lt;/a&gt;&lt;br/&gt;
Console output: &lt;a href=&quot;http://ec2-174-129-184-35.compute-1.amazonaws.com/jenkins/job/PreCommit-HIVE-TRUNK-Build/1476/console&quot; class=&quot;external-link&quot; target=&quot;_blank&quot; rel=&quot;nofollow noopener&quot;&gt;http://ec2-174-129-184-35.compute-1.amazonaws.com/jenkins/job/PreCommit-HIVE-TRUNK-Build/1476/console&lt;/a&gt;&lt;br/&gt;
Test logs: &lt;a href=&quot;http://ec2-174-129-184-35.compute-1.amazonaws.com/logs/PreCommit-HIVE-TRUNK-Build-1476/&quot; class=&quot;external-link&quot; target=&quot;_blank&quot; rel=&quot;nofollow noopener&quot;&gt;http://ec2-174-129-184-35.compute-1.amazonaws.com/logs/PreCommit-HIVE-TRUNK-Build-1476/&lt;/a&gt;&lt;/p&gt;

&lt;p&gt;Messages:&lt;/p&gt;
&lt;div class=&quot;preformatted panel&quot; style=&quot;border-width: 1px;&quot;&gt;&lt;div class=&quot;preformattedContent panelContent&quot;&gt;
&lt;pre&gt;**** This message was trimmed, see log for full details ****
[INFO]   CP: /data/hive-ptest/working/maven/org/apache/hadoop/hadoop-yarn-common/2.5.0/hadoop-yarn-common-2.5.0.jar
[INFO]   CP: /data/hive-ptest/working/maven/org/apache/hadoop/hadoop-yarn-api/2.5.0/hadoop-yarn-api-2.5.0.jar
[INFO]   CP: /data/hive-ptest/working/maven/javax/xml/bind/jaxb-api/2.2.2/jaxb-api-2.2.2.jar
[INFO]   CP: /data/hive-ptest/working/maven/javax/xml/stream/stax-api/1.0-2/stax-api-1.0-2.jar
[INFO]   CP: /data/hive-ptest/working/maven/javax/activation/activation/1.1/activation-1.1.jar
[INFO]   CP: /data/hive-ptest/working/maven/com/google/inject/guice/3.0/guice-3.0.jar
[INFO]   CP: /data/hive-ptest/working/maven/javax/inject/javax.inject/1/javax.inject-1.jar
[INFO]   CP: /data/hive-ptest/working/maven/aopalliance/aopalliance/1.0/aopalliance-1.0.jar
[INFO]   CP: /data/hive-ptest/working/maven/com/sun/jersey/contribs/jersey-guice/1.9/jersey-guice-1.9.jar
[INFO]   CP: /data/hive-ptest/working/maven/com/google/inject/extensions/guice-servlet/3.0/guice-servlet-3.0.jar
[INFO]   CP: /data/hive-ptest/working/maven/io/netty/netty/3.4.0.Final/netty-3.4.0.Final.jar
[INFO]   CP: /data/hive-ptest/working/maven/org/slf4j/slf4j-api/1.7.5/slf4j-api-1.7.5.jar
[INFO]   CP: /data/hive-ptest/working/maven/org/slf4j/slf4j-log4j12/1.7.5/slf4j-log4j12-1.7.5.jar
DataNucleus Enhancer (version 3.2.10) for API &quot;JDO&quot; using JRE &quot;1.7&quot;
DataNucleus Enhancer : Classpath
&amp;gt;&amp;gt;  /usr/local/apache-maven-3.0.5/boot/plexus-classworlds-2.4.jar
ENHANCED (PersistenceCapable) : org.apache.hadoop.hive.metastore.model.MDatabase
ENHANCED (PersistenceCapable) : org.apache.hadoop.hive.metastore.model.MFieldSchema
ENHANCED (PersistenceCapable) : org.apache.hadoop.hive.metastore.model.MType
ENHANCED (PersistenceCapable) : org.apache.hadoop.hive.metastore.model.MTable
ENHANCED (PersistenceCapable) : org.apache.hadoop.hive.metastore.model.MSerDeInfo
ENHANCED (PersistenceCapable) : org.apache.hadoop.hive.metastore.model.MOrder
ENHANCED (PersistenceCapable) : org.apache.hadoop.hive.metastore.model.MColumnDescriptor
ENHANCED (PersistenceCapable) : org.apache.hadoop.hive.metastore.model.MStringList
ENHANCED (PersistenceCapable) : org.apache.hadoop.hive.metastore.model.MStorageDescriptor
ENHANCED (PersistenceCapable) : org.apache.hadoop.hive.metastore.model.MPartition
ENHANCED (PersistenceCapable) : org.apache.hadoop.hive.metastore.model.MIndex
ENHANCED (PersistenceCapable) : org.apache.hadoop.hive.metastore.model.MRole
ENHANCED (PersistenceCapable) : org.apache.hadoop.hive.metastore.model.MRoleMap
ENHANCED (PersistenceCapable) : org.apache.hadoop.hive.metastore.model.MGlobalPrivilege
ENHANCED (PersistenceCapable) : org.apache.hadoop.hive.metastore.model.MDBPrivilege
ENHANCED (PersistenceCapable) : org.apache.hadoop.hive.metastore.model.MTablePrivilege
ENHANCED (PersistenceCapable) : org.apache.hadoop.hive.metastore.model.MPartitionPrivilege
ENHANCED (PersistenceCapable) : org.apache.hadoop.hive.metastore.model.MTableColumnPrivilege
ENHANCED (PersistenceCapable) : org.apache.hadoop.hive.metastore.model.MPartitionColumnPrivilege
ENHANCED (PersistenceCapable) : org.apache.hadoop.hive.metastore.model.MPartitionEvent
ENHANCED (PersistenceCapable) : org.apache.hadoop.hive.metastore.model.MMasterKey
ENHANCED (PersistenceCapable) : org.apache.hadoop.hive.metastore.model.MDelegationToken
ENHANCED (PersistenceCapable) : org.apache.hadoop.hive.metastore.model.MTableColumnStatistics
ENHANCED (PersistenceCapable) : org.apache.hadoop.hive.metastore.model.MPartitionColumnStatistics
ENHANCED (PersistenceCapable) : org.apache.hadoop.hive.metastore.model.MVersionTable
ENHANCED (PersistenceCapable) : org.apache.hadoop.hive.metastore.model.MResourceUri
ENHANCED (PersistenceCapable) : org.apache.hadoop.hive.metastore.model.MFunction
DataNucleus Enhancer completed with success for 27 classes. Timings : input=481 ms, enhance=1114 ms, total=1595 ms. Consult the log for full details
[INFO] 
[INFO] --- maven-resources-plugin:2.6:testResources (default-testResources) @ hive-metastore ---
[INFO] Using &apos;UTF-8&apos; encoding to copy filtered resources.
[INFO] skip non existing resourceDirectory /data/hive-ptest/working/apache-svn-trunk-source/metastore/src/test/resources
[INFO] Copying 3 resources
[INFO] 
[INFO] --- maven-antrun-plugin:1.7:run (setup-test-dirs) @ hive-metastore ---
[INFO] Executing tasks

main:
    [mkdir] Created dir: /data/hive-ptest/working/apache-svn-trunk-source/metastore/target/tmp
    [mkdir] Created dir: /data/hive-ptest/working/apache-svn-trunk-source/metastore/target/warehouse
    [mkdir] Created dir: /data/hive-ptest/working/apache-svn-trunk-source/metastore/target/tmp/conf
     [copy] Copying 7 files to /data/hive-ptest/working/apache-svn-trunk-source/metastore/target/tmp/conf
[INFO] Executed tasks
[INFO] 
[INFO] --- maven-compiler-plugin:3.1:testCompile (default-testCompile) @ hive-metastore ---
[INFO] Compiling 15 source files to /data/hive-ptest/working/apache-svn-trunk-source/metastore/target/test-classes
[INFO] 
[INFO] --- maven-surefire-plugin:2.16:test (default-test) @ hive-metastore ---
[INFO] Tests are skipped.
[INFO] 
[INFO] --- maven-jar-plugin:2.2:jar (default-jar) @ hive-metastore ---
[INFO] Building jar: /data/hive-ptest/working/apache-svn-trunk-source/metastore/target/hive-metastore-0.15.0-SNAPSHOT.jar
[INFO] 
[INFO] --- maven-site-plugin:3.3:attach-descriptor (attach-descriptor) @ hive-metastore ---
[INFO] 
[INFO] --- maven-jar-plugin:2.2:test-jar (default) @ hive-metastore ---
[INFO] Building jar: /data/hive-ptest/working/apache-svn-trunk-source/metastore/target/hive-metastore-0.15.0-SNAPSHOT-tests.jar
[INFO] 
[INFO] --- maven-install-plugin:2.4:install (default-install) @ hive-metastore ---
[INFO] Installing /data/hive-ptest/working/apache-svn-trunk-source/metastore/target/hive-metastore-0.15.0-SNAPSHOT.jar to /data/hive-ptest/working/maven/org/apache/hive/hive-metastore/0.15.0-SNAPSHOT/hive-metastore-0.15.0-SNAPSHOT.jar
[INFO] Installing /data/hive-ptest/working/apache-svn-trunk-source/metastore/pom.xml to /data/hive-ptest/working/maven/org/apache/hive/hive-metastore/0.15.0-SNAPSHOT/hive-metastore-0.15.0-SNAPSHOT.pom
[INFO] Installing /data/hive-ptest/working/apache-svn-trunk-source/metastore/target/hive-metastore-0.15.0-SNAPSHOT-tests.jar to /data/hive-ptest/working/maven/org/apache/hive/hive-metastore/0.15.0-SNAPSHOT/hive-metastore-0.15.0-SNAPSHOT-tests.jar
[INFO]                                                                         
[INFO] ------------------------------------------------------------------------
[INFO] Building Hive Ant Utilities 0.15.0-SNAPSHOT
[INFO] ------------------------------------------------------------------------
[INFO] 
[INFO] --- maven-clean-plugin:2.5:clean (default-clean) @ hive-ant ---
[INFO] Deleting /data/hive-ptest/working/apache-svn-trunk-source/ant (includes = [datanucleus.log, derby.log], excludes = [])
[INFO] 
[INFO] --- maven-remote-resources-plugin:1.5:process (default) @ hive-ant ---
[INFO] 
[INFO] --- maven-resources-plugin:2.6:resources (default-resources) @ hive-ant ---
[INFO] Using &apos;UTF-8&apos; encoding to copy filtered resources.
[INFO] skip non existing resourceDirectory /data/hive-ptest/working/apache-svn-trunk-source/ant/src/main/resources
[INFO] Copying 3 resources
[INFO] 
[INFO] --- maven-antrun-plugin:1.7:run (define-classpath) @ hive-ant ---
[INFO] Executing tasks

main:
[INFO] Executed tasks
[INFO] 
[INFO] --- maven-compiler-plugin:3.1:compile (default-compile) @ hive-ant ---
[INFO] Compiling 5 source files to /data/hive-ptest/working/apache-svn-trunk-source/ant/target/classes
[WARNING] /data/hive-ptest/working/apache-svn-trunk-source/ant/src/org/apache/hadoop/hive/ant/QTestGenTask.java: /data/hive-ptest/working/apache-svn-trunk-source/ant/src/org/apache/hadoop/hive/ant/QTestGenTask.java uses or overrides a deprecated API.
[WARNING] /data/hive-ptest/working/apache-svn-trunk-source/ant/src/org/apache/hadoop/hive/ant/QTestGenTask.java: Recompile with -Xlint:deprecation for details.
[WARNING] /data/hive-ptest/working/apache-svn-trunk-source/ant/src/org/apache/hadoop/hive/ant/DistinctElementsClassPath.java: /data/hive-ptest/working/apache-svn-trunk-source/ant/src/org/apache/hadoop/hive/ant/DistinctElementsClassPath.java uses unchecked or unsafe operations.
[WARNING] /data/hive-ptest/working/apache-svn-trunk-source/ant/src/org/apache/hadoop/hive/ant/DistinctElementsClassPath.java: Recompile with -Xlint:unchecked for details.
[INFO] 
[INFO] --- maven-resources-plugin:2.6:testResources (default-testResources) @ hive-ant ---
[INFO] Using &apos;UTF-8&apos; encoding to copy filtered resources.
[INFO] skip non existing resourceDirectory /data/hive-ptest/working/apache-svn-trunk-source/ant/src/test/resources
[INFO] Copying 3 resources
[INFO] 
[INFO] --- maven-antrun-plugin:1.7:run (setup-test-dirs) @ hive-ant ---
[INFO] Executing tasks

main:
    [mkdir] Created dir: /data/hive-ptest/working/apache-svn-trunk-source/ant/target/tmp
    [mkdir] Created dir: /data/hive-ptest/working/apache-svn-trunk-source/ant/target/warehouse
    [mkdir] Created dir: /data/hive-ptest/working/apache-svn-trunk-source/ant/target/tmp/conf
     [copy] Copying 7 files to /data/hive-ptest/working/apache-svn-trunk-source/ant/target/tmp/conf
[INFO] Executed tasks
[INFO] 
[INFO] --- maven-compiler-plugin:3.1:testCompile (default-testCompile) @ hive-ant ---
[INFO] No sources to compile
[INFO] 
[INFO] --- maven-surefire-plugin:2.16:test (default-test) @ hive-ant ---
[INFO] Tests are skipped.
[INFO] 
[INFO] --- maven-jar-plugin:2.2:jar (default-jar) @ hive-ant ---
[INFO] Building jar: /data/hive-ptest/working/apache-svn-trunk-source/ant/target/hive-ant-0.15.0-SNAPSHOT.jar
[INFO] 
[INFO] --- maven-site-plugin:3.3:attach-descriptor (attach-descriptor) @ hive-ant ---
[INFO] 
[INFO] --- maven-install-plugin:2.4:install (default-install) @ hive-ant ---
[INFO] Installing /data/hive-ptest/working/apache-svn-trunk-source/ant/target/hive-ant-0.15.0-SNAPSHOT.jar to /data/hive-ptest/working/maven/org/apache/hive/hive-ant/0.15.0-SNAPSHOT/hive-ant-0.15.0-SNAPSHOT.jar
[INFO] Installing /data/hive-ptest/working/apache-svn-trunk-source/ant/pom.xml to /data/hive-ptest/working/maven/org/apache/hive/hive-ant/0.15.0-SNAPSHOT/hive-ant-0.15.0-SNAPSHOT.pom
[INFO]                                                                         
[INFO] ------------------------------------------------------------------------
[INFO] Building Hive Query Language 0.15.0-SNAPSHOT
[INFO] ------------------------------------------------------------------------
Downloading: http://repository.apache.org/snapshots/org/apache/calcite/calcite-core/0.9.2-incubating-SNAPSHOT/maven-metadata.xml
[WARNING] Could not transfer metadata org.apache.calcite:calcite-core:0.9.2-incubating-SNAPSHOT/maven-metadata.xml from/to apache.snapshots (http://repository.apache.org/snapshots): Failed to transfer file: http://repository.apache.org/snapshots/org/apache/calcite/calcite-core/0.9.2-incubating-SNAPSHOT/maven-metadata.xml. Return code is: 503 , ReasonPhrase:Service Temporarily Unavailable.
[WARNING] Failure to transfer org.apache.calcite:calcite-core:0.9.2-incubating-SNAPSHOT/maven-metadata.xml from http://repository.apache.org/snapshots was cached in the local repository, resolution will not be reattempted until the update interval of apache.snapshots has elapsed or updates are forced. Original error: Could not transfer metadata org.apache.calcite:calcite-core:0.9.2-incubating-SNAPSHOT/maven-metadata.xml from/to apache.snapshots (http://repository.apache.org/snapshots): Failed to transfer file: http://repository.apache.org/snapshots/org/apache/calcite/calcite-core/0.9.2-incubating-SNAPSHOT/maven-metadata.xml. Return code is: 503 , ReasonPhrase:Service Temporarily Unavailable.
Downloading: http://repository.apache.org/snapshots/org/apache/calcite/calcite-core/0.9.2-incubating-SNAPSHOT/calcite-core-0.9.2-incubating-SNAPSHOT.pom
Downloading: http://repository.apache.org/snapshots/org/apache/calcite/calcite-avatica/0.9.2-incubating-SNAPSHOT/maven-metadata.xml
[WARNING] Could not transfer metadata org.apache.calcite:calcite-avatica:0.9.2-incubating-SNAPSHOT/maven-metadata.xml from/to apache.snapshots (http://repository.apache.org/snapshots): Failed to transfer file: http://repository.apache.org/snapshots/org/apache/calcite/calcite-avatica/0.9.2-incubating-SNAPSHOT/maven-metadata.xml. Return code is: 503 , ReasonPhrase:Service Temporarily Unavailable.
[WARNING] Failure to transfer org.apache.calcite:calcite-avatica:0.9.2-incubating-SNAPSHOT/maven-metadata.xml from http://repository.apache.org/snapshots was cached in the local repository, resolution will not be reattempted until the update interval of apache.snapshots has elapsed or updates are forced. Original error: Could not transfer metadata org.apache.calcite:calcite-avatica:0.9.2-incubating-SNAPSHOT/maven-metadata.xml from/to apache.snapshots (http://repository.apache.org/snapshots): Failed to transfer file: http://repository.apache.org/snapshots/org/apache/calcite/calcite-avatica/0.9.2-incubating-SNAPSHOT/maven-metadata.xml. Return code is: 503 , ReasonPhrase:Service Temporarily Unavailable.
Downloading: http://repository.apache.org/snapshots/org/apache/calcite/calcite-avatica/0.9.2-incubating-SNAPSHOT/calcite-avatica-0.9.2-incubating-SNAPSHOT.pom
[INFO] ------------------------------------------------------------------------
[INFO] Reactor Summary:
[INFO] 
[INFO] Hive .............................................. SUCCESS [12.089s]
[INFO] Hive Shims Common ................................. SUCCESS [7.575s]
[INFO] Hive Shims 0.20 ................................... SUCCESS [3.697s]
[INFO] Hive Shims Secure Common .......................... SUCCESS [4.873s]
[INFO] Hive Shims 0.20S .................................. SUCCESS [2.254s]
[INFO] Hive Shims 0.23 ................................... SUCCESS [6.929s]
[INFO] Hive Shims ........................................ SUCCESS [1.726s]
[INFO] Hive Common ....................................... SUCCESS [11.594s]
[INFO] Hive Serde ........................................ SUCCESS [20.458s]
[INFO] Hive Metastore .................................... SUCCESS [37.036s]
[INFO] Hive Ant Utilities ................................ SUCCESS [1.798s]
[INFO] Hive Query Language ............................... FAILURE [4:05.344s]
[INFO] Hive Service ...................................... SKIPPED
[INFO] Hive Accumulo Handler ............................. SKIPPED
[INFO] Hive JDBC ......................................... SKIPPED
[INFO] Hive Beeline ...................................... SKIPPED
[INFO] Hive CLI .......................................... SKIPPED
[INFO] Hive Contrib ...................................... SKIPPED
[INFO] Hive HBase Handler ................................ SKIPPED
[INFO] Hive HCatalog ..................................... SKIPPED
[INFO] Hive HCatalog Core ................................ SKIPPED
[INFO] Hive HCatalog Pig Adapter ......................... SKIPPED
[INFO] Hive HCatalog Server Extensions ................... SKIPPED
[INFO] Hive HCatalog Webhcat Java Client ................. SKIPPED
[INFO] Hive HCatalog Webhcat ............................. SKIPPED
[INFO] Hive HCatalog Streaming ........................... SKIPPED
[INFO] Hive HWI .......................................... SKIPPED
[INFO] Hive ODBC ......................................... SKIPPED
[INFO] Hive Shims Aggregator ............................. SKIPPED
[INFO] Hive TestUtils .................................... SKIPPED
[INFO] Hive Packaging .................................... SKIPPED
[INFO] ------------------------------------------------------------------------
[INFO] BUILD FAILURE
[INFO] ------------------------------------------------------------------------
[INFO] Total time: 5:58.090s
[INFO] Finished at: Mon Oct 27 13:23:26 EDT 2014
[INFO] Final Memory: 77M/414M
[INFO] ------------------------------------------------------------------------
[ERROR] Failed to execute goal on project hive-exec: Could not resolve dependencies for project org.apache.hive:hive-exec:jar:0.15.0-SNAPSHOT: Failed to collect dependencies for [org.apache.hive:hive-ant:jar:0.15.0-SNAPSHOT (compile), org.apache.hive:hive-common:jar:0.15.0-SNAPSHOT (compile), org.apache.hive:hive-metastore:jar:0.15.0-SNAPSHOT (compile), org.apache.hive:hive-serde:jar:0.15.0-SNAPSHOT (compile), org.apache.hive:hive-shims:jar:0.15.0-SNAPSHOT (compile), com.esotericsoftware.kryo:kryo:jar:2.22 (compile), com.twitter:parquet-hadoop-bundle:jar:1.5.0 (compile), commons-codec:commons-codec:jar:1.4 (compile), commons-httpclient:commons-httpclient:jar:3.0.1 (compile), commons-io:commons-io:jar:2.4 (compile), org.apache.commons:commons-lang3:jar:3.1 (compile), commons-lang:commons-lang:jar:2.6 (compile), commons-logging:commons-logging:jar:1.1.3 (compile), javolution:javolution:jar:5.5.1 (compile), log4j:log4j:jar:1.2.16 (compile), org.antlr:antlr-runtime:jar:3.4 (compile), org.antlr:ST4:jar:4.0.4 (compile), org.apache.avro:avro:jar:1.7.5 (compile), org.apache.avro:avro-mapred:jar:hadoop2:1.7.5 (compile), org.apache.ant:ant:jar:1.9.1 (compile), org.apache.commons:commons-compress:jar:1.4.1 (compile), org.apache.thrift:libfb303:jar:0.9.0 (compile), org.apache.thrift:libthrift:jar:0.9.0 (compile), org.apache.zookeeper:zookeeper:jar:3.4.5 (compile), org.codehaus.groovy:groovy-all:jar:2.1.6 (compile), org.codehaus.jackson:jackson-core-asl:jar:1.9.2 (compile), org.jodd:jodd-core:jar:3.5.2 (compile), org.codehaus.jackson:jackson-mapper-asl:jar:1.9.2 (compile), org.datanucleus:datanucleus-core:jar:3.2.10 (compile), org.apache.calcite:calcite-core:jar:0.9.2-incubating-SNAPSHOT (compile), org.apache.calcite:calcite-avatica:jar:0.9.2-incubating-SNAPSHOT (compile), com.google.guava:guava:jar:11.0.2 (compile), com.google.protobuf:protobuf-java:jar:2.5.0 (compile), com.googlecode.javaewah:JavaEWAH:jar:0.3.2 (compile), org.iq80.snappy:snappy:jar:0.2 (compile), org.json:json:jar:20090211 (compile), stax:stax-api:jar:1.0.1 (compile), net.sf.opencsv:opencsv:jar:2.3 (compile), com.twitter:parquet-column:jar:tests:1.5.0 (test), junit:junit:jar:4.10 (test), org.mockito:mockito-all:jar:1.9.5 (test), org.apache.tez:tez-api:jar:0.5.1 (compile?), org.apache.tez:tez-runtime-library:jar:0.5.1 (compile?), org.apache.tez:tez-runtime-internals:jar:0.5.1 (compile?), org.apache.tez:tez-mapreduce:jar:0.5.1 (compile?), org.apache.hadoop:hadoop-common:jar:2.5.0 (compile?), org.apache.hadoop:hadoop-mapreduce-client-core:jar:2.5.0 (compile?), org.apache.hadoop:hadoop-mapreduce-client-common:jar:2.5.0 (test?), org.apache.hadoop:hadoop-hdfs:jar:2.5.0 (compile?), org.apache.hadoop:hadoop-yarn-api:jar:2.5.0 (compile?), org.apache.hadoop:hadoop-yarn-common:jar:2.5.0 (compile?), org.apache.hadoop:hadoop-yarn-client:jar:2.5.0 (compile?), org.slf4j:slf4j-api:jar:1.7.5 (compile), org.slf4j:slf4j-log4j12:jar:1.7.5 (compile)]: Failed to read artifact descriptor for org.apache.calcite:calcite-core:jar:0.9.2-incubating-SNAPSHOT: Could not transfer artifact org.apache.calcite:calcite-core:pom:0.9.2-incubating-SNAPSHOT from/to apache.snapshots (http://repository.apache.org/snapshots): Failed to transfer file: http://repository.apache.org/snapshots/org/apache/calcite/calcite-core/0.9.2-incubating-SNAPSHOT/calcite-core-0.9.2-incubating-SNAPSHOT.pom. Return code is: 503 , ReasonPhrase:Service Temporarily Unavailable. -&amp;gt; [Help 1]
[ERROR] 
[ERROR] To see the full stack trace of the errors, re-run Maven with the -e switch.
[ERROR] Re-run Maven using the -X switch to enable full debug logging.
[ERROR] 
[ERROR] For more information about the errors and possible solutions, please read the following articles:
[ERROR] [Help 1] http://cwiki.apache.org/confluence/display/MAVEN/DependencyResolutionException
[ERROR] 
[ERROR] After correcting the problems, you can resume the build with the command
[ERROR]   mvn &amp;lt;goals&amp;gt; -rf :hive-exec
+ exit 1
&apos;
&lt;/pre&gt;
&lt;/div&gt;&lt;/div&gt;

&lt;p&gt;This message is automatically generated.&lt;/p&gt;

&lt;p&gt;ATTACHMENT ID: 12677333 - PreCommit-HIVE-TRUNK-Build&lt;/p&gt;</comment>
                            <comment id="14185496" author="prasadm" created="Mon, 27 Oct 2014 17:50:23 +0000"  >&lt;p&gt;Rebased with latest&lt;/p&gt;</comment>
                            <comment id="14185529" author="hiveqa" created="Mon, 27 Oct 2014 18:06:14 +0000"  >

&lt;p&gt;&lt;font color=&quot;red&quot;&gt;Overall&lt;/font&gt;: -1 no tests executed&lt;/p&gt;

&lt;p&gt;Here are the results of testing the latest attachment:&lt;br/&gt;
&lt;a href=&quot;https://issues.apache.org/jira/secure/attachment/12677346/HIVE-8612.2.patch&quot; class=&quot;external-link&quot; rel=&quot;nofollow&quot;&gt;https://issues.apache.org/jira/secure/attachment/12677346/HIVE-8612.2.patch&lt;/a&gt;&lt;/p&gt;

&lt;p&gt;Test results: &lt;a href=&quot;http://ec2-174-129-184-35.compute-1.amazonaws.com/jenkins/job/PreCommit-HIVE-TRUNK-Build/1478/testReport&quot; class=&quot;external-link&quot; target=&quot;_blank&quot; rel=&quot;nofollow noopener&quot;&gt;http://ec2-174-129-184-35.compute-1.amazonaws.com/jenkins/job/PreCommit-HIVE-TRUNK-Build/1478/testReport&lt;/a&gt;&lt;br/&gt;
Console output: &lt;a href=&quot;http://ec2-174-129-184-35.compute-1.amazonaws.com/jenkins/job/PreCommit-HIVE-TRUNK-Build/1478/console&quot; class=&quot;external-link&quot; target=&quot;_blank&quot; rel=&quot;nofollow noopener&quot;&gt;http://ec2-174-129-184-35.compute-1.amazonaws.com/jenkins/job/PreCommit-HIVE-TRUNK-Build/1478/console&lt;/a&gt;&lt;br/&gt;
Test logs: &lt;a href=&quot;http://ec2-174-129-184-35.compute-1.amazonaws.com/logs/PreCommit-HIVE-TRUNK-Build-1478/&quot; class=&quot;external-link&quot; target=&quot;_blank&quot; rel=&quot;nofollow noopener&quot;&gt;http://ec2-174-129-184-35.compute-1.amazonaws.com/logs/PreCommit-HIVE-TRUNK-Build-1478/&lt;/a&gt;&lt;/p&gt;

&lt;p&gt;Messages:&lt;/p&gt;
&lt;div class=&quot;preformatted panel&quot; style=&quot;border-width: 1px;&quot;&gt;&lt;div class=&quot;preformattedContent panelContent&quot;&gt;
&lt;pre&gt;**** This message was trimmed, see log for full details ****
[INFO]   CP: /data/hive-ptest/working/maven/org/apache/hadoop/hadoop-yarn-common/2.5.0/hadoop-yarn-common-2.5.0.jar
[INFO]   CP: /data/hive-ptest/working/maven/org/apache/hadoop/hadoop-yarn-api/2.5.0/hadoop-yarn-api-2.5.0.jar
[INFO]   CP: /data/hive-ptest/working/maven/javax/xml/bind/jaxb-api/2.2.2/jaxb-api-2.2.2.jar
[INFO]   CP: /data/hive-ptest/working/maven/javax/xml/stream/stax-api/1.0-2/stax-api-1.0-2.jar
[INFO]   CP: /data/hive-ptest/working/maven/javax/activation/activation/1.1/activation-1.1.jar
[INFO]   CP: /data/hive-ptest/working/maven/com/google/inject/guice/3.0/guice-3.0.jar
[INFO]   CP: /data/hive-ptest/working/maven/javax/inject/javax.inject/1/javax.inject-1.jar
[INFO]   CP: /data/hive-ptest/working/maven/aopalliance/aopalliance/1.0/aopalliance-1.0.jar
[INFO]   CP: /data/hive-ptest/working/maven/com/sun/jersey/contribs/jersey-guice/1.9/jersey-guice-1.9.jar
[INFO]   CP: /data/hive-ptest/working/maven/com/google/inject/extensions/guice-servlet/3.0/guice-servlet-3.0.jar
[INFO]   CP: /data/hive-ptest/working/maven/io/netty/netty/3.4.0.Final/netty-3.4.0.Final.jar
[INFO]   CP: /data/hive-ptest/working/maven/org/slf4j/slf4j-api/1.7.5/slf4j-api-1.7.5.jar
[INFO]   CP: /data/hive-ptest/working/maven/org/slf4j/slf4j-log4j12/1.7.5/slf4j-log4j12-1.7.5.jar
DataNucleus Enhancer (version 3.2.10) for API &quot;JDO&quot; using JRE &quot;1.7&quot;
DataNucleus Enhancer : Classpath
&amp;gt;&amp;gt;  /usr/local/apache-maven-3.0.5/boot/plexus-classworlds-2.4.jar
ENHANCED (PersistenceCapable) : org.apache.hadoop.hive.metastore.model.MDatabase
ENHANCED (PersistenceCapable) : org.apache.hadoop.hive.metastore.model.MFieldSchema
ENHANCED (PersistenceCapable) : org.apache.hadoop.hive.metastore.model.MType
ENHANCED (PersistenceCapable) : org.apache.hadoop.hive.metastore.model.MTable
ENHANCED (PersistenceCapable) : org.apache.hadoop.hive.metastore.model.MSerDeInfo
ENHANCED (PersistenceCapable) : org.apache.hadoop.hive.metastore.model.MOrder
ENHANCED (PersistenceCapable) : org.apache.hadoop.hive.metastore.model.MColumnDescriptor
ENHANCED (PersistenceCapable) : org.apache.hadoop.hive.metastore.model.MStringList
ENHANCED (PersistenceCapable) : org.apache.hadoop.hive.metastore.model.MStorageDescriptor
ENHANCED (PersistenceCapable) : org.apache.hadoop.hive.metastore.model.MPartition
ENHANCED (PersistenceCapable) : org.apache.hadoop.hive.metastore.model.MIndex
ENHANCED (PersistenceCapable) : org.apache.hadoop.hive.metastore.model.MRole
ENHANCED (PersistenceCapable) : org.apache.hadoop.hive.metastore.model.MRoleMap
ENHANCED (PersistenceCapable) : org.apache.hadoop.hive.metastore.model.MGlobalPrivilege
ENHANCED (PersistenceCapable) : org.apache.hadoop.hive.metastore.model.MDBPrivilege
ENHANCED (PersistenceCapable) : org.apache.hadoop.hive.metastore.model.MTablePrivilege
ENHANCED (PersistenceCapable) : org.apache.hadoop.hive.metastore.model.MPartitionPrivilege
ENHANCED (PersistenceCapable) : org.apache.hadoop.hive.metastore.model.MTableColumnPrivilege
ENHANCED (PersistenceCapable) : org.apache.hadoop.hive.metastore.model.MPartitionColumnPrivilege
ENHANCED (PersistenceCapable) : org.apache.hadoop.hive.metastore.model.MPartitionEvent
ENHANCED (PersistenceCapable) : org.apache.hadoop.hive.metastore.model.MMasterKey
ENHANCED (PersistenceCapable) : org.apache.hadoop.hive.metastore.model.MDelegationToken
ENHANCED (PersistenceCapable) : org.apache.hadoop.hive.metastore.model.MTableColumnStatistics
ENHANCED (PersistenceCapable) : org.apache.hadoop.hive.metastore.model.MPartitionColumnStatistics
ENHANCED (PersistenceCapable) : org.apache.hadoop.hive.metastore.model.MVersionTable
ENHANCED (PersistenceCapable) : org.apache.hadoop.hive.metastore.model.MResourceUri
ENHANCED (PersistenceCapable) : org.apache.hadoop.hive.metastore.model.MFunction
DataNucleus Enhancer completed with success for 27 classes. Timings : input=459 ms, enhance=1075 ms, total=1534 ms. Consult the log for full details
[INFO] 
[INFO] --- maven-resources-plugin:2.6:testResources (default-testResources) @ hive-metastore ---
[INFO] Using &apos;UTF-8&apos; encoding to copy filtered resources.
[INFO] skip non existing resourceDirectory /data/hive-ptest/working/apache-svn-trunk-source/metastore/src/test/resources
[INFO] Copying 3 resources
[INFO] 
[INFO] --- maven-antrun-plugin:1.7:run (setup-test-dirs) @ hive-metastore ---
[INFO] Executing tasks

main:
    [mkdir] Created dir: /data/hive-ptest/working/apache-svn-trunk-source/metastore/target/tmp
    [mkdir] Created dir: /data/hive-ptest/working/apache-svn-trunk-source/metastore/target/warehouse
    [mkdir] Created dir: /data/hive-ptest/working/apache-svn-trunk-source/metastore/target/tmp/conf
     [copy] Copying 7 files to /data/hive-ptest/working/apache-svn-trunk-source/metastore/target/tmp/conf
[INFO] Executed tasks
[INFO] 
[INFO] --- maven-compiler-plugin:3.1:testCompile (default-testCompile) @ hive-metastore ---
[INFO] Compiling 15 source files to /data/hive-ptest/working/apache-svn-trunk-source/metastore/target/test-classes
[INFO] 
[INFO] --- maven-surefire-plugin:2.16:test (default-test) @ hive-metastore ---
[INFO] Tests are skipped.
[INFO] 
[INFO] --- maven-jar-plugin:2.2:jar (default-jar) @ hive-metastore ---
[INFO] Building jar: /data/hive-ptest/working/apache-svn-trunk-source/metastore/target/hive-metastore-0.15.0-SNAPSHOT.jar
[INFO] 
[INFO] --- maven-site-plugin:3.3:attach-descriptor (attach-descriptor) @ hive-metastore ---
[INFO] 
[INFO] --- maven-jar-plugin:2.2:test-jar (default) @ hive-metastore ---
[INFO] Building jar: /data/hive-ptest/working/apache-svn-trunk-source/metastore/target/hive-metastore-0.15.0-SNAPSHOT-tests.jar
[INFO] 
[INFO] --- maven-install-plugin:2.4:install (default-install) @ hive-metastore ---
[INFO] Installing /data/hive-ptest/working/apache-svn-trunk-source/metastore/target/hive-metastore-0.15.0-SNAPSHOT.jar to /data/hive-ptest/working/maven/org/apache/hive/hive-metastore/0.15.0-SNAPSHOT/hive-metastore-0.15.0-SNAPSHOT.jar
[INFO] Installing /data/hive-ptest/working/apache-svn-trunk-source/metastore/pom.xml to /data/hive-ptest/working/maven/org/apache/hive/hive-metastore/0.15.0-SNAPSHOT/hive-metastore-0.15.0-SNAPSHOT.pom
[INFO] Installing /data/hive-ptest/working/apache-svn-trunk-source/metastore/target/hive-metastore-0.15.0-SNAPSHOT-tests.jar to /data/hive-ptest/working/maven/org/apache/hive/hive-metastore/0.15.0-SNAPSHOT/hive-metastore-0.15.0-SNAPSHOT-tests.jar
[INFO]                                                                         
[INFO] ------------------------------------------------------------------------
[INFO] Building Hive Ant Utilities 0.15.0-SNAPSHOT
[INFO] ------------------------------------------------------------------------
[INFO] 
[INFO] --- maven-clean-plugin:2.5:clean (default-clean) @ hive-ant ---
[INFO] Deleting /data/hive-ptest/working/apache-svn-trunk-source/ant (includes = [datanucleus.log, derby.log], excludes = [])
[INFO] 
[INFO] --- maven-remote-resources-plugin:1.5:process (default) @ hive-ant ---
[INFO] 
[INFO] --- maven-resources-plugin:2.6:resources (default-resources) @ hive-ant ---
[INFO] Using &apos;UTF-8&apos; encoding to copy filtered resources.
[INFO] skip non existing resourceDirectory /data/hive-ptest/working/apache-svn-trunk-source/ant/src/main/resources
[INFO] Copying 3 resources
[INFO] 
[INFO] --- maven-antrun-plugin:1.7:run (define-classpath) @ hive-ant ---
[INFO] Executing tasks

main:
[INFO] Executed tasks
[INFO] 
[INFO] --- maven-compiler-plugin:3.1:compile (default-compile) @ hive-ant ---
[INFO] Compiling 5 source files to /data/hive-ptest/working/apache-svn-trunk-source/ant/target/classes
[WARNING] /data/hive-ptest/working/apache-svn-trunk-source/ant/src/org/apache/hadoop/hive/ant/QTestGenTask.java: /data/hive-ptest/working/apache-svn-trunk-source/ant/src/org/apache/hadoop/hive/ant/QTestGenTask.java uses or overrides a deprecated API.
[WARNING] /data/hive-ptest/working/apache-svn-trunk-source/ant/src/org/apache/hadoop/hive/ant/QTestGenTask.java: Recompile with -Xlint:deprecation for details.
[WARNING] /data/hive-ptest/working/apache-svn-trunk-source/ant/src/org/apache/hadoop/hive/ant/DistinctElementsClassPath.java: /data/hive-ptest/working/apache-svn-trunk-source/ant/src/org/apache/hadoop/hive/ant/DistinctElementsClassPath.java uses unchecked or unsafe operations.
[WARNING] /data/hive-ptest/working/apache-svn-trunk-source/ant/src/org/apache/hadoop/hive/ant/DistinctElementsClassPath.java: Recompile with -Xlint:unchecked for details.
[INFO] 
[INFO] --- maven-resources-plugin:2.6:testResources (default-testResources) @ hive-ant ---
[INFO] Using &apos;UTF-8&apos; encoding to copy filtered resources.
[INFO] skip non existing resourceDirectory /data/hive-ptest/working/apache-svn-trunk-source/ant/src/test/resources
[INFO] Copying 3 resources
[INFO] 
[INFO] --- maven-antrun-plugin:1.7:run (setup-test-dirs) @ hive-ant ---
[INFO] Executing tasks

main:
    [mkdir] Created dir: /data/hive-ptest/working/apache-svn-trunk-source/ant/target/tmp
    [mkdir] Created dir: /data/hive-ptest/working/apache-svn-trunk-source/ant/target/warehouse
    [mkdir] Created dir: /data/hive-ptest/working/apache-svn-trunk-source/ant/target/tmp/conf
     [copy] Copying 7 files to /data/hive-ptest/working/apache-svn-trunk-source/ant/target/tmp/conf
[INFO] Executed tasks
[INFO] 
[INFO] --- maven-compiler-plugin:3.1:testCompile (default-testCompile) @ hive-ant ---
[INFO] No sources to compile
[INFO] 
[INFO] --- maven-surefire-plugin:2.16:test (default-test) @ hive-ant ---
[INFO] Tests are skipped.
[INFO] 
[INFO] --- maven-jar-plugin:2.2:jar (default-jar) @ hive-ant ---
[INFO] Building jar: /data/hive-ptest/working/apache-svn-trunk-source/ant/target/hive-ant-0.15.0-SNAPSHOT.jar
[INFO] 
[INFO] --- maven-site-plugin:3.3:attach-descriptor (attach-descriptor) @ hive-ant ---
[INFO] 
[INFO] --- maven-install-plugin:2.4:install (default-install) @ hive-ant ---
[INFO] Installing /data/hive-ptest/working/apache-svn-trunk-source/ant/target/hive-ant-0.15.0-SNAPSHOT.jar to /data/hive-ptest/working/maven/org/apache/hive/hive-ant/0.15.0-SNAPSHOT/hive-ant-0.15.0-SNAPSHOT.jar
[INFO] Installing /data/hive-ptest/working/apache-svn-trunk-source/ant/pom.xml to /data/hive-ptest/working/maven/org/apache/hive/hive-ant/0.15.0-SNAPSHOT/hive-ant-0.15.0-SNAPSHOT.pom
[INFO]                                                                         
[INFO] ------------------------------------------------------------------------
[INFO] Building Hive Query Language 0.15.0-SNAPSHOT
[INFO] ------------------------------------------------------------------------
Downloading: http://repository.apache.org/snapshots/org/apache/calcite/calcite-core/0.9.2-incubating-SNAPSHOT/maven-metadata.xml
[WARNING] Could not transfer metadata org.apache.calcite:calcite-core:0.9.2-incubating-SNAPSHOT/maven-metadata.xml from/to apache.snapshots (http://repository.apache.org/snapshots): Failed to transfer file: http://repository.apache.org/snapshots/org/apache/calcite/calcite-core/0.9.2-incubating-SNAPSHOT/maven-metadata.xml. Return code is: 503 , ReasonPhrase:Service Temporarily Unavailable.
[WARNING] Failure to transfer org.apache.calcite:calcite-core:0.9.2-incubating-SNAPSHOT/maven-metadata.xml from http://repository.apache.org/snapshots was cached in the local repository, resolution will not be reattempted until the update interval of apache.snapshots has elapsed or updates are forced. Original error: Could not transfer metadata org.apache.calcite:calcite-core:0.9.2-incubating-SNAPSHOT/maven-metadata.xml from/to apache.snapshots (http://repository.apache.org/snapshots): Failed to transfer file: http://repository.apache.org/snapshots/org/apache/calcite/calcite-core/0.9.2-incubating-SNAPSHOT/maven-metadata.xml. Return code is: 503 , ReasonPhrase:Service Temporarily Unavailable.
Downloading: http://repository.apache.org/snapshots/org/apache/calcite/calcite-core/0.9.2-incubating-SNAPSHOT/calcite-core-0.9.2-incubating-SNAPSHOT.pom
Downloading: http://repository.apache.org/snapshots/org/apache/calcite/calcite-avatica/0.9.2-incubating-SNAPSHOT/maven-metadata.xml
[WARNING] Could not transfer metadata org.apache.calcite:calcite-avatica:0.9.2-incubating-SNAPSHOT/maven-metadata.xml from/to apache.snapshots (http://repository.apache.org/snapshots): Failed to transfer file: http://repository.apache.org/snapshots/org/apache/calcite/calcite-avatica/0.9.2-incubating-SNAPSHOT/maven-metadata.xml. Return code is: 503 , ReasonPhrase:Service Temporarily Unavailable.
[WARNING] Failure to transfer org.apache.calcite:calcite-avatica:0.9.2-incubating-SNAPSHOT/maven-metadata.xml from http://repository.apache.org/snapshots was cached in the local repository, resolution will not be reattempted until the update interval of apache.snapshots has elapsed or updates are forced. Original error: Could not transfer metadata org.apache.calcite:calcite-avatica:0.9.2-incubating-SNAPSHOT/maven-metadata.xml from/to apache.snapshots (http://repository.apache.org/snapshots): Failed to transfer file: http://repository.apache.org/snapshots/org/apache/calcite/calcite-avatica/0.9.2-incubating-SNAPSHOT/maven-metadata.xml. Return code is: 503 , ReasonPhrase:Service Temporarily Unavailable.
Downloading: http://repository.apache.org/snapshots/org/apache/calcite/calcite-avatica/0.9.2-incubating-SNAPSHOT/calcite-avatica-0.9.2-incubating-SNAPSHOT.pom
[INFO] ------------------------------------------------------------------------
[INFO] Reactor Summary:
[INFO] 
[INFO] Hive .............................................. SUCCESS [12.694s]
[INFO] Hive Shims Common ................................. SUCCESS [7.149s]
[INFO] Hive Shims 0.20 ................................... SUCCESS [3.731s]
[INFO] Hive Shims Secure Common .......................... SUCCESS [4.630s]
[INFO] Hive Shims 0.20S .................................. SUCCESS [2.335s]
[INFO] Hive Shims 0.23 ................................... SUCCESS [7.401s]
[INFO] Hive Shims ........................................ SUCCESS [1.858s]
[INFO] Hive Common ....................................... SUCCESS [10.689s]
[INFO] Hive Serde ........................................ SUCCESS [22.166s]
[INFO] Hive Metastore .................................... SUCCESS [35.751s]
[INFO] Hive Ant Utilities ................................ SUCCESS [1.742s]
[INFO] Hive Query Language ............................... FAILURE [4:05.493s]
[INFO] Hive Service ...................................... SKIPPED
[INFO] Hive Accumulo Handler ............................. SKIPPED
[INFO] Hive JDBC ......................................... SKIPPED
[INFO] Hive Beeline ...................................... SKIPPED
[INFO] Hive CLI .......................................... SKIPPED
[INFO] Hive Contrib ...................................... SKIPPED
[INFO] Hive HBase Handler ................................ SKIPPED
[INFO] Hive HCatalog ..................................... SKIPPED
[INFO] Hive HCatalog Core ................................ SKIPPED
[INFO] Hive HCatalog Pig Adapter ......................... SKIPPED
[INFO] Hive HCatalog Server Extensions ................... SKIPPED
[INFO] Hive HCatalog Webhcat Java Client ................. SKIPPED
[INFO] Hive HCatalog Webhcat ............................. SKIPPED
[INFO] Hive HCatalog Streaming ........................... SKIPPED
[INFO] Hive HWI .......................................... SKIPPED
[INFO] Hive ODBC ......................................... SKIPPED
[INFO] Hive Shims Aggregator ............................. SKIPPED
[INFO] Hive TestUtils .................................... SKIPPED
[INFO] Hive Packaging .................................... SKIPPED
[INFO] ------------------------------------------------------------------------
[INFO] BUILD FAILURE
[INFO] ------------------------------------------------------------------------
[INFO] Total time: 5:58.221s
[INFO] Finished at: Mon Oct 27 14:05:46 EDT 2014
[INFO] Final Memory: 73M/322M
[INFO] ------------------------------------------------------------------------
[ERROR] Failed to execute goal on project hive-exec: Could not resolve dependencies for project org.apache.hive:hive-exec:jar:0.15.0-SNAPSHOT: Failed to collect dependencies for [org.apache.hive:hive-ant:jar:0.15.0-SNAPSHOT (compile), org.apache.hive:hive-common:jar:0.15.0-SNAPSHOT (compile), org.apache.hive:hive-metastore:jar:0.15.0-SNAPSHOT (compile), org.apache.hive:hive-serde:jar:0.15.0-SNAPSHOT (compile), org.apache.hive:hive-shims:jar:0.15.0-SNAPSHOT (compile), com.esotericsoftware.kryo:kryo:jar:2.22 (compile), com.twitter:parquet-hadoop-bundle:jar:1.5.0 (compile), commons-codec:commons-codec:jar:1.4 (compile), commons-httpclient:commons-httpclient:jar:3.0.1 (compile), commons-io:commons-io:jar:2.4 (compile), org.apache.commons:commons-lang3:jar:3.1 (compile), commons-lang:commons-lang:jar:2.6 (compile), commons-logging:commons-logging:jar:1.1.3 (compile), javolution:javolution:jar:5.5.1 (compile), log4j:log4j:jar:1.2.16 (compile), org.antlr:antlr-runtime:jar:3.4 (compile), org.antlr:ST4:jar:4.0.4 (compile), org.apache.avro:avro:jar:1.7.5 (compile), org.apache.avro:avro-mapred:jar:hadoop2:1.7.5 (compile), org.apache.ant:ant:jar:1.9.1 (compile), org.apache.commons:commons-compress:jar:1.4.1 (compile), org.apache.thrift:libfb303:jar:0.9.0 (compile), org.apache.thrift:libthrift:jar:0.9.0 (compile), org.apache.zookeeper:zookeeper:jar:3.4.5 (compile), org.codehaus.groovy:groovy-all:jar:2.1.6 (compile), org.codehaus.jackson:jackson-core-asl:jar:1.9.2 (compile), org.jodd:jodd-core:jar:3.5.2 (compile), org.codehaus.jackson:jackson-mapper-asl:jar:1.9.2 (compile), org.datanucleus:datanucleus-core:jar:3.2.10 (compile), org.apache.calcite:calcite-core:jar:0.9.2-incubating-SNAPSHOT (compile), org.apache.calcite:calcite-avatica:jar:0.9.2-incubating-SNAPSHOT (compile), com.google.guava:guava:jar:11.0.2 (compile), com.google.protobuf:protobuf-java:jar:2.5.0 (compile), com.googlecode.javaewah:JavaEWAH:jar:0.3.2 (compile), org.iq80.snappy:snappy:jar:0.2 (compile), org.json:json:jar:20090211 (compile), stax:stax-api:jar:1.0.1 (compile), net.sf.opencsv:opencsv:jar:2.3 (compile), com.twitter:parquet-column:jar:tests:1.5.0 (test), junit:junit:jar:4.10 (test), org.mockito:mockito-all:jar:1.9.5 (test), org.apache.tez:tez-api:jar:0.5.1 (compile?), org.apache.tez:tez-runtime-library:jar:0.5.1 (compile?), org.apache.tez:tez-runtime-internals:jar:0.5.1 (compile?), org.apache.tez:tez-mapreduce:jar:0.5.1 (compile?), org.apache.hadoop:hadoop-common:jar:2.5.0 (compile?), org.apache.hadoop:hadoop-mapreduce-client-core:jar:2.5.0 (compile?), org.apache.hadoop:hadoop-mapreduce-client-common:jar:2.5.0 (test?), org.apache.hadoop:hadoop-hdfs:jar:2.5.0 (compile?), org.apache.hadoop:hadoop-yarn-api:jar:2.5.0 (compile?), org.apache.hadoop:hadoop-yarn-common:jar:2.5.0 (compile?), org.apache.hadoop:hadoop-yarn-client:jar:2.5.0 (compile?), org.slf4j:slf4j-api:jar:1.7.5 (compile), org.slf4j:slf4j-log4j12:jar:1.7.5 (compile)]: Failed to read artifact descriptor for org.apache.calcite:calcite-core:jar:0.9.2-incubating-SNAPSHOT: Could not transfer artifact org.apache.calcite:calcite-core:pom:0.9.2-incubating-SNAPSHOT from/to apache.snapshots (http://repository.apache.org/snapshots): Failed to transfer file: http://repository.apache.org/snapshots/org/apache/calcite/calcite-core/0.9.2-incubating-SNAPSHOT/calcite-core-0.9.2-incubating-SNAPSHOT.pom. Return code is: 503 , ReasonPhrase:Service Temporarily Unavailable. -&amp;gt; [Help 1]
[ERROR] 
[ERROR] To see the full stack trace of the errors, re-run Maven with the -e switch.
[ERROR] Re-run Maven using the -X switch to enable full debug logging.
[ERROR] 
[ERROR] For more information about the errors and possible solutions, please read the following articles:
[ERROR] [Help 1] http://cwiki.apache.org/confluence/display/MAVEN/DependencyResolutionException
[ERROR] 
[ERROR] After correcting the problems, you can resume the build with the command
[ERROR]   mvn &amp;lt;goals&amp;gt; -rf :hive-exec
+ exit 1
&apos;
&lt;/pre&gt;
&lt;/div&gt;&lt;/div&gt;

&lt;p&gt;This message is automatically generated.&lt;/p&gt;

&lt;p&gt;ATTACHMENT ID: 12677346 - PreCommit-HIVE-TRUNK-Build&lt;/p&gt;</comment>
                            <comment id="14199730" author="brocknoland" created="Thu, 6 Nov 2014 03:55:10 +0000"  >&lt;p&gt;thanks for the updated patch&lt;/p&gt;

&lt;p&gt;+1 pending tests&lt;/p&gt;</comment>
                            <comment id="14200142" author="hiveqa" created="Thu, 6 Nov 2014 12:46:57 +0000"  >

&lt;p&gt;&lt;font color=&quot;red&quot;&gt;Overall&lt;/font&gt;: -1 at least one tests failed&lt;/p&gt;

&lt;p&gt;Here are the results of testing the latest attachment:&lt;br/&gt;
&lt;a href=&quot;https://issues.apache.org/jira/secure/attachment/12679764/HIVE-8612.3.patch&quot; class=&quot;external-link&quot; rel=&quot;nofollow&quot;&gt;https://issues.apache.org/jira/secure/attachment/12679764/HIVE-8612.3.patch&lt;/a&gt;&lt;/p&gt;

&lt;p&gt;&lt;font color=&quot;red&quot;&gt;ERROR:&lt;/font&gt; -1 due to 1 failed/errored test(s), 6678 tests executed&lt;br/&gt;
&lt;b&gt;Failed tests:&lt;/b&gt;&lt;/p&gt;
&lt;div class=&quot;preformatted panel&quot; style=&quot;border-width: 1px;&quot;&gt;&lt;div class=&quot;preformattedContent panelContent&quot;&gt;
&lt;pre&gt;org.apache.hadoop.hive.cli.TestMiniTezCliDriver.testCliDriver_vector_mapjoin_reduce
&lt;/pre&gt;
&lt;/div&gt;&lt;/div&gt;

&lt;p&gt;Test results: &lt;a href=&quot;http://ec2-174-129-184-35.compute-1.amazonaws.com/jenkins/job/PreCommit-HIVE-TRUNK-Build/1662/testReport&quot; class=&quot;external-link&quot; target=&quot;_blank&quot; rel=&quot;nofollow noopener&quot;&gt;http://ec2-174-129-184-35.compute-1.amazonaws.com/jenkins/job/PreCommit-HIVE-TRUNK-Build/1662/testReport&lt;/a&gt;&lt;br/&gt;
Console output: &lt;a href=&quot;http://ec2-174-129-184-35.compute-1.amazonaws.com/jenkins/job/PreCommit-HIVE-TRUNK-Build/1662/console&quot; class=&quot;external-link&quot; target=&quot;_blank&quot; rel=&quot;nofollow noopener&quot;&gt;http://ec2-174-129-184-35.compute-1.amazonaws.com/jenkins/job/PreCommit-HIVE-TRUNK-Build/1662/console&lt;/a&gt;&lt;br/&gt;
Test logs: &lt;a href=&quot;http://ec2-174-129-184-35.compute-1.amazonaws.com/logs/PreCommit-HIVE-TRUNK-Build-1662/&quot; class=&quot;external-link&quot; target=&quot;_blank&quot; rel=&quot;nofollow noopener&quot;&gt;http://ec2-174-129-184-35.compute-1.amazonaws.com/logs/PreCommit-HIVE-TRUNK-Build-1662/&lt;/a&gt;&lt;/p&gt;

&lt;p&gt;Messages:&lt;/p&gt;
&lt;div class=&quot;preformatted panel&quot; style=&quot;border-width: 1px;&quot;&gt;&lt;div class=&quot;preformattedContent panelContent&quot;&gt;
&lt;pre&gt;Executing org.apache.hive.ptest.execution.PrepPhase
Executing org.apache.hive.ptest.execution.ExecutionPhase
Executing org.apache.hive.ptest.execution.ReportingPhase
Tests exited with: TestsFailedException: 1 tests failed
&lt;/pre&gt;
&lt;/div&gt;&lt;/div&gt;

&lt;p&gt;This message is automatically generated.&lt;/p&gt;

&lt;p&gt;ATTACHMENT ID: 12679764 - PreCommit-HIVE-TRUNK-Build&lt;/p&gt;</comment>
                            <comment id="14205707" author="prasadm" created="Tue, 11 Nov 2014 00:52:24 +0000"  >&lt;p&gt;The test failed vector_mapjoin_reduce.q seems to be unrelated to the change. It fails with and without the patch.&lt;/p&gt;</comment>
                            <comment id="14205717" author="prasadm" created="Tue, 11 Nov 2014 00:57:18 +0000"  >&lt;p&gt;Patch committed to trunk. Thanks &lt;a href=&quot;https://issues.apache.org/jira/secure/ViewProfile.jspa?name=brocknoland&quot; class=&quot;user-hover&quot; rel=&quot;brocknoland&quot;&gt;brocknoland&lt;/a&gt; for the review!&lt;/p&gt;</comment>
                            <comment id="14206061" author="lefty@hortonworks.com" created="Tue, 11 Nov 2014 07:12:40 +0000"  >&lt;p&gt;Doc note:  This adds &lt;b&gt;hive.metastore.filter.hook&lt;/b&gt; to HiveConf.java, so it needs to be documented in the wiki.&lt;/p&gt;

&lt;p&gt;Fix Version/s says 0.14.0 and 0.15.0 but &lt;a href=&quot;https://issues.apache.org/jira/secure/ViewProfile.jspa?name=prasadm&quot; class=&quot;user-hover&quot; rel=&quot;prasadm&quot;&gt;prasadm&lt;/a&gt;&apos;s comment just says committed to trunk, so is it only 0.15.0?&lt;/p&gt;</comment>
                            <comment id="14206065" author="prasadm" created="Tue, 11 Nov 2014 07:17:23 +0000"  >&lt;p&gt;&lt;a href=&quot;https://issues.apache.org/jira/secure/ViewProfile.jspa?name=leftylev&quot; class=&quot;user-hover&quot; rel=&quot;leftylev&quot;&gt;leftylev&lt;/a&gt; will update the documentation on wiki. It&apos;s only committed to trunk, updated the fix version. Thanks!&lt;/p&gt;</comment>
                            <comment id="14216744" author="prasadm" created="Tue, 18 Nov 2014 20:28:11 +0000"  >&lt;p&gt;&lt;a href=&quot;https://issues.apache.org/jira/secure/ViewProfile.jspa?name=leftylev&quot; class=&quot;user-hover&quot; rel=&quot;leftylev&quot;&gt;leftylev&lt;/a&gt; Documented the new config property on the metastore admin page. Thanks!&lt;/p&gt;</comment>
                    </comments>
                <issuelinks>
                            <issuelinktype id="10030">
                    <name>Reference</name>
                                            <outwardlinks description="relates to">
                                        <issuelink>
            <issuekey id="12766912">HIVE-9350</issuekey>
        </issuelink>
                            </outwardlinks>
                                                        </issuelinktype>
                            <issuelinktype id="10001">
                    <name>dependent</name>
                                                                <inwardlinks description="is depended upon by">
                                        <issuelink>
            <issuekey id="12749450">SENTRY-498</issuekey>
        </issuelink>
                            </inwardlinks>
                                    </issuelinktype>
                    </issuelinks>
                <attachments>
                            <attachment id="12677333" name="HIVE-8612.1.patch" size="32690" author="prasadm" created="Mon, 27 Oct 2014 17:01:09 +0000"/>
                            <attachment id="12677346" name="HIVE-8612.2.patch" size="32690" author="prasadm" created="Mon, 27 Oct 2014 17:50:23 +0000"/>
                            <attachment id="12679764" name="HIVE-8612.3.patch" size="34576" author="prasadm" created="Thu, 6 Nov 2014 02:32:22 +0000"/>
                    </attachments>
                <subtasks>
                    </subtasks>
                <customfields>
                                                                            <customfield id="customfield_12310310" key="com.atlassian.jira.toolkit:attachments">
                        <customfieldname>Attachment count</customfieldname>
                        <customfieldvalues>
                            <customfieldvalue>3.0</customfieldvalue>
                        </customfieldvalues>
                    </customfield>
                                                                                                                                                                                                                                                                                                                                                                                                                                                                                                                                                                                                                                                                                                        <customfield id="customfield_12314020" key="com.atlassian.jira.plugins.jira-development-integration-plugin:devsummary">
                        <customfieldname>Development</customfieldname>
                        <customfieldvalues>
                            
                        </customfieldvalues>
                    </customfield>
                                                                                                                        <customfield id="customfield_12313422" key="com.atlassian.jirafisheyeplugin:jobcheckbox">
                        <customfieldname>Enable Automatic Patch Review</customfieldname>
                        <customfieldvalues>
                            <customfieldvalue><![CDATA[false]]></customfieldvalue>

                        </customfieldvalues>
                    </customfield>
                                                                                                                                                                                                                                                                                                                                                                                                                                                                                                                                                                                                                                                <customfield id="customfield_12310420" key="com.pyxis.greenhopper.jira:gh-global-rank">
                        <customfieldname>Global Rank</customfieldname>
                        <customfieldvalues>
                            <customfieldvalue>9223372036854775807</customfieldvalue>
                        </customfieldvalues>
                    </customfield>
                                                                                                                                                                                                                                                                    <customfield id="customfield_12312521" key="com.atlassian.jira.toolkit:LastCommentDate">
                        <customfieldname>Last public comment date</customfieldname>
                        <customfieldvalues>
                            11 years, 1 week ago
                        </customfieldvalues>
                    </customfield>
                                                                                                                                                                                                                                                                                                <customfield id="customfield_12311820" key="com.pyxis.greenhopper.jira:gh-lexo-rank">
                        <customfieldname>Rank</customfieldname>
                        <customfieldvalues>
                            <customfieldvalue>0|i21mf3:</customfieldvalue>

                        </customfieldvalues>
                    </customfield>
                                                                <customfield id="customfield_12310920" key="com.pyxis.greenhopper.jira:gh-global-rank">
                        <customfieldname>Rank (Obsolete)</customfieldname>
                        <customfieldvalues>
                            <customfieldvalue>9223372036854775807</customfieldvalue>
                        </customfieldvalues>
                    </customfield>
                                                                                                                                                                                                                                                                                                                                                                                                                                                                                                                                                                                                                                                                                                                                                                                                                                                                                </customfields>
    </item>
</channel>
</rss>