<!-- 
RSS generated by JIRA (8.20.10#820010-sha1:ace47f9899e9ee25d7157d59aa17ab06aee30d3d) at Wed Nov 12 18:32:03 UTC 2025

It is possible to restrict the fields that are returned in this document by specifying the 'field' parameter in your request.
For example, to request only the issue key and summary append 'field=key&field=summary' to the URL of your request.
-->
<rss version="0.92" >
<channel>
    <title>ASF Jira</title>
    <link>https://issues.apache.org/jira</link>
    <description>This file is an XML representation of an issue</description>
    <language>en-uk</language>    <build-info>
        <version>8.20.10</version>
        <build-number>820010</build-number>
        <build-date>22-06-2022</build-date>
    </build-info>


<item>
            <title>[HIVE-10270] Cannot use Decimal constants less than 0.1BD</title>
                <link>https://issues.apache.org/jira/browse/HIVE-10270</link>
                <project id="12310843" key="HIVE">Hive</project>
                    <description>&lt;div class=&quot;preformatted panel&quot; style=&quot;border-width: 1px;&quot;&gt;&lt;div class=&quot;preformattedContent panelContent&quot;&gt;
&lt;pre&gt;hive&amp;gt; select 0.09765625BD;
FAILED: IllegalArgumentException Decimal scale must be less than or equal to precision
&lt;/pre&gt;
&lt;/div&gt;&lt;/div&gt;</description>
                <environment></environment>
        <key id="12819492">HIVE-10270</key>
            <summary>Cannot use Decimal constants less than 0.1BD</summary>
                <type id="1" iconUrl="https://issues.apache.org/jira/secure/viewavatar?size=xsmall&amp;avatarId=21133&amp;avatarType=issuetype">Bug</type>
                                            <priority id="3" iconUrl="https://issues.apache.org/jira/images/icons/priorities/major.svg">Major</priority>
                        <status id="6" iconUrl="https://issues.apache.org/jira/images/icons/statuses/closed.png" description="The issue is considered finished, the resolution is correct. Issues which are not closed can be reopened.">Closed</status>
                    <statusCategory id="3" key="done" colorName="green"/>
                                    <resolution id="1">Fixed</resolution>
                                        <assignee username="jdere">Jason Dere</assignee>
                                    <reporter username="jdere">Jason Dere</reporter>
                        <labels>
                    </labels>
                <created>Wed, 8 Apr 2015 23:14:07 +0000</created>
                <updated>Mon, 18 May 2015 19:51:46 +0000</updated>
                            <resolved>Fri, 17 Apr 2015 17:50:28 +0000</resolved>
                                                    <fixVersion>1.2.0</fixVersion>
                                    <component>Types</component>
                        <due></due>
                            <votes>1</votes>
                                    <watches>6</watches>
                                                                                                                <comments>
                            <comment id="14486299" author="jdere" created="Wed, 8 Apr 2015 23:17:23 +0000"  >&lt;p&gt;Looks like Hive is relying on the value of BigDecimal.precision() here to get the precision, but this is causing problems.&lt;br/&gt;
For BigDecimal(0.09765625BD):&lt;/p&gt;
&lt;ul&gt;
	&lt;li&gt;precision = 7&lt;/li&gt;
	&lt;li&gt;scale = 8&lt;br/&gt;
However Hive precision must be &amp;gt;= scale. Looking at how MySQL treats 0.09765625 this should be decimal(9,8)&lt;/li&gt;
&lt;/ul&gt;
</comment>
                            <comment id="14486353" author="sershe" created="Wed, 8 Apr 2015 23:53:37 +0000"  >&lt;p&gt;I think this should be a blocker, number 0.09765625 is very important in my use of Hive&lt;/p&gt;</comment>
                            <comment id="14486531" author="jdere" created="Thu, 9 Apr 2015 01:48:59 +0000"  >&lt;p&gt;Initial patch&lt;/p&gt;</comment>
                            <comment id="14489381" author="hiveqa" created="Fri, 10 Apr 2015 10:59:47 +0000"  >

&lt;p&gt;&lt;font color=&quot;red&quot;&gt;Overall&lt;/font&gt;: -1 at least one tests failed&lt;/p&gt;

&lt;p&gt;Here are the results of testing the latest attachment:&lt;br/&gt;
&lt;a href=&quot;https://issues.apache.org/jira/secure/attachment/12724105/HIVE-10270.1.patch&quot; class=&quot;external-link&quot; rel=&quot;nofollow&quot;&gt;https://issues.apache.org/jira/secure/attachment/12724105/HIVE-10270.1.patch&lt;/a&gt;&lt;/p&gt;

&lt;p&gt;&lt;font color=&quot;red&quot;&gt;ERROR:&lt;/font&gt; -1 due to 30 failed/errored test(s), 8667 tests executed&lt;br/&gt;
&lt;b&gt;Failed tests:&lt;/b&gt;&lt;/p&gt;
&lt;div class=&quot;preformatted panel&quot; style=&quot;border-width: 1px;&quot;&gt;&lt;div class=&quot;preformattedContent panelContent&quot;&gt;
&lt;pre&gt;TestMinimrCliDriver-bucketmapjoin6.q-constprog_partitioner.q-infer_bucket_sort_dyn_part.q-and-1-more - did not produce a TEST-*.xml file
TestMinimrCliDriver-external_table_with_space_in_location_path.q-infer_bucket_sort_merge.q-auto_sortmerge_join_16.q-and-1-more - did not produce a TEST-*.xml file
TestMinimrCliDriver-groupby2.q-import_exported_table.q-bucketizedhiveinputformat.q-and-1-more - did not produce a TEST-*.xml file
TestMinimrCliDriver-index_bitmap3.q-stats_counter_partitioned.q-temp_table_external.q-and-1-more - did not produce a TEST-*.xml file
TestMinimrCliDriver-infer_bucket_sort_map_operators.q-join1.q-bucketmapjoin7.q-and-1-more - did not produce a TEST-*.xml file
TestMinimrCliDriver-infer_bucket_sort_num_buckets.q-disable_merge_for_bucketing.q-uber_reduce.q-and-1-more - did not produce a TEST-*.xml file
TestMinimrCliDriver-infer_bucket_sort_reducers_power_two.q-scriptfile1.q-scriptfile1_win.q-and-1-more - did not produce a TEST-*.xml file
TestMinimrCliDriver-leftsemijoin_mr.q-load_hdfs_file_with_space_in_the_name.q-root_dir_external_table.q-and-1-more - did not produce a TEST-*.xml file
TestMinimrCliDriver-list_bucket_dml_10.q-bucket_num_reducers.q-bucket6.q-and-1-more - did not produce a TEST-*.xml file
TestMinimrCliDriver-load_fs2.q-file_with_header_footer.q-ql_rewrite_gbtoidx_cbo_1.q-and-1-more - did not produce a TEST-*.xml file
TestMinimrCliDriver-parallel_orderby.q-reduce_deduplicate.q-ql_rewrite_gbtoidx_cbo_2.q-and-1-more - did not produce a TEST-*.xml file
TestMinimrCliDriver-ql_rewrite_gbtoidx.q-smb_mapjoin_8.q - did not produce a TEST-*.xml file
TestMinimrCliDriver-schemeAuthority2.q-bucket4.q-input16_cc.q-and-1-more - did not produce a TEST-*.xml file
org.apache.hadoop.hive.cli.TestCliDriver.testCliDriver_decimal_3
org.apache.hadoop.hive.cli.TestCliDriver.testCliDriver_decimal_4
org.apache.hadoop.hive.cli.TestCliDriver.testCliDriver_decimal_5
org.apache.hadoop.hive.cli.TestCliDriver.testCliDriver_decimal_join2
org.apache.hadoop.hive.cli.TestCliDriver.testCliDriver_serde_regex
org.apache.hadoop.hive.cli.TestCliDriver.testCliDriver_vector_decimal_3
org.apache.hadoop.hive.cli.TestCliDriver.testCliDriver_vector_decimal_4
org.apache.hadoop.hive.cli.TestCliDriver.testCliDriver_vector_decimal_5
org.apache.hadoop.hive.cli.TestCliDriver.testCliDriver_windowing_ntile
org.apache.hadoop.hive.cli.TestCliDriver.testCliDriver_windowing_rank
org.apache.hadoop.hive.cli.TestMiniTezCliDriver.testCliDriver_vector_decimal_3
org.apache.hadoop.hive.cli.TestMiniTezCliDriver.testCliDriver_vector_decimal_4
org.apache.hadoop.hive.cli.TestMiniTezCliDriver.testCliDriver_vector_decimal_5
org.apache.hadoop.hive.thrift.TestHadoop20SAuthBridge.testMetastoreProxyUser
org.apache.hadoop.hive.thrift.TestHadoop20SAuthBridge.testSaslWithHiveMetaStore
org.apache.hive.jdbc.TestSSL.testSSLFetchHttp
org.apache.hive.spark.client.TestSparkClient.testSyncRpc
&lt;/pre&gt;
&lt;/div&gt;&lt;/div&gt;

&lt;p&gt;Test results: &lt;a href=&quot;http://ec2-174-129-184-35.compute-1.amazonaws.com/jenkins/job/PreCommit-HIVE-TRUNK-Build/3358/testReport&quot; class=&quot;external-link&quot; target=&quot;_blank&quot; rel=&quot;nofollow noopener&quot;&gt;http://ec2-174-129-184-35.compute-1.amazonaws.com/jenkins/job/PreCommit-HIVE-TRUNK-Build/3358/testReport&lt;/a&gt;&lt;br/&gt;
Console output: &lt;a href=&quot;http://ec2-174-129-184-35.compute-1.amazonaws.com/jenkins/job/PreCommit-HIVE-TRUNK-Build/3358/console&quot; class=&quot;external-link&quot; target=&quot;_blank&quot; rel=&quot;nofollow noopener&quot;&gt;http://ec2-174-129-184-35.compute-1.amazonaws.com/jenkins/job/PreCommit-HIVE-TRUNK-Build/3358/console&lt;/a&gt;&lt;br/&gt;
Test logs: &lt;a href=&quot;http://ec2-174-129-184-35.compute-1.amazonaws.com/logs/PreCommit-HIVE-TRUNK-Build-3358/&quot; class=&quot;external-link&quot; target=&quot;_blank&quot; rel=&quot;nofollow noopener&quot;&gt;http://ec2-174-129-184-35.compute-1.amazonaws.com/logs/PreCommit-HIVE-TRUNK-Build-3358/&lt;/a&gt;&lt;/p&gt;

&lt;p&gt;Messages:&lt;/p&gt;
&lt;div class=&quot;preformatted panel&quot; style=&quot;border-width: 1px;&quot;&gt;&lt;div class=&quot;preformattedContent panelContent&quot;&gt;
&lt;pre&gt;Executing org.apache.hive.ptest.execution.PrepPhase
Executing org.apache.hive.ptest.execution.ExecutionPhase
Executing org.apache.hive.ptest.execution.ReportingPhase
Tests exited with: TestsFailedException: 30 tests failed
&lt;/pre&gt;
&lt;/div&gt;&lt;/div&gt;

&lt;p&gt;This message is automatically generated.&lt;/p&gt;

&lt;p&gt;ATTACHMENT ID: 12724105 - PreCommit-HIVE-TRUNK-Build&lt;/p&gt;</comment>
                            <comment id="14494701" author="jdere" created="Tue, 14 Apr 2015 19:20:48 +0000"  >&lt;p&gt;I believe the test failures were due to the fact that BinarySortableSerDe relies on BigDecimal precision, whereas other parts of Hive rely on the SQL precision value.&lt;br/&gt;
Attaching patch v2 which fixes BinarySortableSerDe by using HiveDecimal.bigDecimalValue().precision() rather than HiveDecimal.precision(). &lt;a href=&quot;https://issues.apache.org/jira/secure/ViewProfile.jspa?name=xuefuz&quot; class=&quot;user-hover&quot; rel=&quot;xuefuz&quot;&gt;xuefuz&lt;/a&gt;, are there any other areas where we would have to make similar changes?&lt;/p&gt;</comment>
                            <comment id="14494763" author="jdere" created="Tue, 14 Apr 2015 19:57:24 +0000"  >&lt;p&gt;RB at &lt;a href=&quot;https://reviews.apache.org/r/33186/&quot; class=&quot;external-link&quot; target=&quot;_blank&quot; rel=&quot;nofollow noopener&quot;&gt;https://reviews.apache.org/r/33186/&lt;/a&gt;&lt;/p&gt;</comment>
                            <comment id="14495203" author="hiveqa" created="Wed, 15 Apr 2015 00:27:34 +0000"  >

&lt;p&gt;&lt;font color=&quot;red&quot;&gt;Overall&lt;/font&gt;: -1 no tests executed&lt;/p&gt;

&lt;p&gt;Here are the results of testing the latest attachment:&lt;br/&gt;
&lt;a href=&quot;https://issues.apache.org/jira/secure/attachment/12725360/HIVE-10270.2.patch&quot; class=&quot;external-link&quot; rel=&quot;nofollow&quot;&gt;https://issues.apache.org/jira/secure/attachment/12725360/HIVE-10270.2.patch&lt;/a&gt;&lt;/p&gt;

&lt;p&gt;Test results: &lt;a href=&quot;http://ec2-174-129-184-35.compute-1.amazonaws.com/jenkins/job/PreCommit-HIVE-TRUNK-Build/3432/testReport&quot; class=&quot;external-link&quot; target=&quot;_blank&quot; rel=&quot;nofollow noopener&quot;&gt;http://ec2-174-129-184-35.compute-1.amazonaws.com/jenkins/job/PreCommit-HIVE-TRUNK-Build/3432/testReport&lt;/a&gt;&lt;br/&gt;
Console output: &lt;a href=&quot;http://ec2-174-129-184-35.compute-1.amazonaws.com/jenkins/job/PreCommit-HIVE-TRUNK-Build/3432/console&quot; class=&quot;external-link&quot; target=&quot;_blank&quot; rel=&quot;nofollow noopener&quot;&gt;http://ec2-174-129-184-35.compute-1.amazonaws.com/jenkins/job/PreCommit-HIVE-TRUNK-Build/3432/console&lt;/a&gt;&lt;br/&gt;
Test logs: &lt;a href=&quot;http://ec2-174-129-184-35.compute-1.amazonaws.com/logs/PreCommit-HIVE-TRUNK-Build-3432/&quot; class=&quot;external-link&quot; target=&quot;_blank&quot; rel=&quot;nofollow noopener&quot;&gt;http://ec2-174-129-184-35.compute-1.amazonaws.com/logs/PreCommit-HIVE-TRUNK-Build-3432/&lt;/a&gt;&lt;/p&gt;

&lt;p&gt;Messages:&lt;/p&gt;
&lt;div class=&quot;preformatted panel&quot; style=&quot;border-width: 1px;&quot;&gt;&lt;div class=&quot;preformattedContent panelContent&quot;&gt;
&lt;pre&gt;Executing org.apache.hive.ptest.execution.PrepPhase
Tests exited with: NonZeroExitCodeException
Command &apos;bash /data/hive-ptest/working/scratch/source-prep.sh&apos; failed with exit status 1 and output &apos;+ [[ -n /usr/java/jdk1.7.0_45-cloudera ]]
+ export JAVA_HOME=/usr/java/jdk1.7.0_45-cloudera
+ JAVA_HOME=/usr/java/jdk1.7.0_45-cloudera
+ export PATH=/usr/java/jdk1.7.0_45-cloudera/bin/:/usr/local/apache-maven-3.0.5/bin:/usr/java/jdk1.7.0_45-cloudera/bin:/usr/local/apache-ant-1.9.1/bin:/usr/local/bin:/bin:/usr/bin:/usr/local/sbin:/usr/sbin:/sbin:/home/hiveptest/bin
+ PATH=/usr/java/jdk1.7.0_45-cloudera/bin/:/usr/local/apache-maven-3.0.5/bin:/usr/java/jdk1.7.0_45-cloudera/bin:/usr/local/apache-ant-1.9.1/bin:/usr/local/bin:/bin:/usr/bin:/usr/local/sbin:/usr/sbin:/sbin:/home/hiveptest/bin
+ export &apos;ANT_OPTS=-Xmx1g -XX:MaxPermSize=256m &apos;
+ ANT_OPTS=&apos;-Xmx1g -XX:MaxPermSize=256m &apos;
+ export &apos;M2_OPTS=-Xmx1g -XX:MaxPermSize=256m -Dhttp.proxyHost=localhost -Dhttp.proxyPort=3128&apos;
+ M2_OPTS=&apos;-Xmx1g -XX:MaxPermSize=256m -Dhttp.proxyHost=localhost -Dhttp.proxyPort=3128&apos;
+ cd /data/hive-ptest/working/
+ tee /data/hive-ptest/logs/PreCommit-HIVE-TRUNK-Build-3432/source-prep.txt
+ [[ false == \t\r\u\e ]]
+ mkdir -p maven ivy
+ [[ svn = \s\v\n ]]
+ [[ -n &apos;&apos; ]]
+ [[ -d apache-svn-trunk-source ]]
+ [[ ! -d apache-svn-trunk-source/.svn ]]
+ [[ ! -d apache-svn-trunk-source ]]
+ cd apache-svn-trunk-source
+ svn revert -R .
Reverted &apos;itests/src/test/resources/testconfiguration.properties&apos;
Reverted &apos;ql/src/test/results/clientnegative/join_nonexistent_part.q.out&apos;
Reverted &apos;ql/src/test/results/clientpositive/spark/auto_join32.q.out&apos;
Reverted &apos;ql/src/test/results/clientpositive/spark/bucketmapjoin1.q.out&apos;
Reverted &apos;ql/src/test/results/clientpositive/spark/union_view.q.out&apos;
Reverted &apos;ql/src/test/results/clientpositive/spark/optimize_nullscan.q.out&apos;
Reverted &apos;ql/src/test/results/clientpositive/spark/sample6.q.out&apos;
Reverted &apos;ql/src/test/results/clientpositive/spark/reduce_deduplicate.q.out&apos;
Reverted &apos;ql/src/test/results/clientpositive/spark/join_view.q.out&apos;
Reverted &apos;ql/src/test/results/clientpositive/correlationoptimizer3.q.out&apos;
Reverted &apos;ql/src/test/results/clientpositive/join_cond_pushdown_unqual2.q.out&apos;
Reverted &apos;ql/src/test/results/clientpositive/groupby_sort_6.q.out&apos;
Reverted &apos;ql/src/test/results/clientpositive/smb_mapjoin9.q.out&apos;
Reverted &apos;ql/src/test/results/clientpositive/join_cond_pushdown_unqual4.q.out&apos;
Reverted &apos;ql/src/test/results/clientpositive/sample6.q.out&apos;
Reverted &apos;ql/src/test/results/clientpositive/tez/dynamic_partition_pruning.q.out&apos;
Reverted &apos;ql/src/test/results/clientpositive/tez/tez_union.q.out&apos;
Reverted &apos;ql/src/test/results/clientpositive/tez/optimize_nullscan.q.out&apos;
Reverted &apos;ql/src/test/results/clientpositive/tez/metadataonly1.q.out&apos;
Reverted &apos;ql/src/test/results/clientpositive/tez/vectorized_dynamic_partition_pruning.q.out&apos;
Reverted &apos;ql/src/test/results/clientpositive/tez/tez_union_group_by.q.out&apos;
Reverted &apos;ql/src/test/results/clientpositive/nullgroup5.q.out&apos;
Reverted &apos;ql/src/test/results/clientpositive/union_lateralview.q.out&apos;
Reverted &apos;ql/src/test/results/clientpositive/auto_join32.q.out&apos;
Reverted &apos;ql/src/test/results/clientpositive/bucketmapjoin1.q.out&apos;
Reverted &apos;ql/src/test/results/clientpositive/union_view.q.out&apos;
Reverted &apos;ql/src/test/results/clientpositive/annotate_stats_join.q.out&apos;
Reverted &apos;ql/src/test/results/clientpositive/input26.q.out&apos;
Reverted &apos;ql/src/test/results/clientpositive/optimize_nullscan.q.out&apos;
Reverted &apos;ql/src/test/results/clientpositive/union30.q.out&apos;
Reverted &apos;ql/src/test/results/clientpositive/metadataonly1.q.out&apos;
Reverted &apos;ql/src/test/results/clientpositive/partition_boolexpr.q.out&apos;
Reverted &apos;ql/src/test/results/clientpositive/correlationoptimizer6.q.out&apos;
Reverted &apos;ql/src/test/results/clientpositive/join_view.q.out&apos;
Reverted &apos;ql/src/test/results/clientpositive/ppd_union_view.q.out&apos;
Reverted &apos;ql/src/test/results/clientpositive/input23.q.out&apos;
Reverted &apos;ql/src/test/queries/clientpositive/tez_union.q&apos;
Reverted &apos;ql/src/java/org/apache/hadoop/hive/ql/optimizer/physical/Vectorizer.java&apos;
Reverted &apos;ql/src/java/org/apache/hadoop/hive/ql/plan/MapWork.java&apos;
++ awk &apos;{print $2}&apos;
++ egrep -v &apos;^X|^Performing status on external&apos;
++ svn status --no-ignore
+ rm -rf target datanucleus.log ant/target shims/target shims/0.20S/target shims/0.23/target shims/aggregator/target shims/common/target shims/scheduler/target packaging/target hbase-handler/target testutils/target jdbc/target metastore/target itests/target itests/thirdparty itests/hcatalog-unit/target itests/test-serde/target itests/qtest/target itests/hive-unit-hadoop2/target itests/hive-minikdc/target itests/hive-jmh/target itests/hive-unit/target itests/custom-serde/target itests/util/target itests/qtest-spark/target hcatalog/target hcatalog/core/target hcatalog/streaming/target hcatalog/server-extensions/target hcatalog/webhcat/svr/target hcatalog/webhcat/java-client/target hcatalog/hcatalog-pig-adapter/target accumulo-handler/target hwi/target common/target common/src/gen spark-client/target contrib/target service/target serde/target beeline/target odbc/target cli/target ql/dependency-reduced-pom.xml ql/target ql/src/test/results/clientpositive/tez/union_view.q.out
+ svn update

Fetching external item into &apos;hcatalog/src/test/e2e/harness&apos;
External at revision 1673594.

At revision 1673594.
+ patchCommandPath=/data/hive-ptest/working/scratch/smart-apply-patch.sh
+ patchFilePath=/data/hive-ptest/working/scratch/build.patch
+ [[ -f /data/hive-ptest/working/scratch/build.patch ]]
+ chmod +x /data/hive-ptest/working/scratch/smart-apply-patch.sh
+ /data/hive-ptest/working/scratch/smart-apply-patch.sh /data/hive-ptest/working/scratch/build.patch
The patch does not appear to apply with p0, p1, or p2
+ exit 1
&apos;
&lt;/pre&gt;
&lt;/div&gt;&lt;/div&gt;

&lt;p&gt;This message is automatically generated.&lt;/p&gt;

&lt;p&gt;ATTACHMENT ID: 12725360 - PreCommit-HIVE-TRUNK-Build&lt;/p&gt;</comment>
                            <comment id="14495509" author="jdere" created="Wed, 15 Apr 2015 01:12:49 +0000"  >&lt;p&gt;Rebasing patch with trunk&lt;/p&gt;</comment>
                            <comment id="14495641" author="hiveqa" created="Wed, 15 Apr 2015 04:23:16 +0000"  >

&lt;p&gt;&lt;font color=&quot;red&quot;&gt;Overall&lt;/font&gt;: -1 no tests executed&lt;/p&gt;

&lt;p&gt;Here are the results of testing the latest attachment:&lt;br/&gt;
&lt;a href=&quot;https://issues.apache.org/jira/secure/attachment/12725446/HIVE-10270.3.patch&quot; class=&quot;external-link&quot; rel=&quot;nofollow&quot;&gt;https://issues.apache.org/jira/secure/attachment/12725446/HIVE-10270.3.patch&lt;/a&gt;&lt;/p&gt;

&lt;p&gt;Test results: &lt;a href=&quot;http://ec2-174-129-184-35.compute-1.amazonaws.com/jenkins/job/PreCommit-HIVE-TRUNK-Build/3436/testReport&quot; class=&quot;external-link&quot; target=&quot;_blank&quot; rel=&quot;nofollow noopener&quot;&gt;http://ec2-174-129-184-35.compute-1.amazonaws.com/jenkins/job/PreCommit-HIVE-TRUNK-Build/3436/testReport&lt;/a&gt;&lt;br/&gt;
Console output: &lt;a href=&quot;http://ec2-174-129-184-35.compute-1.amazonaws.com/jenkins/job/PreCommit-HIVE-TRUNK-Build/3436/console&quot; class=&quot;external-link&quot; target=&quot;_blank&quot; rel=&quot;nofollow noopener&quot;&gt;http://ec2-174-129-184-35.compute-1.amazonaws.com/jenkins/job/PreCommit-HIVE-TRUNK-Build/3436/console&lt;/a&gt;&lt;br/&gt;
Test logs: &lt;a href=&quot;http://ec2-174-129-184-35.compute-1.amazonaws.com/logs/PreCommit-HIVE-TRUNK-Build-3436/&quot; class=&quot;external-link&quot; target=&quot;_blank&quot; rel=&quot;nofollow noopener&quot;&gt;http://ec2-174-129-184-35.compute-1.amazonaws.com/logs/PreCommit-HIVE-TRUNK-Build-3436/&lt;/a&gt;&lt;/p&gt;

&lt;p&gt;Messages:&lt;/p&gt;
&lt;div class=&quot;preformatted panel&quot; style=&quot;border-width: 1px;&quot;&gt;&lt;div class=&quot;preformattedContent panelContent&quot;&gt;
&lt;pre&gt;**** This message was trimmed, see log for full details ****
[INFO] --- maven-site-plugin:3.3:attach-descriptor (attach-descriptor) @ hive-shims ---
[INFO] 
[INFO] --- maven-install-plugin:2.4:install (default-install) @ hive-shims ---
[INFO] Installing /data/hive-ptest/working/apache-svn-trunk-source/shims/aggregator/target/hive-shims-1.2.0-SNAPSHOT.jar to /data/hive-ptest/working/maven/org/apache/hive/hive-shims/1.2.0-SNAPSHOT/hive-shims-1.2.0-SNAPSHOT.jar
[INFO] Installing /data/hive-ptest/working/apache-svn-trunk-source/shims/aggregator/pom.xml to /data/hive-ptest/working/maven/org/apache/hive/hive-shims/1.2.0-SNAPSHOT/hive-shims-1.2.0-SNAPSHOT.pom
[INFO]                                                                         
[INFO] ------------------------------------------------------------------------
[INFO] Building Hive Common 1.2.0-SNAPSHOT
[INFO] ------------------------------------------------------------------------
[INFO] 
[INFO] --- maven-clean-plugin:2.5:clean (default-clean) @ hive-common ---
[INFO] Deleting /data/hive-ptest/working/apache-svn-trunk-source/common (includes = [datanucleus.log, derby.log], excludes = [])
[INFO] 
[INFO] --- maven-enforcer-plugin:1.3.1:enforce (enforce-no-snapshots) @ hive-common ---
[INFO] 
[INFO] --- maven-antrun-plugin:1.7:run (generate-version-annotation) @ hive-common ---
[INFO] Executing tasks

main:
[INFO] Executed tasks
[INFO] 
[INFO] --- build-helper-maven-plugin:1.8:add-source (add-source) @ hive-common ---
[INFO] Source directory: /data/hive-ptest/working/apache-svn-trunk-source/common/src/gen added.
[INFO] 
[INFO] --- maven-remote-resources-plugin:1.5:process (default) @ hive-common ---
[INFO] 
[INFO] --- maven-resources-plugin:2.6:resources (default-resources) @ hive-common ---
[INFO] Using &apos;UTF-8&apos; encoding to copy filtered resources.
[INFO] Copying 1 resource
[INFO] Copying 3 resources
[INFO] 
[INFO] --- maven-antrun-plugin:1.7:run (define-classpath) @ hive-common ---
[INFO] Executing tasks

main:
[INFO] Executed tasks
[INFO] 
[INFO] --- maven-compiler-plugin:3.1:compile (default-compile) @ hive-common ---
[INFO] Compiling 66 source files to /data/hive-ptest/working/apache-svn-trunk-source/common/target/classes
[WARNING] /data/hive-ptest/working/apache-svn-trunk-source/common/src/java/org/apache/hadoop/hive/common/FileUtils.java: /data/hive-ptest/working/apache-svn-trunk-source/common/src/java/org/apache/hadoop/hive/common/FileUtils.java uses or overrides a deprecated API.
[WARNING] /data/hive-ptest/working/apache-svn-trunk-source/common/src/java/org/apache/hadoop/hive/common/FileUtils.java: Recompile with -Xlint:deprecation for details.
[WARNING] /data/hive-ptest/working/apache-svn-trunk-source/common/src/java/org/apache/hadoop/hive/common/ObjectPair.java: Some input files use unchecked or unsafe operations.
[WARNING] /data/hive-ptest/working/apache-svn-trunk-source/common/src/java/org/apache/hadoop/hive/common/ObjectPair.java: Recompile with -Xlint:unchecked for details.
[INFO] 
[INFO] --- maven-resources-plugin:2.6:testResources (default-testResources) @ hive-common ---
[INFO] Using &apos;UTF-8&apos; encoding to copy filtered resources.
[INFO] Copying 4 resources
[INFO] Copying 3 resources
[INFO] 
[INFO] --- maven-antrun-plugin:1.7:run (setup-test-dirs) @ hive-common ---
[INFO] Executing tasks

main:
    [mkdir] Created dir: /data/hive-ptest/working/apache-svn-trunk-source/common/target/tmp
    [mkdir] Created dir: /data/hive-ptest/working/apache-svn-trunk-source/common/target/warehouse
    [mkdir] Created dir: /data/hive-ptest/working/apache-svn-trunk-source/common/target/tmp/conf
     [copy] Copying 11 files to /data/hive-ptest/working/apache-svn-trunk-source/common/target/tmp/conf
[INFO] Executed tasks
[INFO] 
[INFO] --- maven-compiler-plugin:3.1:testCompile (default-testCompile) @ hive-common ---
[INFO] Compiling 18 source files to /data/hive-ptest/working/apache-svn-trunk-source/common/target/test-classes
[WARNING] /data/hive-ptest/working/apache-svn-trunk-source/common/src/test/org/apache/hadoop/hive/common/TestValidReadTxnList.java: /data/hive-ptest/working/apache-svn-trunk-source/common/src/test/org/apache/hadoop/hive/common/TestValidReadTxnList.java uses or overrides a deprecated API.
[WARNING] /data/hive-ptest/working/apache-svn-trunk-source/common/src/test/org/apache/hadoop/hive/common/TestValidReadTxnList.java: Recompile with -Xlint:deprecation for details.
[INFO] 
[INFO] --- maven-surefire-plugin:2.16:test (default-test) @ hive-common ---
[INFO] Tests are skipped.
[INFO] 
[INFO] --- maven-jar-plugin:2.2:jar (default-jar) @ hive-common ---
[INFO] Building jar: /data/hive-ptest/working/apache-svn-trunk-source/common/target/hive-common-1.2.0-SNAPSHOT.jar
[INFO] 
[INFO] --- maven-site-plugin:3.3:attach-descriptor (attach-descriptor) @ hive-common ---
[INFO] 
[INFO] --- maven-install-plugin:2.4:install (default-install) @ hive-common ---
[INFO] Installing /data/hive-ptest/working/apache-svn-trunk-source/common/target/hive-common-1.2.0-SNAPSHOT.jar to /data/hive-ptest/working/maven/org/apache/hive/hive-common/1.2.0-SNAPSHOT/hive-common-1.2.0-SNAPSHOT.jar
[INFO] Installing /data/hive-ptest/working/apache-svn-trunk-source/common/pom.xml to /data/hive-ptest/working/maven/org/apache/hive/hive-common/1.2.0-SNAPSHOT/hive-common-1.2.0-SNAPSHOT.pom
[INFO]                                                                         
[INFO] ------------------------------------------------------------------------
[INFO] Building Hive Serde 1.2.0-SNAPSHOT
[INFO] ------------------------------------------------------------------------
[INFO] 
[INFO] --- maven-clean-plugin:2.5:clean (default-clean) @ hive-serde ---
[INFO] Deleting /data/hive-ptest/working/apache-svn-trunk-source/serde (includes = [datanucleus.log, derby.log], excludes = [])
[INFO] 
[INFO] --- maven-enforcer-plugin:1.3.1:enforce (enforce-no-snapshots) @ hive-serde ---
[INFO] 
[INFO] --- build-helper-maven-plugin:1.8:add-source (add-source) @ hive-serde ---
[INFO] Source directory: /data/hive-ptest/working/apache-svn-trunk-source/serde/src/gen/protobuf/gen-java added.
[INFO] Source directory: /data/hive-ptest/working/apache-svn-trunk-source/serde/src/gen/thrift/gen-javabean added.
[INFO] 
[INFO] --- maven-remote-resources-plugin:1.5:process (default) @ hive-serde ---
[INFO] 
[INFO] --- maven-resources-plugin:2.6:resources (default-resources) @ hive-serde ---
[INFO] Using &apos;UTF-8&apos; encoding to copy filtered resources.
[INFO] skip non existing resourceDirectory /data/hive-ptest/working/apache-svn-trunk-source/serde/src/main/resources
[INFO] Copying 3 resources
[INFO] 
[INFO] --- maven-antrun-plugin:1.7:run (define-classpath) @ hive-serde ---
[INFO] Executing tasks

main:
[INFO] Executed tasks
[INFO] 
[INFO] --- maven-compiler-plugin:3.1:compile (default-compile) @ hive-serde ---
[INFO] Compiling 407 source files to /data/hive-ptest/working/apache-svn-trunk-source/serde/target/classes
[WARNING] /data/hive-ptest/working/apache-svn-trunk-source/serde/src/java/org/apache/hadoop/hive/serde2/SerDe.java: Some input files use or override a deprecated API.
[WARNING] /data/hive-ptest/working/apache-svn-trunk-source/serde/src/java/org/apache/hadoop/hive/serde2/SerDe.java: Recompile with -Xlint:deprecation for details.
[WARNING] /data/hive-ptest/working/apache-svn-trunk-source/serde/src/gen/thrift/gen-javabean/org/apache/hadoop/hive/serde2/thrift/test/Complex.java: Some input files use unchecked or unsafe operations.
[WARNING] /data/hive-ptest/working/apache-svn-trunk-source/serde/src/gen/thrift/gen-javabean/org/apache/hadoop/hive/serde2/thrift/test/Complex.java: Recompile with -Xlint:unchecked for details.
[INFO] 
[INFO] --- maven-resources-plugin:2.6:testResources (default-testResources) @ hive-serde ---
[INFO] Using &apos;UTF-8&apos; encoding to copy filtered resources.
[INFO] Copying 2 resources
[INFO] Copying 3 resources
[INFO] 
[INFO] --- maven-antrun-plugin:1.7:run (setup-test-dirs) @ hive-serde ---
[INFO] Executing tasks

main:
    [mkdir] Created dir: /data/hive-ptest/working/apache-svn-trunk-source/serde/target/tmp
    [mkdir] Created dir: /data/hive-ptest/working/apache-svn-trunk-source/serde/target/warehouse
    [mkdir] Created dir: /data/hive-ptest/working/apache-svn-trunk-source/serde/target/tmp/conf
     [copy] Copying 11 files to /data/hive-ptest/working/apache-svn-trunk-source/serde/target/tmp/conf
[INFO] Executed tasks
[INFO] 
[INFO] --- maven-compiler-plugin:3.1:testCompile (default-testCompile) @ hive-serde ---
[INFO] Compiling 53 source files to /data/hive-ptest/working/apache-svn-trunk-source/serde/target/test-classes
[INFO] -------------------------------------------------------------
[WARNING] COMPILATION WARNING : 
[INFO] -------------------------------------------------------------
[WARNING] /data/hive-ptest/working/apache-svn-trunk-source/serde/src/test/org/apache/hadoop/hive/serde2/lazy/TestLazySimpleFast.java: Some input files use or override a deprecated API.
[WARNING] /data/hive-ptest/working/apache-svn-trunk-source/serde/src/test/org/apache/hadoop/hive/serde2/lazy/TestLazySimpleFast.java: Recompile with -Xlint:deprecation for details.
[WARNING] /data/hive-ptest/working/apache-svn-trunk-source/serde/src/test/org/apache/hadoop/hive/serde2/avro/TestInstanceCache.java: Some input files use unchecked or unsafe operations.
[WARNING] /data/hive-ptest/working/apache-svn-trunk-source/serde/src/test/org/apache/hadoop/hive/serde2/avro/TestInstanceCache.java: Recompile with -Xlint:unchecked for details.
[INFO] 4 warnings 
[INFO] -------------------------------------------------------------
[INFO] -------------------------------------------------------------
[ERROR] COMPILATION ERROR : 
[INFO] -------------------------------------------------------------
[ERROR] /data/hive-ptest/working/apache-svn-trunk-source/serde/src/test/org/apache/hadoop/hive/serde2/binarysortable/TestBinarySortableSerDe.java:[304,10] cannot find symbol
  symbol:   variable myBA
  location: variable t of type org.apache.hadoop.hive.serde2.binarysortable.MyTestClass
[INFO] 1 error
[INFO] -------------------------------------------------------------
[INFO] ------------------------------------------------------------------------
[INFO] Reactor Summary:
[INFO] 
[INFO] Hive .............................................. SUCCESS [14.589s]
[INFO] Hive Shims Common ................................. SUCCESS [10.771s]
[INFO] Hive Shims 0.20S .................................. SUCCESS [2.994s]
[INFO] Hive Shims 0.23 ................................... SUCCESS [11.353s]
[INFO] Hive Shims Scheduler .............................. SUCCESS [2.973s]
[INFO] Hive Shims ........................................ SUCCESS [2.325s]
[INFO] Hive Common ....................................... SUCCESS [29.592s]
[INFO] Hive Serde ........................................ FAILURE [17.626s]
[INFO] Hive Metastore .................................... SKIPPED
[INFO] Hive Ant Utilities ................................ SKIPPED
[INFO] Spark Remote Client ............................... SKIPPED
[INFO] Hive Query Language ............................... SKIPPED
[INFO] Hive Service ...................................... SKIPPED
[INFO] Hive Accumulo Handler ............................. SKIPPED
[INFO] Hive JDBC ......................................... SKIPPED
[INFO] Hive Beeline ...................................... SKIPPED
[INFO] Hive CLI .......................................... SKIPPED
[INFO] Hive Contrib ...................................... SKIPPED
[INFO] Hive HBase Handler ................................ SKIPPED
[INFO] Hive HCatalog ..................................... SKIPPED
[INFO] Hive HCatalog Core ................................ SKIPPED
[INFO] Hive HCatalog Pig Adapter ......................... SKIPPED
[INFO] Hive HCatalog Server Extensions ................... SKIPPED
[INFO] Hive HCatalog Webhcat Java Client ................. SKIPPED
[INFO] Hive HCatalog Webhcat ............................. SKIPPED
[INFO] Hive HCatalog Streaming ........................... SKIPPED
[INFO] Hive HWI .......................................... SKIPPED
[INFO] Hive ODBC ......................................... SKIPPED
[INFO] Hive Shims Aggregator ............................. SKIPPED
[INFO] Hive TestUtils .................................... SKIPPED
[INFO] Hive Packaging .................................... SKIPPED
[INFO] ------------------------------------------------------------------------
[INFO] BUILD FAILURE
[INFO] ------------------------------------------------------------------------
[INFO] Total time: 1:35.940s
[INFO] Finished at: Wed Apr 15 00:23:14 EDT 2015
[INFO] Final Memory: 57M/205M
[INFO] ------------------------------------------------------------------------
[ERROR] Failed to execute goal org.apache.maven.plugins:maven-compiler-plugin:3.1:testCompile (default-testCompile) on project hive-serde: Compilation failure
[ERROR] /data/hive-ptest/working/apache-svn-trunk-source/serde/src/test/org/apache/hadoop/hive/serde2/binarysortable/TestBinarySortableSerDe.java:[304,10] cannot find symbol
[ERROR] symbol:   variable myBA
[ERROR] location: variable t of type org.apache.hadoop.hive.serde2.binarysortable.MyTestClass
[ERROR] -&amp;gt; [Help 1]
[ERROR] 
[ERROR] To see the full stack trace of the errors, re-run Maven with the -e switch.
[ERROR] Re-run Maven using the -X switch to enable full debug logging.
[ERROR] 
[ERROR] For more information about the errors and possible solutions, please read the following articles:
[ERROR] [Help 1] http://cwiki.apache.org/confluence/display/MAVEN/MojoFailureException
[ERROR] 
[ERROR] After correcting the problems, you can resume the build with the command
[ERROR]   mvn &amp;lt;goals&amp;gt; -rf :hive-serde
+ exit 1
&apos;
&lt;/pre&gt;
&lt;/div&gt;&lt;/div&gt;

&lt;p&gt;This message is automatically generated.&lt;/p&gt;

&lt;p&gt;ATTACHMENT ID: 12725446 - PreCommit-HIVE-TRUNK-Build&lt;/p&gt;</comment>
                            <comment id="14495764" author="jdere" created="Wed, 15 Apr 2015 06:55:17 +0000"  >&lt;p&gt;Bad rebase, trying again&lt;/p&gt;</comment>
                            <comment id="14496529" author="hiveqa" created="Wed, 15 Apr 2015 17:10:10 +0000"  >

&lt;p&gt;&lt;font color=&quot;red&quot;&gt;Overall&lt;/font&gt;: -1 at least one tests failed&lt;/p&gt;

&lt;p&gt;Here are the results of testing the latest attachment:&lt;br/&gt;
&lt;a href=&quot;https://issues.apache.org/jira/secure/attachment/12725506/HIVE-10270.4.patch&quot; class=&quot;external-link&quot; rel=&quot;nofollow&quot;&gt;https://issues.apache.org/jira/secure/attachment/12725506/HIVE-10270.4.patch&lt;/a&gt;&lt;/p&gt;

&lt;p&gt;&lt;font color=&quot;red&quot;&gt;ERROR:&lt;/font&gt; -1 due to 15 failed/errored test(s), 8690 tests executed&lt;br/&gt;
&lt;b&gt;Failed tests:&lt;/b&gt;&lt;/p&gt;
&lt;div class=&quot;preformatted panel&quot; style=&quot;border-width: 1px;&quot;&gt;&lt;div class=&quot;preformattedContent panelContent&quot;&gt;
&lt;pre&gt;TestMinimrCliDriver-bucketmapjoin6.q-constprog_partitioner.q-infer_bucket_sort_dyn_part.q-and-1-more - did not produce a TEST-*.xml file
TestMinimrCliDriver-external_table_with_space_in_location_path.q-infer_bucket_sort_merge.q-auto_sortmerge_join_16.q-and-1-more - did not produce a TEST-*.xml file
TestMinimrCliDriver-groupby2.q-import_exported_table.q-bucketizedhiveinputformat.q-and-1-more - did not produce a TEST-*.xml file
TestMinimrCliDriver-index_bitmap3.q-stats_counter_partitioned.q-temp_table_external.q-and-1-more - did not produce a TEST-*.xml file
TestMinimrCliDriver-infer_bucket_sort_map_operators.q-join1.q-bucketmapjoin7.q-and-1-more - did not produce a TEST-*.xml file
TestMinimrCliDriver-infer_bucket_sort_num_buckets.q-disable_merge_for_bucketing.q-uber_reduce.q-and-1-more - did not produce a TEST-*.xml file
TestMinimrCliDriver-infer_bucket_sort_reducers_power_two.q-scriptfile1.q-scriptfile1_win.q-and-1-more - did not produce a TEST-*.xml file
TestMinimrCliDriver-leftsemijoin_mr.q-load_hdfs_file_with_space_in_the_name.q-root_dir_external_table.q-and-1-more - did not produce a TEST-*.xml file
TestMinimrCliDriver-list_bucket_dml_10.q-bucket_num_reducers.q-bucket6.q-and-1-more - did not produce a TEST-*.xml file
TestMinimrCliDriver-load_fs2.q-file_with_header_footer.q-ql_rewrite_gbtoidx_cbo_1.q-and-1-more - did not produce a TEST-*.xml file
TestMinimrCliDriver-parallel_orderby.q-reduce_deduplicate.q-ql_rewrite_gbtoidx_cbo_2.q-and-1-more - did not produce a TEST-*.xml file
TestMinimrCliDriver-ql_rewrite_gbtoidx.q-smb_mapjoin_8.q - did not produce a TEST-*.xml file
TestMinimrCliDriver-schemeAuthority2.q-bucket4.q-input16_cc.q-and-1-more - did not produce a TEST-*.xml file
org.apache.hadoop.hive.cli.TestCliDriver.testCliDriver_udaf_context_ngrams
org.apache.hadoop.hive.serde2.binarysortable.TestBinarySortableFast.testBinarySortableFast
&lt;/pre&gt;
&lt;/div&gt;&lt;/div&gt;

&lt;p&gt;Test results: &lt;a href=&quot;http://ec2-174-129-184-35.compute-1.amazonaws.com/jenkins/job/PreCommit-HIVE-TRUNK-Build/3445/testReport&quot; class=&quot;external-link&quot; target=&quot;_blank&quot; rel=&quot;nofollow noopener&quot;&gt;http://ec2-174-129-184-35.compute-1.amazonaws.com/jenkins/job/PreCommit-HIVE-TRUNK-Build/3445/testReport&lt;/a&gt;&lt;br/&gt;
Console output: &lt;a href=&quot;http://ec2-174-129-184-35.compute-1.amazonaws.com/jenkins/job/PreCommit-HIVE-TRUNK-Build/3445/console&quot; class=&quot;external-link&quot; target=&quot;_blank&quot; rel=&quot;nofollow noopener&quot;&gt;http://ec2-174-129-184-35.compute-1.amazonaws.com/jenkins/job/PreCommit-HIVE-TRUNK-Build/3445/console&lt;/a&gt;&lt;br/&gt;
Test logs: &lt;a href=&quot;http://ec2-174-129-184-35.compute-1.amazonaws.com/logs/PreCommit-HIVE-TRUNK-Build-3445/&quot; class=&quot;external-link&quot; target=&quot;_blank&quot; rel=&quot;nofollow noopener&quot;&gt;http://ec2-174-129-184-35.compute-1.amazonaws.com/logs/PreCommit-HIVE-TRUNK-Build-3445/&lt;/a&gt;&lt;/p&gt;

&lt;p&gt;Messages:&lt;/p&gt;
&lt;div class=&quot;preformatted panel&quot; style=&quot;border-width: 1px;&quot;&gt;&lt;div class=&quot;preformattedContent panelContent&quot;&gt;
&lt;pre&gt;Executing org.apache.hive.ptest.execution.PrepPhase
Executing org.apache.hive.ptest.execution.ExecutionPhase
Executing org.apache.hive.ptest.execution.ReportingPhase
Tests exited with: TestsFailedException: 15 tests failed
&lt;/pre&gt;
&lt;/div&gt;&lt;/div&gt;

&lt;p&gt;This message is automatically generated.&lt;/p&gt;

&lt;p&gt;ATTACHMENT ID: 12725506 - PreCommit-HIVE-TRUNK-Build&lt;/p&gt;</comment>
                            <comment id="14496896" author="jdere" created="Wed, 15 Apr 2015 20:37:10 +0000"  >&lt;p&gt;TestBinarySortableFast failure was due to the fact that &lt;a href=&quot;https://issues.apache.org/jira/browse/HIVE-9937&quot; title=&quot;LLAP: Vectorized Field-By-Field Serialize / Deserialize to support new Vectorized Map Join&quot; class=&quot;issue-link&quot; data-issue-key=&quot;HIVE-9937&quot;&gt;&lt;del&gt;HIVE-9937&lt;/del&gt;&lt;/a&gt; had duplicated some BinarySortableSerDe serialization logic including for decimals.&lt;br/&gt;
For Patch v5 I have refactored it so both BinarySortableSerDe and BinarySortableSerializeWrite both call into the same common logic, and updated the tests for TestBinarySortableFast, similar to TestBinarySortableSerDe.&lt;/p&gt;</comment>
                            <comment id="14497481" author="hiveqa" created="Thu, 16 Apr 2015 02:41:27 +0000"  >

&lt;p&gt;&lt;font color=&quot;red&quot;&gt;Overall&lt;/font&gt;: -1 at least one tests failed&lt;/p&gt;

&lt;p&gt;Here are the results of testing the latest attachment:&lt;br/&gt;
&lt;a href=&quot;https://issues.apache.org/jira/secure/attachment/12725676/HIVE-10270.5.patch&quot; class=&quot;external-link&quot; rel=&quot;nofollow&quot;&gt;https://issues.apache.org/jira/secure/attachment/12725676/HIVE-10270.5.patch&lt;/a&gt;&lt;/p&gt;

&lt;p&gt;&lt;font color=&quot;red&quot;&gt;ERROR:&lt;/font&gt; -1 due to 16 failed/errored test(s), 8691 tests executed&lt;br/&gt;
&lt;b&gt;Failed tests:&lt;/b&gt;&lt;/p&gt;
&lt;div class=&quot;preformatted panel&quot; style=&quot;border-width: 1px;&quot;&gt;&lt;div class=&quot;preformattedContent panelContent&quot;&gt;
&lt;pre&gt;TestMinimrCliDriver-bucketmapjoin6.q-constprog_partitioner.q-infer_bucket_sort_dyn_part.q-and-1-more - did not produce a TEST-*.xml file
TestMinimrCliDriver-external_table_with_space_in_location_path.q-infer_bucket_sort_merge.q-auto_sortmerge_join_16.q-and-1-more - did not produce a TEST-*.xml file
TestMinimrCliDriver-groupby2.q-import_exported_table.q-bucketizedhiveinputformat.q-and-1-more - did not produce a TEST-*.xml file
TestMinimrCliDriver-index_bitmap3.q-stats_counter_partitioned.q-temp_table_external.q-and-1-more - did not produce a TEST-*.xml file
TestMinimrCliDriver-infer_bucket_sort_map_operators.q-join1.q-bucketmapjoin7.q-and-1-more - did not produce a TEST-*.xml file
TestMinimrCliDriver-infer_bucket_sort_num_buckets.q-disable_merge_for_bucketing.q-uber_reduce.q-and-1-more - did not produce a TEST-*.xml file
TestMinimrCliDriver-infer_bucket_sort_reducers_power_two.q-scriptfile1.q-scriptfile1_win.q-and-1-more - did not produce a TEST-*.xml file
TestMinimrCliDriver-leftsemijoin_mr.q-load_hdfs_file_with_space_in_the_name.q-root_dir_external_table.q-and-1-more - did not produce a TEST-*.xml file
TestMinimrCliDriver-list_bucket_dml_10.q-bucket_num_reducers.q-bucket6.q-and-1-more - did not produce a TEST-*.xml file
TestMinimrCliDriver-load_fs2.q-file_with_header_footer.q-ql_rewrite_gbtoidx_cbo_1.q-and-1-more - did not produce a TEST-*.xml file
TestMinimrCliDriver-parallel_orderby.q-reduce_deduplicate.q-ql_rewrite_gbtoidx_cbo_2.q-and-1-more - did not produce a TEST-*.xml file
TestMinimrCliDriver-ql_rewrite_gbtoidx.q-smb_mapjoin_8.q - did not produce a TEST-*.xml file
TestMinimrCliDriver-schemeAuthority2.q-bucket4.q-input16_cc.q-and-1-more - did not produce a TEST-*.xml file
org.apache.hadoop.hive.cli.TestCliDriver.testCliDriver_union_view
org.apache.hadoop.hive.thrift.TestHadoop20SAuthBridge.testMetastoreProxyUser
org.apache.hadoop.hive.thrift.TestHadoop20SAuthBridge.testSaslWithHiveMetaStore
&lt;/pre&gt;
&lt;/div&gt;&lt;/div&gt;

&lt;p&gt;Test results: &lt;a href=&quot;http://ec2-174-129-184-35.compute-1.amazonaws.com/jenkins/job/PreCommit-HIVE-TRUNK-Build/3454/testReport&quot; class=&quot;external-link&quot; target=&quot;_blank&quot; rel=&quot;nofollow noopener&quot;&gt;http://ec2-174-129-184-35.compute-1.amazonaws.com/jenkins/job/PreCommit-HIVE-TRUNK-Build/3454/testReport&lt;/a&gt;&lt;br/&gt;
Console output: &lt;a href=&quot;http://ec2-174-129-184-35.compute-1.amazonaws.com/jenkins/job/PreCommit-HIVE-TRUNK-Build/3454/console&quot; class=&quot;external-link&quot; target=&quot;_blank&quot; rel=&quot;nofollow noopener&quot;&gt;http://ec2-174-129-184-35.compute-1.amazonaws.com/jenkins/job/PreCommit-HIVE-TRUNK-Build/3454/console&lt;/a&gt;&lt;br/&gt;
Test logs: &lt;a href=&quot;http://ec2-174-129-184-35.compute-1.amazonaws.com/logs/PreCommit-HIVE-TRUNK-Build-3454/&quot; class=&quot;external-link&quot; target=&quot;_blank&quot; rel=&quot;nofollow noopener&quot;&gt;http://ec2-174-129-184-35.compute-1.amazonaws.com/logs/PreCommit-HIVE-TRUNK-Build-3454/&lt;/a&gt;&lt;/p&gt;

&lt;p&gt;Messages:&lt;/p&gt;
&lt;div class=&quot;preformatted panel&quot; style=&quot;border-width: 1px;&quot;&gt;&lt;div class=&quot;preformattedContent panelContent&quot;&gt;
&lt;pre&gt;Executing org.apache.hive.ptest.execution.PrepPhase
Executing org.apache.hive.ptest.execution.ExecutionPhase
Executing org.apache.hive.ptest.execution.ReportingPhase
Tests exited with: TestsFailedException: 16 tests failed
&lt;/pre&gt;
&lt;/div&gt;&lt;/div&gt;

&lt;p&gt;This message is automatically generated.&lt;/p&gt;

&lt;p&gt;ATTACHMENT ID: 12725676 - PreCommit-HIVE-TRUNK-Build&lt;/p&gt;</comment>
                            <comment id="14498349" author="jdere" created="Thu, 16 Apr 2015 17:31:59 +0000"  >&lt;p&gt;Test failures do not look related - looks like union_view has been failing for the last few tests&lt;/p&gt;</comment>
                            <comment id="14498417" author="hagleitn" created="Thu, 16 Apr 2015 18:08:18 +0000"  >&lt;p&gt;LGTM +1&lt;/p&gt;</comment>
                            <comment id="14500295" author="jdere" created="Fri, 17 Apr 2015 17:50:28 +0000"  >&lt;p&gt;Committed to trunk&lt;/p&gt;</comment>
                            <comment id="14501064" author="lefty@hortonworks.com" created="Sat, 18 Apr 2015 03:25:06 +0000"  >&lt;p&gt;Although we don&apos;t document every bug fix, this seems worth mentioning in the wiki.  So if you want it documented, please add a TODOC1.2 label.&lt;/p&gt;

&lt;p&gt;Two possible places:&lt;/p&gt;

&lt;ul&gt;
	&lt;li&gt;&lt;a href=&quot;https://cwiki.apache.org/confluence/display/Hive/LanguageManual+Types#LanguageManualTypes-Decimals&quot; class=&quot;external-link&quot; target=&quot;_blank&quot; rel=&quot;nofollow noopener&quot;&gt;LanguageManual Types &amp;#8211; Decimals &lt;/a&gt;&lt;/li&gt;
	&lt;li&gt;&lt;a href=&quot;https://cwiki.apache.org/confluence/display/Hive/LanguageManual+Types#LanguageManualTypes-DecimalTypes&quot; class=&quot;external-link&quot; target=&quot;_blank&quot; rel=&quot;nofollow noopener&quot;&gt;LanguageManual Types &amp;#8211; Decimal Types &lt;/a&gt;&lt;/li&gt;
&lt;/ul&gt;
</comment>
                            <comment id="14548809" author="sushanth" created="Mon, 18 May 2015 19:51:46 +0000"  >&lt;p&gt;This issue has been fixed and released as part of the 1.2.0 release. If you find an issue which seems to be related to this one, please create a new jira and link this one with new jira.&lt;/p&gt;</comment>
                    </comments>
                    <attachments>
                            <attachment id="12724105" name="HIVE-10270.1.patch" size="6962" author="jdere" created="Thu, 9 Apr 2015 01:48:59 +0000"/>
                            <attachment id="12725360" name="HIVE-10270.2.patch" size="12530" author="jdere" created="Tue, 14 Apr 2015 19:20:48 +0000"/>
                            <attachment id="12725446" name="HIVE-10270.3.patch" size="14298" author="jdere" created="Wed, 15 Apr 2015 01:12:49 +0000"/>
                            <attachment id="12725506" name="HIVE-10270.4.patch" size="12982" author="jdere" created="Wed, 15 Apr 2015 06:55:17 +0000"/>
                            <attachment id="12725676" name="HIVE-10270.5.patch" size="32044" author="jdere" created="Wed, 15 Apr 2015 20:37:10 +0000"/>
                    </attachments>
                <subtasks>
                    </subtasks>
                <customfields>
                                                                            <customfield id="customfield_12310310" key="com.atlassian.jira.toolkit:attachments">
                        <customfieldname>Attachment count</customfieldname>
                        <customfieldvalues>
                            <customfieldvalue>5.0</customfieldvalue>
                        </customfieldvalues>
                    </customfield>
                                                                                                                                                                                                                                                                                                                                                                                                                                                                                                                                                                                                                                                                                                        <customfield id="customfield_12314020" key="com.atlassian.jira.plugins.jira-development-integration-plugin:devsummary">
                        <customfieldname>Development</customfieldname>
                        <customfieldvalues>
                            
                        </customfieldvalues>
                    </customfield>
                                                                                                                        <customfield id="customfield_12313422" key="com.atlassian.jirafisheyeplugin:jobcheckbox">
                        <customfieldname>Enable Automatic Patch Review</customfieldname>
                        <customfieldvalues>
                            <customfieldvalue><![CDATA[false]]></customfieldvalue>

                        </customfieldvalues>
                    </customfield>
                                                                                                                                                                                                                                                                                                                                                                                                                                                                                                                                                                                                                                                <customfield id="customfield_12310420" key="com.pyxis.greenhopper.jira:gh-global-rank">
                        <customfieldname>Global Rank</customfieldname>
                        <customfieldvalues>
                            <customfieldvalue>9223372036854775807</customfieldvalue>
                        </customfieldvalues>
                    </customfield>
                                                                                                                                                                                                                                                                    <customfield id="customfield_12312521" key="com.atlassian.jira.toolkit:LastCommentDate">
                        <customfieldname>Last public comment date</customfieldname>
                        <customfieldvalues>
                            10 years, 27 weeks, 1 day ago
                        </customfieldvalues>
                    </customfield>
                                                                                                                                                                                                                                                                                                <customfield id="customfield_12311820" key="com.pyxis.greenhopper.jira:gh-lexo-rank">
                        <customfieldname>Rank</customfieldname>
                        <customfieldvalues>
                            <customfieldvalue>0|i2d03b:</customfieldvalue>

                        </customfieldvalues>
                    </customfield>
                                                                <customfield id="customfield_12310920" key="com.pyxis.greenhopper.jira:gh-global-rank">
                        <customfieldname>Rank (Obsolete)</customfieldname>
                        <customfieldvalues>
                            <customfieldvalue>9223372036854775807</customfieldvalue>
                        </customfieldvalues>
                    </customfield>
                                                                                                                                                                                                                                                                                                                                                                                                                                                                                                                                                                                                                                                                                                                                                                                                                                                                                </customfields>
    </item>
</channel>
</rss>