<!-- 
RSS generated by JIRA (8.20.10#820010-sha1:ace47f9899e9ee25d7157d59aa17ab06aee30d3d) at Wed Nov 12 18:33:29 UTC 2025

It is possible to restrict the fields that are returned in this document by specifying the 'field' parameter in your request.
For example, to request only the issue key and summary append 'field=key&field=summary' to the URL of your request.
-->
<rss version="0.92" >
<channel>
    <title>ASF Jira</title>
    <link>https://issues.apache.org/jira</link>
    <description>This file is an XML representation of an issue</description>
    <language>en-uk</language>    <build-info>
        <version>8.20.10</version>
        <build-number>820010</build-number>
        <build-date>22-06-2022</build-date>
    </build-info>


<item>
            <title>[HIVE-10627] Queries fail with Failed to breakup Windowing invocations into Groups</title>
                <link>https://issues.apache.org/jira/browse/HIVE-10627</link>
                <project id="12310843" key="HIVE">Hive</project>
                    <description>&lt;p&gt;TPC-DS queries 51 fails with Failed to breakup Windowing invocations into Groups. At least 1 group must only depend on input columns. Also check for circular dependencies.&lt;/p&gt;

&lt;div class=&quot;code panel&quot; style=&quot;border-width: 1px;&quot;&gt;&lt;div class=&quot;codeContent panelContent&quot;&gt;
&lt;pre class=&quot;code-java&quot;&gt;explain  
WITH web_v1 as (
select
  ws_item_sk item_sk, d_date, sum(ws_sales_price),
  sum(sum(ws_sales_price))
      over (partition by ws_item_sk order by d_date rows between unbounded preceding and current row) cume_sales
from web_sales
    ,date_dim
where ws_sold_date_sk=d_date_sk
  and d_month_seq between 1193 and 1193+11
  and ws_item_sk is not NULL
group by ws_item_sk, d_date),
store_v1 as (
select
  ss_item_sk item_sk, d_date, sum(ss_sales_price),
  sum(sum(ss_sales_price))
      over (partition by ss_item_sk order by d_date rows between unbounded preceding and current row) cume_sales
from store_sales
    ,date_dim
where ss_sold_date_sk=d_date_sk
  and d_month_seq between 1193 and 1193+11
  and ss_item_sk is not NULL
group by ss_item_sk, d_date)
 select  *
from (select item_sk
     ,d_date
     ,web_sales
     ,store_sales
     ,max(web_sales)
         over (partition by item_sk order by d_date rows between unbounded preceding and current row) web_cumulative
     ,max(store_sales)
         over (partition by item_sk order by d_date rows between unbounded preceding and current row) store_cumulative
     from (select &lt;span class=&quot;code-keyword&quot;&gt;case&lt;/span&gt; when web.item_sk is not &lt;span class=&quot;code-keyword&quot;&gt;null&lt;/span&gt; then web.item_sk &lt;span class=&quot;code-keyword&quot;&gt;else&lt;/span&gt; store.item_sk end item_sk
                 ,&lt;span class=&quot;code-keyword&quot;&gt;case&lt;/span&gt; when web.d_date is not &lt;span class=&quot;code-keyword&quot;&gt;null&lt;/span&gt; then web.d_date &lt;span class=&quot;code-keyword&quot;&gt;else&lt;/span&gt; store.d_date end d_date
                 ,web.cume_sales web_sales
                 ,store.cume_sales store_sales
           from web_v1 web full &lt;span class=&quot;code-keyword&quot;&gt;outer&lt;/span&gt; join store_v1 store on (web.item_sk = store.item_sk
                                                          and web.d_date = store.d_date)
          )x )y
where web_cumulative &amp;gt; store_cumulative
order by item_sk
        ,d_date
limit 100;
&lt;/pre&gt;
&lt;/div&gt;&lt;/div&gt;

&lt;p&gt;Exception &lt;/p&gt;
&lt;div class=&quot;code panel&quot; style=&quot;border-width: 1px;&quot;&gt;&lt;div class=&quot;codeContent panelContent&quot;&gt;
&lt;pre class=&quot;code-java&quot;&gt;org.apache.hadoop.hive.ql.parse.SemanticException: Failed to breakup Windowing invocations into Groups. At least 1 group must only depend on input columns. Also check &lt;span class=&quot;code-keyword&quot;&gt;for&lt;/span&gt; circular dependencies.	
Underlying error: org.apache.hadoop.hive.ql.parse.SemanticException: Line 0:-1 Invalid column reference &lt;span class=&quot;code-quote&quot;&gt;&apos;$f2&apos;&lt;/span&gt;	
	at org.apache.hadoop.hive.ql.parse.WindowingComponentizer.next(WindowingComponentizer.java:94)
	at org.apache.hadoop.hive.ql.parse.SemanticAnalyzer.genWindowingPlan(SemanticAnalyzer.java:11538)
	at org.apache.hadoop.hive.ql.parse.SemanticAnalyzer.genPostGroupByBodyPlan(SemanticAnalyzer.java:8514)
	at org.apache.hadoop.hive.ql.parse.SemanticAnalyzer.genBodyPlan(SemanticAnalyzer.java:8472)
	at org.apache.hadoop.hive.ql.parse.SemanticAnalyzer.genPlan(SemanticAnalyzer.java:9304)
	at org.apache.hadoop.hive.ql.parse.SemanticAnalyzer.genPlan(SemanticAnalyzer.java:9189)
	at org.apache.hadoop.hive.ql.parse.SemanticAnalyzer.genPlan(SemanticAnalyzer.java:9210)
	at org.apache.hadoop.hive.ql.parse.SemanticAnalyzer.genPlan(SemanticAnalyzer.java:9189)
	at org.apache.hadoop.hive.ql.parse.SemanticAnalyzer.genPlan(SemanticAnalyzer.java:9210)
	at org.apache.hadoop.hive.ql.parse.SemanticAnalyzer.genPlan(SemanticAnalyzer.java:9189)
	at org.apache.hadoop.hive.ql.parse.SemanticAnalyzer.genPlan(SemanticAnalyzer.java:9210)
	at org.apache.hadoop.hive.ql.parse.SemanticAnalyzer.genPlan(SemanticAnalyzer.java:9189)
	at org.apache.hadoop.hive.ql.parse.SemanticAnalyzer.genPlan(SemanticAnalyzer.java:9210)
	at org.apache.hadoop.hive.ql.parse.SemanticAnalyzer.genPlan(SemanticAnalyzer.java:9189)
	at org.apache.hadoop.hive.ql.parse.SemanticAnalyzer.genPlan(SemanticAnalyzer.java:9210)
	at org.apache.hadoop.hive.ql.parse.SemanticAnalyzer.analyzeInternal(SemanticAnalyzer.java:9592)
	at org.apache.hadoop.hive.ql.parse.BaseSemanticAnalyzer.analyze(BaseSemanticAnalyzer.java:208)
	at org.apache.hadoop.hive.ql.parse.ExplainSemanticAnalyzer.analyzeInternal(ExplainSemanticAnalyzer.java:74)
	at org.apache.hadoop.hive.ql.parse.BaseSemanticAnalyzer.analyze(BaseSemanticAnalyzer.java:208)
	at org.apache.hadoop.hive.ql.Driver.compile(Driver.java:414)
	at org.apache.hadoop.hive.ql.Driver.compile(Driver.java:310)
	at org.apache.hadoop.hive.ql.Driver.compileInternal(Driver.java:1005)
	at org.apache.hadoop.hive.ql.Driver.runInternal(Driver.java:1070)
	at org.apache.hadoop.hive.ql.Driver.run(Driver.java:942)
	at org.apache.hadoop.hive.ql.Driver.run(Driver.java:932)
	at org.apache.hadoop.hive.cli.CliDriver.processLocalCmd(CliDriver.java:246)
	at org.apache.hadoop.hive.cli.CliDriver.processCmd(CliDriver.java:198)
	at org.apache.hadoop.hive.cli.CliDriver.processLine(CliDriver.java:408)
	at org.apache.hadoop.hive.cli.CliDriver.processLine(CliDriver.java:344)
	at org.apache.hadoop.hive.cli.CliDriver.executeDriver(CliDriver.java:731)
	at org.apache.hadoop.hive.cli.CliDriver.run(CliDriver.java:675)
	at org.apache.hadoop.hive.cli.CliDriver.main(CliDriver.java:614)
	at sun.reflect.NativeMethodAccessorImpl.invoke0(Native Method)
	at sun.reflect.NativeMethodAccessorImpl.invoke(NativeMethodAccessorImpl.java:57)
	at sun.reflect.DelegatingMethodAccessorImpl.invoke(DelegatingMethodAccessorImpl.java:43)
	at java.lang.reflect.Method.invoke(Method.java:606)
	at org.apache.hadoop.util.RunJar.main(RunJar.java:212)
FAILED: UnsupportedOperationException &lt;span class=&quot;code-keyword&quot;&gt;null&lt;/span&gt;	
14/08/19 16:50:25 ERROR ql.Driver: FAILED: UnsupportedOperationException &lt;span class=&quot;code-keyword&quot;&gt;null&lt;/span&gt;	
java.lang.UnsupportedOperationException	
	at com.google.common.collect.ImmutableMap.clear(ImmutableMap.java:332)
	at org.apache.hadoop.hive.ql.parse.SemanticAnalyzer.reset(SemanticAnalyzer.java:402)
	at org.apache.hadoop.hive.ql.parse.SemanticAnalyzer.init(SemanticAnalyzer.java:9498)
	at org.apache.hadoop.hive.ql.parse.SemanticAnalyzer.analyzeInternal(SemanticAnalyzer.java:9612)
	at org.apache.hadoop.hive.ql.parse.BaseSemanticAnalyzer.analyze(BaseSemanticAnalyzer.java:208)
	at org.apache.hadoop.hive.ql.parse.ExplainSemanticAnalyzer.analyzeInternal(ExplainSemanticAnalyzer.java:74)
	at org.apache.hadoop.hive.ql.parse.BaseSemanticAnalyzer.analyze(BaseSemanticAnalyzer.java:208)
	at org.apache.hadoop.hive.ql.Driver.compile(Driver.java:414)
	at org.apache.hadoop.hive.ql.Driver.compile(Driver.java:310)
	at org.apache.hadoop.hive.ql.Driver.compileInternal(Driver.java:1005)
	at org.apache.hadoop.hive.ql.Driver.runInternal(Driver.java:1070)
	at org.apache.hadoop.hive.ql.Driver.run(Driver.java:942)
	at org.apache.hadoop.hive.ql.Driver.run(Driver.java:932)
	at org.apache.hadoop.hive.cli.CliDriver.processLocalCmd(CliDriver.java:246)
	at org.apache.hadoop.hive.cli.CliDriver.processCmd(CliDriver.java:198)
	at org.apache.hadoop.hive.cli.CliDriver.processLine(CliDriver.java:408)
	at org.apache.hadoop.hive.cli.CliDriver.processLine(CliDriver.java:344)
	at org.apache.hadoop.hive.cli.CliDriver.executeDriver(CliDriver.java:731)
	at org.apache.hadoop.hive.cli.CliDriver.run(CliDriver.java:675)
	at org.apache.hadoop.hive.cli.CliDriver.main(CliDriver.java:614)
	at sun.reflect.NativeMethodAccessorImpl.invoke0(Native Method)
	at sun.reflect.NativeMethodAccessorImpl.invoke(NativeMethodAccessorImpl.java:57)
	at sun.reflect.DelegatingMethodAccessorImpl.invoke(DelegatingMethodAccessorImpl.java:43)
	at java.lang.reflect.Method.invoke(Method.java:606)
	at org.apache.hadoop.util.RunJar.main(RunJar.java:212)
&lt;/pre&gt;
&lt;/div&gt;&lt;/div&gt;</description>
                <environment></environment>
        <key id="12827674">HIVE-10627</key>
            <summary>Queries fail with Failed to breakup Windowing invocations into Groups</summary>
                <type id="1" iconUrl="https://issues.apache.org/jira/secure/viewavatar?size=xsmall&amp;avatarId=21133&amp;avatarType=issuetype">Bug</type>
                                            <priority id="3" iconUrl="https://issues.apache.org/jira/images/icons/priorities/major.svg">Major</priority>
                        <status id="5" iconUrl="https://issues.apache.org/jira/images/icons/statuses/resolved.png" description="A resolution has been taken, and it is awaiting verification by reporter. From here issues are either reopened, or are closed.">Resolved</status>
                    <statusCategory id="3" key="done" colorName="green"/>
                                    <resolution id="1">Fixed</resolution>
                                        <assignee username="jcamacho">Jes&#250;s Camacho Rodr&#237;guez</assignee>
                                    <reporter username="jcamacho">Jes&#250;s Camacho Rodr&#237;guez</reporter>
                        <labels>
                    </labels>
                <created>Wed, 6 May 2015 14:28:56 +0000</created>
                <updated>Tue, 27 Feb 2024 22:24:02 +0000</updated>
                            <resolved>Wed, 20 May 2015 19:29:29 +0000</resolved>
                                                    <fixVersion>1.2.1</fixVersion>
                                        <due></due>
                            <votes>0</votes>
                                    <watches>2</watches>
                                                                                                                <comments>
                            <comment id="14530962" author="hiveqa" created="Wed, 6 May 2015 17:18:09 +0000"  >

&lt;p&gt;&lt;font color=&quot;red&quot;&gt;Overall&lt;/font&gt;: -1 at least one tests failed&lt;/p&gt;

&lt;p&gt;Here are the results of testing the latest attachment:&lt;br/&gt;
&lt;a href=&quot;https://issues.apache.org/jira/secure/attachment/12730860/HIVE-10627.patch&quot; class=&quot;external-link&quot; rel=&quot;nofollow&quot;&gt;https://issues.apache.org/jira/secure/attachment/12730860/HIVE-10627.patch&lt;/a&gt;&lt;/p&gt;

&lt;p&gt;&lt;font color=&quot;red&quot;&gt;ERROR:&lt;/font&gt; -1 due to 28 failed/errored test(s), 8900 tests executed&lt;br/&gt;
&lt;b&gt;Failed tests:&lt;/b&gt;&lt;/p&gt;
&lt;div class=&quot;preformatted panel&quot; style=&quot;border-width: 1px;&quot;&gt;&lt;div class=&quot;preformattedContent panelContent&quot;&gt;
&lt;pre&gt;org.apache.hadoop.hive.cli.TestCliDriver.testCliDriver_authorization_parts
org.apache.hadoop.hive.cli.TestCliDriver.testCliDriver_udaf_corr
org.apache.hadoop.hive.cli.TestCliDriver.testCliDriver_udaf_percentile_approx_23
org.apache.hadoop.hive.cli.TestCliDriver.testCliDriver_union_remove_6_subq
org.apache.hadoop.hive.cli.TestEncryptedHDFSCliDriver.testCliDriver_encryption_insert_partition_dynamic
org.apache.hadoop.hive.cli.TestEncryptedHDFSCliDriver.testCliDriver_encryption_insert_partition_static
org.apache.hadoop.hive.cli.TestEncryptedHDFSCliDriver.testCliDriver_encryption_join_unencrypted_tbl
org.apache.hadoop.hive.cli.TestEncryptedHDFSCliDriver.testCliDriver_encryption_join_with_different_encryption_keys
org.apache.hadoop.hive.cli.TestEncryptedHDFSCliDriver.testCliDriver_encryption_load_data_to_encrypted_tables
org.apache.hadoop.hive.cli.TestEncryptedHDFSCliDriver.testCliDriver_encryption_select_read_only_encrypted_tbl
org.apache.hadoop.hive.cli.TestNegativeCliDriver.testNegativeCliDriver_authorization_disallow_transform
org.apache.hadoop.hive.cli.TestNegativeCliDriver.testNegativeCliDriver_authorization_droppartition
org.apache.hadoop.hive.cli.TestNegativeCliDriver.testNegativeCliDriver_authorization_sba_drop_table
org.apache.hadoop.hive.cli.TestNegativeCliDriver.testNegativeCliDriver_authorization_uri_alterpart_loc
org.apache.hadoop.hive.ql.security.TestStorageBasedClientSideAuthorizationProvider.testSimplePrivileges
org.apache.hadoop.hive.ql.security.TestStorageBasedMetastoreAuthorizationDrops.testDropDatabase
org.apache.hadoop.hive.ql.security.TestStorageBasedMetastoreAuthorizationDrops.testDropPartition
org.apache.hadoop.hive.ql.security.TestStorageBasedMetastoreAuthorizationDrops.testDropTable
org.apache.hadoop.hive.ql.security.TestStorageBasedMetastoreAuthorizationDrops.testDropView
org.apache.hadoop.hive.ql.security.TestStorageBasedMetastoreAuthorizationProvider.testSimplePrivileges
org.apache.hadoop.hive.ql.security.TestStorageBasedMetastoreAuthorizationProviderWithACL.testSimplePrivileges
org.apache.hadoop.hive.ql.security.TestStorageBasedMetastoreAuthorizationReads.testReadDbFailure
org.apache.hadoop.hive.ql.security.TestStorageBasedMetastoreAuthorizationReads.testReadDbSuccess
org.apache.hadoop.hive.ql.security.TestStorageBasedMetastoreAuthorizationReads.testReadTableFailure
org.apache.hadoop.hive.ql.security.TestStorageBasedMetastoreAuthorizationReads.testReadTableSuccess
org.apache.hadoop.hive.ql.security.authorization.plugin.sqlstd.TestSQLStdHiveAccessControllerHS2.testConfigProcessing
org.apache.hadoop.hive.ql.security.authorization.plugin.sqlstd.TestSQLStdHiveAccessControllerHS2.testConfigProcessingCustomSetWhitelistAppend
org.apache.hive.hcatalog.streaming.TestStreaming.testTransactionBatchCommit_Json
&lt;/pre&gt;
&lt;/div&gt;&lt;/div&gt;

&lt;p&gt;Test results: &lt;a href=&quot;http://ec2-174-129-184-35.compute-1.amazonaws.com/jenkins/job/PreCommit-HIVE-TRUNK-Build/3781/testReport&quot; class=&quot;external-link&quot; target=&quot;_blank&quot; rel=&quot;nofollow noopener&quot;&gt;http://ec2-174-129-184-35.compute-1.amazonaws.com/jenkins/job/PreCommit-HIVE-TRUNK-Build/3781/testReport&lt;/a&gt;&lt;br/&gt;
Console output: &lt;a href=&quot;http://ec2-174-129-184-35.compute-1.amazonaws.com/jenkins/job/PreCommit-HIVE-TRUNK-Build/3781/console&quot; class=&quot;external-link&quot; target=&quot;_blank&quot; rel=&quot;nofollow noopener&quot;&gt;http://ec2-174-129-184-35.compute-1.amazonaws.com/jenkins/job/PreCommit-HIVE-TRUNK-Build/3781/console&lt;/a&gt;&lt;br/&gt;
Test logs: &lt;a href=&quot;http://ec2-174-129-184-35.compute-1.amazonaws.com/logs/PreCommit-HIVE-TRUNK-Build-3781/&quot; class=&quot;external-link&quot; target=&quot;_blank&quot; rel=&quot;nofollow noopener&quot;&gt;http://ec2-174-129-184-35.compute-1.amazonaws.com/logs/PreCommit-HIVE-TRUNK-Build-3781/&lt;/a&gt;&lt;/p&gt;

&lt;p&gt;Messages:&lt;/p&gt;
&lt;div class=&quot;preformatted panel&quot; style=&quot;border-width: 1px;&quot;&gt;&lt;div class=&quot;preformattedContent panelContent&quot;&gt;
&lt;pre&gt;Executing org.apache.hive.ptest.execution.PrepPhase
Executing org.apache.hive.ptest.execution.ExecutionPhase
Executing org.apache.hive.ptest.execution.ReportingPhase
Tests exited with: TestsFailedException: 28 tests failed
&lt;/pre&gt;
&lt;/div&gt;&lt;/div&gt;

&lt;p&gt;This message is automatically generated.&lt;/p&gt;

&lt;p&gt;ATTACHMENT ID: 12730860 - PreCommit-HIVE-TRUNK-Build&lt;/p&gt;</comment>
                            <comment id="14532178" author="jcamacho" created="Thu, 7 May 2015 07:31:54 +0000"  >&lt;p&gt;&lt;a href=&quot;https://issues.apache.org/jira/secure/ViewProfile.jspa?name=jpullokkaran&quot; class=&quot;user-hover&quot; rel=&quot;jpullokkaran&quot;&gt;jpullokkaran&lt;/a&gt;, could you take a look? Thanks&lt;/p&gt;</comment>
                            <comment id="14533535" author="jpullokkaran" created="Thu, 7 May 2015 22:47:27 +0000"  >&lt;p&gt;1. Could you add logical steps in to HiveWindowingFixRule.onMatch&lt;br/&gt;
2. Its hard to disntiguish between projectNdes, newProjects &amp;amp; newTopProjects, may be use names that distinguished and s explicit about its function.&lt;/p&gt;

&lt;p&gt;Otherwise looks good.&lt;/p&gt;</comment>
                            <comment id="14534242" author="jcamacho" created="Fri, 8 May 2015 09:59:09 +0000"  >&lt;p&gt;New patch addresses comments by &lt;a href=&quot;https://issues.apache.org/jira/secure/ViewProfile.jspa?name=jpullokkaran&quot; class=&quot;user-hover&quot; rel=&quot;jpullokkaran&quot;&gt;jpullokkaran&lt;/a&gt;&lt;/p&gt;</comment>
                            <comment id="14535790" author="hiveqa" created="Fri, 8 May 2015 22:40:14 +0000"  >

&lt;p&gt;&lt;font color=&quot;red&quot;&gt;Overall&lt;/font&gt;: -1 at least one tests failed&lt;/p&gt;

&lt;p&gt;Here are the results of testing the latest attachment:&lt;br/&gt;
&lt;a href=&quot;https://issues.apache.org/jira/secure/attachment/12731423/HIVE-10627.02.patch&quot; class=&quot;external-link&quot; rel=&quot;nofollow&quot;&gt;https://issues.apache.org/jira/secure/attachment/12731423/HIVE-10627.02.patch&lt;/a&gt;&lt;/p&gt;

&lt;p&gt;&lt;font color=&quot;red&quot;&gt;ERROR:&lt;/font&gt; -1 due to 5 failed/errored test(s), 8919 tests executed&lt;br/&gt;
&lt;b&gt;Failed tests:&lt;/b&gt;&lt;/p&gt;
&lt;div class=&quot;preformatted panel&quot; style=&quot;border-width: 1px;&quot;&gt;&lt;div class=&quot;preformattedContent panelContent&quot;&gt;
&lt;pre&gt;org.apache.hadoop.hive.cli.TestEncryptedHDFSCliDriver.testCliDriver_encryption_insert_partition_static
org.apache.hadoop.hive.cli.TestMinimrCliDriver.testCliDriver_index_bitmap_auto
org.apache.hadoop.hive.metastore.txn.TestCompactionTxnHandler.testRevokeTimedOutWorkers
org.apache.hive.jdbc.TestSSL.testSSLFetchHttp
org.apache.hive.spark.client.TestSparkClient.testSyncRpc
&lt;/pre&gt;
&lt;/div&gt;&lt;/div&gt;

&lt;p&gt;Test results: &lt;a href=&quot;http://ec2-174-129-184-35.compute-1.amazonaws.com/jenkins/job/PreCommit-HIVE-TRUNK-Build/3815/testReport&quot; class=&quot;external-link&quot; target=&quot;_blank&quot; rel=&quot;nofollow noopener&quot;&gt;http://ec2-174-129-184-35.compute-1.amazonaws.com/jenkins/job/PreCommit-HIVE-TRUNK-Build/3815/testReport&lt;/a&gt;&lt;br/&gt;
Console output: &lt;a href=&quot;http://ec2-174-129-184-35.compute-1.amazonaws.com/jenkins/job/PreCommit-HIVE-TRUNK-Build/3815/console&quot; class=&quot;external-link&quot; target=&quot;_blank&quot; rel=&quot;nofollow noopener&quot;&gt;http://ec2-174-129-184-35.compute-1.amazonaws.com/jenkins/job/PreCommit-HIVE-TRUNK-Build/3815/console&lt;/a&gt;&lt;br/&gt;
Test logs: &lt;a href=&quot;http://ec2-174-129-184-35.compute-1.amazonaws.com/logs/PreCommit-HIVE-TRUNK-Build-3815/&quot; class=&quot;external-link&quot; target=&quot;_blank&quot; rel=&quot;nofollow noopener&quot;&gt;http://ec2-174-129-184-35.compute-1.amazonaws.com/logs/PreCommit-HIVE-TRUNK-Build-3815/&lt;/a&gt;&lt;/p&gt;

&lt;p&gt;Messages:&lt;/p&gt;
&lt;div class=&quot;preformatted panel&quot; style=&quot;border-width: 1px;&quot;&gt;&lt;div class=&quot;preformattedContent panelContent&quot;&gt;
&lt;pre&gt;Executing org.apache.hive.ptest.execution.PrepPhase
Executing org.apache.hive.ptest.execution.ExecutionPhase
Executing org.apache.hive.ptest.execution.ReportingPhase
Tests exited with: TestsFailedException: 5 tests failed
&lt;/pre&gt;
&lt;/div&gt;&lt;/div&gt;

&lt;p&gt;This message is automatically generated.&lt;/p&gt;

&lt;p&gt;ATTACHMENT ID: 12731423 - PreCommit-HIVE-TRUNK-Build&lt;/p&gt;</comment>
                            <comment id="14537675" author="jcamacho" created="Mon, 11 May 2015 07:14:00 +0000"  >&lt;p&gt;Test fails are unrelated; I think the patch is ready to go in.&lt;/p&gt;</comment>
                            <comment id="14540522" author="hiveqa" created="Tue, 12 May 2015 19:15:03 +0000"  >

&lt;p&gt;&lt;font color=&quot;red&quot;&gt;Overall&lt;/font&gt;: -1 at least one tests failed&lt;/p&gt;

&lt;p&gt;Here are the results of testing the latest attachment:&lt;br/&gt;
&lt;a href=&quot;https://issues.apache.org/jira/secure/attachment/12732286/HIVE-10627.03.patch&quot; class=&quot;external-link&quot; rel=&quot;nofollow&quot;&gt;https://issues.apache.org/jira/secure/attachment/12732286/HIVE-10627.03.patch&lt;/a&gt;&lt;/p&gt;

&lt;p&gt;&lt;font color=&quot;red&quot;&gt;ERROR:&lt;/font&gt; -1 due to 1 failed/errored test(s), 8921 tests executed&lt;br/&gt;
&lt;b&gt;Failed tests:&lt;/b&gt;&lt;/p&gt;
&lt;div class=&quot;preformatted panel&quot; style=&quot;border-width: 1px;&quot;&gt;&lt;div class=&quot;preformattedContent panelContent&quot;&gt;
&lt;pre&gt;org.apache.hadoop.hive.cli.TestEncryptedHDFSCliDriver.testCliDriver_encryption_insert_partition_static
&lt;/pre&gt;
&lt;/div&gt;&lt;/div&gt;

&lt;p&gt;Test results: &lt;a href=&quot;http://ec2-174-129-184-35.compute-1.amazonaws.com/jenkins/job/PreCommit-HIVE-TRUNK-Build/3862/testReport&quot; class=&quot;external-link&quot; target=&quot;_blank&quot; rel=&quot;nofollow noopener&quot;&gt;http://ec2-174-129-184-35.compute-1.amazonaws.com/jenkins/job/PreCommit-HIVE-TRUNK-Build/3862/testReport&lt;/a&gt;&lt;br/&gt;
Console output: &lt;a href=&quot;http://ec2-174-129-184-35.compute-1.amazonaws.com/jenkins/job/PreCommit-HIVE-TRUNK-Build/3862/console&quot; class=&quot;external-link&quot; target=&quot;_blank&quot; rel=&quot;nofollow noopener&quot;&gt;http://ec2-174-129-184-35.compute-1.amazonaws.com/jenkins/job/PreCommit-HIVE-TRUNK-Build/3862/console&lt;/a&gt;&lt;br/&gt;
Test logs: &lt;a href=&quot;http://ec2-174-129-184-35.compute-1.amazonaws.com/logs/PreCommit-HIVE-TRUNK-Build-3862/&quot; class=&quot;external-link&quot; target=&quot;_blank&quot; rel=&quot;nofollow noopener&quot;&gt;http://ec2-174-129-184-35.compute-1.amazonaws.com/logs/PreCommit-HIVE-TRUNK-Build-3862/&lt;/a&gt;&lt;/p&gt;

&lt;p&gt;Messages:&lt;/p&gt;
&lt;div class=&quot;preformatted panel&quot; style=&quot;border-width: 1px;&quot;&gt;&lt;div class=&quot;preformattedContent panelContent&quot;&gt;
&lt;pre&gt;Executing org.apache.hive.ptest.execution.PrepPhase
Executing org.apache.hive.ptest.execution.ExecutionPhase
Executing org.apache.hive.ptest.execution.ReportingPhase
Tests exited with: TestsFailedException: 1 tests failed
&lt;/pre&gt;
&lt;/div&gt;&lt;/div&gt;

&lt;p&gt;This message is automatically generated.&lt;/p&gt;

&lt;p&gt;ATTACHMENT ID: 12732286 - PreCommit-HIVE-TRUNK-Build&lt;/p&gt;</comment>
                            <comment id="14541557" author="jcamacho" created="Wed, 13 May 2015 07:55:39 +0000"  >&lt;p&gt;&lt;a href=&quot;https://issues.apache.org/jira/secure/ViewProfile.jspa?name=jpullokkaran&quot; class=&quot;user-hover&quot; rel=&quot;jpullokkaran&quot;&gt;jpullokkaran&lt;/a&gt;, could you check the patch? This patch plus &lt;a href=&quot;https://issues.apache.org/jira/browse/HIVE-10686&quot; title=&quot;java.lang.IndexOutOfBoundsException for query with rank() over(partition ...)&quot; class=&quot;issue-link&quot; data-issue-key=&quot;HIVE-10686&quot;&gt;&lt;del&gt;HIVE-10686&lt;/del&gt;&lt;/a&gt; fix some recurring issues with windowing queries. Thanks&lt;/p&gt;</comment>
                            <comment id="14542800" author="jpullokkaran" created="Wed, 13 May 2015 21:54:13 +0000"  >&lt;p&gt;+1&lt;/p&gt;</comment>
                            <comment id="14548613" author="jpullokkaran" created="Mon, 18 May 2015 19:36:14 +0000"  >&lt;p&gt;Committed to trunk.&lt;br/&gt;
Waiting for 1.2 branch to open up to push it to 1.2.&lt;/p&gt;</comment>
                            <comment id="14549369" author="jpullokkaran" created="Mon, 18 May 2015 22:17:02 +0000"  >&lt;p&gt;&lt;a href=&quot;https://issues.apache.org/jira/secure/ViewProfile.jspa?name=sushanth&quot; class=&quot;user-hover&quot; rel=&quot;sushanth&quot;&gt;sushanth&lt;/a&gt; Can i check this in to 1.2 branch?&lt;/p&gt;</comment>
                            <comment id="14552942" author="jpullokkaran" created="Wed, 20 May 2015 19:29:19 +0000"  >&lt;p&gt;Based on &lt;a href=&quot;https://issues.apache.org/jira/secure/ViewProfile.jspa?name=sushanth&quot; class=&quot;user-hover&quot; rel=&quot;sushanth&quot;&gt;sushanth&lt;/a&gt; input changed fix version 1.2.1.&lt;br/&gt;
Committed the fix in to 1.2.1 branch.&lt;/p&gt;</comment>
                    </comments>
                    <attachments>
                            <attachment id="12731184" name="HIVE-10627.01.patch" size="7304" author="jcamachorodriguez" created="Thu, 7 May 2015 14:24:27 +0000"/>
                            <attachment id="12731113" name="HIVE-10627.01.patch" size="7304" author="jcamachorodriguez" created="Thu, 7 May 2015 07:31:54 +0000"/>
                            <attachment id="12731423" name="HIVE-10627.02.patch" size="8887" author="jcamachorodriguez" created="Fri, 8 May 2015 09:59:09 +0000"/>
                            <attachment id="12732286" name="HIVE-10627.03.patch" size="9958" author="jcamachorodriguez" created="Tue, 12 May 2015 17:10:36 +0000"/>
                            <attachment id="12730860" name="HIVE-10627.patch" size="2882" author="jcamachorodriguez" created="Wed, 6 May 2015 14:59:30 +0000"/>
                    </attachments>
                <subtasks>
                    </subtasks>
                <customfields>
                                                                            <customfield id="customfield_12310310" key="com.atlassian.jira.toolkit:attachments">
                        <customfieldname>Attachment count</customfieldname>
                        <customfieldvalues>
                            <customfieldvalue>5.0</customfieldvalue>
                        </customfieldvalues>
                    </customfield>
                                                                                                                                                                                                                                                                                                                                                                                                                                                                                                                                                                                                                                                                                                        <customfield id="customfield_12314020" key="com.atlassian.jira.plugins.jira-development-integration-plugin:devsummary">
                        <customfieldname>Development</customfieldname>
                        <customfieldvalues>
                            
                        </customfieldvalues>
                    </customfield>
                                                                                                                        <customfield id="customfield_12313422" key="com.atlassian.jirafisheyeplugin:jobcheckbox">
                        <customfieldname>Enable Automatic Patch Review</customfieldname>
                        <customfieldvalues>
                            <customfieldvalue><![CDATA[false]]></customfieldvalue>

                        </customfieldvalues>
                    </customfield>
                                                                                                                                                                                                                                                                                                                                                                                                                                                                                                                                                                                                                                                <customfield id="customfield_12310420" key="com.pyxis.greenhopper.jira:gh-global-rank">
                        <customfieldname>Global Rank</customfieldname>
                        <customfieldvalues>
                            <customfieldvalue>9223372036854775807</customfieldvalue>
                        </customfieldvalues>
                    </customfield>
                                                                                                                                                                                                                                                                    <customfield id="customfield_12312521" key="com.atlassian.jira.toolkit:LastCommentDate">
                        <customfieldname>Last public comment date</customfieldname>
                        <customfieldvalues>
                            10 years, 26 weeks, 6 days ago
                        </customfieldvalues>
                    </customfield>
                                                                                                                                                                                                                                                                                                <customfield id="customfield_12311820" key="com.pyxis.greenhopper.jira:gh-lexo-rank">
                        <customfieldname>Rank</customfieldname>
                        <customfieldvalues>
                            <customfieldvalue>0|i2ed4n:</customfieldvalue>

                        </customfieldvalues>
                    </customfield>
                                                                <customfield id="customfield_12310920" key="com.pyxis.greenhopper.jira:gh-global-rank">
                        <customfieldname>Rank (Obsolete)</customfieldname>
                        <customfieldvalues>
                            <customfieldvalue>9223372036854775807</customfieldvalue>
                        </customfieldvalues>
                    </customfield>
                                                                                                                                                                                                                                                                                                                                                                                                                                                                                                                                                                                                                                                                                                                                                                                                                                                                                </customfields>
    </item>
</channel>
</rss>