<!-- 
RSS generated by JIRA (8.20.10#820010-sha1:ace47f9899e9ee25d7157d59aa17ab06aee30d3d) at Wed Nov 12 18:34:19 UTC 2025

It is possible to restrict the fields that are returned in this document by specifying the 'field' parameter in your request.
For example, to request only the issue key and summary append 'field=key&field=summary' to the URL of your request.
-->
<rss version="0.92" >
<channel>
    <title>ASF Jira</title>
    <link>https://issues.apache.org/jira</link>
    <description>This file is an XML representation of an issue</description>
    <language>en-uk</language>    <build-info>
        <version>8.20.10</version>
        <build-number>820010</build-number>
        <build-date>22-06-2022</build-date>
    </build-info>


<item>
            <title>[HIVE-9069] Simplify filter predicates for CBO</title>
                <link>https://issues.apache.org/jira/browse/HIVE-9069</link>
                <project id="12310843" key="HIVE">Hive</project>
                    <description>&lt;p&gt;Simplify predicates for disjunctive predicates so that can get pushed down to the scan.&lt;/p&gt;

&lt;p&gt;Looks like this is still an issue, some of the filters can be pushed down to the scan.&lt;/p&gt;
&lt;div class=&quot;code panel&quot; style=&quot;border-width: 1px;&quot;&gt;&lt;div class=&quot;codeContent panelContent&quot;&gt;
&lt;pre class=&quot;code-java&quot;&gt;set hive.cbo.enable=&lt;span class=&quot;code-keyword&quot;&gt;true&lt;/span&gt;
set hive.stats.fetch.column.stats=&lt;span class=&quot;code-keyword&quot;&gt;true&lt;/span&gt;
set hive.exec.dynamic.partition.mode=nonstrict
set hive.tez.auto.reducer.parallelism=&lt;span class=&quot;code-keyword&quot;&gt;true&lt;/span&gt;
set hive.auto.convert.join.noconditionaltask.size=320000000
set hive.exec.reducers.bytes.per.reducer=100000000
set hive.txn.manager=org.apache.hadoop.hive.ql.lockmgr.DummyTxnManager
set hive.support.concurrency=&lt;span class=&quot;code-keyword&quot;&gt;false&lt;/span&gt;
set hive.tez.exec.print.summary=&lt;span class=&quot;code-keyword&quot;&gt;true&lt;/span&gt;
explain  

select  substr(r_reason_desc,1,20) as r
       ,avg(ws_quantity) wq
       ,avg(wr_refunded_cash) ref
       ,avg(wr_fee) fee
 from web_sales, web_returns, web_page, customer_demographics cd1,
      customer_demographics cd2, customer_address, date_dim, reason 
 where web_sales.ws_web_page_sk = web_page.wp_web_page_sk
   and web_sales.ws_item_sk = web_returns.wr_item_sk
   and web_sales.ws_order_number = web_returns.wr_order_number
   and web_sales.ws_sold_date_sk = date_dim.d_date_sk and d_year = 1998
   and cd1.cd_demo_sk = web_returns.wr_refunded_cdemo_sk 
   and cd2.cd_demo_sk = web_returns.wr_returning_cdemo_sk
   and customer_address.ca_address_sk = web_returns.wr_refunded_addr_sk
   and reason.r_reason_sk = web_returns.wr_reason_sk
   and
   (
    (
     cd1.cd_marital_status = &lt;span class=&quot;code-quote&quot;&gt;&apos;M&apos;&lt;/span&gt;
     and
     cd1.cd_marital_status = cd2.cd_marital_status
     and
     cd1.cd_education_status = &lt;span class=&quot;code-quote&quot;&gt;&apos;4 yr Degree&apos;&lt;/span&gt;
     and 
     cd1.cd_education_status = cd2.cd_education_status
     and
     ws_sales_price between 100.00 and 150.00
    )
   or
    (
     cd1.cd_marital_status = &lt;span class=&quot;code-quote&quot;&gt;&apos;D&apos;&lt;/span&gt;
     and
     cd1.cd_marital_status = cd2.cd_marital_status
     and
     cd1.cd_education_status = &lt;span class=&quot;code-quote&quot;&gt;&apos;Primary&apos;&lt;/span&gt; 
     and
     cd1.cd_education_status = cd2.cd_education_status
     and
     ws_sales_price between 50.00 and 100.00
    )
   or
    (
     cd1.cd_marital_status = &lt;span class=&quot;code-quote&quot;&gt;&apos;U&apos;&lt;/span&gt;
     and
     cd1.cd_marital_status = cd2.cd_marital_status
     and
     cd1.cd_education_status = &lt;span class=&quot;code-quote&quot;&gt;&apos;Advanced Degree&apos;&lt;/span&gt;
     and
     cd1.cd_education_status = cd2.cd_education_status
     and
     ws_sales_price between 150.00 and 200.00
    )
   )
   and
   (
    (
     ca_country = &lt;span class=&quot;code-quote&quot;&gt;&apos;United States&apos;&lt;/span&gt;
     and
     ca_state in (&lt;span class=&quot;code-quote&quot;&gt;&apos;KY&apos;&lt;/span&gt;, &lt;span class=&quot;code-quote&quot;&gt;&apos;GA&apos;&lt;/span&gt;, &lt;span class=&quot;code-quote&quot;&gt;&apos;NM&apos;&lt;/span&gt;)
     and ws_net_profit between 100 and 200  
    )
    or
    (
     ca_country = &lt;span class=&quot;code-quote&quot;&gt;&apos;United States&apos;&lt;/span&gt;
     and
     ca_state in (&lt;span class=&quot;code-quote&quot;&gt;&apos;MT&apos;&lt;/span&gt;, &lt;span class=&quot;code-quote&quot;&gt;&apos;OR&apos;&lt;/span&gt;, &lt;span class=&quot;code-quote&quot;&gt;&apos;IN&apos;&lt;/span&gt;)
     and ws_net_profit between 150 and 300  
    )
    or
    (
     ca_country = &lt;span class=&quot;code-quote&quot;&gt;&apos;United States&apos;&lt;/span&gt;
     and
     ca_state in (&lt;span class=&quot;code-quote&quot;&gt;&apos;WI&apos;&lt;/span&gt;, &lt;span class=&quot;code-quote&quot;&gt;&apos;MO&apos;&lt;/span&gt;, &lt;span class=&quot;code-quote&quot;&gt;&apos;WV&apos;&lt;/span&gt;)
     and ws_net_profit between 50 and 250  
    )
   )
group by r_reason_desc
order by r, wq, ref, fee
limit 100
OK
STAGE DEPENDENCIES:
  Stage-1 is a root stage
  Stage-0 depends on stages: Stage-1

STAGE PLANS:
  Stage: Stage-1
    Tez
      Edges:
        Map 9 &amp;lt;- Map 1 (BROADCAST_EDGE)
        Reducer 3 &amp;lt;- Map 13 (SIMPLE_EDGE), Map 2 (SIMPLE_EDGE)
        Reducer 4 &amp;lt;- Map 9 (SIMPLE_EDGE), Reducer 3 (SIMPLE_EDGE)
        Reducer 5 &amp;lt;- Map 14 (SIMPLE_EDGE), Reducer 4 (SIMPLE_EDGE)
        Reducer 6 &amp;lt;- Map 10 (SIMPLE_EDGE), Map 11 (BROADCAST_EDGE), Map 12 (BROADCAST_EDGE), Reducer 5 (SIMPLE_EDGE)
        Reducer 7 &amp;lt;- Reducer 6 (SIMPLE_EDGE)
        Reducer 8 &amp;lt;- Reducer 7 (SIMPLE_EDGE)
      DagName: mmokhtar_20141111161818_f5fd23ba-d783-4b13-8507-7faa65851798:1
      Vertices:
        Map 1 
            Map Operator Tree:
                TableScan
                  alias: web_page
                  filterExpr: wp_web_page_sk is not &lt;span class=&quot;code-keyword&quot;&gt;null&lt;/span&gt; (type: &lt;span class=&quot;code-object&quot;&gt;boolean&lt;/span&gt;)
                  Statistics: Num rows: 4602 Data size: 2696178 Basic stats: COMPLETE Column stats: COMPLETE
                  Filter Operator
                    predicate: wp_web_page_sk is not &lt;span class=&quot;code-keyword&quot;&gt;null&lt;/span&gt; (type: &lt;span class=&quot;code-object&quot;&gt;boolean&lt;/span&gt;)
                    Statistics: Num rows: 4602 Data size: 18408 Basic stats: COMPLETE Column stats: COMPLETE
                    Select Operator
                      expressions: wp_web_page_sk (type: &lt;span class=&quot;code-object&quot;&gt;int&lt;/span&gt;)
                      outputColumnNames: _col0
                      Statistics: Num rows: 4602 Data size: 18408 Basic stats: COMPLETE Column stats: COMPLETE
                      Reduce Output Operator
                        key expressions: _col0 (type: &lt;span class=&quot;code-object&quot;&gt;int&lt;/span&gt;)
                        sort order: +
                        Map-reduce partition columns: _col0 (type: &lt;span class=&quot;code-object&quot;&gt;int&lt;/span&gt;)
                        Statistics: Num rows: 4602 Data size: 18408 Basic stats: COMPLETE Column stats: COMPLETE
            Execution mode: vectorized
        Map 10 
            Map Operator Tree:
                TableScan
                  alias: customer_address
                  filterExpr: ((ca_country = &lt;span class=&quot;code-quote&quot;&gt;&apos;United States&apos;&lt;/span&gt;) and ca_address_sk is not &lt;span class=&quot;code-keyword&quot;&gt;null&lt;/span&gt;) (type: &lt;span class=&quot;code-object&quot;&gt;boolean&lt;/span&gt;)
                  Statistics: Num rows: 40000000 Data size: 40595195284 Basic stats: COMPLETE Column stats: COMPLETE
                  Filter Operator
                    predicate: ((ca_country = &lt;span class=&quot;code-quote&quot;&gt;&apos;United States&apos;&lt;/span&gt;) and ca_address_sk is not &lt;span class=&quot;code-keyword&quot;&gt;null&lt;/span&gt;) (type: &lt;span class=&quot;code-object&quot;&gt;boolean&lt;/span&gt;)
                    Statistics: Num rows: 20000000 Data size: 3740000000 Basic stats: COMPLETE Column stats: COMPLETE
                    Select Operator
                      expressions: ca_address_sk (type: &lt;span class=&quot;code-object&quot;&gt;int&lt;/span&gt;), ca_state (type: string)
                      outputColumnNames: _col0, _col1
                      Statistics: Num rows: 20000000 Data size: 1800000000 Basic stats: COMPLETE Column stats: COMPLETE
                      Reduce Output Operator
                        key expressions: _col0 (type: &lt;span class=&quot;code-object&quot;&gt;int&lt;/span&gt;)
                        sort order: +
                        Map-reduce partition columns: _col0 (type: &lt;span class=&quot;code-object&quot;&gt;int&lt;/span&gt;)
                        Statistics: Num rows: 20000000 Data size: 1800000000 Basic stats: COMPLETE Column stats: COMPLETE
                        value expressions: _col1 (type: string)
            Execution mode: vectorized
        Map 11 
            Map Operator Tree:
                TableScan
                  alias: date_dim
                  filterExpr: ((d_year = 1998) and d_date_sk is not &lt;span class=&quot;code-keyword&quot;&gt;null&lt;/span&gt;) (type: &lt;span class=&quot;code-object&quot;&gt;boolean&lt;/span&gt;)
                  Statistics: Num rows: 73049 Data size: 81741831 Basic stats: COMPLETE Column stats: COMPLETE
                  Filter Operator
                    predicate: ((d_year = 1998) and d_date_sk is not &lt;span class=&quot;code-keyword&quot;&gt;null&lt;/span&gt;) (type: &lt;span class=&quot;code-object&quot;&gt;boolean&lt;/span&gt;)
                    Statistics: Num rows: 652 Data size: 5216 Basic stats: COMPLETE Column stats: COMPLETE
                    Select Operator
                      expressions: d_date_sk (type: &lt;span class=&quot;code-object&quot;&gt;int&lt;/span&gt;)
                      outputColumnNames: _col0
                      Statistics: Num rows: 652 Data size: 2608 Basic stats: COMPLETE Column stats: COMPLETE
                      Reduce Output Operator
                        key expressions: _col0 (type: &lt;span class=&quot;code-object&quot;&gt;int&lt;/span&gt;)
                        sort order: +
                        Map-reduce partition columns: _col0 (type: &lt;span class=&quot;code-object&quot;&gt;int&lt;/span&gt;)
                        Statistics: Num rows: 652 Data size: 2608 Basic stats: COMPLETE Column stats: COMPLETE
                      Select Operator
                        expressions: _col0 (type: &lt;span class=&quot;code-object&quot;&gt;int&lt;/span&gt;)
                        outputColumnNames: _col0
                        Statistics: Num rows: 652 Data size: 2608 Basic stats: COMPLETE Column stats: COMPLETE
                        Group By Operator
                          keys: _col0 (type: &lt;span class=&quot;code-object&quot;&gt;int&lt;/span&gt;)
                          mode: hash
                          outputColumnNames: _col0
                          Statistics: Num rows: 326 Data size: 1304 Basic stats: COMPLETE Column stats: COMPLETE
                          Dynamic Partitioning Event Operator
                            Target Input: web_sales
                            Partition key expr: ws_sold_date_sk
                            Statistics: Num rows: 326 Data size: 1304 Basic stats: COMPLETE Column stats: COMPLETE
                            Target column: ws_sold_date_sk
                            Target Vertex: Map 9
            Execution mode: vectorized
        Map 12 
            Map Operator Tree:
                TableScan
                  alias: reason
                  filterExpr: r_reason_sk is not &lt;span class=&quot;code-keyword&quot;&gt;null&lt;/span&gt; (type: &lt;span class=&quot;code-object&quot;&gt;boolean&lt;/span&gt;)
                  Statistics: Num rows: 72 Data size: 14400 Basic stats: COMPLETE Column stats: COMPLETE
                  Filter Operator
                    predicate: r_reason_sk is not &lt;span class=&quot;code-keyword&quot;&gt;null&lt;/span&gt; (type: &lt;span class=&quot;code-object&quot;&gt;boolean&lt;/span&gt;)
                    Statistics: Num rows: 72 Data size: 7272 Basic stats: COMPLETE Column stats: COMPLETE
                    Select Operator
                      expressions: r_reason_sk (type: &lt;span class=&quot;code-object&quot;&gt;int&lt;/span&gt;), r_reason_desc (type: string)
                      outputColumnNames: _col0, _col1
                      Statistics: Num rows: 72 Data size: 7272 Basic stats: COMPLETE Column stats: COMPLETE
                      Reduce Output Operator
                        key expressions: _col0 (type: &lt;span class=&quot;code-object&quot;&gt;int&lt;/span&gt;)
                        sort order: +
                        Map-reduce partition columns: _col0 (type: &lt;span class=&quot;code-object&quot;&gt;int&lt;/span&gt;)
                        Statistics: Num rows: 72 Data size: 7272 Basic stats: COMPLETE Column stats: COMPLETE
                        value expressions: _col1 (type: string)
            Execution mode: vectorized
        Map 13 
            Map Operator Tree:
                TableScan
                  alias: web_returns
                  filterExpr: (((((wr_refunded_cdemo_sk is not &lt;span class=&quot;code-keyword&quot;&gt;null&lt;/span&gt; and wr_item_sk is not &lt;span class=&quot;code-keyword&quot;&gt;null&lt;/span&gt;) and wr_order_number is not &lt;span class=&quot;code-keyword&quot;&gt;null&lt;/span&gt;) and wr_returning_cdemo_sk is not &lt;span class=&quot;code-keyword&quot;&gt;null&lt;/span&gt;) and wr_refunded_addr_sk is not &lt;span class=&quot;code-keyword&quot;&gt;null&lt;/span&gt;) and wr_reason_sk is not &lt;span class=&quot;code-keyword&quot;&gt;null&lt;/span&gt;) (type: &lt;span class=&quot;code-object&quot;&gt;boolean&lt;/span&gt;)
                  Statistics: Num rows: 2062802370 Data size: 185695406284 Basic stats: COMPLETE Column stats: COMPLETE
                  Filter Operator
                    predicate: (((((wr_refunded_cdemo_sk is not &lt;span class=&quot;code-keyword&quot;&gt;null&lt;/span&gt; and wr_item_sk is not &lt;span class=&quot;code-keyword&quot;&gt;null&lt;/span&gt;) and wr_order_number is not &lt;span class=&quot;code-keyword&quot;&gt;null&lt;/span&gt;) and wr_returning_cdemo_sk is not &lt;span class=&quot;code-keyword&quot;&gt;null&lt;/span&gt;) and wr_refunded_addr_sk is not &lt;span class=&quot;code-keyword&quot;&gt;null&lt;/span&gt;) and wr_reason_sk is not &lt;span class=&quot;code-keyword&quot;&gt;null&lt;/span&gt;) (type: &lt;span class=&quot;code-object&quot;&gt;boolean&lt;/span&gt;)
                    Statistics: Num rows: 1875154722 Data size: 58944640412 Basic stats: COMPLETE Column stats: COMPLETE
                    Select Operator
                      expressions: wr_item_sk (type: &lt;span class=&quot;code-object&quot;&gt;int&lt;/span&gt;), wr_refunded_cdemo_sk (type: &lt;span class=&quot;code-object&quot;&gt;int&lt;/span&gt;), wr_refunded_addr_sk (type: &lt;span class=&quot;code-object&quot;&gt;int&lt;/span&gt;), wr_returning_cdemo_sk (type: &lt;span class=&quot;code-object&quot;&gt;int&lt;/span&gt;), wr_reason_sk (type: &lt;span class=&quot;code-object&quot;&gt;int&lt;/span&gt;), wr_order_number (type: &lt;span class=&quot;code-object&quot;&gt;int&lt;/span&gt;), wr_fee (type: &lt;span class=&quot;code-object&quot;&gt;float&lt;/span&gt;), wr_refunded_cash (type: &lt;span class=&quot;code-object&quot;&gt;float&lt;/span&gt;)
                      outputColumnNames: _col0, _col1, _col2, _col3, _col4, _col5, _col6, _col7
                      Statistics: Num rows: 1875154722 Data size: 58944640412 Basic stats: COMPLETE Column stats: COMPLETE
                      Reduce Output Operator
                        key expressions: _col1 (type: &lt;span class=&quot;code-object&quot;&gt;int&lt;/span&gt;)
                        sort order: +
                        Map-reduce partition columns: _col1 (type: &lt;span class=&quot;code-object&quot;&gt;int&lt;/span&gt;)
                        Statistics: Num rows: 1875154722 Data size: 58944640412 Basic stats: COMPLETE Column stats: COMPLETE
                        value expressions: _col0 (type: &lt;span class=&quot;code-object&quot;&gt;int&lt;/span&gt;), _col2 (type: &lt;span class=&quot;code-object&quot;&gt;int&lt;/span&gt;), _col3 (type: &lt;span class=&quot;code-object&quot;&gt;int&lt;/span&gt;), _col4 (type: &lt;span class=&quot;code-object&quot;&gt;int&lt;/span&gt;), _col5 (type: &lt;span class=&quot;code-object&quot;&gt;int&lt;/span&gt;), _col6 (type: &lt;span class=&quot;code-object&quot;&gt;float&lt;/span&gt;), _col7 (type: &lt;span class=&quot;code-object&quot;&gt;float&lt;/span&gt;)
            Execution mode: vectorized
        Map 14 
            Map Operator Tree:
                TableScan
                  alias: cd1
                  filterExpr: ((cd_demo_sk is not &lt;span class=&quot;code-keyword&quot;&gt;null&lt;/span&gt; and cd_marital_status is not &lt;span class=&quot;code-keyword&quot;&gt;null&lt;/span&gt;) and cd_education_status is not &lt;span class=&quot;code-keyword&quot;&gt;null&lt;/span&gt;) (type: &lt;span class=&quot;code-object&quot;&gt;boolean&lt;/span&gt;)
                  Statistics: Num rows: 1920800 Data size: 718379200 Basic stats: COMPLETE Column stats: COMPLETE
                  Filter Operator
                    predicate: ((cd_demo_sk is not &lt;span class=&quot;code-keyword&quot;&gt;null&lt;/span&gt; and cd_marital_status is not &lt;span class=&quot;code-keyword&quot;&gt;null&lt;/span&gt;) and cd_education_status is not &lt;span class=&quot;code-keyword&quot;&gt;null&lt;/span&gt;) (type: &lt;span class=&quot;code-object&quot;&gt;boolean&lt;/span&gt;)
                    Statistics: Num rows: 1920800 Data size: 351506400 Basic stats: COMPLETE Column stats: COMPLETE
                    Select Operator
                      expressions: cd_demo_sk (type: &lt;span class=&quot;code-object&quot;&gt;int&lt;/span&gt;), cd_marital_status (type: string), cd_education_status (type: string)
                      outputColumnNames: _col0, _col1, _col2
                      Statistics: Num rows: 1920800 Data size: 351506400 Basic stats: COMPLETE Column stats: COMPLETE
                      Reduce Output Operator
                        key expressions: _col0 (type: &lt;span class=&quot;code-object&quot;&gt;int&lt;/span&gt;), _col1 (type: string), _col2 (type: string)
                        sort order: +++
                        Map-reduce partition columns: _col0 (type: &lt;span class=&quot;code-object&quot;&gt;int&lt;/span&gt;), _col1 (type: string), _col2 (type: string)
                        Statistics: Num rows: 1920800 Data size: 351506400 Basic stats: COMPLETE Column stats: COMPLETE
            Execution mode: vectorized
        Map 2 
            Map Operator Tree:
                TableScan
                  alias: cd1
                  filterExpr: ((cd_demo_sk is not &lt;span class=&quot;code-keyword&quot;&gt;null&lt;/span&gt; and cd_marital_status is not &lt;span class=&quot;code-keyword&quot;&gt;null&lt;/span&gt;) and cd_education_status is not &lt;span class=&quot;code-keyword&quot;&gt;null&lt;/span&gt;) (type: &lt;span class=&quot;code-object&quot;&gt;boolean&lt;/span&gt;)
                  Statistics: Num rows: 1920800 Data size: 718379200 Basic stats: COMPLETE Column stats: COMPLETE
                  Filter Operator
                    predicate: ((cd_demo_sk is not &lt;span class=&quot;code-keyword&quot;&gt;null&lt;/span&gt; and cd_marital_status is not &lt;span class=&quot;code-keyword&quot;&gt;null&lt;/span&gt;) and cd_education_status is not &lt;span class=&quot;code-keyword&quot;&gt;null&lt;/span&gt;) (type: &lt;span class=&quot;code-object&quot;&gt;boolean&lt;/span&gt;)
                    Statistics: Num rows: 1920800 Data size: 351506400 Basic stats: COMPLETE Column stats: COMPLETE
                    Select Operator
                      expressions: cd_demo_sk (type: &lt;span class=&quot;code-object&quot;&gt;int&lt;/span&gt;), cd_marital_status (type: string), cd_education_status (type: string)
                      outputColumnNames: _col0, _col1, _col2
                      Statistics: Num rows: 1920800 Data size: 351506400 Basic stats: COMPLETE Column stats: COMPLETE
                      Reduce Output Operator
                        key expressions: _col0 (type: &lt;span class=&quot;code-object&quot;&gt;int&lt;/span&gt;)
                        sort order: +
                        Map-reduce partition columns: _col0 (type: &lt;span class=&quot;code-object&quot;&gt;int&lt;/span&gt;)
                        Statistics: Num rows: 1920800 Data size: 351506400 Basic stats: COMPLETE Column stats: COMPLETE
                        value expressions: _col1 (type: string), _col2 (type: string)
            Execution mode: vectorized
        Map 9 
            Map Operator Tree:
                TableScan
                  alias: web_sales
                  filterExpr: ((ws_web_page_sk is not &lt;span class=&quot;code-keyword&quot;&gt;null&lt;/span&gt; and ws_item_sk is not &lt;span class=&quot;code-keyword&quot;&gt;null&lt;/span&gt;) and ws_order_number is not &lt;span class=&quot;code-keyword&quot;&gt;null&lt;/span&gt;) (type: &lt;span class=&quot;code-object&quot;&gt;boolean&lt;/span&gt;)
                  Statistics: Num rows: 21594638446 Data size: 2850189889652 Basic stats: COMPLETE Column stats: COMPLETE
                  Filter Operator
                    predicate: ((ws_web_page_sk is not &lt;span class=&quot;code-keyword&quot;&gt;null&lt;/span&gt; and ws_item_sk is not &lt;span class=&quot;code-keyword&quot;&gt;null&lt;/span&gt;) and ws_order_number is not &lt;span class=&quot;code-keyword&quot;&gt;null&lt;/span&gt;) (type: &lt;span class=&quot;code-object&quot;&gt;boolean&lt;/span&gt;)
                    Statistics: Num rows: 21591939929 Data size: 604541956128 Basic stats: COMPLETE Column stats: COMPLETE
                    Select Operator
                      expressions: ws_item_sk (type: &lt;span class=&quot;code-object&quot;&gt;int&lt;/span&gt;), ws_web_page_sk (type: &lt;span class=&quot;code-object&quot;&gt;int&lt;/span&gt;), ws_order_number (type: &lt;span class=&quot;code-object&quot;&gt;int&lt;/span&gt;), ws_quantity (type: &lt;span class=&quot;code-object&quot;&gt;int&lt;/span&gt;), ws_sales_price (type: &lt;span class=&quot;code-object&quot;&gt;float&lt;/span&gt;), ws_net_profit (type: &lt;span class=&quot;code-object&quot;&gt;float&lt;/span&gt;), ws_sold_date_sk (type: &lt;span class=&quot;code-object&quot;&gt;int&lt;/span&gt;)
                      outputColumnNames: _col0, _col1, _col2, _col3, _col4, _col5, _col6
                      Statistics: Num rows: 21591939929 Data size: 604541956128 Basic stats: COMPLETE Column stats: COMPLETE
                      Map Join Operator
                        condition map:
                             Inner Join 0 to 1
                        condition expressions:
                          0 {_col0} {_col2} {_col3} {_col4} {_col5} {_col6}
                          1 
                        keys:
                          0 _col1 (type: &lt;span class=&quot;code-object&quot;&gt;int&lt;/span&gt;)
                          1 _col0 (type: &lt;span class=&quot;code-object&quot;&gt;int&lt;/span&gt;)
                        outputColumnNames: _col0, _col2, _col3, _col4, _col5, _col6
                        input vertices:
                          1 Map 1
                        Statistics: Num rows: 21591939072 Data size: 518206537728 Basic stats: COMPLETE Column stats: COMPLETE
                        Reduce Output Operator
                          key expressions: _col0 (type: &lt;span class=&quot;code-object&quot;&gt;int&lt;/span&gt;), _col2 (type: &lt;span class=&quot;code-object&quot;&gt;int&lt;/span&gt;)
                          sort order: ++
                          Map-reduce partition columns: _col0 (type: &lt;span class=&quot;code-object&quot;&gt;int&lt;/span&gt;), _col2 (type: &lt;span class=&quot;code-object&quot;&gt;int&lt;/span&gt;)
                          Statistics: Num rows: 21591939072 Data size: 518206537728 Basic stats: COMPLETE Column stats: COMPLETE
                          value expressions: _col3 (type: &lt;span class=&quot;code-object&quot;&gt;int&lt;/span&gt;), _col4 (type: &lt;span class=&quot;code-object&quot;&gt;float&lt;/span&gt;), _col5 (type: &lt;span class=&quot;code-object&quot;&gt;float&lt;/span&gt;), _col6 (type: &lt;span class=&quot;code-object&quot;&gt;int&lt;/span&gt;)
            Execution mode: vectorized
        Reducer 3 
            Reduce Operator Tree:
              Merge Join Operator
                condition map:
                     Inner Join 0 to 1
                condition expressions:
                  0 {VALUE._col0} {VALUE._col1} {VALUE._col2} {VALUE._col3} {VALUE._col4} {VALUE._col5} {VALUE._col6}
                  1 {VALUE._col0} {VALUE._col1}
                outputColumnNames: _col0, _col2, _col3, _col4, _col5, _col6, _col7, _col9, _col10
                Statistics: Num rows: 1875154688 Data size: 373155782912 Basic stats: COMPLETE Column stats: COMPLETE
                Select Operator
                  expressions: _col0 (type: &lt;span class=&quot;code-object&quot;&gt;int&lt;/span&gt;), _col10 (type: string), _col2 (type: &lt;span class=&quot;code-object&quot;&gt;int&lt;/span&gt;), _col3 (type: &lt;span class=&quot;code-object&quot;&gt;int&lt;/span&gt;), _col4 (type: &lt;span class=&quot;code-object&quot;&gt;int&lt;/span&gt;), _col5 (type: &lt;span class=&quot;code-object&quot;&gt;int&lt;/span&gt;), _col6 (type: &lt;span class=&quot;code-object&quot;&gt;float&lt;/span&gt;), _col7 (type: &lt;span class=&quot;code-object&quot;&gt;float&lt;/span&gt;), _col9 (type: string)
                  outputColumnNames: _col0, _col10, _col2, _col3, _col4, _col5, _col6, _col7, _col9
                  Statistics: Num rows: 1875154688 Data size: 373155782912 Basic stats: COMPLETE Column stats: COMPLETE
                  Reduce Output Operator
                    key expressions: _col0 (type: &lt;span class=&quot;code-object&quot;&gt;int&lt;/span&gt;), _col5 (type: &lt;span class=&quot;code-object&quot;&gt;int&lt;/span&gt;)
                    sort order: ++
                    Map-reduce partition columns: _col0 (type: &lt;span class=&quot;code-object&quot;&gt;int&lt;/span&gt;), _col5 (type: &lt;span class=&quot;code-object&quot;&gt;int&lt;/span&gt;)
                    Statistics: Num rows: 1875154688 Data size: 373155782912 Basic stats: COMPLETE Column stats: COMPLETE
                    value expressions: _col2 (type: &lt;span class=&quot;code-object&quot;&gt;int&lt;/span&gt;), _col3 (type: &lt;span class=&quot;code-object&quot;&gt;int&lt;/span&gt;), _col4 (type: &lt;span class=&quot;code-object&quot;&gt;int&lt;/span&gt;), _col6 (type: &lt;span class=&quot;code-object&quot;&gt;float&lt;/span&gt;), _col7 (type: &lt;span class=&quot;code-object&quot;&gt;float&lt;/span&gt;), _col9 (type: string), _col10 (type: string)
        Reducer 4 
            Reduce Operator Tree:
              Merge Join Operator
                condition map:
                     Inner Join 0 to 1
                condition expressions:
                  0 {VALUE._col1} {VALUE._col2} {VALUE._col3} {VALUE._col4}
                  1 {VALUE._col1} {VALUE._col2} {VALUE._col3} {VALUE._col4} {VALUE._col5} {VALUE._col7} {VALUE._col8}
                outputColumnNames: _col3, _col4, _col5, _col6, _col10, _col11, _col12, _col14, _col15, _col17, _col18
                Statistics: Num rows: 57653145 Data size: 11472975855 Basic stats: COMPLETE Column stats: COMPLETE
                Filter Operator
                  predicate: (((_col17 = &lt;span class=&quot;code-quote&quot;&gt;&apos;M&apos;&lt;/span&gt;) and ((_col18 = &lt;span class=&quot;code-quote&quot;&gt;&apos;4 yr Degree&apos;&lt;/span&gt;) and _col4 BETWEEN 100.0 AND 150.0)) or (((_col17 = &lt;span class=&quot;code-quote&quot;&gt;&apos;D&apos;&lt;/span&gt;) and ((_col18 = &lt;span class=&quot;code-quote&quot;&gt;&apos;Primary&apos;&lt;/span&gt;) and _col4 BETWEEN 50.0 AND 100.0)) or ((_col17 = &lt;span class=&quot;code-quote&quot;&gt;&apos;U&apos;&lt;/span&gt;) and ((_col18 = &lt;span class=&quot;code-quote&quot;&gt;&apos;Advanced Degree&apos;&lt;/span&gt;) and _col4 BETWEEN 150.0 AND 200.0)))) (type: &lt;span class=&quot;code-object&quot;&gt;boolean&lt;/span&gt;)
                  Statistics: Num rows: 57653145 Data size: 11472975855 Basic stats: COMPLETE Column stats: COMPLETE
                  Select Operator
                    expressions: _col11 (type: &lt;span class=&quot;code-object&quot;&gt;int&lt;/span&gt;), _col12 (type: &lt;span class=&quot;code-object&quot;&gt;int&lt;/span&gt;), _col14 (type: &lt;span class=&quot;code-object&quot;&gt;float&lt;/span&gt;), _col15 (type: &lt;span class=&quot;code-object&quot;&gt;float&lt;/span&gt;), _col17 (type: string), _col18 (type: string), _col3 (type: &lt;span class=&quot;code-object&quot;&gt;int&lt;/span&gt;), _col5 (type: &lt;span class=&quot;code-object&quot;&gt;float&lt;/span&gt;), _col6 (type: &lt;span class=&quot;code-object&quot;&gt;int&lt;/span&gt;), _col10 (type: &lt;span class=&quot;code-object&quot;&gt;int&lt;/span&gt;)
                    outputColumnNames: _col10, _col11, _col13, _col14, _col17, _col18, _col3, _col5, _col6, _col9
                    Statistics: Num rows: 57653145 Data size: 11472975855 Basic stats: COMPLETE Column stats: COMPLETE
                    Reduce Output Operator
                      key expressions: _col10 (type: &lt;span class=&quot;code-object&quot;&gt;int&lt;/span&gt;), _col17 (type: string), _col18 (type: string)
                      sort order: +++
                      Map-reduce partition columns: _col10 (type: &lt;span class=&quot;code-object&quot;&gt;int&lt;/span&gt;), _col17 (type: string), _col18 (type: string)
                      Statistics: Num rows: 57653145 Data size: 11472975855 Basic stats: COMPLETE Column stats: COMPLETE
                      value expressions: _col3 (type: &lt;span class=&quot;code-object&quot;&gt;int&lt;/span&gt;), _col5 (type: &lt;span class=&quot;code-object&quot;&gt;float&lt;/span&gt;), _col6 (type: &lt;span class=&quot;code-object&quot;&gt;int&lt;/span&gt;), _col9 (type: &lt;span class=&quot;code-object&quot;&gt;int&lt;/span&gt;), _col11 (type: &lt;span class=&quot;code-object&quot;&gt;int&lt;/span&gt;), _col13 (type: &lt;span class=&quot;code-object&quot;&gt;float&lt;/span&gt;), _col14 (type: &lt;span class=&quot;code-object&quot;&gt;float&lt;/span&gt;)
        Reducer 5 
            Reduce Operator Tree:
              Merge Join Operator
                condition map:
                     Inner Join 0 to 1
                condition expressions:
                  0 
                  1 {VALUE._col3} {VALUE._col5} {VALUE._col6} {VALUE._col9} {VALUE._col10} {VALUE._col12} {VALUE._col13}
                outputColumnNames: _col6, _col8, _col9, _col12, _col14, _col16, _col17
                Statistics: Num rows: 3187317548 Data size: 50997080768 Basic stats: COMPLETE Column stats: COMPLETE
                Select Operator
                  expressions: _col12 (type: &lt;span class=&quot;code-object&quot;&gt;int&lt;/span&gt;), _col14 (type: &lt;span class=&quot;code-object&quot;&gt;int&lt;/span&gt;), _col16 (type: &lt;span class=&quot;code-object&quot;&gt;float&lt;/span&gt;), _col17 (type: &lt;span class=&quot;code-object&quot;&gt;float&lt;/span&gt;), _col6 (type: &lt;span class=&quot;code-object&quot;&gt;int&lt;/span&gt;), _col8 (type: &lt;span class=&quot;code-object&quot;&gt;float&lt;/span&gt;), _col9 (type: &lt;span class=&quot;code-object&quot;&gt;int&lt;/span&gt;)
                  outputColumnNames: _col12, _col14, _col16, _col17, _col6, _col8, _col9
                  Statistics: Num rows: 3187317548 Data size: 50997080768 Basic stats: COMPLETE Column stats: COMPLETE
                  Reduce Output Operator
                    key expressions: _col12 (type: &lt;span class=&quot;code-object&quot;&gt;int&lt;/span&gt;)
                    sort order: +
                    Map-reduce partition columns: _col12 (type: &lt;span class=&quot;code-object&quot;&gt;int&lt;/span&gt;)
                    Statistics: Num rows: 3187317548 Data size: 50997080768 Basic stats: COMPLETE Column stats: COMPLETE
                    value expressions: _col6 (type: &lt;span class=&quot;code-object&quot;&gt;int&lt;/span&gt;), _col8 (type: &lt;span class=&quot;code-object&quot;&gt;float&lt;/span&gt;), _col9 (type: &lt;span class=&quot;code-object&quot;&gt;int&lt;/span&gt;), _col14 (type: &lt;span class=&quot;code-object&quot;&gt;int&lt;/span&gt;), _col16 (type: &lt;span class=&quot;code-object&quot;&gt;float&lt;/span&gt;), _col17 (type: &lt;span class=&quot;code-object&quot;&gt;float&lt;/span&gt;)
        Reducer 6 
            Reduce Operator Tree:
              Merge Join Operator
                condition map:
                     Inner Join 0 to 1
                condition expressions:
                  0 {VALUE._col0}
                  1 {VALUE._col6} {VALUE._col8} {VALUE._col9} {VALUE._col13} {VALUE._col15} {VALUE._col16}
                outputColumnNames: _col1, _col9, _col11, _col12, _col17, _col19, _col20
                Statistics: Num rows: 1593658752 Data size: 156178557696 Basic stats: COMPLETE Column stats: COMPLETE
                Filter Operator
                  predicate: (((_col1) IN (&lt;span class=&quot;code-quote&quot;&gt;&apos;KY&apos;&lt;/span&gt;, &lt;span class=&quot;code-quote&quot;&gt;&apos;GA&apos;&lt;/span&gt;, &lt;span class=&quot;code-quote&quot;&gt;&apos;NM&apos;&lt;/span&gt;) and _col11 BETWEEN 100 AND 200) or (((_col1) IN (&lt;span class=&quot;code-quote&quot;&gt;&apos;MT&apos;&lt;/span&gt;, &lt;span class=&quot;code-quote&quot;&gt;&apos;OR&apos;&lt;/span&gt;, &lt;span class=&quot;code-quote&quot;&gt;&apos;IN&apos;&lt;/span&gt;) and _col11 BETWEEN 150 AND 300) or ((_col1) IN (&lt;span class=&quot;code-quote&quot;&gt;&apos;WI&apos;&lt;/span&gt;, &lt;span class=&quot;code-quote&quot;&gt;&apos;MO&apos;&lt;/span&gt;, &lt;span class=&quot;code-quote&quot;&gt;&apos;WV&apos;&lt;/span&gt;) and _col11 BETWEEN 50 AND 250))) (type: &lt;span class=&quot;code-object&quot;&gt;boolean&lt;/span&gt;)
                  Statistics: Num rows: 1195244064 Data size: 117133918272 Basic stats: COMPLETE Column stats: COMPLETE
                  Select Operator
                    expressions: _col17 (type: &lt;span class=&quot;code-object&quot;&gt;int&lt;/span&gt;), _col19 (type: &lt;span class=&quot;code-object&quot;&gt;float&lt;/span&gt;), _col20 (type: &lt;span class=&quot;code-object&quot;&gt;float&lt;/span&gt;), _col9 (type: &lt;span class=&quot;code-object&quot;&gt;int&lt;/span&gt;), _col12 (type: &lt;span class=&quot;code-object&quot;&gt;int&lt;/span&gt;)
                    outputColumnNames: _col11, _col13, _col14, _col3, _col6
                    Statistics: Num rows: 1195244064 Data size: 14342928768 Basic stats: COMPLETE Column stats: COMPLETE
                    Map Join Operator
                      condition map:
                           Inner Join 0 to 1
                      condition expressions:
                        0 
                        1 {_col3} {_col11} {_col13} {_col14}
                      keys:
                        0 _col0 (type: &lt;span class=&quot;code-object&quot;&gt;int&lt;/span&gt;)
                        1 _col6 (type: &lt;span class=&quot;code-object&quot;&gt;int&lt;/span&gt;)
                      outputColumnNames: _col5, _col13, _col15, _col16
                      input vertices:
                        0 Map 11
                      Statistics: Num rows: 1334416318 Data size: 16012995816 Basic stats: COMPLETE Column stats: COMPLETE
                      Select Operator
                        expressions: _col13 (type: &lt;span class=&quot;code-object&quot;&gt;int&lt;/span&gt;), _col15 (type: &lt;span class=&quot;code-object&quot;&gt;float&lt;/span&gt;), _col16 (type: &lt;span class=&quot;code-object&quot;&gt;float&lt;/span&gt;), _col5 (type: &lt;span class=&quot;code-object&quot;&gt;int&lt;/span&gt;)
                        outputColumnNames: _col13, _col15, _col16, _col5
                        Statistics: Num rows: 1334416318 Data size: 16012995816 Basic stats: COMPLETE Column stats: COMPLETE
                        Map Join Operator
                          condition map:
                               Inner Join 0 to 1
                          condition expressions:
                            0 {_col1}
                            1 {_col5} {_col15} {_col16}
                          keys:
                            0 _col0 (type: &lt;span class=&quot;code-object&quot;&gt;int&lt;/span&gt;)
                            1 _col13 (type: &lt;span class=&quot;code-object&quot;&gt;int&lt;/span&gt;)
                          outputColumnNames: _col1, _col7, _col17, _col18
                          input vertices:
                            0 Map 12
                          Statistics: Num rows: 1334416256 Data size: 140113706880 Basic stats: COMPLETE Column stats: COMPLETE
                          Select Operator
                            expressions: _col1 (type: string), _col7 (type: &lt;span class=&quot;code-object&quot;&gt;int&lt;/span&gt;), _col18 (type: &lt;span class=&quot;code-object&quot;&gt;float&lt;/span&gt;), _col17 (type: &lt;span class=&quot;code-object&quot;&gt;float&lt;/span&gt;)
                            outputColumnNames: _col0, _col1, _col2, _col3
                            Statistics: Num rows: 1334416256 Data size: 140113706880 Basic stats: COMPLETE Column stats: COMPLETE
                            Group By Operator
                              aggregations: avg(_col1), avg(_col2), avg(_col3)
                              keys: _col0 (type: string)
                              mode: hash
                              outputColumnNames: _col0, _col1, _col2, _col3
                              Statistics: Num rows: 157024 Data size: 15231328 Basic stats: COMPLETE Column stats: COMPLETE
                              Reduce Output Operator
                                key expressions: _col0 (type: string)
                                sort order: +
                                Map-reduce partition columns: _col0 (type: string)
                                Statistics: Num rows: 157024 Data size: 15231328 Basic stats: COMPLETE Column stats: COMPLETE
                                value expressions: _col1 (type: struct&amp;lt;count:bigint,sum:&lt;span class=&quot;code-object&quot;&gt;double&lt;/span&gt;,input:&lt;span class=&quot;code-object&quot;&gt;int&lt;/span&gt;&amp;gt;), _col2 (type: struct&amp;lt;count:bigint,sum:&lt;span class=&quot;code-object&quot;&gt;double&lt;/span&gt;,input:&lt;span class=&quot;code-object&quot;&gt;float&lt;/span&gt;&amp;gt;), _col3 (type: struct&amp;lt;count:bigint,sum:&lt;span class=&quot;code-object&quot;&gt;double&lt;/span&gt;,input:&lt;span class=&quot;code-object&quot;&gt;float&lt;/span&gt;&amp;gt;)
        Reducer 7 
            Reduce Operator Tree:
              Group By Operator
                aggregations: avg(VALUE._col0), avg(VALUE._col1), avg(VALUE._col2)
                keys: KEY._col0 (type: string)
                mode: mergepartial
                outputColumnNames: _col0, _col1, _col2, _col3
                Statistics: Num rows: 112 Data size: 13552 Basic stats: COMPLETE Column stats: COMPLETE
                Select Operator
                  expressions: substr(_col0, 1, 20) (type: string), _col1 (type: &lt;span class=&quot;code-object&quot;&gt;double&lt;/span&gt;), _col2 (type: &lt;span class=&quot;code-object&quot;&gt;double&lt;/span&gt;), _col3 (type: &lt;span class=&quot;code-object&quot;&gt;double&lt;/span&gt;)
                  outputColumnNames: _col0, _col1, _col2, _col3
                  Statistics: Num rows: 112 Data size: 23296 Basic stats: COMPLETE Column stats: COMPLETE
                  Reduce Output Operator
                    key expressions: _col0 (type: string), _col1 (type: &lt;span class=&quot;code-object&quot;&gt;double&lt;/span&gt;), _col2 (type: &lt;span class=&quot;code-object&quot;&gt;double&lt;/span&gt;), _col3 (type: &lt;span class=&quot;code-object&quot;&gt;double&lt;/span&gt;)
                    sort order: ++++
                    Statistics: Num rows: 112 Data size: 23296 Basic stats: COMPLETE Column stats: COMPLETE
                    TopN Hash Memory Usage: 0.04
        Reducer 8 
            Reduce Operator Tree:
              Select Operator
                expressions: KEY.reducesinkkey0 (type: string), KEY.reducesinkkey1 (type: &lt;span class=&quot;code-object&quot;&gt;double&lt;/span&gt;), KEY.reducesinkkey2 (type: &lt;span class=&quot;code-object&quot;&gt;double&lt;/span&gt;), KEY.reducesinkkey3 (type: &lt;span class=&quot;code-object&quot;&gt;double&lt;/span&gt;)
                outputColumnNames: _col0, _col1, _col2, _col3
                Statistics: Num rows: 112 Data size: 23296 Basic stats: COMPLETE Column stats: COMPLETE
                Limit
                  &lt;span class=&quot;code-object&quot;&gt;Number&lt;/span&gt; of rows: 100
                  Statistics: Num rows: 100 Data size: 20800 Basic stats: COMPLETE Column stats: COMPLETE
                  File Output Operator
                    compressed: &lt;span class=&quot;code-keyword&quot;&gt;false&lt;/span&gt;
                    Statistics: Num rows: 100 Data size: 20800 Basic stats: COMPLETE Column stats: COMPLETE
                    table:
                        input format: org.apache.hadoop.mapred.TextInputFormat
                        output format: org.apache.hadoop.hive.ql.io.HiveIgnoreKeyTextOutputFormat
                        serde: org.apache.hadoop.hive.serde2.lazy.LazySimpleSerDe
            Execution mode: vectorized

  Stage: Stage-0
&lt;/pre&gt;
&lt;/div&gt;&lt;/div&gt;</description>
                <environment></environment>
        <key id="12760881">HIVE-9069</key>
            <summary>Simplify filter predicates for CBO</summary>
                <type id="1" iconUrl="https://issues.apache.org/jira/secure/viewavatar?size=xsmall&amp;avatarId=21133&amp;avatarType=issuetype">Bug</type>
                                            <priority id="3" iconUrl="https://issues.apache.org/jira/images/icons/priorities/major.svg">Major</priority>
                        <status id="6" iconUrl="https://issues.apache.org/jira/images/icons/statuses/closed.png" description="The issue is considered finished, the resolution is correct. Issues which are not closed can be reopened.">Closed</status>
                    <statusCategory id="3" key="done" colorName="green"/>
                                    <resolution id="1">Fixed</resolution>
                                        <assignee username="jcamacho">Jes&#250;s Camacho Rodr&#237;guez</assignee>
                                    <reporter username="mmokhtar">Mostafa Mokhtar</reporter>
                        <labels>
                    </labels>
                <created>Wed, 10 Dec 2014 22:35:20 +0000</created>
                <updated>Tue, 27 Feb 2024 22:24:01 +0000</updated>
                            <resolved>Thu, 4 Jun 2015 08:53:44 +0000</resolved>
                                    <version>0.14.0</version>
                                    <fixVersion>1.2.1</fixVersion>
                    <fixVersion>1.3.0</fixVersion>
                    <fixVersion>2.0.0</fixVersion>
                                    <component>CBO</component>
                        <due></due>
                            <votes>0</votes>
                                    <watches>5</watches>
                                                                                                                <comments>
                            <comment id="14533955" author="jcamacho" created="Fri, 8 May 2015 06:31:48 +0000"  >&lt;p&gt;&lt;a href=&quot;https://issues.apache.org/jira/secure/ViewProfile.jspa?name=mmokhtar&quot; class=&quot;user-hover&quot; rel=&quot;mmokhtar&quot;&gt;mmokhtar&lt;/a&gt;, it seems the plan is right and the predicates are correctly pushed to the sources. Could you let me know which predicate should still be pushed down that is not? Thanks&lt;/p&gt;</comment>
                            <comment id="14533971" author="mmokhtar" created="Fri, 8 May 2015 06:47:27 +0000"  >&lt;p&gt;&lt;a href=&quot;https://issues.apache.org/jira/secure/ViewProfile.jspa?name=jcamachorodriguez&quot; class=&quot;user-hover&quot; rel=&quot;jcamachorodriguez&quot;&gt;jcamachorodriguez&lt;/a&gt;&lt;/p&gt;

&lt;p&gt;Check web_sales for instance, it has the following predicates, all of which can be pushed down to the scan as a PPD or filter.&lt;br/&gt;
Same thing applies for customer_demographics cd1 and customer_address &lt;br/&gt;
customer_demographics cd1 doesn&apos;t get any filter pushed down while customer_address get &lt;/p&gt;
&lt;div class=&quot;code panel&quot; style=&quot;border-width: 1px;&quot;&gt;&lt;div class=&quot;codeContent panelContent&quot;&gt;
&lt;pre class=&quot;code-java&quot;&gt; ca_country = &lt;span class=&quot;code-quote&quot;&gt;&apos;United States&apos;&lt;/span&gt; &lt;/pre&gt;
&lt;/div&gt;&lt;/div&gt;
&lt;p&gt; pushed.&lt;/p&gt;

&lt;div class=&quot;code panel&quot; style=&quot;border-width: 1px;&quot;&gt;&lt;div class=&quot;codeContent panelContent&quot;&gt;
&lt;pre class=&quot;code-java&quot;&gt;and
   (
    (
     	ws_sales_price between 100.00 and 150.00
    )
   or
    (
     	ws_sales_price between 50.00 and 100.00
    )
   or
    (
     	ws_sales_price between 150.00 and 200.00
    )
   )
   and
   (
    (
		ws_net_profit between 100 and 200  
    )
    or
    (
		ws_net_profit between 150 and 300  
    )
    or
    (
		ws_net_profit between 50 and 250  
    )
   )
&lt;/pre&gt;
&lt;/div&gt;&lt;/div&gt;</comment>
                            <comment id="14534098" author="jcamacho" created="Fri, 8 May 2015 08:26:59 +0000"  >&lt;p&gt;The case for the condition &lt;tt&gt;ca_country=&apos;United States&apos;&lt;/tt&gt; is a bit different, since it can get effectively pushed down.&lt;/p&gt;

&lt;p&gt;What you are proposing for &lt;tt&gt;ws_sales_price&lt;/tt&gt; would actually be a reduction, right? Pushing the predicates down, but still leaving the filter with the condition on top. For instance, you could push to the scan the condition&lt;/p&gt;
&lt;div class=&quot;preformatted panel&quot; style=&quot;border-width: 1px;&quot;&gt;&lt;div class=&quot;preformattedContent panelContent&quot;&gt;
&lt;pre&gt;ws_sales_price between 50.00 and 200.00
&lt;/pre&gt;
&lt;/div&gt;&lt;/div&gt;
&lt;p&gt;but you still need to leave the other conditions in the tree in order to keep the correct semantics e.g.&lt;/p&gt;
&lt;div class=&quot;preformatted panel&quot; style=&quot;border-width: 1px;&quot;&gt;&lt;div class=&quot;preformattedContent panelContent&quot;&gt;
&lt;pre&gt;(
     cd1.cd_marital_status = &apos;M&apos;
     and
     cd1.cd_marital_status = cd2.cd_marital_status
     and
     cd1.cd_education_status = &apos;4 yr Degree&apos;
     and 
     cd1.cd_education_status = cd2.cd_education_status
     and
     ws_sales_price between 100.00 and 150.00
) or ...
&lt;/pre&gt;
&lt;/div&gt;&lt;/div&gt;</comment>
                            <comment id="14534736" author="mmokhtar" created="Fri, 8 May 2015 15:40:24 +0000"  >&lt;p&gt;&lt;a href=&quot;https://issues.apache.org/jira/secure/ViewProfile.jspa?name=jcamachorodriguez&quot; class=&quot;user-hover&quot; rel=&quot;jcamachorodriguez&quot;&gt;jcamachorodriguez&lt;/a&gt;&lt;br/&gt;
Yes, this is correct. &lt;/p&gt;</comment>
                            <comment id="14542383" author="mmokhtar" created="Wed, 13 May 2015 18:32:41 +0000"  >&lt;p&gt;&lt;a href=&quot;https://issues.apache.org/jira/secure/ViewProfile.jspa?name=jcamachorodriguez&quot; class=&quot;user-hover&quot; rel=&quot;jcamachorodriguez&quot;&gt;jcamachorodriguez&lt;/a&gt;&lt;br/&gt;
It looks like we either push the filter to the scan or have it in the join.&lt;/p&gt;

&lt;p&gt;This doesn&apos;t get pushed to web_sales&lt;/p&gt;
&lt;div class=&quot;code panel&quot; style=&quot;border-width: 1px;&quot;&gt;&lt;div class=&quot;codeContent panelContent&quot;&gt;
&lt;pre class=&quot;code-java&quot;&gt;select 
    avg(ws_quantity) wq,
    avg(wr_refunded_cash) ref,
    avg(wr_fee) fee
from
    web_sales,
    web_returns,
    customer_demographics cd1,
    customer_address
where
    web_sales.ws_item_sk = web_returns.wr_item_sk
        and web_sales.ws_order_number = web_returns.wr_order_number
        and cd1.cd_demo_sk = web_returns.wr_refunded_cdemo_sk
        and customer_address.ca_address_sk = web_returns.wr_refunded_addr_sk
        and ((cd1.cd_marital_status = &lt;span class=&quot;code-quote&quot;&gt;&apos;M&apos;&lt;/span&gt;
        and cd1.cd_education_status = &lt;span class=&quot;code-quote&quot;&gt;&apos;4 yr Degree&apos;&lt;/span&gt;
        and ws_sales_price between 100.00 and 150.00)
        or (ws_sales_price between 50.00 and 100.00)
        or (ws_sales_price between 150.00 and 200.00))
        and ((ws_net_profit between 100 and 200)
        or (ca_country = &lt;span class=&quot;code-quote&quot;&gt;&apos;United States&apos;&lt;/span&gt;
        and ca_state in (&lt;span class=&quot;code-quote&quot;&gt;&apos;MT&apos;&lt;/span&gt; , &lt;span class=&quot;code-quote&quot;&gt;&apos;OR&apos;&lt;/span&gt;, &lt;span class=&quot;code-quote&quot;&gt;&apos;IN&apos;&lt;/span&gt;)
        and ws_net_profit between 150 and 300)
        or (ws_net_profit between 50 and 250))
&lt;/pre&gt;
&lt;/div&gt;&lt;/div&gt;

&lt;p&gt;Plan for the scan &lt;/p&gt;
&lt;div class=&quot;code panel&quot; style=&quot;border-width: 1px;&quot;&gt;&lt;div class=&quot;codeContent panelContent&quot;&gt;
&lt;pre class=&quot;code-java&quot;&gt;   Map 4
            Map Operator Tree:
                TableScan
                  alias: web_sales
                  filterExpr: (ws_item_sk is not &lt;span class=&quot;code-keyword&quot;&gt;null&lt;/span&gt; and ws_order_number is not &lt;span class=&quot;code-keyword&quot;&gt;null&lt;/span&gt;) (type: &lt;span class=&quot;code-object&quot;&gt;boolean&lt;/span&gt;)
                  Statistics: Num rows: 143966864 Data size: 33110363004 Basic stats: COMPLETE Column stats: COMPLETE
                  Filter Operator
                    predicate: (ws_item_sk is not &lt;span class=&quot;code-keyword&quot;&gt;null&lt;/span&gt; and ws_order_number is not &lt;span class=&quot;code-keyword&quot;&gt;null&lt;/span&gt;) (type: &lt;span class=&quot;code-object&quot;&gt;boolean&lt;/span&gt;)
                    Statistics: Num rows: 143966864 Data size: 2879193520 Basic stats: COMPLETE Column stats: COMPLETE
                    Select Operator
                      expressions: ws_item_sk (type: &lt;span class=&quot;code-object&quot;&gt;int&lt;/span&gt;), ws_order_number (type: &lt;span class=&quot;code-object&quot;&gt;int&lt;/span&gt;), ws_quantity (type: &lt;span class=&quot;code-object&quot;&gt;int&lt;/span&gt;), ws_sales_price (type: &lt;span class=&quot;code-object&quot;&gt;float&lt;/span&gt;), ws_net_profit (type: &lt;span class=&quot;code-object&quot;&gt;float&lt;/span&gt;)
                      outputColumnNames: _col0, _col1, _col2, _col3, _col4
                      Statistics: Num rows: 143966864 Data size: 2879193520 Basic stats: COMPLETE Column stats: COMPLETE
                      Reduce Output Operator
                        key expressions: _col0 (type: &lt;span class=&quot;code-object&quot;&gt;int&lt;/span&gt;), _col1 (type: &lt;span class=&quot;code-object&quot;&gt;int&lt;/span&gt;)
                        sort order: ++
                        Map-reduce partition columns: _col0 (type: &lt;span class=&quot;code-object&quot;&gt;int&lt;/span&gt;), _col1 (type: &lt;span class=&quot;code-object&quot;&gt;int&lt;/span&gt;)
                        Statistics: Num rows: 143966864 Data size: 2879193520 Basic stats: COMPLETE Column stats: COMPLETE
                        value expressions: _col2 (type: &lt;span class=&quot;code-object&quot;&gt;int&lt;/span&gt;), _col3 (type: &lt;span class=&quot;code-object&quot;&gt;float&lt;/span&gt;), _col4 (type: &lt;span class=&quot;code-object&quot;&gt;float&lt;/span&gt;)
            Execution mode: vectorized
&lt;/pre&gt;
&lt;/div&gt;&lt;/div&gt;

&lt;p&gt;While in this query the filter ends up pushed down to web_sales&lt;/p&gt;
&lt;div class=&quot;code panel&quot; style=&quot;border-width: 1px;&quot;&gt;&lt;div class=&quot;codeContent panelContent&quot;&gt;
&lt;pre class=&quot;code-java&quot;&gt;select 
    avg(ws_quantity) wq,
    avg(wr_refunded_cash) ref,
    avg(wr_fee) fee
from
    web_sales,
    web_returns,
    customer_demographics cd1,
    customer_address
where
    web_sales.ws_item_sk = web_returns.wr_item_sk
        and web_sales.ws_order_number = web_returns.wr_order_number
        and cd1.cd_demo_sk = web_returns.wr_refunded_cdemo_sk
        and customer_address.ca_address_sk = web_returns.wr_refunded_addr_sk
        and ((cd1.cd_marital_status = &lt;span class=&quot;code-quote&quot;&gt;&apos;M&apos;&lt;/span&gt;
        and cd1.cd_education_status = &lt;span class=&quot;code-quote&quot;&gt;&apos;4 yr Degree&apos;&lt;/span&gt;
        and ws_sales_price between 100.00 and 150.00)
        or (ws_sales_price between 50.00 and 100.00)
        or (ws_sales_price between 150.00 and 200.00))
        and ((ws_net_profit between 100 and 200)
        or (ws_net_profit between 150 and 300)
        or (ws_net_profit between 50 and 250))
&lt;/pre&gt;
&lt;/div&gt;&lt;/div&gt;
&lt;p&gt;Scan &lt;/p&gt;
&lt;div class=&quot;code panel&quot; style=&quot;border-width: 1px;&quot;&gt;&lt;div class=&quot;codeContent panelContent&quot;&gt;
&lt;pre class=&quot;code-java&quot;&gt; Map 6
            Map Operator Tree:
                TableScan
                  alias: web_sales
                  filterExpr: (((ws_net_profit BETWEEN 100 AND 200 or (ws_net_profit BETWEEN 150 AND 300 or ws_net_profit BETWEEN 50 AND 250)) and ws_item_sk is not &lt;span class=&quot;code-keyword&quot;&gt;null&lt;/span&gt;) and ws_order_number is not &lt;span class=&quot;code-keyword&quot;&gt;null&lt;/span&gt;) (type: &lt;span class=&quot;code-object&quot;&gt;boolean&lt;/span&gt;)
                  Statistics: Num rows: 143966864 Data size: 33110363004 Basic stats: COMPLETE Column stats: COMPLETE
                  Filter Operator
                    predicate: (((ws_net_profit BETWEEN 100 AND 200 or (ws_net_profit BETWEEN 150 AND 300 or ws_net_profit BETWEEN 50 AND 250)) and ws_item_sk is not &lt;span class=&quot;code-keyword&quot;&gt;null&lt;/span&gt;) and ws_order_number is not &lt;span class=&quot;code-keyword&quot;&gt;null&lt;/span&gt;) (type: &lt;span class=&quot;code-object&quot;&gt;boolean&lt;/span&gt;)
                    Statistics: Num rows: 143966864 Data size: 33110363004 Basic stats: COMPLETE Column stats: COMPLETE
                    Select Operator
                      expressions: ws_item_sk (type: &lt;span class=&quot;code-object&quot;&gt;int&lt;/span&gt;), ws_order_number (type: &lt;span class=&quot;code-object&quot;&gt;int&lt;/span&gt;), ws_quantity (type: &lt;span class=&quot;code-object&quot;&gt;int&lt;/span&gt;), ws_sales_price (type: &lt;span class=&quot;code-object&quot;&gt;float&lt;/span&gt;)
                      outputColumnNames: _col0, _col1, _col2, _col3
                      Statistics: Num rows: 143966864 Data size: 2303326064 Basic stats: COMPLETE Column stats: COMPLETE
                      Reduce Output Operator
                        key expressions: _col0 (type: &lt;span class=&quot;code-object&quot;&gt;int&lt;/span&gt;), _col1 (type: &lt;span class=&quot;code-object&quot;&gt;int&lt;/span&gt;)
                        sort order: ++
                        Map-reduce partition columns: _col0 (type: &lt;span class=&quot;code-object&quot;&gt;int&lt;/span&gt;), _col1 (type: &lt;span class=&quot;code-object&quot;&gt;int&lt;/span&gt;)
                        Statistics: Num rows: 143966864 Data size: 2303326064 Basic stats: COMPLETE Column stats: COMPLETE
                        value expressions: _col2 (type: &lt;span class=&quot;code-object&quot;&gt;int&lt;/span&gt;), _col3 (type: &lt;span class=&quot;code-object&quot;&gt;float&lt;/span&gt;)
            Execution mode: vectorized
&lt;/pre&gt;
&lt;/div&gt;&lt;/div&gt;</comment>
                            <comment id="14545991" author="hiveqa" created="Fri, 15 May 2015 18:54:06 +0000"  >

&lt;p&gt;&lt;font color=&quot;red&quot;&gt;Overall&lt;/font&gt;: -1 at least one tests failed&lt;/p&gt;

&lt;p&gt;Here are the results of testing the latest attachment:&lt;br/&gt;
&lt;a href=&quot;https://issues.apache.org/jira/secure/attachment/12733171/HIVE-9069.patch&quot; class=&quot;external-link&quot; rel=&quot;nofollow&quot;&gt;https://issues.apache.org/jira/secure/attachment/12733171/HIVE-9069.patch&lt;/a&gt;&lt;/p&gt;

&lt;p&gt;&lt;font color=&quot;red&quot;&gt;ERROR:&lt;/font&gt; -1 due to 10 failed/errored test(s), 8862 tests executed&lt;br/&gt;
&lt;b&gt;Failed tests:&lt;/b&gt;&lt;/p&gt;
&lt;div class=&quot;preformatted panel&quot; style=&quot;border-width: 1px;&quot;&gt;&lt;div class=&quot;preformattedContent panelContent&quot;&gt;
&lt;pre&gt;TestCliDriver-join_filters.q-bucketmapjoin12.q-alter_view_as_select.q-and-12-more - did not produce a TEST-*.xml file
TestCliDriver-udf_double.q-orc_vectorization_ppd.q-bucketmapjoin11.q-and-12-more - did not produce a TEST-*.xml file
TestCliDriver-vector_coalesce.q-authorization_update.q-auto_join_reordering_values.q-and-12-more - did not produce a TEST-*.xml file
TestHBaseCliDriver-hbase_binary_storage_queries.q - did not produce a TEST-*.xml file
TestMiniTezCliDriver-auto_sortmerge_join_13.q-orc_vectorization_ppd.q-cbo_subq_not_in.q-and-12-more - did not produce a TEST-*.xml file
TestMiniTezCliDriver-vector_decimal_round.q-cbo_windowing.q-tez_schema_evolution.q-and-12-more - did not produce a TEST-*.xml file
TestMinimrCliDriver-ql_rewrite_gbtoidx.q-parallel_orderby.q-smb_mapjoin_8.q - did not produce a TEST-*.xml file
org.apache.hadoop.hive.cli.TestCliDriver.testCliDriver_annotate_stats_filter
org.apache.hadoop.hive.cli.TestCliDriver.testCliDriver_pcr
org.apache.hadoop.hive.cli.TestEncryptedHDFSCliDriver.testCliDriver_encryption_insert_partition_static
&lt;/pre&gt;
&lt;/div&gt;&lt;/div&gt;

&lt;p&gt;Test results: &lt;a href=&quot;http://ec2-174-129-184-35.compute-1.amazonaws.com/jenkins/job/PreCommit-HIVE-TRUNK-Build/3907/testReport&quot; class=&quot;external-link&quot; target=&quot;_blank&quot; rel=&quot;nofollow noopener&quot;&gt;http://ec2-174-129-184-35.compute-1.amazonaws.com/jenkins/job/PreCommit-HIVE-TRUNK-Build/3907/testReport&lt;/a&gt;&lt;br/&gt;
Console output: &lt;a href=&quot;http://ec2-174-129-184-35.compute-1.amazonaws.com/jenkins/job/PreCommit-HIVE-TRUNK-Build/3907/console&quot; class=&quot;external-link&quot; target=&quot;_blank&quot; rel=&quot;nofollow noopener&quot;&gt;http://ec2-174-129-184-35.compute-1.amazonaws.com/jenkins/job/PreCommit-HIVE-TRUNK-Build/3907/console&lt;/a&gt;&lt;br/&gt;
Test logs: &lt;a href=&quot;http://ec2-174-129-184-35.compute-1.amazonaws.com/logs/PreCommit-HIVE-TRUNK-Build-3907/&quot; class=&quot;external-link&quot; target=&quot;_blank&quot; rel=&quot;nofollow noopener&quot;&gt;http://ec2-174-129-184-35.compute-1.amazonaws.com/logs/PreCommit-HIVE-TRUNK-Build-3907/&lt;/a&gt;&lt;/p&gt;

&lt;p&gt;Messages:&lt;/p&gt;
&lt;div class=&quot;preformatted panel&quot; style=&quot;border-width: 1px;&quot;&gt;&lt;div class=&quot;preformattedContent panelContent&quot;&gt;
&lt;pre&gt;Executing org.apache.hive.ptest.execution.PrepPhase
Executing org.apache.hive.ptest.execution.ExecutionPhase
Executing org.apache.hive.ptest.execution.ReportingPhase
Tests exited with: TestsFailedException: 10 tests failed
&lt;/pre&gt;
&lt;/div&gt;&lt;/div&gt;

&lt;p&gt;This message is automatically generated.&lt;/p&gt;

&lt;p&gt;ATTACHMENT ID: 12733171 - PreCommit-HIVE-TRUNK-Build&lt;/p&gt;</comment>
                            <comment id="14546447" author="hiveqa" created="Sat, 16 May 2015 00:48:43 +0000"  >

&lt;p&gt;&lt;font color=&quot;red&quot;&gt;Overall&lt;/font&gt;: -1 at least one tests failed&lt;/p&gt;

&lt;p&gt;Here are the results of testing the latest attachment:&lt;br/&gt;
&lt;a href=&quot;https://issues.apache.org/jira/secure/attachment/12733205/HIVE-9069.01.patch&quot; class=&quot;external-link&quot; rel=&quot;nofollow&quot;&gt;https://issues.apache.org/jira/secure/attachment/12733205/HIVE-9069.01.patch&lt;/a&gt;&lt;/p&gt;

&lt;p&gt;&lt;font color=&quot;red&quot;&gt;ERROR:&lt;/font&gt; -1 due to 9 failed/errored test(s), 8882 tests executed&lt;br/&gt;
&lt;b&gt;Failed tests:&lt;/b&gt;&lt;/p&gt;
&lt;div class=&quot;preformatted panel&quot; style=&quot;border-width: 1px;&quot;&gt;&lt;div class=&quot;preformattedContent panelContent&quot;&gt;
&lt;pre&gt;TestCliDriver-authorization_role_grant2.q-show_create_table_partitioned.q-create_alter_list_bucketing_table1.q-and-12-more - did not produce a TEST-*.xml file
TestCliDriver-join_filters.q-bucketmapjoin12.q-alter_view_as_select.q-and-12-more - did not produce a TEST-*.xml file
TestCliDriver-udf_bitwise_shiftleft.q-binarysortable_1.q-orc_merge5.q-and-12-more - did not produce a TEST-*.xml file
TestHBaseCliDriver-hbase_binary_storage_queries.q - did not produce a TEST-*.xml file
TestMiniTezCliDriver-vector_decimal_round.q-cbo_windowing.q-tez_schema_evolution.q-and-12-more - did not produce a TEST-*.xml file
TestMinimrCliDriver-ql_rewrite_gbtoidx.q-parallel_orderby.q-smb_mapjoin_8.q - did not produce a TEST-*.xml file
org.apache.hadoop.hive.cli.TestCliDriver.testCliDriver_annotate_stats_filter
org.apache.hadoop.hive.cli.TestCliDriver.testCliDriver_filter_cond_pushdown
org.apache.hadoop.hive.cli.TestEncryptedHDFSCliDriver.testCliDriver_encryption_insert_partition_static
&lt;/pre&gt;
&lt;/div&gt;&lt;/div&gt;

&lt;p&gt;Test results: &lt;a href=&quot;http://ec2-174-129-184-35.compute-1.amazonaws.com/jenkins/job/PreCommit-HIVE-TRUNK-Build/3911/testReport&quot; class=&quot;external-link&quot; target=&quot;_blank&quot; rel=&quot;nofollow noopener&quot;&gt;http://ec2-174-129-184-35.compute-1.amazonaws.com/jenkins/job/PreCommit-HIVE-TRUNK-Build/3911/testReport&lt;/a&gt;&lt;br/&gt;
Console output: &lt;a href=&quot;http://ec2-174-129-184-35.compute-1.amazonaws.com/jenkins/job/PreCommit-HIVE-TRUNK-Build/3911/console&quot; class=&quot;external-link&quot; target=&quot;_blank&quot; rel=&quot;nofollow noopener&quot;&gt;http://ec2-174-129-184-35.compute-1.amazonaws.com/jenkins/job/PreCommit-HIVE-TRUNK-Build/3911/console&lt;/a&gt;&lt;br/&gt;
Test logs: &lt;a href=&quot;http://ec2-174-129-184-35.compute-1.amazonaws.com/logs/PreCommit-HIVE-TRUNK-Build-3911/&quot; class=&quot;external-link&quot; target=&quot;_blank&quot; rel=&quot;nofollow noopener&quot;&gt;http://ec2-174-129-184-35.compute-1.amazonaws.com/logs/PreCommit-HIVE-TRUNK-Build-3911/&lt;/a&gt;&lt;/p&gt;

&lt;p&gt;Messages:&lt;/p&gt;
&lt;div class=&quot;preformatted panel&quot; style=&quot;border-width: 1px;&quot;&gt;&lt;div class=&quot;preformattedContent panelContent&quot;&gt;
&lt;pre&gt;Executing org.apache.hive.ptest.execution.PrepPhase
Executing org.apache.hive.ptest.execution.ExecutionPhase
Executing org.apache.hive.ptest.execution.ReportingPhase
Tests exited with: TestsFailedException: 9 tests failed
&lt;/pre&gt;
&lt;/div&gt;&lt;/div&gt;

&lt;p&gt;This message is automatically generated.&lt;/p&gt;

&lt;p&gt;ATTACHMENT ID: 12733205 - PreCommit-HIVE-TRUNK-Build&lt;/p&gt;</comment>
                            <comment id="14546824" author="hiveqa" created="Sat, 16 May 2015 15:52:31 +0000"  >

&lt;p&gt;&lt;font color=&quot;red&quot;&gt;Overall&lt;/font&gt;: -1 at least one tests failed&lt;/p&gt;

&lt;p&gt;Here are the results of testing the latest attachment:&lt;br/&gt;
&lt;a href=&quot;https://issues.apache.org/jira/secure/attachment/12733320/HIVE-9069.02.patch&quot; class=&quot;external-link&quot; rel=&quot;nofollow&quot;&gt;https://issues.apache.org/jira/secure/attachment/12733320/HIVE-9069.02.patch&lt;/a&gt;&lt;/p&gt;

&lt;p&gt;&lt;font color=&quot;red&quot;&gt;ERROR:&lt;/font&gt; -1 due to 19 failed/errored test(s), 8735 tests executed&lt;br/&gt;
&lt;b&gt;Failed tests:&lt;/b&gt;&lt;/p&gt;
&lt;div class=&quot;preformatted panel&quot; style=&quot;border-width: 1px;&quot;&gt;&lt;div class=&quot;preformattedContent panelContent&quot;&gt;
&lt;pre&gt;TestCliDriver-authorization_role_grant2.q-show_create_table_partitioned.q-create_alter_list_bucketing_table1.q-and-12-more - did not produce a TEST-*.xml file
TestCliDriver-bucketsortoptimize_insert_7.q-index_bitmap_rc.q-load_nonpart_authsuccess.q-and-12-more - did not produce a TEST-*.xml file
TestCliDriver-input17.q-bucket_map_join_tez1.q-ppd_random.q-and-12-more - did not produce a TEST-*.xml file
TestCliDriver-input19.q-union_remove_7.q-load_dyn_part3.q-and-12-more - did not produce a TEST-*.xml file
TestCliDriver-join_filters.q-bucketmapjoin12.q-alter_view_as_select.q-and-12-more - did not produce a TEST-*.xml file
TestCliDriver-multi_insert_mixed.q-varchar_join1.q-udf_sentences.q-and-12-more - did not produce a TEST-*.xml file
TestCliDriver-orc_merge6.q-partition_char.q-auto_join19.q-and-12-more - did not produce a TEST-*.xml file
TestCliDriver-orc_ppd_decimal.q-vector_decimal_round.q-metadata_export_drop.q-and-12-more - did not produce a TEST-*.xml file
TestCliDriver-script_pipe.q-orc_split_elimination.q-udf_tan.q-and-12-more - did not produce a TEST-*.xml file
TestCliDriver-udf_bitwise_shiftleft.q-binarysortable_1.q-orc_merge5.q-and-12-more - did not produce a TEST-*.xml file
TestCliDriver-udf_double.q-orc_vectorization_ppd.q-bucketmapjoin11.q-and-12-more - did not produce a TEST-*.xml file
TestCliDriver-udf_repeat.q-list_bucket_query_multiskew_2.q-rcfile_merge2.q-and-12-more - did not produce a TEST-*.xml file
TestHBaseCliDriver-hbase_binary_storage_queries.q - did not produce a TEST-*.xml file
TestMiniTezCliDriver-vector_decimal_round.q-cbo_windowing.q-tez_schema_evolution.q-and-12-more - did not produce a TEST-*.xml file
TestMiniTezCliDriver-vector_distinct_2.q-vector_interval_2.q-bucket3.q-and-12-more - did not produce a TEST-*.xml file
TestMinimrCliDriver-ql_rewrite_gbtoidx.q-parallel_orderby.q-smb_mapjoin_8.q - did not produce a TEST-*.xml file
org.apache.hadoop.hive.cli.TestCliDriver.testCliDriver_filter_cond_pushdown
org.apache.hadoop.hive.cli.TestCliDriver.testCliDriver_vectorization_7
org.apache.hadoop.hive.cli.TestEncryptedHDFSCliDriver.testCliDriver_encryption_insert_partition_static
&lt;/pre&gt;
&lt;/div&gt;&lt;/div&gt;

&lt;p&gt;Test results: &lt;a href=&quot;http://ec2-174-129-184-35.compute-1.amazonaws.com/jenkins/job/PreCommit-HIVE-TRUNK-Build/3922/testReport&quot; class=&quot;external-link&quot; target=&quot;_blank&quot; rel=&quot;nofollow noopener&quot;&gt;http://ec2-174-129-184-35.compute-1.amazonaws.com/jenkins/job/PreCommit-HIVE-TRUNK-Build/3922/testReport&lt;/a&gt;&lt;br/&gt;
Console output: &lt;a href=&quot;http://ec2-174-129-184-35.compute-1.amazonaws.com/jenkins/job/PreCommit-HIVE-TRUNK-Build/3922/console&quot; class=&quot;external-link&quot; target=&quot;_blank&quot; rel=&quot;nofollow noopener&quot;&gt;http://ec2-174-129-184-35.compute-1.amazonaws.com/jenkins/job/PreCommit-HIVE-TRUNK-Build/3922/console&lt;/a&gt;&lt;br/&gt;
Test logs: &lt;a href=&quot;http://ec2-174-129-184-35.compute-1.amazonaws.com/logs/PreCommit-HIVE-TRUNK-Build-3922/&quot; class=&quot;external-link&quot; target=&quot;_blank&quot; rel=&quot;nofollow noopener&quot;&gt;http://ec2-174-129-184-35.compute-1.amazonaws.com/logs/PreCommit-HIVE-TRUNK-Build-3922/&lt;/a&gt;&lt;/p&gt;

&lt;p&gt;Messages:&lt;/p&gt;
&lt;div class=&quot;preformatted panel&quot; style=&quot;border-width: 1px;&quot;&gt;&lt;div class=&quot;preformattedContent panelContent&quot;&gt;
&lt;pre&gt;Executing org.apache.hive.ptest.execution.PrepPhase
Executing org.apache.hive.ptest.execution.ExecutionPhase
Executing org.apache.hive.ptest.execution.ReportingPhase
Tests exited with: TestsFailedException: 19 tests failed
&lt;/pre&gt;
&lt;/div&gt;&lt;/div&gt;

&lt;p&gt;This message is automatically generated.&lt;/p&gt;

&lt;p&gt;ATTACHMENT ID: 12733320 - PreCommit-HIVE-TRUNK-Build&lt;/p&gt;</comment>
                            <comment id="14547861" author="jcamacho" created="Mon, 18 May 2015 10:55:01 +0000"  >&lt;p&gt;&lt;a href=&quot;https://issues.apache.org/jira/secure/ViewProfile.jspa?name=jpullokkaran&quot; class=&quot;user-hover&quot; rel=&quot;jpullokkaran&quot;&gt;jpullokkaran&lt;/a&gt;, could you review the patch?&lt;/p&gt;

&lt;p&gt;&lt;a href=&quot;https://issues.apache.org/jira/secure/ViewProfile.jspa?name=mmokhtar&quot; class=&quot;user-hover&quot; rel=&quot;mmokhtar&quot;&gt;mmokhtar&lt;/a&gt;, could you try the patch to confirm that it works as expected?&lt;/p&gt;

&lt;p&gt;Thanks&lt;/p&gt;</comment>
                            <comment id="14548058" author="hiveqa" created="Mon, 18 May 2015 14:21:25 +0000"  >

&lt;p&gt;&lt;font color=&quot;red&quot;&gt;Overall&lt;/font&gt;: -1 at least one tests failed&lt;/p&gt;

&lt;p&gt;Here are the results of testing the latest attachment:&lt;br/&gt;
&lt;a href=&quot;https://issues.apache.org/jira/secure/attachment/12733509/HIVE-9069.03.patch&quot; class=&quot;external-link&quot; rel=&quot;nofollow&quot;&gt;https://issues.apache.org/jira/secure/attachment/12733509/HIVE-9069.03.patch&lt;/a&gt;&lt;/p&gt;

&lt;p&gt;&lt;font color=&quot;red&quot;&gt;ERROR:&lt;/font&gt; -1 due to 20 failed/errored test(s), 8736 tests executed&lt;br/&gt;
&lt;b&gt;Failed tests:&lt;/b&gt;&lt;/p&gt;
&lt;div class=&quot;preformatted panel&quot; style=&quot;border-width: 1px;&quot;&gt;&lt;div class=&quot;preformattedContent panelContent&quot;&gt;
&lt;pre&gt;TestCliDriver-authorization_role_grant2.q-show_create_table_partitioned.q-create_alter_list_bucketing_table1.q-and-12-more - did not produce a TEST-*.xml file
TestCliDriver-bucketmapjoin3.q-udf_between.q-auto_join10.q-and-12-more - did not produce a TEST-*.xml file
TestCliDriver-bucketsortoptimize_insert_7.q-index_bitmap_rc.q-load_nonpart_authsuccess.q-and-12-more - did not produce a TEST-*.xml file
TestCliDriver-groupby_grouping_sets5.q-temp_table_display_colstats_tbllvl.q-nonreserved_keywords_input37.q-and-12-more - did not produce a TEST-*.xml file
TestCliDriver-input17.q-bucket_map_join_tez1.q-ppd_random.q-and-12-more - did not produce a TEST-*.xml file
TestCliDriver-join_filters.q-bucketmapjoin12.q-alter_view_as_select.q-and-12-more - did not produce a TEST-*.xml file
TestCliDriver-orc_createas1.q-encryption_join_with_different_encryption_keys.q-nestedvirtual.q-and-12-more - did not produce a TEST-*.xml file
TestCliDriver-orc_ppd_decimal.q-vector_decimal_round.q-metadata_export_drop.q-and-12-more - did not produce a TEST-*.xml file
TestCliDriver-script_pipe.q-orc_split_elimination.q-udf_tan.q-and-12-more - did not produce a TEST-*.xml file
TestCliDriver-udf_bitwise_shiftleft.q-binarysortable_1.q-orc_merge5.q-and-12-more - did not produce a TEST-*.xml file
TestCliDriver-udf_repeat.q-list_bucket_query_multiskew_2.q-rcfile_merge2.q-and-12-more - did not produce a TEST-*.xml file
TestHBaseCliDriver-hbase_binary_storage_queries.q - did not produce a TEST-*.xml file
TestMiniTezCliDriver-auto_sortmerge_join_13.q-orc_vectorization_ppd.q-cbo_subq_not_in.q-and-12-more - did not produce a TEST-*.xml file
TestMiniTezCliDriver-vector_decimal_round.q-cbo_windowing.q-tez_schema_evolution.q-and-12-more - did not produce a TEST-*.xml file
TestMiniTezCliDriver-vector_distinct_2.q-vector_interval_2.q-bucket3.q-and-12-more - did not produce a TEST-*.xml file
TestMinimrCliDriver-ql_rewrite_gbtoidx.q-parallel_orderby.q-smb_mapjoin_8.q - did not produce a TEST-*.xml file
org.apache.hadoop.hive.cli.TestCliDriver.testCliDriver_annotate_stats_filter
org.apache.hadoop.hive.cli.TestCliDriver.testCliDriver_filter_cond_pushdown
org.apache.hadoop.hive.cli.TestCliDriver.testCliDriver_udaf_context_ngrams
org.apache.hadoop.hive.cli.TestEncryptedHDFSCliDriver.testCliDriver_encryption_insert_partition_static
&lt;/pre&gt;
&lt;/div&gt;&lt;/div&gt;

&lt;p&gt;Test results: &lt;a href=&quot;http://ec2-174-129-184-35.compute-1.amazonaws.com/jenkins/job/PreCommit-HIVE-TRUNK-Build/3928/testReport&quot; class=&quot;external-link&quot; target=&quot;_blank&quot; rel=&quot;nofollow noopener&quot;&gt;http://ec2-174-129-184-35.compute-1.amazonaws.com/jenkins/job/PreCommit-HIVE-TRUNK-Build/3928/testReport&lt;/a&gt;&lt;br/&gt;
Console output: &lt;a href=&quot;http://ec2-174-129-184-35.compute-1.amazonaws.com/jenkins/job/PreCommit-HIVE-TRUNK-Build/3928/console&quot; class=&quot;external-link&quot; target=&quot;_blank&quot; rel=&quot;nofollow noopener&quot;&gt;http://ec2-174-129-184-35.compute-1.amazonaws.com/jenkins/job/PreCommit-HIVE-TRUNK-Build/3928/console&lt;/a&gt;&lt;br/&gt;
Test logs: &lt;a href=&quot;http://ec2-174-129-184-35.compute-1.amazonaws.com/logs/PreCommit-HIVE-TRUNK-Build-3928/&quot; class=&quot;external-link&quot; target=&quot;_blank&quot; rel=&quot;nofollow noopener&quot;&gt;http://ec2-174-129-184-35.compute-1.amazonaws.com/logs/PreCommit-HIVE-TRUNK-Build-3928/&lt;/a&gt;&lt;/p&gt;

&lt;p&gt;Messages:&lt;/p&gt;
&lt;div class=&quot;preformatted panel&quot; style=&quot;border-width: 1px;&quot;&gt;&lt;div class=&quot;preformattedContent panelContent&quot;&gt;
&lt;pre&gt;Executing org.apache.hive.ptest.execution.PrepPhase
Executing org.apache.hive.ptest.execution.ExecutionPhase
Executing org.apache.hive.ptest.execution.ReportingPhase
Tests exited with: TestsFailedException: 20 tests failed
&lt;/pre&gt;
&lt;/div&gt;&lt;/div&gt;

&lt;p&gt;This message is automatically generated.&lt;/p&gt;

&lt;p&gt;ATTACHMENT ID: 12733509 - PreCommit-HIVE-TRUNK-Build&lt;/p&gt;</comment>
                            <comment id="14548366" author="hiveqa" created="Mon, 18 May 2015 17:35:19 +0000"  >

&lt;p&gt;&lt;font color=&quot;red&quot;&gt;Overall&lt;/font&gt;: -1 at least one tests failed&lt;/p&gt;

&lt;p&gt;Here are the results of testing the latest attachment:&lt;br/&gt;
&lt;a href=&quot;https://issues.apache.org/jira/secure/attachment/12733555/HIVE-9069.04.patch&quot; class=&quot;external-link&quot; rel=&quot;nofollow&quot;&gt;https://issues.apache.org/jira/secure/attachment/12733555/HIVE-9069.04.patch&lt;/a&gt;&lt;/p&gt;

&lt;p&gt;&lt;font color=&quot;red&quot;&gt;ERROR:&lt;/font&gt; -1 due to 22 failed/errored test(s), 8736 tests executed&lt;br/&gt;
&lt;b&gt;Failed tests:&lt;/b&gt;&lt;/p&gt;
&lt;div class=&quot;preformatted panel&quot; style=&quot;border-width: 1px;&quot;&gt;&lt;div class=&quot;preformattedContent panelContent&quot;&gt;
&lt;pre&gt;TestCliDriver-bucketmapjoin3.q-udf_between.q-auto_join10.q-and-12-more - did not produce a TEST-*.xml file
TestCliDriver-escape_distributeby1.q-create_view_partitioned.q-partition_wise_fileformat8.q-and-12-more - did not produce a TEST-*.xml file
TestCliDriver-groupby_grouping_sets5.q-temp_table_display_colstats_tbllvl.q-nonreserved_keywords_input37.q-and-12-more - did not produce a TEST-*.xml file
TestCliDriver-input17.q-bucket_map_join_tez1.q-ppd_random.q-and-12-more - did not produce a TEST-*.xml file
TestCliDriver-join_filters.q-bucketmapjoin12.q-alter_view_as_select.q-and-12-more - did not produce a TEST-*.xml file
TestCliDriver-multi_insert_mixed.q-varchar_join1.q-udf_sentences.q-and-12-more - did not produce a TEST-*.xml file
TestCliDriver-orc_createas1.q-encryption_join_with_different_encryption_keys.q-nestedvirtual.q-and-12-more - did not produce a TEST-*.xml file
TestCliDriver-orc_merge6.q-partition_char.q-auto_join19.q-and-12-more - did not produce a TEST-*.xml file
TestCliDriver-udf_bitwise_shiftleft.q-binarysortable_1.q-orc_merge5.q-and-12-more - did not produce a TEST-*.xml file
TestCliDriver-udf_double.q-orc_vectorization_ppd.q-bucketmapjoin11.q-and-12-more - did not produce a TEST-*.xml file
TestCliDriver-udf_repeat.q-list_bucket_query_multiskew_2.q-rcfile_merge2.q-and-12-more - did not produce a TEST-*.xml file
TestCliDriver-vector_coalesce.q-auto_join_reordering_values.q-auto_sortmerge_join_7.q-and-12-more - did not produce a TEST-*.xml file
TestHBaseCliDriver-hbase_binary_storage_queries.q - did not produce a TEST-*.xml file
TestMiniTezCliDriver-vector_coalesce.q-auto_sortmerge_join_7.q-dynamic_partition_pruning.q-and-12-more - did not produce a TEST-*.xml file
TestMiniTezCliDriver-vector_distinct_2.q-vector_interval_2.q-bucket3.q-and-12-more - did not produce a TEST-*.xml file
TestMinimrCliDriver-ql_rewrite_gbtoidx.q-parallel_orderby.q-smb_mapjoin_8.q - did not produce a TEST-*.xml file
org.apache.hadoop.hive.cli.TestCliDriver.testCliDriver_annotate_stats_filter
org.apache.hadoop.hive.cli.TestCliDriver.testCliDriver_bucketsortoptimize_insert_7
org.apache.hadoop.hive.cli.TestCliDriver.testCliDriver_udaf_percentile_approx_23
org.apache.hadoop.hive.cli.TestEncryptedHDFSCliDriver.testCliDriver_encryption_insert_partition_static
org.apache.hadoop.hive.cli.TestMiniTezCliDriver.testCliDriver_vectorized_case
org.apache.hadoop.hive.cli.TestMinimrCliDriver.testCliDriver_stats_counter
&lt;/pre&gt;
&lt;/div&gt;&lt;/div&gt;

&lt;p&gt;Test results: &lt;a href=&quot;http://ec2-174-129-184-35.compute-1.amazonaws.com/jenkins/job/PreCommit-HIVE-TRUNK-Build/3929/testReport&quot; class=&quot;external-link&quot; target=&quot;_blank&quot; rel=&quot;nofollow noopener&quot;&gt;http://ec2-174-129-184-35.compute-1.amazonaws.com/jenkins/job/PreCommit-HIVE-TRUNK-Build/3929/testReport&lt;/a&gt;&lt;br/&gt;
Console output: &lt;a href=&quot;http://ec2-174-129-184-35.compute-1.amazonaws.com/jenkins/job/PreCommit-HIVE-TRUNK-Build/3929/console&quot; class=&quot;external-link&quot; target=&quot;_blank&quot; rel=&quot;nofollow noopener&quot;&gt;http://ec2-174-129-184-35.compute-1.amazonaws.com/jenkins/job/PreCommit-HIVE-TRUNK-Build/3929/console&lt;/a&gt;&lt;br/&gt;
Test logs: &lt;a href=&quot;http://ec2-174-129-184-35.compute-1.amazonaws.com/logs/PreCommit-HIVE-TRUNK-Build-3929/&quot; class=&quot;external-link&quot; target=&quot;_blank&quot; rel=&quot;nofollow noopener&quot;&gt;http://ec2-174-129-184-35.compute-1.amazonaws.com/logs/PreCommit-HIVE-TRUNK-Build-3929/&lt;/a&gt;&lt;/p&gt;

&lt;p&gt;Messages:&lt;/p&gt;
&lt;div class=&quot;preformatted panel&quot; style=&quot;border-width: 1px;&quot;&gt;&lt;div class=&quot;preformattedContent panelContent&quot;&gt;
&lt;pre&gt;Executing org.apache.hive.ptest.execution.PrepPhase
Executing org.apache.hive.ptest.execution.ExecutionPhase
Executing org.apache.hive.ptest.execution.ReportingPhase
Tests exited with: TestsFailedException: 22 tests failed
&lt;/pre&gt;
&lt;/div&gt;&lt;/div&gt;

&lt;p&gt;This message is automatically generated.&lt;/p&gt;

&lt;p&gt;ATTACHMENT ID: 12733555 - PreCommit-HIVE-TRUNK-Build&lt;/p&gt;</comment>
                            <comment id="14549147" author="jpullokkaran" created="Mon, 18 May 2015 20:24:23 +0000"  >&lt;p&gt;&lt;a href=&quot;https://issues.apache.org/jira/secure/ViewProfile.jspa?name=jcamachorodriguez&quot; class=&quot;user-hover&quot; rel=&quot;jcamachorodriguez&quot;&gt;jcamachorodriguez&lt;/a&gt; Are you going to update the patch to remove redundant filter pieces?&lt;/p&gt;</comment>
                            <comment id="14549313" author="jcamacho" created="Mon, 18 May 2015 21:55:44 +0000"  >&lt;p&gt;&lt;a href=&quot;https://issues.apache.org/jira/secure/ViewProfile.jspa?name=jpullokkaran&quot; class=&quot;user-hover&quot; rel=&quot;jpullokkaran&quot;&gt;jpullokkaran&lt;/a&gt;, yes, I&apos;m going to do that; without any kind of removal of redundant pieces and/or normalization, we may not even obtain the same plan among multiple executions of the same query.&lt;/p&gt;</comment>
                            <comment id="14549755" author="hiveqa" created="Tue, 19 May 2015 04:15:02 +0000"  >

&lt;p&gt;&lt;font color=&quot;red&quot;&gt;Overall&lt;/font&gt;: -1 no tests executed&lt;/p&gt;

&lt;p&gt;Here are the results of testing the latest attachment:&lt;br/&gt;
&lt;a href=&quot;https://issues.apache.org/jira/secure/attachment/12733664/HIVE-9069.05.patch&quot; class=&quot;external-link&quot; rel=&quot;nofollow&quot;&gt;https://issues.apache.org/jira/secure/attachment/12733664/HIVE-9069.05.patch&lt;/a&gt;&lt;/p&gt;

&lt;p&gt;Test results: &lt;a href=&quot;http://ec2-174-129-184-35.compute-1.amazonaws.com/jenkins/job/PreCommit-HIVE-TRUNK-Build/3938/testReport&quot; class=&quot;external-link&quot; target=&quot;_blank&quot; rel=&quot;nofollow noopener&quot;&gt;http://ec2-174-129-184-35.compute-1.amazonaws.com/jenkins/job/PreCommit-HIVE-TRUNK-Build/3938/testReport&lt;/a&gt;&lt;br/&gt;
Console output: &lt;a href=&quot;http://ec2-174-129-184-35.compute-1.amazonaws.com/jenkins/job/PreCommit-HIVE-TRUNK-Build/3938/console&quot; class=&quot;external-link&quot; target=&quot;_blank&quot; rel=&quot;nofollow noopener&quot;&gt;http://ec2-174-129-184-35.compute-1.amazonaws.com/jenkins/job/PreCommit-HIVE-TRUNK-Build/3938/console&lt;/a&gt;&lt;br/&gt;
Test logs: &lt;a href=&quot;http://ec2-174-129-184-35.compute-1.amazonaws.com/logs/PreCommit-HIVE-TRUNK-Build-3938/&quot; class=&quot;external-link&quot; target=&quot;_blank&quot; rel=&quot;nofollow noopener&quot;&gt;http://ec2-174-129-184-35.compute-1.amazonaws.com/logs/PreCommit-HIVE-TRUNK-Build-3938/&lt;/a&gt;&lt;/p&gt;

&lt;p&gt;Messages:&lt;/p&gt;
&lt;div class=&quot;preformatted panel&quot; style=&quot;border-width: 1px;&quot;&gt;&lt;div class=&quot;preformattedContent panelContent&quot;&gt;
&lt;pre&gt;Executing org.apache.hive.ptest.execution.PrepPhase
Tests exited with: NonZeroExitCodeException
Command &apos;bash /data/hive-ptest/working/scratch/source-prep.sh&apos; failed with exit status 1 and output &apos;+ [[ -n /usr/java/jdk1.7.0_45-cloudera ]]
+ export JAVA_HOME=/usr/java/jdk1.7.0_45-cloudera
+ JAVA_HOME=/usr/java/jdk1.7.0_45-cloudera
+ export PATH=/usr/java/jdk1.7.0_45-cloudera/bin/:/usr/java/jdk1.7.0_45-cloudera/bin:/usr/local/apache-maven-3.0.5/bin:/usr/local/apache-maven-3.0.5/bin:/usr/java/jdk1.7.0_45-cloudera/bin:/usr/local/apache-ant-1.9.1/bin:/usr/local/bin:/bin:/usr/bin:/usr/local/sbin:/usr/sbin:/sbin:/home/hiveptest/bin
+ PATH=/usr/java/jdk1.7.0_45-cloudera/bin/:/usr/java/jdk1.7.0_45-cloudera/bin:/usr/local/apache-maven-3.0.5/bin:/usr/local/apache-maven-3.0.5/bin:/usr/java/jdk1.7.0_45-cloudera/bin:/usr/local/apache-ant-1.9.1/bin:/usr/local/bin:/bin:/usr/bin:/usr/local/sbin:/usr/sbin:/sbin:/home/hiveptest/bin
+ export &apos;ANT_OPTS=-Xmx1g -XX:MaxPermSize=256m &apos;
+ ANT_OPTS=&apos;-Xmx1g -XX:MaxPermSize=256m &apos;
+ export &apos;M2_OPTS=-Xmx1g -XX:MaxPermSize=256m -Dhttp.proxyHost=localhost -Dhttp.proxyPort=3128&apos;
+ M2_OPTS=&apos;-Xmx1g -XX:MaxPermSize=256m -Dhttp.proxyHost=localhost -Dhttp.proxyPort=3128&apos;
+ cd /data/hive-ptest/working/
+ tee /data/hive-ptest/logs/PreCommit-HIVE-TRUNK-Build-3938/source-prep.txt
+ [[ false == \t\r\u\e ]]
+ mkdir -p maven ivy
+ [[ git = \s\v\n ]]
+ [[ git = \g\i\t ]]
+ [[ -z master ]]
+ [[ -d apache-github-source-source ]]
+ [[ ! -d apache-github-source-source/.git ]]
+ [[ ! -d apache-github-source-source ]]
+ cd apache-github-source-source
+ git fetch origin
+ git reset --hard HEAD
HEAD is now at 46b4cc9 HIVE-10675 : Provide option to skip Accumulo related Hive tests in itests directory (Hari Subramaniyan, reviewed by Sushanth Sowmyan)
+ git clean -f -d
+ git checkout master
Already on &apos;master&apos;
+ git reset --hard origin/master
HEAD is now at 46b4cc9 HIVE-10675 : Provide option to skip Accumulo related Hive tests in itests directory (Hari Subramaniyan, reviewed by Sushanth Sowmyan)
+ git merge --ff-only origin/master
Already up-to-date.
+ git gc
+ patchCommandPath=/data/hive-ptest/working/scratch/smart-apply-patch.sh
+ patchFilePath=/data/hive-ptest/working/scratch/build.patch
+ [[ -f /data/hive-ptest/working/scratch/build.patch ]]
+ chmod +x /data/hive-ptest/working/scratch/smart-apply-patch.sh
+ /data/hive-ptest/working/scratch/smart-apply-patch.sh /data/hive-ptest/working/scratch/build.patch
The patch does not appear to apply with p0, p1, or p2
+ exit 1
&apos;
&lt;/pre&gt;
&lt;/div&gt;&lt;/div&gt;

&lt;p&gt;This message is automatically generated.&lt;/p&gt;

&lt;p&gt;ATTACHMENT ID: 12733664 - PreCommit-HIVE-TRUNK-Build&lt;/p&gt;</comment>
                            <comment id="14550564" author="hiveqa" created="Tue, 19 May 2015 14:53:22 +0000"  >

&lt;p&gt;&lt;font color=&quot;red&quot;&gt;Overall&lt;/font&gt;: -1 at least one tests failed&lt;/p&gt;

&lt;p&gt;Here are the results of testing the latest attachment:&lt;br/&gt;
&lt;a href=&quot;https://issues.apache.org/jira/secure/attachment/12733756/HIVE-9069.07.patch&quot; class=&quot;external-link&quot; rel=&quot;nofollow&quot;&gt;https://issues.apache.org/jira/secure/attachment/12733756/HIVE-9069.07.patch&lt;/a&gt;&lt;/p&gt;

&lt;p&gt;&lt;font color=&quot;red&quot;&gt;ERROR:&lt;/font&gt; -1 due to 6 failed/errored test(s), 8947 tests executed&lt;br/&gt;
&lt;b&gt;Failed tests:&lt;/b&gt;&lt;/p&gt;
&lt;div class=&quot;preformatted panel&quot; style=&quot;border-width: 1px;&quot;&gt;&lt;div class=&quot;preformattedContent panelContent&quot;&gt;
&lt;pre&gt;org.apache.hadoop.hive.cli.TestCliDriver.testCliDriver_filter_cond_pushdown
org.apache.hadoop.hive.cli.TestCliDriver.testCliDriver_list_bucket_query_multiskew_2
org.apache.hadoop.hive.cli.TestCliDriver.testCliDriver_pcr
org.apache.hadoop.hive.cli.TestCliDriver.testCliDriver_vectorization_7
org.apache.hadoop.hive.cli.TestEncryptedHDFSCliDriver.testCliDriver_encryption_insert_partition_static
org.apache.hadoop.hive.cli.TestMiniTezCliDriver.testCliDriver_vectorization_7
&lt;/pre&gt;
&lt;/div&gt;&lt;/div&gt;

&lt;p&gt;Test results: &lt;a href=&quot;http://ec2-174-129-184-35.compute-1.amazonaws.com/jenkins/job/PreCommit-HIVE-TRUNK-Build/3945/testReport&quot; class=&quot;external-link&quot; target=&quot;_blank&quot; rel=&quot;nofollow noopener&quot;&gt;http://ec2-174-129-184-35.compute-1.amazonaws.com/jenkins/job/PreCommit-HIVE-TRUNK-Build/3945/testReport&lt;/a&gt;&lt;br/&gt;
Console output: &lt;a href=&quot;http://ec2-174-129-184-35.compute-1.amazonaws.com/jenkins/job/PreCommit-HIVE-TRUNK-Build/3945/console&quot; class=&quot;external-link&quot; target=&quot;_blank&quot; rel=&quot;nofollow noopener&quot;&gt;http://ec2-174-129-184-35.compute-1.amazonaws.com/jenkins/job/PreCommit-HIVE-TRUNK-Build/3945/console&lt;/a&gt;&lt;br/&gt;
Test logs: &lt;a href=&quot;http://ec2-174-129-184-35.compute-1.amazonaws.com/logs/PreCommit-HIVE-TRUNK-Build-3945/&quot; class=&quot;external-link&quot; target=&quot;_blank&quot; rel=&quot;nofollow noopener&quot;&gt;http://ec2-174-129-184-35.compute-1.amazonaws.com/logs/PreCommit-HIVE-TRUNK-Build-3945/&lt;/a&gt;&lt;/p&gt;

&lt;p&gt;Messages:&lt;/p&gt;
&lt;div class=&quot;preformatted panel&quot; style=&quot;border-width: 1px;&quot;&gt;&lt;div class=&quot;preformattedContent panelContent&quot;&gt;
&lt;pre&gt;Executing org.apache.hive.ptest.execution.PrepPhase
Executing org.apache.hive.ptest.execution.ExecutionPhase
Executing org.apache.hive.ptest.execution.ReportingPhase
Tests exited with: TestsFailedException: 6 tests failed
&lt;/pre&gt;
&lt;/div&gt;&lt;/div&gt;

&lt;p&gt;This message is automatically generated.&lt;/p&gt;

&lt;p&gt;ATTACHMENT ID: 12733756 - PreCommit-HIVE-TRUNK-Build&lt;/p&gt;</comment>
                            <comment id="14552103" author="hiveqa" created="Wed, 20 May 2015 10:25:31 +0000"  >

&lt;p&gt;&lt;font color=&quot;red&quot;&gt;Overall&lt;/font&gt;: -1 at least one tests failed&lt;/p&gt;

&lt;p&gt;Here are the results of testing the latest attachment:&lt;br/&gt;
&lt;a href=&quot;https://issues.apache.org/jira/secure/attachment/12733979/HIVE-9069.08.patch&quot; class=&quot;external-link&quot; rel=&quot;nofollow&quot;&gt;https://issues.apache.org/jira/secure/attachment/12733979/HIVE-9069.08.patch&lt;/a&gt;&lt;/p&gt;

&lt;p&gt;&lt;font color=&quot;red&quot;&gt;ERROR:&lt;/font&gt; -1 due to 3 failed/errored test(s), 8966 tests executed&lt;br/&gt;
&lt;b&gt;Failed tests:&lt;/b&gt;&lt;/p&gt;
&lt;div class=&quot;preformatted panel&quot; style=&quot;border-width: 1px;&quot;&gt;&lt;div class=&quot;preformattedContent panelContent&quot;&gt;
&lt;pre&gt;org.apache.hadoop.hive.cli.TestCliDriver.testCliDriver_index_auto_partitioned
org.apache.hadoop.hive.cli.TestEncryptedHDFSCliDriver.testCliDriver_encryption_insert_partition_static
org.apache.hadoop.hive.metastore.txn.TestCompactionTxnHandler.testRevokeTimedOutWorkers
&lt;/pre&gt;
&lt;/div&gt;&lt;/div&gt;

&lt;p&gt;Test results: &lt;a href=&quot;http://ec2-174-129-184-35.compute-1.amazonaws.com/jenkins/job/PreCommit-HIVE-TRUNK-Build/3956/testReport&quot; class=&quot;external-link&quot; target=&quot;_blank&quot; rel=&quot;nofollow noopener&quot;&gt;http://ec2-174-129-184-35.compute-1.amazonaws.com/jenkins/job/PreCommit-HIVE-TRUNK-Build/3956/testReport&lt;/a&gt;&lt;br/&gt;
Console output: &lt;a href=&quot;http://ec2-174-129-184-35.compute-1.amazonaws.com/jenkins/job/PreCommit-HIVE-TRUNK-Build/3956/console&quot; class=&quot;external-link&quot; target=&quot;_blank&quot; rel=&quot;nofollow noopener&quot;&gt;http://ec2-174-129-184-35.compute-1.amazonaws.com/jenkins/job/PreCommit-HIVE-TRUNK-Build/3956/console&lt;/a&gt;&lt;br/&gt;
Test logs: &lt;a href=&quot;http://ec2-174-129-184-35.compute-1.amazonaws.com/logs/PreCommit-HIVE-TRUNK-Build-3956/&quot; class=&quot;external-link&quot; target=&quot;_blank&quot; rel=&quot;nofollow noopener&quot;&gt;http://ec2-174-129-184-35.compute-1.amazonaws.com/logs/PreCommit-HIVE-TRUNK-Build-3956/&lt;/a&gt;&lt;/p&gt;

&lt;p&gt;Messages:&lt;/p&gt;
&lt;div class=&quot;preformatted panel&quot; style=&quot;border-width: 1px;&quot;&gt;&lt;div class=&quot;preformattedContent panelContent&quot;&gt;
&lt;pre&gt;Executing org.apache.hive.ptest.execution.PrepPhase
Executing org.apache.hive.ptest.execution.ExecutionPhase
Executing org.apache.hive.ptest.execution.ReportingPhase
Tests exited with: TestsFailedException: 3 tests failed
&lt;/pre&gt;
&lt;/div&gt;&lt;/div&gt;

&lt;p&gt;This message is automatically generated.&lt;/p&gt;

&lt;p&gt;ATTACHMENT ID: 12733979 - PreCommit-HIVE-TRUNK-Build&lt;/p&gt;</comment>
                            <comment id="14552313" author="jcamacho" created="Wed, 20 May 2015 13:28:04 +0000"  >&lt;p&gt;&lt;a href=&quot;https://issues.apache.org/jira/secure/ViewProfile.jspa?name=jpullokkaran&quot; class=&quot;user-hover&quot; rel=&quot;jpullokkaran&quot;&gt;jpullokkaran&lt;/a&gt;, could you review the patch? The changes in the q files are correct.&lt;/p&gt;

&lt;p&gt;I have logged &lt;a href=&quot;https://issues.apache.org/jira/browse/CALCITE-739&quot; title=&quot;Extend RexUtil.pullFactors to recognize additional common factors&quot; class=&quot;issue-link&quot; data-issue-key=&quot;CALCITE-739&quot;&gt;CALCITE-739&lt;/a&gt; to work on the elimination of redundant Filter predicates.&lt;/p&gt;</comment>
                            <comment id="14552630" author="jcamacho" created="Wed, 20 May 2015 16:39:49 +0000"  >&lt;p&gt;&lt;a href=&quot;https://issues.apache.org/jira/browse/HIVE-10770&quot; title=&quot;Recognize additional common factors in Filter predicates&quot; class=&quot;issue-link&quot; data-issue-key=&quot;HIVE-10770&quot;&gt;HIVE-10770&lt;/a&gt; in Hive.&lt;/p&gt;</comment>
                            <comment id="14552857" author="hiveqa" created="Wed, 20 May 2015 18:47:45 +0000"  >

&lt;p&gt;&lt;font color=&quot;green&quot;&gt;Overall&lt;/font&gt;: +1 all checks pass&lt;/p&gt;

&lt;p&gt;Here are the results of testing the latest attachment:&lt;br/&gt;
&lt;a href=&quot;https://issues.apache.org/jira/secure/attachment/12734102/HIVE-9069.08.patch&quot; class=&quot;external-link&quot; rel=&quot;nofollow&quot;&gt;https://issues.apache.org/jira/secure/attachment/12734102/HIVE-9069.08.patch&lt;/a&gt;&lt;/p&gt;

&lt;p&gt;&lt;font color=&quot;green&quot;&gt;SUCCESS:&lt;/font&gt; +1 8967 tests passed&lt;/p&gt;

&lt;p&gt;Test results: &lt;a href=&quot;http://ec2-174-129-184-35.compute-1.amazonaws.com/jenkins/job/PreCommit-HIVE-TRUNK-Build/3963/testReport&quot; class=&quot;external-link&quot; target=&quot;_blank&quot; rel=&quot;nofollow noopener&quot;&gt;http://ec2-174-129-184-35.compute-1.amazonaws.com/jenkins/job/PreCommit-HIVE-TRUNK-Build/3963/testReport&lt;/a&gt;&lt;br/&gt;
Console output: &lt;a href=&quot;http://ec2-174-129-184-35.compute-1.amazonaws.com/jenkins/job/PreCommit-HIVE-TRUNK-Build/3963/console&quot; class=&quot;external-link&quot; target=&quot;_blank&quot; rel=&quot;nofollow noopener&quot;&gt;http://ec2-174-129-184-35.compute-1.amazonaws.com/jenkins/job/PreCommit-HIVE-TRUNK-Build/3963/console&lt;/a&gt;&lt;br/&gt;
Test logs: &lt;a href=&quot;http://ec2-174-129-184-35.compute-1.amazonaws.com/logs/PreCommit-HIVE-TRUNK-Build-3963/&quot; class=&quot;external-link&quot; target=&quot;_blank&quot; rel=&quot;nofollow noopener&quot;&gt;http://ec2-174-129-184-35.compute-1.amazonaws.com/logs/PreCommit-HIVE-TRUNK-Build-3963/&lt;/a&gt;&lt;/p&gt;

&lt;p&gt;Messages:&lt;/p&gt;
&lt;div class=&quot;preformatted panel&quot; style=&quot;border-width: 1px;&quot;&gt;&lt;div class=&quot;preformattedContent panelContent&quot;&gt;
&lt;pre&gt;Executing org.apache.hive.ptest.execution.PrepPhase
Executing org.apache.hive.ptest.execution.ExecutionPhase
Executing org.apache.hive.ptest.execution.ReportingPhase
&lt;/pre&gt;
&lt;/div&gt;&lt;/div&gt;

&lt;p&gt;This message is automatically generated.&lt;/p&gt;

&lt;p&gt;ATTACHMENT ID: 12734102 - PreCommit-HIVE-TRUNK-Build&lt;/p&gt;</comment>
                            <comment id="14553515" author="jpullokkaran" created="Thu, 21 May 2015 02:09:16 +0000"  >&lt;p&gt;1. Step #3 in calcite planner seems like a mix of constant prop &amp;amp; common filter extraction (please adjust the comment)&lt;br/&gt;
2. We need to run common filter extraction after transitive inference. Transitive inference may add additional predicates.&lt;br/&gt;
   Ideally this should be added to transitive inference bucket so that it fires on new inferences and vice versa; but may be we need to be cautious about perf impact.&lt;br/&gt;
3. This optimization can be done only to Disjunction of Conjunctions. But the code seems to be not doing this or may be i am miss reading it.&lt;/p&gt;</comment>
                            <comment id="14553941" author="jcamacho" created="Thu, 21 May 2015 09:08:11 +0000"  >&lt;p&gt;&lt;a href=&quot;https://issues.apache.org/jira/secure/ViewProfile.jspa?name=jpullokkaran&quot; class=&quot;user-hover&quot; rel=&quot;jpullokkaran&quot;&gt;jpullokkaran&lt;/a&gt;, new patch addresses your comments (1 and 2).&lt;/p&gt;

&lt;p&gt;About 3, it can also be done to a disjunction in a conjunction. E.g. &quot;(a=5) and ((b=2 and c=1) or (b=4 and c=1))&quot;. We can duplicate and push down the filter on &apos;b&apos;.&lt;/p&gt;</comment>
                            <comment id="14554077" author="hiveqa" created="Thu, 21 May 2015 10:40:46 +0000"  >

&lt;p&gt;&lt;font color=&quot;red&quot;&gt;Overall&lt;/font&gt;: -1 at least one tests failed&lt;/p&gt;

&lt;p&gt;Here are the results of testing the latest attachment:&lt;br/&gt;
&lt;a href=&quot;https://issues.apache.org/jira/secure/attachment/12734381/HIVE-9069.09.patch&quot; class=&quot;external-link&quot; rel=&quot;nofollow&quot;&gt;https://issues.apache.org/jira/secure/attachment/12734381/HIVE-9069.09.patch&lt;/a&gt;&lt;/p&gt;

&lt;p&gt;&lt;font color=&quot;red&quot;&gt;ERROR:&lt;/font&gt; -1 due to 3 failed/errored test(s), 8968 tests executed&lt;br/&gt;
&lt;b&gt;Failed tests:&lt;/b&gt;&lt;/p&gt;
&lt;div class=&quot;preformatted panel&quot; style=&quot;border-width: 1px;&quot;&gt;&lt;div class=&quot;preformattedContent panelContent&quot;&gt;
&lt;pre&gt;org.apache.hadoop.hive.cli.TestCliDriver.testCliDriver_filter_cond_pushdown
org.apache.hadoop.hive.cli.TestCliDriver.testCliDriver_list_bucket_query_multiskew_2
org.apache.hadoop.hive.cli.TestCliDriver.testCliDriver_pcr
&lt;/pre&gt;
&lt;/div&gt;&lt;/div&gt;

&lt;p&gt;Test results: &lt;a href=&quot;http://ec2-174-129-184-35.compute-1.amazonaws.com/jenkins/job/PreCommit-HIVE-TRUNK-Build/3984/testReport&quot; class=&quot;external-link&quot; target=&quot;_blank&quot; rel=&quot;nofollow noopener&quot;&gt;http://ec2-174-129-184-35.compute-1.amazonaws.com/jenkins/job/PreCommit-HIVE-TRUNK-Build/3984/testReport&lt;/a&gt;&lt;br/&gt;
Console output: &lt;a href=&quot;http://ec2-174-129-184-35.compute-1.amazonaws.com/jenkins/job/PreCommit-HIVE-TRUNK-Build/3984/console&quot; class=&quot;external-link&quot; target=&quot;_blank&quot; rel=&quot;nofollow noopener&quot;&gt;http://ec2-174-129-184-35.compute-1.amazonaws.com/jenkins/job/PreCommit-HIVE-TRUNK-Build/3984/console&lt;/a&gt;&lt;br/&gt;
Test logs: &lt;a href=&quot;http://ec2-174-129-184-35.compute-1.amazonaws.com/logs/PreCommit-HIVE-TRUNK-Build-3984/&quot; class=&quot;external-link&quot; target=&quot;_blank&quot; rel=&quot;nofollow noopener&quot;&gt;http://ec2-174-129-184-35.compute-1.amazonaws.com/logs/PreCommit-HIVE-TRUNK-Build-3984/&lt;/a&gt;&lt;/p&gt;

&lt;p&gt;Messages:&lt;/p&gt;
&lt;div class=&quot;preformatted panel&quot; style=&quot;border-width: 1px;&quot;&gt;&lt;div class=&quot;preformattedContent panelContent&quot;&gt;
&lt;pre&gt;Executing org.apache.hive.ptest.execution.PrepPhase
Executing org.apache.hive.ptest.execution.ExecutionPhase
Executing org.apache.hive.ptest.execution.ReportingPhase
Tests exited with: TestsFailedException: 3 tests failed
&lt;/pre&gt;
&lt;/div&gt;&lt;/div&gt;

&lt;p&gt;This message is automatically generated.&lt;/p&gt;

&lt;p&gt;ATTACHMENT ID: 12734381 - PreCommit-HIVE-TRUNK-Build&lt;/p&gt;</comment>
                            <comment id="14554158" author="jcamacho" created="Thu, 21 May 2015 11:40:41 +0000"  >&lt;p&gt;&lt;a href=&quot;https://issues.apache.org/jira/secure/ViewProfile.jspa?name=jpullokkaran&quot; class=&quot;user-hover&quot; rel=&quot;jpullokkaran&quot;&gt;jpullokkaran&lt;/a&gt;, I have been thinking further about 2. I do not think that we need to run common filter extraction again, since the predicates that are introduced are just conjuncts. Could you give me an example of a query where this would be needed? Thanks&lt;/p&gt;</comment>
                            <comment id="14554295" author="hiveqa" created="Thu, 21 May 2015 13:50:54 +0000"  >

&lt;p&gt;&lt;font color=&quot;green&quot;&gt;Overall&lt;/font&gt;: +1 all checks pass&lt;/p&gt;

&lt;p&gt;Here are the results of testing the latest attachment:&lt;br/&gt;
&lt;a href=&quot;https://issues.apache.org/jira/secure/attachment/12734428/HIVE-9069.10.patch&quot; class=&quot;external-link&quot; rel=&quot;nofollow&quot;&gt;https://issues.apache.org/jira/secure/attachment/12734428/HIVE-9069.10.patch&lt;/a&gt;&lt;/p&gt;

&lt;p&gt;&lt;font color=&quot;green&quot;&gt;SUCCESS:&lt;/font&gt; +1 8968 tests passed&lt;/p&gt;

&lt;p&gt;Test results: &lt;a href=&quot;http://ec2-174-129-184-35.compute-1.amazonaws.com/jenkins/job/PreCommit-HIVE-TRUNK-Build/3986/testReport&quot; class=&quot;external-link&quot; target=&quot;_blank&quot; rel=&quot;nofollow noopener&quot;&gt;http://ec2-174-129-184-35.compute-1.amazonaws.com/jenkins/job/PreCommit-HIVE-TRUNK-Build/3986/testReport&lt;/a&gt;&lt;br/&gt;
Console output: &lt;a href=&quot;http://ec2-174-129-184-35.compute-1.amazonaws.com/jenkins/job/PreCommit-HIVE-TRUNK-Build/3986/console&quot; class=&quot;external-link&quot; target=&quot;_blank&quot; rel=&quot;nofollow noopener&quot;&gt;http://ec2-174-129-184-35.compute-1.amazonaws.com/jenkins/job/PreCommit-HIVE-TRUNK-Build/3986/console&lt;/a&gt;&lt;br/&gt;
Test logs: &lt;a href=&quot;http://ec2-174-129-184-35.compute-1.amazonaws.com/logs/PreCommit-HIVE-TRUNK-Build-3986/&quot; class=&quot;external-link&quot; target=&quot;_blank&quot; rel=&quot;nofollow noopener&quot;&gt;http://ec2-174-129-184-35.compute-1.amazonaws.com/logs/PreCommit-HIVE-TRUNK-Build-3986/&lt;/a&gt;&lt;/p&gt;

&lt;p&gt;Messages:&lt;/p&gt;
&lt;div class=&quot;preformatted panel&quot; style=&quot;border-width: 1px;&quot;&gt;&lt;div class=&quot;preformattedContent panelContent&quot;&gt;
&lt;pre&gt;Executing org.apache.hive.ptest.execution.PrepPhase
Executing org.apache.hive.ptest.execution.ExecutionPhase
Executing org.apache.hive.ptest.execution.ReportingPhase
&lt;/pre&gt;
&lt;/div&gt;&lt;/div&gt;

&lt;p&gt;This message is automatically generated.&lt;/p&gt;

&lt;p&gt;ATTACHMENT ID: 12734428 - PreCommit-HIVE-TRUNK-Build&lt;/p&gt;</comment>
                            <comment id="14554822" author="jpullokkaran" created="Thu, 21 May 2015 18:36:29 +0000"  >&lt;p&gt;w.r.t #2 The following query should explain the issue:&lt;br/&gt;
select t1.key from t1 join (select t2.key from t2 join (select * from t3 where c_int=1)t3 on t2.key=t3.c_int where ((t2.key=t3.key) and (t2.c_float + t3_cfloat &amp;gt; 2)) or ((t2.key=t3.key) and (t2.c_int + t3_cint &amp;gt; 2))) t4 on t1.key=t4.key&lt;br/&gt;
After transitive inference the filter should be &lt;br/&gt;
((t3.key=1) and (t2.c_float + t3_cfloat &amp;gt; 2)) or ((t3.key=1) and (t2.c_int + t3_cint &amp;gt; 2)). &lt;br/&gt;
From this we can extract (t3.key=1) and push it down.&lt;/p&gt;

&lt;p&gt;Also i think we might want to run &lt;br/&gt;
1. constant reduction after transitive inference&lt;br/&gt;
2. PPD&lt;/p&gt;

&lt;p&gt;Alternatively all of this should be in the same bucket so that one change triggers other rules. &lt;br/&gt;
i.e&lt;br/&gt;
  a. constant Reduction&lt;br/&gt;
  b. Predicate factorization&lt;br/&gt;
  c. PPD&lt;br/&gt;
  d. Transitive inference&lt;/p&gt;

&lt;p&gt;w.r.t #3&lt;br/&gt;
At the end we can pull filter only for the case where filter element is disjunction of conjunctions whether it is wrapped in an outer conjunction or not. But we shouldn&apos;t be doing this for disjunctions of disjunctions.&lt;/p&gt;</comment>
                            <comment id="14555954" author="jcamacho" created="Fri, 22 May 2015 10:34:50 +0000"  >&lt;p&gt;&lt;a href=&quot;https://issues.apache.org/jira/secure/ViewProfile.jspa?name=jpullokkaran&quot; class=&quot;user-hover&quot; rel=&quot;jpullokkaran&quot;&gt;jpullokkaran&lt;/a&gt;, I have addressed your comments in the last patch.&lt;/p&gt;
&lt;ul class=&quot;alternate&quot; type=&quot;square&quot;&gt;
	&lt;li&gt;w.r.t. #2: All the rules are in the same bucket now.&lt;/li&gt;
	&lt;li&gt;w.r.t. #3: I agree; we do not do it for disjunctions of disjunctions.&lt;/li&gt;
&lt;/ul&gt;
</comment>
                            <comment id="14557119" author="hiveqa" created="Sat, 23 May 2015 04:06:48 +0000"  >

&lt;p&gt;&lt;font color=&quot;red&quot;&gt;Overall&lt;/font&gt;: -1 at least one tests failed&lt;/p&gt;

&lt;p&gt;Here are the results of testing the latest attachment:&lt;br/&gt;
&lt;a href=&quot;https://issues.apache.org/jira/secure/attachment/12734791/HIVE-9069.11.patch&quot; class=&quot;external-link&quot; rel=&quot;nofollow&quot;&gt;https://issues.apache.org/jira/secure/attachment/12734791/HIVE-9069.11.patch&lt;/a&gt;&lt;/p&gt;

&lt;p&gt;&lt;font color=&quot;red&quot;&gt;ERROR:&lt;/font&gt; -1 due to 26 failed/errored test(s), 8971 tests executed&lt;br/&gt;
&lt;b&gt;Failed tests:&lt;/b&gt;&lt;/p&gt;
&lt;div class=&quot;preformatted panel&quot; style=&quot;border-width: 1px;&quot;&gt;&lt;div class=&quot;preformattedContent panelContent&quot;&gt;
&lt;pre&gt;org.apache.hadoop.hive.cli.TestCliDriver.testCliDriver_auto_join12
org.apache.hadoop.hive.cli.TestCliDriver.testCliDriver_auto_join16
org.apache.hadoop.hive.cli.TestCliDriver.testCliDriver_auto_join4
org.apache.hadoop.hive.cli.TestCliDriver.testCliDriver_auto_join5
org.apache.hadoop.hive.cli.TestCliDriver.testCliDriver_auto_join8
org.apache.hadoop.hive.cli.TestCliDriver.testCliDriver_join12
org.apache.hadoop.hive.cli.TestCliDriver.testCliDriver_louter_join_ppr
org.apache.hadoop.hive.cli.TestCliDriver.testCliDriver_ppd_gby_join
org.apache.hadoop.hive.cli.TestCliDriver.testCliDriver_ppd_join
org.apache.hadoop.hive.cli.TestCliDriver.testCliDriver_ppd_join2
org.apache.hadoop.hive.cli.TestCliDriver.testCliDriver_ppd_join3
org.apache.hadoop.hive.cli.TestCliDriver.testCliDriver_ppd_outer_join2
org.apache.hadoop.hive.cli.TestCliDriver.testCliDriver_ppd_outer_join3
org.apache.hadoop.hive.cli.TestCliDriver.testCliDriver_ppd_outer_join4
org.apache.hadoop.hive.cli.TestCliDriver.testCliDriver_ppd_udf_case
org.apache.hadoop.hive.cli.TestCliDriver.testCliDriver_router_join_ppr
org.apache.hadoop.hive.cli.TestCliDriver.testCliDriver_skewjoin
org.apache.hadoop.hive.cli.TestCliDriver.testCliDriver_subquery_notin
org.apache.hadoop.hive.cli.TestCliDriver.testCliDriver_subquery_views
org.apache.hadoop.hive.cli.TestMiniTezCliDriver.testCliDriver_skewjoin
org.apache.hadoop.hive.cli.TestSparkCliDriver.testCliDriver_auto_join12
org.apache.hadoop.hive.cli.TestSparkCliDriver.testCliDriver_join12
org.apache.hadoop.hive.cli.TestSparkCliDriver.testCliDriver_ppd_join2
org.apache.hadoop.hive.cli.TestSparkCliDriver.testCliDriver_ppd_join3
org.apache.hadoop.hive.cli.TestSparkCliDriver.testCliDriver_ppd_outer_join4
org.apache.hadoop.hive.cli.TestSparkCliDriver.testCliDriver_skewjoin
&lt;/pre&gt;
&lt;/div&gt;&lt;/div&gt;

&lt;p&gt;Test results: &lt;a href=&quot;http://ec2-174-129-184-35.compute-1.amazonaws.com/jenkins/job/PreCommit-HIVE-TRUNK-Build/4010/testReport&quot; class=&quot;external-link&quot; target=&quot;_blank&quot; rel=&quot;nofollow noopener&quot;&gt;http://ec2-174-129-184-35.compute-1.amazonaws.com/jenkins/job/PreCommit-HIVE-TRUNK-Build/4010/testReport&lt;/a&gt;&lt;br/&gt;
Console output: &lt;a href=&quot;http://ec2-174-129-184-35.compute-1.amazonaws.com/jenkins/job/PreCommit-HIVE-TRUNK-Build/4010/console&quot; class=&quot;external-link&quot; target=&quot;_blank&quot; rel=&quot;nofollow noopener&quot;&gt;http://ec2-174-129-184-35.compute-1.amazonaws.com/jenkins/job/PreCommit-HIVE-TRUNK-Build/4010/console&lt;/a&gt;&lt;br/&gt;
Test logs: &lt;a href=&quot;http://ec2-174-129-184-35.compute-1.amazonaws.com/logs/PreCommit-HIVE-TRUNK-Build-4010/&quot; class=&quot;external-link&quot; target=&quot;_blank&quot; rel=&quot;nofollow noopener&quot;&gt;http://ec2-174-129-184-35.compute-1.amazonaws.com/logs/PreCommit-HIVE-TRUNK-Build-4010/&lt;/a&gt;&lt;/p&gt;

&lt;p&gt;Messages:&lt;/p&gt;
&lt;div class=&quot;preformatted panel&quot; style=&quot;border-width: 1px;&quot;&gt;&lt;div class=&quot;preformattedContent panelContent&quot;&gt;
&lt;pre&gt;Executing org.apache.hive.ptest.execution.PrepPhase
Executing org.apache.hive.ptest.execution.ExecutionPhase
Executing org.apache.hive.ptest.execution.ReportingPhase
Tests exited with: TestsFailedException: 26 tests failed
&lt;/pre&gt;
&lt;/div&gt;&lt;/div&gt;

&lt;p&gt;This message is automatically generated.&lt;/p&gt;

&lt;p&gt;ATTACHMENT ID: 12734791 - PreCommit-HIVE-TRUNK-Build&lt;/p&gt;</comment>
                            <comment id="14557619" author="hiveqa" created="Sun, 24 May 2015 03:31:43 +0000"  >

&lt;p&gt;&lt;font color=&quot;red&quot;&gt;Overall&lt;/font&gt;: -1 at least one tests failed&lt;/p&gt;

&lt;p&gt;Here are the results of testing the latest attachment:&lt;br/&gt;
&lt;a href=&quot;https://issues.apache.org/jira/secure/attachment/12735036/HIVE-9069.12.patch&quot; class=&quot;external-link&quot; rel=&quot;nofollow&quot;&gt;https://issues.apache.org/jira/secure/attachment/12735036/HIVE-9069.12.patch&lt;/a&gt;&lt;/p&gt;

&lt;p&gt;&lt;font color=&quot;red&quot;&gt;ERROR:&lt;/font&gt; -1 due to 21 failed/errored test(s), 8969 tests executed&lt;br/&gt;
&lt;b&gt;Failed tests:&lt;/b&gt;&lt;/p&gt;
&lt;div class=&quot;preformatted panel&quot; style=&quot;border-width: 1px;&quot;&gt;&lt;div class=&quot;preformattedContent panelContent&quot;&gt;
&lt;pre&gt;TestContribNegativeCliDriver - did not produce a TEST-*.xml file
org.apache.hadoop.hive.cli.TestCliDriver.testCliDriver_cbo_rp_auto_join1
org.apache.hadoop.hive.cli.TestCliDriver.testCliDriver_explain_logical
org.apache.hadoop.hive.cli.TestCliDriver.testCliDriver_join8
org.apache.hadoop.hive.cli.TestCliDriver.testCliDriver_list_bucket_query_multiskew_2
org.apache.hadoop.hive.cli.TestCliDriver.testCliDriver_list_bucket_query_oneskew_2
org.apache.hadoop.hive.cli.TestCliDriver.testCliDriver_pcr
org.apache.hadoop.hive.cli.TestCliDriver.testCliDriver_ppd_gby
org.apache.hadoop.hive.cli.TestCliDriver.testCliDriver_ppd_gby2
org.apache.hadoop.hive.cli.TestCliDriver.testCliDriver_ppd_udf_col
org.apache.hadoop.hive.cli.TestCliDriver.testCliDriver_ppd_union
org.apache.hadoop.hive.cli.TestCliDriver.testCliDriver_ppd_vc
org.apache.hadoop.hive.cli.TestCliDriver.testCliDriver_subquery_notin_having
org.apache.hadoop.hive.cli.TestCliDriver.testCliDriver_subquery_unqualcolumnrefs
org.apache.hadoop.hive.cli.TestCliDriver.testCliDriver_udf_crc32
org.apache.hadoop.hive.cli.TestCliDriver.testCliDriver_udf_sha1
org.apache.hadoop.hive.cli.TestCliDriver.testCliDriver_vector_join30
org.apache.hadoop.hive.cli.TestMiniTezCliDriver.testCliDriver_explainuser_1
org.apache.hadoop.hive.cli.TestMiniTezCliDriver.testCliDriver_vector_null_projection
org.apache.hadoop.hive.metastore.txn.TestCompactionTxnHandler.testRevokeTimedOutWorkers
org.apache.hive.jdbc.TestSSL.testSSLFetchHttp
&lt;/pre&gt;
&lt;/div&gt;&lt;/div&gt;

&lt;p&gt;Test results: &lt;a href=&quot;http://ec2-174-129-184-35.compute-1.amazonaws.com/jenkins/job/PreCommit-HIVE-TRUNK-Build/4025/testReport&quot; class=&quot;external-link&quot; target=&quot;_blank&quot; rel=&quot;nofollow noopener&quot;&gt;http://ec2-174-129-184-35.compute-1.amazonaws.com/jenkins/job/PreCommit-HIVE-TRUNK-Build/4025/testReport&lt;/a&gt;&lt;br/&gt;
Console output: &lt;a href=&quot;http://ec2-174-129-184-35.compute-1.amazonaws.com/jenkins/job/PreCommit-HIVE-TRUNK-Build/4025/console&quot; class=&quot;external-link&quot; target=&quot;_blank&quot; rel=&quot;nofollow noopener&quot;&gt;http://ec2-174-129-184-35.compute-1.amazonaws.com/jenkins/job/PreCommit-HIVE-TRUNK-Build/4025/console&lt;/a&gt;&lt;br/&gt;
Test logs: &lt;a href=&quot;http://ec2-174-129-184-35.compute-1.amazonaws.com/logs/PreCommit-HIVE-TRUNK-Build-4025/&quot; class=&quot;external-link&quot; target=&quot;_blank&quot; rel=&quot;nofollow noopener&quot;&gt;http://ec2-174-129-184-35.compute-1.amazonaws.com/logs/PreCommit-HIVE-TRUNK-Build-4025/&lt;/a&gt;&lt;/p&gt;

&lt;p&gt;Messages:&lt;/p&gt;
&lt;div class=&quot;preformatted panel&quot; style=&quot;border-width: 1px;&quot;&gt;&lt;div class=&quot;preformattedContent panelContent&quot;&gt;
&lt;pre&gt;Executing org.apache.hive.ptest.execution.PrepPhase
Executing org.apache.hive.ptest.execution.ExecutionPhase
Executing org.apache.hive.ptest.execution.ReportingPhase
Tests exited with: TestsFailedException: 21 tests failed
&lt;/pre&gt;
&lt;/div&gt;&lt;/div&gt;

&lt;p&gt;This message is automatically generated.&lt;/p&gt;

&lt;p&gt;ATTACHMENT ID: 12735036 - PreCommit-HIVE-TRUNK-Build&lt;/p&gt;</comment>
                            <comment id="14557755" author="hiveqa" created="Sun, 24 May 2015 15:11:52 +0000"  >

&lt;p&gt;&lt;font color=&quot;red&quot;&gt;Overall&lt;/font&gt;: -1 at least one tests failed&lt;/p&gt;

&lt;p&gt;Here are the results of testing the latest attachment:&lt;br/&gt;
&lt;a href=&quot;https://issues.apache.org/jira/secure/attachment/12735066/HIVE-9069.13.patch&quot; class=&quot;external-link&quot; rel=&quot;nofollow&quot;&gt;https://issues.apache.org/jira/secure/attachment/12735066/HIVE-9069.13.patch&lt;/a&gt;&lt;/p&gt;

&lt;p&gt;&lt;font color=&quot;red&quot;&gt;ERROR:&lt;/font&gt; -1 due to 1 failed/errored test(s), 8974 tests executed&lt;br/&gt;
&lt;b&gt;Failed tests:&lt;/b&gt;&lt;/p&gt;
&lt;div class=&quot;preformatted panel&quot; style=&quot;border-width: 1px;&quot;&gt;&lt;div class=&quot;preformattedContent panelContent&quot;&gt;
&lt;pre&gt;org.apache.hadoop.hive.cli.TestCliDriver.testCliDriver_groupby3_map_multi_distinct
&lt;/pre&gt;
&lt;/div&gt;&lt;/div&gt;

&lt;p&gt;Test results: &lt;a href=&quot;http://ec2-174-129-184-35.compute-1.amazonaws.com/jenkins/job/PreCommit-HIVE-TRUNK-Build/4029/testReport&quot; class=&quot;external-link&quot; target=&quot;_blank&quot; rel=&quot;nofollow noopener&quot;&gt;http://ec2-174-129-184-35.compute-1.amazonaws.com/jenkins/job/PreCommit-HIVE-TRUNK-Build/4029/testReport&lt;/a&gt;&lt;br/&gt;
Console output: &lt;a href=&quot;http://ec2-174-129-184-35.compute-1.amazonaws.com/jenkins/job/PreCommit-HIVE-TRUNK-Build/4029/console&quot; class=&quot;external-link&quot; target=&quot;_blank&quot; rel=&quot;nofollow noopener&quot;&gt;http://ec2-174-129-184-35.compute-1.amazonaws.com/jenkins/job/PreCommit-HIVE-TRUNK-Build/4029/console&lt;/a&gt;&lt;br/&gt;
Test logs: &lt;a href=&quot;http://ec2-174-129-184-35.compute-1.amazonaws.com/logs/PreCommit-HIVE-TRUNK-Build-4029/&quot; class=&quot;external-link&quot; target=&quot;_blank&quot; rel=&quot;nofollow noopener&quot;&gt;http://ec2-174-129-184-35.compute-1.amazonaws.com/logs/PreCommit-HIVE-TRUNK-Build-4029/&lt;/a&gt;&lt;/p&gt;

&lt;p&gt;Messages:&lt;/p&gt;
&lt;div class=&quot;preformatted panel&quot; style=&quot;border-width: 1px;&quot;&gt;&lt;div class=&quot;preformattedContent panelContent&quot;&gt;
&lt;pre&gt;Executing org.apache.hive.ptest.execution.PrepPhase
Executing org.apache.hive.ptest.execution.ExecutionPhase
Executing org.apache.hive.ptest.execution.ReportingPhase
Tests exited with: TestsFailedException: 1 tests failed
&lt;/pre&gt;
&lt;/div&gt;&lt;/div&gt;

&lt;p&gt;This message is automatically generated.&lt;/p&gt;

&lt;p&gt;ATTACHMENT ID: 12735066 - PreCommit-HIVE-TRUNK-Build&lt;/p&gt;</comment>
                            <comment id="14559220" author="hiveqa" created="Tue, 26 May 2015 15:13:02 +0000"  >

&lt;p&gt;&lt;font color=&quot;red&quot;&gt;Overall&lt;/font&gt;: -1 at least one tests failed&lt;/p&gt;

&lt;p&gt;Here are the results of testing the latest attachment:&lt;br/&gt;
&lt;a href=&quot;https://issues.apache.org/jira/secure/attachment/12735298/HIVE-9069.14.patch&quot; class=&quot;external-link&quot; rel=&quot;nofollow&quot;&gt;https://issues.apache.org/jira/secure/attachment/12735298/HIVE-9069.14.patch&lt;/a&gt;&lt;/p&gt;

&lt;p&gt;&lt;font color=&quot;red&quot;&gt;ERROR:&lt;/font&gt; -1 due to 636 failed/errored test(s), 8974 tests executed&lt;br/&gt;
&lt;b&gt;Failed tests:&lt;/b&gt;&lt;/p&gt;
&lt;div class=&quot;preformatted panel&quot; style=&quot;border-width: 1px;&quot;&gt;&lt;div class=&quot;preformattedContent panelContent&quot;&gt;
&lt;pre&gt;org.apache.hadoop.hive.cli.TestCliDriver.testCliDriver_add_part_multiple
org.apache.hadoop.hive.cli.TestCliDriver.testCliDriver_alias_casted_column
org.apache.hadoop.hive.cli.TestCliDriver.testCliDriver_alter5
org.apache.hadoop.hive.cli.TestCliDriver.testCliDriver_alter_char1
org.apache.hadoop.hive.cli.TestCliDriver.testCliDriver_alter_numbuckets_partitioned_table2_h23
org.apache.hadoop.hive.cli.TestCliDriver.testCliDriver_alter_numbuckets_partitioned_table_h23
org.apache.hadoop.hive.cli.TestCliDriver.testCliDriver_alter_partition_coltype
org.apache.hadoop.hive.cli.TestCliDriver.testCliDriver_alter_partition_protect_mode
org.apache.hadoop.hive.cli.TestCliDriver.testCliDriver_alter_rename_partition
org.apache.hadoop.hive.cli.TestCliDriver.testCliDriver_alter_rename_partition_authorization
org.apache.hadoop.hive.cli.TestCliDriver.testCliDriver_alter_table_serde
org.apache.hadoop.hive.cli.TestCliDriver.testCliDriver_alter_table_serde2
org.apache.hadoop.hive.cli.TestCliDriver.testCliDriver_alter_varchar1
org.apache.hadoop.hive.cli.TestCliDriver.testCliDriver_authorization_1
org.apache.hadoop.hive.cli.TestCliDriver.testCliDriver_authorization_2
org.apache.hadoop.hive.cli.TestCliDriver.testCliDriver_authorization_3
org.apache.hadoop.hive.cli.TestCliDriver.testCliDriver_authorization_4
org.apache.hadoop.hive.cli.TestCliDriver.testCliDriver_authorization_5
org.apache.hadoop.hive.cli.TestCliDriver.testCliDriver_authorization_6
org.apache.hadoop.hive.cli.TestCliDriver.testCliDriver_authorization_9
org.apache.hadoop.hive.cli.TestCliDriver.testCliDriver_auto_join26
org.apache.hadoop.hive.cli.TestCliDriver.testCliDriver_auto_join_reordering_values
org.apache.hadoop.hive.cli.TestCliDriver.testCliDriver_auto_sortmerge_join_1
org.apache.hadoop.hive.cli.TestCliDriver.testCliDriver_auto_sortmerge_join_11
org.apache.hadoop.hive.cli.TestCliDriver.testCliDriver_auto_sortmerge_join_12
org.apache.hadoop.hive.cli.TestCliDriver.testCliDriver_auto_sortmerge_join_2
org.apache.hadoop.hive.cli.TestCliDriver.testCliDriver_auto_sortmerge_join_3
org.apache.hadoop.hive.cli.TestCliDriver.testCliDriver_auto_sortmerge_join_4
org.apache.hadoop.hive.cli.TestCliDriver.testCliDriver_auto_sortmerge_join_5
org.apache.hadoop.hive.cli.TestCliDriver.testCliDriver_auto_sortmerge_join_7
org.apache.hadoop.hive.cli.TestCliDriver.testCliDriver_avro_add_column
org.apache.hadoop.hive.cli.TestCliDriver.testCliDriver_avro_add_column2
org.apache.hadoop.hive.cli.TestCliDriver.testCliDriver_avro_add_column3
org.apache.hadoop.hive.cli.TestCliDriver.testCliDriver_avro_change_schema
org.apache.hadoop.hive.cli.TestCliDriver.testCliDriver_avro_comments
org.apache.hadoop.hive.cli.TestCliDriver.testCliDriver_avro_compression_enabled
org.apache.hadoop.hive.cli.TestCliDriver.testCliDriver_avro_compression_enabled_native
org.apache.hadoop.hive.cli.TestCliDriver.testCliDriver_avro_date
org.apache.hadoop.hive.cli.TestCliDriver.testCliDriver_avro_deserialize_map_null
org.apache.hadoop.hive.cli.TestCliDriver.testCliDriver_avro_evolved_schemas
org.apache.hadoop.hive.cli.TestCliDriver.testCliDriver_avro_joins
org.apache.hadoop.hive.cli.TestCliDriver.testCliDriver_avro_joins_native
org.apache.hadoop.hive.cli.TestCliDriver.testCliDriver_avro_native
org.apache.hadoop.hive.cli.TestCliDriver.testCliDriver_avro_nullable_fields
org.apache.hadoop.hive.cli.TestCliDriver.testCliDriver_avro_partitioned
org.apache.hadoop.hive.cli.TestCliDriver.testCliDriver_avro_partitioned_native
org.apache.hadoop.hive.cli.TestCliDriver.testCliDriver_avro_sanity_test
org.apache.hadoop.hive.cli.TestCliDriver.testCliDriver_avro_schema_evolution_native
org.apache.hadoop.hive.cli.TestCliDriver.testCliDriver_avro_timestamp
org.apache.hadoop.hive.cli.TestCliDriver.testCliDriver_avro_type_evolution
org.apache.hadoop.hive.cli.TestCliDriver.testCliDriver_ba_table1
org.apache.hadoop.hive.cli.TestCliDriver.testCliDriver_ba_table2
org.apache.hadoop.hive.cli.TestCliDriver.testCliDriver_ba_table_udfs
org.apache.hadoop.hive.cli.TestCliDriver.testCliDriver_binary_output_format
org.apache.hadoop.hive.cli.TestCliDriver.testCliDriver_bucketcontext_1
org.apache.hadoop.hive.cli.TestCliDriver.testCliDriver_bucketcontext_2
org.apache.hadoop.hive.cli.TestCliDriver.testCliDriver_bucketcontext_3
org.apache.hadoop.hive.cli.TestCliDriver.testCliDriver_bucketcontext_4
org.apache.hadoop.hive.cli.TestCliDriver.testCliDriver_bucketcontext_5
org.apache.hadoop.hive.cli.TestCliDriver.testCliDriver_bucketcontext_6
org.apache.hadoop.hive.cli.TestCliDriver.testCliDriver_bucketcontext_7
org.apache.hadoop.hive.cli.TestCliDriver.testCliDriver_bucketcontext_8
org.apache.hadoop.hive.cli.TestCliDriver.testCliDriver_char_1
org.apache.hadoop.hive.cli.TestCliDriver.testCliDriver_char_join1
org.apache.hadoop.hive.cli.TestCliDriver.testCliDriver_columnarserde_create_shortcut
org.apache.hadoop.hive.cli.TestCliDriver.testCliDriver_columnstats_part_coltype
org.apache.hadoop.hive.cli.TestCliDriver.testCliDriver_constantPropagateForSubQuery
org.apache.hadoop.hive.cli.TestCliDriver.testCliDriver_convert_enum_to_string
org.apache.hadoop.hive.cli.TestCliDriver.testCliDriver_correlationoptimizer9
org.apache.hadoop.hive.cli.TestCliDriver.testCliDriver_count
org.apache.hadoop.hive.cli.TestCliDriver.testCliDriver_create_like2
org.apache.hadoop.hive.cli.TestCliDriver.testCliDriver_create_like_tbl_props
org.apache.hadoop.hive.cli.TestCliDriver.testCliDriver_create_like_view
org.apache.hadoop.hive.cli.TestCliDriver.testCliDriver_cross_join
org.apache.hadoop.hive.cli.TestCliDriver.testCliDriver_ctas
org.apache.hadoop.hive.cli.TestCliDriver.testCliDriver_ctas_colname
org.apache.hadoop.hive.cli.TestCliDriver.testCliDriver_custom_input_output_format
org.apache.hadoop.hive.cli.TestCliDriver.testCliDriver_database_drop
org.apache.hadoop.hive.cli.TestCliDriver.testCliDriver_decimal_join
org.apache.hadoop.hive.cli.TestCliDriver.testCliDriver_describe_comment_indent
org.apache.hadoop.hive.cli.TestCliDriver.testCliDriver_describe_comment_nonascii
org.apache.hadoop.hive.cli.TestCliDriver.testCliDriver_describe_pretty
org.apache.hadoop.hive.cli.TestCliDriver.testCliDriver_describe_xpath
org.apache.hadoop.hive.cli.TestCliDriver.testCliDriver_diff_part_input_formats
org.apache.hadoop.hive.cli.TestCliDriver.testCliDriver_drop_database_removes_partition_dirs
org.apache.hadoop.hive.cli.TestCliDriver.testCliDriver_drop_index_removes_partition_dirs
org.apache.hadoop.hive.cli.TestCliDriver.testCliDriver_drop_partition_with_stats
org.apache.hadoop.hive.cli.TestCliDriver.testCliDriver_drop_table_removes_partition_dirs
org.apache.hadoop.hive.cli.TestCliDriver.testCliDriver_drop_table_with_stats
org.apache.hadoop.hive.cli.TestCliDriver.testCliDriver_escape3
org.apache.hadoop.hive.cli.TestCliDriver.testCliDriver_escape_clusterby1
org.apache.hadoop.hive.cli.TestCliDriver.testCliDriver_escape_distributeby1
org.apache.hadoop.hive.cli.TestCliDriver.testCliDriver_escape_orderby1
org.apache.hadoop.hive.cli.TestCliDriver.testCliDriver_escape_sortby1
org.apache.hadoop.hive.cli.TestCliDriver.testCliDriver_explain_dependency
org.apache.hadoop.hive.cli.TestCliDriver.testCliDriver_explain_dependency2
org.apache.hadoop.hive.cli.TestCliDriver.testCliDriver_explain_logical
org.apache.hadoop.hive.cli.TestCliDriver.testCliDriver_explain_rearrange
org.apache.hadoop.hive.cli.TestCliDriver.testCliDriver_filter_join_breaktask
org.apache.hadoop.hive.cli.TestCliDriver.testCliDriver_groupby9
org.apache.hadoop.hive.cli.TestCliDriver.testCliDriver_groupby_complex_types
org.apache.hadoop.hive.cli.TestCliDriver.testCliDriver_groupby_distinct_samekey
org.apache.hadoop.hive.cli.TestCliDriver.testCliDriver_groupby_grouping_sets3
org.apache.hadoop.hive.cli.TestCliDriver.testCliDriver_groupby_multi_single_reducer3
org.apache.hadoop.hive.cli.TestCliDriver.testCliDriver_groupby_ppd
org.apache.hadoop.hive.cli.TestCliDriver.testCliDriver_having
org.apache.hadoop.hive.cli.TestCliDriver.testCliDriver_index_auto
org.apache.hadoop.hive.cli.TestCliDriver.testCliDriver_index_auto_empty
org.apache.hadoop.hive.cli.TestCliDriver.testCliDriver_index_auto_mult_tables
org.apache.hadoop.hive.cli.TestCliDriver.testCliDriver_index_auto_mult_tables_compact
org.apache.hadoop.hive.cli.TestCliDriver.testCliDriver_index_auto_self_join
org.apache.hadoop.hive.cli.TestCliDriver.testCliDriver_index_auto_update
org.apache.hadoop.hive.cli.TestCliDriver.testCliDriver_index_skewtable
org.apache.hadoop.hive.cli.TestCliDriver.testCliDriver_init_file
org.apache.hadoop.hive.cli.TestCliDriver.testCliDriver_input11_limit
org.apache.hadoop.hive.cli.TestCliDriver.testCliDriver_input16
org.apache.hadoop.hive.cli.TestCliDriver.testCliDriver_input1_limit
org.apache.hadoop.hive.cli.TestCliDriver.testCliDriver_input39
org.apache.hadoop.hive.cli.TestCliDriver.testCliDriver_input4
org.apache.hadoop.hive.cli.TestCliDriver.testCliDriver_input40
org.apache.hadoop.hive.cli.TestCliDriver.testCliDriver_input42
org.apache.hadoop.hive.cli.TestCliDriver.testCliDriver_input_lazyserde
org.apache.hadoop.hive.cli.TestCliDriver.testCliDriver_input_part10
org.apache.hadoop.hive.cli.TestCliDriver.testCliDriver_input_part9
org.apache.hadoop.hive.cli.TestCliDriver.testCliDriver_inputddl4
org.apache.hadoop.hive.cli.TestCliDriver.testCliDriver_inputddl5
org.apache.hadoop.hive.cli.TestCliDriver.testCliDriver_inputddl6
org.apache.hadoop.hive.cli.TestCliDriver.testCliDriver_inputddl7
org.apache.hadoop.hive.cli.TestCliDriver.testCliDriver_insert1
org.apache.hadoop.hive.cli.TestCliDriver.testCliDriver_insert_into_with_schema
org.apache.hadoop.hive.cli.TestCliDriver.testCliDriver_interval_2
org.apache.hadoop.hive.cli.TestCliDriver.testCliDriver_interval_3
org.apache.hadoop.hive.cli.TestCliDriver.testCliDriver_join0
org.apache.hadoop.hive.cli.TestCliDriver.testCliDriver_join10
org.apache.hadoop.hive.cli.TestCliDriver.testCliDriver_join11
org.apache.hadoop.hive.cli.TestCliDriver.testCliDriver_join12
org.apache.hadoop.hive.cli.TestCliDriver.testCliDriver_join13
org.apache.hadoop.hive.cli.TestCliDriver.testCliDriver_join14
org.apache.hadoop.hive.cli.TestCliDriver.testCliDriver_join15
org.apache.hadoop.hive.cli.TestCliDriver.testCliDriver_join17
org.apache.hadoop.hive.cli.TestCliDriver.testCliDriver_join18
org.apache.hadoop.hive.cli.TestCliDriver.testCliDriver_join18_multi_distinct
org.apache.hadoop.hive.cli.TestCliDriver.testCliDriver_join19
org.apache.hadoop.hive.cli.TestCliDriver.testCliDriver_join2
org.apache.hadoop.hive.cli.TestCliDriver.testCliDriver_join20
org.apache.hadoop.hive.cli.TestCliDriver.testCliDriver_join21
org.apache.hadoop.hive.cli.TestCliDriver.testCliDriver_join23
org.apache.hadoop.hive.cli.TestCliDriver.testCliDriver_join25
org.apache.hadoop.hive.cli.TestCliDriver.testCliDriver_join26
org.apache.hadoop.hive.cli.TestCliDriver.testCliDriver_join27
org.apache.hadoop.hive.cli.TestCliDriver.testCliDriver_join28
org.apache.hadoop.hive.cli.TestCliDriver.testCliDriver_join29
org.apache.hadoop.hive.cli.TestCliDriver.testCliDriver_join3
org.apache.hadoop.hive.cli.TestCliDriver.testCliDriver_join30
org.apache.hadoop.hive.cli.TestCliDriver.testCliDriver_join31
org.apache.hadoop.hive.cli.TestCliDriver.testCliDriver_join32
org.apache.hadoop.hive.cli.TestCliDriver.testCliDriver_join32_lessSize
org.apache.hadoop.hive.cli.TestCliDriver.testCliDriver_join33
org.apache.hadoop.hive.cli.TestCliDriver.testCliDriver_join34
org.apache.hadoop.hive.cli.TestCliDriver.testCliDriver_join35
org.apache.hadoop.hive.cli.TestCliDriver.testCliDriver_join36
org.apache.hadoop.hive.cli.TestCliDriver.testCliDriver_join37
org.apache.hadoop.hive.cli.TestCliDriver.testCliDriver_join39
org.apache.hadoop.hive.cli.TestCliDriver.testCliDriver_join4
org.apache.hadoop.hive.cli.TestCliDriver.testCliDriver_join5
org.apache.hadoop.hive.cli.TestCliDriver.testCliDriver_join8
org.apache.hadoop.hive.cli.TestCliDriver.testCliDriver_join9
org.apache.hadoop.hive.cli.TestCliDriver.testCliDriver_join_1to1
org.apache.hadoop.hive.cli.TestCliDriver.testCliDriver_join_casesensitive
org.apache.hadoop.hive.cli.TestCliDriver.testCliDriver_join_filters
org.apache.hadoop.hive.cli.TestCliDriver.testCliDriver_join_filters_overlap
org.apache.hadoop.hive.cli.TestCliDriver.testCliDriver_join_literals
org.apache.hadoop.hive.cli.TestCliDriver.testCliDriver_join_map_ppr
org.apache.hadoop.hive.cli.TestCliDriver.testCliDriver_join_nulls
org.apache.hadoop.hive.cli.TestCliDriver.testCliDriver_join_nullsafe
org.apache.hadoop.hive.cli.TestCliDriver.testCliDriver_join_on_varchar
org.apache.hadoop.hive.cli.TestCliDriver.testCliDriver_join_rc
org.apache.hadoop.hive.cli.TestCliDriver.testCliDriver_join_thrift
org.apache.hadoop.hive.cli.TestCliDriver.testCliDriver_join_vc
org.apache.hadoop.hive.cli.TestCliDriver.testCliDriver_keyword_1
org.apache.hadoop.hive.cli.TestCliDriver.testCliDriver_lateral_view_cp
org.apache.hadoop.hive.cli.TestCliDriver.testCliDriver_lateral_view_outer
org.apache.hadoop.hive.cli.TestCliDriver.testCliDriver_leadlag
org.apache.hadoop.hive.cli.TestCliDriver.testCliDriver_leadlag_queries
org.apache.hadoop.hive.cli.TestCliDriver.testCliDriver_leftsemijoin
org.apache.hadoop.hive.cli.TestCliDriver.testCliDriver_load_dyn_part1
org.apache.hadoop.hive.cli.TestCliDriver.testCliDriver_load_dyn_part10
org.apache.hadoop.hive.cli.TestCliDriver.testCliDriver_load_dyn_part14
org.apache.hadoop.hive.cli.TestCliDriver.testCliDriver_load_dyn_part2
org.apache.hadoop.hive.cli.TestCliDriver.testCliDriver_load_dyn_part3
org.apache.hadoop.hive.cli.TestCliDriver.testCliDriver_load_dyn_part4
org.apache.hadoop.hive.cli.TestCliDriver.testCliDriver_load_dyn_part8
org.apache.hadoop.hive.cli.TestCliDriver.testCliDriver_load_dyn_part9
org.apache.hadoop.hive.cli.TestCliDriver.testCliDriver_load_file_with_space_in_the_name
org.apache.hadoop.hive.cli.TestCliDriver.testCliDriver_load_fs_overwrite
org.apache.hadoop.hive.cli.TestCliDriver.testCliDriver_merge_dynamic_partition4
org.apache.hadoop.hive.cli.TestCliDriver.testCliDriver_merge_dynamic_partition5
org.apache.hadoop.hive.cli.TestCliDriver.testCliDriver_mergejoins_mixed
org.apache.hadoop.hive.cli.TestCliDriver.testCliDriver_multi_insert
org.apache.hadoop.hive.cli.TestCliDriver.testCliDriver_multi_insert_gby
org.apache.hadoop.hive.cli.TestCliDriver.testCliDriver_multi_insert_gby2
org.apache.hadoop.hive.cli.TestCliDriver.testCliDriver_multi_insert_gby3
org.apache.hadoop.hive.cli.TestCliDriver.testCliDriver_multi_insert_lateral_view
org.apache.hadoop.hive.cli.TestCliDriver.testCliDriver_nomore_ambiguous_table_col
org.apache.hadoop.hive.cli.TestCliDriver.testCliDriver_nonblock_op_deduplicate
org.apache.hadoop.hive.cli.TestCliDriver.testCliDriver_nullformat
org.apache.hadoop.hive.cli.TestCliDriver.testCliDriver_nullformatCTAS
org.apache.hadoop.hive.cli.TestCliDriver.testCliDriver_nullformatdir
org.apache.hadoop.hive.cli.TestCliDriver.testCliDriver_orc_create
org.apache.hadoop.hive.cli.TestCliDriver.testCliDriver_orc_diff_part_cols
org.apache.hadoop.hive.cli.TestCliDriver.testCliDriver_orc_diff_part_cols2
org.apache.hadoop.hive.cli.TestCliDriver.testCliDriver_orc_empty_strings
org.apache.hadoop.hive.cli.TestCliDriver.testCliDriver_orc_merge5
org.apache.hadoop.hive.cli.TestCliDriver.testCliDriver_orc_merge6
org.apache.hadoop.hive.cli.TestCliDriver.testCliDriver_orc_merge7
org.apache.hadoop.hive.cli.TestCliDriver.testCliDriver_orc_merge_incompat1
org.apache.hadoop.hive.cli.TestCliDriver.testCliDriver_orc_merge_incompat2
org.apache.hadoop.hive.cli.TestCliDriver.testCliDriver_orc_predicate_pushdown
org.apache.hadoop.hive.cli.TestCliDriver.testCliDriver_orc_split_elimination
org.apache.hadoop.hive.cli.TestCliDriver.testCliDriver_orc_vectorization_ppd
org.apache.hadoop.hive.cli.TestCliDriver.testCliDriver_parquet_array_of_multi_field_struct
org.apache.hadoop.hive.cli.TestCliDriver.testCliDriver_parquet_array_of_optional_elements
org.apache.hadoop.hive.cli.TestCliDriver.testCliDriver_parquet_array_of_required_elements
org.apache.hadoop.hive.cli.TestCliDriver.testCliDriver_parquet_array_of_single_field_struct
org.apache.hadoop.hive.cli.TestCliDriver.testCliDriver_parquet_array_of_structs
org.apache.hadoop.hive.cli.TestCliDriver.testCliDriver_parquet_array_of_unannotated_groups
org.apache.hadoop.hive.cli.TestCliDriver.testCliDriver_parquet_array_of_unannotated_primitives
org.apache.hadoop.hive.cli.TestCliDriver.testCliDriver_parquet_avro_array_of_primitives
org.apache.hadoop.hive.cli.TestCliDriver.testCliDriver_parquet_avro_array_of_single_field_struct
org.apache.hadoop.hive.cli.TestCliDriver.testCliDriver_parquet_map_null
org.apache.hadoop.hive.cli.TestCliDriver.testCliDriver_parquet_map_of_arrays_of_ints
org.apache.hadoop.hive.cli.TestCliDriver.testCliDriver_parquet_map_of_maps
org.apache.hadoop.hive.cli.TestCliDriver.testCliDriver_parquet_nested_complex
org.apache.hadoop.hive.cli.TestCliDriver.testCliDriver_parquet_read_backward_compatible_files
org.apache.hadoop.hive.cli.TestCliDriver.testCliDriver_parquet_schema_evolution
org.apache.hadoop.hive.cli.TestCliDriver.testCliDriver_parquet_table_with_subschema
org.apache.hadoop.hive.cli.TestCliDriver.testCliDriver_parquet_thrift_array_of_primitives
org.apache.hadoop.hive.cli.TestCliDriver.testCliDriver_parquet_thrift_array_of_single_field_struct
org.apache.hadoop.hive.cli.TestCliDriver.testCliDriver_partition_boolexpr
org.apache.hadoop.hive.cli.TestCliDriver.testCliDriver_partition_type_in_plan
org.apache.hadoop.hive.cli.TestCliDriver.testCliDriver_partition_wise_fileformat17
org.apache.hadoop.hive.cli.TestCliDriver.testCliDriver_partition_wise_fileformat18
org.apache.hadoop.hive.cli.TestCliDriver.testCliDriver_partition_wise_fileformat2
org.apache.hadoop.hive.cli.TestCliDriver.testCliDriver_plan_json
org.apache.hadoop.hive.cli.TestCliDriver.testCliDriver_ppd_constant_where
org.apache.hadoop.hive.cli.TestCliDriver.testCliDriver_ppd_union_view
org.apache.hadoop.hive.cli.TestCliDriver.testCliDriver_ppd_vc
org.apache.hadoop.hive.cli.TestCliDriver.testCliDriver_protectmode
org.apache.hadoop.hive.cli.TestCliDriver.testCliDriver_ptf
org.apache.hadoop.hive.cli.TestCliDriver.testCliDriver_ptf_decimal
org.apache.hadoop.hive.cli.TestCliDriver.testCliDriver_ptf_general_queries
org.apache.hadoop.hive.cli.TestCliDriver.testCliDriver_ptf_streaming
org.apache.hadoop.hive.cli.TestCliDriver.testCliDriver_rand_partitionpruner1
org.apache.hadoop.hive.cli.TestCliDriver.testCliDriver_rand_partitionpruner2
org.apache.hadoop.hive.cli.TestCliDriver.testCliDriver_recursive_dir
org.apache.hadoop.hive.cli.TestCliDriver.testCliDriver_rename_partition_location
org.apache.hadoop.hive.cli.TestCliDriver.testCliDriver_rename_table_location
org.apache.hadoop.hive.cli.TestCliDriver.testCliDriver_sample3
org.apache.hadoop.hive.cli.TestCliDriver.testCliDriver_sample8
org.apache.hadoop.hive.cli.TestCliDriver.testCliDriver_script_env_var1
org.apache.hadoop.hive.cli.TestCliDriver.testCliDriver_semicolon
org.apache.hadoop.hive.cli.TestCliDriver.testCliDriver_semijoin
org.apache.hadoop.hive.cli.TestCliDriver.testCliDriver_serde_user_properties
org.apache.hadoop.hive.cli.TestCliDriver.testCliDriver_show_create_table_alter
org.apache.hadoop.hive.cli.TestCliDriver.testCliDriver_show_create_table_db_table
org.apache.hadoop.hive.cli.TestCliDriver.testCliDriver_show_create_table_delimited
org.apache.hadoop.hive.cli.TestCliDriver.testCliDriver_show_create_table_partitioned
org.apache.hadoop.hive.cli.TestCliDriver.testCliDriver_show_create_table_serde
org.apache.hadoop.hive.cli.TestCliDriver.testCliDriver_show_create_table_view
org.apache.hadoop.hive.cli.TestCliDriver.testCliDriver_smb_mapjoin_3
org.apache.hadoop.hive.cli.TestCliDriver.testCliDriver_sort
org.apache.hadoop.hive.cli.TestCliDriver.testCliDriver_stats_aggregator_error_1
org.apache.hadoop.hive.cli.TestCliDriver.testCliDriver_stats_empty_dyn_part
org.apache.hadoop.hive.cli.TestCliDriver.testCliDriver_stats_empty_partition
org.apache.hadoop.hive.cli.TestCliDriver.testCliDriver_stats_publisher_error_1
org.apache.hadoop.hive.cli.TestCliDriver.testCliDriver_subquery_exists
org.apache.hadoop.hive.cli.TestCliDriver.testCliDriver_subquery_in
org.apache.hadoop.hive.cli.TestCliDriver.testCliDriver_subquery_in_having
org.apache.hadoop.hive.cli.TestCliDriver.testCliDriver_subquery_notin
org.apache.hadoop.hive.cli.TestCliDriver.testCliDriver_subquery_notin_having
org.apache.hadoop.hive.cli.TestCliDriver.testCliDriver_subquery_views
org.apache.hadoop.hive.cli.TestCliDriver.testCliDriver_temp_table_display_colstats_tbllvl
org.apache.hadoop.hive.cli.TestCliDriver.testCliDriver_temp_table_join1
org.apache.hadoop.hive.cli.TestCliDriver.testCliDriver_temp_table_options1
org.apache.hadoop.hive.cli.TestCliDriver.testCliDriver_timestamp_comparison2
org.apache.hadoop.hive.cli.TestCliDriver.testCliDriver_transform2
org.apache.hadoop.hive.cli.TestCliDriver.testCliDriver_truncate_column
org.apache.hadoop.hive.cli.TestCliDriver.testCliDriver_truncate_column_merge
org.apache.hadoop.hive.cli.TestCliDriver.testCliDriver_udaf_histogram_numeric
org.apache.hadoop.hive.cli.TestCliDriver.testCliDriver_udaf_percentile_approx_23
org.apache.hadoop.hive.cli.TestCliDriver.testCliDriver_udaf_sum_list
org.apache.hadoop.hive.cli.TestCliDriver.testCliDriver_udf_substring
org.apache.hadoop.hive.cli.TestCliDriver.testCliDriver_unicode_notation
org.apache.hadoop.hive.cli.TestCliDriver.testCliDriver_union
org.apache.hadoop.hive.cli.TestCliDriver.testCliDriver_union13
org.apache.hadoop.hive.cli.TestCliDriver.testCliDriver_union16
org.apache.hadoop.hive.cli.TestCliDriver.testCliDriver_union19
org.apache.hadoop.hive.cli.TestCliDriver.testCliDriver_union2
org.apache.hadoop.hive.cli.TestCliDriver.testCliDriver_union20
org.apache.hadoop.hive.cli.TestCliDriver.testCliDriver_union21
org.apache.hadoop.hive.cli.TestCliDriver.testCliDriver_union22
org.apache.hadoop.hive.cli.TestCliDriver.testCliDriver_union24
org.apache.hadoop.hive.cli.TestCliDriver.testCliDriver_union26
org.apache.hadoop.hive.cli.TestCliDriver.testCliDriver_union27
org.apache.hadoop.hive.cli.TestCliDriver.testCliDriver_union3
org.apache.hadoop.hive.cli.TestCliDriver.testCliDriver_union31
org.apache.hadoop.hive.cli.TestCliDriver.testCliDriver_union32
org.apache.hadoop.hive.cli.TestCliDriver.testCliDriver_union8
org.apache.hadoop.hive.cli.TestCliDriver.testCliDriver_union9
org.apache.hadoop.hive.cli.TestCliDriver.testCliDriver_unionDistinct_1
org.apache.hadoop.hive.cli.TestCliDriver.testCliDriver_union_date
org.apache.hadoop.hive.cli.TestCliDriver.testCliDriver_union_null
org.apache.hadoop.hive.cli.TestCliDriver.testCliDriver_union_ppr
org.apache.hadoop.hive.cli.TestCliDriver.testCliDriver_union_top_level
org.apache.hadoop.hive.cli.TestCliDriver.testCliDriver_vectorization_7
org.apache.hadoop.hive.cli.TestCliDriver.testCliDriver_vectorized_rcfile_columnar
org.apache.hadoop.hive.cli.TestCliDriver.testCliDriver_vectorized_timestamp_funcs
org.apache.hadoop.hive.cli.TestCliDriver.testCliDriver_view_inputs
org.apache.hadoop.hive.cli.TestCliDriver.testCliDriver_windowing_columnPruning
org.apache.hadoop.hive.cli.TestCliDriver.testCliDriver_windowing_udaf2
org.apache.hadoop.hive.cli.TestContribCliDriver.testCliDriver_udf_row_sequence
org.apache.hadoop.hive.cli.TestContribNegativeCliDriver.testNegativeCliDriver_invalid_row_sequence
org.apache.hadoop.hive.cli.TestEncryptedHDFSCliDriver.testCliDriver_encryption_insert_values
org.apache.hadoop.hive.cli.TestEncryptedHDFSCliDriver.testCliDriver_encryption_join_unencrypted_tbl
org.apache.hadoop.hive.cli.TestEncryptedHDFSCliDriver.testCliDriver_encryption_join_with_different_encryption_keys
org.apache.hadoop.hive.cli.TestEncryptedHDFSCliDriver.testCliDriver_encryption_select_read_only_encrypted_tbl
org.apache.hadoop.hive.cli.TestEncryptedHDFSCliDriver.testCliDriver_encryption_select_read_only_unencrypted_tbl
org.apache.hadoop.hive.cli.TestEncryptedHDFSCliDriver.testCliDriver_encryption_unencrypted_nonhdfs_external_tables
org.apache.hadoop.hive.cli.TestHBaseCliDriver.testCliDriver_hbase_handler_bulk
org.apache.hadoop.hive.cli.TestHBaseCliDriver.testCliDriver_hbase_ppd_join
org.apache.hadoop.hive.cli.TestHBaseCliDriver.testCliDriver_hbase_single_sourced_multi_insert
org.apache.hadoop.hive.cli.TestHBaseCliDriver.testCliDriver_hbase_stats_empty_partition
org.apache.hadoop.hive.cli.TestHBaseNegativeCliDriver.testCliDriver_generatehfiles_require_family_path
org.apache.hadoop.hive.cli.TestMiniSparkOnYarnCliDriver.testCliDriver_load_fs2
org.apache.hadoop.hive.cli.TestMiniSparkOnYarnCliDriver.testCliDriver_truncate_column_buckets
org.apache.hadoop.hive.cli.TestMiniTezCliDriver.testCliDriver_auto_sortmerge_join_1
org.apache.hadoop.hive.cli.TestMiniTezCliDriver.testCliDriver_auto_sortmerge_join_11
org.apache.hadoop.hive.cli.TestMiniTezCliDriver.testCliDriver_auto_sortmerge_join_12
org.apache.hadoop.hive.cli.TestMiniTezCliDriver.testCliDriver_auto_sortmerge_join_2
org.apache.hadoop.hive.cli.TestMiniTezCliDriver.testCliDriver_auto_sortmerge_join_3
org.apache.hadoop.hive.cli.TestMiniTezCliDriver.testCliDriver_auto_sortmerge_join_4
org.apache.hadoop.hive.cli.TestMiniTezCliDriver.testCliDriver_auto_sortmerge_join_5
org.apache.hadoop.hive.cli.TestMiniTezCliDriver.testCliDriver_auto_sortmerge_join_7
org.apache.hadoop.hive.cli.TestMiniTezCliDriver.testCliDriver_count
org.apache.hadoop.hive.cli.TestMiniTezCliDriver.testCliDriver_cross_join
org.apache.hadoop.hive.cli.TestMiniTezCliDriver.testCliDriver_ctas
org.apache.hadoop.hive.cli.TestMiniTezCliDriver.testCliDriver_custom_input_output_format
org.apache.hadoop.hive.cli.TestMiniTezCliDriver.testCliDriver_filter_join_breaktask
org.apache.hadoop.hive.cli.TestMiniTezCliDriver.testCliDriver_having
org.apache.hadoop.hive.cli.TestMiniTezCliDriver.testCliDriver_hybridgrace_hashjoin_1
org.apache.hadoop.hive.cli.TestMiniTezCliDriver.testCliDriver_hybridgrace_hashjoin_2
org.apache.hadoop.hive.cli.TestMiniTezCliDriver.testCliDriver_join0
org.apache.hadoop.hive.cli.TestMiniTezCliDriver.testCliDriver_join_nullsafe
org.apache.hadoop.hive.cli.TestMiniTezCliDriver.testCliDriver_leftsemijoin
org.apache.hadoop.hive.cli.TestMiniTezCliDriver.testCliDriver_load_dyn_part1
org.apache.hadoop.hive.cli.TestMiniTezCliDriver.testCliDriver_load_dyn_part2
org.apache.hadoop.hive.cli.TestMiniTezCliDriver.testCliDriver_load_dyn_part3
org.apache.hadoop.hive.cli.TestMiniTezCliDriver.testCliDriver_lvj_mapjoin
org.apache.hadoop.hive.cli.TestMiniTezCliDriver.testCliDriver_mrr
org.apache.hadoop.hive.cli.TestMiniTezCliDriver.testCliDriver_orc_merge5
org.apache.hadoop.hive.cli.TestMiniTezCliDriver.testCliDriver_orc_merge6
org.apache.hadoop.hive.cli.TestMiniTezCliDriver.testCliDriver_orc_merge7
org.apache.hadoop.hive.cli.TestMiniTezCliDriver.testCliDriver_orc_merge_incompat1
org.apache.hadoop.hive.cli.TestMiniTezCliDriver.testCliDriver_orc_merge_incompat2
org.apache.hadoop.hive.cli.TestMiniTezCliDriver.testCliDriver_orc_vectorization_ppd
org.apache.hadoop.hive.cli.TestMiniTezCliDriver.testCliDriver_ptf
org.apache.hadoop.hive.cli.TestMiniTezCliDriver.testCliDriver_ptf_streaming
org.apache.hadoop.hive.cli.TestMiniTezCliDriver.testCliDriver_script_env_var1
org.apache.hadoop.hive.cli.TestMiniTezCliDriver.testCliDriver_subquery_exists
org.apache.hadoop.hive.cli.TestMiniTezCliDriver.testCliDriver_subquery_in
org.apache.hadoop.hive.cli.TestMiniTezCliDriver.testCliDriver_tez_join_tests
org.apache.hadoop.hive.cli.TestMiniTezCliDriver.testCliDriver_tez_joins_explain
org.apache.hadoop.hive.cli.TestMiniTezCliDriver.testCliDriver_tez_union_multiinsert
org.apache.hadoop.hive.cli.TestMiniTezCliDriver.testCliDriver_transform2
org.apache.hadoop.hive.cli.TestMiniTezCliDriver.testCliDriver_union2
org.apache.hadoop.hive.cli.TestMiniTezCliDriver.testCliDriver_union3
org.apache.hadoop.hive.cli.TestMiniTezCliDriver.testCliDriver_union8
org.apache.hadoop.hive.cli.TestMiniTezCliDriver.testCliDriver_union9
org.apache.hadoop.hive.cli.TestMiniTezCliDriver.testCliDriver_unionDistinct_1
org.apache.hadoop.hive.cli.TestMiniTezCliDriver.testCliDriver_vectorization_7
org.apache.hadoop.hive.cli.TestMiniTezCliDriver.testCliDriver_vectorized_rcfile_columnar
org.apache.hadoop.hive.cli.TestMiniTezCliDriver.testCliDriver_vectorized_timestamp_funcs
org.apache.hadoop.hive.cli.TestMinimrCliDriver.testCliDriver_load_fs2
org.apache.hadoop.hive.cli.TestMinimrCliDriver.testCliDriver_truncate_column_buckets
org.apache.hadoop.hive.cli.TestNegativeCliDriver.testNegativeCliDriver_alter_partition_coltype_2columns
org.apache.hadoop.hive.cli.TestNegativeCliDriver.testNegativeCliDriver_alter_partition_coltype_invalidcolname
org.apache.hadoop.hive.cli.TestNegativeCliDriver.testNegativeCliDriver_alter_partition_coltype_invalidtype
org.apache.hadoop.hive.cli.TestNegativeCliDriver.testNegativeCliDriver_alter_partition_invalidspec
org.apache.hadoop.hive.cli.TestNegativeCliDriver.testNegativeCliDriver_alter_partition_nodrop
org.apache.hadoop.hive.cli.TestNegativeCliDriver.testNegativeCliDriver_alter_partition_nodrop_table
org.apache.hadoop.hive.cli.TestNegativeCliDriver.testNegativeCliDriver_alter_partition_offline
org.apache.hadoop.hive.cli.TestNegativeCliDriver.testNegativeCliDriver_alter_view_failure3
org.apache.hadoop.hive.cli.TestNegativeCliDriver.testNegativeCliDriver_alter_view_failure8
org.apache.hadoop.hive.cli.TestNegativeCliDriver.testNegativeCliDriver_authorization_fail_3
org.apache.hadoop.hive.cli.TestNegativeCliDriver.testNegativeCliDriver_authorization_fail_4
org.apache.hadoop.hive.cli.TestNegativeCliDriver.testNegativeCliDriver_authorization_fail_5
org.apache.hadoop.hive.cli.TestNegativeCliDriver.testNegativeCliDriver_authorization_fail_6
org.apache.hadoop.hive.cli.TestNegativeCliDriver.testNegativeCliDriver_authorization_fail_7
org.apache.hadoop.hive.cli.TestNegativeCliDriver.testNegativeCliDriver_authorization_part
org.apache.hadoop.hive.cli.TestNegativeCliDriver.testNegativeCliDriver_bucket_mapjoin_wrong_table_metadata_1
org.apache.hadoop.hive.cli.TestNegativeCliDriver.testNegativeCliDriver_bucket_mapjoin_wrong_table_metadata_2
org.apache.hadoop.hive.cli.TestNegativeCliDriver.testNegativeCliDriver_columnstats_partlvl_invalid_values
org.apache.hadoop.hive.cli.TestNegativeCliDriver.testNegativeCliDriver_create_or_replace_view1
org.apache.hadoop.hive.cli.TestNegativeCliDriver.testNegativeCliDriver_create_or_replace_view2
org.apache.hadoop.hive.cli.TestNegativeCliDriver.testNegativeCliDriver_create_or_replace_view3
org.apache.hadoop.hive.cli.TestNegativeCliDriver.testNegativeCliDriver_create_or_replace_view4
org.apache.hadoop.hive.cli.TestNegativeCliDriver.testNegativeCliDriver_create_or_replace_view5
org.apache.hadoop.hive.cli.TestNegativeCliDriver.testNegativeCliDriver_create_or_replace_view6
org.apache.hadoop.hive.cli.TestNegativeCliDriver.testNegativeCliDriver_create_or_replace_view7
org.apache.hadoop.hive.cli.TestNegativeCliDriver.testNegativeCliDriver_create_or_replace_view8
org.apache.hadoop.hive.cli.TestNegativeCliDriver.testNegativeCliDriver_create_view_failure10
org.apache.hadoop.hive.cli.TestNegativeCliDriver.testNegativeCliDriver_date_literal2
org.apache.hadoop.hive.cli.TestNegativeCliDriver.testNegativeCliDriver_date_literal3
org.apache.hadoop.hive.cli.TestNegativeCliDriver.testNegativeCliDriver_exchange_partition_neg_table_missing
org.apache.hadoop.hive.cli.TestNegativeCliDriver.testNegativeCliDriver_illegal_partition_type
org.apache.hadoop.hive.cli.TestNegativeCliDriver.testNegativeCliDriver_insert_into_with_schema
org.apache.hadoop.hive.cli.TestNegativeCliDriver.testNegativeCliDriver_insert_into_with_schema1
org.apache.hadoop.hive.cli.TestNegativeCliDriver.testNegativeCliDriver_insert_into_with_schema2
org.apache.hadoop.hive.cli.TestNegativeCliDriver.testNegativeCliDriver_insert_into_with_schema3
org.apache.hadoop.hive.cli.TestNegativeCliDriver.testNegativeCliDriver_insert_into_with_schema4
org.apache.hadoop.hive.cli.TestNegativeCliDriver.testNegativeCliDriver_interval_1
org.apache.hadoop.hive.cli.TestNegativeCliDriver.testNegativeCliDriver_interval_2
org.apache.hadoop.hive.cli.TestNegativeCliDriver.testNegativeCliDriver_interval_3
org.apache.hadoop.hive.cli.TestNegativeCliDriver.testNegativeCliDriver_invalid_select_column
org.apache.hadoop.hive.cli.TestNegativeCliDriver.testNegativeCliDriver_invalid_select_column_with_subquery
org.apache.hadoop.hive.cli.TestNegativeCliDriver.testNegativeCliDriver_invalid_select_column_with_tablename
org.apache.hadoop.hive.cli.TestNegativeCliDriver.testNegativeCliDriver_lateral_view_alias
org.apache.hadoop.hive.cli.TestNegativeCliDriver.testNegativeCliDriver_load_wrong_fileformat
org.apache.hadoop.hive.cli.TestNegativeCliDriver.testNegativeCliDriver_load_wrong_fileformat_rc_seq
org.apache.hadoop.hive.cli.TestNegativeCliDriver.testNegativeCliDriver_load_wrong_fileformat_txt_seq
org.apache.hadoop.hive.cli.TestNegativeCliDriver.testNegativeCliDriver_protectmode_part
org.apache.hadoop.hive.cli.TestNegativeCliDriver.testNegativeCliDriver_protectmode_part1
org.apache.hadoop.hive.cli.TestNegativeCliDriver.testNegativeCliDriver_protectmode_part2
org.apache.hadoop.hive.cli.TestNegativeCliDriver.testNegativeCliDriver_protectmode_part_no_drop
org.apache.hadoop.hive.cli.TestNegativeCliDriver.testNegativeCliDriver_protectmode_part_no_drop2
org.apache.hadoop.hive.cli.TestNegativeCliDriver.testNegativeCliDriver_protectmode_tbl1
org.apache.hadoop.hive.cli.TestNegativeCliDriver.testNegativeCliDriver_protectmode_tbl2
org.apache.hadoop.hive.cli.TestNegativeCliDriver.testNegativeCliDriver_protectmode_tbl3
org.apache.hadoop.hive.cli.TestNegativeCliDriver.testNegativeCliDriver_protectmode_tbl4
org.apache.hadoop.hive.cli.TestNegativeCliDriver.testNegativeCliDriver_protectmode_tbl5
org.apache.hadoop.hive.cli.TestNegativeCliDriver.testNegativeCliDriver_protectmode_tbl6
org.apache.hadoop.hive.cli.TestNegativeCliDriver.testNegativeCliDriver_protectmode_tbl7
org.apache.hadoop.hive.cli.TestNegativeCliDriver.testNegativeCliDriver_protectmode_tbl8
org.apache.hadoop.hive.cli.TestNegativeCliDriver.testNegativeCliDriver_protectmode_tbl_no_drop
org.apache.hadoop.hive.cli.TestNegativeCliDriver.testNegativeCliDriver_ptf_negative_AggrFuncsWithNoGBYNoPartDef
org.apache.hadoop.hive.cli.TestNegativeCliDriver.testNegativeCliDriver_ptf_negative_AmbiguousWindowDefn
org.apache.hadoop.hive.cli.TestNegativeCliDriver.testNegativeCliDriver_ptf_negative_DistributeByOrderBy
org.apache.hadoop.hive.cli.TestNegativeCliDriver.testNegativeCliDriver_ptf_negative_DuplicateWindowAlias
org.apache.hadoop.hive.cli.TestNegativeCliDriver.testNegativeCliDriver_ptf_negative_HavingLeadWithNoGBYNoWindowing
org.apache.hadoop.hive.cli.TestNegativeCliDriver.testNegativeCliDriver_ptf_negative_HavingLeadWithPTF
org.apache.hadoop.hive.cli.TestNegativeCliDriver.testNegativeCliDriver_ptf_negative_InvalidValueBoundary
org.apache.hadoop.hive.cli.TestNegativeCliDriver.testNegativeCliDriver_ptf_negative_JoinWithAmbigousAlias
org.apache.hadoop.hive.cli.TestNegativeCliDriver.testNegativeCliDriver_ptf_negative_PartitionBySortBy
org.apache.hadoop.hive.cli.TestNegativeCliDriver.testNegativeCliDriver_ptf_negative_WhereWithRankCond
org.apache.hadoop.hive.cli.TestNegativeCliDriver.testNegativeCliDriver_recursive_view
org.apache.hadoop.hive.cli.TestNegativeCliDriver.testNegativeCliDriver_selectDistinctStarNeg_1
org.apache.hadoop.hive.cli.TestNegativeCliDriver.testNegativeCliDriver_selectDistinctStarNeg_2
org.apache.hadoop.hive.cli.TestNegativeCliDriver.testNegativeCliDriver_select_charliteral
org.apache.hadoop.hive.cli.TestNegativeCliDriver.testNegativeCliDriver_select_star_suffix
org.apache.hadoop.hive.cli.TestNegativeCliDriver.testNegativeCliDriver_select_udtf_alias
org.apache.hadoop.hive.cli.TestNegativeCliDriver.testNegativeCliDriver_semijoin1
org.apache.hadoop.hive.cli.TestNegativeCliDriver.testNegativeCliDriver_semijoin2
org.apache.hadoop.hive.cli.TestNegativeCliDriver.testNegativeCliDriver_semijoin3
org.apache.hadoop.hive.cli.TestNegativeCliDriver.testNegativeCliDriver_semijoin4
org.apache.hadoop.hive.cli.TestNegativeCliDriver.testNegativeCliDriver_set_hiveconf_validation0
org.apache.hadoop.hive.cli.TestNegativeCliDriver.testNegativeCliDriver_set_hiveconf_validation1
org.apache.hadoop.hive.cli.TestNegativeCliDriver.testNegativeCliDriver_set_hiveconf_validation2
org.apache.hadoop.hive.cli.TestNegativeCliDriver.testNegativeCliDriver_stats_aggregator_error_1
org.apache.hadoop.hive.cli.TestNegativeCliDriver.testNegativeCliDriver_stats_aggregator_error_2
org.apache.hadoop.hive.cli.TestNegativeCliDriver.testNegativeCliDriver_stats_publisher_error_1
org.apache.hadoop.hive.cli.TestNegativeCliDriver.testNegativeCliDriver_stats_publisher_error_2
org.apache.hadoop.hive.cli.TestNegativeCliDriver.testNegativeCliDriver_subquery_windowing_corr
org.apache.hadoop.hive.cli.TestNegativeCliDriver.testNegativeCliDriver_temp_table_partitions
org.apache.hadoop.hive.cli.TestNegativeCliDriver.testNegativeCliDriver_timestamp_literal
org.apache.hadoop.hive.cli.TestNegativeCliDriver.testNegativeCliDriver_truncate_bucketed_column
org.apache.hadoop.hive.cli.TestNegativeCliDriver.testNegativeCliDriver_truncate_column_indexed_table
org.apache.hadoop.hive.cli.TestNegativeCliDriver.testNegativeCliDriver_truncate_column_seqfile
org.apache.hadoop.hive.cli.TestNegativeCliDriver.testNegativeCliDriver_truncate_nonexistant_column
org.apache.hadoop.hive.cli.TestNegativeCliDriver.testNegativeCliDriver_truncate_partition_column
org.apache.hadoop.hive.cli.TestNegativeCliDriver.testNegativeCliDriver_truncate_partition_column2
org.apache.hadoop.hive.cli.TestNegativeCliDriver.testNegativeCliDriver_truncate_table_failure1
org.apache.hadoop.hive.cli.TestNegativeCliDriver.testNegativeCliDriver_truncate_table_failure2
org.apache.hadoop.hive.cli.TestNegativeCliDriver.testNegativeCliDriver_udf_array_contains_wrong1
org.apache.hadoop.hive.cli.TestNegativeCliDriver.testNegativeCliDriver_udf_array_contains_wrong2
org.apache.hadoop.hive.cli.TestNegativeCliDriver.testNegativeCliDriver_udf_concat_ws_wrong1
org.apache.hadoop.hive.cli.TestNegativeCliDriver.testNegativeCliDriver_udf_concat_ws_wrong2
org.apache.hadoop.hive.cli.TestNegativeCliDriver.testNegativeCliDriver_udf_concat_ws_wrong3
org.apache.hadoop.hive.cli.TestNegativeCliDriver.testNegativeCliDriver_udf_format_number_wrong1
org.apache.hadoop.hive.cli.TestNegativeCliDriver.testNegativeCliDriver_udf_format_number_wrong2
org.apache.hadoop.hive.cli.TestNegativeCliDriver.testNegativeCliDriver_udf_format_number_wrong3
org.apache.hadoop.hive.cli.TestNegativeCliDriver.testNegativeCliDriver_udf_format_number_wrong4
org.apache.hadoop.hive.cli.TestNegativeCliDriver.testNegativeCliDriver_udf_format_number_wrong5
org.apache.hadoop.hive.cli.TestNegativeCliDriver.testNegativeCliDriver_udf_format_number_wrong6
org.apache.hadoop.hive.cli.TestNegativeCliDriver.testNegativeCliDriver_udf_format_number_wrong7
org.apache.hadoop.hive.cli.TestNegativeCliDriver.testNegativeCliDriver_udf_printf_wrong1
org.apache.hadoop.hive.cli.TestNegativeCliDriver.testNegativeCliDriver_udf_printf_wrong2
org.apache.hadoop.hive.cli.TestNegativeCliDriver.testNegativeCliDriver_udf_printf_wrong3
org.apache.hadoop.hive.cli.TestNegativeCliDriver.testNegativeCliDriver_udf_printf_wrong4
org.apache.hadoop.hive.cli.TestNegativeCliDriver.testNegativeCliDriver_udf_sort_array_wrong1
org.apache.hadoop.hive.cli.TestNegativeCliDriver.testNegativeCliDriver_udf_sort_array_wrong2
org.apache.hadoop.hive.cli.TestNegativeCliDriver.testNegativeCliDriver_udf_sort_array_wrong3
org.apache.hadoop.hive.cli.TestNegativeCliDriver.testNegativeCliDriver_unionClusterBy
org.apache.hadoop.hive.cli.TestNegativeCliDriver.testNegativeCliDriver_unionDistributeBy
org.apache.hadoop.hive.cli.TestNegativeCliDriver.testNegativeCliDriver_unionLimit
org.apache.hadoop.hive.cli.TestNegativeCliDriver.testNegativeCliDriver_unionOrderBy
org.apache.hadoop.hive.cli.TestNegativeCliDriver.testNegativeCliDriver_unionSortBy
org.apache.hadoop.hive.cli.TestNegativeMinimrCliDriver.testNegativeCliDriver_cluster_tasklog_retrieval
org.apache.hadoop.hive.cli.TestSparkCliDriver.testCliDriver_add_part_multiple
org.apache.hadoop.hive.cli.TestSparkCliDriver.testCliDriver_auto_join26
org.apache.hadoop.hive.cli.TestSparkCliDriver.testCliDriver_auto_join_reordering_values
org.apache.hadoop.hive.cli.TestSparkCliDriver.testCliDriver_auto_sortmerge_join_1
org.apache.hadoop.hive.cli.TestSparkCliDriver.testCliDriver_auto_sortmerge_join_12
org.apache.hadoop.hive.cli.TestSparkCliDriver.testCliDriver_auto_sortmerge_join_2
org.apache.hadoop.hive.cli.TestSparkCliDriver.testCliDriver_auto_sortmerge_join_3
org.apache.hadoop.hive.cli.TestSparkCliDriver.testCliDriver_auto_sortmerge_join_4
org.apache.hadoop.hive.cli.TestSparkCliDriver.testCliDriver_auto_sortmerge_join_5
org.apache.hadoop.hive.cli.TestSparkCliDriver.testCliDriver_auto_sortmerge_join_7
org.apache.hadoop.hive.cli.TestSparkCliDriver.testCliDriver_avro_compression_enabled_native
org.apache.hadoop.hive.cli.TestSparkCliDriver.testCliDriver_avro_joins
org.apache.hadoop.hive.cli.TestSparkCliDriver.testCliDriver_avro_joins_native
org.apache.hadoop.hive.cli.TestSparkCliDriver.testCliDriver_count
org.apache.hadoop.hive.cli.TestSparkCliDriver.testCliDriver_cross_join
org.apache.hadoop.hive.cli.TestSparkCliDriver.testCliDriver_ctas
org.apache.hadoop.hive.cli.TestSparkCliDriver.testCliDriver_custom_input_output_format
org.apache.hadoop.hive.cli.TestSparkCliDriver.testCliDriver_decimal_join
org.apache.hadoop.hive.cli.TestSparkCliDriver.testCliDriver_escape_clusterby1
org.apache.hadoop.hive.cli.TestSparkCliDriver.testCliDriver_escape_distributeby1
org.apache.hadoop.hive.cli.TestSparkCliDriver.testCliDriver_escape_orderby1
org.apache.hadoop.hive.cli.TestSparkCliDriver.testCliDriver_escape_sortby1
org.apache.hadoop.hive.cli.TestSparkCliDriver.testCliDriver_filter_join_breaktask
org.apache.hadoop.hive.cli.TestSparkCliDriver.testCliDriver_groupby9
org.apache.hadoop.hive.cli.TestSparkCliDriver.testCliDriver_groupby_complex_types
org.apache.hadoop.hive.cli.TestSparkCliDriver.testCliDriver_groupby_multi_single_reducer3
org.apache.hadoop.hive.cli.TestSparkCliDriver.testCliDriver_having
org.apache.hadoop.hive.cli.TestSparkCliDriver.testCliDriver_index_auto_self_join
org.apache.hadoop.hive.cli.TestSparkCliDriver.testCliDriver_input1_limit
org.apache.hadoop.hive.cli.TestSparkCliDriver.testCliDriver_insert1
org.apache.hadoop.hive.cli.TestSparkCliDriver.testCliDriver_join0
org.apache.hadoop.hive.cli.TestSparkCliDriver.testCliDriver_join10
org.apache.hadoop.hive.cli.TestSparkCliDriver.testCliDriver_join11
org.apache.hadoop.hive.cli.TestSparkCliDriver.testCliDriver_join12
org.apache.hadoop.hive.cli.TestSparkCliDriver.testCliDriver_join13
org.apache.hadoop.hive.cli.TestSparkCliDriver.testCliDriver_join14
org.apache.hadoop.hive.cli.TestSparkCliDriver.testCliDriver_join15
org.apache.hadoop.hive.cli.TestSparkCliDriver.testCliDriver_join17
org.apache.hadoop.hive.cli.TestSparkCliDriver.testCliDriver_join18
org.apache.hadoop.hive.cli.TestSparkCliDriver.testCliDriver_join18_multi_distinct
org.apache.hadoop.hive.cli.TestSparkCliDriver.testCliDriver_join19
org.apache.hadoop.hive.cli.TestSparkCliDriver.testCliDriver_join2
org.apache.hadoop.hive.cli.TestSparkCliDriver.testCliDriver_join20
org.apache.hadoop.hive.cli.TestSparkCliDriver.testCliDriver_join21
org.apache.hadoop.hive.cli.TestSparkCliDriver.testCliDriver_join23
org.apache.hadoop.hive.cli.TestSparkCliDriver.testCliDriver_join25
org.apache.hadoop.hive.cli.TestSparkCliDriver.testCliDriver_join26
org.apache.hadoop.hive.cli.TestSparkCliDriver.testCliDriver_join27
org.apache.hadoop.hive.cli.TestSparkCliDriver.testCliDriver_join28
org.apache.hadoop.hive.cli.TestSparkCliDriver.testCliDriver_join29
org.apache.hadoop.hive.cli.TestSparkCliDriver.testCliDriver_join3
org.apache.hadoop.hive.cli.TestSparkCliDriver.testCliDriver_join30
org.apache.hadoop.hive.cli.TestSparkCliDriver.testCliDriver_join31
org.apache.hadoop.hive.cli.TestSparkCliDriver.testCliDriver_join32
org.apache.hadoop.hive.cli.TestSparkCliDriver.testCliDriver_join32_lessSize
org.apache.hadoop.hive.cli.TestSparkCliDriver.testCliDriver_join33
org.apache.hadoop.hive.cli.TestSparkCliDriver.testCliDriver_join34
org.apache.hadoop.hive.cli.TestSparkCliDriver.testCliDriver_join35
org.apache.hadoop.hive.cli.TestSparkCliDriver.testCliDriver_join36
org.apache.hadoop.hive.cli.TestSparkCliDriver.testCliDriver_join37
org.apache.hadoop.hive.cli.TestSparkCliDriver.testCliDriver_join39
org.apache.hadoop.hive.cli.TestSparkCliDriver.testCliDriver_join4
org.apache.hadoop.hive.cli.TestSparkCliDriver.testCliDriver_join5
org.apache.hadoop.hive.cli.TestSparkCliDriver.testCliDriver_join8
org.apache.hadoop.hive.cli.TestSparkCliDriver.testCliDriver_join9
org.apache.hadoop.hive.cli.TestSparkCliDriver.testCliDriver_join_1to1
org.apache.hadoop.hive.cli.TestSparkCliDriver.testCliDriver_join_casesensitive
org.apache.hadoop.hive.cli.TestSparkCliDriver.testCliDriver_join_filters_overlap
org.apache.hadoop.hive.cli.TestSparkCliDriver.testCliDriver_join_literals
org.apache.hadoop.hive.cli.TestSparkCliDriver.testCliDriver_join_map_ppr
org.apache.hadoop.hive.cli.TestSparkCliDriver.testCliDriver_join_nullsafe
org.apache.hadoop.hive.cli.TestSparkCliDriver.testCliDriver_join_rc
org.apache.hadoop.hive.cli.TestSparkCliDriver.testCliDriver_join_thrift
org.apache.hadoop.hive.cli.TestSparkCliDriver.testCliDriver_join_vc
org.apache.hadoop.hive.cli.TestSparkCliDriver.testCliDriver_leftsemijoin
org.apache.hadoop.hive.cli.TestSparkCliDriver.testCliDriver_load_dyn_part1
org.apache.hadoop.hive.cli.TestSparkCliDriver.testCliDriver_load_dyn_part10
org.apache.hadoop.hive.cli.TestSparkCliDriver.testCliDriver_load_dyn_part14
org.apache.hadoop.hive.cli.TestSparkCliDriver.testCliDriver_load_dyn_part2
org.apache.hadoop.hive.cli.TestSparkCliDriver.testCliDriver_load_dyn_part3
org.apache.hadoop.hive.cli.TestSparkCliDriver.testCliDriver_load_dyn_part4
org.apache.hadoop.hive.cli.TestSparkCliDriver.testCliDriver_load_dyn_part8
org.apache.hadoop.hive.cli.TestSparkCliDriver.testCliDriver_load_dyn_part9
org.apache.hadoop.hive.cli.TestSparkCliDriver.testCliDriver_mergejoins_mixed
org.apache.hadoop.hive.cli.TestSparkCliDriver.testCliDriver_multi_insert
org.apache.hadoop.hive.cli.TestSparkCliDriver.testCliDriver_multi_insert_gby
org.apache.hadoop.hive.cli.TestSparkCliDriver.testCliDriver_multi_insert_gby2
org.apache.hadoop.hive.cli.TestSparkCliDriver.testCliDriver_multi_insert_gby3
org.apache.hadoop.hive.cli.TestSparkCliDriver.testCliDriver_multi_insert_lateral_view
org.apache.hadoop.hive.cli.TestSparkCliDriver.testCliDriver_ptf
org.apache.hadoop.hive.cli.TestSparkCliDriver.testCliDriver_ptf_decimal
org.apache.hadoop.hive.cli.TestSparkCliDriver.testCliDriver_ptf_general_queries
org.apache.hadoop.hive.cli.TestSparkCliDriver.testCliDriver_ptf_streaming
org.apache.hadoop.hive.cli.TestSparkCliDriver.testCliDriver_sample3
org.apache.hadoop.hive.cli.TestSparkCliDriver.testCliDriver_sample8
org.apache.hadoop.hive.cli.TestSparkCliDriver.testCliDriver_script_env_var1
org.apache.hadoop.hive.cli.TestSparkCliDriver.testCliDriver_semijoin
org.apache.hadoop.hive.cli.TestSparkCliDriver.testCliDriver_smb_mapjoin_3
org.apache.hadoop.hive.cli.TestSparkCliDriver.testCliDriver_sort
org.apache.hadoop.hive.cli.TestSparkCliDriver.testCliDriver_subquery_exists
org.apache.hadoop.hive.cli.TestSparkCliDriver.testCliDriver_subquery_in
org.apache.hadoop.hive.cli.TestSparkCliDriver.testCliDriver_temp_table_join1
org.apache.hadoop.hive.cli.TestSparkCliDriver.testCliDriver_tez_join_tests
org.apache.hadoop.hive.cli.TestSparkCliDriver.testCliDriver_tez_joins_explain
org.apache.hadoop.hive.cli.TestSparkCliDriver.testCliDriver_transform2
org.apache.hadoop.hive.cli.TestSparkCliDriver.testCliDriver_union
org.apache.hadoop.hive.cli.TestSparkCliDriver.testCliDriver_union13
org.apache.hadoop.hive.cli.TestSparkCliDriver.testCliDriver_union16
org.apache.hadoop.hive.cli.TestSparkCliDriver.testCliDriver_union19
org.apache.hadoop.hive.cli.TestSparkCliDriver.testCliDriver_union2
org.apache.hadoop.hive.cli.TestSparkCliDriver.testCliDriver_union20
org.apache.hadoop.hive.cli.TestSparkCliDriver.testCliDriver_union21
org.apache.hadoop.hive.cli.TestSparkCliDriver.testCliDriver_union22
org.apache.hadoop.hive.cli.TestSparkCliDriver.testCliDriver_union24
org.apache.hadoop.hive.cli.TestSparkCliDriver.testCliDriver_union26
org.apache.hadoop.hive.cli.TestSparkCliDriver.testCliDriver_union27
org.apache.hadoop.hive.cli.TestSparkCliDriver.testCliDriver_union3
org.apache.hadoop.hive.cli.TestSparkCliDriver.testCliDriver_union31
org.apache.hadoop.hive.cli.TestSparkCliDriver.testCliDriver_union32
org.apache.hadoop.hive.cli.TestSparkCliDriver.testCliDriver_union8
org.apache.hadoop.hive.cli.TestSparkCliDriver.testCliDriver_union9
org.apache.hadoop.hive.cli.TestSparkCliDriver.testCliDriver_union_date
org.apache.hadoop.hive.cli.TestSparkCliDriver.testCliDriver_union_null
org.apache.hadoop.hive.cli.TestSparkCliDriver.testCliDriver_union_ppr
org.apache.hadoop.hive.cli.TestSparkCliDriver.testCliDriver_union_top_level
org.apache.hadoop.hive.cli.TestSparkCliDriver.testCliDriver_vectorized_rcfile_columnar
org.apache.hadoop.hive.cli.TestSparkCliDriver.testCliDriver_vectorized_timestamp_funcs
org.apache.hadoop.hive.ql.TestLocationQueries.testAlterTablePartitionLocation_alter5
org.apache.hadoop.hive.ql.TestMTQueries.testMTQueries1
&lt;/pre&gt;
&lt;/div&gt;&lt;/div&gt;

&lt;p&gt;Test results: &lt;a href=&quot;http://ec2-174-129-184-35.compute-1.amazonaws.com/jenkins/job/PreCommit-HIVE-TRUNK-Build/4041/testReport&quot; class=&quot;external-link&quot; target=&quot;_blank&quot; rel=&quot;nofollow noopener&quot;&gt;http://ec2-174-129-184-35.compute-1.amazonaws.com/jenkins/job/PreCommit-HIVE-TRUNK-Build/4041/testReport&lt;/a&gt;&lt;br/&gt;
Console output: &lt;a href=&quot;http://ec2-174-129-184-35.compute-1.amazonaws.com/jenkins/job/PreCommit-HIVE-TRUNK-Build/4041/console&quot; class=&quot;external-link&quot; target=&quot;_blank&quot; rel=&quot;nofollow noopener&quot;&gt;http://ec2-174-129-184-35.compute-1.amazonaws.com/jenkins/job/PreCommit-HIVE-TRUNK-Build/4041/console&lt;/a&gt;&lt;br/&gt;
Test logs: &lt;a href=&quot;http://ec2-174-129-184-35.compute-1.amazonaws.com/logs/PreCommit-HIVE-TRUNK-Build-4041/&quot; class=&quot;external-link&quot; target=&quot;_blank&quot; rel=&quot;nofollow noopener&quot;&gt;http://ec2-174-129-184-35.compute-1.amazonaws.com/logs/PreCommit-HIVE-TRUNK-Build-4041/&lt;/a&gt;&lt;/p&gt;

&lt;p&gt;Messages:&lt;/p&gt;
&lt;div class=&quot;preformatted panel&quot; style=&quot;border-width: 1px;&quot;&gt;&lt;div class=&quot;preformattedContent panelContent&quot;&gt;
&lt;pre&gt;Executing org.apache.hive.ptest.execution.PrepPhase
Executing org.apache.hive.ptest.execution.ExecutionPhase
Executing org.apache.hive.ptest.execution.ReportingPhase
Tests exited with: TestsFailedException: 636 tests failed
&lt;/pre&gt;
&lt;/div&gt;&lt;/div&gt;

&lt;p&gt;This message is automatically generated.&lt;/p&gt;

&lt;p&gt;ATTACHMENT ID: 12735298 - PreCommit-HIVE-TRUNK-Build&lt;/p&gt;</comment>
                            <comment id="14560306" author="hiveqa" created="Wed, 27 May 2015 02:28:28 +0000"  >

&lt;p&gt;&lt;font color=&quot;red&quot;&gt;Overall&lt;/font&gt;: -1 at least one tests failed&lt;/p&gt;

&lt;p&gt;Here are the results of testing the latest attachment:&lt;br/&gt;
&lt;a href=&quot;https://issues.apache.org/jira/secure/attachment/12735433/HIVE-9069.14.patch&quot; class=&quot;external-link&quot; rel=&quot;nofollow&quot;&gt;https://issues.apache.org/jira/secure/attachment/12735433/HIVE-9069.14.patch&lt;/a&gt;&lt;/p&gt;

&lt;p&gt;&lt;font color=&quot;red&quot;&gt;ERROR:&lt;/font&gt; -1 due to 2 failed/errored test(s), 8975 tests executed&lt;br/&gt;
&lt;b&gt;Failed tests:&lt;/b&gt;&lt;/p&gt;
&lt;div class=&quot;preformatted panel&quot; style=&quot;border-width: 1px;&quot;&gt;&lt;div class=&quot;preformattedContent panelContent&quot;&gt;
&lt;pre&gt;org.apache.hadoop.hive.cli.TestCliDriver.testCliDriver_vectorization_7
org.apache.hadoop.hive.cli.TestMiniTezCliDriver.testCliDriver_vectorization_7
&lt;/pre&gt;
&lt;/div&gt;&lt;/div&gt;

&lt;p&gt;Test results: &lt;a href=&quot;http://ec2-174-129-184-35.compute-1.amazonaws.com/jenkins/job/PreCommit-HIVE-TRUNK-Build/4049/testReport&quot; class=&quot;external-link&quot; target=&quot;_blank&quot; rel=&quot;nofollow noopener&quot;&gt;http://ec2-174-129-184-35.compute-1.amazonaws.com/jenkins/job/PreCommit-HIVE-TRUNK-Build/4049/testReport&lt;/a&gt;&lt;br/&gt;
Console output: &lt;a href=&quot;http://ec2-174-129-184-35.compute-1.amazonaws.com/jenkins/job/PreCommit-HIVE-TRUNK-Build/4049/console&quot; class=&quot;external-link&quot; target=&quot;_blank&quot; rel=&quot;nofollow noopener&quot;&gt;http://ec2-174-129-184-35.compute-1.amazonaws.com/jenkins/job/PreCommit-HIVE-TRUNK-Build/4049/console&lt;/a&gt;&lt;br/&gt;
Test logs: &lt;a href=&quot;http://ec2-174-129-184-35.compute-1.amazonaws.com/logs/PreCommit-HIVE-TRUNK-Build-4049/&quot; class=&quot;external-link&quot; target=&quot;_blank&quot; rel=&quot;nofollow noopener&quot;&gt;http://ec2-174-129-184-35.compute-1.amazonaws.com/logs/PreCommit-HIVE-TRUNK-Build-4049/&lt;/a&gt;&lt;/p&gt;

&lt;p&gt;Messages:&lt;/p&gt;
&lt;div class=&quot;preformatted panel&quot; style=&quot;border-width: 1px;&quot;&gt;&lt;div class=&quot;preformattedContent panelContent&quot;&gt;
&lt;pre&gt;Executing org.apache.hive.ptest.execution.PrepPhase
Executing org.apache.hive.ptest.execution.ExecutionPhase
Executing org.apache.hive.ptest.execution.ReportingPhase
Tests exited with: TestsFailedException: 2 tests failed
&lt;/pre&gt;
&lt;/div&gt;&lt;/div&gt;

&lt;p&gt;This message is automatically generated.&lt;/p&gt;

&lt;p&gt;ATTACHMENT ID: 12735433 - PreCommit-HIVE-TRUNK-Build&lt;/p&gt;</comment>
                            <comment id="14560332" author="jpullokkaran" created="Wed, 27 May 2015 03:11:23 +0000"  >&lt;p&gt;&lt;a href=&quot;https://issues.apache.org/jira/secure/ViewProfile.jspa?name=jcamachorodriguez&quot; class=&quot;user-hover&quot; rel=&quot;jcamachorodriguez&quot;&gt;jcamachorodriguez&lt;/a&gt; In extractCommonOperands for a disjunction if any operand doesn&apos;t have any of the reductionCondition then we can short circuit and bail out.&lt;/p&gt;</comment>
                            <comment id="14560671" author="jcamacho" created="Wed, 27 May 2015 09:11:31 +0000"  >&lt;p&gt;&lt;a href=&quot;https://issues.apache.org/jira/secure/ViewProfile.jspa?name=jpullokkaran&quot; class=&quot;user-hover&quot; rel=&quot;jpullokkaran&quot;&gt;jpullokkaran&lt;/a&gt;, I addressed your comment and added a flag to bail out when nothing has been added to the common expressions. Thanks&lt;/p&gt;</comment>
                            <comment id="14561364" author="hiveqa" created="Wed, 27 May 2015 17:54:36 +0000"  >

&lt;p&gt;&lt;font color=&quot;red&quot;&gt;Overall&lt;/font&gt;: -1 no tests executed&lt;/p&gt;

&lt;p&gt;Here are the results of testing the latest attachment:&lt;br/&gt;
&lt;a href=&quot;https://issues.apache.org/jira/secure/attachment/12735560/HIVE-9069.15.patch&quot; class=&quot;external-link&quot; rel=&quot;nofollow&quot;&gt;https://issues.apache.org/jira/secure/attachment/12735560/HIVE-9069.15.patch&lt;/a&gt;&lt;/p&gt;

&lt;p&gt;Test results: &lt;a href=&quot;http://ec2-174-129-184-35.compute-1.amazonaws.com/jenkins/job/PreCommit-HIVE-TRUNK-Build/4061/testReport&quot; class=&quot;external-link&quot; target=&quot;_blank&quot; rel=&quot;nofollow noopener&quot;&gt;http://ec2-174-129-184-35.compute-1.amazonaws.com/jenkins/job/PreCommit-HIVE-TRUNK-Build/4061/testReport&lt;/a&gt;&lt;br/&gt;
Console output: &lt;a href=&quot;http://ec2-174-129-184-35.compute-1.amazonaws.com/jenkins/job/PreCommit-HIVE-TRUNK-Build/4061/console&quot; class=&quot;external-link&quot; target=&quot;_blank&quot; rel=&quot;nofollow noopener&quot;&gt;http://ec2-174-129-184-35.compute-1.amazonaws.com/jenkins/job/PreCommit-HIVE-TRUNK-Build/4061/console&lt;/a&gt;&lt;br/&gt;
Test logs: &lt;a href=&quot;http://ec2-174-129-184-35.compute-1.amazonaws.com/logs/PreCommit-HIVE-TRUNK-Build-4061/&quot; class=&quot;external-link&quot; target=&quot;_blank&quot; rel=&quot;nofollow noopener&quot;&gt;http://ec2-174-129-184-35.compute-1.amazonaws.com/logs/PreCommit-HIVE-TRUNK-Build-4061/&lt;/a&gt;&lt;/p&gt;

&lt;p&gt;Messages:&lt;/p&gt;
&lt;div class=&quot;preformatted panel&quot; style=&quot;border-width: 1px;&quot;&gt;&lt;div class=&quot;preformattedContent panelContent&quot;&gt;
&lt;pre&gt;Executing org.apache.hive.ptest.execution.PrepPhase
Tests exited with: NonZeroExitCodeException
Command &apos;bash /data/hive-ptest/working/scratch/source-prep.sh&apos; failed with exit status 1 and output &apos;+ [[ -n /usr/java/jdk1.7.0_45-cloudera ]]
+ export JAVA_HOME=/usr/java/jdk1.7.0_45-cloudera
+ JAVA_HOME=/usr/java/jdk1.7.0_45-cloudera
+ export PATH=/usr/java/jdk1.7.0_45-cloudera/bin/:/usr/local/apache-maven-3.0.5/bin:/usr/java/jdk1.7.0_45-cloudera/bin:/usr/local/apache-ant-1.9.1/bin:/usr/local/bin:/bin:/usr/bin:/usr/local/sbin:/usr/sbin:/sbin:/home/hiveptest/bin
+ PATH=/usr/java/jdk1.7.0_45-cloudera/bin/:/usr/local/apache-maven-3.0.5/bin:/usr/java/jdk1.7.0_45-cloudera/bin:/usr/local/apache-ant-1.9.1/bin:/usr/local/bin:/bin:/usr/bin:/usr/local/sbin:/usr/sbin:/sbin:/home/hiveptest/bin
+ export &apos;ANT_OPTS=-Xmx1g -XX:MaxPermSize=256m &apos;
+ ANT_OPTS=&apos;-Xmx1g -XX:MaxPermSize=256m &apos;
+ export &apos;M2_OPTS=-Xmx1g -XX:MaxPermSize=256m -Dhttp.proxyHost=localhost -Dhttp.proxyPort=3128&apos;
+ M2_OPTS=&apos;-Xmx1g -XX:MaxPermSize=256m -Dhttp.proxyHost=localhost -Dhttp.proxyPort=3128&apos;
+ cd /data/hive-ptest/working/
+ tee /data/hive-ptest/logs/PreCommit-HIVE-TRUNK-Build-4061/source-prep.txt
+ [[ false == \t\r\u\e ]]
+ mkdir -p maven ivy
+ [[ git = \s\v\n ]]
+ [[ git = \g\i\t ]]
+ [[ -z master ]]
+ [[ -d apache-github-source-source ]]
+ [[ ! -d apache-github-source-source/.git ]]
+ [[ ! -d apache-github-source-source ]]
+ cd apache-github-source-source
+ git fetch origin
+ git reset --hard HEAD
HEAD is now at 82c037a Revert &quot;HIVE-9605:Remove parquet nested objects from wrapper writable objects (Sergio Pena, reviewed by Ferdinand Xu)&quot;
+ git clean -f -d
+ git checkout master
Already on &apos;master&apos;
+ git reset --hard origin/master
HEAD is now at 82c037a Revert &quot;HIVE-9605:Remove parquet nested objects from wrapper writable objects (Sergio Pena, reviewed by Ferdinand Xu)&quot;
+ git merge --ff-only origin/master
Already up-to-date.
+ git gc
+ patchCommandPath=/data/hive-ptest/working/scratch/smart-apply-patch.sh
+ patchFilePath=/data/hive-ptest/working/scratch/build.patch
+ [[ -f /data/hive-ptest/working/scratch/build.patch ]]
+ chmod +x /data/hive-ptest/working/scratch/smart-apply-patch.sh
+ /data/hive-ptest/working/scratch/smart-apply-patch.sh /data/hive-ptest/working/scratch/build.patch
The patch does not appear to apply with p0, p1, or p2
+ exit 1
&apos;
&lt;/pre&gt;
&lt;/div&gt;&lt;/div&gt;

&lt;p&gt;This message is automatically generated.&lt;/p&gt;

&lt;p&gt;ATTACHMENT ID: 12735560 - PreCommit-HIVE-TRUNK-Build&lt;/p&gt;</comment>
                            <comment id="14561648" author="jpullokkaran" created="Wed, 27 May 2015 20:23:56 +0000"  >&lt;p&gt;Looks good.&lt;br/&gt;
Could you check the build/test failure?&lt;/p&gt;</comment>
                            <comment id="14562038" author="hiveqa" created="Thu, 28 May 2015 00:03:54 +0000"  >

&lt;p&gt;&lt;font color=&quot;red&quot;&gt;Overall&lt;/font&gt;: -1 at least one tests failed&lt;/p&gt;

&lt;p&gt;Here are the results of testing the latest attachment:&lt;br/&gt;
&lt;a href=&quot;https://issues.apache.org/jira/secure/attachment/12735645/HIVE-9069.16.patch&quot; class=&quot;external-link&quot; rel=&quot;nofollow&quot;&gt;https://issues.apache.org/jira/secure/attachment/12735645/HIVE-9069.16.patch&lt;/a&gt;&lt;/p&gt;

&lt;p&gt;&lt;font color=&quot;red&quot;&gt;ERROR:&lt;/font&gt; -1 due to 20 failed/errored test(s), 8976 tests executed&lt;br/&gt;
&lt;b&gt;Failed tests:&lt;/b&gt;&lt;/p&gt;
&lt;div class=&quot;preformatted panel&quot; style=&quot;border-width: 1px;&quot;&gt;&lt;div class=&quot;preformattedContent panelContent&quot;&gt;
&lt;pre&gt;org.apache.hadoop.hive.cli.TestCliDriver.testCliDriver_cbo_semijoin
org.apache.hadoop.hive.cli.TestCliDriver.testCliDriver_cbo_simple_select
org.apache.hadoop.hive.cli.TestCliDriver.testCliDriver_cbo_subq_not_in
org.apache.hadoop.hive.cli.TestCliDriver.testCliDriver_dynpart_sort_opt_vectorization
org.apache.hadoop.hive.cli.TestCliDriver.testCliDriver_dynpart_sort_optimization
org.apache.hadoop.hive.cli.TestCliDriver.testCliDriver_filter_cond_pushdown
org.apache.hadoop.hive.cli.TestCliDriver.testCliDriver_fold_case
org.apache.hadoop.hive.cli.TestCliDriver.testCliDriver_subquery_notin
org.apache.hadoop.hive.cli.TestCliDriver.testCliDriver_subquery_notin_having
org.apache.hadoop.hive.cli.TestCliDriver.testCliDriver_subquery_unqualcolumnrefs
org.apache.hadoop.hive.cli.TestCliDriver.testCliDriver_subquery_views
org.apache.hadoop.hive.cli.TestMiniTezCliDriver.testCliDriver_cbo_semijoin
org.apache.hadoop.hive.cli.TestMiniTezCliDriver.testCliDriver_cbo_simple_select
org.apache.hadoop.hive.cli.TestMiniTezCliDriver.testCliDriver_cbo_subq_not_in
org.apache.hadoop.hive.cli.TestMiniTezCliDriver.testCliDriver_dynamic_partition_pruning
org.apache.hadoop.hive.cli.TestMiniTezCliDriver.testCliDriver_dynpart_sort_opt_vectorization
org.apache.hadoop.hive.cli.TestMiniTezCliDriver.testCliDriver_dynpart_sort_optimization
org.apache.hadoop.hive.cli.TestMiniTezCliDriver.testCliDriver_explainuser_1
org.apache.hadoop.hive.cli.TestMiniTezCliDriver.testCliDriver_vectorized_dynamic_partition_pruning
org.apache.hive.hcatalog.streaming.TestStreaming.testTransactionBatchCommit_Json
&lt;/pre&gt;
&lt;/div&gt;&lt;/div&gt;

&lt;p&gt;Test results: &lt;a href=&quot;http://ec2-174-129-184-35.compute-1.amazonaws.com/jenkins/job/PreCommit-HIVE-TRUNK-Build/4065/testReport&quot; class=&quot;external-link&quot; target=&quot;_blank&quot; rel=&quot;nofollow noopener&quot;&gt;http://ec2-174-129-184-35.compute-1.amazonaws.com/jenkins/job/PreCommit-HIVE-TRUNK-Build/4065/testReport&lt;/a&gt;&lt;br/&gt;
Console output: &lt;a href=&quot;http://ec2-174-129-184-35.compute-1.amazonaws.com/jenkins/job/PreCommit-HIVE-TRUNK-Build/4065/console&quot; class=&quot;external-link&quot; target=&quot;_blank&quot; rel=&quot;nofollow noopener&quot;&gt;http://ec2-174-129-184-35.compute-1.amazonaws.com/jenkins/job/PreCommit-HIVE-TRUNK-Build/4065/console&lt;/a&gt;&lt;br/&gt;
Test logs: &lt;a href=&quot;http://ec2-174-129-184-35.compute-1.amazonaws.com/logs/PreCommit-HIVE-TRUNK-Build-4065/&quot; class=&quot;external-link&quot; target=&quot;_blank&quot; rel=&quot;nofollow noopener&quot;&gt;http://ec2-174-129-184-35.compute-1.amazonaws.com/logs/PreCommit-HIVE-TRUNK-Build-4065/&lt;/a&gt;&lt;/p&gt;

&lt;p&gt;Messages:&lt;/p&gt;
&lt;div class=&quot;preformatted panel&quot; style=&quot;border-width: 1px;&quot;&gt;&lt;div class=&quot;preformattedContent panelContent&quot;&gt;
&lt;pre&gt;Executing org.apache.hive.ptest.execution.PrepPhase
Executing org.apache.hive.ptest.execution.ExecutionPhase
Executing org.apache.hive.ptest.execution.ReportingPhase
Tests exited with: TestsFailedException: 20 tests failed
&lt;/pre&gt;
&lt;/div&gt;&lt;/div&gt;

&lt;p&gt;This message is automatically generated.&lt;/p&gt;

&lt;p&gt;ATTACHMENT ID: 12735645 - PreCommit-HIVE-TRUNK-Build&lt;/p&gt;</comment>
                            <comment id="14564227" author="hiveqa" created="Fri, 29 May 2015 05:27:24 +0000"  >

&lt;p&gt;&lt;font color=&quot;red&quot;&gt;Overall&lt;/font&gt;: -1 no tests executed&lt;/p&gt;

&lt;p&gt;Here are the results of testing the latest attachment:&lt;br/&gt;
&lt;a href=&quot;https://issues.apache.org/jira/secure/attachment/12735925/HIVE-9069.17.patch&quot; class=&quot;external-link&quot; rel=&quot;nofollow&quot;&gt;https://issues.apache.org/jira/secure/attachment/12735925/HIVE-9069.17.patch&lt;/a&gt;&lt;/p&gt;

&lt;p&gt;Test results: &lt;a href=&quot;http://ec2-174-129-184-35.compute-1.amazonaws.com/jenkins/job/PreCommit-HIVE-TRUNK-Build/4085/testReport&quot; class=&quot;external-link&quot; target=&quot;_blank&quot; rel=&quot;nofollow noopener&quot;&gt;http://ec2-174-129-184-35.compute-1.amazonaws.com/jenkins/job/PreCommit-HIVE-TRUNK-Build/4085/testReport&lt;/a&gt;&lt;br/&gt;
Console output: &lt;a href=&quot;http://ec2-174-129-184-35.compute-1.amazonaws.com/jenkins/job/PreCommit-HIVE-TRUNK-Build/4085/console&quot; class=&quot;external-link&quot; target=&quot;_blank&quot; rel=&quot;nofollow noopener&quot;&gt;http://ec2-174-129-184-35.compute-1.amazonaws.com/jenkins/job/PreCommit-HIVE-TRUNK-Build/4085/console&lt;/a&gt;&lt;br/&gt;
Test logs: &lt;a href=&quot;http://ec2-174-129-184-35.compute-1.amazonaws.com/logs/PreCommit-HIVE-TRUNK-Build-4085/&quot; class=&quot;external-link&quot; target=&quot;_blank&quot; rel=&quot;nofollow noopener&quot;&gt;http://ec2-174-129-184-35.compute-1.amazonaws.com/logs/PreCommit-HIVE-TRUNK-Build-4085/&lt;/a&gt;&lt;/p&gt;

&lt;p&gt;Messages:&lt;/p&gt;
&lt;div class=&quot;preformatted panel&quot; style=&quot;border-width: 1px;&quot;&gt;&lt;div class=&quot;preformattedContent panelContent&quot;&gt;
&lt;pre&gt;Executing org.apache.hive.ptest.execution.PrepPhase
Tests exited with: NonZeroExitCodeException
Command &apos;bash /data/hive-ptest/working/scratch/source-prep.sh&apos; failed with exit status 1 and output &apos;+ [[ -n /usr/java/jdk1.7.0_45-cloudera ]]
+ export JAVA_HOME=/usr/java/jdk1.7.0_45-cloudera
+ JAVA_HOME=/usr/java/jdk1.7.0_45-cloudera
+ export PATH=/usr/java/jdk1.7.0_45-cloudera/bin/:/usr/local/apache-maven-3.0.5/bin:/usr/java/jdk1.7.0_45-cloudera/bin:/usr/local/apache-ant-1.9.1/bin:/usr/local/bin:/bin:/usr/bin:/usr/local/sbin:/usr/sbin:/sbin:/home/hiveptest/bin
+ PATH=/usr/java/jdk1.7.0_45-cloudera/bin/:/usr/local/apache-maven-3.0.5/bin:/usr/java/jdk1.7.0_45-cloudera/bin:/usr/local/apache-ant-1.9.1/bin:/usr/local/bin:/bin:/usr/bin:/usr/local/sbin:/usr/sbin:/sbin:/home/hiveptest/bin
+ export &apos;ANT_OPTS=-Xmx1g -XX:MaxPermSize=256m &apos;
+ ANT_OPTS=&apos;-Xmx1g -XX:MaxPermSize=256m &apos;
+ export &apos;M2_OPTS=-Xmx1g -XX:MaxPermSize=256m -Dhttp.proxyHost=localhost -Dhttp.proxyPort=3128&apos;
+ M2_OPTS=&apos;-Xmx1g -XX:MaxPermSize=256m -Dhttp.proxyHost=localhost -Dhttp.proxyPort=3128&apos;
+ cd /data/hive-ptest/working/
+ tee /data/hive-ptest/logs/PreCommit-HIVE-TRUNK-Build-4085/source-prep.txt
+ [[ false == \t\r\u\e ]]
+ mkdir -p maven ivy
+ [[ git = \s\v\n ]]
+ [[ git = \g\i\t ]]
+ [[ -z master ]]
+ [[ -d apache-github-source-source ]]
+ [[ ! -d apache-github-source-source/.git ]]
+ [[ ! -d apache-github-source-source ]]
+ cd apache-github-source-source
+ git fetch origin
From https://github.com/apache/hive
   4610084..aafd586  spark      -&amp;gt; origin/spark
+ git reset --hard HEAD
HEAD is now at 52221a7 HIVE-10684: Fix the unit test failures for HIVE-7553 after HIVE-10674 removed the binary jar files(Ferdinand Xu, reviewed by Hari Sankar Sivarama Subramaniyan and Sushanth Sowmyan)
+ git clean -f -d
Removing common/src/java/org/apache/hadoop/hive/common/JvmPauseMonitor.java
Removing common/src/java/org/apache/hadoop/hive/common/metrics/LegacyMetrics.java
Removing common/src/java/org/apache/hadoop/hive/common/metrics/common/
Removing common/src/java/org/apache/hadoop/hive/common/metrics/metrics2/
Removing common/src/test/org/apache/hadoop/hive/common/metrics/TestLegacyMetrics.java
Removing common/src/test/org/apache/hadoop/hive/common/metrics/metrics2/
Removing itests/hive-unit/src/test/java/org/apache/hadoop/hive/metastore/TestMetaStoreMetrics.java
+ git checkout master
Already on &apos;master&apos;
+ git reset --hard origin/master
HEAD is now at 52221a7 HIVE-10684: Fix the unit test failures for HIVE-7553 after HIVE-10674 removed the binary jar files(Ferdinand Xu, reviewed by Hari Sankar Sivarama Subramaniyan and Sushanth Sowmyan)
+ git merge --ff-only origin/master
Already up-to-date.
+ git gc
+ patchCommandPath=/data/hive-ptest/working/scratch/smart-apply-patch.sh
+ patchFilePath=/data/hive-ptest/working/scratch/build.patch
+ [[ -f /data/hive-ptest/working/scratch/build.patch ]]
+ chmod +x /data/hive-ptest/working/scratch/smart-apply-patch.sh
+ /data/hive-ptest/working/scratch/smart-apply-patch.sh /data/hive-ptest/working/scratch/build.patch
The patch does not appear to apply with p0, p1, or p2
+ exit 1
&apos;
&lt;/pre&gt;
&lt;/div&gt;&lt;/div&gt;

&lt;p&gt;This message is automatically generated.&lt;/p&gt;

&lt;p&gt;ATTACHMENT ID: 12735925 - PreCommit-HIVE-TRUNK-Build&lt;/p&gt;</comment>
                            <comment id="14565765" author="hiveqa" created="Sat, 30 May 2015 01:32:11 +0000"  >

&lt;p&gt;&lt;font color=&quot;red&quot;&gt;Overall&lt;/font&gt;: -1 at least one tests failed&lt;/p&gt;

&lt;p&gt;Here are the results of testing the latest attachment:&lt;br/&gt;
&lt;a href=&quot;https://issues.apache.org/jira/secure/attachment/12736052/HIVE-9069.18.patch&quot; class=&quot;external-link&quot; rel=&quot;nofollow&quot;&gt;https://issues.apache.org/jira/secure/attachment/12736052/HIVE-9069.18.patch&lt;/a&gt;&lt;/p&gt;

&lt;p&gt;&lt;font color=&quot;red&quot;&gt;ERROR:&lt;/font&gt; -1 due to 5 failed/errored test(s), 8982 tests executed&lt;br/&gt;
&lt;b&gt;Failed tests:&lt;/b&gt;&lt;/p&gt;
&lt;div class=&quot;preformatted panel&quot; style=&quot;border-width: 1px;&quot;&gt;&lt;div class=&quot;preformattedContent panelContent&quot;&gt;
&lt;pre&gt;org.apache.hadoop.hive.cli.TestCliDriver.testCliDriver_fold_case
org.apache.hadoop.hive.cli.TestCliDriver.testCliDriver_index_auto_mult_tables_compact
org.apache.hadoop.hive.cli.TestCliDriver.testCliDriver_udaf_histogram_numeric
org.apache.hadoop.hive.cli.TestMinimrCliDriver.testCliDriver_ql_rewrite_gbtoidx_cbo_2
org.apache.hadoop.hive.thrift.TestHadoop20SAuthBridge.testSaslWithHiveMetaStore
&lt;/pre&gt;
&lt;/div&gt;&lt;/div&gt;

&lt;p&gt;Test results: &lt;a href=&quot;http://ec2-174-129-184-35.compute-1.amazonaws.com/jenkins/job/PreCommit-HIVE-TRUNK-Build/4097/testReport&quot; class=&quot;external-link&quot; target=&quot;_blank&quot; rel=&quot;nofollow noopener&quot;&gt;http://ec2-174-129-184-35.compute-1.amazonaws.com/jenkins/job/PreCommit-HIVE-TRUNK-Build/4097/testReport&lt;/a&gt;&lt;br/&gt;
Console output: &lt;a href=&quot;http://ec2-174-129-184-35.compute-1.amazonaws.com/jenkins/job/PreCommit-HIVE-TRUNK-Build/4097/console&quot; class=&quot;external-link&quot; target=&quot;_blank&quot; rel=&quot;nofollow noopener&quot;&gt;http://ec2-174-129-184-35.compute-1.amazonaws.com/jenkins/job/PreCommit-HIVE-TRUNK-Build/4097/console&lt;/a&gt;&lt;br/&gt;
Test logs: &lt;a href=&quot;http://ec2-174-129-184-35.compute-1.amazonaws.com/logs/PreCommit-HIVE-TRUNK-Build-4097/&quot; class=&quot;external-link&quot; target=&quot;_blank&quot; rel=&quot;nofollow noopener&quot;&gt;http://ec2-174-129-184-35.compute-1.amazonaws.com/logs/PreCommit-HIVE-TRUNK-Build-4097/&lt;/a&gt;&lt;/p&gt;

&lt;p&gt;Messages:&lt;/p&gt;
&lt;div class=&quot;preformatted panel&quot; style=&quot;border-width: 1px;&quot;&gt;&lt;div class=&quot;preformattedContent panelContent&quot;&gt;
&lt;pre&gt;Executing org.apache.hive.ptest.execution.PrepPhase
Executing org.apache.hive.ptest.execution.ExecutionPhase
Executing org.apache.hive.ptest.execution.ReportingPhase
Tests exited with: TestsFailedException: 5 tests failed
&lt;/pre&gt;
&lt;/div&gt;&lt;/div&gt;

&lt;p&gt;This message is automatically generated.&lt;/p&gt;

&lt;p&gt;ATTACHMENT ID: 12736052 - PreCommit-HIVE-TRUNK-Build&lt;/p&gt;</comment>
                            <comment id="14566350" author="hiveqa" created="Sun, 31 May 2015 04:48:34 +0000"  >

&lt;p&gt;&lt;font color=&quot;red&quot;&gt;Overall&lt;/font&gt;: -1 at least one tests failed&lt;/p&gt;

&lt;p&gt;Here are the results of testing the latest attachment:&lt;br/&gt;
&lt;a href=&quot;https://issues.apache.org/jira/secure/attachment/12736350/HIVE-9069.18.patch&quot; class=&quot;external-link&quot; rel=&quot;nofollow&quot;&gt;https://issues.apache.org/jira/secure/attachment/12736350/HIVE-9069.18.patch&lt;/a&gt;&lt;/p&gt;

&lt;p&gt;&lt;font color=&quot;red&quot;&gt;ERROR:&lt;/font&gt; -1 due to 5 failed/errored test(s), 8987 tests executed&lt;br/&gt;
&lt;b&gt;Failed tests:&lt;/b&gt;&lt;/p&gt;
&lt;div class=&quot;preformatted panel&quot; style=&quot;border-width: 1px;&quot;&gt;&lt;div class=&quot;preformattedContent panelContent&quot;&gt;
&lt;pre&gt;TestUtil - did not produce a TEST-*.xml file
org.apache.hadoop.hive.cli.TestCliDriver.testCliDriver_fold_case
org.apache.hadoop.hive.cli.TestCliDriver.testCliDriver_udaf_histogram_numeric
org.apache.hadoop.hive.cli.TestMinimrCliDriver.testCliDriver_ql_rewrite_gbtoidx_cbo_2
org.apache.hive.jdbc.TestSSL.testSSLFetchHttp
&lt;/pre&gt;
&lt;/div&gt;&lt;/div&gt;

&lt;p&gt;Test results: &lt;a href=&quot;http://ec2-174-129-184-35.compute-1.amazonaws.com/jenkins/job/PreCommit-HIVE-TRUNK-Build/4112/testReport&quot; class=&quot;external-link&quot; target=&quot;_blank&quot; rel=&quot;nofollow noopener&quot;&gt;http://ec2-174-129-184-35.compute-1.amazonaws.com/jenkins/job/PreCommit-HIVE-TRUNK-Build/4112/testReport&lt;/a&gt;&lt;br/&gt;
Console output: &lt;a href=&quot;http://ec2-174-129-184-35.compute-1.amazonaws.com/jenkins/job/PreCommit-HIVE-TRUNK-Build/4112/console&quot; class=&quot;external-link&quot; target=&quot;_blank&quot; rel=&quot;nofollow noopener&quot;&gt;http://ec2-174-129-184-35.compute-1.amazonaws.com/jenkins/job/PreCommit-HIVE-TRUNK-Build/4112/console&lt;/a&gt;&lt;br/&gt;
Test logs: &lt;a href=&quot;http://ec2-174-129-184-35.compute-1.amazonaws.com/logs/PreCommit-HIVE-TRUNK-Build-4112/&quot; class=&quot;external-link&quot; target=&quot;_blank&quot; rel=&quot;nofollow noopener&quot;&gt;http://ec2-174-129-184-35.compute-1.amazonaws.com/logs/PreCommit-HIVE-TRUNK-Build-4112/&lt;/a&gt;&lt;/p&gt;

&lt;p&gt;Messages:&lt;/p&gt;
&lt;div class=&quot;preformatted panel&quot; style=&quot;border-width: 1px;&quot;&gt;&lt;div class=&quot;preformattedContent panelContent&quot;&gt;
&lt;pre&gt;Executing org.apache.hive.ptest.execution.PrepPhase
Executing org.apache.hive.ptest.execution.ExecutionPhase
Executing org.apache.hive.ptest.execution.ReportingPhase
Tests exited with: TestsFailedException: 5 tests failed
&lt;/pre&gt;
&lt;/div&gt;&lt;/div&gt;

&lt;p&gt;This message is automatically generated.&lt;/p&gt;

&lt;p&gt;ATTACHMENT ID: 12736350 - PreCommit-HIVE-TRUNK-Build&lt;/p&gt;</comment>
                            <comment id="14566367" author="jcamacho" created="Sun, 31 May 2015 05:25:40 +0000"  >&lt;p&gt;&lt;a href=&quot;https://issues.apache.org/jira/secure/ViewProfile.jspa?name=jpullokkaran&quot; class=&quot;user-hover&quot; rel=&quot;jpullokkaran&quot;&gt;jpullokkaran&lt;/a&gt;, fails are not related to the patch. Thanks&lt;/p&gt;</comment>
                            <comment id="14572362" author="gopalv" created="Thu, 4 Jun 2015 08:23:22 +0000"  >&lt;p&gt;This patch seems to have made TPC-DS Query 13 about ~2x faster.&lt;/p&gt;</comment>
                            <comment id="14572371" author="jpullokkaran" created="Thu, 4 Jun 2015 08:33:06 +0000"  >&lt;p&gt;+1&lt;/p&gt;</comment>
                            <comment id="14572394" author="jpullokkaran" created="Thu, 4 Jun 2015 08:52:59 +0000"  >&lt;p&gt;Committed to 1.2 branch &amp;amp; trunk.&lt;/p&gt;</comment>
                    </comments>
                <issuelinks>
                            <issuelinktype id="10030">
                    <name>Reference</name>
                                            <outwardlinks description="relates to">
                                        <issuelink>
            <issuekey id="12831425">HIVE-10770</issuekey>
        </issuelink>
            <issuelink>
            <issuekey id="12737893">HIVE-7914</issuekey>
        </issuelink>
                            </outwardlinks>
                                                                <inwardlinks description="is related to">
                                        <issuelink>
            <issuekey id="12902176">HIVE-12021</issuekey>
        </issuelink>
            <issuelink>
            <issuekey id="12850612">HIVE-11424</issuekey>
        </issuelink>
                            </inwardlinks>
                                    </issuelinktype>
                    </issuelinks>
                <attachments>
                            <attachment id="12733205" name="HIVE-9069.01.patch" size="11802" author="jcamachorodriguez" created="Fri, 15 May 2015 18:01:57 +0000"/>
                            <attachment id="12733320" name="HIVE-9069.02.patch" size="25883" author="jcamachorodriguez" created="Sat, 16 May 2015 12:21:43 +0000"/>
                            <attachment id="12733509" name="HIVE-9069.03.patch" size="30304" author="jcamachorodriguez" created="Mon, 18 May 2015 10:52:58 +0000"/>
                            <attachment id="12733555" name="HIVE-9069.04.patch" size="31225" author="jcamachorodriguez" created="Mon, 18 May 2015 14:37:58 +0000"/>
                            <attachment id="12733664" name="HIVE-9069.05.patch" size="30371" author="jcamachorodriguez" created="Mon, 18 May 2015 23:34:51 +0000"/>
                            <attachment id="12733755" name="HIVE-9069.06.patch" size="30358" author="jcamachorodriguez" created="Tue, 19 May 2015 08:44:08 +0000"/>
                            <attachment id="12733756" name="HIVE-9069.07.patch" size="30370" author="jcamachorodriguez" created="Tue, 19 May 2015 08:52:24 +0000"/>
                            <attachment id="12734102" name="HIVE-9069.08.patch" size="36824" author="jcamachorodriguez" created="Wed, 20 May 2015 09:43:27 +0000"/>
                            <attachment id="12733979" name="HIVE-9069.08.patch" size="36824" author="jcamachorodriguez" created="Tue, 19 May 2015 22:54:11 +0000"/>
                            <attachment id="12734381" name="HIVE-9069.09.patch" size="37043" author="jcamachorodriguez" created="Thu, 21 May 2015 09:04:04 +0000"/>
                            <attachment id="12734428" name="HIVE-9069.10.patch" size="42499" author="jcamachorodriguez" created="Thu, 21 May 2015 11:43:27 +0000"/>
                            <attachment id="12734791" name="HIVE-9069.11.patch" size="43318" author="jcamachorodriguez" created="Fri, 22 May 2015 10:32:23 +0000"/>
                            <attachment id="12735036" name="HIVE-9069.12.patch" size="99695" author="jcamachorodriguez" created="Sat, 23 May 2015 21:53:56 +0000"/>
                            <attachment id="12735066" name="HIVE-9069.13.patch" size="297381" author="jcamachorodriguez" created="Sun, 24 May 2015 12:59:26 +0000"/>
                            <attachment id="12735433" name="HIVE-9069.14.patch" size="289114" author="jcamachorodriguez" created="Tue, 26 May 2015 22:55:08 +0000"/>
                            <attachment id="12735298" name="HIVE-9069.14.patch" size="289114" author="jcamachorodriguez" created="Tue, 26 May 2015 11:03:33 +0000"/>
                            <attachment id="12735560" name="HIVE-9069.15.patch" size="280635" author="jcamachorodriguez" created="Wed, 27 May 2015 09:11:31 +0000"/>
                            <attachment id="12735645" name="HIVE-9069.16.patch" size="268502" author="jcamachorodriguez" created="Wed, 27 May 2015 18:06:36 +0000"/>
                            <attachment id="12735925" name="HIVE-9069.17.patch" size="268453" author="jcamachorodriguez" created="Thu, 28 May 2015 18:05:21 +0000"/>
                            <attachment id="12735797" name="HIVE-9069.17.patch" size="268453" author="jcamachorodriguez" created="Thu, 28 May 2015 05:32:19 +0000"/>
                            <attachment id="12736350" name="HIVE-9069.18.patch" size="268452" author="jcamachorodriguez" created="Sat, 30 May 2015 17:14:26 +0000"/>
                            <attachment id="12736052" name="HIVE-9069.18.patch" size="268452" author="jcamachorodriguez" created="Fri, 29 May 2015 05:53:42 +0000"/>
                            <attachment id="12737506" name="HIVE-9069.19.patch" size="268452" author="jpullokkaran" created="Thu, 4 Jun 2015 08:35:56 +0000"/>
                            <attachment id="12737505" name="HIVE-9069.19.patch" size="268452" author="jpullokkaran" created="Thu, 4 Jun 2015 08:35:01 +0000"/>
                            <attachment id="12749566" name="HIVE-9069.branch-1.patch" size="268424" author="jcamachorodriguez" created="Mon, 10 Aug 2015 10:41:41 +0000"/>
                            <attachment id="12733171" name="HIVE-9069.patch" size="11032" author="jcamachorodriguez" created="Fri, 15 May 2015 15:31:29 +0000"/>
                    </attachments>
                <subtasks>
                    </subtasks>
                <customfields>
                                                                            <customfield id="customfield_12310310" key="com.atlassian.jira.toolkit:attachments">
                        <customfieldname>Attachment count</customfieldname>
                        <customfieldvalues>
                            <customfieldvalue>26.0</customfieldvalue>
                        </customfieldvalues>
                    </customfield>
                                                                                                                                                                                                                                                                                                                                                                                                                                                                                                                                                                                                                                                                                                        <customfield id="customfield_12314020" key="com.atlassian.jira.plugins.jira-development-integration-plugin:devsummary">
                        <customfieldname>Development</customfieldname>
                        <customfieldvalues>
                            
                        </customfieldvalues>
                    </customfield>
                                                                                                                        <customfield id="customfield_12313422" key="com.atlassian.jirafisheyeplugin:jobcheckbox">
                        <customfieldname>Enable Automatic Patch Review</customfieldname>
                        <customfieldvalues>
                            <customfieldvalue><![CDATA[false]]></customfieldvalue>

                        </customfieldvalues>
                    </customfield>
                                                                                                                                                                                                                                                                                                                                                                                                                                                                                                                                                                                                                                                <customfield id="customfield_12310420" key="com.pyxis.greenhopper.jira:gh-global-rank">
                        <customfieldname>Global Rank</customfieldname>
                        <customfieldvalues>
                            <customfieldvalue>9223372036854775807</customfieldvalue>
                        </customfieldvalues>
                    </customfield>
                                                                                                                                                                                                                                                                    <customfield id="customfield_12312521" key="com.atlassian.jira.toolkit:LastCommentDate">
                        <customfieldname>Last public comment date</customfieldname>
                        <customfieldvalues>
                            10 years, 24 weeks, 6 days ago
                        </customfieldvalues>
                    </customfield>
                                                                                                                                                                                                                                                                                                <customfield id="customfield_12311820" key="com.pyxis.greenhopper.jira:gh-lexo-rank">
                        <customfieldname>Rank</customfieldname>
                        <customfieldvalues>
                            <customfieldvalue>0|i23auv:</customfieldvalue>

                        </customfieldvalues>
                    </customfield>
                                                                <customfield id="customfield_12310920" key="com.pyxis.greenhopper.jira:gh-global-rank">
                        <customfieldname>Rank (Obsolete)</customfieldname>
                        <customfieldvalues>
                            <customfieldvalue>9223372036854775807</customfieldvalue>
                        </customfieldvalues>
                    </customfield>
                                                                                                                                                                                                                                                                                                                                                                                                                                                                                                                                                                                                                                                                                                                                                                                                                                                                                </customfields>
    </item>
</channel>
</rss>