<!-- 
RSS generated by JIRA (8.20.10#820010-sha1:ace47f9899e9ee25d7157d59aa17ab06aee30d3d) at Wed Nov 12 18:34:25 UTC 2025

It is possible to restrict the fields that are returned in this document by specifying the 'field' parameter in your request.
For example, to request only the issue key and summary append 'field=key&field=summary' to the URL of your request.
-->
<rss version="0.92" >
<channel>
    <title>ASF Jira</title>
    <link>https://issues.apache.org/jira</link>
    <description>This file is an XML representation of an issue</description>
    <language>en-uk</language>    <build-info>
        <version>8.20.10</version>
        <build-number>820010</build-number>
        <build-date>22-06-2022</build-date>
    </build-info>


<item>
            <title>[HIVE-8931] Test TestAccumuloCliDriver is not completing</title>
                <link>https://issues.apache.org/jira/browse/HIVE-8931</link>
                <project id="12310843" key="HIVE">Hive</project>
                    <description>&lt;p&gt;Tests are taking 3 hours due to &lt;tt&gt;TestAccumuloCliDriver&lt;/tt&gt; not finishing.&lt;/p&gt;


&lt;p&gt;Logs:&lt;/p&gt;

&lt;p&gt;&lt;a href=&quot;http://ec2-174-129-184-35.compute-1.amazonaws.com/logs/PreCommit-HIVE-TRUNK-Build-1848/failed/TestAccumuloCliDriver/&quot; class=&quot;external-link&quot; target=&quot;_blank&quot; rel=&quot;nofollow noopener&quot;&gt;http://ec2-174-129-184-35.compute-1.amazonaws.com/logs/PreCommit-HIVE-TRUNK-Build-1848/failed/TestAccumuloCliDriver/&lt;/a&gt;&lt;/p&gt;</description>
                <environment></environment>
        <key id="12756855">HIVE-8931</key>
            <summary>Test TestAccumuloCliDriver is not completing</summary>
                <type id="1" iconUrl="https://issues.apache.org/jira/secure/viewavatar?size=xsmall&amp;avatarId=21133&amp;avatarType=issuetype">Bug</type>
                                            <priority id="3" iconUrl="https://issues.apache.org/jira/images/icons/priorities/major.svg">Major</priority>
                        <status id="5" iconUrl="https://issues.apache.org/jira/images/icons/statuses/resolved.png" description="A resolution has been taken, and it is awaiting verification by reporter. From here issues are either reopened, or are closed.">Resolved</status>
                    <statusCategory id="3" key="done" colorName="green"/>
                                    <resolution id="1">Fixed</resolution>
                                        <assignee username="elserj">Josh Elser</assignee>
                                    <reporter username="brocknoland">Brock Noland</reporter>
                        <labels>
                    </labels>
                <created>Fri, 21 Nov 2014 00:03:59 +0000</created>
                <updated>Mon, 8 Jun 2015 20:43:01 +0000</updated>
                            <resolved>Mon, 8 Jun 2015 20:43:01 +0000</resolved>
                                                    <fixVersion>1.2.1</fixVersion>
                                        <due></due>
                            <votes>0</votes>
                                    <watches>2</watches>
                                                                                                                <comments>
                            <comment id="14220266" author="brocknoland" created="Fri, 21 Nov 2014 00:04:38 +0000"  >&lt;p&gt;I&apos;ve excluded the test for now. I will add back when this JIRA is fixed.&lt;/p&gt;</comment>
                            <comment id="14220279" author="elserj" created="Fri, 21 Nov 2014 00:16:15 +0000"  >&lt;p&gt;Thanks for pointing it out, &lt;a href=&quot;https://issues.apache.org/jira/secure/ViewProfile.jspa?name=brocknoland&quot; class=&quot;user-hover&quot; rel=&quot;brocknoland&quot;&gt;brocknoland&lt;/a&gt;. I&apos;ll try to take a look.&lt;/p&gt;</comment>
                            <comment id="14220293" author="elserj" created="Fri, 21 Nov 2014 00:25:01 +0000"  >&lt;p&gt;Btw, any idea when this test started timing out? That would be super helpful to bisect things (assuming it was at some point passing &amp;#8211; it was for me when I wrote it, anways).&lt;/p&gt;</comment>
                            <comment id="14220397" author="brocknoland" created="Fri, 21 Nov 2014 01:58:05 +0000"  >&lt;p&gt;At least &quot;Started 3 days 7 hr ago&quot;&lt;/p&gt;</comment>
                            <comment id="14221391" author="brocknoland" created="Fri, 21 Nov 2014 20:37:19 +0000"  >&lt;p&gt;Found &lt;a href=&quot;https://issues.apache.org/jira/browse/HIVE-8944&quot; title=&quot;TestCompactor fails with IncompatibleClassChangeError&quot; class=&quot;issue-link&quot; data-issue-key=&quot;HIVE-8944&quot;&gt;&lt;del&gt;HIVE-8944&lt;/del&gt;&lt;/a&gt; as well. Might be related.&lt;/p&gt;</comment>
                            <comment id="14221395" author="brocknoland" created="Fri, 21 Nov 2014 20:40:40 +0000"  >&lt;p&gt;Nevermind, I don&apos;t think this is related. Comments over in &lt;a href=&quot;https://issues.apache.org/jira/browse/HIVE-8931&quot; title=&quot;Test TestAccumuloCliDriver is not completing&quot; class=&quot;issue-link&quot; data-issue-key=&quot;HIVE-8931&quot;&gt;&lt;del&gt;HIVE-8931&lt;/del&gt;&lt;/a&gt;.&lt;/p&gt;</comment>
                            <comment id="14246304" author="elserj" created="Mon, 15 Dec 2014 04:16:16 +0000"  >&lt;p&gt;&lt;a href=&quot;https://issues.apache.org/jira/browse/HIVE-8829&quot; title=&quot;Upgrade to Thrift 0.9.2&quot; class=&quot;issue-link&quot; data-issue-key=&quot;HIVE-8829&quot;&gt;&lt;del&gt;HIVE-8829&lt;/del&gt;&lt;/a&gt;, update to Thrift 0.9.2, is what broke these tests. Accumulo expects to function with Thrift 0.9.1 and the tests just throws everything and their brother on the classpath.&lt;/p&gt;

&lt;p&gt;I&apos;ll have to see if I can add some trickery to the test driver to keep the extra dependencies from being added.&lt;/p&gt;
</comment>
                            <comment id="14270685" author="elserj" created="Fri, 9 Jan 2015 07:16:49 +0000"  >&lt;p&gt;Getting back to this, I&apos;m a little stuck here. Backing up, &lt;tt&gt;hive-metastore&lt;/tt&gt; is bringing in libthrift-0.9.2 which is breaking things. The qtests ultimately pull from $CLASSPATH to star the Accumulo minicluster (which includes stuff from HIVE_HADOOP_TEST_CLASSPATH), that ultimately comes back to the maven test classpath. Without getting libthrift-0.9.1 somehow on the maven classpath, I don&apos;t know where the libthirft-0.9.1.jar even exists on the local m2 repository (and thus can&apos;t do any trickery to substitute it in place of the libthrift-0.9.2 dependency). My assumption is that excluding libthrift from the hive-metastore dependency will break the other qtests (but that is only a guess).&lt;/p&gt;

&lt;p&gt;Assuming I can&apos;t exclude libthrift from hive-metastore, I&apos;m not sure what I could even do at this point aside from introducing a new maven module specifically for the Accumulo qtests (and gives me carte blanche over the classpath). &lt;a href=&quot;https://issues.apache.org/jira/secure/ViewProfile.jspa?name=brocknoland&quot; class=&quot;user-hover&quot; rel=&quot;brocknoland&quot;&gt;brocknoland&lt;/a&gt;, any ideas? &lt;/p&gt;</comment>
                            <comment id="14271525" author="brocknoland" created="Fri, 9 Jan 2015 16:52:43 +0000"  >&lt;p&gt;Yes the HMS has code which depends specifically on the 0.9.2 version of thrift...&lt;/p&gt;</comment>
                            <comment id="14271529" author="elserj" created="Fri, 9 Jan 2015 16:56:00 +0000"  >&lt;blockquote&gt;&lt;p&gt;Yes the HMS has code which depends specifically on the 0.9.2 version of thrift...&lt;/p&gt;&lt;/blockquote&gt;

&lt;p&gt;I meant I&apos;m assuming that the QTests themselves are exercising the metastore in such a way that the thrift dependency is directly needed (and not doing some mock thing).&lt;/p&gt;</comment>
                            <comment id="14271537" author="brocknoland" created="Fri, 9 Jan 2015 17:03:22 +0000"  >&lt;p&gt;They actually don&apos;t start the server so you might get away with 0.9.1.&lt;/p&gt;</comment>
                            <comment id="14575536" author="elserj" created="Sat, 6 Jun 2015 02:42:32 +0000"  >&lt;p&gt;Finally circling back around on this.&lt;/p&gt;

&lt;p&gt;Gave up trying to make the tests work in itests/qtests and moved them to itests/qtests-accumulo where I can properly rip out all of the thrift 0.9.2 dependencies that sneak in all over.&lt;/p&gt;

&lt;p&gt;Gets the tests running, but, sadly, apparently something has broken since these stopped running as 3/7 are now failing. Will try to look into why those are busted now.&lt;/p&gt;</comment>
                            <comment id="14575912" author="hiveqa" created="Sat, 6 Jun 2015 20:03:27 +0000"  >

&lt;p&gt;&lt;font color=&quot;red&quot;&gt;Overall&lt;/font&gt;: -1 no tests executed&lt;/p&gt;

&lt;p&gt;Here are the results of testing the latest attachment:&lt;br/&gt;
&lt;a href=&quot;https://issues.apache.org/jira/secure/attachment/12738126/HIVE-8931.001.patch&quot; class=&quot;external-link&quot; rel=&quot;nofollow&quot;&gt;https://issues.apache.org/jira/secure/attachment/12738126/HIVE-8931.001.patch&lt;/a&gt;&lt;/p&gt;

&lt;p&gt;Test results: &lt;a href=&quot;http://ec2-174-129-184-35.compute-1.amazonaws.com/jenkins/job/PreCommit-HIVE-TRUNK-Build/4200/testReport&quot; class=&quot;external-link&quot; target=&quot;_blank&quot; rel=&quot;nofollow noopener&quot;&gt;http://ec2-174-129-184-35.compute-1.amazonaws.com/jenkins/job/PreCommit-HIVE-TRUNK-Build/4200/testReport&lt;/a&gt;&lt;br/&gt;
Console output: &lt;a href=&quot;http://ec2-174-129-184-35.compute-1.amazonaws.com/jenkins/job/PreCommit-HIVE-TRUNK-Build/4200/console&quot; class=&quot;external-link&quot; target=&quot;_blank&quot; rel=&quot;nofollow noopener&quot;&gt;http://ec2-174-129-184-35.compute-1.amazonaws.com/jenkins/job/PreCommit-HIVE-TRUNK-Build/4200/console&lt;/a&gt;&lt;br/&gt;
Test logs: &lt;a href=&quot;http://ec2-174-129-184-35.compute-1.amazonaws.com/logs/PreCommit-HIVE-TRUNK-Build-4200/&quot; class=&quot;external-link&quot; target=&quot;_blank&quot; rel=&quot;nofollow noopener&quot;&gt;http://ec2-174-129-184-35.compute-1.amazonaws.com/logs/PreCommit-HIVE-TRUNK-Build-4200/&lt;/a&gt;&lt;/p&gt;

&lt;p&gt;Messages:&lt;/p&gt;
&lt;div class=&quot;preformatted panel&quot; style=&quot;border-width: 1px;&quot;&gt;&lt;div class=&quot;preformattedContent panelContent&quot;&gt;
&lt;pre&gt;**** This message was trimmed, see log for full details ****
[INFO] Executing tasks

main:
[INFO] Executed tasks
[INFO] 
[INFO] --- maven-antrun-plugin:1.7:run (setup-test-dirs) @ hive-odbc ---
[INFO] Executing tasks

main:
    [mkdir] Created dir: /data/hive-ptest/working/apache-github-source-source/odbc/target/tmp
    [mkdir] Created dir: /data/hive-ptest/working/apache-github-source-source/odbc/target/warehouse
    [mkdir] Created dir: /data/hive-ptest/working/apache-github-source-source/odbc/target/tmp/conf
     [copy] Copying 11 files to /data/hive-ptest/working/apache-github-source-source/odbc/target/tmp/conf
[INFO] Executed tasks
[INFO] 
[INFO] --- maven-site-plugin:3.3:attach-descriptor (attach-descriptor) @ hive-odbc ---
[INFO] 
[INFO] --- maven-install-plugin:2.4:install (default-install) @ hive-odbc ---
[INFO] Installing /data/hive-ptest/working/apache-github-source-source/odbc/pom.xml to /home/hiveptest/.m2/repository/org/apache/hive/hive-odbc/1.3.0-SNAPSHOT/hive-odbc-1.3.0-SNAPSHOT.pom
[INFO]                                                                         
[INFO] ------------------------------------------------------------------------
[INFO] Building Hive Shims Aggregator 1.3.0-SNAPSHOT
[INFO] ------------------------------------------------------------------------
[INFO] 
[INFO] --- maven-clean-plugin:2.5:clean (default-clean) @ hive-shims-aggregator ---
[INFO] Deleting /data/hive-ptest/working/apache-github-source-source/shims/target
[INFO] Deleting /data/hive-ptest/working/apache-github-source-source/shims (includes = [datanucleus.log, derby.log], excludes = [])
[INFO] 
[INFO] --- maven-enforcer-plugin:1.3.1:enforce (enforce-no-snapshots) @ hive-shims-aggregator ---
[INFO] 
[INFO] --- maven-remote-resources-plugin:1.5:process (default) @ hive-shims-aggregator ---
[INFO] 
[INFO] --- maven-antrun-plugin:1.7:run (define-classpath) @ hive-shims-aggregator ---
[INFO] Executing tasks

main:
[INFO] Executed tasks
[INFO] 
[INFO] --- maven-antrun-plugin:1.7:run (setup-test-dirs) @ hive-shims-aggregator ---
[INFO] Executing tasks

main:
    [mkdir] Created dir: /data/hive-ptest/working/apache-github-source-source/shims/target/tmp
    [mkdir] Created dir: /data/hive-ptest/working/apache-github-source-source/shims/target/warehouse
    [mkdir] Created dir: /data/hive-ptest/working/apache-github-source-source/shims/target/tmp/conf
     [copy] Copying 11 files to /data/hive-ptest/working/apache-github-source-source/shims/target/tmp/conf
[INFO] Executed tasks
[INFO] 
[INFO] --- maven-site-plugin:3.3:attach-descriptor (attach-descriptor) @ hive-shims-aggregator ---
[INFO] 
[INFO] --- maven-install-plugin:2.4:install (default-install) @ hive-shims-aggregator ---
[INFO] Installing /data/hive-ptest/working/apache-github-source-source/shims/pom.xml to /home/hiveptest/.m2/repository/org/apache/hive/hive-shims-aggregator/1.3.0-SNAPSHOT/hive-shims-aggregator-1.3.0-SNAPSHOT.pom
[INFO]                                                                         
[INFO] ------------------------------------------------------------------------
[INFO] Building Hive TestUtils 1.3.0-SNAPSHOT
[INFO] ------------------------------------------------------------------------
[INFO] 
[INFO] --- maven-clean-plugin:2.5:clean (default-clean) @ hive-testutils ---
[INFO] Deleting /data/hive-ptest/working/apache-github-source-source/testutils/target
[INFO] Deleting /data/hive-ptest/working/apache-github-source-source/testutils (includes = [datanucleus.log, derby.log], excludes = [])
[INFO] 
[INFO] --- maven-enforcer-plugin:1.3.1:enforce (enforce-no-snapshots) @ hive-testutils ---
[INFO] 
[INFO] --- maven-remote-resources-plugin:1.5:process (default) @ hive-testutils ---
[INFO] 
[INFO] --- maven-resources-plugin:2.6:resources (default-resources) @ hive-testutils ---
[INFO] Using &apos;UTF-8&apos; encoding to copy filtered resources.
[INFO] skip non existing resourceDirectory /data/hive-ptest/working/apache-github-source-source/testutils/src/main/resources
[INFO] Copying 3 resources
[INFO] 
[INFO] --- maven-antrun-plugin:1.7:run (define-classpath) @ hive-testutils ---
[INFO] Executing tasks

main:
[INFO] Executed tasks
[INFO] 
[INFO] --- maven-compiler-plugin:3.1:compile (default-compile) @ hive-testutils ---
[INFO] Compiling 3 source files to /data/hive-ptest/working/apache-github-source-source/testutils/target/classes
[INFO] 
[INFO] --- maven-resources-plugin:2.6:testResources (default-testResources) @ hive-testutils ---
[INFO] Using &apos;UTF-8&apos; encoding to copy filtered resources.
[INFO] skip non existing resourceDirectory /data/hive-ptest/working/apache-github-source-source/testutils/src/test/resources
[INFO] Copying 3 resources
[INFO] 
[INFO] --- maven-antrun-plugin:1.7:run (setup-test-dirs) @ hive-testutils ---
[INFO] Executing tasks

main:
    [mkdir] Created dir: /data/hive-ptest/working/apache-github-source-source/testutils/target/tmp
    [mkdir] Created dir: /data/hive-ptest/working/apache-github-source-source/testutils/target/warehouse
    [mkdir] Created dir: /data/hive-ptest/working/apache-github-source-source/testutils/target/tmp/conf
     [copy] Copying 11 files to /data/hive-ptest/working/apache-github-source-source/testutils/target/tmp/conf
[INFO] Executed tasks
[INFO] 
[INFO] --- maven-compiler-plugin:3.1:testCompile (default-testCompile) @ hive-testutils ---
[INFO] No sources to compile
[INFO] 
[INFO] --- maven-surefire-plugin:2.16:test (default-test) @ hive-testutils ---
[INFO] Tests are skipped.
[INFO] 
[INFO] --- maven-jar-plugin:2.2:jar (default-jar) @ hive-testutils ---
[INFO] Building jar: /data/hive-ptest/working/apache-github-source-source/testutils/target/hive-testutils-1.3.0-SNAPSHOT.jar
[INFO] 
[INFO] --- maven-site-plugin:3.3:attach-descriptor (attach-descriptor) @ hive-testutils ---
[INFO] 
[INFO] --- maven-install-plugin:2.4:install (default-install) @ hive-testutils ---
[INFO] Installing /data/hive-ptest/working/apache-github-source-source/testutils/target/hive-testutils-1.3.0-SNAPSHOT.jar to /home/hiveptest/.m2/repository/org/apache/hive/hive-testutils/1.3.0-SNAPSHOT/hive-testutils-1.3.0-SNAPSHOT.jar
[INFO] Installing /data/hive-ptest/working/apache-github-source-source/testutils/pom.xml to /home/hiveptest/.m2/repository/org/apache/hive/hive-testutils/1.3.0-SNAPSHOT/hive-testutils-1.3.0-SNAPSHOT.pom
[INFO]                                                                         
[INFO] ------------------------------------------------------------------------
[INFO] Building Hive Packaging 1.3.0-SNAPSHOT
[INFO] ------------------------------------------------------------------------
[INFO] 
[INFO] --- maven-clean-plugin:2.5:clean (default-clean) @ hive-packaging ---
[INFO] Deleting /data/hive-ptest/working/apache-github-source-source/packaging/target
[INFO] Deleting /data/hive-ptest/working/apache-github-source-source/packaging (includes = [datanucleus.log, derby.log], excludes = [])
[INFO] 
[INFO] --- maven-enforcer-plugin:1.3.1:enforce (enforce-no-snapshots) @ hive-packaging ---
[INFO] 
[INFO] --- maven-remote-resources-plugin:1.5:process (default) @ hive-packaging ---
[INFO] 
[INFO] --- maven-antrun-plugin:1.7:run (define-classpath) @ hive-packaging ---
[INFO] Executing tasks

main:
[INFO] Executed tasks
[INFO] 
[INFO] --- maven-antrun-plugin:1.7:run (setup-test-dirs) @ hive-packaging ---
[INFO] Executing tasks

main:
    [mkdir] Created dir: /data/hive-ptest/working/apache-github-source-source/packaging/target/tmp
    [mkdir] Created dir: /data/hive-ptest/working/apache-github-source-source/packaging/target/warehouse
    [mkdir] Created dir: /data/hive-ptest/working/apache-github-source-source/packaging/target/tmp/conf
     [copy] Copying 11 files to /data/hive-ptest/working/apache-github-source-source/packaging/target/tmp/conf
[INFO] Executed tasks
[INFO] 
[INFO] --- maven-site-plugin:3.3:attach-descriptor (attach-descriptor) @ hive-packaging ---
[INFO] 
[INFO] --- maven-install-plugin:2.4:install (default-install) @ hive-packaging ---
[INFO] Installing /data/hive-ptest/working/apache-github-source-source/packaging/pom.xml to /home/hiveptest/.m2/repository/org/apache/hive/hive-packaging/1.3.0-SNAPSHOT/hive-packaging-1.3.0-SNAPSHOT.pom
[INFO] ------------------------------------------------------------------------
[INFO] Reactor Summary:
[INFO] 
[INFO] Hive .............................................. SUCCESS [14.067s]
[INFO] Hive Shims Common ................................. SUCCESS [14.598s]
[INFO] Hive Shims 0.20S .................................. SUCCESS [3.012s]
[INFO] Hive Shims 0.23 ................................... SUCCESS [10.672s]
[INFO] Hive Shims Scheduler .............................. SUCCESS [2.223s]
[INFO] Hive Shims ........................................ SUCCESS [2.406s]
[INFO] Hive Common ....................................... SUCCESS [15.465s]
[INFO] Hive Serde ........................................ SUCCESS [18.262s]
[INFO] Hive Metastore .................................... SUCCESS [35.856s]
[INFO] Hive Ant Utilities ................................ SUCCESS [1.869s]
[INFO] Spark Remote Client ............................... SUCCESS [26.701s]
[INFO] Hive Query Language ............................... SUCCESS [2:51.757s]
[INFO] Hive Service ...................................... SUCCESS [10.224s]
[INFO] Hive Accumulo Handler ............................. SUCCESS [6.342s]
[INFO] Hive JDBC ......................................... SUCCESS [18.766s]
[INFO] Hive Beeline ...................................... SUCCESS [2.486s]
[INFO] Hive CLI .......................................... SUCCESS [3.191s]
[INFO] Hive Contrib ...................................... SUCCESS [3.150s]
[INFO] Hive HBase Handler ................................ SUCCESS [6.049s]
[INFO] Hive HCatalog ..................................... SUCCESS [0.401s]
[INFO] Hive HCatalog Core ................................ SUCCESS [3.675s]
[INFO] Hive HCatalog Pig Adapter ......................... SUCCESS [3.116s]
[INFO] Hive HCatalog Server Extensions ................... SUCCESS [2.326s]
[INFO] Hive HCatalog Webhcat Java Client ................. SUCCESS [2.894s]
[INFO] Hive HCatalog Webhcat ............................. SUCCESS [11.353s]
[INFO] Hive HCatalog Streaming ........................... SUCCESS [1.785s]
[INFO] Hive HWI .......................................... SUCCESS [1.499s]
[INFO] Hive ODBC ......................................... SUCCESS [1.323s]
[INFO] Hive Shims Aggregator ............................. SUCCESS [0.407s]
[INFO] Hive TestUtils .................................... SUCCESS [0.314s]
[INFO] Hive Packaging .................................... SUCCESS [1.308s]
[INFO] ------------------------------------------------------------------------
[INFO] BUILD SUCCESS
[INFO] ------------------------------------------------------------------------
[INFO] Total time: 6:42.092s
[INFO] Finished at: Sat Jun 06 16:03:19 EDT 2015
[INFO] Final Memory: 223M/717M
[INFO] ------------------------------------------------------------------------
+ cd itests
+ mvn clean install -DskipTests -Phadoop-1
[INFO] Scanning for projects...
Downloading: http://repo.maven.apache.org/maven2/org/apache/hive/hive-it/1.2.0/hive-it-1.2.0.pom

[ERROR] The build could not read 1 project -&amp;gt; [Help 1]
[ERROR]   
[ERROR]   The project org.apache.hive:hive-it-qfile-accumulo:1.2.0 (/data/hive-ptest/working/apache-github-source-source/itests/qtest-accumulo/pom.xml) has 1 error
[ERROR]     Non-resolvable parent POM: Could not find artifact org.apache.hive:hive-it:pom:1.2.0 in central (http://repo.maven.apache.org/maven2) and &apos;parent.relativePath&apos; points at wrong local POM @ line 20, column 11 -&amp;gt; [Help 2]
[ERROR] 
[ERROR] To see the full stack trace of the errors, re-run Maven with the -e switch.
[ERROR] Re-run Maven using the -X switch to enable full debug logging.
[ERROR] 
[ERROR] For more information about the errors and possible solutions, please read the following articles:
[ERROR] [Help 1] http://cwiki.apache.org/confluence/display/MAVEN/ProjectBuildingException
[ERROR] [Help 2] http://cwiki.apache.org/confluence/display/MAVEN/UnresolvableModelException
+ exit 1
&apos;
&lt;/pre&gt;
&lt;/div&gt;&lt;/div&gt;

&lt;p&gt;This message is automatically generated.&lt;/p&gt;

&lt;p&gt;ATTACHMENT ID: 12738126 - PreCommit-HIVE-TRUNK-Build&lt;/p&gt;</comment>
                            <comment id="14576396" author="elserj" created="Sun, 7 Jun 2015 19:28:12 +0000"  >&lt;p&gt;v2 against master instead of branch-1.2. No difference other than the version in the pom which is what caused the precommit to fail.&lt;/p&gt;</comment>
                            <comment id="14576409" author="elserj" created="Sun, 7 Jun 2015 19:53:39 +0000"  >&lt;p&gt;Drat, a few test failures due to having to work around the shaded hive-exec jar.&lt;/p&gt;</comment>
                            <comment id="14576419" author="elserj" created="Sun, 7 Jun 2015 20:09:38 +0000"  >&lt;p&gt;Just missed the fastbit dependency. All AccumuloStorageHandler tests passed for me after that.&lt;/p&gt;</comment>
                            <comment id="14576447" author="hiveqa" created="Sun, 7 Jun 2015 21:34:12 +0000"  >

&lt;p&gt;&lt;font color=&quot;red&quot;&gt;Overall&lt;/font&gt;: -1 at least one tests failed&lt;/p&gt;

&lt;p&gt;Here are the results of testing the latest attachment:&lt;br/&gt;
&lt;a href=&quot;https://issues.apache.org/jira/secure/attachment/12738266/HIVE-8931.002.patch&quot; class=&quot;external-link&quot; rel=&quot;nofollow&quot;&gt;https://issues.apache.org/jira/secure/attachment/12738266/HIVE-8931.002.patch&lt;/a&gt;&lt;/p&gt;

&lt;p&gt;&lt;font color=&quot;red&quot;&gt;ERROR:&lt;/font&gt; -1 due to 1 failed/errored test(s), 9003 tests executed&lt;br/&gt;
&lt;b&gt;Failed tests:&lt;/b&gt;&lt;/p&gt;
&lt;div class=&quot;preformatted panel&quot; style=&quot;border-width: 1px;&quot;&gt;&lt;div class=&quot;preformattedContent panelContent&quot;&gt;
&lt;pre&gt;org.apache.hadoop.hive.cli.TestCliDriver.testCliDriver_autogen_colalias
&lt;/pre&gt;
&lt;/div&gt;&lt;/div&gt;

&lt;p&gt;Test results: &lt;a href=&quot;http://ec2-174-129-184-35.compute-1.amazonaws.com/jenkins/job/PreCommit-HIVE-TRUNK-Build/4207/testReport&quot; class=&quot;external-link&quot; target=&quot;_blank&quot; rel=&quot;nofollow noopener&quot;&gt;http://ec2-174-129-184-35.compute-1.amazonaws.com/jenkins/job/PreCommit-HIVE-TRUNK-Build/4207/testReport&lt;/a&gt;&lt;br/&gt;
Console output: &lt;a href=&quot;http://ec2-174-129-184-35.compute-1.amazonaws.com/jenkins/job/PreCommit-HIVE-TRUNK-Build/4207/console&quot; class=&quot;external-link&quot; target=&quot;_blank&quot; rel=&quot;nofollow noopener&quot;&gt;http://ec2-174-129-184-35.compute-1.amazonaws.com/jenkins/job/PreCommit-HIVE-TRUNK-Build/4207/console&lt;/a&gt;&lt;br/&gt;
Test logs: &lt;a href=&quot;http://ec2-174-129-184-35.compute-1.amazonaws.com/logs/PreCommit-HIVE-TRUNK-Build-4207/&quot; class=&quot;external-link&quot; target=&quot;_blank&quot; rel=&quot;nofollow noopener&quot;&gt;http://ec2-174-129-184-35.compute-1.amazonaws.com/logs/PreCommit-HIVE-TRUNK-Build-4207/&lt;/a&gt;&lt;/p&gt;

&lt;p&gt;Messages:&lt;/p&gt;
&lt;div class=&quot;preformatted panel&quot; style=&quot;border-width: 1px;&quot;&gt;&lt;div class=&quot;preformattedContent panelContent&quot;&gt;
&lt;pre&gt;Executing org.apache.hive.ptest.execution.PrepPhase
Executing org.apache.hive.ptest.execution.ExecutionPhase
Executing org.apache.hive.ptest.execution.ReportingPhase
Tests exited with: TestsFailedException: 1 tests failed
&lt;/pre&gt;
&lt;/div&gt;&lt;/div&gt;

&lt;p&gt;This message is automatically generated.&lt;/p&gt;

&lt;p&gt;ATTACHMENT ID: 12738266 - PreCommit-HIVE-TRUNK-Build&lt;/p&gt;</comment>
                            <comment id="14576492" author="hiveqa" created="Sun, 7 Jun 2015 23:07:36 +0000"  >

&lt;p&gt;&lt;font color=&quot;red&quot;&gt;Overall&lt;/font&gt;: -1 at least one tests failed&lt;/p&gt;

&lt;p&gt;Here are the results of testing the latest attachment:&lt;br/&gt;
&lt;a href=&quot;https://issues.apache.org/jira/secure/attachment/12738271/HIVE-8931.003.patch&quot; class=&quot;external-link&quot; rel=&quot;nofollow&quot;&gt;https://issues.apache.org/jira/secure/attachment/12738271/HIVE-8931.003.patch&lt;/a&gt;&lt;/p&gt;

&lt;p&gt;&lt;font color=&quot;red&quot;&gt;ERROR:&lt;/font&gt; -1 due to 2 failed/errored test(s), 9003 tests executed&lt;br/&gt;
&lt;b&gt;Failed tests:&lt;/b&gt;&lt;/p&gt;
&lt;div class=&quot;preformatted panel&quot; style=&quot;border-width: 1px;&quot;&gt;&lt;div class=&quot;preformattedContent panelContent&quot;&gt;
&lt;pre&gt;org.apache.hadoop.hive.cli.TestCliDriver.testCliDriver_autogen_colalias
org.apache.hadoop.hive.cli.TestMinimrCliDriver.testCliDriver_index_bitmap_auto
&lt;/pre&gt;
&lt;/div&gt;&lt;/div&gt;

&lt;p&gt;Test results: &lt;a href=&quot;http://ec2-174-129-184-35.compute-1.amazonaws.com/jenkins/job/PreCommit-HIVE-TRUNK-Build/4208/testReport&quot; class=&quot;external-link&quot; target=&quot;_blank&quot; rel=&quot;nofollow noopener&quot;&gt;http://ec2-174-129-184-35.compute-1.amazonaws.com/jenkins/job/PreCommit-HIVE-TRUNK-Build/4208/testReport&lt;/a&gt;&lt;br/&gt;
Console output: &lt;a href=&quot;http://ec2-174-129-184-35.compute-1.amazonaws.com/jenkins/job/PreCommit-HIVE-TRUNK-Build/4208/console&quot; class=&quot;external-link&quot; target=&quot;_blank&quot; rel=&quot;nofollow noopener&quot;&gt;http://ec2-174-129-184-35.compute-1.amazonaws.com/jenkins/job/PreCommit-HIVE-TRUNK-Build/4208/console&lt;/a&gt;&lt;br/&gt;
Test logs: &lt;a href=&quot;http://ec2-174-129-184-35.compute-1.amazonaws.com/logs/PreCommit-HIVE-TRUNK-Build-4208/&quot; class=&quot;external-link&quot; target=&quot;_blank&quot; rel=&quot;nofollow noopener&quot;&gt;http://ec2-174-129-184-35.compute-1.amazonaws.com/logs/PreCommit-HIVE-TRUNK-Build-4208/&lt;/a&gt;&lt;/p&gt;

&lt;p&gt;Messages:&lt;/p&gt;
&lt;div class=&quot;preformatted panel&quot; style=&quot;border-width: 1px;&quot;&gt;&lt;div class=&quot;preformattedContent panelContent&quot;&gt;
&lt;pre&gt;Executing org.apache.hive.ptest.execution.PrepPhase
Executing org.apache.hive.ptest.execution.ExecutionPhase
Executing org.apache.hive.ptest.execution.ReportingPhase
Tests exited with: TestsFailedException: 2 tests failed
&lt;/pre&gt;
&lt;/div&gt;&lt;/div&gt;

&lt;p&gt;This message is automatically generated.&lt;/p&gt;

&lt;p&gt;ATTACHMENT ID: 12738271 - PreCommit-HIVE-TRUNK-Build&lt;/p&gt;</comment>
                            <comment id="14577794" author="daijy" created="Mon, 8 Jun 2015 20:37:43 +0000"  >&lt;p&gt;The downside is we are going to maintain qtest-accumulo/pom.xml going forward, but I cannot think of a better solution. +1 to fix unit tests which we definitely have to.&lt;/p&gt;</comment>
                            <comment id="14577798" author="elserj" created="Mon, 8 Jun 2015 20:40:04 +0000"  >&lt;p&gt;Thanks for the review &lt;a href=&quot;https://issues.apache.org/jira/secure/ViewProfile.jspa?name=daijy&quot; class=&quot;user-hover&quot; rel=&quot;daijy&quot;&gt;daijy&lt;/a&gt;!&lt;/p&gt;

&lt;blockquote&gt;&lt;p&gt;The downside is we are going to maintain qtest-accumulo/pom.xml going forward, but I cannot think of a better solution&lt;/p&gt;&lt;/blockquote&gt;

&lt;p&gt;Yeah, that was the conclusion that I came to. I&apos;m all ears if someone has a suggestion for something better to do, but I couldn&apos;t come up with anything.&lt;/p&gt;</comment>
                            <comment id="14577805" author="daijy" created="Mon, 8 Jun 2015 20:43:01 +0000"  >&lt;p&gt;Patch committed to both master and 1.2 branch.&lt;/p&gt;</comment>
                    </comments>
                <issuelinks>
                            <issuelinktype id="10030">
                    <name>Reference</name>
                                            <outwardlinks description="relates to">
                                        <issuelink>
            <issuekey id="12757082">HIVE-8944</issuekey>
        </issuelink>
                            </outwardlinks>
                                                                <inwardlinks description="is related to">
                                        <issuelink>
            <issuekey id="12757744">HIVE-8964</issuekey>
        </issuelink>
            <issuelink>
            <issuekey id="12757746">HIVE-8965</issuekey>
        </issuelink>
                            </inwardlinks>
                                    </issuelinktype>
                            <issuelinktype id="12310050">
                    <name>Regression</name>
                                                                <inwardlinks description="is broken by">
                                        <issuelink>
            <issuekey id="12754602">HIVE-8829</issuekey>
        </issuelink>
                            </inwardlinks>
                                    </issuelinktype>
                    </issuelinks>
                <attachments>
                            <attachment id="12738126" name="HIVE-8931.001.patch" size="24254" author="elserj" created="Sat, 6 Jun 2015 02:42:32 +0000"/>
                            <attachment id="12738266" name="HIVE-8931.002.patch" size="24263" author="elserj" created="Sun, 7 Jun 2015 19:28:12 +0000"/>
                            <attachment id="12738271" name="HIVE-8931.003.patch" size="24101" author="elserj" created="Sun, 7 Jun 2015 20:09:38 +0000"/>
                    </attachments>
                <subtasks>
                    </subtasks>
                <customfields>
                                                                            <customfield id="customfield_12310310" key="com.atlassian.jira.toolkit:attachments">
                        <customfieldname>Attachment count</customfieldname>
                        <customfieldvalues>
                            <customfieldvalue>3.0</customfieldvalue>
                        </customfieldvalues>
                    </customfield>
                                                                                                                                                                                                                                                                                                                                                                                                                                                                                                                                                                                                                                                                                                        <customfield id="customfield_12314020" key="com.atlassian.jira.plugins.jira-development-integration-plugin:devsummary">
                        <customfieldname>Development</customfieldname>
                        <customfieldvalues>
                            
                        </customfieldvalues>
                    </customfield>
                                                                                                                        <customfield id="customfield_12313422" key="com.atlassian.jirafisheyeplugin:jobcheckbox">
                        <customfieldname>Enable Automatic Patch Review</customfieldname>
                        <customfieldvalues>
                            <customfieldvalue><![CDATA[false]]></customfieldvalue>

                        </customfieldvalues>
                    </customfield>
                                                                                                                                                                                                                                                                                                                                                                                                                                                                                                                                                                                                                                                <customfield id="customfield_12310420" key="com.pyxis.greenhopper.jira:gh-global-rank">
                        <customfieldname>Global Rank</customfieldname>
                        <customfieldvalues>
                            <customfieldvalue>9223372036854775807</customfieldvalue>
                        </customfieldvalues>
                    </customfield>
                                                                <customfield id="customfield_12310191" key="com.atlassian.jira.plugin.system.customfieldtypes:multicheckboxes">
                        <customfieldname>Hadoop Flags</customfieldname>
                        <customfieldvalues>
                                <customfieldvalue key="10343"><![CDATA[Reviewed]]></customfieldvalue>
    
                        </customfieldvalues>
                    </customfield>
                                                                                                                                                                                                                                        <customfield id="customfield_12312521" key="com.atlassian.jira.toolkit:LastCommentDate">
                        <customfieldname>Last public comment date</customfieldname>
                        <customfieldvalues>
                            10 years, 24 weeks, 1 day ago
                        </customfieldvalues>
                    </customfield>
                                                                                                                                                                                                                                                                                                <customfield id="customfield_12311820" key="com.pyxis.greenhopper.jira:gh-lexo-rank">
                        <customfieldname>Rank</customfieldname>
                        <customfieldvalues>
                            <customfieldvalue>0|i22mr3:</customfieldvalue>

                        </customfieldvalues>
                    </customfield>
                                                                <customfield id="customfield_12310920" key="com.pyxis.greenhopper.jira:gh-global-rank">
                        <customfieldname>Rank (Obsolete)</customfieldname>
                        <customfieldvalues>
                            <customfieldvalue>9223372036854775807</customfieldvalue>
                        </customfieldvalues>
                    </customfield>
                                                                                                                                                                                                                                                                                                                                                                                                                                                                                                                                                                                                                                                                                                                                                                                                                                                                                </customfields>
    </item>
</channel>
</rss>