<!-- 
RSS generated by JIRA (8.20.10#820010-sha1:ace47f9899e9ee25d7157d59aa17ab06aee30d3d) at Wed Nov 12 18:34:31 UTC 2025

It is possible to restrict the fields that are returned in this document by specifying the 'field' parameter in your request.
For example, to request only the issue key and summary append 'field=key&field=summary' to the URL of your request.
-->
<rss version="0.92" >
<channel>
    <title>ASF Jira</title>
    <link>https://issues.apache.org/jira</link>
    <description>This file is an XML representation of an issue</description>
    <language>en-uk</language>    <build-info>
        <version>8.20.10</version>
        <build-number>820010</build-number>
        <build-date>22-06-2022</build-date>
    </build-info>


<item>
            <title>[HIVE-10966] direct SQL for stats has a cast exception on some databases</title>
                <link>https://issues.apache.org/jira/browse/HIVE-10966</link>
                <project id="12310843" key="HIVE">Hive</project>
                    <description></description>
                <environment></environment>
        <key id="12836260">HIVE-10966</key>
            <summary>direct SQL for stats has a cast exception on some databases</summary>
                <type id="1" iconUrl="https://issues.apache.org/jira/secure/viewavatar?size=xsmall&amp;avatarId=21133&amp;avatarType=issuetype">Bug</type>
                                            <priority id="3" iconUrl="https://issues.apache.org/jira/images/icons/priorities/major.svg">Major</priority>
                        <status id="5" iconUrl="https://issues.apache.org/jira/images/icons/statuses/resolved.png" description="A resolution has been taken, and it is awaiting verification by reporter. From here issues are either reopened, or are closed.">Resolved</status>
                    <statusCategory id="3" key="done" colorName="green"/>
                                    <resolution id="1">Fixed</resolution>
                                        <assignee username="sershe">Sergey Shelukhin</assignee>
                                    <reporter username="sershe">Sergey Shelukhin</reporter>
                        <labels>
                    </labels>
                <created>Mon, 8 Jun 2015 19:42:29 +0000</created>
                <updated>Wed, 10 Jun 2015 01:31:02 +0000</updated>
                            <resolved>Wed, 10 Jun 2015 01:31:02 +0000</resolved>
                                                    <fixVersion>1.2.1</fixVersion>
                                        <due></due>
                            <votes>0</votes>
                                    <watches>3</watches>
                                                                                                                <comments>
                            <comment id="14577715" author="sershe" created="Mon, 8 Jun 2015 19:43:33 +0000"  >&lt;p&gt;&lt;a href=&quot;https://issues.apache.org/jira/secure/ViewProfile.jspa?name=sushanth&quot; class=&quot;user-hover&quot; rel=&quot;sushanth&quot;&gt;sushanth&lt;/a&gt; can you take a look? Both for mainline, and 1.2?&lt;/p&gt;</comment>
                            <comment id="14577862" author="ashutoshc" created="Mon, 8 Jun 2015 21:13:41 +0000"  >&lt;p&gt;+1&lt;/p&gt;</comment>
                            <comment id="14577894" author="hiveqa" created="Mon, 8 Jun 2015 21:42:20 +0000"  >

&lt;p&gt;&lt;font color=&quot;red&quot;&gt;Overall&lt;/font&gt;: -1 no tests executed&lt;/p&gt;

&lt;p&gt;Here are the results of testing the latest attachment:&lt;br/&gt;
&lt;a href=&quot;https://issues.apache.org/jira/secure/attachment/12738424/HIVE-10966.patch&quot; class=&quot;external-link&quot; rel=&quot;nofollow&quot;&gt;https://issues.apache.org/jira/secure/attachment/12738424/HIVE-10966.patch&lt;/a&gt;&lt;/p&gt;

&lt;p&gt;Test results: &lt;a href=&quot;http://ec2-174-129-184-35.compute-1.amazonaws.com/jenkins/job/PreCommit-HIVE-TRUNK-Build/4216/testReport&quot; class=&quot;external-link&quot; target=&quot;_blank&quot; rel=&quot;nofollow noopener&quot;&gt;http://ec2-174-129-184-35.compute-1.amazonaws.com/jenkins/job/PreCommit-HIVE-TRUNK-Build/4216/testReport&lt;/a&gt;&lt;br/&gt;
Console output: &lt;a href=&quot;http://ec2-174-129-184-35.compute-1.amazonaws.com/jenkins/job/PreCommit-HIVE-TRUNK-Build/4216/console&quot; class=&quot;external-link&quot; target=&quot;_blank&quot; rel=&quot;nofollow noopener&quot;&gt;http://ec2-174-129-184-35.compute-1.amazonaws.com/jenkins/job/PreCommit-HIVE-TRUNK-Build/4216/console&lt;/a&gt;&lt;br/&gt;
Test logs: &lt;a href=&quot;http://ec2-174-129-184-35.compute-1.amazonaws.com/logs/PreCommit-HIVE-TRUNK-Build-4216/&quot; class=&quot;external-link&quot; target=&quot;_blank&quot; rel=&quot;nofollow noopener&quot;&gt;http://ec2-174-129-184-35.compute-1.amazonaws.com/logs/PreCommit-HIVE-TRUNK-Build-4216/&lt;/a&gt;&lt;/p&gt;

&lt;p&gt;Messages:&lt;/p&gt;
&lt;div class=&quot;preformatted panel&quot; style=&quot;border-width: 1px;&quot;&gt;&lt;div class=&quot;preformattedContent panelContent&quot;&gt;
&lt;pre&gt;**** This message was trimmed, see log for full details ****
[INFO] --- maven-resources-plugin:2.6:testResources (default-testResources) @ hive-hwi ---
[INFO] Using &apos;UTF-8&apos; encoding to copy filtered resources.
[INFO] skip non existing resourceDirectory /data/hive-ptest/working/apache-github-source-source/hwi/src/test/resources
[INFO] Copying 3 resources
[INFO] 
[INFO] --- maven-antrun-plugin:1.7:run (setup-test-dirs) @ hive-hwi ---
[INFO] Executing tasks

main:
   [delete] Deleting directory /data/hive-ptest/working/apache-github-source-source/hwi/target/tmp
   [delete] Deleting directory /data/hive-ptest/working/apache-github-source-source/hwi/target/warehouse
    [mkdir] Created dir: /data/hive-ptest/working/apache-github-source-source/hwi/target/tmp
    [mkdir] Created dir: /data/hive-ptest/working/apache-github-source-source/hwi/target/warehouse
    [mkdir] Created dir: /data/hive-ptest/working/apache-github-source-source/hwi/target/tmp/conf
     [copy] Copying 11 files to /data/hive-ptest/working/apache-github-source-source/hwi/target/tmp/conf
[INFO] Executed tasks
[INFO] 
[INFO] --- maven-compiler-plugin:3.1:testCompile (default-testCompile) @ hive-hwi ---
[INFO] Nothing to compile - all classes are up to date
[INFO] 
[INFO] --- maven-surefire-plugin:2.16:test (default-test) @ hive-hwi ---
[INFO]                                                                         
[INFO] ------------------------------------------------------------------------
[INFO] Building Hive ODBC 2.0.0-SNAPSHOT
[INFO] ------------------------------------------------------------------------
[INFO] 
[INFO] --- maven-enforcer-plugin:1.3.1:enforce (enforce-no-snapshots) @ hive-odbc ---
[INFO] 
[INFO] --- maven-remote-resources-plugin:1.5:process (default) @ hive-odbc ---
[INFO] 
[INFO] --- maven-antrun-plugin:1.7:run (define-classpath) @ hive-odbc ---
[INFO] Executing tasks

main:
[INFO] Executed tasks
[INFO] 
[INFO] --- maven-antrun-plugin:1.7:run (setup-test-dirs) @ hive-odbc ---
[INFO] Executing tasks

main:
   [delete] Deleting directory /data/hive-ptest/working/apache-github-source-source/odbc/target/tmp
   [delete] Deleting directory /data/hive-ptest/working/apache-github-source-source/odbc/target/warehouse
    [mkdir] Created dir: /data/hive-ptest/working/apache-github-source-source/odbc/target/tmp
    [mkdir] Created dir: /data/hive-ptest/working/apache-github-source-source/odbc/target/warehouse
    [mkdir] Created dir: /data/hive-ptest/working/apache-github-source-source/odbc/target/tmp/conf
     [copy] Copying 11 files to /data/hive-ptest/working/apache-github-source-source/odbc/target/tmp/conf
[INFO] Executed tasks
[INFO]                                                                         
[INFO] ------------------------------------------------------------------------
[INFO] Building Hive Shims Aggregator 2.0.0-SNAPSHOT
[INFO] ------------------------------------------------------------------------
[INFO] 
[INFO] --- maven-enforcer-plugin:1.3.1:enforce (enforce-no-snapshots) @ hive-shims-aggregator ---
[INFO] 
[INFO] --- maven-remote-resources-plugin:1.5:process (default) @ hive-shims-aggregator ---
[INFO] 
[INFO] --- maven-antrun-plugin:1.7:run (define-classpath) @ hive-shims-aggregator ---
[INFO] Executing tasks

main:
[INFO] Executed tasks
[INFO] 
[INFO] --- maven-antrun-plugin:1.7:run (setup-test-dirs) @ hive-shims-aggregator ---
[INFO] Executing tasks

main:
   [delete] Deleting directory /data/hive-ptest/working/apache-github-source-source/shims/target/tmp
   [delete] Deleting directory /data/hive-ptest/working/apache-github-source-source/shims/target/warehouse
    [mkdir] Created dir: /data/hive-ptest/working/apache-github-source-source/shims/target/tmp
    [mkdir] Created dir: /data/hive-ptest/working/apache-github-source-source/shims/target/warehouse
    [mkdir] Created dir: /data/hive-ptest/working/apache-github-source-source/shims/target/tmp/conf
     [copy] Copying 11 files to /data/hive-ptest/working/apache-github-source-source/shims/target/tmp/conf
[INFO] Executed tasks
[INFO]                                                                         
[INFO] ------------------------------------------------------------------------
[INFO] Building Hive TestUtils 2.0.0-SNAPSHOT
[INFO] ------------------------------------------------------------------------
[INFO] 
[INFO] --- maven-enforcer-plugin:1.3.1:enforce (enforce-no-snapshots) @ hive-testutils ---
[INFO] 
[INFO] --- maven-remote-resources-plugin:1.5:process (default) @ hive-testutils ---
[INFO] 
[INFO] --- maven-resources-plugin:2.6:resources (default-resources) @ hive-testutils ---
[INFO] Using &apos;UTF-8&apos; encoding to copy filtered resources.
[INFO] skip non existing resourceDirectory /data/hive-ptest/working/apache-github-source-source/testutils/src/main/resources
[INFO] Copying 3 resources
[INFO] 
[INFO] --- maven-antrun-plugin:1.7:run (define-classpath) @ hive-testutils ---
[INFO] Executing tasks

main:
[INFO] Executed tasks
[INFO] 
[INFO] --- maven-compiler-plugin:3.1:compile (default-compile) @ hive-testutils ---
[INFO] Nothing to compile - all classes are up to date
[INFO] 
[INFO] --- maven-resources-plugin:2.6:testResources (default-testResources) @ hive-testutils ---
[INFO] Using &apos;UTF-8&apos; encoding to copy filtered resources.
[INFO] skip non existing resourceDirectory /data/hive-ptest/working/apache-github-source-source/testutils/src/test/resources
[INFO] Copying 3 resources
[INFO] 
[INFO] --- maven-antrun-plugin:1.7:run (setup-test-dirs) @ hive-testutils ---
[INFO] Executing tasks

main:
   [delete] Deleting directory /data/hive-ptest/working/apache-github-source-source/testutils/target/tmp
   [delete] Deleting directory /data/hive-ptest/working/apache-github-source-source/testutils/target/warehouse
    [mkdir] Created dir: /data/hive-ptest/working/apache-github-source-source/testutils/target/tmp
    [mkdir] Created dir: /data/hive-ptest/working/apache-github-source-source/testutils/target/warehouse
    [mkdir] Created dir: /data/hive-ptest/working/apache-github-source-source/testutils/target/tmp/conf
     [copy] Copying 11 files to /data/hive-ptest/working/apache-github-source-source/testutils/target/tmp/conf
[INFO] Executed tasks
[INFO] 
[INFO] --- maven-compiler-plugin:3.1:testCompile (default-testCompile) @ hive-testutils ---
[INFO] No sources to compile
[INFO] 
[INFO] --- maven-surefire-plugin:2.16:test (default-test) @ hive-testutils ---
[INFO]                                                                         
[INFO] ------------------------------------------------------------------------
[INFO] Building Hive Packaging 2.0.0-SNAPSHOT
[INFO] ------------------------------------------------------------------------
[INFO] 
[INFO] --- maven-enforcer-plugin:1.3.1:enforce (enforce-no-snapshots) @ hive-packaging ---
[INFO] 
[INFO] --- maven-remote-resources-plugin:1.5:process (default) @ hive-packaging ---
[INFO] 
[INFO] --- maven-antrun-plugin:1.7:run (define-classpath) @ hive-packaging ---
[INFO] Executing tasks

main:
[INFO] Executed tasks
[INFO] 
[INFO] --- maven-antrun-plugin:1.7:run (setup-test-dirs) @ hive-packaging ---
[INFO] Executing tasks

main:
   [delete] Deleting directory /data/hive-ptest/working/apache-github-source-source/packaging/target/tmp
   [delete] Deleting directory /data/hive-ptest/working/apache-github-source-source/packaging/target/warehouse
    [mkdir] Created dir: /data/hive-ptest/working/apache-github-source-source/packaging/target/tmp
    [mkdir] Created dir: /data/hive-ptest/working/apache-github-source-source/packaging/target/warehouse
    [mkdir] Created dir: /data/hive-ptest/working/apache-github-source-source/packaging/target/tmp/conf
     [copy] Copying 11 files to /data/hive-ptest/working/apache-github-source-source/packaging/target/tmp/conf
[INFO] Executed tasks
[INFO] ------------------------------------------------------------------------
[INFO] Reactor Summary:
[INFO] 
[INFO] Hive .............................................. SUCCESS [11.465s]
[INFO] Hive Shims Common ................................. SUCCESS [7.217s]
[INFO] Hive Shims 0.20S .................................. SUCCESS [2.093s]
[INFO] Hive Shims 0.23 ................................... SUCCESS [7.736s]
[INFO] Hive Shims Scheduler .............................. SUCCESS [1.701s]
[INFO] Hive Shims ........................................ SUCCESS [2.601s]
[INFO] Hive Common ....................................... SUCCESS [6.352s]
[INFO] Hive Serde ........................................ SUCCESS [4.330s]
[INFO] Hive Metastore .................................... SUCCESS [10.302s]
[INFO] Hive Ant Utilities ................................ SUCCESS [1.372s]
[INFO] Spark Remote Client ............................... SUCCESS [18.834s]
[INFO] Hive Query Language ............................... SUCCESS [33.107s]
[INFO] Hive Service ...................................... SUCCESS [5.212s]
[INFO] Hive Accumulo Handler ............................. SUCCESS [4.589s]
[INFO] Hive JDBC ......................................... SUCCESS [1.509s]
[INFO] Hive Beeline ...................................... SUCCESS [2.721s]
[INFO] Hive CLI .......................................... SUCCESS [3.264s]
[INFO] Hive Contrib ...................................... SUCCESS [3.036s]
[INFO] Hive HBase Handler ................................ SUCCESS [10.136s]
[INFO] Hive HCatalog ..................................... SUCCESS [1.316s]
[INFO] Hive HCatalog Core ................................ SUCCESS [2.149s]
[INFO] Hive HCatalog Pig Adapter ......................... SUCCESS [2.628s]
[INFO] Hive HCatalog Server Extensions ................... SUCCESS [1.956s]
[INFO] Hive HCatalog Webhcat Java Client ................. SUCCESS [1.436s]
[INFO] Hive HCatalog Webhcat ............................. SUCCESS [12.177s]
[INFO] Hive HCatalog Streaming ........................... SUCCESS [1.542s]
[INFO] Hive HWI .......................................... SUCCESS [1.714s]
[INFO] Hive ODBC ......................................... SUCCESS [1.423s]
[INFO] Hive Shims Aggregator ............................. SUCCESS [0.222s]
[INFO] Hive TestUtils .................................... SUCCESS [0.264s]
[INFO] Hive Packaging .................................... SUCCESS [1.432s]
[INFO] ------------------------------------------------------------------------
[INFO] BUILD SUCCESS
[INFO] ------------------------------------------------------------------------
[INFO] Total time: 2:49.017s
[INFO] Finished at: Mon Jun 08 17:42:11 EDT 2015
[INFO] Final Memory: 88M/216M
[INFO] ------------------------------------------------------------------------
+ cd itests
+ mvn -B clean install -DskipTests -Dmaven.repo.local=/data/hive-ptest/working/maven -Phadoop-2
[INFO] Scanning for projects...
[ERROR] The build could not read 1 project -&amp;gt; [Help 1]
[ERROR]   
[ERROR]   The project org.apache.hive:hive-it-qfile-accumulo:1.3.0-SNAPSHOT (/data/hive-ptest/working/apache-github-source-source/itests/qtest-accumulo/pom.xml) has 1 error
[ERROR]     Non-resolvable parent POM: Could not find artifact org.apache.hive:hive-it:pom:1.3.0-SNAPSHOT and &apos;parent.relativePath&apos; points at wrong local POM @ line 20, column 11 -&amp;gt; [Help 2]
[ERROR] 
[ERROR] To see the full stack trace of the errors, re-run Maven with the -e switch.
[ERROR] Re-run Maven using the -X switch to enable full debug logging.
[ERROR] 
[ERROR] For more information about the errors and possible solutions, please read the following articles:
[ERROR] [Help 1] http://cwiki.apache.org/confluence/display/MAVEN/ProjectBuildingException
[ERROR] [Help 2] http://cwiki.apache.org/confluence/display/MAVEN/UnresolvableModelException
+ exit 1
&apos;
&lt;/pre&gt;
&lt;/div&gt;&lt;/div&gt;

&lt;p&gt;This message is automatically generated.&lt;/p&gt;

&lt;p&gt;ATTACHMENT ID: 12738424 - PreCommit-HIVE-TRUNK-Build&lt;/p&gt;</comment>
                            <comment id="14579295" author="thejas" created="Tue, 9 Jun 2015 17:45:10 +0000"  >&lt;p&gt;Uploading patch for kicking off another test run.&lt;/p&gt;</comment>
                            <comment id="14579606" author="hiveqa" created="Tue, 9 Jun 2015 21:41:01 +0000"  >

&lt;p&gt;&lt;font color=&quot;red&quot;&gt;Overall&lt;/font&gt;: -1 at least one tests failed&lt;/p&gt;

&lt;p&gt;Here are the results of testing the latest attachment:&lt;br/&gt;
&lt;a href=&quot;https://issues.apache.org/jira/secure/attachment/12738624/HIVE-10966.patch&quot; class=&quot;external-link&quot; rel=&quot;nofollow&quot;&gt;https://issues.apache.org/jira/secure/attachment/12738624/HIVE-10966.patch&lt;/a&gt;&lt;/p&gt;

&lt;p&gt;&lt;font color=&quot;red&quot;&gt;ERROR:&lt;/font&gt; -1 due to 2 failed/errored test(s), 9006 tests executed&lt;br/&gt;
&lt;b&gt;Failed tests:&lt;/b&gt;&lt;/p&gt;
&lt;div class=&quot;preformatted panel&quot; style=&quot;border-width: 1px;&quot;&gt;&lt;div class=&quot;preformattedContent panelContent&quot;&gt;
&lt;pre&gt;org.apache.hive.beeline.TestSchemaTool.testSchemaInit
org.apache.hive.beeline.TestSchemaTool.testSchemaUpgrade
&lt;/pre&gt;
&lt;/div&gt;&lt;/div&gt;

&lt;p&gt;Test results: &lt;a href=&quot;http://ec2-174-129-184-35.compute-1.amazonaws.com/jenkins/job/PreCommit-HIVE-TRUNK-Build/4229/testReport&quot; class=&quot;external-link&quot; target=&quot;_blank&quot; rel=&quot;nofollow noopener&quot;&gt;http://ec2-174-129-184-35.compute-1.amazonaws.com/jenkins/job/PreCommit-HIVE-TRUNK-Build/4229/testReport&lt;/a&gt;&lt;br/&gt;
Console output: &lt;a href=&quot;http://ec2-174-129-184-35.compute-1.amazonaws.com/jenkins/job/PreCommit-HIVE-TRUNK-Build/4229/console&quot; class=&quot;external-link&quot; target=&quot;_blank&quot; rel=&quot;nofollow noopener&quot;&gt;http://ec2-174-129-184-35.compute-1.amazonaws.com/jenkins/job/PreCommit-HIVE-TRUNK-Build/4229/console&lt;/a&gt;&lt;br/&gt;
Test logs: &lt;a href=&quot;http://ec2-174-129-184-35.compute-1.amazonaws.com/logs/PreCommit-HIVE-TRUNK-Build-4229/&quot; class=&quot;external-link&quot; target=&quot;_blank&quot; rel=&quot;nofollow noopener&quot;&gt;http://ec2-174-129-184-35.compute-1.amazonaws.com/logs/PreCommit-HIVE-TRUNK-Build-4229/&lt;/a&gt;&lt;/p&gt;

&lt;p&gt;Messages:&lt;/p&gt;
&lt;div class=&quot;preformatted panel&quot; style=&quot;border-width: 1px;&quot;&gt;&lt;div class=&quot;preformattedContent panelContent&quot;&gt;
&lt;pre&gt;Executing org.apache.hive.ptest.execution.PrepPhase
Executing org.apache.hive.ptest.execution.ExecutionPhase
Executing org.apache.hive.ptest.execution.ReportingPhase
Tests exited with: TestsFailedException: 2 tests failed
&lt;/pre&gt;
&lt;/div&gt;&lt;/div&gt;

&lt;p&gt;This message is automatically generated.&lt;/p&gt;

&lt;p&gt;ATTACHMENT ID: 12738624 - PreCommit-HIVE-TRUNK-Build&lt;/p&gt;</comment>
                            <comment id="14579835" author="thejas" created="Wed, 10 Jun 2015 01:31:02 +0000"  >&lt;p&gt;committed to master, branch-1 and branch-1.2&lt;/p&gt;</comment>
                    </comments>
                    <attachments>
                            <attachment id="12738624" name="HIVE-10966.patch" size="4036" author="thejas" created="Tue, 9 Jun 2015 17:45:10 +0000"/>
                            <attachment id="12738424" name="HIVE-10966.patch" size="4036" author="sershe" created="Mon, 8 Jun 2015 19:43:33 +0000"/>
                    </attachments>
                <subtasks>
                    </subtasks>
                <customfields>
                                                                            <customfield id="customfield_12310310" key="com.atlassian.jira.toolkit:attachments">
                        <customfieldname>Attachment count</customfieldname>
                        <customfieldvalues>
                            <customfieldvalue>2.0</customfieldvalue>
                        </customfieldvalues>
                    </customfield>
                                                                                                                                                                                                                                                                                                                                                                                                                                                                                                                                                                                                                                                                                                        <customfield id="customfield_12314020" key="com.atlassian.jira.plugins.jira-development-integration-plugin:devsummary">
                        <customfieldname>Development</customfieldname>
                        <customfieldvalues>
                            
                        </customfieldvalues>
                    </customfield>
                                                                                                                        <customfield id="customfield_12313422" key="com.atlassian.jirafisheyeplugin:jobcheckbox">
                        <customfieldname>Enable Automatic Patch Review</customfieldname>
                        <customfieldvalues>
                            <customfieldvalue><![CDATA[false]]></customfieldvalue>

                        </customfieldvalues>
                    </customfield>
                                                                                                                                                                                                                                                                                                                                                                                                                                                                                                                                                                                                                                                <customfield id="customfield_12310420" key="com.pyxis.greenhopper.jira:gh-global-rank">
                        <customfieldname>Global Rank</customfieldname>
                        <customfieldvalues>
                            <customfieldvalue>9223372036854775807</customfieldvalue>
                        </customfieldvalues>
                    </customfield>
                                                                                                                                                                                                                                                                    <customfield id="customfield_12312521" key="com.atlassian.jira.toolkit:LastCommentDate">
                        <customfieldname>Last public comment date</customfieldname>
                        <customfieldvalues>
                            10 years, 24 weeks ago
                        </customfieldvalues>
                    </customfield>
                                                                                                                                                                                                                                                                                                <customfield id="customfield_12311820" key="com.pyxis.greenhopper.jira:gh-lexo-rank">
                        <customfieldname>Rank</customfieldname>
                        <customfieldvalues>
                            <customfieldvalue>0|i2fs7j:</customfieldvalue>

                        </customfieldvalues>
                    </customfield>
                                                                <customfield id="customfield_12310920" key="com.pyxis.greenhopper.jira:gh-global-rank">
                        <customfieldname>Rank (Obsolete)</customfieldname>
                        <customfieldvalues>
                            <customfieldvalue>9223372036854775807</customfieldvalue>
                        </customfieldvalues>
                    </customfield>
                                                                                                                                                                                                                                                                                                                                                                                                                                                                                                                                                                                                                                                                                                                                                                                                                                                                                </customfields>
    </item>
</channel>
</rss>