<!-- 
RSS generated by JIRA (8.20.10#820010-sha1:ace47f9899e9ee25d7157d59aa17ab06aee30d3d) at Wed Nov 12 18:34:31 UTC 2025

It is possible to restrict the fields that are returned in this document by specifying the 'field' parameter in your request.
For example, to request only the issue key and summary append 'field=key&field=summary' to the URL of your request.
-->
<rss version="0.92" >
<channel>
    <title>ASF Jira</title>
    <link>https://issues.apache.org/jira</link>
    <description>This file is an XML representation of an issue</description>
    <language>en-uk</language>    <build-info>
        <version>8.20.10</version>
        <build-number>820010</build-number>
        <build-date>22-06-2022</build-date>
    </build-info>


<item>
            <title>[HIVE-10963] Hive throws NPE rather than meaningful error message when window is missing</title>
                <link>https://issues.apache.org/jira/browse/HIVE-10963</link>
                <project id="12310843" key="HIVE">Hive</project>
                    <description>&lt;p&gt;&lt;tt&gt;select sum(salary) over w1 from emp;&lt;/tt&gt; throws NPE rather than meaningful error message like &quot;missing window&quot;.&lt;/p&gt;

&lt;p&gt;And also give the right window name rather than the classname in the error message after NPE issue is fixed.&lt;/p&gt;
&lt;div class=&quot;preformatted panel&quot; style=&quot;border-width: 1px;&quot;&gt;&lt;div class=&quot;preformattedContent panelContent&quot;&gt;
&lt;pre&gt;org.apache.hadoop.hive.ql.parse.SemanticException: Window Spec org.apache.hadoop.hive.ql.parse.WindowingSpec$WindowSpec@7954e1de refers to an unknown source
&lt;/pre&gt;
&lt;/div&gt;&lt;/div&gt;</description>
                <environment></environment>
        <key id="12836211">HIVE-10963</key>
            <summary>Hive throws NPE rather than meaningful error message when window is missing</summary>
                <type id="1" iconUrl="https://issues.apache.org/jira/secure/viewavatar?size=xsmall&amp;avatarId=21133&amp;avatarType=issuetype">Bug</type>
                                            <priority id="3" iconUrl="https://issues.apache.org/jira/images/icons/priorities/major.svg">Major</priority>
                        <status id="6" iconUrl="https://issues.apache.org/jira/images/icons/statuses/closed.png" description="The issue is considered finished, the resolution is correct. Issues which are not closed can be reopened.">Closed</status>
                    <statusCategory id="3" key="done" colorName="green"/>
                                    <resolution id="1">Fixed</resolution>
                                        <assignee username="aihuaxu">Aihua Xu</assignee>
                                    <reporter username="aihuaxu">Aihua Xu</reporter>
                        <labels>
                    </labels>
                <created>Mon, 8 Jun 2015 16:56:30 +0000</created>
                <updated>Tue, 16 Feb 2016 23:53:24 +0000</updated>
                            <resolved>Wed, 10 Jun 2015 07:14:54 +0000</resolved>
                                    <version>1.3.0</version>
                                    <fixVersion>2.0.0</fixVersion>
                                    <component>PTF-Windowing</component>
                        <due></due>
                            <votes>0</votes>
                                    <watches>1</watches>
                                                                                                                <comments>
                            <comment id="14577612" author="aihuaxu" created="Mon, 8 Jun 2015 18:32:21 +0000"  >&lt;p&gt;Update WindowingSpec class to initialize the member variables and remove unnecessary functions. Provided toString() implementation to give correct window name in the error message.&lt;/p&gt;</comment>
                            <comment id="14577868" author="hiveqa" created="Mon, 8 Jun 2015 21:22:31 +0000"  >

&lt;p&gt;&lt;font color=&quot;red&quot;&gt;Overall&lt;/font&gt;: -1 no tests executed&lt;/p&gt;

&lt;p&gt;Here are the results of testing the latest attachment:&lt;br/&gt;
&lt;a href=&quot;https://issues.apache.org/jira/secure/attachment/12738408/HIVE-10963.patch&quot; class=&quot;external-link&quot; rel=&quot;nofollow&quot;&gt;https://issues.apache.org/jira/secure/attachment/12738408/HIVE-10963.patch&lt;/a&gt;&lt;/p&gt;

&lt;p&gt;Test results: &lt;a href=&quot;http://ec2-174-129-184-35.compute-1.amazonaws.com/jenkins/job/PreCommit-HIVE-TRUNK-Build/4215/testReport&quot; class=&quot;external-link&quot; target=&quot;_blank&quot; rel=&quot;nofollow noopener&quot;&gt;http://ec2-174-129-184-35.compute-1.amazonaws.com/jenkins/job/PreCommit-HIVE-TRUNK-Build/4215/testReport&lt;/a&gt;&lt;br/&gt;
Console output: &lt;a href=&quot;http://ec2-174-129-184-35.compute-1.amazonaws.com/jenkins/job/PreCommit-HIVE-TRUNK-Build/4215/console&quot; class=&quot;external-link&quot; target=&quot;_blank&quot; rel=&quot;nofollow noopener&quot;&gt;http://ec2-174-129-184-35.compute-1.amazonaws.com/jenkins/job/PreCommit-HIVE-TRUNK-Build/4215/console&lt;/a&gt;&lt;br/&gt;
Test logs: &lt;a href=&quot;http://ec2-174-129-184-35.compute-1.amazonaws.com/logs/PreCommit-HIVE-TRUNK-Build-4215/&quot; class=&quot;external-link&quot; target=&quot;_blank&quot; rel=&quot;nofollow noopener&quot;&gt;http://ec2-174-129-184-35.compute-1.amazonaws.com/logs/PreCommit-HIVE-TRUNK-Build-4215/&lt;/a&gt;&lt;/p&gt;

&lt;p&gt;Messages:&lt;/p&gt;
&lt;div class=&quot;preformatted panel&quot; style=&quot;border-width: 1px;&quot;&gt;&lt;div class=&quot;preformattedContent panelContent&quot;&gt;
&lt;pre&gt;**** This message was trimmed, see log for full details ****
[INFO] --- maven-resources-plugin:2.6:testResources (default-testResources) @ hive-hwi ---
[INFO] Using &apos;UTF-8&apos; encoding to copy filtered resources.
[INFO] skip non existing resourceDirectory /data/hive-ptest/working/apache-github-source-source/hwi/src/test/resources
[INFO] Copying 3 resources
[INFO] 
[INFO] --- maven-antrun-plugin:1.7:run (setup-test-dirs) @ hive-hwi ---
[INFO] Executing tasks

main:
   [delete] Deleting directory /data/hive-ptest/working/apache-github-source-source/hwi/target/tmp
   [delete] Deleting directory /data/hive-ptest/working/apache-github-source-source/hwi/target/warehouse
    [mkdir] Created dir: /data/hive-ptest/working/apache-github-source-source/hwi/target/tmp
    [mkdir] Created dir: /data/hive-ptest/working/apache-github-source-source/hwi/target/warehouse
    [mkdir] Created dir: /data/hive-ptest/working/apache-github-source-source/hwi/target/tmp/conf
     [copy] Copying 11 files to /data/hive-ptest/working/apache-github-source-source/hwi/target/tmp/conf
[INFO] Executed tasks
[INFO] 
[INFO] --- maven-compiler-plugin:3.1:testCompile (default-testCompile) @ hive-hwi ---
[INFO] Nothing to compile - all classes are up to date
[INFO] 
[INFO] --- maven-surefire-plugin:2.16:test (default-test) @ hive-hwi ---
[INFO]                                                                         
[INFO] ------------------------------------------------------------------------
[INFO] Building Hive ODBC 2.0.0-SNAPSHOT
[INFO] ------------------------------------------------------------------------
[INFO] 
[INFO] --- maven-enforcer-plugin:1.3.1:enforce (enforce-no-snapshots) @ hive-odbc ---
[INFO] 
[INFO] --- maven-remote-resources-plugin:1.5:process (default) @ hive-odbc ---
[INFO] 
[INFO] --- maven-antrun-plugin:1.7:run (define-classpath) @ hive-odbc ---
[INFO] Executing tasks

main:
[INFO] Executed tasks
[INFO] 
[INFO] --- maven-antrun-plugin:1.7:run (setup-test-dirs) @ hive-odbc ---
[INFO] Executing tasks

main:
   [delete] Deleting directory /data/hive-ptest/working/apache-github-source-source/odbc/target/tmp
   [delete] Deleting directory /data/hive-ptest/working/apache-github-source-source/odbc/target/warehouse
    [mkdir] Created dir: /data/hive-ptest/working/apache-github-source-source/odbc/target/tmp
    [mkdir] Created dir: /data/hive-ptest/working/apache-github-source-source/odbc/target/warehouse
    [mkdir] Created dir: /data/hive-ptest/working/apache-github-source-source/odbc/target/tmp/conf
     [copy] Copying 11 files to /data/hive-ptest/working/apache-github-source-source/odbc/target/tmp/conf
[INFO] Executed tasks
[INFO]                                                                         
[INFO] ------------------------------------------------------------------------
[INFO] Building Hive Shims Aggregator 2.0.0-SNAPSHOT
[INFO] ------------------------------------------------------------------------
[INFO] 
[INFO] --- maven-enforcer-plugin:1.3.1:enforce (enforce-no-snapshots) @ hive-shims-aggregator ---
[INFO] 
[INFO] --- maven-remote-resources-plugin:1.5:process (default) @ hive-shims-aggregator ---
[INFO] 
[INFO] --- maven-antrun-plugin:1.7:run (define-classpath) @ hive-shims-aggregator ---
[INFO] Executing tasks

main:
[INFO] Executed tasks
[INFO] 
[INFO] --- maven-antrun-plugin:1.7:run (setup-test-dirs) @ hive-shims-aggregator ---
[INFO] Executing tasks

main:
   [delete] Deleting directory /data/hive-ptest/working/apache-github-source-source/shims/target/tmp
   [delete] Deleting directory /data/hive-ptest/working/apache-github-source-source/shims/target/warehouse
    [mkdir] Created dir: /data/hive-ptest/working/apache-github-source-source/shims/target/tmp
    [mkdir] Created dir: /data/hive-ptest/working/apache-github-source-source/shims/target/warehouse
    [mkdir] Created dir: /data/hive-ptest/working/apache-github-source-source/shims/target/tmp/conf
     [copy] Copying 11 files to /data/hive-ptest/working/apache-github-source-source/shims/target/tmp/conf
[INFO] Executed tasks
[INFO]                                                                         
[INFO] ------------------------------------------------------------------------
[INFO] Building Hive TestUtils 2.0.0-SNAPSHOT
[INFO] ------------------------------------------------------------------------
[INFO] 
[INFO] --- maven-enforcer-plugin:1.3.1:enforce (enforce-no-snapshots) @ hive-testutils ---
[INFO] 
[INFO] --- maven-remote-resources-plugin:1.5:process (default) @ hive-testutils ---
[INFO] 
[INFO] --- maven-resources-plugin:2.6:resources (default-resources) @ hive-testutils ---
[INFO] Using &apos;UTF-8&apos; encoding to copy filtered resources.
[INFO] skip non existing resourceDirectory /data/hive-ptest/working/apache-github-source-source/testutils/src/main/resources
[INFO] Copying 3 resources
[INFO] 
[INFO] --- maven-antrun-plugin:1.7:run (define-classpath) @ hive-testutils ---
[INFO] Executing tasks

main:
[INFO] Executed tasks
[INFO] 
[INFO] --- maven-compiler-plugin:3.1:compile (default-compile) @ hive-testutils ---
[INFO] Nothing to compile - all classes are up to date
[INFO] 
[INFO] --- maven-resources-plugin:2.6:testResources (default-testResources) @ hive-testutils ---
[INFO] Using &apos;UTF-8&apos; encoding to copy filtered resources.
[INFO] skip non existing resourceDirectory /data/hive-ptest/working/apache-github-source-source/testutils/src/test/resources
[INFO] Copying 3 resources
[INFO] 
[INFO] --- maven-antrun-plugin:1.7:run (setup-test-dirs) @ hive-testutils ---
[INFO] Executing tasks

main:
   [delete] Deleting directory /data/hive-ptest/working/apache-github-source-source/testutils/target/tmp
   [delete] Deleting directory /data/hive-ptest/working/apache-github-source-source/testutils/target/warehouse
    [mkdir] Created dir: /data/hive-ptest/working/apache-github-source-source/testutils/target/tmp
    [mkdir] Created dir: /data/hive-ptest/working/apache-github-source-source/testutils/target/warehouse
    [mkdir] Created dir: /data/hive-ptest/working/apache-github-source-source/testutils/target/tmp/conf
     [copy] Copying 11 files to /data/hive-ptest/working/apache-github-source-source/testutils/target/tmp/conf
[INFO] Executed tasks
[INFO] 
[INFO] --- maven-compiler-plugin:3.1:testCompile (default-testCompile) @ hive-testutils ---
[INFO] No sources to compile
[INFO] 
[INFO] --- maven-surefire-plugin:2.16:test (default-test) @ hive-testutils ---
[INFO]                                                                         
[INFO] ------------------------------------------------------------------------
[INFO] Building Hive Packaging 2.0.0-SNAPSHOT
[INFO] ------------------------------------------------------------------------
[INFO] 
[INFO] --- maven-enforcer-plugin:1.3.1:enforce (enforce-no-snapshots) @ hive-packaging ---
[INFO] 
[INFO] --- maven-remote-resources-plugin:1.5:process (default) @ hive-packaging ---
[INFO] 
[INFO] --- maven-antrun-plugin:1.7:run (define-classpath) @ hive-packaging ---
[INFO] Executing tasks

main:
[INFO] Executed tasks
[INFO] 
[INFO] --- maven-antrun-plugin:1.7:run (setup-test-dirs) @ hive-packaging ---
[INFO] Executing tasks

main:
   [delete] Deleting directory /data/hive-ptest/working/apache-github-source-source/packaging/target/tmp
   [delete] Deleting directory /data/hive-ptest/working/apache-github-source-source/packaging/target/warehouse
    [mkdir] Created dir: /data/hive-ptest/working/apache-github-source-source/packaging/target/tmp
    [mkdir] Created dir: /data/hive-ptest/working/apache-github-source-source/packaging/target/warehouse
    [mkdir] Created dir: /data/hive-ptest/working/apache-github-source-source/packaging/target/tmp/conf
     [copy] Copying 11 files to /data/hive-ptest/working/apache-github-source-source/packaging/target/tmp/conf
[INFO] Executed tasks
[INFO] ------------------------------------------------------------------------
[INFO] Reactor Summary:
[INFO] 
[INFO] Hive .............................................. SUCCESS [9.451s]
[INFO] Hive Shims Common ................................. SUCCESS [6.282s]
[INFO] Hive Shims 0.20S .................................. SUCCESS [2.201s]
[INFO] Hive Shims 0.23 ................................... SUCCESS [7.863s]
[INFO] Hive Shims Scheduler .............................. SUCCESS [1.726s]
[INFO] Hive Shims ........................................ SUCCESS [2.331s]
[INFO] Hive Common ....................................... SUCCESS [6.276s]
[INFO] Hive Serde ........................................ SUCCESS [4.651s]
[INFO] Hive Metastore .................................... SUCCESS [11.717s]
[INFO] Hive Ant Utilities ................................ SUCCESS [1.316s]
[INFO] Spark Remote Client ............................... SUCCESS [20.314s]
[INFO] Hive Query Language ............................... SUCCESS [37.427s]
[INFO] Hive Service ...................................... SUCCESS [4.777s]
[INFO] Hive Accumulo Handler ............................. SUCCESS [3.837s]
[INFO] Hive JDBC ......................................... SUCCESS [1.539s]
[INFO] Hive Beeline ...................................... SUCCESS [2.709s]
[INFO] Hive CLI .......................................... SUCCESS [3.248s]
[INFO] Hive Contrib ...................................... SUCCESS [3.102s]
[INFO] Hive HBase Handler ................................ SUCCESS [6.787s]
[INFO] Hive HCatalog ..................................... SUCCESS [0.794s]
[INFO] Hive HCatalog Core ................................ SUCCESS [1.895s]
[INFO] Hive HCatalog Pig Adapter ......................... SUCCESS [2.591s]
[INFO] Hive HCatalog Server Extensions ................... SUCCESS [2.513s]
[INFO] Hive HCatalog Webhcat Java Client ................. SUCCESS [1.610s]
[INFO] Hive HCatalog Webhcat ............................. SUCCESS [12.202s]
[INFO] Hive HCatalog Streaming ........................... SUCCESS [1.697s]
[INFO] Hive HWI .......................................... SUCCESS [1.384s]
[INFO] Hive ODBC ......................................... SUCCESS [1.032s]
[INFO] Hive Shims Aggregator ............................. SUCCESS [0.170s]
[INFO] Hive TestUtils .................................... SUCCESS [0.200s]
[INFO] Hive Packaging .................................... SUCCESS [1.439s]
[INFO] ------------------------------------------------------------------------
[INFO] BUILD SUCCESS
[INFO] ------------------------------------------------------------------------
[INFO] Total time: 2:47.813s
[INFO] Finished at: Mon Jun 08 17:22:21 EDT 2015
[INFO] Final Memory: 87M/225M
[INFO] ------------------------------------------------------------------------
+ cd itests
+ mvn -B clean install -DskipTests -Dmaven.repo.local=/data/hive-ptest/working/maven -Phadoop-2
[INFO] Scanning for projects...
[ERROR] The build could not read 1 project -&amp;gt; [Help 1]
[ERROR]   
[ERROR]   The project org.apache.hive:hive-it-qfile-accumulo:1.3.0-SNAPSHOT (/data/hive-ptest/working/apache-github-source-source/itests/qtest-accumulo/pom.xml) has 1 error
[ERROR]     Non-resolvable parent POM: Could not find artifact org.apache.hive:hive-it:pom:1.3.0-SNAPSHOT and &apos;parent.relativePath&apos; points at wrong local POM @ line 20, column 11 -&amp;gt; [Help 2]
[ERROR] 
[ERROR] To see the full stack trace of the errors, re-run Maven with the -e switch.
[ERROR] Re-run Maven using the -X switch to enable full debug logging.
[ERROR] 
[ERROR] For more information about the errors and possible solutions, please read the following articles:
[ERROR] [Help 1] http://cwiki.apache.org/confluence/display/MAVEN/ProjectBuildingException
[ERROR] [Help 2] http://cwiki.apache.org/confluence/display/MAVEN/UnresolvableModelException
+ exit 1
&apos;
&lt;/pre&gt;
&lt;/div&gt;&lt;/div&gt;

&lt;p&gt;This message is automatically generated.&lt;/p&gt;

&lt;p&gt;ATTACHMENT ID: 12738408 - PreCommit-HIVE-TRUNK-Build&lt;/p&gt;</comment>
                            <comment id="14578056" author="ashutoshc" created="Mon, 8 Jun 2015 23:30:12 +0000"  >&lt;p&gt;Couple of comments on RB.&lt;/p&gt;</comment>
                            <comment id="14579008" author="aihuaxu" created="Tue, 9 Jun 2015 14:42:20 +0000"  >&lt;p&gt;Addressed comments. Included additional info in the toString() call.&lt;/p&gt;</comment>
                            <comment id="14579011" author="ashutoshc" created="Tue, 9 Jun 2015 14:48:05 +0000"  >&lt;p&gt;+1&lt;/p&gt;</comment>
                            <comment id="14579215" author="hiveqa" created="Tue, 9 Jun 2015 16:58:49 +0000"  >

&lt;p&gt;&lt;font color=&quot;red&quot;&gt;Overall&lt;/font&gt;: -1 at least one tests failed&lt;/p&gt;

&lt;p&gt;Here are the results of testing the latest attachment:&lt;br/&gt;
&lt;a href=&quot;https://issues.apache.org/jira/secure/attachment/12738596/HIVE-10963.patch&quot; class=&quot;external-link&quot; rel=&quot;nofollow&quot;&gt;https://issues.apache.org/jira/secure/attachment/12738596/HIVE-10963.patch&lt;/a&gt;&lt;/p&gt;

&lt;p&gt;&lt;font color=&quot;red&quot;&gt;ERROR:&lt;/font&gt; -1 due to 3 failed/errored test(s), 9005 tests executed&lt;br/&gt;
&lt;b&gt;Failed tests:&lt;/b&gt;&lt;/p&gt;
&lt;div class=&quot;preformatted panel&quot; style=&quot;border-width: 1px;&quot;&gt;&lt;div class=&quot;preformattedContent panelContent&quot;&gt;
&lt;pre&gt;org.apache.hive.beeline.TestSchemaTool.testSchemaInit
org.apache.hive.beeline.TestSchemaTool.testSchemaUpgrade
org.apache.hive.hcatalog.streaming.TestStreaming.testTransactionBatchCommit_Json
&lt;/pre&gt;
&lt;/div&gt;&lt;/div&gt;

&lt;p&gt;Test results: &lt;a href=&quot;http://ec2-174-129-184-35.compute-1.amazonaws.com/jenkins/job/PreCommit-HIVE-TRUNK-Build/4226/testReport&quot; class=&quot;external-link&quot; target=&quot;_blank&quot; rel=&quot;nofollow noopener&quot;&gt;http://ec2-174-129-184-35.compute-1.amazonaws.com/jenkins/job/PreCommit-HIVE-TRUNK-Build/4226/testReport&lt;/a&gt;&lt;br/&gt;
Console output: &lt;a href=&quot;http://ec2-174-129-184-35.compute-1.amazonaws.com/jenkins/job/PreCommit-HIVE-TRUNK-Build/4226/console&quot; class=&quot;external-link&quot; target=&quot;_blank&quot; rel=&quot;nofollow noopener&quot;&gt;http://ec2-174-129-184-35.compute-1.amazonaws.com/jenkins/job/PreCommit-HIVE-TRUNK-Build/4226/console&lt;/a&gt;&lt;br/&gt;
Test logs: &lt;a href=&quot;http://ec2-174-129-184-35.compute-1.amazonaws.com/logs/PreCommit-HIVE-TRUNK-Build-4226/&quot; class=&quot;external-link&quot; target=&quot;_blank&quot; rel=&quot;nofollow noopener&quot;&gt;http://ec2-174-129-184-35.compute-1.amazonaws.com/logs/PreCommit-HIVE-TRUNK-Build-4226/&lt;/a&gt;&lt;/p&gt;

&lt;p&gt;Messages:&lt;/p&gt;
&lt;div class=&quot;preformatted panel&quot; style=&quot;border-width: 1px;&quot;&gt;&lt;div class=&quot;preformattedContent panelContent&quot;&gt;
&lt;pre&gt;Executing org.apache.hive.ptest.execution.PrepPhase
Executing org.apache.hive.ptest.execution.ExecutionPhase
Executing org.apache.hive.ptest.execution.ReportingPhase
Tests exited with: TestsFailedException: 3 tests failed
&lt;/pre&gt;
&lt;/div&gt;&lt;/div&gt;

&lt;p&gt;This message is automatically generated.&lt;/p&gt;

&lt;p&gt;ATTACHMENT ID: 12738596 - PreCommit-HIVE-TRUNK-Build&lt;/p&gt;</comment>
                            <comment id="14580149" author="ashutoshc" created="Wed, 10 Jun 2015 07:14:54 +0000"  >&lt;p&gt;Pushed to master. Thanks, Aihua!&lt;/p&gt;</comment>
                    </comments>
                    <attachments>
                            <attachment id="12738596" name="HIVE-10963.patch" size="6717" author="aihuaxu" created="Tue, 9 Jun 2015 14:40:07 +0000"/>
                    </attachments>
                <subtasks>
                    </subtasks>
                <customfields>
                                                                            <customfield id="customfield_12310310" key="com.atlassian.jira.toolkit:attachments">
                        <customfieldname>Attachment count</customfieldname>
                        <customfieldvalues>
                            <customfieldvalue>1.0</customfieldvalue>
                        </customfieldvalues>
                    </customfield>
                                                                                                                                                                                                                                                                                                                                                                                                                                                                                                                                                                                                                                                                                                        <customfield id="customfield_12314020" key="com.atlassian.jira.plugins.jira-development-integration-plugin:devsummary">
                        <customfieldname>Development</customfieldname>
                        <customfieldvalues>
                            
                        </customfieldvalues>
                    </customfield>
                                                                                                                        <customfield id="customfield_12313422" key="com.atlassian.jirafisheyeplugin:jobcheckbox">
                        <customfieldname>Enable Automatic Patch Review</customfieldname>
                        <customfieldvalues>
                            <customfieldvalue><![CDATA[false]]></customfieldvalue>

                        </customfieldvalues>
                    </customfield>
                                                                                                                                                                                                                                                                                                                                                                                                                                                                                                                                                                                                                                                <customfield id="customfield_12310420" key="com.pyxis.greenhopper.jira:gh-global-rank">
                        <customfieldname>Global Rank</customfieldname>
                        <customfieldvalues>
                            <customfieldvalue>9223372036854775807</customfieldvalue>
                        </customfieldvalues>
                    </customfield>
                                                                                                                                                                                                                                                                    <customfield id="customfield_12312521" key="com.atlassian.jira.toolkit:LastCommentDate">
                        <customfieldname>Last public comment date</customfieldname>
                        <customfieldvalues>
                            10 years, 24 weeks ago
                        </customfieldvalues>
                    </customfield>
                                                                                                                                                                                                                                                                                                <customfield id="customfield_12311820" key="com.pyxis.greenhopper.jira:gh-lexo-rank">
                        <customfieldname>Rank</customfieldname>
                        <customfieldvalues>
                            <customfieldvalue>0|i2frtr:</customfieldvalue>

                        </customfieldvalues>
                    </customfield>
                                                                <customfield id="customfield_12310920" key="com.pyxis.greenhopper.jira:gh-global-rank">
                        <customfieldname>Rank (Obsolete)</customfieldname>
                        <customfieldvalues>
                            <customfieldvalue>9223372036854775807</customfieldvalue>
                        </customfieldvalues>
                    </customfield>
                                                                                                                                                                                                                                                                                                                                                                                                                                                                                                                                                                                                                                                                                                                                                                                                                                                                                </customfields>
    </item>
</channel>
</rss>