<!-- 
RSS generated by JIRA (8.20.10#820010-sha1:ace47f9899e9ee25d7157d59aa17ab06aee30d3d) at Wed Nov 12 18:36:14 UTC 2025

It is possible to restrict the fields that are returned in this document by specifying the 'field' parameter in your request.
For example, to request only the issue key and summary append 'field=key&field=summary' to the URL of your request.
-->
<rss version="0.92" >
<channel>
    <title>ASF Jira</title>
    <link>https://issues.apache.org/jira</link>
    <description>This file is an XML representation of an issue</description>
    <language>en-uk</language>    <build-info>
        <version>8.20.10</version>
        <build-number>820010</build-number>
        <build-date>22-06-2022</build-date>
    </build-info>


<item>
            <title>[HIVE-11441] No DDL allowed on table if user accidentally set table location wrong</title>
                <link>https://issues.apache.org/jira/browse/HIVE-11441</link>
                <project id="12310843" key="HIVE">Hive</project>
                    <description>&lt;p&gt;If user makes a mistake, hive should either correct it in the first place, or allow user a chance to correct it. &lt;/p&gt;

&lt;p&gt;STEPS TO REPRODUCE:&lt;/p&gt;

&lt;p&gt;create table testwrongloc(id int);&lt;/p&gt;

&lt;p&gt;alter table testwrongloc set location &quot;hdfs://a-valid-hostname/tmp/testwrongloc&quot;;&lt;/p&gt;

&lt;p&gt;--at this time, hive should throw error, as hdfs://a-valid-hostname is not a valid path, it either needs to be hdfs://namenode-hostname:8020/ or hdfs://hdfs-nameservice for HA&lt;/p&gt;

&lt;p&gt;alter table testwrongloc set location &quot;hdfs://correct-host:8020/tmp/testwrongloc&quot;&lt;br/&gt;
or &lt;br/&gt;
drop table testwrongloc;&lt;/p&gt;

&lt;p&gt;upon this hive throws error, that host &apos;a-valid-hostname&apos; is not reachable&lt;/p&gt;


&lt;div class=&quot;code panel&quot; style=&quot;border-width: 1px;&quot;&gt;&lt;div class=&quot;codeContent panelContent&quot;&gt;
&lt;pre class=&quot;code-java&quot;&gt;2015-07-30 12:19:43,573 DEBUG [main]: transport.TSaslTransport (TSaslTransport.java:readFrame(429)) - CLIENT: reading data length: 293
2015-07-30 12:19:43,720 ERROR [main]: ql.Driver (SessionState.java:printError(833)) - FAILED: SemanticException Unable to fetch table testloc. java.net.ConnectException: Call From hdpsecb02.secb.hwxsup.com/172.25.16.178 to hdpsecb02.secb.hwxsup.com:8020 failed on connection exception: java.net.ConnectException: Connection refused; For more details see:  http:&lt;span class=&quot;code-comment&quot;&gt;//wiki.apache.org/hadoop/ConnectionRefused
&lt;/span&gt;org.apache.hadoop.hive.ql.parse.SemanticException: Unable to fetch table testloc. java.net.ConnectException: Call From hdpsecb02.secb.hwxsup.com/172.25.16.178 to hdpsecb02.secb.hwxsup.com:8020 failed on connection exception: java.net.ConnectException: Connection refused; For more details see:  http:&lt;span class=&quot;code-comment&quot;&gt;//wiki.apache.org/hadoop/ConnectionRefused
&lt;/span&gt;        at org.apache.hadoop.hive.ql.parse.BaseSemanticAnalyzer.getTable(BaseSemanticAnalyzer.java:1323)
        at org.apache.hadoop.hive.ql.parse.BaseSemanticAnalyzer.getTable(BaseSemanticAnalyzer.java:1309)
        at org.apache.hadoop.hive.ql.parse.DDLSemanticAnalyzer.addInputsOutputsAlterTable(DDLSemanticAnalyzer.java:1387)
        at org.apache.hadoop.hive.ql.parse.DDLSemanticAnalyzer.analyzeAlterTableLocation(DDLSemanticAnalyzer.java:1452)
        at org.apache.hadoop.hive.ql.parse.DDLSemanticAnalyzer.analyzeInternal(DDLSemanticAnalyzer.java:295)
        at org.apache.hadoop.hive.ql.parse.BaseSemanticAnalyzer.analyze(BaseSemanticAnalyzer.java:221)
        at org.apache.hadoop.hive.ql.Driver.compile(Driver.java:417)
        at org.apache.hadoop.hive.ql.Driver.compile(Driver.java:305)
        at org.apache.hadoop.hive.ql.Driver.compileInternal(Driver.java:1069)
        at org.apache.hadoop.hive.ql.Driver.runInternal(Driver.java:1131)
        at org.apache.hadoop.hive.ql.Driver.run(Driver.java:1006)
        at org.apache.hadoop.hive.ql.Driver.run(Driver.java:996)
        at org.apache.hadoop.hive.cli.CliDriver.processLocalCmd(CliDriver.java:247)
        at org.apache.hadoop.hive.cli.CliDriver.processCmd(CliDriver.java:199)
        at org.apache.hadoop.hive.cli.CliDriver.processLine(CliDriver.java:410)
        at org.apache.hadoop.hive.cli.CliDriver.executeDriver(CliDriver.java:783)
        at org.apache.hadoop.hive.cli.CliDriver.run(CliDriver.java:677)
        at org.apache.hadoop.hive.cli.CliDriver.main(CliDriver.java:616)
        at sun.reflect.NativeMethodAccessorImpl.invoke0(Native Method)
        at sun.reflect.NativeMethodAccessorImpl.invoke(NativeMethodAccessorImpl.java:57)
        at sun.reflect.DelegatingMethodAccessorImpl.invoke(DelegatingMethodAccessorImpl.java:43)
        at java.lang.reflect.Method.invoke(Method.java:606)
        at org.apache.hadoop.util.RunJar.run(RunJar.java:221)
        at org.apache.hadoop.util.RunJar.main(RunJar.java:136)
Caused by: org.apache.hadoop.hive.ql.metadata.HiveException: Unable to fetch table testloc. java.net.ConnectException: Call From hdpsecb02.secb.hwxsup.com/172.25.16.178 to hdpsecb02.secb.hwxsup.com:8020 failed on connection exception: java.net.ConnectException: Connection refused; For more details see:  http:&lt;span class=&quot;code-comment&quot;&gt;//wiki.apache.org/hadoop/ConnectionRefused
&lt;/span&gt;        at org.apache.hadoop.hive.ql.metadata.Hive.getTable(Hive.java:1072)
        at org.apache.hadoop.hive.ql.metadata.Hive.getTable(Hive.java:1019)
        at org.apache.hadoop.hive.ql.parse.BaseSemanticAnalyzer.getTable(BaseSemanticAnalyzer.java:1316)
        ... 23 more
&lt;/pre&gt;
&lt;/div&gt;&lt;/div&gt;

&lt;p&gt;Note this only happens when StorageBasedAuthorizationProvider is enabled.&lt;/p&gt;</description>
                <environment></environment>
        <key id="12851157">HIVE-11441</key>
            <summary>No DDL allowed on table if user accidentally set table location wrong</summary>
                <type id="1" iconUrl="https://issues.apache.org/jira/secure/viewavatar?size=xsmall&amp;avatarId=21133&amp;avatarType=issuetype">Bug</type>
                                            <priority id="3" iconUrl="https://issues.apache.org/jira/images/icons/priorities/major.svg">Major</priority>
                        <status id="6" iconUrl="https://issues.apache.org/jira/images/icons/statuses/closed.png" description="The issue is considered finished, the resolution is correct. Issues which are not closed can be reopened.">Closed</status>
                    <statusCategory id="3" key="done" colorName="green"/>
                                    <resolution id="1">Fixed</resolution>
                                        <assignee username="daijy">Daniel Dai</assignee>
                                    <reporter username="daijy">Daniel Dai</reporter>
                        <labels>
                    </labels>
                <created>Mon, 3 Aug 2015 17:42:24 +0000</created>
                <updated>Tue, 16 Feb 2016 23:52:04 +0000</updated>
                            <resolved>Fri, 14 Aug 2015 22:50:23 +0000</resolved>
                                                    <fixVersion>1.3.0</fixVersion>
                    <fixVersion>2.0.0</fixVersion>
                                        <due></due>
                            <votes>0</votes>
                                    <watches>2</watches>
                                                                                                                <comments>
                            <comment id="14652175" author="daijy" created="Mon, 3 Aug 2015 17:44:22 +0000"  >&lt;p&gt;Provide a patch which throws exception if user want to alter location to a non-exist host/port.&lt;/p&gt;</comment>
                            <comment id="14652309" author="thejas" created="Mon, 3 Aug 2015 19:17:30 +0000"  >&lt;p&gt;+1&lt;/p&gt;</comment>
                            <comment id="14653041" author="hiveqa" created="Tue, 4 Aug 2015 04:28:11 +0000"  >

&lt;p&gt;&lt;font color=&quot;red&quot;&gt;Overall&lt;/font&gt;: -1 no tests executed&lt;/p&gt;

&lt;p&gt;Here are the results of testing the latest attachment:&lt;br/&gt;
&lt;a href=&quot;https://issues.apache.org/jira/secure/attachment/12748503/HIVE-11441.1.patch&quot; class=&quot;external-link&quot; rel=&quot;nofollow&quot;&gt;https://issues.apache.org/jira/secure/attachment/12748503/HIVE-11441.1.patch&lt;/a&gt;&lt;/p&gt;

&lt;p&gt;Test results: &lt;a href=&quot;http://ec2-174-129-184-35.compute-1.amazonaws.com/jenkins/job/PreCommit-HIVE-TRUNK-Build/4810/testReport&quot; class=&quot;external-link&quot; target=&quot;_blank&quot; rel=&quot;nofollow noopener&quot;&gt;http://ec2-174-129-184-35.compute-1.amazonaws.com/jenkins/job/PreCommit-HIVE-TRUNK-Build/4810/testReport&lt;/a&gt;&lt;br/&gt;
Console output: &lt;a href=&quot;http://ec2-174-129-184-35.compute-1.amazonaws.com/jenkins/job/PreCommit-HIVE-TRUNK-Build/4810/console&quot; class=&quot;external-link&quot; target=&quot;_blank&quot; rel=&quot;nofollow noopener&quot;&gt;http://ec2-174-129-184-35.compute-1.amazonaws.com/jenkins/job/PreCommit-HIVE-TRUNK-Build/4810/console&lt;/a&gt;&lt;br/&gt;
Test logs: &lt;a href=&quot;http://ec2-174-129-184-35.compute-1.amazonaws.com/logs/PreCommit-HIVE-TRUNK-Build-4810/&quot; class=&quot;external-link&quot; target=&quot;_blank&quot; rel=&quot;nofollow noopener&quot;&gt;http://ec2-174-129-184-35.compute-1.amazonaws.com/logs/PreCommit-HIVE-TRUNK-Build-4810/&lt;/a&gt;&lt;/p&gt;

&lt;p&gt;Messages:&lt;/p&gt;
&lt;div class=&quot;preformatted panel&quot; style=&quot;border-width: 1px;&quot;&gt;&lt;div class=&quot;preformattedContent panelContent&quot;&gt;
&lt;pre&gt;**** This message was trimmed, see log for full details ****

main:
    [mkdir] Created dir: /data/hive-ptest/working/apache-github-source-source/spark-client/target/tmp
    [mkdir] Created dir: /data/hive-ptest/working/apache-github-source-source/spark-client/target/warehouse
    [mkdir] Created dir: /data/hive-ptest/working/apache-github-source-source/spark-client/target/tmp/conf
     [copy] Copying 11 files to /data/hive-ptest/working/apache-github-source-source/spark-client/target/tmp/conf
[INFO] Executed tasks
[INFO] 
[INFO] --- maven-compiler-plugin:3.1:testCompile (default-testCompile) @ spark-client ---
[INFO] Compiling 5 source files to /data/hive-ptest/working/apache-github-source-source/spark-client/target/test-classes
[INFO] 
[INFO] --- maven-dependency-plugin:2.8:copy (copy-guava-14) @ spark-client ---
[INFO] Configured Artifact: com.google.guava:guava:14.0.1:jar
[INFO] Copying guava-14.0.1.jar to /data/hive-ptest/working/apache-github-source-source/spark-client/target/dependency/guava-14.0.1.jar
[INFO] 
[INFO] --- maven-surefire-plugin:2.16:test (default-test) @ spark-client ---
[INFO] Tests are skipped.
[INFO] 
[INFO] --- maven-jar-plugin:2.2:jar (default-jar) @ spark-client ---
[INFO] Building jar: /data/hive-ptest/working/apache-github-source-source/spark-client/target/spark-client-2.0.0-SNAPSHOT.jar
[INFO] 
[INFO] --- maven-site-plugin:3.3:attach-descriptor (attach-descriptor) @ spark-client ---
[INFO] 
[INFO] --- maven-install-plugin:2.4:install (default-install) @ spark-client ---
[INFO] Installing /data/hive-ptest/working/apache-github-source-source/spark-client/target/spark-client-2.0.0-SNAPSHOT.jar to /home/hiveptest/.m2/repository/org/apache/hive/spark-client/2.0.0-SNAPSHOT/spark-client-2.0.0-SNAPSHOT.jar
[INFO] Installing /data/hive-ptest/working/apache-github-source-source/spark-client/pom.xml to /home/hiveptest/.m2/repository/org/apache/hive/spark-client/2.0.0-SNAPSHOT/spark-client-2.0.0-SNAPSHOT.pom
[INFO]                                                                         
[INFO] ------------------------------------------------------------------------
[INFO] Building Hive Query Language 2.0.0-SNAPSHOT
[INFO] ------------------------------------------------------------------------
[INFO] 
[INFO] --- maven-clean-plugin:2.5:clean (default-clean) @ hive-exec ---
[INFO] Deleting /data/hive-ptest/working/apache-github-source-source/ql/target
[INFO] Deleting /data/hive-ptest/working/apache-github-source-source/ql (includes = [datanucleus.log, derby.log], excludes = [])
[INFO] 
[INFO] --- maven-enforcer-plugin:1.3.1:enforce (enforce-no-snapshots) @ hive-exec ---
[INFO] 
[INFO] --- maven-antrun-plugin:1.7:run (generate-sources) @ hive-exec ---
[INFO] Executing tasks

main:
    [mkdir] Created dir: /data/hive-ptest/working/apache-github-source-source/ql/target/generated-sources/java/org/apache/hadoop/hive/ql/exec/vector/expressions/gen
    [mkdir] Created dir: /data/hive-ptest/working/apache-github-source-source/ql/target/generated-sources/java/org/apache/hadoop/hive/ql/exec/vector/expressions/aggregates/gen
    [mkdir] Created dir: /data/hive-ptest/working/apache-github-source-source/ql/target/generated-test-sources/java/org/apache/hadoop/hive/ql/exec/vector/expressions/gen
Generating vector expression code
Generating vector expression test code
[INFO] Executed tasks
[INFO] 
[INFO] --- build-helper-maven-plugin:1.8:add-source (add-source) @ hive-exec ---
[INFO] Source directory: /data/hive-ptest/working/apache-github-source-source/ql/src/gen/protobuf/gen-java added.
[INFO] Source directory: /data/hive-ptest/working/apache-github-source-source/ql/src/gen/thrift/gen-javabean added.
[INFO] Source directory: /data/hive-ptest/working/apache-github-source-source/ql/target/generated-sources/java added.
[INFO] 
[INFO] --- antlr3-maven-plugin:3.4:antlr (default) @ hive-exec ---
[INFO] ANTLR: Processing source directory /data/hive-ptest/working/apache-github-source-source/ql/src/java
ANTLR Parser Generator  Version 3.4
org/apache/hadoop/hive/ql/parse/HiveLexer.g
org/apache/hadoop/hive/ql/parse/HiveParser.g
warning(200): IdentifiersParser.g:455:5: 
Decision can match input such as &quot;{KW_REGEXP, KW_RLIKE} KW_DISTRIBUTE KW_BY&quot; using multiple alternatives: 2, 9

As a result, alternative(s) 9 were disabled for that input
warning(200): IdentifiersParser.g:455:5: 
Decision can match input such as &quot;{KW_REGEXP, KW_RLIKE} KW_UNION KW_ALL&quot; using multiple alternatives: 2, 9

As a result, alternative(s) 9 were disabled for that input
warning(200): IdentifiersParser.g:455:5: 
Decision can match input such as &quot;{KW_REGEXP, KW_RLIKE} KW_MAP LPAREN&quot; using multiple alternatives: 2, 9

As a result, alternative(s) 9 were disabled for that input
warning(200): IdentifiersParser.g:455:5: 
Decision can match input such as &quot;{KW_REGEXP, KW_RLIKE} KW_UNION KW_MAP&quot; using multiple alternatives: 2, 9

As a result, alternative(s) 9 were disabled for that input
warning(200): IdentifiersParser.g:455:5: 
Decision can match input such as &quot;{KW_REGEXP, KW_RLIKE} KW_INSERT KW_OVERWRITE&quot; using multiple alternatives: 2, 9

As a result, alternative(s) 9 were disabled for that input
warning(200): IdentifiersParser.g:455:5: 
Decision can match input such as &quot;{KW_REGEXP, KW_RLIKE} KW_UNION KW_SELECT&quot; using multiple alternatives: 2, 9

As a result, alternative(s) 9 were disabled for that input
warning(200): IdentifiersParser.g:455:5: 
Decision can match input such as &quot;{KW_REGEXP, KW_RLIKE} KW_UNION KW_REDUCE&quot; using multiple alternatives: 2, 9

As a result, alternative(s) 9 were disabled for that input
warning(200): IdentifiersParser.g:455:5: 
Decision can match input such as &quot;{KW_REGEXP, KW_RLIKE} KW_LATERAL KW_VIEW&quot; using multiple alternatives: 2, 9

As a result, alternative(s) 9 were disabled for that input
warning(200): IdentifiersParser.g:455:5: 
Decision can match input such as &quot;{KW_REGEXP, KW_RLIKE} KW_INSERT KW_INTO&quot; using multiple alternatives: 2, 9

As a result, alternative(s) 9 were disabled for that input
warning(200): IdentifiersParser.g:455:5: 
Decision can match input such as &quot;{KW_REGEXP, KW_RLIKE} KW_ORDER KW_BY&quot; using multiple alternatives: 2, 9

As a result, alternative(s) 9 were disabled for that input
warning(200): IdentifiersParser.g:455:5: 
Decision can match input such as &quot;{KW_REGEXP, KW_RLIKE} KW_CLUSTER KW_BY&quot; using multiple alternatives: 2, 9

As a result, alternative(s) 9 were disabled for that input
warning(200): IdentifiersParser.g:455:5: 
Decision can match input such as &quot;{KW_REGEXP, KW_RLIKE} KW_GROUP KW_BY&quot; using multiple alternatives: 2, 9

As a result, alternative(s) 9 were disabled for that input
warning(200): IdentifiersParser.g:455:5: 
Decision can match input such as &quot;{KW_REGEXP, KW_RLIKE} KW_UNION KW_FROM&quot; using multiple alternatives: 2, 9

As a result, alternative(s) 9 were disabled for that input
warning(200): IdentifiersParser.g:455:5: 
Decision can match input such as &quot;{KW_REGEXP, KW_RLIKE} KW_SORT KW_BY&quot; using multiple alternatives: 2, 9

As a result, alternative(s) 9 were disabled for that input
[INFO] 
[INFO] --- maven-remote-resources-plugin:1.5:process (default) @ hive-exec ---
Downloading: http://www.datanucleus.org/downloads/maven2/org/pentaho/pentaho-aggdesigner/5.1.5-jhyde/pentaho-aggdesigner-5.1.5-jhyde.pom

Downloading: https://s3-us-west-1.amazonaws.com/hive-spark/maven2/spark_2.10-1.3-rc1/org/pentaho/pentaho-aggdesigner/5.1.5-jhyde/pentaho-aggdesigner-5.1.5-jhyde.pom

Downloading: http://repo.maven.apache.org/maven2/org/pentaho/pentaho-aggdesigner/5.1.5-jhyde/pentaho-aggdesigner-5.1.5-jhyde.pom

[WARNING] Invalid project model for artifact [pentaho-aggdesigner-algorithm:org.pentaho:5.1.5-jhyde]. It will be ignored by the remote resources Mojo.
[INFO] 
[INFO] --- maven-resources-plugin:2.6:resources (default-resources) @ hive-exec ---
[INFO] Using &apos;UTF-8&apos; encoding to copy filtered resources.
[INFO] Copying 2 resources
[INFO] Copying 3 resources
[INFO] 
[INFO] --- maven-antrun-plugin:1.7:run (define-classpath) @ hive-exec ---
[INFO] Executing tasks

main:
[INFO] Executed tasks
[INFO] 
[INFO] --- maven-compiler-plugin:2.3.2:compile (default-compile) @ hive-exec ---
[INFO] Compiling 2409 source files to /data/hive-ptest/working/apache-github-source-source/ql/target/classes
[INFO] -------------------------------------------------------------
[ERROR] COMPILATION ERROR : 
[INFO] -------------------------------------------------------------
[ERROR] /data/hive-ptest/working/apache-github-source-source/ql/src/java/org/apache/hadoop/hive/ql/parse/DDLSemanticAnalyzer.java:[1472,15] error: cannot find symbol
[INFO] 1 error
[INFO] -------------------------------------------------------------
[INFO] ------------------------------------------------------------------------
[INFO] Reactor Summary:
[INFO] 
[INFO] Hive .............................................. SUCCESS [13.500s]
[INFO] Hive Shims Common ................................. SUCCESS [12.092s]
[INFO] Hive Shims 0.20S .................................. SUCCESS [3.045s]
[INFO] Hive Shims 0.23 ................................... SUCCESS [11.025s]
[INFO] Hive Shims Scheduler .............................. SUCCESS [1.963s]
[INFO] Hive Shims ........................................ SUCCESS [2.090s]
[INFO] Hive Storage API .................................. SUCCESS [2.756s]
[INFO] Hive Common ....................................... SUCCESS [17.195s]
[INFO] Hive Serde ........................................ SUCCESS [18.141s]
[INFO] Hive Metastore .................................... SUCCESS [38.329s]
[INFO] Hive Ant Utilities ................................ SUCCESS [2.457s]
[INFO] Spark Remote Client ............................... SUCCESS [22.283s]
[INFO] Hive Query Language ............................... FAILURE [1:46.930s]
[INFO] Hive Service ...................................... SKIPPED
[INFO] Hive Accumulo Handler ............................. SKIPPED
[INFO] Hive JDBC ......................................... SKIPPED
[INFO] Hive Beeline ...................................... SKIPPED
[INFO] Hive CLI .......................................... SKIPPED
[INFO] Hive Contrib ...................................... SKIPPED
[INFO] Hive HBase Handler ................................ SKIPPED
[INFO] Hive HCatalog ..................................... SKIPPED
[INFO] Hive HCatalog Core ................................ SKIPPED
[INFO] Hive HCatalog Pig Adapter ......................... SKIPPED
[INFO] Hive HCatalog Server Extensions ................... SKIPPED
[INFO] Hive HCatalog Webhcat Java Client ................. SKIPPED
[INFO] Hive HCatalog Webhcat ............................. SKIPPED
[INFO] Hive HCatalog Streaming ........................... SKIPPED
[INFO] Hive HPL/SQL ...................................... SKIPPED
[INFO] Hive HWI .......................................... SKIPPED
[INFO] Hive ODBC ......................................... SKIPPED
[INFO] Hive Shims Aggregator ............................. SKIPPED
[INFO] Hive TestUtils .................................... SKIPPED
[INFO] Hive Packaging .................................... SKIPPED
[INFO] ------------------------------------------------------------------------
[INFO] BUILD FAILURE
[INFO] ------------------------------------------------------------------------
[INFO] Total time: 4:15.032s
[INFO] Finished at: Tue Aug 04 00:28:09 EDT 2015
[INFO] Final Memory: 114M/724M
[INFO] ------------------------------------------------------------------------
[ERROR] Failed to execute goal org.apache.maven.plugins:maven-compiler-plugin:2.3.2:compile (default-compile) on project hive-exec: Compilation failure
[ERROR] /data/hive-ptest/working/apache-github-source-source/ql/src/java/org/apache/hadoop/hive/ql/parse/DDLSemanticAnalyzer.java:[1472,15] error: cannot find symbol
[ERROR] -&amp;gt; [Help 1]
[ERROR] 
[ERROR] To see the full stack trace of the errors, re-run Maven with the -e switch.
[ERROR] Re-run Maven using the -X switch to enable full debug logging.
[ERROR] 
[ERROR] For more information about the errors and possible solutions, please read the following articles:
[ERROR] [Help 1] http://cwiki.apache.org/confluence/display/MAVEN/MojoFailureException
[ERROR] 
[ERROR] After correcting the problems, you can resume the build with the command
[ERROR]   mvn &amp;lt;goals&amp;gt; -rf :hive-exec
+ exit 1
&apos;
&lt;/pre&gt;
&lt;/div&gt;&lt;/div&gt;

&lt;p&gt;This message is automatically generated.&lt;/p&gt;

&lt;p&gt;ATTACHMENT ID: 12748503 - PreCommit-HIVE-TRUNK-Build&lt;/p&gt;</comment>
                            <comment id="14661148" author="daijy" created="Fri, 7 Aug 2015 01:00:45 +0000"  >&lt;p&gt;Fix a compilation error under Hadoop 1.&lt;/p&gt;</comment>
                            <comment id="14662853" author="hiveqa" created="Sat, 8 Aug 2015 07:22:42 +0000"  >

&lt;p&gt;&lt;font color=&quot;red&quot;&gt;Overall&lt;/font&gt;: -1 at least one tests failed&lt;/p&gt;

&lt;p&gt;Here are the results of testing the latest attachment:&lt;br/&gt;
&lt;a href=&quot;https://issues.apache.org/jira/secure/attachment/12749170/HIVE-11441.2.patch&quot; class=&quot;external-link&quot; rel=&quot;nofollow&quot;&gt;https://issues.apache.org/jira/secure/attachment/12749170/HIVE-11441.2.patch&lt;/a&gt;&lt;/p&gt;

&lt;p&gt;&lt;font color=&quot;red&quot;&gt;ERROR:&lt;/font&gt; -1 due to 6 failed/errored test(s), 9345 tests executed&lt;br/&gt;
&lt;b&gt;Failed tests:&lt;/b&gt;&lt;/p&gt;
&lt;div class=&quot;preformatted panel&quot; style=&quot;border-width: 1px;&quot;&gt;&lt;div class=&quot;preformattedContent panelContent&quot;&gt;
&lt;pre&gt;org.apache.hadoop.hive.cli.TestCliDriver.testCliDriver_alter_partition_format_loc
org.apache.hadoop.hive.cli.TestCliDriver.testCliDriver_alter_table_location
org.apache.hadoop.hive.cli.TestCliDriver.testCliDriver_partition_coltype_literals
org.apache.hadoop.hive.cli.TestCliDriver.testCliDriver_partition_date2
org.apache.hadoop.hive.cli.TestCliDriver.testCliDriver_partition_timestamp2
org.apache.hadoop.hive.cli.TestNegativeCliDriver.testNegativeCliDriver_alter_table_wrong_location
&lt;/pre&gt;
&lt;/div&gt;&lt;/div&gt;

&lt;p&gt;Test results: &lt;a href=&quot;http://ec2-174-129-184-35.compute-1.amazonaws.com/jenkins/job/PreCommit-HIVE-TRUNK-Build/4868/testReport&quot; class=&quot;external-link&quot; target=&quot;_blank&quot; rel=&quot;nofollow noopener&quot;&gt;http://ec2-174-129-184-35.compute-1.amazonaws.com/jenkins/job/PreCommit-HIVE-TRUNK-Build/4868/testReport&lt;/a&gt;&lt;br/&gt;
Console output: &lt;a href=&quot;http://ec2-174-129-184-35.compute-1.amazonaws.com/jenkins/job/PreCommit-HIVE-TRUNK-Build/4868/console&quot; class=&quot;external-link&quot; target=&quot;_blank&quot; rel=&quot;nofollow noopener&quot;&gt;http://ec2-174-129-184-35.compute-1.amazonaws.com/jenkins/job/PreCommit-HIVE-TRUNK-Build/4868/console&lt;/a&gt;&lt;br/&gt;
Test logs: &lt;a href=&quot;http://ec2-174-129-184-35.compute-1.amazonaws.com/logs/PreCommit-HIVE-TRUNK-Build-4868/&quot; class=&quot;external-link&quot; target=&quot;_blank&quot; rel=&quot;nofollow noopener&quot;&gt;http://ec2-174-129-184-35.compute-1.amazonaws.com/logs/PreCommit-HIVE-TRUNK-Build-4868/&lt;/a&gt;&lt;/p&gt;

&lt;p&gt;Messages:&lt;/p&gt;
&lt;div class=&quot;preformatted panel&quot; style=&quot;border-width: 1px;&quot;&gt;&lt;div class=&quot;preformattedContent panelContent&quot;&gt;
&lt;pre&gt;Executing org.apache.hive.ptest.execution.PrepPhase
Executing org.apache.hive.ptest.execution.ExecutionPhase
Executing org.apache.hive.ptest.execution.ReportingPhase
Tests exited with: TestsFailedException: 6 tests failed
&lt;/pre&gt;
&lt;/div&gt;&lt;/div&gt;

&lt;p&gt;This message is automatically generated.&lt;/p&gt;

&lt;p&gt;ATTACHMENT ID: 12749170 - PreCommit-HIVE-TRUNK-Build&lt;/p&gt;</comment>
                            <comment id="14694374" author="daijy" created="Wed, 12 Aug 2015 23:03:45 +0000"  >&lt;p&gt;Fix UT failures.&lt;/p&gt;</comment>
                            <comment id="14694690" author="hiveqa" created="Thu, 13 Aug 2015 05:04:16 +0000"  >

&lt;p&gt;&lt;font color=&quot;red&quot;&gt;Overall&lt;/font&gt;: -1 no tests executed&lt;/p&gt;

&lt;p&gt;Here are the results of testing the latest attachment:&lt;br/&gt;
&lt;a href=&quot;https://issues.apache.org/jira/secure/attachment/12750187/HIVE-11441.3.patch&quot; class=&quot;external-link&quot; rel=&quot;nofollow&quot;&gt;https://issues.apache.org/jira/secure/attachment/12750187/HIVE-11441.3.patch&lt;/a&gt;&lt;/p&gt;

&lt;p&gt;Test results: &lt;a href=&quot;http://ec2-174-129-184-35.compute-1.amazonaws.com/jenkins/job/PreCommit-HIVE-TRUNK-Build/4943/testReport&quot; class=&quot;external-link&quot; target=&quot;_blank&quot; rel=&quot;nofollow noopener&quot;&gt;http://ec2-174-129-184-35.compute-1.amazonaws.com/jenkins/job/PreCommit-HIVE-TRUNK-Build/4943/testReport&lt;/a&gt;&lt;br/&gt;
Console output: &lt;a href=&quot;http://ec2-174-129-184-35.compute-1.amazonaws.com/jenkins/job/PreCommit-HIVE-TRUNK-Build/4943/console&quot; class=&quot;external-link&quot; target=&quot;_blank&quot; rel=&quot;nofollow noopener&quot;&gt;http://ec2-174-129-184-35.compute-1.amazonaws.com/jenkins/job/PreCommit-HIVE-TRUNK-Build/4943/console&lt;/a&gt;&lt;br/&gt;
Test logs: &lt;a href=&quot;http://ec2-174-129-184-35.compute-1.amazonaws.com/logs/PreCommit-HIVE-TRUNK-Build-4943/&quot; class=&quot;external-link&quot; target=&quot;_blank&quot; rel=&quot;nofollow noopener&quot;&gt;http://ec2-174-129-184-35.compute-1.amazonaws.com/logs/PreCommit-HIVE-TRUNK-Build-4943/&lt;/a&gt;&lt;/p&gt;

&lt;p&gt;Messages:&lt;/p&gt;
&lt;div class=&quot;preformatted panel&quot; style=&quot;border-width: 1px;&quot;&gt;&lt;div class=&quot;preformattedContent panelContent&quot;&gt;
&lt;pre&gt;Executing org.apache.hive.ptest.execution.PrepPhase
Tests exited with: NonZeroExitCodeException
Command &apos;bash /data/hive-ptest/working/scratch/source-prep.sh&apos; failed with exit status 1 and output &apos;+ [[ -n /usr/java/jdk1.7.0_45-cloudera ]]
+ export JAVA_HOME=/usr/java/jdk1.7.0_45-cloudera
+ JAVA_HOME=/usr/java/jdk1.7.0_45-cloudera
+ export PATH=/usr/java/jdk1.7.0_45-cloudera/bin/:/usr/local/apache-maven-3.0.5/bin:/usr/java/jdk1.7.0_45-cloudera/bin:/usr/local/apache-ant-1.9.1/bin:/usr/local/bin:/bin:/usr/bin:/usr/local/sbin:/usr/sbin:/sbin:/home/hiveptest/bin
+ PATH=/usr/java/jdk1.7.0_45-cloudera/bin/:/usr/local/apache-maven-3.0.5/bin:/usr/java/jdk1.7.0_45-cloudera/bin:/usr/local/apache-ant-1.9.1/bin:/usr/local/bin:/bin:/usr/bin:/usr/local/sbin:/usr/sbin:/sbin:/home/hiveptest/bin
+ export &apos;ANT_OPTS=-Xmx1g -XX:MaxPermSize=256m &apos;
+ ANT_OPTS=&apos;-Xmx1g -XX:MaxPermSize=256m &apos;
+ export &apos;M2_OPTS=-Xmx1g -XX:MaxPermSize=256m -Dhttp.proxyHost=localhost -Dhttp.proxyPort=3128&apos;
+ M2_OPTS=&apos;-Xmx1g -XX:MaxPermSize=256m -Dhttp.proxyHost=localhost -Dhttp.proxyPort=3128&apos;
+ cd /data/hive-ptest/working/
+ tee /data/hive-ptest/logs/PreCommit-HIVE-TRUNK-Build-4943/source-prep.txt
+ [[ false == \t\r\u\e ]]
+ mkdir -p maven ivy
+ [[ git = \s\v\n ]]
+ [[ git = \g\i\t ]]
+ [[ -z master ]]
+ [[ -d apache-github-source-source ]]
+ [[ ! -d apache-github-source-source/.git ]]
+ [[ ! -d apache-github-source-source ]]
+ cd apache-github-source-source
+ git fetch origin
+ git reset --hard HEAD
HEAD is now at 16546cc HIVE-11462: Constant fold struct() UDF (Gopal V, reviewed by Hari Sankar Sivarama Subramaniyan)
+ git clean -f -d
Removing ql/src/java/org/apache/hadoop/hive/ql/exec/AbstractMapOperator.java
Removing ql/src/java/org/apache/hadoop/hive/ql/plan/PartitionConversion.java
Removing ql/src/java/org/apache/hadoop/hive/ql/plan/VectorPartitionDesc.java
Removing ql/src/test/queries/clientpositive/vector_schema_evolution.q
Removing ql/src/test/queries/clientpositive/vector_schema_evolution2.q
Removing ql/src/test/queries/clientpositive/vector_schema_evolution3.q
Removing ql/src/test/queries/clientpositive/vector_schema_evolution4.q
Removing ql/src/test/queries/clientpositive/vector_schema_evolution5.q
Removing ql/src/test/queries/clientpositive/vector_schema_evolution6.q
Removing ql/src/test/results/clientpositive/vector_schema_evolution.q.out
Removing ql/src/test/results/clientpositive/vector_schema_evolution2.q.out
Removing ql/src/test/results/clientpositive/vector_schema_evolution3.q.out
Removing ql/src/test/results/clientpositive/vector_schema_evolution4.q.out
Removing ql/src/test/results/clientpositive/vector_schema_evolution5.q.out
Removing ql/src/test/results/clientpositive/vector_schema_evolution6.q.out
+ git checkout master
Already on &apos;master&apos;
+ git reset --hard origin/master
HEAD is now at 16546cc HIVE-11462: Constant fold struct() UDF (Gopal V, reviewed by Hari Sankar Sivarama Subramaniyan)
+ git merge --ff-only origin/master
Already up-to-date.
+ git gc
+ patchCommandPath=/data/hive-ptest/working/scratch/smart-apply-patch.sh
+ patchFilePath=/data/hive-ptest/working/scratch/build.patch
+ [[ -f /data/hive-ptest/working/scratch/build.patch ]]
+ chmod +x /data/hive-ptest/working/scratch/smart-apply-patch.sh
+ /data/hive-ptest/working/scratch/smart-apply-patch.sh /data/hive-ptest/working/scratch/build.patch
The patch does not appear to apply with p0, p1, or p2
+ exit 1
&apos;
&lt;/pre&gt;
&lt;/div&gt;&lt;/div&gt;

&lt;p&gt;This message is automatically generated.&lt;/p&gt;

&lt;p&gt;ATTACHMENT ID: 12750187 - PreCommit-HIVE-TRUNK-Build&lt;/p&gt;</comment>
                            <comment id="14696366" author="hiveqa" created="Fri, 14 Aug 2015 02:49:14 +0000"  >

&lt;p&gt;&lt;font color=&quot;green&quot;&gt;Overall&lt;/font&gt;: +1 all checks pass&lt;/p&gt;

&lt;p&gt;Here are the results of testing the latest attachment:&lt;br/&gt;
&lt;a href=&quot;https://issues.apache.org/jira/secure/attachment/12750345/HIVE-11441.4.patch&quot; class=&quot;external-link&quot; rel=&quot;nofollow&quot;&gt;https://issues.apache.org/jira/secure/attachment/12750345/HIVE-11441.4.patch&lt;/a&gt;&lt;/p&gt;

&lt;p&gt;&lt;font color=&quot;green&quot;&gt;SUCCESS:&lt;/font&gt; +1 9358 tests passed&lt;/p&gt;

&lt;p&gt;Test results: &lt;a href=&quot;http://ec2-174-129-184-35.compute-1.amazonaws.com/jenkins/job/PreCommit-HIVE-TRUNK-Build/4957/testReport&quot; class=&quot;external-link&quot; target=&quot;_blank&quot; rel=&quot;nofollow noopener&quot;&gt;http://ec2-174-129-184-35.compute-1.amazonaws.com/jenkins/job/PreCommit-HIVE-TRUNK-Build/4957/testReport&lt;/a&gt;&lt;br/&gt;
Console output: &lt;a href=&quot;http://ec2-174-129-184-35.compute-1.amazonaws.com/jenkins/job/PreCommit-HIVE-TRUNK-Build/4957/console&quot; class=&quot;external-link&quot; target=&quot;_blank&quot; rel=&quot;nofollow noopener&quot;&gt;http://ec2-174-129-184-35.compute-1.amazonaws.com/jenkins/job/PreCommit-HIVE-TRUNK-Build/4957/console&lt;/a&gt;&lt;br/&gt;
Test logs: &lt;a href=&quot;http://ec2-174-129-184-35.compute-1.amazonaws.com/logs/PreCommit-HIVE-TRUNK-Build-4957/&quot; class=&quot;external-link&quot; target=&quot;_blank&quot; rel=&quot;nofollow noopener&quot;&gt;http://ec2-174-129-184-35.compute-1.amazonaws.com/logs/PreCommit-HIVE-TRUNK-Build-4957/&lt;/a&gt;&lt;/p&gt;

&lt;p&gt;Messages:&lt;/p&gt;
&lt;div class=&quot;preformatted panel&quot; style=&quot;border-width: 1px;&quot;&gt;&lt;div class=&quot;preformattedContent panelContent&quot;&gt;
&lt;pre&gt;Executing org.apache.hive.ptest.execution.PrepPhase
Executing org.apache.hive.ptest.execution.ExecutionPhase
Executing org.apache.hive.ptest.execution.ReportingPhase
&lt;/pre&gt;
&lt;/div&gt;&lt;/div&gt;

&lt;p&gt;This message is automatically generated.&lt;/p&gt;

&lt;p&gt;ATTACHMENT ID: 12750345 - PreCommit-HIVE-TRUNK-Build&lt;/p&gt;</comment>
                            <comment id="14697906" author="daijy" created="Fri, 14 Aug 2015 22:50:23 +0000"  >&lt;p&gt;Patch committed to master/branch-1. Thanks Thejas for reivew!&lt;/p&gt;</comment>
                    </comments>
                    <attachments>
                            <attachment id="12748503" name="HIVE-11441.1.patch" size="2856" author="daijy" created="Mon, 3 Aug 2015 17:44:22 +0000"/>
                            <attachment id="12749170" name="HIVE-11441.2.patch" size="2860" author="daijy" created="Fri, 7 Aug 2015 01:00:45 +0000"/>
                            <attachment id="12750187" name="HIVE-11441.3.patch" size="3162" author="daijy" created="Wed, 12 Aug 2015 23:03:45 +0000"/>
                            <attachment id="12750345" name="HIVE-11441.4.patch" size="3096" author="daijy" created="Thu, 13 Aug 2015 17:52:30 +0000"/>
                    </attachments>
                <subtasks>
                    </subtasks>
                <customfields>
                                                                            <customfield id="customfield_12310310" key="com.atlassian.jira.toolkit:attachments">
                        <customfieldname>Attachment count</customfieldname>
                        <customfieldvalues>
                            <customfieldvalue>4.0</customfieldvalue>
                        </customfieldvalues>
                    </customfield>
                                                                                                                                                                                                                                                                                                                                                                                                                                                                                                                                                                                                                                                                                                        <customfield id="customfield_12314020" key="com.atlassian.jira.plugins.jira-development-integration-plugin:devsummary">
                        <customfieldname>Development</customfieldname>
                        <customfieldvalues>
                            
                        </customfieldvalues>
                    </customfield>
                                                                                                                        <customfield id="customfield_12313422" key="com.atlassian.jirafisheyeplugin:jobcheckbox">
                        <customfieldname>Enable Automatic Patch Review</customfieldname>
                        <customfieldvalues>
                            <customfieldvalue><![CDATA[false]]></customfieldvalue>

                        </customfieldvalues>
                    </customfield>
                                                                                                                                                                                                                                                                                                                                                                                                                                                                                                                                                                                                                                                <customfield id="customfield_12310420" key="com.pyxis.greenhopper.jira:gh-global-rank">
                        <customfieldname>Global Rank</customfieldname>
                        <customfieldvalues>
                            <customfieldvalue>9223372036854775807</customfieldvalue>
                        </customfieldvalues>
                    </customfield>
                                                                <customfield id="customfield_12310191" key="com.atlassian.jira.plugin.system.customfieldtypes:multicheckboxes">
                        <customfieldname>Hadoop Flags</customfieldname>
                        <customfieldvalues>
                                <customfieldvalue key="10343"><![CDATA[Reviewed]]></customfieldvalue>
    
                        </customfieldvalues>
                    </customfield>
                                                                                                                                                                                                                                        <customfield id="customfield_12312521" key="com.atlassian.jira.toolkit:LastCommentDate">
                        <customfieldname>Last public comment date</customfieldname>
                        <customfieldvalues>
                            10 years, 14 weeks, 4 days ago
                        </customfieldvalues>
                    </customfield>
                                                                                                                                                                                                                                                                                                <customfield id="customfield_12311820" key="com.pyxis.greenhopper.jira:gh-lexo-rank">
                        <customfieldname>Rank</customfieldname>
                        <customfieldvalues>
                            <customfieldvalue>0|i2i9y7:</customfieldvalue>

                        </customfieldvalues>
                    </customfield>
                                                                <customfield id="customfield_12310920" key="com.pyxis.greenhopper.jira:gh-global-rank">
                        <customfieldname>Rank (Obsolete)</customfieldname>
                        <customfieldvalues>
                            <customfieldvalue>9223372036854775807</customfieldvalue>
                        </customfieldvalues>
                    </customfield>
                                                                                                                                                                                                                                                                                                                                                                                                                                                                                                                                                                                                                                                                                                                                                                                                                                                                                </customfields>
    </item>
</channel>
</rss>