<!-- 
RSS generated by JIRA (8.20.10#820010-sha1:ace47f9899e9ee25d7157d59aa17ab06aee30d3d) at Wed Nov 12 18:38:30 UTC 2025

It is possible to restrict the fields that are returned in this document by specifying the 'field' parameter in your request.
For example, to request only the issue key and summary append 'field=key&field=summary' to the URL of your request.
-->
<rss version="0.92" >
<channel>
    <title>ASF Jira</title>
    <link>https://issues.apache.org/jira</link>
    <description>This file is an XML representation of an issue</description>
    <language>en-uk</language>    <build-info>
        <version>8.20.10</version>
        <build-number>820010</build-number>
        <build-date>22-06-2022</build-date>
    </build-info>


<item>
            <title>[HIVE-11755] Incorrect method called with Kerberos enabled in AccumuloStorageHandler</title>
                <link>https://issues.apache.org/jira/browse/HIVE-11755</link>
                <project id="12310843" key="HIVE">Hive</project>
                    <description>&lt;p&gt;The following exception was noticed in testing out the AccumuloStorageHandler&apos;s OutputFormat:&lt;/p&gt;

&lt;div class=&quot;preformatted panel&quot; style=&quot;border-width: 1px;&quot;&gt;&lt;div class=&quot;preformattedContent panelContent&quot;&gt;
&lt;pre&gt;java.lang.IllegalStateException: Connector info for AccumuloOutputFormat can only be set once per job
  at org.apache.accumulo.core.client.mapreduce.lib.impl.ConfiguratorBase.setConnectorInfo(ConfiguratorBase.java:146)
  at org.apache.accumulo.core.client.mapred.AccumuloOutputFormat.setConnectorInfo(AccumuloOutputFormat.java:125)
  at org.apache.hadoop.hive.accumulo.mr.HiveAccumuloTableOutputFormat.configureAccumuloOutputFormat(HiveAccumuloTableOutputFormat.java:95)
  at org.apache.hadoop.hive.accumulo.mr.HiveAccumuloTableOutputFormat.checkOutputSpecs(HiveAccumuloTableOutputFormat.java:51)
  at org.apache.hadoop.hive.ql.io.HivePassThroughOutputFormat.checkOutputSpecs(HivePassThroughOutputFormat.java:46)
  at org.apache.hadoop.hive.ql.exec.FileSinkOperator.checkOutputSpecs(FileSinkOperator.java:1124)
  at org.apache.hadoop.hive.ql.io.HiveOutputFormatImpl.checkOutputSpecs(HiveOutputFormatImpl.java:67)
  at org.apache.hadoop.mapreduce.JobSubmitter.checkSpecs(JobSubmitter.java:268)
  at org.apache.hadoop.mapreduce.JobSubmitter.submitJobInternal(JobSubmitter.java:139)
  at org.apache.hadoop.mapreduce.Job$10.run(Job.java:1290)
  at org.apache.hadoop.mapreduce.Job$10.run(Job.java:1287)
  at java.security.AccessController.doPrivileged(Native Method)
  at javax.security.auth.Subject.doAs(Subject.java:415)
  at org.apache.hadoop.security.UserGroupInformation.doAs(UserGroupInformation.java:1657)
  at org.apache.hadoop.mapreduce.Job.submit(Job.java:1287)
  at org.apache.hadoop.mapred.JobClient$1.run(JobClient.java:575)
  at org.apache.hadoop.mapred.JobClient$1.run(JobClient.java:570)
  at java.security.AccessController.doPrivileged(Native Method)
  at javax.security.auth.Subject.doAs(Subject.java:415)
  at org.apache.hadoop.security.UserGroupInformation.doAs(UserGroupInformation.java:1657)
  at org.apache.hadoop.mapred.JobClient.submitJobInternal(JobClient.java:570)
  at org.apache.hadoop.mapred.JobClient.submitJob(JobClient.java:561)
  at org.apache.hadoop.hive.ql.exec.mr.ExecDriver.execute(ExecDriver.java:431)
  at org.apache.hadoop.hive.ql.exec.mr.MapRedTask.execute(MapRedTask.java:137)
  at org.apache.hadoop.hive.ql.exec.Task.executeTask(Task.java:160)
  at org.apache.hadoop.hive.ql.exec.TaskRunner.runSequential(TaskRunner.java:88)
  at org.apache.hadoop.hive.ql.Driver.launchTask(Driver.java:1653)
  at org.apache.hadoop.hive.ql.Driver.execute(Driver.java:1412)
  at org.apache.hadoop.hive.ql.Driver.runInternal(Driver.java:1195)
  at org.apache.hadoop.hive.ql.Driver.run(Driver.java:1059)
  at org.apache.hadoop.hive.ql.Driver.run(Driver.java:1049)
  at org.apache.hadoop.hive.cli.CliDriver.processLocalCmd(CliDriver.java:213)
  at org.apache.hadoop.hive.cli.CliDriver.processCmd(CliDriver.java:165)
  at org.apache.hadoop.hive.cli.CliDriver.processLine(CliDriver.java:376)
  at org.apache.hadoop.hive.cli.CliDriver.processLine(CliDriver.java:311)
  at org.apache.hadoop.hive.cli.CliDriver.processReader(CliDriver.java:409)
  at org.apache.hadoop.hive.cli.CliDriver.processFile(CliDriver.java:425)
  at org.apache.hadoop.hive.cli.CliDriver.executeDriver(CliDriver.java:714)
  at org.apache.hadoop.hive.cli.CliDriver.run(CliDriver.java:681)
  at org.apache.hadoop.hive.cli.CliDriver.main(CliDriver.java:621)
  at sun.reflect.NativeMethodAccessorImpl.invoke0(Native Method)
  at sun.reflect.NativeMethodAccessorImpl.invoke(NativeMethodAccessorImpl.java:57)
  at sun.reflect.DelegatingMethodAccessorImpl.invoke(DelegatingMethodAccessorImpl.java:43)
  at java.lang.reflect.Method.invoke(Method.java:606)
  at org.apache.hadoop.util.RunJar.run(RunJar.java:221)
  at org.apache.hadoop.util.RunJar.main(RunJar.java:136)
  Job Submission failed with exception &apos;java.lang.IllegalStateException(Connector info for AccumuloOutputFormat can only be set once per job)&apos;
&lt;/pre&gt;
&lt;/div&gt;&lt;/div&gt;

&lt;p&gt;The OutputFormat implementation already had a method in place to account for this exception but the method accidentally wasn&apos;t getting called.&lt;/p&gt;</description>
                <environment></environment>
        <key id="12862314">HIVE-11755</key>
            <summary>Incorrect method called with Kerberos enabled in AccumuloStorageHandler</summary>
                <type id="1" iconUrl="https://issues.apache.org/jira/secure/viewavatar?size=xsmall&amp;avatarId=21133&amp;avatarType=issuetype">Bug</type>
                                            <priority id="3" iconUrl="https://issues.apache.org/jira/images/icons/priorities/major.svg">Major</priority>
                        <status id="6" iconUrl="https://issues.apache.org/jira/images/icons/statuses/closed.png" description="The issue is considered finished, the resolution is correct. Issues which are not closed can be reopened.">Closed</status>
                    <statusCategory id="3" key="done" colorName="green"/>
                                    <resolution id="1">Fixed</resolution>
                                        <assignee username="elserj">Josh Elser</assignee>
                                    <reporter username="elserj">Josh Elser</reporter>
                        <labels>
                    </labels>
                <created>Tue, 8 Sep 2015 05:31:28 +0000</created>
                <updated>Tue, 16 Feb 2016 23:51:45 +0000</updated>
                            <resolved>Sat, 24 Oct 2015 21:32:01 +0000</resolved>
                                    <version>1.2.1</version>
                                    <fixVersion>1.3.0</fixVersion>
                    <fixVersion>2.0.0</fixVersion>
                                    <component>Accumulo Storage Handler</component>
                        <due></due>
                            <votes>0</votes>
                                    <watches>2</watches>
                                                                                                                <comments>
                            <comment id="14734262" author="elserj" created="Tue, 8 Sep 2015 05:35:49 +0000"  >&lt;p&gt;Initial patch. Unit tests passed (will let Hive-QA run for the itests).&lt;/p&gt;

&lt;p&gt;Obvious error in the code (calling the parent method instead of the local method &amp;#8211; thanks static methods). Tested via some excessive mocking.&lt;/p&gt;</comment>
                            <comment id="14734698" author="hiveqa" created="Tue, 8 Sep 2015 11:58:33 +0000"  >

&lt;p&gt;&lt;font color=&quot;red&quot;&gt;Overall&lt;/font&gt;: -1 no tests executed&lt;/p&gt;

&lt;p&gt;Here are the results of testing the latest attachment:&lt;br/&gt;
&lt;a href=&quot;https://issues.apache.org/jira/secure/attachment/12754572/HIVE-11755.001.patch&quot; class=&quot;external-link&quot; rel=&quot;nofollow&quot;&gt;https://issues.apache.org/jira/secure/attachment/12754572/HIVE-11755.001.patch&lt;/a&gt;&lt;/p&gt;

&lt;p&gt;Test results: &lt;a href=&quot;http://ec2-174-129-184-35.compute-1.amazonaws.com/jenkins/job/PreCommit-HIVE-TRUNK-Build/5197/testReport&quot; class=&quot;external-link&quot; target=&quot;_blank&quot; rel=&quot;nofollow noopener&quot;&gt;http://ec2-174-129-184-35.compute-1.amazonaws.com/jenkins/job/PreCommit-HIVE-TRUNK-Build/5197/testReport&lt;/a&gt;&lt;br/&gt;
Console output: &lt;a href=&quot;http://ec2-174-129-184-35.compute-1.amazonaws.com/jenkins/job/PreCommit-HIVE-TRUNK-Build/5197/console&quot; class=&quot;external-link&quot; target=&quot;_blank&quot; rel=&quot;nofollow noopener&quot;&gt;http://ec2-174-129-184-35.compute-1.amazonaws.com/jenkins/job/PreCommit-HIVE-TRUNK-Build/5197/console&lt;/a&gt;&lt;br/&gt;
Test logs: &lt;a href=&quot;http://ec2-174-129-184-35.compute-1.amazonaws.com/logs/PreCommit-HIVE-TRUNK-Build-5197/&quot; class=&quot;external-link&quot; target=&quot;_blank&quot; rel=&quot;nofollow noopener&quot;&gt;http://ec2-174-129-184-35.compute-1.amazonaws.com/logs/PreCommit-HIVE-TRUNK-Build-5197/&lt;/a&gt;&lt;/p&gt;

&lt;p&gt;Messages:&lt;/p&gt;
&lt;div class=&quot;preformatted panel&quot; style=&quot;border-width: 1px;&quot;&gt;&lt;div class=&quot;preformattedContent panelContent&quot;&gt;
&lt;pre&gt;**** This message was trimmed, see log for full details ****
[INFO] 
[INFO] --- build-helper-maven-plugin:1.8:add-source (add-source) @ hive-service ---
[INFO] Source directory: /data/hive-ptest/working/apache-github-source-source/service/src/model added.
[INFO] Source directory: /data/hive-ptest/working/apache-github-source-source/service/src/gen/thrift/gen-javabean added.
[INFO] 
[INFO] --- maven-remote-resources-plugin:1.5:process (default) @ hive-service ---
[WARNING] Invalid project model for artifact [pentaho-aggdesigner-algorithm:org.pentaho:5.1.5-jhyde]. It will be ignored by the remote resources Mojo.
[INFO] 
[INFO] --- maven-resources-plugin:2.6:resources (default-resources) @ hive-service ---
[INFO] Using &apos;UTF-8&apos; encoding to copy filtered resources.
[INFO] skip non existing resourceDirectory /data/hive-ptest/working/apache-github-source-source/service/src/main/resources
[INFO] Copying 3 resources
[INFO] 
[INFO] --- maven-antrun-plugin:1.7:run (define-classpath) @ hive-service ---
[INFO] Executing tasks

main:
[INFO] Executed tasks
[INFO] 
[INFO] --- maven-compiler-plugin:3.1:compile (default-compile) @ hive-service ---
[INFO] Compiling 177 source files to /data/hive-ptest/working/apache-github-source-source/service/target/classes
[WARNING] /data/hive-ptest/working/apache-github-source-source/service/src/java/org/apache/hive/service/cli/operation/SQLOperation.java: Some input files use or override a deprecated API.
[WARNING] /data/hive-ptest/working/apache-github-source-source/service/src/java/org/apache/hive/service/cli/operation/SQLOperation.java: Recompile with -Xlint:deprecation for details.
[WARNING] /data/hive-ptest/working/apache-github-source-source/service/src/java/org/apache/hive/service/cli/thrift/ThriftHttpServlet.java: Some input files use unchecked or unsafe operations.
[WARNING] /data/hive-ptest/working/apache-github-source-source/service/src/java/org/apache/hive/service/cli/thrift/ThriftHttpServlet.java: Recompile with -Xlint:unchecked for details.
[INFO] 
[INFO] --- maven-resources-plugin:2.6:testResources (default-testResources) @ hive-service ---
[INFO] Using &apos;UTF-8&apos; encoding to copy filtered resources.
[INFO] skip non existing resourceDirectory /data/hive-ptest/working/apache-github-source-source/service/src/test/resources
[INFO] Copying 3 resources
[INFO] 
[INFO] --- maven-antrun-plugin:1.7:run (setup-test-dirs) @ hive-service ---
[INFO] Executing tasks

main:
    [mkdir] Created dir: /data/hive-ptest/working/apache-github-source-source/service/target/tmp
    [mkdir] Created dir: /data/hive-ptest/working/apache-github-source-source/service/target/warehouse
    [mkdir] Created dir: /data/hive-ptest/working/apache-github-source-source/service/target/tmp/conf
     [copy] Copying 10 files to /data/hive-ptest/working/apache-github-source-source/service/target/tmp/conf
[INFO] Executed tasks
[INFO] 
[INFO] --- maven-compiler-plugin:3.1:testCompile (default-testCompile) @ hive-service ---
[INFO] Compiling 11 source files to /data/hive-ptest/working/apache-github-source-source/service/target/test-classes
[WARNING] /data/hive-ptest/working/apache-github-source-source/service/src/test/org/apache/hive/service/cli/session/TestSessionHooks.java: Some input files use or override a deprecated API.
[WARNING] /data/hive-ptest/working/apache-github-source-source/service/src/test/org/apache/hive/service/cli/session/TestSessionHooks.java: Recompile with -Xlint:deprecation for details.
[INFO] 
[INFO] --- maven-surefire-plugin:2.16:test (default-test) @ hive-service ---
[INFO] Tests are skipped.
[INFO] 
[INFO] --- maven-jar-plugin:2.2:jar (default-jar) @ hive-service ---
[INFO] Building jar: /data/hive-ptest/working/apache-github-source-source/service/target/hive-service-2.0.0-SNAPSHOT.jar
[INFO] 
[INFO] --- maven-site-plugin:3.3:attach-descriptor (attach-descriptor) @ hive-service ---
[INFO] 
[INFO] --- maven-jar-plugin:2.2:test-jar (default) @ hive-service ---
[INFO] Building jar: /data/hive-ptest/working/apache-github-source-source/service/target/hive-service-2.0.0-SNAPSHOT-tests.jar
[INFO] 
[INFO] --- maven-install-plugin:2.4:install (default-install) @ hive-service ---
[INFO] Installing /data/hive-ptest/working/apache-github-source-source/service/target/hive-service-2.0.0-SNAPSHOT.jar to /home/hiveptest/.m2/repository/org/apache/hive/hive-service/2.0.0-SNAPSHOT/hive-service-2.0.0-SNAPSHOT.jar
[INFO] Installing /data/hive-ptest/working/apache-github-source-source/service/pom.xml to /home/hiveptest/.m2/repository/org/apache/hive/hive-service/2.0.0-SNAPSHOT/hive-service-2.0.0-SNAPSHOT.pom
[INFO] Installing /data/hive-ptest/working/apache-github-source-source/service/target/hive-service-2.0.0-SNAPSHOT-tests.jar to /home/hiveptest/.m2/repository/org/apache/hive/hive-service/2.0.0-SNAPSHOT/hive-service-2.0.0-SNAPSHOT-tests.jar
[INFO]                                                                         
[INFO] ------------------------------------------------------------------------
[INFO] Building Hive Accumulo Handler 2.0.0-SNAPSHOT
[INFO] ------------------------------------------------------------------------
[INFO] 
[INFO] --- maven-clean-plugin:2.5:clean (default-clean) @ hive-accumulo-handler ---
[INFO] Deleting /data/hive-ptest/working/apache-github-source-source/accumulo-handler/target
[INFO] Deleting /data/hive-ptest/working/apache-github-source-source/accumulo-handler (includes = [datanucleus.log, derby.log], excludes = [])
[INFO] 
[INFO] --- maven-enforcer-plugin:1.3.1:enforce (enforce-no-snapshots) @ hive-accumulo-handler ---
[INFO] 
[INFO] --- maven-remote-resources-plugin:1.5:process (default) @ hive-accumulo-handler ---
[WARNING] Invalid project model for artifact [pentaho-aggdesigner-algorithm:org.pentaho:5.1.5-jhyde]. It will be ignored by the remote resources Mojo.
[INFO] 
[INFO] --- maven-resources-plugin:2.6:resources (default-resources) @ hive-accumulo-handler ---
[INFO] Using &apos;UTF-8&apos; encoding to copy filtered resources.
[INFO] skip non existing resourceDirectory /data/hive-ptest/working/apache-github-source-source/accumulo-handler/src/main/resources
[INFO] Copying 3 resources
[INFO] 
[INFO] --- maven-antrun-plugin:1.7:run (define-classpath) @ hive-accumulo-handler ---
[INFO] Executing tasks

main:
[INFO] Executed tasks
[INFO] 
[INFO] --- maven-compiler-plugin:3.1:compile (default-compile) @ hive-accumulo-handler ---
[INFO] Compiling 52 source files to /data/hive-ptest/working/apache-github-source-source/accumulo-handler/target/classes
[WARNING] /data/hive-ptest/working/apache-github-source-source/accumulo-handler/src/java/org/apache/hadoop/hive/accumulo/serde/AccumuloSerDe.java: Some input files use or override a deprecated API.
[WARNING] /data/hive-ptest/working/apache-github-source-source/accumulo-handler/src/java/org/apache/hadoop/hive/accumulo/serde/AccumuloSerDe.java: Recompile with -Xlint:deprecation for details.
[INFO] 
[INFO] --- maven-resources-plugin:2.6:testResources (default-testResources) @ hive-accumulo-handler ---
[INFO] Using &apos;UTF-8&apos; encoding to copy filtered resources.
[INFO] skip non existing resourceDirectory /data/hive-ptest/working/apache-github-source-source/accumulo-handler/src/test/resources
[INFO] Copying 3 resources
[INFO] 
[INFO] --- maven-antrun-plugin:1.7:run (setup-test-dirs) @ hive-accumulo-handler ---
[INFO] Executing tasks

main:
    [mkdir] Created dir: /data/hive-ptest/working/apache-github-source-source/accumulo-handler/target/tmp
    [mkdir] Created dir: /data/hive-ptest/working/apache-github-source-source/accumulo-handler/target/warehouse
    [mkdir] Created dir: /data/hive-ptest/working/apache-github-source-source/accumulo-handler/target/tmp/conf
     [copy] Copying 10 files to /data/hive-ptest/working/apache-github-source-source/accumulo-handler/target/tmp/conf
[INFO] Executed tasks
[INFO] 
[INFO] --- maven-compiler-plugin:3.1:testCompile (default-testCompile) @ hive-accumulo-handler ---
[INFO] Compiling 27 source files to /data/hive-ptest/working/apache-github-source-source/accumulo-handler/target/test-classes
[INFO] -------------------------------------------------------------
[WARNING] COMPILATION WARNING : 
[INFO] -------------------------------------------------------------
[WARNING] /data/hive-ptest/working/apache-github-source-source/accumulo-handler/src/test/org/apache/hadoop/hive/accumulo/serde/TestAccumuloSerDe.java: Some input files use or override a deprecated API.
[WARNING] /data/hive-ptest/working/apache-github-source-source/accumulo-handler/src/test/org/apache/hadoop/hive/accumulo/serde/TestAccumuloSerDe.java: Recompile with -Xlint:deprecation for details.
[INFO] 2 warnings 
[INFO] -------------------------------------------------------------
[INFO] -------------------------------------------------------------
[ERROR] COMPILATION ERROR : 
[INFO] -------------------------------------------------------------
[ERROR] /data/hive-ptest/working/apache-github-source-source/accumulo-handler/src/test/org/apache/hadoop/hive/accumulo/mr/TestHiveAccumuloTableOutputFormat.java:[40,28] cannot find symbol
  symbol:   class CommonConfigurationKeysPublic
  location: package org.apache.hadoop.fs
[ERROR] /data/hive-ptest/working/apache-github-source-source/accumulo-handler/src/test/org/apache/hadoop/hive/accumulo/mr/TestHiveAccumuloTableOutputFormat.java:[40,28] cannot find symbol
  symbol:   class CommonConfigurationKeysPublic
  location: package org.apache.hadoop.fs
[ERROR] /data/hive-ptest/working/apache-github-source-source/accumulo-handler/src/test/org/apache/hadoop/hive/accumulo/mr/TestHiveAccumuloTableOutputFormat.java:[135,14] cannot find symbol
  symbol:   variable CommonConfigurationKeysPublic
  location: class org.apache.hadoop.hive.accumulo.mr.TestHiveAccumuloTableOutputFormat
[ERROR] /data/hive-ptest/working/apache-github-source-source/accumulo-handler/src/test/org/apache/hadoop/hive/accumulo/mr/TestHiveAccumuloTableOutputFormat.java:[140,25] cannot find symbol
  symbol:   method setLoginUser(org.apache.hadoop.security.UserGroupInformation)
  location: class org.apache.hadoop.security.UserGroupInformation
[INFO] 4 errors 
[INFO] -------------------------------------------------------------
[INFO] ------------------------------------------------------------------------
[INFO] Reactor Summary:
[INFO] 
[INFO] Hive .............................................. SUCCESS [10.456s]
[INFO] Hive Shims Common ................................. SUCCESS [13.615s]
[INFO] Hive Shims 0.20S .................................. SUCCESS [3.417s]
[INFO] Hive Shims 0.23 ................................... SUCCESS [10.368s]
[INFO] Hive Shims Scheduler .............................. SUCCESS [2.344s]
[INFO] Hive Shims ........................................ SUCCESS [2.720s]
[INFO] Hive Storage API .................................. SUCCESS [2.633s]
[INFO] Hive Common ....................................... SUCCESS [20.655s]
[INFO] Hive Serde ........................................ SUCCESS [18.192s]
[INFO] Hive Metastore .................................... SUCCESS [45.334s]
[INFO] Hive Ant Utilities ................................ SUCCESS [1.879s]
[INFO] Spark Remote Client ............................... SUCCESS [25.273s]
[INFO] Hive Query Language ............................... SUCCESS [3:13.362s]
[INFO] Hive Service ...................................... SUCCESS [11.580s]
[INFO] Hive Accumulo Handler ............................. FAILURE [7.174s]
[INFO] Hive JDBC ......................................... SKIPPED
[INFO] Hive Beeline ...................................... SKIPPED
[INFO] Hive CLI .......................................... SKIPPED
[INFO] Hive Contrib ...................................... SKIPPED
[INFO] Hive HBase Handler ................................ SKIPPED
[INFO] Hive HCatalog ..................................... SKIPPED
[INFO] Hive HCatalog Core ................................ SKIPPED
[INFO] Hive HCatalog Pig Adapter ......................... SKIPPED
[INFO] Hive HCatalog Server Extensions ................... SKIPPED
[INFO] Hive HCatalog Webhcat Java Client ................. SKIPPED
[INFO] Hive HCatalog Webhcat ............................. SKIPPED
[INFO] Hive HCatalog Streaming ........................... SKIPPED
[INFO] Hive HPL/SQL ...................................... SKIPPED
[INFO] Hive HWI .......................................... SKIPPED
[INFO] Hive ODBC ......................................... SKIPPED
[INFO] Hive Shims Aggregator ............................. SKIPPED
[INFO] Hive TestUtils .................................... SKIPPED
[INFO] Hive Packaging .................................... SKIPPED
[INFO] ------------------------------------------------------------------------
[INFO] BUILD FAILURE
[INFO] ------------------------------------------------------------------------
[INFO] Total time: 6:12.052s
[INFO] Finished at: Tue Sep 08 07:58:31 EDT 2015
[INFO] Final Memory: 194M/900M
[INFO] ------------------------------------------------------------------------
[ERROR] Failed to execute goal org.apache.maven.plugins:maven-compiler-plugin:3.1:testCompile (default-testCompile) on project hive-accumulo-handler: Compilation failure: Compilation failure:
[ERROR] /data/hive-ptest/working/apache-github-source-source/accumulo-handler/src/test/org/apache/hadoop/hive/accumulo/mr/TestHiveAccumuloTableOutputFormat.java:[40,28] cannot find symbol
[ERROR] symbol:   class CommonConfigurationKeysPublic
[ERROR] location: package org.apache.hadoop.fs
[ERROR] /data/hive-ptest/working/apache-github-source-source/accumulo-handler/src/test/org/apache/hadoop/hive/accumulo/mr/TestHiveAccumuloTableOutputFormat.java:[40,28] cannot find symbol
[ERROR] symbol:   class CommonConfigurationKeysPublic
[ERROR] location: package org.apache.hadoop.fs
[ERROR] /data/hive-ptest/working/apache-github-source-source/accumulo-handler/src/test/org/apache/hadoop/hive/accumulo/mr/TestHiveAccumuloTableOutputFormat.java:[135,14] cannot find symbol
[ERROR] symbol:   variable CommonConfigurationKeysPublic
[ERROR] location: class org.apache.hadoop.hive.accumulo.mr.TestHiveAccumuloTableOutputFormat
[ERROR] /data/hive-ptest/working/apache-github-source-source/accumulo-handler/src/test/org/apache/hadoop/hive/accumulo/mr/TestHiveAccumuloTableOutputFormat.java:[140,25] cannot find symbol
[ERROR] symbol:   method setLoginUser(org.apache.hadoop.security.UserGroupInformation)
[ERROR] location: class org.apache.hadoop.security.UserGroupInformation
[ERROR] -&amp;gt; [Help 1]
[ERROR] 
[ERROR] To see the full stack trace of the errors, re-run Maven with the -e switch.
[ERROR] Re-run Maven using the -X switch to enable full debug logging.
[ERROR] 
[ERROR] For more information about the errors and possible solutions, please read the following articles:
[ERROR] [Help 1] http://cwiki.apache.org/confluence/display/MAVEN/MojoFailureException
[ERROR] 
[ERROR] After correcting the problems, you can resume the build with the command
[ERROR]   mvn &amp;lt;goals&amp;gt; -rf :hive-accumulo-handler
+ exit 1
&apos;
&lt;/pre&gt;
&lt;/div&gt;&lt;/div&gt;

&lt;p&gt;This message is automatically generated.&lt;/p&gt;

&lt;p&gt;ATTACHMENT ID: 12754572 - PreCommit-HIVE-TRUNK-Build&lt;/p&gt;</comment>
                            <comment id="14735078" author="elserj" created="Tue, 8 Sep 2015 16:21:46 +0000"  >&lt;p&gt;Fix the Hadoop 1 compatibility issues&lt;/p&gt;</comment>
                            <comment id="14735315" author="hiveqa" created="Tue, 8 Sep 2015 18:14:29 +0000"  >

&lt;p&gt;&lt;font color=&quot;red&quot;&gt;Overall&lt;/font&gt;: -1 at least one tests failed&lt;/p&gt;

&lt;p&gt;Here are the results of testing the latest attachment:&lt;br/&gt;
&lt;a href=&quot;https://issues.apache.org/jira/secure/attachment/12754665/HIVE-11755.002.patch&quot; class=&quot;external-link&quot; rel=&quot;nofollow&quot;&gt;https://issues.apache.org/jira/secure/attachment/12754665/HIVE-11755.002.patch&lt;/a&gt;&lt;/p&gt;

&lt;p&gt;&lt;font color=&quot;red&quot;&gt;ERROR:&lt;/font&gt; -1 due to 2 failed/errored test(s), 9423 tests executed&lt;br/&gt;
&lt;b&gt;Failed tests:&lt;/b&gt;&lt;/p&gt;
&lt;div class=&quot;preformatted panel&quot; style=&quot;border-width: 1px;&quot;&gt;&lt;div class=&quot;preformattedContent panelContent&quot;&gt;
&lt;pre&gt;org.apache.hive.hcatalog.api.TestHCatClient.testTableSchemaPropagation
org.apache.hive.hcatalog.streaming.TestStreaming.testRemainingTransactions
&lt;/pre&gt;
&lt;/div&gt;&lt;/div&gt;

&lt;p&gt;Test results: &lt;a href=&quot;http://ec2-174-129-184-35.compute-1.amazonaws.com/jenkins/job/PreCommit-HIVE-TRUNK-Build/5201/testReport&quot; class=&quot;external-link&quot; target=&quot;_blank&quot; rel=&quot;nofollow noopener&quot;&gt;http://ec2-174-129-184-35.compute-1.amazonaws.com/jenkins/job/PreCommit-HIVE-TRUNK-Build/5201/testReport&lt;/a&gt;&lt;br/&gt;
Console output: &lt;a href=&quot;http://ec2-174-129-184-35.compute-1.amazonaws.com/jenkins/job/PreCommit-HIVE-TRUNK-Build/5201/console&quot; class=&quot;external-link&quot; target=&quot;_blank&quot; rel=&quot;nofollow noopener&quot;&gt;http://ec2-174-129-184-35.compute-1.amazonaws.com/jenkins/job/PreCommit-HIVE-TRUNK-Build/5201/console&lt;/a&gt;&lt;br/&gt;
Test logs: &lt;a href=&quot;http://ec2-174-129-184-35.compute-1.amazonaws.com/logs/PreCommit-HIVE-TRUNK-Build-5201/&quot; class=&quot;external-link&quot; target=&quot;_blank&quot; rel=&quot;nofollow noopener&quot;&gt;http://ec2-174-129-184-35.compute-1.amazonaws.com/logs/PreCommit-HIVE-TRUNK-Build-5201/&lt;/a&gt;&lt;/p&gt;

&lt;p&gt;Messages:&lt;/p&gt;
&lt;div class=&quot;preformatted panel&quot; style=&quot;border-width: 1px;&quot;&gt;&lt;div class=&quot;preformattedContent panelContent&quot;&gt;
&lt;pre&gt;Executing org.apache.hive.ptest.execution.PrepPhase
Executing org.apache.hive.ptest.execution.ExecutionPhase
Executing org.apache.hive.ptest.execution.ReportingPhase
Tests exited with: TestsFailedException: 2 tests failed
&lt;/pre&gt;
&lt;/div&gt;&lt;/div&gt;

&lt;p&gt;This message is automatically generated.&lt;/p&gt;

&lt;p&gt;ATTACHMENT ID: 12754665 - PreCommit-HIVE-TRUNK-Build&lt;/p&gt;</comment>
                            <comment id="14735442" author="elserj" created="Tue, 8 Sep 2015 19:16:34 +0000"  >&lt;blockquote&gt;
&lt;p&gt;org.apache.hive.hcatalog.api.TestHCatClient.testTableSchemaPropagation&lt;br/&gt;
org.apache.hive.hcatalog.streaming.TestStreaming.testRemainingTransactions&lt;/p&gt;&lt;/blockquote&gt;

&lt;p&gt;These seem unrelated to me.&lt;/p&gt;</comment>
                            <comment id="14735465" author="elserj" created="Tue, 8 Sep 2015 19:31:54 +0000"  >&lt;p&gt;Cancelling the patch for now. Noticed a related failure testing out some queries by hand. Will provide new patch today.&lt;/p&gt;</comment>
                            <comment id="14735679" author="elserj" created="Tue, 8 Sep 2015 21:46:17 +0000"  >&lt;p&gt;Extra testing noticed another case where the IllegalStateException was filtering up from the Accumulo API unexpectedly. Added some more unit tests for this scenario and reran unit and manual testing with success.&lt;/p&gt;</comment>
                            <comment id="14736166" author="hiveqa" created="Wed, 9 Sep 2015 04:56:11 +0000"  >

&lt;p&gt;&lt;font color=&quot;red&quot;&gt;Overall&lt;/font&gt;: -1 at least one tests failed&lt;/p&gt;

&lt;p&gt;Here are the results of testing the latest attachment:&lt;br/&gt;
&lt;a href=&quot;https://issues.apache.org/jira/secure/attachment/12754743/HIVE-11755.003.patch&quot; class=&quot;external-link&quot; rel=&quot;nofollow&quot;&gt;https://issues.apache.org/jira/secure/attachment/12754743/HIVE-11755.003.patch&lt;/a&gt;&lt;/p&gt;

&lt;p&gt;&lt;font color=&quot;red&quot;&gt;ERROR:&lt;/font&gt; -1 due to 3 failed/errored test(s), 9425 tests executed&lt;br/&gt;
&lt;b&gt;Failed tests:&lt;/b&gt;&lt;/p&gt;
&lt;div class=&quot;preformatted panel&quot; style=&quot;border-width: 1px;&quot;&gt;&lt;div class=&quot;preformattedContent panelContent&quot;&gt;
&lt;pre&gt;org.apache.hive.hcatalog.api.TestHCatClient.testTableSchemaPropagation
org.apache.hive.hcatalog.streaming.TestStreaming.testRemainingTransactions
org.apache.hive.hcatalog.streaming.TestStreaming.testTransactionBatchEmptyCommit
&lt;/pre&gt;
&lt;/div&gt;&lt;/div&gt;

&lt;p&gt;Test results: &lt;a href=&quot;http://ec2-174-129-184-35.compute-1.amazonaws.com/jenkins/job/PreCommit-HIVE-TRUNK-Build/5206/testReport&quot; class=&quot;external-link&quot; target=&quot;_blank&quot; rel=&quot;nofollow noopener&quot;&gt;http://ec2-174-129-184-35.compute-1.amazonaws.com/jenkins/job/PreCommit-HIVE-TRUNK-Build/5206/testReport&lt;/a&gt;&lt;br/&gt;
Console output: &lt;a href=&quot;http://ec2-174-129-184-35.compute-1.amazonaws.com/jenkins/job/PreCommit-HIVE-TRUNK-Build/5206/console&quot; class=&quot;external-link&quot; target=&quot;_blank&quot; rel=&quot;nofollow noopener&quot;&gt;http://ec2-174-129-184-35.compute-1.amazonaws.com/jenkins/job/PreCommit-HIVE-TRUNK-Build/5206/console&lt;/a&gt;&lt;br/&gt;
Test logs: &lt;a href=&quot;http://ec2-174-129-184-35.compute-1.amazonaws.com/logs/PreCommit-HIVE-TRUNK-Build-5206/&quot; class=&quot;external-link&quot; target=&quot;_blank&quot; rel=&quot;nofollow noopener&quot;&gt;http://ec2-174-129-184-35.compute-1.amazonaws.com/logs/PreCommit-HIVE-TRUNK-Build-5206/&lt;/a&gt;&lt;/p&gt;

&lt;p&gt;Messages:&lt;/p&gt;
&lt;div class=&quot;preformatted panel&quot; style=&quot;border-width: 1px;&quot;&gt;&lt;div class=&quot;preformattedContent panelContent&quot;&gt;
&lt;pre&gt;Executing org.apache.hive.ptest.execution.PrepPhase
Executing org.apache.hive.ptest.execution.ExecutionPhase
Executing org.apache.hive.ptest.execution.ReportingPhase
Tests exited with: TestsFailedException: 3 tests failed
&lt;/pre&gt;
&lt;/div&gt;&lt;/div&gt;

&lt;p&gt;This message is automatically generated.&lt;/p&gt;

&lt;p&gt;ATTACHMENT ID: 12754743 - PreCommit-HIVE-TRUNK-Build&lt;/p&gt;</comment>
                            <comment id="14742236" author="elserj" created="Sat, 12 Sep 2015 22:03:32 +0000"  >&lt;p&gt;Anyone have some cycles that they can help me out with a review and (hopefully) commit, please?&lt;/p&gt;</comment>
                            <comment id="14900179" author="elserj" created="Mon, 21 Sep 2015 04:06:37 +0000"  >&lt;p&gt;Still waiting for someone to be able to give this some review love..&lt;/p&gt;</comment>
                            <comment id="14935439" author="brocknoland" created="Tue, 29 Sep 2015 16:59:56 +0000"  >&lt;p&gt;Looks reasonable.&lt;/p&gt;

&lt;p&gt;+1&lt;/p&gt;</comment>
                            <comment id="14935442" author="elserj" created="Tue, 29 Sep 2015 17:00:53 +0000"  >&lt;p&gt;Thanks, &lt;a href=&quot;https://issues.apache.org/jira/secure/ViewProfile.jspa?name=brocknoland&quot; class=&quot;user-hover&quot; rel=&quot;brocknoland&quot;&gt;brocknoland&lt;/a&gt;. Much appreciated!&lt;/p&gt;</comment>
                            <comment id="14972878" author="ashutoshc" created="Sat, 24 Oct 2015 21:32:01 +0000"  >&lt;p&gt;Pushed to master. Thanks, Josh!&lt;/p&gt;</comment>
                            <comment id="14972880" author="elserj" created="Sat, 24 Oct 2015 21:34:41 +0000"  >&lt;p&gt;Ooo, thanks &lt;a href=&quot;https://issues.apache.org/jira/secure/ViewProfile.jspa?name=ashutoshc&quot; class=&quot;user-hover&quot; rel=&quot;ashutoshc&quot;&gt;ashutoshc&lt;/a&gt;. This had totally fallen of my radar again &lt;img class=&quot;emoticon&quot; src=&quot;https://issues.apache.org/jira/images/icons/emoticons/smile.png&quot; height=&quot;16&quot; width=&quot;16&quot; align=&quot;absmiddle&quot; alt=&quot;&quot; border=&quot;0&quot;/&gt;&lt;/p&gt;</comment>
                            <comment id="15001537" author="sershe" created="Thu, 12 Nov 2015 02:12:18 +0000"  >&lt;p&gt;Should this issue be backported to branch-1? It looks like a bug.&lt;/p&gt;</comment>
                            <comment id="15001589" author="elserj" created="Thu, 12 Nov 2015 02:34:16 +0000"  >&lt;blockquote&gt;&lt;p&gt;Should this issue be backported to branch-1? It looks like a bug.&lt;/p&gt;&lt;/blockquote&gt;

&lt;p&gt;Yeah, if you have the cycles, that&apos;d be great. I haven&apos;t been keeping up with Hive as much as I should have (sorry about that).&lt;/p&gt;</comment>
                            <comment id="15002728" author="sershe" created="Thu, 12 Nov 2015 19:34:14 +0000"  >&lt;p&gt;Committed to branch-1&lt;/p&gt;</comment>
                            <comment id="15002743" author="elserj" created="Thu, 12 Nov 2015 19:37:34 +0000"  >&lt;p&gt;Thank you, sir!&lt;/p&gt;</comment>
                    </comments>
                    <attachments>
                            <attachment id="12754572" name="HIVE-11755.001.patch" size="13643" author="elserj" created="Tue, 8 Sep 2015 05:35:49 +0000"/>
                            <attachment id="12754665" name="HIVE-11755.002.patch" size="15965" author="elserj" created="Tue, 8 Sep 2015 16:21:46 +0000"/>
                            <attachment id="12754743" name="HIVE-11755.003.patch" size="22148" author="elserj" created="Tue, 8 Sep 2015 21:46:17 +0000"/>
                    </attachments>
                <subtasks>
                    </subtasks>
                <customfields>
                                                                            <customfield id="customfield_12310310" key="com.atlassian.jira.toolkit:attachments">
                        <customfieldname>Attachment count</customfieldname>
                        <customfieldvalues>
                            <customfieldvalue>3.0</customfieldvalue>
                        </customfieldvalues>
                    </customfield>
                                                                                                                                                                                                                                                                                                                                                                                                                                                                                                                                                                                                                                                                                                        <customfield id="customfield_12314020" key="com.atlassian.jira.plugins.jira-development-integration-plugin:devsummary">
                        <customfieldname>Development</customfieldname>
                        <customfieldvalues>
                            
                        </customfieldvalues>
                    </customfield>
                                                                                                                        <customfield id="customfield_12313422" key="com.atlassian.jirafisheyeplugin:jobcheckbox">
                        <customfieldname>Enable Automatic Patch Review</customfieldname>
                        <customfieldvalues>
                            <customfieldvalue><![CDATA[false]]></customfieldvalue>

                        </customfieldvalues>
                    </customfield>
                                                                                                                                                                                                                                                                                                                                                                                                                                                                                                                                                                                                                                                <customfield id="customfield_12310420" key="com.pyxis.greenhopper.jira:gh-global-rank">
                        <customfieldname>Global Rank</customfieldname>
                        <customfieldvalues>
                            <customfieldvalue>9223372036854775807</customfieldvalue>
                        </customfieldvalues>
                    </customfield>
                                                                                                                                                                                                                                                                    <customfield id="customfield_12312521" key="com.atlassian.jira.toolkit:LastCommentDate">
                        <customfieldname>Last public comment date</customfieldname>
                        <customfieldvalues>
                            10 years, 1 week, 5 days ago
                        </customfieldvalues>
                    </customfield>
                                                                                                                                                                                                                                                                                                <customfield id="customfield_12311820" key="com.pyxis.greenhopper.jira:gh-lexo-rank">
                        <customfieldname>Rank</customfieldname>
                        <customfieldvalues>
                            <customfieldvalue>0|i2jvef:</customfieldvalue>

                        </customfieldvalues>
                    </customfield>
                                                                <customfield id="customfield_12310920" key="com.pyxis.greenhopper.jira:gh-global-rank">
                        <customfieldname>Rank (Obsolete)</customfieldname>
                        <customfieldvalues>
                            <customfieldvalue>9223372036854775807</customfieldvalue>
                        </customfieldvalues>
                    </customfield>
                                                                                                                                                                                                                                                                                                                                                                                                                                                                                                                                                                                                                                                                                                                                                                                                                                                                                </customfields>
    </item>
</channel>
</rss>