<!-- 
RSS generated by JIRA (8.20.10#820010-sha1:ace47f9899e9ee25d7157d59aa17ab06aee30d3d) at Wed Nov 12 18:38:45 UTC 2025

It is possible to restrict the fields that are returned in this document by specifying the 'field' parameter in your request.
For example, to request only the issue key and summary append 'field=key&field=summary' to the URL of your request.
-->
<rss version="0.92" >
<channel>
    <title>ASF Jira</title>
    <link>https://issues.apache.org/jira</link>
    <description>This file is an XML representation of an issue</description>
    <language>en-uk</language>    <build-info>
        <version>8.20.10</version>
        <build-number>820010</build-number>
        <build-date>22-06-2022</build-date>
    </build-info>


<item>
            <title>[HIVE-11356] SMB join on tez fails when one of the tables is empty</title>
                <link>https://issues.apache.org/jira/browse/HIVE-11356</link>
                <project id="12310843" key="HIVE">Hive</project>
                    <description>&lt;div class=&quot;code panel&quot; style=&quot;border-width: 1px;&quot;&gt;&lt;div class=&quot;codeContent panelContent&quot;&gt;
&lt;pre class=&quot;code-java&quot;&gt;:java.lang.IllegalStateException: Unexpected event. All physical sources already initialized 
at com.google.common.base.Preconditions.checkState(Preconditions.java:145) 
at org.apache.tez.mapreduce.input.MultiMRInput.handleEvents(MultiMRInput.java:142) 
at org.apache.tez.runtime.LogicalIOProcessorRuntimeTask.handleEvent(LogicalIOProcessorRuntimeTask.java:610) 
at org.apache.tez.runtime.LogicalIOProcessorRuntimeTask.access$1100(LogicalIOProcessorRuntimeTask.java:90) 
at org.apache.tez.runtime.LogicalIOProcessorRuntimeTask$1.run(LogicalIOProcessorRuntimeTask.java:673) 
at java.lang.&lt;span class=&quot;code-object&quot;&gt;Thread&lt;/span&gt;.run(&lt;span class=&quot;code-object&quot;&gt;Thread&lt;/span&gt;.java:745) 
]], Vertex failed as one or more tasks failed. failedTasks:1, Vertex vertex_1437168420060_17787_1_01 [Map 4] killed/failed due to:&lt;span class=&quot;code-keyword&quot;&gt;null&lt;/span&gt;] 
Vertex killed, vertexName=Reducer 5, vertexId=vertex_1437168420060_17787_1_02, diagnostics=[Vertex received Kill &lt;span class=&quot;code-keyword&quot;&gt;while&lt;/span&gt; in RUNNING state., Vertex killed as other vertex failed. failedTasks:0, Vertex vertex_1437168420060_17787_1_02 [Reducer 5] killed/failed due to:&lt;span class=&quot;code-keyword&quot;&gt;null&lt;/span&gt;] 
DAG failed due to vertex failure. failedVertices:1 killedVertices:1 
FAILED: Execution Error, &lt;span class=&quot;code-keyword&quot;&gt;return&lt;/span&gt; code 2 from org.apache.hadoop.hive.ql.exec.tez.TezTask 
HQL-FAILED 
&lt;/pre&gt;
&lt;/div&gt;&lt;/div&gt;</description>
                <environment></environment>
        <key id="12848659">HIVE-11356</key>
            <summary>SMB join on tez fails when one of the tables is empty</summary>
                <type id="1" iconUrl="https://issues.apache.org/jira/secure/viewavatar?size=xsmall&amp;avatarId=21133&amp;avatarType=issuetype">Bug</type>
                                            <priority id="3" iconUrl="https://issues.apache.org/jira/images/icons/priorities/major.svg">Major</priority>
                        <status id="6" iconUrl="https://issues.apache.org/jira/images/icons/statuses/closed.png" description="The issue is considered finished, the resolution is correct. Issues which are not closed can be reopened.">Closed</status>
                    <statusCategory id="3" key="done" colorName="green"/>
                                    <resolution id="1">Fixed</resolution>
                                        <assignee username="vikram.dixit">Vikram Dixit K</assignee>
                                    <reporter username="vikram.dixit">Vikram Dixit K</reporter>
                        <labels>
                    </labels>
                <created>Thu, 23 Jul 2015 18:49:35 +0000</created>
                <updated>Thu, 30 Mar 2017 23:28:59 +0000</updated>
                            <resolved>Fri, 6 Nov 2015 23:56:54 +0000</resolved>
                                    <version>1.2.0</version>
                                    <fixVersion>1.3.0</fixVersion>
                    <fixVersion>2.0.0</fixVersion>
                                        <due></due>
                            <votes>0</votes>
                                    <watches>4</watches>
                                                                                                                <comments>
                            <comment id="14640795" author="hiveqa" created="Fri, 24 Jul 2015 17:44:44 +0000"  >

&lt;p&gt;&lt;font color=&quot;red&quot;&gt;Overall&lt;/font&gt;: -1 at least one tests failed&lt;/p&gt;

&lt;p&gt;Here are the results of testing the latest attachment:&lt;br/&gt;
&lt;a href=&quot;https://issues.apache.org/jira/secure/attachment/12746849/HIVE-11356.1.patch&quot; class=&quot;external-link&quot; rel=&quot;nofollow&quot;&gt;https://issues.apache.org/jira/secure/attachment/12746849/HIVE-11356.1.patch&lt;/a&gt;&lt;/p&gt;

&lt;p&gt;&lt;font color=&quot;red&quot;&gt;ERROR:&lt;/font&gt; -1 due to 2 failed/errored test(s), 9229 tests executed&lt;br/&gt;
&lt;b&gt;Failed tests:&lt;/b&gt;&lt;/p&gt;
&lt;div class=&quot;preformatted panel&quot; style=&quot;border-width: 1px;&quot;&gt;&lt;div class=&quot;preformattedContent panelContent&quot;&gt;
&lt;pre&gt;TestContribCliDriver - did not produce a TEST-*.xml file
org.apache.hive.hcatalog.hbase.TestPigHBaseStorageHandler.org.apache.hive.hcatalog.hbase.TestPigHBaseStorageHandler
&lt;/pre&gt;
&lt;/div&gt;&lt;/div&gt;

&lt;p&gt;Test results: &lt;a href=&quot;http://ec2-174-129-184-35.compute-1.amazonaws.com/jenkins/job/PreCommit-HIVE-TRUNK-Build/4707/testReport&quot; class=&quot;external-link&quot; target=&quot;_blank&quot; rel=&quot;nofollow noopener&quot;&gt;http://ec2-174-129-184-35.compute-1.amazonaws.com/jenkins/job/PreCommit-HIVE-TRUNK-Build/4707/testReport&lt;/a&gt;&lt;br/&gt;
Console output: &lt;a href=&quot;http://ec2-174-129-184-35.compute-1.amazonaws.com/jenkins/job/PreCommit-HIVE-TRUNK-Build/4707/console&quot; class=&quot;external-link&quot; target=&quot;_blank&quot; rel=&quot;nofollow noopener&quot;&gt;http://ec2-174-129-184-35.compute-1.amazonaws.com/jenkins/job/PreCommit-HIVE-TRUNK-Build/4707/console&lt;/a&gt;&lt;br/&gt;
Test logs: &lt;a href=&quot;http://ec2-174-129-184-35.compute-1.amazonaws.com/logs/PreCommit-HIVE-TRUNK-Build-4707/&quot; class=&quot;external-link&quot; target=&quot;_blank&quot; rel=&quot;nofollow noopener&quot;&gt;http://ec2-174-129-184-35.compute-1.amazonaws.com/logs/PreCommit-HIVE-TRUNK-Build-4707/&lt;/a&gt;&lt;/p&gt;

&lt;p&gt;Messages:&lt;/p&gt;
&lt;div class=&quot;preformatted panel&quot; style=&quot;border-width: 1px;&quot;&gt;&lt;div class=&quot;preformattedContent panelContent&quot;&gt;
&lt;pre&gt;Executing org.apache.hive.ptest.execution.PrepPhase
Executing org.apache.hive.ptest.execution.ExecutionPhase
Executing org.apache.hive.ptest.execution.ReportingPhase
Tests exited with: TestsFailedException: 2 tests failed
&lt;/pre&gt;
&lt;/div&gt;&lt;/div&gt;

&lt;p&gt;This message is automatically generated.&lt;/p&gt;

&lt;p&gt;ATTACHMENT ID: 12746849 - PreCommit-HIVE-TRUNK-Build&lt;/p&gt;</comment>
                            <comment id="14643511" author="hagleitn" created="Mon, 27 Jul 2015 22:20:03 +0000"  >&lt;p&gt;LGTM +1. Can we add a q file test to it?&lt;/p&gt;</comment>
                            <comment id="14661220" author="vikram.dixit" created="Fri, 7 Aug 2015 02:35:52 +0000"  >&lt;p&gt;&lt;a href=&quot;https://issues.apache.org/jira/secure/ViewProfile.jspa?name=hagleitn&quot; class=&quot;user-hover&quot; rel=&quot;hagleitn&quot;&gt;hagleitn&lt;/a&gt; can you review please.&lt;/p&gt;</comment>
                            <comment id="14661241" author="vikram.dixit" created="Fri, 7 Aug 2015 03:02:55 +0000"  >&lt;p&gt;&lt;a href=&quot;https://issues.apache.org/jira/secure/ViewProfile.jspa?name=jdere&quot; class=&quot;user-hover&quot; rel=&quot;jdere&quot;&gt;jdere&lt;/a&gt; review please.&lt;/p&gt;</comment>
                            <comment id="14662128" author="vikram.dixit" created="Fri, 7 Aug 2015 17:40:39 +0000"  >&lt;p&gt;Changed the test file name and added a few more tests.&lt;/p&gt;</comment>
                            <comment id="14662493" author="vikram.dixit" created="Fri, 7 Aug 2015 21:27:16 +0000"  >&lt;p&gt;This test will fail without a release of tez with &lt;a href=&quot;https://issues.apache.org/jira/browse/TEZ-2636&quot; title=&quot;MRInput and MultiMRInput should work for cases when there are 0 physical inputs&quot; class=&quot;issue-link&quot; data-issue-key=&quot;TEZ-2636&quot;&gt;&lt;del&gt;TEZ-2636&lt;/del&gt;&lt;/a&gt;.&lt;/p&gt;</comment>
                            <comment id="14662916" author="hiveqa" created="Sat, 8 Aug 2015 12:11:30 +0000"  >

&lt;p&gt;&lt;font color=&quot;red&quot;&gt;Overall&lt;/font&gt;: -1 at least one tests failed&lt;/p&gt;

&lt;p&gt;Here are the results of testing the latest attachment:&lt;br/&gt;
&lt;a href=&quot;https://issues.apache.org/jira/secure/attachment/12749325/HIVE-11356.5.patch&quot; class=&quot;external-link&quot; rel=&quot;nofollow&quot;&gt;https://issues.apache.org/jira/secure/attachment/12749325/HIVE-11356.5.patch&lt;/a&gt;&lt;/p&gt;

&lt;p&gt;&lt;font color=&quot;red&quot;&gt;ERROR:&lt;/font&gt; -1 due to 1 failed/errored test(s), 9345 tests executed&lt;br/&gt;
&lt;b&gt;Failed tests:&lt;/b&gt;&lt;/p&gt;
&lt;div class=&quot;preformatted panel&quot; style=&quot;border-width: 1px;&quot;&gt;&lt;div class=&quot;preformattedContent panelContent&quot;&gt;
&lt;pre&gt;org.apache.hadoop.hive.cli.TestMiniTezCliDriver.testCliDriver_tez_smb_empty
&lt;/pre&gt;
&lt;/div&gt;&lt;/div&gt;

&lt;p&gt;Test results: &lt;a href=&quot;http://ec2-174-129-184-35.compute-1.amazonaws.com/jenkins/job/PreCommit-HIVE-TRUNK-Build/4871/testReport&quot; class=&quot;external-link&quot; target=&quot;_blank&quot; rel=&quot;nofollow noopener&quot;&gt;http://ec2-174-129-184-35.compute-1.amazonaws.com/jenkins/job/PreCommit-HIVE-TRUNK-Build/4871/testReport&lt;/a&gt;&lt;br/&gt;
Console output: &lt;a href=&quot;http://ec2-174-129-184-35.compute-1.amazonaws.com/jenkins/job/PreCommit-HIVE-TRUNK-Build/4871/console&quot; class=&quot;external-link&quot; target=&quot;_blank&quot; rel=&quot;nofollow noopener&quot;&gt;http://ec2-174-129-184-35.compute-1.amazonaws.com/jenkins/job/PreCommit-HIVE-TRUNK-Build/4871/console&lt;/a&gt;&lt;br/&gt;
Test logs: &lt;a href=&quot;http://ec2-174-129-184-35.compute-1.amazonaws.com/logs/PreCommit-HIVE-TRUNK-Build-4871/&quot; class=&quot;external-link&quot; target=&quot;_blank&quot; rel=&quot;nofollow noopener&quot;&gt;http://ec2-174-129-184-35.compute-1.amazonaws.com/logs/PreCommit-HIVE-TRUNK-Build-4871/&lt;/a&gt;&lt;/p&gt;

&lt;p&gt;Messages:&lt;/p&gt;
&lt;div class=&quot;preformatted panel&quot; style=&quot;border-width: 1px;&quot;&gt;&lt;div class=&quot;preformattedContent panelContent&quot;&gt;
&lt;pre&gt;Executing org.apache.hive.ptest.execution.PrepPhase
Executing org.apache.hive.ptest.execution.ExecutionPhase
Executing org.apache.hive.ptest.execution.ReportingPhase
Tests exited with: TestsFailedException: 1 tests failed
&lt;/pre&gt;
&lt;/div&gt;&lt;/div&gt;

&lt;p&gt;This message is automatically generated.&lt;/p&gt;

&lt;p&gt;ATTACHMENT ID: 12749325 - PreCommit-HIVE-TRUNK-Build&lt;/p&gt;</comment>
                            <comment id="14977053" author="vikram.dixit" created="Tue, 27 Oct 2015 19:59:11 +0000"  >&lt;p&gt;Lost track of this one. Updated.&lt;/p&gt;</comment>
                            <comment id="14978838" author="hiveqa" created="Wed, 28 Oct 2015 17:33:39 +0000"  >

&lt;p&gt;Here are the results of testing the latest attachment:&lt;br/&gt;
&lt;a href=&quot;https://issues.apache.org/jira/secure/attachment/12769090/HIVE-11356.6.patch&quot; class=&quot;external-link&quot; rel=&quot;nofollow&quot;&gt;https://issues.apache.org/jira/secure/attachment/12769090/HIVE-11356.6.patch&lt;/a&gt;&lt;/p&gt;

&lt;p&gt;&lt;font color=&quot;red&quot;&gt;ERROR:&lt;/font&gt; -1 due to build exiting with an error&lt;/p&gt;

&lt;p&gt;Test results: &lt;a href=&quot;http://ec2-174-129-184-35.compute-1.amazonaws.com/jenkins/job/PreCommit-HIVE-TRUNK-Build/5830/testReport&quot; class=&quot;external-link&quot; target=&quot;_blank&quot; rel=&quot;nofollow noopener&quot;&gt;http://ec2-174-129-184-35.compute-1.amazonaws.com/jenkins/job/PreCommit-HIVE-TRUNK-Build/5830/testReport&lt;/a&gt;&lt;br/&gt;
Console output: &lt;a href=&quot;http://ec2-174-129-184-35.compute-1.amazonaws.com/jenkins/job/PreCommit-HIVE-TRUNK-Build/5830/console&quot; class=&quot;external-link&quot; target=&quot;_blank&quot; rel=&quot;nofollow noopener&quot;&gt;http://ec2-174-129-184-35.compute-1.amazonaws.com/jenkins/job/PreCommit-HIVE-TRUNK-Build/5830/console&lt;/a&gt;&lt;br/&gt;
Test logs: &lt;a href=&quot;http://ec2-174-129-184-35.compute-1.amazonaws.com/logs/PreCommit-HIVE-TRUNK-Build-5830/&quot; class=&quot;external-link&quot; target=&quot;_blank&quot; rel=&quot;nofollow noopener&quot;&gt;http://ec2-174-129-184-35.compute-1.amazonaws.com/logs/PreCommit-HIVE-TRUNK-Build-5830/&lt;/a&gt;&lt;/p&gt;

&lt;p&gt;Messages:&lt;/p&gt;
&lt;div class=&quot;preformatted panel&quot; style=&quot;border-width: 1px;&quot;&gt;&lt;div class=&quot;preformattedContent panelContent&quot;&gt;
&lt;pre&gt;**** This message was trimmed, see log for full details ****
[INFO] 
[INFO] --- maven-surefire-plugin:2.16:test (default-test) @ hive-hwi ---
[INFO] Tests are skipped.
[INFO] 
[INFO] --- maven-jar-plugin:2.2:jar (default-jar) @ hive-hwi ---
[INFO] Building jar: /data/hive-ptest/working/apache-github-source-source/hwi/target/hive-hwi-2.0.0-SNAPSHOT.jar
[INFO] 
[INFO] --- maven-site-plugin:3.3:attach-descriptor (attach-descriptor) @ hive-hwi ---
[INFO] 
[INFO] --- maven-install-plugin:2.4:install (default-install) @ hive-hwi ---
[INFO] Installing /data/hive-ptest/working/apache-github-source-source/hwi/target/hive-hwi-2.0.0-SNAPSHOT.jar to /data/hive-ptest/working/maven/org/apache/hive/hive-hwi/2.0.0-SNAPSHOT/hive-hwi-2.0.0-SNAPSHOT.jar
[INFO] Installing /data/hive-ptest/working/apache-github-source-source/hwi/pom.xml to /data/hive-ptest/working/maven/org/apache/hive/hive-hwi/2.0.0-SNAPSHOT/hive-hwi-2.0.0-SNAPSHOT.pom
[INFO]                                                                         
[INFO] ------------------------------------------------------------------------
[INFO] Building Hive ODBC 2.0.0-SNAPSHOT
[INFO] ------------------------------------------------------------------------
[INFO] 
[INFO] --- maven-clean-plugin:2.5:clean (default-clean) @ hive-odbc ---
[INFO] Deleting /data/hive-ptest/working/apache-github-source-source/odbc/target
[INFO] Deleting /data/hive-ptest/working/apache-github-source-source/odbc (includes = [datanucleus.log, derby.log], excludes = [])
[INFO] 
[INFO] --- maven-enforcer-plugin:1.3.1:enforce (enforce-no-snapshots) @ hive-odbc ---
[INFO] 
[INFO] --- maven-remote-resources-plugin:1.5:process (default) @ hive-odbc ---
[WARNING] Invalid project model for artifact [pentaho-aggdesigner-algorithm:org.pentaho:5.1.5-jhyde]. It will be ignored by the remote resources Mojo.
[INFO] 
[INFO] --- maven-antrun-plugin:1.7:run (define-classpath) @ hive-odbc ---
[INFO] Executing tasks

main:
[INFO] Executed tasks
[INFO] 
[INFO] --- maven-antrun-plugin:1.7:run (setup-test-dirs) @ hive-odbc ---
[INFO] Executing tasks

main:
    [mkdir] Created dir: /data/hive-ptest/working/apache-github-source-source/odbc/target/tmp
    [mkdir] Created dir: /data/hive-ptest/working/apache-github-source-source/odbc/target/warehouse
    [mkdir] Created dir: /data/hive-ptest/working/apache-github-source-source/odbc/target/tmp/conf
     [copy] Copying 14 files to /data/hive-ptest/working/apache-github-source-source/odbc/target/tmp/conf
[INFO] Executed tasks
[INFO] 
[INFO] --- maven-site-plugin:3.3:attach-descriptor (attach-descriptor) @ hive-odbc ---
[INFO] 
[INFO] --- maven-install-plugin:2.4:install (default-install) @ hive-odbc ---
[INFO] Installing /data/hive-ptest/working/apache-github-source-source/odbc/pom.xml to /data/hive-ptest/working/maven/org/apache/hive/hive-odbc/2.0.0-SNAPSHOT/hive-odbc-2.0.0-SNAPSHOT.pom
[INFO]                                                                         
[INFO] ------------------------------------------------------------------------
[INFO] Building Hive Shims Aggregator 2.0.0-SNAPSHOT
[INFO] ------------------------------------------------------------------------
[INFO] 
[INFO] --- maven-clean-plugin:2.5:clean (default-clean) @ hive-shims-aggregator ---
[INFO] Deleting /data/hive-ptest/working/apache-github-source-source/shims/target
[INFO] Deleting /data/hive-ptest/working/apache-github-source-source/shims (includes = [datanucleus.log, derby.log], excludes = [])
[INFO] 
[INFO] --- maven-enforcer-plugin:1.3.1:enforce (enforce-no-snapshots) @ hive-shims-aggregator ---
[INFO] 
[INFO] --- maven-remote-resources-plugin:1.5:process (default) @ hive-shims-aggregator ---
[INFO] 
[INFO] --- maven-antrun-plugin:1.7:run (define-classpath) @ hive-shims-aggregator ---
[INFO] Executing tasks

main:
[INFO] Executed tasks
[INFO] 
[INFO] --- maven-antrun-plugin:1.7:run (setup-test-dirs) @ hive-shims-aggregator ---
[INFO] Executing tasks

main:
    [mkdir] Created dir: /data/hive-ptest/working/apache-github-source-source/shims/target/tmp
    [mkdir] Created dir: /data/hive-ptest/working/apache-github-source-source/shims/target/warehouse
    [mkdir] Created dir: /data/hive-ptest/working/apache-github-source-source/shims/target/tmp/conf
     [copy] Copying 14 files to /data/hive-ptest/working/apache-github-source-source/shims/target/tmp/conf
[INFO] Executed tasks
[INFO] 
[INFO] --- maven-site-plugin:3.3:attach-descriptor (attach-descriptor) @ hive-shims-aggregator ---
[INFO] 
[INFO] --- maven-install-plugin:2.4:install (default-install) @ hive-shims-aggregator ---
[INFO] Installing /data/hive-ptest/working/apache-github-source-source/shims/pom.xml to /data/hive-ptest/working/maven/org/apache/hive/hive-shims-aggregator/2.0.0-SNAPSHOT/hive-shims-aggregator-2.0.0-SNAPSHOT.pom
[INFO]                                                                         
[INFO] ------------------------------------------------------------------------
[INFO] Building Hive TestUtils 2.0.0-SNAPSHOT
[INFO] ------------------------------------------------------------------------
[INFO] 
[INFO] --- maven-clean-plugin:2.5:clean (default-clean) @ hive-testutils ---
[INFO] Deleting /data/hive-ptest/working/apache-github-source-source/testutils/target
[INFO] Deleting /data/hive-ptest/working/apache-github-source-source/testutils (includes = [datanucleus.log, derby.log], excludes = [])
[INFO] 
[INFO] --- maven-enforcer-plugin:1.3.1:enforce (enforce-no-snapshots) @ hive-testutils ---
[INFO] 
[INFO] --- maven-remote-resources-plugin:1.5:process (default) @ hive-testutils ---
[INFO] 
[INFO] --- maven-resources-plugin:2.6:resources (default-resources) @ hive-testutils ---
[INFO] Using &apos;UTF-8&apos; encoding to copy filtered resources.
[INFO] skip non existing resourceDirectory /data/hive-ptest/working/apache-github-source-source/testutils/src/main/resources
[INFO] Copying 3 resources
[INFO] 
[INFO] --- maven-antrun-plugin:1.7:run (define-classpath) @ hive-testutils ---
[INFO] Executing tasks

main:
[INFO] Executed tasks
[INFO] 
[INFO] --- maven-compiler-plugin:3.1:compile (default-compile) @ hive-testutils ---
[INFO] Compiling 3 source files to /data/hive-ptest/working/apache-github-source-source/testutils/target/classes
[INFO] 
[INFO] --- maven-resources-plugin:2.6:testResources (default-testResources) @ hive-testutils ---
[INFO] Using &apos;UTF-8&apos; encoding to copy filtered resources.
[INFO] skip non existing resourceDirectory /data/hive-ptest/working/apache-github-source-source/testutils/src/test/resources
[INFO] Copying 3 resources
[INFO] 
[INFO] --- maven-antrun-plugin:1.7:run (setup-test-dirs) @ hive-testutils ---
[INFO] Executing tasks

main:
    [mkdir] Created dir: /data/hive-ptest/working/apache-github-source-source/testutils/target/tmp
    [mkdir] Created dir: /data/hive-ptest/working/apache-github-source-source/testutils/target/warehouse
    [mkdir] Created dir: /data/hive-ptest/working/apache-github-source-source/testutils/target/tmp/conf
     [copy] Copying 14 files to /data/hive-ptest/working/apache-github-source-source/testutils/target/tmp/conf
[INFO] Executed tasks
[INFO] 
[INFO] --- maven-compiler-plugin:3.1:testCompile (default-testCompile) @ hive-testutils ---
[INFO] No sources to compile
[INFO] 
[INFO] --- maven-surefire-plugin:2.16:test (default-test) @ hive-testutils ---
[INFO] Tests are skipped.
[INFO] 
[INFO] --- maven-jar-plugin:2.2:jar (default-jar) @ hive-testutils ---
[INFO] Building jar: /data/hive-ptest/working/apache-github-source-source/testutils/target/hive-testutils-2.0.0-SNAPSHOT.jar
[INFO] 
[INFO] --- maven-site-plugin:3.3:attach-descriptor (attach-descriptor) @ hive-testutils ---
[INFO] 
[INFO] --- maven-install-plugin:2.4:install (default-install) @ hive-testutils ---
[INFO] Installing /data/hive-ptest/working/apache-github-source-source/testutils/target/hive-testutils-2.0.0-SNAPSHOT.jar to /data/hive-ptest/working/maven/org/apache/hive/hive-testutils/2.0.0-SNAPSHOT/hive-testutils-2.0.0-SNAPSHOT.jar
[INFO] Installing /data/hive-ptest/working/apache-github-source-source/testutils/pom.xml to /data/hive-ptest/working/maven/org/apache/hive/hive-testutils/2.0.0-SNAPSHOT/hive-testutils-2.0.0-SNAPSHOT.pom
[INFO]                                                                         
[INFO] ------------------------------------------------------------------------
[INFO] Building Hive Packaging 2.0.0-SNAPSHOT
[INFO] ------------------------------------------------------------------------
Downloading: http://repository.apache.org/snapshots/org/apache/hive/hive-llap-server/2.0.0-SNAPSHOT/maven-metadata.xml
[WARNING] Could not transfer metadata org.apache.hive:hive-llap-server:2.0.0-SNAPSHOT/maven-metadata.xml from/to apache.snapshots (http://repository.apache.org/snapshots): Failed to transfer file: http://repository.apache.org/snapshots/org/apache/hive/hive-llap-server/2.0.0-SNAPSHOT/maven-metadata.xml. Return code is: 502 , ReasonPhrase:Proxy Error.
[WARNING] Failure to transfer org.apache.hive:hive-llap-server:2.0.0-SNAPSHOT/maven-metadata.xml from http://repository.apache.org/snapshots was cached in the local repository, resolution will not be reattempted until the update interval of apache.snapshots has elapsed or updates are forced. Original error: Could not transfer metadata org.apache.hive:hive-llap-server:2.0.0-SNAPSHOT/maven-metadata.xml from/to apache.snapshots (http://repository.apache.org/snapshots): Failed to transfer file: http://repository.apache.org/snapshots/org/apache/hive/hive-llap-server/2.0.0-SNAPSHOT/maven-metadata.xml. Return code is: 502 , ReasonPhrase:Proxy Error.
Downloading: http://repository.apache.org/snapshots/org/apache/hive/hive-llap-server/2.0.0-SNAPSHOT/hive-llap-server-2.0.0-SNAPSHOT.pom
[WARNING] The POM for org.apache.hive:hive-llap-server:jar:2.0.0-SNAPSHOT is missing, no dependency information available
Downloading: http://repository.apache.org/snapshots/org/apache/hive/hive-llap-server/2.0.0-SNAPSHOT/hive-llap-server-2.0.0-SNAPSHOT.jar
[INFO] ------------------------------------------------------------------------
[INFO] Reactor Summary:
[INFO] 
[INFO] Hive .............................................. SUCCESS [8.249s]
[INFO] Hive Shims Common ................................. SUCCESS [19.692s]
[INFO] Hive Shims 0.23 ................................... SUCCESS [8.914s]
[INFO] Hive Shims Scheduler .............................. SUCCESS [3.903s]
[INFO] Hive Shims ........................................ SUCCESS [3.368s]
[INFO] Hive Storage API .................................. SUCCESS [3.702s]
[INFO] Hive Common ....................................... SUCCESS [23.458s]
[INFO] Hive Serde ........................................ SUCCESS [16.146s]
[INFO] Hive Metastore .................................... SUCCESS [50.774s]
[INFO] Hive Ant Utilities ................................ SUCCESS [1.862s]
[INFO] Hive Llap Client .................................. SUCCESS [11.529s]
[INFO] Spark Remote Client ............................... SUCCESS [22.639s]
[INFO] Hive Query Language ............................... SUCCESS [2:27.567s]
[INFO] Hive Service ...................................... SUCCESS [10.451s]
[INFO] Hive Accumulo Handler ............................. SUCCESS [6.606s]
[INFO] Hive JDBC ......................................... SUCCESS [25.021s]
[INFO] Hive Beeline ...................................... SUCCESS [3.656s]
[INFO] Hive CLI .......................................... SUCCESS [3.731s]
[INFO] Hive Contrib ...................................... SUCCESS [2.054s]
[INFO] Hive HBase Handler ................................ SUCCESS [7.279s]
[INFO] Hive HCatalog ..................................... SUCCESS [0.890s]
[INFO] Hive HCatalog Core ................................ SUCCESS [7.479s]
[INFO] Hive HCatalog Pig Adapter ......................... SUCCESS [5.727s]
[INFO] Hive HCatalog Server Extensions ................... SUCCESS [2.979s]
[INFO] Hive HCatalog Webhcat Java Client ................. SUCCESS [3.108s]
[INFO] Hive HCatalog Webhcat ............................. SUCCESS [14.495s]
[INFO] Hive HCatalog Streaming ........................... SUCCESS [3.342s]
[INFO] Hive HPL/SQL ...................................... SUCCESS [18.215s]
[INFO] Hive HWI .......................................... SUCCESS [1.767s]
[INFO] Hive ODBC ......................................... SUCCESS [0.969s]
[INFO] Hive Shims Aggregator ............................. SUCCESS [0.217s]
[INFO] Hive TestUtils .................................... SUCCESS [0.566s]
[INFO] Hive Packaging .................................... FAILURE [1:01.584s]
[INFO] ------------------------------------------------------------------------
[INFO] BUILD FAILURE
[INFO] ------------------------------------------------------------------------
[INFO] Total time: 8:24.931s
[INFO] Finished at: Wed Oct 28 13:33:36 EDT 2015
[INFO] Final Memory: 200M/998M
[INFO] ------------------------------------------------------------------------
[ERROR] Failed to execute goal on project hive-packaging: Could not resolve dependencies for project org.apache.hive:hive-packaging:pom:2.0.0-SNAPSHOT: Could not find artifact org.apache.hive:hive-llap-server:jar:2.0.0-SNAPSHOT in apache.snapshots (http://repository.apache.org/snapshots) -&amp;gt; [Help 1]
[ERROR] 
[ERROR] To see the full stack trace of the errors, re-run Maven with the -e switch.
[ERROR] Re-run Maven using the -X switch to enable full debug logging.
[ERROR] 
[ERROR] For more information about the errors and possible solutions, please read the following articles:
[ERROR] [Help 1] http://cwiki.apache.org/confluence/display/MAVEN/DependencyResolutionException
[ERROR] 
[ERROR] After correcting the problems, you can resume the build with the command
[ERROR]   mvn &amp;lt;goals&amp;gt; -rf :hive-packaging
+ exit 1
&apos;
&lt;/pre&gt;
&lt;/div&gt;&lt;/div&gt;

&lt;p&gt;This message is automatically generated.&lt;/p&gt;

&lt;p&gt;ATTACHMENT ID: 12769090 - PreCommit-HIVE-TRUNK-Build&lt;/p&gt;</comment>
                            <comment id="14994741" author="vikram.dixit" created="Fri, 6 Nov 2015 23:56:54 +0000"  >&lt;p&gt;Looks like this patch was already committed a few weeks ago (looks like I already committed but forgot to update).&lt;/p&gt;</comment>
                            <comment id="15001501" author="sershe" created="Thu, 12 Nov 2015 02:12:08 +0000"  >&lt;p&gt;Should this issue be backported to branch-1? It looks like a bug.&lt;/p&gt;</comment>
                            <comment id="15950062" author="vgumashta" created="Thu, 30 Mar 2017 23:28:59 +0000"  >&lt;p&gt;Removing 1.2.2 and reverting this from branch-1.2 as the test this patch adds fails on commit itself.&lt;/p&gt;</comment>
                    </comments>
                <issuelinks>
                            <issuelinktype id="10030">
                    <name>Reference</name>
                                            <outwardlinks description="relates to">
                                        <issuelink>
            <issuekey id="13057182">HIVE-16247</issuekey>
        </issuelink>
                            </outwardlinks>
                                                        </issuelinktype>
                    </issuelinks>
                <attachments>
                            <attachment id="12746849" name="HIVE-11356.1.patch" size="665" author="vikram.dixit" created="Thu, 23 Jul 2015 18:57:33 +0000"/>
                            <attachment id="12749184" name="HIVE-11356.3.patch" size="34469" author="vikram.dixit" created="Fri, 7 Aug 2015 02:35:52 +0000"/>
                            <attachment id="12749317" name="HIVE-11356.4.patch" size="42011" author="vikram.dixit" created="Fri, 7 Aug 2015 17:40:39 +0000"/>
                            <attachment id="12749325" name="HIVE-11356.5.patch" size="42907" author="vikram.dixit" created="Fri, 7 Aug 2015 18:32:22 +0000"/>
                            <attachment id="12769090" name="HIVE-11356.6.patch" size="42504" author="vikram.dixit" created="Tue, 27 Oct 2015 19:59:11 +0000"/>
                    </attachments>
                <subtasks>
                    </subtasks>
                <customfields>
                                                                            <customfield id="customfield_12310310" key="com.atlassian.jira.toolkit:attachments">
                        <customfieldname>Attachment count</customfieldname>
                        <customfieldvalues>
                            <customfieldvalue>5.0</customfieldvalue>
                        </customfieldvalues>
                    </customfield>
                                                                                                                                                                                                                                                                                                                                                                                                                                                                                                                                                                                                                                                                                                        <customfield id="customfield_12314020" key="com.atlassian.jira.plugins.jira-development-integration-plugin:devsummary">
                        <customfieldname>Development</customfieldname>
                        <customfieldvalues>
                            
                        </customfieldvalues>
                    </customfield>
                                                                                                                        <customfield id="customfield_12313422" key="com.atlassian.jirafisheyeplugin:jobcheckbox">
                        <customfieldname>Enable Automatic Patch Review</customfieldname>
                        <customfieldvalues>
                            <customfieldvalue><![CDATA[false]]></customfieldvalue>

                        </customfieldvalues>
                    </customfield>
                                                                                                                                                                                                                                                                                                                                                                                                                                                                                                                                                                                                                                                <customfield id="customfield_12310420" key="com.pyxis.greenhopper.jira:gh-global-rank">
                        <customfieldname>Global Rank</customfieldname>
                        <customfieldvalues>
                            <customfieldvalue>9223372036854775807</customfieldvalue>
                        </customfieldvalues>
                    </customfield>
                                                                                                                                                                                                                                                                    <customfield id="customfield_12312521" key="com.atlassian.jira.toolkit:LastCommentDate">
                        <customfieldname>Last public comment date</customfieldname>
                        <customfieldvalues>
                            8 years, 33 weeks, 5 days ago
                        </customfieldvalues>
                    </customfield>
                                                                                                                                                                                                                                                                                                <customfield id="customfield_12311820" key="com.pyxis.greenhopper.jira:gh-lexo-rank">
                        <customfieldname>Rank</customfieldname>
                        <customfieldvalues>
                            <customfieldvalue>0|i2hutz:</customfieldvalue>

                        </customfieldvalues>
                    </customfield>
                                                                <customfield id="customfield_12310920" key="com.pyxis.greenhopper.jira:gh-global-rank">
                        <customfieldname>Rank (Obsolete)</customfieldname>
                        <customfieldvalues>
                            <customfieldvalue>9223372036854775807</customfieldvalue>
                        </customfieldvalues>
                    </customfield>
                                                                                                                                                                                                                                                                                                                                                                                                                                                                                                                                                                                                                    <customfield id="customfield_12310320" key="com.atlassian.jira.plugin.system.customfieldtypes:multiversion">
                        <customfieldname>Target Version/s</customfieldname>
                        <customfieldvalues>
                                <customfieldvalue id="12332154">1.3.0</customfieldvalue>
    
                        </customfieldvalues>
                    </customfield>
                                                                                                                                                                                                                                                                                                </customfields>
    </item>
</channel>
</rss>