<!-- 
RSS generated by JIRA (8.20.10#820010-sha1:ace47f9899e9ee25d7157d59aa17ab06aee30d3d) at Wed Nov 12 18:38:47 UTC 2025

It is possible to restrict the fields that are returned in this document by specifying the 'field' parameter in your request.
For example, to request only the issue key and summary append 'field=key&field=summary' to the URL of your request.
-->
<rss version="0.92" >
<channel>
    <title>ASF Jira</title>
    <link>https://issues.apache.org/jira</link>
    <description>This file is an XML representation of an issue</description>
    <language>en-uk</language>    <build-info>
        <version>8.20.10</version>
        <build-number>820010</build-number>
        <build-date>22-06-2022</build-date>
    </build-info>


<item>
            <title>[HIVE-7723] Explain plan for complex query with lots of partitions is slow due to in-efficient collection used to find a matching ReadEntity</title>
                <link>https://issues.apache.org/jira/browse/HIVE-7723</link>
                <project id="12310843" key="HIVE">Hive</project>
                    <description>&lt;p&gt;Explain on TPC-DS query 64 took 11 seconds, when the CLI was profiled it showed that ReadEntity.equals is taking ~40% of the CPU.&lt;br/&gt;
ReadEntity.equals is called from the snippet below.&lt;br/&gt;
Again and again the set is iterated over to get the actual match, a HashMap is a better option for this case as Set doesn&apos;t have a Get method.&lt;/p&gt;

&lt;p&gt;Also for ReadEntity equals is case-insensitive while hash is , which is an undesired behavior.&lt;/p&gt;
&lt;div class=&quot;code panel&quot; style=&quot;border-width: 1px;&quot;&gt;&lt;div class=&quot;codeContent panelContent&quot;&gt;
&lt;pre class=&quot;code-java&quot;&gt;&lt;span class=&quot;code-keyword&quot;&gt;public&lt;/span&gt; &lt;span class=&quot;code-keyword&quot;&gt;static&lt;/span&gt; ReadEntity addInput(Set&amp;lt;ReadEntity&amp;gt; inputs, ReadEntity newInput) {
    &lt;span class=&quot;code-comment&quot;&gt;// If the input is already present, make sure the &lt;span class=&quot;code-keyword&quot;&gt;new&lt;/span&gt; parent is added to the input.
&lt;/span&gt;    &lt;span class=&quot;code-keyword&quot;&gt;if&lt;/span&gt; (inputs.contains(newInput)) {
      &lt;span class=&quot;code-keyword&quot;&gt;for&lt;/span&gt; (ReadEntity input : inputs) {
        &lt;span class=&quot;code-keyword&quot;&gt;if&lt;/span&gt; (input.equals(newInput)) {
          &lt;span class=&quot;code-keyword&quot;&gt;if&lt;/span&gt; ((newInput.getParents() != &lt;span class=&quot;code-keyword&quot;&gt;null&lt;/span&gt;) &amp;amp;&amp;amp; (!newInput.getParents().isEmpty())) {
            input.getParents().addAll(newInput.getParents());
            input.setDirect(input.isDirect() || newInput.isDirect());
          }
          &lt;span class=&quot;code-keyword&quot;&gt;return&lt;/span&gt; input;
        }
      }
      &lt;span class=&quot;code-keyword&quot;&gt;assert&lt;/span&gt; &lt;span class=&quot;code-keyword&quot;&gt;false&lt;/span&gt;;
    } &lt;span class=&quot;code-keyword&quot;&gt;else&lt;/span&gt; {
      inputs.add(newInput);
      &lt;span class=&quot;code-keyword&quot;&gt;return&lt;/span&gt; newInput;
    }
    &lt;span class=&quot;code-comment&quot;&gt;// make compile happy
&lt;/span&gt;    &lt;span class=&quot;code-keyword&quot;&gt;return&lt;/span&gt; &lt;span class=&quot;code-keyword&quot;&gt;null&lt;/span&gt;;
  }
&lt;/pre&gt;
&lt;/div&gt;&lt;/div&gt;

&lt;p&gt;This is the query used : &lt;/p&gt;
&lt;div class=&quot;code panel&quot; style=&quot;border-width: 1px;&quot;&gt;&lt;div class=&quot;codeContent panelContent&quot;&gt;
&lt;pre class=&quot;code-java&quot;&gt;select cs1.product_name ,cs1.store_name ,cs1.store_zip ,cs1.b_street_number ,cs1.b_streen_name ,cs1.b_city
     ,cs1.b_zip ,cs1.c_street_number ,cs1.c_street_name ,cs1.c_city ,cs1.c_zip ,cs1.syear ,cs1.cnt
     ,cs1.s1 ,cs1.s2 ,cs1.s3
     ,cs2.s1 ,cs2.s2 ,cs2.s3 ,cs2.syear ,cs2.cnt
from
(select i_product_name as product_name ,i_item_sk as item_sk ,s_store_name as store_name
     ,s_zip as store_zip ,ad1.ca_street_number as b_street_number ,ad1.ca_street_name as b_streen_name
     ,ad1.ca_city as b_city ,ad1.ca_zip as b_zip ,ad2.ca_street_number as c_street_number
     ,ad2.ca_street_name as c_street_name ,ad2.ca_city as c_city ,ad2.ca_zip as c_zip
     ,d1.d_year as syear ,d2.d_year as fsyear ,d3.d_year as s2year ,count(*) as cnt
     ,sum(ss_wholesale_cost) as s1 ,sum(ss_list_price) as s2 ,sum(ss_coupon_amt) as s3
  FROM   store_sales
        JOIN store_returns ON store_sales.ss_item_sk = store_returns.sr_item_sk and store_sales.ss_ticket_number = store_returns.sr_ticket_number
        JOIN customer ON store_sales.ss_customer_sk = customer.c_customer_sk
        JOIN date_dim d1 ON store_sales.ss_sold_date_sk = d1.d_date_sk
        JOIN date_dim d2 ON customer.c_first_sales_date_sk = d2.d_date_sk 
        JOIN date_dim d3 ON customer.c_first_shipto_date_sk = d3.d_date_sk
        JOIN store ON store_sales.ss_store_sk = store.s_store_sk
        JOIN customer_demographics cd1 ON store_sales.ss_cdemo_sk= cd1.cd_demo_sk
        JOIN customer_demographics cd2 ON customer.c_current_cdemo_sk = cd2.cd_demo_sk
        JOIN promotion ON store_sales.ss_promo_sk = promotion.p_promo_sk
        JOIN household_demographics hd1 ON store_sales.ss_hdemo_sk = hd1.hd_demo_sk
        JOIN household_demographics hd2 ON customer.c_current_hdemo_sk = hd2.hd_demo_sk
        JOIN customer_address ad1 ON store_sales.ss_addr_sk = ad1.ca_address_sk
        JOIN customer_address ad2 ON customer.c_current_addr_sk = ad2.ca_address_sk
        JOIN income_band ib1 ON hd1.hd_income_band_sk = ib1.ib_income_band_sk
        JOIN income_band ib2 ON hd2.hd_income_band_sk = ib2.ib_income_band_sk
        JOIN item ON store_sales.ss_item_sk = item.i_item_sk
        JOIN
 (select cs_item_sk
        ,sum(cs_ext_list_price) as sale,sum(cr_refunded_cash+cr_reversed_charge+cr_store_credit) as refund
  from catalog_sales JOIN catalog_returns
  ON catalog_sales.cs_item_sk = catalog_returns.cr_item_sk
    and catalog_sales.cs_order_number = catalog_returns.cr_order_number
  group by cs_item_sk
  having sum(cs_ext_list_price)&amp;gt;2*sum(cr_refunded_cash+cr_reversed_charge+cr_store_credit)) cs_ui
ON store_sales.ss_item_sk = cs_ui.cs_item_sk
  WHERE  
         cd1.cd_marital_status &amp;lt;&amp;gt; cd2.cd_marital_status and
         i_color in (&lt;span class=&quot;code-quote&quot;&gt;&apos;maroon&apos;&lt;/span&gt;,&lt;span class=&quot;code-quote&quot;&gt;&apos;burnished&apos;&lt;/span&gt;,&lt;span class=&quot;code-quote&quot;&gt;&apos;dim&apos;&lt;/span&gt;,&lt;span class=&quot;code-quote&quot;&gt;&apos;steel&apos;&lt;/span&gt;,&lt;span class=&quot;code-quote&quot;&gt;&apos;navajo&apos;&lt;/span&gt;,&lt;span class=&quot;code-quote&quot;&gt;&apos;chocolate&apos;&lt;/span&gt;) and
         i_current_price between 35 and 35 + 10 and
         i_current_price between 35 + 1 and 35 + 15
	 and ss_sold_date between &lt;span class=&quot;code-quote&quot;&gt;&apos;2000-01-01&apos;&lt;/span&gt; and &lt;span class=&quot;code-quote&quot;&gt;&apos;2000-12-31&apos;&lt;/span&gt;
group by i_product_name ,i_item_sk ,s_store_name ,s_zip ,ad1.ca_street_number
       ,ad1.ca_street_name ,ad1.ca_city ,ad1.ca_zip ,ad2.ca_street_number
       ,ad2.ca_street_name ,ad2.ca_city ,ad2.ca_zip ,d1.d_year ,d2.d_year ,d3.d_year
) cs1
JOIN
(select i_product_name as product_name ,i_item_sk as item_sk ,s_store_name as store_name
     ,s_zip as store_zip ,ad1.ca_street_number as b_street_number ,ad1.ca_street_name as b_streen_name
     ,ad1.ca_city as b_city ,ad1.ca_zip as b_zip ,ad2.ca_street_number as c_street_number
     ,ad2.ca_street_name as c_street_name ,ad2.ca_city as c_city ,ad2.ca_zip as c_zip
     ,d1.d_year as syear ,d2.d_year as fsyear ,d3.d_year as s2year ,count(*) as cnt
     ,sum(ss_wholesale_cost) as s1 ,sum(ss_list_price) as s2 ,sum(ss_coupon_amt) as s3
  FROM   store_sales
        JOIN store_returns ON store_sales.ss_item_sk = store_returns.sr_item_sk and store_sales.ss_ticket_number = store_returns.sr_ticket_number
        JOIN customer ON store_sales.ss_customer_sk = customer.c_customer_sk
        JOIN date_dim d1 ON store_sales.ss_sold_date_sk = d1.d_date_sk
        JOIN date_dim d2 ON customer.c_first_sales_date_sk = d2.d_date_sk 
        JOIN date_dim d3 ON customer.c_first_shipto_date_sk = d3.d_date_sk
        JOIN store ON store_sales.ss_store_sk = store.s_store_sk
        JOIN customer_demographics cd1 ON store_sales.ss_cdemo_sk= cd1.cd_demo_sk
        JOIN customer_demographics cd2 ON customer.c_current_cdemo_sk = cd2.cd_demo_sk
        JOIN promotion ON store_sales.ss_promo_sk = promotion.p_promo_sk
        JOIN household_demographics hd1 ON store_sales.ss_hdemo_sk = hd1.hd_demo_sk
        JOIN household_demographics hd2 ON customer.c_current_hdemo_sk = hd2.hd_demo_sk
        JOIN customer_address ad1 ON store_sales.ss_addr_sk = ad1.ca_address_sk
        JOIN customer_address ad2 ON customer.c_current_addr_sk = ad2.ca_address_sk
        JOIN income_band ib1 ON hd1.hd_income_band_sk = ib1.ib_income_band_sk
        JOIN income_band ib2 ON hd2.hd_income_band_sk = ib2.ib_income_band_sk
        JOIN item ON store_sales.ss_item_sk = item.i_item_sk
        JOIN
 (select cs_item_sk
        ,sum(cs_ext_list_price) as sale,sum(cr_refunded_cash+cr_reversed_charge+cr_store_credit) as refund
  from catalog_sales JOIN catalog_returns
  ON catalog_sales.cs_item_sk = catalog_returns.cr_item_sk
    and catalog_sales.cs_order_number = catalog_returns.cr_order_number
  group by cs_item_sk
  having sum(cs_ext_list_price)&amp;gt;2*sum(cr_refunded_cash+cr_reversed_charge+cr_store_credit)) cs_ui
ON store_sales.ss_item_sk = cs_ui.cs_item_sk
  WHERE  
         cd1.cd_marital_status &amp;lt;&amp;gt; cd2.cd_marital_status and
         i_color in (&lt;span class=&quot;code-quote&quot;&gt;&apos;maroon&apos;&lt;/span&gt;,&lt;span class=&quot;code-quote&quot;&gt;&apos;burnished&apos;&lt;/span&gt;,&lt;span class=&quot;code-quote&quot;&gt;&apos;dim&apos;&lt;/span&gt;,&lt;span class=&quot;code-quote&quot;&gt;&apos;steel&apos;&lt;/span&gt;,&lt;span class=&quot;code-quote&quot;&gt;&apos;navajo&apos;&lt;/span&gt;,&lt;span class=&quot;code-quote&quot;&gt;&apos;chocolate&apos;&lt;/span&gt;) and
         i_current_price between 35 and 35 + 10 and
         i_current_price between 35 + 1 and 35 + 15
	 and ss_sold_date between &lt;span class=&quot;code-quote&quot;&gt;&apos;2001-01-01&apos;&lt;/span&gt; and &lt;span class=&quot;code-quote&quot;&gt;&apos;2001-12-31&apos;&lt;/span&gt;
group by i_product_name ,i_item_sk ,s_store_name ,s_zip ,ad1.ca_street_number
       ,ad1.ca_street_name ,ad1.ca_city ,ad1.ca_zip ,ad2.ca_street_number
       ,ad2.ca_street_name ,ad2.ca_city ,ad2.ca_zip ,d1.d_year ,d2.d_year ,d3.d_year
) cs2
ON cs1.item_sk=cs2.item_sk
where 
     cs1.syear = 2000 and
     cs2.syear = 2000 + 1 and
     cs2.cnt &amp;lt;= cs1.cnt and
     cs1.store_name = cs2.store_name and
     cs1.store_zip = cs2.store_zip
order by cs1.product_name ,cs1.store_name ,cs2.cnt;
&lt;/pre&gt;
&lt;/div&gt;&lt;/div&gt;</description>
                <environment></environment>
        <key id="12733954">HIVE-7723</key>
            <summary>Explain plan for complex query with lots of partitions is slow due to in-efficient collection used to find a matching ReadEntity</summary>
                <type id="1" iconUrl="https://issues.apache.org/jira/secure/viewavatar?size=xsmall&amp;avatarId=21133&amp;avatarType=issuetype">Bug</type>
                                            <priority id="3" iconUrl="https://issues.apache.org/jira/images/icons/priorities/major.svg">Major</priority>
                        <status id="6" iconUrl="https://issues.apache.org/jira/images/icons/statuses/closed.png" description="The issue is considered finished, the resolution is correct. Issues which are not closed can be reopened.">Closed</status>
                    <statusCategory id="3" key="done" colorName="green"/>
                                    <resolution id="1">Fixed</resolution>
                                        <assignee username="hsubramaniyan">Hari Sankar Sivarama Subramaniyan</assignee>
                                    <reporter username="mmokhtar">Mostafa Mokhtar</reporter>
                        <labels>
                    </labels>
                <created>Thu, 14 Aug 2014 03:58:46 +0000</created>
                <updated>Tue, 16 Feb 2016 23:53:07 +0000</updated>
                            <resolved>Sat, 31 Oct 2015 05:53:33 +0000</resolved>
                                    <version>0.13.1</version>
                                    <fixVersion>1.3.0</fixVersion>
                    <fixVersion>2.0.0</fixVersion>
                                    <component>CLI</component>
                    <component>Physical Optimizer</component>
                        <due></due>
                            <votes>0</votes>
                                    <watches>5</watches>
                                                                                                                <comments>
                            <comment id="14096537" author="mmokhtar" created="Thu, 14 Aug 2014 04:17:48 +0000"  >&lt;p&gt;Patch with suggested fix&lt;/p&gt;</comment>
                            <comment id="14096540" author="mmokhtar" created="Thu, 14 Aug 2014 04:20:30 +0000"  >&lt;p&gt;&lt;a href=&quot;https://issues.apache.org/jira/secure/ViewProfile.jspa?name=hagleitn&quot; class=&quot;user-hover&quot; rel=&quot;hagleitn&quot;&gt;hagleitn&lt;/a&gt; &lt;a href=&quot;https://issues.apache.org/jira/secure/ViewProfile.jspa?name=gopalv&quot; class=&quot;user-hover&quot; rel=&quot;gopalv&quot;&gt;gopalv&lt;/a&gt;&lt;/p&gt;</comment>
                            <comment id="14096618" author="gopalv" created="Thu, 14 Aug 2014 06:09:32 +0000"  >&lt;p&gt;&lt;a href=&quot;https://issues.apache.org/jira/secure/ViewProfile.jspa?name=mmokhtar&quot; class=&quot;user-hover&quot; rel=&quot;mmokhtar&quot;&gt;mmokhtar&lt;/a&gt;: Can you open a review ticket on reviews.apache.org?&lt;/p&gt;</comment>
                            <comment id="14102728" author="mmokhtar" created="Tue, 19 Aug 2014 19:53:40 +0000"  >&lt;p&gt;&lt;a href=&quot;https://issues.apache.org/jira/secure/ViewProfile.jspa?name=gopalv&quot; class=&quot;user-hover&quot; rel=&quot;gopalv&quot;&gt;gopalv&lt;/a&gt;&lt;br/&gt;
Link to code review &lt;a href=&quot;https://reviews.apache.org/r/24864/diff/#&quot; class=&quot;external-link&quot; target=&quot;_blank&quot; rel=&quot;nofollow noopener&quot;&gt;https://reviews.apache.org/r/24864/diff/#&lt;/a&gt;&lt;/p&gt;</comment>
                            <comment id="14103060" author="hiveqa" created="Tue, 19 Aug 2014 23:51:07 +0000"  >

&lt;p&gt;&lt;font color=&quot;red&quot;&gt;Overall&lt;/font&gt;: -1 at least one tests failed&lt;/p&gt;

&lt;p&gt;Here are the results of testing the latest attachment:&lt;br/&gt;
&lt;a href=&quot;https://issues.apache.org/jira/secure/attachment/12662827/HIVE-7723.5.patch&quot; class=&quot;external-link&quot; rel=&quot;nofollow&quot;&gt;https://issues.apache.org/jira/secure/attachment/12662827/HIVE-7723.5.patch&lt;/a&gt;&lt;/p&gt;

&lt;p&gt;&lt;font color=&quot;red&quot;&gt;ERROR:&lt;/font&gt; -1 due to 7 failed/errored test(s), 6006 tests executed&lt;br/&gt;
&lt;b&gt;Failed tests:&lt;/b&gt;&lt;/p&gt;
&lt;div class=&quot;preformatted panel&quot; style=&quot;border-width: 1px;&quot;&gt;&lt;div class=&quot;preformattedContent panelContent&quot;&gt;
&lt;pre&gt;org.apache.hadoop.hive.cli.TestCliDriver.testCliDriver_authorization_explain
org.apache.hadoop.hive.cli.TestCliDriver.testCliDriver_escape1
org.apache.hadoop.hive.cli.TestCliDriver.testCliDriver_escape2
org.apache.hadoop.hive.cli.TestCliDriver.testCliDriver_explain_dependency
org.apache.hadoop.hive.cli.TestCliDriver.testCliDriver_explain_dependency2
org.apache.hive.hcatalog.pig.TestOrcHCatLoader.testReadDataPrimitiveTypes
org.apache.hive.jdbc.miniHS2.TestHiveServer2.testConnection
&lt;/pre&gt;
&lt;/div&gt;&lt;/div&gt;

&lt;p&gt;Test results: &lt;a href=&quot;http://ec2-174-129-184-35.compute-1.amazonaws.com/jenkins/job/PreCommit-HIVE-TRUNK-Build/407/testReport&quot; class=&quot;external-link&quot; target=&quot;_blank&quot; rel=&quot;nofollow noopener&quot;&gt;http://ec2-174-129-184-35.compute-1.amazonaws.com/jenkins/job/PreCommit-HIVE-TRUNK-Build/407/testReport&lt;/a&gt;&lt;br/&gt;
Console output: &lt;a href=&quot;http://ec2-174-129-184-35.compute-1.amazonaws.com/jenkins/job/PreCommit-HIVE-TRUNK-Build/407/console&quot; class=&quot;external-link&quot; target=&quot;_blank&quot; rel=&quot;nofollow noopener&quot;&gt;http://ec2-174-129-184-35.compute-1.amazonaws.com/jenkins/job/PreCommit-HIVE-TRUNK-Build/407/console&lt;/a&gt;&lt;br/&gt;
Test logs: &lt;a href=&quot;http://ec2-174-129-184-35.compute-1.amazonaws.com/logs/PreCommit-HIVE-TRUNK-Build-407/&quot; class=&quot;external-link&quot; target=&quot;_blank&quot; rel=&quot;nofollow noopener&quot;&gt;http://ec2-174-129-184-35.compute-1.amazonaws.com/logs/PreCommit-HIVE-TRUNK-Build-407/&lt;/a&gt;&lt;/p&gt;

&lt;p&gt;Messages:&lt;/p&gt;
&lt;div class=&quot;preformatted panel&quot; style=&quot;border-width: 1px;&quot;&gt;&lt;div class=&quot;preformattedContent panelContent&quot;&gt;
&lt;pre&gt;Executing org.apache.hive.ptest.execution.PrepPhase
Executing org.apache.hive.ptest.execution.ExecutionPhase
Executing org.apache.hive.ptest.execution.ReportingPhase
Tests exited with: TestsFailedException: 7 tests failed
&lt;/pre&gt;
&lt;/div&gt;&lt;/div&gt;

&lt;p&gt;This message is automatically generated.&lt;/p&gt;

&lt;p&gt;ATTACHMENT ID: 12662827&lt;/p&gt;</comment>
                            <comment id="14105813" author="mmokhtar" created="Thu, 21 Aug 2014 19:14:57 +0000"  >&lt;p&gt;Ping!&lt;br/&gt;
&lt;a href=&quot;https://issues.apache.org/jira/secure/ViewProfile.jspa?name=gopalv&quot; class=&quot;user-hover&quot; rel=&quot;gopalv&quot;&gt;gopalv&lt;/a&gt; &lt;a href=&quot;https://issues.apache.org/jira/secure/ViewProfile.jspa?name=hagleitn&quot; class=&quot;user-hover&quot; rel=&quot;hagleitn&quot;&gt;hagleitn&lt;/a&gt;&lt;/p&gt;</comment>
                            <comment id="14147745" author="hiveqa" created="Thu, 25 Sep 2014 13:45:36 +0000"  >

&lt;p&gt;&lt;font color=&quot;red&quot;&gt;Overall&lt;/font&gt;: -1 at least one tests failed&lt;/p&gt;

&lt;p&gt;Here are the results of testing the latest attachment:&lt;br/&gt;
&lt;a href=&quot;https://issues.apache.org/jira/secure/attachment/12671070/HIVE-7723.6.patch&quot; class=&quot;external-link&quot; rel=&quot;nofollow&quot;&gt;https://issues.apache.org/jira/secure/attachment/12671070/HIVE-7723.6.patch&lt;/a&gt;&lt;/p&gt;

&lt;p&gt;&lt;font color=&quot;red&quot;&gt;ERROR:&lt;/font&gt; -1 due to 7 failed/errored test(s), 6346 tests executed&lt;br/&gt;
&lt;b&gt;Failed tests:&lt;/b&gt;&lt;/p&gt;
&lt;div class=&quot;preformatted panel&quot; style=&quot;border-width: 1px;&quot;&gt;&lt;div class=&quot;preformattedContent panelContent&quot;&gt;
&lt;pre&gt;org.apache.hadoop.hive.cli.TestCliDriver.testCliDriver_alter_view_as_select
org.apache.hadoop.hive.cli.TestCliDriver.testCliDriver_authorization_explain
org.apache.hadoop.hive.cli.TestCliDriver.testCliDriver_escape1
org.apache.hadoop.hive.cli.TestCliDriver.testCliDriver_escape2
org.apache.hadoop.hive.cli.TestCliDriver.testCliDriver_explain_dependency
org.apache.hadoop.hive.cli.TestCliDriver.testCliDriver_explain_dependency2
org.apache.hadoop.hive.ql.parse.TestParse.testParse_union
&lt;/pre&gt;
&lt;/div&gt;&lt;/div&gt;

&lt;p&gt;Test results: &lt;a href=&quot;http://ec2-174-129-184-35.compute-1.amazonaws.com/jenkins/job/PreCommit-HIVE-TRUNK-Build/977/testReport&quot; class=&quot;external-link&quot; target=&quot;_blank&quot; rel=&quot;nofollow noopener&quot;&gt;http://ec2-174-129-184-35.compute-1.amazonaws.com/jenkins/job/PreCommit-HIVE-TRUNK-Build/977/testReport&lt;/a&gt;&lt;br/&gt;
Console output: &lt;a href=&quot;http://ec2-174-129-184-35.compute-1.amazonaws.com/jenkins/job/PreCommit-HIVE-TRUNK-Build/977/console&quot; class=&quot;external-link&quot; target=&quot;_blank&quot; rel=&quot;nofollow noopener&quot;&gt;http://ec2-174-129-184-35.compute-1.amazonaws.com/jenkins/job/PreCommit-HIVE-TRUNK-Build/977/console&lt;/a&gt;&lt;br/&gt;
Test logs: &lt;a href=&quot;http://ec2-174-129-184-35.compute-1.amazonaws.com/logs/PreCommit-HIVE-TRUNK-Build-977/&quot; class=&quot;external-link&quot; target=&quot;_blank&quot; rel=&quot;nofollow noopener&quot;&gt;http://ec2-174-129-184-35.compute-1.amazonaws.com/logs/PreCommit-HIVE-TRUNK-Build-977/&lt;/a&gt;&lt;/p&gt;

&lt;p&gt;Messages:&lt;/p&gt;
&lt;div class=&quot;preformatted panel&quot; style=&quot;border-width: 1px;&quot;&gt;&lt;div class=&quot;preformattedContent panelContent&quot;&gt;
&lt;pre&gt;Executing org.apache.hive.ptest.execution.PrepPhase
Executing org.apache.hive.ptest.execution.ExecutionPhase
Executing org.apache.hive.ptest.execution.ReportingPhase
Tests exited with: TestsFailedException: 7 tests failed
&lt;/pre&gt;
&lt;/div&gt;&lt;/div&gt;

&lt;p&gt;This message is automatically generated.&lt;/p&gt;

&lt;p&gt;ATTACHMENT ID: 12671070&lt;/p&gt;</comment>
                            <comment id="14150091" author="hagleitn" created="Fri, 26 Sep 2014 22:16:23 +0000"  >&lt;p&gt;.7 is rebased plus golden file updates&lt;/p&gt;</comment>
                            <comment id="14150806" author="hiveqa" created="Sat, 27 Sep 2014 23:15:12 +0000"  >

&lt;p&gt;&lt;font color=&quot;red&quot;&gt;Overall&lt;/font&gt;: -1 at least one tests failed&lt;/p&gt;

&lt;p&gt;Here are the results of testing the latest attachment:&lt;br/&gt;
&lt;a href=&quot;https://issues.apache.org/jira/secure/attachment/12671568/HIVE-7723.7.patch&quot; class=&quot;external-link&quot; rel=&quot;nofollow&quot;&gt;https://issues.apache.org/jira/secure/attachment/12671568/HIVE-7723.7.patch&lt;/a&gt;&lt;/p&gt;

&lt;p&gt;&lt;font color=&quot;red&quot;&gt;ERROR:&lt;/font&gt; -1 due to 5 failed/errored test(s), 6360 tests executed&lt;br/&gt;
&lt;b&gt;Failed tests:&lt;/b&gt;&lt;/p&gt;
&lt;div class=&quot;preformatted panel&quot; style=&quot;border-width: 1px;&quot;&gt;&lt;div class=&quot;preformattedContent panelContent&quot;&gt;
&lt;pre&gt;org.apache.hadoop.hive.cli.TestCliDriver.testCliDriver_explain_dependency
org.apache.hadoop.hive.cli.TestCliDriver.testCliDriver_explain_dependency2
org.apache.hadoop.hive.cli.TestMinimrCliDriver.testCliDriver_escape1
org.apache.hadoop.hive.cli.TestMinimrCliDriver.testCliDriver_escape2
org.apache.hadoop.hive.ql.security.TestMetastoreAuthorizationProvider.testSimplePrivileges
&lt;/pre&gt;
&lt;/div&gt;&lt;/div&gt;

&lt;p&gt;Test results: &lt;a href=&quot;http://ec2-174-129-184-35.compute-1.amazonaws.com/jenkins/job/PreCommit-HIVE-TRUNK-Build/1018/testReport&quot; class=&quot;external-link&quot; target=&quot;_blank&quot; rel=&quot;nofollow noopener&quot;&gt;http://ec2-174-129-184-35.compute-1.amazonaws.com/jenkins/job/PreCommit-HIVE-TRUNK-Build/1018/testReport&lt;/a&gt;&lt;br/&gt;
Console output: &lt;a href=&quot;http://ec2-174-129-184-35.compute-1.amazonaws.com/jenkins/job/PreCommit-HIVE-TRUNK-Build/1018/console&quot; class=&quot;external-link&quot; target=&quot;_blank&quot; rel=&quot;nofollow noopener&quot;&gt;http://ec2-174-129-184-35.compute-1.amazonaws.com/jenkins/job/PreCommit-HIVE-TRUNK-Build/1018/console&lt;/a&gt;&lt;br/&gt;
Test logs: &lt;a href=&quot;http://ec2-174-129-184-35.compute-1.amazonaws.com/logs/PreCommit-HIVE-TRUNK-Build-1018/&quot; class=&quot;external-link&quot; target=&quot;_blank&quot; rel=&quot;nofollow noopener&quot;&gt;http://ec2-174-129-184-35.compute-1.amazonaws.com/logs/PreCommit-HIVE-TRUNK-Build-1018/&lt;/a&gt;&lt;/p&gt;

&lt;p&gt;Messages:&lt;/p&gt;
&lt;div class=&quot;preformatted panel&quot; style=&quot;border-width: 1px;&quot;&gt;&lt;div class=&quot;preformattedContent panelContent&quot;&gt;
&lt;pre&gt;Executing org.apache.hive.ptest.execution.PrepPhase
Executing org.apache.hive.ptest.execution.ExecutionPhase
Executing org.apache.hive.ptest.execution.ReportingPhase
Tests exited with: TestsFailedException: 5 tests failed
&lt;/pre&gt;
&lt;/div&gt;&lt;/div&gt;

&lt;p&gt;This message is automatically generated.&lt;/p&gt;

&lt;p&gt;ATTACHMENT ID: 12671568&lt;/p&gt;</comment>
                            <comment id="14151324" author="hagleitn" created="Mon, 29 Sep 2014 03:17:39 +0000"  >&lt;p&gt;Tests seem to fail because of ordering of entities. .8 switches to linkedhashmap&lt;/p&gt;</comment>
                            <comment id="14151469" author="hiveqa" created="Mon, 29 Sep 2014 08:04:52 +0000"  >

&lt;p&gt;&lt;font color=&quot;red&quot;&gt;Overall&lt;/font&gt;: -1 at least one tests failed&lt;/p&gt;

&lt;p&gt;Here are the results of testing the latest attachment:&lt;br/&gt;
&lt;a href=&quot;https://issues.apache.org/jira/secure/attachment/12671737/HIVE-7723.8.patch&quot; class=&quot;external-link&quot; rel=&quot;nofollow&quot;&gt;https://issues.apache.org/jira/secure/attachment/12671737/HIVE-7723.8.patch&lt;/a&gt;&lt;/p&gt;

&lt;p&gt;&lt;font color=&quot;red&quot;&gt;ERROR:&lt;/font&gt; -1 due to 2 failed/errored test(s), 6364 tests executed&lt;br/&gt;
&lt;b&gt;Failed tests:&lt;/b&gt;&lt;/p&gt;
&lt;div class=&quot;preformatted panel&quot; style=&quot;border-width: 1px;&quot;&gt;&lt;div class=&quot;preformattedContent panelContent&quot;&gt;
&lt;pre&gt;org.apache.hadoop.hive.cli.TestMinimrCliDriver.testCliDriver_escape1
org.apache.hadoop.hive.cli.TestMinimrCliDriver.testCliDriver_escape2
&lt;/pre&gt;
&lt;/div&gt;&lt;/div&gt;

&lt;p&gt;Test results: &lt;a href=&quot;http://ec2-174-129-184-35.compute-1.amazonaws.com/jenkins/job/PreCommit-HIVE-TRUNK-Build/1032/testReport&quot; class=&quot;external-link&quot; target=&quot;_blank&quot; rel=&quot;nofollow noopener&quot;&gt;http://ec2-174-129-184-35.compute-1.amazonaws.com/jenkins/job/PreCommit-HIVE-TRUNK-Build/1032/testReport&lt;/a&gt;&lt;br/&gt;
Console output: &lt;a href=&quot;http://ec2-174-129-184-35.compute-1.amazonaws.com/jenkins/job/PreCommit-HIVE-TRUNK-Build/1032/console&quot; class=&quot;external-link&quot; target=&quot;_blank&quot; rel=&quot;nofollow noopener&quot;&gt;http://ec2-174-129-184-35.compute-1.amazonaws.com/jenkins/job/PreCommit-HIVE-TRUNK-Build/1032/console&lt;/a&gt;&lt;br/&gt;
Test logs: &lt;a href=&quot;http://ec2-174-129-184-35.compute-1.amazonaws.com/logs/PreCommit-HIVE-TRUNK-Build-1032/&quot; class=&quot;external-link&quot; target=&quot;_blank&quot; rel=&quot;nofollow noopener&quot;&gt;http://ec2-174-129-184-35.compute-1.amazonaws.com/logs/PreCommit-HIVE-TRUNK-Build-1032/&lt;/a&gt;&lt;/p&gt;

&lt;p&gt;Messages:&lt;/p&gt;
&lt;div class=&quot;preformatted panel&quot; style=&quot;border-width: 1px;&quot;&gt;&lt;div class=&quot;preformattedContent panelContent&quot;&gt;
&lt;pre&gt;Executing org.apache.hive.ptest.execution.PrepPhase
Executing org.apache.hive.ptest.execution.ExecutionPhase
Executing org.apache.hive.ptest.execution.ReportingPhase
Tests exited with: TestsFailedException: 2 tests failed
&lt;/pre&gt;
&lt;/div&gt;&lt;/div&gt;

&lt;p&gt;This message is automatically generated.&lt;/p&gt;

&lt;p&gt;ATTACHMENT ID: 12671737&lt;/p&gt;</comment>
                            <comment id="14152089" author="vikram.dixit" created="Mon, 29 Sep 2014 19:09:17 +0000"  >&lt;p&gt;+1 for 0.14 once tests pass/commit to trunk.&lt;/p&gt;</comment>
                            <comment id="14168694" author="hiveqa" created="Sun, 12 Oct 2014 16:02:46 +0000"  >

&lt;p&gt;&lt;font color=&quot;red&quot;&gt;Overall&lt;/font&gt;: -1 at least one tests failed&lt;/p&gt;

&lt;p&gt;Here are the results of testing the latest attachment:&lt;br/&gt;
&lt;a href=&quot;https://issues.apache.org/jira/secure/attachment/12674304/HIVE-7723.10.patch&quot; class=&quot;external-link&quot; rel=&quot;nofollow&quot;&gt;https://issues.apache.org/jira/secure/attachment/12674304/HIVE-7723.10.patch&lt;/a&gt;&lt;/p&gt;

&lt;p&gt;&lt;font color=&quot;red&quot;&gt;ERROR:&lt;/font&gt; -1 due to 4 failed/errored test(s), 4137 tests executed&lt;br/&gt;
&lt;b&gt;Failed tests:&lt;/b&gt;&lt;/p&gt;
&lt;div class=&quot;preformatted panel&quot; style=&quot;border-width: 1px;&quot;&gt;&lt;div class=&quot;preformattedContent panelContent&quot;&gt;
&lt;pre&gt;org.apache.hadoop.hive.cli.TestCliDriver.testCliDriver_escape1
org.apache.hadoop.hive.cli.TestCliDriver.testCliDriver_escape2
org.apache.hadoop.hive.cli.TestCliDriver.testCliDriver_tez_smb_1
org.apache.hadoop.hive.cli.TestNegativeCliDriver.testNegativeCliDriver_alter_partition_offline
&lt;/pre&gt;
&lt;/div&gt;&lt;/div&gt;

&lt;p&gt;Test results: &lt;a href=&quot;http://ec2-174-129-184-35.compute-1.amazonaws.com/jenkins/job/PreCommit-HIVE-TRUNK-Build/1232/testReport&quot; class=&quot;external-link&quot; target=&quot;_blank&quot; rel=&quot;nofollow noopener&quot;&gt;http://ec2-174-129-184-35.compute-1.amazonaws.com/jenkins/job/PreCommit-HIVE-TRUNK-Build/1232/testReport&lt;/a&gt;&lt;br/&gt;
Console output: &lt;a href=&quot;http://ec2-174-129-184-35.compute-1.amazonaws.com/jenkins/job/PreCommit-HIVE-TRUNK-Build/1232/console&quot; class=&quot;external-link&quot; target=&quot;_blank&quot; rel=&quot;nofollow noopener&quot;&gt;http://ec2-174-129-184-35.compute-1.amazonaws.com/jenkins/job/PreCommit-HIVE-TRUNK-Build/1232/console&lt;/a&gt;&lt;br/&gt;
Test logs: &lt;a href=&quot;http://ec2-174-129-184-35.compute-1.amazonaws.com/logs/PreCommit-HIVE-TRUNK-Build-1232/&quot; class=&quot;external-link&quot; target=&quot;_blank&quot; rel=&quot;nofollow noopener&quot;&gt;http://ec2-174-129-184-35.compute-1.amazonaws.com/logs/PreCommit-HIVE-TRUNK-Build-1232/&lt;/a&gt;&lt;/p&gt;

&lt;p&gt;Messages:&lt;/p&gt;
&lt;div class=&quot;preformatted panel&quot; style=&quot;border-width: 1px;&quot;&gt;&lt;div class=&quot;preformattedContent panelContent&quot;&gt;
&lt;pre&gt;Executing org.apache.hive.ptest.execution.PrepPhase
Executing org.apache.hive.ptest.execution.ExecutionPhase
Executing org.apache.hive.ptest.execution.ReportingPhase
Tests exited with: TestsFailedException: 4 tests failed
&lt;/pre&gt;
&lt;/div&gt;&lt;/div&gt;

&lt;p&gt;This message is automatically generated.&lt;/p&gt;

&lt;p&gt;ATTACHMENT ID: 12674304&lt;/p&gt;</comment>
                            <comment id="14490516" author="mmokhtar" created="Fri, 10 Apr 2015 23:08:28 +0000"  >&lt;p&gt;Rebase and run tests&lt;/p&gt;</comment>
                            <comment id="14491397" author="hiveqa" created="Sun, 12 Apr 2015 09:48:46 +0000"  >

&lt;p&gt;&lt;font color=&quot;red&quot;&gt;Overall&lt;/font&gt;: -1 at least one tests failed&lt;/p&gt;

&lt;p&gt;Here are the results of testing the latest attachment:&lt;br/&gt;
&lt;a href=&quot;https://issues.apache.org/jira/secure/attachment/12724695/HIVE-7723.9.patch&quot; class=&quot;external-link&quot; rel=&quot;nofollow&quot;&gt;https://issues.apache.org/jira/secure/attachment/12724695/HIVE-7723.9.patch&lt;/a&gt;&lt;/p&gt;

&lt;p&gt;&lt;font color=&quot;red&quot;&gt;ERROR:&lt;/font&gt; -1 due to 16 failed/errored test(s), 8670 tests executed&lt;br/&gt;
&lt;b&gt;Failed tests:&lt;/b&gt;&lt;/p&gt;
&lt;div class=&quot;preformatted panel&quot; style=&quot;border-width: 1px;&quot;&gt;&lt;div class=&quot;preformattedContent panelContent&quot;&gt;
&lt;pre&gt;TestMinimrCliDriver-bucketmapjoin6.q-infer_bucket_sort_dyn_part.q-auto_sortmerge_join_16.q-and-1-more - did not produce a TEST-*.xml file
TestMinimrCliDriver-escape2.q-join1.q-file_with_header_footer.q-and-1-more - did not produce a TEST-*.xml file
TestMinimrCliDriver-external_table_with_space_in_location_path.q-bucket6.q-infer_bucket_sort_merge.q-and-1-more - did not produce a TEST-*.xml file
TestMinimrCliDriver-import_exported_table.q-disable_merge_for_bucketing.q-uber_reduce.q-and-1-more - did not produce a TEST-*.xml file
TestMinimrCliDriver-index_bitmap3.q-temp_table_external.q-empty_dir_in_table.q-and-1-more - did not produce a TEST-*.xml file
TestMinimrCliDriver-infer_bucket_sort_num_buckets.q-infer_bucket_sort_map_operators.q-non_native_window_udf.q-and-1-more - did not produce a TEST-*.xml file
TestMinimrCliDriver-infer_bucket_sort_reducers_power_two.q-load_fs2.q-ql_rewrite_gbtoidx_cbo_1.q-and-1-more - did not produce a TEST-*.xml file
TestMinimrCliDriver-leftsemijoin_mr.q-groupby2.q-bucketizedhiveinputformat.q-and-1-more - did not produce a TEST-*.xml file
TestMinimrCliDriver-list_bucket_dml_10.q-bucket_num_reducers.q-stats_counter_partitioned.q-and-1-more - did not produce a TEST-*.xml file
TestMinimrCliDriver-ql_rewrite_gbtoidx.q-parallel_orderby.q-ql_rewrite_gbtoidx_cbo_2.q-and-1-more - did not produce a TEST-*.xml file
TestMinimrCliDriver-reduce_deduplicate.q-infer_bucket_sort_bucketed_table.q-bucket4.q-and-1-more - did not produce a TEST-*.xml file
TestMinimrCliDriver-schemeAuthority2.q-bucket5.q-root_dir_external_table.q-and-1-more - did not produce a TEST-*.xml file
TestMinimrCliDriver-scriptfile1.q-scriptfile1_win.q-constprog_partitioner.q-and-1-more - did not produce a TEST-*.xml file
org.apache.hadoop.hive.cli.TestCliDriver.testCliDriver_index_auto_mult_tables_compact
org.apache.hive.jdbc.TestJdbcWithMiniHS2.testNewConnectionConfiguration
org.apache.hive.jdbc.TestSSL.testSSLFetchHttp
&lt;/pre&gt;
&lt;/div&gt;&lt;/div&gt;

&lt;p&gt;Test results: &lt;a href=&quot;http://ec2-174-129-184-35.compute-1.amazonaws.com/jenkins/job/PreCommit-HIVE-TRUNK-Build/3392/testReport&quot; class=&quot;external-link&quot; target=&quot;_blank&quot; rel=&quot;nofollow noopener&quot;&gt;http://ec2-174-129-184-35.compute-1.amazonaws.com/jenkins/job/PreCommit-HIVE-TRUNK-Build/3392/testReport&lt;/a&gt;&lt;br/&gt;
Console output: &lt;a href=&quot;http://ec2-174-129-184-35.compute-1.amazonaws.com/jenkins/job/PreCommit-HIVE-TRUNK-Build/3392/console&quot; class=&quot;external-link&quot; target=&quot;_blank&quot; rel=&quot;nofollow noopener&quot;&gt;http://ec2-174-129-184-35.compute-1.amazonaws.com/jenkins/job/PreCommit-HIVE-TRUNK-Build/3392/console&lt;/a&gt;&lt;br/&gt;
Test logs: &lt;a href=&quot;http://ec2-174-129-184-35.compute-1.amazonaws.com/logs/PreCommit-HIVE-TRUNK-Build-3392/&quot; class=&quot;external-link&quot; target=&quot;_blank&quot; rel=&quot;nofollow noopener&quot;&gt;http://ec2-174-129-184-35.compute-1.amazonaws.com/logs/PreCommit-HIVE-TRUNK-Build-3392/&lt;/a&gt;&lt;/p&gt;

&lt;p&gt;Messages:&lt;/p&gt;
&lt;div class=&quot;preformatted panel&quot; style=&quot;border-width: 1px;&quot;&gt;&lt;div class=&quot;preformattedContent panelContent&quot;&gt;
&lt;pre&gt;Executing org.apache.hive.ptest.execution.PrepPhase
Executing org.apache.hive.ptest.execution.ExecutionPhase
Executing org.apache.hive.ptest.execution.ReportingPhase
Tests exited with: TestsFailedException: 16 tests failed
&lt;/pre&gt;
&lt;/div&gt;&lt;/div&gt;

&lt;p&gt;This message is automatically generated.&lt;/p&gt;

&lt;p&gt;ATTACHMENT ID: 12724695 - PreCommit-HIVE-TRUNK-Build&lt;/p&gt;</comment>
                            <comment id="14559849" author="hiveqa" created="Tue, 26 May 2015 20:52:44 +0000"  >

&lt;p&gt;&lt;font color=&quot;red&quot;&gt;Overall&lt;/font&gt;: -1 no tests executed&lt;/p&gt;

&lt;p&gt;Here are the results of testing the latest attachment:&lt;br/&gt;
&lt;a href=&quot;https://issues.apache.org/jira/secure/attachment/12735389/HIVE-7723.11.patch&quot; class=&quot;external-link&quot; rel=&quot;nofollow&quot;&gt;https://issues.apache.org/jira/secure/attachment/12735389/HIVE-7723.11.patch&lt;/a&gt;&lt;/p&gt;

&lt;p&gt;Test results: &lt;a href=&quot;http://ec2-174-129-184-35.compute-1.amazonaws.com/jenkins/job/PreCommit-HIVE-TRUNK-Build/4046/testReport&quot; class=&quot;external-link&quot; target=&quot;_blank&quot; rel=&quot;nofollow noopener&quot;&gt;http://ec2-174-129-184-35.compute-1.amazonaws.com/jenkins/job/PreCommit-HIVE-TRUNK-Build/4046/testReport&lt;/a&gt;&lt;br/&gt;
Console output: &lt;a href=&quot;http://ec2-174-129-184-35.compute-1.amazonaws.com/jenkins/job/PreCommit-HIVE-TRUNK-Build/4046/console&quot; class=&quot;external-link&quot; target=&quot;_blank&quot; rel=&quot;nofollow noopener&quot;&gt;http://ec2-174-129-184-35.compute-1.amazonaws.com/jenkins/job/PreCommit-HIVE-TRUNK-Build/4046/console&lt;/a&gt;&lt;br/&gt;
Test logs: &lt;a href=&quot;http://ec2-174-129-184-35.compute-1.amazonaws.com/logs/PreCommit-HIVE-TRUNK-Build-4046/&quot; class=&quot;external-link&quot; target=&quot;_blank&quot; rel=&quot;nofollow noopener&quot;&gt;http://ec2-174-129-184-35.compute-1.amazonaws.com/logs/PreCommit-HIVE-TRUNK-Build-4046/&lt;/a&gt;&lt;/p&gt;

&lt;p&gt;Messages:&lt;/p&gt;
&lt;div class=&quot;preformatted panel&quot; style=&quot;border-width: 1px;&quot;&gt;&lt;div class=&quot;preformattedContent panelContent&quot;&gt;
&lt;pre&gt;**** This message was trimmed, see log for full details ****
[WARNING] /data/hive-ptest/working/apache-github-source-source/spark-client/src/main/java/org/apache/hive/spark/client/rpc/RpcDispatcher.java: Recompile with -Xlint:unchecked for details.
[INFO] 
[INFO] --- maven-resources-plugin:2.6:testResources (default-testResources) @ spark-client ---
[INFO] Using &apos;UTF-8&apos; encoding to copy filtered resources.
[INFO] Copying 1 resource
[INFO] Copying 3 resources
[INFO] 
[INFO] --- maven-antrun-plugin:1.7:run (setup-test-dirs) @ spark-client ---
[INFO] Executing tasks

main:
    [mkdir] Created dir: /data/hive-ptest/working/apache-github-source-source/spark-client/target/tmp
    [mkdir] Created dir: /data/hive-ptest/working/apache-github-source-source/spark-client/target/warehouse
    [mkdir] Created dir: /data/hive-ptest/working/apache-github-source-source/spark-client/target/tmp/conf
     [copy] Copying 11 files to /data/hive-ptest/working/apache-github-source-source/spark-client/target/tmp/conf
[INFO] Executed tasks
[INFO] 
[INFO] --- maven-compiler-plugin:3.1:testCompile (default-testCompile) @ spark-client ---
[INFO] Compiling 5 source files to /data/hive-ptest/working/apache-github-source-source/spark-client/target/test-classes
[INFO] 
[INFO] --- maven-dependency-plugin:2.8:copy (copy-guava-14) @ spark-client ---
[INFO] Configured Artifact: com.google.guava:guava:14.0.1:jar
[INFO] Copying guava-14.0.1.jar to /data/hive-ptest/working/apache-github-source-source/spark-client/target/dependency/guava-14.0.1.jar
[INFO] 
[INFO] --- maven-surefire-plugin:2.16:test (default-test) @ spark-client ---
[INFO] Tests are skipped.
[INFO] 
[INFO] --- maven-jar-plugin:2.2:jar (default-jar) @ spark-client ---
[INFO] Building jar: /data/hive-ptest/working/apache-github-source-source/spark-client/target/spark-client-1.3.0-SNAPSHOT.jar
[INFO] 
[INFO] --- maven-site-plugin:3.3:attach-descriptor (attach-descriptor) @ spark-client ---
[INFO] 
[INFO] --- maven-install-plugin:2.4:install (default-install) @ spark-client ---
[INFO] Installing /data/hive-ptest/working/apache-github-source-source/spark-client/target/spark-client-1.3.0-SNAPSHOT.jar to /home/hiveptest/.m2/repository/org/apache/hive/spark-client/1.3.0-SNAPSHOT/spark-client-1.3.0-SNAPSHOT.jar
[INFO] Installing /data/hive-ptest/working/apache-github-source-source/spark-client/pom.xml to /home/hiveptest/.m2/repository/org/apache/hive/spark-client/1.3.0-SNAPSHOT/spark-client-1.3.0-SNAPSHOT.pom
[INFO]                                                                         
[INFO] ------------------------------------------------------------------------
[INFO] Building Hive Query Language 1.3.0-SNAPSHOT
[INFO] ------------------------------------------------------------------------
[INFO] 
[INFO] --- maven-clean-plugin:2.5:clean (default-clean) @ hive-exec ---
[INFO] Deleting /data/hive-ptest/working/apache-github-source-source/ql/target
[INFO] Deleting /data/hive-ptest/working/apache-github-source-source/ql (includes = [datanucleus.log, derby.log], excludes = [])
[INFO] 
[INFO] --- maven-enforcer-plugin:1.3.1:enforce (enforce-no-snapshots) @ hive-exec ---
[INFO] 
[INFO] --- maven-antrun-plugin:1.7:run (generate-sources) @ hive-exec ---
[INFO] Executing tasks

main:
    [mkdir] Created dir: /data/hive-ptest/working/apache-github-source-source/ql/target/generated-sources/java/org/apache/hadoop/hive/ql/exec/vector/expressions/gen
    [mkdir] Created dir: /data/hive-ptest/working/apache-github-source-source/ql/target/generated-sources/java/org/apache/hadoop/hive/ql/exec/vector/expressions/aggregates/gen
    [mkdir] Created dir: /data/hive-ptest/working/apache-github-source-source/ql/target/generated-test-sources/java/org/apache/hadoop/hive/ql/exec/vector/expressions/gen
Generating vector expression code
Generating vector expression test code
[INFO] Executed tasks
[INFO] 
[INFO] --- build-helper-maven-plugin:1.8:add-source (add-source) @ hive-exec ---
[INFO] Source directory: /data/hive-ptest/working/apache-github-source-source/ql/src/gen/protobuf/gen-java added.
[INFO] Source directory: /data/hive-ptest/working/apache-github-source-source/ql/src/gen/thrift/gen-javabean added.
[INFO] Source directory: /data/hive-ptest/working/apache-github-source-source/ql/target/generated-sources/java added.
[INFO] 
[INFO] --- antlr3-maven-plugin:3.4:antlr (default) @ hive-exec ---
[INFO] ANTLR: Processing source directory /data/hive-ptest/working/apache-github-source-source/ql/src/java
ANTLR Parser Generator  Version 3.4
org/apache/hadoop/hive/ql/parse/HiveLexer.g
org/apache/hadoop/hive/ql/parse/HiveParser.g
warning(200): IdentifiersParser.g:455:5: 
Decision can match input such as &quot;{KW_REGEXP, KW_RLIKE} KW_ORDER KW_BY&quot; using multiple alternatives: 2, 9

As a result, alternative(s) 9 were disabled for that input
warning(200): IdentifiersParser.g:455:5: 
Decision can match input such as &quot;{KW_REGEXP, KW_RLIKE} KW_GROUP KW_BY&quot; using multiple alternatives: 2, 9

As a result, alternative(s) 9 were disabled for that input
warning(200): IdentifiersParser.g:455:5: 
Decision can match input such as &quot;{KW_REGEXP, KW_RLIKE} KW_CLUSTER KW_BY&quot; using multiple alternatives: 2, 9

As a result, alternative(s) 9 were disabled for that input
warning(200): IdentifiersParser.g:455:5: 
Decision can match input such as &quot;{KW_REGEXP, KW_RLIKE} KW_UNION KW_MAP&quot; using multiple alternatives: 2, 9

As a result, alternative(s) 9 were disabled for that input
warning(200): IdentifiersParser.g:455:5: 
Decision can match input such as &quot;{KW_REGEXP, KW_RLIKE} KW_UNION KW_SELECT&quot; using multiple alternatives: 2, 9

As a result, alternative(s) 9 were disabled for that input
warning(200): IdentifiersParser.g:455:5: 
Decision can match input such as &quot;{KW_REGEXP, KW_RLIKE} KW_MAP LPAREN&quot; using multiple alternatives: 2, 9

As a result, alternative(s) 9 were disabled for that input
warning(200): IdentifiersParser.g:455:5: 
Decision can match input such as &quot;{KW_REGEXP, KW_RLIKE} KW_UNION KW_REDUCE&quot; using multiple alternatives: 2, 9

As a result, alternative(s) 9 were disabled for that input
warning(200): IdentifiersParser.g:455:5: 
Decision can match input such as &quot;{KW_REGEXP, KW_RLIKE} KW_LATERAL KW_VIEW&quot; using multiple alternatives: 2, 9

As a result, alternative(s) 9 were disabled for that input
warning(200): IdentifiersParser.g:455:5: 
Decision can match input such as &quot;{KW_REGEXP, KW_RLIKE} KW_SORT KW_BY&quot; using multiple alternatives: 2, 9

As a result, alternative(s) 9 were disabled for that input
warning(200): IdentifiersParser.g:455:5: 
Decision can match input such as &quot;{KW_REGEXP, KW_RLIKE} KW_INSERT KW_INTO&quot; using multiple alternatives: 2, 9

As a result, alternative(s) 9 were disabled for that input
warning(200): IdentifiersParser.g:455:5: 
Decision can match input such as &quot;{KW_REGEXP, KW_RLIKE} KW_UNION KW_ALL&quot; using multiple alternatives: 2, 9

As a result, alternative(s) 9 were disabled for that input
warning(200): IdentifiersParser.g:455:5: 
Decision can match input such as &quot;{KW_REGEXP, KW_RLIKE} KW_UNION KW_FROM&quot; using multiple alternatives: 2, 9

As a result, alternative(s) 9 were disabled for that input
warning(200): IdentifiersParser.g:455:5: 
Decision can match input such as &quot;{KW_REGEXP, KW_RLIKE} KW_INSERT KW_OVERWRITE&quot; using multiple alternatives: 2, 9

As a result, alternative(s) 9 were disabled for that input
warning(200): IdentifiersParser.g:455:5: 
Decision can match input such as &quot;{KW_REGEXP, KW_RLIKE} KW_DISTRIBUTE KW_BY&quot; using multiple alternatives: 2, 9

As a result, alternative(s) 9 were disabled for that input
[INFO] 
[INFO] --- maven-remote-resources-plugin:1.5:process (default) @ hive-exec ---
[INFO] 
[INFO] --- maven-resources-plugin:2.6:resources (default-resources) @ hive-exec ---
[INFO] Using &apos;UTF-8&apos; encoding to copy filtered resources.
[INFO] Copying 2 resources
[INFO] Copying 3 resources
[INFO] 
[INFO] --- maven-antrun-plugin:1.7:run (define-classpath) @ hive-exec ---
[INFO] Executing tasks

main:
[INFO] Executed tasks
[INFO] 
[INFO] --- maven-compiler-plugin:2.3.2:compile (default-compile) @ hive-exec ---
[INFO] Compiling 2385 source files to /data/hive-ptest/working/apache-github-source-source/ql/target/classes
[INFO] -------------------------------------------------------------
[ERROR] COMPILATION ERROR : 
[INFO] -------------------------------------------------------------
[ERROR] /data/hive-ptest/working/apache-github-source-source/ql/src/java/org/apache/hadoop/hive/ql/optimizer/GenMapRedUtils.java:[578,13] error: cannot find symbol
[INFO] 1 error
[INFO] -------------------------------------------------------------
[INFO] ------------------------------------------------------------------------
[INFO] Reactor Summary:
[INFO] 
[INFO] Hive .............................................. SUCCESS [18.020s]
[INFO] Hive Shims Common ................................. SUCCESS [13.792s]
[INFO] Hive Shims 0.20S .................................. SUCCESS [3.313s]
[INFO] Hive Shims 0.23 ................................... SUCCESS [12.029s]
[INFO] Hive Shims Scheduler .............................. SUCCESS [1.974s]
[INFO] Hive Shims ........................................ SUCCESS [2.660s]
[INFO] Hive Common ....................................... SUCCESS [14.956s]
[INFO] Hive Serde ........................................ SUCCESS [16.633s]
[INFO] Hive Metastore .................................... SUCCESS [36.064s]
[INFO] Hive Ant Utilities ................................ SUCCESS [2.404s]
[INFO] Spark Remote Client ............................... SUCCESS [19.045s]
[INFO] Hive Query Language ............................... FAILURE [1:37.997s]
[INFO] Hive Service ...................................... SKIPPED
[INFO] Hive Accumulo Handler ............................. SKIPPED
[INFO] Hive JDBC ......................................... SKIPPED
[INFO] Hive Beeline ...................................... SKIPPED
[INFO] Hive CLI .......................................... SKIPPED
[INFO] Hive Contrib ...................................... SKIPPED
[INFO] Hive HBase Handler ................................ SKIPPED
[INFO] Hive HCatalog ..................................... SKIPPED
[INFO] Hive HCatalog Core ................................ SKIPPED
[INFO] Hive HCatalog Pig Adapter ......................... SKIPPED
[INFO] Hive HCatalog Server Extensions ................... SKIPPED
[INFO] Hive HCatalog Webhcat Java Client ................. SKIPPED
[INFO] Hive HCatalog Webhcat ............................. SKIPPED
[INFO] Hive HCatalog Streaming ........................... SKIPPED
[INFO] Hive HWI .......................................... SKIPPED
[INFO] Hive ODBC ......................................... SKIPPED
[INFO] Hive Shims Aggregator ............................. SKIPPED
[INFO] Hive TestUtils .................................... SKIPPED
[INFO] Hive Packaging .................................... SKIPPED
[INFO] ------------------------------------------------------------------------
[INFO] BUILD FAILURE
[INFO] ------------------------------------------------------------------------
[INFO] Total time: 4:02.443s
[INFO] Finished at: Tue May 26 16:52:42 EDT 2015
[INFO] Final Memory: 109M/628M
[INFO] ------------------------------------------------------------------------
[ERROR] Failed to execute goal org.apache.maven.plugins:maven-compiler-plugin:2.3.2:compile (default-compile) on project hive-exec: Compilation failure
[ERROR] /data/hive-ptest/working/apache-github-source-source/ql/src/java/org/apache/hadoop/hive/ql/optimizer/GenMapRedUtils.java:[578,13] error: cannot find symbol
[ERROR] -&amp;gt; [Help 1]
[ERROR] 
[ERROR] To see the full stack trace of the errors, re-run Maven with the -e switch.
[ERROR] Re-run Maven using the -X switch to enable full debug logging.
[ERROR] 
[ERROR] For more information about the errors and possible solutions, please read the following articles:
[ERROR] [Help 1] http://cwiki.apache.org/confluence/display/MAVEN/MojoFailureException
[ERROR] 
[ERROR] After correcting the problems, you can resume the build with the command
[ERROR]   mvn &amp;lt;goals&amp;gt; -rf :hive-exec
+ exit 1
&apos;
&lt;/pre&gt;
&lt;/div&gt;&lt;/div&gt;

&lt;p&gt;This message is automatically generated.&lt;/p&gt;

&lt;p&gt;ATTACHMENT ID: 12735389 - PreCommit-HIVE-TRUNK-Build&lt;/p&gt;</comment>
                            <comment id="14560820" author="hiveqa" created="Wed, 27 May 2015 11:45:27 +0000"  >

&lt;p&gt;&lt;font color=&quot;red&quot;&gt;Overall&lt;/font&gt;: -1 at least one tests failed&lt;/p&gt;

&lt;p&gt;Here are the results of testing the latest attachment:&lt;br/&gt;
&lt;a href=&quot;https://issues.apache.org/jira/secure/attachment/12735503/HIVE-7723.11.patch&quot; class=&quot;external-link&quot; rel=&quot;nofollow&quot;&gt;https://issues.apache.org/jira/secure/attachment/12735503/HIVE-7723.11.patch&lt;/a&gt;&lt;/p&gt;

&lt;p&gt;&lt;font color=&quot;red&quot;&gt;ERROR:&lt;/font&gt; -1 due to 58 failed/errored test(s), 8971 tests executed&lt;br/&gt;
&lt;b&gt;Failed tests:&lt;/b&gt;&lt;/p&gt;
&lt;div class=&quot;preformatted panel&quot; style=&quot;border-width: 1px;&quot;&gt;&lt;div class=&quot;preformattedContent panelContent&quot;&gt;
&lt;pre&gt;TestHBaseNegativeCliDriver - did not produce a TEST-*.xml file
org.apache.hadoop.hive.cli.TestCliDriver.testCliDriver_escape1
org.apache.hadoop.hive.cli.TestCliDriver.testCliDriver_fold_case
org.apache.hadoop.hive.cli.TestCliDriver.testCliDriver_parquet_array_null_element
org.apache.hadoop.hive.cli.TestCliDriver.testCliDriver_parquet_array_of_multi_field_struct
org.apache.hadoop.hive.cli.TestCliDriver.testCliDriver_parquet_array_of_optional_elements
org.apache.hadoop.hive.cli.TestCliDriver.testCliDriver_parquet_array_of_required_elements
org.apache.hadoop.hive.cli.TestCliDriver.testCliDriver_parquet_array_of_single_field_struct
org.apache.hadoop.hive.cli.TestCliDriver.testCliDriver_parquet_array_of_structs
org.apache.hadoop.hive.cli.TestCliDriver.testCliDriver_parquet_array_of_unannotated_groups
org.apache.hadoop.hive.cli.TestCliDriver.testCliDriver_parquet_array_of_unannotated_primitives
org.apache.hadoop.hive.cli.TestCliDriver.testCliDriver_parquet_avro_array_of_primitives
org.apache.hadoop.hive.cli.TestCliDriver.testCliDriver_parquet_avro_array_of_single_field_struct
org.apache.hadoop.hive.cli.TestCliDriver.testCliDriver_parquet_create
org.apache.hadoop.hive.cli.TestCliDriver.testCliDriver_parquet_decimal1
org.apache.hadoop.hive.cli.TestCliDriver.testCliDriver_parquet_join
org.apache.hadoop.hive.cli.TestCliDriver.testCliDriver_parquet_map_null
org.apache.hadoop.hive.cli.TestCliDriver.testCliDriver_parquet_map_of_arrays_of_ints
org.apache.hadoop.hive.cli.TestCliDriver.testCliDriver_parquet_map_of_maps
org.apache.hadoop.hive.cli.TestCliDriver.testCliDriver_parquet_nested_complex
org.apache.hadoop.hive.cli.TestCliDriver.testCliDriver_parquet_read_backward_compatible_files
org.apache.hadoop.hive.cli.TestCliDriver.testCliDriver_parquet_schema_evolution
org.apache.hadoop.hive.cli.TestCliDriver.testCliDriver_parquet_thrift_array_of_primitives
org.apache.hadoop.hive.cli.TestCliDriver.testCliDriver_parquet_thrift_array_of_single_field_struct
org.apache.hadoop.hive.cli.TestCliDriver.testCliDriver_parquet_types
org.apache.hadoop.hive.cli.TestMiniTezCliDriver.testCliDriver_tez_union
org.apache.hadoop.hive.cli.TestSparkCliDriver.testCliDriver_parquet_join
org.apache.hadoop.hive.ql.io.parquet.TestArrayCompatibility.testAmbiguousSingleFieldGroupInList
org.apache.hadoop.hive.ql.io.parquet.TestArrayCompatibility.testAvroPrimitiveInList
org.apache.hadoop.hive.ql.io.parquet.TestArrayCompatibility.testAvroSingleFieldGroupInList
org.apache.hadoop.hive.ql.io.parquet.TestArrayCompatibility.testHiveRequiredGroupInList
org.apache.hadoop.hive.ql.io.parquet.TestArrayCompatibility.testMultiFieldGroupInList
org.apache.hadoop.hive.ql.io.parquet.TestArrayCompatibility.testNewOptionalGroupInList
org.apache.hadoop.hive.ql.io.parquet.TestArrayCompatibility.testNewRequiredGroupInList
org.apache.hadoop.hive.ql.io.parquet.TestArrayCompatibility.testThriftPrimitiveInList
org.apache.hadoop.hive.ql.io.parquet.TestArrayCompatibility.testThriftSingleFieldGroupInList
org.apache.hadoop.hive.ql.io.parquet.TestArrayCompatibility.testUnannotatedListOfGroups
org.apache.hadoop.hive.ql.io.parquet.TestDataWritableWriter.testSimpleType
org.apache.hadoop.hive.ql.io.parquet.TestMapStructures.testDoubleMapWithStructValue
org.apache.hadoop.hive.ql.io.parquet.TestMapStructures.testMapWithComplexKey
org.apache.hadoop.hive.ql.io.parquet.TestMapStructures.testNestedMap
org.apache.hadoop.hive.ql.io.parquet.TestMapStructures.testStringMapOfOptionalArray
org.apache.hadoop.hive.ql.io.parquet.TestMapStructures.testStringMapOfOptionalIntArray
org.apache.hadoop.hive.ql.io.parquet.TestMapStructures.testStringMapOptionalPrimitive
org.apache.hadoop.hive.ql.io.parquet.TestMapStructures.testStringMapRequiredPrimitive
org.apache.hadoop.hive.ql.io.parquet.TestParquetSerDe.testParquetHiveSerDe
org.apache.hadoop.hive.ql.io.parquet.serde.TestAbstractParquetMapInspector.testEmptyContainer
org.apache.hadoop.hive.ql.io.parquet.serde.TestAbstractParquetMapInspector.testNullContainer
org.apache.hadoop.hive.ql.io.parquet.serde.TestAbstractParquetMapInspector.testRegularMap
org.apache.hadoop.hive.ql.io.parquet.serde.TestDeepParquetHiveMapInspector.testEmptyContainer
org.apache.hadoop.hive.ql.io.parquet.serde.TestDeepParquetHiveMapInspector.testNullContainer
org.apache.hadoop.hive.ql.io.parquet.serde.TestDeepParquetHiveMapInspector.testRegularMap
org.apache.hadoop.hive.ql.io.parquet.serde.TestParquetHiveArrayInspector.testEmptyContainer
org.apache.hadoop.hive.ql.io.parquet.serde.TestParquetHiveArrayInspector.testNullContainer
org.apache.hadoop.hive.ql.io.parquet.serde.TestParquetHiveArrayInspector.testRegularList
org.apache.hadoop.hive.ql.io.parquet.serde.TestStandardParquetHiveMapInspector.testEmptyContainer
org.apache.hadoop.hive.ql.io.parquet.serde.TestStandardParquetHiveMapInspector.testNullContainer
org.apache.hadoop.hive.ql.io.parquet.serde.TestStandardParquetHiveMapInspector.testRegularMap
&lt;/pre&gt;
&lt;/div&gt;&lt;/div&gt;

&lt;p&gt;Test results: &lt;a href=&quot;http://ec2-174-129-184-35.compute-1.amazonaws.com/jenkins/job/PreCommit-HIVE-TRUNK-Build/4056/testReport&quot; class=&quot;external-link&quot; target=&quot;_blank&quot; rel=&quot;nofollow noopener&quot;&gt;http://ec2-174-129-184-35.compute-1.amazonaws.com/jenkins/job/PreCommit-HIVE-TRUNK-Build/4056/testReport&lt;/a&gt;&lt;br/&gt;
Console output: &lt;a href=&quot;http://ec2-174-129-184-35.compute-1.amazonaws.com/jenkins/job/PreCommit-HIVE-TRUNK-Build/4056/console&quot; class=&quot;external-link&quot; target=&quot;_blank&quot; rel=&quot;nofollow noopener&quot;&gt;http://ec2-174-129-184-35.compute-1.amazonaws.com/jenkins/job/PreCommit-HIVE-TRUNK-Build/4056/console&lt;/a&gt;&lt;br/&gt;
Test logs: &lt;a href=&quot;http://ec2-174-129-184-35.compute-1.amazonaws.com/logs/PreCommit-HIVE-TRUNK-Build-4056/&quot; class=&quot;external-link&quot; target=&quot;_blank&quot; rel=&quot;nofollow noopener&quot;&gt;http://ec2-174-129-184-35.compute-1.amazonaws.com/logs/PreCommit-HIVE-TRUNK-Build-4056/&lt;/a&gt;&lt;/p&gt;

&lt;p&gt;Messages:&lt;/p&gt;
&lt;div class=&quot;preformatted panel&quot; style=&quot;border-width: 1px;&quot;&gt;&lt;div class=&quot;preformattedContent panelContent&quot;&gt;
&lt;pre&gt;Executing org.apache.hive.ptest.execution.PrepPhase
Executing org.apache.hive.ptest.execution.ExecutionPhase
Executing org.apache.hive.ptest.execution.ReportingPhase
Tests exited with: TestsFailedException: 58 tests failed
&lt;/pre&gt;
&lt;/div&gt;&lt;/div&gt;

&lt;p&gt;This message is automatically generated.&lt;/p&gt;

&lt;p&gt;ATTACHMENT ID: 12735503 - PreCommit-HIVE-TRUNK-Build&lt;/p&gt;</comment>
                            <comment id="14609464" author="hiveqa" created="Wed, 1 Jul 2015 02:24:24 +0000"  >

&lt;p&gt;&lt;font color=&quot;red&quot;&gt;Overall&lt;/font&gt;: -1 at least one tests failed&lt;/p&gt;

&lt;p&gt;Here are the results of testing the latest attachment:&lt;br/&gt;
&lt;a href=&quot;https://issues.apache.org/jira/secure/attachment/12742914/HIVE-7723.11.patch&quot; class=&quot;external-link&quot; rel=&quot;nofollow&quot;&gt;https://issues.apache.org/jira/secure/attachment/12742914/HIVE-7723.11.patch&lt;/a&gt;&lt;/p&gt;

&lt;p&gt;&lt;font color=&quot;red&quot;&gt;ERROR:&lt;/font&gt; -1 due to 2 failed/errored test(s), 9133 tests executed&lt;br/&gt;
&lt;b&gt;Failed tests:&lt;/b&gt;&lt;/p&gt;
&lt;div class=&quot;preformatted panel&quot; style=&quot;border-width: 1px;&quot;&gt;&lt;div class=&quot;preformattedContent panelContent&quot;&gt;
&lt;pre&gt;org.apache.hadoop.hive.cli.TestCliDriver.testCliDriver_escape1
org.apache.hadoop.hive.cli.TestMiniTezCliDriver.testCliDriver_tez_union
&lt;/pre&gt;
&lt;/div&gt;&lt;/div&gt;

&lt;p&gt;Test results: &lt;a href=&quot;http://ec2-174-129-184-35.compute-1.amazonaws.com/jenkins/job/PreCommit-HIVE-TRUNK-Build/4452/testReport&quot; class=&quot;external-link&quot; target=&quot;_blank&quot; rel=&quot;nofollow noopener&quot;&gt;http://ec2-174-129-184-35.compute-1.amazonaws.com/jenkins/job/PreCommit-HIVE-TRUNK-Build/4452/testReport&lt;/a&gt;&lt;br/&gt;
Console output: &lt;a href=&quot;http://ec2-174-129-184-35.compute-1.amazonaws.com/jenkins/job/PreCommit-HIVE-TRUNK-Build/4452/console&quot; class=&quot;external-link&quot; target=&quot;_blank&quot; rel=&quot;nofollow noopener&quot;&gt;http://ec2-174-129-184-35.compute-1.amazonaws.com/jenkins/job/PreCommit-HIVE-TRUNK-Build/4452/console&lt;/a&gt;&lt;br/&gt;
Test logs: &lt;a href=&quot;http://ec2-174-129-184-35.compute-1.amazonaws.com/logs/PreCommit-HIVE-TRUNK-Build-4452/&quot; class=&quot;external-link&quot; target=&quot;_blank&quot; rel=&quot;nofollow noopener&quot;&gt;http://ec2-174-129-184-35.compute-1.amazonaws.com/logs/PreCommit-HIVE-TRUNK-Build-4452/&lt;/a&gt;&lt;/p&gt;

&lt;p&gt;Messages:&lt;/p&gt;
&lt;div class=&quot;preformatted panel&quot; style=&quot;border-width: 1px;&quot;&gt;&lt;div class=&quot;preformattedContent panelContent&quot;&gt;
&lt;pre&gt;Executing org.apache.hive.ptest.execution.PrepPhase
Executing org.apache.hive.ptest.execution.ExecutionPhase
Executing org.apache.hive.ptest.execution.ReportingPhase
Tests exited with: TestsFailedException: 2 tests failed
&lt;/pre&gt;
&lt;/div&gt;&lt;/div&gt;

&lt;p&gt;This message is automatically generated.&lt;/p&gt;

&lt;p&gt;ATTACHMENT ID: 12742914 - PreCommit-HIVE-TRUNK-Build&lt;/p&gt;</comment>
                            <comment id="14636165" author="hiveqa" created="Wed, 22 Jul 2015 03:39:41 +0000"  >

&lt;p&gt;&lt;font color=&quot;red&quot;&gt;Overall&lt;/font&gt;: -1 at least one tests failed&lt;/p&gt;

&lt;p&gt;Here are the results of testing the latest attachment:&lt;br/&gt;
&lt;a href=&quot;https://issues.apache.org/jira/secure/attachment/12746439/HIVE-7723.12.patch&quot; class=&quot;external-link&quot; rel=&quot;nofollow&quot;&gt;https://issues.apache.org/jira/secure/attachment/12746439/HIVE-7723.12.patch&lt;/a&gt;&lt;/p&gt;

&lt;p&gt;&lt;font color=&quot;red&quot;&gt;ERROR:&lt;/font&gt; -1 due to 3 failed/errored test(s), 9245 tests executed&lt;br/&gt;
&lt;b&gt;Failed tests:&lt;/b&gt;&lt;/p&gt;
&lt;div class=&quot;preformatted panel&quot; style=&quot;border-width: 1px;&quot;&gt;&lt;div class=&quot;preformattedContent panelContent&quot;&gt;
&lt;pre&gt;org.apache.hadoop.hive.cli.TestCliDriver.testCliDriver_escape1
org.apache.hadoop.hive.cli.TestCliDriver.testCliDriver_escape2
org.apache.hadoop.hive.cli.TestMiniTezCliDriver.testCliDriver_tez_union
&lt;/pre&gt;
&lt;/div&gt;&lt;/div&gt;

&lt;p&gt;Test results: &lt;a href=&quot;http://ec2-174-129-184-35.compute-1.amazonaws.com/jenkins/job/PreCommit-HIVE-TRUNK-Build/4688/testReport&quot; class=&quot;external-link&quot; target=&quot;_blank&quot; rel=&quot;nofollow noopener&quot;&gt;http://ec2-174-129-184-35.compute-1.amazonaws.com/jenkins/job/PreCommit-HIVE-TRUNK-Build/4688/testReport&lt;/a&gt;&lt;br/&gt;
Console output: &lt;a href=&quot;http://ec2-174-129-184-35.compute-1.amazonaws.com/jenkins/job/PreCommit-HIVE-TRUNK-Build/4688/console&quot; class=&quot;external-link&quot; target=&quot;_blank&quot; rel=&quot;nofollow noopener&quot;&gt;http://ec2-174-129-184-35.compute-1.amazonaws.com/jenkins/job/PreCommit-HIVE-TRUNK-Build/4688/console&lt;/a&gt;&lt;br/&gt;
Test logs: &lt;a href=&quot;http://ec2-174-129-184-35.compute-1.amazonaws.com/logs/PreCommit-HIVE-TRUNK-Build-4688/&quot; class=&quot;external-link&quot; target=&quot;_blank&quot; rel=&quot;nofollow noopener&quot;&gt;http://ec2-174-129-184-35.compute-1.amazonaws.com/logs/PreCommit-HIVE-TRUNK-Build-4688/&lt;/a&gt;&lt;/p&gt;

&lt;p&gt;Messages:&lt;/p&gt;
&lt;div class=&quot;preformatted panel&quot; style=&quot;border-width: 1px;&quot;&gt;&lt;div class=&quot;preformattedContent panelContent&quot;&gt;
&lt;pre&gt;Executing org.apache.hive.ptest.execution.PrepPhase
Executing org.apache.hive.ptest.execution.ExecutionPhase
Executing org.apache.hive.ptest.execution.ReportingPhase
Tests exited with: TestsFailedException: 3 tests failed
&lt;/pre&gt;
&lt;/div&gt;&lt;/div&gt;

&lt;p&gt;This message is automatically generated.&lt;/p&gt;

&lt;p&gt;ATTACHMENT ID: 12746439 - PreCommit-HIVE-TRUNK-Build&lt;/p&gt;</comment>
                            <comment id="14975104" author="hsubramaniyan" created="Mon, 26 Oct 2015 21:19:26 +0000"  >&lt;p&gt;&lt;a href=&quot;https://issues.apache.org/jira/secure/ViewProfile.jspa?name=ashutoshc&quot; class=&quot;user-hover&quot; rel=&quot;ashutoshc&quot;&gt;ashutoshc&lt;/a&gt; can you please review &lt;a href=&quot;https://issues.apache.org/jira/browse/HIVE-7723&quot; title=&quot;Explain plan for complex query with lots of partitions is slow due to in-efficient collection used to find a matching ReadEntity&quot; class=&quot;issue-link&quot; data-issue-key=&quot;HIVE-7723&quot;&gt;&lt;del&gt;HIVE-7723&lt;/del&gt;&lt;/a&gt;.13.patch&lt;/p&gt;</comment>
                            <comment id="14975373" author="ashutoshc" created="Mon, 26 Oct 2015 23:50:49 +0000"  >&lt;p&gt;Seems like escape1.q escape2.q &amp;amp; tez_union.q failed consistently on earlier versions of these patch. &lt;a href=&quot;https://issues.apache.org/jira/secure/ViewProfile.jspa?name=hsubramaniyan&quot; class=&quot;user-hover&quot; rel=&quot;hsubramaniyan&quot;&gt;hsubramaniyan&lt;/a&gt; Did you verify that your latest patch doesnt fail these.&lt;/p&gt;</comment>
                            <comment id="14976205" author="hiveqa" created="Tue, 27 Oct 2015 10:40:42 +0000"  >

&lt;p&gt;Here are the results of testing the latest attachment:&lt;br/&gt;
&lt;a href=&quot;https://issues.apache.org/jira/secure/attachment/12768826/HIVE-7723.13.patch&quot; class=&quot;external-link&quot; rel=&quot;nofollow&quot;&gt;https://issues.apache.org/jira/secure/attachment/12768826/HIVE-7723.13.patch&lt;/a&gt;&lt;/p&gt;

&lt;p&gt;&lt;font color=&quot;red&quot;&gt;ERROR:&lt;/font&gt; -1 due to no test(s) being added or modified.&lt;/p&gt;

&lt;p&gt;&lt;font color=&quot;red&quot;&gt;ERROR:&lt;/font&gt; -1 due to 6 failed/errored test(s), 9709 tests executed&lt;br/&gt;
&lt;b&gt;Failed tests:&lt;/b&gt;&lt;/p&gt;
&lt;div class=&quot;preformatted panel&quot; style=&quot;border-width: 1px;&quot;&gt;&lt;div class=&quot;preformattedContent panelContent&quot;&gt;
&lt;pre&gt;org.apache.hadoop.hive.cli.TestCliDriver.testCliDriver_escape1
org.apache.hadoop.hive.cli.TestMiniLlapCliDriver.testCliDriver_tez_union
org.apache.hadoop.hive.cli.TestMiniTezCliDriver.testCliDriver_tez_union
org.apache.hadoop.hive.hwi.TestHWISessionManager.testHiveDriver
org.apache.hadoop.hive.ql.io.orc.TestJsonFileDump.testJsonDump
org.apache.hive.jdbc.TestSSL.testSSLVersion
&lt;/pre&gt;
&lt;/div&gt;&lt;/div&gt;

&lt;p&gt;Test results: &lt;a href=&quot;http://ec2-174-129-184-35.compute-1.amazonaws.com/jenkins/job/PreCommit-HIVE-TRUNK-Build/5809/testReport&quot; class=&quot;external-link&quot; target=&quot;_blank&quot; rel=&quot;nofollow noopener&quot;&gt;http://ec2-174-129-184-35.compute-1.amazonaws.com/jenkins/job/PreCommit-HIVE-TRUNK-Build/5809/testReport&lt;/a&gt;&lt;br/&gt;
Console output: &lt;a href=&quot;http://ec2-174-129-184-35.compute-1.amazonaws.com/jenkins/job/PreCommit-HIVE-TRUNK-Build/5809/console&quot; class=&quot;external-link&quot; target=&quot;_blank&quot; rel=&quot;nofollow noopener&quot;&gt;http://ec2-174-129-184-35.compute-1.amazonaws.com/jenkins/job/PreCommit-HIVE-TRUNK-Build/5809/console&lt;/a&gt;&lt;br/&gt;
Test logs: &lt;a href=&quot;http://ec2-174-129-184-35.compute-1.amazonaws.com/logs/PreCommit-HIVE-TRUNK-Build-5809/&quot; class=&quot;external-link&quot; target=&quot;_blank&quot; rel=&quot;nofollow noopener&quot;&gt;http://ec2-174-129-184-35.compute-1.amazonaws.com/logs/PreCommit-HIVE-TRUNK-Build-5809/&lt;/a&gt;&lt;/p&gt;

&lt;p&gt;Messages:&lt;/p&gt;
&lt;div class=&quot;preformatted panel&quot; style=&quot;border-width: 1px;&quot;&gt;&lt;div class=&quot;preformattedContent panelContent&quot;&gt;
&lt;pre&gt;Executing org.apache.hive.ptest.execution.TestCheckPhase
Executing org.apache.hive.ptest.execution.PrepPhase
Executing org.apache.hive.ptest.execution.ExecutionPhase
Executing org.apache.hive.ptest.execution.ReportingPhase
Tests exited with: TestsFailedException: 6 tests failed
&lt;/pre&gt;
&lt;/div&gt;&lt;/div&gt;

&lt;p&gt;This message is automatically generated.&lt;/p&gt;

&lt;p&gt;ATTACHMENT ID: 12768826 - PreCommit-HIVE-TRUNK-Build&lt;/p&gt;</comment>
                            <comment id="14977097" author="hsubramaniyan" created="Tue, 27 Oct 2015 20:27:50 +0000"  >&lt;p&gt;&lt;a href=&quot;https://issues.apache.org/jira/secure/ViewProfile.jspa?name=ashutoshc&quot; class=&quot;user-hover&quot; rel=&quot;ashutoshc&quot;&gt;ashutoshc&lt;/a&gt; Updated the golden files in patch#14.&lt;/p&gt;</comment>
                            <comment id="14977196" author="ashutoshc" created="Tue, 27 Oct 2015 21:23:53 +0000"  >&lt;p&gt;Golden file updates doesnt look correct. Its missing write entities. Is that expected?&lt;/p&gt;</comment>
                            <comment id="14979041" author="hiveqa" created="Wed, 28 Oct 2015 19:03:13 +0000"  >

&lt;p&gt;Here are the results of testing the latest attachment:&lt;br/&gt;
&lt;a href=&quot;https://issues.apache.org/jira/secure/attachment/12769094/HIVE-7723.14.patch&quot; class=&quot;external-link&quot; rel=&quot;nofollow&quot;&gt;https://issues.apache.org/jira/secure/attachment/12769094/HIVE-7723.14.patch&lt;/a&gt;&lt;/p&gt;

&lt;p&gt;&lt;font color=&quot;red&quot;&gt;ERROR:&lt;/font&gt; -1 due to no test(s) being added or modified.&lt;/p&gt;

&lt;p&gt;&lt;font color=&quot;red&quot;&gt;ERROR:&lt;/font&gt; -1 due to 4 failed/errored test(s), 9711 tests executed&lt;br/&gt;
&lt;b&gt;Failed tests:&lt;/b&gt;&lt;/p&gt;
&lt;div class=&quot;preformatted panel&quot; style=&quot;border-width: 1px;&quot;&gt;&lt;div class=&quot;preformattedContent panelContent&quot;&gt;
&lt;pre&gt;org.apache.hadoop.hive.cli.TestCliDriver.testCliDriver_escape1
org.apache.hadoop.hive.cli.TestCliDriver.testCliDriver_escape2
org.apache.hadoop.hive.hwi.TestHWISessionManager.testHiveDriver
org.apache.hive.jdbc.TestSSL.testSSLVersion
&lt;/pre&gt;
&lt;/div&gt;&lt;/div&gt;

&lt;p&gt;Test results: &lt;a href=&quot;http://ec2-174-129-184-35.compute-1.amazonaws.com/jenkins/job/PreCommit-HIVE-TRUNK-Build/5831/testReport&quot; class=&quot;external-link&quot; target=&quot;_blank&quot; rel=&quot;nofollow noopener&quot;&gt;http://ec2-174-129-184-35.compute-1.amazonaws.com/jenkins/job/PreCommit-HIVE-TRUNK-Build/5831/testReport&lt;/a&gt;&lt;br/&gt;
Console output: &lt;a href=&quot;http://ec2-174-129-184-35.compute-1.amazonaws.com/jenkins/job/PreCommit-HIVE-TRUNK-Build/5831/console&quot; class=&quot;external-link&quot; target=&quot;_blank&quot; rel=&quot;nofollow noopener&quot;&gt;http://ec2-174-129-184-35.compute-1.amazonaws.com/jenkins/job/PreCommit-HIVE-TRUNK-Build/5831/console&lt;/a&gt;&lt;br/&gt;
Test logs: &lt;a href=&quot;http://ec2-174-129-184-35.compute-1.amazonaws.com/logs/PreCommit-HIVE-TRUNK-Build-5831/&quot; class=&quot;external-link&quot; target=&quot;_blank&quot; rel=&quot;nofollow noopener&quot;&gt;http://ec2-174-129-184-35.compute-1.amazonaws.com/logs/PreCommit-HIVE-TRUNK-Build-5831/&lt;/a&gt;&lt;/p&gt;

&lt;p&gt;Messages:&lt;/p&gt;
&lt;div class=&quot;preformatted panel&quot; style=&quot;border-width: 1px;&quot;&gt;&lt;div class=&quot;preformattedContent panelContent&quot;&gt;
&lt;pre&gt;Executing org.apache.hive.ptest.execution.TestCheckPhase
Executing org.apache.hive.ptest.execution.PrepPhase
Executing org.apache.hive.ptest.execution.ExecutionPhase
Executing org.apache.hive.ptest.execution.ReportingPhase
Tests exited with: TestsFailedException: 4 tests failed
&lt;/pre&gt;
&lt;/div&gt;&lt;/div&gt;

&lt;p&gt;This message is automatically generated.&lt;/p&gt;

&lt;p&gt;ATTACHMENT ID: 12769094 - PreCommit-HIVE-TRUNK-Build&lt;/p&gt;</comment>
                            <comment id="14980042" author="hiveqa" created="Thu, 29 Oct 2015 08:30:10 +0000"  >

&lt;p&gt;Here are the results of testing the latest attachment:&lt;br/&gt;
&lt;a href=&quot;https://issues.apache.org/jira/secure/attachment/12769405/HIVE-7723.15.patch&quot; class=&quot;external-link&quot; rel=&quot;nofollow&quot;&gt;https://issues.apache.org/jira/secure/attachment/12769405/HIVE-7723.15.patch&lt;/a&gt;&lt;/p&gt;

&lt;p&gt;&lt;font color=&quot;red&quot;&gt;ERROR:&lt;/font&gt; -1 due to no test(s) being added or modified.&lt;/p&gt;

&lt;p&gt;&lt;font color=&quot;red&quot;&gt;ERROR:&lt;/font&gt; -1 due to 3 failed/errored test(s), 9732 tests executed&lt;br/&gt;
&lt;b&gt;Failed tests:&lt;/b&gt;&lt;/p&gt;
&lt;div class=&quot;preformatted panel&quot; style=&quot;border-width: 1px;&quot;&gt;&lt;div class=&quot;preformattedContent panelContent&quot;&gt;
&lt;pre&gt;org.apache.hadoop.hive.cli.TestHBaseCliDriver.testCliDriver_hbase_queries
org.apache.hadoop.hive.hwi.TestHWISessionManager.testHiveDriver
org.apache.hive.jdbc.TestSSL.testSSLVersion
&lt;/pre&gt;
&lt;/div&gt;&lt;/div&gt;

&lt;p&gt;Test results: &lt;a href=&quot;http://ec2-174-129-184-35.compute-1.amazonaws.com/jenkins/job/PreCommit-HIVE-TRUNK-Build/5844/testReport&quot; class=&quot;external-link&quot; target=&quot;_blank&quot; rel=&quot;nofollow noopener&quot;&gt;http://ec2-174-129-184-35.compute-1.amazonaws.com/jenkins/job/PreCommit-HIVE-TRUNK-Build/5844/testReport&lt;/a&gt;&lt;br/&gt;
Console output: &lt;a href=&quot;http://ec2-174-129-184-35.compute-1.amazonaws.com/jenkins/job/PreCommit-HIVE-TRUNK-Build/5844/console&quot; class=&quot;external-link&quot; target=&quot;_blank&quot; rel=&quot;nofollow noopener&quot;&gt;http://ec2-174-129-184-35.compute-1.amazonaws.com/jenkins/job/PreCommit-HIVE-TRUNK-Build/5844/console&lt;/a&gt;&lt;br/&gt;
Test logs: &lt;a href=&quot;http://ec2-174-129-184-35.compute-1.amazonaws.com/logs/PreCommit-HIVE-TRUNK-Build-5844/&quot; class=&quot;external-link&quot; target=&quot;_blank&quot; rel=&quot;nofollow noopener&quot;&gt;http://ec2-174-129-184-35.compute-1.amazonaws.com/logs/PreCommit-HIVE-TRUNK-Build-5844/&lt;/a&gt;&lt;/p&gt;

&lt;p&gt;Messages:&lt;/p&gt;
&lt;div class=&quot;preformatted panel&quot; style=&quot;border-width: 1px;&quot;&gt;&lt;div class=&quot;preformattedContent panelContent&quot;&gt;
&lt;pre&gt;Executing org.apache.hive.ptest.execution.TestCheckPhase
Executing org.apache.hive.ptest.execution.PrepPhase
Executing org.apache.hive.ptest.execution.ExecutionPhase
Executing org.apache.hive.ptest.execution.ReportingPhase
Tests exited with: TestsFailedException: 3 tests failed
&lt;/pre&gt;
&lt;/div&gt;&lt;/div&gt;

&lt;p&gt;This message is automatically generated.&lt;/p&gt;

&lt;p&gt;ATTACHMENT ID: 12769405 - PreCommit-HIVE-TRUNK-Build&lt;/p&gt;</comment>
                            <comment id="14980719" author="ashutoshc" created="Thu, 29 Oct 2015 16:23:47 +0000"  >&lt;ul&gt;
	&lt;li&gt;It would be cleaner to have Map to begin with, instead of creating one from Set, ie, Make ParseContext::semanticInputs a map. Otherwise we are burning unnecessary CPU for an operation which is entirely avoidable. Perhaps, a follow on jira.&lt;/li&gt;
	&lt;li&gt;Since this is purely for performance, we should make sure that we get atleast some performance benefit out of this. Can you test with query attached in jira to check there is an improvement.&lt;/li&gt;
&lt;/ul&gt;
</comment>
                            <comment id="14983244" author="hsubramaniyan" created="Fri, 30 Oct 2015 20:25:41 +0000"  >&lt;p&gt;&lt;a href=&quot;https://issues.apache.org/jira/secure/ViewProfile.jspa?name=ashutoshc&quot; class=&quot;user-hover&quot; rel=&quot;ashutoshc&quot;&gt;ashutoshc&lt;/a&gt; Thanks for the comments.&lt;br/&gt;
1. I think a Map to begin with would be good, although I  am not sure of the side effects of this. As suggested lets do it in a followup jira,&lt;br/&gt;
&lt;a href=&quot;https://issues.apache.org/jira/browse/HIVE-12308&quot; title=&quot;Make ParseContext::semanticInputs a map&quot; class=&quot;issue-link&quot; data-issue-key=&quot;HIVE-12308&quot;&gt;HIVE-12308&lt;/a&gt;&lt;/p&gt;

&lt;p&gt;2. For performance benefit, is the following sufficient enough. I stepped through the debugger to see that we actually reduce the #iterations from #ReadEntity * #Partitions to #Partitions.&lt;br/&gt;
Here is the performance improvement on TPCDS-query 64 on 30TB dataset with partitioned tables in ORC format.&lt;/p&gt;
&lt;div class=&quot;code panel&quot; style=&quot;border-width: 1px;&quot;&gt;&lt;div class=&quot;codeContent panelContent&quot;&gt;
&lt;pre class=&quot;code-java&quot;&gt;Time taken: 36.699 seconds, Fetched: 2158 row(s) with  the change
Time taken: 41.632 seconds, Fetched: 2158 row(s) without the change
&lt;/pre&gt;
&lt;/div&gt;&lt;/div&gt;</comment>
                            <comment id="14983307" author="ashutoshc" created="Fri, 30 Oct 2015 20:59:55 +0000"  >&lt;p&gt;+1 LGTM&lt;/p&gt;</comment>
                            <comment id="14983856" author="hsubramaniyan" created="Sat, 31 Oct 2015 05:53:33 +0000"  >&lt;p&gt;Patch committed to master, branch-1. Thanks for the review, &lt;a href=&quot;https://issues.apache.org/jira/secure/ViewProfile.jspa?name=ashutoshc&quot; class=&quot;user-hover&quot; rel=&quot;ashutoshc&quot;&gt;ashutoshc&lt;/a&gt;&lt;/p&gt;</comment>
                    </comments>
                <issuelinks>
                            <issuelinktype id="10030">
                    <name>Reference</name>
                                                                <inwardlinks description="is related to">
                                        <issuelink>
            <issuekey id="12909315">HIVE-12308</issuekey>
        </issuelink>
                            </inwardlinks>
                                    </issuelinktype>
                    </issuelinks>
                <attachments>
                            <attachment id="12661635" name="HIVE-7723.1.patch" size="4086" author="mmokhtar" created="Thu, 14 Aug 2014 04:17:48 +0000"/>
                            <attachment id="12674304" name="HIVE-7723.10.patch" size="30649" author="hagleitn" created="Fri, 10 Oct 2014 23:54:36 +0000"/>
                            <attachment id="12742914" name="HIVE-7723.11.patch" size="29728" author="hsubramaniyan" created="Tue, 30 Jun 2015 19:29:17 +0000"/>
                            <attachment id="12735503" name="HIVE-7723.11.patch" size="29728" author="mmokhtar" created="Wed, 27 May 2015 02:34:21 +0000"/>
                            <attachment id="12746439" name="HIVE-7723.12.patch" size="29760" author="hsubramaniyan" created="Tue, 21 Jul 2015 23:09:49 +0000"/>
                            <attachment id="12768826" name="HIVE-7723.13.patch" size="29747" author="hsubramaniyan" created="Mon, 26 Oct 2015 21:19:26 +0000"/>
                            <attachment id="12769094" name="HIVE-7723.14.patch" size="31268" author="hsubramaniyan" created="Tue, 27 Oct 2015 20:27:50 +0000"/>
                            <attachment id="12769405" name="HIVE-7723.15.patch" size="8490" author="hsubramaniyan" created="Wed, 28 Oct 2015 21:15:14 +0000"/>
                            <attachment id="12661651" name="HIVE-7723.2.patch" size="4149" author="mmokhtar" created="Thu, 14 Aug 2014 05:35:45 +0000"/>
                            <attachment id="12661658" name="HIVE-7723.3.patch" size="4329" author="mmokhtar" created="Thu, 14 Aug 2014 06:00:08 +0000"/>
                            <attachment id="12661726" name="HIVE-7723.4.patch" size="4655" author="mmokhtar" created="Thu, 14 Aug 2014 15:28:17 +0000"/>
                            <attachment id="12662827" name="HIVE-7723.5.patch" size="4623" author="mmokhtar" created="Tue, 19 Aug 2014 19:53:06 +0000"/>
                            <attachment id="12671070" name="HIVE-7723.6.patch" size="6890" author="hagleitn" created="Wed, 24 Sep 2014 22:13:35 +0000"/>
                            <attachment id="12671568" name="HIVE-7723.7.patch" size="27384" author="hagleitn" created="Fri, 26 Sep 2014 22:16:23 +0000"/>
                            <attachment id="12671737" name="HIVE-7723.8.patch" size="27196" author="hagleitn" created="Mon, 29 Sep 2014 03:17:39 +0000"/>
                            <attachment id="12724695" name="HIVE-7723.9.patch" size="28189" author="mmokhtar" created="Fri, 10 Apr 2015 23:08:28 +0000"/>
                    </attachments>
                <subtasks>
                    </subtasks>
                <customfields>
                                                                            <customfield id="customfield_12310310" key="com.atlassian.jira.toolkit:attachments">
                        <customfieldname>Attachment count</customfieldname>
                        <customfieldvalues>
                            <customfieldvalue>16.0</customfieldvalue>
                        </customfieldvalues>
                    </customfield>
                                                                                                                                                                                                                                                                                                                                                                                                                                                                                                                                                                                                                                                                                                        <customfield id="customfield_12314020" key="com.atlassian.jira.plugins.jira-development-integration-plugin:devsummary">
                        <customfieldname>Development</customfieldname>
                        <customfieldvalues>
                            
                        </customfieldvalues>
                    </customfield>
                                                                                                                        <customfield id="customfield_12313422" key="com.atlassian.jirafisheyeplugin:jobcheckbox">
                        <customfieldname>Enable Automatic Patch Review</customfieldname>
                        <customfieldvalues>
                            <customfieldvalue><![CDATA[false]]></customfieldvalue>

                        </customfieldvalues>
                    </customfield>
                                                                                                                                                                                                                                                                                                                                                                                                                                                                                                                                                                                                                                                <customfield id="customfield_12310420" key="com.pyxis.greenhopper.jira:gh-global-rank">
                        <customfieldname>Global Rank</customfieldname>
                        <customfieldvalues>
                            <customfieldvalue>411982</customfieldvalue>
                        </customfieldvalues>
                    </customfield>
                                                                                                                                                                                                                                                                    <customfield id="customfield_12312521" key="com.atlassian.jira.toolkit:LastCommentDate">
                        <customfieldname>Last public comment date</customfieldname>
                        <customfieldvalues>
                            10 years, 3 weeks, 4 days ago
                        </customfieldvalues>
                    </customfield>
                                                                                                                                                                                                                                                                                                <customfield id="customfield_12311820" key="com.pyxis.greenhopper.jira:gh-lexo-rank">
                        <customfieldname>Rank</customfieldname>
                        <customfieldvalues>
                            <customfieldvalue>0|i1yvin:</customfieldvalue>

                        </customfieldvalues>
                    </customfield>
                                                                <customfield id="customfield_12310920" key="com.pyxis.greenhopper.jira:gh-global-rank">
                        <customfieldname>Rank (Obsolete)</customfieldname>
                        <customfieldvalues>
                            <customfieldvalue>411971</customfieldvalue>
                        </customfieldvalues>
                    </customfield>
                                                                                                                                                                                                                                                                                                                                                                                                                                                                                                                                                                                                                                                                                                                                                                                                                                                                                </customfields>
    </item>
</channel>
</rss>