<!-- 
RSS generated by JIRA (8.20.10#820010-sha1:ace47f9899e9ee25d7157d59aa17ab06aee30d3d) at Wed Nov 12 18:39:23 UTC 2025

It is possible to restrict the fields that are returned in this document by specifying the 'field' parameter in your request.
For example, to request only the issue key and summary append 'field=key&field=summary' to the URL of your request.
-->
<rss version="0.92" >
<channel>
    <title>ASF Jira</title>
    <link>https://issues.apache.org/jira</link>
    <description>This file is an XML representation of an issue</description>
    <language>en-uk</language>    <build-info>
        <version>8.20.10</version>
        <build-number>820010</build-number>
        <build-date>22-06-2022</build-date>
    </build-info>


<item>
            <title>[HIVE-11981] ORC Schema Evolution Issues (Vectorized, ACID, and Non-Vectorized)</title>
                <link>https://issues.apache.org/jira/browse/HIVE-11981</link>
                <project id="12310843" key="HIVE">Hive</project>
                    <description>&lt;p&gt;High priority issues with schema evolution for the ORC file format.&lt;/p&gt;

&lt;p&gt;Schema evolution here is limited to adding new columns and a few cases of column type-widening (e.g. int to bigint).&lt;/p&gt;

&lt;p&gt;Renaming columns, deleting column, moving columns and other schema evolution were not pursued due to lack of importance and lack of time.  Also, it appears a much more sophisticated metadata would be needed to support them.&lt;/p&gt;

&lt;p&gt;The biggest issues for users have been adding new columns for ACID table (&lt;a href=&quot;https://issues.apache.org/jira/browse/HIVE-11421&quot; title=&quot;Support Schema evolution for ACID tables&quot; class=&quot;issue-link&quot; data-issue-key=&quot;HIVE-11421&quot;&gt;&lt;del&gt;HIVE-11421&lt;/del&gt;&lt;/a&gt; Support Schema evolution for ACID tables) and vectorization (&lt;a href=&quot;https://issues.apache.org/jira/browse/HIVE-10598&quot; title=&quot;Vectorization borks when column is added to table.&quot; class=&quot;issue-link&quot; data-issue-key=&quot;HIVE-10598&quot;&gt;&lt;del&gt;HIVE-10598&lt;/del&gt;&lt;/a&gt; Vectorization borks when column is added to table).&lt;/p&gt;</description>
                <environment></environment>
        <key id="12901127">HIVE-11981</key>
            <summary>ORC Schema Evolution Issues (Vectorized, ACID, and Non-Vectorized)</summary>
                <type id="1" iconUrl="https://issues.apache.org/jira/secure/viewavatar?size=xsmall&amp;avatarId=21133&amp;avatarType=issuetype">Bug</type>
                                            <priority id="2" iconUrl="https://issues.apache.org/jira/images/icons/priorities/critical.svg">Critical</priority>
                        <status id="6" iconUrl="https://issues.apache.org/jira/images/icons/statuses/closed.png" description="The issue is considered finished, the resolution is correct. Issues which are not closed can be reopened.">Closed</status>
                    <statusCategory id="3" key="done" colorName="green"/>
                                    <resolution id="1">Fixed</resolution>
                                        <assignee username="mmccline">Matt McCline</assignee>
                                    <reporter username="mmccline">Matt McCline</reporter>
                        <labels>
                            <label>TODOC2.0</label>
                    </labels>
                <created>Mon, 28 Sep 2015 20:06:19 +0000</created>
                <updated>Tue, 10 Mar 2020 08:55:55 +0000</updated>
                            <resolved>Wed, 18 Nov 2015 14:53:30 +0000</resolved>
                                                    <fixVersion>2.0.0</fixVersion>
                                    <component>Hive</component>
                    <component>Transactions</component>
                        <due></due>
                            <votes>0</votes>
                                    <watches>24</watches>
                                                                                                                <comments>
                            <comment id="14949577" author="mmccline" created="Thu, 8 Oct 2015 23:08:23 +0000"  >&lt;p&gt;Give latest version a spin.&lt;/p&gt;</comment>
                            <comment id="14951973" author="hiveqa" created="Sat, 10 Oct 2015 18:21:15 +0000"  >

&lt;p&gt;&lt;font color=&quot;red&quot;&gt;Overall&lt;/font&gt;: -1 at least one tests failed&lt;/p&gt;

&lt;p&gt;Here are the results of testing the latest attachment:&lt;br/&gt;
&lt;a href=&quot;https://issues.apache.org/jira/secure/attachment/12765768/HIVE-11981.01.patch&quot; class=&quot;external-link&quot; rel=&quot;nofollow&quot;&gt;https://issues.apache.org/jira/secure/attachment/12765768/HIVE-11981.01.patch&lt;/a&gt;&lt;/p&gt;

&lt;p&gt;&lt;font color=&quot;green&quot;&gt;SUCCESS:&lt;/font&gt; +1 due to 7 test(s) being added or modified.&lt;/p&gt;

&lt;p&gt;&lt;font color=&quot;red&quot;&gt;ERROR:&lt;/font&gt; -1 due to 14 failed/errored test(s), 9662 tests executed&lt;br/&gt;
&lt;b&gt;Failed tests:&lt;/b&gt;&lt;/p&gt;
&lt;div class=&quot;preformatted panel&quot; style=&quot;border-width: 1px;&quot;&gt;&lt;div class=&quot;preformattedContent panelContent&quot;&gt;
&lt;pre&gt;org.apache.hadoop.hive.cli.TestCliDriver.testCliDriver_dynpart_sort_opt_vectorization
org.apache.hadoop.hive.cli.TestCliDriver.testCliDriver_dynpart_sort_optimization2
org.apache.hadoop.hive.cli.TestCliDriver.testCliDriver_schema_evol_text_nonvec_table
org.apache.hadoop.hive.cli.TestCliDriver.testCliDriver_vector_non_string_partition
org.apache.hadoop.hive.cli.TestCliDriver.testCliDriver_vector_partitioned_date_time
org.apache.hadoop.hive.cli.TestCliDriver.testCliDriver_vectorized_ptf
org.apache.hadoop.hive.cli.TestCliDriver.testCliDriver_windowing_streaming
org.apache.hadoop.hive.cli.TestMiniTezCliDriver.testCliDriver_mergejoin
org.apache.hadoop.hive.cli.TestMiniTezCliDriver.testCliDriver_tez_join_hash
org.apache.hadoop.hive.cli.TestMiniTezCliDriver.testCliDriver_vector_leftsemi_mapjoin
org.apache.hadoop.hive.cli.TestMiniTezCliDriver.testCliDriver_vectorized_ptf
org.apache.hadoop.hive.cli.TestSparkCliDriver.testCliDriver_vectorized_ptf
org.apache.hive.hcatalog.api.TestHCatClient.testTableSchemaPropagation
org.apache.hive.jdbc.TestSSL.testSSLVersion
&lt;/pre&gt;
&lt;/div&gt;&lt;/div&gt;

&lt;p&gt;Test results: &lt;a href=&quot;http://ec2-174-129-184-35.compute-1.amazonaws.com/jenkins/job/PreCommit-HIVE-TRUNK-Build/5598/testReport&quot; class=&quot;external-link&quot; target=&quot;_blank&quot; rel=&quot;nofollow noopener&quot;&gt;http://ec2-174-129-184-35.compute-1.amazonaws.com/jenkins/job/PreCommit-HIVE-TRUNK-Build/5598/testReport&lt;/a&gt;&lt;br/&gt;
Console output: &lt;a href=&quot;http://ec2-174-129-184-35.compute-1.amazonaws.com/jenkins/job/PreCommit-HIVE-TRUNK-Build/5598/console&quot; class=&quot;external-link&quot; target=&quot;_blank&quot; rel=&quot;nofollow noopener&quot;&gt;http://ec2-174-129-184-35.compute-1.amazonaws.com/jenkins/job/PreCommit-HIVE-TRUNK-Build/5598/console&lt;/a&gt;&lt;br/&gt;
Test logs: &lt;a href=&quot;http://ec2-174-129-184-35.compute-1.amazonaws.com/logs/PreCommit-HIVE-TRUNK-Build-5598/&quot; class=&quot;external-link&quot; target=&quot;_blank&quot; rel=&quot;nofollow noopener&quot;&gt;http://ec2-174-129-184-35.compute-1.amazonaws.com/logs/PreCommit-HIVE-TRUNK-Build-5598/&lt;/a&gt;&lt;/p&gt;

&lt;p&gt;Messages:&lt;/p&gt;
&lt;div class=&quot;preformatted panel&quot; style=&quot;border-width: 1px;&quot;&gt;&lt;div class=&quot;preformattedContent panelContent&quot;&gt;
&lt;pre&gt;Executing org.apache.hive.ptest.execution.TestCheckPhase
Executing org.apache.hive.ptest.execution.PrepPhase
Executing org.apache.hive.ptest.execution.ExecutionPhase
Executing org.apache.hive.ptest.execution.ReportingPhase
Tests exited with: TestsFailedException: 14 tests failed
&lt;/pre&gt;
&lt;/div&gt;&lt;/div&gt;

&lt;p&gt;This message is automatically generated.&lt;/p&gt;

&lt;p&gt;ATTACHMENT ID: 12765768 - PreCommit-HIVE-TRUNK-Build&lt;/p&gt;</comment>
                            <comment id="14953167" author="hiveqa" created="Mon, 12 Oct 2015 14:13:49 +0000"  >

&lt;p&gt;&lt;font color=&quot;red&quot;&gt;Overall&lt;/font&gt;: -1 at least one tests failed&lt;/p&gt;

&lt;p&gt;Here are the results of testing the latest attachment:&lt;br/&gt;
&lt;a href=&quot;https://issues.apache.org/jira/secure/attachment/12766101/HIVE-11981.02.patch&quot; class=&quot;external-link&quot; rel=&quot;nofollow&quot;&gt;https://issues.apache.org/jira/secure/attachment/12766101/HIVE-11981.02.patch&lt;/a&gt;&lt;/p&gt;

&lt;p&gt;&lt;font color=&quot;green&quot;&gt;SUCCESS:&lt;/font&gt; +1 due to 7 test(s) being added or modified.&lt;/p&gt;

&lt;p&gt;&lt;font color=&quot;red&quot;&gt;ERROR:&lt;/font&gt; -1 due to 16 failed/errored test(s), 9665 tests executed&lt;br/&gt;
&lt;b&gt;Failed tests:&lt;/b&gt;&lt;/p&gt;
&lt;div class=&quot;preformatted panel&quot; style=&quot;border-width: 1px;&quot;&gt;&lt;div class=&quot;preformattedContent panelContent&quot;&gt;
&lt;pre&gt;org.apache.hadoop.hive.cli.TestCliDriver.testCliDriver_orc_int_type_promotion
org.apache.hadoop.hive.cli.TestCliDriver.testCliDriver_smb_join_partition_key
org.apache.hadoop.hive.cli.TestCliDriver.testCliDriver_vector_auto_smb_mapjoin_14
org.apache.hadoop.hive.cli.TestCliDriver.testCliDriver_vectorized_bucketmapjoin1
org.apache.hadoop.hive.cli.TestCliDriver.testCliDriver_vectorized_ptf
org.apache.hadoop.hive.cli.TestCliDriver.testCliDriver_windowing_streaming
org.apache.hadoop.hive.cli.TestMiniTezCliDriver.testCliDriver_mergejoin
org.apache.hadoop.hive.cli.TestMiniTezCliDriver.testCliDriver_tez_join_hash
org.apache.hadoop.hive.cli.TestMiniTezCliDriver.testCliDriver_vector_auto_smb_mapjoin_14
org.apache.hadoop.hive.cli.TestMiniTezCliDriver.testCliDriver_vector_leftsemi_mapjoin
org.apache.hadoop.hive.cli.TestMiniTezCliDriver.testCliDriver_vectorized_ptf
org.apache.hadoop.hive.cli.TestSparkCliDriver.testCliDriver_vectorized_ptf
org.apache.hadoop.hive.ql.TestTxnCommands.testMultipleInserts
org.apache.hadoop.hive.ql.io.orc.TestInputOutputFormat.testVectorizationWithAcid
org.apache.hive.hcatalog.api.TestHCatClient.testTableSchemaPropagation
org.apache.hive.jdbc.TestSSL.testSSLVersion
&lt;/pre&gt;
&lt;/div&gt;&lt;/div&gt;

&lt;p&gt;Test results: &lt;a href=&quot;http://ec2-174-129-184-35.compute-1.amazonaws.com/jenkins/job/PreCommit-HIVE-TRUNK-Build/5619/testReport&quot; class=&quot;external-link&quot; target=&quot;_blank&quot; rel=&quot;nofollow noopener&quot;&gt;http://ec2-174-129-184-35.compute-1.amazonaws.com/jenkins/job/PreCommit-HIVE-TRUNK-Build/5619/testReport&lt;/a&gt;&lt;br/&gt;
Console output: &lt;a href=&quot;http://ec2-174-129-184-35.compute-1.amazonaws.com/jenkins/job/PreCommit-HIVE-TRUNK-Build/5619/console&quot; class=&quot;external-link&quot; target=&quot;_blank&quot; rel=&quot;nofollow noopener&quot;&gt;http://ec2-174-129-184-35.compute-1.amazonaws.com/jenkins/job/PreCommit-HIVE-TRUNK-Build/5619/console&lt;/a&gt;&lt;br/&gt;
Test logs: &lt;a href=&quot;http://ec2-174-129-184-35.compute-1.amazonaws.com/logs/PreCommit-HIVE-TRUNK-Build-5619/&quot; class=&quot;external-link&quot; target=&quot;_blank&quot; rel=&quot;nofollow noopener&quot;&gt;http://ec2-174-129-184-35.compute-1.amazonaws.com/logs/PreCommit-HIVE-TRUNK-Build-5619/&lt;/a&gt;&lt;/p&gt;

&lt;p&gt;Messages:&lt;/p&gt;
&lt;div class=&quot;preformatted panel&quot; style=&quot;border-width: 1px;&quot;&gt;&lt;div class=&quot;preformattedContent panelContent&quot;&gt;
&lt;pre&gt;Executing org.apache.hive.ptest.execution.TestCheckPhase
Executing org.apache.hive.ptest.execution.PrepPhase
Executing org.apache.hive.ptest.execution.ExecutionPhase
Executing org.apache.hive.ptest.execution.ReportingPhase
Tests exited with: TestsFailedException: 16 tests failed
&lt;/pre&gt;
&lt;/div&gt;&lt;/div&gt;

&lt;p&gt;This message is automatically generated.&lt;/p&gt;

&lt;p&gt;ATTACHMENT ID: 12766101 - PreCommit-HIVE-TRUNK-Build&lt;/p&gt;</comment>
                            <comment id="14957067" author="hiveqa" created="Wed, 14 Oct 2015 15:11:06 +0000"  >

&lt;p&gt;Here are the results of testing the latest attachment:&lt;br/&gt;
&lt;a href=&quot;https://issues.apache.org/jira/secure/attachment/12766480/HIVE-11981.03.patch&quot; class=&quot;external-link&quot; rel=&quot;nofollow&quot;&gt;https://issues.apache.org/jira/secure/attachment/12766480/HIVE-11981.03.patch&lt;/a&gt;&lt;/p&gt;

&lt;p&gt;&lt;font color=&quot;green&quot;&gt;SUCCESS:&lt;/font&gt; +1 due to 7 test(s) being added or modified.&lt;/p&gt;

&lt;p&gt;&lt;font color=&quot;red&quot;&gt;ERROR:&lt;/font&gt; -1 due to 19 failed/errored test(s), 9686 tests executed&lt;br/&gt;
&lt;b&gt;Failed tests:&lt;/b&gt;&lt;/p&gt;
&lt;div class=&quot;preformatted panel&quot; style=&quot;border-width: 1px;&quot;&gt;&lt;div class=&quot;preformattedContent panelContent&quot;&gt;
&lt;pre&gt;org.apache.hadoop.hive.cli.TestCliDriver.testCliDriver_stats_ppr_all
org.apache.hadoop.hive.cli.TestCliDriver.testCliDriver_vectorized_ptf
org.apache.hadoop.hive.cli.TestCliDriver.testCliDriver_windowing_streaming
org.apache.hadoop.hive.cli.TestMiniLlapCliDriver.testCliDriver_tez_join_hash
org.apache.hadoop.hive.cli.TestMiniTezCliDriver.testCliDriver_mergejoin
org.apache.hadoop.hive.cli.TestMiniTezCliDriver.testCliDriver_tez_join_hash
org.apache.hadoop.hive.cli.TestMiniTezCliDriver.testCliDriver_vector_leftsemi_mapjoin
org.apache.hadoop.hive.cli.TestMiniTezCliDriver.testCliDriver_vectorized_ptf
org.apache.hadoop.hive.cli.TestMinimrCliDriver.testCliDriver_schemeAuthority
org.apache.hadoop.hive.cli.TestSparkCliDriver.testCliDriver_vectorized_ptf
org.apache.hadoop.hive.ql.io.orc.TestInputOutputFormat.testVectorizationWithAcid
org.apache.hadoop.hive.ql.io.orc.TestOrcRawRecordMerger.testNewBase
org.apache.hadoop.hive.ql.txn.compactor.TestCompactor.majorCompactAfterAbort
org.apache.hadoop.hive.ql.txn.compactor.TestCompactor.majorCompactWhileStreaming
org.apache.hadoop.hive.ql.txn.compactor.TestCompactor.minorCompactAfterAbort
org.apache.hadoop.hive.ql.txn.compactor.TestCompactor.minorCompactWhileStreaming
org.apache.hadoop.hive.ql.txn.compactor.TestCompactor.testStatsAfterCompactionPartTbl
org.apache.hive.hcatalog.api.TestHCatClient.testTableSchemaPropagation
org.apache.hive.jdbc.TestSSL.testSSLVersion
&lt;/pre&gt;
&lt;/div&gt;&lt;/div&gt;

&lt;p&gt;Test results: &lt;a href=&quot;http://ec2-174-129-184-35.compute-1.amazonaws.com/jenkins/job/PreCommit-HIVE-TRUNK-Build/5646/testReport&quot; class=&quot;external-link&quot; target=&quot;_blank&quot; rel=&quot;nofollow noopener&quot;&gt;http://ec2-174-129-184-35.compute-1.amazonaws.com/jenkins/job/PreCommit-HIVE-TRUNK-Build/5646/testReport&lt;/a&gt;&lt;br/&gt;
Console output: &lt;a href=&quot;http://ec2-174-129-184-35.compute-1.amazonaws.com/jenkins/job/PreCommit-HIVE-TRUNK-Build/5646/console&quot; class=&quot;external-link&quot; target=&quot;_blank&quot; rel=&quot;nofollow noopener&quot;&gt;http://ec2-174-129-184-35.compute-1.amazonaws.com/jenkins/job/PreCommit-HIVE-TRUNK-Build/5646/console&lt;/a&gt;&lt;br/&gt;
Test logs: &lt;a href=&quot;http://ec2-174-129-184-35.compute-1.amazonaws.com/logs/PreCommit-HIVE-TRUNK-Build-5646/&quot; class=&quot;external-link&quot; target=&quot;_blank&quot; rel=&quot;nofollow noopener&quot;&gt;http://ec2-174-129-184-35.compute-1.amazonaws.com/logs/PreCommit-HIVE-TRUNK-Build-5646/&lt;/a&gt;&lt;/p&gt;

&lt;p&gt;Messages:&lt;/p&gt;
&lt;div class=&quot;preformatted panel&quot; style=&quot;border-width: 1px;&quot;&gt;&lt;div class=&quot;preformattedContent panelContent&quot;&gt;
&lt;pre&gt;Executing org.apache.hive.ptest.execution.TestCheckPhase
Executing org.apache.hive.ptest.execution.PrepPhase
Executing org.apache.hive.ptest.execution.ExecutionPhase
Executing org.apache.hive.ptest.execution.ReportingPhase
Tests exited with: TestsFailedException: 19 tests failed
&lt;/pre&gt;
&lt;/div&gt;&lt;/div&gt;

&lt;p&gt;This message is automatically generated.&lt;/p&gt;

&lt;p&gt;ATTACHMENT ID: 12766480 - PreCommit-HIVE-TRUNK-Build&lt;/p&gt;</comment>
                            <comment id="14959081" author="hiveqa" created="Thu, 15 Oct 2015 15:32:38 +0000"  >

&lt;p&gt;Here are the results of testing the latest attachment:&lt;br/&gt;
&lt;a href=&quot;https://issues.apache.org/jira/secure/attachment/12766709/HIVE-11981.05.patch&quot; class=&quot;external-link&quot; rel=&quot;nofollow&quot;&gt;https://issues.apache.org/jira/secure/attachment/12766709/HIVE-11981.05.patch&lt;/a&gt;&lt;/p&gt;

&lt;p&gt;&lt;font color=&quot;green&quot;&gt;SUCCESS:&lt;/font&gt; +1 due to 15 test(s) being added or modified.&lt;/p&gt;

&lt;p&gt;&lt;font color=&quot;red&quot;&gt;ERROR:&lt;/font&gt; -1 due to 14 failed/errored test(s), 9704 tests executed&lt;br/&gt;
&lt;b&gt;Failed tests:&lt;/b&gt;&lt;/p&gt;
&lt;div class=&quot;preformatted panel&quot; style=&quot;border-width: 1px;&quot;&gt;&lt;div class=&quot;preformattedContent panelContent&quot;&gt;
&lt;pre&gt;org.apache.hadoop.hive.cli.TestCliDriver.testCliDriver_schema_evol_orc_nonvec_fetchwork_table
org.apache.hadoop.hive.cli.TestCliDriver.testCliDriver_schema_evol_orc_nonvec_mapwork_table
org.apache.hadoop.hive.cli.TestCliDriver.testCliDriver_schema_evol_orc_vec_mapwork_table
org.apache.hadoop.hive.cli.TestCliDriver.testCliDriver_schema_evol_text_nonvec_fetchwork_table
org.apache.hadoop.hive.cli.TestCliDriver.testCliDriver_schema_evol_text_nonvec_mapwork_table
org.apache.hadoop.hive.cli.TestCliDriver.testCliDriver_stats_ppr_all
org.apache.hadoop.hive.ql.txn.compactor.TestCompactor.majorCompactAfterAbort
org.apache.hadoop.hive.ql.txn.compactor.TestCompactor.majorCompactWhileStreaming
org.apache.hadoop.hive.ql.txn.compactor.TestCompactor.minorCompactAfterAbort
org.apache.hadoop.hive.ql.txn.compactor.TestCompactor.minorCompactWhileStreaming
org.apache.hadoop.hive.ql.txn.compactor.TestCompactor.testStatsAfterCompactionPartTbl
org.apache.hive.hcatalog.api.TestHCatClient.testTableSchemaPropagation
org.apache.hive.jdbc.TestJdbcWithMiniHS2.testAddJarDataNucleusUnCaching
org.apache.hive.jdbc.TestSSL.testSSLVersion
&lt;/pre&gt;
&lt;/div&gt;&lt;/div&gt;

&lt;p&gt;Test results: &lt;a href=&quot;http://ec2-174-129-184-35.compute-1.amazonaws.com/jenkins/job/PreCommit-HIVE-TRUNK-Build/5662/testReport&quot; class=&quot;external-link&quot; target=&quot;_blank&quot; rel=&quot;nofollow noopener&quot;&gt;http://ec2-174-129-184-35.compute-1.amazonaws.com/jenkins/job/PreCommit-HIVE-TRUNK-Build/5662/testReport&lt;/a&gt;&lt;br/&gt;
Console output: &lt;a href=&quot;http://ec2-174-129-184-35.compute-1.amazonaws.com/jenkins/job/PreCommit-HIVE-TRUNK-Build/5662/console&quot; class=&quot;external-link&quot; target=&quot;_blank&quot; rel=&quot;nofollow noopener&quot;&gt;http://ec2-174-129-184-35.compute-1.amazonaws.com/jenkins/job/PreCommit-HIVE-TRUNK-Build/5662/console&lt;/a&gt;&lt;br/&gt;
Test logs: &lt;a href=&quot;http://ec2-174-129-184-35.compute-1.amazonaws.com/logs/PreCommit-HIVE-TRUNK-Build-5662/&quot; class=&quot;external-link&quot; target=&quot;_blank&quot; rel=&quot;nofollow noopener&quot;&gt;http://ec2-174-129-184-35.compute-1.amazonaws.com/logs/PreCommit-HIVE-TRUNK-Build-5662/&lt;/a&gt;&lt;/p&gt;

&lt;p&gt;Messages:&lt;/p&gt;
&lt;div class=&quot;preformatted panel&quot; style=&quot;border-width: 1px;&quot;&gt;&lt;div class=&quot;preformattedContent panelContent&quot;&gt;
&lt;pre&gt;Executing org.apache.hive.ptest.execution.TestCheckPhase
Executing org.apache.hive.ptest.execution.PrepPhase
Executing org.apache.hive.ptest.execution.ExecutionPhase
Executing org.apache.hive.ptest.execution.ReportingPhase
Tests exited with: TestsFailedException: 14 tests failed
&lt;/pre&gt;
&lt;/div&gt;&lt;/div&gt;

&lt;p&gt;This message is automatically generated.&lt;/p&gt;

&lt;p&gt;ATTACHMENT ID: 12766709 - PreCommit-HIVE-TRUNK-Build&lt;/p&gt;</comment>
                            <comment id="14961961" author="hiveqa" created="Sat, 17 Oct 2015 16:11:29 +0000"  >

&lt;p&gt;Here are the results of testing the latest attachment:&lt;br/&gt;
&lt;a href=&quot;https://issues.apache.org/jira/secure/attachment/12767005/HIVE-11981.06.patch&quot; class=&quot;external-link&quot; rel=&quot;nofollow&quot;&gt;https://issues.apache.org/jira/secure/attachment/12767005/HIVE-11981.06.patch&lt;/a&gt;&lt;/p&gt;

&lt;p&gt;&lt;font color=&quot;red&quot;&gt;ERROR:&lt;/font&gt; -1 due to build exiting with an error&lt;/p&gt;

&lt;p&gt;Test results: &lt;a href=&quot;http://ec2-174-129-184-35.compute-1.amazonaws.com/jenkins/job/PreCommit-HIVE-TRUNK-Build/5691/testReport&quot; class=&quot;external-link&quot; target=&quot;_blank&quot; rel=&quot;nofollow noopener&quot;&gt;http://ec2-174-129-184-35.compute-1.amazonaws.com/jenkins/job/PreCommit-HIVE-TRUNK-Build/5691/testReport&lt;/a&gt;&lt;br/&gt;
Console output: &lt;a href=&quot;http://ec2-174-129-184-35.compute-1.amazonaws.com/jenkins/job/PreCommit-HIVE-TRUNK-Build/5691/console&quot; class=&quot;external-link&quot; target=&quot;_blank&quot; rel=&quot;nofollow noopener&quot;&gt;http://ec2-174-129-184-35.compute-1.amazonaws.com/jenkins/job/PreCommit-HIVE-TRUNK-Build/5691/console&lt;/a&gt;&lt;br/&gt;
Test logs: &lt;a href=&quot;http://ec2-174-129-184-35.compute-1.amazonaws.com/logs/PreCommit-HIVE-TRUNK-Build-5691/&quot; class=&quot;external-link&quot; target=&quot;_blank&quot; rel=&quot;nofollow noopener&quot;&gt;http://ec2-174-129-184-35.compute-1.amazonaws.com/logs/PreCommit-HIVE-TRUNK-Build-5691/&lt;/a&gt;&lt;/p&gt;

&lt;p&gt;Messages:&lt;/p&gt;
&lt;div class=&quot;preformatted panel&quot; style=&quot;border-width: 1px;&quot;&gt;&lt;div class=&quot;preformattedContent panelContent&quot;&gt;
&lt;pre&gt;Executing org.apache.hive.ptest.execution.TestCheckPhase
Executing org.apache.hive.ptest.execution.PrepPhase
Tests exited with: NonZeroExitCodeException
Command &apos;bash /data/hive-ptest/working/scratch/source-prep.sh&apos; failed with exit status 1 and output &apos;+ [[ -n /usr/java/jdk1.7.0_45-cloudera ]]
+ export JAVA_HOME=/usr/java/jdk1.7.0_45-cloudera
+ JAVA_HOME=/usr/java/jdk1.7.0_45-cloudera
+ export PATH=/usr/java/jdk1.7.0_45-cloudera/bin/:/usr/java/jdk1.7.0_45-cloudera/bin:/usr/local/apache-maven-3.0.5/bin:/usr/local/apache-maven-3.0.5/bin:/usr/java/jdk1.7.0_45-cloudera/bin:/usr/local/apache-ant-1.9.1/bin:/usr/local/bin:/bin:/usr/bin:/usr/local/sbin:/usr/sbin:/sbin:/home/hiveptest/bin
+ PATH=/usr/java/jdk1.7.0_45-cloudera/bin/:/usr/java/jdk1.7.0_45-cloudera/bin:/usr/local/apache-maven-3.0.5/bin:/usr/local/apache-maven-3.0.5/bin:/usr/java/jdk1.7.0_45-cloudera/bin:/usr/local/apache-ant-1.9.1/bin:/usr/local/bin:/bin:/usr/bin:/usr/local/sbin:/usr/sbin:/sbin:/home/hiveptest/bin
+ export &apos;ANT_OPTS=-Xmx1g -XX:MaxPermSize=256m &apos;
+ ANT_OPTS=&apos;-Xmx1g -XX:MaxPermSize=256m &apos;
+ export &apos;M2_OPTS=-Xmx1g -XX:MaxPermSize=256m -Dhttp.proxyHost=localhost -Dhttp.proxyPort=3128&apos;
+ M2_OPTS=&apos;-Xmx1g -XX:MaxPermSize=256m -Dhttp.proxyHost=localhost -Dhttp.proxyPort=3128&apos;
+ cd /data/hive-ptest/working/
+ tee /data/hive-ptest/logs/PreCommit-HIVE-TRUNK-Build-5691/source-prep.txt
+ [[ false == \t\r\u\e ]]
+ mkdir -p maven ivy
+ [[ git = \s\v\n ]]
+ [[ git = \g\i\t ]]
+ [[ -z master ]]
+ [[ -d apache-github-source-source ]]
+ [[ ! -d apache-github-source-source/.git ]]
+ [[ ! -d apache-github-source-source ]]
+ cd apache-github-source-source
+ git fetch origin
+ git reset --hard HEAD
HEAD is now at ec07664 HIVE-12083 : HIVE-10965 introduces thrift error if partNames or colNames are empty (Sushanth Sowmyan, reviewed by Thejas Nair)
+ git clean -f -d
+ git checkout master
Already on &apos;master&apos;
+ git reset --hard origin/master
HEAD is now at ec07664 HIVE-12083 : HIVE-10965 introduces thrift error if partNames or colNames are empty (Sushanth Sowmyan, reviewed by Thejas Nair)
+ git merge --ff-only origin/master
Already up-to-date.
+ git gc
+ patchCommandPath=/data/hive-ptest/working/scratch/smart-apply-patch.sh
+ patchFilePath=/data/hive-ptest/working/scratch/build.patch
+ [[ -f /data/hive-ptest/working/scratch/build.patch ]]
+ chmod +x /data/hive-ptest/working/scratch/smart-apply-patch.sh
+ /data/hive-ptest/working/scratch/smart-apply-patch.sh /data/hive-ptest/working/scratch/build.patch
Going to apply patch with: patch -p0
patching file common/src/java/org/apache/hadoop/hive/conf/HiveConf.java
patching file itests/src/test/resources/testconfiguration.properties
patching file llap-server/src/java/org/apache/hadoop/hive/llap/io/api/impl/LlapInputFormat.java
patching file ql/src/java/org/apache/hadoop/hive/ql/exec/FetchOperator.java
patching file ql/src/java/org/apache/hadoop/hive/ql/exec/MapOperator.java
patching file ql/src/java/org/apache/hadoop/hive/ql/exec/TableScanOperator.java
patching file ql/src/java/org/apache/hadoop/hive/ql/exec/Utilities.java
patching file ql/src/java/org/apache/hadoop/hive/ql/exec/spark/SparkReduceRecordHandler.java
patching file ql/src/java/org/apache/hadoop/hive/ql/exec/tez/ReduceRecordProcessor.java
patching file ql/src/java/org/apache/hadoop/hive/ql/exec/tez/ReduceRecordSource.java
patching file ql/src/java/org/apache/hadoop/hive/ql/exec/vector/VectorExtractRow.java
patching file ql/src/java/org/apache/hadoop/hive/ql/exec/vector/VectorGroupByOperator.java
patching file ql/src/java/org/apache/hadoop/hive/ql/exec/vector/VectorMapJoinBaseOperator.java
patching file ql/src/java/org/apache/hadoop/hive/ql/exec/vector/VectorSMBMapJoinOperator.java
patching file ql/src/java/org/apache/hadoop/hive/ql/exec/vector/VectorizationContext.java
Hunk #7 succeeded at 1043 (offset 1 line).
Hunk #8 succeeded at 2349 (offset 2 lines).
Hunk #9 succeeded at 2464 (offset 2 lines).
Hunk #10 succeeded at 2490 (offset 2 lines).
patching file ql/src/java/org/apache/hadoop/hive/ql/exec/vector/VectorizedBatchUtil.java
patching file ql/src/java/org/apache/hadoop/hive/ql/exec/vector/VectorizedRowBatchCtx.java
patching file ql/src/java/org/apache/hadoop/hive/ql/exec/vector/mapjoin/VectorMapJoinCommonOperator.java
patching file ql/src/java/org/apache/hadoop/hive/ql/io/AcidInputFormat.java
patching file ql/src/java/org/apache/hadoop/hive/ql/io/HiveInputFormat.java
patching file ql/src/java/org/apache/hadoop/hive/ql/io/IOConstants.java
patching file ql/src/java/org/apache/hadoop/hive/ql/io/VectorizedRCFileInputFormat.java
patching file ql/src/java/org/apache/hadoop/hive/ql/io/VectorizedRCFileRecordReader.java
patching file ql/src/java/org/apache/hadoop/hive/ql/io/orc/ConversionTreeReaderFactory.java
patching file ql/src/java/org/apache/hadoop/hive/ql/io/orc/OrcInputFormat.java
Hunk #1 succeeded at 1066 (offset 4 lines).
Hunk #2 succeeded at 1394 (offset 7 lines).
patching file ql/src/java/org/apache/hadoop/hive/ql/io/orc/OrcRawRecordMerger.java
patching file ql/src/java/org/apache/hadoop/hive/ql/io/orc/Reader.java
patching file ql/src/java/org/apache/hadoop/hive/ql/io/orc/ReaderImpl.java
patching file ql/src/java/org/apache/hadoop/hive/ql/io/orc/RecordReaderFactory.java
patching file ql/src/java/org/apache/hadoop/hive/ql/io/orc/RecordReaderImpl.java
patching file ql/src/java/org/apache/hadoop/hive/ql/io/orc/SchemaEvolution.java
patching file ql/src/java/org/apache/hadoop/hive/ql/io/orc/TreeReaderFactory.java
patching file ql/src/java/org/apache/hadoop/hive/ql/io/orc/VectorizedOrcAcidRowReader.java
patching file ql/src/java/org/apache/hadoop/hive/ql/io/orc/VectorizedOrcInputFormat.java
patching file ql/src/java/org/apache/hadoop/hive/ql/io/orc/encoded/ReaderImpl.java
patching file ql/src/java/org/apache/hadoop/hive/ql/io/parquet/VectorizedParquetInputFormat.java
patching file ql/src/java/org/apache/hadoop/hive/ql/optimizer/GenMapRedUtils.java
patching file ql/src/java/org/apache/hadoop/hive/ql/optimizer/SimpleFetchOptimizer.java
patching file ql/src/java/org/apache/hadoop/hive/ql/optimizer/physical/Vectorizer.java
Hunk #6 succeeded at 314 (offset 1 line).
Hunk #7 succeeded at 396 (offset 1 line).
Hunk #8 succeeded at 410 (offset 1 line).
Hunk #9 succeeded at 767 (offset 1 line).
Hunk #10 succeeded at 784 (offset 1 line).
Hunk #11 succeeded at 796 (offset 1 line).
Hunk #12 succeeded at 832 (offset 1 line).
Hunk #13 succeeded at 843 (offset 1 line).
Hunk #14 succeeded at 855 (offset 1 line).
Hunk #15 succeeded at 885 (offset 1 line).
Hunk #16 succeeded at 896 (offset 1 line).
Hunk #17 succeeded at 911 (offset 1 line).
Hunk #18 succeeded at 981 (offset 1 line).
Hunk #19 succeeded at 1054 (offset 1 line).
Hunk #20 succeeded at 1076 (offset 1 line).
Hunk #21 succeeded at 1117 (offset 1 line).
Hunk #22 succeeded at 1127 (offset 1 line).
Hunk #23 succeeded at 1147 (offset 1 line).
Hunk #24 succeeded at 1215 (offset 1 line).
Hunk #25 succeeded at 1769 (offset 1 line).
Hunk #26 succeeded at 2127 (offset 1 line).
patching file ql/src/java/org/apache/hadoop/hive/ql/optimizer/physical/Vectorizer.java.orig
Reversed (or previously applied) patch detected!  Assume -R? [n] 
Apply anyway? [n] 
Skipping patch.
1 out of 1 hunk ignored -- saving rejects to file ql/src/java/org/apache/hadoop/hive/ql/optimizer/physical/Vectorizer.java.orig.rej
patching file ql/src/java/org/apache/hadoop/hive/ql/plan/BaseWork.java
patching file ql/src/java/org/apache/hadoop/hive/ql/plan/PartitionDesc.java
patching file ql/src/java/org/apache/hadoop/hive/ql/plan/VectorPartitionConversion.java
patching file ql/src/java/org/apache/hadoop/hive/ql/plan/VectorPartitionDesc.java
patching file ql/src/test/org/apache/hadoop/hive/ql/exec/vector/TestVectorRowObject.java
patching file ql/src/test/org/apache/hadoop/hive/ql/exec/vector/TestVectorSerDeRow.java
patching file ql/src/test/org/apache/hadoop/hive/ql/exec/vector/TestVectorizedRowBatchCtx.java
patching file ql/src/test/org/apache/hadoop/hive/ql/io/orc/TestInputOutputFormat.java
patching file ql/src/test/org/apache/hadoop/hive/ql/io/orc/TestOrcRawRecordMerger.java
patching file ql/src/test/queries/clientpositive/schema_evol_orc_acid_mapwork_part.q
patching file ql/src/test/queries/clientpositive/schema_evol_orc_nonvec_fetchwork_part.q
patching file ql/src/test/queries/clientpositive/schema_evol_orc_nonvec_fetchwork_table.q
patching file ql/src/test/queries/clientpositive/schema_evol_orc_nonvec_mapwork_part.q
patching file ql/src/test/queries/clientpositive/schema_evol_orc_nonvec_mapwork_table.q
patching file ql/src/test/queries/clientpositive/schema_evol_orc_vec_mapwork_part.q
patching file ql/src/test/queries/clientpositive/schema_evol_orc_vec_mapwork_table.q
patching file ql/src/test/queries/clientpositive/schema_evol_text_nonvec_fetchwork_part.q
patching file ql/src/test/queries/clientpositive/schema_evol_text_nonvec_fetchwork_table.q
patching file ql/src/test/queries/clientpositive/schema_evol_text_nonvec_mapwork_part.q
patching file ql/src/test/queries/clientpositive/schema_evol_text_nonvec_mapwork_table.q
patching file ql/src/test/results/clientpositive/schema_evol_orc_acid_mapwork_part.q.out
patching file ql/src/test/results/clientpositive/schema_evol_orc_nonvec_fetchwork_part.q.out
patching file ql/src/test/results/clientpositive/schema_evol_orc_nonvec_fetchwork_table.q.out
patching file ql/src/test/results/clientpositive/schema_evol_orc_nonvec_mapwork_part.q.out
patching file ql/src/test/results/clientpositive/schema_evol_orc_nonvec_mapwork_table.q.out
patching file ql/src/test/results/clientpositive/schema_evol_orc_vec_mapwork_part.q.out
patching file ql/src/test/results/clientpositive/schema_evol_orc_vec_mapwork_table.q.out
patching file ql/src/test/results/clientpositive/schema_evol_text_nonvec_fetchwork_part.q.out
patching file ql/src/test/results/clientpositive/schema_evol_text_nonvec_fetchwork_table.q.out
patching file ql/src/test/results/clientpositive/schema_evol_text_nonvec_mapwork_part.q.out
patching file ql/src/test/results/clientpositive/schema_evol_text_nonvec_mapwork_table.q.out
patching file ql/src/test/results/clientpositive/stats_ppr_all.q.out
patching file ql/src/test/results/clientpositive/tez/schema_evol_orc_acid_mapwork_part.q.out
patching file ql/src/test/results/clientpositive/tez/schema_evol_orc_nonvec_fetchwork_part.q.out
patching file ql/src/test/results/clientpositive/tez/schema_evol_orc_nonvec_fetchwork_table.q.out
patching file ql/src/test/results/clientpositive/tez/schema_evol_orc_nonvec_mapwork_part.q.out
patching file ql/src/test/results/clientpositive/tez/schema_evol_orc_nonvec_mapwork_table.q.out
patching file ql/src/test/results/clientpositive/tez/schema_evol_orc_vec_mapwork_part.q.out
patching file ql/src/test/results/clientpositive/tez/schema_evol_orc_vec_mapwork_table.q.out
patching file ql/src/test/results/clientpositive/tez/schema_evol_text_nonvec_fetchwork_part.q.out
patching file ql/src/test/results/clientpositive/tez/schema_evol_text_nonvec_fetchwork_table.q.out
patching file ql/src/test/results/clientpositive/tez/schema_evol_text_nonvec_mapwork_part.q.out
patching file ql/src/test/results/clientpositive/tez/schema_evol_text_nonvec_mapwork_table.q.out
patching file storage-api/src/java/org/apache/hadoop/hive/ql/exec/vector/VectorizedRowBatch.java
+ exit 1
&apos;
&lt;/pre&gt;
&lt;/div&gt;&lt;/div&gt;

&lt;p&gt;This message is automatically generated.&lt;/p&gt;

&lt;p&gt;ATTACHMENT ID: 12767005 - PreCommit-HIVE-TRUNK-Build&lt;/p&gt;</comment>
                            <comment id="14962128" author="mmccline" created="Sun, 18 Oct 2015 00:10:10 +0000"  >&lt;p&gt;Didn&apos;t build &amp;#8211; rebase and try again.&lt;/p&gt;</comment>
                            <comment id="14962192" author="hiveqa" created="Sun, 18 Oct 2015 05:43:25 +0000"  >

&lt;p&gt;Here are the results of testing the latest attachment:&lt;br/&gt;
&lt;a href=&quot;https://issues.apache.org/jira/secure/attachment/12767233/HIVE-11981.07.patch&quot; class=&quot;external-link&quot; rel=&quot;nofollow&quot;&gt;https://issues.apache.org/jira/secure/attachment/12767233/HIVE-11981.07.patch&lt;/a&gt;&lt;/p&gt;

&lt;p&gt;&lt;font color=&quot;green&quot;&gt;SUCCESS:&lt;/font&gt; +1 due to 15 test(s) being added or modified.&lt;/p&gt;

&lt;p&gt;&lt;font color=&quot;red&quot;&gt;ERROR:&lt;/font&gt; -1 due to 10 failed/errored test(s), 9718 tests executed&lt;br/&gt;
&lt;b&gt;Failed tests:&lt;/b&gt;&lt;/p&gt;
&lt;div class=&quot;preformatted panel&quot; style=&quot;border-width: 1px;&quot;&gt;&lt;div class=&quot;preformattedContent panelContent&quot;&gt;
&lt;pre&gt;org.apache.hadoop.hive.cli.TestCliDriver.testCliDriver_stats_ppr_all
org.apache.hadoop.hive.cli.TestCliDriver.testCliDriver_udf_explode
org.apache.hadoop.hive.cli.TestCliDriver.testCliDriver_udtf_explode
org.apache.hadoop.hive.ql.txn.compactor.TestCompactor.majorCompactAfterAbort
org.apache.hadoop.hive.ql.txn.compactor.TestCompactor.majorCompactWhileStreaming
org.apache.hadoop.hive.ql.txn.compactor.TestCompactor.minorCompactAfterAbort
org.apache.hadoop.hive.ql.txn.compactor.TestCompactor.minorCompactWhileStreaming
org.apache.hadoop.hive.ql.txn.compactor.TestCompactor.testStatsAfterCompactionPartTbl
org.apache.hive.hcatalog.api.TestHCatClient.testTableSchemaPropagation
org.apache.hive.jdbc.TestSSL.testSSLVersion
&lt;/pre&gt;
&lt;/div&gt;&lt;/div&gt;

&lt;p&gt;Test results: &lt;a href=&quot;http://ec2-174-129-184-35.compute-1.amazonaws.com/jenkins/job/PreCommit-HIVE-TRUNK-Build/5700/testReport&quot; class=&quot;external-link&quot; target=&quot;_blank&quot; rel=&quot;nofollow noopener&quot;&gt;http://ec2-174-129-184-35.compute-1.amazonaws.com/jenkins/job/PreCommit-HIVE-TRUNK-Build/5700/testReport&lt;/a&gt;&lt;br/&gt;
Console output: &lt;a href=&quot;http://ec2-174-129-184-35.compute-1.amazonaws.com/jenkins/job/PreCommit-HIVE-TRUNK-Build/5700/console&quot; class=&quot;external-link&quot; target=&quot;_blank&quot; rel=&quot;nofollow noopener&quot;&gt;http://ec2-174-129-184-35.compute-1.amazonaws.com/jenkins/job/PreCommit-HIVE-TRUNK-Build/5700/console&lt;/a&gt;&lt;br/&gt;
Test logs: &lt;a href=&quot;http://ec2-174-129-184-35.compute-1.amazonaws.com/logs/PreCommit-HIVE-TRUNK-Build-5700/&quot; class=&quot;external-link&quot; target=&quot;_blank&quot; rel=&quot;nofollow noopener&quot;&gt;http://ec2-174-129-184-35.compute-1.amazonaws.com/logs/PreCommit-HIVE-TRUNK-Build-5700/&lt;/a&gt;&lt;/p&gt;

&lt;p&gt;Messages:&lt;/p&gt;
&lt;div class=&quot;preformatted panel&quot; style=&quot;border-width: 1px;&quot;&gt;&lt;div class=&quot;preformattedContent panelContent&quot;&gt;
&lt;pre&gt;Executing org.apache.hive.ptest.execution.TestCheckPhase
Executing org.apache.hive.ptest.execution.PrepPhase
Executing org.apache.hive.ptest.execution.ExecutionPhase
Executing org.apache.hive.ptest.execution.ReportingPhase
Tests exited with: TestsFailedException: 10 tests failed
&lt;/pre&gt;
&lt;/div&gt;&lt;/div&gt;

&lt;p&gt;This message is automatically generated.&lt;/p&gt;

&lt;p&gt;ATTACHMENT ID: 12767233 - PreCommit-HIVE-TRUNK-Build&lt;/p&gt;</comment>
                            <comment id="14969214" author="hiveqa" created="Thu, 22 Oct 2015 14:17:01 +0000"  >

&lt;p&gt;Here are the results of testing the latest attachment:&lt;br/&gt;
&lt;a href=&quot;https://issues.apache.org/jira/secure/attachment/12767920/HIVE-11981.08.patch&quot; class=&quot;external-link&quot; rel=&quot;nofollow&quot;&gt;https://issues.apache.org/jira/secure/attachment/12767920/HIVE-11981.08.patch&lt;/a&gt;&lt;/p&gt;

&lt;p&gt;&lt;font color=&quot;green&quot;&gt;SUCCESS:&lt;/font&gt; +1 due to 16 test(s) being added or modified.&lt;/p&gt;

&lt;p&gt;&lt;font color=&quot;red&quot;&gt;ERROR:&lt;/font&gt; -1 due to 8 failed/errored test(s), 9719 tests executed&lt;br/&gt;
&lt;b&gt;Failed tests:&lt;/b&gt;&lt;/p&gt;
&lt;div class=&quot;preformatted panel&quot; style=&quot;border-width: 1px;&quot;&gt;&lt;div class=&quot;preformattedContent panelContent&quot;&gt;
&lt;pre&gt;org.apache.hadoop.hive.cli.TestCliDriver.testCliDriver_stats_ppr_all
org.apache.hadoop.hive.ql.txn.compactor.TestCompactor.majorCompactAfterAbort
org.apache.hadoop.hive.ql.txn.compactor.TestCompactor.majorCompactWhileStreaming
org.apache.hadoop.hive.ql.txn.compactor.TestCompactor.minorCompactAfterAbort
org.apache.hadoop.hive.ql.txn.compactor.TestCompactor.minorCompactWhileStreaming
org.apache.hadoop.hive.ql.txn.compactor.TestCompactor.testStatsAfterCompactionPartTbl
org.apache.hive.hcatalog.api.TestHCatClient.testTableSchemaPropagation
org.apache.hive.jdbc.TestSSL.testSSLVersion
&lt;/pre&gt;
&lt;/div&gt;&lt;/div&gt;

&lt;p&gt;Test results: &lt;a href=&quot;http://ec2-174-129-184-35.compute-1.amazonaws.com/jenkins/job/PreCommit-HIVE-TRUNK-Build/5735/testReport&quot; class=&quot;external-link&quot; target=&quot;_blank&quot; rel=&quot;nofollow noopener&quot;&gt;http://ec2-174-129-184-35.compute-1.amazonaws.com/jenkins/job/PreCommit-HIVE-TRUNK-Build/5735/testReport&lt;/a&gt;&lt;br/&gt;
Console output: &lt;a href=&quot;http://ec2-174-129-184-35.compute-1.amazonaws.com/jenkins/job/PreCommit-HIVE-TRUNK-Build/5735/console&quot; class=&quot;external-link&quot; target=&quot;_blank&quot; rel=&quot;nofollow noopener&quot;&gt;http://ec2-174-129-184-35.compute-1.amazonaws.com/jenkins/job/PreCommit-HIVE-TRUNK-Build/5735/console&lt;/a&gt;&lt;br/&gt;
Test logs: &lt;a href=&quot;http://ec2-174-129-184-35.compute-1.amazonaws.com/logs/PreCommit-HIVE-TRUNK-Build-5735/&quot; class=&quot;external-link&quot; target=&quot;_blank&quot; rel=&quot;nofollow noopener&quot;&gt;http://ec2-174-129-184-35.compute-1.amazonaws.com/logs/PreCommit-HIVE-TRUNK-Build-5735/&lt;/a&gt;&lt;/p&gt;

&lt;p&gt;Messages:&lt;/p&gt;
&lt;div class=&quot;preformatted panel&quot; style=&quot;border-width: 1px;&quot;&gt;&lt;div class=&quot;preformattedContent panelContent&quot;&gt;
&lt;pre&gt;Executing org.apache.hive.ptest.execution.TestCheckPhase
Executing org.apache.hive.ptest.execution.PrepPhase
Executing org.apache.hive.ptest.execution.ExecutionPhase
Executing org.apache.hive.ptest.execution.ReportingPhase
Tests exited with: TestsFailedException: 8 tests failed
&lt;/pre&gt;
&lt;/div&gt;&lt;/div&gt;

&lt;p&gt;This message is automatically generated.&lt;/p&gt;

&lt;p&gt;ATTACHMENT ID: 12767920 - PreCommit-HIVE-TRUNK-Build&lt;/p&gt;</comment>
                            <comment id="14971420" author="prasanth_j" created="Fri, 23 Oct 2015 17:33:07 +0000"  >&lt;p&gt;&lt;a href=&quot;https://issues.apache.org/jira/secure/ViewProfile.jspa?name=mmccline&quot; class=&quot;user-hover&quot; rel=&quot;mmccline&quot;&gt;mmccline&lt;/a&gt; As discussed, I feel like the reader side changes to ORC are intrusive and I don&apos;t think we need that many changes  to null out the additional columns that are being read. Your latest patch doesn&apos;t seem to address those changes. Ideally we should have OrcInputFormat add add additional columns to OrcStruct when it creates RecordReader. RecordReaderImpl should just fill those columns with nulls (for OrcStruct reuse) when reading old files that has missing columns.&lt;/p&gt;</comment>
                            <comment id="14971476" author="prasanth_j" created="Fri, 23 Oct 2015 17:59:26 +0000"  >&lt;p&gt;This is what I expect to see in TreeReaderFactory (please let me know if I am missing some feature that requires more changes to reader)&lt;/p&gt;

&lt;div class=&quot;code panel&quot; style=&quot;border-width: 1px;&quot;&gt;&lt;div class=&quot;codeContent panelContent&quot;&gt;
&lt;pre class=&quot;code-java&quot;&gt;&lt;span class=&quot;code-object&quot;&gt;Object&lt;/span&gt; next(&lt;span class=&quot;code-object&quot;&gt;Object&lt;/span&gt; previous) {
..
&lt;span class=&quot;code-object&quot;&gt;Object&lt;/span&gt; result = &lt;span class=&quot;code-keyword&quot;&gt;null&lt;/span&gt;;
&lt;span class=&quot;code-keyword&quot;&gt;if&lt;/span&gt; (previous == &lt;span class=&quot;code-keyword&quot;&gt;null&lt;/span&gt;) {
  result = &lt;span class=&quot;code-keyword&quot;&gt;new&lt;/span&gt; OrcStruct(columnCount); &lt;span class=&quot;code-comment&quot;&gt;// &lt;span class=&quot;code-keyword&quot;&gt;this&lt;/span&gt; should be from file metadata as we don&apos;t what schema that reader what hence we use file schema column count (hive does not use &lt;span class=&quot;code-keyword&quot;&gt;this&lt;/span&gt; codepath)
&lt;/span&gt;} &lt;span class=&quot;code-keyword&quot;&gt;else&lt;/span&gt; {
  &lt;span class=&quot;code-comment&quot;&gt;// here we fill all the columns from the underlying file schema. If we see more columns in the provided OrcStruct then we just &lt;span class=&quot;code-keyword&quot;&gt;null&lt;/span&gt; it out
&lt;/span&gt;}
..
}
&lt;/pre&gt;
&lt;/div&gt;&lt;/div&gt;</comment>
                            <comment id="14972011" author="hiveqa" created="Fri, 23 Oct 2015 22:33:28 +0000"  >

&lt;p&gt;Here are the results of testing the latest attachment:&lt;br/&gt;
&lt;a href=&quot;https://issues.apache.org/jira/secure/attachment/12768225/HIVE-11981.09.patch&quot; class=&quot;external-link&quot; rel=&quot;nofollow&quot;&gt;https://issues.apache.org/jira/secure/attachment/12768225/HIVE-11981.09.patch&lt;/a&gt;&lt;/p&gt;

&lt;p&gt;&lt;font color=&quot;red&quot;&gt;ERROR:&lt;/font&gt; -1 due to build exiting with an error&lt;/p&gt;

&lt;p&gt;Test results: &lt;a href=&quot;http://ec2-174-129-184-35.compute-1.amazonaws.com/jenkins/job/PreCommit-HIVE-TRUNK-Build/5761/testReport&quot; class=&quot;external-link&quot; target=&quot;_blank&quot; rel=&quot;nofollow noopener&quot;&gt;http://ec2-174-129-184-35.compute-1.amazonaws.com/jenkins/job/PreCommit-HIVE-TRUNK-Build/5761/testReport&lt;/a&gt;&lt;br/&gt;
Console output: &lt;a href=&quot;http://ec2-174-129-184-35.compute-1.amazonaws.com/jenkins/job/PreCommit-HIVE-TRUNK-Build/5761/console&quot; class=&quot;external-link&quot; target=&quot;_blank&quot; rel=&quot;nofollow noopener&quot;&gt;http://ec2-174-129-184-35.compute-1.amazonaws.com/jenkins/job/PreCommit-HIVE-TRUNK-Build/5761/console&lt;/a&gt;&lt;br/&gt;
Test logs: &lt;a href=&quot;http://ec2-174-129-184-35.compute-1.amazonaws.com/logs/PreCommit-HIVE-TRUNK-Build-5761/&quot; class=&quot;external-link&quot; target=&quot;_blank&quot; rel=&quot;nofollow noopener&quot;&gt;http://ec2-174-129-184-35.compute-1.amazonaws.com/logs/PreCommit-HIVE-TRUNK-Build-5761/&lt;/a&gt;&lt;/p&gt;

&lt;p&gt;Messages:&lt;/p&gt;
&lt;div class=&quot;preformatted panel&quot; style=&quot;border-width: 1px;&quot;&gt;&lt;div class=&quot;preformattedContent panelContent&quot;&gt;
&lt;pre&gt;**** This message was trimmed, see log for full details ****
[ERROR] /data/hive-ptest/working/apache-github-source-source/metastore/src/java/org/apache/hadoop/hive/metastore/hbase/HBaseConnection.java:[68,13] error: cannot find symbol
[ERROR] interface HBaseConnection
[ERROR] /data/hive-ptest/working/apache-github-source-source/metastore/src/java/org/apache/hadoop/hive/metastore/hbase/HBaseConnection.java:[84,2] error: cannot find symbol
[ERROR] interface HBaseConnection
[ERROR] /data/hive-ptest/working/apache-github-source-source/metastore/src/java/org/apache/hadoop/hive/metastore/hbase/HBaseConnection.java:[94,2] error: cannot find symbol
[ERROR] interface HBaseConnection
[ERROR] /data/hive-ptest/working/apache-github-source-source/metastore/src/java/org/apache/hadoop/hive/metastore/hbase/HBaseReadWrite.java:[27,30] error: package org.apache.hadoop.hbase does not exist
[ERROR] /data/hive-ptest/working/apache-github-source-source/metastore/src/java/org/apache/hadoop/hive/metastore/hbase/HBaseReadWrite.java:[28,30] error: package org.apache.hadoop.hbase does not exist
[ERROR] /data/hive-ptest/working/apache-github-source-source/metastore/src/java/org/apache/hadoop/hive/metastore/hbase/HBaseReadWrite.java:[29,30] error: package org.apache.hadoop.hbase does not exist
[ERROR] /data/hive-ptest/working/apache-github-source-source/metastore/src/java/org/apache/hadoop/hive/metastore/hbase/HBaseReadWrite.java:[30,37] error: package org.apache.hadoop.hbase.client does not exist
[ERROR] /data/hive-ptest/working/apache-github-source-source/metastore/src/java/org/apache/hadoop/hive/metastore/hbase/HBaseReadWrite.java:[31,37] error: package org.apache.hadoop.hbase.client does not exist
[ERROR] /data/hive-ptest/working/apache-github-source-source/metastore/src/java/org/apache/hadoop/hive/metastore/hbase/HBaseReadWrite.java:[32,37] error: package org.apache.hadoop.hbase.client does not exist
[ERROR] /data/hive-ptest/working/apache-github-source-source/metastore/src/java/org/apache/hadoop/hive/metastore/hbase/HBaseReadWrite.java:[33,37] error: package org.apache.hadoop.hbase.client does not exist
[ERROR] /data/hive-ptest/working/apache-github-source-source/metastore/src/java/org/apache/hadoop/hive/metastore/hbase/HBaseReadWrite.java:[34,37] error: package org.apache.hadoop.hbase.client does not exist
[ERROR] /data/hive-ptest/working/apache-github-source-source/metastore/src/java/org/apache/hadoop/hive/metastore/hbase/HBaseReadWrite.java:[35,37] error: package org.apache.hadoop.hbase.client does not exist
[ERROR] /data/hive-ptest/working/apache-github-source-source/metastore/src/java/org/apache/hadoop/hive/metastore/hbase/HBaseReadWrite.java:[36,37] error: package org.apache.hadoop.hbase.client does not exist
[ERROR] /data/hive-ptest/working/apache-github-source-source/metastore/src/java/org/apache/hadoop/hive/metastore/hbase/HBaseReadWrite.java:[37,37] error: package org.apache.hadoop.hbase.client does not exist
[ERROR] /data/hive-ptest/working/apache-github-source-source/metastore/src/java/org/apache/hadoop/hive/metastore/hbase/HBaseReadWrite.java:[38,37] error: package org.apache.hadoop.hbase.filter does not exist
[ERROR] /data/hive-ptest/working/apache-github-source-source/metastore/src/java/org/apache/hadoop/hive/metastore/hbase/HBaseReadWrite.java:[39,37] error: package org.apache.hadoop.hbase.filter does not exist
[ERROR] /data/hive-ptest/working/apache-github-source-source/metastore/src/java/org/apache/hadoop/hive/metastore/hbase/HBaseReadWrite.java:[40,37] error: package org.apache.hadoop.hbase.filter does not exist
[ERROR] /data/hive-ptest/working/apache-github-source-source/metastore/src/java/org/apache/hadoop/hive/metastore/hbase/HBaseReadWrite.java:[41,37] error: package org.apache.hadoop.hbase.filter does not exist
[ERROR] /data/hive-ptest/working/apache-github-source-source/metastore/src/java/org/apache/hadoop/hive/metastore/hbase/PartitionKeyComparator.java:[30,37] error: package org.apache.hadoop.hbase.filter does not exist
[ERROR] /data/hive-ptest/working/apache-github-source-source/metastore/src/java/org/apache/hadoop/hive/metastore/hbase/PartitionKeyComparator.java:[45,44] error: cannot find symbol
[ERROR] class ByteArrayComparable
[ERROR] /data/hive-ptest/working/apache-github-source-source/metastore/src/java/org/apache/hadoop/hive/metastore/hbase/HBaseConnection.java:[22,37] error: package org.apache.hadoop.hbase.client does not exist
[ERROR] /data/hive-ptest/working/apache-github-source-source/metastore/src/java/org/apache/hadoop/hive/metastore/hbase/HBaseReadWrite.java:[749,6] error: cannot find symbol
[ERROR] class HBaseReadWrite
[ERROR] /data/hive-ptest/working/apache-github-source-source/metastore/src/java/org/apache/hadoop/hive/metastore/hbase/HBaseReadWrite.java:[810,55] error: cannot find symbol
[ERROR] class HBaseReadWrite
[ERROR] /data/hive-ptest/working/apache-github-source-source/metastore/src/java/org/apache/hadoop/hive/metastore/hbase/HBaseReadWrite.java:[2006,10] error: cannot find symbol
[ERROR] class HBaseReadWrite
[ERROR] /data/hive-ptest/working/apache-github-source-source/metastore/src/java/org/apache/hadoop/hive/metastore/hbase/HBaseReadWrite.java:[2025,19] error: cannot find symbol
[ERROR] class HBaseReadWrite
[ERROR] /data/hive-ptest/working/apache-github-source-source/metastore/src/java/org/apache/hadoop/hive/metastore/hbase/HBaseReadWrite.java:[2030,6] error: cannot find symbol
[ERROR] class HBaseReadWrite
[ERROR] /data/hive-ptest/working/apache-github-source-source/metastore/src/java/org/apache/hadoop/hive/metastore/hbase/HBaseReadWrite.java:[2029,19] error: cannot find symbol
[ERROR] class HBaseReadWrite
[ERROR] /data/hive-ptest/working/apache-github-source-source/metastore/src/java/org/apache/hadoop/hive/metastore/hbase/HBaseReadWrite.java:[2034,46] error: cannot find symbol
[ERROR] class HBaseReadWrite
[ERROR] /data/hive-ptest/working/apache-github-source-source/metastore/src/java/org/apache/hadoop/hive/metastore/hbase/HBaseReadWrite.java:[2034,19] error: cannot find symbol
[ERROR] class HBaseReadWrite
[ERROR] /data/hive-ptest/working/apache-github-source-source/metastore/src/java/org/apache/hadoop/hive/metastore/hbase/HBaseReadWrite.java:[2039,58] error: cannot find symbol
[ERROR] class HBaseReadWrite
[ERROR] /data/hive-ptest/working/apache-github-source-source/metastore/src/java/org/apache/hadoop/hive/metastore/hbase/HBaseReadWrite.java:[2038,19] error: cannot find symbol
[ERROR] class HBaseReadWrite
[ERROR] /data/hive-ptest/working/apache-github-source-source/metastore/src/java/org/apache/hadoop/hive/metastore/hbase/HBaseConnection.java:[68,13] error: cannot find symbol
[ERROR] interface HBaseConnection
[ERROR] /data/hive-ptest/working/apache-github-source-source/metastore/src/java/org/apache/hadoop/hive/metastore/hbase/HBaseConnection.java:[84,2] error: cannot find symbol
[ERROR] interface HBaseConnection
[ERROR] /data/hive-ptest/working/apache-github-source-source/metastore/src/java/org/apache/hadoop/hive/metastore/hbase/HBaseConnection.java:[94,2] error: cannot find symbol
[ERROR] interface HBaseConnection
[ERROR] /data/hive-ptest/working/apache-github-source-source/metastore/src/java/org/apache/hadoop/hive/metastore/hbase/PartitionKeyComparator.java:[179,2] error: method does not override or implement a method from a supertype
[ERROR] /data/hive-ptest/working/apache-github-source-source/metastore/src/java/org/apache/hadoop/hive/metastore/hbase/PartitionKeyComparator.java:[223,2] error: method does not override or implement a method from a supertype
[ERROR] /data/hive-ptest/working/apache-github-source-source/metastore/src/java/org/apache/hadoop/hive/metastore/hbase/HBaseReadWrite.java:[210,4] error: cannot find symbol
[ERROR] class HBaseReadWrite
[ERROR] /data/hive-ptest/working/apache-github-source-source/metastore/src/java/org/apache/hadoop/hive/metastore/hbase/HBaseReadWrite.java:[354,4] error: cannot find symbol
[ERROR] class HBaseReadWrite
[ERROR] /data/hive-ptest/working/apache-github-source-source/metastore/src/java/org/apache/hadoop/hive/metastore/hbase/HBaseReadWrite.java:[356,19] error: cannot find symbol
[ERROR] class HBaseReadWrite
[ERROR] /data/hive-ptest/working/apache-github-source-source/metastore/src/java/org/apache/hadoop/hive/metastore/hbase/HBaseReadWrite.java:[356,42] error: package CompareFilter does not exist
[ERROR] /data/hive-ptest/working/apache-github-source-source/metastore/src/java/org/apache/hadoop/hive/metastore/hbase/HBaseReadWrite.java:[356,64] error: cannot find symbol
[ERROR] class HBaseReadWrite
[ERROR] /data/hive-ptest/working/apache-github-source-source/metastore/src/java/org/apache/hadoop/hive/metastore/hbase/HBaseReadWrite.java:[358,13] error: cannot find symbol
[ERROR] class HBaseReadWrite
[ERROR] /data/hive-ptest/working/apache-github-source-source/metastore/src/java/org/apache/hadoop/hive/metastore/hbase/HBaseReadWrite.java:[362,6] error: cannot find symbol
[ERROR] class HBaseReadWrite
[ERROR] /data/hive-ptest/working/apache-github-source-source/metastore/src/java/org/apache/hadoop/hive/metastore/hbase/HBaseReadWrite.java:[420,4] error: cannot find symbol
[ERROR] class HBaseReadWrite
[ERROR] /data/hive-ptest/working/apache-github-source-source/metastore/src/java/org/apache/hadoop/hive/metastore/hbase/HBaseReadWrite.java:[422,19] error: cannot find symbol
[ERROR] class HBaseReadWrite
[ERROR] /data/hive-ptest/working/apache-github-source-source/metastore/src/java/org/apache/hadoop/hive/metastore/hbase/HBaseReadWrite.java:[422,42] error: package CompareFilter does not exist
[ERROR] /data/hive-ptest/working/apache-github-source-source/metastore/src/java/org/apache/hadoop/hive/metastore/hbase/HBaseReadWrite.java:[422,64] error: cannot find symbol
[ERROR] class HBaseReadWrite
[ERROR] /data/hive-ptest/working/apache-github-source-source/metastore/src/java/org/apache/hadoop/hive/metastore/hbase/HBaseReadWrite.java:[424,13] error: cannot find symbol
[ERROR] class HBaseReadWrite
[ERROR] /data/hive-ptest/working/apache-github-source-source/metastore/src/java/org/apache/hadoop/hive/metastore/hbase/HBaseReadWrite.java:[428,6] error: cannot find symbol
[ERROR] class HBaseReadWrite
[ERROR] /data/hive-ptest/working/apache-github-source-source/metastore/src/java/org/apache/hadoop/hive/metastore/hbase/HBaseReadWrite.java:[512,10] error: cannot find symbol
[ERROR] class HBaseReadWrite
[ERROR] /data/hive-ptest/working/apache-github-source-source/metastore/src/java/org/apache/hadoop/hive/metastore/hbase/HBaseReadWrite.java:[512,35] error: unexpected type
[ERROR] 
[ERROR] E extends Object declared in class ArrayList
[ERROR] /data/hive-ptest/working/apache-github-source-source/metastore/src/java/org/apache/hadoop/hive/metastore/hbase/HBaseReadWrite.java:[515,7] error: cannot find symbol
[ERROR] class HBaseReadWrite
[ERROR] /data/hive-ptest/working/apache-github-source-source/metastore/src/java/org/apache/hadoop/hive/metastore/hbase/HBaseReadWrite.java:[515,21] error: cannot find symbol
[ERROR] class HBaseReadWrite
[ERROR] /data/hive-ptest/working/apache-github-source-source/metastore/src/java/org/apache/hadoop/hive/metastore/hbase/HBaseReadWrite.java:[519,5] error: cannot find symbol
[ERROR] class HBaseReadWrite
[ERROR] /data/hive-ptest/working/apache-github-source-source/metastore/src/java/org/apache/hadoop/hive/metastore/hbase/HBaseReadWrite.java:[520,5] error: cannot find symbol
[ERROR] class HBaseReadWrite
[ERROR] /data/hive-ptest/working/apache-github-source-source/metastore/src/java/org/apache/hadoop/hive/metastore/hbase/HBaseReadWrite.java:[580,9] error: cannot find symbol
[ERROR] class HBaseReadWrite
[ERROR] /data/hive-ptest/working/apache-github-source-source/metastore/src/java/org/apache/hadoop/hive/metastore/hbase/HBaseReadWrite.java:[580,34] error: unexpected type
[ERROR] 
[ERROR] E extends Object declared in class ArrayList
[ERROR] /data/hive-ptest/working/apache-github-source-source/metastore/src/java/org/apache/hadoop/hive/metastore/hbase/HBaseReadWrite.java:[586,6] error: cannot find symbol
[ERROR] class HBaseReadWrite
[ERROR] /data/hive-ptest/working/apache-github-source-source/metastore/src/java/org/apache/hadoop/hive/metastore/hbase/HBaseReadWrite.java:[586,18] error: cannot find symbol
[ERROR] class HBaseReadWrite
[ERROR] /data/hive-ptest/working/apache-github-source-source/metastore/src/java/org/apache/hadoop/hive/metastore/hbase/HBaseReadWrite.java:[591,4] error: cannot find symbol
[ERROR] class HBaseReadWrite
[ERROR] /data/hive-ptest/working/apache-github-source-source/metastore/src/java/org/apache/hadoop/hive/metastore/hbase/HBaseReadWrite.java:[600,9] error: cannot find symbol
[ERROR] class HBaseReadWrite
[ERROR] /data/hive-ptest/working/apache-github-source-source/metastore/src/java/org/apache/hadoop/hive/metastore/hbase/HBaseReadWrite.java:[600,34] error: unexpected type
[ERROR] 
[ERROR] E extends Object declared in class ArrayList
[ERROR] /data/hive-ptest/working/apache-github-source-source/metastore/src/java/org/apache/hadoop/hive/metastore/hbase/HBaseReadWrite.java:[614,6] error: cannot find symbol
[ERROR] class HBaseReadWrite
[ERROR] /data/hive-ptest/working/apache-github-source-source/metastore/src/java/org/apache/hadoop/hive/metastore/hbase/HBaseReadWrite.java:[614,18] error: cannot find symbol
[ERROR] class HBaseReadWrite
[ERROR] /data/hive-ptest/working/apache-github-source-source/metastore/src/java/org/apache/hadoop/hive/metastore/hbase/HBaseReadWrite.java:[624,4] error: cannot find symbol
[ERROR] class HBaseReadWrite
[ERROR] /data/hive-ptest/working/apache-github-source-source/metastore/src/java/org/apache/hadoop/hive/metastore/hbase/HBaseReadWrite.java:[729,4] error: cannot find symbol
[ERROR] class HBaseReadWrite
[ERROR] /data/hive-ptest/working/apache-github-source-source/metastore/src/java/org/apache/hadoop/hive/metastore/hbase/HBaseReadWrite.java:[731,19] error: cannot find symbol
[ERROR] class HBaseReadWrite
[ERROR] /data/hive-ptest/working/apache-github-source-source/metastore/src/java/org/apache/hadoop/hive/metastore/hbase/HBaseReadWrite.java:[731,42] error: package CompareFilter does not exist
[ERROR] /data/hive-ptest/working/apache-github-source-source/metastore/src/java/org/apache/hadoop/hive/metastore/hbase/HBaseReadWrite.java:[812,13] error: cannot find symbol
[ERROR] class HBaseReadWrite
[ERROR] /data/hive-ptest/working/apache-github-source-source/metastore/src/java/org/apache/hadoop/hive/metastore/hbase/HBaseReadWrite.java:[818,6] error: cannot find symbol
[ERROR] class HBaseReadWrite
[ERROR] /data/hive-ptest/working/apache-github-source-source/metastore/src/java/org/apache/hadoop/hive/metastore/hbase/HBaseReadWrite.java:[867,9] error: cannot find symbol
[ERROR] class HBaseReadWrite
[ERROR] /data/hive-ptest/working/apache-github-source-source/metastore/src/java/org/apache/hadoop/hive/metastore/hbase/HBaseReadWrite.java:[867,34] error: unexpected type
[ERROR] 
[ERROR] E extends Object declared in class ArrayList
[ERROR] /data/hive-ptest/working/apache-github-source-source/metastore/src/java/org/apache/hadoop/hive/metastore/hbase/HBaseReadWrite.java:[868,4] error: cannot find symbol
[ERROR] class HBaseReadWrite
[ERROR] /data/hive-ptest/working/apache-github-source-source/metastore/src/java/org/apache/hadoop/hive/metastore/hbase/HBaseReadWrite.java:[871,6] error: cannot find symbol
[ERROR] class HBaseReadWrite
[ERROR] /data/hive-ptest/working/apache-github-source-source/metastore/src/java/org/apache/hadoop/hive/metastore/hbase/HBaseReadWrite.java:[871,18] error: cannot find symbol
[ERROR] class HBaseReadWrite
[ERROR] /data/hive-ptest/working/apache-github-source-source/metastore/src/java/org/apache/hadoop/hive/metastore/hbase/HBaseReadWrite.java:[876,4] error: cannot find symbol
[ERROR] class HBaseReadWrite
[ERROR] /data/hive-ptest/working/apache-github-source-source/metastore/src/java/org/apache/hadoop/hive/metastore/hbase/HBaseReadWrite.java:[916,13] error: cannot find symbol
[ERROR] class HBaseReadWrite
[ERROR] /data/hive-ptest/working/apache-github-source-source/metastore/src/java/org/apache/hadoop/hive/metastore/hbase/HBaseReadWrite.java:[918,6] error: cannot find symbol
[ERROR] class HBaseReadWrite
[ERROR] /data/hive-ptest/working/apache-github-source-source/metastore/src/java/org/apache/hadoop/hive/metastore/hbase/HBaseReadWrite.java:[1055,9] error: cannot find symbol
[ERROR] class HBaseReadWrite
[ERROR] /data/hive-ptest/working/apache-github-source-source/metastore/src/java/org/apache/hadoop/hive/metastore/hbase/HBaseReadWrite.java:[1055,34] error: unexpected type
[ERROR] 
[ERROR] E extends Object declared in class ArrayList
[ERROR] /data/hive-ptest/working/apache-github-source-source/metastore/src/java/org/apache/hadoop/hive/metastore/hbase/HBaseReadWrite.java:[1070,8] error: cannot find symbol
[ERROR] class HBaseReadWrite
[ERROR] /data/hive-ptest/working/apache-github-source-source/metastore/src/java/org/apache/hadoop/hive/metastore/hbase/HBaseReadWrite.java:[1070,22] error: cannot find symbol
[ERROR] class HBaseReadWrite
[ERROR] /data/hive-ptest/working/apache-github-source-source/metastore/src/java/org/apache/hadoop/hive/metastore/hbase/HBaseReadWrite.java:[1082,6] error: cannot find symbol
[ERROR] class HBaseReadWrite
[ERROR] /data/hive-ptest/working/apache-github-source-source/metastore/src/java/org/apache/hadoop/hive/metastore/hbase/HBaseReadWrite.java:[1104,8] error: cannot find symbol
[ERROR] class HBaseReadWrite
[ERROR] /data/hive-ptest/working/apache-github-source-source/metastore/src/java/org/apache/hadoop/hive/metastore/hbase/HBaseReadWrite.java:[1104,22] error: cannot find symbol
[ERROR] class HBaseReadWrite
[ERROR] /data/hive-ptest/working/apache-github-source-source/metastore/src/java/org/apache/hadoop/hive/metastore/hbase/HBaseReadWrite.java:[1111,6] error: cannot find symbol
[ERROR] class HBaseReadWrite
[ERROR] /data/hive-ptest/working/apache-github-source-source/metastore/src/java/org/apache/hadoop/hive/metastore/hbase/HBaseReadWrite.java:[1127,12] error: cannot find symbol
[ERROR] class HBaseReadWrite
[ERROR] /data/hive-ptest/working/apache-github-source-source/metastore/src/java/org/apache/hadoop/hive/metastore/hbase/HBaseReadWrite.java:[1127,26] error: cannot find symbol
[ERROR] class HBaseReadWrite
[ERROR] /data/hive-ptest/working/apache-github-source-source/metastore/src/java/org/apache/hadoop/hive/metastore/hbase/HBaseReadWrite.java:[1136,6] error: cannot find symbol
[ERROR] class HBaseReadWrite
[ERROR] /data/hive-ptest/working/apache-github-source-source/metastore/src/java/org/apache/hadoop/hive/metastore/hbase/HBaseReadWrite.java:[1161,13] error: cannot find symbol
[ERROR] class HBaseReadWrite
[ERROR] /data/hive-ptest/working/apache-github-source-source/metastore/src/java/org/apache/hadoop/hive/metastore/hbase/HBaseReadWrite.java:[1164,6] error: cannot find symbol
[ERROR] class HBaseReadWrite
[ERROR] /data/hive-ptest/working/apache-github-source-source/metastore/src/java/org/apache/hadoop/hive/metastore/hbase/HBaseReadWrite.java:[1194,15] error: cannot find symbol
[ERROR] class HBaseReadWrite
[ERROR] /data/hive-ptest/working/apache-github-source-source/metastore/src/java/org/apache/hadoop/hive/metastore/hbase/HBaseReadWrite.java:[1196,8] error: cannot find symbol
[ERROR] class HBaseReadWrite
[ERROR] /data/hive-ptest/working/apache-github-source-source/metastore/src/java/org/apache/hadoop/hive/metastore/hbase/HBaseReadWrite.java:[1244,9] error: cannot find symbol
[ERROR] class HBaseReadWrite
[ERROR] /data/hive-ptest/working/apache-github-source-source/metastore/src/java/org/apache/hadoop/hive/metastore/hbase/HBaseReadWrite.java:[1244,34] error: unexpected type
[ERROR] 
[ERROR] E extends Object declared in class ArrayList
[ERROR] /data/hive-ptest/working/apache-github-source-source/metastore/src/java/org/apache/hadoop/hive/metastore/hbase/HBaseReadWrite.java:[1245,4] error: cannot find symbol
[ERROR] class HBaseReadWrite
[ERROR] /data/hive-ptest/working/apache-github-source-source/metastore/src/java/org/apache/hadoop/hive/metastore/hbase/HBaseReadWrite.java:[1249,6] error: cannot find symbol
[ERROR] class HBaseReadWrite
[ERROR] /data/hive-ptest/working/apache-github-source-source/metastore/src/java/org/apache/hadoop/hive/metastore/hbase/HBaseReadWrite.java:[1249,18] error: cannot find symbol
[ERROR] class HBaseReadWrite
[ERROR] /data/hive-ptest/working/apache-github-source-source/metastore/src/java/org/apache/hadoop/hive/metastore/hbase/HBaseReadWrite.java:[1253,4] error: cannot find symbol
[ERROR] class HBaseReadWrite
[ERROR] /data/hive-ptest/working/apache-github-source-source/metastore/src/java/org/apache/hadoop/hive/metastore/hbase/HBaseReadWrite.java:[1286,4] error: cannot find symbol
[ERROR] class HBaseReadWrite
[ERROR] /data/hive-ptest/working/apache-github-source-source/metastore/src/java/org/apache/hadoop/hive/metastore/hbase/HBaseReadWrite.java:[1288,19] error: cannot find symbol
[ERROR] class HBaseReadWrite
[ERROR] /data/hive-ptest/working/apache-github-source-source/metastore/src/java/org/apache/hadoop/hive/metastore/hbase/HBaseReadWrite.java:[1288,42] error: package CompareFilter does not exist
[ERROR] /data/hive-ptest/working/apache-github-source-source/metastore/src/java/org/apache/hadoop/hive/metastore/hbase/HBaseReadWrite.java:[1288,64] error: cannot find symbol
[ERROR] -&amp;gt; [Help 1]
[ERROR] 
[ERROR] To see the full stack trace of the errors, re-run Maven with the -e switch.
[ERROR] Re-run Maven using the -X switch to enable full debug logging.
[ERROR] 
[ERROR] For more information about the errors and possible solutions, please read the following articles:
[ERROR] [Help 1] http://cwiki.apache.org/confluence/display/MAVEN/MojoFailureException
[ERROR] 
[ERROR] After correcting the problems, you can resume the build with the command
[ERROR]   mvn &amp;lt;goals&amp;gt; -rf :hive-metastore
+ exit 1
&apos;
&lt;/pre&gt;
&lt;/div&gt;&lt;/div&gt;

&lt;p&gt;This message is automatically generated.&lt;/p&gt;

&lt;p&gt;ATTACHMENT ID: 12768225 - PreCommit-HIVE-TRUNK-Build&lt;/p&gt;</comment>
                            <comment id="14972831" author="hiveqa" created="Sat, 24 Oct 2015 19:43:00 +0000"  >

&lt;p&gt;Here are the results of testing the latest attachment:&lt;br/&gt;
&lt;a href=&quot;https://issues.apache.org/jira/secure/attachment/12768497/HIVE-11981.091.patch&quot; class=&quot;external-link&quot; rel=&quot;nofollow&quot;&gt;https://issues.apache.org/jira/secure/attachment/12768497/HIVE-11981.091.patch&lt;/a&gt;&lt;/p&gt;

&lt;p&gt;&lt;font color=&quot;green&quot;&gt;SUCCESS:&lt;/font&gt; +1 due to 16 test(s) being added or modified.&lt;/p&gt;

&lt;p&gt;&lt;font color=&quot;red&quot;&gt;ERROR:&lt;/font&gt; -1 due to 5 failed/errored test(s), 9722 tests executed&lt;br/&gt;
&lt;b&gt;Failed tests:&lt;/b&gt;&lt;/p&gt;
&lt;div class=&quot;preformatted panel&quot; style=&quot;border-width: 1px;&quot;&gt;&lt;div class=&quot;preformattedContent panelContent&quot;&gt;
&lt;pre&gt;org.apache.hadoop.hive.ql.TestMTQueries.testMTQueries1
org.apache.hadoop.hive.ql.io.orc.TestColumnStatistics.testHasNull
org.apache.hadoop.hive.ql.io.orc.TestJsonFileDump.testJsonDump
org.apache.hive.hcatalog.api.TestHCatClient.testTableSchemaPropagation
org.apache.hive.jdbc.TestSSL.testSSLVersion
&lt;/pre&gt;
&lt;/div&gt;&lt;/div&gt;

&lt;p&gt;Test results: &lt;a href=&quot;http://ec2-174-129-184-35.compute-1.amazonaws.com/jenkins/job/PreCommit-HIVE-TRUNK-Build/5779/testReport&quot; class=&quot;external-link&quot; target=&quot;_blank&quot; rel=&quot;nofollow noopener&quot;&gt;http://ec2-174-129-184-35.compute-1.amazonaws.com/jenkins/job/PreCommit-HIVE-TRUNK-Build/5779/testReport&lt;/a&gt;&lt;br/&gt;
Console output: &lt;a href=&quot;http://ec2-174-129-184-35.compute-1.amazonaws.com/jenkins/job/PreCommit-HIVE-TRUNK-Build/5779/console&quot; class=&quot;external-link&quot; target=&quot;_blank&quot; rel=&quot;nofollow noopener&quot;&gt;http://ec2-174-129-184-35.compute-1.amazonaws.com/jenkins/job/PreCommit-HIVE-TRUNK-Build/5779/console&lt;/a&gt;&lt;br/&gt;
Test logs: &lt;a href=&quot;http://ec2-174-129-184-35.compute-1.amazonaws.com/logs/PreCommit-HIVE-TRUNK-Build-5779/&quot; class=&quot;external-link&quot; target=&quot;_blank&quot; rel=&quot;nofollow noopener&quot;&gt;http://ec2-174-129-184-35.compute-1.amazonaws.com/logs/PreCommit-HIVE-TRUNK-Build-5779/&lt;/a&gt;&lt;/p&gt;

&lt;p&gt;Messages:&lt;/p&gt;
&lt;div class=&quot;preformatted panel&quot; style=&quot;border-width: 1px;&quot;&gt;&lt;div class=&quot;preformattedContent panelContent&quot;&gt;
&lt;pre&gt;Executing org.apache.hive.ptest.execution.TestCheckPhase
Executing org.apache.hive.ptest.execution.PrepPhase
Executing org.apache.hive.ptest.execution.ExecutionPhase
Executing org.apache.hive.ptest.execution.ReportingPhase
Tests exited with: TestsFailedException: 5 tests failed
&lt;/pre&gt;
&lt;/div&gt;&lt;/div&gt;

&lt;p&gt;This message is automatically generated.&lt;/p&gt;

&lt;p&gt;ATTACHMENT ID: 12768497 - PreCommit-HIVE-TRUNK-Build&lt;/p&gt;</comment>
                            <comment id="14972835" author="mmccline" created="Sat, 24 Oct 2015 20:04:46 +0000"  >&lt;p&gt;&lt;a href=&quot;https://issues.apache.org/jira/secure/ViewProfile.jspa?name=prasanth_j&quot; class=&quot;user-hover&quot; rel=&quot;prasanth_j&quot;&gt;prasanth_j&lt;/a&gt; I removed some of the intrusive changes.  Now, no changes to ReaderImpl and one line change to RecordReaderImpl.  Common code (new class SchemaEvolution) for determining &quot;schema on read&quot; is called from two places: RecordReaderFactory and OrcRawRecordMerger.  TreeReaderFactory still has code for determining which columns to null since it seems to be in the best position to know how to do it instead of RecordReaderImpl...&lt;/p&gt;

&lt;p&gt;Latest Hive QA run appears to be successful.&lt;/p&gt;</comment>
                            <comment id="14974846" author="prasanth_j" created="Mon, 26 Oct 2015 19:08:30 +0000"  >&lt;p&gt;Left some review comments in RB (page 1). Will look at other pages and will post more reviews.&lt;/p&gt;</comment>
                            <comment id="14977030" author="hiveqa" created="Tue, 27 Oct 2015 19:44:34 +0000"  >

&lt;p&gt;Here are the results of testing the latest attachment:&lt;br/&gt;
&lt;a href=&quot;https://issues.apache.org/jira/secure/attachment/12768863/HIVE-11981.092.patch&quot; class=&quot;external-link&quot; rel=&quot;nofollow&quot;&gt;https://issues.apache.org/jira/secure/attachment/12768863/HIVE-11981.092.patch&lt;/a&gt;&lt;/p&gt;

&lt;p&gt;&lt;font color=&quot;green&quot;&gt;SUCCESS:&lt;/font&gt; +1 due to 16 test(s) being added or modified.&lt;/p&gt;

&lt;p&gt;&lt;font color=&quot;red&quot;&gt;ERROR:&lt;/font&gt; -1 due to 3 failed/errored test(s), 9732 tests executed&lt;br/&gt;
&lt;b&gt;Failed tests:&lt;/b&gt;&lt;/p&gt;
&lt;div class=&quot;preformatted panel&quot; style=&quot;border-width: 1px;&quot;&gt;&lt;div class=&quot;preformattedContent panelContent&quot;&gt;
&lt;pre&gt;org.apache.hadoop.hive.hwi.TestHWISessionManager.testHiveDriver
org.apache.hadoop.hive.ql.io.orc.TestJsonFileDump.testJsonDump
org.apache.hive.jdbc.TestSSL.testSSLVersion
&lt;/pre&gt;
&lt;/div&gt;&lt;/div&gt;

&lt;p&gt;Test results: &lt;a href=&quot;http://ec2-174-129-184-35.compute-1.amazonaws.com/jenkins/job/PreCommit-HIVE-TRUNK-Build/5815/testReport&quot; class=&quot;external-link&quot; target=&quot;_blank&quot; rel=&quot;nofollow noopener&quot;&gt;http://ec2-174-129-184-35.compute-1.amazonaws.com/jenkins/job/PreCommit-HIVE-TRUNK-Build/5815/testReport&lt;/a&gt;&lt;br/&gt;
Console output: &lt;a href=&quot;http://ec2-174-129-184-35.compute-1.amazonaws.com/jenkins/job/PreCommit-HIVE-TRUNK-Build/5815/console&quot; class=&quot;external-link&quot; target=&quot;_blank&quot; rel=&quot;nofollow noopener&quot;&gt;http://ec2-174-129-184-35.compute-1.amazonaws.com/jenkins/job/PreCommit-HIVE-TRUNK-Build/5815/console&lt;/a&gt;&lt;br/&gt;
Test logs: &lt;a href=&quot;http://ec2-174-129-184-35.compute-1.amazonaws.com/logs/PreCommit-HIVE-TRUNK-Build-5815/&quot; class=&quot;external-link&quot; target=&quot;_blank&quot; rel=&quot;nofollow noopener&quot;&gt;http://ec2-174-129-184-35.compute-1.amazonaws.com/logs/PreCommit-HIVE-TRUNK-Build-5815/&lt;/a&gt;&lt;/p&gt;

&lt;p&gt;Messages:&lt;/p&gt;
&lt;div class=&quot;preformatted panel&quot; style=&quot;border-width: 1px;&quot;&gt;&lt;div class=&quot;preformattedContent panelContent&quot;&gt;
&lt;pre&gt;Executing org.apache.hive.ptest.execution.TestCheckPhase
Executing org.apache.hive.ptest.execution.PrepPhase
Executing org.apache.hive.ptest.execution.ExecutionPhase
Executing org.apache.hive.ptest.execution.ReportingPhase
Tests exited with: TestsFailedException: 3 tests failed
&lt;/pre&gt;
&lt;/div&gt;&lt;/div&gt;

&lt;p&gt;This message is automatically generated.&lt;/p&gt;

&lt;p&gt;ATTACHMENT ID: 12768863 - PreCommit-HIVE-TRUNK-Build&lt;/p&gt;</comment>
                            <comment id="14979600" author="prasanth_j" created="Thu, 29 Oct 2015 00:58:31 +0000"  >&lt;p&gt;Left some more comments in RB. Still grokking through vectorizer changes which looks huge (page 3 in RB). &lt;/p&gt;</comment>
                            <comment id="14987229" author="hiveqa" created="Tue, 3 Nov 2015 13:02:57 +0000"  >

&lt;p&gt;Here are the results of testing the latest attachment:&lt;br/&gt;
&lt;a href=&quot;https://issues.apache.org/jira/secure/attachment/12770240/HIVE-11981.093.patch&quot; class=&quot;external-link&quot; rel=&quot;nofollow&quot;&gt;https://issues.apache.org/jira/secure/attachment/12770240/HIVE-11981.093.patch&lt;/a&gt;&lt;/p&gt;

&lt;p&gt;&lt;font color=&quot;green&quot;&gt;SUCCESS:&lt;/font&gt; +1 due to 16 test(s) being added or modified.&lt;/p&gt;

&lt;p&gt;&lt;font color=&quot;red&quot;&gt;ERROR:&lt;/font&gt; -1 due to 64 failed/errored test(s), 9781 tests executed&lt;br/&gt;
&lt;b&gt;Failed tests:&lt;/b&gt;&lt;/p&gt;
&lt;div class=&quot;preformatted panel&quot; style=&quot;border-width: 1px;&quot;&gt;&lt;div class=&quot;preformattedContent panelContent&quot;&gt;
&lt;pre&gt;org.apache.hadoop.hive.cli.TestHBaseCliDriver.testCliDriver_hbase_queries
org.apache.hadoop.hive.cli.TestNegativeCliDriver.testNegativeCliDriver_authorization_uri_import
org.apache.hadoop.hive.hwi.TestHWISessionManager.testHiveDriver
org.apache.hadoop.hive.ql.io.orc.TestInputOutputFormat.testDefaultTypes
org.apache.hadoop.hive.ql.io.orc.TestInputOutputFormat.testInOutFormat
org.apache.hadoop.hive.ql.io.orc.TestInputOutputFormat.testMROutput
org.apache.hadoop.hive.ql.io.orc.TestOrcRawRecordMerger.testEmpty
org.apache.hadoop.hive.ql.io.orc.TestOrcRawRecordMerger.testNewBaseAndDelta
org.apache.hadoop.hive.ql.io.orc.TestOrcRawRecordMerger.testRecordReaderDelta
org.apache.hadoop.hive.ql.io.orc.TestOrcRawRecordMerger.testRecordReaderIncompleteDelta
org.apache.hadoop.hive.ql.io.orc.TestOrcRawRecordMerger.testRecordReaderNewBaseAndDelta
org.apache.hadoop.hive.ql.io.orc.TestOrcRawRecordMerger.testRecordReaderOldBaseAndDelta
org.apache.hadoop.hive.ql.txn.compactor.TestCompactor.majorCompactAfterAbort
org.apache.hadoop.hive.ql.txn.compactor.TestCompactor.majorCompactWhileStreaming
org.apache.hadoop.hive.ql.txn.compactor.TestCompactor.minorCompactAfterAbort
org.apache.hadoop.hive.ql.txn.compactor.TestCompactor.minorCompactWhileStreaming
org.apache.hive.hcatalog.mapreduce.TestHCatDynamicPartitioned.testHCatDynamicPartitionedTableMultipleTask[3]
org.apache.hive.hcatalog.mapreduce.TestHCatDynamicPartitioned.testHCatDynamicPartitionedTable[3]
org.apache.hive.hcatalog.mapreduce.TestHCatExternalDynamicPartitioned.testHCatDynamicPartitionedTableMultipleTask[3]
org.apache.hive.hcatalog.mapreduce.TestHCatExternalDynamicPartitioned.testHCatDynamicPartitionedTable[3]
org.apache.hive.hcatalog.mapreduce.TestHCatExternalDynamicPartitioned.testHCatExternalDynamicCustomLocation[3]
org.apache.hive.hcatalog.mapreduce.TestHCatExternalNonPartitioned.testHCatNonPartitionedTable[3]
org.apache.hive.hcatalog.mapreduce.TestHCatExternalPartitioned.testHCatPartitionedTable[3]
org.apache.hive.hcatalog.mapreduce.TestHCatMutableDynamicPartitioned.testHCatDynamicPartitionedTableMultipleTask[3]
org.apache.hive.hcatalog.mapreduce.TestHCatMutableDynamicPartitioned.testHCatDynamicPartitionedTable[3]
org.apache.hive.hcatalog.mapreduce.TestHCatMutableNonPartitioned.testHCatNonPartitionedTable[3]
org.apache.hive.hcatalog.mapreduce.TestHCatMutablePartitioned.testHCatPartitionedTable[3]
org.apache.hive.hcatalog.mapreduce.TestHCatNonPartitioned.testHCatNonPartitionedTable[3]
org.apache.hive.hcatalog.mapreduce.TestHCatPartitioned.testHCatPartitionedTable[3]
org.apache.hive.hcatalog.pig.TestE2EScenarios.testReadOrcAndRCFromPig
org.apache.hive.hcatalog.pig.TestHCatLoader.testColumnarStorePushdown2[3]
org.apache.hive.hcatalog.pig.TestHCatLoader.testColumnarStorePushdown[3]
org.apache.hive.hcatalog.pig.TestHCatLoader.testProjectionsBasic[3]
org.apache.hive.hcatalog.pig.TestHCatLoader.testReadDataBasic[3]
org.apache.hive.hcatalog.pig.TestHCatLoader.testReadPartitionedBasic[3]
org.apache.hive.hcatalog.pig.TestHCatLoaderComplexSchema.testMapNullKey[3]
org.apache.hive.hcatalog.pig.TestHCatLoaderComplexSchema.testMapWithComplexData[3]
org.apache.hive.hcatalog.pig.TestHCatLoaderComplexSchema.testSyntheticComplexSchema[3]
org.apache.hive.hcatalog.pig.TestHCatLoaderComplexSchema.testTupleInBagInTupleInBag[3]
org.apache.hive.hcatalog.pig.TestHCatStorer.testDateCharTypes[3]
org.apache.hive.hcatalog.pig.TestHCatStorer.testPartColsInData[3]
org.apache.hive.hcatalog.pig.TestHCatStorer.testStoreFuncAllSimpleTypes[3]
org.apache.hive.hcatalog.pig.TestHCatStorer.testStoreInPartiitonedTbl[3]
org.apache.hive.hcatalog.pig.TestHCatStorer.testWriteChar[3]
org.apache.hive.hcatalog.pig.TestHCatStorer.testWriteDate2[3]
org.apache.hive.hcatalog.pig.TestHCatStorer.testWriteDate3[3]
org.apache.hive.hcatalog.pig.TestHCatStorer.testWriteDate[3]
org.apache.hive.hcatalog.pig.TestHCatStorer.testWriteDecimalXY[3]
org.apache.hive.hcatalog.pig.TestHCatStorer.testWriteDecimalX[3]
org.apache.hive.hcatalog.pig.TestHCatStorer.testWriteDecimal[3]
org.apache.hive.hcatalog.pig.TestHCatStorer.testWriteSmallint[3]
org.apache.hive.hcatalog.pig.TestHCatStorer.testWriteTimestamp[3]
org.apache.hive.hcatalog.pig.TestHCatStorer.testWriteTinyint[3]
org.apache.hive.hcatalog.pig.TestHCatStorer.testWriteVarchar[3]
org.apache.hive.hcatalog.streaming.TestStreaming.testInterleavedTransactionBatchCommits
org.apache.hive.hcatalog.streaming.TestStreaming.testMultipleTransactionBatchCommits
org.apache.hive.hcatalog.streaming.TestStreaming.testTransactionBatchAbortAndCommit
org.apache.hive.hcatalog.streaming.TestStreaming.testTransactionBatchCommit_Delimited
org.apache.hive.hcatalog.streaming.TestStreaming.testTransactionBatchCommit_Json
org.apache.hive.hcatalog.streaming.mutate.TestMutations.testMulti
org.apache.hive.hcatalog.streaming.mutate.TestMutations.testTransactionBatchCommitPartitioned
org.apache.hive.hcatalog.streaming.mutate.TestMutations.testTransactionBatchCommitUnpartitioned
org.apache.hive.hcatalog.streaming.mutate.TestMutations.testUpdatesAndDeletes
org.apache.hive.jdbc.TestSSL.testSSLVersion
&lt;/pre&gt;
&lt;/div&gt;&lt;/div&gt;

&lt;p&gt;Test results: &lt;a href=&quot;http://ec2-174-129-184-35.compute-1.amazonaws.com/jenkins/job/PreCommit-HIVE-TRUNK-Build/5900/testReport&quot; class=&quot;external-link&quot; target=&quot;_blank&quot; rel=&quot;nofollow noopener&quot;&gt;http://ec2-174-129-184-35.compute-1.amazonaws.com/jenkins/job/PreCommit-HIVE-TRUNK-Build/5900/testReport&lt;/a&gt;&lt;br/&gt;
Console output: &lt;a href=&quot;http://ec2-174-129-184-35.compute-1.amazonaws.com/jenkins/job/PreCommit-HIVE-TRUNK-Build/5900/console&quot; class=&quot;external-link&quot; target=&quot;_blank&quot; rel=&quot;nofollow noopener&quot;&gt;http://ec2-174-129-184-35.compute-1.amazonaws.com/jenkins/job/PreCommit-HIVE-TRUNK-Build/5900/console&lt;/a&gt;&lt;br/&gt;
Test logs: &lt;a href=&quot;http://ec2-174-129-184-35.compute-1.amazonaws.com/logs/PreCommit-HIVE-TRUNK-Build-5900/&quot; class=&quot;external-link&quot; target=&quot;_blank&quot; rel=&quot;nofollow noopener&quot;&gt;http://ec2-174-129-184-35.compute-1.amazonaws.com/logs/PreCommit-HIVE-TRUNK-Build-5900/&lt;/a&gt;&lt;/p&gt;

&lt;p&gt;Messages:&lt;/p&gt;
&lt;div class=&quot;preformatted panel&quot; style=&quot;border-width: 1px;&quot;&gt;&lt;div class=&quot;preformattedContent panelContent&quot;&gt;
&lt;pre&gt;Executing org.apache.hive.ptest.execution.TestCheckPhase
Executing org.apache.hive.ptest.execution.PrepPhase
Executing org.apache.hive.ptest.execution.ExecutionPhase
Executing org.apache.hive.ptest.execution.ReportingPhase
Tests exited with: TestsFailedException: 64 tests failed
&lt;/pre&gt;
&lt;/div&gt;&lt;/div&gt;

&lt;p&gt;This message is automatically generated.&lt;/p&gt;

&lt;p&gt;ATTACHMENT ID: 12770240 - PreCommit-HIVE-TRUNK-Build&lt;/p&gt;</comment>
                            <comment id="14990549" author="hiveqa" created="Wed, 4 Nov 2015 22:10:46 +0000"  >

&lt;p&gt;Here are the results of testing the latest attachment:&lt;br/&gt;
&lt;a href=&quot;https://issues.apache.org/jira/secure/attachment/12770579/HIVE-11981.094.patch&quot; class=&quot;external-link&quot; rel=&quot;nofollow&quot;&gt;https://issues.apache.org/jira/secure/attachment/12770579/HIVE-11981.094.patch&lt;/a&gt;&lt;/p&gt;

&lt;p&gt;&lt;font color=&quot;green&quot;&gt;SUCCESS:&lt;/font&gt; +1 due to 17 test(s) being added or modified.&lt;/p&gt;

&lt;p&gt;&lt;font color=&quot;red&quot;&gt;ERROR:&lt;/font&gt; -1 due to 46 failed/errored test(s), 9791 tests executed&lt;br/&gt;
&lt;b&gt;Failed tests:&lt;/b&gt;&lt;/p&gt;
&lt;div class=&quot;preformatted panel&quot; style=&quot;border-width: 1px;&quot;&gt;&lt;div class=&quot;preformattedContent panelContent&quot;&gt;
&lt;pre&gt;org.apache.hadoop.hive.cli.TestCliDriver.testCliDriver_tez_union_with_udf
org.apache.hadoop.hive.cli.TestHBaseCliDriver.testCliDriver_hbase_queries
org.apache.hadoop.hive.cli.TestMiniLlapCliDriver.testCliDriver_tez_union_with_udf
org.apache.hadoop.hive.cli.TestMiniTezCliDriver.testCliDriver_schema_evol_orc_vec_mapwork_part
org.apache.hadoop.hive.cli.TestNegativeCliDriver.testNegativeCliDriver_authorization_uri_import
org.apache.hadoop.hive.hwi.TestHWISessionManager.testHiveDriver
org.apache.hive.hcatalog.mapreduce.TestHCatDynamicPartitioned.testHCatDynamicPartitionedTableMultipleTask[3]
org.apache.hive.hcatalog.mapreduce.TestHCatDynamicPartitioned.testHCatDynamicPartitionedTable[3]
org.apache.hive.hcatalog.mapreduce.TestHCatExternalDynamicPartitioned.testHCatDynamicPartitionedTableMultipleTask[3]
org.apache.hive.hcatalog.mapreduce.TestHCatExternalDynamicPartitioned.testHCatDynamicPartitionedTable[3]
org.apache.hive.hcatalog.mapreduce.TestHCatExternalDynamicPartitioned.testHCatExternalDynamicCustomLocation[3]
org.apache.hive.hcatalog.mapreduce.TestHCatExternalNonPartitioned.testHCatNonPartitionedTable[3]
org.apache.hive.hcatalog.mapreduce.TestHCatExternalPartitioned.testHCatPartitionedTable[3]
org.apache.hive.hcatalog.mapreduce.TestHCatMutableDynamicPartitioned.testHCatDynamicPartitionedTableMultipleTask[3]
org.apache.hive.hcatalog.mapreduce.TestHCatMutableDynamicPartitioned.testHCatDynamicPartitionedTable[3]
org.apache.hive.hcatalog.mapreduce.TestHCatMutableNonPartitioned.testHCatNonPartitionedTable[3]
org.apache.hive.hcatalog.mapreduce.TestHCatMutablePartitioned.testHCatPartitionedTable[3]
org.apache.hive.hcatalog.mapreduce.TestHCatNonPartitioned.testHCatNonPartitionedTable[3]
org.apache.hive.hcatalog.mapreduce.TestHCatPartitioned.testHCatPartitionedTable[3]
org.apache.hive.hcatalog.pig.TestE2EScenarios.testReadOrcAndRCFromPig
org.apache.hive.hcatalog.pig.TestHCatLoader.testColumnarStorePushdown2[3]
org.apache.hive.hcatalog.pig.TestHCatLoader.testColumnarStorePushdown[3]
org.apache.hive.hcatalog.pig.TestHCatLoader.testProjectionsBasic[3]
org.apache.hive.hcatalog.pig.TestHCatLoader.testReadDataBasic[3]
org.apache.hive.hcatalog.pig.TestHCatLoader.testReadPartitionedBasic[3]
org.apache.hive.hcatalog.pig.TestHCatLoaderComplexSchema.testMapNullKey[3]
org.apache.hive.hcatalog.pig.TestHCatLoaderComplexSchema.testMapWithComplexData[3]
org.apache.hive.hcatalog.pig.TestHCatLoaderComplexSchema.testSyntheticComplexSchema[3]
org.apache.hive.hcatalog.pig.TestHCatLoaderComplexSchema.testTupleInBagInTupleInBag[3]
org.apache.hive.hcatalog.pig.TestHCatStorer.testBagNStruct[3]
org.apache.hive.hcatalog.pig.TestHCatStorer.testDateCharTypes[3]
org.apache.hive.hcatalog.pig.TestHCatStorer.testPartColsInData[3]
org.apache.hive.hcatalog.pig.TestHCatStorer.testStoreFuncAllSimpleTypes[3]
org.apache.hive.hcatalog.pig.TestHCatStorer.testStoreInPartiitonedTbl[3]
org.apache.hive.hcatalog.pig.TestHCatStorer.testWriteChar[3]
org.apache.hive.hcatalog.pig.TestHCatStorer.testWriteDate2[3]
org.apache.hive.hcatalog.pig.TestHCatStorer.testWriteDate3[3]
org.apache.hive.hcatalog.pig.TestHCatStorer.testWriteDate[3]
org.apache.hive.hcatalog.pig.TestHCatStorer.testWriteDecimalXY[3]
org.apache.hive.hcatalog.pig.TestHCatStorer.testWriteDecimalX[3]
org.apache.hive.hcatalog.pig.TestHCatStorer.testWriteDecimal[3]
org.apache.hive.hcatalog.pig.TestHCatStorer.testWriteSmallint[3]
org.apache.hive.hcatalog.pig.TestHCatStorer.testWriteTimestamp[3]
org.apache.hive.hcatalog.pig.TestHCatStorer.testWriteTinyint[3]
org.apache.hive.hcatalog.pig.TestHCatStorer.testWriteVarchar[3]
org.apache.hive.jdbc.TestSSL.testSSLVersion
&lt;/pre&gt;
&lt;/div&gt;&lt;/div&gt;

&lt;p&gt;Test results: &lt;a href=&quot;http://ec2-174-129-184-35.compute-1.amazonaws.com/jenkins/job/PreCommit-HIVE-TRUNK-Build/5921/testReport&quot; class=&quot;external-link&quot; target=&quot;_blank&quot; rel=&quot;nofollow noopener&quot;&gt;http://ec2-174-129-184-35.compute-1.amazonaws.com/jenkins/job/PreCommit-HIVE-TRUNK-Build/5921/testReport&lt;/a&gt;&lt;br/&gt;
Console output: &lt;a href=&quot;http://ec2-174-129-184-35.compute-1.amazonaws.com/jenkins/job/PreCommit-HIVE-TRUNK-Build/5921/console&quot; class=&quot;external-link&quot; target=&quot;_blank&quot; rel=&quot;nofollow noopener&quot;&gt;http://ec2-174-129-184-35.compute-1.amazonaws.com/jenkins/job/PreCommit-HIVE-TRUNK-Build/5921/console&lt;/a&gt;&lt;br/&gt;
Test logs: &lt;a href=&quot;http://ec2-174-129-184-35.compute-1.amazonaws.com/logs/PreCommit-HIVE-TRUNK-Build-5921/&quot; class=&quot;external-link&quot; target=&quot;_blank&quot; rel=&quot;nofollow noopener&quot;&gt;http://ec2-174-129-184-35.compute-1.amazonaws.com/logs/PreCommit-HIVE-TRUNK-Build-5921/&lt;/a&gt;&lt;/p&gt;

&lt;p&gt;Messages:&lt;/p&gt;
&lt;div class=&quot;preformatted panel&quot; style=&quot;border-width: 1px;&quot;&gt;&lt;div class=&quot;preformattedContent panelContent&quot;&gt;
&lt;pre&gt;Executing org.apache.hive.ptest.execution.TestCheckPhase
Executing org.apache.hive.ptest.execution.PrepPhase
Executing org.apache.hive.ptest.execution.ExecutionPhase
Executing org.apache.hive.ptest.execution.ReportingPhase
Tests exited with: TestsFailedException: 46 tests failed
&lt;/pre&gt;
&lt;/div&gt;&lt;/div&gt;

&lt;p&gt;This message is automatically generated.&lt;/p&gt;

&lt;p&gt;ATTACHMENT ID: 12770579 - PreCommit-HIVE-TRUNK-Build&lt;/p&gt;</comment>
                            <comment id="14991647" author="hiveqa" created="Thu, 5 Nov 2015 13:20:48 +0000"  >

&lt;p&gt;Here are the results of testing the latest attachment:&lt;br/&gt;
&lt;a href=&quot;https://issues.apache.org/jira/secure/attachment/12770756/HIVE-11981.095.patch&quot; class=&quot;external-link&quot; rel=&quot;nofollow&quot;&gt;https://issues.apache.org/jira/secure/attachment/12770756/HIVE-11981.095.patch&lt;/a&gt;&lt;/p&gt;

&lt;p&gt;&lt;font color=&quot;green&quot;&gt;SUCCESS:&lt;/font&gt; +1 due to 17 test(s) being added or modified.&lt;/p&gt;

&lt;p&gt;&lt;font color=&quot;red&quot;&gt;ERROR:&lt;/font&gt; -1 due to 6 failed/errored test(s), 9791 tests executed&lt;br/&gt;
&lt;b&gt;Failed tests:&lt;/b&gt;&lt;/p&gt;
&lt;div class=&quot;preformatted panel&quot; style=&quot;border-width: 1px;&quot;&gt;&lt;div class=&quot;preformattedContent panelContent&quot;&gt;
&lt;pre&gt;org.apache.hadoop.hive.cli.TestHBaseCliDriver.testCliDriver_hbase_queries
org.apache.hadoop.hive.cli.TestNegativeCliDriver.testNegativeCliDriver_authorization_uri_import
org.apache.hadoop.hive.hwi.TestHWISessionManager.testHiveDriver
org.apache.hive.hcatalog.pig.TestHCatLoaderComplexSchema.testSyntheticComplexSchema[3]
org.apache.hive.hcatalog.pig.TestHCatStorer.testBagNStruct[3]
org.apache.hive.jdbc.TestSSL.testSSLVersion
&lt;/pre&gt;
&lt;/div&gt;&lt;/div&gt;

&lt;p&gt;Test results: &lt;a href=&quot;http://ec2-174-129-184-35.compute-1.amazonaws.com/jenkins/job/PreCommit-HIVE-TRUNK-Build/5930/testReport&quot; class=&quot;external-link&quot; target=&quot;_blank&quot; rel=&quot;nofollow noopener&quot;&gt;http://ec2-174-129-184-35.compute-1.amazonaws.com/jenkins/job/PreCommit-HIVE-TRUNK-Build/5930/testReport&lt;/a&gt;&lt;br/&gt;
Console output: &lt;a href=&quot;http://ec2-174-129-184-35.compute-1.amazonaws.com/jenkins/job/PreCommit-HIVE-TRUNK-Build/5930/console&quot; class=&quot;external-link&quot; target=&quot;_blank&quot; rel=&quot;nofollow noopener&quot;&gt;http://ec2-174-129-184-35.compute-1.amazonaws.com/jenkins/job/PreCommit-HIVE-TRUNK-Build/5930/console&lt;/a&gt;&lt;br/&gt;
Test logs: &lt;a href=&quot;http://ec2-174-129-184-35.compute-1.amazonaws.com/logs/PreCommit-HIVE-TRUNK-Build-5930/&quot; class=&quot;external-link&quot; target=&quot;_blank&quot; rel=&quot;nofollow noopener&quot;&gt;http://ec2-174-129-184-35.compute-1.amazonaws.com/logs/PreCommit-HIVE-TRUNK-Build-5930/&lt;/a&gt;&lt;/p&gt;

&lt;p&gt;Messages:&lt;/p&gt;
&lt;div class=&quot;preformatted panel&quot; style=&quot;border-width: 1px;&quot;&gt;&lt;div class=&quot;preformattedContent panelContent&quot;&gt;
&lt;pre&gt;Executing org.apache.hive.ptest.execution.TestCheckPhase
Executing org.apache.hive.ptest.execution.PrepPhase
Executing org.apache.hive.ptest.execution.ExecutionPhase
Executing org.apache.hive.ptest.execution.ReportingPhase
Tests exited with: TestsFailedException: 6 tests failed
&lt;/pre&gt;
&lt;/div&gt;&lt;/div&gt;

&lt;p&gt;This message is automatically generated.&lt;/p&gt;

&lt;p&gt;ATTACHMENT ID: 12770756 - PreCommit-HIVE-TRUNK-Build&lt;/p&gt;</comment>
                            <comment id="14991875" author="mmccline" created="Thu, 5 Nov 2015 16:02:30 +0000"  >&lt;p&gt;Made changes to HCatalog &amp;#8211; so:&lt;/p&gt;

&lt;div class=&quot;code panel&quot; style=&quot;border-width: 1px;&quot;&gt;&lt;div class=&quot;codeContent panelContent&quot;&gt;
&lt;pre class=&quot;code-java&quot;&gt;org.apache.hive.hcatalog.pig.TestHCatLoaderComplexSchema.testSyntheticComplexSchema and org.apache.hive.hcatalog.pig.TestHCatStorer.testBagNStruct
&lt;/pre&gt;
&lt;/div&gt;&lt;/div&gt;

&lt;p&gt;could be related.  So, now just 2 failures?&lt;/p&gt;</comment>
                            <comment id="14994101" author="hiveqa" created="Fri, 6 Nov 2015 18:07:07 +0000"  >

&lt;p&gt;Here are the results of testing the latest attachment:&lt;br/&gt;
&lt;a href=&quot;https://issues.apache.org/jira/secure/attachment/12770975/HIVE-11981.096.patch&quot; class=&quot;external-link&quot; rel=&quot;nofollow&quot;&gt;https://issues.apache.org/jira/secure/attachment/12770975/HIVE-11981.096.patch&lt;/a&gt;&lt;/p&gt;

&lt;p&gt;&lt;font color=&quot;green&quot;&gt;SUCCESS:&lt;/font&gt; +1 due to 22 test(s) being added or modified.&lt;/p&gt;

&lt;p&gt;&lt;font color=&quot;red&quot;&gt;ERROR:&lt;/font&gt; -1 due to 15 failed/errored test(s), 9809 tests executed&lt;br/&gt;
&lt;b&gt;Failed tests:&lt;/b&gt;&lt;/p&gt;
&lt;div class=&quot;preformatted panel&quot; style=&quot;border-width: 1px;&quot;&gt;&lt;div class=&quot;preformattedContent panelContent&quot;&gt;
&lt;pre&gt;org.apache.hadoop.hive.cli.TestCliDriver.testCliDriver_schema_evol_orc_acid_mapwork_table
org.apache.hadoop.hive.cli.TestCliDriver.testCliDriver_schema_evol_orc_acidvec_mapwork_part
org.apache.hadoop.hive.cli.TestCliDriver.testCliDriver_schema_evol_orc_acidvec_mapwork_table
org.apache.hadoop.hive.cli.TestCliDriver.testCliDriver_vector_partition_diff_num_cols
org.apache.hadoop.hive.cli.TestHBaseCliDriver.testCliDriver_hbase_queries
org.apache.hadoop.hive.cli.TestMiniTezCliDriver.testCliDriver_schema_evol_orc_acid_mapwork_part
org.apache.hadoop.hive.cli.TestMiniTezCliDriver.testCliDriver_schema_evol_orc_acid_mapwork_table
org.apache.hadoop.hive.cli.TestMiniTezCliDriver.testCliDriver_schema_evol_orc_acidvec_mapwork_part
org.apache.hadoop.hive.cli.TestMiniTezCliDriver.testCliDriver_schema_evol_orc_acidvec_mapwork_table
org.apache.hadoop.hive.cli.TestMiniTezCliDriver.testCliDriver_vector_partition_diff_num_cols
org.apache.hadoop.hive.cli.TestNegativeCliDriver.testNegativeCliDriver_authorization_uri_import
org.apache.hadoop.hive.hwi.TestHWISessionManager.testHiveDriver
org.apache.hive.hcatalog.pig.TestHCatLoaderComplexSchema.testSyntheticComplexSchema[3]
org.apache.hive.hcatalog.pig.TestHCatStorer.testBagNStruct[3]
org.apache.hive.jdbc.TestSSL.testSSLVersion
&lt;/pre&gt;
&lt;/div&gt;&lt;/div&gt;

&lt;p&gt;Test results: &lt;a href=&quot;http://ec2-174-129-184-35.compute-1.amazonaws.com/jenkins/job/PreCommit-HIVE-TRUNK-Build/5952/testReport&quot; class=&quot;external-link&quot; target=&quot;_blank&quot; rel=&quot;nofollow noopener&quot;&gt;http://ec2-174-129-184-35.compute-1.amazonaws.com/jenkins/job/PreCommit-HIVE-TRUNK-Build/5952/testReport&lt;/a&gt;&lt;br/&gt;
Console output: &lt;a href=&quot;http://ec2-174-129-184-35.compute-1.amazonaws.com/jenkins/job/PreCommit-HIVE-TRUNK-Build/5952/console&quot; class=&quot;external-link&quot; target=&quot;_blank&quot; rel=&quot;nofollow noopener&quot;&gt;http://ec2-174-129-184-35.compute-1.amazonaws.com/jenkins/job/PreCommit-HIVE-TRUNK-Build/5952/console&lt;/a&gt;&lt;br/&gt;
Test logs: &lt;a href=&quot;http://ec2-174-129-184-35.compute-1.amazonaws.com/logs/PreCommit-HIVE-TRUNK-Build-5952/&quot; class=&quot;external-link&quot; target=&quot;_blank&quot; rel=&quot;nofollow noopener&quot;&gt;http://ec2-174-129-184-35.compute-1.amazonaws.com/logs/PreCommit-HIVE-TRUNK-Build-5952/&lt;/a&gt;&lt;/p&gt;

&lt;p&gt;Messages:&lt;/p&gt;
&lt;div class=&quot;preformatted panel&quot; style=&quot;border-width: 1px;&quot;&gt;&lt;div class=&quot;preformattedContent panelContent&quot;&gt;
&lt;pre&gt;Executing org.apache.hive.ptest.execution.TestCheckPhase
Executing org.apache.hive.ptest.execution.PrepPhase
Executing org.apache.hive.ptest.execution.ExecutionPhase
Executing org.apache.hive.ptest.execution.ReportingPhase
Tests exited with: TestsFailedException: 15 tests failed
&lt;/pre&gt;
&lt;/div&gt;&lt;/div&gt;

&lt;p&gt;This message is automatically generated.&lt;/p&gt;

&lt;p&gt;ATTACHMENT ID: 12770975 - PreCommit-HIVE-TRUNK-Build&lt;/p&gt;</comment>
                            <comment id="14995078" author="hiveqa" created="Sat, 7 Nov 2015 07:07:31 +0000"  >

&lt;p&gt;Here are the results of testing the latest attachment:&lt;br/&gt;
&lt;a href=&quot;https://issues.apache.org/jira/secure/attachment/12771124/HIVE-11981.097.patch&quot; class=&quot;external-link&quot; rel=&quot;nofollow&quot;&gt;https://issues.apache.org/jira/secure/attachment/12771124/HIVE-11981.097.patch&lt;/a&gt;&lt;/p&gt;

&lt;p&gt;&lt;font color=&quot;green&quot;&gt;SUCCESS:&lt;/font&gt; +1 due to 22 test(s) being added or modified.&lt;/p&gt;

&lt;p&gt;&lt;font color=&quot;red&quot;&gt;ERROR:&lt;/font&gt; -1 due to 9 failed/errored test(s), 9810 tests executed&lt;br/&gt;
&lt;b&gt;Failed tests:&lt;/b&gt;&lt;/p&gt;
&lt;div class=&quot;preformatted panel&quot; style=&quot;border-width: 1px;&quot;&gt;&lt;div class=&quot;preformattedContent panelContent&quot;&gt;
&lt;pre&gt;org.apache.hadoop.hive.cli.TestCliDriver.testCliDriver_udaf_histogram_numeric
org.apache.hadoop.hive.cli.TestCliDriver.testCliDriver_vector_partition_diff_num_cols
org.apache.hadoop.hive.cli.TestHBaseCliDriver.testCliDriver_hbase_queries
org.apache.hadoop.hive.cli.TestMiniTezCliDriver.testCliDriver_vector_partition_diff_num_cols
org.apache.hadoop.hive.cli.TestNegativeCliDriver.testNegativeCliDriver_authorization_uri_import
org.apache.hadoop.hive.hwi.TestHWISessionManager.testHiveDriver
org.apache.hive.hcatalog.pig.TestHCatLoaderComplexSchema.testSyntheticComplexSchema[3]
org.apache.hive.hcatalog.pig.TestHCatStorer.testBagNStruct[3]
org.apache.hive.jdbc.TestSSL.testSSLVersion
&lt;/pre&gt;
&lt;/div&gt;&lt;/div&gt;

&lt;p&gt;Test results: &lt;a href=&quot;http://ec2-174-129-184-35.compute-1.amazonaws.com/jenkins/job/PreCommit-HIVE-TRUNK-Build/5959/testReport&quot; class=&quot;external-link&quot; target=&quot;_blank&quot; rel=&quot;nofollow noopener&quot;&gt;http://ec2-174-129-184-35.compute-1.amazonaws.com/jenkins/job/PreCommit-HIVE-TRUNK-Build/5959/testReport&lt;/a&gt;&lt;br/&gt;
Console output: &lt;a href=&quot;http://ec2-174-129-184-35.compute-1.amazonaws.com/jenkins/job/PreCommit-HIVE-TRUNK-Build/5959/console&quot; class=&quot;external-link&quot; target=&quot;_blank&quot; rel=&quot;nofollow noopener&quot;&gt;http://ec2-174-129-184-35.compute-1.amazonaws.com/jenkins/job/PreCommit-HIVE-TRUNK-Build/5959/console&lt;/a&gt;&lt;br/&gt;
Test logs: &lt;a href=&quot;http://ec2-174-129-184-35.compute-1.amazonaws.com/logs/PreCommit-HIVE-TRUNK-Build-5959/&quot; class=&quot;external-link&quot; target=&quot;_blank&quot; rel=&quot;nofollow noopener&quot;&gt;http://ec2-174-129-184-35.compute-1.amazonaws.com/logs/PreCommit-HIVE-TRUNK-Build-5959/&lt;/a&gt;&lt;/p&gt;

&lt;p&gt;Messages:&lt;/p&gt;
&lt;div class=&quot;preformatted panel&quot; style=&quot;border-width: 1px;&quot;&gt;&lt;div class=&quot;preformattedContent panelContent&quot;&gt;
&lt;pre&gt;Executing org.apache.hive.ptest.execution.TestCheckPhase
Executing org.apache.hive.ptest.execution.PrepPhase
Executing org.apache.hive.ptest.execution.ExecutionPhase
Executing org.apache.hive.ptest.execution.ReportingPhase
Tests exited with: TestsFailedException: 9 tests failed
&lt;/pre&gt;
&lt;/div&gt;&lt;/div&gt;

&lt;p&gt;This message is automatically generated.&lt;/p&gt;

&lt;p&gt;ATTACHMENT ID: 12771124 - PreCommit-HIVE-TRUNK-Build&lt;/p&gt;</comment>
                            <comment id="14997738" author="owen.omalley" created="Tue, 10 Nov 2015 00:32:18 +0000"  >&lt;p&gt;You should create a wiki page with the supported schema evolution.&lt;/p&gt;</comment>
                            <comment id="14997767" author="owen.omalley" created="Tue, 10 Nov 2015 01:03:32 +0000"  >&lt;p&gt;Ok, we need to do some work to avoid tying ORC back into Hive. In particular, we need should add to OrcFile.ReaderOptions a method to set the desired schema. It should look like:&lt;/p&gt;

&lt;div class=&quot;code panel&quot; style=&quot;border-width: 1px;&quot;&gt;&lt;div class=&quot;codeContent panelContent&quot;&gt;
&lt;pre class=&quot;code-java&quot;&gt;  /**
   * Define the schema that the reader should read as.
   */
  &lt;span class=&quot;code-keyword&quot;&gt;public&lt;/span&gt; ReaderOptions schema(TypeDescription schema);

 /**
  * The accessor &lt;span class=&quot;code-keyword&quot;&gt;for&lt;/span&gt; the schema to read as.
  */
  TypeDescription getSchema();
&lt;/pre&gt;
&lt;/div&gt;&lt;/div&gt;

&lt;p&gt;The OrcInputFormat should use the SchemaEvolution code to figure out whether to call ReaderOptions.schema on the underlying Reader. (You could also put this into Reader.Options, which is the options object used to create RecordReaders.) The critical piece is that OrcFile and the parts under it can&apos;t depend on anything from serde or io.&lt;/p&gt;
</comment>
                            <comment id="15000679" author="hiveqa" created="Wed, 11 Nov 2015 17:00:37 +0000"  >

&lt;p&gt;Here are the results of testing the latest attachment:&lt;br/&gt;
&lt;a href=&quot;https://issues.apache.org/jira/secure/attachment/12771702/HIVE-11981.098.patch&quot; class=&quot;external-link&quot; rel=&quot;nofollow&quot;&gt;https://issues.apache.org/jira/secure/attachment/12771702/HIVE-11981.098.patch&lt;/a&gt;&lt;/p&gt;

&lt;p&gt;&lt;font color=&quot;green&quot;&gt;SUCCESS:&lt;/font&gt; +1 due to 22 test(s) being added or modified.&lt;/p&gt;

&lt;p&gt;&lt;font color=&quot;red&quot;&gt;ERROR:&lt;/font&gt; -1 due to 8 failed/errored test(s), 9813 tests executed&lt;br/&gt;
&lt;b&gt;Failed tests:&lt;/b&gt;&lt;/p&gt;
&lt;div class=&quot;preformatted panel&quot; style=&quot;border-width: 1px;&quot;&gt;&lt;div class=&quot;preformattedContent panelContent&quot;&gt;
&lt;pre&gt;org.apache.hadoop.hive.cli.TestCliDriver.testCliDriver_cbo_rp_annotate_stats_groupby
org.apache.hadoop.hive.cli.TestCliDriver.testCliDriver_transform_acid
org.apache.hadoop.hive.cli.TestCliDriver.testCliDriver_vector_partition_diff_num_cols
org.apache.hadoop.hive.cli.TestMiniTezCliDriver.testCliDriver_vector_partition_diff_num_cols
org.apache.hadoop.hive.cli.TestNegativeCliDriver.testNegativeCliDriver_authorization_uri_import
org.apache.hadoop.hive.hwi.TestHWISessionManager.testHiveDriver
org.apache.hadoop.hive.metastore.hbase.TestHBaseImport.org.apache.hadoop.hive.metastore.hbase.TestHBaseImport
org.apache.hive.jdbc.TestSSL.testSSLVersion
&lt;/pre&gt;
&lt;/div&gt;&lt;/div&gt;

&lt;p&gt;Test results: &lt;a href=&quot;http://ec2-174-129-184-35.compute-1.amazonaws.com/jenkins/job/PreCommit-HIVE-TRUNK-Build/5999/testReport&quot; class=&quot;external-link&quot; target=&quot;_blank&quot; rel=&quot;nofollow noopener&quot;&gt;http://ec2-174-129-184-35.compute-1.amazonaws.com/jenkins/job/PreCommit-HIVE-TRUNK-Build/5999/testReport&lt;/a&gt;&lt;br/&gt;
Console output: &lt;a href=&quot;http://ec2-174-129-184-35.compute-1.amazonaws.com/jenkins/job/PreCommit-HIVE-TRUNK-Build/5999/console&quot; class=&quot;external-link&quot; target=&quot;_blank&quot; rel=&quot;nofollow noopener&quot;&gt;http://ec2-174-129-184-35.compute-1.amazonaws.com/jenkins/job/PreCommit-HIVE-TRUNK-Build/5999/console&lt;/a&gt;&lt;br/&gt;
Test logs: &lt;a href=&quot;http://ec2-174-129-184-35.compute-1.amazonaws.com/logs/PreCommit-HIVE-TRUNK-Build-5999/&quot; class=&quot;external-link&quot; target=&quot;_blank&quot; rel=&quot;nofollow noopener&quot;&gt;http://ec2-174-129-184-35.compute-1.amazonaws.com/logs/PreCommit-HIVE-TRUNK-Build-5999/&lt;/a&gt;&lt;/p&gt;

&lt;p&gt;Messages:&lt;/p&gt;
&lt;div class=&quot;preformatted panel&quot; style=&quot;border-width: 1px;&quot;&gt;&lt;div class=&quot;preformattedContent panelContent&quot;&gt;
&lt;pre&gt;Executing org.apache.hive.ptest.execution.TestCheckPhase
Executing org.apache.hive.ptest.execution.PrepPhase
Executing org.apache.hive.ptest.execution.ExecutionPhase
Executing org.apache.hive.ptest.execution.ReportingPhase
Tests exited with: TestsFailedException: 8 tests failed
&lt;/pre&gt;
&lt;/div&gt;&lt;/div&gt;

&lt;p&gt;This message is automatically generated.&lt;/p&gt;

&lt;p&gt;ATTACHMENT ID: 12771702 - PreCommit-HIVE-TRUNK-Build&lt;/p&gt;</comment>
                            <comment id="15001016" author="mmccline" created="Wed, 11 Nov 2015 20:20:37 +0000"  >
&lt;p&gt;transform_acid.q could definitely be related to this change.&lt;/p&gt;

&lt;p&gt;MR/Tez vector_partition_diff_num_cols.q need a minor golden file update (Execution mode: vectorized).&lt;/p&gt;

&lt;p&gt;The others are old or seem unrelated.&lt;/p&gt;</comment>
                            <comment id="15001026" author="mmccline" created="Wed, 11 Nov 2015 20:26:21 +0000"  >&lt;p&gt;Thanks &lt;a href=&quot;https://issues.apache.org/jira/secure/ViewProfile.jspa?name=omalley&quot; class=&quot;user-hover&quot; rel=&quot;omalley&quot;&gt;omalley&lt;/a&gt;.  I added schemaTypes to Reader.Options and segregated the ORC Hive related stuff like examining configuration variables into the OrcFileFormat and related classes.  When RecordReaderImpl gets the schemaTypes it then does validation against the actual fileTypes to make sure the schema evolution is ok.  Then, internally, it forms a TreeReaderSchema object to direct TreeReaderFactory on how to create the tree readers.&lt;/p&gt;</comment>
                            <comment id="15001030" author="mmccline" created="Wed, 11 Nov 2015 20:27:22 +0000"  >&lt;p&gt;FYI &lt;a href=&quot;https://issues.apache.org/jira/secure/ViewProfile.jspa?name=prasanth_j&quot; class=&quot;user-hover&quot; rel=&quot;prasanth_j&quot;&gt;prasanth_j&lt;/a&gt;.&lt;/p&gt;</comment>
                            <comment id="15001106" author="mmccline" created="Wed, 11 Nov 2015 21:18:47 +0000"  >&lt;p&gt;transform_acid.q Hive QA hive.log:&lt;/p&gt;

&lt;div class=&quot;code panel&quot; style=&quot;border-width: 1px;&quot;&gt;&lt;div class=&quot;codeContent panelContent&quot;&gt;
&lt;pre class=&quot;code-java&quot;&gt;java.lang.Exception: java.lang.RuntimeException: Hive &lt;span class=&quot;code-object&quot;&gt;Runtime&lt;/span&gt; Error &lt;span class=&quot;code-keyword&quot;&gt;while&lt;/span&gt; closing operators
	at org.apache.hadoop.mapred.LocalJobRunner$Job.runTasks(LocalJobRunner.java:462) ~[hadoop-mapreduce-client-common-2.6.0.jar:?]
	at org.apache.hadoop.mapred.LocalJobRunner$Job.run(LocalJobRunner.java:522) [hadoop-mapreduce-client-common-2.6.0.jar:?]
Caused by: java.lang.RuntimeException: Hive &lt;span class=&quot;code-object&quot;&gt;Runtime&lt;/span&gt; Error &lt;span class=&quot;code-keyword&quot;&gt;while&lt;/span&gt; closing operators
	at org.apache.hadoop.hive.ql.exec.mr.ExecMapper.close(ExecMapper.java:204) ~[hive-exec-2.0.0-SNAPSHOT.jar:2.0.0-SNAPSHOT]
	at org.apache.hadoop.mapred.MapRunner.run(MapRunner.java:61) ~[hadoop-mapreduce-client-core-2.6.0.jar:?]
	at org.apache.hadoop.mapred.MapTask.runOldMapper(MapTask.java:450) ~[hadoop-mapreduce-client-core-2.6.0.jar:?]
	at org.apache.hadoop.mapred.MapTask.run(MapTask.java:343) ~[hadoop-mapreduce-client-core-2.6.0.jar:?]
	at org.apache.hadoop.mapred.LocalJobRunner$Job$MapTaskRunnable.run(LocalJobRunner.java:243) ~[hadoop-mapreduce-client-common-2.6.0.jar:?]
	at java.util.concurrent.Executors$RunnableAdapter.call(Executors.java:471) ~[?:1.7.0_45]
	at java.util.concurrent.FutureTask.run(FutureTask.java:262) ~[?:1.7.0_45]
	at java.util.concurrent.ThreadPoolExecutor.runWorker(ThreadPoolExecutor.java:1145) ~[?:1.7.0_45]
	at java.util.concurrent.ThreadPoolExecutor$Worker.run(ThreadPoolExecutor.java:615) ~[?:1.7.0_45]
	at java.lang.&lt;span class=&quot;code-object&quot;&gt;Thread&lt;/span&gt;.run(&lt;span class=&quot;code-object&quot;&gt;Thread&lt;/span&gt;.java:744) ~[?:1.7.0_45]
Caused by: org.apache.hadoop.hive.ql.metadata.HiveException: [Error 20003]: An error occurred when trying to close the Operator running your custom script.
	at org.apache.hadoop.hive.ql.exec.ScriptOperator.close(ScriptOperator.java:562) ~[hive-exec-2.0.0-SNAPSHOT.jar:2.0.0-SNAPSHOT]
	at org.apache.hadoop.hive.ql.exec.Operator.close(Operator.java:670) ~[hive-exec-2.0.0-SNAPSHOT.jar:2.0.0-SNAPSHOT]
	at org.apache.hadoop.hive.ql.exec.Operator.close(Operator.java:670) ~[hive-exec-2.0.0-SNAPSHOT.jar:2.0.0-SNAPSHOT]
	at org.apache.hadoop.hive.ql.exec.Operator.close(Operator.java:670) ~[hive-exec-2.0.0-SNAPSHOT.jar:2.0.0-SNAPSHOT]
	at org.apache.hadoop.hive.ql.exec.mr.ExecMapper.close(ExecMapper.java:186) ~[hive-exec-2.0.0-SNAPSHOT.jar:2.0.0-SNAPSHOT]
	at org.apache.hadoop.mapred.MapRunner.run(MapRunner.java:61) ~[hadoop-mapreduce-client-core-2.6.0.jar:?]
	at org.apache.hadoop.mapred.MapTask.runOldMapper(MapTask.java:450) ~[hadoop-mapreduce-client-core-2.6.0.jar:?]
	at org.apache.hadoop.mapred.MapTask.run(MapTask.java:343) ~[hadoop-mapreduce-client-core-2.6.0.jar:?]
	at org.apache.hadoop.mapred.LocalJobRunner$Job$MapTaskRunnable.run(LocalJobRunner.java:243) ~[hadoop-mapreduce-client-common-2.6.0.jar:?]
	at java.util.concurrent.Executors$RunnableAdapter.call(Executors.java:471) ~[?:1.7.0_45]
	at java.util.concurrent.FutureTask.run(FutureTask.java:262) ~[?:1.7.0_45]
	at java.util.concurrent.ThreadPoolExecutor.runWorker(ThreadPoolExecutor.java:1145) ~[?:1.7.0_45]
	at java.util.concurrent.ThreadPoolExecutor$Worker.run(ThreadPoolExecutor.java:615) ~[?:1.7.0_45]
	at java.lang.&lt;span class=&quot;code-object&quot;&gt;Thread&lt;/span&gt;.run(&lt;span class=&quot;code-object&quot;&gt;Thread&lt;/span&gt;.java:744) ~[?:1.7.0_45]
&lt;/pre&gt;
&lt;/div&gt;&lt;/div&gt;

&lt;p&gt;It doesn&apos;t fail on my laptop.&lt;/p&gt;</comment>
                            <comment id="15001281" author="prasanth_j" created="Wed, 11 Nov 2015 22:51:32 +0000"  >&lt;p&gt;Left some more comments in RB.&lt;/p&gt;</comment>
                            <comment id="15002644" author="hiveqa" created="Thu, 12 Nov 2015 18:57:37 +0000"  >

&lt;p&gt;Here are the results of testing the latest attachment:&lt;br/&gt;
&lt;a href=&quot;https://issues.apache.org/jira/secure/attachment/12771944/HIVE-11981.099.patch&quot; class=&quot;external-link&quot; rel=&quot;nofollow&quot;&gt;https://issues.apache.org/jira/secure/attachment/12771944/HIVE-11981.099.patch&lt;/a&gt;&lt;/p&gt;

&lt;p&gt;&lt;font color=&quot;green&quot;&gt;SUCCESS:&lt;/font&gt; +1 due to 22 test(s) being added or modified.&lt;/p&gt;

&lt;p&gt;&lt;font color=&quot;red&quot;&gt;ERROR:&lt;/font&gt; -1 due to 4 failed/errored test(s), 9814 tests executed&lt;br/&gt;
&lt;b&gt;Failed tests:&lt;/b&gt;&lt;/p&gt;
&lt;div class=&quot;preformatted panel&quot; style=&quot;border-width: 1px;&quot;&gt;&lt;div class=&quot;preformattedContent panelContent&quot;&gt;
&lt;pre&gt;org.apache.hadoop.hive.cli.TestCliDriver.testCliDriver_cbo_rp_annotate_stats_groupby
org.apache.hadoop.hive.cli.TestNegativeCliDriver.testNegativeCliDriver_authorization_uri_import
org.apache.hadoop.hive.hwi.TestHWISessionManager.testHiveDriver
org.apache.hive.jdbc.TestSSL.testSSLVersion
&lt;/pre&gt;
&lt;/div&gt;&lt;/div&gt;

&lt;p&gt;Test results: &lt;a href=&quot;http://ec2-174-129-184-35.compute-1.amazonaws.com/jenkins/job/PreCommit-HIVE-TRUNK-Build/6014/testReport&quot; class=&quot;external-link&quot; target=&quot;_blank&quot; rel=&quot;nofollow noopener&quot;&gt;http://ec2-174-129-184-35.compute-1.amazonaws.com/jenkins/job/PreCommit-HIVE-TRUNK-Build/6014/testReport&lt;/a&gt;&lt;br/&gt;
Console output: &lt;a href=&quot;http://ec2-174-129-184-35.compute-1.amazonaws.com/jenkins/job/PreCommit-HIVE-TRUNK-Build/6014/console&quot; class=&quot;external-link&quot; target=&quot;_blank&quot; rel=&quot;nofollow noopener&quot;&gt;http://ec2-174-129-184-35.compute-1.amazonaws.com/jenkins/job/PreCommit-HIVE-TRUNK-Build/6014/console&lt;/a&gt;&lt;br/&gt;
Test logs: &lt;a href=&quot;http://ec2-174-129-184-35.compute-1.amazonaws.com/logs/PreCommit-HIVE-TRUNK-Build-6014/&quot; class=&quot;external-link&quot; target=&quot;_blank&quot; rel=&quot;nofollow noopener&quot;&gt;http://ec2-174-129-184-35.compute-1.amazonaws.com/logs/PreCommit-HIVE-TRUNK-Build-6014/&lt;/a&gt;&lt;/p&gt;

&lt;p&gt;Messages:&lt;/p&gt;
&lt;div class=&quot;preformatted panel&quot; style=&quot;border-width: 1px;&quot;&gt;&lt;div class=&quot;preformattedContent panelContent&quot;&gt;
&lt;pre&gt;Executing org.apache.hive.ptest.execution.TestCheckPhase
Executing org.apache.hive.ptest.execution.PrepPhase
Executing org.apache.hive.ptest.execution.ExecutionPhase
Executing org.apache.hive.ptest.execution.ReportingPhase
Tests exited with: TestsFailedException: 4 tests failed
&lt;/pre&gt;
&lt;/div&gt;&lt;/div&gt;

&lt;p&gt;This message is automatically generated.&lt;/p&gt;

&lt;p&gt;ATTACHMENT ID: 12771944 - PreCommit-HIVE-TRUNK-Build&lt;/p&gt;</comment>
                            <comment id="15002796" author="mmccline" created="Thu, 12 Nov 2015 19:56:09 +0000"  >&lt;p&gt;&lt;a href=&quot;https://issues.apache.org/jira/secure/ViewProfile.jspa?name=prasanth_j&quot; class=&quot;user-hover&quot; rel=&quot;prasanth_j&quot;&gt;prasanth_j&lt;/a&gt; A clean Hive QA run!&lt;/p&gt;</comment>
                            <comment id="15005808" author="hiveqa" created="Sun, 15 Nov 2015 08:56:42 +0000"  >

&lt;p&gt;Here are the results of testing the latest attachment:&lt;br/&gt;
&lt;a href=&quot;https://issues.apache.org/jira/secure/attachment/12772334/HIVE-11981.0991.patch&quot; class=&quot;external-link&quot; rel=&quot;nofollow&quot;&gt;https://issues.apache.org/jira/secure/attachment/12772334/HIVE-11981.0991.patch&lt;/a&gt;&lt;/p&gt;

&lt;p&gt;&lt;font color=&quot;green&quot;&gt;SUCCESS:&lt;/font&gt; +1 due to 22 test(s) being added or modified.&lt;/p&gt;

&lt;p&gt;&lt;font color=&quot;red&quot;&gt;ERROR:&lt;/font&gt; -1 due to 5 failed/errored test(s), 9815 tests executed&lt;br/&gt;
&lt;b&gt;Failed tests:&lt;/b&gt;&lt;/p&gt;
&lt;div class=&quot;preformatted panel&quot; style=&quot;border-width: 1px;&quot;&gt;&lt;div class=&quot;preformattedContent panelContent&quot;&gt;
&lt;pre&gt;TestHWISessionManager - did not produce a TEST-*.xml file
org.apache.hadoop.hive.cli.TestCliDriver.testCliDriver_cbo_rp_annotate_stats_groupby
org.apache.hadoop.hive.cli.TestMinimrCliDriver.testCliDriver_schemeAuthority
org.apache.hadoop.hive.cli.TestNegativeCliDriver.testNegativeCliDriver_authorization_uri_import
org.apache.hive.jdbc.TestSSL.testSSLVersion
&lt;/pre&gt;
&lt;/div&gt;&lt;/div&gt;

&lt;p&gt;Test results: &lt;a href=&quot;http://ec2-174-129-184-35.compute-1.amazonaws.com/jenkins/job/PreCommit-HIVE-TRUNK-Build/6042/testReport&quot; class=&quot;external-link&quot; target=&quot;_blank&quot; rel=&quot;nofollow noopener&quot;&gt;http://ec2-174-129-184-35.compute-1.amazonaws.com/jenkins/job/PreCommit-HIVE-TRUNK-Build/6042/testReport&lt;/a&gt;&lt;br/&gt;
Console output: &lt;a href=&quot;http://ec2-174-129-184-35.compute-1.amazonaws.com/jenkins/job/PreCommit-HIVE-TRUNK-Build/6042/console&quot; class=&quot;external-link&quot; target=&quot;_blank&quot; rel=&quot;nofollow noopener&quot;&gt;http://ec2-174-129-184-35.compute-1.amazonaws.com/jenkins/job/PreCommit-HIVE-TRUNK-Build/6042/console&lt;/a&gt;&lt;br/&gt;
Test logs: &lt;a href=&quot;http://ec2-174-129-184-35.compute-1.amazonaws.com/logs/PreCommit-HIVE-TRUNK-Build-6042/&quot; class=&quot;external-link&quot; target=&quot;_blank&quot; rel=&quot;nofollow noopener&quot;&gt;http://ec2-174-129-184-35.compute-1.amazonaws.com/logs/PreCommit-HIVE-TRUNK-Build-6042/&lt;/a&gt;&lt;/p&gt;

&lt;p&gt;Messages:&lt;/p&gt;
&lt;div class=&quot;preformatted panel&quot; style=&quot;border-width: 1px;&quot;&gt;&lt;div class=&quot;preformattedContent panelContent&quot;&gt;
&lt;pre&gt;Executing org.apache.hive.ptest.execution.TestCheckPhase
Executing org.apache.hive.ptest.execution.PrepPhase
Executing org.apache.hive.ptest.execution.ExecutionPhase
Executing org.apache.hive.ptest.execution.ReportingPhase
Tests exited with: TestsFailedException: 5 tests failed
&lt;/pre&gt;
&lt;/div&gt;&lt;/div&gt;

&lt;p&gt;This message is automatically generated.&lt;/p&gt;

&lt;p&gt;ATTACHMENT ID: 12772334 - PreCommit-HIVE-TRUNK-Build&lt;/p&gt;</comment>
                            <comment id="15007490" author="prasanth_j" created="Mon, 16 Nov 2015 22:27:54 +0000"  >&lt;p&gt;There is only one unaddressed comment in Vectorizer.java. Other than that patch looks good to me. +1&lt;/p&gt;</comment>
                            <comment id="15010045" author="mmccline" created="Wed, 18 Nov 2015 02:18:32 +0000"  >&lt;p&gt;Rebase during very long Hive QA queue.&lt;/p&gt;</comment>
                            <comment id="15011117" author="hiveqa" created="Wed, 18 Nov 2015 14:51:27 +0000"  >

&lt;p&gt;Here are the results of testing the latest attachment:&lt;br/&gt;
&lt;a href=&quot;https://issues.apache.org/jira/secure/attachment/12772897/HIVE-11981.0992.patch&quot; class=&quot;external-link&quot; rel=&quot;nofollow&quot;&gt;https://issues.apache.org/jira/secure/attachment/12772897/HIVE-11981.0992.patch&lt;/a&gt;&lt;/p&gt;

&lt;p&gt;&lt;font color=&quot;green&quot;&gt;SUCCESS:&lt;/font&gt; +1 due to 22 test(s) being added or modified.&lt;/p&gt;

&lt;p&gt;&lt;font color=&quot;red&quot;&gt;ERROR:&lt;/font&gt; -1 due to 3 failed/errored test(s), 9845 tests executed&lt;br/&gt;
&lt;b&gt;Failed tests:&lt;/b&gt;&lt;/p&gt;
&lt;div class=&quot;preformatted panel&quot; style=&quot;border-width: 1px;&quot;&gt;&lt;div class=&quot;preformattedContent panelContent&quot;&gt;
&lt;pre&gt;TestHWISessionManager - did not produce a TEST-*.xml file
org.apache.hadoop.hive.cli.TestNegativeCliDriver.testNegativeCliDriver_authorization_uri_import
org.apache.hive.jdbc.TestSSL.testSSLVersion
&lt;/pre&gt;
&lt;/div&gt;&lt;/div&gt;

&lt;p&gt;Test results: &lt;a href=&quot;http://ec2-174-129-184-35.compute-1.amazonaws.com/jenkins/job/PreCommit-HIVE-TRUNK-Build/6065/testReport&quot; class=&quot;external-link&quot; target=&quot;_blank&quot; rel=&quot;nofollow noopener&quot;&gt;http://ec2-174-129-184-35.compute-1.amazonaws.com/jenkins/job/PreCommit-HIVE-TRUNK-Build/6065/testReport&lt;/a&gt;&lt;br/&gt;
Console output: &lt;a href=&quot;http://ec2-174-129-184-35.compute-1.amazonaws.com/jenkins/job/PreCommit-HIVE-TRUNK-Build/6065/console&quot; class=&quot;external-link&quot; target=&quot;_blank&quot; rel=&quot;nofollow noopener&quot;&gt;http://ec2-174-129-184-35.compute-1.amazonaws.com/jenkins/job/PreCommit-HIVE-TRUNK-Build/6065/console&lt;/a&gt;&lt;br/&gt;
Test logs: &lt;a href=&quot;http://ec2-174-129-184-35.compute-1.amazonaws.com/logs/PreCommit-HIVE-TRUNK-Build-6065/&quot; class=&quot;external-link&quot; target=&quot;_blank&quot; rel=&quot;nofollow noopener&quot;&gt;http://ec2-174-129-184-35.compute-1.amazonaws.com/logs/PreCommit-HIVE-TRUNK-Build-6065/&lt;/a&gt;&lt;/p&gt;

&lt;p&gt;Messages:&lt;/p&gt;
&lt;div class=&quot;preformatted panel&quot; style=&quot;border-width: 1px;&quot;&gt;&lt;div class=&quot;preformattedContent panelContent&quot;&gt;
&lt;pre&gt;Executing org.apache.hive.ptest.execution.TestCheckPhase
Executing org.apache.hive.ptest.execution.PrepPhase
Executing org.apache.hive.ptest.execution.ExecutionPhase
Executing org.apache.hive.ptest.execution.ReportingPhase
Tests exited with: TestsFailedException: 3 tests failed
&lt;/pre&gt;
&lt;/div&gt;&lt;/div&gt;

&lt;p&gt;This message is automatically generated.&lt;/p&gt;

&lt;p&gt;ATTACHMENT ID: 12772897 - PreCommit-HIVE-TRUNK-Build&lt;/p&gt;</comment>
                            <comment id="15011121" author="mmccline" created="Wed, 18 Nov 2015 14:52:50 +0000"  >&lt;p&gt;Committed to master.  Thanks &lt;a href=&quot;https://issues.apache.org/jira/secure/ViewProfile.jspa?name=prasanth_j&quot; class=&quot;user-hover&quot; rel=&quot;prasanth_j&quot;&gt;prasanth_j&lt;/a&gt; for your review.&lt;/p&gt;</comment>
                            <comment id="15011483" author="lefty@hortonworks.com" created="Wed, 18 Nov 2015 17:29:17 +0000"  >&lt;p&gt;Doc note:  This adds &lt;b&gt;hive.exec.schema.evolution&lt;/b&gt; to HiveConf.java, so it needs to be documented in the wiki.  Although it seems to be a general parameter, this JIRA issue is ORC-specific so the parameter should be cross-referenced at the beginning of the ORC File Format section.&lt;/p&gt;

&lt;ul&gt;
	&lt;li&gt;&lt;a href=&quot;https://cwiki.apache.org/confluence/display/Hive/Configuration+Properties#ConfigurationProperties-QueryandDDLExecution&quot; class=&quot;external-link&quot; target=&quot;_blank&quot; rel=&quot;nofollow noopener&quot;&gt;Configuration Properties &amp;#8211; Query and DDL Execution &lt;/a&gt;&lt;/li&gt;
	&lt;li&gt;&lt;a href=&quot;https://cwiki.apache.org/confluence/display/Hive/Configuration+Properties#ConfigurationProperties-ORCFileFormat&quot; class=&quot;external-link&quot; target=&quot;_blank&quot; rel=&quot;nofollow noopener&quot;&gt;Configuration Properties &amp;#8211; ORC File Format &lt;/a&gt;&lt;/li&gt;
&lt;/ul&gt;


&lt;p&gt;Also, as Owen wrote:  &quot;You should create a wiki page with the supported schema evolution.&quot;&lt;/p&gt;

&lt;p&gt;Here&apos;s the existing doc:  &lt;a href=&quot;https://issues.apache.org/jira/secure/attachment/12764089/ORC%20Schema%20Evolution%20Issues.docx&quot; class=&quot;external-link&quot; rel=&quot;nofollow&quot;&gt;https://issues.apache.org/jira/secure/attachment/12764089/ORC%20Schema%20Evolution%20Issues.docx&lt;/a&gt;.&lt;/p&gt;</comment>
                            <comment id="15013146" author="cwsteinbach" created="Thu, 19 Nov 2015 08:36:35 +0000"  >&lt;blockquote&gt;&lt;p&gt;This adds hive.exec.schema.evolution to HiveConf.java ... Although it seems to be a general parameter, this JIRA issue is ORC-specific...&lt;/p&gt;&lt;/blockquote&gt;

&lt;p&gt;If this property is ORC specific then it seems like a mistake to name it hive.exec.orc.schema.evolution. Is there a good reason why &quot;orc&quot; doesn&apos;t appear in the property name or property description?&lt;/p&gt;</comment>
                            <comment id="15013322" author="mmccline" created="Thu, 19 Nov 2015 10:52:15 +0000"  >&lt;p&gt;The new parameter  hive.exec.schema.evolution is intended to be general and not be ORC only.  Other file formats that contain schema metadata (e.g. parquet) could add the marker interface SelfDescribingInputFormatInterface and provide schema evolution functionality.&lt;/p&gt;</comment>
                            <comment id="15119056" author="lefty@hortonworks.com" created="Wed, 27 Jan 2016 11:10:50 +0000"  >&lt;p&gt;The default for &lt;b&gt;hive.exec.schema.evolution&lt;/b&gt; is changed to false by &lt;a href=&quot;https://issues.apache.org/jira/browse/HIVE-12799&quot; title=&quot;Always use Schema Evolution for ACID&quot; class=&quot;issue-link&quot; data-issue-key=&quot;HIVE-12799&quot;&gt;&lt;del&gt;HIVE-12799&lt;/del&gt;&lt;/a&gt; for release 2.1.0 and by &lt;a href=&quot;https://issues.apache.org/jira/browse/HIVE-12625&quot; title=&quot;Backport to branch-1 HIVE-11981 ORC Schema Evolution Issues (Vectorized, ACID, and Non-Vectorized)&quot; class=&quot;issue-link&quot; data-issue-key=&quot;HIVE-12625&quot;&gt;&lt;del&gt;HIVE-12625&lt;/del&gt;&lt;/a&gt; for release 1.3.0 (except for ACID, which sets it to true).&lt;/p&gt;</comment>
                            <comment id="15229872" author="qiuzhuang.lian" created="Thu, 7 Apr 2016 08:09:58 +0000"  >&lt;p&gt;When compacting ORC table, we got error as follows,&lt;/p&gt;

&lt;p&gt;, kind: INT&lt;br/&gt;
] innerStructSubtype -1&lt;br/&gt;
	at org.apache.hadoop.hive.ql.io.orc.TreeReaderFactory$StructTreeReader.&amp;lt;init&amp;gt;(TreeReaderFactory.java:2081)&lt;br/&gt;
	at org.apache.hadoop.hive.ql.io.orc.TreeReaderFactory.createTreeReader(TreeReaderFactory.java:2504)&lt;br/&gt;
	at org.apache.hadoop.hive.ql.io.orc.TreeReaderFactory$StructTreeReader.&amp;lt;init&amp;gt;(TreeReaderFactory.java:2084)&lt;br/&gt;
	at org.apache.hadoop.hive.ql.io.orc.TreeReaderFactory.createTreeReader(TreeReaderFactory.java:2504)&lt;br/&gt;
	at org.apache.hadoop.hive.ql.io.orc.RecordReaderImpl.&amp;lt;init&amp;gt;(RecordReaderImpl.java:210)&lt;br/&gt;
	at org.apache.hadoop.hive.ql.io.orc.ReaderImpl.rowsOptions(ReaderImpl.java:662)&lt;br/&gt;
	at org.apache.hadoop.hive.ql.io.orc.OrcRawRecordMerger$ReaderPair.&amp;lt;init&amp;gt;(OrcRawRecordMerger.java:212)&lt;br/&gt;
	at org.apache.hadoop.hive.ql.io.orc.OrcRawRecordMerger.&amp;lt;init&amp;gt;(OrcRawRecordMerger.java:516)&lt;br/&gt;
	at org.apache.hadoop.hive.ql.io.orc.OrcInputFormat.getRawReader(OrcInputFormat.java:1755)&lt;br/&gt;
	at org.apache.hadoop.hive.ql.txn.compactor.CompactorMR$CompactorMap.map(CompactorMR.java:572)&lt;br/&gt;
	at org.apache.hadoop.hive.ql.txn.compactor.CompactorMR$CompactorMap.map(CompactorMR.java:550)&lt;br/&gt;
	at org.apache.hadoop.mapred.MapRunner.run(MapRunner.java:54)&lt;br/&gt;
	at org.apache.hadoop.mapred.MapTask.runOldMapper(MapTask.java:450)&lt;br/&gt;
	at org.apache.hadoop.mapred.MapTask.run(MapTask.java:343)&lt;br/&gt;
	at org.apache.hadoop.mapred.YarnChild$2.run(YarnChild.java:163)&lt;br/&gt;
	at java.security.AccessController.doPrivileged(Native Method)&lt;br/&gt;
	at javax.security.auth.Subject.doAs(Subject.java:415)&lt;br/&gt;
	at org.apache.hadoop.security.UserGroupInformation.doAs(UserGroupInformation.java:1656)&lt;br/&gt;
	at org.apache.hadoop.mapred.YarnChild.main(YarnChild.java:158)&lt;/p&gt;

&lt;p&gt;16/04/07 15:57:35 INFO mapreduce.Job:  map 100% reduce 0%&lt;br/&gt;
16/04/07 15:57:35 INFO mapreduce.Job: Job job_1458819387386_13740 failed with state FAILED due to: Task failed task_1458819387386_13740_m_000000&lt;br/&gt;
Job failed as tasks failed. failedMaps:1 failedReduces:0&lt;/p&gt;

&lt;p&gt;Env: hadoop 2.6.2+hive 2.0&lt;/p&gt;

&lt;p&gt;p.s. our orc table contains tinyint column type.&lt;/p&gt;</comment>
                            <comment id="15229965" author="mmccline" created="Thu, 7 Apr 2016 09:12:45 +0000"  >&lt;p&gt;&lt;a href=&quot;https://issues.apache.org/jira/secure/ViewProfile.jspa?name=qiuzhuang&quot; class=&quot;user-hover&quot; rel=&quot;Qiuzhuang&quot;&gt;qiuzhuang&lt;/a&gt; What is the DDL for the table?  Does it have a column of type STRUCT?&lt;/p&gt;</comment>
                            <comment id="15229977" author="qiuzhuang.lian" created="Thu, 7 Apr 2016 09:19:06 +0000"  >&lt;p&gt;nope, our table doesn&apos;t have any struct. here is the DDL,&lt;/p&gt;

&lt;p&gt;CREATE TABLE `my_orc_table`(&lt;br/&gt;
  `id` string, &lt;br/&gt;
  `store_no_from` string, &lt;br/&gt;
  `store_name_from` string, &lt;br/&gt;
  `store_no_to` string, &lt;br/&gt;
  `store_name_to` string, &lt;br/&gt;
  `order_unit_no_from` string, &lt;br/&gt;
  `order_unit_name_from` string, &lt;br/&gt;
  `order_unit_no_to` string, &lt;br/&gt;
  `order_unit_name_to` string, &lt;br/&gt;
  `store_no` string, &lt;br/&gt;
  `store_name` string, &lt;br/&gt;
  `company_no` string, &lt;br/&gt;
  `order_unit_no` string, &lt;br/&gt;
  `order_unit_name` string, &lt;br/&gt;
  `item_no` string, &lt;br/&gt;
  `item_code` string, &lt;br/&gt;
  `item_name` string, &lt;br/&gt;
  `brand_no` string, &lt;br/&gt;
  `brand_name` string, &lt;br/&gt;
  `category_no` string, &lt;br/&gt;
  `sku_no` string, &lt;br/&gt;
  `size_no` string, &lt;br/&gt;
  `size_kind` string, &lt;br/&gt;
  `bill_no` string, &lt;br/&gt;
  `status` tinyint, &lt;br/&gt;
  `bill_type` int, &lt;br/&gt;
  `in_out_flag` tinyint, &lt;br/&gt;
  `ref_bill_no` string, &lt;br/&gt;
  `ref_bill_type` int, &lt;br/&gt;
  `biz_type` int, &lt;br/&gt;
  `account_type` tinyint, &lt;br/&gt;
  `bill_date` date, &lt;br/&gt;
  `cost` decimal(12,2), &lt;br/&gt;
  `balance_offset` int, &lt;br/&gt;
  `balance_qty` int, &lt;br/&gt;
  `factory_in_offset` int, &lt;br/&gt;
  `factory_in_qty` int, &lt;br/&gt;
  `factory_in_diff_offset` int, &lt;br/&gt;
  `factory_in_diff_qty` int, &lt;br/&gt;
  `transit_in_offset` int, &lt;br/&gt;
  `transit_in_qty` int, &lt;br/&gt;
  `transit_out_offset` int, &lt;br/&gt;
  `transit_out_qty` int, &lt;br/&gt;
  `in_diff_offset` int, &lt;br/&gt;
  `in_diff_qty` int, &lt;br/&gt;
  `out_diff_offset` int, &lt;br/&gt;
  `out_diff_qty` int, &lt;br/&gt;
  `transit_in_account_offset` int, &lt;br/&gt;
  `transit_in_account_qty` int, &lt;br/&gt;
  `transit_out_account_offset` int, &lt;br/&gt;
  `transit_out_account_qty` int, &lt;br/&gt;
  `in_diff_account_offset` int, &lt;br/&gt;
  `in_diff_account_qty` int, &lt;br/&gt;
  `out_diff_account_offset` int, &lt;br/&gt;
  `out_diff_account_qty` int, &lt;br/&gt;
  `lock_offset` int, &lt;br/&gt;
  `lock_qty` int, &lt;br/&gt;
  `occupied_offset` int, &lt;br/&gt;
  `occupied_qty` int, &lt;br/&gt;
  `backup_offset` int, &lt;br/&gt;
  `backup_qty` int, &lt;br/&gt;
  `guest_bad_offset` int, &lt;br/&gt;
  `guest_bad_qty` int, &lt;br/&gt;
  `original_bad_offset` int, &lt;br/&gt;
  `original_bad_qty` int, &lt;br/&gt;
  `bad_transit_offset` int, &lt;br/&gt;
  `bad_transit_qty` int, &lt;br/&gt;
  `bad_diff_offset` int, &lt;br/&gt;
  `bad_diff_qty` int, &lt;br/&gt;
  `return_offset` int, &lt;br/&gt;
  `return_qty` int, &lt;br/&gt;
  `borrow_offset` int, &lt;br/&gt;
  `borrow_qty` int, &lt;br/&gt;
  `create_time` timestamp, &lt;br/&gt;
  `create_timestamp` timestamp, &lt;br/&gt;
  `update_time` timestamp, &lt;br/&gt;
  `sharding_flag` string, &lt;br/&gt;
  `yw_update_time` timestamp, &lt;br/&gt;
  `hive_create_time` timestamp, &lt;br/&gt;
  `biz_date` int)&lt;br/&gt;
CLUSTERED BY ( &lt;br/&gt;
  id) &lt;br/&gt;
INTO 10 BUCKETS&lt;br/&gt;
ROW FORMAT SERDE &lt;br/&gt;
  &apos;org.apache.hadoop.hive.ql.io.orc.OrcSerde&apos; &lt;br/&gt;
STORED AS INPUTFORMAT &lt;br/&gt;
  &apos;org.apache.hadoop.hive.ql.io.orc.OrcInputFormat&apos; &lt;br/&gt;
OUTPUTFORMAT &lt;br/&gt;
  &apos;org.apache.hadoop.hive.ql.io.orc.OrcOutputFormat&apos;&lt;br/&gt;
LOCATION&lt;br/&gt;
  &apos;hdfs://nn:9000/hive/warehouse/lqz.db/my_orc_table&apos;&lt;br/&gt;
TBLPROPERTIES (&lt;br/&gt;
  &apos;COLUMN_STATS_ACCURATE&apos;=&apos;&lt;/p&gt;
{\&quot;BASIC_STATS\&quot;:\&quot;true\&quot;}
&lt;p&gt;&apos;, &lt;br/&gt;
  &apos;last_modified_by&apos;=&apos;hive&apos;, &lt;br/&gt;
  &apos;last_modified_time&apos;=&apos;1460015324&apos;, &lt;br/&gt;
  &apos;numFiles&apos;=&apos;23&apos;, &lt;br/&gt;
  &apos;numRows&apos;=&apos;33828471&apos;, &lt;br/&gt;
  &apos;orc.compress&apos;=&apos;SNAPPY&apos;, &lt;br/&gt;
  &apos;orc.create.index&apos;=&apos;true&apos;, &lt;br/&gt;
  &apos;orc.stripe.size&apos;=&apos;67108864&apos;, &lt;br/&gt;
  &apos;rawDataSize&apos;=&apos;92332902940&apos;, &lt;br/&gt;
  &apos;totalSize&apos;=&apos;1474582939&apos;, &lt;br/&gt;
  &apos;transactional&apos;=&apos;true&apos;, &lt;br/&gt;
  &apos;transient_lastDdlTime&apos;=&apos;1460015745&apos;)&lt;/p&gt;</comment>
                            <comment id="15230452" author="qiuzhuang.lian" created="Thu, 7 Apr 2016 15:52:40 +0000"  >&lt;p&gt;For more info, when I compact the table in hive 1.2 version, we see TreeReaderFactory errors as reported in this issue:&lt;/p&gt;

&lt;p&gt;&lt;a href=&quot;https://issues.apache.org/jira/browse/HIVE-13432&quot; class=&quot;external-link&quot; rel=&quot;nofollow&quot;&gt;https://issues.apache.org/jira/browse/HIVE-13432&lt;/a&gt;&lt;/p&gt;</comment>
                    </comments>
                <issuelinks>
                            <issuelinktype id="10032">
                    <name>Blocker</name>
                                            <outwardlinks description="blocks">
                                        <issuelink>
            <issuekey id="12850471">HIVE-11421</issuekey>
        </issuelink>
                            </outwardlinks>
                                                        </issuelinktype>
                            <issuelinktype id="10030">
                    <name>Reference</name>
                                                                <inwardlinks description="is related to">
                                        <issuelink>
            <issuekey id="12920230">HIVE-12625</issuekey>
        </issuelink>
            <issuelink>
            <issuekey id="13164305">SPARK-24472</issuekey>
        </issuelink>
            <issuelink>
            <issuekey id="12923673">HIVE-12728</issuekey>
        </issuelink>
            <issuelink>
            <issuekey id="12928268">HIVE-12799</issuekey>
        </issuelink>
                            </inwardlinks>
                                    </issuelinktype>
                    </issuelinks>
                <attachments>
                            <attachment id="12765768" name="HIVE-11981.01.patch" size="375491" author="mmccline" created="Fri, 9 Oct 2015 10:33:09 +0000"/>
                            <attachment id="12766101" name="HIVE-11981.02.patch" size="405649" author="mmccline" created="Mon, 12 Oct 2015 11:40:28 +0000"/>
                            <attachment id="12766480" name="HIVE-11981.03.patch" size="442780" author="mmccline" created="Wed, 14 Oct 2015 06:23:14 +0000"/>
                            <attachment id="12766709" name="HIVE-11981.05.patch" size="616743" author="mmccline" created="Thu, 15 Oct 2015 03:15:17 +0000"/>
                            <attachment id="12767005" name="HIVE-11981.06.patch" size="640665" author="mmccline" created="Fri, 16 Oct 2015 07:23:00 +0000"/>
                            <attachment id="12767233" name="HIVE-11981.07.patch" size="640665" author="mmccline" created="Sun, 18 Oct 2015 00:10:10 +0000"/>
                            <attachment id="12767920" name="HIVE-11981.08.patch" size="643052" author="mmccline" created="Thu, 22 Oct 2015 00:05:40 +0000"/>
                            <attachment id="12768225" name="HIVE-11981.09.patch" size="645989" author="mmccline" created="Fri, 23 Oct 2015 06:03:40 +0000"/>
                            <attachment id="12768497" name="HIVE-11981.091.patch" size="612356" author="mmccline" created="Sat, 24 Oct 2015 06:10:37 +0000"/>
                            <attachment id="12768863" name="HIVE-11981.092.patch" size="622849" author="mmccline" created="Tue, 27 Oct 2015 00:15:05 +0000"/>
                            <attachment id="12770240" name="HIVE-11981.093.patch" size="643554" author="mmccline" created="Tue, 3 Nov 2015 03:05:14 +0000"/>
                            <attachment id="12770579" name="HIVE-11981.094.patch" size="678238" author="mmccline" created="Wed, 4 Nov 2015 12:01:21 +0000"/>
                            <attachment id="12770756" name="HIVE-11981.095.patch" size="682407" author="mmccline" created="Thu, 5 Nov 2015 07:07:37 +0000"/>
                            <attachment id="12770975" name="HIVE-11981.096.patch" size="1232566" author="mmccline" created="Fri, 6 Nov 2015 07:59:58 +0000"/>
                            <attachment id="12771124" name="HIVE-11981.097.patch" size="1160602" author="mmccline" created="Fri, 6 Nov 2015 22:23:57 +0000"/>
                            <attachment id="12771702" name="HIVE-11981.098.patch" size="1172901" author="mmccline" created="Wed, 11 Nov 2015 06:46:20 +0000"/>
                            <attachment id="12771944" name="HIVE-11981.099.patch" size="1173359" author="mmccline" created="Thu, 12 Nov 2015 10:17:55 +0000"/>
                            <attachment id="12772334" name="HIVE-11981.0991.patch" size="1173624" author="mmccline" created="Sat, 14 Nov 2015 01:05:04 +0000"/>
                            <attachment id="12772897" name="HIVE-11981.0992.patch" size="1171375" author="mmccline" created="Wed, 18 Nov 2015 02:18:32 +0000"/>
                            <attachment id="12764089" name="ORC Schema Evolution Issues.docx" size="114917" author="mmccline" created="Mon, 28 Sep 2015 20:16:29 +0000"/>
                    </attachments>
                <subtasks>
                    </subtasks>
                <customfields>
                                                                            <customfield id="customfield_12310310" key="com.atlassian.jira.toolkit:attachments">
                        <customfieldname>Attachment count</customfieldname>
                        <customfieldvalues>
                            <customfieldvalue>20.0</customfieldvalue>
                        </customfieldvalues>
                    </customfield>
                                                                                                                                                                                                                                                                                                                                                                                                                                                                                                                                                                                                                                                                                                        <customfield id="customfield_12314020" key="com.atlassian.jira.plugins.jira-development-integration-plugin:devsummary">
                        <customfieldname>Development</customfieldname>
                        <customfieldvalues>
                            
                        </customfieldvalues>
                    </customfield>
                                                                                                                        <customfield id="customfield_12313422" key="com.atlassian.jirafisheyeplugin:jobcheckbox">
                        <customfieldname>Enable Automatic Patch Review</customfieldname>
                        <customfieldvalues>
                            <customfieldvalue><![CDATA[false]]></customfieldvalue>

                        </customfieldvalues>
                    </customfield>
                                                                                                                                                                                                                                                                                                                                                                                                                                                                                                                                                                                                                                                <customfield id="customfield_12310420" key="com.pyxis.greenhopper.jira:gh-global-rank">
                        <customfieldname>Global Rank</customfieldname>
                        <customfieldvalues>
                            <customfieldvalue>9223372036854775807</customfieldvalue>
                        </customfieldvalues>
                    </customfield>
                                                                                                                                                                                                                                                                    <customfield id="customfield_12312521" key="com.atlassian.jira.toolkit:LastCommentDate">
                        <customfieldname>Last public comment date</customfieldname>
                        <customfieldvalues>
                            9 years, 32 weeks, 6 days ago
                        </customfieldvalues>
                    </customfield>
                                                                                                                                                                                                                                                                                                <customfield id="customfield_12311820" key="com.pyxis.greenhopper.jira:gh-lexo-rank">
                        <customfieldname>Rank</customfieldname>
                        <customfieldvalues>
                            <customfieldvalue>0|i2mdi7:</customfieldvalue>

                        </customfieldvalues>
                    </customfield>
                                                                <customfield id="customfield_12310920" key="com.pyxis.greenhopper.jira:gh-global-rank">
                        <customfieldname>Rank (Obsolete)</customfieldname>
                        <customfieldvalues>
                            <customfieldvalue>9223372036854775807</customfieldvalue>
                        </customfieldvalues>
                    </customfield>
                                                                                                                                                                                                                                                                                                                                                                                                                                                                                                                                                                                                                                                                                                                                                                                                                                                                                </customfields>
    </item>
</channel>
</rss>