<!-- 
RSS generated by JIRA (8.20.10#820010-sha1:ace47f9899e9ee25d7157d59aa17ab06aee30d3d) at Wed Nov 12 18:39:38 UTC 2025

It is possible to restrict the fields that are returned in this document by specifying the 'field' parameter in your request.
For example, to request only the issue key and summary append 'field=key&field=summary' to the URL of your request.
-->
<rss version="0.92" >
<channel>
    <title>ASF Jira</title>
    <link>https://issues.apache.org/jira</link>
    <description>This file is an XML representation of an issue</description>
    <language>en-uk</language>    <build-info>
        <version>8.20.10</version>
        <build-number>820010</build-number>
        <build-date>22-06-2022</build-date>
    </build-info>


<item>
            <title>[HIVE-12008] Hive queries failing when using count(*) on column in view</title>
                <link>https://issues.apache.org/jira/browse/HIVE-12008</link>
                <project id="12310843" key="HIVE">Hive</project>
                    <description>&lt;p&gt;count&lt;img class=&quot;emoticon&quot; src=&quot;https://issues.apache.org/jira/images/icons/emoticons/star_yellow.png&quot; height=&quot;16&quot; width=&quot;16&quot; align=&quot;absmiddle&quot; alt=&quot;&quot; border=&quot;0&quot;/&gt; on view with get_json_object() UDF and lateral views and unions fails in the master with error:&lt;/p&gt;

&lt;p&gt;2015-10-27 17:51:33,742 WARN &lt;span class=&quot;error&quot;&gt;&amp;#91;main&amp;#93;&lt;/span&gt; org.apache.hadoop.mapred.YarnChild: Exception running child : java.lang.RuntimeException: Error in configuring object&lt;br/&gt;
        at org.apache.hadoop.util.ReflectionUtils.setJobConf(ReflectionUtils.java:109)&lt;br/&gt;
        at org.apache.hadoop.util.ReflectionUtils.setConf(ReflectionUtils.java:75)&lt;br/&gt;
        at org.apache.hadoop.util.ReflectionUtils.newInstance(ReflectionUtils.java:133)&lt;br/&gt;
        at org.apache.hadoop.mapred.MapTask.runOldMapper(MapTask.java:449)&lt;br/&gt;
        at org.apache.hadoop.mapred.MapTask.run(MapTask.java:343)&lt;br/&gt;
        at org.apache.hadoop.mapred.YarnChild$2.run(YarnChild.java:163)&lt;br/&gt;
        at java.security.AccessController.doPrivileged(Native Method)&lt;br/&gt;
        at javax.security.auth.Subject.doAs(Subject.java:415)&lt;br/&gt;
        at org.apache.hadoop.security.UserGroupInformation.doAs(UserGroupInformation.java:1671)&lt;br/&gt;
        at org.apache.hadoop.mapred.YarnChild.main(YarnChild.java:158)&lt;br/&gt;
Caused by: java.lang.reflect.InvocationTargetException&lt;br/&gt;
        at sun.reflect.NativeMethodAccessorImpl.invoke0(Native Method)&lt;br/&gt;
        at sun.reflect.NativeMethodAccessorImpl.invoke(NativeMethodAccessorImpl.java:57)&lt;br/&gt;
        at sun.reflect.DelegatingMethodAccessorImpl.invoke(DelegatingMethodAccessorImpl.java:43)&lt;br/&gt;
        at java.lang.reflect.Method.invoke(Method.java:606)&lt;br/&gt;
        at org.apache.hadoop.util.ReflectionUtils.setJobConf(ReflectionUtils.java:106)&lt;br/&gt;
        ... 9 more&lt;br/&gt;
Caused by: java.lang.RuntimeException: Error in configuring object&lt;br/&gt;
        at org.apache.hadoop.util.ReflectionUtils.setJobConf(ReflectionUtils.java:109)&lt;br/&gt;
        at org.apache.hadoop.util.ReflectionUtils.setConf(ReflectionUtils.java:75)&lt;br/&gt;
        at org.apache.hadoop.util.ReflectionUtils.newInstance(ReflectionUtils.java:133)&lt;br/&gt;
        at org.apache.hadoop.mapred.MapRunner.configure(MapRunner.java:38)&lt;br/&gt;
        ... 14 more&lt;br/&gt;
Caused by: java.lang.reflect.InvocationTargetException&lt;br/&gt;
        at sun.reflect.NativeMethodAccessorImpl.invoke0(Native Method)&lt;br/&gt;
        at sun.reflect.NativeMethodAccessorImpl.invoke(NativeMethodAccessorImpl.java:57)&lt;br/&gt;
        at sun.reflect.DelegatingMethodAccessorImpl.invoke(DelegatingMethodAccessorImpl.java:43)&lt;br/&gt;
        at java.lang.reflect.Method.invoke(Method.java:606)&lt;br/&gt;
        at org.apache.hadoop.util.ReflectionUtils.setJobConf(ReflectionUtils.java:106)&lt;br/&gt;
        ... 17 more&lt;br/&gt;
Caused by: java.lang.RuntimeException: Map operator initialization failed&lt;br/&gt;
        at org.apache.hadoop.hive.ql.exec.mr.ExecMapper.configure(ExecMapper.java:147)&lt;br/&gt;
        ... 22 more&lt;br/&gt;
Caused by: java.lang.IndexOutOfBoundsException: Index: 1, Size: 1&lt;br/&gt;
        at java.util.ArrayList.rangeCheck(ArrayList.java:635)&lt;br/&gt;
        at java.util.ArrayList.get(ArrayList.java:411)&lt;br/&gt;
This query works fine in 1.1 version. &lt;br/&gt;
The last two qfile unit tests added by &lt;a href=&quot;https://issues.apache.org/jira/browse/HIVE-11384&quot; title=&quot;Add Test case which cover both HIVE-11271 and HIVE-11333&quot; class=&quot;issue-link&quot; data-issue-key=&quot;HIVE-11384&quot;&gt;&lt;del&gt;HIVE-11384&lt;/del&gt;&lt;/a&gt; fail when hive.in.test is false. It may relate how we handle prunelist for select. When select include every column in a table, the prunelist for the select is empty. It may cause issues to calculate its parent&apos;s prunelist.. &lt;/p&gt;</description>
                <environment></environment>
        <key id="12901973">HIVE-12008</key>
            <summary>Hive queries failing when using count(*) on column in view</summary>
                <type id="1" iconUrl="https://issues.apache.org/jira/secure/viewavatar?size=xsmall&amp;avatarId=21133&amp;avatarType=issuetype">Bug</type>
                                            <priority id="3" iconUrl="https://issues.apache.org/jira/images/icons/priorities/major.svg">Major</priority>
                        <status id="6" iconUrl="https://issues.apache.org/jira/images/icons/statuses/closed.png" description="The issue is considered finished, the resolution is correct. Issues which are not closed can be reopened.">Closed</status>
                    <statusCategory id="3" key="done" colorName="green"/>
                                    <resolution id="1">Fixed</resolution>
                                        <assignee username="ychena">Yongzhi Chen</assignee>
                                    <reporter username="ychena">Yongzhi Chen</reporter>
                        <labels>
                    </labels>
                <created>Thu, 1 Oct 2015 19:26:46 +0000</created>
                <updated>Tue, 16 Feb 2016 23:51:52 +0000</updated>
                            <resolved>Sun, 29 Nov 2015 06:26:04 +0000</resolved>
                                    <version>2.0.0</version>
                                    <fixVersion>2.0.0</fixVersion>
                                        <due></due>
                            <votes>0</votes>
                                    <watches>3</watches>
                                                                                                                <comments>
                            <comment id="14945563" author="ychena" created="Tue, 6 Oct 2015 18:54:59 +0000"  >&lt;p&gt;To test:&lt;br/&gt;
Change data/conf/hive-site.xml to set hive.in.test to false, then run the qtest:&lt;br/&gt;
mvn test -Dtest=TestCliDriver -Dqfile=unionall_unbalancedppd.q -Dtest.output.overwrite=true -Phadoop-2&lt;/p&gt;

&lt;p&gt;Without the fix, it will fail with Exception. &lt;/p&gt;</comment>
                            <comment id="14945565" author="ychena" created="Tue, 6 Oct 2015 18:55:41 +0000"  >&lt;p&gt;Need code review. &lt;/p&gt;</comment>
                            <comment id="14946422" author="hiveqa" created="Wed, 7 Oct 2015 07:22:41 +0000"  >

&lt;p&gt;&lt;font color=&quot;red&quot;&gt;Overall&lt;/font&gt;: -1 at least one tests failed&lt;/p&gt;

&lt;p&gt;Here are the results of testing the latest attachment:&lt;br/&gt;
&lt;a href=&quot;https://issues.apache.org/jira/secure/attachment/12765225/HIVE-12008.1.patch&quot; class=&quot;external-link&quot; rel=&quot;nofollow&quot;&gt;https://issues.apache.org/jira/secure/attachment/12765225/HIVE-12008.1.patch&lt;/a&gt;&lt;/p&gt;

&lt;p&gt;&lt;font color=&quot;red&quot;&gt;ERROR:&lt;/font&gt; -1 due to no test(s) being added or modified.&lt;/p&gt;

&lt;p&gt;&lt;font color=&quot;red&quot;&gt;ERROR:&lt;/font&gt; -1 due to 35 failed/errored test(s), 9650 tests executed&lt;br/&gt;
&lt;b&gt;Failed tests:&lt;/b&gt;&lt;/p&gt;
&lt;div class=&quot;preformatted panel&quot; style=&quot;border-width: 1px;&quot;&gt;&lt;div class=&quot;preformattedContent panelContent&quot;&gt;
&lt;pre&gt;org.apache.hadoop.hive.cli.TestCliDriver.testCliDriver_annotate_stats_select
org.apache.hadoop.hive.cli.TestCliDriver.testCliDriver_cbo_simple_select
org.apache.hadoop.hive.cli.TestCliDriver.testCliDriver_filter_cond_pushdown
org.apache.hadoop.hive.cli.TestCliDriver.testCliDriver_identity_project_remove_skip
org.apache.hadoop.hive.cli.TestCliDriver.testCliDriver_lateral_view
org.apache.hadoop.hive.cli.TestCliDriver.testCliDriver_lateral_view_cp
org.apache.hadoop.hive.cli.TestCliDriver.testCliDriver_lateral_view_explode2
org.apache.hadoop.hive.cli.TestCliDriver.testCliDriver_lateral_view_noalias
org.apache.hadoop.hive.cli.TestCliDriver.testCliDriver_lateral_view_onview
org.apache.hadoop.hive.cli.TestCliDriver.testCliDriver_lateral_view_ppd
org.apache.hadoop.hive.cli.TestCliDriver.testCliDriver_load_dyn_part14
org.apache.hadoop.hive.cli.TestCliDriver.testCliDriver_ppd_join4
org.apache.hadoop.hive.cli.TestCliDriver.testCliDriver_ppd_udf_col
org.apache.hadoop.hive.cli.TestCliDriver.testCliDriver_smb_mapjoin_25
org.apache.hadoop.hive.cli.TestCliDriver.testCliDriver_special_character_in_tabnames_1
org.apache.hadoop.hive.cli.TestCliDriver.testCliDriver_udf_folder_constants
org.apache.hadoop.hive.cli.TestCliDriver.testCliDriver_udtf_stack
org.apache.hadoop.hive.cli.TestCliDriver.testCliDriver_union3
org.apache.hadoop.hive.cli.TestCliDriver.testCliDriver_unionDistinct_1
org.apache.hadoop.hive.cli.TestMiniTezCliDriver.testCliDriver_cbo_simple_select
org.apache.hadoop.hive.cli.TestMiniTezCliDriver.testCliDriver_explainuser_1
org.apache.hadoop.hive.cli.TestMiniTezCliDriver.testCliDriver_union3
org.apache.hadoop.hive.cli.TestMiniTezCliDriver.testCliDriver_unionDistinct_1
org.apache.hadoop.hive.cli.TestNegativeCliDriver.testNegativeCliDriver_udf_assert_true
org.apache.hadoop.hive.cli.TestNegativeCliDriver.testNegativeCliDriver_udf_assert_true2
org.apache.hadoop.hive.cli.TestSparkCliDriver.testCliDriver_cbo_simple_select
org.apache.hadoop.hive.cli.TestSparkCliDriver.testCliDriver_identity_project_remove_skip
org.apache.hadoop.hive.cli.TestSparkCliDriver.testCliDriver_lateral_view_explode2
org.apache.hadoop.hive.cli.TestSparkCliDriver.testCliDriver_load_dyn_part14
org.apache.hadoop.hive.cli.TestSparkCliDriver.testCliDriver_ppd_join4
org.apache.hadoop.hive.cli.TestSparkCliDriver.testCliDriver_smb_mapjoin_25
org.apache.hadoop.hive.cli.TestSparkCliDriver.testCliDriver_union3
org.apache.hive.hcatalog.api.TestHCatClient.testTableSchemaPropagation
org.apache.hive.hcatalog.hbase.TestPigHBaseStorageHandler.org.apache.hive.hcatalog.hbase.TestPigHBaseStorageHandler
org.apache.hive.jdbc.TestSSL.testSSLVersion
&lt;/pre&gt;
&lt;/div&gt;&lt;/div&gt;

&lt;p&gt;Test results: &lt;a href=&quot;http://ec2-174-129-184-35.compute-1.amazonaws.com/jenkins/job/PreCommit-HIVE-TRUNK-Build/5554/testReport&quot; class=&quot;external-link&quot; target=&quot;_blank&quot; rel=&quot;nofollow noopener&quot;&gt;http://ec2-174-129-184-35.compute-1.amazonaws.com/jenkins/job/PreCommit-HIVE-TRUNK-Build/5554/testReport&lt;/a&gt;&lt;br/&gt;
Console output: &lt;a href=&quot;http://ec2-174-129-184-35.compute-1.amazonaws.com/jenkins/job/PreCommit-HIVE-TRUNK-Build/5554/console&quot; class=&quot;external-link&quot; target=&quot;_blank&quot; rel=&quot;nofollow noopener&quot;&gt;http://ec2-174-129-184-35.compute-1.amazonaws.com/jenkins/job/PreCommit-HIVE-TRUNK-Build/5554/console&lt;/a&gt;&lt;br/&gt;
Test logs: &lt;a href=&quot;http://ec2-174-129-184-35.compute-1.amazonaws.com/logs/PreCommit-HIVE-TRUNK-Build-5554/&quot; class=&quot;external-link&quot; target=&quot;_blank&quot; rel=&quot;nofollow noopener&quot;&gt;http://ec2-174-129-184-35.compute-1.amazonaws.com/logs/PreCommit-HIVE-TRUNK-Build-5554/&lt;/a&gt;&lt;/p&gt;

&lt;p&gt;Messages:&lt;/p&gt;
&lt;div class=&quot;preformatted panel&quot; style=&quot;border-width: 1px;&quot;&gt;&lt;div class=&quot;preformattedContent panelContent&quot;&gt;
&lt;pre&gt;Executing org.apache.hive.ptest.execution.TestCheckPhase
Executing org.apache.hive.ptest.execution.PrepPhase
Executing org.apache.hive.ptest.execution.ExecutionPhase
Executing org.apache.hive.ptest.execution.ReportingPhase
Tests exited with: TestsFailedException: 35 tests failed
&lt;/pre&gt;
&lt;/div&gt;&lt;/div&gt;

&lt;p&gt;This message is automatically generated.&lt;/p&gt;

&lt;p&gt;ATTACHMENT ID: 12765225 - PreCommit-HIVE-TRUNK-Build&lt;/p&gt;</comment>
                            <comment id="14947441" author="ychena" created="Wed, 7 Oct 2015 19:31:29 +0000"  >&lt;p&gt;Second patch handle SelectOpt&apos;s prunelist when there is a constant column. &lt;/p&gt;</comment>
                            <comment id="14949261" author="hiveqa" created="Thu, 8 Oct 2015 19:50:41 +0000"  >

&lt;p&gt;&lt;font color=&quot;red&quot;&gt;Overall&lt;/font&gt;: -1 at least one tests failed&lt;/p&gt;

&lt;p&gt;Here are the results of testing the latest attachment:&lt;br/&gt;
&lt;a href=&quot;https://issues.apache.org/jira/secure/attachment/12765439/HIVE-12008.2.patch&quot; class=&quot;external-link&quot; rel=&quot;nofollow&quot;&gt;https://issues.apache.org/jira/secure/attachment/12765439/HIVE-12008.2.patch&lt;/a&gt;&lt;/p&gt;

&lt;p&gt;&lt;font color=&quot;red&quot;&gt;ERROR:&lt;/font&gt; -1 due to no test(s) being added or modified.&lt;/p&gt;

&lt;p&gt;&lt;font color=&quot;red&quot;&gt;ERROR:&lt;/font&gt; -1 due to 92 failed/errored test(s), 9654 tests executed&lt;br/&gt;
&lt;b&gt;Failed tests:&lt;/b&gt;&lt;/p&gt;
&lt;div class=&quot;preformatted panel&quot; style=&quot;border-width: 1px;&quot;&gt;&lt;div class=&quot;preformattedContent panelContent&quot;&gt;
&lt;pre&gt;TestCustomAuthentication - did not produce a TEST-*.xml file
org.apache.hadoop.hive.cli.TestCliDriver.testCliDriver_annotate_stats_select
org.apache.hadoop.hive.cli.TestCliDriver.testCliDriver_archive_excludeHadoop20
org.apache.hadoop.hive.cli.TestCliDriver.testCliDriver_archive_multi
org.apache.hadoop.hive.cli.TestCliDriver.testCliDriver_cbo_simple_select
org.apache.hadoop.hive.cli.TestCliDriver.testCliDriver_cluster
org.apache.hadoop.hive.cli.TestCliDriver.testCliDriver_column_access_stats
org.apache.hadoop.hive.cli.TestCliDriver.testCliDriver_constantPropagateForSubQuery
org.apache.hadoop.hive.cli.TestCliDriver.testCliDriver_constprog2
org.apache.hadoop.hive.cli.TestCliDriver.testCliDriver_cp_sel
org.apache.hadoop.hive.cli.TestCliDriver.testCliDriver_dynamic_rdd_cache
org.apache.hadoop.hive.cli.TestCliDriver.testCliDriver_filter_cond_pushdown
org.apache.hadoop.hive.cli.TestCliDriver.testCliDriver_groupby_ppd
org.apache.hadoop.hive.cli.TestCliDriver.testCliDriver_groupby_sort_1_23
org.apache.hadoop.hive.cli.TestCliDriver.testCliDriver_groupby_sort_skew_1_23
org.apache.hadoop.hive.cli.TestCliDriver.testCliDriver_identity_project_remove_skip
org.apache.hadoop.hive.cli.TestCliDriver.testCliDriver_input23
org.apache.hadoop.hive.cli.TestCliDriver.testCliDriver_input25
org.apache.hadoop.hive.cli.TestCliDriver.testCliDriver_input26
org.apache.hadoop.hive.cli.TestCliDriver.testCliDriver_input_part10
org.apache.hadoop.hive.cli.TestCliDriver.testCliDriver_insert_into5
org.apache.hadoop.hive.cli.TestCliDriver.testCliDriver_join_cond_pushdown_1
org.apache.hadoop.hive.cli.TestCliDriver.testCliDriver_join_cond_pushdown_3
org.apache.hadoop.hive.cli.TestCliDriver.testCliDriver_join_cond_pushdown_unqual1
org.apache.hadoop.hive.cli.TestCliDriver.testCliDriver_join_cond_pushdown_unqual3
org.apache.hadoop.hive.cli.TestCliDriver.testCliDriver_join_nullsafe
org.apache.hadoop.hive.cli.TestCliDriver.testCliDriver_join_view
org.apache.hadoop.hive.cli.TestCliDriver.testCliDriver_load_dyn_part14
org.apache.hadoop.hive.cli.TestCliDriver.testCliDriver_ppd2
org.apache.hadoop.hive.cli.TestCliDriver.testCliDriver_ppd_clusterby
org.apache.hadoop.hive.cli.TestCliDriver.testCliDriver_ppd_join4
org.apache.hadoop.hive.cli.TestCliDriver.testCliDriver_ppd_outer_join5
org.apache.hadoop.hive.cli.TestCliDriver.testCliDriver_ppd_repeated_alias
org.apache.hadoop.hive.cli.TestCliDriver.testCliDriver_ppd_udf_col
org.apache.hadoop.hive.cli.TestCliDriver.testCliDriver_ppd_union_view
org.apache.hadoop.hive.cli.TestCliDriver.testCliDriver_sample8
org.apache.hadoop.hive.cli.TestCliDriver.testCliDriver_selectDistinctStar
org.apache.hadoop.hive.cli.TestCliDriver.testCliDriver_smb_mapjoin9
org.apache.hadoop.hive.cli.TestCliDriver.testCliDriver_smb_mapjoin_10
org.apache.hadoop.hive.cli.TestCliDriver.testCliDriver_smb_mapjoin_25
org.apache.hadoop.hive.cli.TestCliDriver.testCliDriver_special_character_in_tabnames_1
org.apache.hadoop.hive.cli.TestCliDriver.testCliDriver_table_access_keys_stats
org.apache.hadoop.hive.cli.TestCliDriver.testCliDriver_udf_folder_constants
org.apache.hadoop.hive.cli.TestCliDriver.testCliDriver_union27
org.apache.hadoop.hive.cli.TestCliDriver.testCliDriver_union3
org.apache.hadoop.hive.cli.TestCliDriver.testCliDriver_unionDistinct_1
org.apache.hadoop.hive.cli.TestCliDriver.testCliDriver_union_remove_25
org.apache.hadoop.hive.cli.TestCliDriver.testCliDriver_union_top_level
org.apache.hadoop.hive.cli.TestCliDriver.testCliDriver_union_view
org.apache.hadoop.hive.cli.TestCliDriver.testCliDriver_vector_decimal_2
org.apache.hadoop.hive.cli.TestCliDriver.testCliDriver_vector_decimal_round_2
org.apache.hadoop.hive.cli.TestCliDriver.testCliDriver_vectorized_distinct_gby
org.apache.hadoop.hive.cli.TestMiniSparkOnYarnCliDriver.testCliDriver_constprog_partitioner
org.apache.hadoop.hive.cli.TestMiniTezCliDriver.testCliDriver_cbo_simple_select
org.apache.hadoop.hive.cli.TestMiniTezCliDriver.testCliDriver_explainuser_1
org.apache.hadoop.hive.cli.TestMiniTezCliDriver.testCliDriver_hybridgrace_hashjoin_1
org.apache.hadoop.hive.cli.TestMiniTezCliDriver.testCliDriver_join_nullsafe
org.apache.hadoop.hive.cli.TestMiniTezCliDriver.testCliDriver_selectDistinctStar
org.apache.hadoop.hive.cli.TestMiniTezCliDriver.testCliDriver_tez_self_join
org.apache.hadoop.hive.cli.TestMiniTezCliDriver.testCliDriver_tez_union_dynamic_partition
org.apache.hadoop.hive.cli.TestMiniTezCliDriver.testCliDriver_union3
org.apache.hadoop.hive.cli.TestMiniTezCliDriver.testCliDriver_unionDistinct_1
org.apache.hadoop.hive.cli.TestMiniTezCliDriver.testCliDriver_vector_decimal_2
org.apache.hadoop.hive.cli.TestMiniTezCliDriver.testCliDriver_vector_decimal_round_2
org.apache.hadoop.hive.cli.TestMiniTezCliDriver.testCliDriver_vectorized_distinct_gby
org.apache.hadoop.hive.cli.TestMinimrCliDriver.testCliDriver_constprog_partitioner
org.apache.hadoop.hive.cli.TestSparkCliDriver.testCliDriver_cbo_simple_select
org.apache.hadoop.hive.cli.TestSparkCliDriver.testCliDriver_column_access_stats
org.apache.hadoop.hive.cli.TestSparkCliDriver.testCliDriver_dynamic_rdd_cache
org.apache.hadoop.hive.cli.TestSparkCliDriver.testCliDriver_groupby_sort_1_23
org.apache.hadoop.hive.cli.TestSparkCliDriver.testCliDriver_groupby_sort_skew_1_23
org.apache.hadoop.hive.cli.TestSparkCliDriver.testCliDriver_identity_project_remove_skip
org.apache.hadoop.hive.cli.TestSparkCliDriver.testCliDriver_join_cond_pushdown_1
org.apache.hadoop.hive.cli.TestSparkCliDriver.testCliDriver_join_cond_pushdown_3
org.apache.hadoop.hive.cli.TestSparkCliDriver.testCliDriver_join_cond_pushdown_unqual1
org.apache.hadoop.hive.cli.TestSparkCliDriver.testCliDriver_join_cond_pushdown_unqual3
org.apache.hadoop.hive.cli.TestSparkCliDriver.testCliDriver_join_nullsafe
org.apache.hadoop.hive.cli.TestSparkCliDriver.testCliDriver_join_view
org.apache.hadoop.hive.cli.TestSparkCliDriver.testCliDriver_load_dyn_part14
org.apache.hadoop.hive.cli.TestSparkCliDriver.testCliDriver_ppd_join4
org.apache.hadoop.hive.cli.TestSparkCliDriver.testCliDriver_ppd_outer_join5
org.apache.hadoop.hive.cli.TestSparkCliDriver.testCliDriver_sample8
org.apache.hadoop.hive.cli.TestSparkCliDriver.testCliDriver_smb_mapjoin_10
org.apache.hadoop.hive.cli.TestSparkCliDriver.testCliDriver_smb_mapjoin_25
org.apache.hadoop.hive.cli.TestSparkCliDriver.testCliDriver_table_access_keys_stats
org.apache.hadoop.hive.cli.TestSparkCliDriver.testCliDriver_union27
org.apache.hadoop.hive.cli.TestSparkCliDriver.testCliDriver_union3
org.apache.hadoop.hive.cli.TestSparkCliDriver.testCliDriver_union_remove_25
org.apache.hadoop.hive.cli.TestSparkCliDriver.testCliDriver_union_top_level
org.apache.hadoop.hive.cli.TestSparkCliDriver.testCliDriver_union_view
org.apache.hive.hcatalog.api.TestHCatClient.testTableSchemaPropagation
org.apache.hive.jdbc.TestSSL.testSSLVersion
&lt;/pre&gt;
&lt;/div&gt;&lt;/div&gt;

&lt;p&gt;Test results: &lt;a href=&quot;http://ec2-174-129-184-35.compute-1.amazonaws.com/jenkins/job/PreCommit-HIVE-TRUNK-Build/5572/testReport&quot; class=&quot;external-link&quot; target=&quot;_blank&quot; rel=&quot;nofollow noopener&quot;&gt;http://ec2-174-129-184-35.compute-1.amazonaws.com/jenkins/job/PreCommit-HIVE-TRUNK-Build/5572/testReport&lt;/a&gt;&lt;br/&gt;
Console output: &lt;a href=&quot;http://ec2-174-129-184-35.compute-1.amazonaws.com/jenkins/job/PreCommit-HIVE-TRUNK-Build/5572/console&quot; class=&quot;external-link&quot; target=&quot;_blank&quot; rel=&quot;nofollow noopener&quot;&gt;http://ec2-174-129-184-35.compute-1.amazonaws.com/jenkins/job/PreCommit-HIVE-TRUNK-Build/5572/console&lt;/a&gt;&lt;br/&gt;
Test logs: &lt;a href=&quot;http://ec2-174-129-184-35.compute-1.amazonaws.com/logs/PreCommit-HIVE-TRUNK-Build-5572/&quot; class=&quot;external-link&quot; target=&quot;_blank&quot; rel=&quot;nofollow noopener&quot;&gt;http://ec2-174-129-184-35.compute-1.amazonaws.com/logs/PreCommit-HIVE-TRUNK-Build-5572/&lt;/a&gt;&lt;/p&gt;

&lt;p&gt;Messages:&lt;/p&gt;
&lt;div class=&quot;preformatted panel&quot; style=&quot;border-width: 1px;&quot;&gt;&lt;div class=&quot;preformattedContent panelContent&quot;&gt;
&lt;pre&gt;Executing org.apache.hive.ptest.execution.TestCheckPhase
Executing org.apache.hive.ptest.execution.PrepPhase
Executing org.apache.hive.ptest.execution.ExecutionPhase
Executing org.apache.hive.ptest.execution.ReportingPhase
Tests exited with: TestsFailedException: 92 tests failed
&lt;/pre&gt;
&lt;/div&gt;&lt;/div&gt;

&lt;p&gt;This message is automatically generated.&lt;/p&gt;

&lt;p&gt;ATTACHMENT ID: 12765439 - PreCommit-HIVE-TRUNK-Build&lt;/p&gt;</comment>
                            <comment id="15013243" author="hiveqa" created="Thu, 19 Nov 2015 09:44:48 +0000"  >

&lt;p&gt;Here are the results of testing the latest attachment:&lt;br/&gt;
&lt;a href=&quot;https://issues.apache.org/jira/secure/attachment/12772864/HIVE-12008.3.patch&quot; class=&quot;external-link&quot; rel=&quot;nofollow&quot;&gt;https://issues.apache.org/jira/secure/attachment/12772864/HIVE-12008.3.patch&lt;/a&gt;&lt;/p&gt;

&lt;p&gt;&lt;font color=&quot;green&quot;&gt;SUCCESS:&lt;/font&gt; +1 due to 1 test(s) being added or modified.&lt;/p&gt;

&lt;p&gt;&lt;font color=&quot;red&quot;&gt;ERROR:&lt;/font&gt; -1 due to 15 failed/errored test(s), 9865 tests executed&lt;br/&gt;
&lt;b&gt;Failed tests:&lt;/b&gt;&lt;/p&gt;
&lt;div class=&quot;preformatted panel&quot; style=&quot;border-width: 1px;&quot;&gt;&lt;div class=&quot;preformattedContent panelContent&quot;&gt;
&lt;pre&gt;TestHWISessionManager - did not produce a TEST-*.xml file
org.apache.hadoop.hive.cli.TestCliDriver.testCliDriver_union16
org.apache.hadoop.hive.cli.TestCliDriver.testCliDriver_union2
org.apache.hadoop.hive.cli.TestCliDriver.testCliDriver_union9
org.apache.hadoop.hive.cli.TestCliDriver.testCliDriver_union_view
org.apache.hadoop.hive.cli.TestCliDriver.testCliDriver_vector_null_projection
org.apache.hadoop.hive.cli.TestMiniTezCliDriver.testCliDriver_union2
org.apache.hadoop.hive.cli.TestMiniTezCliDriver.testCliDriver_union9
org.apache.hadoop.hive.cli.TestMiniTezCliDriver.testCliDriver_vector_null_projection
org.apache.hadoop.hive.cli.TestNegativeCliDriver.testNegativeCliDriver_authorization_uri_import
org.apache.hadoop.hive.cli.TestSparkCliDriver.testCliDriver_union16
org.apache.hadoop.hive.cli.TestSparkCliDriver.testCliDriver_union2
org.apache.hadoop.hive.cli.TestSparkCliDriver.testCliDriver_union9
org.apache.hadoop.hive.cli.TestSparkCliDriver.testCliDriver_union_view
org.apache.hive.jdbc.TestSSL.testSSLVersion
&lt;/pre&gt;
&lt;/div&gt;&lt;/div&gt;

&lt;p&gt;Test results: &lt;a href=&quot;http://ec2-174-129-184-35.compute-1.amazonaws.com/jenkins/job/PreCommit-HIVE-TRUNK-Build/6073/testReport&quot; class=&quot;external-link&quot; target=&quot;_blank&quot; rel=&quot;nofollow noopener&quot;&gt;http://ec2-174-129-184-35.compute-1.amazonaws.com/jenkins/job/PreCommit-HIVE-TRUNK-Build/6073/testReport&lt;/a&gt;&lt;br/&gt;
Console output: &lt;a href=&quot;http://ec2-174-129-184-35.compute-1.amazonaws.com/jenkins/job/PreCommit-HIVE-TRUNK-Build/6073/console&quot; class=&quot;external-link&quot; target=&quot;_blank&quot; rel=&quot;nofollow noopener&quot;&gt;http://ec2-174-129-184-35.compute-1.amazonaws.com/jenkins/job/PreCommit-HIVE-TRUNK-Build/6073/console&lt;/a&gt;&lt;br/&gt;
Test logs: &lt;a href=&quot;http://ec2-174-129-184-35.compute-1.amazonaws.com/logs/PreCommit-HIVE-TRUNK-Build-6073/&quot; class=&quot;external-link&quot; target=&quot;_blank&quot; rel=&quot;nofollow noopener&quot;&gt;http://ec2-174-129-184-35.compute-1.amazonaws.com/logs/PreCommit-HIVE-TRUNK-Build-6073/&lt;/a&gt;&lt;/p&gt;

&lt;p&gt;Messages:&lt;/p&gt;
&lt;div class=&quot;preformatted panel&quot; style=&quot;border-width: 1px;&quot;&gt;&lt;div class=&quot;preformattedContent panelContent&quot;&gt;
&lt;pre&gt;Executing org.apache.hive.ptest.execution.TestCheckPhase
Executing org.apache.hive.ptest.execution.PrepPhase
Executing org.apache.hive.ptest.execution.ExecutionPhase
Executing org.apache.hive.ptest.execution.ReportingPhase
Tests exited with: TestsFailedException: 15 tests failed
&lt;/pre&gt;
&lt;/div&gt;&lt;/div&gt;

&lt;p&gt;This message is automatically generated.&lt;/p&gt;

&lt;p&gt;ATTACHMENT ID: 12772864 - PreCommit-HIVE-TRUNK-Build&lt;/p&gt;</comment>
                            <comment id="15013792" author="ychena" created="Thu, 19 Nov 2015 16:25:27 +0000"  >&lt;p&gt;patch 4 is majorly to fix the change of behavior caused by &lt;a href=&quot;https://issues.apache.org/jira/browse/HIVE-11333&quot; title=&quot;ColumnPruner prunes columns of UnionOperator that should be kept&quot; class=&quot;issue-link&quot; data-issue-key=&quot;HIVE-11333&quot;&gt;&lt;del&gt;HIVE-11333&lt;/del&gt;&lt;/a&gt;(some 1.1 version passed tests throw exception with the fix of &lt;a href=&quot;https://issues.apache.org/jira/browse/HIVE-11333&quot; title=&quot;ColumnPruner prunes columns of UnionOperator that should be kept&quot; class=&quot;issue-link&quot; data-issue-key=&quot;HIVE-11333&quot;&gt;&lt;del&gt;HIVE-11333&lt;/del&gt;&lt;/a&gt;) . This issue is when union has empty prunelist, if it has only one parent, its parent&apos;s call :&lt;br/&gt;
 public List&amp;lt;String&amp;gt; genColLists(Operator&amp;lt;? extends OperatorDesc&amp;gt; curOp)&lt;br/&gt;
with &lt;a href=&quot;https://issues.apache.org/jira/browse/HIVE-11333&quot; title=&quot;ColumnPruner prunes columns of UnionOperator that should be kept&quot; class=&quot;issue-link&quot; data-issue-key=&quot;HIVE-11333&quot;&gt;&lt;del&gt;HIVE-11333&lt;/del&gt;&lt;/a&gt; return null, without &lt;a href=&quot;https://issues.apache.org/jira/browse/HIVE-11333&quot; title=&quot;ColumnPruner prunes columns of UnionOperator that should be kept&quot; class=&quot;issue-link&quot; data-issue-key=&quot;HIVE-11333&quot;&gt;&lt;del&gt;HIVE-11333&lt;/del&gt;&lt;/a&gt; return empty.&lt;br/&gt;
Return empty is a correct behavior, &lt;br/&gt;
 1. Return empty consistent with another method, the following method return empty when child union is empty.&lt;br/&gt;
     public List&amp;lt;String&amp;gt; genColLists(Operator&amp;lt;? extends OperatorDesc&amp;gt; curOp, Operator&amp;lt;? extends OperatorDesc&amp;gt; child)&lt;br/&gt;
  2. Selector treat prunelist null as everything and empty as nothing. When union prunelist is empty, it means no column will be needed by its children(it is often because of the return is a constant). It does not mean every column. &lt;/p&gt;

&lt;p&gt;I also change back some test outputs which changed by &lt;a href=&quot;https://issues.apache.org/jira/browse/HIVE-11333&quot; title=&quot;ColumnPruner prunes columns of UnionOperator that should be kept&quot; class=&quot;issue-link&quot; data-issue-key=&quot;HIVE-11333&quot;&gt;&lt;del&gt;HIVE-11333&lt;/del&gt;&lt;/a&gt; (the 12 qfile output changes are all query plan changes).&lt;br/&gt;
And make union operator more forgiving when Union has no columns to avoid some unnecessary assert error. &lt;/p&gt;</comment>
                            <comment id="15022168" author="ychena" created="Mon, 23 Nov 2015 14:40:30 +0000"  >&lt;p&gt;Attach patch 4 again.&lt;/p&gt;</comment>
                            <comment id="15022727" author="szehon" created="Mon, 23 Nov 2015 18:54:20 +0000"  >&lt;p&gt;Hi Yongzhi, this is reasonable to me to be consistent, should we change the JIRA title to describe what exactly what breaks?  We can point to &lt;a href=&quot;https://issues.apache.org/jira/browse/HIVE-11384&quot; title=&quot;Add Test case which cover both HIVE-11271 and HIVE-11333&quot; class=&quot;issue-link&quot; data-issue-key=&quot;HIVE-11384&quot;&gt;&lt;del&gt;HIVE-11384&lt;/del&gt;&lt;/a&gt; and other JIRA&apos;s in the description.&lt;/p&gt;

&lt;p&gt;And I also just wanted to check, you are still not able to add a test case to verify this because of hive.in.test?&lt;/p&gt;</comment>
                            <comment id="15022728" author="szehon" created="Mon, 23 Nov 2015 18:54:34 +0000"  >&lt;p&gt;+1 other than that&lt;/p&gt;</comment>
                            <comment id="15022745" author="ychena" created="Mon, 23 Nov 2015 19:01:07 +0000"  >&lt;p&gt;&lt;a href=&quot;https://issues.apache.org/jira/secure/ViewProfile.jspa?name=szehon&quot; class=&quot;user-hover&quot; rel=&quot;szehon&quot;&gt;szehon&lt;/a&gt;, I still can not add test case for hive.in.test is false. But I tested the tests in the qfile in my local setup with in.test false, the queries are all working fine. I will change the title of the jira. Thanks&lt;/p&gt;</comment>
                            <comment id="15025019" author="hiveqa" created="Tue, 24 Nov 2015 18:16:13 +0000"  >

&lt;p&gt;Here are the results of testing the latest attachment:&lt;br/&gt;
&lt;a href=&quot;https://issues.apache.org/jira/secure/attachment/12773842/HIVE-12008.4.patch&quot; class=&quot;external-link&quot; rel=&quot;nofollow&quot;&gt;https://issues.apache.org/jira/secure/attachment/12773842/HIVE-12008.4.patch&lt;/a&gt;&lt;/p&gt;

&lt;p&gt;&lt;font color=&quot;green&quot;&gt;SUCCESS:&lt;/font&gt; +1 due to 1 test(s) being added or modified.&lt;/p&gt;

&lt;p&gt;&lt;font color=&quot;red&quot;&gt;ERROR:&lt;/font&gt; -1 due to 17 failed/errored test(s), 9827 tests executed&lt;br/&gt;
&lt;b&gt;Failed tests:&lt;/b&gt;&lt;/p&gt;
&lt;div class=&quot;preformatted panel&quot; style=&quot;border-width: 1px;&quot;&gt;&lt;div class=&quot;preformattedContent panelContent&quot;&gt;
&lt;pre&gt;TestHWISessionManager - did not produce a TEST-*.xml file
TestMiniLlapCliDriver - did not produce a TEST-*.xml file
org.apache.hadoop.hive.cli.TestCliDriver.testCliDriver_subquery_notin
org.apache.hadoop.hive.cli.TestCliDriver.testCliDriver_subquery_notin_having
org.apache.hadoop.hive.cli.TestMiniTezCliDriver.testCliDriver_explainuser_1
org.apache.hadoop.hive.cli.TestMiniTezCliDriver.testCliDriver_tez_dynpart_hashjoin_3
org.apache.hadoop.hive.cli.TestMiniTezCliDriver.testCliDriver_tez_smb_empty
org.apache.hadoop.hive.cli.TestMiniTezCliDriver.testCliDriver_union2
org.apache.hadoop.hive.cli.TestMiniTezCliDriver.testCliDriver_union9
org.apache.hadoop.hive.cli.TestMiniTezCliDriver.testCliDriver_vector_null_projection
org.apache.hadoop.hive.cli.TestNegativeCliDriver.testNegativeCliDriver_authorization_uri_import
org.apache.hadoop.hive.cli.TestSparkCliDriver.testCliDriver_union16
org.apache.hadoop.hive.cli.TestSparkCliDriver.testCliDriver_union2
org.apache.hadoop.hive.cli.TestSparkCliDriver.testCliDriver_union9
org.apache.hadoop.hive.cli.TestSparkCliDriver.testCliDriver_union_view
org.apache.hive.jdbc.TestMultiSessionsHS2WithLocalClusterSpark.testSparkQuery
org.apache.hive.jdbc.TestSSL.testSSLVersion
&lt;/pre&gt;
&lt;/div&gt;&lt;/div&gt;

&lt;p&gt;Test results: &lt;a href=&quot;http://ec2-174-129-184-35.compute-1.amazonaws.com/jenkins/job/PreCommit-HIVE-TRUNK-Build/6116/testReport&quot; class=&quot;external-link&quot; target=&quot;_blank&quot; rel=&quot;nofollow noopener&quot;&gt;http://ec2-174-129-184-35.compute-1.amazonaws.com/jenkins/job/PreCommit-HIVE-TRUNK-Build/6116/testReport&lt;/a&gt;&lt;br/&gt;
Console output: &lt;a href=&quot;http://ec2-174-129-184-35.compute-1.amazonaws.com/jenkins/job/PreCommit-HIVE-TRUNK-Build/6116/console&quot; class=&quot;external-link&quot; target=&quot;_blank&quot; rel=&quot;nofollow noopener&quot;&gt;http://ec2-174-129-184-35.compute-1.amazonaws.com/jenkins/job/PreCommit-HIVE-TRUNK-Build/6116/console&lt;/a&gt;&lt;br/&gt;
Test logs: &lt;a href=&quot;http://ec2-174-129-184-35.compute-1.amazonaws.com/logs/PreCommit-HIVE-TRUNK-Build-6116/&quot; class=&quot;external-link&quot; target=&quot;_blank&quot; rel=&quot;nofollow noopener&quot;&gt;http://ec2-174-129-184-35.compute-1.amazonaws.com/logs/PreCommit-HIVE-TRUNK-Build-6116/&lt;/a&gt;&lt;/p&gt;

&lt;p&gt;Messages:&lt;/p&gt;
&lt;div class=&quot;preformatted panel&quot; style=&quot;border-width: 1px;&quot;&gt;&lt;div class=&quot;preformattedContent panelContent&quot;&gt;
&lt;pre&gt;Executing org.apache.hive.ptest.execution.TestCheckPhase
Executing org.apache.hive.ptest.execution.PrepPhase
Executing org.apache.hive.ptest.execution.ExecutionPhase
Executing org.apache.hive.ptest.execution.ReportingPhase
Tests exited with: TestsFailedException: 17 tests failed
&lt;/pre&gt;
&lt;/div&gt;&lt;/div&gt;

&lt;p&gt;This message is automatically generated.&lt;/p&gt;

&lt;p&gt;ATTACHMENT ID: 12773842 - PreCommit-HIVE-TRUNK-Build&lt;/p&gt;</comment>
                            <comment id="15025057" author="ychena" created="Tue, 24 Nov 2015 18:36:02 +0000"  >&lt;p&gt;Need add the fixes for tez and spark results too. &lt;/p&gt;</comment>
                            <comment id="15029539" author="hiveqa" created="Fri, 27 Nov 2015 07:09:22 +0000"  >

&lt;p&gt;Here are the results of testing the latest attachment:&lt;br/&gt;
&lt;a href=&quot;https://issues.apache.org/jira/secure/attachment/12774170/HIVE-12008.5.patch&quot; class=&quot;external-link&quot; rel=&quot;nofollow&quot;&gt;https://issues.apache.org/jira/secure/attachment/12774170/HIVE-12008.5.patch&lt;/a&gt;&lt;/p&gt;

&lt;p&gt;&lt;font color=&quot;green&quot;&gt;SUCCESS:&lt;/font&gt; +1 due to 1 test(s) being added or modified.&lt;/p&gt;

&lt;p&gt;&lt;font color=&quot;red&quot;&gt;ERROR:&lt;/font&gt; -1 due to 6 failed/errored test(s), 9836 tests executed&lt;br/&gt;
&lt;b&gt;Failed tests:&lt;/b&gt;&lt;/p&gt;
&lt;div class=&quot;preformatted panel&quot; style=&quot;border-width: 1px;&quot;&gt;&lt;div class=&quot;preformattedContent panelContent&quot;&gt;
&lt;pre&gt;TestHWISessionManager - did not produce a TEST-*.xml file
TestMiniTezCliDriver-vector_coalesce.q-auto_sortmerge_join_7.q-dynamic_partition_pruning.q-and-12-more - did not produce a TEST-*.xml file
org.apache.hadoop.hive.cli.TestMiniTezCliDriver.initializationError
org.apache.hadoop.hive.cli.TestNegativeCliDriver.testNegativeCliDriver_authorization_uri_import
org.apache.hadoop.hive.metastore.TestHiveMetaStorePartitionSpecs.testGetPartitionSpecs_WithAndWithoutPartitionGrouping
org.apache.hive.jdbc.TestSSL.testSSLVersion
&lt;/pre&gt;
&lt;/div&gt;&lt;/div&gt;

&lt;p&gt;Test results: &lt;a href=&quot;http://ec2-174-129-184-35.compute-1.amazonaws.com/jenkins/job/PreCommit-HIVE-TRUNK-Build/6141/testReport&quot; class=&quot;external-link&quot; target=&quot;_blank&quot; rel=&quot;nofollow noopener&quot;&gt;http://ec2-174-129-184-35.compute-1.amazonaws.com/jenkins/job/PreCommit-HIVE-TRUNK-Build/6141/testReport&lt;/a&gt;&lt;br/&gt;
Console output: &lt;a href=&quot;http://ec2-174-129-184-35.compute-1.amazonaws.com/jenkins/job/PreCommit-HIVE-TRUNK-Build/6141/console&quot; class=&quot;external-link&quot; target=&quot;_blank&quot; rel=&quot;nofollow noopener&quot;&gt;http://ec2-174-129-184-35.compute-1.amazonaws.com/jenkins/job/PreCommit-HIVE-TRUNK-Build/6141/console&lt;/a&gt;&lt;br/&gt;
Test logs: &lt;a href=&quot;http://ec2-174-129-184-35.compute-1.amazonaws.com/logs/PreCommit-HIVE-TRUNK-Build-6141/&quot; class=&quot;external-link&quot; target=&quot;_blank&quot; rel=&quot;nofollow noopener&quot;&gt;http://ec2-174-129-184-35.compute-1.amazonaws.com/logs/PreCommit-HIVE-TRUNK-Build-6141/&lt;/a&gt;&lt;/p&gt;

&lt;p&gt;Messages:&lt;/p&gt;
&lt;div class=&quot;preformatted panel&quot; style=&quot;border-width: 1px;&quot;&gt;&lt;div class=&quot;preformattedContent panelContent&quot;&gt;
&lt;pre&gt;Executing org.apache.hive.ptest.execution.TestCheckPhase
Executing org.apache.hive.ptest.execution.PrepPhase
Executing org.apache.hive.ptest.execution.ExecutionPhase
Executing org.apache.hive.ptest.execution.ReportingPhase
Tests exited with: TestsFailedException: 6 tests failed
&lt;/pre&gt;
&lt;/div&gt;&lt;/div&gt;

&lt;p&gt;This message is automatically generated.&lt;/p&gt;

&lt;p&gt;ATTACHMENT ID: 12774170 - PreCommit-HIVE-TRUNK-Build&lt;/p&gt;</comment>
                            <comment id="15030811" author="ychena" created="Sun, 29 Nov 2015 05:52:09 +0000"  >&lt;p&gt;The  failures are not related.&lt;br/&gt;
Thanks &lt;a href=&quot;https://issues.apache.org/jira/secure/ViewProfile.jspa?name=szehon&quot; class=&quot;user-hover&quot; rel=&quot;szehon&quot;&gt;szehon&lt;/a&gt; for reviewing the code.&lt;/p&gt;</comment>
                            <comment id="15030819" author="ychena" created="Sun, 29 Nov 2015 06:26:04 +0000"  >&lt;p&gt;Committed to master. &lt;/p&gt;</comment>
                    </comments>
                    <attachments>
                            <attachment id="12765225" name="HIVE-12008.1.patch" size="2900" author="ychena" created="Tue, 6 Oct 2015 18:54:59 +0000"/>
                            <attachment id="12765439" name="HIVE-12008.2.patch" size="1344" author="ychena" created="Wed, 7 Oct 2015 19:31:29 +0000"/>
                            <attachment id="12772864" name="HIVE-12008.3.patch" size="14944" author="ychena" created="Tue, 17 Nov 2015 23:25:22 +0000"/>
                            <attachment id="12773842" name="HIVE-12008.4.patch" size="78351" author="ychena" created="Mon, 23 Nov 2015 14:40:30 +0000"/>
                            <attachment id="12774170" name="HIVE-12008.5.patch" size="106606" author="ychena" created="Tue, 24 Nov 2015 21:47:10 +0000"/>
                    </attachments>
                <subtasks>
                    </subtasks>
                <customfields>
                                                                            <customfield id="customfield_12310310" key="com.atlassian.jira.toolkit:attachments">
                        <customfieldname>Attachment count</customfieldname>
                        <customfieldvalues>
                            <customfieldvalue>5.0</customfieldvalue>
                        </customfieldvalues>
                    </customfield>
                                                                                                                                                                                                                                                                                                                                                                                                                                                                                                                                                                                                                                                                                                        <customfield id="customfield_12314020" key="com.atlassian.jira.plugins.jira-development-integration-plugin:devsummary">
                        <customfieldname>Development</customfieldname>
                        <customfieldvalues>
                            
                        </customfieldvalues>
                    </customfield>
                                                                                                                        <customfield id="customfield_12313422" key="com.atlassian.jirafisheyeplugin:jobcheckbox">
                        <customfieldname>Enable Automatic Patch Review</customfieldname>
                        <customfieldvalues>
                            <customfieldvalue><![CDATA[false]]></customfieldvalue>

                        </customfieldvalues>
                    </customfield>
                                                                                                                                                                                                                                                                                                                                                                                                                                                                                                                                                                                                                                                <customfield id="customfield_12310420" key="com.pyxis.greenhopper.jira:gh-global-rank">
                        <customfieldname>Global Rank</customfieldname>
                        <customfieldvalues>
                            <customfieldvalue>9223372036854775807</customfieldvalue>
                        </customfieldvalues>
                    </customfield>
                                                                                                                                                                                                                                                                    <customfield id="customfield_12312521" key="com.atlassian.jira.toolkit:LastCommentDate">
                        <customfieldname>Last public comment date</customfieldname>
                        <customfieldvalues>
                            9 years, 51 weeks, 3 days ago
                        </customfieldvalues>
                    </customfield>
                                                                                                                                                                                                                                                                                                <customfield id="customfield_12311820" key="com.pyxis.greenhopper.jira:gh-lexo-rank">
                        <customfieldname>Rank</customfieldname>
                        <customfieldvalues>
                            <customfieldvalue>0|i2mijb:</customfieldvalue>

                        </customfieldvalues>
                    </customfield>
                                                                <customfield id="customfield_12310920" key="com.pyxis.greenhopper.jira:gh-global-rank">
                        <customfieldname>Rank (Obsolete)</customfieldname>
                        <customfieldvalues>
                            <customfieldvalue>9223372036854775807</customfieldvalue>
                        </customfieldvalues>
                    </customfield>
                                                                                                                                                                                                                                                                                                                                                                                                                                                                                                                                                                                                                                                                                                                                                                                                                                                                                </customfields>
    </item>
</channel>
</rss>