<!-- 
RSS generated by JIRA (8.20.10#820010-sha1:ace47f9899e9ee25d7157d59aa17ab06aee30d3d) at Wed Nov 12 18:42:37 UTC 2025

It is possible to restrict the fields that are returned in this document by specifying the 'field' parameter in your request.
For example, to request only the issue key and summary append 'field=key&field=summary' to the URL of your request.
-->
<rss version="0.92" >
<channel>
    <title>ASF Jira</title>
    <link>https://issues.apache.org/jira</link>
    <description>This file is an XML representation of an issue</description>
    <language>en-uk</language>    <build-info>
        <version>8.20.10</version>
        <build-number>820010</build-number>
        <build-date>22-06-2022</build-date>
    </build-info>


<item>
            <title>[HIVE-12749] Constant propagate returns string values in incorrect format</title>
                <link>https://issues.apache.org/jira/browse/HIVE-12749</link>
                <project id="12310843" key="HIVE">Hive</project>
                    <description>&lt;h2&gt;&lt;a name=&quot;STEP1.Createanduploadtestdata&quot;&gt;&lt;/a&gt;STEP 1. Create and upload test data&lt;/h2&gt;

&lt;p&gt;Execute in command line:&lt;/p&gt;

&lt;div class=&quot;preformatted panel&quot; style=&quot;border-width: 1px;&quot;&gt;&lt;div class=&quot;preformattedContent panelContent&quot;&gt;
&lt;pre&gt;nano stest.data
&lt;/pre&gt;
&lt;/div&gt;&lt;/div&gt;

&lt;p&gt;Add to file:&lt;/p&gt;

&lt;div class=&quot;preformatted panel&quot; style=&quot;border-width: 1px;&quot;&gt;&lt;div class=&quot;preformattedContent panelContent&quot;&gt;
&lt;pre&gt;000126,000777
000126,000778
000126,000779
000474,000888
000468,000889
000272,000880
&lt;/pre&gt;
&lt;/div&gt;&lt;/div&gt;

&lt;div class=&quot;preformatted panel&quot; style=&quot;border-width: 1px;&quot;&gt;&lt;div class=&quot;preformattedContent panelContent&quot;&gt;
&lt;pre&gt;hadoop fs -put stest.data /
&lt;/pre&gt;
&lt;/div&gt;&lt;/div&gt;

&lt;div class=&quot;preformatted panel&quot; style=&quot;border-width: 1px;&quot;&gt;&lt;div class=&quot;preformattedContent panelContent&quot;&gt;
&lt;pre&gt;hive&amp;gt; create table stest(x STRING, y STRING) ROW FORMAT DELIMITED FIELDS TERMINATED BY &apos;,&apos;;
hive&amp;gt; LOAD DATA  INPATH &apos;/stest.data&apos; OVERWRITE INTO TABLE stest;
&lt;/pre&gt;
&lt;/div&gt;&lt;/div&gt;

&lt;h2&gt;&lt;a name=&quot;STEP2.Executetestquery%28withcastforx%29&quot;&gt;&lt;/a&gt;STEP 2. Execute test query (with cast for x)&lt;/h2&gt;

&lt;div class=&quot;preformatted panel&quot; style=&quot;border-width: 1px;&quot;&gt;&lt;div class=&quot;preformattedContent panelContent&quot;&gt;
&lt;pre&gt;select x from stest where cast(x as int) = 126;
&lt;/pre&gt;
&lt;/div&gt;&lt;/div&gt;

&lt;p&gt;EXPECTED RESULT:&lt;/p&gt;
&lt;div class=&quot;preformatted panel&quot; style=&quot;border-width: 1px;&quot;&gt;&lt;div class=&quot;preformattedContent panelContent&quot;&gt;
&lt;pre&gt;000126
000126
000126
&lt;/pre&gt;
&lt;/div&gt;&lt;/div&gt;

&lt;p&gt;ACTUAL RESULT:&lt;/p&gt;
&lt;div class=&quot;preformatted panel&quot; style=&quot;border-width: 1px;&quot;&gt;&lt;div class=&quot;preformattedContent panelContent&quot;&gt;
&lt;pre&gt;126
126
126
&lt;/pre&gt;
&lt;/div&gt;&lt;/div&gt;

&lt;h2&gt;&lt;a name=&quot;STEP3.Executetestquery%28nocastforx%29&quot;&gt;&lt;/a&gt;STEP 3. Execute test query (no cast for x)&lt;/h2&gt;

&lt;div class=&quot;preformatted panel&quot; style=&quot;border-width: 1px;&quot;&gt;&lt;div class=&quot;preformattedContent panelContent&quot;&gt;
&lt;pre&gt;hive&amp;gt; select x from stest where  x = 126; 
&lt;/pre&gt;
&lt;/div&gt;&lt;/div&gt;

&lt;p&gt;EXPECTED RESULT:&lt;/p&gt;
&lt;div class=&quot;preformatted panel&quot; style=&quot;border-width: 1px;&quot;&gt;&lt;div class=&quot;preformattedContent panelContent&quot;&gt;
&lt;pre&gt;000126
000126
000126
&lt;/pre&gt;
&lt;/div&gt;&lt;/div&gt;

&lt;p&gt;ACTUAL RESULT:&lt;/p&gt;
&lt;div class=&quot;preformatted panel&quot; style=&quot;border-width: 1px;&quot;&gt;&lt;div class=&quot;preformattedContent panelContent&quot;&gt;
&lt;pre&gt;126
126
126
&lt;/pre&gt;
&lt;/div&gt;&lt;/div&gt;

&lt;p&gt;In steps #2, #3 I expected &apos;000126&apos; because the origin type of x is STRING in stest table.&lt;/p&gt;

&lt;p&gt;Note, setting hive.optimize.constant.propagation=false fixes the issue.&lt;/p&gt;

&lt;div class=&quot;preformatted panel&quot; style=&quot;border-width: 1px;&quot;&gt;&lt;div class=&quot;preformattedContent panelContent&quot;&gt;
&lt;pre&gt;hive&amp;gt; set hive.optimize.constant.propagation=false;
hive&amp;gt; select x from stest where  x = 126;
OK
000126
000126
000126
&lt;/pre&gt;
&lt;/div&gt;&lt;/div&gt;

&lt;p&gt;Related to &lt;a href=&quot;https://issues.apache.org/jira/browse/HIVE-11104&quot; title=&quot;Select operator doesn&amp;#39;t propagate constants appearing in expressions&quot; class=&quot;issue-link&quot; data-issue-key=&quot;HIVE-11104&quot;&gt;&lt;del&gt;HIVE-11104&lt;/del&gt;&lt;/a&gt;, &lt;a href=&quot;https://issues.apache.org/jira/browse/HIVE-8555&quot; title=&quot;Too many casts results in loss of original string representation for constant &quot; class=&quot;issue-link&quot; data-issue-key=&quot;HIVE-8555&quot;&gt;&lt;del&gt;HIVE-8555&lt;/del&gt;&lt;/a&gt;&lt;/p&gt;</description>
                <environment></environment>
        <key id="12924299">HIVE-12749</key>
            <summary>Constant propagate returns string values in incorrect format</summary>
                <type id="1" iconUrl="https://issues.apache.org/jira/secure/viewavatar?size=xsmall&amp;avatarId=21133&amp;avatarType=issuetype">Bug</type>
                                            <priority id="3" iconUrl="https://issues.apache.org/jira/images/icons/priorities/major.svg">Major</priority>
                        <status id="6" iconUrl="https://issues.apache.org/jira/images/icons/statuses/closed.png" description="The issue is considered finished, the resolution is correct. Issues which are not closed can be reopened.">Closed</status>
                    <statusCategory id="3" key="done" colorName="green"/>
                                    <resolution id="1">Fixed</resolution>
                                        <assignee username="AleKsey Vovchenko">Aleksey Vovchenko</assignee>
                                    <reporter username="osayankin">Oleksiy Sayankin</reporter>
                        <labels>
                    </labels>
                <created>Fri, 25 Dec 2015 13:04:29 +0000</created>
                <updated>Tue, 27 Feb 2024 22:23:54 +0000</updated>
                            <resolved>Wed, 2 Mar 2016 12:39:10 +0000</resolved>
                                    <version>1.0.0</version>
                    <version>1.2.0</version>
                                    <fixVersion>2.0.1</fixVersion>
                    <fixVersion>2.1.0</fixVersion>
                                        <due></due>
                            <votes>0</votes>
                                    <watches>5</watches>
                                                                                                                <comments>
                            <comment id="15072611" author="osayankin" created="Mon, 28 Dec 2015 10:30:59 +0000"  >&lt;p&gt;Commenting out this rule&lt;/p&gt;

&lt;div class=&quot;code panel&quot; style=&quot;border-style: solid;border-width: 1px;&quot;&gt;&lt;div class=&quot;codeHeader panelHeader&quot; style=&quot;border-bottom-width: 1px;border-bottom-style: solid;&quot;&gt;&lt;b&gt;ConstantPropagate.java&lt;/b&gt;&lt;/div&gt;&lt;div class=&quot;codeContent panelContent&quot;&gt;
&lt;pre class=&quot;code-java&quot;&gt;    opRules.put(&lt;span class=&quot;code-keyword&quot;&gt;new&lt;/span&gt; RuleRegExp(&lt;span class=&quot;code-quote&quot;&gt;&quot;R3&quot;&lt;/span&gt;, SelectOperator.getOperatorName() + &lt;span class=&quot;code-quote&quot;&gt;&quot;%&quot;&lt;/span&gt;),
        ConstantPropagateProcFactory.getSelectProc());
&lt;/pre&gt;
&lt;/div&gt;&lt;/div&gt;

&lt;p&gt;from &lt;/p&gt;

&lt;div class=&quot;code panel&quot; style=&quot;border-width: 1px;&quot;&gt;&lt;div class=&quot;codeContent panelContent&quot;&gt;
&lt;pre class=&quot;code-java&quot;&gt;&lt;span class=&quot;code-keyword&quot;&gt;public&lt;/span&gt; ParseContext transform(ParseContext pactx) &lt;span class=&quot;code-keyword&quot;&gt;throws&lt;/span&gt; SemanticException 
&lt;/pre&gt;
&lt;/div&gt;&lt;/div&gt;

&lt;p&gt;will fix the issue.&lt;/p&gt;</comment>
                            <comment id="15086081" author="sershe" created="Wed, 6 Jan 2016 19:06:30 +0000"  >&lt;p&gt;&lt;a href=&quot;https://issues.apache.org/jira/secure/ViewProfile.jspa?name=ashutoshc&quot; class=&quot;user-hover&quot; rel=&quot;ashutoshc&quot;&gt;ashutoshc&lt;/a&gt; can you take a look?&lt;/p&gt;</comment>
                            <comment id="15125983" author="osayankin" created="Mon, 1 Feb 2016 09:13:47 +0000"  >&lt;p&gt;The author of the patch is Aleksey Vovchenko&lt;/p&gt;</comment>
                            <comment id="15127497" author="hiveqa" created="Tue, 2 Feb 2016 02:44:57 +0000"  >

&lt;p&gt;Here are the results of testing the latest attachment:&lt;br/&gt;
&lt;a href=&quot;https://issues.apache.org/jira/secure/attachment/12785478/HIVE-12749.1.patch&quot; class=&quot;external-link&quot; rel=&quot;nofollow&quot;&gt;https://issues.apache.org/jira/secure/attachment/12785478/HIVE-12749.1.patch&lt;/a&gt;&lt;/p&gt;

&lt;p&gt;&lt;font color=&quot;red&quot;&gt;ERROR:&lt;/font&gt; -1 due to no test(s) being added or modified.&lt;/p&gt;

&lt;p&gt;&lt;font color=&quot;red&quot;&gt;ERROR:&lt;/font&gt; -1 due to 59 failed/errored test(s), 10048 tests executed&lt;br/&gt;
&lt;b&gt;Failed tests:&lt;/b&gt;&lt;/p&gt;
&lt;div class=&quot;preformatted panel&quot; style=&quot;border-width: 1px;&quot;&gt;&lt;div class=&quot;preformattedContent panelContent&quot;&gt;
&lt;pre&gt;org.apache.hadoop.hive.cli.TestCliDriver.testCliDriver_cbo_const
org.apache.hadoop.hive.cli.TestCliDriver.testCliDriver_cluster
org.apache.hadoop.hive.cli.TestCliDriver.testCliDriver_column_access_stats
org.apache.hadoop.hive.cli.TestCliDriver.testCliDriver_constprog2
org.apache.hadoop.hive.cli.TestCliDriver.testCliDriver_create_view
org.apache.hadoop.hive.cli.TestCliDriver.testCliDriver_groupby_grouping_sets6
org.apache.hadoop.hive.cli.TestCliDriver.testCliDriver_groupby_sort_1_23
org.apache.hadoop.hive.cli.TestCliDriver.testCliDriver_groupby_sort_skew_1_23
org.apache.hadoop.hive.cli.TestCliDriver.testCliDriver_index_auto_empty
org.apache.hadoop.hive.cli.TestCliDriver.testCliDriver_index_auto_file_format
org.apache.hadoop.hive.cli.TestCliDriver.testCliDriver_index_auto_multiple
org.apache.hadoop.hive.cli.TestCliDriver.testCliDriver_index_auto_partitioned
org.apache.hadoop.hive.cli.TestCliDriver.testCliDriver_index_auto_unused
org.apache.hadoop.hive.cli.TestCliDriver.testCliDriver_index_auto_update
org.apache.hadoop.hive.cli.TestCliDriver.testCliDriver_index_bitmap_auto_partitioned
org.apache.hadoop.hive.cli.TestCliDriver.testCliDriver_index_stale
org.apache.hadoop.hive.cli.TestCliDriver.testCliDriver_index_stale_partitioned
org.apache.hadoop.hive.cli.TestCliDriver.testCliDriver_infer_const_type
org.apache.hadoop.hive.cli.TestCliDriver.testCliDriver_input_part3
org.apache.hadoop.hive.cli.TestCliDriver.testCliDriver_input_part4
org.apache.hadoop.hive.cli.TestCliDriver.testCliDriver_input_part6
org.apache.hadoop.hive.cli.TestCliDriver.testCliDriver_join38
org.apache.hadoop.hive.cli.TestCliDriver.testCliDriver_merge_dynamic_partition
org.apache.hadoop.hive.cli.TestCliDriver.testCliDriver_multi_insert
org.apache.hadoop.hive.cli.TestCliDriver.testCliDriver_multi_insert_move_tasks_share_dependencies
org.apache.hadoop.hive.cli.TestCliDriver.testCliDriver_pcr
org.apache.hadoop.hive.cli.TestCliDriver.testCliDriver_ppd2
org.apache.hadoop.hive.cli.TestCliDriver.testCliDriver_ppd_clusterby
org.apache.hadoop.hive.cli.TestCliDriver.testCliDriver_ppd_udf_col
org.apache.hadoop.hive.cli.TestCliDriver.testCliDriver_ptf_matchpath
org.apache.hadoop.hive.cli.TestCliDriver.testCliDriver_regex_col
org.apache.hadoop.hive.cli.TestCliDriver.testCliDriver_set_processor_namespaces
org.apache.hadoop.hive.cli.TestCliDriver.testCliDriver_union27
org.apache.hadoop.hive.cli.TestCliDriver.testCliDriver_union33
org.apache.hadoop.hive.cli.TestCliDriver.testCliDriver_unionDistinct_1
org.apache.hadoop.hive.cli.TestCliDriver.testCliDriver_union_remove_19
org.apache.hadoop.hive.cli.TestMiniLlapCliDriver.testCliDriver_dynamic_partition_pruning
org.apache.hadoop.hive.cli.TestMiniLlapCliDriver.testCliDriver_vectorized_dynamic_partition_pruning
org.apache.hadoop.hive.cli.TestMiniSparkOnYarnCliDriver.testCliDriver_constprog_partitioner
org.apache.hadoop.hive.cli.TestMiniTezCliDriver.testCliDriver_dynamic_partition_pruning
org.apache.hadoop.hive.cli.TestMiniTezCliDriver.testCliDriver_ptf_matchpath
org.apache.hadoop.hive.cli.TestMiniTezCliDriver.testCliDriver_unionDistinct_1
org.apache.hadoop.hive.cli.TestMiniTezCliDriver.testCliDriver_vector_varchar_simple
org.apache.hadoop.hive.cli.TestMiniTezCliDriver.testCliDriver_vectorized_dynamic_partition_pruning
org.apache.hadoop.hive.cli.TestMinimrCliDriver.testCliDriver_constprog_partitioner
org.apache.hadoop.hive.cli.TestNegativeCliDriver.testNegativeCliDriver_authorization_uri_import
org.apache.hadoop.hive.cli.TestSparkCliDriver.testCliDriver_column_access_stats
org.apache.hadoop.hive.cli.TestSparkCliDriver.testCliDriver_groupby_sort_1_23
org.apache.hadoop.hive.cli.TestSparkCliDriver.testCliDriver_groupby_sort_skew_1_23
org.apache.hadoop.hive.cli.TestSparkCliDriver.testCliDriver_join38
org.apache.hadoop.hive.cli.TestSparkCliDriver.testCliDriver_multi_insert
org.apache.hadoop.hive.cli.TestSparkCliDriver.testCliDriver_multi_insert_move_tasks_share_dependencies
org.apache.hadoop.hive.cli.TestSparkCliDriver.testCliDriver_pcr
org.apache.hadoop.hive.cli.TestSparkCliDriver.testCliDriver_ptf_matchpath
org.apache.hadoop.hive.cli.TestSparkCliDriver.testCliDriver_union27
org.apache.hadoop.hive.cli.TestSparkCliDriver.testCliDriver_union33
org.apache.hadoop.hive.cli.TestSparkCliDriver.testCliDriver_union_remove_19
org.apache.hive.jdbc.TestSSL.testSSLVersion
org.apache.hive.service.cli.TestEmbeddedThriftBinaryCLIService.testExecuteStatementAsync
&lt;/pre&gt;
&lt;/div&gt;&lt;/div&gt;

&lt;p&gt;Test results: &lt;a href=&quot;http://ec2-174-129-184-35.compute-1.amazonaws.com/jenkins/job/PreCommit-HIVE-TRUNK-Build/6831/testReport&quot; class=&quot;external-link&quot; target=&quot;_blank&quot; rel=&quot;nofollow noopener&quot;&gt;http://ec2-174-129-184-35.compute-1.amazonaws.com/jenkins/job/PreCommit-HIVE-TRUNK-Build/6831/testReport&lt;/a&gt;&lt;br/&gt;
Console output: &lt;a href=&quot;http://ec2-174-129-184-35.compute-1.amazonaws.com/jenkins/job/PreCommit-HIVE-TRUNK-Build/6831/console&quot; class=&quot;external-link&quot; target=&quot;_blank&quot; rel=&quot;nofollow noopener&quot;&gt;http://ec2-174-129-184-35.compute-1.amazonaws.com/jenkins/job/PreCommit-HIVE-TRUNK-Build/6831/console&lt;/a&gt;&lt;br/&gt;
Test logs: &lt;a href=&quot;http://ec2-174-129-184-35.compute-1.amazonaws.com/logs/PreCommit-HIVE-TRUNK-Build-6831/&quot; class=&quot;external-link&quot; target=&quot;_blank&quot; rel=&quot;nofollow noopener&quot;&gt;http://ec2-174-129-184-35.compute-1.amazonaws.com/logs/PreCommit-HIVE-TRUNK-Build-6831/&lt;/a&gt;&lt;/p&gt;

&lt;p&gt;Messages:&lt;/p&gt;
&lt;div class=&quot;preformatted panel&quot; style=&quot;border-width: 1px;&quot;&gt;&lt;div class=&quot;preformattedContent panelContent&quot;&gt;
&lt;pre&gt;Executing org.apache.hive.ptest.execution.TestCheckPhase
Executing org.apache.hive.ptest.execution.PrepPhase
Executing org.apache.hive.ptest.execution.ExecutionPhase
Executing org.apache.hive.ptest.execution.ReportingPhase
Tests exited with: TestsFailedException: 59 tests failed
&lt;/pre&gt;
&lt;/div&gt;&lt;/div&gt;

&lt;p&gt;This message is automatically generated.&lt;/p&gt;

&lt;p&gt;ATTACHMENT ID: 12785478 - PreCommit-HIVE-TRUNK-Build&lt;/p&gt;</comment>
                            <comment id="15143395" author="sershe" created="Thu, 11 Feb 2016 20:00:58 +0000"  >&lt;p&gt;This seems to disable constant propagation pretty much everywhere in the q files.&lt;br/&gt;
1) It seems like it should be safe to compare string with string. E.g. in input_part4 &quot;WHERE x.ds = &apos;2008-04-08&apos;&quot; stopped triggering the optimization, even though ds is string.&lt;br/&gt;
2) At least the q files that purport to test constant propagation (constprog-something, cbo_const, etc.) need to be updated to change the types so it still triggers.&lt;/p&gt;</comment>
                            <comment id="15144904" author="aleksey vovchenko" created="Fri, 12 Feb 2016 17:30:36 +0000"  >&lt;p&gt;I changed only query execution plans and did not change the data type. &lt;/p&gt;</comment>
                            <comment id="15145101" author="hiveqa" created="Fri, 12 Feb 2016 19:10:12 +0000"  >

&lt;p&gt;Here are the results of testing the latest attachment:&lt;br/&gt;
&lt;a href=&quot;https://issues.apache.org/jira/secure/attachment/12787442/HIVE-12749.2.patch&quot; class=&quot;external-link&quot; rel=&quot;nofollow&quot;&gt;https://issues.apache.org/jira/secure/attachment/12787442/HIVE-12749.2.patch&lt;/a&gt;&lt;/p&gt;

&lt;p&gt;&lt;font color=&quot;red&quot;&gt;ERROR:&lt;/font&gt; -1 due to no test(s) being added or modified.&lt;/p&gt;

&lt;p&gt;&lt;font color=&quot;red&quot;&gt;ERROR:&lt;/font&gt; -1 due to 16 failed/errored test(s), 9775 tests executed&lt;br/&gt;
&lt;b&gt;Failed tests:&lt;/b&gt;&lt;/p&gt;
&lt;div class=&quot;preformatted panel&quot; style=&quot;border-width: 1px;&quot;&gt;&lt;div class=&quot;preformattedContent panelContent&quot;&gt;
&lt;pre&gt;org.apache.hadoop.hive.cli.TestCliDriver.testCliDriver_cluster
org.apache.hadoop.hive.cli.TestCliDriver.testCliDriver_constprog2
org.apache.hadoop.hive.cli.TestCliDriver.testCliDriver_pcr
org.apache.hadoop.hive.cli.TestCliDriver.testCliDriver_ppd2
org.apache.hadoop.hive.cli.TestCliDriver.testCliDriver_ppd_clusterby
org.apache.hadoop.hive.cli.TestMiniLlapCliDriver.testCliDriver_dynamic_partition_pruning
org.apache.hadoop.hive.cli.TestMiniLlapCliDriver.testCliDriver_vectorized_dynamic_partition_pruning
org.apache.hadoop.hive.cli.TestMiniSparkOnYarnCliDriver.testCliDriver_constprog_partitioner
org.apache.hadoop.hive.cli.TestMiniTezCliDriver.testCliDriver_dynamic_partition_pruning
org.apache.hadoop.hive.cli.TestMiniTezCliDriver.testCliDriver_vectorized_dynamic_partition_pruning
org.apache.hadoop.hive.cli.TestNegativeCliDriver.testNegativeCliDriver_authorization_uri_import
org.apache.hadoop.hive.cli.TestSparkCliDriver.testCliDriver_pcr
org.apache.hadoop.hive.ql.security.TestStorageBasedClientSideAuthorizationProvider.testSimplePrivileges
org.apache.hive.jdbc.TestMultiSessionsHS2WithLocalClusterSpark.testSparkQuery
org.apache.hive.jdbc.TestSSL.testSSLVersion
org.apache.hive.spark.client.TestSparkClient.testJobSubmission
&lt;/pre&gt;
&lt;/div&gt;&lt;/div&gt;

&lt;p&gt;Test results: &lt;a href=&quot;http://ec2-174-129-184-35.compute-1.amazonaws.com/jenkins/job/PreCommit-HIVE-TRUNK-Build/6958/testReport&quot; class=&quot;external-link&quot; target=&quot;_blank&quot; rel=&quot;nofollow noopener&quot;&gt;http://ec2-174-129-184-35.compute-1.amazonaws.com/jenkins/job/PreCommit-HIVE-TRUNK-Build/6958/testReport&lt;/a&gt;&lt;br/&gt;
Console output: &lt;a href=&quot;http://ec2-174-129-184-35.compute-1.amazonaws.com/jenkins/job/PreCommit-HIVE-TRUNK-Build/6958/console&quot; class=&quot;external-link&quot; target=&quot;_blank&quot; rel=&quot;nofollow noopener&quot;&gt;http://ec2-174-129-184-35.compute-1.amazonaws.com/jenkins/job/PreCommit-HIVE-TRUNK-Build/6958/console&lt;/a&gt;&lt;br/&gt;
Test logs: &lt;a href=&quot;http://ec2-174-129-184-35.compute-1.amazonaws.com/logs/PreCommit-HIVE-TRUNK-Build-6958/&quot; class=&quot;external-link&quot; target=&quot;_blank&quot; rel=&quot;nofollow noopener&quot;&gt;http://ec2-174-129-184-35.compute-1.amazonaws.com/logs/PreCommit-HIVE-TRUNK-Build-6958/&lt;/a&gt;&lt;/p&gt;

&lt;p&gt;Messages:&lt;/p&gt;
&lt;div class=&quot;preformatted panel&quot; style=&quot;border-width: 1px;&quot;&gt;&lt;div class=&quot;preformattedContent panelContent&quot;&gt;
&lt;pre&gt;Executing org.apache.hive.ptest.execution.TestCheckPhase
Executing org.apache.hive.ptest.execution.PrepPhase
Executing org.apache.hive.ptest.execution.ExecutionPhase
Executing org.apache.hive.ptest.execution.ReportingPhase
Tests exited with: TestsFailedException: 16 tests failed
&lt;/pre&gt;
&lt;/div&gt;&lt;/div&gt;

&lt;p&gt;This message is automatically generated.&lt;/p&gt;

&lt;p&gt;ATTACHMENT ID: 12787442 - PreCommit-HIVE-TRUNK-Build&lt;/p&gt;</comment>
                            <comment id="15146667" author="hiveqa" created="Sun, 14 Feb 2016 17:55:05 +0000"  >

&lt;p&gt;Here are the results of testing the latest attachment:&lt;br/&gt;
&lt;a href=&quot;https://issues.apache.org/jira/secure/attachment/12787703/HIVE-12749.3.patch&quot; class=&quot;external-link&quot; rel=&quot;nofollow&quot;&gt;https://issues.apache.org/jira/secure/attachment/12787703/HIVE-12749.3.patch&lt;/a&gt;&lt;/p&gt;

&lt;p&gt;&lt;font color=&quot;red&quot;&gt;ERROR:&lt;/font&gt; -1 due to no test(s) being added or modified.&lt;/p&gt;

&lt;p&gt;&lt;font color=&quot;red&quot;&gt;ERROR:&lt;/font&gt; -1 due to 70 failed/errored test(s), 9788 tests executed&lt;br/&gt;
&lt;b&gt;Failed tests:&lt;/b&gt;&lt;/p&gt;
&lt;div class=&quot;preformatted panel&quot; style=&quot;border-width: 1px;&quot;&gt;&lt;div class=&quot;preformattedContent panelContent&quot;&gt;
&lt;pre&gt;TestSparkCliDriver-timestamp_lazy.q-bucketsortoptimize_insert_4.q-date_udf.q-and-12-more - did not produce a TEST-*.xml file
org.apache.hadoop.hive.cli.TestCliDriver.testCliDriver_cbo_const
org.apache.hadoop.hive.cli.TestCliDriver.testCliDriver_cluster
org.apache.hadoop.hive.cli.TestCliDriver.testCliDriver_column_access_stats
org.apache.hadoop.hive.cli.TestCliDriver.testCliDriver_constprog2
org.apache.hadoop.hive.cli.TestCliDriver.testCliDriver_create_view
org.apache.hadoop.hive.cli.TestCliDriver.testCliDriver_cte_5
org.apache.hadoop.hive.cli.TestCliDriver.testCliDriver_cte_mat_1
org.apache.hadoop.hive.cli.TestCliDriver.testCliDriver_cte_mat_2
org.apache.hadoop.hive.cli.TestCliDriver.testCliDriver_cte_mat_3
org.apache.hadoop.hive.cli.TestCliDriver.testCliDriver_cte_mat_4
org.apache.hadoop.hive.cli.TestCliDriver.testCliDriver_cte_mat_5
org.apache.hadoop.hive.cli.TestCliDriver.testCliDriver_groupby_grouping_sets6
org.apache.hadoop.hive.cli.TestCliDriver.testCliDriver_groupby_sort_1_23
org.apache.hadoop.hive.cli.TestCliDriver.testCliDriver_groupby_sort_skew_1_23
org.apache.hadoop.hive.cli.TestCliDriver.testCliDriver_index_auto_empty
org.apache.hadoop.hive.cli.TestCliDriver.testCliDriver_index_auto_file_format
org.apache.hadoop.hive.cli.TestCliDriver.testCliDriver_index_auto_multiple
org.apache.hadoop.hive.cli.TestCliDriver.testCliDriver_index_auto_partitioned
org.apache.hadoop.hive.cli.TestCliDriver.testCliDriver_index_auto_unused
org.apache.hadoop.hive.cli.TestCliDriver.testCliDriver_index_auto_update
org.apache.hadoop.hive.cli.TestCliDriver.testCliDriver_index_bitmap_auto_partitioned
org.apache.hadoop.hive.cli.TestCliDriver.testCliDriver_index_stale
org.apache.hadoop.hive.cli.TestCliDriver.testCliDriver_index_stale_partitioned
org.apache.hadoop.hive.cli.TestCliDriver.testCliDriver_infer_const_type
org.apache.hadoop.hive.cli.TestCliDriver.testCliDriver_input_part3
org.apache.hadoop.hive.cli.TestCliDriver.testCliDriver_input_part4
org.apache.hadoop.hive.cli.TestCliDriver.testCliDriver_input_part6
org.apache.hadoop.hive.cli.TestCliDriver.testCliDriver_join38
org.apache.hadoop.hive.cli.TestCliDriver.testCliDriver_merge_dynamic_partition
org.apache.hadoop.hive.cli.TestCliDriver.testCliDriver_multi_insert
org.apache.hadoop.hive.cli.TestCliDriver.testCliDriver_multi_insert_move_tasks_share_dependencies
org.apache.hadoop.hive.cli.TestCliDriver.testCliDriver_partition_coltype_literals
org.apache.hadoop.hive.cli.TestCliDriver.testCliDriver_pcr
org.apache.hadoop.hive.cli.TestCliDriver.testCliDriver_ppd2
org.apache.hadoop.hive.cli.TestCliDriver.testCliDriver_ppd_clusterby
org.apache.hadoop.hive.cli.TestCliDriver.testCliDriver_ppd_udf_col
org.apache.hadoop.hive.cli.TestCliDriver.testCliDriver_ptf_matchpath
org.apache.hadoop.hive.cli.TestCliDriver.testCliDriver_regex_col
org.apache.hadoop.hive.cli.TestCliDriver.testCliDriver_set_processor_namespaces
org.apache.hadoop.hive.cli.TestCliDriver.testCliDriver_union27
org.apache.hadoop.hive.cli.TestCliDriver.testCliDriver_union33
org.apache.hadoop.hive.cli.TestCliDriver.testCliDriver_unionDistinct_1
org.apache.hadoop.hive.cli.TestCliDriver.testCliDriver_union_remove_19
org.apache.hadoop.hive.cli.TestMiniLlapCliDriver.testCliDriver_cte_5
org.apache.hadoop.hive.cli.TestMiniLlapCliDriver.testCliDriver_cte_mat_1
org.apache.hadoop.hive.cli.TestMiniLlapCliDriver.testCliDriver_cte_mat_2
org.apache.hadoop.hive.cli.TestMiniLlapCliDriver.testCliDriver_cte_mat_3
org.apache.hadoop.hive.cli.TestMiniLlapCliDriver.testCliDriver_cte_mat_4
org.apache.hadoop.hive.cli.TestMiniLlapCliDriver.testCliDriver_cte_mat_5
org.apache.hadoop.hive.cli.TestMiniLlapCliDriver.testCliDriver_dynamic_partition_pruning
org.apache.hadoop.hive.cli.TestMiniLlapCliDriver.testCliDriver_vectorized_dynamic_partition_pruning
org.apache.hadoop.hive.cli.TestMiniSparkOnYarnCliDriver.testCliDriver_constprog_partitioner
org.apache.hadoop.hive.cli.TestMiniTezCliDriver.testCliDriver_dynamic_partition_pruning
org.apache.hadoop.hive.cli.TestMiniTezCliDriver.testCliDriver_ptf_matchpath
org.apache.hadoop.hive.cli.TestMiniTezCliDriver.testCliDriver_unionDistinct_1
org.apache.hadoop.hive.cli.TestMiniTezCliDriver.testCliDriver_vectorized_dynamic_partition_pruning
org.apache.hadoop.hive.cli.TestMinimrCliDriver.testCliDriver_constprog_partitioner
org.apache.hadoop.hive.cli.TestNegativeCliDriver.testNegativeCliDriver_authorization_uri_import
org.apache.hadoop.hive.cli.TestSparkCliDriver.testCliDriver_column_access_stats
org.apache.hadoop.hive.cli.TestSparkCliDriver.testCliDriver_groupby_sort_1_23
org.apache.hadoop.hive.cli.TestSparkCliDriver.testCliDriver_groupby_sort_skew_1_23
org.apache.hadoop.hive.cli.TestSparkCliDriver.testCliDriver_join38
org.apache.hadoop.hive.cli.TestSparkCliDriver.testCliDriver_multi_insert
org.apache.hadoop.hive.cli.TestSparkCliDriver.testCliDriver_multi_insert_move_tasks_share_dependencies
org.apache.hadoop.hive.cli.TestSparkCliDriver.testCliDriver_pcr
org.apache.hadoop.hive.cli.TestSparkCliDriver.testCliDriver_ptf_matchpath
org.apache.hadoop.hive.cli.TestSparkCliDriver.testCliDriver_union27
org.apache.hadoop.hive.cli.TestSparkCliDriver.testCliDriver_union33
org.apache.hive.jdbc.TestSSL.testSSLVersion
&lt;/pre&gt;
&lt;/div&gt;&lt;/div&gt;

&lt;p&gt;Test results: &lt;a href=&quot;http://ec2-174-129-184-35.compute-1.amazonaws.com/jenkins/job/PreCommit-HIVE-TRUNK-Build/6980/testReport&quot; class=&quot;external-link&quot; target=&quot;_blank&quot; rel=&quot;nofollow noopener&quot;&gt;http://ec2-174-129-184-35.compute-1.amazonaws.com/jenkins/job/PreCommit-HIVE-TRUNK-Build/6980/testReport&lt;/a&gt;&lt;br/&gt;
Console output: &lt;a href=&quot;http://ec2-174-129-184-35.compute-1.amazonaws.com/jenkins/job/PreCommit-HIVE-TRUNK-Build/6980/console&quot; class=&quot;external-link&quot; target=&quot;_blank&quot; rel=&quot;nofollow noopener&quot;&gt;http://ec2-174-129-184-35.compute-1.amazonaws.com/jenkins/job/PreCommit-HIVE-TRUNK-Build/6980/console&lt;/a&gt;&lt;br/&gt;
Test logs: &lt;a href=&quot;http://ec2-174-129-184-35.compute-1.amazonaws.com/logs/PreCommit-HIVE-TRUNK-Build-6980/&quot; class=&quot;external-link&quot; target=&quot;_blank&quot; rel=&quot;nofollow noopener&quot;&gt;http://ec2-174-129-184-35.compute-1.amazonaws.com/logs/PreCommit-HIVE-TRUNK-Build-6980/&lt;/a&gt;&lt;/p&gt;

&lt;p&gt;Messages:&lt;/p&gt;
&lt;div class=&quot;preformatted panel&quot; style=&quot;border-width: 1px;&quot;&gt;&lt;div class=&quot;preformattedContent panelContent&quot;&gt;
&lt;pre&gt;Executing org.apache.hive.ptest.execution.TestCheckPhase
Executing org.apache.hive.ptest.execution.PrepPhase
Executing org.apache.hive.ptest.execution.ExecutionPhase
Executing org.apache.hive.ptest.execution.ReportingPhase
Tests exited with: TestsFailedException: 70 tests failed
&lt;/pre&gt;
&lt;/div&gt;&lt;/div&gt;

&lt;p&gt;This message is automatically generated.&lt;/p&gt;

&lt;p&gt;ATTACHMENT ID: 12787703 - PreCommit-HIVE-TRUNK-Build&lt;/p&gt;</comment>
                            <comment id="15149354" author="hiveqa" created="Tue, 16 Feb 2016 21:39:39 +0000"  >

&lt;p&gt;Here are the results of testing the latest attachment:&lt;br/&gt;
&lt;a href=&quot;https://issues.apache.org/jira/secure/attachment/12788045/HIVE-12749.4.patch&quot; class=&quot;external-link&quot; rel=&quot;nofollow&quot;&gt;https://issues.apache.org/jira/secure/attachment/12788045/HIVE-12749.4.patch&lt;/a&gt;&lt;/p&gt;

&lt;p&gt;&lt;font color=&quot;red&quot;&gt;ERROR:&lt;/font&gt; -1 due to build exiting with an error&lt;/p&gt;

&lt;p&gt;Test results: &lt;a href=&quot;http://ec2-174-129-184-35.compute-1.amazonaws.com/jenkins/job/PreCommit-HIVE-TRUNK-Build/7003/testReport&quot; class=&quot;external-link&quot; target=&quot;_blank&quot; rel=&quot;nofollow noopener&quot;&gt;http://ec2-174-129-184-35.compute-1.amazonaws.com/jenkins/job/PreCommit-HIVE-TRUNK-Build/7003/testReport&lt;/a&gt;&lt;br/&gt;
Console output: &lt;a href=&quot;http://ec2-174-129-184-35.compute-1.amazonaws.com/jenkins/job/PreCommit-HIVE-TRUNK-Build/7003/console&quot; class=&quot;external-link&quot; target=&quot;_blank&quot; rel=&quot;nofollow noopener&quot;&gt;http://ec2-174-129-184-35.compute-1.amazonaws.com/jenkins/job/PreCommit-HIVE-TRUNK-Build/7003/console&lt;/a&gt;&lt;br/&gt;
Test logs: &lt;a href=&quot;http://ec2-174-129-184-35.compute-1.amazonaws.com/logs/PreCommit-HIVE-TRUNK-Build-7003/&quot; class=&quot;external-link&quot; target=&quot;_blank&quot; rel=&quot;nofollow noopener&quot;&gt;http://ec2-174-129-184-35.compute-1.amazonaws.com/logs/PreCommit-HIVE-TRUNK-Build-7003/&lt;/a&gt;&lt;/p&gt;

&lt;p&gt;Messages:&lt;/p&gt;
&lt;div class=&quot;preformatted panel&quot; style=&quot;border-width: 1px;&quot;&gt;&lt;div class=&quot;preformattedContent panelContent&quot;&gt;
&lt;pre&gt;Executing org.apache.hive.ptest.execution.TestCheckPhase
Executing org.apache.hive.ptest.execution.PrepPhase
Tests exited with: NonZeroExitCodeException
Command &apos;bash /data/hive-ptest/working/scratch/source-prep.sh&apos; failed with exit status 1 and output &apos;+ [[ -n /usr/java/jdk1.7.0_45-cloudera ]]
+ export JAVA_HOME=/usr/java/jdk1.7.0_45-cloudera
+ JAVA_HOME=/usr/java/jdk1.7.0_45-cloudera
+ export PATH=/usr/java/jdk1.7.0_45-cloudera/bin/:/usr/local/apache-maven-3.0.5/bin:/usr/java/jdk1.7.0_45-cloudera/bin:/usr/local/apache-ant-1.9.1/bin:/usr/local/bin:/bin:/usr/bin:/usr/local/sbin:/usr/sbin:/sbin:/home/hiveptest/bin
+ PATH=/usr/java/jdk1.7.0_45-cloudera/bin/:/usr/local/apache-maven-3.0.5/bin:/usr/java/jdk1.7.0_45-cloudera/bin:/usr/local/apache-ant-1.9.1/bin:/usr/local/bin:/bin:/usr/bin:/usr/local/sbin:/usr/sbin:/sbin:/home/hiveptest/bin
+ export &apos;ANT_OPTS=-Xmx1g -XX:MaxPermSize=256m &apos;
+ ANT_OPTS=&apos;-Xmx1g -XX:MaxPermSize=256m &apos;
+ export &apos;M2_OPTS=-Xmx1g -XX:MaxPermSize=256m -Dhttp.proxyHost=localhost -Dhttp.proxyPort=3128&apos;
+ M2_OPTS=&apos;-Xmx1g -XX:MaxPermSize=256m -Dhttp.proxyHost=localhost -Dhttp.proxyPort=3128&apos;
+ cd /data/hive-ptest/working/
+ tee /data/hive-ptest/logs/PreCommit-HIVE-TRUNK-Build-7003/source-prep.txt
+ [[ false == \t\r\u\e ]]
+ mkdir -p maven ivy
+ [[ git = \s\v\n ]]
+ [[ git = \g\i\t ]]
+ [[ -z master ]]
+ [[ -d apache-github-source-source ]]
+ [[ ! -d apache-github-source-source/.git ]]
+ [[ ! -d apache-github-source-source ]]
+ cd apache-github-source-source
+ git fetch origin
From https://github.com/apache/hive
   593a184..6a5a4ae  branch-1   -&amp;gt; origin/branch-1
   4d67088..06a361c  master     -&amp;gt; origin/master
+ git reset --hard HEAD
HEAD is now at 4d67088 HIVE-13039: BETWEEN predicate is not functioning correctly with predicate pushdown on Parquet table (Yongzhi Chen, reviewed by Sergio Pena)
+ git clean -f -d
Removing ql/src/java/org/apache/hadoop/hive/ql/exec/spark/status/impl/SparkJobUtils.java
+ git checkout master
Already on &apos;master&apos;
Your branch is behind &apos;origin/master&apos; by 3 commits, and can be fast-forwarded.
+ git reset --hard origin/master
HEAD is now at 06a361c HIVE-13033 : SPDO unnecessarily duplicates columns in key &amp;amp; value of mapper output (Ashutosh Chauhan via Prasanth J)
+ git merge --ff-only origin/master
Already up-to-date.
+ git gc
+ patchCommandPath=/data/hive-ptest/working/scratch/smart-apply-patch.sh
+ patchFilePath=/data/hive-ptest/working/scratch/build.patch
+ [[ -f /data/hive-ptest/working/scratch/build.patch ]]
+ chmod +x /data/hive-ptest/working/scratch/smart-apply-patch.sh
+ /data/hive-ptest/working/scratch/smart-apply-patch.sh /data/hive-ptest/working/scratch/build.patch
The patch does not appear to apply with p0, p1, or p2
+ exit 1
&apos;
&lt;/pre&gt;
&lt;/div&gt;&lt;/div&gt;

&lt;p&gt;This message is automatically generated.&lt;/p&gt;

&lt;p&gt;ATTACHMENT ID: 12788045 - PreCommit-HIVE-TRUNK-Build&lt;/p&gt;</comment>
                            <comment id="15151967" author="hiveqa" created="Thu, 18 Feb 2016 08:54:28 +0000"  >

&lt;p&gt;Here are the results of testing the latest attachment:&lt;br/&gt;
&lt;a href=&quot;https://issues.apache.org/jira/secure/attachment/12788238/HIVE-12749.5.patch&quot; class=&quot;external-link&quot; rel=&quot;nofollow&quot;&gt;https://issues.apache.org/jira/secure/attachment/12788238/HIVE-12749.5.patch&lt;/a&gt;&lt;/p&gt;

&lt;p&gt;&lt;font color=&quot;red&quot;&gt;ERROR:&lt;/font&gt; -1 due to no test(s) being added or modified.&lt;/p&gt;

&lt;p&gt;&lt;font color=&quot;red&quot;&gt;ERROR:&lt;/font&gt; -1 due to 10 failed/errored test(s), 9805 tests executed&lt;br/&gt;
&lt;b&gt;Failed tests:&lt;/b&gt;&lt;/p&gt;
&lt;div class=&quot;preformatted panel&quot; style=&quot;border-width: 1px;&quot;&gt;&lt;div class=&quot;preformattedContent panelContent&quot;&gt;
&lt;pre&gt;org.apache.hadoop.hive.cli.TestCliDriver.testCliDriver_ivyDownload
org.apache.hadoop.hive.cli.TestCliDriver.testCliDriver_partition_coltype_literals
org.apache.hadoop.hive.cli.TestCliDriver.testCliDriver_pcr
org.apache.hadoop.hive.cli.TestCliDriver.testCliDriver_union_remove_19
org.apache.hadoop.hive.cli.TestMiniTezCliDriver.testCliDriver_stats_only_null
org.apache.hadoop.hive.cli.TestNegativeCliDriver.testNegativeCliDriver_authorization_uri_import
org.apache.hadoop.hive.cli.TestSparkCliDriver.testCliDriver_pcr
org.apache.hadoop.hive.cli.TestSparkCliDriver.testCliDriver_stats_only_null
org.apache.hadoop.hive.cli.TestSparkCliDriver.testCliDriver_union_remove_19
org.apache.hive.jdbc.TestSSL.testSSLVersion
&lt;/pre&gt;
&lt;/div&gt;&lt;/div&gt;

&lt;p&gt;Test results: &lt;a href=&quot;http://ec2-174-129-184-35.compute-1.amazonaws.com/jenkins/job/PreCommit-HIVE-TRUNK-Build/7016/testReport&quot; class=&quot;external-link&quot; target=&quot;_blank&quot; rel=&quot;nofollow noopener&quot;&gt;http://ec2-174-129-184-35.compute-1.amazonaws.com/jenkins/job/PreCommit-HIVE-TRUNK-Build/7016/testReport&lt;/a&gt;&lt;br/&gt;
Console output: &lt;a href=&quot;http://ec2-174-129-184-35.compute-1.amazonaws.com/jenkins/job/PreCommit-HIVE-TRUNK-Build/7016/console&quot; class=&quot;external-link&quot; target=&quot;_blank&quot; rel=&quot;nofollow noopener&quot;&gt;http://ec2-174-129-184-35.compute-1.amazonaws.com/jenkins/job/PreCommit-HIVE-TRUNK-Build/7016/console&lt;/a&gt;&lt;br/&gt;
Test logs: &lt;a href=&quot;http://ec2-174-129-184-35.compute-1.amazonaws.com/logs/PreCommit-HIVE-TRUNK-Build-7016/&quot; class=&quot;external-link&quot; target=&quot;_blank&quot; rel=&quot;nofollow noopener&quot;&gt;http://ec2-174-129-184-35.compute-1.amazonaws.com/logs/PreCommit-HIVE-TRUNK-Build-7016/&lt;/a&gt;&lt;/p&gt;

&lt;p&gt;Messages:&lt;/p&gt;
&lt;div class=&quot;preformatted panel&quot; style=&quot;border-width: 1px;&quot;&gt;&lt;div class=&quot;preformattedContent panelContent&quot;&gt;
&lt;pre&gt;Executing org.apache.hive.ptest.execution.TestCheckPhase
Executing org.apache.hive.ptest.execution.PrepPhase
Executing org.apache.hive.ptest.execution.ExecutionPhase
Executing org.apache.hive.ptest.execution.ReportingPhase
Tests exited with: TestsFailedException: 10 tests failed
&lt;/pre&gt;
&lt;/div&gt;&lt;/div&gt;

&lt;p&gt;This message is automatically generated.&lt;/p&gt;

&lt;p&gt;ATTACHMENT ID: 12788238 - PreCommit-HIVE-TRUNK-Build&lt;/p&gt;</comment>
                            <comment id="15154846" author="hiveqa" created="Fri, 19 Feb 2016 20:51:42 +0000"  >

&lt;p&gt;Here are the results of testing the latest attachment:&lt;br/&gt;
&lt;a href=&quot;https://issues.apache.org/jira/secure/attachment/12788455/HIVE-12749.6.patch&quot; class=&quot;external-link&quot; rel=&quot;nofollow&quot;&gt;https://issues.apache.org/jira/secure/attachment/12788455/HIVE-12749.6.patch&lt;/a&gt;&lt;/p&gt;

&lt;p&gt;&lt;font color=&quot;red&quot;&gt;ERROR:&lt;/font&gt; -1 due to no test(s) being added or modified.&lt;/p&gt;

&lt;p&gt;&lt;font color=&quot;red&quot;&gt;ERROR:&lt;/font&gt; -1 due to 10 failed/errored test(s), 9798 tests executed&lt;br/&gt;
&lt;b&gt;Failed tests:&lt;/b&gt;&lt;/p&gt;
&lt;div class=&quot;preformatted panel&quot; style=&quot;border-width: 1px;&quot;&gt;&lt;div class=&quot;preformattedContent panelContent&quot;&gt;
&lt;pre&gt;TestSparkCliDriver-timestamp_lazy.q-bucketsortoptimize_insert_4.q-date_udf.q-and-12-more - did not produce a TEST-*.xml file
org.apache.hadoop.hive.cli.TestCliDriver.testCliDriver_partition_coltype_literals
org.apache.hadoop.hive.cli.TestCliDriver.testCliDriver_pcr
org.apache.hadoop.hive.cli.TestMiniTezCliDriver.testCliDriver_stats_only_null
org.apache.hadoop.hive.cli.TestNegativeCliDriver.testNegativeCliDriver_authorization_uri_import
org.apache.hadoop.hive.cli.TestSparkCliDriver.testCliDriver_pcr
org.apache.hadoop.hive.cli.TestSparkCliDriver.testCliDriver_stats_only_null
org.apache.hive.hcatalog.hbase.TestPigHBaseStorageHandler.org.apache.hive.hcatalog.hbase.TestPigHBaseStorageHandler
org.apache.hive.jdbc.TestJdbcWithMiniHS2.testAddJarDataNucleusUnCaching
org.apache.hive.jdbc.TestSSL.testSSLVersion
&lt;/pre&gt;
&lt;/div&gt;&lt;/div&gt;

&lt;p&gt;Test results: &lt;a href=&quot;http://ec2-174-129-184-35.compute-1.amazonaws.com/jenkins/job/PreCommit-HIVE-TRUNK-Build/7029/testReport&quot; class=&quot;external-link&quot; target=&quot;_blank&quot; rel=&quot;nofollow noopener&quot;&gt;http://ec2-174-129-184-35.compute-1.amazonaws.com/jenkins/job/PreCommit-HIVE-TRUNK-Build/7029/testReport&lt;/a&gt;&lt;br/&gt;
Console output: &lt;a href=&quot;http://ec2-174-129-184-35.compute-1.amazonaws.com/jenkins/job/PreCommit-HIVE-TRUNK-Build/7029/console&quot; class=&quot;external-link&quot; target=&quot;_blank&quot; rel=&quot;nofollow noopener&quot;&gt;http://ec2-174-129-184-35.compute-1.amazonaws.com/jenkins/job/PreCommit-HIVE-TRUNK-Build/7029/console&lt;/a&gt;&lt;br/&gt;
Test logs: &lt;a href=&quot;http://ec2-174-129-184-35.compute-1.amazonaws.com/logs/PreCommit-HIVE-TRUNK-Build-7029/&quot; class=&quot;external-link&quot; target=&quot;_blank&quot; rel=&quot;nofollow noopener&quot;&gt;http://ec2-174-129-184-35.compute-1.amazonaws.com/logs/PreCommit-HIVE-TRUNK-Build-7029/&lt;/a&gt;&lt;/p&gt;

&lt;p&gt;Messages:&lt;/p&gt;
&lt;div class=&quot;preformatted panel&quot; style=&quot;border-width: 1px;&quot;&gt;&lt;div class=&quot;preformattedContent panelContent&quot;&gt;
&lt;pre&gt;Executing org.apache.hive.ptest.execution.TestCheckPhase
Executing org.apache.hive.ptest.execution.PrepPhase
Executing org.apache.hive.ptest.execution.ExecutionPhase
Executing org.apache.hive.ptest.execution.ReportingPhase
Tests exited with: TestsFailedException: 10 tests failed
&lt;/pre&gt;
&lt;/div&gt;&lt;/div&gt;

&lt;p&gt;This message is automatically generated.&lt;/p&gt;

&lt;p&gt;ATTACHMENT ID: 12788455 - PreCommit-HIVE-TRUNK-Build&lt;/p&gt;</comment>
                            <comment id="15157596" author="hiveqa" created="Mon, 22 Feb 2016 19:59:58 +0000"  >

&lt;p&gt;Here are the results of testing the latest attachment:&lt;br/&gt;
&lt;a href=&quot;https://issues.apache.org/jira/secure/attachment/12789007/HIVE-12749.7.patch&quot; class=&quot;external-link&quot; rel=&quot;nofollow&quot;&gt;https://issues.apache.org/jira/secure/attachment/12789007/HIVE-12749.7.patch&lt;/a&gt;&lt;/p&gt;

&lt;p&gt;&lt;font color=&quot;red&quot;&gt;ERROR:&lt;/font&gt; -1 due to no test(s) being added or modified.&lt;/p&gt;

&lt;p&gt;&lt;font color=&quot;red&quot;&gt;ERROR:&lt;/font&gt; -1 due to 7 failed/errored test(s), 9815 tests executed&lt;br/&gt;
&lt;b&gt;Failed tests:&lt;/b&gt;&lt;/p&gt;
&lt;div class=&quot;preformatted panel&quot; style=&quot;border-width: 1px;&quot;&gt;&lt;div class=&quot;preformattedContent panelContent&quot;&gt;
&lt;pre&gt;org.apache.hadoop.hive.cli.TestCliDriver.testCliDriver_partition_coltype_literals
org.apache.hadoop.hive.cli.TestCliDriver.testCliDriver_pcr
org.apache.hadoop.hive.cli.TestMiniTezCliDriver.testCliDriver_stats_only_null
org.apache.hadoop.hive.cli.TestNegativeCliDriver.testNegativeCliDriver_authorization_uri_import
org.apache.hadoop.hive.cli.TestSparkCliDriver.testCliDriver_pcr
org.apache.hadoop.hive.cli.TestSparkCliDriver.testCliDriver_stats_only_null
org.apache.hive.jdbc.TestSSL.testSSLVersion
&lt;/pre&gt;
&lt;/div&gt;&lt;/div&gt;

&lt;p&gt;Test results: &lt;a href=&quot;http://ec2-174-129-184-35.compute-1.amazonaws.com/jenkins/job/PreCommit-HIVE-TRUNK-Build/7059/testReport&quot; class=&quot;external-link&quot; target=&quot;_blank&quot; rel=&quot;nofollow noopener&quot;&gt;http://ec2-174-129-184-35.compute-1.amazonaws.com/jenkins/job/PreCommit-HIVE-TRUNK-Build/7059/testReport&lt;/a&gt;&lt;br/&gt;
Console output: &lt;a href=&quot;http://ec2-174-129-184-35.compute-1.amazonaws.com/jenkins/job/PreCommit-HIVE-TRUNK-Build/7059/console&quot; class=&quot;external-link&quot; target=&quot;_blank&quot; rel=&quot;nofollow noopener&quot;&gt;http://ec2-174-129-184-35.compute-1.amazonaws.com/jenkins/job/PreCommit-HIVE-TRUNK-Build/7059/console&lt;/a&gt;&lt;br/&gt;
Test logs: &lt;a href=&quot;http://ec2-174-129-184-35.compute-1.amazonaws.com/logs/PreCommit-HIVE-TRUNK-Build-7059/&quot; class=&quot;external-link&quot; target=&quot;_blank&quot; rel=&quot;nofollow noopener&quot;&gt;http://ec2-174-129-184-35.compute-1.amazonaws.com/logs/PreCommit-HIVE-TRUNK-Build-7059/&lt;/a&gt;&lt;/p&gt;

&lt;p&gt;Messages:&lt;/p&gt;
&lt;div class=&quot;preformatted panel&quot; style=&quot;border-width: 1px;&quot;&gt;&lt;div class=&quot;preformattedContent panelContent&quot;&gt;
&lt;pre&gt;Executing org.apache.hive.ptest.execution.TestCheckPhase
Executing org.apache.hive.ptest.execution.PrepPhase
Executing org.apache.hive.ptest.execution.ExecutionPhase
Executing org.apache.hive.ptest.execution.ReportingPhase
Tests exited with: TestsFailedException: 7 tests failed
&lt;/pre&gt;
&lt;/div&gt;&lt;/div&gt;

&lt;p&gt;This message is automatically generated.&lt;/p&gt;

&lt;p&gt;ATTACHMENT ID: 12789007 - PreCommit-HIVE-TRUNK-Build&lt;/p&gt;</comment>
                            <comment id="15167630" author="jcamacho" created="Thu, 25 Feb 2016 18:47:44 +0000"  >&lt;p&gt;Patch LGTM, +1. &lt;a href=&quot;https://issues.apache.org/jira/secure/ViewProfile.jspa?name=AleKsey+Vovchenko&quot; class=&quot;user-hover&quot; rel=&quot;AleKsey Vovchenko&quot;&gt;AleKsey Vovchenko&lt;/a&gt;, could you rebase it and take care of those q file failures? Thanks&lt;/p&gt;</comment>
                            <comment id="15167636" author="sershe" created="Thu, 25 Feb 2016 18:52:42 +0000"  >&lt;p&gt;constprog2, constprog_partitioner do not test constant propagation anymore. They should either be removed or changed to test it with compatible types. cc &lt;a href=&quot;https://issues.apache.org/jira/secure/ViewProfile.jspa?name=ashutoshc&quot; class=&quot;user-hover&quot; rel=&quot;ashutoshc&quot;&gt;ashutoshc&lt;/a&gt; &lt;br/&gt;
Otherwise looks good.&lt;/p&gt;</comment>
                            <comment id="15170759" author="hiveqa" created="Sat, 27 Feb 2016 23:41:31 +0000"  >

&lt;p&gt;Here are the results of testing the latest attachment:&lt;br/&gt;
&lt;a href=&quot;https://issues.apache.org/jira/secure/attachment/12790167/HIVE-12749.8.patch&quot; class=&quot;external-link&quot; rel=&quot;nofollow&quot;&gt;https://issues.apache.org/jira/secure/attachment/12790167/HIVE-12749.8.patch&lt;/a&gt;&lt;/p&gt;

&lt;p&gt;&lt;font color=&quot;red&quot;&gt;ERROR:&lt;/font&gt; -1 due to no test(s) being added or modified.&lt;/p&gt;

&lt;p&gt;&lt;font color=&quot;red&quot;&gt;ERROR:&lt;/font&gt; -1 due to 7 failed/errored test(s), 9825 tests executed&lt;br/&gt;
&lt;b&gt;Failed tests:&lt;/b&gt;&lt;/p&gt;
&lt;div class=&quot;preformatted panel&quot; style=&quot;border-width: 1px;&quot;&gt;&lt;div class=&quot;preformattedContent panelContent&quot;&gt;
&lt;pre&gt;org.apache.hadoop.hive.cli.TestCliDriver.testCliDriver_partition_coltype_literals
org.apache.hadoop.hive.cli.TestCliDriver.testCliDriver_pcr
org.apache.hadoop.hive.cli.TestMiniTezCliDriver.testCliDriver_stats_only_null
org.apache.hadoop.hive.cli.TestNegativeCliDriver.testNegativeCliDriver_authorization_uri_import
org.apache.hadoop.hive.cli.TestSparkCliDriver.testCliDriver_pcr
org.apache.hadoop.hive.cli.TestSparkCliDriver.testCliDriver_stats_only_null
org.apache.hive.jdbc.TestSSL.testSSLVersion
&lt;/pre&gt;
&lt;/div&gt;&lt;/div&gt;

&lt;p&gt;Test results: &lt;a href=&quot;http://ec2-174-129-184-35.compute-1.amazonaws.com/jenkins/job/PreCommit-HIVE-TRUNK-Build/7114/testReport&quot; class=&quot;external-link&quot; target=&quot;_blank&quot; rel=&quot;nofollow noopener&quot;&gt;http://ec2-174-129-184-35.compute-1.amazonaws.com/jenkins/job/PreCommit-HIVE-TRUNK-Build/7114/testReport&lt;/a&gt;&lt;br/&gt;
Console output: &lt;a href=&quot;http://ec2-174-129-184-35.compute-1.amazonaws.com/jenkins/job/PreCommit-HIVE-TRUNK-Build/7114/console&quot; class=&quot;external-link&quot; target=&quot;_blank&quot; rel=&quot;nofollow noopener&quot;&gt;http://ec2-174-129-184-35.compute-1.amazonaws.com/jenkins/job/PreCommit-HIVE-TRUNK-Build/7114/console&lt;/a&gt;&lt;br/&gt;
Test logs: &lt;a href=&quot;http://ec2-174-129-184-35.compute-1.amazonaws.com/logs/PreCommit-HIVE-TRUNK-Build-7114/&quot; class=&quot;external-link&quot; target=&quot;_blank&quot; rel=&quot;nofollow noopener&quot;&gt;http://ec2-174-129-184-35.compute-1.amazonaws.com/logs/PreCommit-HIVE-TRUNK-Build-7114/&lt;/a&gt;&lt;/p&gt;

&lt;p&gt;Messages:&lt;/p&gt;
&lt;div class=&quot;preformatted panel&quot; style=&quot;border-width: 1px;&quot;&gt;&lt;div class=&quot;preformattedContent panelContent&quot;&gt;
&lt;pre&gt;Executing org.apache.hive.ptest.execution.TestCheckPhase
Executing org.apache.hive.ptest.execution.PrepPhase
Executing org.apache.hive.ptest.execution.ExecutionPhase
Executing org.apache.hive.ptest.execution.ReportingPhase
Tests exited with: TestsFailedException: 7 tests failed
&lt;/pre&gt;
&lt;/div&gt;&lt;/div&gt;

&lt;p&gt;This message is automatically generated.&lt;/p&gt;

&lt;p&gt;ATTACHMENT ID: 12790167 - PreCommit-HIVE-TRUNK-Build&lt;/p&gt;</comment>
                            <comment id="15172529" author="aleksey vovchenko" created="Mon, 29 Feb 2016 20:21:55 +0000"  >&lt;p&gt;In the last patch I deleted constprog2, constprog_partitioner tests. Can you apply and merge it?&lt;/p&gt;</comment>
                            <comment id="15175520" author="jcamacho" created="Wed, 2 Mar 2016 12:39:10 +0000"  >&lt;p&gt;Pushed to master, branch-2. Thanks &lt;a href=&quot;https://issues.apache.org/jira/secure/ViewProfile.jspa?name=AleKsey+Vovchenko&quot; class=&quot;user-hover&quot; rel=&quot;AleKsey Vovchenko&quot;&gt;AleKsey Vovchenko&lt;/a&gt;!&lt;/p&gt;

&lt;p&gt;I have logged &lt;a href=&quot;https://issues.apache.org/jira/browse/HIVE-13197&quot; title=&quot;Add adapted constprog2.q and constprog_partitioner.q tests back&quot; class=&quot;issue-link&quot; data-issue-key=&quot;HIVE-13197&quot;&gt;&lt;del&gt;HIVE-13197&lt;/del&gt;&lt;/a&gt; to create the constprog2.q and constprog_partitioner.q tests with compatible types.&lt;/p&gt;</comment>
                    </comments>
                <issuelinks>
                            <issuelinktype id="12310010">
                    <name>Incorporates</name>
                                            <outwardlinks description="incorporates">
                                        <issuelink>
            <issuekey id="12946127">HIVE-13197</issuekey>
        </issuelink>
                            </outwardlinks>
                                                        </issuelinktype>
                            <issuelinktype id="10030">
                    <name>Reference</name>
                                                                <inwardlinks description="is related to">
                                        <issuelink>
            <issuekey id="13017009">HIVE-15106</issuekey>
        </issuelink>
                            </inwardlinks>
                                    </issuelinktype>
                    </issuelinks>
                <attachments>
                            <attachment id="12785478" name="HIVE-12749.1.patch" size="3279" author="osayankin" created="Mon, 1 Feb 2016 09:13:47 +0000"/>
                            <attachment id="12787442" name="HIVE-12749.2.patch" size="298169" author="osayankin" created="Thu, 11 Feb 2016 09:13:37 +0000"/>
                            <attachment id="12787703" name="HIVE-12749.3.patch" size="2877" author="AleKsey Vovchenko" created="Fri, 12 Feb 2016 19:09:55 +0000"/>
                            <attachment id="12788045" name="HIVE-12749.4.patch" size="300165" author="AleKsey Vovchenko" created="Tue, 16 Feb 2016 12:55:40 +0000"/>
                            <attachment id="12788238" name="HIVE-12749.5.patch" size="258591" author="AleKsey Vovchenko" created="Wed, 17 Feb 2016 12:53:33 +0000"/>
                            <attachment id="12788455" name="HIVE-12749.6.patch" size="266021" author="AleKsey Vovchenko" created="Thu, 18 Feb 2016 14:17:41 +0000"/>
                            <attachment id="12789007" name="HIVE-12749.7.patch" size="268815" author="AleKsey Vovchenko" created="Mon, 22 Feb 2016 14:13:10 +0000"/>
                            <attachment id="12790167" name="HIVE-12749.8.patch" size="255982" author="AleKsey Vovchenko" created="Fri, 26 Feb 2016 17:13:00 +0000"/>
                    </attachments>
                <subtasks>
                    </subtasks>
                <customfields>
                                                                            <customfield id="customfield_12310310" key="com.atlassian.jira.toolkit:attachments">
                        <customfieldname>Attachment count</customfieldname>
                        <customfieldvalues>
                            <customfieldvalue>8.0</customfieldvalue>
                        </customfieldvalues>
                    </customfield>
                                                                                                                                                                                                                                                                                                                                                                                                                                                                                                                                                                                                                                                                                                        <customfield id="customfield_12314020" key="com.atlassian.jira.plugins.jira-development-integration-plugin:devsummary">
                        <customfieldname>Development</customfieldname>
                        <customfieldvalues>
                            
                        </customfieldvalues>
                    </customfield>
                                                                                                                        <customfield id="customfield_12313422" key="com.atlassian.jirafisheyeplugin:jobcheckbox">
                        <customfieldname>Enable Automatic Patch Review</customfieldname>
                        <customfieldvalues>
                            <customfieldvalue><![CDATA[false]]></customfieldvalue>

                        </customfieldvalues>
                    </customfield>
                                                                                                                                                                                                                                                                                                                                                                                                                                                                                                                                                                                                                                                <customfield id="customfield_12310420" key="com.pyxis.greenhopper.jira:gh-global-rank">
                        <customfieldname>Global Rank</customfieldname>
                        <customfieldvalues>
                            <customfieldvalue>9223372036854775807</customfieldvalue>
                        </customfieldvalues>
                    </customfield>
                                                                                                                                                                                                                                                                    <customfield id="customfield_12312521" key="com.atlassian.jira.toolkit:LastCommentDate">
                        <customfieldname>Last public comment date</customfieldname>
                        <customfieldvalues>
                            9 years, 38 weeks ago
                        </customfieldvalues>
                    </customfield>
                                                                                                                                                                                                                                                                                                <customfield id="customfield_12311820" key="com.pyxis.greenhopper.jira:gh-lexo-rank">
                        <customfieldname>Rank</customfieldname>
                        <customfieldvalues>
                            <customfieldvalue>0|i2qb1z:</customfieldvalue>

                        </customfieldvalues>
                    </customfield>
                                                                <customfield id="customfield_12310920" key="com.pyxis.greenhopper.jira:gh-global-rank">
                        <customfieldname>Rank (Obsolete)</customfieldname>
                        <customfieldvalues>
                            <customfieldvalue>9223372036854775807</customfieldvalue>
                        </customfieldvalues>
                    </customfield>
                                                                                                                                                                                                                                                                                                                                                                                                                                                                                                                                                                                                                                                                                                                                                                                                                                                                                </customfields>
    </item>
</channel>
</rss>