<!-- 
RSS generated by JIRA (8.20.10#820010-sha1:ace47f9899e9ee25d7157d59aa17ab06aee30d3d) at Wed Nov 12 18:42:40 UTC 2025

It is possible to restrict the fields that are returned in this document by specifying the 'field' parameter in your request.
For example, to request only the issue key and summary append 'field=key&field=summary' to the URL of your request.
-->
<rss version="0.92" >
<channel>
    <title>ASF Jira</title>
    <link>https://issues.apache.org/jira</link>
    <description>This file is an XML representation of an issue</description>
    <language>en-uk</language>    <build-info>
        <version>8.20.10</version>
        <build-number>820010</build-number>
        <build-date>22-06-2022</build-date>
    </build-info>


<item>
            <title>[HIVE-13169] HiveServer2: Support delegation token based connection when using http transport</title>
                <link>https://issues.apache.org/jira/browse/HIVE-13169</link>
                <project id="12310843" key="HIVE">Hive</project>
                    <description>&lt;p&gt;&lt;a href=&quot;https://issues.apache.org/jira/browse/HIVE-5155&quot; title=&quot;Support secure proxy user access to HiveServer2&quot; class=&quot;issue-link&quot; data-issue-key=&quot;HIVE-5155&quot;&gt;&lt;del&gt;HIVE-5155&lt;/del&gt;&lt;/a&gt; introduced support for delegation token based connection. However, it was intended for tcp transport mode. We need to have similar mechanisms for http transport.&lt;/p&gt;</description>
                <environment></environment>
        <key id="12944798">HIVE-13169</key>
            <summary>HiveServer2: Support delegation token based connection when using http transport</summary>
                <type id="1" iconUrl="https://issues.apache.org/jira/secure/viewavatar?size=xsmall&amp;avatarId=21133&amp;avatarType=issuetype">Bug</type>
                                            <priority id="3" iconUrl="https://issues.apache.org/jira/images/icons/priorities/major.svg">Major</priority>
                        <status id="6" iconUrl="https://issues.apache.org/jira/images/icons/statuses/closed.png" description="The issue is considered finished, the resolution is correct. Issues which are not closed can be reopened.">Closed</status>
                    <statusCategory id="3" key="done" colorName="green"/>
                                    <resolution id="1">Fixed</resolution>
                                        <assignee username="thejas">Thejas Nair</assignee>
                                    <reporter username="vgumashta">Vaibhav Gumashta</reporter>
                        <labels>
                    </labels>
                <created>Fri, 26 Feb 2016 06:56:55 +0000</created>
                <updated>Tue, 21 Jun 2016 15:43:48 +0000</updated>
                            <resolved>Fri, 4 Mar 2016 20:51:38 +0000</resolved>
                                    <version>1.2.1</version>
                    <version>2.0.0</version>
                                    <fixVersion>2.1.0</fixVersion>
                                    <component>HiveServer2</component>
                    <component>JDBC</component>
                        <due></due>
                            <votes>0</votes>
                                    <watches>6</watches>
                                                                                                                <comments>
                            <comment id="15170766" author="hiveqa" created="Sat, 27 Feb 2016 23:59:08 +0000"  >

&lt;p&gt;Here are the results of testing the latest attachment:&lt;br/&gt;
&lt;a href=&quot;https://issues.apache.org/jira/secure/attachment/12790198/HIVE-13169.1.patch&quot; class=&quot;external-link&quot; rel=&quot;nofollow&quot;&gt;https://issues.apache.org/jira/secure/attachment/12790198/HIVE-13169.1.patch&lt;/a&gt;&lt;/p&gt;

&lt;p&gt;&lt;font color=&quot;red&quot;&gt;ERROR:&lt;/font&gt; -1 due to build exiting with an error&lt;/p&gt;

&lt;p&gt;Test results: &lt;a href=&quot;http://ec2-174-129-184-35.compute-1.amazonaws.com/jenkins/job/PreCommit-HIVE-TRUNK-Build/7115/testReport&quot; class=&quot;external-link&quot; target=&quot;_blank&quot; rel=&quot;nofollow noopener&quot;&gt;http://ec2-174-129-184-35.compute-1.amazonaws.com/jenkins/job/PreCommit-HIVE-TRUNK-Build/7115/testReport&lt;/a&gt;&lt;br/&gt;
Console output: &lt;a href=&quot;http://ec2-174-129-184-35.compute-1.amazonaws.com/jenkins/job/PreCommit-HIVE-TRUNK-Build/7115/console&quot; class=&quot;external-link&quot; target=&quot;_blank&quot; rel=&quot;nofollow noopener&quot;&gt;http://ec2-174-129-184-35.compute-1.amazonaws.com/jenkins/job/PreCommit-HIVE-TRUNK-Build/7115/console&lt;/a&gt;&lt;br/&gt;
Test logs: &lt;a href=&quot;http://ec2-174-129-184-35.compute-1.amazonaws.com/logs/PreCommit-HIVE-TRUNK-Build-7115/&quot; class=&quot;external-link&quot; target=&quot;_blank&quot; rel=&quot;nofollow noopener&quot;&gt;http://ec2-174-129-184-35.compute-1.amazonaws.com/logs/PreCommit-HIVE-TRUNK-Build-7115/&lt;/a&gt;&lt;/p&gt;

&lt;p&gt;Messages:&lt;/p&gt;
&lt;div class=&quot;preformatted panel&quot; style=&quot;border-width: 1px;&quot;&gt;&lt;div class=&quot;preformattedContent panelContent&quot;&gt;
&lt;pre&gt;**** This message was trimmed, see log for full details ****
[INFO] -------------------------------------------------------------
[WARNING] COMPILATION WARNING : 
[INFO] -------------------------------------------------------------
[WARNING] /data/hive-ptest/working/apache-github-source-source/itests/hive-unit/src/test/java/org/apache/hadoop/hive/metastore/TestRetryingHMSHandler.java: Some input files use or override a deprecated API.
[WARNING] /data/hive-ptest/working/apache-github-source-source/itests/hive-unit/src/test/java/org/apache/hadoop/hive/metastore/TestRetryingHMSHandler.java: Recompile with -Xlint:deprecation for details.
[WARNING] /data/hive-ptest/working/apache-github-source-source/itests/hive-unit/src/test/java/org/apache/hadoop/hive/metastore/TestHiveMetaStore.java: Some input files use unchecked or unsafe operations.
[WARNING] /data/hive-ptest/working/apache-github-source-source/itests/hive-unit/src/test/java/org/apache/hadoop/hive/metastore/TestHiveMetaStore.java: Recompile with -Xlint:unchecked for details.
[INFO] 4 warnings 
[INFO] -------------------------------------------------------------
[INFO] -------------------------------------------------------------
[ERROR] COMPILATION ERROR : 
[INFO] -------------------------------------------------------------
[ERROR] /data/hive-ptest/working/apache-github-source-source/itests/hive-unit/src/test/java/org/apache/hadoop/hive/thrift/TestZooKeeperTokenStore.java:[45,11] cannot find symbol
  symbol:   class ZooKeeperTokenStore
  location: class org.apache.hadoop.hive.thrift.TestZooKeeperTokenStore
[ERROR] /data/hive-ptest/working/apache-github-source-source/itests/hive-unit/src/test/java/org/apache/hadoop/hive/thrift/TestDBTokenStore.java:[29,58] package org.apache.hadoop.hive.thrift.DelegationTokenStore does not exist
[ERROR] /data/hive-ptest/working/apache-github-source-source/itests/hive-unit/src/test/java/org/apache/hadoop/hive/thrift/TestDBTokenStore.java:[37,41] cannot find symbol
  symbol:   class TokenStoreException
  location: class org.apache.hadoop.hive.thrift.TestDBTokenStore
[ERROR] /data/hive-ptest/working/apache-github-source-source/itests/hive-unit/src/test/java/org/apache/hadoop/hive/thrift/TestZooKeeperTokenStore.java:[45,11] cannot find symbol
  symbol:   class ZooKeeperTokenStore
  location: class org.apache.hadoop.hive.thrift.TestZooKeeperTokenStore
[ERROR] /data/hive-ptest/working/apache-github-source-source/itests/hive-unit/src/test/java/org/apache/hadoop/hive/thrift/TestDBTokenStore.java:[29,58] package org.apache.hadoop.hive.thrift.DelegationTokenStore does not exist
[ERROR] /data/hive-ptest/working/apache-github-source-source/itests/hive-unit/src/test/java/org/apache/hadoop/hive/thrift/TestDBTokenStore.java:[37,41] cannot find symbol
  symbol:   class TokenStoreException
  location: class org.apache.hadoop.hive.thrift.TestDBTokenStore
[ERROR] /data/hive-ptest/working/apache-github-source-source/itests/hive-unit/src/test/java/org/apache/hadoop/hive/thrift/TestZooKeeperTokenStore.java:[81,14] cannot find symbol
  symbol:   class ZooKeeperTokenStore
  location: class org.apache.hadoop.hive.thrift.TestZooKeeperTokenStore
[ERROR] /data/hive-ptest/working/apache-github-source-source/itests/hive-unit/src/test/java/org/apache/hadoop/hive/thrift/TestZooKeeperTokenStore.java:[91,54] cannot find symbol
  symbol:   variable ZooKeeperTokenStore
  location: class org.apache.hadoop.hive.thrift.TestZooKeeperTokenStore
[ERROR] /data/hive-ptest/working/apache-github-source-source/itests/hive-unit/src/test/java/org/apache/hadoop/hive/thrift/TestZooKeeperTokenStore.java:[103,5] cannot find symbol
  symbol:   class DelegationTokenIdentifier
  location: class org.apache.hadoop.hive.thrift.TestZooKeeperTokenStore
[ERROR] /data/hive-ptest/working/apache-github-source-source/itests/hive-unit/src/test/java/org/apache/hadoop/hive/thrift/TestZooKeeperTokenStore.java:[103,45] cannot find symbol
  symbol:   class DelegationTokenIdentifier
  location: class org.apache.hadoop.hive.thrift.TestZooKeeperTokenStore
[ERROR] /data/hive-ptest/working/apache-github-source-source/itests/hive-unit/src/test/java/org/apache/hadoop/hive/thrift/TestZooKeeperTokenStore.java:[116,10] cannot find symbol
  symbol:   class DelegationTokenIdentifier
  location: class org.apache.hadoop.hive.thrift.TestZooKeeperTokenStore
[ERROR] /data/hive-ptest/working/apache-github-source-source/itests/hive-unit/src/test/java/org/apache/hadoop/hive/thrift/TestZooKeeperTokenStore.java:[118,25] cannot find symbol
  symbol:   variable TokenStoreDelegationTokenSecretManager
  location: class org.apache.hadoop.hive.thrift.TestZooKeeperTokenStore
[ERROR] /data/hive-ptest/working/apache-github-source-source/itests/hive-unit/src/test/java/org/apache/hadoop/hive/thrift/TestZooKeeperTokenStore.java:[120,9] cannot find symbol
  symbol:   variable TokenStoreDelegationTokenSecretManager
  location: class org.apache.hadoop.hive.thrift.TestZooKeeperTokenStore
[ERROR] /data/hive-ptest/working/apache-github-source-source/itests/hive-unit/src/test/java/org/apache/hadoop/hive/thrift/TestZooKeeperTokenStore.java:[135,14] cannot find symbol
  symbol:   class ZooKeeperTokenStore
  location: class org.apache.hadoop.hive.thrift.TestZooKeeperTokenStore
[ERROR] /data/hive-ptest/working/apache-github-source-source/itests/hive-unit/src/test/java/org/apache/hadoop/hive/thrift/TestZooKeeperTokenStore.java:[140,34] package DelegationTokenStore does not exist
[ERROR] /data/hive-ptest/working/apache-github-source-source/itests/hive-unit/src/test/java/org/apache/hadoop/hive/thrift/TestZooKeeperTokenStore.java:[153,25] cannot find symbol
  symbol:   variable ZooKeeperTokenStore
  location: class org.apache.hadoop.hive.thrift.TestZooKeeperTokenStore
[ERROR] /data/hive-ptest/working/apache-github-source-source/itests/hive-unit/src/test/java/org/apache/hadoop/hive/thrift/TestZooKeeperTokenStore.java:[156,14] cannot find symbol
  symbol:   class ZooKeeperTokenStore
  location: class org.apache.hadoop.hive.thrift.TestZooKeeperTokenStore
[ERROR] /data/hive-ptest/working/apache-github-source-source/itests/hive-unit/src/test/java/org/apache/hadoop/hive/thrift/TestZooKeeperTokenStore.java:[161,34] package DelegationTokenStore does not exist
[ERROR] /data/hive-ptest/working/apache-github-source-source/itests/hive-unit/src/test/java/org/apache/hadoop/hive/thrift/TestZooKeeperTokenStore.java:[172,14] cannot find symbol
  symbol:   class ZooKeeperTokenStore
  location: class org.apache.hadoop.hive.thrift.TestZooKeeperTokenStore
[ERROR] /data/hive-ptest/working/apache-github-source-source/itests/hive-unit/src/test/java/org/apache/hadoop/hive/thrift/TestDBTokenStore.java:[39,5] cannot find symbol
  symbol:   class DelegationTokenStore
  location: class org.apache.hadoop.hive.thrift.TestDBTokenStore
[ERROR] /data/hive-ptest/working/apache-github-source-source/itests/hive-unit/src/test/java/org/apache/hadoop/hive/thrift/TestDBTokenStore.java:[39,35] cannot find symbol
  symbol:   class DBTokenStore
  location: class org.apache.hadoop.hive.thrift.TestDBTokenStore
[ERROR] /data/hive-ptest/working/apache-github-source-source/itests/hive-unit/src/test/java/org/apache/hadoop/hive/thrift/TestDBTokenStore.java:[46,14] cannot find symbol
  symbol:   class TokenStoreException
  location: class org.apache.hadoop.hive.thrift.TestDBTokenStore
[ERROR] /data/hive-ptest/working/apache-github-source-source/itests/hive-unit/src/test/java/org/apache/hadoop/hive/thrift/TestDBTokenStore.java:[65,5] cannot find symbol
  symbol:   class DelegationTokenIdentifier
  location: class org.apache.hadoop.hive.thrift.TestDBTokenStore
[ERROR] /data/hive-ptest/working/apache-github-source-source/itests/hive-unit/src/test/java/org/apache/hadoop/hive/thrift/TestDBTokenStore.java:[65,45] cannot find symbol
  symbol:   class DelegationTokenIdentifier
  location: class org.apache.hadoop.hive.thrift.TestDBTokenStore
[ERROR] /data/hive-ptest/working/apache-github-source-source/itests/hive-unit/src/test/java/org/apache/hadoop/hive/thrift/TestDBTokenStore.java:[81,10] cannot find symbol
  symbol:   class DelegationTokenIdentifier
  location: class org.apache.hadoop.hive.thrift.TestDBTokenStore
[ERROR] /data/hive-ptest/working/apache-github-source-source/itests/hive-unit/src/test/java/org/apache/hadoop/hive/thrift/TestDBTokenStore.java:[84,25] cannot find symbol
  symbol:   variable TokenStoreDelegationTokenSecretManager
  location: class org.apache.hadoop.hive.thrift.TestDBTokenStore
[ERROR] /data/hive-ptest/working/apache-github-source-source/itests/hive-unit/src/test/java/org/apache/hadoop/hive/thrift/TestDBTokenStore.java:[86,9] cannot find symbol
  symbol:   variable TokenStoreDelegationTokenSecretManager
  location: class org.apache.hadoop.hive.thrift.TestDBTokenStore
[INFO] 27 errors 
[INFO] -------------------------------------------------------------
[INFO] ------------------------------------------------------------------------
[INFO] Reactor Summary:
[INFO] 
[INFO] Hive Integration - Parent ......................... SUCCESS [9.478s]
[INFO] Hive Integration - Custom Serde ................... SUCCESS [15.312s]
[INFO] Hive Integration - Custom udfs .................... SUCCESS [3.187s]
[INFO] Hive Integration - Custom UDFs - udf-classloader-util  SUCCESS [4.955s]
[INFO] Hive Integration - Custom UDFs - udf-classloader-udf1  SUCCESS [5.105s]
[INFO] Hive Integration - Custom UDFs - udf-classloader-udf2  SUCCESS [4.274s]
[INFO] Hive Integration - HCatalog Unit Tests ............ SUCCESS [16.814s]
[INFO] Hive Integration - Testing Utilities .............. SUCCESS [19.595s]
[INFO] Hive Integration - Unit Tests ..................... FAILURE [27.733s]
[INFO] Hive Integration - Test Serde ..................... SKIPPED
[INFO] Hive Integration - QFile Tests .................... SKIPPED
[INFO] Hive Integration - QFile Accumulo Tests ........... SKIPPED
[INFO] JMH benchmark: Hive ............................... SKIPPED
[INFO] Hive Integration - Unit Tests - Hadoop 2 .......... SKIPPED
[INFO] Hive Integration - Unit Tests with miniKdc ........ SKIPPED
[INFO] Hive Integration - QFile Spark Tests .............. SKIPPED
[INFO] ------------------------------------------------------------------------
[INFO] BUILD FAILURE
[INFO] ------------------------------------------------------------------------
[INFO] Total time: 1:51.102s
[INFO] Finished at: Sat Feb 27 18:59:06 EST 2016
[INFO] Final Memory: 100M/300M
[INFO] ------------------------------------------------------------------------
[WARNING] The requested profile &quot;hadoop-2&quot; could not be activated because it does not exist.
[ERROR] Failed to execute goal org.apache.maven.plugins:maven-compiler-plugin:3.1:testCompile (default-testCompile) on project hive-it-unit: Compilation failure: Compilation failure:
[ERROR] /data/hive-ptest/working/apache-github-source-source/itests/hive-unit/src/test/java/org/apache/hadoop/hive/thrift/TestZooKeeperTokenStore.java:[45,11] cannot find symbol
[ERROR] symbol:   class ZooKeeperTokenStore
[ERROR] location: class org.apache.hadoop.hive.thrift.TestZooKeeperTokenStore
[ERROR] /data/hive-ptest/working/apache-github-source-source/itests/hive-unit/src/test/java/org/apache/hadoop/hive/thrift/TestDBTokenStore.java:[29,58] package org.apache.hadoop.hive.thrift.DelegationTokenStore does not exist
[ERROR] /data/hive-ptest/working/apache-github-source-source/itests/hive-unit/src/test/java/org/apache/hadoop/hive/thrift/TestDBTokenStore.java:[37,41] cannot find symbol
[ERROR] symbol:   class TokenStoreException
[ERROR] location: class org.apache.hadoop.hive.thrift.TestDBTokenStore
[ERROR] /data/hive-ptest/working/apache-github-source-source/itests/hive-unit/src/test/java/org/apache/hadoop/hive/thrift/TestZooKeeperTokenStore.java:[45,11] cannot find symbol
[ERROR] symbol:   class ZooKeeperTokenStore
[ERROR] location: class org.apache.hadoop.hive.thrift.TestZooKeeperTokenStore
[ERROR] /data/hive-ptest/working/apache-github-source-source/itests/hive-unit/src/test/java/org/apache/hadoop/hive/thrift/TestDBTokenStore.java:[29,58] package org.apache.hadoop.hive.thrift.DelegationTokenStore does not exist
[ERROR] /data/hive-ptest/working/apache-github-source-source/itests/hive-unit/src/test/java/org/apache/hadoop/hive/thrift/TestDBTokenStore.java:[37,41] cannot find symbol
[ERROR] symbol:   class TokenStoreException
[ERROR] location: class org.apache.hadoop.hive.thrift.TestDBTokenStore
[ERROR] /data/hive-ptest/working/apache-github-source-source/itests/hive-unit/src/test/java/org/apache/hadoop/hive/thrift/TestZooKeeperTokenStore.java:[81,14] cannot find symbol
[ERROR] symbol:   class ZooKeeperTokenStore
[ERROR] location: class org.apache.hadoop.hive.thrift.TestZooKeeperTokenStore
[ERROR] /data/hive-ptest/working/apache-github-source-source/itests/hive-unit/src/test/java/org/apache/hadoop/hive/thrift/TestZooKeeperTokenStore.java:[91,54] cannot find symbol
[ERROR] symbol:   variable ZooKeeperTokenStore
[ERROR] location: class org.apache.hadoop.hive.thrift.TestZooKeeperTokenStore
[ERROR] /data/hive-ptest/working/apache-github-source-source/itests/hive-unit/src/test/java/org/apache/hadoop/hive/thrift/TestZooKeeperTokenStore.java:[103,5] cannot find symbol
[ERROR] symbol:   class DelegationTokenIdentifier
[ERROR] location: class org.apache.hadoop.hive.thrift.TestZooKeeperTokenStore
[ERROR] /data/hive-ptest/working/apache-github-source-source/itests/hive-unit/src/test/java/org/apache/hadoop/hive/thrift/TestZooKeeperTokenStore.java:[103,45] cannot find symbol
[ERROR] symbol:   class DelegationTokenIdentifier
[ERROR] location: class org.apache.hadoop.hive.thrift.TestZooKeeperTokenStore
[ERROR] /data/hive-ptest/working/apache-github-source-source/itests/hive-unit/src/test/java/org/apache/hadoop/hive/thrift/TestZooKeeperTokenStore.java:[116,10] cannot find symbol
[ERROR] symbol:   class DelegationTokenIdentifier
[ERROR] location: class org.apache.hadoop.hive.thrift.TestZooKeeperTokenStore
[ERROR] /data/hive-ptest/working/apache-github-source-source/itests/hive-unit/src/test/java/org/apache/hadoop/hive/thrift/TestZooKeeperTokenStore.java:[118,25] cannot find symbol
[ERROR] symbol:   variable TokenStoreDelegationTokenSecretManager
[ERROR] location: class org.apache.hadoop.hive.thrift.TestZooKeeperTokenStore
[ERROR] /data/hive-ptest/working/apache-github-source-source/itests/hive-unit/src/test/java/org/apache/hadoop/hive/thrift/TestZooKeeperTokenStore.java:[120,9] cannot find symbol
[ERROR] symbol:   variable TokenStoreDelegationTokenSecretManager
[ERROR] location: class org.apache.hadoop.hive.thrift.TestZooKeeperTokenStore
[ERROR] /data/hive-ptest/working/apache-github-source-source/itests/hive-unit/src/test/java/org/apache/hadoop/hive/thrift/TestZooKeeperTokenStore.java:[135,14] cannot find symbol
[ERROR] symbol:   class ZooKeeperTokenStore
[ERROR] location: class org.apache.hadoop.hive.thrift.TestZooKeeperTokenStore
[ERROR] /data/hive-ptest/working/apache-github-source-source/itests/hive-unit/src/test/java/org/apache/hadoop/hive/thrift/TestZooKeeperTokenStore.java:[140,34] package DelegationTokenStore does not exist
[ERROR] /data/hive-ptest/working/apache-github-source-source/itests/hive-unit/src/test/java/org/apache/hadoop/hive/thrift/TestZooKeeperTokenStore.java:[153,25] cannot find symbol
[ERROR] symbol:   variable ZooKeeperTokenStore
[ERROR] location: class org.apache.hadoop.hive.thrift.TestZooKeeperTokenStore
[ERROR] /data/hive-ptest/working/apache-github-source-source/itests/hive-unit/src/test/java/org/apache/hadoop/hive/thrift/TestZooKeeperTokenStore.java:[156,14] cannot find symbol
[ERROR] symbol:   class ZooKeeperTokenStore
[ERROR] location: class org.apache.hadoop.hive.thrift.TestZooKeeperTokenStore
[ERROR] /data/hive-ptest/working/apache-github-source-source/itests/hive-unit/src/test/java/org/apache/hadoop/hive/thrift/TestZooKeeperTokenStore.java:[161,34] package DelegationTokenStore does not exist
[ERROR] /data/hive-ptest/working/apache-github-source-source/itests/hive-unit/src/test/java/org/apache/hadoop/hive/thrift/TestZooKeeperTokenStore.java:[172,14] cannot find symbol
[ERROR] symbol:   class ZooKeeperTokenStore
[ERROR] location: class org.apache.hadoop.hive.thrift.TestZooKeeperTokenStore
[ERROR] /data/hive-ptest/working/apache-github-source-source/itests/hive-unit/src/test/java/org/apache/hadoop/hive/thrift/TestDBTokenStore.java:[39,5] cannot find symbol
[ERROR] symbol:   class DelegationTokenStore
[ERROR] location: class org.apache.hadoop.hive.thrift.TestDBTokenStore
[ERROR] /data/hive-ptest/working/apache-github-source-source/itests/hive-unit/src/test/java/org/apache/hadoop/hive/thrift/TestDBTokenStore.java:[39,35] cannot find symbol
[ERROR] symbol:   class DBTokenStore
[ERROR] location: class org.apache.hadoop.hive.thrift.TestDBTokenStore
[ERROR] /data/hive-ptest/working/apache-github-source-source/itests/hive-unit/src/test/java/org/apache/hadoop/hive/thrift/TestDBTokenStore.java:[46,14] cannot find symbol
[ERROR] symbol:   class TokenStoreException
[ERROR] location: class org.apache.hadoop.hive.thrift.TestDBTokenStore
[ERROR] /data/hive-ptest/working/apache-github-source-source/itests/hive-unit/src/test/java/org/apache/hadoop/hive/thrift/TestDBTokenStore.java:[65,5] cannot find symbol
[ERROR] symbol:   class DelegationTokenIdentifier
[ERROR] location: class org.apache.hadoop.hive.thrift.TestDBTokenStore
[ERROR] /data/hive-ptest/working/apache-github-source-source/itests/hive-unit/src/test/java/org/apache/hadoop/hive/thrift/TestDBTokenStore.java:[65,45] cannot find symbol
[ERROR] symbol:   class DelegationTokenIdentifier
[ERROR] location: class org.apache.hadoop.hive.thrift.TestDBTokenStore
[ERROR] /data/hive-ptest/working/apache-github-source-source/itests/hive-unit/src/test/java/org/apache/hadoop/hive/thrift/TestDBTokenStore.java:[81,10] cannot find symbol
[ERROR] symbol:   class DelegationTokenIdentifier
[ERROR] location: class org.apache.hadoop.hive.thrift.TestDBTokenStore
[ERROR] /data/hive-ptest/working/apache-github-source-source/itests/hive-unit/src/test/java/org/apache/hadoop/hive/thrift/TestDBTokenStore.java:[84,25] cannot find symbol
[ERROR] symbol:   variable TokenStoreDelegationTokenSecretManager
[ERROR] location: class org.apache.hadoop.hive.thrift.TestDBTokenStore
[ERROR] /data/hive-ptest/working/apache-github-source-source/itests/hive-unit/src/test/java/org/apache/hadoop/hive/thrift/TestDBTokenStore.java:[86,9] cannot find symbol
[ERROR] symbol:   variable TokenStoreDelegationTokenSecretManager
[ERROR] location: class org.apache.hadoop.hive.thrift.TestDBTokenStore
[ERROR] -&amp;gt; [Help 1]
[ERROR] 
[ERROR] To see the full stack trace of the errors, re-run Maven with the -e switch.
[ERROR] Re-run Maven using the -X switch to enable full debug logging.
[ERROR] 
[ERROR] For more information about the errors and possible solutions, please read the following articles:
[ERROR] [Help 1] http://cwiki.apache.org/confluence/display/MAVEN/MojoFailureException
[ERROR] 
[ERROR] After correcting the problems, you can resume the build with the command
[ERROR]   mvn &amp;lt;goals&amp;gt; -rf :hive-it-unit
+ exit 1
&apos;
&lt;/pre&gt;
&lt;/div&gt;&lt;/div&gt;

&lt;p&gt;This message is automatically generated.&lt;/p&gt;

&lt;p&gt;ATTACHMENT ID: 12790198 - PreCommit-HIVE-TRUNK-Build&lt;/p&gt;</comment>
                            <comment id="15170925" author="thejas" created="Sun, 28 Feb 2016 06:42:29 +0000"  >&lt;p&gt;&lt;a href=&quot;https://issues.apache.org/jira/browse/HIVE-13169&quot; title=&quot;HiveServer2: Support delegation token based connection when using http transport&quot; class=&quot;issue-link&quot; data-issue-key=&quot;HIVE-13169&quot;&gt;&lt;del&gt;HIVE-13169&lt;/del&gt;&lt;/a&gt;.2.patch - has some changes to earlier patch -&lt;/p&gt;
&lt;ul class=&quot;alternate&quot; type=&quot;square&quot;&gt;
	&lt;li&gt;Keeps the token store classes in same old package, as it is used as configuration parameters. Changing that would break backward compatiblity&lt;/li&gt;
	&lt;li&gt;Fixes the use of ipaddress. It needs to be the remote ip address for proxy user authorization (not that of HS2)&lt;/li&gt;
	&lt;li&gt;Fixes issues with secretmanager being null in HadoopThriftAuthBridge&lt;/li&gt;
	&lt;li&gt;Fixes in  unit test&lt;/li&gt;
&lt;/ul&gt;
</comment>
                            <comment id="15170927" author="thejas" created="Sun, 28 Feb 2016 06:43:07 +0000"  >&lt;p&gt;Adding link to pull request &lt;a href=&quot;https://github.com/apache/hive/pull/67&quot; class=&quot;external-link&quot; target=&quot;_blank&quot; rel=&quot;nofollow noopener&quot;&gt;https://github.com/apache/hive/pull/67&lt;/a&gt;&lt;/p&gt;</comment>
                            <comment id="15170928" author="thejas" created="Sun, 28 Feb 2016 06:43:33 +0000"  >&lt;p&gt;&lt;a href=&quot;https://issues.apache.org/jira/secure/ViewProfile.jspa?name=vgumashta&quot; class=&quot;user-hover&quot; rel=&quot;vgumashta&quot;&gt;vgumashta&lt;/a&gt; Can you please review ?&lt;/p&gt;</comment>
                            <comment id="15171307" author="thejas" created="Mon, 29 Feb 2016 02:13:30 +0000"  >&lt;p&gt;3.patch - Updated patch fixing token verification in http mode&lt;/p&gt;</comment>
                            <comment id="15171482" author="hiveqa" created="Mon, 29 Feb 2016 06:42:10 +0000"  >

&lt;p&gt;Here are the results of testing the latest attachment:&lt;br/&gt;
&lt;a href=&quot;https://issues.apache.org/jira/secure/attachment/12790394/HIVE-13169.3.patch&quot; class=&quot;external-link&quot; rel=&quot;nofollow&quot;&gt;https://issues.apache.org/jira/secure/attachment/12790394/HIVE-13169.3.patch&lt;/a&gt;&lt;/p&gt;

&lt;p&gt;&lt;font color=&quot;green&quot;&gt;SUCCESS:&lt;/font&gt; +1 due to 2 test(s) being added or modified.&lt;/p&gt;

&lt;p&gt;&lt;font color=&quot;red&quot;&gt;ERROR:&lt;/font&gt; -1 due to 10 failed/errored test(s), 9738 tests executed&lt;br/&gt;
&lt;b&gt;Failed tests:&lt;/b&gt;&lt;/p&gt;
&lt;div class=&quot;preformatted panel&quot; style=&quot;border-width: 1px;&quot;&gt;&lt;div class=&quot;preformattedContent panelContent&quot;&gt;
&lt;pre&gt;TestMiniTezCliDriver-update_orig_table.q-vectorization_13.q-mapreduce2.q-and-12-more - did not produce a TEST-*.xml file
TestSparkCliDriver-groupby3_map.q-sample2.q-auto_join14.q-and-12-more - did not produce a TEST-*.xml file
TestSparkCliDriver-groupby_map_ppr_multi_distinct.q-table_access_keys_stats.q-groupby4_noskew.q-and-12-more - did not produce a TEST-*.xml file
TestSparkCliDriver-join_rc.q-insert1.q-vectorized_rcfile_columnar.q-and-12-more - did not produce a TEST-*.xml file
TestSparkCliDriver-ppd_join4.q-join9.q-ppd_join3.q-and-12-more - did not produce a TEST-*.xml file
TestSparkCliDriver-timestamp_lazy.q-bucketsortoptimize_insert_4.q-date_udf.q-and-12-more - did not produce a TEST-*.xml file
org.apache.hadoop.hive.cli.TestNegativeCliDriver.testNegativeCliDriver_authorization_uri_import
org.apache.hive.jdbc.TestJdbcWithLocalClusterSpark.testTempTable
org.apache.hive.jdbc.TestSSL.testSSLVersion
org.apache.hive.minikdc.TestHiveAuthFactory.testStartTokenManagerForDBTokenStore
&lt;/pre&gt;
&lt;/div&gt;&lt;/div&gt;

&lt;p&gt;Test results: &lt;a href=&quot;http://ec2-174-129-184-35.compute-1.amazonaws.com/jenkins/job/PreCommit-HIVE-TRUNK-Build/7125/testReport&quot; class=&quot;external-link&quot; target=&quot;_blank&quot; rel=&quot;nofollow noopener&quot;&gt;http://ec2-174-129-184-35.compute-1.amazonaws.com/jenkins/job/PreCommit-HIVE-TRUNK-Build/7125/testReport&lt;/a&gt;&lt;br/&gt;
Console output: &lt;a href=&quot;http://ec2-174-129-184-35.compute-1.amazonaws.com/jenkins/job/PreCommit-HIVE-TRUNK-Build/7125/console&quot; class=&quot;external-link&quot; target=&quot;_blank&quot; rel=&quot;nofollow noopener&quot;&gt;http://ec2-174-129-184-35.compute-1.amazonaws.com/jenkins/job/PreCommit-HIVE-TRUNK-Build/7125/console&lt;/a&gt;&lt;br/&gt;
Test logs: &lt;a href=&quot;http://ec2-174-129-184-35.compute-1.amazonaws.com/logs/PreCommit-HIVE-TRUNK-Build-7125/&quot; class=&quot;external-link&quot; target=&quot;_blank&quot; rel=&quot;nofollow noopener&quot;&gt;http://ec2-174-129-184-35.compute-1.amazonaws.com/logs/PreCommit-HIVE-TRUNK-Build-7125/&lt;/a&gt;&lt;/p&gt;

&lt;p&gt;Messages:&lt;/p&gt;
&lt;div class=&quot;preformatted panel&quot; style=&quot;border-width: 1px;&quot;&gt;&lt;div class=&quot;preformattedContent panelContent&quot;&gt;
&lt;pre&gt;Executing org.apache.hive.ptest.execution.TestCheckPhase
Executing org.apache.hive.ptest.execution.PrepPhase
Executing org.apache.hive.ptest.execution.ExecutionPhase
Executing org.apache.hive.ptest.execution.ReportingPhase
Tests exited with: TestsFailedException: 10 tests failed
&lt;/pre&gt;
&lt;/div&gt;&lt;/div&gt;

&lt;p&gt;This message is automatically generated.&lt;/p&gt;

&lt;p&gt;ATTACHMENT ID: 12790394 - PreCommit-HIVE-TRUNK-Build&lt;/p&gt;</comment>
                            <comment id="15171497" author="thejas" created="Mon, 29 Feb 2016 07:04:15 +0000"  >&lt;p&gt;Attaching same file once more to kickoff precommit tests. The additional failures are not reproducilbe in my local environment.&lt;/p&gt;</comment>
                            <comment id="15171919" author="vgumashta" created="Mon, 29 Feb 2016 14:32:32 +0000"  >&lt;p&gt;&lt;a href=&quot;https://issues.apache.org/jira/secure/ViewProfile.jspa?name=thejas&quot; class=&quot;user-hover&quot; rel=&quot;thejas&quot;&gt;thejas&lt;/a&gt; Patch looks good. Just one minor comment on the pull request.&lt;/p&gt;</comment>
                            <comment id="15172028" author="hiveqa" created="Mon, 29 Feb 2016 15:44:53 +0000"  >

&lt;p&gt;Here are the results of testing the latest attachment:&lt;br/&gt;
&lt;a href=&quot;https://issues.apache.org/jira/secure/attachment/12790421/HIVE-13169.3.patch&quot; class=&quot;external-link&quot; rel=&quot;nofollow&quot;&gt;https://issues.apache.org/jira/secure/attachment/12790421/HIVE-13169.3.patch&lt;/a&gt;&lt;/p&gt;

&lt;p&gt;&lt;font color=&quot;green&quot;&gt;SUCCESS:&lt;/font&gt; +1 due to 2 test(s) being added or modified.&lt;/p&gt;

&lt;p&gt;&lt;font color=&quot;red&quot;&gt;ERROR:&lt;/font&gt; -1 due to 8 failed/errored test(s), 9768 tests executed&lt;br/&gt;
&lt;b&gt;Failed tests:&lt;/b&gt;&lt;/p&gt;
&lt;div class=&quot;preformatted panel&quot; style=&quot;border-width: 1px;&quot;&gt;&lt;div class=&quot;preformattedContent panelContent&quot;&gt;
&lt;pre&gt;TestSparkCliDriver-groupby3_map.q-sample2.q-auto_join14.q-and-12-more - did not produce a TEST-*.xml file
TestSparkCliDriver-groupby_map_ppr_multi_distinct.q-table_access_keys_stats.q-groupby4_noskew.q-and-12-more - did not produce a TEST-*.xml file
TestSparkCliDriver-join_rc.q-insert1.q-vectorized_rcfile_columnar.q-and-12-more - did not produce a TEST-*.xml file
TestSparkCliDriver-ppd_join4.q-join9.q-ppd_join3.q-and-12-more - did not produce a TEST-*.xml file
org.apache.hadoop.hive.cli.TestCliDriver.testCliDriver_ivyDownload
org.apache.hadoop.hive.cli.TestNegativeCliDriver.testNegativeCliDriver_authorization_uri_import
org.apache.hive.jdbc.TestSSL.testSSLVersion
org.apache.hive.minikdc.TestHiveAuthFactory.testStartTokenManagerForDBTokenStore
&lt;/pre&gt;
&lt;/div&gt;&lt;/div&gt;

&lt;p&gt;Test results: &lt;a href=&quot;http://ec2-174-129-184-35.compute-1.amazonaws.com/jenkins/job/PreCommit-HIVE-TRUNK-Build/7128/testReport&quot; class=&quot;external-link&quot; target=&quot;_blank&quot; rel=&quot;nofollow noopener&quot;&gt;http://ec2-174-129-184-35.compute-1.amazonaws.com/jenkins/job/PreCommit-HIVE-TRUNK-Build/7128/testReport&lt;/a&gt;&lt;br/&gt;
Console output: &lt;a href=&quot;http://ec2-174-129-184-35.compute-1.amazonaws.com/jenkins/job/PreCommit-HIVE-TRUNK-Build/7128/console&quot; class=&quot;external-link&quot; target=&quot;_blank&quot; rel=&quot;nofollow noopener&quot;&gt;http://ec2-174-129-184-35.compute-1.amazonaws.com/jenkins/job/PreCommit-HIVE-TRUNK-Build/7128/console&lt;/a&gt;&lt;br/&gt;
Test logs: &lt;a href=&quot;http://ec2-174-129-184-35.compute-1.amazonaws.com/logs/PreCommit-HIVE-TRUNK-Build-7128/&quot; class=&quot;external-link&quot; target=&quot;_blank&quot; rel=&quot;nofollow noopener&quot;&gt;http://ec2-174-129-184-35.compute-1.amazonaws.com/logs/PreCommit-HIVE-TRUNK-Build-7128/&lt;/a&gt;&lt;/p&gt;

&lt;p&gt;Messages:&lt;/p&gt;
&lt;div class=&quot;preformatted panel&quot; style=&quot;border-width: 1px;&quot;&gt;&lt;div class=&quot;preformattedContent panelContent&quot;&gt;
&lt;pre&gt;Executing org.apache.hive.ptest.execution.TestCheckPhase
Executing org.apache.hive.ptest.execution.PrepPhase
Executing org.apache.hive.ptest.execution.ExecutionPhase
Executing org.apache.hive.ptest.execution.ReportingPhase
Tests exited with: TestsFailedException: 8 tests failed
&lt;/pre&gt;
&lt;/div&gt;&lt;/div&gt;

&lt;p&gt;This message is automatically generated.&lt;/p&gt;

&lt;p&gt;ATTACHMENT ID: 12790421 - PreCommit-HIVE-TRUNK-Build&lt;/p&gt;</comment>
                            <comment id="15172505" author="vgumashta" created="Mon, 29 Feb 2016 20:05:22 +0000"  >&lt;p&gt;&lt;a href=&quot;https://issues.apache.org/jira/secure/ViewProfile.jspa?name=thejas&quot; class=&quot;user-hover&quot; rel=&quot;thejas&quot;&gt;thejas&lt;/a&gt; Looks like org.apache.hive.minikdc.TestHiveAuthFactory.testStartTokenManagerForDBTokenStore failure is related. &lt;/p&gt;</comment>
                            <comment id="15172524" author="thejas" created="Mon, 29 Feb 2016 20:17:18 +0000"  >&lt;p&gt;Yes, I was missing an update in the attached file, but that was present in the pull request. That is why the test was passing locally for me.&lt;br/&gt;
The updated patch file has fix for that.&lt;br/&gt;
I have also updated the file and pull request with your suggestions. I am using a new header name specific for hive.&lt;/p&gt;</comment>
                            <comment id="15172534" author="vgumashta" created="Mon, 29 Feb 2016 20:23:32 +0000"  >&lt;p&gt;&lt;a href=&quot;https://issues.apache.org/jira/secure/ViewProfile.jspa?name=thejas&quot; class=&quot;user-hover&quot; rel=&quot;thejas&quot;&gt;thejas&lt;/a&gt; Noticed the change in PR. Thanks for the note. I&apos;m +1 on the patch.&lt;/p&gt;</comment>
                            <comment id="15173199" author="hiveqa" created="Tue, 1 Mar 2016 04:02:40 +0000"  >

&lt;p&gt;Here are the results of testing the latest attachment:&lt;br/&gt;
&lt;a href=&quot;https://issues.apache.org/jira/secure/attachment/12790504/HIVE-13169.4.patch&quot; class=&quot;external-link&quot; rel=&quot;nofollow&quot;&gt;https://issues.apache.org/jira/secure/attachment/12790504/HIVE-13169.4.patch&lt;/a&gt;&lt;/p&gt;

&lt;p&gt;&lt;font color=&quot;green&quot;&gt;SUCCESS:&lt;/font&gt; +1 due to 2 test(s) being added or modified.&lt;/p&gt;

&lt;p&gt;&lt;font color=&quot;red&quot;&gt;ERROR:&lt;/font&gt; -1 due to 8 failed/errored test(s), 9763 tests executed&lt;br/&gt;
&lt;b&gt;Failed tests:&lt;/b&gt;&lt;/p&gt;
&lt;div class=&quot;preformatted panel&quot; style=&quot;border-width: 1px;&quot;&gt;&lt;div class=&quot;preformattedContent panelContent&quot;&gt;
&lt;pre&gt;TestSparkCliDriver-groupby3_map.q-sample2.q-auto_join14.q-and-12-more - did not produce a TEST-*.xml file
TestSparkCliDriver-groupby_map_ppr_multi_distinct.q-table_access_keys_stats.q-groupby4_noskew.q-and-12-more - did not produce a TEST-*.xml file
TestSparkCliDriver-join_rc.q-insert1.q-vectorized_rcfile_columnar.q-and-12-more - did not produce a TEST-*.xml file
TestSparkCliDriver-ppd_join4.q-join9.q-ppd_join3.q-and-12-more - did not produce a TEST-*.xml file
TestSparkCliDriver-timestamp_lazy.q-bucketsortoptimize_insert_4.q-date_udf.q-and-12-more - did not produce a TEST-*.xml file
org.apache.hadoop.hive.cli.TestNegativeCliDriver.testNegativeCliDriver_authorization_uri_import
org.apache.hive.jdbc.TestSSL.testSSLVersion
org.apache.hive.minikdc.TestHiveAuthFactory.testStartTokenManagerForDBTokenStore
&lt;/pre&gt;
&lt;/div&gt;&lt;/div&gt;

&lt;p&gt;Test results: &lt;a href=&quot;http://ec2-174-129-184-35.compute-1.amazonaws.com/jenkins/job/PreCommit-HIVE-TRUNK-Build/7133/testReport&quot; class=&quot;external-link&quot; target=&quot;_blank&quot; rel=&quot;nofollow noopener&quot;&gt;http://ec2-174-129-184-35.compute-1.amazonaws.com/jenkins/job/PreCommit-HIVE-TRUNK-Build/7133/testReport&lt;/a&gt;&lt;br/&gt;
Console output: &lt;a href=&quot;http://ec2-174-129-184-35.compute-1.amazonaws.com/jenkins/job/PreCommit-HIVE-TRUNK-Build/7133/console&quot; class=&quot;external-link&quot; target=&quot;_blank&quot; rel=&quot;nofollow noopener&quot;&gt;http://ec2-174-129-184-35.compute-1.amazonaws.com/jenkins/job/PreCommit-HIVE-TRUNK-Build/7133/console&lt;/a&gt;&lt;br/&gt;
Test logs: &lt;a href=&quot;http://ec2-174-129-184-35.compute-1.amazonaws.com/logs/PreCommit-HIVE-TRUNK-Build-7133/&quot; class=&quot;external-link&quot; target=&quot;_blank&quot; rel=&quot;nofollow noopener&quot;&gt;http://ec2-174-129-184-35.compute-1.amazonaws.com/logs/PreCommit-HIVE-TRUNK-Build-7133/&lt;/a&gt;&lt;/p&gt;

&lt;p&gt;Messages:&lt;/p&gt;
&lt;div class=&quot;preformatted panel&quot; style=&quot;border-width: 1px;&quot;&gt;&lt;div class=&quot;preformattedContent panelContent&quot;&gt;
&lt;pre&gt;Executing org.apache.hive.ptest.execution.TestCheckPhase
Executing org.apache.hive.ptest.execution.PrepPhase
Executing org.apache.hive.ptest.execution.ExecutionPhase
Executing org.apache.hive.ptest.execution.ReportingPhase
Tests exited with: TestsFailedException: 8 tests failed
&lt;/pre&gt;
&lt;/div&gt;&lt;/div&gt;

&lt;p&gt;This message is automatically generated.&lt;/p&gt;

&lt;p&gt;ATTACHMENT ID: 12790504 - PreCommit-HIVE-TRUNK-Build&lt;/p&gt;</comment>
                            <comment id="15173248" author="thejas" created="Tue, 1 Mar 2016 05:23:20 +0000"  >&lt;p&gt;5.patch - Fixing unit test&lt;/p&gt;</comment>
                            <comment id="15175015" author="hiveqa" created="Wed, 2 Mar 2016 04:33:35 +0000"  >

&lt;p&gt;Here are the results of testing the latest attachment:&lt;br/&gt;
&lt;a href=&quot;https://issues.apache.org/jira/secure/attachment/12790664/HIVE-13169.5.patch&quot; class=&quot;external-link&quot; rel=&quot;nofollow&quot;&gt;https://issues.apache.org/jira/secure/attachment/12790664/HIVE-13169.5.patch&lt;/a&gt;&lt;/p&gt;

&lt;p&gt;&lt;font color=&quot;green&quot;&gt;SUCCESS:&lt;/font&gt; +1 due to 2 test(s) being added or modified.&lt;/p&gt;

&lt;p&gt;&lt;font color=&quot;red&quot;&gt;ERROR:&lt;/font&gt; -1 due to 8 failed/errored test(s), 9748 tests executed&lt;br/&gt;
&lt;b&gt;Failed tests:&lt;/b&gt;&lt;/p&gt;
&lt;div class=&quot;preformatted panel&quot; style=&quot;border-width: 1px;&quot;&gt;&lt;div class=&quot;preformattedContent panelContent&quot;&gt;
&lt;pre&gt;TestMiniTezCliDriver-cte_4.q-orc_merge5.q-vectorization_limit.q-and-12-more - did not produce a TEST-*.xml file
TestSparkCliDriver-groupby3_map.q-sample2.q-auto_join14.q-and-12-more - did not produce a TEST-*.xml file
TestSparkCliDriver-groupby_map_ppr_multi_distinct.q-table_access_keys_stats.q-groupby4_noskew.q-and-12-more - did not produce a TEST-*.xml file
TestSparkCliDriver-join_rc.q-insert1.q-vectorized_rcfile_columnar.q-and-12-more - did not produce a TEST-*.xml file
TestSparkCliDriver-ppd_join4.q-join9.q-ppd_join3.q-and-12-more - did not produce a TEST-*.xml file
TestSparkCliDriver-timestamp_lazy.q-bucketsortoptimize_insert_4.q-date_udf.q-and-12-more - did not produce a TEST-*.xml file
org.apache.hadoop.hive.cli.TestNegativeCliDriver.testNegativeCliDriver_authorization_uri_import
org.apache.hive.jdbc.TestSSL.testSSLVersion
&lt;/pre&gt;
&lt;/div&gt;&lt;/div&gt;

&lt;p&gt;Test results: &lt;a href=&quot;http://ec2-174-129-184-35.compute-1.amazonaws.com/jenkins/job/PreCommit-HIVE-TRUNK-Build/7140/testReport&quot; class=&quot;external-link&quot; target=&quot;_blank&quot; rel=&quot;nofollow noopener&quot;&gt;http://ec2-174-129-184-35.compute-1.amazonaws.com/jenkins/job/PreCommit-HIVE-TRUNK-Build/7140/testReport&lt;/a&gt;&lt;br/&gt;
Console output: &lt;a href=&quot;http://ec2-174-129-184-35.compute-1.amazonaws.com/jenkins/job/PreCommit-HIVE-TRUNK-Build/7140/console&quot; class=&quot;external-link&quot; target=&quot;_blank&quot; rel=&quot;nofollow noopener&quot;&gt;http://ec2-174-129-184-35.compute-1.amazonaws.com/jenkins/job/PreCommit-HIVE-TRUNK-Build/7140/console&lt;/a&gt;&lt;br/&gt;
Test logs: &lt;a href=&quot;http://ec2-174-129-184-35.compute-1.amazonaws.com/logs/PreCommit-HIVE-TRUNK-Build-7140/&quot; class=&quot;external-link&quot; target=&quot;_blank&quot; rel=&quot;nofollow noopener&quot;&gt;http://ec2-174-129-184-35.compute-1.amazonaws.com/logs/PreCommit-HIVE-TRUNK-Build-7140/&lt;/a&gt;&lt;/p&gt;

&lt;p&gt;Messages:&lt;/p&gt;
&lt;div class=&quot;preformatted panel&quot; style=&quot;border-width: 1px;&quot;&gt;&lt;div class=&quot;preformattedContent panelContent&quot;&gt;
&lt;pre&gt;Executing org.apache.hive.ptest.execution.TestCheckPhase
Executing org.apache.hive.ptest.execution.PrepPhase
Executing org.apache.hive.ptest.execution.ExecutionPhase
Executing org.apache.hive.ptest.execution.ReportingPhase
Tests exited with: TestsFailedException: 8 tests failed
&lt;/pre&gt;
&lt;/div&gt;&lt;/div&gt;

&lt;p&gt;This message is automatically generated.&lt;/p&gt;

&lt;p&gt;ATTACHMENT ID: 12790664 - PreCommit-HIVE-TRUNK-Build&lt;/p&gt;</comment>
                            <comment id="15180523" author="thejas" created="Fri, 4 Mar 2016 20:51:38 +0000"  >&lt;p&gt;Patch committed to master.&lt;br/&gt;
Thanks for your patch &lt;a href=&quot;https://issues.apache.org/jira/secure/ViewProfile.jspa?name=vgumashta&quot; class=&quot;user-hover&quot; rel=&quot;vgumashta&quot;&gt;vgumashta&lt;/a&gt; and the reviews!&lt;/p&gt;</comment>
                            <comment id="15180556" author="thejas" created="Fri, 4 Mar 2016 21:24:20 +0000"  >&lt;p&gt;attaching patch for branch-1.2 for reference &lt;/p&gt;</comment>
                            <comment id="15180672" author="lefty@hortonworks.com" created="Fri, 4 Mar 2016 22:40:32 +0000"  >&lt;p&gt;Does this need documentation?  If so, please give it a TODOC2.1 label.&lt;/p&gt;

&lt;p&gt;Also see the doc comment on &lt;a href=&quot;https://issues.apache.org/jira/browse/HIVE-5155&quot; title=&quot;Support secure proxy user access to HiveServer2&quot; class=&quot;issue-link&quot; data-issue-key=&quot;HIVE-5155&quot;&gt;&lt;del&gt;HIVE-5155&lt;/del&gt;&lt;/a&gt; (TODOC13):&lt;/p&gt;

&lt;ul&gt;
	&lt;li&gt;&lt;a href=&quot;https://issues.apache.org/jira/browse/HIVE-5155?focusedCommentId=14084408&amp;amp;page=com.atlassian.jira.plugin.system.issuetabpanels:comment-tabpanel#comment-14084408&quot; class=&quot;external-link&quot; rel=&quot;nofollow&quot;&gt;HIVE-5155 doc needs review &lt;/a&gt;&lt;/li&gt;
&lt;/ul&gt;
</comment>
                            <comment id="15180682" author="thejas" created="Fri, 4 Mar 2016 22:46:28 +0000"  >&lt;p&gt;Thanks for the reminder &lt;a href=&quot;https://issues.apache.org/jira/secure/ViewProfile.jspa?name=leftylev&quot; class=&quot;user-hover&quot; rel=&quot;leftylev&quot;&gt;leftylev&lt;/a&gt;.&lt;br/&gt;
I have made an edit &lt;a href=&quot;https://cwiki.apache.org/confluence/pages/diffpagesbyversion.action?pageId=30758725&amp;amp;selectedPageVersions=128&amp;amp;selectedPageVersions=127&quot; class=&quot;external-link&quot; target=&quot;_blank&quot; rel=&quot;nofollow noopener&quot;&gt;https://cwiki.apache.org/confluence/pages/diffpagesbyversion.action?pageId=30758725&amp;amp;selectedPageVersions=128&amp;amp;selectedPageVersions=127&lt;/a&gt; .&lt;br/&gt;
I had updated that section few weeks back.&lt;/p&gt;</comment>
                            <comment id="15180684" author="thejas" created="Fri, 4 Mar 2016 22:47:19 +0000"  >&lt;p&gt;Earlier updates to that section &lt;a href=&quot;https://cwiki.apache.org/confluence/pages/diffpagesbyversion.action?pageId=30758725&amp;amp;selectedPageVersions=127&amp;amp;selectedPageVersions=126&quot; class=&quot;external-link&quot; target=&quot;_blank&quot; rel=&quot;nofollow noopener&quot;&gt;https://cwiki.apache.org/confluence/pages/diffpagesbyversion.action?pageId=30758725&amp;amp;selectedPageVersions=127&amp;amp;selectedPageVersions=126&lt;/a&gt;&lt;/p&gt;</comment>
                            <comment id="15181318" author="lefty@hortonworks.com" created="Sat, 5 Mar 2016 00:04:55 +0000"  >&lt;p&gt;Thanks for the doc, &lt;a href=&quot;https://issues.apache.org/jira/secure/ViewProfile.jspa?name=thejas&quot; class=&quot;user-hover&quot; rel=&quot;thejas&quot;&gt;thejas&lt;/a&gt;.  Can we remove the TODOC13 label from &lt;a href=&quot;https://issues.apache.org/jira/browse/HIVE-5155&quot; title=&quot;Support secure proxy user access to HiveServer2&quot; class=&quot;issue-link&quot; data-issue-key=&quot;HIVE-5155&quot;&gt;&lt;del&gt;HIVE-5155&lt;/del&gt;&lt;/a&gt; now or should I nudge &lt;a href=&quot;https://issues.apache.org/jira/secure/ViewProfile.jspa?name=prasadm&quot; class=&quot;user-hover&quot; rel=&quot;prasadm&quot;&gt;prasadm&lt;/a&gt; for a review?&lt;/p&gt;

&lt;p&gt;A fine point:  Since configuration parameter hive.server2.transport.mode is deprecated (0.14.0) in favor of connection URL parameter transportMode, should this be reworded?&lt;/p&gt;

&lt;blockquote&gt;
&lt;p&gt;Support for delegation tokens with HiveServer2 binary transport mode hive.server2.transport.mode has been available starting 0.13.0 ...&lt;/p&gt;&lt;/blockquote&gt;

&lt;ul&gt;
	&lt;li&gt;&lt;a href=&quot;https://cwiki.apache.org/confluence/display/Hive/HiveServer2+Clients#HiveServer2Clients-ConnectionURLWhenHiveServer2IsRunninginHTTPMode&quot; class=&quot;external-link&quot; target=&quot;_blank&quot; rel=&quot;nofollow noopener&quot;&gt;deprecation notice for hive.server2.transport.mode &lt;/a&gt;&lt;/li&gt;
&lt;/ul&gt;
</comment>
                    </comments>
                <issuelinks>
                            <issuelinktype id="10030">
                    <name>Reference</name>
                                            <outwardlinks description="relates to">
                                        <issuelink>
            <issuekey id="12665668">HIVE-5155</issuekey>
        </issuelink>
                            </outwardlinks>
                                                                <inwardlinks description="is related to">
                                        <issuelink>
            <issuekey id="12938979">HIVE-13056</issuekey>
        </issuelink>
                            </inwardlinks>
                                    </issuelinktype>
                            <issuelinktype id="12310050">
                    <name>Regression</name>
                                            <outwardlinks description="breaks">
                                        <issuelink>
            <issuekey id="12947098">HIVE-13209</issuekey>
        </issuelink>
                            </outwardlinks>
                                                        </issuelinktype>
                    </issuelinks>
                <attachments>
                            <attachment id="12791535" name="HIVE-13169-branch-1.2.patch" size="45074" author="thejas" created="Fri, 4 Mar 2016 21:24:20 +0000"/>
                            <attachment id="12790198" name="HIVE-13169.1.patch" size="159465" author="vgumashta" created="Fri, 26 Feb 2016 19:16:48 +0000"/>
                            <attachment id="12790344" name="HIVE-13169.2.patch" size="49859" author="thejas" created="Sun, 28 Feb 2016 06:42:29 +0000"/>
                            <attachment id="12790421" name="HIVE-13169.3.patch" size="55978" author="thejas" created="Mon, 29 Feb 2016 07:04:15 +0000"/>
                            <attachment id="12790394" name="HIVE-13169.3.patch" size="55978" author="thejas" created="Mon, 29 Feb 2016 02:13:30 +0000"/>
                            <attachment id="12790504" name="HIVE-13169.4.patch" size="56018" author="thejas" created="Mon, 29 Feb 2016 16:19:07 +0000"/>
                            <attachment id="12790664" name="HIVE-13169.5.patch" size="55948" author="thejas" created="Tue, 1 Mar 2016 05:23:20 +0000"/>
                    </attachments>
                <subtasks>
                    </subtasks>
                <customfields>
                                                                            <customfield id="customfield_12310310" key="com.atlassian.jira.toolkit:attachments">
                        <customfieldname>Attachment count</customfieldname>
                        <customfieldvalues>
                            <customfieldvalue>7.0</customfieldvalue>
                        </customfieldvalues>
                    </customfield>
                                                                                                                                                                                                                                                                                                                                                                                                                                                                                                                                                                                                                                                                                                        <customfield id="customfield_12314020" key="com.atlassian.jira.plugins.jira-development-integration-plugin:devsummary">
                        <customfieldname>Development</customfieldname>
                        <customfieldvalues>
                            
                        </customfieldvalues>
                    </customfield>
                                                                                                                        <customfield id="customfield_12313422" key="com.atlassian.jirafisheyeplugin:jobcheckbox">
                        <customfieldname>Enable Automatic Patch Review</customfieldname>
                        <customfieldvalues>
                            <customfieldvalue><![CDATA[false]]></customfieldvalue>

                        </customfieldvalues>
                    </customfield>
                                                                                                                                                                                                                                                                                                                                                                                                                                                                                                                                                                                                                                                <customfield id="customfield_12310420" key="com.pyxis.greenhopper.jira:gh-global-rank">
                        <customfieldname>Global Rank</customfieldname>
                        <customfieldvalues>
                            <customfieldvalue>9223372036854775807</customfieldvalue>
                        </customfieldvalues>
                    </customfield>
                                                                                                                                                                                                                                                                    <customfield id="customfield_12312521" key="com.atlassian.jira.toolkit:LastCommentDate">
                        <customfieldname>Last public comment date</customfieldname>
                        <customfieldvalues>
                            9 years, 37 weeks, 4 days ago
                        </customfieldvalues>
                    </customfield>
                                                                                                                                                                                                                                                                                                <customfield id="customfield_12311820" key="com.pyxis.greenhopper.jira:gh-lexo-rank">
                        <customfieldname>Rank</customfieldname>
                        <customfieldvalues>
                            <customfieldvalue>0|i2tsrz:</customfieldvalue>

                        </customfieldvalues>
                    </customfield>
                                                                <customfield id="customfield_12310920" key="com.pyxis.greenhopper.jira:gh-global-rank">
                        <customfieldname>Rank (Obsolete)</customfieldname>
                        <customfieldvalues>
                            <customfieldvalue>9223372036854775807</customfieldvalue>
                        </customfieldvalues>
                    </customfield>
                                                                                                                                                                                                                                                                                                                                                                                                                                                                                                                                                                                                                                                                                                                                                                                                                                                                                </customfields>
    </item>
</channel>
</rss>