<!-- 
RSS generated by JIRA (8.20.10#820010-sha1:ace47f9899e9ee25d7157d59aa17ab06aee30d3d) at Wed Nov 12 18:44:06 UTC 2025

It is possible to restrict the fields that are returned in this document by specifying the 'field' parameter in your request.
For example, to request only the issue key and summary append 'field=key&field=summary' to the URL of your request.
-->
<rss version="0.92" >
<channel>
    <title>ASF Jira</title>
    <link>https://issues.apache.org/jira</link>
    <description>This file is an XML representation of an issue</description>
    <language>en-uk</language>    <build-info>
        <version>8.20.10</version>
        <build-number>820010</build-number>
        <build-date>22-06-2022</build-date>
    </build-info>


<item>
            <title>[HIVE-12963] LIMIT statement with SORT BY creates additional MR job with hardcoded only one reducer</title>
                <link>https://issues.apache.org/jira/browse/HIVE-12963</link>
                <project id="12310843" key="HIVE">Hive</project>
                    <description>&lt;p&gt;I execute query:&lt;/p&gt;

&lt;p&gt;hive&amp;gt; select age from test1 sort by age.age  limit 10;                      &lt;br/&gt;
Total jobs = 2&lt;br/&gt;
Launching Job 1 out of 2&lt;br/&gt;
Number of reduce tasks not specified. Estimated from input data size: 1&lt;br/&gt;
Launching Job 2 out of 2&lt;br/&gt;
Number of reduce tasks determined at compile time: 1&lt;/p&gt;

&lt;p&gt;When I have a large number of rows then the last stage of the job takes a long time. I think we could allow to user choose number of reducers of last job or refuse extra MR job.&lt;/p&gt;

&lt;p&gt;The same behavior I observed with querie:&lt;/p&gt;

&lt;p&gt;hive&amp;gt; create table new_test as select age from test1 group by age.age  limit 10;&lt;/p&gt;

</description>
                <environment></environment>
        <key id="12935208">HIVE-12963</key>
            <summary>LIMIT statement with SORT BY creates additional MR job with hardcoded only one reducer</summary>
                <type id="1" iconUrl="https://issues.apache.org/jira/secure/viewavatar?size=xsmall&amp;avatarId=21133&amp;avatarType=issuetype">Bug</type>
                                            <priority id="3" iconUrl="https://issues.apache.org/jira/images/icons/priorities/major.svg">Major</priority>
                        <status id="6" iconUrl="https://issues.apache.org/jira/images/icons/statuses/closed.png" description="The issue is considered finished, the resolution is correct. Issues which are not closed can be reopened.">Closed</status>
                    <statusCategory id="3" key="done" colorName="green"/>
                                    <resolution id="1">Fixed</resolution>
                                        <assignee username="alina.abramova">Alina Abramova</assignee>
                                    <reporter username="alina.abramova">Alina Abramova</reporter>
                        <labels>
                            <label>TODOC2.1</label>
                    </labels>
                <created>Fri, 29 Jan 2016 18:30:13 +0000</created>
                <updated>Tue, 24 Nov 2020 22:09:13 +0000</updated>
                            <resolved>Fri, 29 Apr 2016 19:14:50 +0000</resolved>
                                    <version>0.13.0</version>
                    <version>1.0.0</version>
                    <version>1.2.1</version>
                                    <fixVersion>2.1.0</fixVersion>
                                    <component>Hive</component>
                        <due></due>
                            <votes>0</votes>
                                    <watches>6</watches>
                                                                                                                <comments>
                            <comment id="15124000" author="sershe" created="Fri, 29 Jan 2016 19:05:36 +0000"  >&lt;p&gt;I believe it&apos;s caused by the fact that Hive doesn&apos;t perform the sort, and relies on MR to sort the data; which means that any job with order by has to have one reducer at some point, so that all the data is sorted together. On non-MR engines like Tez it&apos;s less of a problem.&lt;/p&gt;</comment>
                            <comment id="15124823" author="alina.abramova" created="Sat, 30 Jan 2016 09:44:32 +0000"  >&lt;p&gt;But I see that if line with creating of genReduceSinkPlan in method genLimitMapRedPlan is commented then finish set is sorted too. It means that we could refuse the creating of extra job, and do sorting in the same MR job, doesn&apos;t it?&lt;/p&gt;</comment>
                            <comment id="15125272" author="hiveqa" created="Sun, 31 Jan 2016 10:03:05 +0000"  >

&lt;p&gt;Here are the results of testing the latest attachment:&lt;br/&gt;
&lt;a href=&quot;https://issues.apache.org/jira/secure/attachment/12785214/HIVE-12963.1.patch&quot; class=&quot;external-link&quot; rel=&quot;nofollow&quot;&gt;https://issues.apache.org/jira/secure/attachment/12785214/HIVE-12963.1.patch&lt;/a&gt;&lt;/p&gt;

&lt;p&gt;&lt;font color=&quot;red&quot;&gt;ERROR:&lt;/font&gt; -1 due to build exiting with an error&lt;/p&gt;

&lt;p&gt;Test results: &lt;a href=&quot;http://ec2-174-129-184-35.compute-1.amazonaws.com/jenkins/job/PreCommit-HIVE-TRUNK-Build/6812/testReport&quot; class=&quot;external-link&quot; target=&quot;_blank&quot; rel=&quot;nofollow noopener&quot;&gt;http://ec2-174-129-184-35.compute-1.amazonaws.com/jenkins/job/PreCommit-HIVE-TRUNK-Build/6812/testReport&lt;/a&gt;&lt;br/&gt;
Console output: &lt;a href=&quot;http://ec2-174-129-184-35.compute-1.amazonaws.com/jenkins/job/PreCommit-HIVE-TRUNK-Build/6812/console&quot; class=&quot;external-link&quot; target=&quot;_blank&quot; rel=&quot;nofollow noopener&quot;&gt;http://ec2-174-129-184-35.compute-1.amazonaws.com/jenkins/job/PreCommit-HIVE-TRUNK-Build/6812/console&lt;/a&gt;&lt;br/&gt;
Test logs: &lt;a href=&quot;http://ec2-174-129-184-35.compute-1.amazonaws.com/logs/PreCommit-HIVE-TRUNK-Build-6812/&quot; class=&quot;external-link&quot; target=&quot;_blank&quot; rel=&quot;nofollow noopener&quot;&gt;http://ec2-174-129-184-35.compute-1.amazonaws.com/logs/PreCommit-HIVE-TRUNK-Build-6812/&lt;/a&gt;&lt;/p&gt;

&lt;p&gt;Messages:&lt;/p&gt;
&lt;div class=&quot;preformatted panel&quot; style=&quot;border-width: 1px;&quot;&gt;&lt;div class=&quot;preformattedContent panelContent&quot;&gt;
&lt;pre&gt;**** This message was trimmed, see log for full details ****
[INFO]                                                                         
[INFO] ------------------------------------------------------------------------
[INFO] Building Hive ORC 2.1.0-SNAPSHOT
[INFO] ------------------------------------------------------------------------
[INFO] 
[INFO] --- maven-clean-plugin:2.5:clean (default-clean) @ hive-orc ---
[INFO] Deleting /data/hive-ptest/working/apache-github-source-source/orc/target
[INFO] Deleting /data/hive-ptest/working/apache-github-source-source/orc (includes = [datanucleus.log, derby.log], excludes = [])
[INFO] 
[INFO] --- maven-enforcer-plugin:1.3.1:enforce (enforce-no-snapshots) @ hive-orc ---
[INFO] 
[INFO] --- build-helper-maven-plugin:1.8:add-source (add-source) @ hive-orc ---
[INFO] Source directory: /data/hive-ptest/working/apache-github-source-source/orc/src/gen/protobuf-java added.
[INFO] 
[INFO] --- maven-remote-resources-plugin:1.5:process (default) @ hive-orc ---
[INFO] 
[INFO] --- maven-resources-plugin:2.6:resources (default-resources) @ hive-orc ---
[INFO] Using &apos;UTF-8&apos; encoding to copy filtered resources.
[INFO] skip non existing resourceDirectory /data/hive-ptest/working/apache-github-source-source/orc/src/main/resources
[INFO] Copying 3 resources
[INFO] 
[INFO] --- maven-antrun-plugin:1.7:run (define-classpath) @ hive-orc ---
[INFO] Executing tasks

main:
[INFO] Executed tasks
[INFO] 
[INFO] --- maven-compiler-plugin:3.1:compile (default-compile) @ hive-orc ---
[INFO] Compiling 60 source files to /data/hive-ptest/working/apache-github-source-source/orc/target/classes
[INFO] 
[INFO] --- maven-resources-plugin:2.6:testResources (default-testResources) @ hive-orc ---
[INFO] Using &apos;UTF-8&apos; encoding to copy filtered resources.
[INFO] skip non existing resourceDirectory /data/hive-ptest/working/apache-github-source-source/orc/src/test/resources
[INFO] Copying 3 resources
[INFO] 
[INFO] --- maven-antrun-plugin:1.7:run (setup-test-dirs) @ hive-orc ---
[INFO] Executing tasks

main:
    [mkdir] Created dir: /data/hive-ptest/working/apache-github-source-source/orc/target/tmp
    [mkdir] Created dir: /data/hive-ptest/working/apache-github-source-source/orc/target/warehouse
    [mkdir] Created dir: /data/hive-ptest/working/apache-github-source-source/orc/target/tmp/conf
     [copy] Copying 16 files to /data/hive-ptest/working/apache-github-source-source/orc/target/tmp/conf
[INFO] Executed tasks
[INFO] 
[INFO] --- maven-compiler-plugin:3.1:testCompile (default-testCompile) @ hive-orc ---
[INFO] Compiling 12 source files to /data/hive-ptest/working/apache-github-source-source/orc/target/test-classes
[WARNING] /data/hive-ptest/working/apache-github-source-source/orc/src/test/org/apache/orc/impl/TestRunLengthIntegerReader.java: Some input files use or override a deprecated API.
[WARNING] /data/hive-ptest/working/apache-github-source-source/orc/src/test/org/apache/orc/impl/TestRunLengthIntegerReader.java: Recompile with -Xlint:deprecation for details.
[INFO] 
[INFO] --- maven-surefire-plugin:2.16:test (default-test) @ hive-orc ---
[INFO] Tests are skipped.
[INFO] 
[INFO] --- maven-jar-plugin:2.2:jar (default-jar) @ hive-orc ---
[INFO] Building jar: /data/hive-ptest/working/apache-github-source-source/orc/target/hive-orc-2.1.0-SNAPSHOT.jar
[INFO] 
[INFO] --- maven-site-plugin:3.3:attach-descriptor (attach-descriptor) @ hive-orc ---
[INFO] 
[INFO] --- maven-install-plugin:2.4:install (default-install) @ hive-orc ---
[INFO] Installing /data/hive-ptest/working/apache-github-source-source/orc/target/hive-orc-2.1.0-SNAPSHOT.jar to /data/hive-ptest/working/maven/org/apache/hive/hive-orc/2.1.0-SNAPSHOT/hive-orc-2.1.0-SNAPSHOT.jar
[INFO] Installing /data/hive-ptest/working/apache-github-source-source/orc/pom.xml to /data/hive-ptest/working/maven/org/apache/hive/hive-orc/2.1.0-SNAPSHOT/hive-orc-2.1.0-SNAPSHOT.pom
[INFO]                                                                         
[INFO] ------------------------------------------------------------------------
[INFO] Building Hive Common 2.1.0-SNAPSHOT
[INFO] ------------------------------------------------------------------------
[INFO] 
[INFO] --- maven-clean-plugin:2.5:clean (default-clean) @ hive-common ---
[INFO] Deleting /data/hive-ptest/working/apache-github-source-source/common/target
[INFO] Deleting /data/hive-ptest/working/apache-github-source-source/common (includes = [datanucleus.log, derby.log], excludes = [])
[INFO] 
[INFO] --- maven-enforcer-plugin:1.3.1:enforce (enforce-no-snapshots) @ hive-common ---
[INFO] 
[INFO] --- maven-antrun-plugin:1.7:run (generate-version-annotation) @ hive-common ---
[INFO] Executing tasks

main:
[INFO] Executed tasks
[INFO] 
[INFO] --- build-helper-maven-plugin:1.8:add-source (add-source) @ hive-common ---
[INFO] Source directory: /data/hive-ptest/working/apache-github-source-source/common/src/gen added.
[INFO] 
[INFO] --- maven-remote-resources-plugin:1.5:process (default) @ hive-common ---
[INFO] 
[INFO] --- maven-resources-plugin:2.6:resources (default-resources) @ hive-common ---
[INFO] Using &apos;UTF-8&apos; encoding to copy filtered resources.
[INFO] Copying 1 resource
[INFO] Copying 3 resources
[INFO] 
[INFO] --- maven-antrun-plugin:1.7:run (define-classpath) @ hive-common ---
[INFO] Executing tasks

main:
[INFO] Executed tasks
[INFO] 
[INFO] --- maven-compiler-plugin:3.1:compile (default-compile) @ hive-common ---
[INFO] Compiling 83 source files to /data/hive-ptest/working/apache-github-source-source/common/target/classes
[INFO] -------------------------------------------------------------
[WARNING] COMPILATION WARNING : 
[INFO] -------------------------------------------------------------
[WARNING] /data/hive-ptest/working/apache-github-source-source/common/src/java/org/apache/hadoop/hive/common/JvmPauseMonitor.java: Some input files use or override a deprecated API.
[WARNING] /data/hive-ptest/working/apache-github-source-source/common/src/java/org/apache/hadoop/hive/common/JvmPauseMonitor.java: Recompile with -Xlint:deprecation for details.
[WARNING] /data/hive-ptest/working/apache-github-source-source/common/src/java/org/apache/hadoop/hive/common/ObjectPair.java: Some input files use unchecked or unsafe operations.
[WARNING] /data/hive-ptest/working/apache-github-source-source/common/src/java/org/apache/hadoop/hive/common/ObjectPair.java: Recompile with -Xlint:unchecked for details.
[INFO] 4 warnings 
[INFO] -------------------------------------------------------------
[INFO] -------------------------------------------------------------
[ERROR] COMPILATION ERROR : 
[INFO] -------------------------------------------------------------
[ERROR] /data/hive-ptest/working/apache-github-source-source/common/src/java/org/apache/hadoop/hive/conf/HiveConf.java:[891,33] no suitable constructor found for ConfVars(java.lang.String,boolean)
    constructor org.apache.hadoop.hive.conf.HiveConf.ConfVars.ConfVars(java.lang.String,java.lang.Object,org.apache.hadoop.hive.conf.Validator,java.lang.String,boolean,boolean,java.lang.String) is not applicable
      (actual and formal argument lists differ in length)
    constructor org.apache.hadoop.hive.conf.HiveConf.ConfVars.ConfVars(java.lang.String,java.lang.Object,org.apache.hadoop.hive.conf.Validator,java.lang.String) is not applicable
      (actual and formal argument lists differ in length)
    constructor org.apache.hadoop.hive.conf.HiveConf.ConfVars.ConfVars(java.lang.String,java.lang.String,boolean,java.lang.String) is not applicable
      (actual and formal argument lists differ in length)
    constructor org.apache.hadoop.hive.conf.HiveConf.ConfVars.ConfVars(java.lang.String,java.lang.Object,java.lang.String,boolean) is not applicable
      (actual and formal argument lists differ in length)
    constructor org.apache.hadoop.hive.conf.HiveConf.ConfVars.ConfVars(java.lang.String,java.lang.Object,org.apache.hadoop.hive.conf.Validator,java.lang.String,java.lang.String) is not applicable
      (actual and formal argument lists differ in length)
    constructor org.apache.hadoop.hive.conf.HiveConf.ConfVars.ConfVars(java.lang.String,java.lang.Object,java.lang.String,java.lang.String) is not applicable
      (actual and formal argument lists differ in length)
    constructor org.apache.hadoop.hive.conf.HiveConf.ConfVars.ConfVars(java.lang.String,java.lang.Object,java.lang.String) is not applicable
      (actual and formal argument lists differ in length)
[INFO] 1 error
[INFO] -------------------------------------------------------------
[INFO] ------------------------------------------------------------------------
[INFO] Reactor Summary:
[INFO] 
[INFO] Hive .............................................. SUCCESS [10.562s]
[INFO] Hive Shims Common ................................. SUCCESS [18.824s]
[INFO] Hive Shims 0.23 ................................... SUCCESS [13.306s]
[INFO] Hive Shims Scheduler .............................. SUCCESS [2.778s]
[INFO] Hive Shims ........................................ SUCCESS [2.445s]
[INFO] Hive Storage API .................................. SUCCESS [6.746s]
[INFO] Hive ORC .......................................... SUCCESS [12.484s]
[INFO] Hive Common ....................................... FAILURE [22.249s]
[INFO] Hive Serde ........................................ SKIPPED
[INFO] Hive Metastore .................................... SKIPPED
[INFO] Hive Ant Utilities ................................ SKIPPED
[INFO] Hive Llap Client .................................. SKIPPED
[INFO] Hive Service RPC .................................. SKIPPED
[INFO] Spark Remote Client ............................... SKIPPED
[INFO] Hive Query Language ............................... SKIPPED
[INFO] Hive Service ...................................... SKIPPED
[INFO] Hive Accumulo Handler ............................. SKIPPED
[INFO] Hive JDBC ......................................... SKIPPED
[INFO] Hive Beeline ...................................... SKIPPED
[INFO] Hive CLI .......................................... SKIPPED
[INFO] Hive Contrib ...................................... SKIPPED
[INFO] Hive HBase Handler ................................ SKIPPED
[INFO] Hive HCatalog ..................................... SKIPPED
[INFO] Hive HCatalog Core ................................ SKIPPED
[INFO] Hive HCatalog Pig Adapter ......................... SKIPPED
[INFO] Hive HCatalog Server Extensions ................... SKIPPED
[INFO] Hive HCatalog Webhcat Java Client ................. SKIPPED
[INFO] Hive HCatalog Webhcat ............................. SKIPPED
[INFO] Hive HCatalog Streaming ........................... SKIPPED
[INFO] Hive HPL/SQL ...................................... SKIPPED
[INFO] Hive HWI .......................................... SKIPPED
[INFO] Hive ODBC ......................................... SKIPPED
[INFO] Hive Llap Server .................................. SKIPPED
[INFO] Hive Shims Aggregator ............................. SKIPPED
[INFO] Hive TestUtils .................................... SKIPPED
[INFO] Hive Packaging .................................... SKIPPED
[INFO] ------------------------------------------------------------------------
[INFO] BUILD FAILURE
[INFO] ------------------------------------------------------------------------
[INFO] Total time: 1:33.226s
[INFO] Finished at: Sun Jan 31 05:03:04 EST 2016
[INFO] Final Memory: 55M/189M
[INFO] ------------------------------------------------------------------------
[WARNING] The requested profile &quot;hadoop-2&quot; could not be activated because it does not exist.
[ERROR] Failed to execute goal org.apache.maven.plugins:maven-compiler-plugin:3.1:compile (default-compile) on project hive-common: Compilation failure
[ERROR] /data/hive-ptest/working/apache-github-source-source/common/src/java/org/apache/hadoop/hive/conf/HiveConf.java:[891,33] no suitable constructor found for ConfVars(java.lang.String,boolean)
[ERROR] constructor org.apache.hadoop.hive.conf.HiveConf.ConfVars.ConfVars(java.lang.String,java.lang.Object,org.apache.hadoop.hive.conf.Validator,java.lang.String,boolean,boolean,java.lang.String) is not applicable
[ERROR] (actual and formal argument lists differ in length)
[ERROR] constructor org.apache.hadoop.hive.conf.HiveConf.ConfVars.ConfVars(java.lang.String,java.lang.Object,org.apache.hadoop.hive.conf.Validator,java.lang.String) is not applicable
[ERROR] (actual and formal argument lists differ in length)
[ERROR] constructor org.apache.hadoop.hive.conf.HiveConf.ConfVars.ConfVars(java.lang.String,java.lang.String,boolean,java.lang.String) is not applicable
[ERROR] (actual and formal argument lists differ in length)
[ERROR] constructor org.apache.hadoop.hive.conf.HiveConf.ConfVars.ConfVars(java.lang.String,java.lang.Object,java.lang.String,boolean) is not applicable
[ERROR] (actual and formal argument lists differ in length)
[ERROR] constructor org.apache.hadoop.hive.conf.HiveConf.ConfVars.ConfVars(java.lang.String,java.lang.Object,org.apache.hadoop.hive.conf.Validator,java.lang.String,java.lang.String) is not applicable
[ERROR] (actual and formal argument lists differ in length)
[ERROR] constructor org.apache.hadoop.hive.conf.HiveConf.ConfVars.ConfVars(java.lang.String,java.lang.Object,java.lang.String,java.lang.String) is not applicable
[ERROR] (actual and formal argument lists differ in length)
[ERROR] constructor org.apache.hadoop.hive.conf.HiveConf.ConfVars.ConfVars(java.lang.String,java.lang.Object,java.lang.String) is not applicable
[ERROR] (actual and formal argument lists differ in length)
[ERROR] -&amp;gt; [Help 1]
[ERROR] 
[ERROR] To see the full stack trace of the errors, re-run Maven with the -e switch.
[ERROR] Re-run Maven using the -X switch to enable full debug logging.
[ERROR] 
[ERROR] For more information about the errors and possible solutions, please read the following articles:
[ERROR] [Help 1] http://cwiki.apache.org/confluence/display/MAVEN/MojoFailureException
[ERROR] 
[ERROR] After correcting the problems, you can resume the build with the command
[ERROR]   mvn &amp;lt;goals&amp;gt; -rf :hive-common
+ exit 1
&apos;
&lt;/pre&gt;
&lt;/div&gt;&lt;/div&gt;

&lt;p&gt;This message is automatically generated.&lt;/p&gt;

&lt;p&gt;ATTACHMENT ID: 12785214 - PreCommit-HIVE-TRUNK-Build&lt;/p&gt;</comment>
                            <comment id="15127705" author="hiveqa" created="Tue, 2 Feb 2016 05:46:54 +0000"  >

&lt;p&gt;Here are the results of testing the latest attachment:&lt;br/&gt;
&lt;a href=&quot;https://issues.apache.org/jira/secure/attachment/12785501/HIVE-12963.2.patch&quot; class=&quot;external-link&quot; rel=&quot;nofollow&quot;&gt;https://issues.apache.org/jira/secure/attachment/12785501/HIVE-12963.2.patch&lt;/a&gt;&lt;/p&gt;

&lt;p&gt;&lt;font color=&quot;red&quot;&gt;ERROR:&lt;/font&gt; -1 due to no test(s) being added or modified.&lt;/p&gt;

&lt;p&gt;&lt;font color=&quot;red&quot;&gt;ERROR:&lt;/font&gt; -1 due to 11 failed/errored test(s), 10018 tests executed&lt;br/&gt;
&lt;b&gt;Failed tests:&lt;/b&gt;&lt;/p&gt;
&lt;div class=&quot;preformatted panel&quot; style=&quot;border-width: 1px;&quot;&gt;&lt;div class=&quot;preformattedContent panelContent&quot;&gt;
&lt;pre&gt;TestMiniTezCliDriver-orc_merge5.q-vectorization_limit.q-tez_dynpart_hashjoin_1.q-and-12-more - did not produce a TEST-*.xml file
TestSparkCliDriver-timestamp_lazy.q-bucketsortoptimize_insert_4.q-date_udf.q-and-12-more - did not produce a TEST-*.xml file
org.apache.hadoop.hive.cli.TestNegativeCliDriver.testNegativeCliDriver_authorization_uri_import
org.apache.hadoop.hive.metastore.TestHiveMetaStorePartitionSpecs.testAddPartitions
org.apache.hadoop.hive.metastore.TestHiveMetaStorePartitionSpecs.testFetchingPartitionsWithDifferentSchemas
org.apache.hadoop.hive.metastore.TestHiveMetaStorePartitionSpecs.testGetPartitionSpecs_WithAndWithoutPartitionGrouping
org.apache.hadoop.hive.ql.lockmgr.TestDbTxnManager2.createTable
org.apache.hadoop.hive.ql.lockmgr.TestDbTxnManager2.testLockRetryLimit
org.apache.hadoop.hive.ql.lockmgr.TestDbTxnManager2.updateSelectUpdate
org.apache.hive.jdbc.TestSSL.testSSLVersion
org.apache.hive.service.cli.TestEmbeddedThriftBinaryCLIService.testExecuteStatementAsync
&lt;/pre&gt;
&lt;/div&gt;&lt;/div&gt;

&lt;p&gt;Test results: &lt;a href=&quot;http://ec2-174-129-184-35.compute-1.amazonaws.com/jenkins/job/PreCommit-HIVE-TRUNK-Build/6832/testReport&quot; class=&quot;external-link&quot; target=&quot;_blank&quot; rel=&quot;nofollow noopener&quot;&gt;http://ec2-174-129-184-35.compute-1.amazonaws.com/jenkins/job/PreCommit-HIVE-TRUNK-Build/6832/testReport&lt;/a&gt;&lt;br/&gt;
Console output: &lt;a href=&quot;http://ec2-174-129-184-35.compute-1.amazonaws.com/jenkins/job/PreCommit-HIVE-TRUNK-Build/6832/console&quot; class=&quot;external-link&quot; target=&quot;_blank&quot; rel=&quot;nofollow noopener&quot;&gt;http://ec2-174-129-184-35.compute-1.amazonaws.com/jenkins/job/PreCommit-HIVE-TRUNK-Build/6832/console&lt;/a&gt;&lt;br/&gt;
Test logs: &lt;a href=&quot;http://ec2-174-129-184-35.compute-1.amazonaws.com/logs/PreCommit-HIVE-TRUNK-Build-6832/&quot; class=&quot;external-link&quot; target=&quot;_blank&quot; rel=&quot;nofollow noopener&quot;&gt;http://ec2-174-129-184-35.compute-1.amazonaws.com/logs/PreCommit-HIVE-TRUNK-Build-6832/&lt;/a&gt;&lt;/p&gt;

&lt;p&gt;Messages:&lt;/p&gt;
&lt;div class=&quot;preformatted panel&quot; style=&quot;border-width: 1px;&quot;&gt;&lt;div class=&quot;preformattedContent panelContent&quot;&gt;
&lt;pre&gt;Executing org.apache.hive.ptest.execution.TestCheckPhase
Executing org.apache.hive.ptest.execution.PrepPhase
Executing org.apache.hive.ptest.execution.ExecutionPhase
Executing org.apache.hive.ptest.execution.ReportingPhase
Tests exited with: TestsFailedException: 11 tests failed
&lt;/pre&gt;
&lt;/div&gt;&lt;/div&gt;

&lt;p&gt;This message is automatically generated.&lt;/p&gt;

&lt;p&gt;ATTACHMENT ID: 12785501 - PreCommit-HIVE-TRUNK-Build&lt;/p&gt;</comment>
                            <comment id="15135736" author="hiveqa" created="Sat, 6 Feb 2016 11:32:41 +0000"  >

&lt;p&gt;Here are the results of testing the latest attachment:&lt;br/&gt;
&lt;a href=&quot;https://issues.apache.org/jira/secure/attachment/12786299/HIVE-12963.3.patch&quot; class=&quot;external-link&quot; rel=&quot;nofollow&quot;&gt;https://issues.apache.org/jira/secure/attachment/12786299/HIVE-12963.3.patch&lt;/a&gt;&lt;/p&gt;

&lt;p&gt;&lt;font color=&quot;red&quot;&gt;ERROR:&lt;/font&gt; -1 due to no test(s) being added or modified.&lt;/p&gt;

&lt;p&gt;&lt;font color=&quot;red&quot;&gt;ERROR:&lt;/font&gt; -1 due to 80 failed/errored test(s), 10052 tests executed&lt;br/&gt;
&lt;b&gt;Failed tests:&lt;/b&gt;&lt;/p&gt;
&lt;div class=&quot;preformatted panel&quot; style=&quot;border-width: 1px;&quot;&gt;&lt;div class=&quot;preformattedContent panelContent&quot;&gt;
&lt;pre&gt;org.apache.hadoop.hive.cli.TestCliDriver.testCliDriver_annotate_stats_select
org.apache.hadoop.hive.cli.TestCliDriver.testCliDriver_cbo_SortUnionTransposeRule
org.apache.hadoop.hive.cli.TestCliDriver.testCliDriver_char_union1
org.apache.hadoop.hive.cli.TestCliDriver.testCliDriver_ctas
org.apache.hadoop.hive.cli.TestCliDriver.testCliDriver_ctas_colname
org.apache.hadoop.hive.cli.TestCliDriver.testCliDriver_dynpart_sort_opt_vectorization
org.apache.hadoop.hive.cli.TestCliDriver.testCliDriver_dynpart_sort_optimization
org.apache.hadoop.hive.cli.TestCliDriver.testCliDriver_groupby1_limit
org.apache.hadoop.hive.cli.TestCliDriver.testCliDriver_input11_limit
org.apache.hadoop.hive.cli.TestCliDriver.testCliDriver_input14_limit
org.apache.hadoop.hive.cli.TestCliDriver.testCliDriver_input1_limit
org.apache.hadoop.hive.cli.TestCliDriver.testCliDriver_input25
org.apache.hadoop.hive.cli.TestCliDriver.testCliDriver_input26
org.apache.hadoop.hive.cli.TestCliDriver.testCliDriver_input3_limit
org.apache.hadoop.hive.cli.TestCliDriver.testCliDriver_input4_limit
org.apache.hadoop.hive.cli.TestCliDriver.testCliDriver_input_part10
org.apache.hadoop.hive.cli.TestCliDriver.testCliDriver_insert_into3
org.apache.hadoop.hive.cli.TestCliDriver.testCliDriver_insert_into4
org.apache.hadoop.hive.cli.TestCliDriver.testCliDriver_insert_into5
org.apache.hadoop.hive.cli.TestCliDriver.testCliDriver_insert_into6
org.apache.hadoop.hive.cli.TestCliDriver.testCliDriver_lateral_view
org.apache.hadoop.hive.cli.TestCliDriver.testCliDriver_lateral_view_noalias
org.apache.hadoop.hive.cli.TestCliDriver.testCliDriver_lateral_view_onview
org.apache.hadoop.hive.cli.TestCliDriver.testCliDriver_limit0
org.apache.hadoop.hive.cli.TestCliDriver.testCliDriver_limit_join_transpose
org.apache.hadoop.hive.cli.TestCliDriver.testCliDriver_limit_pushdown
org.apache.hadoop.hive.cli.TestCliDriver.testCliDriver_limit_pushdown_negative
org.apache.hadoop.hive.cli.TestCliDriver.testCliDriver_load_dyn_part14
org.apache.hadoop.hive.cli.TestCliDriver.testCliDriver_merge4
org.apache.hadoop.hive.cli.TestCliDriver.testCliDriver_nonreserved_keywords_insert_into1
org.apache.hadoop.hive.cli.TestCliDriver.testCliDriver_offset_limit_ppd_optimizer
org.apache.hadoop.hive.cli.TestCliDriver.testCliDriver_optimize_nullscan
org.apache.hadoop.hive.cli.TestCliDriver.testCliDriver_orc_predicate_pushdown
org.apache.hadoop.hive.cli.TestCliDriver.testCliDriver_parquet_mixed_partition_formats2
org.apache.hadoop.hive.cli.TestCliDriver.testCliDriver_parquet_predicate_pushdown
org.apache.hadoop.hive.cli.TestCliDriver.testCliDriver_script_pipe
org.apache.hadoop.hive.cli.TestCliDriver.testCliDriver_udtf_explode
org.apache.hadoop.hive.cli.TestCliDriver.testCliDriver_union3
org.apache.hadoop.hive.cli.TestCliDriver.testCliDriver_unionDistinct_1
org.apache.hadoop.hive.cli.TestCliDriver.testCliDriver_union_remove_25
org.apache.hadoop.hive.cli.TestCliDriver.testCliDriver_union_top_level
org.apache.hadoop.hive.cli.TestCliDriver.testCliDriver_varchar_union1
org.apache.hadoop.hive.cli.TestCliDriver.testCliDriver_vector_char_simple
org.apache.hadoop.hive.cli.TestCliDriver.testCliDriver_vector_partitioned_date_time
org.apache.hadoop.hive.cli.TestCliDriver.testCliDriver_vector_varchar_simple
org.apache.hadoop.hive.cli.TestMiniLlapCliDriver.testCliDriver_constprog_dpp
org.apache.hadoop.hive.cli.TestMiniSparkOnYarnCliDriver.testCliDriver_vector_outer_join5
org.apache.hadoop.hive.cli.TestMiniTezCliDriver.testCliDriver_constprog_dpp
org.apache.hadoop.hive.cli.TestMiniTezCliDriver.testCliDriver_ctas
org.apache.hadoop.hive.cli.TestMiniTezCliDriver.testCliDriver_dynpart_sort_opt_vectorization
org.apache.hadoop.hive.cli.TestMiniTezCliDriver.testCliDriver_dynpart_sort_optimization
org.apache.hadoop.hive.cli.TestMiniTezCliDriver.testCliDriver_explainuser_1
org.apache.hadoop.hive.cli.TestMiniTezCliDriver.testCliDriver_limit_pushdown
org.apache.hadoop.hive.cli.TestMiniTezCliDriver.testCliDriver_optimize_nullscan
org.apache.hadoop.hive.cli.TestMiniTezCliDriver.testCliDriver_script_pipe
org.apache.hadoop.hive.cli.TestMiniTezCliDriver.testCliDriver_tez_dynpart_hashjoin_3
org.apache.hadoop.hive.cli.TestMiniTezCliDriver.testCliDriver_union3
org.apache.hadoop.hive.cli.TestMiniTezCliDriver.testCliDriver_unionDistinct_1
org.apache.hadoop.hive.cli.TestMiniTezCliDriver.testCliDriver_vector_char_simple
org.apache.hadoop.hive.cli.TestMiniTezCliDriver.testCliDriver_vector_partitioned_date_time
org.apache.hadoop.hive.cli.TestMiniTezCliDriver.testCliDriver_vector_varchar_simple
org.apache.hadoop.hive.cli.TestNegativeCliDriver.testNegativeCliDriver_authorization_uri_import
org.apache.hadoop.hive.cli.TestSparkCliDriver.testCliDriver_ctas
org.apache.hadoop.hive.cli.TestSparkCliDriver.testCliDriver_input1_limit
org.apache.hadoop.hive.cli.TestSparkCliDriver.testCliDriver_insert_into3
org.apache.hadoop.hive.cli.TestSparkCliDriver.testCliDriver_limit_pushdown
org.apache.hadoop.hive.cli.TestSparkCliDriver.testCliDriver_load_dyn_part14
org.apache.hadoop.hive.cli.TestSparkCliDriver.testCliDriver_optimize_nullscan
org.apache.hadoop.hive.cli.TestSparkCliDriver.testCliDriver_script_env_var2
org.apache.hadoop.hive.cli.TestSparkCliDriver.testCliDriver_script_pipe
org.apache.hadoop.hive.cli.TestSparkCliDriver.testCliDriver_union3
org.apache.hadoop.hive.cli.TestSparkCliDriver.testCliDriver_union_remove_25
org.apache.hadoop.hive.cli.TestSparkCliDriver.testCliDriver_union_top_level
org.apache.hadoop.hive.ql.TestTxnCommands2.testBucketizedInputFormat
org.apache.hadoop.hive.ql.TestTxnCommands2.testDeleteIn
org.apache.hadoop.hive.ql.TestTxnCommands2.testInitiatorWithMultipleFailedCompactions
org.apache.hadoop.hive.ql.TestTxnCommands2.testOrcNoPPD
org.apache.hadoop.hive.ql.TestTxnCommands2.testOrcPPD
org.apache.hadoop.hive.ql.TestTxnCommands2.testUpdateMixedCase
org.apache.hive.jdbc.TestSSL.testSSLVersion
&lt;/pre&gt;
&lt;/div&gt;&lt;/div&gt;

&lt;p&gt;Test results: &lt;a href=&quot;http://ec2-174-129-184-35.compute-1.amazonaws.com/jenkins/job/PreCommit-HIVE-TRUNK-Build/6884/testReport&quot; class=&quot;external-link&quot; target=&quot;_blank&quot; rel=&quot;nofollow noopener&quot;&gt;http://ec2-174-129-184-35.compute-1.amazonaws.com/jenkins/job/PreCommit-HIVE-TRUNK-Build/6884/testReport&lt;/a&gt;&lt;br/&gt;
Console output: &lt;a href=&quot;http://ec2-174-129-184-35.compute-1.amazonaws.com/jenkins/job/PreCommit-HIVE-TRUNK-Build/6884/console&quot; class=&quot;external-link&quot; target=&quot;_blank&quot; rel=&quot;nofollow noopener&quot;&gt;http://ec2-174-129-184-35.compute-1.amazonaws.com/jenkins/job/PreCommit-HIVE-TRUNK-Build/6884/console&lt;/a&gt;&lt;br/&gt;
Test logs: &lt;a href=&quot;http://ec2-174-129-184-35.compute-1.amazonaws.com/logs/PreCommit-HIVE-TRUNK-Build-6884/&quot; class=&quot;external-link&quot; target=&quot;_blank&quot; rel=&quot;nofollow noopener&quot;&gt;http://ec2-174-129-184-35.compute-1.amazonaws.com/logs/PreCommit-HIVE-TRUNK-Build-6884/&lt;/a&gt;&lt;/p&gt;

&lt;p&gt;Messages:&lt;/p&gt;
&lt;div class=&quot;preformatted panel&quot; style=&quot;border-width: 1px;&quot;&gt;&lt;div class=&quot;preformattedContent panelContent&quot;&gt;
&lt;pre&gt;Executing org.apache.hive.ptest.execution.TestCheckPhase
Executing org.apache.hive.ptest.execution.PrepPhase
Executing org.apache.hive.ptest.execution.ExecutionPhase
Executing org.apache.hive.ptest.execution.ReportingPhase
Tests exited with: TestsFailedException: 80 tests failed
&lt;/pre&gt;
&lt;/div&gt;&lt;/div&gt;

&lt;p&gt;This message is automatically generated.&lt;/p&gt;

&lt;p&gt;ATTACHMENT ID: 12786299 - PreCommit-HIVE-TRUNK-Build&lt;/p&gt;</comment>
                            <comment id="15142481" author="hiveqa" created="Thu, 11 Feb 2016 09:51:49 +0000"  >

&lt;p&gt;Here are the results of testing the latest attachment:&lt;br/&gt;
&lt;a href=&quot;https://issues.apache.org/jira/secure/attachment/12787156/HIVE-12963.4.patch&quot; class=&quot;external-link&quot; rel=&quot;nofollow&quot;&gt;https://issues.apache.org/jira/secure/attachment/12787156/HIVE-12963.4.patch&lt;/a&gt;&lt;/p&gt;

&lt;p&gt;&lt;font color=&quot;green&quot;&gt;SUCCESS:&lt;/font&gt; +1 due to 5 test(s) being added or modified.&lt;/p&gt;

&lt;p&gt;&lt;font color=&quot;red&quot;&gt;ERROR:&lt;/font&gt; -1 due to 14 failed/errored test(s), 9758 tests executed&lt;br/&gt;
&lt;b&gt;Failed tests:&lt;/b&gt;&lt;/p&gt;
&lt;div class=&quot;preformatted panel&quot; style=&quot;border-width: 1px;&quot;&gt;&lt;div class=&quot;preformattedContent panelContent&quot;&gt;
&lt;pre&gt;TestCliDriver-ppd_union.q-udf_var_samp.q-custom_input_output_format.q-and-12-more - did not produce a TEST-*.xml file
org.apache.hadoop.hive.cli.TestCliDriver.testCliDriver_groupby1_limit
org.apache.hadoop.hive.cli.TestCliDriver.testCliDriver_groupby_limit_extrastep
org.apache.hadoop.hive.cli.TestCliDriver.testCliDriver_input_extrastep
org.apache.hadoop.hive.cli.TestCliDriver.testCliDriver_input_limit_extrastep
org.apache.hadoop.hive.cli.TestCliDriver.testCliDriver_limit_pushdown
org.apache.hadoop.hive.cli.TestCliDriver.testCliDriver_limit_pushdown_extrastep
org.apache.hadoop.hive.cli.TestMiniTezCliDriver.org.apache.hadoop.hive.cli.TestMiniTezCliDriver
org.apache.hadoop.hive.cli.TestMiniTezCliDriver.testCliDriver_dynamic_partition_pruning_2
org.apache.hadoop.hive.cli.TestMiniTezCliDriver.testCliDriver_limit_pushdown
org.apache.hadoop.hive.cli.TestMiniTezCliDriver.testCliDriver_schema_evol_orc_acidvec_mapwork_part
org.apache.hadoop.hive.cli.TestNegativeCliDriver.testNegativeCliDriver_authorization_uri_import
org.apache.hadoop.hive.cli.TestSparkCliDriver.testCliDriver_limit_pushdown
org.apache.hive.jdbc.TestSSL.testSSLVersion
&lt;/pre&gt;
&lt;/div&gt;&lt;/div&gt;

&lt;p&gt;Test results: &lt;a href=&quot;http://ec2-174-129-184-35.compute-1.amazonaws.com/jenkins/job/PreCommit-HIVE-TRUNK-Build/6940/testReport&quot; class=&quot;external-link&quot; target=&quot;_blank&quot; rel=&quot;nofollow noopener&quot;&gt;http://ec2-174-129-184-35.compute-1.amazonaws.com/jenkins/job/PreCommit-HIVE-TRUNK-Build/6940/testReport&lt;/a&gt;&lt;br/&gt;
Console output: &lt;a href=&quot;http://ec2-174-129-184-35.compute-1.amazonaws.com/jenkins/job/PreCommit-HIVE-TRUNK-Build/6940/console&quot; class=&quot;external-link&quot; target=&quot;_blank&quot; rel=&quot;nofollow noopener&quot;&gt;http://ec2-174-129-184-35.compute-1.amazonaws.com/jenkins/job/PreCommit-HIVE-TRUNK-Build/6940/console&lt;/a&gt;&lt;br/&gt;
Test logs: &lt;a href=&quot;http://ec2-174-129-184-35.compute-1.amazonaws.com/logs/PreCommit-HIVE-TRUNK-Build-6940/&quot; class=&quot;external-link&quot; target=&quot;_blank&quot; rel=&quot;nofollow noopener&quot;&gt;http://ec2-174-129-184-35.compute-1.amazonaws.com/logs/PreCommit-HIVE-TRUNK-Build-6940/&lt;/a&gt;&lt;/p&gt;

&lt;p&gt;Messages:&lt;/p&gt;
&lt;div class=&quot;preformatted panel&quot; style=&quot;border-width: 1px;&quot;&gt;&lt;div class=&quot;preformattedContent panelContent&quot;&gt;
&lt;pre&gt;Executing org.apache.hive.ptest.execution.TestCheckPhase
Executing org.apache.hive.ptest.execution.PrepPhase
Executing org.apache.hive.ptest.execution.ExecutionPhase
Executing org.apache.hive.ptest.execution.ReportingPhase
Tests exited with: TestsFailedException: 14 tests failed
&lt;/pre&gt;
&lt;/div&gt;&lt;/div&gt;

&lt;p&gt;This message is automatically generated.&lt;/p&gt;

&lt;p&gt;ATTACHMENT ID: 12787156 - PreCommit-HIVE-TRUNK-Build&lt;/p&gt;</comment>
                            <comment id="15143204" author="sershe" created="Thu, 11 Feb 2016 18:26:17 +0000"  >&lt;p&gt;&lt;a href=&quot;https://issues.apache.org/jira/secure/ViewProfile.jspa?name=ashutoshc&quot; class=&quot;user-hover&quot; rel=&quot;ashutoshc&quot;&gt;ashutoshc&lt;/a&gt; can you comment? I am not very familiar with this code. Do we have a good test for this?&lt;/p&gt;</comment>
                            <comment id="15159920" author="hiveqa" created="Wed, 24 Feb 2016 00:08:19 +0000"  >

&lt;p&gt;Here are the results of testing the latest attachment:&lt;br/&gt;
&lt;a href=&quot;https://issues.apache.org/jira/secure/attachment/12789230/HIVE-12963.6.patch&quot; class=&quot;external-link&quot; rel=&quot;nofollow&quot;&gt;https://issues.apache.org/jira/secure/attachment/12789230/HIVE-12963.6.patch&lt;/a&gt;&lt;/p&gt;

&lt;p&gt;&lt;font color=&quot;red&quot;&gt;ERROR:&lt;/font&gt; -1 due to no test(s) being added or modified.&lt;/p&gt;

&lt;p&gt;&lt;font color=&quot;red&quot;&gt;ERROR:&lt;/font&gt; -1 due to 4 failed/errored test(s), 9803 tests executed&lt;br/&gt;
&lt;b&gt;Failed tests:&lt;/b&gt;&lt;/p&gt;
&lt;div class=&quot;preformatted panel&quot; style=&quot;border-width: 1px;&quot;&gt;&lt;div class=&quot;preformattedContent panelContent&quot;&gt;
&lt;pre&gt;TestSparkCliDriver-timestamp_lazy.q-bucketsortoptimize_insert_4.q-date_udf.q-and-12-more - did not produce a TEST-*.xml file
org.apache.hadoop.hive.cli.TestCliDriver.testCliDriver_groupby1_limit
org.apache.hadoop.hive.cli.TestNegativeCliDriver.testNegativeCliDriver_authorization_uri_import
org.apache.hive.jdbc.TestSSL.testSSLVersion
&lt;/pre&gt;
&lt;/div&gt;&lt;/div&gt;

&lt;p&gt;Test results: &lt;a href=&quot;http://ec2-174-129-184-35.compute-1.amazonaws.com/jenkins/job/PreCommit-HIVE-TRUNK-Build/7071/testReport&quot; class=&quot;external-link&quot; target=&quot;_blank&quot; rel=&quot;nofollow noopener&quot;&gt;http://ec2-174-129-184-35.compute-1.amazonaws.com/jenkins/job/PreCommit-HIVE-TRUNK-Build/7071/testReport&lt;/a&gt;&lt;br/&gt;
Console output: &lt;a href=&quot;http://ec2-174-129-184-35.compute-1.amazonaws.com/jenkins/job/PreCommit-HIVE-TRUNK-Build/7071/console&quot; class=&quot;external-link&quot; target=&quot;_blank&quot; rel=&quot;nofollow noopener&quot;&gt;http://ec2-174-129-184-35.compute-1.amazonaws.com/jenkins/job/PreCommit-HIVE-TRUNK-Build/7071/console&lt;/a&gt;&lt;br/&gt;
Test logs: &lt;a href=&quot;http://ec2-174-129-184-35.compute-1.amazonaws.com/logs/PreCommit-HIVE-TRUNK-Build-7071/&quot; class=&quot;external-link&quot; target=&quot;_blank&quot; rel=&quot;nofollow noopener&quot;&gt;http://ec2-174-129-184-35.compute-1.amazonaws.com/logs/PreCommit-HIVE-TRUNK-Build-7071/&lt;/a&gt;&lt;/p&gt;

&lt;p&gt;Messages:&lt;/p&gt;
&lt;div class=&quot;preformatted panel&quot; style=&quot;border-width: 1px;&quot;&gt;&lt;div class=&quot;preformattedContent panelContent&quot;&gt;
&lt;pre&gt;Executing org.apache.hive.ptest.execution.TestCheckPhase
Executing org.apache.hive.ptest.execution.PrepPhase
Executing org.apache.hive.ptest.execution.ExecutionPhase
Executing org.apache.hive.ptest.execution.ReportingPhase
Tests exited with: TestsFailedException: 4 tests failed
&lt;/pre&gt;
&lt;/div&gt;&lt;/div&gt;

&lt;p&gt;This message is automatically generated.&lt;/p&gt;

&lt;p&gt;ATTACHMENT ID: 12789230 - PreCommit-HIVE-TRUNK-Build&lt;/p&gt;</comment>
                            <comment id="15190963" author="alina.abramova" created="Fri, 11 Mar 2016 14:09:09 +0000"  >&lt;p&gt;Anybody has comments for this issue?&lt;/p&gt;</comment>
                            <comment id="15191352" author="sershe" created="Fri, 11 Mar 2016 18:39:46 +0000"  >&lt;p&gt;groupby1_limit failure might be related. I will try it locally, and commit on monday if it works and there are no objections.&lt;/p&gt;</comment>
                            <comment id="15204073" author="alina.abramova" created="Mon, 21 Mar 2016 11:51:57 +0000"  >&lt;p&gt;Hi!&lt;br/&gt;
What about this test? Does it not work as it should?&lt;/p&gt;</comment>
                            <comment id="15261766" author="alina.abramova" created="Thu, 28 Apr 2016 08:40:40 +0000"  >&lt;p&gt;&lt;a href=&quot;https://issues.apache.org/jira/secure/ViewProfile.jspa?name=sershe&quot; class=&quot;user-hover&quot; rel=&quot;sershe&quot;&gt;sershe&lt;/a&gt; Sorry, is this failed test related with the fix ?&lt;/p&gt;</comment>
                            <comment id="15262677" author="sershe" created="Thu, 28 Apr 2016 18:24:02 +0000"  >&lt;p&gt;Sorry, forgot about this... the test failed in the above QA run, and it passes for other JIRAs. I&apos;ll run it locally to see if it passes and commit if it does.&lt;/p&gt;</comment>
                            <comment id="15264578" author="sershe" created="Fri, 29 Apr 2016 19:14:50 +0000"  >&lt;p&gt;Committed to master, sorry for the delay. Test result changes with the setting enabled are in the explain plan only...&lt;/p&gt;</comment>
                            <comment id="15265038" author="lefty@hortonworks.com" created="Sat, 30 Apr 2016 01:11:27 +0000"  >&lt;p&gt;Doc note:  This adds &lt;b&gt;hive.groupby.limit.extrastep&lt;/b&gt; to HiveConf.java, so it needs to be documented in the wiki for release 2.1.0.&lt;/p&gt;

&lt;ul&gt;
	&lt;li&gt;&lt;a href=&quot;https://cwiki.apache.org/confluence/display/Hive/Configuration+Properties#ConfigurationProperties-QueryandDDLExecution&quot; class=&quot;external-link&quot; target=&quot;_blank&quot; rel=&quot;nofollow noopener&quot;&gt;Configuration Properties &amp;#8211; Query and DDL Execution &lt;/a&gt;&lt;/li&gt;
&lt;/ul&gt;
</comment>
                    </comments>
                    <attachments>
                            <attachment id="12785214" name="HIVE-12963.1.patch" size="1616" author="alina.abramova" created="Fri, 29 Jan 2016 18:44:24 +0000"/>
                            <attachment id="12785501" name="HIVE-12963.2.patch" size="1714" author="alina.abramova" created="Mon, 1 Feb 2016 12:06:09 +0000"/>
                            <attachment id="12786299" name="HIVE-12963.3.patch" size="1715" author="alina.abramova" created="Thu, 4 Feb 2016 17:24:54 +0000"/>
                            <attachment id="12787156" name="HIVE-12963.4.patch" size="94880" author="alina.abramova" created="Tue, 9 Feb 2016 22:16:44 +0000"/>
                            <attachment id="12789230" name="HIVE-12963.6.patch" size="2937" author="alina.abramova" created="Tue, 23 Feb 2016 16:12:09 +0000"/>
                    </attachments>
                <subtasks>
                    </subtasks>
                <customfields>
                                                                            <customfield id="customfield_12310310" key="com.atlassian.jira.toolkit:attachments">
                        <customfieldname>Attachment count</customfieldname>
                        <customfieldvalues>
                            <customfieldvalue>5.0</customfieldvalue>
                        </customfieldvalues>
                    </customfield>
                                                                                                                                                                                                                                                                                                                                                                                                                                                                                                                                                                                                                                                                                                        <customfield id="customfield_12314020" key="com.atlassian.jira.plugins.jira-development-integration-plugin:devsummary">
                        <customfieldname>Development</customfieldname>
                        <customfieldvalues>
                            
                        </customfieldvalues>
                    </customfield>
                                                                                                                        <customfield id="customfield_12313422" key="com.atlassian.jirafisheyeplugin:jobcheckbox">
                        <customfieldname>Enable Automatic Patch Review</customfieldname>
                        <customfieldvalues>
                            <customfieldvalue><![CDATA[false]]></customfieldvalue>

                        </customfieldvalues>
                    </customfield>
                                                                                                                                                                                                                                                                                                                                                                                    <customfield id="customfield_12310250" key="com.atlassian.jira.plugin.system.customfieldtypes:multicheckboxes">
                        <customfieldname>Flags</customfieldname>
                        <customfieldvalues>
                                <customfieldvalue key="10430"><![CDATA[Patch]]></customfieldvalue>
    
                        </customfieldvalues>
                    </customfield>
                                                                                                                                                                                                                                                                                                <customfield id="customfield_12310420" key="com.pyxis.greenhopper.jira:gh-global-rank">
                        <customfieldname>Global Rank</customfieldname>
                        <customfieldvalues>
                            <customfieldvalue>9223372036854775807</customfieldvalue>
                        </customfieldvalues>
                    </customfield>
                                                                                                                                                                                                                                                                    <customfield id="customfield_12312521" key="com.atlassian.jira.toolkit:LastCommentDate">
                        <customfieldname>Last public comment date</customfieldname>
                        <customfieldvalues>
                            9 years, 29 weeks, 4 days ago
                        </customfieldvalues>
                    </customfield>
                                                                                                                                                                                                                                                                                                <customfield id="customfield_12311820" key="com.pyxis.greenhopper.jira:gh-lexo-rank">
                        <customfieldname>Rank</customfieldname>
                        <customfieldvalues>
                            <customfieldvalue>0|i2s5wf:</customfieldvalue>

                        </customfieldvalues>
                    </customfield>
                                                                <customfield id="customfield_12310920" key="com.pyxis.greenhopper.jira:gh-global-rank">
                        <customfieldname>Rank (Obsolete)</customfieldname>
                        <customfieldvalues>
                            <customfieldvalue>9223372036854775807</customfieldvalue>
                        </customfieldvalues>
                    </customfield>
                                                                                                                                                                                                                                                                                                                                                                                                                                                                                                                                                                                                                                                                                                                                                                                                                                                                                </customfields>
    </item>
</channel>
</rss>