<!-- 
RSS generated by JIRA (8.20.10#820010-sha1:ace47f9899e9ee25d7157d59aa17ab06aee30d3d) at Wed Nov 12 18:44:50 UTC 2025

It is possible to restrict the fields that are returned in this document by specifying the 'field' parameter in your request.
For example, to request only the issue key and summary append 'field=key&field=summary' to the URL of your request.
-->
<rss version="0.92" >
<channel>
    <title>ASF Jira</title>
    <link>https://issues.apache.org/jira</link>
    <description>This file is an XML representation of an issue</description>
    <language>en-uk</language>    <build-info>
        <version>8.20.10</version>
        <build-number>820010</build-number>
        <build-date>22-06-2022</build-date>
    </build-info>


<item>
            <title>[HIVE-13502] Beeline doesnt support session parameters in JDBC URL as documentation states.</title>
                <link>https://issues.apache.org/jira/browse/HIVE-13502</link>
                <project id="12310843" key="HIVE">Hive</project>
                    <description>&lt;p&gt;&lt;a href=&quot;https://cwiki.apache.org/confluence/display/Hive/HiveServer2+Clients#HiveServer2Clients-ConnectionURLs&quot; class=&quot;external-link&quot; target=&quot;_blank&quot; rel=&quot;nofollow noopener&quot;&gt;https://cwiki.apache.org/confluence/display/Hive/HiveServer2+Clients#HiveServer2Clients-ConnectionURLs&lt;/a&gt;&lt;br/&gt;
documents that sessions variables like credentials etc are accepted as part of the URL. However, Beeline does not support such URLs today.&lt;/p&gt;</description>
                <environment></environment>
        <key id="12958515">HIVE-13502</key>
            <summary>Beeline doesnt support session parameters in JDBC URL as documentation states.</summary>
                <type id="1" iconUrl="https://issues.apache.org/jira/secure/viewavatar?size=xsmall&amp;avatarId=21133&amp;avatarType=issuetype">Bug</type>
                                            <priority id="3" iconUrl="https://issues.apache.org/jira/images/icons/priorities/major.svg">Major</priority>
                        <status id="6" iconUrl="https://issues.apache.org/jira/images/icons/statuses/closed.png" description="The issue is considered finished, the resolution is correct. Issues which are not closed can be reopened.">Closed</status>
                    <statusCategory id="3" key="done" colorName="green"/>
                                    <resolution id="1">Fixed</resolution>
                                        <assignee username="ngangam">Naveen Gangam</assignee>
                                    <reporter username="ngangam">Naveen Gangam</reporter>
                        <labels>
                    </labels>
                <created>Wed, 13 Apr 2016 16:02:01 +0000</created>
                <updated>Tue, 21 Jun 2016 15:12:24 +0000</updated>
                            <resolved>Mon, 23 May 2016 14:26:21 +0000</resolved>
                                    <version>1.1.0</version>
                                    <fixVersion>2.1.0</fixVersion>
                                    <component>Beeline</component>
                        <due></due>
                            <votes>0</votes>
                                    <watches>3</watches>
                                                                                                                <comments>
                            <comment id="15256986" author="ngangam" created="Mon, 25 Apr 2016 20:27:12 +0000"  >&lt;p&gt;With the attached patch beeline will now honor URL such as &lt;br/&gt;
beeline&amp;gt; !connect &quot;jdbc:hive2://localhost:10000/default/;user=hive;password=hive&quot;&lt;br/&gt;
or&lt;br/&gt;
$ beeline -u &quot;jdbc:hive2://localhost:10000/default/;user=hive;password=hive&quot;&lt;br/&gt;
which is equivalent to  &lt;br/&gt;
$ beeline -u &quot;jdbc:hive2://localhost:10000/default/&quot; -n hive -p hive&lt;/p&gt;</comment>
                            <comment id="15257046" author="ngangam" created="Mon, 25 Apr 2016 21:02:34 +0000"  >&lt;p&gt;Currently, beeline prompts for credentials even when principal (kerberized credentials) is specified in the URL.This fix should resolve this issue too. It will no longer prompt for credentials when principal is specified in the URL. &lt;/p&gt;</comment>
                            <comment id="15260405" author="ngangam" created="Wed, 27 Apr 2016 16:17:30 +0000"  >&lt;p&gt;For some reason, the ptest never picked up the patch. Hoping a re-submit will work.&lt;/p&gt;</comment>
                            <comment id="15260411" author="ngangam" created="Wed, 27 Apr 2016 16:19:38 +0000"  >&lt;p&gt;Code posted to review board at &lt;br/&gt;
&lt;a href=&quot;https://reviews.apache.org/r/46656/&quot; class=&quot;external-link&quot; target=&quot;_blank&quot; rel=&quot;nofollow noopener&quot;&gt;https://reviews.apache.org/r/46656/&lt;/a&gt;&lt;/p&gt;</comment>
                            <comment id="15260569" author="ngangam" created="Wed, 27 Apr 2016 17:40:30 +0000"  >&lt;p&gt;Same patch as the first version, created without --no-prefix to git diff&lt;/p&gt;</comment>
                            <comment id="15265267" author="hiveqa" created="Sat, 30 Apr 2016 10:04:01 +0000"  >

&lt;p&gt;Here are the results of testing the latest attachment:&lt;br/&gt;
&lt;a href=&quot;https://issues.apache.org/jira/secure/attachment/12801076/HIVE-13502.1.patch&quot; class=&quot;external-link&quot; rel=&quot;nofollow&quot;&gt;https://issues.apache.org/jira/secure/attachment/12801076/HIVE-13502.1.patch&lt;/a&gt;&lt;/p&gt;

&lt;p&gt;&lt;font color=&quot;red&quot;&gt;ERROR:&lt;/font&gt; -1 due to no test(s) being added or modified.&lt;/p&gt;

&lt;p&gt;&lt;font color=&quot;red&quot;&gt;ERROR:&lt;/font&gt; -1 due to 58 failed/errored test(s), 9981 tests executed&lt;br/&gt;
&lt;b&gt;Failed tests:&lt;/b&gt;&lt;/p&gt;
&lt;div class=&quot;preformatted panel&quot; style=&quot;border-width: 1px;&quot;&gt;&lt;div class=&quot;preformattedContent panelContent&quot;&gt;
&lt;pre&gt;TestHWISessionManager - did not produce a TEST-*.xml file
org.apache.hadoop.hive.cli.TestCliDriver.testCliDriver_groupby1_limit
org.apache.hadoop.hive.cli.TestCliDriver.testCliDriver_nomore_ambiguous_table_col
org.apache.hadoop.hive.cli.TestCliDriver.testCliDriver_regexp_extract
org.apache.hadoop.hive.cli.TestMiniSparkOnYarnCliDriver.testCliDriver_index_bitmap3
org.apache.hadoop.hive.cli.TestNegativeCliDriver.testNegativeCliDriver_clustern3
org.apache.hadoop.hive.cli.TestNegativeCliDriver.testNegativeCliDriver_clustern4
org.apache.hadoop.hive.cli.TestNegativeCliDriver.testNegativeCliDriver_nonkey_groupby
org.apache.hadoop.hive.cli.TestNegativeCliDriver.testNegativeCliDriver_selectDistinctStarNeg_2
org.apache.hadoop.hive.cli.TestNegativeCliDriver.testNegativeCliDriver_subquery_shared_alias
org.apache.hadoop.hive.cli.TestNegativeCliDriver.testNegativeCliDriver_udtf_not_supported1
org.apache.hadoop.hive.metastore.TestAuthzApiEmbedAuthorizerInRemote.org.apache.hadoop.hive.metastore.TestAuthzApiEmbedAuthorizerInRemote
org.apache.hadoop.hive.metastore.TestFilterHooks.org.apache.hadoop.hive.metastore.TestFilterHooks
org.apache.hadoop.hive.metastore.TestHiveMetaStoreGetMetaConf.testGetMetaConfDefault
org.apache.hadoop.hive.metastore.TestHiveMetaStorePartitionSpecs.testAddPartitions
org.apache.hadoop.hive.metastore.TestHiveMetaStorePartitionSpecs.testFetchingPartitionsWithDifferentSchemas
org.apache.hadoop.hive.metastore.TestHiveMetaStorePartitionSpecs.testGetPartitionSpecs_WithAndWithoutPartitionGrouping
org.apache.hadoop.hive.metastore.TestMetaStoreEndFunctionListener.testEndFunctionListener
org.apache.hadoop.hive.metastore.TestMetaStoreEventListenerOnlyOnCommit.testEventStatus
org.apache.hadoop.hive.metastore.TestMetaStoreInitListener.testMetaStoreInitListener
org.apache.hadoop.hive.metastore.TestMetaStoreMetrics.org.apache.hadoop.hive.metastore.TestMetaStoreMetrics
org.apache.hadoop.hive.metastore.TestPartitionNameWhitelistValidation.testAppendPartitionWithCommas
org.apache.hadoop.hive.metastore.TestPartitionNameWhitelistValidation.testAppendPartitionWithUnicode
org.apache.hadoop.hive.metastore.TestPartitionNameWhitelistValidation.testAppendPartitionWithValidCharacters
org.apache.hadoop.hive.metastore.TestRetryingHMSHandler.testRetryingHMSHandler
org.apache.hadoop.hive.ql.lockmgr.TestDbTxnManager.concurrencyFalse
org.apache.hadoop.hive.ql.lockmgr.TestDbTxnManager.testDDLExclusive
org.apache.hadoop.hive.ql.lockmgr.TestDbTxnManager.testDDLNoLock
org.apache.hadoop.hive.ql.lockmgr.TestDbTxnManager.testDDLShared
org.apache.hadoop.hive.ql.lockmgr.TestDbTxnManager.testDelete
org.apache.hadoop.hive.ql.lockmgr.TestDbTxnManager.testLockTimeout
org.apache.hadoop.hive.ql.lockmgr.TestDbTxnManager.testRollback
org.apache.hadoop.hive.ql.lockmgr.TestDbTxnManager.testSingleReadPartition
org.apache.hadoop.hive.ql.lockmgr.TestDbTxnManager.testSingleReadTable
org.apache.hadoop.hive.ql.lockmgr.TestDbTxnManager.testSingleWriteTable
org.apache.hadoop.hive.ql.lockmgr.TestDbTxnManager.testUpdate
org.apache.hadoop.hive.ql.lockmgr.TestDbTxnManager.testWriteDynamicPartition
org.apache.hadoop.hive.ql.security.TestClientSideAuthorizationProvider.testSimplePrivileges
org.apache.hadoop.hive.ql.security.TestExtendedAcls.org.apache.hadoop.hive.ql.security.TestExtendedAcls
org.apache.hadoop.hive.ql.security.TestFolderPermissions.org.apache.hadoop.hive.ql.security.TestFolderPermissions
org.apache.hadoop.hive.ql.security.TestMetastoreAuthorizationProvider.testSimplePrivileges
org.apache.hadoop.hive.ql.security.TestMultiAuthorizationPreEventListener.org.apache.hadoop.hive.ql.security.TestMultiAuthorizationPreEventListener
org.apache.hadoop.hive.ql.security.TestStorageBasedClientSideAuthorizationProvider.testSimplePrivileges
org.apache.hadoop.hive.ql.security.TestStorageBasedMetastoreAuthorizationDrops.testDropDatabase
org.apache.hadoop.hive.ql.security.TestStorageBasedMetastoreAuthorizationDrops.testDropPartition
org.apache.hadoop.hive.ql.security.TestStorageBasedMetastoreAuthorizationProvider.testSimplePrivileges
org.apache.hadoop.hive.ql.security.TestStorageBasedMetastoreAuthorizationProviderWithACL.testSimplePrivileges
org.apache.hadoop.hive.ql.security.TestStorageBasedMetastoreAuthorizationReads.testReadDbFailure
org.apache.hadoop.hive.ql.security.TestStorageBasedMetastoreAuthorizationReads.testReadDbSuccess
org.apache.hadoop.hive.ql.security.TestStorageBasedMetastoreAuthorizationReads.testReadTableFailure
org.apache.hadoop.hive.ql.security.TestStorageBasedMetastoreAuthorizationReads.testReadTableSuccess
org.apache.hadoop.hive.ql.security.TestStorageBasedMetastoreAuthorizationReads.testReadTableSuccessWithReadOnly
org.apache.hadoop.hive.thrift.TestHadoopAuthBridge23.testDelegationTokenSharedStore
org.apache.hadoop.hive.thrift.TestHadoopAuthBridge23.testMetastoreProxyUser
org.apache.hadoop.hive.thrift.TestHadoopAuthBridge23.testSaslWithHiveMetaStore
org.apache.hive.hcatalog.listener.TestDbNotificationListener.cleanupNotifs
org.apache.hive.minikdc.TestJdbcWithDBTokenStore.org.apache.hive.minikdc.TestJdbcWithDBTokenStore
org.apache.hive.service.TestHS2ImpersonationWithRemoteMS.org.apache.hive.service.TestHS2ImpersonationWithRemoteMS
&lt;/pre&gt;
&lt;/div&gt;&lt;/div&gt;

&lt;p&gt;Test results: &lt;a href=&quot;http://ec2-54-177-240-2.us-west-1.compute.amazonaws.com/job/PreCommit-HIVE-MASTER-Build/125/testReport&quot; class=&quot;external-link&quot; target=&quot;_blank&quot; rel=&quot;nofollow noopener&quot;&gt;http://ec2-54-177-240-2.us-west-1.compute.amazonaws.com/job/PreCommit-HIVE-MASTER-Build/125/testReport&lt;/a&gt;&lt;br/&gt;
Console output: &lt;a href=&quot;http://ec2-54-177-240-2.us-west-1.compute.amazonaws.com/job/PreCommit-HIVE-MASTER-Build/125/console&quot; class=&quot;external-link&quot; target=&quot;_blank&quot; rel=&quot;nofollow noopener&quot;&gt;http://ec2-54-177-240-2.us-west-1.compute.amazonaws.com/job/PreCommit-HIVE-MASTER-Build/125/console&lt;/a&gt;&lt;br/&gt;
Test logs: &lt;a href=&quot;http://ec2-50-18-27-0.us-west-1.compute.amazonaws.com/logs/PreCommit-HIVE-MASTER-Build-125/&quot; class=&quot;external-link&quot; target=&quot;_blank&quot; rel=&quot;nofollow noopener&quot;&gt;http://ec2-50-18-27-0.us-west-1.compute.amazonaws.com/logs/PreCommit-HIVE-MASTER-Build-125/&lt;/a&gt;&lt;/p&gt;

&lt;p&gt;Messages:&lt;/p&gt;
&lt;div class=&quot;preformatted panel&quot; style=&quot;border-width: 1px;&quot;&gt;&lt;div class=&quot;preformattedContent panelContent&quot;&gt;
&lt;pre&gt;Executing org.apache.hive.ptest.execution.TestCheckPhase
Executing org.apache.hive.ptest.execution.PrepPhase
Executing org.apache.hive.ptest.execution.ExecutionPhase
Executing org.apache.hive.ptest.execution.ReportingPhase
Tests exited with: TestsFailedException: 58 tests failed
&lt;/pre&gt;
&lt;/div&gt;&lt;/div&gt;

&lt;p&gt;This message is automatically generated.&lt;/p&gt;

&lt;p&gt;ATTACHMENT ID: 12801076 - PreCommit-HIVE-MASTER-Build&lt;/p&gt;</comment>
                            <comment id="15265938" author="ngangam" created="Sun, 1 May 2016 20:41:35 +0000"  >&lt;p&gt;The test failures do not appear to be related to the fixes in the uploaded patch. &lt;/p&gt;</comment>
                            <comment id="15280684" author="ngangam" created="Wed, 11 May 2016 19:45:48 +0000"  >&lt;p&gt;Will upload a new patch.&lt;/p&gt;</comment>
                            <comment id="15280700" author="aihuaxu" created="Wed, 11 May 2016 19:51:34 +0000"  >&lt;p&gt;+1 on the new patch. Pending test.&lt;/p&gt;</comment>
                            <comment id="15282771" author="hiveqa" created="Fri, 13 May 2016 15:09:01 +0000"  >

&lt;p&gt;Here are the results of testing the latest attachment:&lt;br/&gt;
&lt;a href=&quot;https://issues.apache.org/jira/secure/attachment/12803496/HIVE-13502.2.patch&quot; class=&quot;external-link&quot; rel=&quot;nofollow&quot;&gt;https://issues.apache.org/jira/secure/attachment/12803496/HIVE-13502.2.patch&lt;/a&gt;&lt;/p&gt;

&lt;p&gt;&lt;font color=&quot;red&quot;&gt;ERROR:&lt;/font&gt; -1 due to build exiting with an error&lt;/p&gt;

&lt;p&gt;Test results: &lt;a href=&quot;http://ec2-54-177-240-2.us-west-1.compute.amazonaws.com/job/PreCommit-HIVE-MASTER-Build/258/testReport&quot; class=&quot;external-link&quot; target=&quot;_blank&quot; rel=&quot;nofollow noopener&quot;&gt;http://ec2-54-177-240-2.us-west-1.compute.amazonaws.com/job/PreCommit-HIVE-MASTER-Build/258/testReport&lt;/a&gt;&lt;br/&gt;
Console output: &lt;a href=&quot;http://ec2-54-177-240-2.us-west-1.compute.amazonaws.com/job/PreCommit-HIVE-MASTER-Build/258/console&quot; class=&quot;external-link&quot; target=&quot;_blank&quot; rel=&quot;nofollow noopener&quot;&gt;http://ec2-54-177-240-2.us-west-1.compute.amazonaws.com/job/PreCommit-HIVE-MASTER-Build/258/console&lt;/a&gt;&lt;br/&gt;
Test logs: &lt;a href=&quot;http://ec2-50-18-27-0.us-west-1.compute.amazonaws.com/logs/PreCommit-HIVE-MASTER-Build-258/&quot; class=&quot;external-link&quot; target=&quot;_blank&quot; rel=&quot;nofollow noopener&quot;&gt;http://ec2-50-18-27-0.us-west-1.compute.amazonaws.com/logs/PreCommit-HIVE-MASTER-Build-258/&lt;/a&gt;&lt;/p&gt;

&lt;p&gt;Messages:&lt;/p&gt;
&lt;div class=&quot;preformatted panel&quot; style=&quot;border-width: 1px;&quot;&gt;&lt;div class=&quot;preformattedContent panelContent&quot;&gt;
&lt;pre&gt;Executing org.apache.hive.ptest.execution.TestCheckPhase
Executing org.apache.hive.ptest.execution.PrepPhase
Tests exited with: NonZeroExitCodeException
Command &apos;bash /data/hive-ptest/working/scratch/source-prep.sh&apos; failed with exit status 1 and output &apos;+ [[ -n /usr/java/jdk1.7.0_45-cloudera ]]
+ export JAVA_HOME=/usr/java/jdk1.7.0_45-cloudera
+ JAVA_HOME=/usr/java/jdk1.7.0_45-cloudera
+ export PATH=/usr/java/jdk1.7.0_45-cloudera/bin/:/usr/java/jdk1.7.0_45-cloudera/bin:/usr/local/apache-maven-3.0.5/bin:/usr/lib64/qt-3.3/bin:/usr/local/apache-maven-3.0.5/bin:/usr/java/jdk1.7.0_45-cloudera/bin:/usr/local/apache-ant-1.9.1/bin:/usr/local/bin:/bin:/usr/bin:/usr/local/sbin:/usr/sbin:/sbin:/home/hiveptest/bin
+ PATH=/usr/java/jdk1.7.0_45-cloudera/bin/:/usr/java/jdk1.7.0_45-cloudera/bin:/usr/local/apache-maven-3.0.5/bin:/usr/lib64/qt-3.3/bin:/usr/local/apache-maven-3.0.5/bin:/usr/java/jdk1.7.0_45-cloudera/bin:/usr/local/apache-ant-1.9.1/bin:/usr/local/bin:/bin:/usr/bin:/usr/local/sbin:/usr/sbin:/sbin:/home/hiveptest/bin
+ export &apos;ANT_OPTS=-Xmx1g -XX:MaxPermSize=256m &apos;
+ ANT_OPTS=&apos;-Xmx1g -XX:MaxPermSize=256m &apos;
+ export &apos;M2_OPTS=-Xmx1g -XX:MaxPermSize=256m -Dhttp.proxyHost=localhost -Dhttp.proxyPort=3128&apos;
+ M2_OPTS=&apos;-Xmx1g -XX:MaxPermSize=256m -Dhttp.proxyHost=localhost -Dhttp.proxyPort=3128&apos;
+ cd /data/hive-ptest/working/
+ tee /data/hive-ptest/logs/PreCommit-HIVE-MASTER-Build-258/source-prep.txt
+ [[ false == \t\r\u\e ]]
+ mkdir -p maven ivy
+ [[ git = \s\v\n ]]
+ [[ git = \g\i\t ]]
+ [[ -z master ]]
+ [[ -d apache-github-source-source ]]
+ [[ ! -d apache-github-source-source/.git ]]
+ [[ ! -d apache-github-source-source ]]
+ cd apache-github-source-source
+ git fetch origin
+ git reset --hard HEAD
HEAD is now at 4156c5d HIVE-13621: compute stats in certain cases fails with NPE (Vikram Dixit K, Pengcheng Xiong, reviewed by Gunther Hagleitner)
+ git clean -f -d
+ git checkout master
Already on &apos;master&apos;
+ git reset --hard origin/master
HEAD is now at 4156c5d HIVE-13621: compute stats in certain cases fails with NPE (Vikram Dixit K, Pengcheng Xiong, reviewed by Gunther Hagleitner)
+ git merge --ff-only origin/master
Already up-to-date.
+ git gc
+ patchCommandPath=/data/hive-ptest/working/scratch/smart-apply-patch.sh
+ patchFilePath=/data/hive-ptest/working/scratch/build.patch
+ [[ -f /data/hive-ptest/working/scratch/build.patch ]]
+ chmod +x /data/hive-ptest/working/scratch/smart-apply-patch.sh
+ /data/hive-ptest/working/scratch/smart-apply-patch.sh /data/hive-ptest/working/scratch/build.patch
The patch does not appear to apply with p0, p1, or p2
+ exit 1
&apos;
&lt;/pre&gt;
&lt;/div&gt;&lt;/div&gt;

&lt;p&gt;This message is automatically generated.&lt;/p&gt;

&lt;p&gt;ATTACHMENT ID: 12803496 - PreCommit-HIVE-MASTER-Build&lt;/p&gt;</comment>
                            <comment id="15282817" author="ngangam" created="Fri, 13 May 2016 15:44:13 +0000"  >&lt;p&gt;Appears there has been another commit to the same code while my patch was pending testing. Patch couldnt be applied due to conflict during merge. WIll rebase and re-attach&lt;/p&gt;</comment>
                            <comment id="15282818" author="ngangam" created="Fri, 13 May 2016 15:44:49 +0000"  >&lt;p&gt;Rebased the patch to the current master.&lt;/p&gt;</comment>
                            <comment id="15283752" author="hiveqa" created="Sun, 15 May 2016 01:29:43 +0000"  >

&lt;p&gt;Here are the results of testing the latest attachment:&lt;br/&gt;
&lt;a href=&quot;https://issues.apache.org/jira/secure/attachment/12803879/HIVE-13502.3.patch&quot; class=&quot;external-link&quot; rel=&quot;nofollow&quot;&gt;https://issues.apache.org/jira/secure/attachment/12803879/HIVE-13502.3.patch&lt;/a&gt;&lt;/p&gt;

&lt;p&gt;&lt;font color=&quot;red&quot;&gt;ERROR:&lt;/font&gt; -1 due to build exiting with an error&lt;/p&gt;

&lt;p&gt;Test results: &lt;a href=&quot;http://ec2-54-177-240-2.us-west-1.compute.amazonaws.com/job/PreCommit-HIVE-MASTER-Build/282/testReport&quot; class=&quot;external-link&quot; target=&quot;_blank&quot; rel=&quot;nofollow noopener&quot;&gt;http://ec2-54-177-240-2.us-west-1.compute.amazonaws.com/job/PreCommit-HIVE-MASTER-Build/282/testReport&lt;/a&gt;&lt;br/&gt;
Console output: &lt;a href=&quot;http://ec2-54-177-240-2.us-west-1.compute.amazonaws.com/job/PreCommit-HIVE-MASTER-Build/282/console&quot; class=&quot;external-link&quot; target=&quot;_blank&quot; rel=&quot;nofollow noopener&quot;&gt;http://ec2-54-177-240-2.us-west-1.compute.amazonaws.com/job/PreCommit-HIVE-MASTER-Build/282/console&lt;/a&gt;&lt;br/&gt;
Test logs: &lt;a href=&quot;http://ec2-50-18-27-0.us-west-1.compute.amazonaws.com/logs/PreCommit-HIVE-MASTER-Build-282/&quot; class=&quot;external-link&quot; target=&quot;_blank&quot; rel=&quot;nofollow noopener&quot;&gt;http://ec2-50-18-27-0.us-west-1.compute.amazonaws.com/logs/PreCommit-HIVE-MASTER-Build-282/&lt;/a&gt;&lt;/p&gt;

&lt;p&gt;Messages:&lt;/p&gt;
&lt;div class=&quot;preformatted panel&quot; style=&quot;border-width: 1px;&quot;&gt;&lt;div class=&quot;preformattedContent panelContent&quot;&gt;
&lt;pre&gt;**** This message was trimmed, see log for full details ****
[INFO] Excluding org.apache.spark:spark-core_2.10:jar:1.6.0 from the shaded jar.
[INFO] Excluding com.twitter:chill_2.10:jar:0.5.0 from the shaded jar.
[INFO] Excluding com.twitter:chill-java:jar:0.5.0 from the shaded jar.
[INFO] Excluding org.apache.xbean:xbean-asm5-shaded:jar:4.4 from the shaded jar.
[INFO] Excluding org.apache.hadoop:hadoop-client:jar:2.6.0 from the shaded jar.
[INFO] Excluding org.apache.hadoop:hadoop-mapreduce-client-app:jar:2.6.0 from the shaded jar.
[INFO] Excluding org.apache.hadoop:hadoop-mapreduce-client-shuffle:jar:2.6.0 from the shaded jar.
[INFO] Excluding org.apache.hadoop:hadoop-mapreduce-client-jobclient:jar:2.6.0 from the shaded jar.
[INFO] Excluding org.apache.spark:spark-launcher_2.10:jar:1.6.0 from the shaded jar.
[INFO] Excluding org.apache.spark:spark-network-common_2.10:jar:1.6.0 from the shaded jar.
[INFO] Excluding org.apache.spark:spark-network-shuffle_2.10:jar:1.6.0 from the shaded jar.
[INFO] Excluding org.apache.spark:spark-unsafe_2.10:jar:1.6.0 from the shaded jar.
[INFO] Excluding org.slf4j:jul-to-slf4j:jar:1.7.10 from the shaded jar.
[INFO] Excluding org.slf4j:jcl-over-slf4j:jar:1.7.10 from the shaded jar.
[INFO] Excluding com.ning:compress-lzf:jar:1.0.3 from the shaded jar.
[INFO] Excluding net.jpountz.lz4:lz4:jar:1.3.0 from the shaded jar.
[INFO] Excluding com.typesafe.akka:akka-remote_2.10:jar:2.3.11 from the shaded jar.
[INFO] Excluding com.typesafe.akka:akka-actor_2.10:jar:2.3.11 from the shaded jar.
[INFO] Excluding com.typesafe:config:jar:1.2.1 from the shaded jar.
[INFO] Excluding org.uncommons.maths:uncommons-maths:jar:1.2.2a from the shaded jar.
[INFO] Excluding com.typesafe.akka:akka-slf4j_2.10:jar:2.3.11 from the shaded jar.
[INFO] Excluding org.scala-lang:scala-library:jar:2.10.4 from the shaded jar.
[INFO] Excluding org.json4s:json4s-jackson_2.10:jar:3.2.10 from the shaded jar.
[INFO] Excluding org.json4s:json4s-core_2.10:jar:3.2.10 from the shaded jar.
[INFO] Excluding org.json4s:json4s-ast_2.10:jar:3.2.10 from the shaded jar.
[INFO] Excluding org.scala-lang:scalap:jar:2.10.0 from the shaded jar.
[INFO] Excluding org.scala-lang:scala-compiler:jar:2.10.0 from the shaded jar.
[INFO] Excluding org.apache.mesos:mesos:jar:shaded-protobuf:0.21.1 from the shaded jar.
[INFO] Excluding com.clearspring.analytics:stream:jar:2.7.0 from the shaded jar.
[INFO] Excluding io.dropwizard.metrics:metrics-graphite:jar:3.1.2 from the shaded jar.
[INFO] Excluding com.fasterxml.jackson.module:jackson-module-scala_2.10:jar:2.4.4 from the shaded jar.
[INFO] Excluding org.scala-lang:scala-reflect:jar:2.10.4 from the shaded jar.
[INFO] Excluding oro:oro:jar:2.0.8 from the shaded jar.
[INFO] Excluding org.tachyonproject:tachyon-client:jar:0.8.2 from the shaded jar.
[INFO] Excluding org.tachyonproject:tachyon-underfs-hdfs:jar:0.8.2 from the shaded jar.
[INFO] Excluding org.tachyonproject:tachyon-underfs-s3:jar:0.8.2 from the shaded jar.
[INFO] Excluding org.tachyonproject:tachyon-underfs-local:jar:0.8.2 from the shaded jar.
[INFO] Excluding net.razorvine:pyrolite:jar:4.9 from the shaded jar.
[INFO] Excluding net.sf.py4j:py4j:jar:0.9 from the shaded jar.
[INFO] Excluding org.spark-project.spark:unused:jar:1.0.0 from the shaded jar.
[INFO] Excluding org.slf4j:slf4j-api:jar:1.7.10 from the shaded jar.
[INFO] Replacing original artifact with shaded artifact.
[INFO] Replacing /data/hive-ptest/working/apache-github-source-source/ql/target/hive-exec-2.1.0-SNAPSHOT.jar with /data/hive-ptest/working/apache-github-source-source/ql/target/hive-exec-2.1.0-SNAPSHOT-shaded.jar
[INFO] Dependency-reduced POM written at: /data/hive-ptest/working/apache-github-source-source/ql/dependency-reduced-pom.xml
[INFO] Dependency-reduced POM written at: /data/hive-ptest/working/apache-github-source-source/ql/dependency-reduced-pom.xml
[INFO] Dependency-reduced POM written at: /data/hive-ptest/working/apache-github-source-source/ql/dependency-reduced-pom.xml
[INFO] Dependency-reduced POM written at: /data/hive-ptest/working/apache-github-source-source/ql/dependency-reduced-pom.xml
[INFO] Dependency-reduced POM written at: /data/hive-ptest/working/apache-github-source-source/ql/dependency-reduced-pom.xml
[INFO] Dependency-reduced POM written at: /data/hive-ptest/working/apache-github-source-source/ql/dependency-reduced-pom.xml
[INFO] 
[INFO] --- maven-install-plugin:2.4:install (default-install) @ hive-exec ---
[INFO] Installing /data/hive-ptest/working/apache-github-source-source/ql/target/hive-exec-2.1.0-SNAPSHOT.jar to /home/hiveptest/.m2/repository/org/apache/hive/hive-exec/2.1.0-SNAPSHOT/hive-exec-2.1.0-SNAPSHOT.jar
[INFO] Installing /data/hive-ptest/working/apache-github-source-source/ql/dependency-reduced-pom.xml to /home/hiveptest/.m2/repository/org/apache/hive/hive-exec/2.1.0-SNAPSHOT/hive-exec-2.1.0-SNAPSHOT.pom
[INFO] Installing /data/hive-ptest/working/apache-github-source-source/ql/target/hive-exec-2.1.0-SNAPSHOT-tests.jar to /home/hiveptest/.m2/repository/org/apache/hive/hive-exec/2.1.0-SNAPSHOT/hive-exec-2.1.0-SNAPSHOT-tests.jar
[INFO] Installing /data/hive-ptest/working/apache-github-source-source/ql/target/hive-exec-2.1.0-SNAPSHOT-core.jar to /home/hiveptest/.m2/repository/org/apache/hive/hive-exec/2.1.0-SNAPSHOT/hive-exec-2.1.0-SNAPSHOT-core.jar
[INFO]                                                                         
[INFO] ------------------------------------------------------------------------
[INFO] Building Hive Llap Server 2.1.0-SNAPSHOT
[INFO] ------------------------------------------------------------------------
[INFO] 
[INFO] --- maven-clean-plugin:2.5:clean (default-clean) @ hive-llap-server ---
[INFO] Deleting /data/hive-ptest/working/apache-github-source-source/llap-server/target
[INFO] Deleting /data/hive-ptest/working/apache-github-source-source/llap-server (includes = [datanucleus.log, derby.log], excludes = [])
[INFO] 
[INFO] --- maven-enforcer-plugin:1.3.1:enforce (enforce-no-snapshots) @ hive-llap-server ---
[INFO] 
[INFO] --- build-helper-maven-plugin:1.8:add-source (add-source) @ hive-llap-server ---
[INFO] Source directory: /data/hive-ptest/working/apache-github-source-source/llap-server/src/gen/protobuf/gen-java added.
[INFO] Source directory: /data/hive-ptest/working/apache-github-source-source/llap-server/src/gen/thrift/gen-javabean added.
[INFO] 
[INFO] --- maven-remote-resources-plugin:1.5:process (default) @ hive-llap-server ---
[INFO] 
[INFO] --- maven-resources-plugin:2.6:resources (default-resources) @ hive-llap-server ---
[INFO] Using &apos;UTF-8&apos; encoding to copy filtered resources.
[INFO] Copying 19 resources
[INFO] Copying 3 resources
[INFO] 
[INFO] --- maven-antrun-plugin:1.7:run (define-classpath) @ hive-llap-server ---
[INFO] Executing tasks

main:
[INFO] Executed tasks
[INFO] 
[INFO] --- maven-compiler-plugin:3.1:compile (default-compile) @ hive-llap-server ---
[INFO] Compiling 87 source files to /data/hive-ptest/working/apache-github-source-source/llap-server/target/classes
[WARNING] /data/hive-ptest/working/apache-github-source-source/llap-server/src/java/org/apache/hadoop/hive/llap/cache/SimpleAllocator.java:[29,16] sun.misc.Cleaner is internal proprietary API and may be removed in a future release
[WARNING] /data/hive-ptest/working/apache-github-source-source/llap-server/src/java/org/apache/hadoop/hive/llap/cache/SimpleAllocator.java:[29,16] sun.misc.Cleaner is internal proprietary API and may be removed in a future release
[WARNING] /data/hive-ptest/working/apache-github-source-source/llap-server/src/java/org/apache/hadoop/hive/llap/cache/SimpleAllocator.java:[29,16] sun.misc.Cleaner is internal proprietary API and may be removed in a future release
[WARNING] /data/hive-ptest/working/apache-github-source-source/llap-server/src/java/org/apache/hadoop/hive/llap/cache/SimpleAllocator.java:[74,9] sun.misc.Cleaner is internal proprietary API and may be removed in a future release
[WARNING] /data/hive-ptest/working/apache-github-source-source/llap-server/src/java/org/apache/hadoop/hive/llap/io/metadata/OrcFileMetadata.java: Some input files use or override a deprecated API.
[WARNING] /data/hive-ptest/working/apache-github-source-source/llap-server/src/java/org/apache/hadoop/hive/llap/io/metadata/OrcFileMetadata.java: Recompile with -Xlint:deprecation for details.
[WARNING] /data/hive-ptest/working/apache-github-source-source/llap-server/src/java/org/apache/hadoop/hive/llap/shufflehandler/DirWatcher.java: Some input files use unchecked or unsafe operations.
[WARNING] /data/hive-ptest/working/apache-github-source-source/llap-server/src/java/org/apache/hadoop/hive/llap/shufflehandler/DirWatcher.java: Recompile with -Xlint:unchecked for details.
[INFO] 
[INFO] --- maven-resources-plugin:2.6:testResources (default-testResources) @ hive-llap-server ---
[INFO] Using &apos;UTF-8&apos; encoding to copy filtered resources.
[INFO] Copying 4 resources
[INFO] Copying 3 resources
[INFO] 
[INFO] --- maven-antrun-plugin:1.7:run (setup-test-dirs) @ hive-llap-server ---
[INFO] Executing tasks

main:
    [mkdir] Created dir: /data/hive-ptest/working/apache-github-source-source/llap-server/target/tmp
    [mkdir] Created dir: /data/hive-ptest/working/apache-github-source-source/llap-server/target/warehouse
    [mkdir] Created dir: /data/hive-ptest/working/apache-github-source-source/llap-server/target/tmp/conf
     [copy] Copying 15 files to /data/hive-ptest/working/apache-github-source-source/llap-server/target/tmp/conf
[INFO] Executed tasks
[INFO] 
[INFO] --- maven-compiler-plugin:3.1:testCompile (default-testCompile) @ hive-llap-server ---
[INFO] Compiling 13 source files to /data/hive-ptest/working/apache-github-source-source/llap-server/target/test-classes
[WARNING] /data/hive-ptest/working/apache-github-source-source/llap-server/src/test/org/apache/hadoop/hive/llap/daemon/impl/comparator/TestFirstInFirstOutComparator.java: Some input files use unchecked or unsafe operations.
[WARNING] /data/hive-ptest/working/apache-github-source-source/llap-server/src/test/org/apache/hadoop/hive/llap/daemon/impl/comparator/TestFirstInFirstOutComparator.java: Recompile with -Xlint:unchecked for details.
[INFO] 
[INFO] --- maven-surefire-plugin:2.16:test (default-test) @ hive-llap-server ---
[INFO] Tests are skipped.
[INFO] 
[INFO] --- maven-jar-plugin:2.2:jar (default-jar) @ hive-llap-server ---
[INFO] Building jar: /data/hive-ptest/working/apache-github-source-source/llap-server/target/hive-llap-server-2.1.0-SNAPSHOT.jar
[INFO] 
[INFO] --- maven-site-plugin:3.3:attach-descriptor (attach-descriptor) @ hive-llap-server ---
[INFO] 
[INFO] --- maven-jar-plugin:2.2:test-jar (default) @ hive-llap-server ---
[INFO] Building jar: /data/hive-ptest/working/apache-github-source-source/llap-server/target/hive-llap-server-2.1.0-SNAPSHOT-tests.jar
[INFO] 
[INFO] --- maven-install-plugin:2.4:install (default-install) @ hive-llap-server ---
[INFO] Installing /data/hive-ptest/working/apache-github-source-source/llap-server/target/hive-llap-server-2.1.0-SNAPSHOT.jar to /home/hiveptest/.m2/repository/org/apache/hive/hive-llap-server/2.1.0-SNAPSHOT/hive-llap-server-2.1.0-SNAPSHOT.jar
[INFO] Installing /data/hive-ptest/working/apache-github-source-source/llap-server/pom.xml to /home/hiveptest/.m2/repository/org/apache/hive/hive-llap-server/2.1.0-SNAPSHOT/hive-llap-server-2.1.0-SNAPSHOT.pom
[INFO] Installing /data/hive-ptest/working/apache-github-source-source/llap-server/target/hive-llap-server-2.1.0-SNAPSHOT-tests.jar to /home/hiveptest/.m2/repository/org/apache/hive/hive-llap-server/2.1.0-SNAPSHOT/hive-llap-server-2.1.0-SNAPSHOT-tests.jar
[INFO]                                                                         
[INFO] ------------------------------------------------------------------------
[INFO] Building Hive Service 2.1.0-SNAPSHOT
[INFO] ------------------------------------------------------------------------
Downloading: http://repository.apache.org/snapshots/org/apache/directory/client/ldap/ldap-client-api/0.1-SNAPSHOT/maven-metadata.xml

[WARNING] Could not transfer metadata org.apache.directory.client.ldap:ldap-client-api:0.1-SNAPSHOT/maven-metadata.xml from/to apache.snapshots (http://repository.apache.org/snapshots): Failed to transfer file: http://repository.apache.org/snapshots/org/apache/directory/client/ldap/ldap-client-api/0.1-SNAPSHOT/maven-metadata.xml. Return code is: 503 , ReasonPhrase:Service Unavailable.
[WARNING] Failure to transfer org.apache.directory.client.ldap:ldap-client-api:0.1-SNAPSHOT/maven-metadata.xml from http://repository.apache.org/snapshots was cached in the local repository, resolution will not be reattempted until the update interval of apache.snapshots has elapsed or updates are forced. Original error: Could not transfer metadata org.apache.directory.client.ldap:ldap-client-api:0.1-SNAPSHOT/maven-metadata.xml from/to apache.snapshots (http://repository.apache.org/snapshots): Failed to transfer file: http://repository.apache.org/snapshots/org/apache/directory/client/ldap/ldap-client-api/0.1-SNAPSHOT/maven-metadata.xml. Return code is: 503 , ReasonPhrase:Service Unavailable.
Downloading: http://repository.apache.org/snapshots/org/apache/directory/client/ldap/ldap-client-api/0.1-SNAPSHOT/ldap-client-api-0.1-SNAPSHOT.pom

[INFO] ------------------------------------------------------------------------
[INFO] Reactor Summary:
[INFO] 
[INFO] Hive .............................................. SUCCESS [3.187s]
[INFO] Hive Shims Common ................................. SUCCESS [4.499s]
[INFO] Hive Shims 0.23 ................................... SUCCESS [2.709s]
[INFO] Hive Shims Scheduler .............................. SUCCESS [0.791s]
[INFO] Hive Shims ........................................ SUCCESS [0.546s]
[INFO] Hive Storage API .................................. SUCCESS [1.602s]
[INFO] Hive ORC .......................................... SUCCESS [3.793s]
[INFO] Hive Common ....................................... SUCCESS [4.544s]
[INFO] Hive Service RPC .................................. SUCCESS [3.098s]
[INFO] Hive Serde ........................................ SUCCESS [4.409s]
[INFO] Hive Metastore .................................... SUCCESS [17.432s]
[INFO] Hive Ant Utilities ................................ SUCCESS [0.352s]
[INFO] Hive Llap Common .................................. SUCCESS [5.061s]
[INFO] Hive Llap Client .................................. SUCCESS [2.532s]
[INFO] Hive Llap Tez ..................................... SUCCESS [1.651s]
[INFO] Spark Remote Client ............................... SUCCESS [2.521s]
[INFO] Hive Query Language ............................... SUCCESS [50.720s]
[INFO] Hive Llap Server .................................. SUCCESS [2.739s]
[INFO] Hive Service ...................................... FAILURE [1:02.258s]
[INFO] Hive Accumulo Handler ............................. SKIPPED
[INFO] Hive JDBC ......................................... SKIPPED
[INFO] Hive Beeline ...................................... SKIPPED
[INFO] Hive CLI .......................................... SKIPPED
[INFO] Hive Contrib ...................................... SKIPPED
[INFO] Hive HBase Handler ................................ SKIPPED
[INFO] Hive HCatalog ..................................... SKIPPED
[INFO] Hive HCatalog Core ................................ SKIPPED
[INFO] Hive HCatalog Pig Adapter ......................... SKIPPED
[INFO] Hive HCatalog Server Extensions ................... SKIPPED
[INFO] Hive HCatalog Webhcat Java Client ................. SKIPPED
[INFO] Hive HCatalog Webhcat ............................. SKIPPED
[INFO] Hive HCatalog Streaming ........................... SKIPPED
[INFO] Hive HPL/SQL ...................................... SKIPPED
[INFO] Hive HWI .......................................... SKIPPED
[INFO] Hive Llap External Client ......................... SKIPPED
[INFO] Hive Shims Aggregator ............................. SKIPPED
[INFO] Hive TestUtils .................................... SKIPPED
[INFO] Hive Packaging .................................... SKIPPED
[INFO] ------------------------------------------------------------------------
[INFO] BUILD FAILURE
[INFO] ------------------------------------------------------------------------
[INFO] Total time: 2:55.515s
[INFO] Finished at: Sun May 15 01:30:31 GMT 2016
[INFO] Final Memory: 152M/836M
[INFO] ------------------------------------------------------------------------
[WARNING] The requested profile &quot;hadoop-1&quot; could not be activated because it does not exist.
[ERROR] Failed to execute goal on project hive-service: Could not resolve dependencies for project org.apache.hive:hive-service:jar:2.1.0-SNAPSHOT: Failed to collect dependencies for [org.apache.hive:hive-exec:jar:2.1.0-SNAPSHOT (compile), org.apache.hive:hive-metastore:jar:2.1.0-SNAPSHOT (compile), org.apache.hive:hive-service-rpc:jar:2.1.0-SNAPSHOT (compile), org.apache.hive:hive-llap-server:jar:2.1.0-SNAPSHOT (compile), commons-codec:commons-codec:jar:1.4 (compile), commons-cli:commons-cli:jar:1.2 (compile), net.sf.jpam:jpam:jar:1.1 (compile), commons-lang:commons-lang:jar:2.6 (compile), org.eclipse.jetty.aggregate:jetty-all:jar:7.6.0.v20120127 (compile), tomcat:jasper-compiler:jar:5.5.23 (compile), tomcat:jasper-runtime:jar:5.5.23 (compile), org.apache.thrift:libfb303:jar:0.9.3 (compile), org.apache.thrift:libthrift:jar:0.9.3 (compile), org.apache.curator:curator-framework:jar:2.6.0 (compile), org.apache.curator:curator-recipes:jar:2.6.0 (compile), org.apache.hadoop:hadoop-common:jar:2.6.0 (compile?), org.apache.hadoop:hadoop-mapreduce-client-core:jar:2.6.0 (compile?), org.jamon:jamon-runtime:jar:2.3.1 (compile), org.apache.hive:hive-exec:jar:tests:2.1.0-SNAPSHOT (test), org.apache.hive:hive-common:jar:tests:2.1.0-SNAPSHOT (test), junit:junit:jar:4.11 (test), org.apache.directory.client.ldap:ldap-client-api:jar:0.1 (test), org.apache.directory.server:apacheds-server-integ:jar:1.5.6 (test), org.apache.directory.server:apacheds-test-framework:jar:1.5.6 (test), org.slf4j:slf4j-api:jar:1.7.10 (compile)]: Failed to read artifact descriptor for org.apache.directory.client.ldap:ldap-client-api:jar:0.1-SNAPSHOT: Could not transfer artifact org.apache.directory.client.ldap:ldap-client-api:pom:0.1-SNAPSHOT from/to apache.snapshots (http://repository.apache.org/snapshots): Failed to transfer file: http://repository.apache.org/snapshots/org/apache/directory/client/ldap/ldap-client-api/0.1-SNAPSHOT/ldap-client-api-0.1-SNAPSHOT.pom. Return code is: 503 , ReasonPhrase:Service Unavailable. -&amp;gt; [Help 1]
[ERROR] 
[ERROR] To see the full stack trace of the errors, re-run Maven with the -e switch.
[ERROR] Re-run Maven using the -X switch to enable full debug logging.
[ERROR] 
[ERROR] For more information about the errors and possible solutions, please read the following articles:
[ERROR] [Help 1] http://cwiki.apache.org/confluence/display/MAVEN/DependencyResolutionException
[ERROR] 
[ERROR] After correcting the problems, you can resume the build with the command
[ERROR]   mvn &amp;lt;goals&amp;gt; -rf :hive-service
+ exit 1
&apos;
&lt;/pre&gt;
&lt;/div&gt;&lt;/div&gt;

&lt;p&gt;This message is automatically generated.&lt;/p&gt;

&lt;p&gt;ATTACHMENT ID: 12803879 - PreCommit-HIVE-MASTER-Build&lt;/p&gt;</comment>
                            <comment id="15284644" author="ngangam" created="Mon, 16 May 2016 14:28:21 +0000"  >&lt;p&gt;All the pre-commit build are failing because the binaries couldnt be downloaded from maven repo (perhaps it went down)&lt;/p&gt;
&lt;div class=&quot;code panel&quot; style=&quot;border-width: 1px;&quot;&gt;&lt;div class=&quot;codeContent panelContent&quot;&gt;
&lt;pre class=&quot;code-java&quot;&gt;01:24:16 Downloading: http:&lt;span class=&quot;code-comment&quot;&gt;//repository.apache.org/snapshots/org/apache/directory/client/ldap/ldap-client-api/0.1-SNAPSHOT/maven-metadata.xml
&lt;/span&gt;01:24:16 
01:24:16 [WARNING] Could not transfer metadata org.apache.directory.client.ldap:ldap-client-api:0.1-SNAPSHOT/maven-metadata.xml from/to apache.snapshots (http:&lt;span class=&quot;code-comment&quot;&gt;//repository.apache.org/snapshots): Failed to transfer file: http://repository.apache.org/snapshots/org/apache/directory/client/ldap/ldap-client-api/0.1-SNAPSHOT/maven-metadata.xml. Return code is: 503 , ReasonPhrase:Service Unavailable.
&lt;/span&gt;01:24:16 [WARNING] Failure to transfer org.apache.directory.client.ldap:ldap-client-api:0.1-SNAPSHOT/maven-metadata.xml from http:&lt;span class=&quot;code-comment&quot;&gt;//repository.apache.org/snapshots was cached in the local repository, resolution will not be reattempted until the update interval of apache.snapshots has elapsed or updates are forced. Original error: Could not transfer metadata org.apache.directory.client.ldap:ldap-client-api:0.1-SNAPSHOT/maven-metadata.xml from/to apache.snapshots (http://repository.apache.org/snapshots): Failed to transfer file: http://repository.apache.org/snapshots/org/apache/directory/client/ldap/ldap-client-api/0.1-SNAPSHOT/maven-metadata.xml. Return code is: 503 , ReasonPhrase:Service Unavailable.
&lt;/span&gt;01:24:16 Downloading: http:&lt;span class=&quot;code-comment&quot;&gt;//repository.apache.org/snapshots/org/apache/directory/client/ldap/ldap-client-api/0.1-SNAPSHOT/ldap-client-api-0.1-SNAPSHOT.pom&lt;/span&gt;
&lt;/pre&gt;
&lt;/div&gt;&lt;/div&gt;</comment>
                            <comment id="15284645" author="ngangam" created="Mon, 16 May 2016 14:28:48 +0000"  >&lt;p&gt;Re-attaching the patch.&lt;/p&gt;</comment>
                            <comment id="15285568" author="hiveqa" created="Mon, 16 May 2016 22:40:57 +0000"  >

&lt;p&gt;Here are the results of testing the latest attachment:&lt;br/&gt;
&lt;a href=&quot;https://issues.apache.org/jira/secure/attachment/12804179/HIVE-13502.3.patch&quot; class=&quot;external-link&quot; rel=&quot;nofollow&quot;&gt;https://issues.apache.org/jira/secure/attachment/12804179/HIVE-13502.3.patch&lt;/a&gt;&lt;/p&gt;

&lt;p&gt;&lt;font color=&quot;red&quot;&gt;ERROR:&lt;/font&gt; -1 due to build exiting with an error&lt;/p&gt;

&lt;p&gt;Test results: &lt;a href=&quot;http://ec2-54-177-240-2.us-west-1.compute.amazonaws.com/job/PreCommit-HIVE-MASTER-Build/300/testReport&quot; class=&quot;external-link&quot; target=&quot;_blank&quot; rel=&quot;nofollow noopener&quot;&gt;http://ec2-54-177-240-2.us-west-1.compute.amazonaws.com/job/PreCommit-HIVE-MASTER-Build/300/testReport&lt;/a&gt;&lt;br/&gt;
Console output: &lt;a href=&quot;http://ec2-54-177-240-2.us-west-1.compute.amazonaws.com/job/PreCommit-HIVE-MASTER-Build/300/console&quot; class=&quot;external-link&quot; target=&quot;_blank&quot; rel=&quot;nofollow noopener&quot;&gt;http://ec2-54-177-240-2.us-west-1.compute.amazonaws.com/job/PreCommit-HIVE-MASTER-Build/300/console&lt;/a&gt;&lt;br/&gt;
Test logs: &lt;a href=&quot;http://ec2-50-18-27-0.us-west-1.compute.amazonaws.com/logs/PreCommit-HIVE-MASTER-Build-300/&quot; class=&quot;external-link&quot; target=&quot;_blank&quot; rel=&quot;nofollow noopener&quot;&gt;http://ec2-50-18-27-0.us-west-1.compute.amazonaws.com/logs/PreCommit-HIVE-MASTER-Build-300/&lt;/a&gt;&lt;/p&gt;

&lt;p&gt;Messages:&lt;/p&gt;
&lt;div class=&quot;preformatted panel&quot; style=&quot;border-width: 1px;&quot;&gt;&lt;div class=&quot;preformattedContent panelContent&quot;&gt;
&lt;pre&gt;**** This message was trimmed, see log for full details ****
[WARNING] /data/hive-ptest/working/apache-github-source-source/itests/util/src/main/java/org/apache/hadoop/hive/hbase/HBaseQTestUtil.java: Some input files use or override a deprecated API.
[WARNING] /data/hive-ptest/working/apache-github-source-source/itests/util/src/main/java/org/apache/hadoop/hive/hbase/HBaseQTestUtil.java: Recompile with -Xlint:deprecation for details.
[INFO] 
[INFO] --- maven-resources-plugin:2.6:testResources (default-testResources) @ hive-it-util ---
[INFO] Using &apos;UTF-8&apos; encoding to copy filtered resources.
[INFO] skip non existing resourceDirectory /data/hive-ptest/working/apache-github-source-source/itests/util/src/test/resources
[INFO] Copying 3 resources
[INFO] 
[INFO] --- maven-antrun-plugin:1.7:run (setup-test-dirs) @ hive-it-util ---
[INFO] Executing tasks

main:
    [mkdir] Created dir: /data/hive-ptest/working/apache-github-source-source/itests/util/target/tmp
    [mkdir] Created dir: /data/hive-ptest/working/apache-github-source-source/itests/util/target/warehouse
    [mkdir] Created dir: /data/hive-ptest/working/apache-github-source-source/itests/util/target/tmp/conf
     [copy] Copying 15 files to /data/hive-ptest/working/apache-github-source-source/itests/util/target/tmp/conf
[INFO] Executed tasks
[INFO] 
[INFO] --- maven-compiler-plugin:3.1:testCompile (default-testCompile) @ hive-it-util ---
[INFO] No sources to compile
[INFO] 
[INFO] --- maven-surefire-plugin:2.16:test (default-test) @ hive-it-util ---
[INFO] Tests are skipped.
[INFO] 
[INFO] --- maven-jar-plugin:2.2:jar (default-jar) @ hive-it-util ---
[INFO] Building jar: /data/hive-ptest/working/apache-github-source-source/itests/util/target/hive-it-util-2.1.0-SNAPSHOT.jar
[INFO] 
[INFO] --- maven-site-plugin:3.3:attach-descriptor (attach-descriptor) @ hive-it-util ---
[INFO] 
[INFO] --- maven-install-plugin:2.4:install (default-install) @ hive-it-util ---
[INFO] Installing /data/hive-ptest/working/apache-github-source-source/itests/util/target/hive-it-util-2.1.0-SNAPSHOT.jar to /home/hiveptest/.m2/repository/org/apache/hive/hive-it-util/2.1.0-SNAPSHOT/hive-it-util-2.1.0-SNAPSHOT.jar
[INFO] Installing /data/hive-ptest/working/apache-github-source-source/itests/util/pom.xml to /home/hiveptest/.m2/repository/org/apache/hive/hive-it-util/2.1.0-SNAPSHOT/hive-it-util-2.1.0-SNAPSHOT.pom
[INFO]                                                                         
[INFO] ------------------------------------------------------------------------
[INFO] Building Hive Integration - Unit Tests 2.1.0-SNAPSHOT
[INFO] ------------------------------------------------------------------------
[INFO] 
[INFO] --- maven-clean-plugin:2.5:clean (default-clean) @ hive-it-unit ---
[INFO] Deleting /data/hive-ptest/working/apache-github-source-source/itests/hive-unit/target
[INFO] Deleting /data/hive-ptest/working/apache-github-source-source/itests/hive-unit (includes = [datanucleus.log, derby.log], excludes = [])
[INFO] 
[INFO] --- maven-enforcer-plugin:1.3.1:enforce (enforce-no-snapshots) @ hive-it-unit ---
[INFO] 
[INFO] --- maven-antrun-plugin:1.7:run (download-spark) @ hive-it-unit ---
[INFO] Executing tasks

main:
     [exec] + /bin/pwd
     [exec] + BASE_DIR=./target
     [exec] + HIVE_ROOT=./target/../../../
     [exec] + DOWNLOAD_DIR=./../thirdparty
     [exec] + mkdir -p ./../thirdparty
     [exec] /data/hive-ptest/working/apache-github-source-source/itests/hive-unit
     [exec] + download http://d3jw87u4immizc.cloudfront.net/spark-tarball/spark-1.6.0-bin-hadoop2-without-hive.tgz spark
     [exec] + url=http://d3jw87u4immizc.cloudfront.net/spark-tarball/spark-1.6.0-bin-hadoop2-without-hive.tgz
     [exec] + finalName=spark
     [exec] ++ basename http://d3jw87u4immizc.cloudfront.net/spark-tarball/spark-1.6.0-bin-hadoop2-without-hive.tgz
     [exec] + tarName=spark-1.6.0-bin-hadoop2-without-hive.tgz
     [exec] + rm -rf ./target/spark
     [exec] + [[ ! -f ./../thirdparty/spark-1.6.0-bin-hadoop2-without-hive.tgz ]]
     [exec] + tar -zxf ./../thirdparty/spark-1.6.0-bin-hadoop2-without-hive.tgz -C ./target
     [exec] + mv ./target/spark-1.6.0-bin-hadoop2-without-hive ./target/spark
     [exec] + cp -f ./target/../../..//data/conf/spark/log4j2.properties ./target/spark/conf/
[INFO] Executed tasks
[INFO] 
[INFO] --- maven-remote-resources-plugin:1.5:process (default) @ hive-it-unit ---
[INFO] 
[INFO] --- maven-resources-plugin:2.6:resources (default-resources) @ hive-it-unit ---
[INFO] Using &apos;UTF-8&apos; encoding to copy filtered resources.
[INFO] skip non existing resourceDirectory /data/hive-ptest/working/apache-github-source-source/itests/hive-unit/src/main/resources
[INFO] Copying 3 resources
[INFO] 
[INFO] --- maven-antrun-plugin:1.7:run (define-classpath) @ hive-it-unit ---
[INFO] Executing tasks

main:
[INFO] Executed tasks
[INFO] 
[INFO] --- maven-compiler-plugin:3.1:compile (default-compile) @ hive-it-unit ---
[INFO] Compiling 2 source files to /data/hive-ptest/working/apache-github-source-source/itests/hive-unit/target/classes
[INFO] 
[INFO] --- maven-resources-plugin:2.6:testResources (default-testResources) @ hive-it-unit ---
[INFO] Using &apos;UTF-8&apos; encoding to copy filtered resources.
[INFO] skip non existing resourceDirectory /data/hive-ptest/working/apache-github-source-source/itests/hive-unit/src/test/resources
[INFO] Copying 3 resources
[INFO] 
[INFO] --- maven-antrun-plugin:1.7:run (setup-test-dirs) @ hive-it-unit ---
[INFO] Executing tasks

main:
    [mkdir] Created dir: /data/hive-ptest/working/apache-github-source-source/itests/hive-unit/target/tmp
    [mkdir] Created dir: /data/hive-ptest/working/apache-github-source-source/itests/hive-unit/target/warehouse
    [mkdir] Created dir: /data/hive-ptest/working/apache-github-source-source/itests/hive-unit/target/tmp/conf
     [copy] Copying 15 files to /data/hive-ptest/working/apache-github-source-source/itests/hive-unit/target/tmp/conf
[INFO] Executed tasks
[INFO] 
[INFO] --- maven-antrun-plugin:1.7:run (setup-metastore-scripts) @ hive-it-unit ---
[INFO] Executing tasks

main:
    [mkdir] Created dir: /data/hive-ptest/working/apache-github-source-source/itests/hive-unit/target/tmp/scripts/metastore
     [copy] Copying 318 files to /data/hive-ptest/working/apache-github-source-source/itests/hive-unit/target/tmp/scripts/metastore
[INFO] Executed tasks
[INFO] 
[INFO] --- maven-compiler-plugin:3.1:testCompile (default-testCompile) @ hive-it-unit ---
[INFO] Compiling 106 source files to /data/hive-ptest/working/apache-github-source-source/itests/hive-unit/target/test-classes
[INFO] -------------------------------------------------------------
[ERROR] COMPILATION ERROR : 
[INFO] -------------------------------------------------------------
[ERROR] /data/hive-ptest/working/apache-github-source-source/itests/hive-unit/src/test/java/org/apache/hive/beeline/TestBeeLineWithArgs.java:[847,4] illegal start of type
[ERROR] /data/hive-ptest/working/apache-github-source-source/itests/hive-unit/src/test/java/org/apache/hive/beeline/TestBeeLineWithArgs.java:[847,5] &apos;;&apos; expected
[ERROR] /data/hive-ptest/working/apache-github-source-source/itests/hive-unit/src/test/java/org/apache/hive/beeline/TestBeeLineWithArgs.java:[847,24] &apos;;&apos; expected
[ERROR] /data/hive-ptest/working/apache-github-source-source/itests/hive-unit/src/test/java/org/apache/hive/beeline/TestBeeLineWithArgs.java:[847,33] &apos;;&apos; expected
[ERROR] /data/hive-ptest/working/apache-github-source-source/itests/hive-unit/src/test/java/org/apache/hive/beeline/TestBeeLineWithArgs.java:[847,45] &apos;;&apos; expected
[ERROR] /data/hive-ptest/working/apache-github-source-source/itests/hive-unit/src/test/java/org/apache/hive/beeline/TestBeeLineWithArgs.java:[847,54] &apos;;&apos; expected
[ERROR] /data/hive-ptest/working/apache-github-source-source/itests/hive-unit/src/test/java/org/apache/hive/beeline/TestBeeLineWithArgs.java:[847,63] &apos;;&apos; expected
[ERROR] /data/hive-ptest/working/apache-github-source-source/itests/hive-unit/src/test/java/org/apache/hive/beeline/TestBeeLineWithArgs.java:[847,68] &amp;lt;identifier&amp;gt; expected
[ERROR] /data/hive-ptest/working/apache-github-source-source/itests/hive-unit/src/test/java/org/apache/hive/beeline/TestBeeLineWithArgs.java:[847,89] &apos;;&apos; expected
[ERROR] /data/hive-ptest/working/apache-github-source-source/itests/hive-unit/src/test/java/org/apache/hive/beeline/TestBeeLineWithArgs.java:[847,96] &apos;;&apos; expected
[ERROR] /data/hive-ptest/working/apache-github-source-source/itests/hive-unit/src/test/java/org/apache/hive/beeline/TestBeeLineWithArgs.java:[848,10] &amp;lt;identifier&amp;gt; expected
[ERROR] /data/hive-ptest/working/apache-github-source-source/itests/hive-unit/src/test/java/org/apache/hive/beeline/TestBeeLineWithArgs.java:[848,26] &apos;;&apos; expected
[ERROR] /data/hive-ptest/working/apache-github-source-source/itests/hive-unit/src/test/java/org/apache/hive/beeline/TestBeeLineWithArgs.java:[848,38] &apos;;&apos; expected
[ERROR] /data/hive-ptest/working/apache-github-source-source/itests/hive-unit/src/test/java/org/apache/hive/beeline/TestBeeLineWithArgs.java:[848,46] &amp;lt;identifier&amp;gt; expected
[ERROR] /data/hive-ptest/working/apache-github-source-source/itests/hive-unit/src/test/java/org/apache/hive/beeline/TestBeeLineWithArgs.java:[849,12] &apos;;&apos; expected
[ERROR] /data/hive-ptest/working/apache-github-source-source/itests/hive-unit/src/test/java/org/apache/hive/beeline/TestBeeLineWithArgs.java:[849,13] invalid method declaration; return type required
[ERROR] /data/hive-ptest/working/apache-github-source-source/itests/hive-unit/src/test/java/org/apache/hive/beeline/TestBeeLineWithArgs.java:[849,30] &apos;)&apos; expected
[ERROR] /data/hive-ptest/working/apache-github-source-source/itests/hive-unit/src/test/java/org/apache/hive/beeline/TestBeeLineWithArgs.java:[849,37] illegal start of type
[ERROR] /data/hive-ptest/working/apache-github-source-source/itests/hive-unit/src/test/java/org/apache/hive/beeline/TestBeeLineWithArgs.java:[849,38] &amp;lt;identifier&amp;gt; expected
[ERROR] /data/hive-ptest/working/apache-github-source-source/itests/hive-unit/src/test/java/org/apache/hive/beeline/TestBeeLineWithArgs.java:[849,39] &apos;;&apos; expected
[ERROR] /data/hive-ptest/working/apache-github-source-source/itests/hive-unit/src/test/java/org/apache/hive/beeline/TestBeeLineWithArgs.java:[849,45] illegal start of type
[ERROR] /data/hive-ptest/working/apache-github-source-source/itests/hive-unit/src/test/java/org/apache/hive/beeline/TestBeeLineWithArgs.java:[849,51] &apos;;&apos; expected
[ERROR] /data/hive-ptest/working/apache-github-source-source/itests/hive-unit/src/test/java/org/apache/hive/beeline/TestBeeLineWithArgs.java:[849,57] &amp;lt;identifier&amp;gt; expected
[ERROR] /data/hive-ptest/working/apache-github-source-source/itests/hive-unit/src/test/java/org/apache/hive/beeline/TestBeeLineWithArgs.java:[850,18] &apos;;&apos; expected
[ERROR] /data/hive-ptest/working/apache-github-source-source/itests/hive-unit/src/test/java/org/apache/hive/beeline/TestBeeLineWithArgs.java:[850,28] &apos;;&apos; expected
[INFO] 25 errors 
[INFO] -------------------------------------------------------------
[INFO] ------------------------------------------------------------------------
[INFO] Reactor Summary:
[INFO] 
[INFO] Hive Integration - Parent ......................... SUCCESS [2.504s]
[INFO] Hive Integration - Custom Serde ................... SUCCESS [5.054s]
[INFO] Hive Integration - Custom udfs .................... SUCCESS [1.105s]
[INFO] Hive Integration - Custom UDFs - udf-classloader-util  SUCCESS [1.420s]
[INFO] Hive Integration - Custom UDFs - udf-classloader-udf1  SUCCESS [1.340s]
[INFO] Hive Integration - Custom UDFs - udf-classloader-udf2  SUCCESS [0.890s]
[INFO] Hive Integration - HCatalog Unit Tests ............ SUCCESS [5.619s]
[INFO] Hive Integration - Testing Utilities .............. SUCCESS [4.706s]
[INFO] Hive Integration - Unit Tests ..................... FAILURE [7.409s]
[INFO] Hive Integration - Test Serde ..................... SKIPPED
[INFO] Hive Integration - QFile Tests .................... SKIPPED
[INFO] Hive Integration - QFile Accumulo Tests ........... SKIPPED
[INFO] JMH benchmark: Hive ............................... SKIPPED
[INFO] Hive Integration - Unit Tests - Hadoop 2 .......... SKIPPED
[INFO] Hive Integration - Unit Tests with miniKdc ........ SKIPPED
[INFO] Hive Integration - QFile Spark Tests .............. SKIPPED
[INFO] ------------------------------------------------------------------------
[INFO] BUILD FAILURE
[INFO] ------------------------------------------------------------------------
[INFO] Total time: 31.709s
[INFO] Finished at: Mon May 16 22:41:49 GMT 2016
[INFO] Final Memory: 96M/780M
[INFO] ------------------------------------------------------------------------
[WARNING] The requested profile &quot;hadoop-1&quot; could not be activated because it does not exist.
[ERROR] Failed to execute goal org.apache.maven.plugins:maven-compiler-plugin:3.1:testCompile (default-testCompile) on project hive-it-unit: Compilation failure: Compilation failure:
[ERROR] /data/hive-ptest/working/apache-github-source-source/itests/hive-unit/src/test/java/org/apache/hive/beeline/TestBeeLineWithArgs.java:[847,4] illegal start of type
[ERROR] /data/hive-ptest/working/apache-github-source-source/itests/hive-unit/src/test/java/org/apache/hive/beeline/TestBeeLineWithArgs.java:[847,5] &apos;;&apos; expected
[ERROR] /data/hive-ptest/working/apache-github-source-source/itests/hive-unit/src/test/java/org/apache/hive/beeline/TestBeeLineWithArgs.java:[847,24] &apos;;&apos; expected
[ERROR] /data/hive-ptest/working/apache-github-source-source/itests/hive-unit/src/test/java/org/apache/hive/beeline/TestBeeLineWithArgs.java:[847,33] &apos;;&apos; expected
[ERROR] /data/hive-ptest/working/apache-github-source-source/itests/hive-unit/src/test/java/org/apache/hive/beeline/TestBeeLineWithArgs.java:[847,45] &apos;;&apos; expected
[ERROR] /data/hive-ptest/working/apache-github-source-source/itests/hive-unit/src/test/java/org/apache/hive/beeline/TestBeeLineWithArgs.java:[847,54] &apos;;&apos; expected
[ERROR] /data/hive-ptest/working/apache-github-source-source/itests/hive-unit/src/test/java/org/apache/hive/beeline/TestBeeLineWithArgs.java:[847,63] &apos;;&apos; expected
[ERROR] /data/hive-ptest/working/apache-github-source-source/itests/hive-unit/src/test/java/org/apache/hive/beeline/TestBeeLineWithArgs.java:[847,68] &amp;lt;identifier&amp;gt; expected
[ERROR] /data/hive-ptest/working/apache-github-source-source/itests/hive-unit/src/test/java/org/apache/hive/beeline/TestBeeLineWithArgs.java:[847,89] &apos;;&apos; expected
[ERROR] /data/hive-ptest/working/apache-github-source-source/itests/hive-unit/src/test/java/org/apache/hive/beeline/TestBeeLineWithArgs.java:[847,96] &apos;;&apos; expected
[ERROR] /data/hive-ptest/working/apache-github-source-source/itests/hive-unit/src/test/java/org/apache/hive/beeline/TestBeeLineWithArgs.java:[848,10] &amp;lt;identifier&amp;gt; expected
[ERROR] /data/hive-ptest/working/apache-github-source-source/itests/hive-unit/src/test/java/org/apache/hive/beeline/TestBeeLineWithArgs.java:[848,26] &apos;;&apos; expected
[ERROR] /data/hive-ptest/working/apache-github-source-source/itests/hive-unit/src/test/java/org/apache/hive/beeline/TestBeeLineWithArgs.java:[848,38] &apos;;&apos; expected
[ERROR] /data/hive-ptest/working/apache-github-source-source/itests/hive-unit/src/test/java/org/apache/hive/beeline/TestBeeLineWithArgs.java:[848,46] &amp;lt;identifier&amp;gt; expected
[ERROR] /data/hive-ptest/working/apache-github-source-source/itests/hive-unit/src/test/java/org/apache/hive/beeline/TestBeeLineWithArgs.java:[849,12] &apos;;&apos; expected
[ERROR] /data/hive-ptest/working/apache-github-source-source/itests/hive-unit/src/test/java/org/apache/hive/beeline/TestBeeLineWithArgs.java:[849,13] invalid method declaration; return type required
[ERROR] /data/hive-ptest/working/apache-github-source-source/itests/hive-unit/src/test/java/org/apache/hive/beeline/TestBeeLineWithArgs.java:[849,30] &apos;)&apos; expected
[ERROR] /data/hive-ptest/working/apache-github-source-source/itests/hive-unit/src/test/java/org/apache/hive/beeline/TestBeeLineWithArgs.java:[849,37] illegal start of type
[ERROR] /data/hive-ptest/working/apache-github-source-source/itests/hive-unit/src/test/java/org/apache/hive/beeline/TestBeeLineWithArgs.java:[849,38] &amp;lt;identifier&amp;gt; expected
[ERROR] /data/hive-ptest/working/apache-github-source-source/itests/hive-unit/src/test/java/org/apache/hive/beeline/TestBeeLineWithArgs.java:[849,39] &apos;;&apos; expected
[ERROR] /data/hive-ptest/working/apache-github-source-source/itests/hive-unit/src/test/java/org/apache/hive/beeline/TestBeeLineWithArgs.java:[849,45] illegal start of type
[ERROR] /data/hive-ptest/working/apache-github-source-source/itests/hive-unit/src/test/java/org/apache/hive/beeline/TestBeeLineWithArgs.java:[849,51] &apos;;&apos; expected
[ERROR] /data/hive-ptest/working/apache-github-source-source/itests/hive-unit/src/test/java/org/apache/hive/beeline/TestBeeLineWithArgs.java:[849,57] &amp;lt;identifier&amp;gt; expected
[ERROR] /data/hive-ptest/working/apache-github-source-source/itests/hive-unit/src/test/java/org/apache/hive/beeline/TestBeeLineWithArgs.java:[850,18] &apos;;&apos; expected
[ERROR] /data/hive-ptest/working/apache-github-source-source/itests/hive-unit/src/test/java/org/apache/hive/beeline/TestBeeLineWithArgs.java:[850,28] &apos;;&apos; expected
[ERROR] -&amp;gt; [Help 1]
[ERROR] 
[ERROR] To see the full stack trace of the errors, re-run Maven with the -e switch.
[ERROR] Re-run Maven using the -X switch to enable full debug logging.
[ERROR] 
[ERROR] For more information about the errors and possible solutions, please read the following articles:
[ERROR] [Help 1] http://cwiki.apache.org/confluence/display/MAVEN/MojoFailureException
[ERROR] 
[ERROR] After correcting the problems, you can resume the build with the command
[ERROR]   mvn &amp;lt;goals&amp;gt; -rf :hive-it-unit
&apos;
&lt;/pre&gt;
&lt;/div&gt;&lt;/div&gt;

&lt;p&gt;This message is automatically generated.&lt;/p&gt;

&lt;p&gt;ATTACHMENT ID: 12804179 - PreCommit-HIVE-MASTER-Build&lt;/p&gt;</comment>
                            <comment id="15286079" author="ngangam" created="Tue, 17 May 2016 05:29:06 +0000"  >&lt;p&gt;The previous patch caused a build failure in the test class when resolving a conflict during rebase.&lt;/p&gt;</comment>
                            <comment id="15289566" author="hiveqa" created="Wed, 18 May 2016 18:45:47 +0000"  >

&lt;p&gt;Here are the results of testing the latest attachment:&lt;br/&gt;
&lt;a href=&quot;https://issues.apache.org/jira/secure/attachment/12804348/HIVE-13502.4.patch&quot; class=&quot;external-link&quot; rel=&quot;nofollow&quot;&gt;https://issues.apache.org/jira/secure/attachment/12804348/HIVE-13502.4.patch&lt;/a&gt;&lt;/p&gt;

&lt;p&gt;&lt;font color=&quot;red&quot;&gt;ERROR:&lt;/font&gt; -1 due to build exiting with an error&lt;/p&gt;

&lt;p&gt;Test results: &lt;a href=&quot;http://ec2-54-177-240-2.us-west-1.compute.amazonaws.com/job/PreCommit-HIVE-MASTER-Build/317/testReport&quot; class=&quot;external-link&quot; target=&quot;_blank&quot; rel=&quot;nofollow noopener&quot;&gt;http://ec2-54-177-240-2.us-west-1.compute.amazonaws.com/job/PreCommit-HIVE-MASTER-Build/317/testReport&lt;/a&gt;&lt;br/&gt;
Console output: &lt;a href=&quot;http://ec2-54-177-240-2.us-west-1.compute.amazonaws.com/job/PreCommit-HIVE-MASTER-Build/317/console&quot; class=&quot;external-link&quot; target=&quot;_blank&quot; rel=&quot;nofollow noopener&quot;&gt;http://ec2-54-177-240-2.us-west-1.compute.amazonaws.com/job/PreCommit-HIVE-MASTER-Build/317/console&lt;/a&gt;&lt;br/&gt;
Test logs: &lt;a href=&quot;http://ec2-50-18-27-0.us-west-1.compute.amazonaws.com/logs/PreCommit-HIVE-MASTER-Build-317/&quot; class=&quot;external-link&quot; target=&quot;_blank&quot; rel=&quot;nofollow noopener&quot;&gt;http://ec2-50-18-27-0.us-west-1.compute.amazonaws.com/logs/PreCommit-HIVE-MASTER-Build-317/&lt;/a&gt;&lt;/p&gt;

&lt;p&gt;Messages:&lt;/p&gt;
&lt;div class=&quot;preformatted panel&quot; style=&quot;border-width: 1px;&quot;&gt;&lt;div class=&quot;preformattedContent panelContent&quot;&gt;
&lt;pre&gt;**** This message was trimmed, see log for full details ****
[INFO] 
[INFO] --- maven-clean-plugin:2.5:clean (default-clean) @ hive-it-util ---
[INFO] Deleting /data/hive-ptest/working/apache-github-source-source/itests/util/target
[INFO] Deleting /data/hive-ptest/working/apache-github-source-source/itests/util (includes = [datanucleus.log, derby.log], excludes = [])
[INFO] 
[INFO] --- maven-enforcer-plugin:1.3.1:enforce (enforce-no-snapshots) @ hive-it-util ---
[INFO] 
[INFO] --- maven-antrun-plugin:1.7:run (download-spark) @ hive-it-util ---
[INFO] Executing tasks

main:
[INFO] Executed tasks
[INFO] 
[INFO] --- maven-remote-resources-plugin:1.5:process (default) @ hive-it-util ---
[INFO] 
[INFO] --- maven-resources-plugin:2.6:resources (default-resources) @ hive-it-util ---
[INFO] Using &apos;UTF-8&apos; encoding to copy filtered resources.
[INFO] skip non existing resourceDirectory /data/hive-ptest/working/apache-github-source-source/itests/util/src/main/resources
[INFO] Copying 3 resources
[INFO] 
[INFO] --- maven-antrun-plugin:1.7:run (define-classpath) @ hive-it-util ---
[INFO] Executing tasks

main:
[INFO] Executed tasks
[INFO] 
[INFO] --- maven-compiler-plugin:3.1:compile (default-compile) @ hive-it-util ---
[INFO] Compiling 52 source files to /data/hive-ptest/working/apache-github-source-source/itests/util/target/classes
[WARNING] /data/hive-ptest/working/apache-github-source-source/itests/util/src/main/java/org/apache/hadoop/hive/hbase/HBaseQTestUtil.java: Some input files use or override a deprecated API.
[WARNING] /data/hive-ptest/working/apache-github-source-source/itests/util/src/main/java/org/apache/hadoop/hive/hbase/HBaseQTestUtil.java: Recompile with -Xlint:deprecation for details.
[INFO] 
[INFO] --- maven-resources-plugin:2.6:testResources (default-testResources) @ hive-it-util ---
[INFO] Using &apos;UTF-8&apos; encoding to copy filtered resources.
[INFO] skip non existing resourceDirectory /data/hive-ptest/working/apache-github-source-source/itests/util/src/test/resources
[INFO] Copying 3 resources
[INFO] 
[INFO] --- maven-antrun-plugin:1.7:run (setup-test-dirs) @ hive-it-util ---
[INFO] Executing tasks

main:
    [mkdir] Created dir: /data/hive-ptest/working/apache-github-source-source/itests/util/target/tmp
    [mkdir] Created dir: /data/hive-ptest/working/apache-github-source-source/itests/util/target/warehouse
    [mkdir] Created dir: /data/hive-ptest/working/apache-github-source-source/itests/util/target/tmp/conf
     [copy] Copying 15 files to /data/hive-ptest/working/apache-github-source-source/itests/util/target/tmp/conf
[INFO] Executed tasks
[INFO] 
[INFO] --- maven-compiler-plugin:3.1:testCompile (default-testCompile) @ hive-it-util ---
[INFO] No sources to compile
[INFO] 
[INFO] --- maven-surefire-plugin:2.16:test (default-test) @ hive-it-util ---
[INFO] Tests are skipped.
[INFO] 
[INFO] --- maven-jar-plugin:2.2:jar (default-jar) @ hive-it-util ---
[INFO] Building jar: /data/hive-ptest/working/apache-github-source-source/itests/util/target/hive-it-util-2.1.0-SNAPSHOT.jar
[INFO] 
[INFO] --- maven-site-plugin:3.3:attach-descriptor (attach-descriptor) @ hive-it-util ---
[INFO] 
[INFO] --- maven-install-plugin:2.4:install (default-install) @ hive-it-util ---
[INFO] Installing /data/hive-ptest/working/apache-github-source-source/itests/util/target/hive-it-util-2.1.0-SNAPSHOT.jar to /home/hiveptest/.m2/repository/org/apache/hive/hive-it-util/2.1.0-SNAPSHOT/hive-it-util-2.1.0-SNAPSHOT.jar
[INFO] Installing /data/hive-ptest/working/apache-github-source-source/itests/util/pom.xml to /home/hiveptest/.m2/repository/org/apache/hive/hive-it-util/2.1.0-SNAPSHOT/hive-it-util-2.1.0-SNAPSHOT.pom
[INFO]                                                                         
[INFO] ------------------------------------------------------------------------
[INFO] Building Hive Integration - Unit Tests 2.1.0-SNAPSHOT
[INFO] ------------------------------------------------------------------------
[INFO] 
[INFO] --- maven-clean-plugin:2.5:clean (default-clean) @ hive-it-unit ---
[INFO] Deleting /data/hive-ptest/working/apache-github-source-source/itests/hive-unit/target
[INFO] Deleting /data/hive-ptest/working/apache-github-source-source/itests/hive-unit (includes = [datanucleus.log, derby.log], excludes = [])
[INFO] 
[INFO] --- maven-enforcer-plugin:1.3.1:enforce (enforce-no-snapshots) @ hive-it-unit ---
[INFO] 
[INFO] --- maven-antrun-plugin:1.7:run (download-spark) @ hive-it-unit ---
[INFO] Executing tasks

main:
     [exec] + /bin/pwd
     [exec] + BASE_DIR=./target
     [exec] + HIVE_ROOT=./target/../../../
     [exec] + DOWNLOAD_DIR=./../thirdparty
     [exec] + mkdir -p ./../thirdparty
     [exec] /data/hive-ptest/working/apache-github-source-source/itests/hive-unit
     [exec] + download http://d3jw87u4immizc.cloudfront.net/spark-tarball/spark-1.6.0-bin-hadoop2-without-hive.tgz spark
     [exec] + url=http://d3jw87u4immizc.cloudfront.net/spark-tarball/spark-1.6.0-bin-hadoop2-without-hive.tgz
     [exec] + finalName=spark
     [exec] ++ basename http://d3jw87u4immizc.cloudfront.net/spark-tarball/spark-1.6.0-bin-hadoop2-without-hive.tgz
     [exec] + tarName=spark-1.6.0-bin-hadoop2-without-hive.tgz
     [exec] + rm -rf ./target/spark
     [exec] + [[ ! -f ./../thirdparty/spark-1.6.0-bin-hadoop2-without-hive.tgz ]]
     [exec] + tar -zxf ./../thirdparty/spark-1.6.0-bin-hadoop2-without-hive.tgz -C ./target
     [exec] + mv ./target/spark-1.6.0-bin-hadoop2-without-hive ./target/spark
     [exec] + cp -f ./target/../../..//data/conf/spark/log4j2.properties ./target/spark/conf/
[INFO] Executed tasks
[INFO] 
[INFO] --- maven-remote-resources-plugin:1.5:process (default) @ hive-it-unit ---
[INFO] 
[INFO] --- maven-resources-plugin:2.6:resources (default-resources) @ hive-it-unit ---
[INFO] Using &apos;UTF-8&apos; encoding to copy filtered resources.
[INFO] skip non existing resourceDirectory /data/hive-ptest/working/apache-github-source-source/itests/hive-unit/src/main/resources
[INFO] Copying 3 resources
[INFO] 
[INFO] --- maven-antrun-plugin:1.7:run (define-classpath) @ hive-it-unit ---
[INFO] Executing tasks

main:
[INFO] Executed tasks
[INFO] 
[INFO] --- maven-compiler-plugin:3.1:compile (default-compile) @ hive-it-unit ---
[INFO] Compiling 2 source files to /data/hive-ptest/working/apache-github-source-source/itests/hive-unit/target/classes
[INFO] 
[INFO] --- maven-resources-plugin:2.6:testResources (default-testResources) @ hive-it-unit ---
[INFO] Using &apos;UTF-8&apos; encoding to copy filtered resources.
[INFO] skip non existing resourceDirectory /data/hive-ptest/working/apache-github-source-source/itests/hive-unit/src/test/resources
[INFO] Copying 3 resources
[INFO] 
[INFO] --- maven-antrun-plugin:1.7:run (setup-test-dirs) @ hive-it-unit ---
[INFO] Executing tasks

main:
    [mkdir] Created dir: /data/hive-ptest/working/apache-github-source-source/itests/hive-unit/target/tmp
    [mkdir] Created dir: /data/hive-ptest/working/apache-github-source-source/itests/hive-unit/target/warehouse
    [mkdir] Created dir: /data/hive-ptest/working/apache-github-source-source/itests/hive-unit/target/tmp/conf
     [copy] Copying 15 files to /data/hive-ptest/working/apache-github-source-source/itests/hive-unit/target/tmp/conf
[INFO] Executed tasks
[INFO] 
[INFO] --- maven-antrun-plugin:1.7:run (setup-metastore-scripts) @ hive-it-unit ---
[INFO] Executing tasks

main:
    [mkdir] Created dir: /data/hive-ptest/working/apache-github-source-source/itests/hive-unit/target/tmp/scripts/metastore
     [copy] Copying 318 files to /data/hive-ptest/working/apache-github-source-source/itests/hive-unit/target/tmp/scripts/metastore
[INFO] Executed tasks
[INFO] 
[INFO] --- maven-compiler-plugin:3.1:testCompile (default-testCompile) @ hive-it-unit ---
[INFO] Compiling 106 source files to /data/hive-ptest/working/apache-github-source-source/itests/hive-unit/target/test-classes
[INFO] -------------------------------------------------------------
[WARNING] COMPILATION WARNING : 
[INFO] -------------------------------------------------------------
[WARNING] /data/hive-ptest/working/apache-github-source-source/itests/hive-unit/src/test/java/org/apache/hadoop/hive/metastore/TestRetryingHMSHandler.java: Some input files use or override a deprecated API.
[WARNING] /data/hive-ptest/working/apache-github-source-source/itests/hive-unit/src/test/java/org/apache/hadoop/hive/metastore/TestRetryingHMSHandler.java: Recompile with -Xlint:deprecation for details.
[WARNING] /data/hive-ptest/working/apache-github-source-source/itests/hive-unit/src/test/java/org/apache/hadoop/hive/metastore/TestHiveMetaStore.java: Some input files use unchecked or unsafe operations.
[WARNING] /data/hive-ptest/working/apache-github-source-source/itests/hive-unit/src/test/java/org/apache/hadoop/hive/metastore/TestHiveMetaStore.java: Recompile with -Xlint:unchecked for details.
[INFO] 4 warnings 
[INFO] -------------------------------------------------------------
[INFO] -------------------------------------------------------------
[ERROR] COMPILATION ERROR : 
[INFO] -------------------------------------------------------------
[ERROR] /data/hive-ptest/working/apache-github-source-source/itests/hive-unit/src/test/java/org/apache/hive/beeline/TestBeeLineWithArgs.java:[659,37] cannot find symbol
  symbol:   variable BEELINE_DEFAULT_JDBC_URL
  location: class org.apache.hive.beeline.BeeLine
[ERROR] /data/hive-ptest/working/apache-github-source-source/itests/hive-unit/src/test/java/org/apache/hive/beeline/TestBeeLineWithArgs.java:[774,37] cannot find symbol
  symbol:   variable BEELINE_DEFAULT_JDBC_URL
  location: class org.apache.hive.beeline.BeeLine
[INFO] 2 errors 
[INFO] -------------------------------------------------------------
[INFO] ------------------------------------------------------------------------
[INFO] Reactor Summary:
[INFO] 
[INFO] Hive Integration - Parent ......................... SUCCESS [2.650s]
[INFO] Hive Integration - Custom Serde ................... SUCCESS [4.930s]
[INFO] Hive Integration - Custom udfs .................... SUCCESS [1.020s]
[INFO] Hive Integration - Custom UDFs - udf-classloader-util  SUCCESS [1.374s]
[INFO] Hive Integration - Custom UDFs - udf-classloader-udf1  SUCCESS [1.169s]
[INFO] Hive Integration - Custom UDFs - udf-classloader-udf2  SUCCESS [0.965s]
[INFO] Hive Integration - HCatalog Unit Tests ............ SUCCESS [5.922s]
[INFO] Hive Integration - Testing Utilities .............. SUCCESS [5.240s]
[INFO] Hive Integration - Unit Tests ..................... FAILURE [10.280s]
[INFO] Hive Integration - Test Serde ..................... SKIPPED
[INFO] Hive Integration - QFile Tests .................... SKIPPED
[INFO] Hive Integration - QFile Accumulo Tests ........... SKIPPED
[INFO] JMH benchmark: Hive ............................... SKIPPED
[INFO] Hive Integration - Unit Tests - Hadoop 2 .......... SKIPPED
[INFO] Hive Integration - Unit Tests with miniKdc ........ SKIPPED
[INFO] Hive Integration - QFile Spark Tests .............. SKIPPED
[INFO] ------------------------------------------------------------------------
[INFO] BUILD FAILURE
[INFO] ------------------------------------------------------------------------
[INFO] Total time: 35.031s
[INFO] Finished at: Wed May 18 18:46:43 GMT 2016
[INFO] Final Memory: 104M/782M
[INFO] ------------------------------------------------------------------------
[WARNING] The requested profile &quot;hadoop-1&quot; could not be activated because it does not exist.
[ERROR] Failed to execute goal org.apache.maven.plugins:maven-compiler-plugin:3.1:testCompile (default-testCompile) on project hive-it-unit: Compilation failure: Compilation failure:
[ERROR] /data/hive-ptest/working/apache-github-source-source/itests/hive-unit/src/test/java/org/apache/hive/beeline/TestBeeLineWithArgs.java:[659,37] cannot find symbol
[ERROR] symbol:   variable BEELINE_DEFAULT_JDBC_URL
[ERROR] location: class org.apache.hive.beeline.BeeLine
[ERROR] /data/hive-ptest/working/apache-github-source-source/itests/hive-unit/src/test/java/org/apache/hive/beeline/TestBeeLineWithArgs.java:[774,37] cannot find symbol
[ERROR] symbol:   variable BEELINE_DEFAULT_JDBC_URL
[ERROR] location: class org.apache.hive.beeline.BeeLine
[ERROR] -&amp;gt; [Help 1]
[ERROR] 
[ERROR] To see the full stack trace of the errors, re-run Maven with the -e switch.
[ERROR] Re-run Maven using the -X switch to enable full debug logging.
[ERROR] 
[ERROR] For more information about the errors and possible solutions, please read the following articles:
[ERROR] [Help 1] http://cwiki.apache.org/confluence/display/MAVEN/MojoFailureException
[ERROR] 
[ERROR] After correcting the problems, you can resume the build with the command
[ERROR]   mvn &amp;lt;goals&amp;gt; -rf :hive-it-unit
+ exit 1
&apos;
&lt;/pre&gt;
&lt;/div&gt;&lt;/div&gt;

&lt;p&gt;This message is automatically generated.&lt;/p&gt;

&lt;p&gt;ATTACHMENT ID: 12804348 - PreCommit-HIVE-MASTER-Build&lt;/p&gt;</comment>
                            <comment id="15291381" author="ngangam" created="Thu, 19 May 2016 16:09:26 +0000"  >&lt;p&gt;Re-attaching the same patch as the prior did not get picked up by the pre-commit build. &lt;/p&gt;</comment>
                            <comment id="15293806" author="hiveqa" created="Fri, 20 May 2016 17:35:09 +0000"  >

&lt;p&gt;Here are the results of testing the latest attachment:&lt;br/&gt;
&lt;a href=&quot;https://issues.apache.org/jira/secure/attachment/12804965/HIVE-13502.5.patch&quot; class=&quot;external-link&quot; rel=&quot;nofollow&quot;&gt;https://issues.apache.org/jira/secure/attachment/12804965/HIVE-13502.5.patch&lt;/a&gt;&lt;/p&gt;

&lt;p&gt;&lt;font color=&quot;green&quot;&gt;SUCCESS:&lt;/font&gt; +1 due to 1 test(s) being added or modified.&lt;/p&gt;

&lt;p&gt;&lt;font color=&quot;red&quot;&gt;ERROR:&lt;/font&gt; -1 due to 44 failed/errored test(s), 9314 tests executed&lt;br/&gt;
&lt;b&gt;Failed tests:&lt;/b&gt;&lt;/p&gt;
&lt;div class=&quot;preformatted panel&quot; style=&quot;border-width: 1px;&quot;&gt;&lt;div class=&quot;preformattedContent panelContent&quot;&gt;
&lt;pre&gt;TestHWISessionManager - did not produce a TEST-*.xml file
TestMiniTezCliDriver-script_pipe.q-vector_decimal_aggregate.q-vector_data_types.q-and-12-more - did not produce a TEST-*.xml file
TestMiniTezCliDriver-tez_union_group_by.q-vector_auto_smb_mapjoin_14.q-union_fast_stats.q-and-12-more - did not produce a TEST-*.xml file
TestMiniTezCliDriver-vectorized_parquet.q-insert_values_non_partitioned.q-schema_evol_orc_nonvec_mapwork_part.q-and-12-more - did not produce a TEST-*.xml file
TestNegativeCliDriver-udf_invalid.q-nopart_insert.q-insert_into_with_schema.q-and-734-more - did not produce a TEST-*.xml file
TestSparkCliDriver-skewjoinopt15.q-join39.q-avro_joins_native.q-and-12-more - did not produce a TEST-*.xml file
org.apache.hadoop.hive.cli.TestCliDriver.testCliDriver_ivyDownload
org.apache.hadoop.hive.cli.TestHBaseCliDriver.testCliDriver_hbase_queries
org.apache.hadoop.hive.cli.TestMiniSparkOnYarnCliDriver.testCliDriver_index_bitmap3
org.apache.hadoop.hive.cli.TestSparkCliDriver.testCliDriver_auto_join3
org.apache.hadoop.hive.cli.TestSparkCliDriver.testCliDriver_bucket_map_join_tez2
org.apache.hadoop.hive.cli.TestSparkCliDriver.testCliDriver_bucketmapjoin10
org.apache.hadoop.hive.cli.TestSparkCliDriver.testCliDriver_groupby3_noskew_multi_distinct
org.apache.hadoop.hive.cli.TestSparkCliDriver.testCliDriver_ptf
org.apache.hadoop.hive.cli.TestSparkCliDriver.testCliDriver_rcfile_bigdata
org.apache.hadoop.hive.cli.TestSparkCliDriver.testCliDriver_reduce_deduplicate_exclude_join
org.apache.hadoop.hive.cli.TestSparkCliDriver.testCliDriver_skewjoin
org.apache.hadoop.hive.cli.TestSparkCliDriver.testCliDriver_skewjoinopt13
org.apache.hadoop.hive.cli.TestSparkCliDriver.testCliDriver_union17
org.apache.hadoop.hive.cli.TestSparkCliDriver.testCliDriver_union_null
org.apache.hadoop.hive.cli.TestSparkCliDriver.testCliDriver_vectorization_1
org.apache.hadoop.hive.cli.TestSparkCliDriver.testCliDriver_vectorization_div0
org.apache.hadoop.hive.llap.tez.TestConverters.testFragmentSpecToTaskSpec
org.apache.hadoop.hive.llap.tezplugins.TestLlapTaskCommunicator.testFinishableStateUpdateFailure
org.apache.hadoop.hive.metastore.TestAuthzApiEmbedAuthorizerInRemote.org.apache.hadoop.hive.metastore.TestAuthzApiEmbedAuthorizerInRemote
org.apache.hadoop.hive.metastore.TestFilterHooks.org.apache.hadoop.hive.metastore.TestFilterHooks
org.apache.hadoop.hive.metastore.TestMetaStoreEndFunctionListener.testEndFunctionListener
org.apache.hadoop.hive.metastore.TestMetaStoreEventListenerOnlyOnCommit.testEventStatus
org.apache.hadoop.hive.metastore.TestMetaStoreInitListener.testMetaStoreInitListener
org.apache.hadoop.hive.metastore.TestMetaStoreMetrics.org.apache.hadoop.hive.metastore.TestMetaStoreMetrics
org.apache.hadoop.hive.metastore.TestPartitionNameWhitelistValidation.testAddPartitionWithCommas
org.apache.hadoop.hive.metastore.TestPartitionNameWhitelistValidation.testAddPartitionWithUnicode
org.apache.hadoop.hive.metastore.TestPartitionNameWhitelistValidation.testAddPartitionWithValidPartVal
org.apache.hadoop.hive.metastore.TestPartitionNameWhitelistValidation.testAppendPartitionWithCommas
org.apache.hadoop.hive.metastore.TestPartitionNameWhitelistValidation.testAppendPartitionWithUnicode
org.apache.hadoop.hive.metastore.TestPartitionNameWhitelistValidation.testAppendPartitionWithValidCharacters
org.apache.hadoop.hive.ql.security.TestExtendedAcls.org.apache.hadoop.hive.ql.security.TestExtendedAcls
org.apache.hadoop.hive.ql.security.TestFolderPermissions.org.apache.hadoop.hive.ql.security.TestFolderPermissions
org.apache.hadoop.hive.ql.security.TestStorageBasedMetastoreAuthorizationDrops.testDropPartition
org.apache.hadoop.hive.ql.security.TestStorageBasedMetastoreAuthorizationProvider.testSimplePrivileges
org.apache.hadoop.hive.ql.security.TestStorageBasedMetastoreAuthorizationProviderWithACL.testSimplePrivileges
org.apache.hadoop.hive.ql.security.TestStorageBasedMetastoreAuthorizationReads.testReadTableFailure
org.apache.hive.hcatalog.listener.TestDbNotificationListener.cleanupNotifs
org.apache.hive.minikdc.TestJdbcWithDBTokenStore.org.apache.hive.minikdc.TestJdbcWithDBTokenStore
&lt;/pre&gt;
&lt;/div&gt;&lt;/div&gt;

&lt;p&gt;Test results: &lt;a href=&quot;http://ec2-54-177-240-2.us-west-1.compute.amazonaws.com/job/PreCommit-HIVE-MASTER-Build/341/testReport&quot; class=&quot;external-link&quot; target=&quot;_blank&quot; rel=&quot;nofollow noopener&quot;&gt;http://ec2-54-177-240-2.us-west-1.compute.amazonaws.com/job/PreCommit-HIVE-MASTER-Build/341/testReport&lt;/a&gt;&lt;br/&gt;
Console output: &lt;a href=&quot;http://ec2-54-177-240-2.us-west-1.compute.amazonaws.com/job/PreCommit-HIVE-MASTER-Build/341/console&quot; class=&quot;external-link&quot; target=&quot;_blank&quot; rel=&quot;nofollow noopener&quot;&gt;http://ec2-54-177-240-2.us-west-1.compute.amazonaws.com/job/PreCommit-HIVE-MASTER-Build/341/console&lt;/a&gt;&lt;br/&gt;
Test logs: &lt;a href=&quot;http://ec2-50-18-27-0.us-west-1.compute.amazonaws.com/logs/PreCommit-HIVE-MASTER-Build-341/&quot; class=&quot;external-link&quot; target=&quot;_blank&quot; rel=&quot;nofollow noopener&quot;&gt;http://ec2-50-18-27-0.us-west-1.compute.amazonaws.com/logs/PreCommit-HIVE-MASTER-Build-341/&lt;/a&gt;&lt;/p&gt;

&lt;p&gt;Messages:&lt;/p&gt;
&lt;div class=&quot;preformatted panel&quot; style=&quot;border-width: 1px;&quot;&gt;&lt;div class=&quot;preformattedContent panelContent&quot;&gt;
&lt;pre&gt;Executing org.apache.hive.ptest.execution.TestCheckPhase
Executing org.apache.hive.ptest.execution.PrepPhase
Executing org.apache.hive.ptest.execution.ExecutionPhase
Executing org.apache.hive.ptest.execution.ReportingPhase
Tests exited with: TestsFailedException: 44 tests failed
&lt;/pre&gt;
&lt;/div&gt;&lt;/div&gt;

&lt;p&gt;This message is automatically generated.&lt;/p&gt;

&lt;p&gt;ATTACHMENT ID: 12804965 - PreCommit-HIVE-MASTER-Build&lt;/p&gt;</comment>
                            <comment id="15293974" author="ngangam" created="Fri, 20 May 2016 18:59:07 +0000"  >&lt;p&gt;The test failures do not seem related to the fix/patch. The newly added test case passes. +1 for me.&lt;/p&gt;</comment>
                            <comment id="15296422" author="aihuaxu" created="Mon, 23 May 2016 14:26:21 +0000"  >&lt;p&gt;Committed to master. Thanks Naveen for the work.&lt;/p&gt;</comment>
                            <comment id="15296457" author="ngangam" created="Mon, 23 May 2016 14:45:59 +0000"  >&lt;p&gt;&lt;br/&gt;
Thanks Aihua for reviewing and committing the fix.&lt;/p&gt;</comment>
                            <comment id="15297520" author="lefty@hortonworks.com" created="Tue, 24 May 2016 01:57:43 +0000"  >&lt;p&gt;Should this fix be documented in the wiki?&lt;/p&gt;

&lt;ul&gt;
	&lt;li&gt;&lt;a href=&quot;https://cwiki.apache.org/confluence/display/Hive/HiveServer2+Clients#HiveServer2Clients-ConnectionURLs&quot; class=&quot;external-link&quot; target=&quot;_blank&quot; rel=&quot;nofollow noopener&quot;&gt;HiveServer2 Clients &amp;#8211; Connection URLs &lt;/a&gt;&lt;/li&gt;
&lt;/ul&gt;
</comment>
                            <comment id="15297521" author="lefty@hortonworks.com" created="Tue, 24 May 2016 02:00:27 +0000"  >&lt;p&gt;(Also the fix for &lt;a href=&quot;https://issues.apache.org/jira/browse/HIVE-9144&quot; title=&quot;Beeline + Kerberos shouldn&amp;#39;t prompt for unused username + password&quot; class=&quot;issue-link&quot; data-issue-key=&quot;HIVE-9144&quot;&gt;&lt;del&gt;HIVE-9144&lt;/del&gt;&lt;/a&gt;.)&lt;/p&gt;</comment>
                    </comments>
                <issuelinks>
                            <issuelinktype id="12310060">
                    <name>Container</name>
                                            <outwardlinks description="contains">
                                        <issuelink>
            <issuekey id="12762294">HIVE-9144</issuekey>
        </issuelink>
                            </outwardlinks>
                                                        </issuelinktype>
                    </issuelinks>
                <attachments>
                            <attachment id="12801076" name="HIVE-13502.1.patch" size="6224" author="ngangam" created="Wed, 27 Apr 2016 17:40:30 +0000"/>
                            <attachment id="12803496" name="HIVE-13502.2.patch" size="12668" author="ngangam" created="Wed, 11 May 2016 19:46:10 +0000"/>
                            <attachment id="12804179" name="HIVE-13502.3.patch" size="12580" author="ngangam" created="Mon, 16 May 2016 14:28:48 +0000"/>
                            <attachment id="12803879" name="HIVE-13502.3.patch" size="12580" author="ngangam" created="Fri, 13 May 2016 15:44:49 +0000"/>
                            <attachment id="12804348" name="HIVE-13502.4.patch" size="12586" author="ngangam" created="Tue, 17 May 2016 05:28:13 +0000"/>
                            <attachment id="12804965" name="HIVE-13502.5.patch" size="13707" author="ngangam" created="Thu, 19 May 2016 16:09:26 +0000"/>
                            <attachment id="12800625" name="HIVE-13502.patch" size="6208" author="ngangam" created="Mon, 25 Apr 2016 20:16:49 +0000"/>
                    </attachments>
                <subtasks>
                    </subtasks>
                <customfields>
                                                                            <customfield id="customfield_12310310" key="com.atlassian.jira.toolkit:attachments">
                        <customfieldname>Attachment count</customfieldname>
                        <customfieldvalues>
                            <customfieldvalue>7.0</customfieldvalue>
                        </customfieldvalues>
                    </customfield>
                                                                                                                                                                                                                                                                                                                                                                                                                                                                                                                                                                                                                                                                                                        <customfield id="customfield_12314020" key="com.atlassian.jira.plugins.jira-development-integration-plugin:devsummary">
                        <customfieldname>Development</customfieldname>
                        <customfieldvalues>
                            
                        </customfieldvalues>
                    </customfield>
                                                                                                                        <customfield id="customfield_12313422" key="com.atlassian.jirafisheyeplugin:jobcheckbox">
                        <customfieldname>Enable Automatic Patch Review</customfieldname>
                        <customfieldvalues>
                            <customfieldvalue><![CDATA[false]]></customfieldvalue>

                        </customfieldvalues>
                    </customfield>
                                                                                                                                                                                                                                                                                                                                                                                                                                                                                                                                                                                                                                                <customfield id="customfield_12310420" key="com.pyxis.greenhopper.jira:gh-global-rank">
                        <customfieldname>Global Rank</customfieldname>
                        <customfieldvalues>
                            <customfieldvalue>9223372036854775807</customfieldvalue>
                        </customfieldvalues>
                    </customfield>
                                                                                                                                                                                                                                                                    <customfield id="customfield_12312521" key="com.atlassian.jira.toolkit:LastCommentDate">
                        <customfieldname>Last public comment date</customfieldname>
                        <customfieldvalues>
                            9 years, 26 weeks, 1 day ago
                        </customfieldvalues>
                    </customfield>
                                                                                                                                                                                                                                                                                                <customfield id="customfield_12311820" key="com.pyxis.greenhopper.jira:gh-lexo-rank">
                        <customfieldname>Rank</customfieldname>
                        <customfieldvalues>
                            <customfieldvalue>0|i2w2f3:</customfieldvalue>

                        </customfieldvalues>
                    </customfield>
                                                                <customfield id="customfield_12310920" key="com.pyxis.greenhopper.jira:gh-global-rank">
                        <customfieldname>Rank (Obsolete)</customfieldname>
                        <customfieldvalues>
                            <customfieldvalue>9223372036854775807</customfieldvalue>
                        </customfieldvalues>
                    </customfield>
                                                                                                                                                                                                                                                                                                                                                                                                                                                                                                                                                                                                                                                                                                                                                                                                                                                                                </customfields>
    </item>
</channel>
</rss>