<!-- 
RSS generated by JIRA (8.20.10#820010-sha1:ace47f9899e9ee25d7157d59aa17ab06aee30d3d) at Wed Nov 12 18:46:42 UTC 2025

It is possible to restrict the fields that are returned in this document by specifying the 'field' parameter in your request.
For example, to request only the issue key and summary append 'field=key&field=summary' to the URL of your request.
-->
<rss version="0.92" >
<channel>
    <title>ASF Jira</title>
    <link>https://issues.apache.org/jira</link>
    <description>This file is an XML representation of an issue</description>
    <language>en-uk</language>    <build-info>
        <version>8.20.10</version>
        <build-number>820010</build-number>
        <build-date>22-06-2022</build-date>
    </build-info>


<item>
            <title>[HIVE-14205] Hive doesn&apos;t support union type with AVRO file format</title>
                <link>https://issues.apache.org/jira/browse/HIVE-14205</link>
                <project id="12310843" key="HIVE">Hive</project>
                    <description>&lt;p&gt;Reproduce steps:&lt;/p&gt;
&lt;div class=&quot;preformatted panel&quot; style=&quot;border-width: 1px;&quot;&gt;&lt;div class=&quot;preformattedContent panelContent&quot;&gt;
&lt;pre&gt;hive&amp;gt; CREATE TABLE avro_union_test
    &amp;gt; PARTITIONED BY (p int)
    &amp;gt; ROW FORMAT SERDE &apos;org.apache.hadoop.hive.serde2.avro.AvroSerDe&apos;
    &amp;gt; STORED AS INPUTFORMAT &apos;org.apache.hadoop.hive.ql.io.avro.AvroContainerInputFormat&apos;
    &amp;gt; OUTPUTFORMAT &apos;org.apache.hadoop.hive.ql.io.avro.AvroContainerOutputFormat&apos;
    &amp;gt; TBLPROPERTIES (&apos;avro.schema.literal&apos;=&apos;{
    &amp;gt;    &quot;type&quot;:&quot;record&quot;,
    &amp;gt;    &quot;name&quot;:&quot;nullUnionTest&quot;,
    &amp;gt;    &quot;fields&quot;:[
    &amp;gt;       {
    &amp;gt;          &quot;name&quot;:&quot;value&quot;,
    &amp;gt;          &quot;type&quot;:[
    &amp;gt;             &quot;null&quot;,
    &amp;gt;             &quot;int&quot;,
    &amp;gt;             &quot;long&quot;
    &amp;gt;          ],
    &amp;gt;          &quot;default&quot;:null
    &amp;gt;       }
    &amp;gt;    ]
    &amp;gt; }&apos;);
OK
Time taken: 0.105 seconds
hive&amp;gt; alter table avro_union_test add partition (p=1);
OK
Time taken: 0.093 seconds
hive&amp;gt; select * from avro_union_test;
FAILED: RuntimeException org.apache.hadoop.hive.ql.metadata.HiveException: Failed with exception Hive internal error inside isAssignableFromSettablePrimitiveOI void not supported yet.java.lang.RuntimeException: Hive internal error inside isAssignableFromSettablePrimitiveOI void not supported yet.
	at org.apache.hadoop.hive.serde2.objectinspector.ObjectInspectorUtils.isInstanceOfSettablePrimitiveOI(ObjectInspectorUtils.java:1140)
	at org.apache.hadoop.hive.serde2.objectinspector.ObjectInspectorUtils.isInstanceOfSettableOI(ObjectInspectorUtils.java:1149)
	at org.apache.hadoop.hive.serde2.objectinspector.ObjectInspectorUtils.hasAllFieldsSettable(ObjectInspectorUtils.java:1187)
	at org.apache.hadoop.hive.serde2.objectinspector.ObjectInspectorUtils.hasAllFieldsSettable(ObjectInspectorUtils.java:1220)
	at org.apache.hadoop.hive.serde2.objectinspector.ObjectInspectorUtils.hasAllFieldsSettable(ObjectInspectorUtils.java:1200)
	at org.apache.hadoop.hive.serde2.objectinspector.ObjectInspectorConverters.getConvertedOI(ObjectInspectorConverters.java:219)
	at org.apache.hadoop.hive.ql.exec.FetchOperator.setupOutputObjectInspector(FetchOperator.java:581)
	at org.apache.hadoop.hive.ql.exec.FetchOperator.initialize(FetchOperator.java:172)
	at org.apache.hadoop.hive.ql.exec.FetchOperator.&amp;lt;init&amp;gt;(FetchOperator.java:140)
	at org.apache.hadoop.hive.ql.exec.FetchTask.initialize(FetchTask.java:79)
	at org.apache.hadoop.hive.ql.Driver.compile(Driver.java:482)
	at org.apache.hadoop.hive.ql.Driver.compile(Driver.java:311)
	at org.apache.hadoop.hive.ql.Driver.compileInternal(Driver.java:1194)
	at org.apache.hadoop.hive.ql.Driver.runInternal(Driver.java:1289)
	at org.apache.hadoop.hive.ql.Driver.run(Driver.java:1120)
	at org.apache.hadoop.hive.ql.Driver.run(Driver.java:1108)
	at org.apache.hadoop.hive.cli.CliDriver.processLocalCmd(CliDriver.java:218)
	at org.apache.hadoop.hive.cli.CliDriver.processCmd(CliDriver.java:170)
	at org.apache.hadoop.hive.cli.CliDriver.processLine(CliDriver.java:381)
	at org.apache.hadoop.hive.cli.CliDriver.executeDriver(CliDriver.java:773)
	at org.apache.hadoop.hive.cli.CliDriver.run(CliDriver.java:691)
	at org.apache.hadoop.hive.cli.CliDriver.main(CliDriver.java:626)
	at sun.reflect.NativeMethodAccessorImpl.invoke0(Native Method)
	at sun.reflect.NativeMethodAccessorImpl.invoke(NativeMethodAccessorImpl.java:62)
	at sun.reflect.DelegatingMethodAccessorImpl.invoke(DelegatingMethodAccessorImpl.java:43)
	at java.lang.reflect.Method.invoke(Method.java:497)
	at org.apache.hadoop.util.RunJar.run(RunJar.java:221)
	at org.apache.hadoop.util.RunJar.main(RunJar.java:136)
&lt;/pre&gt;
&lt;/div&gt;&lt;/div&gt;

&lt;p&gt;Another test case to show this problem is:&lt;/p&gt;
&lt;div class=&quot;preformatted panel&quot; style=&quot;border-width: 1px;&quot;&gt;&lt;div class=&quot;preformattedContent panelContent&quot;&gt;
&lt;pre&gt;hive&amp;gt; create table avro_union_test2 (value uniontype&amp;lt;int,bigint&amp;gt;) stored as avro;
OK
Time taken: 0.053 seconds
hive&amp;gt; show create table avro_union_test2;
OK
CREATE TABLE `avro_union_test2`(
  `value` uniontype&amp;lt;void,int,bigint&amp;gt; COMMENT &apos;&apos;)
ROW FORMAT SERDE
  &apos;org.apache.hadoop.hive.serde2.avro.AvroSerDe&apos;
STORED AS INPUTFORMAT
  &apos;org.apache.hadoop.hive.ql.io.avro.AvroContainerInputFormat&apos;
OUTPUTFORMAT
  &apos;org.apache.hadoop.hive.ql.io.avro.AvroContainerOutputFormat&apos;
LOCATION
  &apos;hdfs://localhost/user/hive/warehouse/avro_union_test2&apos;
TBLPROPERTIES (
  &apos;transient_lastDdlTime&apos;=&apos;1468173589&apos;)
Time taken: 0.051 seconds, Fetched: 12 row(s)
&lt;/pre&gt;
&lt;/div&gt;&lt;/div&gt;

&lt;p&gt;Although column &lt;tt&gt;value&lt;/tt&gt; is defined as &lt;tt&gt;uniontype&amp;lt;int,bigint&amp;gt;&lt;/tt&gt; in create table command, its type becomes &lt;tt&gt;uniontype&amp;lt;void,int,bigint&amp;gt;&lt;/tt&gt; after table is defined. Hive accidentally make the nullable definition in avro schema (&lt;tt&gt;[&quot;null&quot;, &quot;int&quot;, &quot;long&quot;]&lt;/tt&gt;)  into union definition.&lt;/p&gt;</description>
                <environment></environment>
        <key id="12988255">HIVE-14205</key>
            <summary>Hive doesn&apos;t support union type with AVRO file format</summary>
                <type id="1" iconUrl="https://issues.apache.org/jira/secure/viewavatar?size=xsmall&amp;avatarId=21133&amp;avatarType=issuetype">Bug</type>
                                            <priority id="3" iconUrl="https://issues.apache.org/jira/images/icons/priorities/major.svg">Major</priority>
                        <status id="6" iconUrl="https://issues.apache.org/jira/images/icons/statuses/closed.png" description="The issue is considered finished, the resolution is correct. Issues which are not closed can be reopened.">Closed</status>
                    <statusCategory id="3" key="done" colorName="green"/>
                                    <resolution id="1">Fixed</resolution>
                                        <assignee username="Yibing">Yibing Shi</assignee>
                                    <reporter username="Yibing">Yibing Shi</reporter>
                        <labels>
                    </labels>
                <created>Mon, 11 Jul 2016 12:04:10 +0000</created>
                <updated>Thu, 18 May 2017 20:58:35 +0000</updated>
                            <resolved>Wed, 27 Jul 2016 03:48:44 +0000</resolved>
                                                    <fixVersion>2.1.1</fixVersion>
                    <fixVersion>2.2.0</fixVersion>
                                    <component>Serializers/Deserializers</component>
                        <due></due>
                            <votes>0</votes>
                                    <watches>6</watches>
                                                                                                                <comments>
                            <comment id="15370611" author="yibing" created="Mon, 11 Jul 2016 12:04:34 +0000"  >&lt;p&gt;Will submit a patch later&lt;/p&gt;</comment>
                            <comment id="15372699" author="yibing" created="Tue, 12 Jul 2016 11:08:06 +0000"  >&lt;p&gt;code review:&lt;br/&gt;
&lt;a href=&quot;https://reviews.apache.org/r/49952/&quot; class=&quot;external-link&quot; target=&quot;_blank&quot; rel=&quot;nofollow noopener&quot;&gt;https://reviews.apache.org/r/49952/&lt;/a&gt;&lt;/p&gt;</comment>
                            <comment id="15374366" author="hiveqa" created="Wed, 13 Jul 2016 05:17:20 +0000"  >

&lt;p&gt;Here are the results of testing the latest attachment:&lt;br/&gt;
&lt;a href=&quot;https://issues.apache.org/jira/secure/attachment/12817392/HIVE-14205.1.patch&quot; class=&quot;external-link&quot; rel=&quot;nofollow&quot;&gt;https://issues.apache.org/jira/secure/attachment/12817392/HIVE-14205.1.patch&lt;/a&gt;&lt;/p&gt;

&lt;p&gt;&lt;font color=&quot;green&quot;&gt;SUCCESS:&lt;/font&gt; +1 due to 2 test(s) being added or modified.&lt;/p&gt;

&lt;p&gt;&lt;font color=&quot;red&quot;&gt;ERROR:&lt;/font&gt; -1 due to 14 failed/errored test(s), 10314 tests executed&lt;br/&gt;
&lt;b&gt;Failed tests:&lt;/b&gt;&lt;/p&gt;
&lt;div class=&quot;preformatted panel&quot; style=&quot;border-width: 1px;&quot;&gt;&lt;div class=&quot;preformattedContent panelContent&quot;&gt;
&lt;pre&gt;org.apache.hadoop.hive.cli.TestCliDriver.testCliDriver_acid_globallimit
org.apache.hadoop.hive.cli.TestCliDriver.testCliDriver_index_auto_mult_tables_compact
org.apache.hadoop.hive.cli.TestCliDriver.testCliDriver_list_bucket_dml_12
org.apache.hadoop.hive.cli.TestCliDriver.testCliDriver_masking_8
org.apache.hadoop.hive.cli.TestCliDriver.testCliDriver_stats_list_bucket
org.apache.hadoop.hive.cli.TestCliDriver.testCliDriver_subquery_multiinsert
org.apache.hadoop.hive.cli.TestCliDriver.testCliDriver_vector_interval_arithmetic
org.apache.hadoop.hive.cli.TestMiniLlapCliDriver.testCliDriver_vector_complex_all
org.apache.hadoop.hive.cli.TestMiniLlapCliDriver.testCliDriver_vector_complex_join
org.apache.hadoop.hive.cli.TestMiniTezCliDriver.testCliDriver_acid_globallimit
org.apache.hadoop.hive.cli.TestMiniTezCliDriver.testCliDriver_vector_interval_arithmetic
org.apache.hadoop.hive.cli.TestMinimrCliDriver.org.apache.hadoop.hive.cli.TestMinimrCliDriver
org.apache.hadoop.hive.llap.daemon.impl.TestLlapTokenChecker.testCheckPermissions
org.apache.hadoop.hive.llap.daemon.impl.TestLlapTokenChecker.testGetToken
&lt;/pre&gt;
&lt;/div&gt;&lt;/div&gt;

&lt;p&gt;Test results: &lt;a href=&quot;https://builds.apache.org/job/PreCommit-HIVE-MASTER-Build/489/testReport&quot; class=&quot;external-link&quot; target=&quot;_blank&quot; rel=&quot;nofollow noopener&quot;&gt;https://builds.apache.org/job/PreCommit-HIVE-MASTER-Build/489/testReport&lt;/a&gt;&lt;br/&gt;
Console output: &lt;a href=&quot;https://builds.apache.org/job/PreCommit-HIVE-MASTER-Build/489/console&quot; class=&quot;external-link&quot; target=&quot;_blank&quot; rel=&quot;nofollow noopener&quot;&gt;https://builds.apache.org/job/PreCommit-HIVE-MASTER-Build/489/console&lt;/a&gt;&lt;br/&gt;
Test logs: &lt;a href=&quot;http://ec2-204-236-174-241.us-west-1.compute.amazonaws.com/logs/PreCommit-HIVE-MASTER-Build-489/&quot; class=&quot;external-link&quot; target=&quot;_blank&quot; rel=&quot;nofollow noopener&quot;&gt;http://ec2-204-236-174-241.us-west-1.compute.amazonaws.com/logs/PreCommit-HIVE-MASTER-Build-489/&lt;/a&gt;&lt;/p&gt;

&lt;p&gt;Messages:&lt;/p&gt;
&lt;div class=&quot;preformatted panel&quot; style=&quot;border-width: 1px;&quot;&gt;&lt;div class=&quot;preformattedContent panelContent&quot;&gt;
&lt;pre&gt;Executing org.apache.hive.ptest.execution.TestCheckPhase
Executing org.apache.hive.ptest.execution.PrepPhase
Executing org.apache.hive.ptest.execution.ExecutionPhase
Executing org.apache.hive.ptest.execution.ReportingPhase
Tests exited with: TestsFailedException: 14 tests failed
&lt;/pre&gt;
&lt;/div&gt;&lt;/div&gt;

&lt;p&gt;This message is automatically generated.&lt;/p&gt;

&lt;p&gt;ATTACHMENT ID: 12817392 - PreCommit-HIVE-MASTER-Build&lt;/p&gt;</comment>
                            <comment id="15380680" author="yibing" created="Sat, 16 Jul 2016 11:03:39 +0000"  >&lt;p&gt;submit a new patch based on code review&lt;/p&gt;</comment>
                            <comment id="15381641" author="ctang.ma" created="Mon, 18 Jul 2016 02:33:58 +0000"  >&lt;p&gt;&lt;a href=&quot;https://issues.apache.org/jira/secure/ViewProfile.jspa?name=Yibing&quot; class=&quot;user-hover&quot; rel=&quot;Yibing&quot;&gt;Yibing&lt;/a&gt; I am not able to git apply the union_non_nullable.avro and union_nullable.avro data file, and got the error msg like &quot;cannot apply binary patch to &apos;data/files/union_non_nullable.avro&apos; without full index line&quot;. Any idea? Thanks&lt;/p&gt;</comment>
                            <comment id="15381651" author="yibing" created="Mon, 18 Jul 2016 03:05:15 +0000"  >&lt;p&gt;&lt;a href=&quot;https://issues.apache.org/jira/secure/ViewProfile.jspa?name=ctang.ma&quot; class=&quot;user-hover&quot; rel=&quot;ctang.ma&quot;&gt;ctang.ma&lt;/a&gt;, these 2 files are binary AVRO files. Looks like they are causing trouble to git apply.&lt;br/&gt;
Let me recreate the patch file with the command described &lt;a href=&quot;http://stackoverflow.com/questions/17152171/git-cannot-apply-binary-patch-without-full-index-line&quot; class=&quot;external-link&quot; target=&quot;_blank&quot; rel=&quot;nofollow noopener&quot;&gt;here&lt;/a&gt;&lt;/p&gt;</comment>
                            <comment id="15381657" author="yibing" created="Mon, 18 Jul 2016 03:16:40 +0000"  >&lt;p&gt;I created this patch with command:&lt;/p&gt;
&lt;div class=&quot;preformatted panel&quot; style=&quot;border-width: 1px;&quot;&gt;&lt;div class=&quot;preformattedContent panelContent&quot;&gt;
&lt;pre&gt;git diff --no-prefix --binary HEAD~1 HEAD &amp;gt; ~/Downloads/HIVE-14205.3.patch
&lt;/pre&gt;
&lt;/div&gt;&lt;/div&gt;
</comment>
                            <comment id="15381661" author="hiveqa" created="Mon, 18 Jul 2016 03:26:02 +0000"  >

&lt;p&gt;Here are the results of testing the latest attachment:&lt;br/&gt;
&lt;a href=&quot;https://issues.apache.org/jira/secure/attachment/12818491/HIVE-14205.3.patch&quot; class=&quot;external-link&quot; rel=&quot;nofollow&quot;&gt;https://issues.apache.org/jira/secure/attachment/12818491/HIVE-14205.3.patch&lt;/a&gt;&lt;/p&gt;

&lt;p&gt;&lt;font color=&quot;red&quot;&gt;ERROR:&lt;/font&gt; -1 due to build exiting with an error&lt;/p&gt;

&lt;p&gt;Test results: &lt;a href=&quot;https://builds.apache.org/job/PreCommit-HIVE-MASTER-Build/561/testReport&quot; class=&quot;external-link&quot; target=&quot;_blank&quot; rel=&quot;nofollow noopener&quot;&gt;https://builds.apache.org/job/PreCommit-HIVE-MASTER-Build/561/testReport&lt;/a&gt;&lt;br/&gt;
Console output: &lt;a href=&quot;https://builds.apache.org/job/PreCommit-HIVE-MASTER-Build/561/console&quot; class=&quot;external-link&quot; target=&quot;_blank&quot; rel=&quot;nofollow noopener&quot;&gt;https://builds.apache.org/job/PreCommit-HIVE-MASTER-Build/561/console&lt;/a&gt;&lt;br/&gt;
Test logs: &lt;a href=&quot;http://ec2-204-236-174-241.us-west-1.compute.amazonaws.com/logs/PreCommit-HIVE-MASTER-Build-561/&quot; class=&quot;external-link&quot; target=&quot;_blank&quot; rel=&quot;nofollow noopener&quot;&gt;http://ec2-204-236-174-241.us-west-1.compute.amazonaws.com/logs/PreCommit-HIVE-MASTER-Build-561/&lt;/a&gt;&lt;/p&gt;

&lt;p&gt;Messages:&lt;/p&gt;
&lt;div class=&quot;preformatted panel&quot; style=&quot;border-width: 1px;&quot;&gt;&lt;div class=&quot;preformattedContent panelContent&quot;&gt;
&lt;pre&gt;Executing org.apache.hive.ptest.execution.TestCheckPhase
Executing org.apache.hive.ptest.execution.PrepPhase
Tests exited with: NonZeroExitCodeException
Command &apos;bash /data/hive-ptest/working/scratch/source-prep.sh&apos; failed with exit status 1 and output &apos;+ [[ -n /usr/java/jdk1.8.0_25 ]]
+ export JAVA_HOME=/usr/java/jdk1.8.0_25
+ JAVA_HOME=/usr/java/jdk1.8.0_25
+ export PATH=/usr/java/jdk1.8.0_25/bin/:/usr/local/bin:/usr/bin:/bin:/usr/local/games:/usr/games
+ PATH=/usr/java/jdk1.8.0_25/bin/:/usr/local/bin:/usr/bin:/bin:/usr/local/games:/usr/games
+ export &apos;ANT_OPTS=-Xmx1g -XX:MaxPermSize=256m &apos;
+ ANT_OPTS=&apos;-Xmx1g -XX:MaxPermSize=256m &apos;
+ export &apos;M2_OPTS=-Xmx1g -XX:MaxPermSize=256m -Dhttp.proxyHost=localhost -Dhttp.proxyPort=3128&apos;
+ M2_OPTS=&apos;-Xmx1g -XX:MaxPermSize=256m -Dhttp.proxyHost=localhost -Dhttp.proxyPort=3128&apos;
+ cd /data/hive-ptest/working/
+ tee /data/hive-ptest/logs/PreCommit-HIVE-MASTER-Build-561/source-prep.txt
+ [[ false == \t\r\u\e ]]
+ mkdir -p maven ivy
+ [[ git = \s\v\n ]]
+ [[ git = \g\i\t ]]
+ [[ -z master ]]
+ [[ -d apache-github-source-source ]]
+ [[ ! -d apache-github-source-source/.git ]]
+ [[ ! -d apache-github-source-source ]]
+ cd apache-github-source-source
+ git fetch origin
+ git reset --hard HEAD
HEAD is now at b53794b HIVE-14236: CTAS with UNION ALL puts the wrong stats in Tez (Pengcheng Xiong, reviewed by Ashutosh Chauhan)
+ git clean -f -d
+ git checkout master
Already on &apos;master&apos;
Your branch is up-to-date with &apos;origin/master&apos;.
+ git reset --hard origin/master
HEAD is now at b53794b HIVE-14236: CTAS with UNION ALL puts the wrong stats in Tez (Pengcheng Xiong, reviewed by Ashutosh Chauhan)
+ git merge --ff-only origin/master
Already up-to-date.
+ git gc
+ patchCommandPath=/data/hive-ptest/working/scratch/smart-apply-patch.sh
+ patchFilePath=/data/hive-ptest/working/scratch/build.patch
+ [[ -f /data/hive-ptest/working/scratch/build.patch ]]
+ chmod +x /data/hive-ptest/working/scratch/smart-apply-patch.sh
+ /data/hive-ptest/working/scratch/smart-apply-patch.sh /data/hive-ptest/working/scratch/build.patch
The patch does not appear to apply with p0, p1, or p2
+ exit 1
&apos;
&lt;/pre&gt;
&lt;/div&gt;&lt;/div&gt;

&lt;p&gt;This message is automatically generated.&lt;/p&gt;

&lt;p&gt;ATTACHMENT ID: 12818491 - PreCommit-HIVE-MASTER-Build&lt;/p&gt;</comment>
                            <comment id="15381670" author="yibing" created="Mon, 18 Jul 2016 03:35:16 +0000"  >&lt;p&gt;&lt;a href=&quot;https://issues.apache.org/jira/secure/ViewProfile.jspa?name=ctang.ma&quot; class=&quot;user-hover&quot; rel=&quot;ctang.ma&quot;&gt;ctang.ma&lt;/a&gt;, could you please helpl check whether you can apply the patch? I can apply it on my laptop&lt;/p&gt;</comment>
                            <comment id="15383402" author="yibing" created="Tue, 19 Jul 2016 00:55:58 +0000"  >&lt;p&gt;I have verified this patch can be applied:&lt;/p&gt;
&lt;div class=&quot;preformatted panel&quot; style=&quot;border-width: 1px;&quot;&gt;&lt;div class=&quot;preformattedContent panelContent&quot;&gt;
&lt;pre&gt;&#10140;  repo git:(master) patch -p0 &amp;lt;~/Downloads/HIVE-14205.4.patch
File data/files/union_non_nullable.avro: git binary diffs are not supported.
File data/files/union_nullable.avro: git binary diffs are not supported.
patching file ql/src/test/queries/clientnegative/avro_non_nullable_union.q
patching file ql/src/test/queries/clientpositive/avro_nullable_union.q
patching file ql/src/test/results/clientnegative/avro_non_nullable_union.q.out
patching file ql/src/test/results/clientpositive/avro_nullable_union.q.out
patching file serde/src/java/org/apache/hadoop/hive/serde2/avro/AvroDeserializer.java
patching file serde/src/java/org/apache/hadoop/hive/serde2/avro/AvroSerdeUtils.java
patching file serde/src/test/org/apache/hadoop/hive/serde2/avro/TestAvroDeserializer.java
patching file serde/src/test/org/apache/hadoop/hive/serde2/avro/TestAvroSerdeUtils.java
&lt;/pre&gt;
&lt;/div&gt;&lt;/div&gt;</comment>
                            <comment id="15383523" author="ctang.ma" created="Tue, 19 Jul 2016 03:21:53 +0000"  >&lt;p&gt;&lt;a href=&quot;https://issues.apache.org/jira/secure/ViewProfile.jspa?name=Yibing&quot; class=&quot;user-hover&quot; rel=&quot;Yibing&quot;&gt;Yibing&lt;/a&gt; Thanks, I was able to apply the patch and doing the review. In the meantime, let&apos;s wait for the test result from the precommit build.&lt;/p&gt;</comment>
                            <comment id="15383805" author="hiveqa" created="Tue, 19 Jul 2016 08:42:08 +0000"  >

&lt;p&gt;Here are the results of testing the latest attachment:&lt;br/&gt;
&lt;a href=&quot;https://issues.apache.org/jira/secure/attachment/12818718/HIVE-14205.4.patch&quot; class=&quot;external-link&quot; rel=&quot;nofollow&quot;&gt;https://issues.apache.org/jira/secure/attachment/12818718/HIVE-14205.4.patch&lt;/a&gt;&lt;/p&gt;

&lt;p&gt;&lt;font color=&quot;red&quot;&gt;ERROR:&lt;/font&gt; -1 due to build exiting with an error&lt;/p&gt;

&lt;p&gt;Test results: &lt;a href=&quot;https://builds.apache.org/job/PreCommit-HIVE-MASTER-Build/574/testReport&quot; class=&quot;external-link&quot; target=&quot;_blank&quot; rel=&quot;nofollow noopener&quot;&gt;https://builds.apache.org/job/PreCommit-HIVE-MASTER-Build/574/testReport&lt;/a&gt;&lt;br/&gt;
Console output: &lt;a href=&quot;https://builds.apache.org/job/PreCommit-HIVE-MASTER-Build/574/console&quot; class=&quot;external-link&quot; target=&quot;_blank&quot; rel=&quot;nofollow noopener&quot;&gt;https://builds.apache.org/job/PreCommit-HIVE-MASTER-Build/574/console&lt;/a&gt;&lt;br/&gt;
Test logs: &lt;a href=&quot;http://ec2-204-236-174-241.us-west-1.compute.amazonaws.com/logs/PreCommit-HIVE-MASTER-Build-574/&quot; class=&quot;external-link&quot; target=&quot;_blank&quot; rel=&quot;nofollow noopener&quot;&gt;http://ec2-204-236-174-241.us-west-1.compute.amazonaws.com/logs/PreCommit-HIVE-MASTER-Build-574/&lt;/a&gt;&lt;/p&gt;

&lt;p&gt;Messages:&lt;/p&gt;
&lt;div class=&quot;preformatted panel&quot; style=&quot;border-width: 1px;&quot;&gt;&lt;div class=&quot;preformattedContent panelContent&quot;&gt;
&lt;pre&gt;Executing org.apache.hive.ptest.execution.TestCheckPhase
Executing org.apache.hive.ptest.execution.PrepPhase
Tests exited with: NonZeroExitCodeException
Command &apos;bash /data/hive-ptest/working/scratch/source-prep.sh&apos; failed with exit status 1 and output &apos;+ [[ -n /usr/java/jdk1.8.0_25 ]]
+ export JAVA_HOME=/usr/java/jdk1.8.0_25
+ JAVA_HOME=/usr/java/jdk1.8.0_25
+ export PATH=/usr/java/jdk1.8.0_25/bin/:/usr/local/bin:/usr/bin:/bin:/usr/local/games:/usr/games
+ PATH=/usr/java/jdk1.8.0_25/bin/:/usr/local/bin:/usr/bin:/bin:/usr/local/games:/usr/games
+ export &apos;ANT_OPTS=-Xmx1g -XX:MaxPermSize=256m &apos;
+ ANT_OPTS=&apos;-Xmx1g -XX:MaxPermSize=256m &apos;
+ export &apos;M2_OPTS=-Xmx1g -XX:MaxPermSize=256m -Dhttp.proxyHost=localhost -Dhttp.proxyPort=3128&apos;
+ M2_OPTS=&apos;-Xmx1g -XX:MaxPermSize=256m -Dhttp.proxyHost=localhost -Dhttp.proxyPort=3128&apos;
+ cd /data/hive-ptest/working/
+ tee /data/hive-ptest/logs/PreCommit-HIVE-MASTER-Build-574/source-prep.txt
+ [[ false == \t\r\u\e ]]
+ mkdir -p maven ivy
+ [[ git = \s\v\n ]]
+ [[ git = \g\i\t ]]
+ [[ -z master ]]
+ [[ -d apache-github-source-source ]]
+ [[ ! -d apache-github-source-source/.git ]]
+ [[ ! -d apache-github-source-source ]]
+ cd apache-github-source-source
+ git fetch origin
+ git reset --hard HEAD
HEAD is now at 1373651 HIVE-13883 : WebHCat leaves token crc file never gets deleted (Niklaus Xiao via Thejas Nair)
+ git clean -f -d
+ git checkout master
Already on &apos;master&apos;
Your branch is up-to-date with &apos;origin/master&apos;.
+ git reset --hard origin/master
HEAD is now at 1373651 HIVE-13883 : WebHCat leaves token crc file never gets deleted (Niklaus Xiao via Thejas Nair)
+ git merge --ff-only origin/master
Already up-to-date.
+ git gc
+ patchCommandPath=/data/hive-ptest/working/scratch/smart-apply-patch.sh
+ patchFilePath=/data/hive-ptest/working/scratch/build.patch
+ [[ -f /data/hive-ptest/working/scratch/build.patch ]]
+ chmod +x /data/hive-ptest/working/scratch/smart-apply-patch.sh
+ /data/hive-ptest/working/scratch/smart-apply-patch.sh /data/hive-ptest/working/scratch/build.patch
The patch does not appear to apply with p0, p1, or p2
+ exit 1
&apos;
&lt;/pre&gt;
&lt;/div&gt;&lt;/div&gt;

&lt;p&gt;This message is automatically generated.&lt;/p&gt;

&lt;p&gt;ATTACHMENT ID: 12818718 - PreCommit-HIVE-MASTER-Build&lt;/p&gt;</comment>
                            <comment id="15384863" author="ctang.ma" created="Tue, 19 Jul 2016 21:09:54 +0000"  >&lt;p&gt;The patch looks good to me, but I am not sure why the infrastructure could not apply this patch. I was able to do that in my local machine and also verified the fix. I wonder if it was caused by the binary avro file. If so, maybe we can consider to insert instead of load data into the test table?&lt;br/&gt;
+1 pending tests&lt;/p&gt;</comment>
                            <comment id="15385337" author="yibing" created="Wed, 20 Jul 2016 05:03:45 +0000"  >&lt;p&gt;attach a new patch that includes latest changes in master branch. If this still doesn&apos;t work, I will remove the binary files and use insert instead as &lt;a href=&quot;https://issues.apache.org/jira/secure/ViewProfile.jspa?name=ctang.ma&quot; class=&quot;user-hover&quot; rel=&quot;ctang.ma&quot;&gt;ctang.ma&lt;/a&gt; has said.&lt;/p&gt;</comment>
                            <comment id="15387048" author="hiveqa" created="Thu, 21 Jul 2016 02:55:41 +0000"  >

&lt;p&gt;Here are the results of testing the latest attachment:&lt;br/&gt;
&lt;a href=&quot;https://issues.apache.org/jira/secure/attachment/12819020/HIVE-14205.5.patch&quot; class=&quot;external-link&quot; rel=&quot;nofollow&quot;&gt;https://issues.apache.org/jira/secure/attachment/12819020/HIVE-14205.5.patch&lt;/a&gt;&lt;/p&gt;

&lt;p&gt;&lt;font color=&quot;red&quot;&gt;ERROR:&lt;/font&gt; -1 due to build exiting with an error&lt;/p&gt;

&lt;p&gt;Test results: &lt;a href=&quot;https://builds.apache.org/job/PreCommit-HIVE-MASTER-Build/586/testReport&quot; class=&quot;external-link&quot; target=&quot;_blank&quot; rel=&quot;nofollow noopener&quot;&gt;https://builds.apache.org/job/PreCommit-HIVE-MASTER-Build/586/testReport&lt;/a&gt;&lt;br/&gt;
Console output: &lt;a href=&quot;https://builds.apache.org/job/PreCommit-HIVE-MASTER-Build/586/console&quot; class=&quot;external-link&quot; target=&quot;_blank&quot; rel=&quot;nofollow noopener&quot;&gt;https://builds.apache.org/job/PreCommit-HIVE-MASTER-Build/586/console&lt;/a&gt;&lt;br/&gt;
Test logs: &lt;a href=&quot;http://ec2-204-236-174-241.us-west-1.compute.amazonaws.com/logs/PreCommit-HIVE-MASTER-Build-586/&quot; class=&quot;external-link&quot; target=&quot;_blank&quot; rel=&quot;nofollow noopener&quot;&gt;http://ec2-204-236-174-241.us-west-1.compute.amazonaws.com/logs/PreCommit-HIVE-MASTER-Build-586/&lt;/a&gt;&lt;/p&gt;

&lt;p&gt;Messages:&lt;/p&gt;
&lt;div class=&quot;preformatted panel&quot; style=&quot;border-width: 1px;&quot;&gt;&lt;div class=&quot;preformattedContent panelContent&quot;&gt;
&lt;pre&gt;Executing org.apache.hive.ptest.execution.TestCheckPhase
Executing org.apache.hive.ptest.execution.PrepPhase
Tests exited with: NonZeroExitCodeException
Command &apos;bash /data/hive-ptest/working/scratch/source-prep.sh&apos; failed with exit status 1 and output &apos;+ [[ -n /usr/java/jdk1.8.0_25 ]]
+ export JAVA_HOME=/usr/java/jdk1.8.0_25
+ JAVA_HOME=/usr/java/jdk1.8.0_25
+ export PATH=/usr/java/jdk1.8.0_25/bin/:/usr/local/bin:/usr/bin:/bin:/usr/local/games:/usr/games
+ PATH=/usr/java/jdk1.8.0_25/bin/:/usr/local/bin:/usr/bin:/bin:/usr/local/games:/usr/games
+ export &apos;ANT_OPTS=-Xmx1g -XX:MaxPermSize=256m &apos;
+ ANT_OPTS=&apos;-Xmx1g -XX:MaxPermSize=256m &apos;
+ export &apos;M2_OPTS=-Xmx1g -XX:MaxPermSize=256m -Dhttp.proxyHost=localhost -Dhttp.proxyPort=3128&apos;
+ M2_OPTS=&apos;-Xmx1g -XX:MaxPermSize=256m -Dhttp.proxyHost=localhost -Dhttp.proxyPort=3128&apos;
+ cd /data/hive-ptest/working/
+ tee /data/hive-ptest/logs/PreCommit-HIVE-MASTER-Build-586/source-prep.txt
+ [[ false == \t\r\u\e ]]
+ mkdir -p maven ivy
+ [[ git = \s\v\n ]]
+ [[ git = \g\i\t ]]
+ [[ -z master ]]
+ [[ -d apache-github-source-source ]]
+ [[ ! -d apache-github-source-source/.git ]]
+ [[ ! -d apache-github-source-source ]]
+ cd apache-github-source-source
+ git fetch origin
+ git reset --hard HEAD
HEAD is now at 3390f5d HIVE-14279 : fix mvn test TestHiveMetaStore.testTransactionalValidation  (Zoltan Haindrich via Ashutosh Chauhan)
+ git clean -f -d
+ git checkout master
Already on &apos;master&apos;
Your branch is up-to-date with &apos;origin/master&apos;.
+ git reset --hard origin/master
HEAD is now at 3390f5d HIVE-14279 : fix mvn test TestHiveMetaStore.testTransactionalValidation  (Zoltan Haindrich via Ashutosh Chauhan)
+ git merge --ff-only origin/master
Already up-to-date.
+ git gc
+ patchCommandPath=/data/hive-ptest/working/scratch/smart-apply-patch.sh
+ patchFilePath=/data/hive-ptest/working/scratch/build.patch
+ [[ -f /data/hive-ptest/working/scratch/build.patch ]]
+ chmod +x /data/hive-ptest/working/scratch/smart-apply-patch.sh
+ /data/hive-ptest/working/scratch/smart-apply-patch.sh /data/hive-ptest/working/scratch/build.patch
The patch does not appear to apply with p0, p1, or p2
+ exit 1
&apos;
&lt;/pre&gt;
&lt;/div&gt;&lt;/div&gt;

&lt;p&gt;This message is automatically generated.&lt;/p&gt;

&lt;p&gt;ATTACHMENT ID: 12819020 - PreCommit-HIVE-MASTER-Build&lt;/p&gt;</comment>
                            <comment id="15387114" author="yibing" created="Thu, 21 Jul 2016 04:02:43 +0000"  >&lt;p&gt;Still failed. I will work on a new patch.&lt;/p&gt;</comment>
                            <comment id="15389069" author="yibing" created="Fri, 22 Jul 2016 07:10:53 +0000"  >&lt;p&gt;Modify the itests to use text files. See how it goes now&lt;/p&gt;</comment>
                            <comment id="15390693" author="hiveqa" created="Sat, 23 Jul 2016 13:24:25 +0000"  >

&lt;p&gt;Here are the results of testing the latest attachment:&lt;br/&gt;
&lt;a href=&quot;https://issues.apache.org/jira/secure/attachment/12819566/HIVE-14205.6.patch&quot; class=&quot;external-link&quot; rel=&quot;nofollow&quot;&gt;https://issues.apache.org/jira/secure/attachment/12819566/HIVE-14205.6.patch&lt;/a&gt;&lt;/p&gt;

&lt;p&gt;&lt;font color=&quot;green&quot;&gt;SUCCESS:&lt;/font&gt; +1 due to 4 test(s) being added or modified.&lt;/p&gt;

&lt;p&gt;&lt;font color=&quot;red&quot;&gt;ERROR:&lt;/font&gt; -1 due to 10 failed/errored test(s), 10344 tests executed&lt;br/&gt;
&lt;b&gt;Failed tests:&lt;/b&gt;&lt;/p&gt;
&lt;div class=&quot;preformatted panel&quot; style=&quot;border-width: 1px;&quot;&gt;&lt;div class=&quot;preformattedContent panelContent&quot;&gt;
&lt;pre&gt;TestMsgBusConnection - did not produce a TEST-*.xml file
org.apache.hadoop.hive.cli.TestCliDriver.testCliDriver_acid_globallimit
org.apache.hadoop.hive.cli.TestCliDriver.testCliDriver_avro_nullable_union
org.apache.hadoop.hive.cli.TestCliDriver.testCliDriver_list_bucket_dml_12
org.apache.hadoop.hive.cli.TestCliDriver.testCliDriver_list_bucket_dml_13
org.apache.hadoop.hive.cli.TestCliDriver.testCliDriver_subquery_multiinsert
org.apache.hadoop.hive.cli.TestMiniTezCliDriver.testCliDriver_acid_globallimit
org.apache.hadoop.hive.llap.daemon.impl.TestLlapTokenChecker.testCheckPermissions
org.apache.hadoop.hive.llap.daemon.impl.TestLlapTokenChecker.testGetToken
org.apache.hadoop.hive.metastore.TestMetaStoreMetrics.testConnections
&lt;/pre&gt;
&lt;/div&gt;&lt;/div&gt;

&lt;p&gt;Test results: &lt;a href=&quot;https://builds.apache.org/job/PreCommit-HIVE-MASTER-Build/609/testReport&quot; class=&quot;external-link&quot; target=&quot;_blank&quot; rel=&quot;nofollow noopener&quot;&gt;https://builds.apache.org/job/PreCommit-HIVE-MASTER-Build/609/testReport&lt;/a&gt;&lt;br/&gt;
Console output: &lt;a href=&quot;https://builds.apache.org/job/PreCommit-HIVE-MASTER-Build/609/console&quot; class=&quot;external-link&quot; target=&quot;_blank&quot; rel=&quot;nofollow noopener&quot;&gt;https://builds.apache.org/job/PreCommit-HIVE-MASTER-Build/609/console&lt;/a&gt;&lt;br/&gt;
Test logs: &lt;a href=&quot;http://ec2-204-236-174-241.us-west-1.compute.amazonaws.com/logs/PreCommit-HIVE-MASTER-Build-609/&quot; class=&quot;external-link&quot; target=&quot;_blank&quot; rel=&quot;nofollow noopener&quot;&gt;http://ec2-204-236-174-241.us-west-1.compute.amazonaws.com/logs/PreCommit-HIVE-MASTER-Build-609/&lt;/a&gt;&lt;/p&gt;

&lt;p&gt;Messages:&lt;/p&gt;
&lt;div class=&quot;preformatted panel&quot; style=&quot;border-width: 1px;&quot;&gt;&lt;div class=&quot;preformattedContent panelContent&quot;&gt;
&lt;pre&gt;Executing org.apache.hive.ptest.execution.TestCheckPhase
Executing org.apache.hive.ptest.execution.PrepPhase
Executing org.apache.hive.ptest.execution.ExecutionPhase
Executing org.apache.hive.ptest.execution.ReportingPhase
Tests exited with: TestsFailedException: 10 tests failed
&lt;/pre&gt;
&lt;/div&gt;&lt;/div&gt;

&lt;p&gt;This message is automatically generated.&lt;/p&gt;

&lt;p&gt;ATTACHMENT ID: 12819566 - PreCommit-HIVE-MASTER-Build&lt;/p&gt;</comment>
                            <comment id="15391021" author="yibing" created="Sun, 24 Jul 2016 10:26:25 +0000"  >&lt;p&gt;It looks like some latest change in master branch breaks my test. After applying the latest changes of master branch, I can reproduce the test failure. Will look further into it.&lt;/p&gt;</comment>
                            <comment id="15391293" author="yibing" created="Mon, 25 Jul 2016 04:04:13 +0000"  >&lt;p&gt;Fix the qtests&lt;/p&gt;</comment>
                            <comment id="15391610" author="hiveqa" created="Mon, 25 Jul 2016 09:38:27 +0000"  >

&lt;p&gt;Here are the results of testing the latest attachment:&lt;br/&gt;
&lt;a href=&quot;https://issues.apache.org/jira/secure/attachment/12819852/HIVE-14205.7.patch&quot; class=&quot;external-link&quot; rel=&quot;nofollow&quot;&gt;https://issues.apache.org/jira/secure/attachment/12819852/HIVE-14205.7.patch&lt;/a&gt;&lt;/p&gt;

&lt;p&gt;&lt;font color=&quot;green&quot;&gt;SUCCESS:&lt;/font&gt; +1 due to 4 test(s) being added or modified.&lt;/p&gt;

&lt;p&gt;&lt;font color=&quot;red&quot;&gt;ERROR:&lt;/font&gt; -1 due to 9 failed/errored test(s), 10354 tests executed&lt;br/&gt;
&lt;b&gt;Failed tests:&lt;/b&gt;&lt;/p&gt;
&lt;div class=&quot;preformatted panel&quot; style=&quot;border-width: 1px;&quot;&gt;&lt;div class=&quot;preformattedContent panelContent&quot;&gt;
&lt;pre&gt;TestMsgBusConnection - did not produce a TEST-*.xml file
org.apache.hadoop.hive.cli.TestCliDriver.testCliDriver_acid_globallimit
org.apache.hadoop.hive.cli.TestCliDriver.testCliDriver_stats_list_bucket
org.apache.hadoop.hive.cli.TestCliDriver.testCliDriver_subquery_multiinsert
org.apache.hadoop.hive.cli.TestMiniTezCliDriver.testCliDriver_acid_globallimit
org.apache.hadoop.hive.llap.daemon.impl.TestLlapTokenChecker.testCheckPermissions
org.apache.hadoop.hive.llap.daemon.impl.TestLlapTokenChecker.testGetToken
org.apache.hadoop.hive.llap.tezplugins.TestLlapTaskSchedulerService.testDelayedLocalityNodeCommErrorImmediateAllocation
org.apache.hadoop.hive.metastore.TestMetaStoreMetrics.testConnections
&lt;/pre&gt;
&lt;/div&gt;&lt;/div&gt;

&lt;p&gt;Test results: &lt;a href=&quot;https://builds.apache.org/job/PreCommit-HIVE-MASTER-Build/633/testReport&quot; class=&quot;external-link&quot; target=&quot;_blank&quot; rel=&quot;nofollow noopener&quot;&gt;https://builds.apache.org/job/PreCommit-HIVE-MASTER-Build/633/testReport&lt;/a&gt;&lt;br/&gt;
Console output: &lt;a href=&quot;https://builds.apache.org/job/PreCommit-HIVE-MASTER-Build/633/console&quot; class=&quot;external-link&quot; target=&quot;_blank&quot; rel=&quot;nofollow noopener&quot;&gt;https://builds.apache.org/job/PreCommit-HIVE-MASTER-Build/633/console&lt;/a&gt;&lt;br/&gt;
Test logs: &lt;a href=&quot;http://ec2-204-236-174-241.us-west-1.compute.amazonaws.com/logs/PreCommit-HIVE-MASTER-Build-633/&quot; class=&quot;external-link&quot; target=&quot;_blank&quot; rel=&quot;nofollow noopener&quot;&gt;http://ec2-204-236-174-241.us-west-1.compute.amazonaws.com/logs/PreCommit-HIVE-MASTER-Build-633/&lt;/a&gt;&lt;/p&gt;

&lt;p&gt;Messages:&lt;/p&gt;
&lt;div class=&quot;preformatted panel&quot; style=&quot;border-width: 1px;&quot;&gt;&lt;div class=&quot;preformattedContent panelContent&quot;&gt;
&lt;pre&gt;Executing org.apache.hive.ptest.execution.TestCheckPhase
Executing org.apache.hive.ptest.execution.PrepPhase
Executing org.apache.hive.ptest.execution.ExecutionPhase
Executing org.apache.hive.ptest.execution.ReportingPhase
Tests exited with: TestsFailedException: 9 tests failed
&lt;/pre&gt;
&lt;/div&gt;&lt;/div&gt;

&lt;p&gt;This message is automatically generated.&lt;/p&gt;

&lt;p&gt;ATTACHMENT ID: 12819852 - PreCommit-HIVE-MASTER-Build&lt;/p&gt;</comment>
                            <comment id="15391794" author="yibing" created="Mon, 25 Jul 2016 12:17:24 +0000"  >&lt;p&gt;These errors seem irrelevant. &lt;/p&gt;</comment>
                            <comment id="15392818" author="ctang.ma" created="Mon, 25 Jul 2016 23:11:31 +0000"  >&lt;p&gt;+1&lt;/p&gt;</comment>
                            <comment id="15395011" author="ctang.ma" created="Wed, 27 Jul 2016 03:48:44 +0000"  >&lt;p&gt;Committed to 2.2.0 and 2.1.1. Thanks &lt;a href=&quot;https://issues.apache.org/jira/secure/ViewProfile.jspa?name=Yibing&quot; class=&quot;user-hover&quot; rel=&quot;Yibing&quot;&gt;Yibing&lt;/a&gt; for the patch.&lt;/p&gt;</comment>
                            <comment id="15395038" author="yibing" created="Wed, 27 Jul 2016 04:54:27 +0000"  >&lt;p&gt;Thanks &lt;a href=&quot;https://issues.apache.org/jira/secure/ViewProfile.jspa?name=ctang.ma&quot; class=&quot;user-hover&quot; rel=&quot;ctang.ma&quot;&gt;ctang.ma&lt;/a&gt;!&lt;/p&gt;</comment>
                    </comments>
                <issuelinks>
                            <issuelinktype id="10030">
                    <name>Reference</name>
                                            <outwardlinks description="relates to">
                                        <issuelink>
            <issuekey id="12993831">HIVE-14395</issuekey>
        </issuelink>
                            </outwardlinks>
                                                        </issuelinktype>
                    </issuelinks>
                <attachments>
                            <attachment id="12817392" name="HIVE-14205.1.patch" size="7773" author="Yibing" created="Tue, 12 Jul 2016 11:01:40 +0000"/>
                            <attachment id="12818357" name="HIVE-14205.2.patch" size="20591" author="Yibing" created="Sat, 16 Jul 2016 11:03:39 +0000"/>
                            <attachment id="12818491" name="HIVE-14205.3.patch" size="21062" author="Yibing" created="Mon, 18 Jul 2016 03:16:40 +0000"/>
                            <attachment id="12818718" name="HIVE-14205.4.patch" size="21062" author="Yibing" created="Tue, 19 Jul 2016 00:55:58 +0000"/>
                            <attachment id="12819020" name="HIVE-14205.5.patch" size="21062" author="Yibing" created="Wed, 20 Jul 2016 05:03:45 +0000"/>
                            <attachment id="12819566" name="HIVE-14205.6.patch" size="23556" author="Yibing" created="Fri, 22 Jul 2016 07:10:53 +0000"/>
                            <attachment id="12819852" name="HIVE-14205.7.patch" size="23540" author="Yibing" created="Mon, 25 Jul 2016 04:04:13 +0000"/>
                    </attachments>
                <subtasks>
                    </subtasks>
                <customfields>
                                                                            <customfield id="customfield_12310310" key="com.atlassian.jira.toolkit:attachments">
                        <customfieldname>Attachment count</customfieldname>
                        <customfieldvalues>
                            <customfieldvalue>7.0</customfieldvalue>
                        </customfieldvalues>
                    </customfield>
                                                                                                                                                                                                                                                                                                                                                                                                                                                                                                                                                                                                                                                                                                        <customfield id="customfield_12314020" key="com.atlassian.jira.plugins.jira-development-integration-plugin:devsummary">
                        <customfieldname>Development</customfieldname>
                        <customfieldvalues>
                            
                        </customfieldvalues>
                    </customfield>
                                                                                                                        <customfield id="customfield_12313422" key="com.atlassian.jirafisheyeplugin:jobcheckbox">
                        <customfieldname>Enable Automatic Patch Review</customfieldname>
                        <customfieldvalues>
                            <customfieldvalue><![CDATA[false]]></customfieldvalue>

                        </customfieldvalues>
                    </customfield>
                                                                                                                                                                                                                                                                                                                                                                                                                                                                                                                                                                                                                                                <customfield id="customfield_12310420" key="com.pyxis.greenhopper.jira:gh-global-rank">
                        <customfieldname>Global Rank</customfieldname>
                        <customfieldvalues>
                            <customfieldvalue>9223372036854775807</customfieldvalue>
                        </customfieldvalues>
                    </customfield>
                                                                                                                                                                                                                                                                    <customfield id="customfield_12312521" key="com.atlassian.jira.toolkit:LastCommentDate">
                        <customfieldname>Last public comment date</customfieldname>
                        <customfieldvalues>
                            9 years, 17 weeks ago
                        </customfieldvalues>
                    </customfield>
                                                                                                                                                                                                                                                                                                <customfield id="customfield_12311820" key="com.pyxis.greenhopper.jira:gh-lexo-rank">
                        <customfieldname>Rank</customfieldname>
                        <customfieldvalues>
                            <customfieldvalue>0|i30s87:</customfieldvalue>

                        </customfieldvalues>
                    </customfield>
                                                                <customfield id="customfield_12310920" key="com.pyxis.greenhopper.jira:gh-global-rank">
                        <customfieldname>Rank (Obsolete)</customfieldname>
                        <customfieldvalues>
                            <customfieldvalue>9223372036854775807</customfieldvalue>
                        </customfieldvalues>
                    </customfield>
                                                                                                                                                                                                                                                                                                                                                                                                                                                                                                                                                                                                                                                                                                                                                                                                                                                                                </customfields>
    </item>
</channel>
</rss>