<!-- 
RSS generated by JIRA (8.20.10#820010-sha1:ace47f9899e9ee25d7157d59aa17ab06aee30d3d) at Wed Nov 12 18:47:04 UTC 2025

It is possible to restrict the fields that are returned in this document by specifying the 'field' parameter in your request.
For example, to request only the issue key and summary append 'field=key&field=summary' to the URL of your request.
-->
<rss version="0.92" >
<channel>
    <title>ASF Jira</title>
    <link>https://issues.apache.org/jira</link>
    <description>This file is an XML representation of an issue</description>
    <language>en-uk</language>    <build-info>
        <version>8.20.10</version>
        <build-number>820010</build-number>
        <build-date>22-06-2022</build-date>
    </build-info>


<item>
            <title>[HIVE-14378] Data size may be estimated as 0 if no columns are being projected after an operator</title>
                <link>https://issues.apache.org/jira/browse/HIVE-14378</link>
                <project id="12310843" key="HIVE">Hive</project>
                    <description>&lt;p&gt;in those cases we still emit rows.. but they may not have any columns within it.  We shouldn&apos;t estimate 0 data size in such cases.&lt;/p&gt;</description>
                <environment></environment>
        <key id="12993408">HIVE-14378</key>
            <summary>Data size may be estimated as 0 if no columns are being projected after an operator</summary>
                <type id="1" iconUrl="https://issues.apache.org/jira/secure/viewavatar?size=xsmall&amp;avatarId=21133&amp;avatarType=issuetype">Bug</type>
                                            <priority id="3" iconUrl="https://issues.apache.org/jira/images/icons/priorities/major.svg">Major</priority>
                        <status id="6" iconUrl="https://issues.apache.org/jira/images/icons/statuses/closed.png" description="The issue is considered finished, the resolution is correct. Issues which are not closed can be reopened.">Closed</status>
                    <statusCategory id="3" key="done" colorName="green"/>
                                    <resolution id="1">Fixed</resolution>
                                        <assignee username="ashutoshc">Ashutosh Chauhan</assignee>
                                    <reporter username="ashutoshc">Ashutosh Chauhan</reporter>
                        <labels>
                    </labels>
                <created>Fri, 29 Jul 2016 00:12:38 +0000</created>
                <updated>Tue, 27 Feb 2024 22:23:47 +0000</updated>
                            <resolved>Sat, 6 Aug 2016 00:34:12 +0000</resolved>
                                                    <fixVersion>2.2.0</fixVersion>
                                    <component>Physical Optimizer</component>
                    <component>Statistics</component>
                        <due></due>
                            <votes>0</votes>
                                    <watches>1</watches>
                                                                                                                <comments>
                            <comment id="15400290" author="ashutoshc" created="Sat, 30 Jul 2016 00:13:07 +0000"  >&lt;p&gt;&lt;a href=&quot;https://issues.apache.org/jira/secure/ViewProfile.jspa?name=jcamachorodriguez&quot; class=&quot;user-hover&quot; rel=&quot;jcamachorodriguez&quot;&gt;jcamachorodriguez&lt;/a&gt; Can you please take a look?&lt;/p&gt;</comment>
                            <comment id="15400946" author="hiveqa" created="Sun, 31 Jul 2016 04:08:35 +0000"  >

&lt;p&gt;Here are the results of testing the latest attachment:&lt;br/&gt;
&lt;a href=&quot;https://issues.apache.org/jira/secure/attachment/12820841/HIVE-14378.patch&quot; class=&quot;external-link&quot; rel=&quot;nofollow&quot;&gt;https://issues.apache.org/jira/secure/attachment/12820841/HIVE-14378.patch&lt;/a&gt;&lt;/p&gt;

&lt;p&gt;&lt;font color=&quot;red&quot;&gt;ERROR:&lt;/font&gt; -1 due to no test(s) being added or modified.&lt;/p&gt;

&lt;p&gt;&lt;font color=&quot;red&quot;&gt;ERROR:&lt;/font&gt; -1 due to 61 failed/errored test(s), 10417 tests executed&lt;br/&gt;
&lt;b&gt;Failed tests:&lt;/b&gt;&lt;/p&gt;
&lt;div class=&quot;preformatted panel&quot; style=&quot;border-width: 1px;&quot;&gt;&lt;div class=&quot;preformattedContent panelContent&quot;&gt;
&lt;pre&gt;TestMsgBusConnection - did not produce a TEST-*.xml file
org.apache.hadoop.hive.cli.TestCliDriver.testCliDriver_avro_nullable_union
org.apache.hadoop.hive.cli.TestCliDriver.testCliDriver_constant_prop_1
org.apache.hadoop.hive.cli.TestCliDriver.testCliDriver_input30
org.apache.hadoop.hive.cli.TestCliDriver.testCliDriver_lateral_view
org.apache.hadoop.hive.cli.TestCliDriver.testCliDriver_lateral_view_explode2
org.apache.hadoop.hive.cli.TestCliDriver.testCliDriver_lateral_view_noalias
org.apache.hadoop.hive.cli.TestCliDriver.testCliDriver_lateral_view_onview
org.apache.hadoop.hive.cli.TestCliDriver.testCliDriver_list_bucket_dml_12
org.apache.hadoop.hive.cli.TestCliDriver.testCliDriver_list_bucket_dml_13
org.apache.hadoop.hive.cli.TestCliDriver.testCliDriver_load_dyn_part14
org.apache.hadoop.hive.cli.TestCliDriver.testCliDriver_optimize_nullscan
org.apache.hadoop.hive.cli.TestCliDriver.testCliDriver_stats_list_bucket
org.apache.hadoop.hive.cli.TestCliDriver.testCliDriver_subquery_multiinsert
org.apache.hadoop.hive.cli.TestCliDriver.testCliDriver_udtf_explode
org.apache.hadoop.hive.cli.TestCliDriver.testCliDriver_udtf_stack
org.apache.hadoop.hive.cli.TestCliDriver.testCliDriver_union16
org.apache.hadoop.hive.cli.TestCliDriver.testCliDriver_union2
org.apache.hadoop.hive.cli.TestCliDriver.testCliDriver_union3
org.apache.hadoop.hive.cli.TestCliDriver.testCliDriver_union9
org.apache.hadoop.hive.cli.TestCliDriver.testCliDriver_unionDistinct_1
org.apache.hadoop.hive.cli.TestMiniLlapCliDriver.testCliDriver_orc_llap
org.apache.hadoop.hive.cli.TestMiniLlapCliDriver.testCliDriver_orc_llap_counters
org.apache.hadoop.hive.cli.TestMiniTezCliDriver.org.apache.hadoop.hive.cli.TestMiniTezCliDriver
org.apache.hadoop.hive.cli.TestMiniTezCliDriver.testCliDriver_auto_sortmerge_join_14
org.apache.hadoop.hive.cli.TestMiniTezCliDriver.testCliDriver_cbo_subq_exists
org.apache.hadoop.hive.cli.TestMiniTezCliDriver.testCliDriver_cte_mat_3
org.apache.hadoop.hive.cli.TestMiniTezCliDriver.testCliDriver_explainuser_1
org.apache.hadoop.hive.cli.TestMiniTezCliDriver.testCliDriver_mergejoin_3way
org.apache.hadoop.hive.cli.TestMiniTezCliDriver.testCliDriver_optimize_nullscan
org.apache.hadoop.hive.cli.TestMiniTezCliDriver.testCliDriver_orc_merge6
org.apache.hadoop.hive.cli.TestMiniTezCliDriver.testCliDriver_orc_merge_incompat2
org.apache.hadoop.hive.cli.TestMiniTezCliDriver.testCliDriver_selectDistinctStar
org.apache.hadoop.hive.cli.TestMiniTezCliDriver.testCliDriver_select_dummy_source
org.apache.hadoop.hive.cli.TestMiniTezCliDriver.testCliDriver_stats_only_null
org.apache.hadoop.hive.cli.TestMiniTezCliDriver.testCliDriver_subquery_exists
org.apache.hadoop.hive.cli.TestMiniTezCliDriver.testCliDriver_tez_dynpart_hashjoin_3
org.apache.hadoop.hive.cli.TestMiniTezCliDriver.testCliDriver_tez_union_multiinsert
org.apache.hadoop.hive.cli.TestMiniTezCliDriver.testCliDriver_union2
org.apache.hadoop.hive.cli.TestMiniTezCliDriver.testCliDriver_union3
org.apache.hadoop.hive.cli.TestMiniTezCliDriver.testCliDriver_union9
org.apache.hadoop.hive.cli.TestMiniTezCliDriver.testCliDriver_unionDistinct_1
org.apache.hadoop.hive.cli.TestMiniTezCliDriver.testCliDriver_vector_inner_join
org.apache.hadoop.hive.cli.TestMiniTezCliDriver.testCliDriver_vector_left_outer_join
org.apache.hadoop.hive.cli.TestMiniTezCliDriver.testCliDriver_vector_outer_join3
org.apache.hadoop.hive.cli.TestMiniTezCliDriver.testCliDriver_vector_outer_join4
org.apache.hadoop.hive.cli.TestMiniTezCliDriver.testCliDriver_vector_varchar_simple
org.apache.hadoop.hive.cli.TestMiniTezCliDriver.testCliDriver_vectorization_13
org.apache.hadoop.hive.cli.TestMiniTezCliDriver.testCliDriver_vectorized_nested_mapjoin
org.apache.hadoop.hive.cli.TestNegativeCliDriver.testNegativeCliDriver_avro_non_nullable_union
org.apache.hadoop.hive.cli.TestSparkCliDriver.testCliDriver_lateral_view_explode2
org.apache.hadoop.hive.cli.TestSparkCliDriver.testCliDriver_load_dyn_part14
org.apache.hadoop.hive.cli.TestSparkCliDriver.testCliDriver_optimize_nullscan
org.apache.hadoop.hive.cli.TestSparkCliDriver.testCliDriver_stats_only_null
org.apache.hadoop.hive.cli.TestSparkCliDriver.testCliDriver_union16
org.apache.hadoop.hive.cli.TestSparkCliDriver.testCliDriver_union2
org.apache.hadoop.hive.cli.TestSparkCliDriver.testCliDriver_union3
org.apache.hadoop.hive.cli.TestSparkCliDriver.testCliDriver_union9
org.apache.hadoop.hive.metastore.TestHiveMetaStoreTxns.stringifyValidTxns
org.apache.hadoop.hive.metastore.TestHiveMetaStoreTxns.testTxnRange
org.apache.hive.hcatalog.hbase.TestPigHBaseStorageHandler.org.apache.hive.hcatalog.hbase.TestPigHBaseStorageHandler
&lt;/pre&gt;
&lt;/div&gt;&lt;/div&gt;

&lt;p&gt;Test results: &lt;a href=&quot;https://builds.apache.org/job/PreCommit-HIVE-MASTER-Build/703/testReport&quot; class=&quot;external-link&quot; target=&quot;_blank&quot; rel=&quot;nofollow noopener&quot;&gt;https://builds.apache.org/job/PreCommit-HIVE-MASTER-Build/703/testReport&lt;/a&gt;&lt;br/&gt;
Console output: &lt;a href=&quot;https://builds.apache.org/job/PreCommit-HIVE-MASTER-Build/703/console&quot; class=&quot;external-link&quot; target=&quot;_blank&quot; rel=&quot;nofollow noopener&quot;&gt;https://builds.apache.org/job/PreCommit-HIVE-MASTER-Build/703/console&lt;/a&gt;&lt;br/&gt;
Test logs: &lt;a href=&quot;http://ec2-204-236-174-241.us-west-1.compute.amazonaws.com/logs/PreCommit-HIVE-MASTER-Build-703/&quot; class=&quot;external-link&quot; target=&quot;_blank&quot; rel=&quot;nofollow noopener&quot;&gt;http://ec2-204-236-174-241.us-west-1.compute.amazonaws.com/logs/PreCommit-HIVE-MASTER-Build-703/&lt;/a&gt;&lt;/p&gt;

&lt;p&gt;Messages:&lt;/p&gt;
&lt;div class=&quot;preformatted panel&quot; style=&quot;border-width: 1px;&quot;&gt;&lt;div class=&quot;preformattedContent panelContent&quot;&gt;
&lt;pre&gt;Executing org.apache.hive.ptest.execution.TestCheckPhase
Executing org.apache.hive.ptest.execution.PrepPhase
Executing org.apache.hive.ptest.execution.ExecutionPhase
Executing org.apache.hive.ptest.execution.ReportingPhase
Tests exited with: TestsFailedException: 61 tests failed
&lt;/pre&gt;
&lt;/div&gt;&lt;/div&gt;

&lt;p&gt;This message is automatically generated.&lt;/p&gt;

&lt;p&gt;ATTACHMENT ID: 12820841 - PreCommit-HIVE-MASTER-Build&lt;/p&gt;</comment>
                            <comment id="15401609" author="jcamacho" created="Mon, 1 Aug 2016 06:45:52 +0000"  >&lt;p&gt;+1&lt;/p&gt;</comment>
                            <comment id="15404768" author="hiveqa" created="Tue, 2 Aug 2016 20:59:31 +0000"  >

&lt;p&gt;Here are the results of testing the latest attachment:&lt;br/&gt;
&lt;a href=&quot;https://issues.apache.org/jira/secure/attachment/12821628/HIVE-14378.3.patch&quot; class=&quot;external-link&quot; rel=&quot;nofollow&quot;&gt;https://issues.apache.org/jira/secure/attachment/12821628/HIVE-14378.3.patch&lt;/a&gt;&lt;/p&gt;

&lt;p&gt;&lt;font color=&quot;red&quot;&gt;ERROR:&lt;/font&gt; -1 due to build exiting with an error&lt;/p&gt;

&lt;p&gt;Test results: &lt;a href=&quot;https://builds.apache.org/job/PreCommit-HIVE-MASTER-Build/740/testReport&quot; class=&quot;external-link&quot; target=&quot;_blank&quot; rel=&quot;nofollow noopener&quot;&gt;https://builds.apache.org/job/PreCommit-HIVE-MASTER-Build/740/testReport&lt;/a&gt;&lt;br/&gt;
Console output: &lt;a href=&quot;https://builds.apache.org/job/PreCommit-HIVE-MASTER-Build/740/console&quot; class=&quot;external-link&quot; target=&quot;_blank&quot; rel=&quot;nofollow noopener&quot;&gt;https://builds.apache.org/job/PreCommit-HIVE-MASTER-Build/740/console&lt;/a&gt;&lt;br/&gt;
Test logs: &lt;a href=&quot;http://ec2-204-236-174-241.us-west-1.compute.amazonaws.com/logs/PreCommit-HIVE-MASTER-Build-740/&quot; class=&quot;external-link&quot; target=&quot;_blank&quot; rel=&quot;nofollow noopener&quot;&gt;http://ec2-204-236-174-241.us-west-1.compute.amazonaws.com/logs/PreCommit-HIVE-MASTER-Build-740/&lt;/a&gt;&lt;/p&gt;

&lt;p&gt;Messages:&lt;/p&gt;
&lt;div class=&quot;preformatted panel&quot; style=&quot;border-width: 1px;&quot;&gt;&lt;div class=&quot;preformattedContent panelContent&quot;&gt;
&lt;pre&gt;Executing org.apache.hive.ptest.execution.TestCheckPhase
Executing org.apache.hive.ptest.execution.PrepPhase
Tests exited with: NonZeroExitCodeException
Command &apos;bash /data/hive-ptest/working/scratch/source-prep.sh&apos; failed with exit status 1 and output &apos;+ [[ -n /usr/java/jdk1.8.0_25 ]]
+ export JAVA_HOME=/usr/java/jdk1.8.0_25
+ JAVA_HOME=/usr/java/jdk1.8.0_25
+ export PATH=/usr/java/jdk1.8.0_25/bin/:/usr/local/bin:/usr/bin:/bin:/usr/local/games:/usr/games
+ PATH=/usr/java/jdk1.8.0_25/bin/:/usr/local/bin:/usr/bin:/bin:/usr/local/games:/usr/games
+ export &apos;ANT_OPTS=-Xmx1g -XX:MaxPermSize=256m &apos;
+ ANT_OPTS=&apos;-Xmx1g -XX:MaxPermSize=256m &apos;
+ export &apos;M2_OPTS=-Xmx1g -XX:MaxPermSize=256m -Dhttp.proxyHost=localhost -Dhttp.proxyPort=3128&apos;
+ M2_OPTS=&apos;-Xmx1g -XX:MaxPermSize=256m -Dhttp.proxyHost=localhost -Dhttp.proxyPort=3128&apos;
+ cd /data/hive-ptest/working/
+ tee /data/hive-ptest/logs/PreCommit-HIVE-MASTER-Build-740/source-prep.txt
+ [[ false == \t\r\u\e ]]
+ mkdir -p maven ivy
+ [[ git = \s\v\n ]]
+ [[ git = \g\i\t ]]
+ [[ -z master ]]
+ [[ -d apache-github-source-source ]]
+ [[ ! -d apache-github-source-source/.git ]]
+ [[ ! -d apache-github-source-source ]]
+ cd apache-github-source-source
+ git fetch origin
From https://github.com/apache/hive
   af5c9d4..23c0f71  master     -&amp;gt; origin/master
   7a9003f..4569a22  branch-2.1 -&amp;gt; origin/branch-2.1
+ git reset --hard HEAD
HEAD is now at af5c9d4 HIVE-14346: Change the default value for hive.mapred.mode to null (Chao Sun, reviewed by Xuefu Zhang and Sergey Shelukhin)
+ git clean -f -d
Removing ql/src/test/org/apache/hadoop/hive/ql/exec/vector/VectorRandomRowSource.java
Removing ql/src/test/org/apache/hadoop/hive/ql/exec/vector/mapjoin/fast/CheckFastRowHashMap.java
Removing ql/src/test/org/apache/hadoop/hive/ql/exec/vector/mapjoin/fast/TestVectorMapJoinFastRowHashMap.java
Removing ql/src/test/org/apache/hadoop/hive/ql/exec/vector/mapjoin/fast/VerifyFastRow.java
Removing serde/src/test/org/apache/hadoop/hive/serde2/SerdeRandomRowSource.java
+ git checkout master
Already on &apos;master&apos;
Your branch is behind &apos;origin/master&apos; by 2 commits, and can be fast-forwarded.
  (use &quot;git pull&quot; to update your local branch)
+ git reset --hard origin/master
HEAD is now at 23c0f71 HIVE-13723: Executing join query on type Float using Thrift Serde will result in Float cast to Double error (Ziyang Zhao reviewed by Vaibhav Gumashta)
+ git merge --ff-only origin/master
Already up-to-date.
+ git gc
+ patchCommandPath=/data/hive-ptest/working/scratch/smart-apply-patch.sh
+ patchFilePath=/data/hive-ptest/working/scratch/build.patch
+ [[ -f /data/hive-ptest/working/scratch/build.patch ]]
+ chmod +x /data/hive-ptest/working/scratch/smart-apply-patch.sh
+ /data/hive-ptest/working/scratch/smart-apply-patch.sh /data/hive-ptest/working/scratch/build.patch
The patch does not appear to apply with p0, p1, or p2
+ exit 1
&apos;
&lt;/pre&gt;
&lt;/div&gt;&lt;/div&gt;

&lt;p&gt;This message is automatically generated.&lt;/p&gt;

&lt;p&gt;ATTACHMENT ID: 12821628 - PreCommit-HIVE-MASTER-Build&lt;/p&gt;</comment>
                            <comment id="15408616" author="hiveqa" created="Thu, 4 Aug 2016 23:02:36 +0000"  >

&lt;p&gt;Here are the results of testing the latest attachment:&lt;br/&gt;
&lt;a href=&quot;https://issues.apache.org/jira/secure/attachment/12821934/HIVE-14378.4.patch&quot; class=&quot;external-link&quot; rel=&quot;nofollow&quot;&gt;https://issues.apache.org/jira/secure/attachment/12821934/HIVE-14378.4.patch&lt;/a&gt;&lt;/p&gt;

&lt;p&gt;&lt;font color=&quot;red&quot;&gt;ERROR:&lt;/font&gt; -1 due to build exiting with an error&lt;/p&gt;

&lt;p&gt;Test results: &lt;a href=&quot;https://builds.apache.org/job/PreCommit-HIVE-MASTER-Build/774/testReport&quot; class=&quot;external-link&quot; target=&quot;_blank&quot; rel=&quot;nofollow noopener&quot;&gt;https://builds.apache.org/job/PreCommit-HIVE-MASTER-Build/774/testReport&lt;/a&gt;&lt;br/&gt;
Console output: &lt;a href=&quot;https://builds.apache.org/job/PreCommit-HIVE-MASTER-Build/774/console&quot; class=&quot;external-link&quot; target=&quot;_blank&quot; rel=&quot;nofollow noopener&quot;&gt;https://builds.apache.org/job/PreCommit-HIVE-MASTER-Build/774/console&lt;/a&gt;&lt;br/&gt;
Test logs: &lt;a href=&quot;http://ec2-204-236-174-241.us-west-1.compute.amazonaws.com/logs/PreCommit-HIVE-MASTER-Build-774/&quot; class=&quot;external-link&quot; target=&quot;_blank&quot; rel=&quot;nofollow noopener&quot;&gt;http://ec2-204-236-174-241.us-west-1.compute.amazonaws.com/logs/PreCommit-HIVE-MASTER-Build-774/&lt;/a&gt;&lt;/p&gt;

&lt;p&gt;Messages:&lt;/p&gt;
&lt;div class=&quot;preformatted panel&quot; style=&quot;border-width: 1px;&quot;&gt;&lt;div class=&quot;preformattedContent panelContent&quot;&gt;
&lt;pre&gt;**** This message was trimmed, see log for full details ****
[INFO] Executing tasks

main:
    [mkdir] Created dir: /data/hive-ptest/working/apache-github-source-source/spark-client/target/tmp
    [mkdir] Created dir: /data/hive-ptest/working/apache-github-source-source/spark-client/target/warehouse
    [mkdir] Created dir: /data/hive-ptest/working/apache-github-source-source/spark-client/target/tmp/conf
     [copy] Copying 15 files to /data/hive-ptest/working/apache-github-source-source/spark-client/target/tmp/conf
[INFO] Executed tasks
[INFO] 
[INFO] --- maven-compiler-plugin:3.1:testCompile (default-testCompile) @ spark-client ---
[INFO] Compiling 5 source files to /data/hive-ptest/working/apache-github-source-source/spark-client/target/test-classes
[INFO] 
[INFO] --- maven-dependency-plugin:2.8:copy (copy-guava-14) @ spark-client ---
[INFO] Configured Artifact: com.google.guava:guava:14.0.1:jar
[INFO] Copying guava-14.0.1.jar to /data/hive-ptest/working/apache-github-source-source/spark-client/target/dependency/guava-14.0.1.jar
[INFO] 
[INFO] --- maven-surefire-plugin:2.16:test (default-test) @ spark-client ---
[INFO] Tests are skipped.
[INFO] 
[INFO] --- maven-jar-plugin:2.2:jar (default-jar) @ spark-client ---
[INFO] Building jar: /data/hive-ptest/working/apache-github-source-source/spark-client/target/spark-client-2.2.0-SNAPSHOT.jar
[INFO] 
[INFO] --- maven-site-plugin:3.3:attach-descriptor (attach-descriptor) @ spark-client ---
[INFO] 
[INFO] --- maven-install-plugin:2.4:install (default-install) @ spark-client ---
[INFO] Installing /data/hive-ptest/working/apache-github-source-source/spark-client/target/spark-client-2.2.0-SNAPSHOT.jar to /data/hive-ptest/working/maven/org/apache/hive/spark-client/2.2.0-SNAPSHOT/spark-client-2.2.0-SNAPSHOT.jar
[INFO] Installing /data/hive-ptest/working/apache-github-source-source/spark-client/pom.xml to /data/hive-ptest/working/maven/org/apache/hive/spark-client/2.2.0-SNAPSHOT/spark-client-2.2.0-SNAPSHOT.pom
[INFO]                                                                         
[INFO] ------------------------------------------------------------------------
[INFO] Building Hive Query Language 2.2.0-SNAPSHOT
[INFO] ------------------------------------------------------------------------
[INFO] 
[INFO] --- maven-clean-plugin:2.5:clean (default-clean) @ hive-exec ---
[INFO] Deleting /data/hive-ptest/working/apache-github-source-source/ql/target
[INFO] Deleting /data/hive-ptest/working/apache-github-source-source/ql (includes = [datanucleus.log, derby.log], excludes = [])
[INFO] 
[INFO] --- maven-enforcer-plugin:1.3.1:enforce (enforce-no-snapshots) @ hive-exec ---
[INFO] 
[INFO] --- maven-antrun-plugin:1.7:run (generate-sources) @ hive-exec ---
[INFO] Executing tasks

main:
    [mkdir] Created dir: /data/hive-ptest/working/apache-github-source-source/ql/target/generated-sources/java/org/apache/hadoop/hive/ql/exec/vector/expressions/gen
    [mkdir] Created dir: /data/hive-ptest/working/apache-github-source-source/ql/target/generated-sources/java/org/apache/hadoop/hive/ql/exec/vector/expressions/aggregates/gen
    [mkdir] Created dir: /data/hive-ptest/working/apache-github-source-source/ql/target/generated-test-sources/java/org/apache/hadoop/hive/ql/exec/vector/expressions/gen
Generating vector expression code
Generating vector expression test code
[INFO] Executed tasks
[INFO] 
[INFO] --- build-helper-maven-plugin:1.8:add-source (add-source) @ hive-exec ---
[INFO] Source directory: /data/hive-ptest/working/apache-github-source-source/ql/src/gen/thrift/gen-javabean added.
[INFO] Source directory: /data/hive-ptest/working/apache-github-source-source/ql/target/generated-sources/java added.
[INFO] 
[INFO] --- antlr3-maven-plugin:3.4:antlr (default) @ hive-exec ---
[INFO] ANTLR: Processing source directory /data/hive-ptest/working/apache-github-source-source/ql/src/java
ANTLR Parser Generator  Version 3.4
org/apache/hadoop/hive/ql/parse/HiveLexer.g
org/apache/hadoop/hive/ql/parse/HiveParser.g
[INFO] 
[INFO] --- maven-remote-resources-plugin:1.5:process (default) @ hive-exec ---
[INFO] 
[INFO] --- maven-resources-plugin:2.6:resources (default-resources) @ hive-exec ---
[INFO] Using &apos;UTF-8&apos; encoding to copy filtered resources.
[INFO] Copying 4 resources
[INFO] Copying 3 resources
[INFO] 
[INFO] --- maven-antrun-plugin:1.7:run (define-classpath) @ hive-exec ---
[INFO] Executing tasks

main:
[INFO] Executed tasks
[INFO] 
[INFO] --- maven-compiler-plugin:3.1:compile (default-compile) @ hive-exec ---
[INFO] Compiling 2653 source files to /data/hive-ptest/working/apache-github-source-source/ql/target/classes
[INFO] -------------------------------------------------------------
[ERROR] COMPILATION ERROR : 
[INFO] -------------------------------------------------------------
[ERROR] /data/hive-ptest/working/apache-github-source-source/ql/src/java/org/apache/hadoop/hive/ql/metadata/Hive.java:[130,40] cannot find symbol
  symbol:   class SynchronizedMetaStoreClient
  location: package org.apache.hadoop.hive.metastore
[ERROR] /data/hive-ptest/working/apache-github-source-source/ql/src/java/org/apache/hadoop/hive/ql/lockmgr/DbTxnManager.java:[22,40] cannot find symbol
  symbol:   class SynchronizedMetaStoreClient
  location: package org.apache.hadoop.hive.metastore
[ERROR] /data/hive-ptest/working/apache-github-source-source/ql/src/java/org/apache/hadoop/hive/ql/metadata/Hive.java:[168,11] cannot find symbol
  symbol:   class SynchronizedMetaStoreClient
  location: class org.apache.hadoop.hive.ql.metadata.Hive
[ERROR] /data/hive-ptest/working/apache-github-source-source/ql/src/java/org/apache/hadoop/hive/ql/metadata/Hive.java:[3472,23] cannot find symbol
  symbol:   class SynchronizedMetaStoreClient
  location: class org.apache.hadoop.hive.ql.metadata.Hive
[ERROR] /data/hive-ptest/working/apache-github-source-source/ql/src/java/org/apache/hadoop/hive/ql/lockmgr/DbLockManager.java:[21,40] cannot find symbol
  symbol:   class SynchronizedMetaStoreClient
  location: package org.apache.hadoop.hive.metastore
[ERROR] /data/hive-ptest/working/apache-github-source-source/ql/src/java/org/apache/hadoop/hive/ql/lockmgr/DbTxnManager.java:[64,11] cannot find symbol
  symbol:   class SynchronizedMetaStoreClient
  location: class org.apache.hadoop.hive.ql.lockmgr.DbTxnManager
[ERROR] /data/hive-ptest/working/apache-github-source-source/ql/src/java/org/apache/hadoop/hive/ql/lockmgr/DbTxnManager.java:[89,30] cannot find symbol
  symbol:   class SynchronizedMetaStoreClient
  location: class org.apache.hadoop.hive.ql.lockmgr.DbTxnManager
[ERROR] /data/hive-ptest/working/apache-github-source-source/ql/src/java/org/apache/hadoop/hive/ql/lockmgr/DbTxnManager.java:[110,18] cannot find symbol
  symbol:   class SynchronizedMetaStoreClient
  location: class org.apache.hadoop.hive.ql.lockmgr.DbTxnManager
[ERROR] /data/hive-ptest/working/apache-github-source-source/ql/src/java/org/apache/hadoop/hive/ql/lockmgr/DbLockManager.java:[56,11] cannot find symbol
  symbol:   class SynchronizedMetaStoreClient
  location: class org.apache.hadoop.hive.ql.lockmgr.DbLockManager
[ERROR] /data/hive-ptest/working/apache-github-source-source/ql/src/java/org/apache/hadoop/hive/ql/lockmgr/DbLockManager.java:[60,17] cannot find symbol
  symbol:   class SynchronizedMetaStoreClient
  location: class org.apache.hadoop.hive.ql.lockmgr.DbLockManager
[INFO] 10 errors 
[INFO] -------------------------------------------------------------
[INFO] ------------------------------------------------------------------------
[INFO] Reactor Summary:
[INFO] 
[INFO] Hive .............................................. SUCCESS [1.938s]
[INFO] Hive Shims Common ................................. SUCCESS [3.283s]
[INFO] Hive Shims 0.23 ................................... SUCCESS [1.849s]
[INFO] Hive Shims Scheduler .............................. SUCCESS [0.686s]
[INFO] Hive Shims ........................................ SUCCESS [0.333s]
[INFO] Hive Storage API .................................. SUCCESS [1.011s]
[INFO] Hive ORC .......................................... SUCCESS [5.264s]
[INFO] Hive Common ....................................... SUCCESS [4.301s]
[INFO] Hive Service RPC .................................. SUCCESS [3.355s]
[INFO] Hive Serde ........................................ SUCCESS [4.878s]
[INFO] Hive Metastore .................................... SUCCESS [21.248s]
[INFO] Hive Ant Utilities ................................ SUCCESS [0.275s]
[INFO] Hive Llap Common .................................. SUCCESS [3.050s]
[INFO] Hive Llap Client .................................. SUCCESS [1.273s]
[INFO] Hive Llap Tez ..................................... SUCCESS [1.571s]
[INFO] Spark Remote Client ............................... SUCCESS [2.826s]
[INFO] Hive Query Language ............................... FAILURE [18.113s]
[INFO] Hive Llap Server .................................. SKIPPED
[INFO] Hive Service ...................................... SKIPPED
[INFO] Hive Accumulo Handler ............................. SKIPPED
[INFO] Hive JDBC ......................................... SKIPPED
[INFO] Hive Beeline ...................................... SKIPPED
[INFO] Hive CLI .......................................... SKIPPED
[INFO] Hive Contrib ...................................... SKIPPED
[INFO] Hive HBase Handler ................................ SKIPPED
[INFO] Hive HCatalog ..................................... SKIPPED
[INFO] Hive HCatalog Core ................................ SKIPPED
[INFO] Hive HCatalog Pig Adapter ......................... SKIPPED
[INFO] Hive HCatalog Server Extensions ................... SKIPPED
[INFO] Hive HCatalog Webhcat Java Client ................. SKIPPED
[INFO] Hive HCatalog Webhcat ............................. SKIPPED
[INFO] Hive HCatalog Streaming ........................... SKIPPED
[INFO] Hive HPL/SQL ...................................... SKIPPED
[INFO] Hive HWI .......................................... SKIPPED
[INFO] Hive Llap External Client ......................... SKIPPED
[INFO] Hive Shims Aggregator ............................. SKIPPED
[INFO] Hive TestUtils .................................... SKIPPED
[INFO] Hive Packaging .................................... SKIPPED
[INFO] ------------------------------------------------------------------------
[INFO] BUILD FAILURE
[INFO] ------------------------------------------------------------------------
[INFO] Total time: 1:15.995s
[INFO] Finished at: Thu Aug 04 23:02:44 UTC 2016
[INFO] Final Memory: 130M/1016M
[INFO] ------------------------------------------------------------------------
[ERROR] Failed to execute goal org.apache.maven.plugins:maven-compiler-plugin:3.1:compile (default-compile) on project hive-exec: Compilation failure: Compilation failure:
[ERROR] /data/hive-ptest/working/apache-github-source-source/ql/src/java/org/apache/hadoop/hive/ql/metadata/Hive.java:[130,40] cannot find symbol
[ERROR] symbol:   class SynchronizedMetaStoreClient
[ERROR] location: package org.apache.hadoop.hive.metastore
[ERROR] /data/hive-ptest/working/apache-github-source-source/ql/src/java/org/apache/hadoop/hive/ql/lockmgr/DbTxnManager.java:[22,40] cannot find symbol
[ERROR] symbol:   class SynchronizedMetaStoreClient
[ERROR] location: package org.apache.hadoop.hive.metastore
[ERROR] /data/hive-ptest/working/apache-github-source-source/ql/src/java/org/apache/hadoop/hive/ql/metadata/Hive.java:[168,11] cannot find symbol
[ERROR] symbol:   class SynchronizedMetaStoreClient
[ERROR] location: class org.apache.hadoop.hive.ql.metadata.Hive
[ERROR] /data/hive-ptest/working/apache-github-source-source/ql/src/java/org/apache/hadoop/hive/ql/metadata/Hive.java:[3472,23] cannot find symbol
[ERROR] symbol:   class SynchronizedMetaStoreClient
[ERROR] location: class org.apache.hadoop.hive.ql.metadata.Hive
[ERROR] /data/hive-ptest/working/apache-github-source-source/ql/src/java/org/apache/hadoop/hive/ql/lockmgr/DbLockManager.java:[21,40] cannot find symbol
[ERROR] symbol:   class SynchronizedMetaStoreClient
[ERROR] location: package org.apache.hadoop.hive.metastore
[ERROR] /data/hive-ptest/working/apache-github-source-source/ql/src/java/org/apache/hadoop/hive/ql/lockmgr/DbTxnManager.java:[64,11] cannot find symbol
[ERROR] symbol:   class SynchronizedMetaStoreClient
[ERROR] location: class org.apache.hadoop.hive.ql.lockmgr.DbTxnManager
[ERROR] /data/hive-ptest/working/apache-github-source-source/ql/src/java/org/apache/hadoop/hive/ql/lockmgr/DbTxnManager.java:[89,30] cannot find symbol
[ERROR] symbol:   class SynchronizedMetaStoreClient
[ERROR] location: class org.apache.hadoop.hive.ql.lockmgr.DbTxnManager
[ERROR] /data/hive-ptest/working/apache-github-source-source/ql/src/java/org/apache/hadoop/hive/ql/lockmgr/DbTxnManager.java:[110,18] cannot find symbol
[ERROR] symbol:   class SynchronizedMetaStoreClient
[ERROR] location: class org.apache.hadoop.hive.ql.lockmgr.DbTxnManager
[ERROR] /data/hive-ptest/working/apache-github-source-source/ql/src/java/org/apache/hadoop/hive/ql/lockmgr/DbLockManager.java:[56,11] cannot find symbol
[ERROR] symbol:   class SynchronizedMetaStoreClient
[ERROR] location: class org.apache.hadoop.hive.ql.lockmgr.DbLockManager
[ERROR] /data/hive-ptest/working/apache-github-source-source/ql/src/java/org/apache/hadoop/hive/ql/lockmgr/DbLockManager.java:[60,17] cannot find symbol
[ERROR] symbol:   class SynchronizedMetaStoreClient
[ERROR] location: class org.apache.hadoop.hive.ql.lockmgr.DbLockManager
[ERROR] -&amp;gt; [Help 1]
[ERROR] 
[ERROR] To see the full stack trace of the errors, re-run Maven with the -e switch.
[ERROR] Re-run Maven using the -X switch to enable full debug logging.
[ERROR] 
[ERROR] For more information about the errors and possible solutions, please read the following articles:
[ERROR] [Help 1] http://cwiki.apache.org/confluence/display/MAVEN/MojoFailureException
[ERROR] 
[ERROR] After correcting the problems, you can resume the build with the command
[ERROR]   mvn &amp;lt;goals&amp;gt; -rf :hive-exec
+ exit 1
&apos;
&lt;/pre&gt;
&lt;/div&gt;&lt;/div&gt;

&lt;p&gt;This message is automatically generated.&lt;/p&gt;

&lt;p&gt;ATTACHMENT ID: 12821934 - PreCommit-HIVE-MASTER-Build&lt;/p&gt;</comment>
                            <comment id="15410311" author="hiveqa" created="Sat, 6 Aug 2016 00:16:10 +0000"  >

&lt;p&gt;Here are the results of testing the latest attachment:&lt;br/&gt;
&lt;a href=&quot;https://issues.apache.org/jira/secure/attachment/12821934/HIVE-14378.4.patch&quot; class=&quot;external-link&quot; rel=&quot;nofollow&quot;&gt;https://issues.apache.org/jira/secure/attachment/12821934/HIVE-14378.4.patch&lt;/a&gt;&lt;/p&gt;

&lt;p&gt;&lt;font color=&quot;red&quot;&gt;ERROR:&lt;/font&gt; -1 due to no test(s) being added or modified.&lt;/p&gt;

&lt;p&gt;&lt;font color=&quot;red&quot;&gt;ERROR:&lt;/font&gt; -1 due to 5 failed/errored test(s), 10440 tests executed&lt;br/&gt;
&lt;b&gt;Failed tests:&lt;/b&gt;&lt;/p&gt;
&lt;div class=&quot;preformatted panel&quot; style=&quot;border-width: 1px;&quot;&gt;&lt;div class=&quot;preformattedContent panelContent&quot;&gt;
&lt;pre&gt;TestMsgBusConnection - did not produce a TEST-*.xml file
TestQueryLifeTimeHook - did not produce a TEST-*.xml file
org.apache.hadoop.hive.cli.TestMiniLlapCliDriver.testCliDriver_orc_llap
org.apache.hadoop.hive.cli.TestMiniLlapCliDriver.testCliDriver_orc_llap_counters
org.apache.hadoop.hive.llap.tezplugins.TestLlapTaskSchedulerService.testForcedLocalityMultiplePreemptionsSameHost2
&lt;/pre&gt;
&lt;/div&gt;&lt;/div&gt;

&lt;p&gt;Test results: &lt;a href=&quot;https://builds.apache.org/job/PreCommit-HIVE-MASTER-Build/789/testReport&quot; class=&quot;external-link&quot; target=&quot;_blank&quot; rel=&quot;nofollow noopener&quot;&gt;https://builds.apache.org/job/PreCommit-HIVE-MASTER-Build/789/testReport&lt;/a&gt;&lt;br/&gt;
Console output: &lt;a href=&quot;https://builds.apache.org/job/PreCommit-HIVE-MASTER-Build/789/console&quot; class=&quot;external-link&quot; target=&quot;_blank&quot; rel=&quot;nofollow noopener&quot;&gt;https://builds.apache.org/job/PreCommit-HIVE-MASTER-Build/789/console&lt;/a&gt;&lt;br/&gt;
Test logs: &lt;a href=&quot;http://ec2-204-236-174-241.us-west-1.compute.amazonaws.com/logs/PreCommit-HIVE-MASTER-Build-789/&quot; class=&quot;external-link&quot; target=&quot;_blank&quot; rel=&quot;nofollow noopener&quot;&gt;http://ec2-204-236-174-241.us-west-1.compute.amazonaws.com/logs/PreCommit-HIVE-MASTER-Build-789/&lt;/a&gt;&lt;/p&gt;

&lt;p&gt;Messages:&lt;/p&gt;
&lt;div class=&quot;preformatted panel&quot; style=&quot;border-width: 1px;&quot;&gt;&lt;div class=&quot;preformattedContent panelContent&quot;&gt;
&lt;pre&gt;Executing org.apache.hive.ptest.execution.TestCheckPhase
Executing org.apache.hive.ptest.execution.PrepPhase
Executing org.apache.hive.ptest.execution.ExecutionPhase
Executing org.apache.hive.ptest.execution.ReportingPhase
Tests exited with: TestsFailedException: 5 tests failed
&lt;/pre&gt;
&lt;/div&gt;&lt;/div&gt;

&lt;p&gt;This message is automatically generated.&lt;/p&gt;

&lt;p&gt;ATTACHMENT ID: 12821934 - PreCommit-HIVE-MASTER-Build&lt;/p&gt;</comment>
                            <comment id="15410333" author="ashutoshc" created="Sat, 6 Aug 2016 00:34:13 +0000"  >&lt;p&gt;Pushed to master.&lt;/p&gt;</comment>
                    </comments>
                    <attachments>
                            <attachment id="12821264" name="HIVE-14378.2.patch" size="190013" author="ashutoshc" created="Mon, 1 Aug 2016 05:41:00 +0000"/>
                            <attachment id="12821628" name="HIVE-14378.3.patch" size="190013" author="ashutoshc" created="Tue, 2 Aug 2016 14:59:50 +0000"/>
                            <attachment id="12821288" name="HIVE-14378.3.patch" size="190013" author="ashutoshc" created="Mon, 1 Aug 2016 08:07:42 +0000"/>
                            <attachment id="12821934" name="HIVE-14378.4.patch" size="188666" author="ashutoshc" created="Wed, 3 Aug 2016 21:40:51 +0000"/>
                            <attachment id="12820841" name="HIVE-14378.patch" size="48083" author="ashutoshc" created="Fri, 29 Jul 2016 00:14:26 +0000"/>
                    </attachments>
                <subtasks>
                    </subtasks>
                <customfields>
                                                                            <customfield id="customfield_12310310" key="com.atlassian.jira.toolkit:attachments">
                        <customfieldname>Attachment count</customfieldname>
                        <customfieldvalues>
                            <customfieldvalue>5.0</customfieldvalue>
                        </customfieldvalues>
                    </customfield>
                                                                                                                                                                                                                                                                                                                                                                                                                                                                                                                                                                                                                                                                                                        <customfield id="customfield_12314020" key="com.atlassian.jira.plugins.jira-development-integration-plugin:devsummary">
                        <customfieldname>Development</customfieldname>
                        <customfieldvalues>
                            
                        </customfieldvalues>
                    </customfield>
                                                                                                                        <customfield id="customfield_12313422" key="com.atlassian.jirafisheyeplugin:jobcheckbox">
                        <customfieldname>Enable Automatic Patch Review</customfieldname>
                        <customfieldvalues>
                            <customfieldvalue><![CDATA[false]]></customfieldvalue>

                        </customfieldvalues>
                    </customfield>
                                                                                                                                                                                                                                                                                                                                                                                                                                                                                                                                                                                                                                                <customfield id="customfield_12310420" key="com.pyxis.greenhopper.jira:gh-global-rank">
                        <customfieldname>Global Rank</customfieldname>
                        <customfieldvalues>
                            <customfieldvalue>9223372036854775807</customfieldvalue>
                        </customfieldvalues>
                    </customfield>
                                                                                                                                                                                                                                                                    <customfield id="customfield_12312521" key="com.atlassian.jira.toolkit:LastCommentDate">
                        <customfieldname>Last public comment date</customfieldname>
                        <customfieldvalues>
                            9 years, 15 weeks, 4 days ago
                        </customfieldvalues>
                    </customfield>
                                                                                                                                                                                                                                                                                                <customfield id="customfield_12311820" key="com.pyxis.greenhopper.jira:gh-lexo-rank">
                        <customfieldname>Rank</customfieldname>
                        <customfieldvalues>
                            <customfieldvalue>0|i31nj3:</customfieldvalue>

                        </customfieldvalues>
                    </customfield>
                                                                <customfield id="customfield_12310920" key="com.pyxis.greenhopper.jira:gh-global-rank">
                        <customfieldname>Rank (Obsolete)</customfieldname>
                        <customfieldvalues>
                            <customfieldvalue>9223372036854775807</customfieldvalue>
                        </customfieldvalues>
                    </customfield>
                                                                                                                                                                                                                                                                                                                                                                                                                                                                                                                                                                                                                                                                                                                                                                                                                                                                                </customfields>
    </item>
</channel>
</rss>