<!-- 
RSS generated by JIRA (8.20.10#820010-sha1:ace47f9899e9ee25d7157d59aa17ab06aee30d3d) at Wed Nov 12 18:51:17 UTC 2025

It is possible to restrict the fields that are returned in this document by specifying the 'field' parameter in your request.
For example, to request only the issue key and summary append 'field=key&field=summary' to the URL of your request.
-->
<rss version="0.92" >
<channel>
    <title>ASF Jira</title>
    <link>https://issues.apache.org/jira</link>
    <description>This file is an XML representation of an issue</description>
    <language>en-uk</language>    <build-info>
        <version>8.20.10</version>
        <build-number>820010</build-number>
        <build-date>22-06-2022</build-date>
    </build-info>


<item>
            <title>[HIVE-15672] LLAP text cache: improve first query perf II</title>
                <link>https://issues.apache.org/jira/browse/HIVE-15672</link>
                <project id="12310843" key="HIVE">Hive</project>
                    <description>&lt;p&gt;4) Send VRB to the pipeline and write ORC in parallel (in background).&lt;/p&gt;</description>
                <environment></environment>
        <key id="13036432">HIVE-15672</key>
            <summary>LLAP text cache: improve first query perf II</summary>
                <type id="1" iconUrl="https://issues.apache.org/jira/secure/viewavatar?size=xsmall&amp;avatarId=21133&amp;avatarType=issuetype">Bug</type>
                                            <priority id="3" iconUrl="https://issues.apache.org/jira/images/icons/priorities/major.svg">Major</priority>
                        <status id="6" iconUrl="https://issues.apache.org/jira/images/icons/statuses/closed.png" description="The issue is considered finished, the resolution is correct. Issues which are not closed can be reopened.">Closed</status>
                    <statusCategory id="3" key="done" colorName="green"/>
                                    <resolution id="1">Fixed</resolution>
                                        <assignee username="sershe">Sergey Shelukhin</assignee>
                                    <reporter username="sershe">Sergey Shelukhin</reporter>
                        <labels>
                            <label>TODOC2.2</label>
                    </labels>
                <created>Fri, 20 Jan 2017 04:58:27 +0000</created>
                <updated>Tue, 25 Jul 2017 20:05:47 +0000</updated>
                            <resolved>Fri, 10 Feb 2017 02:39:24 +0000</resolved>
                                                    <fixVersion>2.2.0</fixVersion>
                                        <due></due>
                            <votes>0</votes>
                                    <watches>3</watches>
                                                                                                                <comments>
                            <comment id="15837147" author="sershe" created="Wed, 25 Jan 2017 04:02:35 +0000"  >&lt;p&gt;Need to sort out the includes and propagate them to when async data is cached; make sure cleanup on error makes sense; and clean up the code.&lt;/p&gt;</comment>
                            <comment id="15839162" author="sershe" created="Thu, 26 Jan 2017 04:28:43 +0000"  >&lt;p&gt;The patch v1. Haven&apos;t run in the cluster yet&lt;/p&gt;</comment>
                            <comment id="15839180" author="sershe" created="Thu, 26 Jan 2017 04:44:41 +0000"  >&lt;p&gt;Looks like ORC is still blocking. Will take a look tomorrow.&lt;/p&gt;</comment>
                            <comment id="15840893" author="sershe" created="Fri, 27 Jan 2017 03:16:34 +0000"  >&lt;p&gt;Updated the async caching to not lock up the IO thread and instead do everything on that thread.&lt;/p&gt;</comment>
                            <comment id="15840897" author="sershe" created="Fri, 27 Jan 2017 03:18:35 +0000"  >&lt;p&gt;&lt;a href=&quot;https://issues.apache.org/jira/secure/ViewProfile.jspa?name=gopalv&quot; class=&quot;user-hover&quot; rel=&quot;gopalv&quot;&gt;gopalv&lt;/a&gt; &lt;a href=&quot;https://issues.apache.org/jira/secure/ViewProfile.jspa?name=prasanth_j&quot; class=&quot;user-hover&quot; rel=&quot;prasanth_j&quot;&gt;prasanth_j&lt;/a&gt; ping? &lt;img class=&quot;emoticon&quot; src=&quot;https://issues.apache.org/jira/images/icons/emoticons/smile.png&quot; height=&quot;16&quot; width=&quot;16&quot; align=&quot;absmiddle&quot; alt=&quot;&quot; border=&quot;0&quot;/&gt;&lt;/p&gt;</comment>
                            <comment id="15843507" author="hiveqa" created="Fri, 27 Jan 2017 21:20:40 +0000"  >

&lt;p&gt;Here are the results of testing the latest attachment:&lt;br/&gt;
&lt;a href=&quot;https://issues.apache.org/jira/secure/attachment/12849638/HIVE-15672.02.patch&quot; class=&quot;external-link&quot; rel=&quot;nofollow&quot;&gt;https://issues.apache.org/jira/secure/attachment/12849638/HIVE-15672.02.patch&lt;/a&gt;&lt;/p&gt;

&lt;p&gt;&lt;font color=&quot;red&quot;&gt;ERROR:&lt;/font&gt; -1 due to no test(s) being added or modified.&lt;/p&gt;

&lt;p&gt;&lt;font color=&quot;red&quot;&gt;ERROR:&lt;/font&gt; -1 due to 9 failed/errored test(s), 11003 tests executed&lt;br/&gt;
&lt;b&gt;Failed tests:&lt;/b&gt;&lt;/p&gt;
&lt;div class=&quot;preformatted panel&quot; style=&quot;border-width: 1px;&quot;&gt;&lt;div class=&quot;preformattedContent panelContent&quot;&gt;
&lt;pre&gt;TestDerbyConnector - did not produce a TEST-*.xml file (likely timed out) (batchId=235)
org.apache.hadoop.hive.cli.TestEncryptedHDFSCliDriver.testCliDriver[encryption_join_with_different_encryption_keys] (batchId=159)
org.apache.hadoop.hive.cli.TestMiniLlapLocalCliDriver.testCliDriver[vector_if_expr] (batchId=140)
org.apache.hadoop.hive.cli.TestMiniLlapLocalCliDriver.testCliDriver[vector_varchar_simple] (batchId=153)
org.apache.hadoop.hive.cli.TestMiniTezCliDriver.testCliDriver[explainuser_3] (batchId=93)
org.apache.hadoop.hive.cli.TestPerfCliDriver.testCliDriver[query14] (batchId=223)
org.apache.hadoop.hive.cli.TestPerfCliDriver.testCliDriver[query23] (batchId=223)
org.apache.hadoop.hive.llap.registry.impl.TestSlotZnode.testConcurrencyAndFallback (batchId=165)
org.apache.hive.jdbc.TestJdbcDriver2.testSelectExecAsync2 (batchId=215)
&lt;/pre&gt;
&lt;/div&gt;&lt;/div&gt;

&lt;p&gt;Test results: &lt;a href=&quot;https://builds.apache.org/job/PreCommit-HIVE-Build/3223/testReport&quot; class=&quot;external-link&quot; target=&quot;_blank&quot; rel=&quot;nofollow noopener&quot;&gt;https://builds.apache.org/job/PreCommit-HIVE-Build/3223/testReport&lt;/a&gt;&lt;br/&gt;
Console output: &lt;a href=&quot;https://builds.apache.org/job/PreCommit-HIVE-Build/3223/console&quot; class=&quot;external-link&quot; target=&quot;_blank&quot; rel=&quot;nofollow noopener&quot;&gt;https://builds.apache.org/job/PreCommit-HIVE-Build/3223/console&lt;/a&gt;&lt;br/&gt;
Test logs: &lt;a href=&quot;http://104.198.109.242/logs/PreCommit-HIVE-Build-3223/&quot; class=&quot;external-link&quot; target=&quot;_blank&quot; rel=&quot;nofollow noopener&quot;&gt;http://104.198.109.242/logs/PreCommit-HIVE-Build-3223/&lt;/a&gt;&lt;/p&gt;

&lt;p&gt;Messages:&lt;/p&gt;
&lt;div class=&quot;preformatted panel&quot; style=&quot;border-width: 1px;&quot;&gt;&lt;div class=&quot;preformattedContent panelContent&quot;&gt;
&lt;pre&gt;Executing org.apache.hive.ptest.execution.TestCheckPhase
Executing org.apache.hive.ptest.execution.PrepPhase
Executing org.apache.hive.ptest.execution.ExecutionPhase
Executing org.apache.hive.ptest.execution.ReportingPhase
Tests exited with: TestsFailedException: 9 tests failed
&lt;/pre&gt;
&lt;/div&gt;&lt;/div&gt;

&lt;p&gt;This message is automatically generated.&lt;/p&gt;

&lt;p&gt;ATTACHMENT ID: 12849638 - PreCommit-HIVE-Build&lt;/p&gt;</comment>
                            <comment id="15846242" author="sershe" created="Tue, 31 Jan 2017 01:06:59 +0000"  >&lt;p&gt;A small update to change the queue to non-blocking; signalling that the blocking queue is not empty showed up in profile. I think it&apos;s ok to poll with fallback on ORC thread, since it&apos;s not blocking the query.&lt;/p&gt;</comment>
                            <comment id="15846552" author="hiveqa" created="Tue, 31 Jan 2017 08:55:33 +0000"  >

&lt;p&gt;Here are the results of testing the latest attachment:&lt;br/&gt;
&lt;a href=&quot;https://issues.apache.org/jira/secure/attachment/12850104/HIVE-15672.03.patch&quot; class=&quot;external-link&quot; rel=&quot;nofollow&quot;&gt;https://issues.apache.org/jira/secure/attachment/12850104/HIVE-15672.03.patch&lt;/a&gt;&lt;/p&gt;

&lt;p&gt;&lt;font color=&quot;red&quot;&gt;ERROR:&lt;/font&gt; -1 due to no test(s) being added or modified.&lt;/p&gt;

&lt;p&gt;&lt;font color=&quot;red&quot;&gt;ERROR:&lt;/font&gt; -1 due to 4 failed/errored test(s), 11010 tests executed&lt;br/&gt;
&lt;b&gt;Failed tests:&lt;/b&gt;&lt;/p&gt;
&lt;div class=&quot;preformatted panel&quot; style=&quot;border-width: 1px;&quot;&gt;&lt;div class=&quot;preformattedContent panelContent&quot;&gt;
&lt;pre&gt;TestDerbyConnector - did not produce a TEST-*.xml file (likely timed out) (batchId=235)
org.apache.hadoop.hive.cli.TestEncryptedHDFSCliDriver.testCliDriver[encryption_join_with_different_encryption_keys] (batchId=159)
org.apache.hadoop.hive.cli.TestMiniLlapLocalCliDriver.testCliDriver[vector_varchar_simple] (batchId=153)
org.apache.hadoop.hive.cli.TestPerfCliDriver.testCliDriver[query23] (batchId=223)
&lt;/pre&gt;
&lt;/div&gt;&lt;/div&gt;

&lt;p&gt;Test results: &lt;a href=&quot;https://builds.apache.org/job/PreCommit-HIVE-Build/3275/testReport&quot; class=&quot;external-link&quot; target=&quot;_blank&quot; rel=&quot;nofollow noopener&quot;&gt;https://builds.apache.org/job/PreCommit-HIVE-Build/3275/testReport&lt;/a&gt;&lt;br/&gt;
Console output: &lt;a href=&quot;https://builds.apache.org/job/PreCommit-HIVE-Build/3275/console&quot; class=&quot;external-link&quot; target=&quot;_blank&quot; rel=&quot;nofollow noopener&quot;&gt;https://builds.apache.org/job/PreCommit-HIVE-Build/3275/console&lt;/a&gt;&lt;br/&gt;
Test logs: &lt;a href=&quot;http://104.198.109.242/logs/PreCommit-HIVE-Build-3275/&quot; class=&quot;external-link&quot; target=&quot;_blank&quot; rel=&quot;nofollow noopener&quot;&gt;http://104.198.109.242/logs/PreCommit-HIVE-Build-3275/&lt;/a&gt;&lt;/p&gt;

&lt;p&gt;Messages:&lt;/p&gt;
&lt;div class=&quot;preformatted panel&quot; style=&quot;border-width: 1px;&quot;&gt;&lt;div class=&quot;preformattedContent panelContent&quot;&gt;
&lt;pre&gt;Executing org.apache.hive.ptest.execution.TestCheckPhase
Executing org.apache.hive.ptest.execution.PrepPhase
Executing org.apache.hive.ptest.execution.ExecutionPhase
Executing org.apache.hive.ptest.execution.ReportingPhase
Tests exited with: TestsFailedException: 4 tests failed
&lt;/pre&gt;
&lt;/div&gt;&lt;/div&gt;

&lt;p&gt;This message is automatically generated.&lt;/p&gt;

&lt;p&gt;ATTACHMENT ID: 12850104 - PreCommit-HIVE-Build&lt;/p&gt;</comment>
                            <comment id="15847934" author="sershe" created="Wed, 1 Feb 2017 03:33:38 +0000"  >&lt;p&gt;A probable fix for inconsistent results returned if eviction happens sometimes, found by &lt;a href=&quot;https://issues.apache.org/jira/secure/ViewProfile.jspa?name=gopalv&quot; class=&quot;user-hover&quot; rel=&quot;gopalv&quot;&gt;gopalv&lt;/a&gt;&lt;/p&gt;</comment>
                            <comment id="15848065" author="hiveqa" created="Wed, 1 Feb 2017 06:36:12 +0000"  >

&lt;p&gt;Here are the results of testing the latest attachment:&lt;br/&gt;
&lt;a href=&quot;https://issues.apache.org/jira/secure/attachment/12850366/HIVE-15672.04.patch&quot; class=&quot;external-link&quot; rel=&quot;nofollow&quot;&gt;https://issues.apache.org/jira/secure/attachment/12850366/HIVE-15672.04.patch&lt;/a&gt;&lt;/p&gt;

&lt;p&gt;&lt;font color=&quot;red&quot;&gt;ERROR:&lt;/font&gt; -1 due to no test(s) being added or modified.&lt;/p&gt;

&lt;p&gt;&lt;font color=&quot;red&quot;&gt;ERROR:&lt;/font&gt; -1 due to 4 failed/errored test(s), 11017 tests executed&lt;br/&gt;
&lt;b&gt;Failed tests:&lt;/b&gt;&lt;/p&gt;
&lt;div class=&quot;preformatted panel&quot; style=&quot;border-width: 1px;&quot;&gt;&lt;div class=&quot;preformattedContent panelContent&quot;&gt;
&lt;pre&gt;TestDerbyConnector - did not produce a TEST-*.xml file (likely timed out) (batchId=235)
org.apache.hadoop.hive.cli.TestEncryptedHDFSCliDriver.testCliDriver[encryption_join_with_different_encryption_keys] (batchId=159)
org.apache.hadoop.hive.cli.TestPerfCliDriver.testCliDriver[query14] (batchId=223)
org.apache.hadoop.hive.cli.TestPerfCliDriver.testCliDriver[query23] (batchId=223)
&lt;/pre&gt;
&lt;/div&gt;&lt;/div&gt;

&lt;p&gt;Test results: &lt;a href=&quot;https://builds.apache.org/job/PreCommit-HIVE-Build/3296/testReport&quot; class=&quot;external-link&quot; target=&quot;_blank&quot; rel=&quot;nofollow noopener&quot;&gt;https://builds.apache.org/job/PreCommit-HIVE-Build/3296/testReport&lt;/a&gt;&lt;br/&gt;
Console output: &lt;a href=&quot;https://builds.apache.org/job/PreCommit-HIVE-Build/3296/console&quot; class=&quot;external-link&quot; target=&quot;_blank&quot; rel=&quot;nofollow noopener&quot;&gt;https://builds.apache.org/job/PreCommit-HIVE-Build/3296/console&lt;/a&gt;&lt;br/&gt;
Test logs: &lt;a href=&quot;http://104.198.109.242/logs/PreCommit-HIVE-Build-3296/&quot; class=&quot;external-link&quot; target=&quot;_blank&quot; rel=&quot;nofollow noopener&quot;&gt;http://104.198.109.242/logs/PreCommit-HIVE-Build-3296/&lt;/a&gt;&lt;/p&gt;

&lt;p&gt;Messages:&lt;/p&gt;
&lt;div class=&quot;preformatted panel&quot; style=&quot;border-width: 1px;&quot;&gt;&lt;div class=&quot;preformattedContent panelContent&quot;&gt;
&lt;pre&gt;Executing org.apache.hive.ptest.execution.TestCheckPhase
Executing org.apache.hive.ptest.execution.PrepPhase
Executing org.apache.hive.ptest.execution.ExecutionPhase
Executing org.apache.hive.ptest.execution.ReportingPhase
Tests exited with: TestsFailedException: 4 tests failed
&lt;/pre&gt;
&lt;/div&gt;&lt;/div&gt;

&lt;p&gt;This message is automatically generated.&lt;/p&gt;

&lt;p&gt;ATTACHMENT ID: 12850366 - PreCommit-HIVE-Build&lt;/p&gt;</comment>
                            <comment id="15850873" author="prasanth_j" created="Fri, 3 Feb 2017 01:16:59 +0000"  >&lt;p&gt;Will have to look at it again. Don&apos;t have the full context of the text cache yet.&lt;/p&gt;</comment>
                            <comment id="15851280" author="hiveqa" created="Fri, 3 Feb 2017 09:57:09 +0000"  >

&lt;p&gt;Here are the results of testing the latest attachment:&lt;br/&gt;
&lt;a href=&quot;https://issues.apache.org/jira/secure/attachment/12850751/HIVE-15672.05.patch&quot; class=&quot;external-link&quot; rel=&quot;nofollow&quot;&gt;https://issues.apache.org/jira/secure/attachment/12850751/HIVE-15672.05.patch&lt;/a&gt;&lt;/p&gt;

&lt;p&gt;&lt;font color=&quot;red&quot;&gt;ERROR:&lt;/font&gt; -1 due to no test(s) being added or modified.&lt;/p&gt;

&lt;p&gt;&lt;font color=&quot;red&quot;&gt;ERROR:&lt;/font&gt; -1 due to 7 failed/errored test(s), 11027 tests executed&lt;br/&gt;
&lt;b&gt;Failed tests:&lt;/b&gt;&lt;/p&gt;
&lt;div class=&quot;preformatted panel&quot; style=&quot;border-width: 1px;&quot;&gt;&lt;div class=&quot;preformattedContent panelContent&quot;&gt;
&lt;pre&gt;TestDerbyConnector - did not produce a TEST-*.xml file (likely timed out) (batchId=235)
org.apache.hadoop.hive.cli.TestEncryptedHDFSCliDriver.testCliDriver[encryption_join_with_different_encryption_keys] (batchId=159)
org.apache.hadoop.hive.cli.TestMiniLlapLocalCliDriver.testCliDriver[vector_if_expr] (batchId=140)
org.apache.hadoop.hive.cli.TestMiniLlapLocalCliDriver.testCliDriver[vector_varchar_simple] (batchId=153)
org.apache.hadoop.hive.cli.TestPerfCliDriver.testCliDriver[query14] (batchId=223)
org.apache.hadoop.hive.llap.daemon.impl.TestTaskExecutorService.testWaitQueuePreemption (batchId=282)
org.apache.hive.service.server.TestHS2HttpServer.testContextRootUrlRewrite (batchId=186)
&lt;/pre&gt;
&lt;/div&gt;&lt;/div&gt;

&lt;p&gt;Test results: &lt;a href=&quot;https://builds.apache.org/job/PreCommit-HIVE-Build/3348/testReport&quot; class=&quot;external-link&quot; target=&quot;_blank&quot; rel=&quot;nofollow noopener&quot;&gt;https://builds.apache.org/job/PreCommit-HIVE-Build/3348/testReport&lt;/a&gt;&lt;br/&gt;
Console output: &lt;a href=&quot;https://builds.apache.org/job/PreCommit-HIVE-Build/3348/console&quot; class=&quot;external-link&quot; target=&quot;_blank&quot; rel=&quot;nofollow noopener&quot;&gt;https://builds.apache.org/job/PreCommit-HIVE-Build/3348/console&lt;/a&gt;&lt;br/&gt;
Test logs: &lt;a href=&quot;http://104.198.109.242/logs/PreCommit-HIVE-Build-3348/&quot; class=&quot;external-link&quot; target=&quot;_blank&quot; rel=&quot;nofollow noopener&quot;&gt;http://104.198.109.242/logs/PreCommit-HIVE-Build-3348/&lt;/a&gt;&lt;/p&gt;

&lt;p&gt;Messages:&lt;/p&gt;
&lt;div class=&quot;preformatted panel&quot; style=&quot;border-width: 1px;&quot;&gt;&lt;div class=&quot;preformattedContent panelContent&quot;&gt;
&lt;pre&gt;Executing org.apache.hive.ptest.execution.TestCheckPhase
Executing org.apache.hive.ptest.execution.PrepPhase
Executing org.apache.hive.ptest.execution.ExecutionPhase
Executing org.apache.hive.ptest.execution.ReportingPhase
Tests exited with: TestsFailedException: 7 tests failed
&lt;/pre&gt;
&lt;/div&gt;&lt;/div&gt;

&lt;p&gt;This message is automatically generated.&lt;/p&gt;

&lt;p&gt;ATTACHMENT ID: 12850751 - PreCommit-HIVE-Build&lt;/p&gt;</comment>
                            <comment id="15852341" author="prasanth_j" created="Fri, 3 Feb 2017 23:45:19 +0000"  >&lt;p&gt;+1&lt;/p&gt;</comment>
                            <comment id="15854989" author="sershe" created="Mon, 6 Feb 2017 23:48:50 +0000"  >&lt;p&gt;Rebasing the patch after ORC merge, also fixing some issues introduced during that. &lt;/p&gt;</comment>
                            <comment id="15855280" author="hiveqa" created="Tue, 7 Feb 2017 04:05:37 +0000"  >

&lt;p&gt;Here are the results of testing the latest attachment:&lt;br/&gt;
&lt;a href=&quot;https://issues.apache.org/jira/secure/attachment/12851260/HIVE-15672.06.patch&quot; class=&quot;external-link&quot; rel=&quot;nofollow&quot;&gt;https://issues.apache.org/jira/secure/attachment/12851260/HIVE-15672.06.patch&lt;/a&gt;&lt;/p&gt;

&lt;p&gt;&lt;font color=&quot;red&quot;&gt;ERROR:&lt;/font&gt; -1 due to no test(s) being added or modified.&lt;/p&gt;

&lt;p&gt;&lt;font color=&quot;red&quot;&gt;ERROR:&lt;/font&gt; -1 due to 3 failed/errored test(s), 10203 tests executed&lt;br/&gt;
&lt;b&gt;Failed tests:&lt;/b&gt;&lt;/p&gt;
&lt;div class=&quot;preformatted panel&quot; style=&quot;border-width: 1px;&quot;&gt;&lt;div class=&quot;preformattedContent panelContent&quot;&gt;
&lt;pre&gt;TestCliDriver - did not produce a TEST-*.xml file (likely timed out) (batchId=8)
	[columnstats_tbllvl.q,authorization_load.q,udf_md5.q,insert_into_with_schema.q,groupby_sort_6.q,convert_enum_to_string.q,decimal_udf.q,vector_cast_constant.q,encryption_insert_partition_static.q,annotate_stats_filter.q,sort_merge_join_desc_8.q,udf_format_number.q,input8.q,orc_merge_incompat3.q,constGby.q,groupby_sort_test_1.q,sort_merge_join_desc_1.q,authorization_update.q,authorization_cli_createtab_noauthzapi.q,ba_table3.q,tez_insert_overwrite_local_directory_1.q,nested_complex.q,exim_09_part_spec_nonoverlap.q,druid_basic1.q,auto_join11.q,equal_ns.q,null_cast.q,groupby_sort_skew_1_23.q,skewjoinopt12.q,compute_stats_decimal.q]
TestDerbyConnector - did not produce a TEST-*.xml file (likely timed out) (batchId=235)
org.apache.hadoop.hive.cli.TestEncryptedHDFSCliDriver.testCliDriver[encryption_join_with_different_encryption_keys] (batchId=159)
&lt;/pre&gt;
&lt;/div&gt;&lt;/div&gt;

&lt;p&gt;Test results: &lt;a href=&quot;https://builds.apache.org/job/PreCommit-HIVE-Build/3407/testReport&quot; class=&quot;external-link&quot; target=&quot;_blank&quot; rel=&quot;nofollow noopener&quot;&gt;https://builds.apache.org/job/PreCommit-HIVE-Build/3407/testReport&lt;/a&gt;&lt;br/&gt;
Console output: &lt;a href=&quot;https://builds.apache.org/job/PreCommit-HIVE-Build/3407/console&quot; class=&quot;external-link&quot; target=&quot;_blank&quot; rel=&quot;nofollow noopener&quot;&gt;https://builds.apache.org/job/PreCommit-HIVE-Build/3407/console&lt;/a&gt;&lt;br/&gt;
Test logs: &lt;a href=&quot;http://104.198.109.242/logs/PreCommit-HIVE-Build-3407/&quot; class=&quot;external-link&quot; target=&quot;_blank&quot; rel=&quot;nofollow noopener&quot;&gt;http://104.198.109.242/logs/PreCommit-HIVE-Build-3407/&lt;/a&gt;&lt;/p&gt;

&lt;p&gt;Messages:&lt;/p&gt;
&lt;div class=&quot;preformatted panel&quot; style=&quot;border-width: 1px;&quot;&gt;&lt;div class=&quot;preformattedContent panelContent&quot;&gt;
&lt;pre&gt;Executing org.apache.hive.ptest.execution.TestCheckPhase
Executing org.apache.hive.ptest.execution.PrepPhase
Executing org.apache.hive.ptest.execution.ExecutionPhase
Executing org.apache.hive.ptest.execution.ReportingPhase
Tests exited with: TestsFailedException: 3 tests failed
&lt;/pre&gt;
&lt;/div&gt;&lt;/div&gt;

&lt;p&gt;This message is automatically generated.&lt;/p&gt;

&lt;p&gt;ATTACHMENT ID: 12851260 - PreCommit-HIVE-Build&lt;/p&gt;</comment>
                            <comment id="15856490" author="sershe" created="Tue, 7 Feb 2017 18:23:25 +0000"  >&lt;p&gt;The CliDriver failure is due to a build issue:&lt;/p&gt;
&lt;div class=&quot;preformatted panel&quot; style=&quot;border-width: 1px;&quot;&gt;&lt;div class=&quot;preformattedContent panelContent&quot;&gt;
&lt;pre&gt;ERROR] Failed to execute goal org.apache.maven.plugins:maven-surefire-plugin:2.19.1:test (default-test) on project hive-it-qfile: Unable to generate classpath: org.apache.maven.artifact.resolver.ArtifactResolutionException: Unable to get dependency information for org.apache.maven.surefire:surefire-junit4:jar:2.19.1: Failed to retrieve POM for org.apache.maven.surefire:surefire-junit4:jar:2.19.1: Could not transfer artifact org.apache.maven.surefire:surefire-junit4:pom:2.19.1 from/to central (https://repo.maven.apache.org/maven2): handshake alert:  unrecognized_name&lt;/pre&gt;
&lt;/div&gt;&lt;/div&gt;</comment>
                            <comment id="15856736" author="hiveqa" created="Tue, 7 Feb 2017 20:37:55 +0000"  >

&lt;p&gt;Here are the results of testing the latest attachment:&lt;br/&gt;
&lt;a href=&quot;https://issues.apache.org/jira/secure/attachment/12851442/HIVE-15672.07.patch&quot; class=&quot;external-link&quot; rel=&quot;nofollow&quot;&gt;https://issues.apache.org/jira/secure/attachment/12851442/HIVE-15672.07.patch&lt;/a&gt;&lt;/p&gt;

&lt;p&gt;&lt;font color=&quot;red&quot;&gt;ERROR:&lt;/font&gt; -1 due to no test(s) being added or modified.&lt;/p&gt;

&lt;p&gt;&lt;font color=&quot;red&quot;&gt;ERROR:&lt;/font&gt; -1 due to 9 failed/errored test(s), 10131 tests executed&lt;br/&gt;
&lt;b&gt;Failed tests:&lt;/b&gt;&lt;/p&gt;
&lt;div class=&quot;preformatted panel&quot; style=&quot;border-width: 1px;&quot;&gt;&lt;div class=&quot;preformattedContent panelContent&quot;&gt;
&lt;pre&gt;TestCliDriver - did not produce a TEST-*.xml file (likely timed out) (batchId=20)
	[timestamp_comparison.q,rename_column.q,union5.q,insert_into1.q,drop_udf.q,alter3.q,cast_qualified_types.q,vectorization_4.q,disable_file_format_check.q,vector_left_outer_join.q,decimal_1_1.q,alter_index.q,correlationoptimizer7.q,annotate_stats_table.q,skewjoinopt9.q,llap_partitioned.q,skewjoinopt3.q,skewjoinopt19.q,ba_table_union.q,index_compact.q,vector_date_1.q,join_merge_multi_expressions.q,partition_multilevels.q,sort_merge_join_desc_2.q,varchar_udf1.q,alter_varchar2.q,orc_dictionary_threshold.q,semijoin.q,input_testxpath3.q,rcfile_bigdata.q]
TestCliDriver - did not produce a TEST-*.xml file (likely timed out) (batchId=23)
	[part_inherit_tbl_props_with_star.q,avro_add_column.q,ba_table_udfs.q,orc_diff_part_cols2.q,ivyDownload.q,null_column.q,quote1.q,empty_dir_in_table.q,vectorization_part_project.q,skewjoinopt4.q,alter_partition_change_col.q,truncate_column_buckets.q,infer_bucket_sort_list_bucket.q,show_conf.q,authorization_create_table_owner_privs.q,bucketsortoptimize_insert_4.q,interval_udf.q,join_grp_diff_keys.q,custom_input_output_format.q,vectorized_bucketmapjoin1.q,skewjoinopt5.q,udaf_ngrams.q,vector_count_distinct.q,input_part9.q,drop_partitions_filter.q,char_varchar_udf.q,list_bucket_dml_13.q,union33.q,authorization_grant_option_role.q,union_lateralview.q]
TestCliDriver - did not produce a TEST-*.xml file (likely timed out) (batchId=6)
	[ptf_general_queries.q,correlationoptimizer9.q,cross_join_merge.q,parquet_decimal.q,join1.q,bucket_if_with_path_filter.q,join32_lessSize.q,combine2.q,orc_predicate_pushdown.q,escape3.q,cbo_rp_outer_join_ppr.q,windowing_range_multiorder.q,cte_mat_4.q,udf_weekofyear.q,masking_disablecbo_4.q,char_pad_convert.q,groupby9.q,udaf_covar_samp.q,lock1.q,parquet_columnar.q,skewjoinopt18.q,colstats_all_nulls.q,union_remove_18.q,groupby_duplicate_key.q,pointlookup3.q,orc_remove_cols.q,udf_classloader.q,subq2.q,ctas.q,setop_subq.q]
TestCliDriver - did not produce a TEST-*.xml file (likely timed out) (batchId=7)
	[orc_ppd_decimal.q,groupby_map_ppr.q,input_part1.q,udf_when.q,union14.q,add_part_exist.q,orc_min_max.q,subquery_unqual_corr_expr.q,print_header.q,groupby_sort_1.q,masking_8.q,smb_mapjoin_25.q,alter_change_db_location.q,update_all_non_partitioned.q,partition_wise_fileformat6.q,udf_minute.q,udf_sha1.q,parquet_ppd_partition.q,order2.q,alter_table_serde.q,drop_view.q,union_remove_4.q,delimiter.q,udaf_collect_set.q,combine3.q,authorization_view_4.q,show_describe_func_quotes.q,encryption_load_data_to_encrypted_tables.q,partition_wise_fileformat11.q,bucketsortoptimize_insert_6.q]
TestDerbyConnector - did not produce a TEST-*.xml file (likely timed out) (batchId=235)
org.apache.hadoop.hive.cli.TestEncryptedHDFSCliDriver.testCliDriver[encryption_join_with_different_encryption_keys] (batchId=159)
org.apache.hadoop.hive.cli.TestMiniLlapLocalCliDriver.testCliDriver[vector_if_expr] (batchId=140)
org.apache.hadoop.hive.cli.TestPerfCliDriver.testCliDriver[query14] (batchId=223)
org.apache.hadoop.hive.cli.TestPerfCliDriver.testCliDriver[query23] (batchId=223)
&lt;/pre&gt;
&lt;/div&gt;&lt;/div&gt;

&lt;p&gt;Test results: &lt;a href=&quot;https://builds.apache.org/job/PreCommit-HIVE-Build/3419/testReport&quot; class=&quot;external-link&quot; target=&quot;_blank&quot; rel=&quot;nofollow noopener&quot;&gt;https://builds.apache.org/job/PreCommit-HIVE-Build/3419/testReport&lt;/a&gt;&lt;br/&gt;
Console output: &lt;a href=&quot;https://builds.apache.org/job/PreCommit-HIVE-Build/3419/console&quot; class=&quot;external-link&quot; target=&quot;_blank&quot; rel=&quot;nofollow noopener&quot;&gt;https://builds.apache.org/job/PreCommit-HIVE-Build/3419/console&lt;/a&gt;&lt;br/&gt;
Test logs: &lt;a href=&quot;http://104.198.109.242/logs/PreCommit-HIVE-Build-3419/&quot; class=&quot;external-link&quot; target=&quot;_blank&quot; rel=&quot;nofollow noopener&quot;&gt;http://104.198.109.242/logs/PreCommit-HIVE-Build-3419/&lt;/a&gt;&lt;/p&gt;

&lt;p&gt;Messages:&lt;/p&gt;
&lt;div class=&quot;preformatted panel&quot; style=&quot;border-width: 1px;&quot;&gt;&lt;div class=&quot;preformattedContent panelContent&quot;&gt;
&lt;pre&gt;Executing org.apache.hive.ptest.execution.TestCheckPhase
Executing org.apache.hive.ptest.execution.PrepPhase
Executing org.apache.hive.ptest.execution.ExecutionPhase
Executing org.apache.hive.ptest.execution.ReportingPhase
Tests exited with: TestsFailedException: 9 tests failed
&lt;/pre&gt;
&lt;/div&gt;&lt;/div&gt;

&lt;p&gt;This message is automatically generated.&lt;/p&gt;

&lt;p&gt;ATTACHMENT ID: 12851442 - PreCommit-HIVE-Build&lt;/p&gt;</comment>
                            <comment id="15857155" author="sershe" created="Wed, 8 Feb 2017 01:10:10 +0000"  >&lt;p&gt;Small update based on RB&lt;/p&gt;</comment>
                            <comment id="15857329" author="hiveqa" created="Wed, 8 Feb 2017 03:37:52 +0000"  >

&lt;p&gt;Here are the results of testing the latest attachment:&lt;br/&gt;
&lt;a href=&quot;https://issues.apache.org/jira/secure/attachment/12851520/HIVE-15672.08.patch&quot; class=&quot;external-link&quot; rel=&quot;nofollow&quot;&gt;https://issues.apache.org/jira/secure/attachment/12851520/HIVE-15672.08.patch&lt;/a&gt;&lt;/p&gt;

&lt;p&gt;&lt;font color=&quot;red&quot;&gt;ERROR:&lt;/font&gt; -1 due to no test(s) being added or modified.&lt;/p&gt;

&lt;p&gt;&lt;font color=&quot;red&quot;&gt;ERROR:&lt;/font&gt; -1 due to 5 failed/errored test(s), 10241 tests executed&lt;br/&gt;
&lt;b&gt;Failed tests:&lt;/b&gt;&lt;/p&gt;
&lt;div class=&quot;preformatted panel&quot; style=&quot;border-width: 1px;&quot;&gt;&lt;div class=&quot;preformattedContent panelContent&quot;&gt;
&lt;pre&gt;TestDerbyConnector - did not produce a TEST-*.xml file (likely timed out) (batchId=235)
org.apache.hadoop.hive.cli.TestEncryptedHDFSCliDriver.testCliDriver[encryption_join_with_different_encryption_keys] (batchId=159)
org.apache.hadoop.hive.cli.TestPerfCliDriver.testCliDriver[query14] (batchId=223)
org.apache.hadoop.hive.cli.TestPerfCliDriver.testCliDriver[query23] (batchId=223)
org.apache.hive.hcatalog.pig.TestTextFileHCatStorer.testWriteDate2 (batchId=173)
&lt;/pre&gt;
&lt;/div&gt;&lt;/div&gt;

&lt;p&gt;Test results: &lt;a href=&quot;https://builds.apache.org/job/PreCommit-HIVE-Build/3427/testReport&quot; class=&quot;external-link&quot; target=&quot;_blank&quot; rel=&quot;nofollow noopener&quot;&gt;https://builds.apache.org/job/PreCommit-HIVE-Build/3427/testReport&lt;/a&gt;&lt;br/&gt;
Console output: &lt;a href=&quot;https://builds.apache.org/job/PreCommit-HIVE-Build/3427/console&quot; class=&quot;external-link&quot; target=&quot;_blank&quot; rel=&quot;nofollow noopener&quot;&gt;https://builds.apache.org/job/PreCommit-HIVE-Build/3427/console&lt;/a&gt;&lt;br/&gt;
Test logs: &lt;a href=&quot;http://104.198.109.242/logs/PreCommit-HIVE-Build-3427/&quot; class=&quot;external-link&quot; target=&quot;_blank&quot; rel=&quot;nofollow noopener&quot;&gt;http://104.198.109.242/logs/PreCommit-HIVE-Build-3427/&lt;/a&gt;&lt;/p&gt;

&lt;p&gt;Messages:&lt;/p&gt;
&lt;div class=&quot;preformatted panel&quot; style=&quot;border-width: 1px;&quot;&gt;&lt;div class=&quot;preformattedContent panelContent&quot;&gt;
&lt;pre&gt;Executing org.apache.hive.ptest.execution.TestCheckPhase
Executing org.apache.hive.ptest.execution.PrepPhase
Executing org.apache.hive.ptest.execution.ExecutionPhase
Executing org.apache.hive.ptest.execution.ReportingPhase
Tests exited with: TestsFailedException: 5 tests failed
&lt;/pre&gt;
&lt;/div&gt;&lt;/div&gt;

&lt;p&gt;This message is automatically generated.&lt;/p&gt;

&lt;p&gt;ATTACHMENT ID: 12851520 - PreCommit-HIVE-Build&lt;/p&gt;</comment>
                            <comment id="15858532" author="sershe" created="Wed, 8 Feb 2017 20:56:21 +0000"  >&lt;p&gt;&lt;a href=&quot;https://issues.apache.org/jira/secure/ViewProfile.jspa?name=owen.omalley&quot; class=&quot;user-hover&quot; rel=&quot;owen.omalley&quot;&gt;owen.omalley&lt;/a&gt; ping?&lt;/p&gt;</comment>
                            <comment id="15860579" author="sershe" created="Fri, 10 Feb 2017 02:39:24 +0000"  >&lt;p&gt;Committed to master. Thanks for the reviews!&lt;/p&gt;</comment>
                            <comment id="15860927" author="lefty@hortonworks.com" created="Fri, 10 Feb 2017 08:42:58 +0000"  >&lt;p&gt;Doc note:  This adds &lt;b&gt;hive.llap.io.encode.vector.serde.async.enabled&lt;/b&gt; to HiveConf.java, so it needs to be documented in the wiki for release 2.2.0.&lt;/p&gt;

&lt;ul&gt;
	&lt;li&gt;&lt;a href=&quot;https://cwiki.apache.org/confluence/display/Hive/Configuration+Properties#ConfigurationProperties-LLAPI/O&quot; class=&quot;external-link&quot; target=&quot;_blank&quot; rel=&quot;nofollow noopener&quot;&gt;Configuration Properties &amp;#8211; LLAP I/O &lt;/a&gt;&lt;/li&gt;
&lt;/ul&gt;


&lt;p&gt;Added a TODOC2.2 label.&lt;/p&gt;</comment>
                    </comments>
                <issuelinks>
                            <issuelinktype id="10032">
                    <name>Blocker</name>
                                            <outwardlinks description="blocks">
                                        <issuelink>
            <issuekey id="13040017">HIVE-15799</issuekey>
        </issuelink>
                            </outwardlinks>
                                                        </issuelinktype>
                            <issuelinktype id="10020">
                    <name>Cloners</name>
                                            <outwardlinks description="is a clone of">
                                        <issuelink>
            <issuekey id="13036085">HIVE-15664</issuekey>
        </issuelink>
                            </outwardlinks>
                                                        </issuelinktype>
                            <issuelinktype id="10030">
                    <name>Reference</name>
                                            <outwardlinks description="relates to">
                                        <issuelink>
            <issuekey id="13040803">HIVE-15829</issuekey>
        </issuelink>
                            </outwardlinks>
                                                        </issuelinktype>
                    </issuelinks>
                <attachments>
                            <attachment id="12849412" name="HIVE-15672.01.patch" size="145450" author="sershe" created="Thu, 26 Jan 2017 04:28:43 +0000"/>
                            <attachment id="12849638" name="HIVE-15672.02.patch" size="144850" author="sershe" created="Fri, 27 Jan 2017 03:16:34 +0000"/>
                            <attachment id="12850104" name="HIVE-15672.03.patch" size="144870" author="sershe" created="Tue, 31 Jan 2017 01:06:59 +0000"/>
                            <attachment id="12850366" name="HIVE-15672.04.patch" size="147378" author="sershe" created="Wed, 1 Feb 2017 03:33:38 +0000"/>
                            <attachment id="12850751" name="HIVE-15672.05.patch" size="149340" author="sershe" created="Fri, 3 Feb 2017 02:51:28 +0000"/>
                            <attachment id="12851260" name="HIVE-15672.06.patch" size="151483" author="sershe" created="Mon, 6 Feb 2017 23:48:50 +0000"/>
                            <attachment id="12851442" name="HIVE-15672.07.patch" size="152170" author="sershe" created="Tue, 7 Feb 2017 18:34:59 +0000"/>
                            <attachment id="12851520" name="HIVE-15672.08.patch" size="151964" author="sershe" created="Wed, 8 Feb 2017 01:10:10 +0000"/>
                    </attachments>
                <subtasks>
                    </subtasks>
                <customfields>
                                                                            <customfield id="customfield_12310310" key="com.atlassian.jira.toolkit:attachments">
                        <customfieldname>Attachment count</customfieldname>
                        <customfieldvalues>
                            <customfieldvalue>8.0</customfieldvalue>
                        </customfieldvalues>
                    </customfield>
                                                                                                                                                                                                                                                                                                                                                                                                                                                                                                                                                                                                                                                                                                        <customfield id="customfield_12314020" key="com.atlassian.jira.plugins.jira-development-integration-plugin:devsummary">
                        <customfieldname>Development</customfieldname>
                        <customfieldvalues>
                            
                        </customfieldvalues>
                    </customfield>
                                                                                                                        <customfield id="customfield_12313422" key="com.atlassian.jirafisheyeplugin:jobcheckbox">
                        <customfieldname>Enable Automatic Patch Review</customfieldname>
                        <customfieldvalues>
                            <customfieldvalue><![CDATA[false]]></customfieldvalue>

                        </customfieldvalues>
                    </customfield>
                                                                                                                                                                                                                                                                                                                                                                                                                                                                                                                                                                                                                                                <customfield id="customfield_12310420" key="com.pyxis.greenhopper.jira:gh-global-rank">
                        <customfieldname>Global Rank</customfieldname>
                        <customfieldvalues>
                            <customfieldvalue>9223372036854775807</customfieldvalue>
                        </customfieldvalues>
                    </customfield>
                                                                                                                                                                                                                                                                    <customfield id="customfield_12312521" key="com.atlassian.jira.toolkit:LastCommentDate">
                        <customfieldname>Last public comment date</customfieldname>
                        <customfieldvalues>
                            8 years, 40 weeks, 5 days ago
                        </customfieldvalues>
                    </customfield>
                                                                                                                                                                                                                                                                                                <customfield id="customfield_12311820" key="com.pyxis.greenhopper.jira:gh-lexo-rank">
                        <customfieldname>Rank</customfieldname>
                        <customfieldvalues>
                            <customfieldvalue>0|i38yxz:</customfieldvalue>

                        </customfieldvalues>
                    </customfield>
                                                                <customfield id="customfield_12310920" key="com.pyxis.greenhopper.jira:gh-global-rank">
                        <customfieldname>Rank (Obsolete)</customfieldname>
                        <customfieldvalues>
                            <customfieldvalue>9223372036854775807</customfieldvalue>
                        </customfieldvalues>
                    </customfield>
                                                                                                                                                                                                                                                                                                                                                                                                                                                                                                                                                                                                                                                                                                                                                                                                                                                                                </customfields>
    </item>
</channel>
</rss>