<!-- 
RSS generated by JIRA (8.20.10#820010-sha1:ace47f9899e9ee25d7157d59aa17ab06aee30d3d) at Wed Nov 12 18:51:55 UTC 2025

It is possible to restrict the fields that are returned in this document by specifying the 'field' parameter in your request.
For example, to request only the issue key and summary append 'field=key&field=summary' to the URL of your request.
-->
<rss version="0.92" >
<channel>
    <title>ASF Jira</title>
    <link>https://issues.apache.org/jira</link>
    <description>This file is an XML representation of an issue</description>
    <language>en-uk</language>    <build-info>
        <version>8.20.10</version>
        <build-number>820010</build-number>
        <build-date>22-06-2022</build-date>
    </build-info>


<item>
            <title>[HIVE-13864] Beeline ignores the command that follows a semicolon and comment</title>
                <link>https://issues.apache.org/jira/browse/HIVE-13864</link>
                <project id="12310843" key="HIVE">Hive</project>
                    <description>&lt;p&gt;Beeline ignores the next line/command that follows a command with semicolon and comments.&lt;/p&gt;

&lt;p&gt;Example 1:&lt;br/&gt;
select *&lt;br/&gt;
from table1; &amp;#8211; comments&lt;br/&gt;
select * from table2;&lt;/p&gt;

&lt;p&gt;In this case, only the first command is executed.. second command &quot;select * from table2&quot; is not executed.&lt;/p&gt;

&lt;p&gt;------&lt;/p&gt;

&lt;p&gt;Example 2:&lt;br/&gt;
select *&lt;br/&gt;
from table1; &amp;#8211; comments&lt;br/&gt;
select * from table2;&lt;br/&gt;
select * from table3;&lt;br/&gt;
In this case, first command and third command is executed. second command &quot;select * from table2&quot; is not executed.&lt;/p&gt;</description>
                <environment></environment>
        <key id="12973135">HIVE-13864</key>
            <summary>Beeline ignores the command that follows a semicolon and comment</summary>
                <type id="1" iconUrl="https://issues.apache.org/jira/secure/viewavatar?size=xsmall&amp;avatarId=21133&amp;avatarType=issuetype">Bug</type>
                                            <priority id="3" iconUrl="https://issues.apache.org/jira/images/icons/priorities/major.svg">Major</priority>
                        <status id="5" iconUrl="https://issues.apache.org/jira/images/icons/statuses/resolved.png" description="A resolution has been taken, and it is awaiting verification by reporter. From here issues are either reopened, or are closed.">Resolved</status>
                    <statusCategory id="3" key="done" colorName="green"/>
                                    <resolution id="1">Fixed</resolution>
                                        <assignee username="ychena">Yongzhi Chen</assignee>
                                    <reporter username="manickmuthu">Muthu Manickam</reporter>
                        <labels>
                    </labels>
                <created>Thu, 26 May 2016 17:21:13 +0000</created>
                <updated>Fri, 21 Jul 2017 17:45:56 +0000</updated>
                            <resolved>Tue, 28 Feb 2017 14:34:25 +0000</resolved>
                                                    <fixVersion>2.3.0</fixVersion>
                                        <due></due>
                            <votes>0</votes>
                                    <watches>4</watches>
                                                                                                                <comments>
                            <comment id="15325936" author="hiveqa" created="Sat, 11 Jun 2016 16:01:39 +0000"  >

&lt;p&gt;Here are the results of testing the latest attachment:&lt;br/&gt;
&lt;a href=&quot;https://issues.apache.org/jira/secure/attachment/12809540/HIVE-13864.01.patch&quot; class=&quot;external-link&quot; rel=&quot;nofollow&quot;&gt;https://issues.apache.org/jira/secure/attachment/12809540/HIVE-13864.01.patch&lt;/a&gt;&lt;/p&gt;

&lt;p&gt;&lt;font color=&quot;red&quot;&gt;ERROR:&lt;/font&gt; -1 due to build exiting with an error&lt;/p&gt;

&lt;p&gt;Test results: &lt;a href=&quot;https://builds.apache.org/job/PreCommit-HIVE-MASTER-Build/89/testReport&quot; class=&quot;external-link&quot; target=&quot;_blank&quot; rel=&quot;nofollow noopener&quot;&gt;https://builds.apache.org/job/PreCommit-HIVE-MASTER-Build/89/testReport&lt;/a&gt;&lt;br/&gt;
Console output: &lt;a href=&quot;https://builds.apache.org/job/PreCommit-HIVE-MASTER-Build/89/console&quot; class=&quot;external-link&quot; target=&quot;_blank&quot; rel=&quot;nofollow noopener&quot;&gt;https://builds.apache.org/job/PreCommit-HIVE-MASTER-Build/89/console&lt;/a&gt;&lt;br/&gt;
Test logs: &lt;a href=&quot;http://ec2-50-18-27-0.us-west-1.compute.amazonaws.com/logs/PreCommit-HIVE-MASTER-Build-89/&quot; class=&quot;external-link&quot; target=&quot;_blank&quot; rel=&quot;nofollow noopener&quot;&gt;http://ec2-50-18-27-0.us-west-1.compute.amazonaws.com/logs/PreCommit-HIVE-MASTER-Build-89/&lt;/a&gt;&lt;/p&gt;

&lt;p&gt;Messages:&lt;/p&gt;
&lt;div class=&quot;preformatted panel&quot; style=&quot;border-width: 1px;&quot;&gt;&lt;div class=&quot;preformattedContent panelContent&quot;&gt;
&lt;pre&gt;Executing org.apache.hive.ptest.execution.TestCheckPhase
Executing org.apache.hive.ptest.execution.PrepPhase
Tests exited with: NonZeroExitCodeException
Command &apos;bash /data/hive-ptest/working/scratch/source-prep.sh&apos; failed with exit status 1 and output &apos;+ [[ -n /usr/java/jdk1.8.0_25 ]]
+ export JAVA_HOME=/usr/java/jdk1.8.0_25
+ JAVA_HOME=/usr/java/jdk1.8.0_25
+ export PATH=/usr/java/jdk1.8.0_25/bin/:/usr/lib64/qt-3.3/bin:/usr/local/apache-maven-3.0.5/bin:/usr/java/jdk1.7.0_45-cloudera/bin:/usr/local/apache-ant-1.9.1/bin:/usr/local/bin:/bin:/usr/bin:/usr/local/sbin:/usr/sbin:/sbin:/home/hiveptest/bin
+ PATH=/usr/java/jdk1.8.0_25/bin/:/usr/lib64/qt-3.3/bin:/usr/local/apache-maven-3.0.5/bin:/usr/java/jdk1.7.0_45-cloudera/bin:/usr/local/apache-ant-1.9.1/bin:/usr/local/bin:/bin:/usr/bin:/usr/local/sbin:/usr/sbin:/sbin:/home/hiveptest/bin
+ export &apos;ANT_OPTS=-Xmx1g -XX:MaxPermSize=256m &apos;
+ ANT_OPTS=&apos;-Xmx1g -XX:MaxPermSize=256m &apos;
+ export &apos;M2_OPTS=-Xmx1g -XX:MaxPermSize=256m -Dhttp.proxyHost=localhost -Dhttp.proxyPort=3128&apos;
+ M2_OPTS=&apos;-Xmx1g -XX:MaxPermSize=256m -Dhttp.proxyHost=localhost -Dhttp.proxyPort=3128&apos;
+ cd /data/hive-ptest/working/
+ tee /data/hive-ptest/logs/PreCommit-HIVE-MASTER-Build-89/source-prep.txt
+ [[ false == \t\r\u\e ]]
+ mkdir -p maven ivy
+ [[ git = \s\v\n ]]
+ [[ git = \g\i\t ]]
+ [[ -z master ]]
+ [[ -d apache-github-source-source ]]
+ [[ ! -d apache-github-source-source/.git ]]
+ [[ ! -d apache-github-source-source ]]
+ cd apache-github-source-source
+ git fetch origin
+ git reset --hard HEAD
HEAD is now at 7766d5c HIVE-13971: Address testcase failures of acid_globallimit.q and etc (Pengcheng Xiong)
+ git clean -f -d
+ git checkout master
Already on &apos;master&apos;
+ git reset --hard origin/master
HEAD is now at 7766d5c HIVE-13971: Address testcase failures of acid_globallimit.q and etc (Pengcheng Xiong)
+ git merge --ff-only origin/master
Already up-to-date.
+ git gc
+ patchCommandPath=/data/hive-ptest/working/scratch/smart-apply-patch.sh
+ patchFilePath=/data/hive-ptest/working/scratch/build.patch
+ [[ -f /data/hive-ptest/working/scratch/build.patch ]]
+ chmod +x /data/hive-ptest/working/scratch/smart-apply-patch.sh
+ /data/hive-ptest/working/scratch/smart-apply-patch.sh /data/hive-ptest/working/scratch/build.patch
The patch does not appear to apply with p0, p1, or p2
+ exit 1
&apos;
&lt;/pre&gt;
&lt;/div&gt;&lt;/div&gt;

&lt;p&gt;This message is automatically generated.&lt;/p&gt;

&lt;p&gt;ATTACHMENT ID: 12809540 - PreCommit-HIVE-MASTER-Build&lt;/p&gt;</comment>
                            <comment id="15878857" author="ychena" created="Wed, 22 Feb 2017 17:50:35 +0000"  >&lt;p&gt;Patch 3 to handle comments in multipleline commands and add more tests&lt;/p&gt;</comment>
                            <comment id="15878993" author="hiveqa" created="Wed, 22 Feb 2017 19:05:43 +0000"  >

&lt;p&gt;Here are the results of testing the latest attachment:&lt;br/&gt;
&lt;a href=&quot;https://issues.apache.org/jira/secure/attachment/12854006/HIVE-13864.3.patch&quot; class=&quot;external-link&quot; rel=&quot;nofollow&quot;&gt;https://issues.apache.org/jira/secure/attachment/12854006/HIVE-13864.3.patch&lt;/a&gt;&lt;/p&gt;

&lt;p&gt;&lt;font color=&quot;green&quot;&gt;SUCCESS:&lt;/font&gt; +1 due to 2 test(s) being added or modified.&lt;/p&gt;

&lt;p&gt;&lt;font color=&quot;red&quot;&gt;ERROR:&lt;/font&gt; -1 due to 4 failed/errored test(s), 10254 tests executed&lt;br/&gt;
&lt;b&gt;Failed tests:&lt;/b&gt;&lt;/p&gt;
&lt;div class=&quot;preformatted panel&quot; style=&quot;border-width: 1px;&quot;&gt;&lt;div class=&quot;preformattedContent panelContent&quot;&gt;
&lt;pre&gt;TestDerbyConnector - did not produce a TEST-*.xml file (likely timed out) (batchId=235)
org.apache.hadoop.hive.cli.TestEncryptedHDFSCliDriver.testCliDriver[encryption_join_with_different_encryption_keys] (batchId=159)
org.apache.hadoop.hive.cli.TestPerfCliDriver.testCliDriver[query14] (batchId=223)
org.apache.hive.beeline.TestBeeLineWithArgs.testQueryProgressParallel (batchId=211)
&lt;/pre&gt;
&lt;/div&gt;&lt;/div&gt;

&lt;p&gt;Test results: &lt;a href=&quot;https://builds.apache.org/job/PreCommit-HIVE-Build/3696/testReport&quot; class=&quot;external-link&quot; target=&quot;_blank&quot; rel=&quot;nofollow noopener&quot;&gt;https://builds.apache.org/job/PreCommit-HIVE-Build/3696/testReport&lt;/a&gt;&lt;br/&gt;
Console output: &lt;a href=&quot;https://builds.apache.org/job/PreCommit-HIVE-Build/3696/console&quot; class=&quot;external-link&quot; target=&quot;_blank&quot; rel=&quot;nofollow noopener&quot;&gt;https://builds.apache.org/job/PreCommit-HIVE-Build/3696/console&lt;/a&gt;&lt;br/&gt;
Test logs: &lt;a href=&quot;http://104.198.109.242/logs/PreCommit-HIVE-Build-3696/&quot; class=&quot;external-link&quot; target=&quot;_blank&quot; rel=&quot;nofollow noopener&quot;&gt;http://104.198.109.242/logs/PreCommit-HIVE-Build-3696/&lt;/a&gt;&lt;/p&gt;

&lt;p&gt;Messages:&lt;/p&gt;
&lt;div class=&quot;preformatted panel&quot; style=&quot;border-width: 1px;&quot;&gt;&lt;div class=&quot;preformattedContent panelContent&quot;&gt;
&lt;pre&gt;Executing org.apache.hive.ptest.execution.TestCheckPhase
Executing org.apache.hive.ptest.execution.PrepPhase
Executing org.apache.hive.ptest.execution.ExecutionPhase
Executing org.apache.hive.ptest.execution.ReportingPhase
Tests exited with: NonZeroExitCodeException
Command &apos;cd /data/hiveptest/logs/PreCommit-HIVE-Build-3696/ &amp;amp;&amp;amp; tar -zvcf test-results.tar.gz test-results/&apos; failed with exit status 2 and output &apos;test-results/
test-results/TEST-261_UTBatch_ql_10_tests-TEST-org.apache.hadoop.hive.ql.exec.vector.expressions.gen.TestColumnScalarOperationVectorExpressionEvaluation.xml
test-results/TEST-276_UTBatch_serde_20_tests-TEST-org.apache.hadoop.hive.serde2.avro.TestThatEvolvedSchemasActAsWeWant.xml
test-results/TEST-271_UTBatch_ql_10_tests-TEST-org.apache.hadoop.hive.ql.lockmgr.zookeeper.TestZookeeperLockManager.xml
test-results/TEST-195_UTBatch_itests__hive-unit_9_tests-TEST-org.apache.hadoop.hive.metastore.TestMetaStoreConnectionUrlHook.xml
test-results/TEST-182_UTBatch_hcatalog__streaming_16_tests-TEST-org.apache.hive.hcatalog.streaming.mutate.worker.TestRecordInspectorImpl.xml
test-results/TEST-252_UTBatch_ql_10_tests-TEST-org.apache.hadoop.hive.ql.parse.TestSplitSample.xml
test-results/TEST-262_UTBatch_ql_10_tests-TEST-org.apache.hadoop.hive.ql.exec.vector.TestVectorSerDeRow.xml
test-results/TEST-241_UTBatch_ql_10_tests-TEST-org.apache.hadoop.hive.ql.udf.generic.TestGenericUDFBridge.xml
test-results/TEST-169_UTBatch_storage-api_13_tests-TEST-org.apache.hadoop.hive.ql.exec.vector.TestBytesColumnVector.xml
test-results/TEST-182_UTBatch_hcatalog__streaming_16_tests-TEST-org.apache.hive.hcatalog.streaming.mutate.worker.TestMutatorCoordinator.xml
test-results/TEST-213_UTBatch_itests__hive-unit_9_tests-TEST-org.apache.hive.service.TestHS2ImpersonationWithRemoteMS.xml
test-results/TEST-210_UTBatch_itests__hive-unit_9_tests-TEST-org.apache.hadoop.hive.ql.security.TestStorageBasedMetastoreAuthorizationReads.xml
test-results/TEST-185_UTBatch_service_8_tests-TEST-org.apache.hive.service.auth.TestLdapAtnProviderWithMiniDS.xml
test-results/TEST-275_UTBatch_serde_20_tests-TEST-org.apache.hadoop.hive.serde2.objectinspector.TestStandardObjectInspectors.xml
test-results/TEST-199_UTBatch_itests__hive-unit_9_tests-TEST-org.apache.hadoop.hive.metastore.hbase.TestHBaseSchemaTool2.xml
test-results/TEST-65-TestCliDriver-cbo_rp_join1.q-materialized_view_create.q-orc_ppd_varchar.q-and-27-more-TEST-org.apache.hadoop.hive.cli.TestCliDriver.xml
test-results/TEST-277_UTBatch_serde_6_tests-TEST-org.apache.hadoop.hive.serde2.columnar.TestLazyBinaryColumnarSerDe.xml
test-results/TEST-122-TestSparkCliDriver-auto_sortmerge_join_13.q-join4.q-join35.q-and-12-more-TEST-org.apache.hadoop.hive.cli.TestSparkCliDriver.xml
test-results/TEST-106-TestSparkCliDriver-bucketsortoptimize_insert_4.q-multi_insert_mixed.q-vectorization_10.q-and-12-more-TEST-org.apache.hadoop.hive.cli.TestSparkCliDriver.xml
test-results/TEST-252_UTBatch_ql_10_tests-TEST-org.apache.hadoop.hive.ql.parse.positive.TestTransactionStatement.xml
test-results/TEST-49-TestCliDriver-intersect_all.q-join39.q-bucketsortoptimize_insert_7.q-and-27-more-TEST-org.apache.hadoop.hive.cli.TestCliDriver.xml
test-results/TEST-275_UTBatch_serde_20_tests-TEST-org.apache.hadoop.hive.serde2.lazy.TestLazyArrayMapStruct.xml
test-results/TEST-167_UTBatch_cli_4_tests-TEST-org.apache.hadoop.hive.cli.TestCliDriverMethods.xml
test-results/TEST-104-TestSparkCliDriver-skewjoinopt19.q-order.q-join_merge_multi_expressions.q-and-12-more-TEST-org.apache.hadoop.hive.cli.TestSparkCliDriver.xml
test-results/TEST-208_UTBatch_itests__hive-unit_9_tests-TEST-org.apache.hadoop.hive.ql.metadata.TestSemanticAnalyzerHookLoading.xml
test-results/TEST-276_UTBatch_serde_20_tests-TEST-org.apache.hadoop.hive.serde2.lazybinary.TestLazyBinarySerDe.xml
test-results/TEST-242_UTBatch_ql_10_tests-TEST-org.apache.hadoop.hive.ql.udf.generic.TestGenericUDFSha2.xml
test-results/TEST-271_UTBatch_ql_10_tests-TEST-org.apache.hadoop.hive.ql.lockmgr.TestDbTxnManager.xml
test-results/TEST-278_UTBatch_llap-server_14_tests-TEST-org.apache.hadoop.hive.llap.daemon.impl.TestEvictingPriorityBlockingQueue.xml
test-results/TEST-278_UTBatch_llap-server_14_tests-TEST-org.apache.hadoop.hive.llap.daemon.services.impl.TestLlapWebServices.xml
test-results/TEST-188_UTBatch_metastore_12_tests-TEST-org.apache.hadoop.hive.metastore.hbase.TestHBaseFilterPlanUtil.xml
test-results/TEST-238_UTBatch_ql_10_tests-TEST-org.apache.hadoop.hive.ql.udf.TestBlockedUdf.xml
test-results/TEST-188_UTBatch_metastore_12_tests-TEST-org.apache.hadoop.hive.metastore.hbase.TestHBaseAggregateStatsNDVUniformDist.xml
test-results/TEST-208_UTBatch_itests__hive-unit_9_tests-TEST-org.apache.hadoop.hive.ql.security.TestStorageBasedMetastoreAuthorizationProvider.xml
test-results/TEST-277_UTBatch_serde_6_tests-TEST-org.apache.hadoop.hive.serde2.columnar.TestBytesRefArrayWritable.xml
test-results/TEST-211_UTBatch_itests__hive-unit_9_tests-TEST-org.apache.hive.beeline.hs2connection.TestBeelineWithUserHs2ConnectionFile.xml
test-results/TEST-276_UTBatch_serde_20_tests-TEST-org.apache.hadoop.hive.serde2.avro.TestAvroObjectInspectorGenerator.xml
test-results/TEST-240_UTBatch_ql_10_tests-TEST-org.apache.hadoop.hive.ql.udf.generic.TestGenericUDFBRound.xml
test-results/TEST-246_UTBatch_ql_10_tests-TEST-org.apache.hadoop.hive.ql.io.sarg.TestSearchArgumentImpl.xml
test-results/TEST-211_UTBatch_itests__hive-unit_9_tests-TEST-org.apache.hive.beeline.TestSchemaTool.xml
test-results/TEST-275_UTBatch_serde_20_tests-TEST-org.apache.hadoop.hive.serde2.objectinspector.TestObjectInspectorUtils.xml
test-results/TEST-185_UTBatch_service_8_tests-TEST-org.apache.hive.service.auth.ldap.TestUserFilter.xml
test-results/TEST-242_UTBatch_ql_10_tests-TEST-org.apache.hadoop.hive.ql.udf.generic.TestGenericUDFDateSub.xml
test-results/TEST-185_UTBatch_service_8_tests-TEST-org.apache.hive.service.cli.session.TestSessionGlobalInitFile.xml
test-results/TEST-185_UTBatch_service_8_tests-TEST-org.apache.hive.service.auth.ldap.TestQuery.xml
test-results/TEST-171_UTBatch_hcatalog__webhcat__svr_6_tests-TEST-org.apache.hive.hcatalog.templeton.tool.TestTempletonUtils.xml
test-results/TEST-194_TestEmbeddedHiveMetaStore-TEST-org.apache.hadoop.hive.metastore.TestEmbeddedHiveMetaStore.xml
test-results/TEST-217_UTBatch_itests__hive-unit_9_tests-TEST-org.apache.hive.jdbc.TestXSRFFilter.xml
test-results/TEST-278_UTBatch_llap-server_14_tests-TEST-org.apache.hadoop.hive.llap.security.TestLlapSignerImpl.xml
test-results/TEST-241_UTBatch_ql_10_tests-TEST-org.apache.hadoop.hive.ql.udf.generic.TestGenericUDFLevenshtein.xml
&apos;
&lt;/pre&gt;
&lt;/div&gt;&lt;/div&gt;

&lt;p&gt;This message is automatically generated.&lt;/p&gt;

&lt;p&gt;ATTACHMENT ID: 12854006 - PreCommit-HIVE-Build&lt;/p&gt;</comment>
                            <comment id="15879304" author="hiveqa" created="Wed, 22 Feb 2017 21:43:39 +0000"  >

&lt;p&gt;Here are the results of testing the latest attachment:&lt;br/&gt;
&lt;a href=&quot;https://issues.apache.org/jira/secure/attachment/12809872/HIVE-13864.02.patch&quot; class=&quot;external-link&quot; rel=&quot;nofollow&quot;&gt;https://issues.apache.org/jira/secure/attachment/12809872/HIVE-13864.02.patch&lt;/a&gt;&lt;/p&gt;

&lt;p&gt;&lt;font color=&quot;red&quot;&gt;ERROR:&lt;/font&gt; -1 due to build exiting with an error&lt;/p&gt;

&lt;p&gt;Test results: &lt;a href=&quot;https://builds.apache.org/job/PreCommit-HIVE-Build/3700/testReport&quot; class=&quot;external-link&quot; target=&quot;_blank&quot; rel=&quot;nofollow noopener&quot;&gt;https://builds.apache.org/job/PreCommit-HIVE-Build/3700/testReport&lt;/a&gt;&lt;br/&gt;
Console output: &lt;a href=&quot;https://builds.apache.org/job/PreCommit-HIVE-Build/3700/console&quot; class=&quot;external-link&quot; target=&quot;_blank&quot; rel=&quot;nofollow noopener&quot;&gt;https://builds.apache.org/job/PreCommit-HIVE-Build/3700/console&lt;/a&gt;&lt;br/&gt;
Test logs: &lt;a href=&quot;http://104.198.109.242/logs/PreCommit-HIVE-Build-3700/&quot; class=&quot;external-link&quot; target=&quot;_blank&quot; rel=&quot;nofollow noopener&quot;&gt;http://104.198.109.242/logs/PreCommit-HIVE-Build-3700/&lt;/a&gt;&lt;/p&gt;

&lt;p&gt;Messages:&lt;/p&gt;
&lt;div class=&quot;preformatted panel&quot; style=&quot;border-width: 1px;&quot;&gt;&lt;div class=&quot;preformattedContent panelContent&quot;&gt;
&lt;pre&gt;Executing org.apache.hive.ptest.execution.TestCheckPhase
Executing org.apache.hive.ptest.execution.PrepPhase
Tests exited with: NonZeroExitCodeException
Command &apos;bash /data/hiveptest/working/scratch/source-prep.sh&apos; failed with exit status 1 and output &apos;+ date &apos;+%Y-%m-%d %T.%3N&apos;
2017-02-22 21:43:38.300
+ [[ -n /usr/lib/jvm/java-8-openjdk-amd64 ]]
+ export JAVA_HOME=/usr/lib/jvm/java-8-openjdk-amd64
+ JAVA_HOME=/usr/lib/jvm/java-8-openjdk-amd64
+ export PATH=/usr/lib/jvm/java-8-openjdk-amd64/bin/:/usr/local/bin:/usr/bin:/bin:/usr/local/games:/usr/games
+ PATH=/usr/lib/jvm/java-8-openjdk-amd64/bin/:/usr/local/bin:/usr/bin:/bin:/usr/local/games:/usr/games
+ export &apos;ANT_OPTS=-Xmx1g -XX:MaxPermSize=256m &apos;
+ ANT_OPTS=&apos;-Xmx1g -XX:MaxPermSize=256m &apos;
+ export &apos;MAVEN_OPTS=-Xmx1g &apos;
+ MAVEN_OPTS=&apos;-Xmx1g &apos;
+ cd /data/hiveptest/working/
+ tee /data/hiveptest/logs/PreCommit-HIVE-Build-3700/source-prep.txt
+ [[ false == \t\r\u\e ]]
+ mkdir -p maven ivy
+ [[ git = \s\v\n ]]
+ [[ git = \g\i\t ]]
+ [[ -z master ]]
+ [[ -d apache-github-source-source ]]
+ [[ ! -d apache-github-source-source/.git ]]
+ [[ ! -d apache-github-source-source ]]
+ date &apos;+%Y-%m-%d %T.%3N&apos;
2017-02-22 21:43:38.303
+ cd apache-github-source-source
+ git fetch origin
+ git reset --hard HEAD
HEAD is now at ede8a55 HIVE-15991 : Flaky Test: TestEncryptedHDFSCliDriver encryption_join_with_different_encryption_keys (Sahil Takiar via Ashutosh Chauhan)
+ git clean -f -d
Removing common/src/java/org/apache/hadoop/hive/conf/HiveConf.java.orig
Removing jdbc/src/java/org/apache/hive/jdbc/HiveConnection.java.orig
Removing service/src/java/org/apache/hive/service/cli/CLIService.java.orig
Removing service/src/java/org/apache/hive/service/cli/thrift/ThriftCLIService.java.orig
+ git checkout master
Already on &apos;master&apos;
Your branch is up-to-date with &apos;origin/master&apos;.
+ git reset --hard origin/master
HEAD is now at ede8a55 HIVE-15991 : Flaky Test: TestEncryptedHDFSCliDriver encryption_join_with_different_encryption_keys (Sahil Takiar via Ashutosh Chauhan)
+ git merge --ff-only origin/master
Already up-to-date.
+ date &apos;+%Y-%m-%d %T.%3N&apos;
2017-02-22 21:43:39.438
+ patchCommandPath=/data/hiveptest/working/scratch/smart-apply-patch.sh
+ patchFilePath=/data/hiveptest/working/scratch/build.patch
+ [[ -f /data/hiveptest/working/scratch/build.patch ]]
+ chmod +x /data/hiveptest/working/scratch/smart-apply-patch.sh
+ /data/hiveptest/working/scratch/smart-apply-patch.sh /data/hiveptest/working/scratch/build.patch
error: a/beeline/src/java/org/apache/hive/beeline/Commands.java: No such file or directory
The patch does not appear to apply with p0, p1, or p2
+ exit 1
&apos;
&lt;/pre&gt;
&lt;/div&gt;&lt;/div&gt;

&lt;p&gt;This message is automatically generated.&lt;/p&gt;

&lt;p&gt;ATTACHMENT ID: 12809872 - PreCommit-HIVE-Build&lt;/p&gt;</comment>
                            <comment id="15879306" author="ychena" created="Wed, 22 Feb 2017 21:44:05 +0000"  >&lt;p&gt;Build failed for unrelated issue, re-attach the patch to run the pre-commit again.&lt;/p&gt;</comment>
                            <comment id="15879828" author="hiveqa" created="Thu, 23 Feb 2017 04:17:54 +0000"  >

&lt;p&gt;Here are the results of testing the latest attachment:&lt;br/&gt;
&lt;a href=&quot;https://issues.apache.org/jira/secure/attachment/12854071/HIVE-13864.3.patch&quot; class=&quot;external-link&quot; rel=&quot;nofollow&quot;&gt;https://issues.apache.org/jira/secure/attachment/12854071/HIVE-13864.3.patch&lt;/a&gt;&lt;/p&gt;

&lt;p&gt;&lt;font color=&quot;green&quot;&gt;SUCCESS:&lt;/font&gt; +1 due to 2 test(s) being added or modified.&lt;/p&gt;

&lt;p&gt;&lt;font color=&quot;red&quot;&gt;ERROR:&lt;/font&gt; -1 due to 3 failed/errored test(s), 10255 tests executed&lt;br/&gt;
&lt;b&gt;Failed tests:&lt;/b&gt;&lt;/p&gt;
&lt;div class=&quot;preformatted panel&quot; style=&quot;border-width: 1px;&quot;&gt;&lt;div class=&quot;preformattedContent panelContent&quot;&gt;
&lt;pre&gt;TestDerbyConnector - did not produce a TEST-*.xml file (likely timed out) (batchId=235)
org.apache.hadoop.hive.cli.TestPerfCliDriver.testCliDriver[query14] (batchId=223)
org.apache.hive.beeline.TestBeeLineWithArgs.testQueryProgressParallel (batchId=211)
&lt;/pre&gt;
&lt;/div&gt;&lt;/div&gt;

&lt;p&gt;Test results: &lt;a href=&quot;https://builds.apache.org/job/PreCommit-HIVE-Build/3710/testReport&quot; class=&quot;external-link&quot; target=&quot;_blank&quot; rel=&quot;nofollow noopener&quot;&gt;https://builds.apache.org/job/PreCommit-HIVE-Build/3710/testReport&lt;/a&gt;&lt;br/&gt;
Console output: &lt;a href=&quot;https://builds.apache.org/job/PreCommit-HIVE-Build/3710/console&quot; class=&quot;external-link&quot; target=&quot;_blank&quot; rel=&quot;nofollow noopener&quot;&gt;https://builds.apache.org/job/PreCommit-HIVE-Build/3710/console&lt;/a&gt;&lt;br/&gt;
Test logs: &lt;a href=&quot;http://104.198.109.242/logs/PreCommit-HIVE-Build-3710/&quot; class=&quot;external-link&quot; target=&quot;_blank&quot; rel=&quot;nofollow noopener&quot;&gt;http://104.198.109.242/logs/PreCommit-HIVE-Build-3710/&lt;/a&gt;&lt;/p&gt;

&lt;p&gt;Messages:&lt;/p&gt;
&lt;div class=&quot;preformatted panel&quot; style=&quot;border-width: 1px;&quot;&gt;&lt;div class=&quot;preformattedContent panelContent&quot;&gt;
&lt;pre&gt;Executing org.apache.hive.ptest.execution.TestCheckPhase
Executing org.apache.hive.ptest.execution.PrepPhase
Executing org.apache.hive.ptest.execution.ExecutionPhase
Executing org.apache.hive.ptest.execution.ReportingPhase
Tests exited with: TestsFailedException: 3 tests failed
&lt;/pre&gt;
&lt;/div&gt;&lt;/div&gt;

&lt;p&gt;This message is automatically generated.&lt;/p&gt;

&lt;p&gt;ATTACHMENT ID: 12854071 - PreCommit-HIVE-Build&lt;/p&gt;</comment>
                            <comment id="15879905" author="ychena" created="Thu, 23 Feb 2017 05:37:37 +0000"  >&lt;p&gt;The failures are not related.  org.apache.hive.beeline.TestBeeLineWithArgs.testQueryProgressParallel passed in my local machine.&lt;/p&gt;
</comment>
                            <comment id="15880749" author="aihuaxu" created="Thu, 23 Feb 2017 16:18:01 +0000"  >&lt;p&gt;OK. Seems we are only removing the comments if the whole line is a comment.&lt;/p&gt;

&lt;p&gt;It makes sense to also detect the comment in a line. So the patch is trying to detect if  &amp;#8211; is inside a string or not, right? Seems we need to handle the case if the string is across the line with --. That may cause issues like &lt;/p&gt;

&lt;p&gt;select &apos;afddb &lt;br/&gt;
&amp;#8211; ddd&apos;&lt;br/&gt;
from src;&lt;/p&gt;</comment>
                            <comment id="15880934" author="ychena" created="Thu, 23 Feb 2017 17:52:21 +0000"  >&lt;p&gt;Patch 4, More fixes after review:&lt;br/&gt;
Handle quoted string in multiple-lines. Manually tested with beeline.&lt;/p&gt;</comment>
                            <comment id="15881632" author="hiveqa" created="Fri, 24 Feb 2017 00:30:56 +0000"  >

&lt;p&gt;Here are the results of testing the latest attachment:&lt;br/&gt;
&lt;a href=&quot;https://issues.apache.org/jira/secure/attachment/12854254/HIVE-13864.4.patch&quot; class=&quot;external-link&quot; rel=&quot;nofollow&quot;&gt;https://issues.apache.org/jira/secure/attachment/12854254/HIVE-13864.4.patch&lt;/a&gt;&lt;/p&gt;

&lt;p&gt;&lt;font color=&quot;green&quot;&gt;SUCCESS:&lt;/font&gt; +1 due to 2 test(s) being added or modified.&lt;/p&gt;

&lt;p&gt;&lt;font color=&quot;red&quot;&gt;ERROR:&lt;/font&gt; -1 due to 4 failed/errored test(s), 10259 tests executed&lt;br/&gt;
&lt;b&gt;Failed tests:&lt;/b&gt;&lt;/p&gt;
&lt;div class=&quot;preformatted panel&quot; style=&quot;border-width: 1px;&quot;&gt;&lt;div class=&quot;preformattedContent panelContent&quot;&gt;
&lt;pre&gt;TestDerbyConnector - did not produce a TEST-*.xml file (likely timed out) (batchId=235)
org.apache.hadoop.hive.cli.TestMiniLlapCliDriver.testCliDriver[orc_ppd_schema_evol_3a] (batchId=136)
org.apache.hadoop.hive.cli.TestPerfCliDriver.testCliDriver[query14] (batchId=223)
org.apache.hadoop.hive.cli.TestPerfCliDriver.testCliDriver[query23] (batchId=223)
&lt;/pre&gt;
&lt;/div&gt;&lt;/div&gt;

&lt;p&gt;Test results: &lt;a href=&quot;https://builds.apache.org/job/PreCommit-HIVE-Build/3735/testReport&quot; class=&quot;external-link&quot; target=&quot;_blank&quot; rel=&quot;nofollow noopener&quot;&gt;https://builds.apache.org/job/PreCommit-HIVE-Build/3735/testReport&lt;/a&gt;&lt;br/&gt;
Console output: &lt;a href=&quot;https://builds.apache.org/job/PreCommit-HIVE-Build/3735/console&quot; class=&quot;external-link&quot; target=&quot;_blank&quot; rel=&quot;nofollow noopener&quot;&gt;https://builds.apache.org/job/PreCommit-HIVE-Build/3735/console&lt;/a&gt;&lt;br/&gt;
Test logs: &lt;a href=&quot;http://104.198.109.242/logs/PreCommit-HIVE-Build-3735/&quot; class=&quot;external-link&quot; target=&quot;_blank&quot; rel=&quot;nofollow noopener&quot;&gt;http://104.198.109.242/logs/PreCommit-HIVE-Build-3735/&lt;/a&gt;&lt;/p&gt;

&lt;p&gt;Messages:&lt;/p&gt;
&lt;div class=&quot;preformatted panel&quot; style=&quot;border-width: 1px;&quot;&gt;&lt;div class=&quot;preformattedContent panelContent&quot;&gt;
&lt;pre&gt;Executing org.apache.hive.ptest.execution.TestCheckPhase
Executing org.apache.hive.ptest.execution.PrepPhase
Executing org.apache.hive.ptest.execution.ExecutionPhase
Executing org.apache.hive.ptest.execution.ReportingPhase
Tests exited with: TestsFailedException: 4 tests failed
&lt;/pre&gt;
&lt;/div&gt;&lt;/div&gt;

&lt;p&gt;This message is automatically generated.&lt;/p&gt;

&lt;p&gt;ATTACHMENT ID: 12854254 - PreCommit-HIVE-Build&lt;/p&gt;</comment>
                            <comment id="15881784" author="ychena" created="Fri, 24 Feb 2017 01:58:19 +0000"  >&lt;p&gt;The failures are not related.&lt;/p&gt;</comment>
                            <comment id="15883099" author="aihuaxu" created="Fri, 24 Feb 2017 17:02:23 +0000"  >&lt;p&gt;The logic seems good that we are carrying the quote info from the previous line to the next line. But I feel a little confusing to use array to pass the single value and also we are really tracking if a char is within quotes (string), not really escape. Minor suggestions to make the code more readable: 1. can you add some comments to the function and some lines to explain what you are doing? 2. Check to see if you can use &lt;tt&gt;Character startQuote&lt;/tt&gt; to carry such info and use Character.unsigned or a special value to mean it&apos;s unset? &lt;/p&gt;
</comment>
                            <comment id="15883875" author="ychena" created="Sat, 25 Feb 2017 01:15:33 +0000"  >&lt;p&gt;&lt;a href=&quot;https://issues.apache.org/jira/secure/ViewProfile.jspa?name=aihuaxu&quot; class=&quot;user-hover&quot; rel=&quot;aihuaxu&quot;&gt;aihuaxu&lt;/a&gt;, I will add the comments and change the variable name to startQuote. But I will keep the parameter type as int[] for I need output parameter and Character object type is really hard to pass the value out. &lt;/p&gt;</comment>
                            <comment id="15884247" author="hiveqa" created="Sat, 25 Feb 2017 13:55:06 +0000"  >

&lt;p&gt;Here are the results of testing the latest attachment:&lt;br/&gt;
&lt;a href=&quot;https://issues.apache.org/jira/secure/attachment/12854632/HIVE-13864.5.patch&quot; class=&quot;external-link&quot; rel=&quot;nofollow&quot;&gt;https://issues.apache.org/jira/secure/attachment/12854632/HIVE-13864.5.patch&lt;/a&gt;&lt;/p&gt;

&lt;p&gt;&lt;font color=&quot;green&quot;&gt;SUCCESS:&lt;/font&gt; +1 due to 2 test(s) being added or modified.&lt;/p&gt;

&lt;p&gt;&lt;font color=&quot;red&quot;&gt;ERROR:&lt;/font&gt; -1 due to 4 failed/errored test(s), 10261 tests executed&lt;br/&gt;
&lt;b&gt;Failed tests:&lt;/b&gt;&lt;/p&gt;
&lt;div class=&quot;preformatted panel&quot; style=&quot;border-width: 1px;&quot;&gt;&lt;div class=&quot;preformattedContent panelContent&quot;&gt;
&lt;pre&gt;TestDerbyConnector - did not produce a TEST-*.xml file (likely timed out) (batchId=235)
org.apache.hadoop.hive.cli.TestMiniLlapLocalCliDriver.testCliDriver[vector_if_expr] (batchId=140)
org.apache.hadoop.hive.cli.TestPerfCliDriver.testCliDriver[query14] (batchId=223)
org.apache.hive.beeline.TestBeeLineWithArgs.testQueryProgressParallel (batchId=211)
&lt;/pre&gt;
&lt;/div&gt;&lt;/div&gt;

&lt;p&gt;Test results: &lt;a href=&quot;https://builds.apache.org/job/PreCommit-HIVE-Build/3781/testReport&quot; class=&quot;external-link&quot; target=&quot;_blank&quot; rel=&quot;nofollow noopener&quot;&gt;https://builds.apache.org/job/PreCommit-HIVE-Build/3781/testReport&lt;/a&gt;&lt;br/&gt;
Console output: &lt;a href=&quot;https://builds.apache.org/job/PreCommit-HIVE-Build/3781/console&quot; class=&quot;external-link&quot; target=&quot;_blank&quot; rel=&quot;nofollow noopener&quot;&gt;https://builds.apache.org/job/PreCommit-HIVE-Build/3781/console&lt;/a&gt;&lt;br/&gt;
Test logs: &lt;a href=&quot;http://104.198.109.242/logs/PreCommit-HIVE-Build-3781/&quot; class=&quot;external-link&quot; target=&quot;_blank&quot; rel=&quot;nofollow noopener&quot;&gt;http://104.198.109.242/logs/PreCommit-HIVE-Build-3781/&lt;/a&gt;&lt;/p&gt;

&lt;p&gt;Messages:&lt;/p&gt;
&lt;div class=&quot;preformatted panel&quot; style=&quot;border-width: 1px;&quot;&gt;&lt;div class=&quot;preformattedContent panelContent&quot;&gt;
&lt;pre&gt;Executing org.apache.hive.ptest.execution.TestCheckPhase
Executing org.apache.hive.ptest.execution.PrepPhase
Executing org.apache.hive.ptest.execution.ExecutionPhase
Executing org.apache.hive.ptest.execution.ReportingPhase
Tests exited with: TestsFailedException: 4 tests failed
&lt;/pre&gt;
&lt;/div&gt;&lt;/div&gt;

&lt;p&gt;This message is automatically generated.&lt;/p&gt;

&lt;p&gt;ATTACHMENT ID: 12854632 - PreCommit-HIVE-Build&lt;/p&gt;</comment>
                            <comment id="15886072" author="aihuaxu" created="Mon, 27 Feb 2017 16:29:55 +0000"  >&lt;p&gt;I see. The patch looks good to me. +1&lt;/p&gt;</comment>
                            <comment id="15888115" author="ychena" created="Tue, 28 Feb 2017 14:34:25 +0000"  >&lt;p&gt;Push into master. Thanks Aihua for the review. &lt;/p&gt;</comment>
                    </comments>
                <issuelinks>
                            <issuelinktype id="12310050">
                    <name>Regression</name>
                                            <outwardlinks description="breaks">
                                        <issuelink>
            <issuekey id="13085111">HIVE-17050</issuekey>
        </issuelink>
                            </outwardlinks>
                                                        </issuelinktype>
                    </issuelinks>
                <attachments>
                            <attachment id="12809540" name="HIVE-13864.01.patch" size="3165" author="sircodesalot" created="Fri, 10 Jun 2016 19:54:31 +0000"/>
                            <attachment id="12809872" name="HIVE-13864.02.patch" size="4545" author="sircodesalot" created="Mon, 13 Jun 2016 15:33:14 +0000"/>
                            <attachment id="12854071" name="HIVE-13864.3.patch" size="8080" author="ychena" created="Wed, 22 Feb 2017 21:44:05 +0000"/>
                            <attachment id="12854254" name="HIVE-13864.4.patch" size="8816" author="ychena" created="Thu, 23 Feb 2017 17:52:21 +0000"/>
                            <attachment id="12854632" name="HIVE-13864.5.patch" size="9059" author="ychena" created="Sat, 25 Feb 2017 01:54:56 +0000"/>
                    </attachments>
                <subtasks>
                    </subtasks>
                <customfields>
                                                                            <customfield id="customfield_12310310" key="com.atlassian.jira.toolkit:attachments">
                        <customfieldname>Attachment count</customfieldname>
                        <customfieldvalues>
                            <customfieldvalue>5.0</customfieldvalue>
                        </customfieldvalues>
                    </customfield>
                                                                                                                                                                                                                                                                                                                                                                                                                                                                                                                                                                                                                                                                                                        <customfield id="customfield_12314020" key="com.atlassian.jira.plugins.jira-development-integration-plugin:devsummary">
                        <customfieldname>Development</customfieldname>
                        <customfieldvalues>
                            
                        </customfieldvalues>
                    </customfield>
                                                                                                                        <customfield id="customfield_12313422" key="com.atlassian.jirafisheyeplugin:jobcheckbox">
                        <customfieldname>Enable Automatic Patch Review</customfieldname>
                        <customfieldvalues>
                            <customfieldvalue><![CDATA[false]]></customfieldvalue>

                        </customfieldvalues>
                    </customfield>
                                                                                                                                                                                                                                                                                                                                                                                                                                                                                                                                                                                                                                                <customfield id="customfield_12310420" key="com.pyxis.greenhopper.jira:gh-global-rank">
                        <customfieldname>Global Rank</customfieldname>
                        <customfieldvalues>
                            <customfieldvalue>9223372036854775807</customfieldvalue>
                        </customfieldvalues>
                    </customfield>
                                                                                                                                                                                                                                                                    <customfield id="customfield_12312521" key="com.atlassian.jira.toolkit:LastCommentDate">
                        <customfieldname>Last public comment date</customfieldname>
                        <customfieldvalues>
                            8 years, 38 weeks, 1 day ago
                        </customfieldvalues>
                    </customfield>
                                                                                                                                                                                                                                                                                                <customfield id="customfield_12311820" key="com.pyxis.greenhopper.jira:gh-lexo-rank">
                        <customfieldname>Rank</customfieldname>
                        <customfieldvalues>
                            <customfieldvalue>0|i2yjw7:</customfieldvalue>

                        </customfieldvalues>
                    </customfield>
                                                                <customfield id="customfield_12310920" key="com.pyxis.greenhopper.jira:gh-global-rank">
                        <customfieldname>Rank (Obsolete)</customfieldname>
                        <customfieldvalues>
                            <customfieldvalue>9223372036854775807</customfieldvalue>
                        </customfieldvalues>
                    </customfield>
                                                                                                                                                                                                                                                                                                                                                                                                                                                                                                                                                                                                                                                                                                                                                                                                                                                                                </customfields>
    </item>
</channel>
</rss>