<!-- 
RSS generated by JIRA (8.20.10#820010-sha1:ace47f9899e9ee25d7157d59aa17ab06aee30d3d) at Wed Nov 12 18:51:55 UTC 2025

It is possible to restrict the fields that are returned in this document by specifying the 'field' parameter in your request.
For example, to request only the issue key and summary append 'field=key&field=summary' to the URL of your request.
-->
<rss version="0.92" >
<channel>
    <title>ASF Jira</title>
    <link>https://issues.apache.org/jira</link>
    <description>This file is an XML representation of an issue</description>
    <language>en-uk</language>    <build-info>
        <version>8.20.10</version>
        <build-number>820010</build-number>
        <build-date>22-06-2022</build-date>
    </build-info>


<item>
            <title>[HIVE-12767] Implement table property to address Parquet int96 timestamp bug</title>
                <link>https://issues.apache.org/jira/browse/HIVE-12767</link>
                <project id="12310843" key="HIVE">Hive</project>
                    <description>&lt;p&gt;Parque timestamps using INT96 are not compatible with other tools, like Impala, due to issues in Hive because it adjusts timezones values in a different way than Impala.&lt;/p&gt;

&lt;p&gt;To address such issues. a new table property (parquet.mr.int96.write.zone) must be used in Hive that detects what timezone to use when writing and reading timestamps from Parquet.&lt;/p&gt;

&lt;p&gt;The following is the exit criteria for the fix:&lt;/p&gt;

&lt;ul&gt;
	&lt;li&gt;Hive will read Parquet MR int96 timestamp data and adjust values using a time zone from a table property, if set, or using the local time zone if it is absent. No adjustment will be applied to data written by Impala.&lt;/li&gt;
	&lt;li&gt;Hive will write Parquet int96 timestamps using a time zone adjustment from the same table property, if set, or using the local time zone if it is absent. This keeps the data in the table consistent.&lt;/li&gt;
	&lt;li&gt;New tables created by Hive will set the table property to UTC if the global option to set the property for new tables is enabled.
	&lt;ul&gt;
		&lt;li&gt;Tables created using CREATE TABLE and CREATE TABLE LIKE FILE will not set the property unless the global setting to do so is enabled.&lt;/li&gt;
		&lt;li&gt;Tables created using CREATE TABLE LIKE &amp;lt;OTHER TABLE&amp;gt; will copy the property of the table that is copied.&lt;/li&gt;
	&lt;/ul&gt;
	&lt;/li&gt;
&lt;/ul&gt;
</description>
                <environment></environment>
        <key id="12924972">HIVE-12767</key>
            <summary>Implement table property to address Parquet int96 timestamp bug</summary>
                <type id="1" iconUrl="https://issues.apache.org/jira/secure/viewavatar?size=xsmall&amp;avatarId=21133&amp;avatarType=issuetype">Bug</type>
                                            <priority id="3" iconUrl="https://issues.apache.org/jira/images/icons/priorities/major.svg">Major</priority>
                        <status id="5" iconUrl="https://issues.apache.org/jira/images/icons/statuses/resolved.png" description="A resolution has been taken, and it is awaiting verification by reporter. From here issues are either reopened, or are closed.">Resolved</status>
                    <statusCategory id="3" key="done" colorName="green"/>
                                    <resolution id="2">Won&apos;t Fix</resolution>
                                        <assignee username="zsombor.klara">Barna Zsombor Klara</assignee>
                                    <reporter username="spena">Sergio Pe&#241;a</reporter>
                        <labels>
                    </labels>
                <created>Wed, 30 Dec 2015 23:59:20 +0000</created>
                <updated>Fri, 2 Feb 2018 12:34:45 +0000</updated>
                            <resolved>Fri, 2 Feb 2018 12:34:45 +0000</resolved>
                                    <version>1.2.1</version>
                    <version>2.0.0</version>
                                                        <due></due>
                            <votes>1</votes>
                                    <watches>9</watches>
                                                                                                                <comments>
                            <comment id="15075538" author="spena" created="Thu, 31 Dec 2015 00:01:31 +0000"  >&lt;p&gt;cc: &lt;a href=&quot;https://issues.apache.org/jira/secure/ViewProfile.jspa?name=kamrul&quot; class=&quot;user-hover&quot; rel=&quot;kamrul&quot;&gt;kamrul&lt;/a&gt;&lt;/p&gt;</comment>
                            <comment id="15085774" author="spena" created="Wed, 6 Jan 2016 16:31:38 +0000"  >&lt;p&gt;Re-attach patch to trigger Jenkins tests.&lt;/p&gt;</comment>
                            <comment id="15089760" author="hiveqa" created="Fri, 8 Jan 2016 19:21:39 +0000"  >

&lt;p&gt;Here are the results of testing the latest attachment:&lt;br/&gt;
&lt;a href=&quot;https://issues.apache.org/jira/secure/attachment/12780997/HIVE-12767.3.patch&quot; class=&quot;external-link&quot; rel=&quot;nofollow&quot;&gt;https://issues.apache.org/jira/secure/attachment/12780997/HIVE-12767.3.patch&lt;/a&gt;&lt;/p&gt;

&lt;p&gt;&lt;font color=&quot;green&quot;&gt;SUCCESS:&lt;/font&gt; +1 due to 4 test(s) being added or modified.&lt;/p&gt;

&lt;p&gt;&lt;font color=&quot;red&quot;&gt;ERROR:&lt;/font&gt; -1 due to 16 failed/errored test(s), 10001 tests executed&lt;br/&gt;
&lt;b&gt;Failed tests:&lt;/b&gt;&lt;/p&gt;
&lt;div class=&quot;preformatted panel&quot; style=&quot;border-width: 1px;&quot;&gt;&lt;div class=&quot;preformattedContent panelContent&quot;&gt;
&lt;pre&gt;TestHWISessionManager - did not produce a TEST-*.xml file
org.apache.hadoop.hive.cli.TestCliDriver.testCliDriver_parquet_ppd_char
org.apache.hadoop.hive.cli.TestCliDriver.testCliDriver_parquet_ppd_varchar
org.apache.hadoop.hive.cli.TestNegativeCliDriver.testNegativeCliDriver_authorization_uri_import
org.apache.hadoop.hive.ql.exec.spark.session.TestSparkSessionManagerImpl.testMultiSessionMultipleUse
org.apache.hadoop.hive.ql.exec.spark.session.TestSparkSessionManagerImpl.testSingleSessionMultipleUse
org.apache.hadoop.hive.ql.security.authorization.plugin.TestHiveOperationType.checkHiveOperationTypeMatch
org.apache.hive.jdbc.TestSSL.testSSLVersion
org.apache.hive.spark.client.TestSparkClient.testAddJarsAndFiles
org.apache.hive.spark.client.TestSparkClient.testCounters
org.apache.hive.spark.client.TestSparkClient.testErrorJob
org.apache.hive.spark.client.TestSparkClient.testJobSubmission
org.apache.hive.spark.client.TestSparkClient.testMetricsCollection
org.apache.hive.spark.client.TestSparkClient.testRemoteClient
org.apache.hive.spark.client.TestSparkClient.testSimpleSparkJob
org.apache.hive.spark.client.TestSparkClient.testSyncRpc
&lt;/pre&gt;
&lt;/div&gt;&lt;/div&gt;

&lt;p&gt;Test results: &lt;a href=&quot;http://ec2-174-129-184-35.compute-1.amazonaws.com/jenkins/job/PreCommit-HIVE-TRUNK-Build/6554/testReport&quot; class=&quot;external-link&quot; target=&quot;_blank&quot; rel=&quot;nofollow noopener&quot;&gt;http://ec2-174-129-184-35.compute-1.amazonaws.com/jenkins/job/PreCommit-HIVE-TRUNK-Build/6554/testReport&lt;/a&gt;&lt;br/&gt;
Console output: &lt;a href=&quot;http://ec2-174-129-184-35.compute-1.amazonaws.com/jenkins/job/PreCommit-HIVE-TRUNK-Build/6554/console&quot; class=&quot;external-link&quot; target=&quot;_blank&quot; rel=&quot;nofollow noopener&quot;&gt;http://ec2-174-129-184-35.compute-1.amazonaws.com/jenkins/job/PreCommit-HIVE-TRUNK-Build/6554/console&lt;/a&gt;&lt;br/&gt;
Test logs: &lt;a href=&quot;http://ec2-174-129-184-35.compute-1.amazonaws.com/logs/PreCommit-HIVE-TRUNK-Build-6554/&quot; class=&quot;external-link&quot; target=&quot;_blank&quot; rel=&quot;nofollow noopener&quot;&gt;http://ec2-174-129-184-35.compute-1.amazonaws.com/logs/PreCommit-HIVE-TRUNK-Build-6554/&lt;/a&gt;&lt;/p&gt;

&lt;p&gt;Messages:&lt;/p&gt;
&lt;div class=&quot;preformatted panel&quot; style=&quot;border-width: 1px;&quot;&gt;&lt;div class=&quot;preformattedContent panelContent&quot;&gt;
&lt;pre&gt;Executing org.apache.hive.ptest.execution.TestCheckPhase
Executing org.apache.hive.ptest.execution.PrepPhase
Executing org.apache.hive.ptest.execution.ExecutionPhase
Executing org.apache.hive.ptest.execution.ReportingPhase
Tests exited with: TestsFailedException: 16 tests failed
&lt;/pre&gt;
&lt;/div&gt;&lt;/div&gt;

&lt;p&gt;This message is automatically generated.&lt;/p&gt;

&lt;p&gt;ATTACHMENT ID: 12780997 - PreCommit-HIVE-TRUNK-Build&lt;/p&gt;</comment>
                            <comment id="15097385" author="hiveqa" created="Thu, 14 Jan 2016 01:01:46 +0000"  >

&lt;p&gt;Here are the results of testing the latest attachment:&lt;br/&gt;
&lt;a href=&quot;https://issues.apache.org/jira/secure/attachment/12782125/HIVE-12767.4.patch&quot; class=&quot;external-link&quot; rel=&quot;nofollow&quot;&gt;https://issues.apache.org/jira/secure/attachment/12782125/HIVE-12767.4.patch&lt;/a&gt;&lt;/p&gt;

&lt;p&gt;&lt;font color=&quot;green&quot;&gt;SUCCESS:&lt;/font&gt; +1 due to 4 test(s) being added or modified.&lt;/p&gt;

&lt;p&gt;&lt;font color=&quot;red&quot;&gt;ERROR:&lt;/font&gt; -1 due to 8 failed/errored test(s), 10005 tests executed&lt;br/&gt;
&lt;b&gt;Failed tests:&lt;/b&gt;&lt;/p&gt;
&lt;div class=&quot;preformatted panel&quot; style=&quot;border-width: 1px;&quot;&gt;&lt;div class=&quot;preformattedContent panelContent&quot;&gt;
&lt;pre&gt;TestHWISessionManager - did not produce a TEST-*.xml file
TestSparkCliDriver-timestamp_lazy.q-bucketsortoptimize_insert_4.q-date_udf.q-and-12-more - did not produce a TEST-*.xml file
org.apache.hadoop.hive.cli.TestCliDriver.testCliDriver_union9
org.apache.hadoop.hive.cli.TestMiniTezCliDriver.testCliDriver_tez_union
org.apache.hadoop.hive.cli.TestNegativeCliDriver.testNegativeCliDriver_authorization_uri_import
org.apache.hadoop.hive.ql.exec.spark.session.TestSparkSessionManagerImpl.testMultiSessionMultipleUse
org.apache.hadoop.hive.ql.exec.spark.session.TestSparkSessionManagerImpl.testSingleSessionMultipleUse
org.apache.hive.jdbc.TestSSL.testSSLVersion
&lt;/pre&gt;
&lt;/div&gt;&lt;/div&gt;

&lt;p&gt;Test results: &lt;a href=&quot;http://ec2-174-129-184-35.compute-1.amazonaws.com/jenkins/job/PreCommit-HIVE-TRUNK-Build/6616/testReport&quot; class=&quot;external-link&quot; target=&quot;_blank&quot; rel=&quot;nofollow noopener&quot;&gt;http://ec2-174-129-184-35.compute-1.amazonaws.com/jenkins/job/PreCommit-HIVE-TRUNK-Build/6616/testReport&lt;/a&gt;&lt;br/&gt;
Console output: &lt;a href=&quot;http://ec2-174-129-184-35.compute-1.amazonaws.com/jenkins/job/PreCommit-HIVE-TRUNK-Build/6616/console&quot; class=&quot;external-link&quot; target=&quot;_blank&quot; rel=&quot;nofollow noopener&quot;&gt;http://ec2-174-129-184-35.compute-1.amazonaws.com/jenkins/job/PreCommit-HIVE-TRUNK-Build/6616/console&lt;/a&gt;&lt;br/&gt;
Test logs: &lt;a href=&quot;http://ec2-174-129-184-35.compute-1.amazonaws.com/logs/PreCommit-HIVE-TRUNK-Build-6616/&quot; class=&quot;external-link&quot; target=&quot;_blank&quot; rel=&quot;nofollow noopener&quot;&gt;http://ec2-174-129-184-35.compute-1.amazonaws.com/logs/PreCommit-HIVE-TRUNK-Build-6616/&lt;/a&gt;&lt;/p&gt;

&lt;p&gt;Messages:&lt;/p&gt;
&lt;div class=&quot;preformatted panel&quot; style=&quot;border-width: 1px;&quot;&gt;&lt;div class=&quot;preformattedContent panelContent&quot;&gt;
&lt;pre&gt;Executing org.apache.hive.ptest.execution.TestCheckPhase
Executing org.apache.hive.ptest.execution.PrepPhase
Executing org.apache.hive.ptest.execution.ExecutionPhase
Executing org.apache.hive.ptest.execution.ReportingPhase
Tests exited with: TestsFailedException: 8 tests failed
&lt;/pre&gt;
&lt;/div&gt;&lt;/div&gt;

&lt;p&gt;This message is automatically generated.&lt;/p&gt;

&lt;p&gt;ATTACHMENT ID: 12782125 - PreCommit-HIVE-TRUNK-Build&lt;/p&gt;</comment>
                            <comment id="15131453" author="rdblue" created="Thu, 4 Feb 2016 00:38:28 +0000"  >&lt;p&gt;&lt;a href=&quot;https://issues.apache.org/jira/secure/ViewProfile.jspa?name=spena&quot; class=&quot;user-hover&quot; rel=&quot;spena&quot;&gt;spena&lt;/a&gt;, the q tests from the last patch look great and make me confident that the create table and property behavior are correct. I still think that the time zone conversion isn&apos;t implementing what it should (see below). I also found a couple of minor things:&lt;/p&gt;

&lt;ol&gt;
	&lt;li&gt;Minor: The CTAS test says the zone property on the resulting table should be PST, but is is (and should be) UTC. I think the comment is wrong and the behavior is correct.&lt;/li&gt;
	&lt;li&gt;It would be nice to validate that the table property always overrides the global option&lt;/li&gt;
	&lt;li&gt;Is there a test that files are created with the table property in key/value metadata? I think that the copy from one table to another with a different property set wouldn&apos;t work otherwise, but I want to make sure.&lt;/li&gt;
	&lt;li&gt;What is the Hive 2.0 test doing? It looks like it is validating that setting the table property to UTC converts values back to local time? Or was the file written with UTC? (If so, we should have one written in another zone.)&lt;/li&gt;
&lt;/ol&gt;


&lt;p&gt;The Hive 2.0 test I think demonstrates that the time zone conversion isn&apos;t correct. It is correct for the with and without conversion cases. But, it isn&apos;t a correct implementation for the meaning of the table property&apos;s time zone. In the Hive 2.0 test, it is set to UTC, but the value is read in local (if I&apos;m reading this correctly).&lt;/p&gt;

&lt;p&gt;Here&apos;s the problem: the back-end converts julian/nanos to year/month/day/hour values, then sets those on a calendar. It then uses the backing time in milliseconds to create a Timestamp. That timestamp is in &lt;em&gt;local&lt;/em&gt; time because of &lt;a href=&quot;https://issues.apache.org/jira/browse/HIVE-12192&quot; title=&quot;Hive should carry out timestamp computations in UTC&quot; class=&quot;issue-link&quot; data-issue-key=&quot;HIVE-12192&quot;&gt;&lt;del&gt;HIVE-12192&lt;/del&gt;&lt;/a&gt;, so to have the time &lt;em&gt;not&lt;/em&gt; adjusted, the calendar needs to also use the local zone. So using the local zone ends up not adjusting the value.&lt;/p&gt;

&lt;p&gt;The problem is that the current patch uses this implementation to adjust values to the table property zone. That doesn&apos;t work because the &quot;no offset&quot; zone for the table property is UTC, not the local zone. I&apos;m attaching a file that demonstrates the problem. It uses &lt;a href=&quot;https://github.com/apache/spark/blob/master/sql/catalyst/src/main/scala/org/apache/spark/sql/catalyst/util/DateTimeUtils.scala#L180&quot; class=&quot;external-link&quot; target=&quot;_blank&quot; rel=&quot;nofollow noopener&quot;&gt;Spark&apos;s implementation of fromJulianDay&lt;/a&gt; to demonstrate what I&apos;m talking about. I chose a date/time at random and tested out the two implementations.&lt;/p&gt;

&lt;p&gt;Tests that show &lt;em&gt;correct&lt;/em&gt; behavior:&lt;/p&gt;
&lt;ul&gt;
	&lt;li&gt;&lt;tt&gt;testKnownTimestampWithoutConversion&lt;/tt&gt; shows that when UTC is used, the fromJulianDay value is the same as the &quot;skip conversion&quot; value returned by NanoTimeUtils.&lt;/li&gt;
	&lt;li&gt;&lt;tt&gt;testKnownTimestampWithConversion&lt;/tt&gt; shows that when the local zone is used (for me, PST), the fromJulianDay value is the same as the &quot;do not skip conversion&quot; value returned by NanoTimeUtils.&lt;/li&gt;
&lt;/ul&gt;


&lt;p&gt;Tests that show &lt;em&gt;incorrect&lt;/em&gt; behavior:&lt;/p&gt;
&lt;ul&gt;
	&lt;li&gt;&lt;tt&gt;testKnownWithZoneArgumentUTC&lt;/tt&gt; shows that passing a UTC calendar to NanoTimeUtils does not match the fromJulianDay/UTC value that matched the &quot;skip conversion&quot; in tests above. This doesn&apos;t pass, but should.&lt;/li&gt;
	&lt;li&gt;&lt;tt&gt;testKnownWithWrongZone&lt;/tt&gt; shows that passing a PST calendar to NanoTimeUtils matches the fromJulianDay/UTC value that corresponds to &quot;skip conversion&quot;. This shouldn&apos;t pass, but does.&lt;/li&gt;
&lt;/ul&gt;


&lt;p&gt;I&apos;m attaching my test to this and can help if you have any questions about it.&lt;/p&gt;</comment>
                            <comment id="15850285" author="hiveqa" created="Thu, 2 Feb 2017 18:33:05 +0000"  >

&lt;p&gt;Here are the results of testing the latest attachment:&lt;br/&gt;
&lt;a href=&quot;https://issues.apache.org/jira/secure/attachment/12786152/TestNanoTimeUtils.java&quot; class=&quot;external-link&quot; rel=&quot;nofollow&quot;&gt;https://issues.apache.org/jira/secure/attachment/12786152/TestNanoTimeUtils.java&lt;/a&gt;&lt;/p&gt;

&lt;p&gt;&lt;font color=&quot;red&quot;&gt;ERROR:&lt;/font&gt; -1 due to build exiting with an error&lt;/p&gt;

&lt;p&gt;Test results: &lt;a href=&quot;https://builds.apache.org/job/PreCommit-HIVE-Build/3331/testReport&quot; class=&quot;external-link&quot; target=&quot;_blank&quot; rel=&quot;nofollow noopener&quot;&gt;https://builds.apache.org/job/PreCommit-HIVE-Build/3331/testReport&lt;/a&gt;&lt;br/&gt;
Console output: &lt;a href=&quot;https://builds.apache.org/job/PreCommit-HIVE-Build/3331/console&quot; class=&quot;external-link&quot; target=&quot;_blank&quot; rel=&quot;nofollow noopener&quot;&gt;https://builds.apache.org/job/PreCommit-HIVE-Build/3331/console&lt;/a&gt;&lt;br/&gt;
Test logs: &lt;a href=&quot;http://104.198.109.242/logs/PreCommit-HIVE-Build-3331/&quot; class=&quot;external-link&quot; target=&quot;_blank&quot; rel=&quot;nofollow noopener&quot;&gt;http://104.198.109.242/logs/PreCommit-HIVE-Build-3331/&lt;/a&gt;&lt;/p&gt;

&lt;p&gt;Messages:&lt;/p&gt;
&lt;div class=&quot;preformatted panel&quot; style=&quot;border-width: 1px;&quot;&gt;&lt;div class=&quot;preformattedContent panelContent&quot;&gt;
&lt;pre&gt;Executing org.apache.hive.ptest.execution.TestCheckPhase
Executing org.apache.hive.ptest.execution.PrepPhase
Tests exited with: NonZeroExitCodeException
Command &apos;bash /data/hiveptest/working/scratch/source-prep.sh&apos; failed with exit status 1 and output &apos;+ date &apos;+%Y-%m-%d %T.%3N&apos;
2017-02-02 18:33:04.296
+ [[ -n /usr/lib/jvm/java-8-openjdk-amd64 ]]
+ export JAVA_HOME=/usr/lib/jvm/java-8-openjdk-amd64
+ JAVA_HOME=/usr/lib/jvm/java-8-openjdk-amd64
+ export PATH=/usr/lib/jvm/java-8-openjdk-amd64/bin/:/usr/local/bin:/usr/bin:/bin:/usr/local/games:/usr/games
+ PATH=/usr/lib/jvm/java-8-openjdk-amd64/bin/:/usr/local/bin:/usr/bin:/bin:/usr/local/games:/usr/games
+ export &apos;ANT_OPTS=-Xmx1g -XX:MaxPermSize=256m &apos;
+ ANT_OPTS=&apos;-Xmx1g -XX:MaxPermSize=256m &apos;
+ export &apos;MAVEN_OPTS=-Xmx1g &apos;
+ MAVEN_OPTS=&apos;-Xmx1g &apos;
+ cd /data/hiveptest/working/
+ tee /data/hiveptest/logs/PreCommit-HIVE-Build-3331/source-prep.txt
+ [[ false == \t\r\u\e ]]
+ mkdir -p maven ivy
+ [[ git = \s\v\n ]]
+ [[ git = \g\i\t ]]
+ [[ -z master ]]
+ [[ -d apache-github-source-source ]]
+ [[ ! -d apache-github-source-source/.git ]]
+ [[ ! -d apache-github-source-source ]]
+ date &apos;+%Y-%m-%d %T.%3N&apos;
2017-02-02 18:33:04.300
+ cd apache-github-source-source
+ git fetch origin
+ git reset --hard HEAD
HEAD is now at 7cca097 HIVE-14420: Fix orc_llap_counters.q test failure in master (Prasanth Jayachandran reviewed by Siddharth Seth)
+ git clean -f -d
Removing ql/src/test/queries/clientpositive/parquet_ppd_multifiles.q
Removing ql/src/test/results/clientpositive/parquet_ppd_multifiles.q.out
+ git checkout master
Already on &apos;master&apos;
Your branch is up-to-date with &apos;origin/master&apos;.
+ git reset --hard origin/master
HEAD is now at 7cca097 HIVE-14420: Fix orc_llap_counters.q test failure in master (Prasanth Jayachandran reviewed by Siddharth Seth)
+ git merge --ff-only origin/master
Already up-to-date.
+ date &apos;+%Y-%m-%d %T.%3N&apos;
2017-02-02 18:33:05.296
+ patchCommandPath=/data/hiveptest/working/scratch/smart-apply-patch.sh
+ patchFilePath=/data/hiveptest/working/scratch/build.patch
+ [[ -f /data/hiveptest/working/scratch/build.patch ]]
+ chmod +x /data/hiveptest/working/scratch/smart-apply-patch.sh
+ /data/hiveptest/working/scratch/smart-apply-patch.sh /data/hiveptest/working/scratch/build.patch
patch: **** Only garbage was found in the patch input.
patch: **** Only garbage was found in the patch input.
patch: **** Only garbage was found in the patch input.
fatal: unrecognized input
The patch does not appear to apply with p0, p1, or p2
+ exit 1
&apos;
&lt;/pre&gt;
&lt;/div&gt;&lt;/div&gt;

&lt;p&gt;This message is automatically generated.&lt;/p&gt;

&lt;p&gt;ATTACHMENT ID: 12786152 - PreCommit-HIVE-Build&lt;/p&gt;</comment>
                            <comment id="15854444" author="zsombor.klara" created="Mon, 6 Feb 2017 17:51:39 +0000"  >&lt;p&gt;As discussed with &lt;a href=&quot;https://issues.apache.org/jira/secure/ViewProfile.jspa?name=spena&quot; class=&quot;user-hover&quot; rel=&quot;spena&quot;&gt;spena&lt;/a&gt; I will continue working on this issue.&lt;br/&gt;
I have added &lt;a href=&quot;https://issues.apache.org/jira/secure/ViewProfile.jspa?name=rdblue&quot; class=&quot;user-hover&quot; rel=&quot;rdblue&quot;&gt;rdblue&lt;/a&gt;&apos;s unit tests for the NanoTimeUtils class and refactored the utility methods based on the comments.&lt;br/&gt;
Unit tests should be passing, but I would like to see the qtests being run by the precommit.&lt;br/&gt;
Tomorrow I will work on refactoring/optimising my current implementation.&lt;/p&gt;</comment>
                            <comment id="15854465" author="zsombor.klara" created="Mon, 6 Feb 2017 18:05:04 +0000"  >&lt;p&gt;I cannot take over or edit Sergio&apos;s review request, so I&apos;ve raised my own.&lt;/p&gt;</comment>
                            <comment id="15854565" author="hiveqa" created="Mon, 6 Feb 2017 19:12:30 +0000"  >

&lt;p&gt;Here are the results of testing the latest attachment:&lt;br/&gt;
&lt;a href=&quot;https://issues.apache.org/jira/secure/attachment/12851198/HIVE-12767.5.patch&quot; class=&quot;external-link&quot; rel=&quot;nofollow&quot;&gt;https://issues.apache.org/jira/secure/attachment/12851198/HIVE-12767.5.patch&lt;/a&gt;&lt;/p&gt;

&lt;p&gt;&lt;font color=&quot;green&quot;&gt;SUCCESS:&lt;/font&gt; +1 due to 6 test(s) being added or modified.&lt;/p&gt;

&lt;p&gt;&lt;font color=&quot;red&quot;&gt;ERROR:&lt;/font&gt; -1 due to 8 failed/errored test(s), 10224 tests executed&lt;br/&gt;
&lt;b&gt;Failed tests:&lt;/b&gt;&lt;/p&gt;
&lt;div class=&quot;preformatted panel&quot; style=&quot;border-width: 1px;&quot;&gt;&lt;div class=&quot;preformattedContent panelContent&quot;&gt;
&lt;pre&gt;TestDerbyConnector - did not produce a TEST-*.xml file (likely timed out) (batchId=235)
TestSparkCliDriver - did not produce a TEST-*.xml file (likely timed out) (batchId=100)
	[skewjoinopt15.q,auto_join18.q,list_bucket_dml_2.q,input1_limit.q,load_dyn_part3.q,union_remove_14.q,auto_sortmerge_join_14.q,auto_sortmerge_join_15.q,union10.q,bucket_map_join_tez2.q,groupby5_map_skew.q,join_reorder.q,sample1.q,bucketmapjoin8.q,union34.q]
org.apache.hadoop.hive.cli.TestCliDriver.testCliDriver[parquet_external_time] (batchId=12)
org.apache.hadoop.hive.cli.TestCliDriver.testCliDriver[parquet_int96_timestamp] (batchId=33)
org.apache.hadoop.hive.cli.TestEncryptedHDFSCliDriver.testCliDriver[encryption_join_with_different_encryption_keys] (batchId=159)
org.apache.hadoop.hive.cli.TestPerfCliDriver.testCliDriver[query14] (batchId=223)
org.apache.hadoop.hive.cli.TestPerfCliDriver.testCliDriver[query23] (batchId=223)
org.apache.hadoop.hive.llap.daemon.impl.TestTaskExecutorService.testWaitQueuePreemption (batchId=278)
&lt;/pre&gt;
&lt;/div&gt;&lt;/div&gt;

&lt;p&gt;Test results: &lt;a href=&quot;https://builds.apache.org/job/PreCommit-HIVE-Build/3396/testReport&quot; class=&quot;external-link&quot; target=&quot;_blank&quot; rel=&quot;nofollow noopener&quot;&gt;https://builds.apache.org/job/PreCommit-HIVE-Build/3396/testReport&lt;/a&gt;&lt;br/&gt;
Console output: &lt;a href=&quot;https://builds.apache.org/job/PreCommit-HIVE-Build/3396/console&quot; class=&quot;external-link&quot; target=&quot;_blank&quot; rel=&quot;nofollow noopener&quot;&gt;https://builds.apache.org/job/PreCommit-HIVE-Build/3396/console&lt;/a&gt;&lt;br/&gt;
Test logs: &lt;a href=&quot;http://104.198.109.242/logs/PreCommit-HIVE-Build-3396/&quot; class=&quot;external-link&quot; target=&quot;_blank&quot; rel=&quot;nofollow noopener&quot;&gt;http://104.198.109.242/logs/PreCommit-HIVE-Build-3396/&lt;/a&gt;&lt;/p&gt;

&lt;p&gt;Messages:&lt;/p&gt;
&lt;div class=&quot;preformatted panel&quot; style=&quot;border-width: 1px;&quot;&gt;&lt;div class=&quot;preformattedContent panelContent&quot;&gt;
&lt;pre&gt;Executing org.apache.hive.ptest.execution.TestCheckPhase
Executing org.apache.hive.ptest.execution.PrepPhase
Executing org.apache.hive.ptest.execution.ExecutionPhase
Executing org.apache.hive.ptest.execution.ReportingPhase
Tests exited with: TestsFailedException: 8 tests failed
&lt;/pre&gt;
&lt;/div&gt;&lt;/div&gt;

&lt;p&gt;This message is automatically generated.&lt;/p&gt;

&lt;p&gt;ATTACHMENT ID: 12851198 - PreCommit-HIVE-Build&lt;/p&gt;</comment>
                            <comment id="15856126" author="zsombor.klara" created="Tue, 7 Feb 2017 14:46:33 +0000"  >&lt;p&gt;Fixed a regression I caused when refactoring the NanoTimeUtils.&lt;br/&gt;
To prevent the adjustment we need to use the GMT timezone for impala written parquet files.&lt;br/&gt;
This should take care of the parquet qtest failures.&lt;/p&gt;</comment>
                            <comment id="15856234" author="hiveqa" created="Tue, 7 Feb 2017 15:50:08 +0000"  >

&lt;p&gt;Here are the results of testing the latest attachment:&lt;br/&gt;
&lt;a href=&quot;https://issues.apache.org/jira/secure/attachment/12851409/HIVE-12767.6.patch&quot; class=&quot;external-link&quot; rel=&quot;nofollow&quot;&gt;https://issues.apache.org/jira/secure/attachment/12851409/HIVE-12767.6.patch&lt;/a&gt;&lt;/p&gt;

&lt;p&gt;&lt;font color=&quot;green&quot;&gt;SUCCESS:&lt;/font&gt; +1 due to 6 test(s) being added or modified.&lt;/p&gt;

&lt;p&gt;&lt;font color=&quot;red&quot;&gt;ERROR:&lt;/font&gt; -1 due to 8 failed/errored test(s), 10142 tests executed&lt;br/&gt;
&lt;b&gt;Failed tests:&lt;/b&gt;&lt;/p&gt;
&lt;div class=&quot;preformatted panel&quot; style=&quot;border-width: 1px;&quot;&gt;&lt;div class=&quot;preformattedContent panelContent&quot;&gt;
&lt;pre&gt;TestCliDriver - did not produce a TEST-*.xml file (likely timed out) (batchId=17)
	[list_bucket_dml_1.q,ppd_join3.q,auto_join23.q,list_bucket_dml_11.q,join10.q,avro_type_evolution.q,create_struct_table.q,cbo_const.q,skewjoin_mapjoin9.q,hook_context_cs.q,subquery_unqualcolumnrefs.q,exim_22_import_exist_authsuccess.q,groupby1.q,cbo_rp_udf_udaf.q,udf_regexp_replace.q,vector_decimal_aggregate.q,authorization_grant_public_role.q,partition_wise_fileformat.q,sort_merge_join_desc_5.q,union_ppr.q,spark_combine_equivalent_work.q,stats_partial_size.q,partition_date2.q,join32.q,list_bucket_dml_14.q,input34.q,insert_values_acid_not_bucketed.q,udf_parse_url.q,schema_evol_text_nonvec_part.q,ctas_char.q]
TestCliDriver - did not produce a TEST-*.xml file (likely timed out) (batchId=18)
	[encryption_move_tbl.q,cbo_rp_udf_percentile2.q,udf_lower.q,union_remove_11.q,transform_acid.q,constprog_dp.q,join45.q,subquery_multi.q,orc_merge1.q,groupby_multi_single_reducer2.q,offset_limit_global_optimizer.q,dbtxnmgr_query4.q,multi_column_in.q,create_func1.q,create_skewed_table1.q,authorization_view_1.q,show_tables.q,orc_empty_files.q,ba_table2.q,acid_vectorization_project.q,union_remove_19.q,vector_decimal_3.q,stats3.q,update_where_no_match.q,parquet_join.q,exim_24_import_nonexist_authsuccess.q,outer_join_ppr.q,quotedid_partition.q,ansi_sql_arithmetic.q,join26.q]
TestCliDriver - did not produce a TEST-*.xml file (likely timed out) (batchId=19)
	[cp_mj_rc.q,order.q,udf_bitwise_shiftleft.q,groupby1_limit.q,insert_values_non_partitioned.q,skewjoinopt10.q,extrapolate_part_stats_date.q,udf_sin.q,vectorized_math_funcs.q,vectorization_2.q,join14.q,query_result_fileformat.q,udf3.q,cbo_union_view.q,drop_function.q,tez_union_decimal.q,exim_23_import_part_authsuccess.q,load_dyn_part10.q,nonmr_fetch.q,order_null.q,cbo_rp_views.q,lvj_mapjoin.q,insert_acid_dynamic_partition.q,skewjoinopt6.q,cbo_rp_cross_product_check_2.q,mapreduce7.q,update_two_cols.q,correlationoptimizer11.q,stats_empty_partition.q,authorization_2.q]
TestCliDriver - did not produce a TEST-*.xml file (likely timed out) (batchId=22)
	[multi_insert_mixed.q,specialChar.q,join_cond_pushdown_3.q,cast_on_constant.q,union_remove_10.q,skewjoinopt21.q,input_part0.q,vector_join_nulls.q,combine2_hadoop20.q,infer_join_preds.q,udf_hex.q,reducesink_dedup.q,insert1.q,input16.q,udf_in_file.q,vector_empty_where.q,udf_variance.q,join42.q,auto_join12.q,groupby_sort_2.q,subquery_alias.q,cte_mat_3.q,parenthesis_star_by.q,vector_decimal_round_2.q,udf_conv.q,column_names_with_leading_and_trailing_spaces.q,vectorized_mapjoin2.q,union_stats.q,nullgroup4.q,authorization_view_disable_cbo_2.q]
TestDerbyConnector - did not produce a TEST-*.xml file (likely timed out) (batchId=235)
org.apache.hadoop.hive.cli.TestCliDriver.testCliDriver[parquet_int96_timestamp] (batchId=33)
org.apache.hadoop.hive.cli.TestEncryptedHDFSCliDriver.testCliDriver[encryption_join_with_different_encryption_keys] (batchId=159)
org.apache.hadoop.hive.cli.TestPerfCliDriver.testCliDriver[query23] (batchId=223)
&lt;/pre&gt;
&lt;/div&gt;&lt;/div&gt;

&lt;p&gt;Test results: &lt;a href=&quot;https://builds.apache.org/job/PreCommit-HIVE-Build/3417/testReport&quot; class=&quot;external-link&quot; target=&quot;_blank&quot; rel=&quot;nofollow noopener&quot;&gt;https://builds.apache.org/job/PreCommit-HIVE-Build/3417/testReport&lt;/a&gt;&lt;br/&gt;
Console output: &lt;a href=&quot;https://builds.apache.org/job/PreCommit-HIVE-Build/3417/console&quot; class=&quot;external-link&quot; target=&quot;_blank&quot; rel=&quot;nofollow noopener&quot;&gt;https://builds.apache.org/job/PreCommit-HIVE-Build/3417/console&lt;/a&gt;&lt;br/&gt;
Test logs: &lt;a href=&quot;http://104.198.109.242/logs/PreCommit-HIVE-Build-3417/&quot; class=&quot;external-link&quot; target=&quot;_blank&quot; rel=&quot;nofollow noopener&quot;&gt;http://104.198.109.242/logs/PreCommit-HIVE-Build-3417/&lt;/a&gt;&lt;/p&gt;

&lt;p&gt;Messages:&lt;/p&gt;
&lt;div class=&quot;preformatted panel&quot; style=&quot;border-width: 1px;&quot;&gt;&lt;div class=&quot;preformattedContent panelContent&quot;&gt;
&lt;pre&gt;Executing org.apache.hive.ptest.execution.TestCheckPhase
Executing org.apache.hive.ptest.execution.PrepPhase
Executing org.apache.hive.ptest.execution.ExecutionPhase
Executing org.apache.hive.ptest.execution.ReportingPhase
Tests exited with: TestsFailedException: 8 tests failed
&lt;/pre&gt;
&lt;/div&gt;&lt;/div&gt;

&lt;p&gt;This message is automatically generated.&lt;/p&gt;

&lt;p&gt;ATTACHMENT ID: 12851409 - PreCommit-HIVE-Build&lt;/p&gt;</comment>
                            <comment id="15858137" author="zsombor.klara" created="Wed, 8 Feb 2017 15:44:57 +0000"  >&lt;p&gt;Instead of logging a warning throw an exception if an unexpected timezone value is found. (To prevent incorrect data from being written into the table in case of a typo made by the user.)&lt;/p&gt;</comment>
                            <comment id="15858175" author="hiveqa" created="Wed, 8 Feb 2017 16:13:14 +0000"  >

&lt;p&gt;Here are the results of testing the latest attachment:&lt;br/&gt;
&lt;a href=&quot;https://issues.apache.org/jira/secure/attachment/12851654/HIVE-12767.7.patch&quot; class=&quot;external-link&quot; rel=&quot;nofollow&quot;&gt;https://issues.apache.org/jira/secure/attachment/12851654/HIVE-12767.7.patch&lt;/a&gt;&lt;/p&gt;

&lt;p&gt;&lt;font color=&quot;red&quot;&gt;ERROR:&lt;/font&gt; -1 due to build exiting with an error&lt;/p&gt;

&lt;p&gt;Test results: &lt;a href=&quot;https://builds.apache.org/job/PreCommit-HIVE-Build/3442/testReport&quot; class=&quot;external-link&quot; target=&quot;_blank&quot; rel=&quot;nofollow noopener&quot;&gt;https://builds.apache.org/job/PreCommit-HIVE-Build/3442/testReport&lt;/a&gt;&lt;br/&gt;
Console output: &lt;a href=&quot;https://builds.apache.org/job/PreCommit-HIVE-Build/3442/console&quot; class=&quot;external-link&quot; target=&quot;_blank&quot; rel=&quot;nofollow noopener&quot;&gt;https://builds.apache.org/job/PreCommit-HIVE-Build/3442/console&lt;/a&gt;&lt;br/&gt;
Test logs: &lt;a href=&quot;http://104.198.109.242/logs/PreCommit-HIVE-Build-3442/&quot; class=&quot;external-link&quot; target=&quot;_blank&quot; rel=&quot;nofollow noopener&quot;&gt;http://104.198.109.242/logs/PreCommit-HIVE-Build-3442/&lt;/a&gt;&lt;/p&gt;

&lt;p&gt;Messages:&lt;/p&gt;
&lt;div class=&quot;preformatted panel&quot; style=&quot;border-width: 1px;&quot;&gt;&lt;div class=&quot;preformattedContent panelContent&quot;&gt;
&lt;pre&gt;Executing org.apache.hive.ptest.execution.TestCheckPhase
Executing org.apache.hive.ptest.execution.PrepPhase
Tests exited with: NonZeroExitCodeException
Command &apos;bash /data/hiveptest/working/scratch/source-prep.sh&apos; failed with exit status 1 and output &apos;+ date &apos;+%Y-%m-%d %T.%3N&apos;
2017-02-08 16:13:13.361
+ [[ -n /usr/lib/jvm/java-8-openjdk-amd64 ]]
+ export JAVA_HOME=/usr/lib/jvm/java-8-openjdk-amd64
+ JAVA_HOME=/usr/lib/jvm/java-8-openjdk-amd64
+ export PATH=/usr/lib/jvm/java-8-openjdk-amd64/bin/:/usr/local/bin:/usr/bin:/bin:/usr/local/games:/usr/games
+ PATH=/usr/lib/jvm/java-8-openjdk-amd64/bin/:/usr/local/bin:/usr/bin:/bin:/usr/local/games:/usr/games
+ export &apos;ANT_OPTS=-Xmx1g -XX:MaxPermSize=256m &apos;
+ ANT_OPTS=&apos;-Xmx1g -XX:MaxPermSize=256m &apos;
+ export &apos;MAVEN_OPTS=-Xmx1g &apos;
+ MAVEN_OPTS=&apos;-Xmx1g &apos;
+ cd /data/hiveptest/working/
+ tee /data/hiveptest/logs/PreCommit-HIVE-Build-3442/source-prep.txt
+ [[ false == \t\r\u\e ]]
+ mkdir -p maven ivy
+ [[ git = \s\v\n ]]
+ [[ git = \g\i\t ]]
+ [[ -z master ]]
+ [[ -d apache-github-source-source ]]
+ [[ ! -d apache-github-source-source/.git ]]
+ [[ ! -d apache-github-source-source ]]
+ date &apos;+%Y-%m-%d %T.%3N&apos;
2017-02-08 16:13:13.364
+ cd apache-github-source-source
+ git fetch origin
+ git reset --hard HEAD
HEAD is now at 8a06b9e HIVE-15626: beeline should not exit after canceling the query on ctrl-c (Vihang Karajgaonkar via Chaoyu Tang)
+ git clean -f -d
Removing ql/src/java/org/apache/hadoop/hive/ql/exec/spark/RepartitionShuffler.java
+ git checkout master
Already on &apos;master&apos;
Your branch is up-to-date with &apos;origin/master&apos;.
+ git reset --hard origin/master
HEAD is now at 8a06b9e HIVE-15626: beeline should not exit after canceling the query on ctrl-c (Vihang Karajgaonkar via Chaoyu Tang)
+ git merge --ff-only origin/master
Already up-to-date.
+ date &apos;+%Y-%m-%d %T.%3N&apos;
2017-02-08 16:13:14.446
+ patchCommandPath=/data/hiveptest/working/scratch/smart-apply-patch.sh
+ patchFilePath=/data/hiveptest/working/scratch/build.patch
+ [[ -f /data/hiveptest/working/scratch/build.patch ]]
+ chmod +x /data/hiveptest/working/scratch/smart-apply-patch.sh
+ /data/hiveptest/working/scratch/smart-apply-patch.sh /data/hiveptest/working/scratch/build.patch
fatal: git diff header lacks filename information when removing 0 leading pathname components (line 20)
The patch does not appear to apply with p0, p1, or p2
+ exit 1
&apos;
&lt;/pre&gt;
&lt;/div&gt;&lt;/div&gt;

&lt;p&gt;This message is automatically generated.&lt;/p&gt;

&lt;p&gt;ATTACHMENT ID: 12851654 - PreCommit-HIVE-Build&lt;/p&gt;</comment>
                            <comment id="15860144" author="hiveqa" created="Thu, 9 Feb 2017 20:31:58 +0000"  >

&lt;p&gt;Here are the results of testing the latest attachment:&lt;br/&gt;
&lt;a href=&quot;https://issues.apache.org/jira/secure/attachment/12851905/HIVE-12767.8.patch&quot; class=&quot;external-link&quot; rel=&quot;nofollow&quot;&gt;https://issues.apache.org/jira/secure/attachment/12851905/HIVE-12767.8.patch&lt;/a&gt;&lt;/p&gt;

&lt;p&gt;&lt;font color=&quot;red&quot;&gt;ERROR:&lt;/font&gt; -1 due to build exiting with an error&lt;/p&gt;

&lt;p&gt;Test results: &lt;a href=&quot;https://builds.apache.org/job/PreCommit-HIVE-Build/3471/testReport&quot; class=&quot;external-link&quot; target=&quot;_blank&quot; rel=&quot;nofollow noopener&quot;&gt;https://builds.apache.org/job/PreCommit-HIVE-Build/3471/testReport&lt;/a&gt;&lt;br/&gt;
Console output: &lt;a href=&quot;https://builds.apache.org/job/PreCommit-HIVE-Build/3471/console&quot; class=&quot;external-link&quot; target=&quot;_blank&quot; rel=&quot;nofollow noopener&quot;&gt;https://builds.apache.org/job/PreCommit-HIVE-Build/3471/console&lt;/a&gt;&lt;br/&gt;
Test logs: &lt;a href=&quot;http://104.198.109.242/logs/PreCommit-HIVE-Build-3471/&quot; class=&quot;external-link&quot; target=&quot;_blank&quot; rel=&quot;nofollow noopener&quot;&gt;http://104.198.109.242/logs/PreCommit-HIVE-Build-3471/&lt;/a&gt;&lt;/p&gt;

&lt;p&gt;Messages:&lt;/p&gt;
&lt;div class=&quot;preformatted panel&quot; style=&quot;border-width: 1px;&quot;&gt;&lt;div class=&quot;preformattedContent panelContent&quot;&gt;
&lt;pre&gt;Executing org.apache.hive.ptest.execution.TestCheckPhase
Executing org.apache.hive.ptest.execution.PrepPhase
Tests exited with: NonZeroExitCodeException
Command &apos;bash /data/hiveptest/working/scratch/source-prep.sh&apos; failed with exit status 1 and output &apos;+ date &apos;+%Y-%m-%d %T.%3N&apos;
2017-02-09 20:31:57.050
+ [[ -n /usr/lib/jvm/java-8-openjdk-amd64 ]]
+ export JAVA_HOME=/usr/lib/jvm/java-8-openjdk-amd64
+ JAVA_HOME=/usr/lib/jvm/java-8-openjdk-amd64
+ export PATH=/usr/lib/jvm/java-8-openjdk-amd64/bin/:/usr/local/bin:/usr/bin:/bin:/usr/local/games:/usr/games
+ PATH=/usr/lib/jvm/java-8-openjdk-amd64/bin/:/usr/local/bin:/usr/bin:/bin:/usr/local/games:/usr/games
+ export &apos;ANT_OPTS=-Xmx1g -XX:MaxPermSize=256m &apos;
+ ANT_OPTS=&apos;-Xmx1g -XX:MaxPermSize=256m &apos;
+ export &apos;MAVEN_OPTS=-Xmx1g &apos;
+ MAVEN_OPTS=&apos;-Xmx1g &apos;
+ cd /data/hiveptest/working/
+ tee /data/hiveptest/logs/PreCommit-HIVE-Build-3471/source-prep.txt
+ [[ false == \t\r\u\e ]]
+ mkdir -p maven ivy
+ [[ git = \s\v\n ]]
+ [[ git = \g\i\t ]]
+ [[ -z master ]]
+ [[ -d apache-github-source-source ]]
+ [[ ! -d apache-github-source-source/.git ]]
+ [[ ! -d apache-github-source-source ]]
+ date &apos;+%Y-%m-%d %T.%3N&apos;
2017-02-09 20:31:57.053
+ cd apache-github-source-source
+ git fetch origin
+ git reset --hard HEAD
HEAD is now at 36ff484 HIVE-15851 CompactorMR.launchCompactionJob() should use JobClient.submitJob() not runJob (Eugene Koifman, reviewed by Wei Zheng)
+ git clean -f -d
+ git checkout master
Already on &apos;master&apos;
Your branch is up-to-date with &apos;origin/master&apos;.
+ git reset --hard origin/master
HEAD is now at 36ff484 HIVE-15851 CompactorMR.launchCompactionJob() should use JobClient.submitJob() not runJob (Eugene Koifman, reviewed by Wei Zheng)
+ git merge --ff-only origin/master
Already up-to-date.
+ date &apos;+%Y-%m-%d %T.%3N&apos;
2017-02-09 20:31:58.075
+ patchCommandPath=/data/hiveptest/working/scratch/smart-apply-patch.sh
+ patchFilePath=/data/hiveptest/working/scratch/build.patch
+ [[ -f /data/hiveptest/working/scratch/build.patch ]]
+ chmod +x /data/hiveptest/working/scratch/smart-apply-patch.sh
+ /data/hiveptest/working/scratch/smart-apply-patch.sh /data/hiveptest/working/scratch/build.patch
error: patch failed: ql/src/java/org/apache/hadoop/hive/ql/io/parquet/vector/VectorizedParquetRecordReader.java:127
error: ql/src/java/org/apache/hadoop/hive/ql/io/parquet/vector/VectorizedParquetRecordReader.java: patch does not apply
The patch does not appear to apply with p0, p1, or p2
+ exit 1
&apos;
&lt;/pre&gt;
&lt;/div&gt;&lt;/div&gt;

&lt;p&gt;This message is automatically generated.&lt;/p&gt;

&lt;p&gt;ATTACHMENT ID: 12851905 - PreCommit-HIVE-Build&lt;/p&gt;</comment>
                            <comment id="15861261" author="zsombor.klara" created="Fri, 10 Feb 2017 13:30:51 +0000"  >&lt;p&gt;Rebased from master because the patch did not apply anymore.&lt;/p&gt;</comment>
                            <comment id="15861350" author="hiveqa" created="Fri, 10 Feb 2017 14:41:18 +0000"  >

&lt;p&gt;Here are the results of testing the latest attachment:&lt;br/&gt;
&lt;a href=&quot;https://issues.apache.org/jira/secure/attachment/12852050/HIVE-12767.8.patch&quot; class=&quot;external-link&quot; rel=&quot;nofollow&quot;&gt;https://issues.apache.org/jira/secure/attachment/12852050/HIVE-12767.8.patch&lt;/a&gt;&lt;/p&gt;

&lt;p&gt;&lt;font color=&quot;green&quot;&gt;SUCCESS:&lt;/font&gt; +1 due to 8 test(s) being added or modified.&lt;/p&gt;

&lt;p&gt;&lt;font color=&quot;red&quot;&gt;ERROR:&lt;/font&gt; -1 due to 3 failed/errored test(s), 10258 tests executed&lt;br/&gt;
&lt;b&gt;Failed tests:&lt;/b&gt;&lt;/p&gt;
&lt;div class=&quot;preformatted panel&quot; style=&quot;border-width: 1px;&quot;&gt;&lt;div class=&quot;preformattedContent panelContent&quot;&gt;
&lt;pre&gt;TestDerbyConnector - did not produce a TEST-*.xml file (likely timed out) (batchId=235)
org.apache.hadoop.hive.cli.TestEncryptedHDFSCliDriver.testCliDriver[encryption_join_with_different_encryption_keys] (batchId=159)
org.apache.hadoop.hive.cli.TestPerfCliDriver.testCliDriver[query14] (batchId=223)
&lt;/pre&gt;
&lt;/div&gt;&lt;/div&gt;

&lt;p&gt;Test results: &lt;a href=&quot;https://builds.apache.org/job/PreCommit-HIVE-Build/3490/testReport&quot; class=&quot;external-link&quot; target=&quot;_blank&quot; rel=&quot;nofollow noopener&quot;&gt;https://builds.apache.org/job/PreCommit-HIVE-Build/3490/testReport&lt;/a&gt;&lt;br/&gt;
Console output: &lt;a href=&quot;https://builds.apache.org/job/PreCommit-HIVE-Build/3490/console&quot; class=&quot;external-link&quot; target=&quot;_blank&quot; rel=&quot;nofollow noopener&quot;&gt;https://builds.apache.org/job/PreCommit-HIVE-Build/3490/console&lt;/a&gt;&lt;br/&gt;
Test logs: &lt;a href=&quot;http://104.198.109.242/logs/PreCommit-HIVE-Build-3490/&quot; class=&quot;external-link&quot; target=&quot;_blank&quot; rel=&quot;nofollow noopener&quot;&gt;http://104.198.109.242/logs/PreCommit-HIVE-Build-3490/&lt;/a&gt;&lt;/p&gt;

&lt;p&gt;Messages:&lt;/p&gt;
&lt;div class=&quot;preformatted panel&quot; style=&quot;border-width: 1px;&quot;&gt;&lt;div class=&quot;preformattedContent panelContent&quot;&gt;
&lt;pre&gt;Executing org.apache.hive.ptest.execution.TestCheckPhase
Executing org.apache.hive.ptest.execution.PrepPhase
Executing org.apache.hive.ptest.execution.ExecutionPhase
Executing org.apache.hive.ptest.execution.ReportingPhase
Tests exited with: TestsFailedException: 3 tests failed
&lt;/pre&gt;
&lt;/div&gt;&lt;/div&gt;

&lt;p&gt;This message is automatically generated.&lt;/p&gt;

&lt;p&gt;ATTACHMENT ID: 12852050 - PreCommit-HIVE-Build&lt;/p&gt;</comment>
                            <comment id="15861366" author="zsombor.klara" created="Fri, 10 Feb 2017 14:53:52 +0000"  >&lt;p&gt;query14 and encryption_join_with_different_encryption_keys are know flaky tests (&lt;a href=&quot;https://issues.apache.org/jira/browse/HIVE-15744&quot; title=&quot;Flaky test: TestPerfCliDriver.query23, query14&quot; class=&quot;issue-link&quot; data-issue-key=&quot;HIVE-15744&quot;&gt;&lt;del&gt;HIVE-15744&lt;/del&gt;&lt;/a&gt;, &lt;a href=&quot;https://issues.apache.org/jira/browse/HIVE-15696&quot; title=&quot;TestEncryptedHDFSCliDriver encryption_join_with_different_encryption_keys.q is failing on master&quot; class=&quot;issue-link&quot; data-issue-key=&quot;HIVE-15696&quot;&gt;&lt;del&gt;HIVE-15696&lt;/del&gt;&lt;/a&gt;)&lt;/p&gt;</comment>
                            <comment id="15863618" author="zsombor.klara" created="Mon, 13 Feb 2017 12:56:47 +0000"  >&lt;p&gt;Updated based on reviewboard comments.&lt;/p&gt;</comment>
                            <comment id="15863711" author="zsombor.klara" created="Mon, 13 Feb 2017 13:57:11 +0000"  >&lt;p&gt;Renamed ParquetTableUtils.PARQUET_INT96_DEFAULT_WRITE_ZONE constant to make the its purpose clearer.&lt;/p&gt;</comment>
                            <comment id="15863723" author="hiveqa" created="Mon, 13 Feb 2017 14:07:15 +0000"  >

&lt;p&gt;Here are the results of testing the latest attachment:&lt;br/&gt;
&lt;a href=&quot;https://issues.apache.org/jira/secure/attachment/12852347/HIVE-12767.9.patch&quot; class=&quot;external-link&quot; rel=&quot;nofollow&quot;&gt;https://issues.apache.org/jira/secure/attachment/12852347/HIVE-12767.9.patch&lt;/a&gt;&lt;/p&gt;

&lt;p&gt;&lt;font color=&quot;green&quot;&gt;SUCCESS:&lt;/font&gt; +1 due to 8 test(s) being added or modified.&lt;/p&gt;

&lt;p&gt;&lt;font color=&quot;red&quot;&gt;ERROR:&lt;/font&gt; -1 due to 5 failed/errored test(s), 10250 tests executed&lt;br/&gt;
&lt;b&gt;Failed tests:&lt;/b&gt;&lt;/p&gt;
&lt;div class=&quot;preformatted panel&quot; style=&quot;border-width: 1px;&quot;&gt;&lt;div class=&quot;preformattedContent panelContent&quot;&gt;
&lt;pre&gt;TestDerbyConnector - did not produce a TEST-*.xml file (likely timed out) (batchId=235)
org.apache.hadoop.hive.cli.TestEncryptedHDFSCliDriver.testCliDriver[encryption_join_with_different_encryption_keys] (batchId=159)
org.apache.hadoop.hive.cli.TestMiniLlapLocalCliDriver.testCliDriver[vector_if_expr] (batchId=140)
org.apache.hadoop.hive.cli.TestPerfCliDriver.testCliDriver[query14] (batchId=223)
org.apache.hadoop.hive.cli.TestPerfCliDriver.testCliDriver[query23] (batchId=223)
&lt;/pre&gt;
&lt;/div&gt;&lt;/div&gt;

&lt;p&gt;Test results: &lt;a href=&quot;https://builds.apache.org/job/PreCommit-HIVE-Build/3517/testReport&quot; class=&quot;external-link&quot; target=&quot;_blank&quot; rel=&quot;nofollow noopener&quot;&gt;https://builds.apache.org/job/PreCommit-HIVE-Build/3517/testReport&lt;/a&gt;&lt;br/&gt;
Console output: &lt;a href=&quot;https://builds.apache.org/job/PreCommit-HIVE-Build/3517/console&quot; class=&quot;external-link&quot; target=&quot;_blank&quot; rel=&quot;nofollow noopener&quot;&gt;https://builds.apache.org/job/PreCommit-HIVE-Build/3517/console&lt;/a&gt;&lt;br/&gt;
Test logs: &lt;a href=&quot;http://104.198.109.242/logs/PreCommit-HIVE-Build-3517/&quot; class=&quot;external-link&quot; target=&quot;_blank&quot; rel=&quot;nofollow noopener&quot;&gt;http://104.198.109.242/logs/PreCommit-HIVE-Build-3517/&lt;/a&gt;&lt;/p&gt;

&lt;p&gt;Messages:&lt;/p&gt;
&lt;div class=&quot;preformatted panel&quot; style=&quot;border-width: 1px;&quot;&gt;&lt;div class=&quot;preformattedContent panelContent&quot;&gt;
&lt;pre&gt;Executing org.apache.hive.ptest.execution.TestCheckPhase
Executing org.apache.hive.ptest.execution.PrepPhase
Executing org.apache.hive.ptest.execution.ExecutionPhase
Executing org.apache.hive.ptest.execution.ReportingPhase
Tests exited with: TestsFailedException: 5 tests failed
&lt;/pre&gt;
&lt;/div&gt;&lt;/div&gt;

&lt;p&gt;This message is automatically generated.&lt;/p&gt;

&lt;p&gt;ATTACHMENT ID: 12852347 - PreCommit-HIVE-Build&lt;/p&gt;</comment>
                            <comment id="15863788" author="hiveqa" created="Mon, 13 Feb 2017 14:56:53 +0000"  >

&lt;p&gt;Here are the results of testing the latest attachment:&lt;br/&gt;
&lt;a href=&quot;https://issues.apache.org/jira/secure/attachment/12852362/HIVE-12767.10.patch&quot; class=&quot;external-link&quot; rel=&quot;nofollow&quot;&gt;https://issues.apache.org/jira/secure/attachment/12852362/HIVE-12767.10.patch&lt;/a&gt;&lt;/p&gt;

&lt;p&gt;&lt;font color=&quot;green&quot;&gt;SUCCESS:&lt;/font&gt; +1 due to 8 test(s) being added or modified.&lt;/p&gt;

&lt;p&gt;&lt;font color=&quot;red&quot;&gt;ERROR:&lt;/font&gt; -1 due to 4 failed/errored test(s), 10250 tests executed&lt;br/&gt;
&lt;b&gt;Failed tests:&lt;/b&gt;&lt;/p&gt;
&lt;div class=&quot;preformatted panel&quot; style=&quot;border-width: 1px;&quot;&gt;&lt;div class=&quot;preformattedContent panelContent&quot;&gt;
&lt;pre&gt;TestDerbyConnector - did not produce a TEST-*.xml file (likely timed out) (batchId=235)
org.apache.hadoop.hive.cli.TestEncryptedHDFSCliDriver.testCliDriver[encryption_join_with_different_encryption_keys] (batchId=159)
org.apache.hadoop.hive.cli.TestPerfCliDriver.testCliDriver[query14] (batchId=223)
org.apache.hadoop.hive.cli.TestPerfCliDriver.testCliDriver[query23] (batchId=223)
&lt;/pre&gt;
&lt;/div&gt;&lt;/div&gt;

&lt;p&gt;Test results: &lt;a href=&quot;https://builds.apache.org/job/PreCommit-HIVE-Build/3518/testReport&quot; class=&quot;external-link&quot; target=&quot;_blank&quot; rel=&quot;nofollow noopener&quot;&gt;https://builds.apache.org/job/PreCommit-HIVE-Build/3518/testReport&lt;/a&gt;&lt;br/&gt;
Console output: &lt;a href=&quot;https://builds.apache.org/job/PreCommit-HIVE-Build/3518/console&quot; class=&quot;external-link&quot; target=&quot;_blank&quot; rel=&quot;nofollow noopener&quot;&gt;https://builds.apache.org/job/PreCommit-HIVE-Build/3518/console&lt;/a&gt;&lt;br/&gt;
Test logs: &lt;a href=&quot;http://104.198.109.242/logs/PreCommit-HIVE-Build-3518/&quot; class=&quot;external-link&quot; target=&quot;_blank&quot; rel=&quot;nofollow noopener&quot;&gt;http://104.198.109.242/logs/PreCommit-HIVE-Build-3518/&lt;/a&gt;&lt;/p&gt;

&lt;p&gt;Messages:&lt;/p&gt;
&lt;div class=&quot;preformatted panel&quot; style=&quot;border-width: 1px;&quot;&gt;&lt;div class=&quot;preformattedContent panelContent&quot;&gt;
&lt;pre&gt;Executing org.apache.hive.ptest.execution.TestCheckPhase
Executing org.apache.hive.ptest.execution.PrepPhase
Executing org.apache.hive.ptest.execution.ExecutionPhase
Executing org.apache.hive.ptest.execution.ReportingPhase
Tests exited with: TestsFailedException: 4 tests failed
&lt;/pre&gt;
&lt;/div&gt;&lt;/div&gt;

&lt;p&gt;This message is automatically generated.&lt;/p&gt;

&lt;p&gt;ATTACHMENT ID: 12852362 - PreCommit-HIVE-Build&lt;/p&gt;</comment>
                            <comment id="15863951" author="hiveqa" created="Mon, 13 Feb 2017 16:38:54 +0000"  >

&lt;p&gt;Here are the results of testing the latest attachment:&lt;br/&gt;
&lt;a href=&quot;https://issues.apache.org/jira/secure/attachment/12852366/HIVE-12767.10.patch&quot; class=&quot;external-link&quot; rel=&quot;nofollow&quot;&gt;https://issues.apache.org/jira/secure/attachment/12852366/HIVE-12767.10.patch&lt;/a&gt;&lt;/p&gt;

&lt;p&gt;&lt;font color=&quot;green&quot;&gt;SUCCESS:&lt;/font&gt; +1 due to 8 test(s) being added or modified.&lt;/p&gt;

&lt;p&gt;&lt;font color=&quot;red&quot;&gt;ERROR:&lt;/font&gt; -1 due to 5 failed/errored test(s), 10236 tests executed&lt;br/&gt;
&lt;b&gt;Failed tests:&lt;/b&gt;&lt;/p&gt;
&lt;div class=&quot;preformatted panel&quot; style=&quot;border-width: 1px;&quot;&gt;&lt;div class=&quot;preformattedContent panelContent&quot;&gt;
&lt;pre&gt;TestDerbyConnector - did not produce a TEST-*.xml file (likely timed out) (batchId=235)
org.apache.hadoop.hive.cli.TestEncryptedHDFSCliDriver.testCliDriver[encryption_join_with_different_encryption_keys] (batchId=159)
org.apache.hadoop.hive.cli.TestPerfCliDriver.testCliDriver[query14] (batchId=223)
org.apache.hadoop.hive.cli.TestPerfCliDriver.testCliDriver[query23] (batchId=223)
org.apache.hadoop.hive.cli.TestSparkCliDriver.org.apache.hadoop.hive.cli.TestSparkCliDriver (batchId=101)
&lt;/pre&gt;
&lt;/div&gt;&lt;/div&gt;

&lt;p&gt;Test results: &lt;a href=&quot;https://builds.apache.org/job/PreCommit-HIVE-Build/3520/testReport&quot; class=&quot;external-link&quot; target=&quot;_blank&quot; rel=&quot;nofollow noopener&quot;&gt;https://builds.apache.org/job/PreCommit-HIVE-Build/3520/testReport&lt;/a&gt;&lt;br/&gt;
Console output: &lt;a href=&quot;https://builds.apache.org/job/PreCommit-HIVE-Build/3520/console&quot; class=&quot;external-link&quot; target=&quot;_blank&quot; rel=&quot;nofollow noopener&quot;&gt;https://builds.apache.org/job/PreCommit-HIVE-Build/3520/console&lt;/a&gt;&lt;br/&gt;
Test logs: &lt;a href=&quot;http://104.198.109.242/logs/PreCommit-HIVE-Build-3520/&quot; class=&quot;external-link&quot; target=&quot;_blank&quot; rel=&quot;nofollow noopener&quot;&gt;http://104.198.109.242/logs/PreCommit-HIVE-Build-3520/&lt;/a&gt;&lt;/p&gt;

&lt;p&gt;Messages:&lt;/p&gt;
&lt;div class=&quot;preformatted panel&quot; style=&quot;border-width: 1px;&quot;&gt;&lt;div class=&quot;preformattedContent panelContent&quot;&gt;
&lt;pre&gt;Executing org.apache.hive.ptest.execution.TestCheckPhase
Executing org.apache.hive.ptest.execution.PrepPhase
Executing org.apache.hive.ptest.execution.ExecutionPhase
Executing org.apache.hive.ptest.execution.ReportingPhase
Tests exited with: TestsFailedException: 5 tests failed
&lt;/pre&gt;
&lt;/div&gt;&lt;/div&gt;

&lt;p&gt;This message is automatically generated.&lt;/p&gt;

&lt;p&gt;ATTACHMENT ID: 12852366 - PreCommit-HIVE-Build&lt;/p&gt;</comment>
                            <comment id="15878798" author="spena" created="Wed, 22 Feb 2017 17:29:17 +0000"  >&lt;p&gt;Great, thanks &lt;a href=&quot;https://issues.apache.org/jira/secure/ViewProfile.jspa?name=zsombor.klara&quot; class=&quot;user-hover&quot; rel=&quot;zsombor.klara&quot;&gt;zsombor.klara&lt;/a&gt; for continuing on this work. I just left a couple of comments on the RB.&lt;/p&gt;</comment>
                            <comment id="15882826" author="zsombor.klara" created="Fri, 24 Feb 2017 14:55:29 +0000"  >&lt;p&gt;Addressed Sergio&apos;s review board comments.&lt;/p&gt;</comment>
                            <comment id="15883733" author="hiveqa" created="Fri, 24 Feb 2017 23:17:02 +0000"  >

&lt;p&gt;Here are the results of testing the latest attachment:&lt;br/&gt;
&lt;a href=&quot;https://issues.apache.org/jira/secure/attachment/12854485/HIVE-12767.11.patch&quot; class=&quot;external-link&quot; rel=&quot;nofollow&quot;&gt;https://issues.apache.org/jira/secure/attachment/12854485/HIVE-12767.11.patch&lt;/a&gt;&lt;/p&gt;

&lt;p&gt;&lt;font color=&quot;green&quot;&gt;SUCCESS:&lt;/font&gt; +1 due to 8 test(s) being added or modified.&lt;/p&gt;

&lt;p&gt;&lt;font color=&quot;red&quot;&gt;ERROR:&lt;/font&gt; -1 due to 3 failed/errored test(s), 10274 tests executed&lt;br/&gt;
&lt;b&gt;Failed tests:&lt;/b&gt;&lt;/p&gt;
&lt;div class=&quot;preformatted panel&quot; style=&quot;border-width: 1px;&quot;&gt;&lt;div class=&quot;preformattedContent panelContent&quot;&gt;
&lt;pre&gt;TestDerbyConnector - did not produce a TEST-*.xml file (likely timed out) (batchId=235)
org.apache.hadoop.hive.cli.TestPerfCliDriver.testCliDriver[query14] (batchId=223)
org.apache.hive.beeline.TestBeeLineWithArgs.testQueryProgressParallel (batchId=211)
&lt;/pre&gt;
&lt;/div&gt;&lt;/div&gt;

&lt;p&gt;Test results: &lt;a href=&quot;https://builds.apache.org/job/PreCommit-HIVE-Build/3764/testReport&quot; class=&quot;external-link&quot; target=&quot;_blank&quot; rel=&quot;nofollow noopener&quot;&gt;https://builds.apache.org/job/PreCommit-HIVE-Build/3764/testReport&lt;/a&gt;&lt;br/&gt;
Console output: &lt;a href=&quot;https://builds.apache.org/job/PreCommit-HIVE-Build/3764/console&quot; class=&quot;external-link&quot; target=&quot;_blank&quot; rel=&quot;nofollow noopener&quot;&gt;https://builds.apache.org/job/PreCommit-HIVE-Build/3764/console&lt;/a&gt;&lt;br/&gt;
Test logs: &lt;a href=&quot;http://104.198.109.242/logs/PreCommit-HIVE-Build-3764/&quot; class=&quot;external-link&quot; target=&quot;_blank&quot; rel=&quot;nofollow noopener&quot;&gt;http://104.198.109.242/logs/PreCommit-HIVE-Build-3764/&lt;/a&gt;&lt;/p&gt;

&lt;p&gt;Messages:&lt;/p&gt;
&lt;div class=&quot;preformatted panel&quot; style=&quot;border-width: 1px;&quot;&gt;&lt;div class=&quot;preformattedContent panelContent&quot;&gt;
&lt;pre&gt;Executing org.apache.hive.ptest.execution.TestCheckPhase
Executing org.apache.hive.ptest.execution.PrepPhase
Executing org.apache.hive.ptest.execution.ExecutionPhase
Executing org.apache.hive.ptest.execution.ReportingPhase
Tests exited with: TestsFailedException: 3 tests failed
&lt;/pre&gt;
&lt;/div&gt;&lt;/div&gt;

&lt;p&gt;This message is automatically generated.&lt;/p&gt;

&lt;p&gt;ATTACHMENT ID: 12854485 - PreCommit-HIVE-Build&lt;/p&gt;</comment>
                            <comment id="15886739" author="spena" created="Mon, 27 Feb 2017 23:21:16 +0000"  >&lt;p&gt;+1&lt;/p&gt;

&lt;p&gt;Thanks &lt;a href=&quot;https://issues.apache.org/jira/secure/ViewProfile.jspa?name=zsombor.klara&quot; class=&quot;user-hover&quot; rel=&quot;zsombor.klara&quot;&gt;zsombor.klara&lt;/a&gt;. I think the patch is good now. &lt;br/&gt;
Thanks for continuing the work on this patch.&lt;/p&gt;</comment>
                            <comment id="15888549" author="spena" created="Tue, 28 Feb 2017 17:50:35 +0000"  >&lt;p&gt;Thanks &lt;a href=&quot;https://issues.apache.org/jira/secure/ViewProfile.jspa?name=zsombor.klara&quot; class=&quot;user-hover&quot; rel=&quot;zsombor.klara&quot;&gt;zsombor.klara&lt;/a&gt; for the patch. I committed this to master.&lt;/p&gt;

&lt;p&gt;This new patch added new configuration variables and table properties. Could you write this info on the wiki?&lt;/p&gt;</comment>
                            <comment id="15889747" author="lefty@hortonworks.com" created="Wed, 1 Mar 2017 08:26:13 +0000"  >&lt;p&gt;Here&apos;s where the documentation belongs:&lt;/p&gt;

&lt;ul&gt;
	&lt;li&gt;&lt;a href=&quot;https://cwiki.apache.org/confluence/display/Hive/Parquet&quot; class=&quot;external-link&quot; target=&quot;_blank&quot; rel=&quot;nofollow noopener&quot;&gt;Parquet &lt;/a&gt;&lt;/li&gt;
	&lt;li&gt;&lt;a href=&quot;https://cwiki.apache.org/confluence/display/Hive/Configuration+Properties#ConfigurationProperties-Parquet&quot; class=&quot;external-link&quot; target=&quot;_blank&quot; rel=&quot;nofollow noopener&quot;&gt;Configuration Properties &amp;#8211; Parquet &lt;/a&gt; for &lt;b&gt;parquet.mr.int96.enable.utc.write.zone&lt;/b&gt;&lt;/li&gt;
	&lt;li&gt;&lt;a href=&quot;https://cwiki.apache.org/confluence/display/Hive/LanguageManual+DDL#LanguageManualDDL-listTableProperties&quot; class=&quot;external-link&quot; target=&quot;_blank&quot; rel=&quot;nofollow noopener&quot;&gt;Table Properties &lt;/a&gt;&lt;/li&gt;
&lt;/ul&gt;


&lt;p&gt;Question:  Shouldn&apos;t the config name start with &quot;hive.&quot; as in &quot;hive.parquet.mr.int96.enable.utc.write.zone&quot;?&lt;/p&gt;

&lt;p&gt;Edit (2/Mar/17):  The configuration parameter was renamed to include the &quot;hive.&quot; prefix by &lt;a href=&quot;https://issues.apache.org/jira/browse/HIVE-16088&quot; title=&quot;Fix hive conf property name introduced in HIVE-12767&quot; class=&quot;issue-link&quot; data-issue-key=&quot;HIVE-16088&quot;&gt;HIVE-16088&lt;/a&gt;.&lt;/p&gt;</comment>
                            <comment id="15889906" author="zsombor.klara" created="Wed, 1 Mar 2017 10:18:43 +0000"  >&lt;p&gt;Thanks &lt;a href=&quot;https://issues.apache.org/jira/secure/ViewProfile.jspa?name=leftylev&quot; class=&quot;user-hover&quot; rel=&quot;leftylev&quot;&gt;leftylev&lt;/a&gt; for the help, I updated the docs you mentioned.&lt;br/&gt;
As for the &quot;hive.&quot; prefix, I don&apos;t know if this is a strict convention or not. While most configuration properties start with the &quot;hive&quot; prefix, others do not, like &quot;parquet.memory.pool.ratio&quot;, and I can&apos;t see a clear rule clarifying when the prefix is needed.&lt;/p&gt;

&lt;p&gt;&lt;a href=&quot;https://issues.apache.org/jira/secure/ViewProfile.jspa?name=spena&quot; class=&quot;user-hover&quot; rel=&quot;spena&quot;&gt;spena&lt;/a&gt; should we (should I) rename it or was is meant to be like this?&lt;/p&gt;</comment>
                            <comment id="15891949" author="zsombor.klara" created="Thu, 2 Mar 2017 09:46:05 +0000"  >&lt;p&gt;I&apos;ve raised &lt;a href=&quot;https://issues.apache.org/jira/browse/HIVE-16088&quot; title=&quot;Fix hive conf property name introduced in HIVE-12767&quot; class=&quot;issue-link&quot; data-issue-key=&quot;HIVE-16088&quot;&gt;HIVE-16088&lt;/a&gt; to fix the misnamed configuration property.&lt;/p&gt;</comment>
                            <comment id="16016900" author="lefty@hortonworks.com" created="Fri, 19 May 2017 04:54:44 +0000"  >&lt;p&gt;Thanks for the docs, &lt;a href=&quot;https://issues.apache.org/jira/secure/ViewProfile.jspa?name=zsombor.klara&quot; class=&quot;user-hover&quot; rel=&quot;zsombor.klara&quot;&gt;zsombor.klara&lt;/a&gt;.  I changed the version numbers from 2.2.0 to 2.4.0 in the wiki and removed the TODOC2.2 label from this issue.&lt;/p&gt;

&lt;p&gt;Here are the doc links again:&lt;/p&gt;

&lt;ul&gt;
	&lt;li&gt;&lt;a href=&quot;https://cwiki.apache.org/confluence/display/Hive/Parquet#Parquet-Hive2.4.0&quot; class=&quot;external-link&quot; target=&quot;_blank&quot; rel=&quot;nofollow noopener&quot;&gt;Parquet &amp;#8211; Hive2.4.0 &lt;/a&gt;&lt;/li&gt;
	&lt;li&gt;&lt;a href=&quot;https://cwiki.apache.org/confluence/display/Hive/Configuration+Properties#ConfigurationProperties-hive.parquet.mr.int96.enable.utc.write.zone&quot; class=&quot;external-link&quot; target=&quot;_blank&quot; rel=&quot;nofollow noopener&quot;&gt;Configuration Properties &amp;#8211; hive.parquet.mr.int96.enable.utc.write.zone &lt;/a&gt;&lt;/li&gt;
	&lt;li&gt;&lt;a href=&quot;https://cwiki.apache.org/confluence/display/Hive/LanguageManual+DDL#LanguageManualDDL-listTableProperties&quot; class=&quot;external-link&quot; target=&quot;_blank&quot; rel=&quot;nofollow noopener&quot;&gt;DDL &amp;#8211; TBLPROPERTIES &lt;/a&gt;&lt;/li&gt;
&lt;/ul&gt;
</comment>
                            <comment id="16067340" author="spena" created="Wed, 28 Jun 2017 22:09:54 +0000"  >&lt;p&gt;This patch is reverted from branch-2 and master due to some to other ideas on how to solve this issue.&lt;/p&gt;</comment>
                            <comment id="16077227" author="lefty@hortonworks.com" created="Thu, 6 Jul 2017 21:35:30 +0000"  >&lt;p&gt;Added a TODOC2.4 label in case we need to revert the documentation (3 wikidocs listed in comment 19/May/17).  But let&apos;s wait a while and see how the issue is solved.&lt;/p&gt;</comment>
                            <comment id="16153172" author="lefty@hortonworks.com" created="Tue, 5 Sep 2017 06:54:47 +0000"  >&lt;p&gt;The documentation was reverted (thanks, &lt;a href=&quot;https://issues.apache.org/jira/secure/ViewProfile.jspa?name=zsombor.klara&quot; class=&quot;user-hover&quot; rel=&quot;zsombor.klara&quot;&gt;zsombor.klara&lt;/a&gt;) so I&apos;ll remove the TODOC2.4 label.&lt;/p&gt;</comment>
                            <comment id="16350239" author="zi" created="Fri, 2 Feb 2018 12:34:45 +0000"  >&lt;p&gt;Hive already has a workaround based on a the writer metadata. This issue was about a more sophisticated and complicated solution based on table properties. But since the Spark community decided to implement a similar workaround to the one that already exists in Hive (based on a the writer metadata), the solution using table properties is not needed any more.&lt;/p&gt;</comment>
                    </comments>
                <issuelinks>
                            <issuelinktype id="10032">
                    <name>Blocker</name>
                                            <outwardlinks description="blocks">
                                        <issuelink>
            <issuekey id="12921332">SPARK-12297</issuekey>
        </issuelink>
                            </outwardlinks>
                                                        </issuelinktype>
                            <issuelinktype id="10030">
                    <name>Reference</name>
                                                                <inwardlinks description="is related to">
                                        <issuelink>
            <issuekey id="13047627">HIVE-16088</issuekey>
        </issuelink>
                            </inwardlinks>
                                    </issuelinktype>
                            <issuelinktype id="12310050">
                    <name>Regression</name>
                                            <outwardlinks description="breaks">
                                        <issuelink>
            <issuekey id="13064558">HIVE-16465</issuekey>
        </issuelink>
                            </outwardlinks>
                                                        </issuelinktype>
                    </issuelinks>
                <attachments>
                            <attachment id="12852366" name="HIVE-12767.10.patch" size="109713" author="zsombor.klara" created="Mon, 13 Feb 2017 15:04:41 +0000"/>
                            <attachment id="12854485" name="HIVE-12767.11.patch" size="123960" author="zsombor.klara" created="Fri, 24 Feb 2017 14:55:29 +0000"/>
                            <attachment id="12780997" name="HIVE-12767.3.patch" size="82084" author="spena" created="Thu, 7 Jan 2016 16:33:26 +0000"/>
                            <attachment id="12782125" name="HIVE-12767.4.patch" size="82273" author="spena" created="Wed, 13 Jan 2016 20:35:43 +0000"/>
                            <attachment id="12851198" name="HIVE-12767.5.patch" size="99574" author="zsombor.klara" created="Mon, 6 Feb 2017 17:51:39 +0000"/>
                            <attachment id="12851409" name="HIVE-12767.6.patch" size="101773" author="zsombor.klara" created="Tue, 7 Feb 2017 14:46:33 +0000"/>
                            <attachment id="12851654" name="HIVE-12767.7.patch" size="102072" author="zsombor.klara" created="Wed, 8 Feb 2017 16:07:27 +0000"/>
                            <attachment id="12852050" name="HIVE-12767.8.patch" size="109745" author="zsombor.klara" created="Fri, 10 Feb 2017 13:30:51 +0000"/>
                            <attachment id="12852347" name="HIVE-12767.9.patch" size="109642" author="zsombor.klara" created="Mon, 13 Feb 2017 12:56:47 +0000"/>
                            <attachment id="12786152" name="TestNanoTimeUtils.java" size="6146" author="rdblue" created="Thu, 4 Feb 2016 00:39:28 +0000"/>
                    </attachments>
                <subtasks>
                    </subtasks>
                <customfields>
                                                                            <customfield id="customfield_12310310" key="com.atlassian.jira.toolkit:attachments">
                        <customfieldname>Attachment count</customfieldname>
                        <customfieldvalues>
                            <customfieldvalue>10.0</customfieldvalue>
                        </customfieldvalues>
                    </customfield>
                                                                                                                                                                                                                                                                                                                                                                                                                                                                                                                                                                                                                                                                                                        <customfield id="customfield_12314020" key="com.atlassian.jira.plugins.jira-development-integration-plugin:devsummary">
                        <customfieldname>Development</customfieldname>
                        <customfieldvalues>
                            
                        </customfieldvalues>
                    </customfield>
                                                                                                                        <customfield id="customfield_12313422" key="com.atlassian.jirafisheyeplugin:jobcheckbox">
                        <customfieldname>Enable Automatic Patch Review</customfieldname>
                        <customfieldvalues>
                            <customfieldvalue><![CDATA[false]]></customfieldvalue>

                        </customfieldvalues>
                    </customfield>
                                                                                                                                                                                                                                                                                                                                                                                                                                                                                                                                                                                                                                                <customfield id="customfield_12310420" key="com.pyxis.greenhopper.jira:gh-global-rank">
                        <customfieldname>Global Rank</customfieldname>
                        <customfieldvalues>
                            <customfieldvalue>9223372036854775807</customfieldvalue>
                        </customfieldvalues>
                    </customfield>
                                                                                                                                                                                                                                                                    <customfield id="customfield_12312521" key="com.atlassian.jira.toolkit:LastCommentDate">
                        <customfieldname>Last public comment date</customfieldname>
                        <customfieldvalues>
                            7 years, 41 weeks, 5 days ago
                        </customfieldvalues>
                    </customfield>
                                                                                                                                                                                                                                                                                                <customfield id="customfield_12311820" key="com.pyxis.greenhopper.jira:gh-lexo-rank">
                        <customfieldname>Rank</customfieldname>
                        <customfieldvalues>
                            <customfieldvalue>0|i2qf73:</customfieldvalue>

                        </customfieldvalues>
                    </customfield>
                                                                <customfield id="customfield_12310920" key="com.pyxis.greenhopper.jira:gh-global-rank">
                        <customfieldname>Rank (Obsolete)</customfieldname>
                        <customfieldvalues>
                            <customfieldvalue>9223372036854775807</customfieldvalue>
                        </customfieldvalues>
                    </customfield>
                                                                                                                                                                                                                                                                                                                                                                                                                                                                                                                                                                                                                                                                                                                                                                                                                                                                                </customfields>
    </item>
</channel>
</rss>