<!-- 
RSS generated by JIRA (8.20.10#820010-sha1:ace47f9899e9ee25d7157d59aa17ab06aee30d3d) at Wed Nov 12 18:53:18 UTC 2025

It is possible to restrict the fields that are returned in this document by specifying the 'field' parameter in your request.
For example, to request only the issue key and summary append 'field=key&field=summary' to the URL of your request.
-->
<rss version="0.92" >
<channel>
    <title>ASF Jira</title>
    <link>https://issues.apache.org/jira</link>
    <description>This file is an XML representation of an issue</description>
    <language>en-uk</language>    <build-info>
        <version>8.20.10</version>
        <build-number>820010</build-number>
        <build-date>22-06-2022</build-date>
    </build-info>


<item>
            <title>[HIVE-16402] Upgrade to Hadoop 2.8.0</title>
                <link>https://issues.apache.org/jira/browse/HIVE-16402</link>
                <project id="12310843" key="HIVE">Hive</project>
                    <description>&lt;p&gt;Hadoop 2.8.0 has been out since March, we should upgrade to it. Release notes for Hadoop 2.8.x are here: &lt;a href=&quot;http://hadoop.apache.org/docs/r2.8.0/index.html&quot; class=&quot;external-link&quot; target=&quot;_blank&quot; rel=&quot;nofollow noopener&quot;&gt;http://hadoop.apache.org/docs/r2.8.0/index.html&lt;/a&gt;&lt;/p&gt;

&lt;p&gt;It has a number of useful features, improvements for S3 support, ADLS support, etc. along with a bunch of other fixes. This should also help us on our way to upgrading to Hadoop 3.x (&lt;a href=&quot;https://issues.apache.org/jira/browse/HIVE-15016&quot; title=&quot;Run tests with Hadoop 3.0.0-beta1&quot; class=&quot;issue-link&quot; data-issue-key=&quot;HIVE-15016&quot;&gt;&lt;del&gt;HIVE-15016&lt;/del&gt;&lt;/a&gt;).&lt;/p&gt;</description>
                <environment></environment>
        <key id="13062219">HIVE-16402</key>
            <summary>Upgrade to Hadoop 2.8.0</summary>
                <type id="1" iconUrl="https://issues.apache.org/jira/secure/viewavatar?size=xsmall&amp;avatarId=21133&amp;avatarType=issuetype">Bug</type>
                                            <priority id="3" iconUrl="https://issues.apache.org/jira/images/icons/priorities/major.svg">Major</priority>
                        <status id="6" iconUrl="https://issues.apache.org/jira/images/icons/statuses/closed.png" description="The issue is considered finished, the resolution is correct. Issues which are not closed can be reopened.">Closed</status>
                    <statusCategory id="3" key="done" colorName="green"/>
                                    <resolution id="1">Fixed</resolution>
                                        <assignee username="stakiar">Sahil Takiar</assignee>
                                    <reporter username="stakiar">Sahil Takiar</reporter>
                        <labels>
                    </labels>
                <created>Thu, 6 Apr 2017 19:28:23 +0000</created>
                <updated>Tue, 25 Jul 2017 20:05:24 +0000</updated>
                            <resolved>Mon, 10 Apr 2017 01:26:26 +0000</resolved>
                                                    <fixVersion>2.2.0</fixVersion>
                    <fixVersion>3.0.0</fixVersion>
                                        <due></due>
                            <votes>0</votes>
                                    <watches>5</watches>
                                                                                                                <comments>
                            <comment id="15959591" author="stakiar" created="Thu, 6 Apr 2017 19:33:01 +0000"  >&lt;p&gt;&lt;a href=&quot;https://issues.apache.org/jira/secure/ViewProfile.jspa?name=spena&quot; class=&quot;user-hover&quot; rel=&quot;spena&quot;&gt;spena&lt;/a&gt;, &lt;a href=&quot;https://issues.apache.org/jira/secure/ViewProfile.jspa?name=ashutoshc&quot; class=&quot;user-hover&quot; rel=&quot;ashutoshc&quot;&gt;ashutoshc&lt;/a&gt; any thoughts on this?&lt;/p&gt;</comment>
                            <comment id="15959790" author="ashutoshc" created="Thu, 6 Apr 2017 21:29:16 +0000"  >&lt;p&gt;Good idea to upgrade. This will also allow us to revert &lt;a href=&quot;https://issues.apache.org/jira/browse/HIVE-15199&quot; title=&quot;INSERT INTO data on S3 is replacing the old rows with the new ones&quot; class=&quot;issue-link&quot; data-issue-key=&quot;HIVE-15199&quot;&gt;&lt;del&gt;HIVE-15199&lt;/del&gt;&lt;/a&gt; which added workaround for &lt;a href=&quot;https://issues.apache.org/jira/browse/HADOOP-13823&quot; title=&quot;s3a rename: fail if dest file exists&quot; class=&quot;issue-link&quot; data-issue-key=&quot;HADOOP-13823&quot;&gt;&lt;del&gt;HADOOP-13823&lt;/del&gt;&lt;/a&gt; which also added unnecessary complexity in Hive. Now that &lt;a href=&quot;https://issues.apache.org/jira/browse/HADOOP-13823&quot; title=&quot;s3a rename: fail if dest file exists&quot; class=&quot;issue-link&quot; data-issue-key=&quot;HADOOP-13823&quot;&gt;&lt;del&gt;HADOOP-13823&lt;/del&gt;&lt;/a&gt; is in 2.8.0 we can get rid of that workaround in Hive.&lt;/p&gt;</comment>
                            <comment id="15960510" author="hiveqa" created="Fri, 7 Apr 2017 08:58:17 +0000"  >

&lt;p&gt;Here are the results of testing the latest attachment:&lt;br/&gt;
&lt;a href=&quot;https://issues.apache.org/jira/secure/attachment/12862347/HIVE-16402.1.patch&quot; class=&quot;external-link&quot; rel=&quot;nofollow&quot;&gt;https://issues.apache.org/jira/secure/attachment/12862347/HIVE-16402.1.patch&lt;/a&gt;&lt;/p&gt;

&lt;p&gt;&lt;font color=&quot;red&quot;&gt;ERROR:&lt;/font&gt; -1 due to build exiting with an error&lt;/p&gt;

&lt;p&gt;Test results: &lt;a href=&quot;https://builds.apache.org/job/PreCommit-HIVE-Build/4601/testReport&quot; class=&quot;external-link&quot; target=&quot;_blank&quot; rel=&quot;nofollow noopener&quot;&gt;https://builds.apache.org/job/PreCommit-HIVE-Build/4601/testReport&lt;/a&gt;&lt;br/&gt;
Console output: &lt;a href=&quot;https://builds.apache.org/job/PreCommit-HIVE-Build/4601/console&quot; class=&quot;external-link&quot; target=&quot;_blank&quot; rel=&quot;nofollow noopener&quot;&gt;https://builds.apache.org/job/PreCommit-HIVE-Build/4601/console&lt;/a&gt;&lt;br/&gt;
Test logs: &lt;a href=&quot;http://104.198.109.242/logs/PreCommit-HIVE-Build-4601/&quot; class=&quot;external-link&quot; target=&quot;_blank&quot; rel=&quot;nofollow noopener&quot;&gt;http://104.198.109.242/logs/PreCommit-HIVE-Build-4601/&lt;/a&gt;&lt;/p&gt;

&lt;p&gt;Messages:&lt;/p&gt;
&lt;div class=&quot;preformatted panel&quot; style=&quot;border-width: 1px;&quot;&gt;&lt;div class=&quot;preformattedContent panelContent&quot;&gt;
&lt;pre&gt;Executing org.apache.hive.ptest.execution.TestCheckPhase
Executing org.apache.hive.ptest.execution.PrepPhase
Tests exited with: NonZeroExitCodeException
Command &apos;bash /data/hiveptest/working/scratch/source-prep.sh&apos; failed with exit status 1 and output &apos;+ date &apos;+%Y-%m-%d %T.%3N&apos;
2017-04-07 08:57:59.941
+ [[ -n /usr/lib/jvm/java-8-openjdk-amd64 ]]
+ export JAVA_HOME=/usr/lib/jvm/java-8-openjdk-amd64
+ JAVA_HOME=/usr/lib/jvm/java-8-openjdk-amd64
+ export PATH=/usr/lib/jvm/java-8-openjdk-amd64/bin/:/usr/local/bin:/usr/bin:/bin:/usr/local/games:/usr/games
+ PATH=/usr/lib/jvm/java-8-openjdk-amd64/bin/:/usr/local/bin:/usr/bin:/bin:/usr/local/games:/usr/games
+ export &apos;ANT_OPTS=-Xmx1g -XX:MaxPermSize=256m &apos;
+ ANT_OPTS=&apos;-Xmx1g -XX:MaxPermSize=256m &apos;
+ export &apos;MAVEN_OPTS=-Xmx1g &apos;
+ MAVEN_OPTS=&apos;-Xmx1g &apos;
+ cd /data/hiveptest/working/
+ tee /data/hiveptest/logs/PreCommit-HIVE-Build-4601/source-prep.txt
+ [[ false == \t\r\u\e ]]
+ mkdir -p maven ivy
+ [[ git = \s\v\n ]]
+ [[ git = \g\i\t ]]
+ [[ -z master ]]
+ [[ -d apache-github-source-source ]]
+ [[ ! -d apache-github-source-source/.git ]]
+ [[ ! -d apache-github-source-source ]]
+ date &apos;+%Y-%m-%d %T.%3N&apos;
2017-04-07 08:57:59.944
+ cd apache-github-source-source
+ git fetch origin
+ git reset --hard HEAD
HEAD is now at a01a6a3 HIVE-15616 : Improve contents of qfile test output
+ git clean -f -d
+ git checkout master
Already on &apos;master&apos;
Your branch is up-to-date with &apos;origin/master&apos;.
+ git reset --hard origin/master
HEAD is now at a01a6a3 HIVE-15616 : Improve contents of qfile test output
+ git merge --ff-only origin/master
Already up-to-date.
+ date &apos;+%Y-%m-%d %T.%3N&apos;
2017-04-07 08:58:01.193
+ patchCommandPath=/data/hiveptest/working/scratch/smart-apply-patch.sh
+ patchFilePath=/data/hiveptest/working/scratch/build.patch
+ [[ -f /data/hiveptest/working/scratch/build.patch ]]
+ chmod +x /data/hiveptest/working/scratch/smart-apply-patch.sh
+ /data/hiveptest/working/scratch/smart-apply-patch.sh /data/hiveptest/working/scratch/build.patch
Going to apply patch with: patch -p1
patching file pom.xml
+ [[ maven == \m\a\v\e\n ]]
+ rm -rf /data/hiveptest/working/maven/org/apache/hive
+ mvn -B clean install -DskipTests -T 4 -q -Dmaven.repo.local=/data/hiveptest/working/maven
[ERROR] Failed to execute goal on project hive-hcatalog: Could not resolve dependencies for project org.apache.hive.hcatalog:hive-hcatalog:pom:3.0.0-SNAPSHOT: Failed to collect dependencies for [org.mockito:mockito-all:jar:1.9.5 (test), org.apache.hadoop:hadoop-common:jar:2.8.0 (test), org.apache.hadoop:hadoop-mapreduce-client-core:jar:2.8.0 (test), org.apache.pig:pig:jar:h2:0.16.0 (test), org.slf4j:slf4j-api:jar:1.7.10 (compile), org.skyscreamer:jsonassert:jar:1.4.0 (test)]: Failed to read artifact descriptor for org.apache.hadoop:hadoop-common:jar:2.8.0: Could not find artifact org.apache.hadoop:hadoop-project:pom:2.8.0 in datanucleus (http://www.datanucleus.org/downloads/maven2) -&amp;gt; [Help 1]
[ERROR] 
[ERROR] To see the full stack trace of the errors, re-run Maven with the -e switch.
[ERROR] Re-run Maven using the -X switch to enable full debug logging.
[ERROR] 
[ERROR] For more information about the errors and possible solutions, please read the following articles:
[ERROR] [Help 1] http://cwiki.apache.org/confluence/display/MAVEN/DependencyResolutionException
[ERROR] 
[ERROR] After correcting the problems, you can resume the build with the command
[ERROR]   mvn &amp;lt;goals&amp;gt; -rf :hive-hcatalog
+ exit 1
&apos;
&lt;/pre&gt;
&lt;/div&gt;&lt;/div&gt;

&lt;p&gt;This message is automatically generated.&lt;/p&gt;

&lt;p&gt;ATTACHMENT ID: 12862347 - PreCommit-HIVE-Build&lt;/p&gt;</comment>
                            <comment id="15960979" author="stakiar" created="Fri, 7 Apr 2017 15:42:31 +0000"  >&lt;p&gt;Failed due to:&lt;/p&gt;

&lt;div class=&quot;code panel&quot; style=&quot;border-width: 1px;&quot;&gt;&lt;div class=&quot;codeContent panelContent&quot;&gt;
&lt;pre class=&quot;code-java&quot;&gt;[ERROR] Failed to execute goal on project hive-hcatalog: Could not resolve dependencies &lt;span class=&quot;code-keyword&quot;&gt;for&lt;/span&gt; project org.apache.hive.hcatalog:hive-hcatalog:pom:3.0.0-SNAPSHOT: Failed to collect dependencies &lt;span class=&quot;code-keyword&quot;&gt;for&lt;/span&gt; [org.mockito:mockito-all:jar:1.9.5 (test), org.apache.hadoop:hadoop-common:jar:2.8.0 (test), org.apache.hadoop:hadoop-mapreduce-client-core:jar:2.8.0 (test), org.apache.pig:pig:jar:h2:0.16.0 (test), org.slf4j:slf4j-api:jar:1.7.10 (compile), org.skyscreamer:jsonassert:jar:1.4.0 (test)]: Failed to read artifact descriptor &lt;span class=&quot;code-keyword&quot;&gt;for&lt;/span&gt; org.apache.hadoop:hadoop-common:jar:2.8.0: Could not find artifact org.apache.hadoop:hadoop-project:pom:2.8.0 in datanucleus (http:&lt;span class=&quot;code-comment&quot;&gt;//www.datanucleus.org/downloads/maven2) -&amp;gt; [Help 1]&lt;/span&gt;
&lt;/pre&gt;
&lt;/div&gt;&lt;/div&gt;

&lt;p&gt;Not sure why, build works locally. Think it may be a race condition. I could re-produce similar errors on a fresh Ubuntu VM; when I removed &lt;tt&gt;-T 4&lt;/tt&gt; from the maven build parameters everything worked. Removing the &lt;tt&gt;-T&lt;/tt&gt; option for now, will add it back.&lt;/p&gt;</comment>
                            <comment id="15960981" author="stakiar" created="Fri, 7 Apr 2017 15:43:03 +0000"  >&lt;p&gt;This should also help with &lt;a href=&quot;https://issues.apache.org/jira/browse/HIVE-11418&quot; title=&quot;Dropping a database in an encryption zone with CASCADE and trash enabled fails&quot; class=&quot;issue-link&quot; data-issue-key=&quot;HIVE-11418&quot;&gt;&lt;del&gt;HIVE-11418&lt;/del&gt;&lt;/a&gt;&lt;/p&gt;</comment>
                            <comment id="15961018" author="hiveqa" created="Fri, 7 Apr 2017 16:01:37 +0000"  >

&lt;p&gt;Here are the results of testing the latest attachment:&lt;br/&gt;
&lt;a href=&quot;https://issues.apache.org/jira/secure/attachment/12862496/HIVE-16402.2.patch&quot; class=&quot;external-link&quot; rel=&quot;nofollow&quot;&gt;https://issues.apache.org/jira/secure/attachment/12862496/HIVE-16402.2.patch&lt;/a&gt;&lt;/p&gt;

&lt;p&gt;&lt;font color=&quot;red&quot;&gt;ERROR:&lt;/font&gt; -1 due to build exiting with an error&lt;/p&gt;

&lt;p&gt;Test results: &lt;a href=&quot;https://builds.apache.org/job/PreCommit-HIVE-Build/4610/testReport&quot; class=&quot;external-link&quot; target=&quot;_blank&quot; rel=&quot;nofollow noopener&quot;&gt;https://builds.apache.org/job/PreCommit-HIVE-Build/4610/testReport&lt;/a&gt;&lt;br/&gt;
Console output: &lt;a href=&quot;https://builds.apache.org/job/PreCommit-HIVE-Build/4610/console&quot; class=&quot;external-link&quot; target=&quot;_blank&quot; rel=&quot;nofollow noopener&quot;&gt;https://builds.apache.org/job/PreCommit-HIVE-Build/4610/console&lt;/a&gt;&lt;br/&gt;
Test logs: &lt;a href=&quot;http://104.198.109.242/logs/PreCommit-HIVE-Build-4610/&quot; class=&quot;external-link&quot; target=&quot;_blank&quot; rel=&quot;nofollow noopener&quot;&gt;http://104.198.109.242/logs/PreCommit-HIVE-Build-4610/&lt;/a&gt;&lt;/p&gt;

&lt;p&gt;Messages:&lt;/p&gt;
&lt;div class=&quot;preformatted panel&quot; style=&quot;border-width: 1px;&quot;&gt;&lt;div class=&quot;preformattedContent panelContent&quot;&gt;
&lt;pre&gt;Executing org.apache.hive.ptest.execution.TestCheckPhase
Executing org.apache.hive.ptest.execution.PrepPhase
Tests exited with: NonZeroExitCodeException
Command &apos;bash /data/hiveptest/working/scratch/source-prep.sh&apos; failed with exit status 1 and output &apos;+ date &apos;+%Y-%m-%d %T.%3N&apos;
2017-04-07 16:01:24.336
+ [[ -n /usr/lib/jvm/java-8-openjdk-amd64 ]]
+ export JAVA_HOME=/usr/lib/jvm/java-8-openjdk-amd64
+ JAVA_HOME=/usr/lib/jvm/java-8-openjdk-amd64
+ export PATH=/usr/lib/jvm/java-8-openjdk-amd64/bin/:/usr/local/bin:/usr/bin:/bin:/usr/local/games:/usr/games
+ PATH=/usr/lib/jvm/java-8-openjdk-amd64/bin/:/usr/local/bin:/usr/bin:/bin:/usr/local/games:/usr/games
+ export &apos;ANT_OPTS=-Xmx1g -XX:MaxPermSize=256m &apos;
+ ANT_OPTS=&apos;-Xmx1g -XX:MaxPermSize=256m &apos;
+ export &apos;MAVEN_OPTS=-Xmx1g &apos;
+ MAVEN_OPTS=&apos;-Xmx1g &apos;
+ cd /data/hiveptest/working/
+ tee /data/hiveptest/logs/PreCommit-HIVE-Build-4610/source-prep.txt
+ [[ false == \t\r\u\e ]]
+ mkdir -p maven ivy
+ [[ git = \s\v\n ]]
+ [[ git = \g\i\t ]]
+ [[ -z master ]]
+ [[ -d apache-github-source-source ]]
+ [[ ! -d apache-github-source-source/.git ]]
+ [[ ! -d apache-github-source-source ]]
+ date &apos;+%Y-%m-%d %T.%3N&apos;
2017-04-07 16:01:24.338
+ cd apache-github-source-source
+ git fetch origin
+ git reset --hard HEAD
HEAD is now at a5f94c0 HIVE-16291: Hive fails when unions a parquet table with itself (Yibing Shi, reviewed by Ashutosh Chauhan &amp;amp; Aihua Xu)
+ git clean -f -d
+ git checkout master
Already on &apos;master&apos;
Your branch is up-to-date with &apos;origin/master&apos;.
+ git reset --hard origin/master
HEAD is now at a5f94c0 HIVE-16291: Hive fails when unions a parquet table with itself (Yibing Shi, reviewed by Ashutosh Chauhan &amp;amp; Aihua Xu)
+ git merge --ff-only origin/master
Already up-to-date.
+ date &apos;+%Y-%m-%d %T.%3N&apos;
2017-04-07 16:01:24.823
+ patchCommandPath=/data/hiveptest/working/scratch/smart-apply-patch.sh
+ patchFilePath=/data/hiveptest/working/scratch/build.patch
+ [[ -f /data/hiveptest/working/scratch/build.patch ]]
+ chmod +x /data/hiveptest/working/scratch/smart-apply-patch.sh
+ /data/hiveptest/working/scratch/smart-apply-patch.sh /data/hiveptest/working/scratch/build.patch
Going to apply patch with: patch -p1
patching file pom.xml
patching file testutils/ptest2/src/main/resources/source-prep.vm
+ [[ maven == \m\a\v\e\n ]]
+ rm -rf /data/hiveptest/working/maven/org/apache/hive
+ mvn -B clean install -DskipTests -T 4 -q -Dmaven.repo.local=/data/hiveptest/working/maven
[ERROR] Failed to execute goal on project hive-shims-common: Could not resolve dependencies for project org.apache.hive.shims:hive-shims-common:jar:3.0.0-SNAPSHOT: The following artifacts could not be resolved: org.apache.hadoop:hadoop-auth:jar:2.8.0, com.nimbusds:nimbus-jose-jwt:jar:3.9, org.apache.hadoop:hadoop-annotations:jar:2.8.0: Could not find artifact org.apache.hadoop:hadoop-auth:jar:2.8.0 in datanucleus (http://www.datanucleus.org/downloads/maven2) -&amp;gt; [Help 1]
[ERROR] 
[ERROR] To see the full stack trace of the errors, re-run Maven with the -e switch.
[ERROR] Re-run Maven using the -X switch to enable full debug logging.
[ERROR] 
[ERROR] For more information about the errors and possible solutions, please read the following articles:
[ERROR] [Help 1] http://cwiki.apache.org/confluence/display/MAVEN/DependencyResolutionException
[ERROR] 
[ERROR] After correcting the problems, you can resume the build with the command
[ERROR]   mvn &amp;lt;goals&amp;gt; -rf :hive-shims-common
+ exit 1
&apos;
&lt;/pre&gt;
&lt;/div&gt;&lt;/div&gt;

&lt;p&gt;This message is automatically generated.&lt;/p&gt;

&lt;p&gt;ATTACHMENT ID: 12862496 - PreCommit-HIVE-Build&lt;/p&gt;</comment>
                            <comment id="15961028" author="hiveqa" created="Fri, 7 Apr 2017 16:08:55 +0000"  >

&lt;p&gt;Here are the results of testing the latest attachment:&lt;br/&gt;
&lt;a href=&quot;https://issues.apache.org/jira/secure/attachment/12862498/HIVE-16402.3.patch&quot; class=&quot;external-link&quot; rel=&quot;nofollow&quot;&gt;https://issues.apache.org/jira/secure/attachment/12862498/HIVE-16402.3.patch&lt;/a&gt;&lt;/p&gt;

&lt;p&gt;&lt;font color=&quot;red&quot;&gt;ERROR:&lt;/font&gt; -1 due to build exiting with an error&lt;/p&gt;

&lt;p&gt;Test results: &lt;a href=&quot;https://builds.apache.org/job/PreCommit-HIVE-Build/4611/testReport&quot; class=&quot;external-link&quot; target=&quot;_blank&quot; rel=&quot;nofollow noopener&quot;&gt;https://builds.apache.org/job/PreCommit-HIVE-Build/4611/testReport&lt;/a&gt;&lt;br/&gt;
Console output: &lt;a href=&quot;https://builds.apache.org/job/PreCommit-HIVE-Build/4611/console&quot; class=&quot;external-link&quot; target=&quot;_blank&quot; rel=&quot;nofollow noopener&quot;&gt;https://builds.apache.org/job/PreCommit-HIVE-Build/4611/console&lt;/a&gt;&lt;br/&gt;
Test logs: &lt;a href=&quot;http://104.198.109.242/logs/PreCommit-HIVE-Build-4611/&quot; class=&quot;external-link&quot; target=&quot;_blank&quot; rel=&quot;nofollow noopener&quot;&gt;http://104.198.109.242/logs/PreCommit-HIVE-Build-4611/&lt;/a&gt;&lt;/p&gt;

&lt;p&gt;Messages:&lt;/p&gt;
&lt;div class=&quot;preformatted panel&quot; style=&quot;border-width: 1px;&quot;&gt;&lt;div class=&quot;preformattedContent panelContent&quot;&gt;
&lt;pre&gt;Executing org.apache.hive.ptest.execution.TestCheckPhase
Executing org.apache.hive.ptest.execution.PrepPhase
Tests exited with: NonZeroExitCodeException
Command &apos;bash /data/hiveptest/working/scratch/source-prep.sh&apos; failed with exit status 1 and output &apos;+ date &apos;+%Y-%m-%d %T.%3N&apos;
2017-04-07 16:08:39.422
+ [[ -n /usr/lib/jvm/java-8-openjdk-amd64 ]]
+ export JAVA_HOME=/usr/lib/jvm/java-8-openjdk-amd64
+ JAVA_HOME=/usr/lib/jvm/java-8-openjdk-amd64
+ export PATH=/usr/lib/jvm/java-8-openjdk-amd64/bin/:/usr/local/bin:/usr/bin:/bin:/usr/local/games:/usr/games
+ PATH=/usr/lib/jvm/java-8-openjdk-amd64/bin/:/usr/local/bin:/usr/bin:/bin:/usr/local/games:/usr/games
+ export &apos;ANT_OPTS=-Xmx1g -XX:MaxPermSize=256m &apos;
+ ANT_OPTS=&apos;-Xmx1g -XX:MaxPermSize=256m &apos;
+ export &apos;MAVEN_OPTS=-Xmx1g &apos;
+ MAVEN_OPTS=&apos;-Xmx1g &apos;
+ cd /data/hiveptest/working/
+ tee /data/hiveptest/logs/PreCommit-HIVE-Build-4611/source-prep.txt
+ [[ false == \t\r\u\e ]]
+ mkdir -p maven ivy
+ [[ git = \s\v\n ]]
+ [[ git = \g\i\t ]]
+ [[ -z master ]]
+ [[ -d apache-github-source-source ]]
+ [[ ! -d apache-github-source-source/.git ]]
+ [[ ! -d apache-github-source-source ]]
+ date &apos;+%Y-%m-%d %T.%3N&apos;
2017-04-07 16:08:39.424
+ cd apache-github-source-source
+ git fetch origin
+ git reset --hard HEAD
HEAD is now at a5f94c0 HIVE-16291: Hive fails when unions a parquet table with itself (Yibing Shi, reviewed by Ashutosh Chauhan &amp;amp; Aihua Xu)
+ git clean -f -d
+ git checkout master
Already on &apos;master&apos;
Your branch is up-to-date with &apos;origin/master&apos;.
+ git reset --hard origin/master
HEAD is now at a5f94c0 HIVE-16291: Hive fails when unions a parquet table with itself (Yibing Shi, reviewed by Ashutosh Chauhan &amp;amp; Aihua Xu)
+ git merge --ff-only origin/master
Already up-to-date.
+ date &apos;+%Y-%m-%d %T.%3N&apos;
2017-04-07 16:08:39.900
+ patchCommandPath=/data/hiveptest/working/scratch/smart-apply-patch.sh
+ patchFilePath=/data/hiveptest/working/scratch/build.patch
+ [[ -f /data/hiveptest/working/scratch/build.patch ]]
+ chmod +x /data/hiveptest/working/scratch/smart-apply-patch.sh
+ /data/hiveptest/working/scratch/smart-apply-patch.sh /data/hiveptest/working/scratch/build.patch
Going to apply patch with: patch -p1
patching file pom.xml
+ [[ maven == \m\a\v\e\n ]]
+ rm -rf /data/hiveptest/working/maven/org/apache/hive
+ mvn -B clean install -DskipTests -T 4 -q -Dmaven.repo.local=/data/hiveptest/working/maven
[ERROR] Failed to execute goal on project hive-shims-0.23: Could not resolve dependencies for project org.apache.hive.shims:hive-shims-0.23:jar:3.0.0-SNAPSHOT: The following artifacts could not be resolved: org.apache.hadoop:hadoop-yarn-server-applicationhistoryservice:jar:2.8.0, de.ruedigermoeller:fst:jar:2.24, org.apache.hadoop:hadoop-yarn-server-web-proxy:jar:2.8.0, org.apache.hadoop:hadoop-yarn-server-tests:jar:tests:2.8.0, org.apache.hadoop:hadoop-yarn-server-nodemanager:jar:2.8.0: Could not find artifact org.apache.hadoop:hadoop-yarn-server-applicationhistoryservice:jar:2.8.0 in datanucleus (http://www.datanucleus.org/downloads/maven2) -&amp;gt; [Help 1]
[ERROR] 
[ERROR] To see the full stack trace of the errors, re-run Maven with the -e switch.
[ERROR] Re-run Maven using the -X switch to enable full debug logging.
[ERROR] 
[ERROR] For more information about the errors and possible solutions, please read the following articles:
[ERROR] [Help 1] http://cwiki.apache.org/confluence/display/MAVEN/DependencyResolutionException
[ERROR] 
[ERROR] After correcting the problems, you can resume the build with the command
[ERROR]   mvn &amp;lt;goals&amp;gt; -rf :hive-shims-0.23
+ exit 1
&apos;
&lt;/pre&gt;
&lt;/div&gt;&lt;/div&gt;

&lt;p&gt;This message is automatically generated.&lt;/p&gt;

&lt;p&gt;ATTACHMENT ID: 12862498 - PreCommit-HIVE-Build&lt;/p&gt;</comment>
                            <comment id="15961071" author="spena" created="Fri, 7 Apr 2017 16:28:51 +0000"  >&lt;p&gt;Agree. Some folks from Hadoop were telling us in the past to use Hadoop 2.8 because good improvements on S3. &lt;/p&gt;</comment>
                            <comment id="15961365" author="hiveqa" created="Fri, 7 Apr 2017 20:05:42 +0000"  >

&lt;p&gt;Here are the results of testing the latest attachment:&lt;br/&gt;
&lt;a href=&quot;https://issues.apache.org/jira/secure/attachment/12862516/HIVE-16402.4.patch&quot; class=&quot;external-link&quot; rel=&quot;nofollow&quot;&gt;https://issues.apache.org/jira/secure/attachment/12862516/HIVE-16402.4.patch&lt;/a&gt;&lt;/p&gt;

&lt;p&gt;&lt;font color=&quot;red&quot;&gt;ERROR:&lt;/font&gt; -1 due to no test(s) being added or modified.&lt;/p&gt;

&lt;p&gt;&lt;font color=&quot;red&quot;&gt;ERROR:&lt;/font&gt; -1 due to 25 failed/errored test(s), 10590 tests executed&lt;br/&gt;
&lt;b&gt;Failed tests:&lt;/b&gt;&lt;/p&gt;
&lt;div class=&quot;preformatted panel&quot; style=&quot;border-width: 1px;&quot;&gt;&lt;div class=&quot;preformattedContent panelContent&quot;&gt;
&lt;pre&gt;org.apache.hadoop.hive.cli.TestBeeLineDriver.testCliDriver[drop_with_concurrency] (batchId=235)
org.apache.hadoop.hive.cli.TestBeeLineDriver.testCliDriver[escape_comments] (batchId=235)
org.apache.hadoop.hive.cli.TestEncryptedHDFSCliDriver.testCliDriver[encryption_move_tbl] (batchId=161)
org.apache.hadoop.hive.llap.daemon.impl.TestTaskExecutorService.testDoKillMultiple (batchId=285)
org.apache.hadoop.hive.llap.daemon.impl.TestTaskExecutorService.testDontKillMultiple (batchId=285)
org.apache.hadoop.hive.llap.daemon.impl.TestTaskExecutorService.testFinishablePreeptsNonFinishable (batchId=285)
org.apache.hadoop.hive.llap.daemon.impl.TestTaskExecutorService.testPreemptionQueueComparator (batchId=285)
org.apache.hadoop.hive.llap.daemon.impl.TestTaskExecutorService.testPreemptionStateOnTaskMoveToFinishableState (batchId=285)
org.apache.hadoop.hive.llap.daemon.impl.TestTaskExecutorService.testPreemptionStateOnTaskMoveToNonFinishableState (batchId=285)
org.apache.hadoop.hive.llap.daemon.impl.TestTaskExecutorService.testWaitQueueAcceptAfterAMTaskReport (batchId=285)
org.apache.hadoop.hive.llap.daemon.impl.TestTaskExecutorService.testWaitQueuePreemption (batchId=285)
org.apache.hadoop.hive.llap.daemon.impl.comparator.TestFirstInFirstOutComparator.testWaitQueueComparator (batchId=285)
org.apache.hadoop.hive.llap.daemon.impl.comparator.TestFirstInFirstOutComparator.testWaitQueueComparatorParallelism (batchId=285)
org.apache.hadoop.hive.llap.daemon.impl.comparator.TestFirstInFirstOutComparator.testWaitQueueComparatorWithinDagPriority (batchId=285)
org.apache.hadoop.hive.llap.daemon.impl.comparator.TestFirstInFirstOutComparator.testWaitQueueComparatorWithinSameDagPriority (batchId=285)
org.apache.hadoop.hive.llap.daemon.impl.comparator.TestShortestJobFirstComparator.testWaitQueueComparator (batchId=285)
org.apache.hadoop.hive.llap.daemon.impl.comparator.TestShortestJobFirstComparator.testWaitQueueComparatorAging (batchId=285)
org.apache.hadoop.hive.llap.daemon.impl.comparator.TestShortestJobFirstComparator.testWaitQueueComparatorParallelism (batchId=285)
org.apache.hadoop.hive.llap.daemon.impl.comparator.TestShortestJobFirstComparator.testWaitQueueComparatorWithinDagPriority (batchId=285)
org.apache.hadoop.hive.llap.daemon.impl.comparator.TestShortestJobFirstComparator.testWaitQueueComparatorWithinSameDagPriority (batchId=285)
org.apache.hadoop.hive.metastore.TestHiveMetaStoreGetMetaConf.org.apache.hadoop.hive.metastore.TestHiveMetaStoreGetMetaConf (batchId=194)
org.apache.hadoop.hive.metastore.TestHiveMetaStorePartitionSpecs.org.apache.hadoop.hive.metastore.TestHiveMetaStorePartitionSpecs (batchId=193)
org.apache.hadoop.hive.metastore.TestHiveMetaStoreTimeout.org.apache.hadoop.hive.metastore.TestHiveMetaStoreTimeout (batchId=194)
org.apache.hadoop.hive.metastore.TestObjectStore.testDirectSqlErrorMetrics (batchId=194)
org.apache.hive.jdbc.TestJdbcDriver2.testResultSetMetaData (batchId=221)
&lt;/pre&gt;
&lt;/div&gt;&lt;/div&gt;

&lt;p&gt;Test results: &lt;a href=&quot;https://builds.apache.org/job/PreCommit-HIVE-Build/4612/testReport&quot; class=&quot;external-link&quot; target=&quot;_blank&quot; rel=&quot;nofollow noopener&quot;&gt;https://builds.apache.org/job/PreCommit-HIVE-Build/4612/testReport&lt;/a&gt;&lt;br/&gt;
Console output: &lt;a href=&quot;https://builds.apache.org/job/PreCommit-HIVE-Build/4612/console&quot; class=&quot;external-link&quot; target=&quot;_blank&quot; rel=&quot;nofollow noopener&quot;&gt;https://builds.apache.org/job/PreCommit-HIVE-Build/4612/console&lt;/a&gt;&lt;br/&gt;
Test logs: &lt;a href=&quot;http://104.198.109.242/logs/PreCommit-HIVE-Build-4612/&quot; class=&quot;external-link&quot; target=&quot;_blank&quot; rel=&quot;nofollow noopener&quot;&gt;http://104.198.109.242/logs/PreCommit-HIVE-Build-4612/&lt;/a&gt;&lt;/p&gt;

&lt;p&gt;Messages:&lt;/p&gt;
&lt;div class=&quot;preformatted panel&quot; style=&quot;border-width: 1px;&quot;&gt;&lt;div class=&quot;preformattedContent panelContent&quot;&gt;
&lt;pre&gt;Executing org.apache.hive.ptest.execution.TestCheckPhase
Executing org.apache.hive.ptest.execution.PrepPhase
Executing org.apache.hive.ptest.execution.ExecutionPhase
Executing org.apache.hive.ptest.execution.ReportingPhase
Tests exited with: TestsFailedException: 25 tests failed
&lt;/pre&gt;
&lt;/div&gt;&lt;/div&gt;

&lt;p&gt;This message is automatically generated.&lt;/p&gt;

&lt;p&gt;ATTACHMENT ID: 12862516 - PreCommit-HIVE-Build&lt;/p&gt;</comment>
                            <comment id="15961525" author="hiveqa" created="Fri, 7 Apr 2017 22:35:53 +0000"  >

&lt;p&gt;Here are the results of testing the latest attachment:&lt;br/&gt;
&lt;a href=&quot;https://issues.apache.org/jira/secure/attachment/12862533/HIVE-16402.5.patch&quot; class=&quot;external-link&quot; rel=&quot;nofollow&quot;&gt;https://issues.apache.org/jira/secure/attachment/12862533/HIVE-16402.5.patch&lt;/a&gt;&lt;/p&gt;

&lt;p&gt;&lt;font color=&quot;red&quot;&gt;ERROR:&lt;/font&gt; -1 due to no test(s) being added or modified.&lt;/p&gt;

&lt;p&gt;&lt;font color=&quot;red&quot;&gt;ERROR:&lt;/font&gt; -1 due to 26 failed/errored test(s), 10590 tests executed&lt;br/&gt;
&lt;b&gt;Failed tests:&lt;/b&gt;&lt;/p&gt;
&lt;div class=&quot;preformatted panel&quot; style=&quot;border-width: 1px;&quot;&gt;&lt;div class=&quot;preformattedContent panelContent&quot;&gt;
&lt;pre&gt;org.apache.hadoop.hive.cli.TestBeeLineDriver.testCliDriver[drop_with_concurrency] (batchId=235)
org.apache.hadoop.hive.cli.TestBeeLineDriver.testCliDriver[escape_comments] (batchId=235)
org.apache.hadoop.hive.cli.TestEncryptedHDFSCliDriver.testCliDriver[encryption_move_tbl] (batchId=161)
org.apache.hadoop.hive.cli.TestMiniLlapLocalCliDriver.testCliDriver[vector_if_expr] (batchId=143)
org.apache.hadoop.hive.llap.daemon.impl.TestTaskExecutorService.testDoKillMultiple (batchId=285)
org.apache.hadoop.hive.llap.daemon.impl.TestTaskExecutorService.testDontKillMultiple (batchId=285)
org.apache.hadoop.hive.llap.daemon.impl.TestTaskExecutorService.testFinishablePreeptsNonFinishable (batchId=285)
org.apache.hadoop.hive.llap.daemon.impl.TestTaskExecutorService.testPreemptionQueueComparator (batchId=285)
org.apache.hadoop.hive.llap.daemon.impl.TestTaskExecutorService.testPreemptionStateOnTaskMoveToFinishableState (batchId=285)
org.apache.hadoop.hive.llap.daemon.impl.TestTaskExecutorService.testPreemptionStateOnTaskMoveToNonFinishableState (batchId=285)
org.apache.hadoop.hive.llap.daemon.impl.TestTaskExecutorService.testWaitQueueAcceptAfterAMTaskReport (batchId=285)
org.apache.hadoop.hive.llap.daemon.impl.TestTaskExecutorService.testWaitQueuePreemption (batchId=285)
org.apache.hadoop.hive.llap.daemon.impl.comparator.TestFirstInFirstOutComparator.testWaitQueueComparator (batchId=285)
org.apache.hadoop.hive.llap.daemon.impl.comparator.TestFirstInFirstOutComparator.testWaitQueueComparatorParallelism (batchId=285)
org.apache.hadoop.hive.llap.daemon.impl.comparator.TestFirstInFirstOutComparator.testWaitQueueComparatorWithinDagPriority (batchId=285)
org.apache.hadoop.hive.llap.daemon.impl.comparator.TestFirstInFirstOutComparator.testWaitQueueComparatorWithinSameDagPriority (batchId=285)
org.apache.hadoop.hive.llap.daemon.impl.comparator.TestShortestJobFirstComparator.testWaitQueueComparator (batchId=285)
org.apache.hadoop.hive.llap.daemon.impl.comparator.TestShortestJobFirstComparator.testWaitQueueComparatorAging (batchId=285)
org.apache.hadoop.hive.llap.daemon.impl.comparator.TestShortestJobFirstComparator.testWaitQueueComparatorParallelism (batchId=285)
org.apache.hadoop.hive.llap.daemon.impl.comparator.TestShortestJobFirstComparator.testWaitQueueComparatorWithinDagPriority (batchId=285)
org.apache.hadoop.hive.llap.daemon.impl.comparator.TestShortestJobFirstComparator.testWaitQueueComparatorWithinSameDagPriority (batchId=285)
org.apache.hadoop.hive.metastore.TestHiveMetaStoreGetMetaConf.org.apache.hadoop.hive.metastore.TestHiveMetaStoreGetMetaConf (batchId=194)
org.apache.hadoop.hive.metastore.TestHiveMetaStorePartitionSpecs.org.apache.hadoop.hive.metastore.TestHiveMetaStorePartitionSpecs (batchId=193)
org.apache.hadoop.hive.metastore.TestHiveMetaStoreTimeout.org.apache.hadoop.hive.metastore.TestHiveMetaStoreTimeout (batchId=194)
org.apache.hadoop.hive.metastore.TestObjectStore.testDirectSqlErrorMetrics (batchId=194)
org.apache.hive.jdbc.TestJdbcDriver2.testResultSetMetaData (batchId=221)
&lt;/pre&gt;
&lt;/div&gt;&lt;/div&gt;

&lt;p&gt;Test results: &lt;a href=&quot;https://builds.apache.org/job/PreCommit-HIVE-Build/4613/testReport&quot; class=&quot;external-link&quot; target=&quot;_blank&quot; rel=&quot;nofollow noopener&quot;&gt;https://builds.apache.org/job/PreCommit-HIVE-Build/4613/testReport&lt;/a&gt;&lt;br/&gt;
Console output: &lt;a href=&quot;https://builds.apache.org/job/PreCommit-HIVE-Build/4613/console&quot; class=&quot;external-link&quot; target=&quot;_blank&quot; rel=&quot;nofollow noopener&quot;&gt;https://builds.apache.org/job/PreCommit-HIVE-Build/4613/console&lt;/a&gt;&lt;br/&gt;
Test logs: &lt;a href=&quot;http://104.198.109.242/logs/PreCommit-HIVE-Build-4613/&quot; class=&quot;external-link&quot; target=&quot;_blank&quot; rel=&quot;nofollow noopener&quot;&gt;http://104.198.109.242/logs/PreCommit-HIVE-Build-4613/&lt;/a&gt;&lt;/p&gt;

&lt;p&gt;Messages:&lt;/p&gt;
&lt;div class=&quot;preformatted panel&quot; style=&quot;border-width: 1px;&quot;&gt;&lt;div class=&quot;preformattedContent panelContent&quot;&gt;
&lt;pre&gt;Executing org.apache.hive.ptest.execution.TestCheckPhase
Executing org.apache.hive.ptest.execution.PrepPhase
Executing org.apache.hive.ptest.execution.ExecutionPhase
Executing org.apache.hive.ptest.execution.ReportingPhase
Tests exited with: TestsFailedException: 26 tests failed
&lt;/pre&gt;
&lt;/div&gt;&lt;/div&gt;

&lt;p&gt;This message is automatically generated.&lt;/p&gt;

&lt;p&gt;ATTACHMENT ID: 12862533 - PreCommit-HIVE-Build&lt;/p&gt;</comment>
                            <comment id="15961902" author="hiveqa" created="Sat, 8 Apr 2017 17:33:55 +0000"  >

&lt;p&gt;Here are the results of testing the latest attachment:&lt;br/&gt;
&lt;a href=&quot;https://issues.apache.org/jira/secure/attachment/12862580/HIVE-16402.6.patch&quot; class=&quot;external-link&quot; rel=&quot;nofollow&quot;&gt;https://issues.apache.org/jira/secure/attachment/12862580/HIVE-16402.6.patch&lt;/a&gt;&lt;/p&gt;

&lt;p&gt;&lt;font color=&quot;red&quot;&gt;ERROR:&lt;/font&gt; -1 due to no test(s) being added or modified.&lt;/p&gt;

&lt;p&gt;&lt;font color=&quot;red&quot;&gt;ERROR:&lt;/font&gt; -1 due to 6 failed/errored test(s), 10561 tests executed&lt;br/&gt;
&lt;b&gt;Failed tests:&lt;/b&gt;&lt;/p&gt;
&lt;div class=&quot;preformatted panel&quot; style=&quot;border-width: 1px;&quot;&gt;&lt;div class=&quot;preformattedContent panelContent&quot;&gt;
&lt;pre&gt;org.apache.hadoop.hive.cli.TestBeeLineDriver.testCliDriver[drop_with_concurrency] (batchId=234)
org.apache.hadoop.hive.cli.TestBeeLineDriver.testCliDriver[escape_comments] (batchId=234)
org.apache.hadoop.hive.cli.TestEncryptedHDFSCliDriver.testCliDriver[encryption_move_tbl] (batchId=161)
org.apache.hadoop.hive.cli.TestMiniLlapLocalCliDriver.testCliDriver[columnstats_part_coltype] (batchId=155)
org.apache.hadoop.hive.cli.TestMiniLlapLocalCliDriver.testCliDriver[vector_count_distinct] (batchId=146)
org.apache.hive.jdbc.TestJdbcDriver2.testResultSetMetaData (batchId=221)
&lt;/pre&gt;
&lt;/div&gt;&lt;/div&gt;

&lt;p&gt;Test results: &lt;a href=&quot;https://builds.apache.org/job/PreCommit-HIVE-Build/4617/testReport&quot; class=&quot;external-link&quot; target=&quot;_blank&quot; rel=&quot;nofollow noopener&quot;&gt;https://builds.apache.org/job/PreCommit-HIVE-Build/4617/testReport&lt;/a&gt;&lt;br/&gt;
Console output: &lt;a href=&quot;https://builds.apache.org/job/PreCommit-HIVE-Build/4617/console&quot; class=&quot;external-link&quot; target=&quot;_blank&quot; rel=&quot;nofollow noopener&quot;&gt;https://builds.apache.org/job/PreCommit-HIVE-Build/4617/console&lt;/a&gt;&lt;br/&gt;
Test logs: &lt;a href=&quot;http://104.198.109.242/logs/PreCommit-HIVE-Build-4617/&quot; class=&quot;external-link&quot; target=&quot;_blank&quot; rel=&quot;nofollow noopener&quot;&gt;http://104.198.109.242/logs/PreCommit-HIVE-Build-4617/&lt;/a&gt;&lt;/p&gt;

&lt;p&gt;Messages:&lt;/p&gt;
&lt;div class=&quot;preformatted panel&quot; style=&quot;border-width: 1px;&quot;&gt;&lt;div class=&quot;preformattedContent panelContent&quot;&gt;
&lt;pre&gt;Executing org.apache.hive.ptest.execution.TestCheckPhase
Executing org.apache.hive.ptest.execution.PrepPhase
Executing org.apache.hive.ptest.execution.ExecutionPhase
Executing org.apache.hive.ptest.execution.ReportingPhase
Tests exited with: TestsFailedException: 6 tests failed
&lt;/pre&gt;
&lt;/div&gt;&lt;/div&gt;

&lt;p&gt;This message is automatically generated.&lt;/p&gt;

&lt;p&gt;ATTACHMENT ID: 12862580 - PreCommit-HIVE-Build&lt;/p&gt;</comment>
                            <comment id="15961933" author="hiveqa" created="Sat, 8 Apr 2017 20:14:10 +0000"  >

&lt;p&gt;Here are the results of testing the latest attachment:&lt;br/&gt;
&lt;a href=&quot;https://issues.apache.org/jira/secure/attachment/12862589/HIVE-16402.7.patch&quot; class=&quot;external-link&quot; rel=&quot;nofollow&quot;&gt;https://issues.apache.org/jira/secure/attachment/12862589/HIVE-16402.7.patch&lt;/a&gt;&lt;/p&gt;

&lt;p&gt;&lt;font color=&quot;red&quot;&gt;ERROR:&lt;/font&gt; -1 due to no test(s) being added or modified.&lt;/p&gt;

&lt;p&gt;&lt;font color=&quot;red&quot;&gt;ERROR:&lt;/font&gt; -1 due to 5 failed/errored test(s), 10561 tests executed&lt;br/&gt;
&lt;b&gt;Failed tests:&lt;/b&gt;&lt;/p&gt;
&lt;div class=&quot;preformatted panel&quot; style=&quot;border-width: 1px;&quot;&gt;&lt;div class=&quot;preformattedContent panelContent&quot;&gt;
&lt;pre&gt;org.apache.hadoop.hive.cli.TestBeeLineDriver.testCliDriver[drop_with_concurrency] (batchId=234)
org.apache.hadoop.hive.cli.TestBeeLineDriver.testCliDriver[escape_comments] (batchId=234)
org.apache.hadoop.hive.cli.TestMiniLlapLocalCliDriver.testCliDriver[vector_if_expr] (batchId=143)
org.apache.hadoop.hive.ql.TestTxnCommands2.testSimpleRead (batchId=265)
org.apache.hive.jdbc.TestJdbcDriver2.testResultSetMetaData (batchId=221)
&lt;/pre&gt;
&lt;/div&gt;&lt;/div&gt;

&lt;p&gt;Test results: &lt;a href=&quot;https://builds.apache.org/job/PreCommit-HIVE-Build/4619/testReport&quot; class=&quot;external-link&quot; target=&quot;_blank&quot; rel=&quot;nofollow noopener&quot;&gt;https://builds.apache.org/job/PreCommit-HIVE-Build/4619/testReport&lt;/a&gt;&lt;br/&gt;
Console output: &lt;a href=&quot;https://builds.apache.org/job/PreCommit-HIVE-Build/4619/console&quot; class=&quot;external-link&quot; target=&quot;_blank&quot; rel=&quot;nofollow noopener&quot;&gt;https://builds.apache.org/job/PreCommit-HIVE-Build/4619/console&lt;/a&gt;&lt;br/&gt;
Test logs: &lt;a href=&quot;http://104.198.109.242/logs/PreCommit-HIVE-Build-4619/&quot; class=&quot;external-link&quot; target=&quot;_blank&quot; rel=&quot;nofollow noopener&quot;&gt;http://104.198.109.242/logs/PreCommit-HIVE-Build-4619/&lt;/a&gt;&lt;/p&gt;

&lt;p&gt;Messages:&lt;/p&gt;
&lt;div class=&quot;preformatted panel&quot; style=&quot;border-width: 1px;&quot;&gt;&lt;div class=&quot;preformattedContent panelContent&quot;&gt;
&lt;pre&gt;Executing org.apache.hive.ptest.execution.TestCheckPhase
Executing org.apache.hive.ptest.execution.PrepPhase
Executing org.apache.hive.ptest.execution.ExecutionPhase
Executing org.apache.hive.ptest.execution.ReportingPhase
Tests exited with: TestsFailedException: 5 tests failed
&lt;/pre&gt;
&lt;/div&gt;&lt;/div&gt;

&lt;p&gt;This message is automatically generated.&lt;/p&gt;

&lt;p&gt;ATTACHMENT ID: 12862589 - PreCommit-HIVE-Build&lt;/p&gt;</comment>
                            <comment id="15962011" author="ashutoshc" created="Sun, 9 Apr 2017 02:10:21 +0000"  >&lt;p&gt;+1&lt;/p&gt;</comment>
                            <comment id="15962163" author="stakiar" created="Sun, 9 Apr 2017 15:28:01 +0000"  >&lt;p&gt;RB: &lt;a href=&quot;https://reviews.apache.org/r/58283/&quot; class=&quot;external-link&quot; target=&quot;_blank&quot; rel=&quot;nofollow noopener&quot;&gt;https://reviews.apache.org/r/58283/&lt;/a&gt;&lt;/p&gt;

&lt;ul&gt;
	&lt;li&gt;Updated Hadoop version to 2.8.0 in a few different places&lt;/li&gt;
	&lt;li&gt;Had to declare explicit dependencies on a few Hadoop libraries because other dependencies were pulling in old versions&lt;/li&gt;
	&lt;li&gt;Fixed some of the transitive dependencies on slf4j-log4j12&lt;/li&gt;
&lt;/ul&gt;


&lt;p&gt;Failed tests are flaky:&lt;/p&gt;

&lt;p&gt;&lt;a href=&quot;https://issues.apache.org/jira/browse/HIVE-16313&quot; title=&quot;Flaky test: TestBeeLineDriver[drop_with_concurrency]&quot; class=&quot;issue-link&quot; data-issue-key=&quot;HIVE-16313&quot;&gt;&lt;del&gt;HIVE-16313&lt;/del&gt;&lt;/a&gt; - TestBeeLineDriver.testCliDriver&lt;span class=&quot;error&quot;&gt;&amp;#91;drop_with_concurrency&amp;#93;&lt;/span&gt;&lt;br/&gt;
&lt;a href=&quot;https://issues.apache.org/jira/browse/HIVE-16320&quot; title=&quot;Flaky test: TestBeeLineDriver.testCliDriver[escape_comments]&quot; class=&quot;issue-link&quot; data-issue-key=&quot;HIVE-16320&quot;&gt;&lt;del&gt;HIVE-16320&lt;/del&gt;&lt;/a&gt; - TestBeeLineDriver.testCliDriver&lt;span class=&quot;error&quot;&gt;&amp;#91;escape_comments&amp;#93;&lt;/span&gt;&lt;br/&gt;
&lt;a href=&quot;https://issues.apache.org/jira/browse/HIVE-15776&quot; title=&quot;Flaky test: TestMiniLlapLocalCliDriver vector_if_expr&quot; class=&quot;issue-link&quot; data-issue-key=&quot;HIVE-15776&quot;&gt;HIVE-15776&lt;/a&gt; - TestMiniLlapLocalCliDriver.testCliDriver&lt;span class=&quot;error&quot;&gt;&amp;#91;vector_if_expr&amp;#93;&lt;/span&gt;&lt;br/&gt;
&lt;a href=&quot;https://issues.apache.org/jira/browse/HIVE-16410&quot; title=&quot;Flaky test: TestTxnCommands2.testSimpleRead&quot; class=&quot;issue-link&quot; data-issue-key=&quot;HIVE-16410&quot;&gt;HIVE-16410&lt;/a&gt; - TestTxnCommands2.testSimpleRead&lt;br/&gt;
&lt;a href=&quot;https://issues.apache.org/jira/browse/HIVE-16381&quot; title=&quot;Flaky test: org.apache.hive.jdbc.TestJdbcDriver2.testResultSetMetaData&quot; class=&quot;issue-link&quot; data-issue-key=&quot;HIVE-16381&quot;&gt;&lt;del&gt;HIVE-16381&lt;/del&gt;&lt;/a&gt; - TestJdbcDriver2.testResultSetMetaData&lt;/p&gt;</comment>
                            <comment id="15962341" author="ashutoshc" created="Mon, 10 Apr 2017 01:26:26 +0000"  >&lt;p&gt;Pushed to master. Thanks, Sahil !&lt;/p&gt;</comment>
                            <comment id="16028070" author="lefty@hortonworks.com" created="Mon, 29 May 2017 06:24:36 +0000"  >&lt;p&gt;&lt;a href=&quot;https://issues.apache.org/jira/secure/ViewProfile.jspa?name=owen.omalley&quot; class=&quot;user-hover&quot; rel=&quot;owen.omalley&quot;&gt;owen.omalley&lt;/a&gt; committed this to branch-2.2 on May 20 so the fix version should include 2.2.0.&lt;/p&gt;

&lt;p&gt;(See commit 7ea8e1cbb4b37bdc62530fbf1f2ad7fe16ea1967.)&lt;/p&gt;

&lt;p&gt;He also committed it to storage-branch-2.3 on May 26, but I don&apos;t know whether that should be listed as a fix version.  (Commit 7fe3f9dd95b91cf9e3067ee7324e843f84c35d2c.)&lt;/p&gt;</comment>
                    </comments>
                <issuelinks>
                            <issuelinktype id="10030">
                    <name>Reference</name>
                                            <outwardlinks description="relates to">
                                        <issuelink>
            <issuekey id="13020602">HIVE-15199</issuekey>
        </issuelink>
                            </outwardlinks>
                                                                <inwardlinks description="is related to">
                                        <issuelink>
            <issuekey id="13062755">HIVE-16411</issuekey>
        </issuelink>
                            </inwardlinks>
                                    </issuelinktype>
                    </issuelinks>
                <attachments>
                            <attachment id="12862347" name="HIVE-16402.1.patch" size="515" author="stakiar" created="Thu, 6 Apr 2017 19:32:23 +0000"/>
                            <attachment id="12862496" name="HIVE-16402.2.patch" size="1389" author="stakiar" created="Fri, 7 Apr 2017 15:42:31 +0000"/>
                            <attachment id="12862498" name="HIVE-16402.3.patch" size="515" author="stakiar" created="Fri, 7 Apr 2017 16:04:22 +0000"/>
                            <attachment id="12862516" name="HIVE-16402.4.patch" size="882" author="stakiar" created="Fri, 7 Apr 2017 18:53:01 +0000"/>
                            <attachment id="12862533" name="HIVE-16402.5.patch" size="972" author="stakiar" created="Fri, 7 Apr 2017 21:19:11 +0000"/>
                            <attachment id="12862580" name="HIVE-16402.6.patch" size="8009" author="stakiar" created="Sat, 8 Apr 2017 16:25:42 +0000"/>
                            <attachment id="12862589" name="HIVE-16402.7.patch" size="9374" author="stakiar" created="Sat, 8 Apr 2017 19:02:53 +0000"/>
                    </attachments>
                <subtasks>
                    </subtasks>
                <customfields>
                                                                            <customfield id="customfield_12310310" key="com.atlassian.jira.toolkit:attachments">
                        <customfieldname>Attachment count</customfieldname>
                        <customfieldvalues>
                            <customfieldvalue>7.0</customfieldvalue>
                        </customfieldvalues>
                    </customfield>
                                                                                                                                                                                                                                                                                                                                                                                                                                                                                                                                                                                                                                                                                                        <customfield id="customfield_12314020" key="com.atlassian.jira.plugins.jira-development-integration-plugin:devsummary">
                        <customfieldname>Development</customfieldname>
                        <customfieldvalues>
                            
                        </customfieldvalues>
                    </customfield>
                                                                                                                        <customfield id="customfield_12313422" key="com.atlassian.jirafisheyeplugin:jobcheckbox">
                        <customfieldname>Enable Automatic Patch Review</customfieldname>
                        <customfieldvalues>
                            <customfieldvalue><![CDATA[false]]></customfieldvalue>

                        </customfieldvalues>
                    </customfield>
                                                                                                                                                                                                                                                                                                                                                                                                                                                                                                                                                                                                                                                <customfield id="customfield_12310420" key="com.pyxis.greenhopper.jira:gh-global-rank">
                        <customfieldname>Global Rank</customfieldname>
                        <customfieldvalues>
                            <customfieldvalue>9223372036854775807</customfieldvalue>
                        </customfieldvalues>
                    </customfield>
                                                                                                                                                                                                                                                                    <customfield id="customfield_12312521" key="com.atlassian.jira.toolkit:LastCommentDate">
                        <customfieldname>Last public comment date</customfieldname>
                        <customfieldvalues>
                            8 years, 25 weeks, 2 days ago
                        </customfieldvalues>
                    </customfield>
                                                                                                                                                                                                                                                                                                <customfield id="customfield_12311820" key="com.pyxis.greenhopper.jira:gh-lexo-rank">
                        <customfieldname>Rank</customfieldname>
                        <customfieldvalues>
                            <customfieldvalue>0|i3dbj3:</customfieldvalue>

                        </customfieldvalues>
                    </customfield>
                                                                <customfield id="customfield_12310920" key="com.pyxis.greenhopper.jira:gh-global-rank">
                        <customfieldname>Rank (Obsolete)</customfieldname>
                        <customfieldvalues>
                            <customfieldvalue>9223372036854775807</customfieldvalue>
                        </customfieldvalues>
                    </customfield>
                                                                                                                                                                                                                                                                                                                                                                                                                                                                                                                                                                                                                    <customfield id="customfield_12310320" key="com.atlassian.jira.plugin.system.customfieldtypes:multiversion">
                        <customfieldname>Target Version/s</customfieldname>
                        <customfieldvalues>
                                <customfieldvalue id="12340268">3.0.0</customfieldvalue>
    
                        </customfieldvalues>
                    </customfield>
                                                                                                                                                                                                                                                                                                </customfields>
    </item>
</channel>
</rss>