<!-- 
RSS generated by JIRA (8.20.10#820010-sha1:ace47f9899e9ee25d7157d59aa17ab06aee30d3d) at Wed Nov 12 18:53:19 UTC 2025

It is possible to restrict the fields that are returned in this document by specifying the 'field' parameter in your request.
For example, to request only the issue key and summary append 'field=key&field=summary' to the URL of your request.
-->
<rss version="0.92" >
<channel>
    <title>ASF Jira</title>
    <link>https://issues.apache.org/jira</link>
    <description>This file is an XML representation of an issue</description>
    <language>en-uk</language>    <build-info>
        <version>8.20.10</version>
        <build-number>820010</build-number>
        <build-date>22-06-2022</build-date>
    </build-info>


<item>
            <title>[HIVE-16380] removing global test dependency of jsonassert</title>
                <link>https://issues.apache.org/jira/browse/HIVE-16380</link>
                <project id="12310843" key="HIVE">Hive</project>
                    <description>&lt;p&gt;as part of commit done for &lt;a href=&quot;https://issues.apache.org/jira/browse/HIVE-16219&quot; title=&quot;metastore notification_log contains serialized message with  non functional fields&quot; class=&quot;issue-link&quot; data-issue-key=&quot;HIVE-16219&quot;&gt;&lt;del&gt;HIVE-16219&lt;/del&gt;&lt;/a&gt;, there seems to additional changes in the root level pom.xml, they should not be required. &lt;/p&gt;</description>
                <environment></environment>
        <key id="13061619">HIVE-16380</key>
            <summary>removing global test dependency of jsonassert</summary>
                <type id="1" iconUrl="https://issues.apache.org/jira/secure/viewavatar?size=xsmall&amp;avatarId=21133&amp;avatarType=issuetype">Bug</type>
                                            <priority id="4" iconUrl="https://issues.apache.org/jira/images/icons/priorities/minor.svg">Minor</priority>
                        <status id="6" iconUrl="https://issues.apache.org/jira/images/icons/statuses/closed.png" description="The issue is considered finished, the resolution is correct. Issues which are not closed can be reopened.">Closed</status>
                    <statusCategory id="3" key="done" colorName="green"/>
                                    <resolution id="1">Fixed</resolution>
                                        <assignee username="anishek">Anishek Agarwal</assignee>
                                    <reporter username="anishek">Anishek Agarwal</reporter>
                        <labels>
                    </labels>
                <created>Wed, 5 Apr 2017 04:35:49 +0000</created>
                <updated>Wed, 23 May 2018 00:00:43 +0000</updated>
                            <resolved>Mon, 10 Apr 2017 23:40:59 +0000</resolved>
                                    <version>3.0.0</version>
                                    <fixVersion>2.3.0</fixVersion>
                    <fixVersion>2.4.0</fixVersion>
                    <fixVersion>3.0.0</fixVersion>
                                    <component>HiveServer2</component>
                        <due></due>
                            <votes>0</votes>
                                    <watches>2</watches>
                                                                                                                <comments>
                            <comment id="15956299" author="hiveqa" created="Wed, 5 Apr 2017 04:49:21 +0000"  >

&lt;p&gt;Here are the results of testing the latest attachment:&lt;br/&gt;
&lt;a href=&quot;https://issues.apache.org/jira/secure/attachment/12862000/HIVE-16380.1.patch&quot; class=&quot;external-link&quot; rel=&quot;nofollow&quot;&gt;https://issues.apache.org/jira/secure/attachment/12862000/HIVE-16380.1.patch&lt;/a&gt;&lt;/p&gt;

&lt;p&gt;&lt;font color=&quot;red&quot;&gt;ERROR:&lt;/font&gt; -1 due to build exiting with an error&lt;/p&gt;

&lt;p&gt;Test results: &lt;a href=&quot;https://builds.apache.org/job/PreCommit-HIVE-Build/4556/testReport&quot; class=&quot;external-link&quot; target=&quot;_blank&quot; rel=&quot;nofollow noopener&quot;&gt;https://builds.apache.org/job/PreCommit-HIVE-Build/4556/testReport&lt;/a&gt;&lt;br/&gt;
Console output: &lt;a href=&quot;https://builds.apache.org/job/PreCommit-HIVE-Build/4556/console&quot; class=&quot;external-link&quot; target=&quot;_blank&quot; rel=&quot;nofollow noopener&quot;&gt;https://builds.apache.org/job/PreCommit-HIVE-Build/4556/console&lt;/a&gt;&lt;br/&gt;
Test logs: &lt;a href=&quot;http://104.198.109.242/logs/PreCommit-HIVE-Build-4556/&quot; class=&quot;external-link&quot; target=&quot;_blank&quot; rel=&quot;nofollow noopener&quot;&gt;http://104.198.109.242/logs/PreCommit-HIVE-Build-4556/&lt;/a&gt;&lt;/p&gt;

&lt;p&gt;Messages:&lt;/p&gt;
&lt;div class=&quot;preformatted panel&quot; style=&quot;border-width: 1px;&quot;&gt;&lt;div class=&quot;preformattedContent panelContent&quot;&gt;
&lt;pre&gt;**** This message was trimmed, see log for full details ****
[ERROR] symbol:   method any(java.lang.Class&amp;lt;org.apache.hadoop.fs.Path&amp;gt;)
[ERROR] location: class org.apache.hadoop.hive.io.TestHdfsUtils
[ERROR] /data/hiveptest/working/apache-github-source-source/shims/common/src/main/test/org/apache/hadoop/hive/io/TestHdfsUtils.java:[62,42] cannot find symbol
[ERROR] symbol:   method any(java.lang.Class&amp;lt;java.lang.String&amp;gt;)
[ERROR] location: class org.apache.hadoop.hive.io.TestHdfsUtils
[ERROR] /data/hiveptest/working/apache-github-source-source/shims/common/src/main/test/org/apache/hadoop/hive/io/TestHdfsUtils.java:[62,61] cannot find symbol
[ERROR] symbol:   method any(java.lang.Class&amp;lt;java.lang.String&amp;gt;)
[ERROR] location: class org.apache.hadoop.hive.io.TestHdfsUtils
[ERROR] /data/hiveptest/working/apache-github-source-source/shims/common/src/main/test/org/apache/hadoop/hive/io/TestHdfsUtils.java:[62,5] cannot find symbol
[ERROR] symbol:   method verify(org.apache.hadoop.fs.FileSystem)
[ERROR] location: class org.apache.hadoop.hive.io.TestHdfsUtils
[ERROR] /data/hiveptest/working/apache-github-source-source/shims/common/src/main/test/org/apache/hadoop/hive/io/TestHdfsUtils.java:[74,55] cannot find symbol
[ERROR] symbol:   method mock(java.lang.Class&amp;lt;org.apache.hadoop.hive.io.HdfsUtils.HadoopFileStatus&amp;gt;)
[ERROR] location: class org.apache.hadoop.hive.io.TestHdfsUtils
[ERROR] /data/hiveptest/working/apache-github-source-source/shims/common/src/main/test/org/apache/hadoop/hive/io/TestHdfsUtils.java:[75,35] cannot find symbol
[ERROR] symbol:   method mock(java.lang.Class&amp;lt;org.apache.hadoop.fs.FileStatus&amp;gt;)
[ERROR] location: class org.apache.hadoop.hive.io.TestHdfsUtils
[ERROR] /data/hiveptest/working/apache-github-source-source/shims/common/src/main/test/org/apache/hadoop/hive/io/TestHdfsUtils.java:[76,31] cannot find symbol
[ERROR] symbol:   method mock(java.lang.Class&amp;lt;org.apache.hadoop.fs.permission.AclStatus&amp;gt;)
[ERROR] location: class org.apache.hadoop.hive.io.TestHdfsUtils
[ERROR] /data/hiveptest/working/apache-github-source-source/shims/common/src/main/test/org/apache/hadoop/hive/io/TestHdfsUtils.java:[77,25] cannot find symbol
[ERROR] symbol:   method mock(java.lang.Class&amp;lt;org.apache.hadoop.fs.FileSystem&amp;gt;)
[ERROR] location: class org.apache.hadoop.hive.io.TestHdfsUtils
[ERROR] /data/hiveptest/working/apache-github-source-source/shims/common/src/main/test/org/apache/hadoop/hive/io/TestHdfsUtils.java:[79,5] cannot find symbol
[ERROR] symbol:   method when(org.apache.hadoop.fs.permission.FsPermission)
[ERROR] location: class org.apache.hadoop.hive.io.TestHdfsUtils
[ERROR] /data/hiveptest/working/apache-github-source-source/shims/common/src/main/test/org/apache/hadoop/hive/io/TestHdfsUtils.java:[80,5] cannot find symbol
[ERROR] symbol:   method when(java.lang.String)
[ERROR] location: class org.apache.hadoop.hive.io.TestHdfsUtils
[ERROR] /data/hiveptest/working/apache-github-source-source/shims/common/src/main/test/org/apache/hadoop/hive/io/TestHdfsUtils.java:[81,5] cannot find symbol
[ERROR] symbol:   method when(org.apache.hadoop.fs.FileStatus)
[ERROR] location: class org.apache.hadoop.hive.io.TestHdfsUtils
[ERROR] /data/hiveptest/working/apache-github-source-source/shims/common/src/main/test/org/apache/hadoop/hive/io/TestHdfsUtils.java:[82,5] cannot find symbol
[ERROR] symbol:   method when(java.util.List&amp;lt;org.apache.hadoop.fs.permission.AclEntry&amp;gt;)
[ERROR] location: class org.apache.hadoop.hive.io.TestHdfsUtils
[ERROR] /data/hiveptest/working/apache-github-source-source/shims/common/src/main/test/org/apache/hadoop/hive/io/TestHdfsUtils.java:[83,5] cannot find symbol
[ERROR] symbol:   method when(org.apache.hadoop.fs.permission.AclStatus)
[ERROR] location: class org.apache.hadoop.hive.io.TestHdfsUtils
[ERROR] /data/hiveptest/working/apache-github-source-source/shims/common/src/main/test/org/apache/hadoop/hive/io/TestHdfsUtils.java:[84,57] cannot find symbol
[ERROR] symbol:   method any(java.lang.Class&amp;lt;org.apache.hadoop.fs.Path&amp;gt;)
[ERROR] location: class org.apache.hadoop.hive.io.TestHdfsUtils
[ERROR] /data/hiveptest/working/apache-github-source-source/shims/common/src/main/test/org/apache/hadoop/hive/io/TestHdfsUtils.java:[84,74] cannot find symbol
[ERROR] symbol:   method any(java.lang.Class&amp;lt;java.util.List&amp;gt;)
[ERROR] location: class org.apache.hadoop.hive.io.TestHdfsUtils
[ERROR] /data/hiveptest/working/apache-github-source-source/shims/common/src/main/test/org/apache/hadoop/hive/io/TestHdfsUtils.java:[84,5] cannot find symbol
[ERROR] symbol:   method doThrow(java.lang.Class&amp;lt;java.lang.RuntimeException&amp;gt;)
[ERROR] location: class org.apache.hadoop.hive.io.TestHdfsUtils
[ERROR] /data/hiveptest/working/apache-github-source-source/shims/common/src/main/test/org/apache/hadoop/hive/io/TestHdfsUtils.java:[87,27] cannot find symbol
[ERROR] symbol:   method any(java.lang.Class&amp;lt;org.apache.hadoop.fs.Path&amp;gt;)
[ERROR] location: class org.apache.hadoop.hive.io.TestHdfsUtils
[ERROR] /data/hiveptest/working/apache-github-source-source/shims/common/src/main/test/org/apache/hadoop/hive/io/TestHdfsUtils.java:[87,44] cannot find symbol
[ERROR] symbol:   method any(java.lang.Class&amp;lt;java.util.List&amp;gt;)
[ERROR] location: class org.apache.hadoop.hive.io.TestHdfsUtils
[ERROR] /data/hiveptest/working/apache-github-source-source/shims/common/src/main/test/org/apache/hadoop/hive/io/TestHdfsUtils.java:[87,5] cannot find symbol
[ERROR] symbol:   method verify(org.apache.hadoop.fs.FileSystem)
[ERROR] location: class org.apache.hadoop.hive.io.TestHdfsUtils
[ERROR] /data/hiveptest/working/apache-github-source-source/shims/common/src/main/test/org/apache/hadoop/hive/io/TestHdfsUtils.java:[99,55] cannot find symbol
[ERROR] symbol:   method mock(java.lang.Class&amp;lt;org.apache.hadoop.hive.io.HdfsUtils.HadoopFileStatus&amp;gt;)
[ERROR] location: class org.apache.hadoop.hive.io.TestHdfsUtils
[ERROR] /data/hiveptest/working/apache-github-source-source/shims/common/src/main/test/org/apache/hadoop/hive/io/TestHdfsUtils.java:[100,35] cannot find symbol
[ERROR] symbol:   method mock(java.lang.Class&amp;lt;org.apache.hadoop.fs.FileStatus&amp;gt;)
[ERROR] location: class org.apache.hadoop.hive.io.TestHdfsUtils
[ERROR] /data/hiveptest/working/apache-github-source-source/shims/common/src/main/test/org/apache/hadoop/hive/io/TestHdfsUtils.java:[101,25] cannot find symbol
[ERROR] symbol:   method mock(java.lang.Class&amp;lt;org.apache.hadoop.fs.FileSystem&amp;gt;)
[ERROR] location: class org.apache.hadoop.hive.io.TestHdfsUtils
[ERROR] /data/hiveptest/working/apache-github-source-source/shims/common/src/main/test/org/apache/hadoop/hive/io/TestHdfsUtils.java:[103,5] cannot find symbol
[ERROR] symbol:   method when(org.apache.hadoop.fs.permission.FsPermission)
[ERROR] location: class org.apache.hadoop.hive.io.TestHdfsUtils
[ERROR] /data/hiveptest/working/apache-github-source-source/shims/common/src/main/test/org/apache/hadoop/hive/io/TestHdfsUtils.java:[104,5] cannot find symbol
[ERROR] symbol:   method when(org.apache.hadoop.fs.FileStatus)
[ERROR] location: class org.apache.hadoop.hive.io.TestHdfsUtils
[ERROR] /data/hiveptest/working/apache-github-source-source/shims/common/src/main/test/org/apache/hadoop/hive/io/TestHdfsUtils.java:[105,64] cannot find symbol
[ERROR] symbol:   method any(java.lang.Class&amp;lt;org.apache.hadoop.fs.Path&amp;gt;)
[ERROR] location: class org.apache.hadoop.hive.io.TestHdfsUtils
[ERROR] /data/hiveptest/working/apache-github-source-source/shims/common/src/main/test/org/apache/hadoop/hive/io/TestHdfsUtils.java:[105,81] cannot find symbol
[ERROR] symbol:   method any(java.lang.Class&amp;lt;org.apache.hadoop.fs.permission.FsPermission&amp;gt;)
[ERROR] location: class org.apache.hadoop.hive.io.TestHdfsUtils
[ERROR] /data/hiveptest/working/apache-github-source-source/shims/common/src/main/test/org/apache/hadoop/hive/io/TestHdfsUtils.java:[105,5] cannot find symbol
[ERROR] symbol:   method doThrow(java.lang.Class&amp;lt;java.lang.RuntimeException&amp;gt;)
[ERROR] location: class org.apache.hadoop.hive.io.TestHdfsUtils
[ERROR] /data/hiveptest/working/apache-github-source-source/shims/common/src/main/test/org/apache/hadoop/hive/io/TestHdfsUtils.java:[108,34] cannot find symbol
[ERROR] symbol:   method any(java.lang.Class&amp;lt;org.apache.hadoop.fs.Path&amp;gt;)
[ERROR] location: class org.apache.hadoop.hive.io.TestHdfsUtils
[ERROR] /data/hiveptest/working/apache-github-source-source/shims/common/src/main/test/org/apache/hadoop/hive/io/TestHdfsUtils.java:[108,51] cannot find symbol
[ERROR] symbol:   method any(java.lang.Class&amp;lt;org.apache.hadoop.fs.permission.FsPermission&amp;gt;)
[ERROR] location: class org.apache.hadoop.hive.io.TestHdfsUtils
[ERROR] /data/hiveptest/working/apache-github-source-source/shims/common/src/main/test/org/apache/hadoop/hive/io/TestHdfsUtils.java:[108,5] cannot find symbol
[ERROR] symbol:   method verify(org.apache.hadoop.fs.FileSystem)
[ERROR] location: class org.apache.hadoop.hive.io.TestHdfsUtils
[ERROR] /data/hiveptest/working/apache-github-source-source/shims/common/src/main/test/org/apache/hadoop/hive/io/TestHdfsUtils.java:[123,55] cannot find symbol
[ERROR] symbol:   method mock(java.lang.Class&amp;lt;org.apache.hadoop.hive.io.HdfsUtils.HadoopFileStatus&amp;gt;)
[ERROR] location: class org.apache.hadoop.hive.io.TestHdfsUtils
[ERROR] /data/hiveptest/working/apache-github-source-source/shims/common/src/main/test/org/apache/hadoop/hive/io/TestHdfsUtils.java:[124,35] cannot find symbol
[ERROR] symbol:   method mock(java.lang.Class&amp;lt;org.apache.hadoop.fs.FileStatus&amp;gt;)
[ERROR] location: class org.apache.hadoop.hive.io.TestHdfsUtils
[ERROR] /data/hiveptest/working/apache-github-source-source/shims/common/src/main/test/org/apache/hadoop/hive/io/TestHdfsUtils.java:[125,27] cannot find symbol
[ERROR] symbol:   method mock(java.lang.Class&amp;lt;org.apache.hadoop.fs.FsShell&amp;gt;)
[ERROR] location: class org.apache.hadoop.hive.io.TestHdfsUtils
[ERROR] /data/hiveptest/working/apache-github-source-source/shims/common/src/main/test/org/apache/hadoop/hive/io/TestHdfsUtils.java:[127,5] cannot find symbol
[ERROR] symbol:   method when(java.lang.String)
[ERROR] location: class org.apache.hadoop.hive.io.TestHdfsUtils
[ERROR] /data/hiveptest/working/apache-github-source-source/shims/common/src/main/test/org/apache/hadoop/hive/io/TestHdfsUtils.java:[128,5] cannot find symbol
[ERROR] symbol:   method when(org.apache.hadoop.fs.FileStatus)
[ERROR] location: class org.apache.hadoop.hive.io.TestHdfsUtils
[ERROR] /data/hiveptest/working/apache-github-source-source/shims/common/src/main/test/org/apache/hadoop/hive/io/TestHdfsUtils.java:[129,59] cannot find symbol
[ERROR] symbol:   method any(java.lang.Class&amp;lt;java.lang.String[]&amp;gt;)
[ERROR] location: class org.apache.hadoop.hive.io.TestHdfsUtils
[ERROR] /data/hiveptest/working/apache-github-source-source/shims/common/src/main/test/org/apache/hadoop/hive/io/TestHdfsUtils.java:[129,5] cannot find symbol
[ERROR] symbol:   method doThrow(java.lang.Class&amp;lt;java.lang.RuntimeException&amp;gt;)
[ERROR] location: class org.apache.hadoop.hive.io.TestHdfsUtils
[ERROR] /data/hiveptest/working/apache-github-source-source/shims/common/src/main/test/org/apache/hadoop/hive/io/TestHdfsUtils.java:[131,78] cannot find symbol
[ERROR] symbol:   method mock(java.lang.Class&amp;lt;org.apache.hadoop.fs.FileSystem&amp;gt;)
[ERROR] location: class org.apache.hadoop.hive.io.TestHdfsUtils
[ERROR] /data/hiveptest/working/apache-github-source-source/shims/common/src/main/test/org/apache/hadoop/hive/io/TestHdfsUtils.java:[133,5] cannot find symbol
[ERROR] symbol:   method verify(org.apache.hadoop.fs.FsShell)
[ERROR] location: class org.apache.hadoop.hive.io.TestHdfsUtils
[ERROR] /data/hiveptest/working/apache-github-source-source/shims/common/src/main/test/org/apache/hadoop/hive/io/TestHdfsUtils.java:[146,55] cannot find symbol
[ERROR] symbol:   method mock(java.lang.Class&amp;lt;org.apache.hadoop.hive.io.HdfsUtils.HadoopFileStatus&amp;gt;)
[ERROR] location: class org.apache.hadoop.hive.io.TestHdfsUtils
[ERROR] /data/hiveptest/working/apache-github-source-source/shims/common/src/main/test/org/apache/hadoop/hive/io/TestHdfsUtils.java:[147,35] cannot find symbol
[ERROR] symbol:   method mock(java.lang.Class&amp;lt;org.apache.hadoop.fs.FileStatus&amp;gt;)
[ERROR] location: class org.apache.hadoop.hive.io.TestHdfsUtils
[ERROR] /data/hiveptest/working/apache-github-source-source/shims/common/src/main/test/org/apache/hadoop/hive/io/TestHdfsUtils.java:[148,27] cannot find symbol
[ERROR] symbol:   method mock(java.lang.Class&amp;lt;org.apache.hadoop.fs.FsShell&amp;gt;)
[ERROR] location: class org.apache.hadoop.hive.io.TestHdfsUtils
[ERROR] /data/hiveptest/working/apache-github-source-source/shims/common/src/main/test/org/apache/hadoop/hive/io/TestHdfsUtils.java:[149,31] cannot find symbol
[ERROR] symbol:   method mock(java.lang.Class&amp;lt;org.apache.hadoop.fs.permission.AclStatus&amp;gt;)
[ERROR] location: class org.apache.hadoop.hive.io.TestHdfsUtils
[ERROR] /data/hiveptest/working/apache-github-source-source/shims/common/src/main/test/org/apache/hadoop/hive/io/TestHdfsUtils.java:[151,5] cannot find symbol
[ERROR] symbol:   method when(org.apache.hadoop.fs.permission.FsPermission)
[ERROR] location: class org.apache.hadoop.hive.io.TestHdfsUtils
[ERROR] /data/hiveptest/working/apache-github-source-source/shims/common/src/main/test/org/apache/hadoop/hive/io/TestHdfsUtils.java:[152,5] cannot find symbol
[ERROR] symbol:   method when(java.lang.String)
[ERROR] location: class org.apache.hadoop.hive.io.TestHdfsUtils
[ERROR] /data/hiveptest/working/apache-github-source-source/shims/common/src/main/test/org/apache/hadoop/hive/io/TestHdfsUtils.java:[153,5] cannot find symbol
[ERROR] symbol:   method when(org.apache.hadoop.fs.FileStatus)
[ERROR] location: class org.apache.hadoop.hive.io.TestHdfsUtils
[ERROR] /data/hiveptest/working/apache-github-source-source/shims/common/src/main/test/org/apache/hadoop/hive/io/TestHdfsUtils.java:[154,5] cannot find symbol
[ERROR] symbol:   method when(java.util.List&amp;lt;org.apache.hadoop.fs.permission.AclEntry&amp;gt;)
[ERROR] location: class org.apache.hadoop.hive.io.TestHdfsUtils
[ERROR] /data/hiveptest/working/apache-github-source-source/shims/common/src/main/test/org/apache/hadoop/hive/io/TestHdfsUtils.java:[155,5] cannot find symbol
[ERROR] symbol:   method when(org.apache.hadoop.fs.permission.AclStatus)
[ERROR] location: class org.apache.hadoop.hive.io.TestHdfsUtils
[ERROR] /data/hiveptest/working/apache-github-source-source/shims/common/src/main/test/org/apache/hadoop/hive/io/TestHdfsUtils.java:[156,59] cannot find symbol
[ERROR] symbol:   method any(java.lang.Class&amp;lt;java.lang.String[]&amp;gt;)
[ERROR] location: class org.apache.hadoop.hive.io.TestHdfsUtils
[ERROR] /data/hiveptest/working/apache-github-source-source/shims/common/src/main/test/org/apache/hadoop/hive/io/TestHdfsUtils.java:[156,5] cannot find symbol
[ERROR] symbol:   method doThrow(java.lang.Class&amp;lt;java.lang.RuntimeException&amp;gt;)
[ERROR] location: class org.apache.hadoop.hive.io.TestHdfsUtils
[ERROR] /data/hiveptest/working/apache-github-source-source/shims/common/src/main/test/org/apache/hadoop/hive/io/TestHdfsUtils.java:[158,65] cannot find symbol
[ERROR] symbol:   method mock(java.lang.Class&amp;lt;org.apache.hadoop.fs.FileSystem&amp;gt;)
[ERROR] location: class org.apache.hadoop.hive.io.TestHdfsUtils
[ERROR] /data/hiveptest/working/apache-github-source-source/shims/common/src/main/test/org/apache/hadoop/hive/io/TestHdfsUtils.java:[159,69] cannot find symbol
[ERROR] symbol:   method any(java.lang.Class&amp;lt;java.lang.String&amp;gt;)
[ERROR] location: class org.apache.hadoop.hive.io.TestHdfsUtils
[ERROR] /data/hiveptest/working/apache-github-source-source/shims/common/src/main/test/org/apache/hadoop/hive/io/TestHdfsUtils.java:[159,5] cannot find symbol
[ERROR] symbol:   method verify(org.apache.hadoop.fs.FsShell)
[ERROR] location: class org.apache.hadoop.hive.io.TestHdfsUtils
[ERROR] /data/hiveptest/working/apache-github-source-source/shims/common/src/main/test/org/apache/hadoop/hive/io/TestHdfsUtils.java:[172,55] cannot find symbol
[ERROR] symbol:   method mock(java.lang.Class&amp;lt;org.apache.hadoop.hive.io.HdfsUtils.HadoopFileStatus&amp;gt;)
[ERROR] location: class org.apache.hadoop.hive.io.TestHdfsUtils
[ERROR] /data/hiveptest/working/apache-github-source-source/shims/common/src/main/test/org/apache/hadoop/hive/io/TestHdfsUtils.java:[173,35] cannot find symbol
[ERROR] symbol:   method mock(java.lang.Class&amp;lt;org.apache.hadoop.fs.FileStatus&amp;gt;)
[ERROR] location: class org.apache.hadoop.hive.io.TestHdfsUtils
[ERROR] /data/hiveptest/working/apache-github-source-source/shims/common/src/main/test/org/apache/hadoop/hive/io/TestHdfsUtils.java:[174,27] cannot find symbol
[ERROR] symbol:   method mock(java.lang.Class&amp;lt;org.apache.hadoop.fs.FsShell&amp;gt;)
[ERROR] location: class org.apache.hadoop.hive.io.TestHdfsUtils
[ERROR] /data/hiveptest/working/apache-github-source-source/shims/common/src/main/test/org/apache/hadoop/hive/io/TestHdfsUtils.java:[176,5] cannot find symbol
[ERROR] symbol:   method when(org.apache.hadoop.fs.permission.FsPermission)
[ERROR] location: class org.apache.hadoop.hive.io.TestHdfsUtils
[ERROR] /data/hiveptest/working/apache-github-source-source/shims/common/src/main/test/org/apache/hadoop/hive/io/TestHdfsUtils.java:[177,5] cannot find symbol
[ERROR] symbol:   method when(org.apache.hadoop.fs.FileStatus)
[ERROR] location: class org.apache.hadoop.hive.io.TestHdfsUtils
[ERROR] /data/hiveptest/working/apache-github-source-source/shims/common/src/main/test/org/apache/hadoop/hive/io/TestHdfsUtils.java:[178,59] cannot find symbol
[ERROR] symbol:   method any(java.lang.Class&amp;lt;java.lang.String[]&amp;gt;)
[ERROR] location: class org.apache.hadoop.hive.io.TestHdfsUtils
[ERROR] /data/hiveptest/working/apache-github-source-source/shims/common/src/main/test/org/apache/hadoop/hive/io/TestHdfsUtils.java:[178,5] cannot find symbol
[ERROR] symbol:   method doThrow(java.lang.Class&amp;lt;java.lang.RuntimeException&amp;gt;)
[ERROR] location: class org.apache.hadoop.hive.io.TestHdfsUtils
[ERROR] /data/hiveptest/working/apache-github-source-source/shims/common/src/main/test/org/apache/hadoop/hive/io/TestHdfsUtils.java:[180,65] cannot find symbol
[ERROR] symbol:   method mock(java.lang.Class&amp;lt;org.apache.hadoop.fs.FileSystem&amp;gt;)
[ERROR] location: class org.apache.hadoop.hive.io.TestHdfsUtils
[ERROR] /data/hiveptest/working/apache-github-source-source/shims/common/src/main/test/org/apache/hadoop/hive/io/TestHdfsUtils.java:[182,58] cannot find symbol
[ERROR] symbol:   method any(java.lang.Class&amp;lt;java.lang.String&amp;gt;)
[ERROR] location: class org.apache.hadoop.hive.io.TestHdfsUtils
[ERROR] /data/hiveptest/working/apache-github-source-source/shims/common/src/main/test/org/apache/hadoop/hive/io/TestHdfsUtils.java:[182,5] cannot find symbol
[ERROR] symbol:   method verify(org.apache.hadoop.fs.FsShell)
[ERROR] location: class org.apache.hadoop.hive.io.TestHdfsUtils
[ERROR] -&amp;gt; [Help 1]
[ERROR] 
[ERROR] To see the full stack trace of the errors, re-run Maven with the -e switch.
[ERROR] Re-run Maven using the -X switch to enable full debug logging.
[ERROR] 
[ERROR] For more information about the errors and possible solutions, please read the following articles:
[ERROR] [Help 1] http://cwiki.apache.org/confluence/display/MAVEN/MojoFailureException
[ERROR] 
[ERROR] After correcting the problems, you can resume the build with the command
[ERROR]   mvn &amp;lt;goals&amp;gt; -rf :hive-shims-common
+ exit 1
&apos;
&lt;/pre&gt;
&lt;/div&gt;&lt;/div&gt;

&lt;p&gt;This message is automatically generated.&lt;/p&gt;

&lt;p&gt;ATTACHMENT ID: 12862000 - PreCommit-HIVE-Build&lt;/p&gt;</comment>
                            <comment id="15956317" author="anishek" created="Wed, 5 Apr 2017 05:15:55 +0000"  >&lt;p&gt;adding back the required mockito-all global dependency&lt;/p&gt;</comment>
                            <comment id="15956444" author="hiveqa" created="Wed, 5 Apr 2017 07:37:37 +0000"  >

&lt;p&gt;Here are the results of testing the latest attachment:&lt;br/&gt;
&lt;a href=&quot;https://issues.apache.org/jira/secure/attachment/12862008/HIVE-16380.2.patch&quot; class=&quot;external-link&quot; rel=&quot;nofollow&quot;&gt;https://issues.apache.org/jira/secure/attachment/12862008/HIVE-16380.2.patch&lt;/a&gt;&lt;/p&gt;

&lt;p&gt;&lt;font color=&quot;red&quot;&gt;ERROR:&lt;/font&gt; -1 due to no test(s) being added or modified.&lt;/p&gt;

&lt;p&gt;&lt;font color=&quot;red&quot;&gt;ERROR:&lt;/font&gt; -1 due to 4 failed/errored test(s), 10577 tests executed&lt;br/&gt;
&lt;b&gt;Failed tests:&lt;/b&gt;&lt;/p&gt;
&lt;div class=&quot;preformatted panel&quot; style=&quot;border-width: 1px;&quot;&gt;&lt;div class=&quot;preformattedContent panelContent&quot;&gt;
&lt;pre&gt;org.apache.hadoop.hive.cli.TestBeeLineDriver.testCliDriver[drop_with_concurrency] (batchId=234)
org.apache.hadoop.hive.cli.TestBeeLineDriver.testCliDriver[escape_comments] (batchId=234)
org.apache.hadoop.hive.cli.TestMiniLlapLocalCliDriver.testCliDriver[vector_if_expr] (batchId=142)
org.apache.hive.jdbc.TestJdbcDriver2.testResultSetMetaData (batchId=220)
&lt;/pre&gt;
&lt;/div&gt;&lt;/div&gt;

&lt;p&gt;Test results: &lt;a href=&quot;https://builds.apache.org/job/PreCommit-HIVE-Build/4559/testReport&quot; class=&quot;external-link&quot; target=&quot;_blank&quot; rel=&quot;nofollow noopener&quot;&gt;https://builds.apache.org/job/PreCommit-HIVE-Build/4559/testReport&lt;/a&gt;&lt;br/&gt;
Console output: &lt;a href=&quot;https://builds.apache.org/job/PreCommit-HIVE-Build/4559/console&quot; class=&quot;external-link&quot; target=&quot;_blank&quot; rel=&quot;nofollow noopener&quot;&gt;https://builds.apache.org/job/PreCommit-HIVE-Build/4559/console&lt;/a&gt;&lt;br/&gt;
Test logs: &lt;a href=&quot;http://104.198.109.242/logs/PreCommit-HIVE-Build-4559/&quot; class=&quot;external-link&quot; target=&quot;_blank&quot; rel=&quot;nofollow noopener&quot;&gt;http://104.198.109.242/logs/PreCommit-HIVE-Build-4559/&lt;/a&gt;&lt;/p&gt;

&lt;p&gt;Messages:&lt;/p&gt;
&lt;div class=&quot;preformatted panel&quot; style=&quot;border-width: 1px;&quot;&gt;&lt;div class=&quot;preformattedContent panelContent&quot;&gt;
&lt;pre&gt;Executing org.apache.hive.ptest.execution.TestCheckPhase
Executing org.apache.hive.ptest.execution.PrepPhase
Executing org.apache.hive.ptest.execution.ExecutionPhase
Executing org.apache.hive.ptest.execution.ReportingPhase
Tests exited with: TestsFailedException: 4 tests failed
&lt;/pre&gt;
&lt;/div&gt;&lt;/div&gt;

&lt;p&gt;This message is automatically generated.&lt;/p&gt;

&lt;p&gt;ATTACHMENT ID: 12862008 - PreCommit-HIVE-Build&lt;/p&gt;</comment>
                            <comment id="15960411" author="anishek" created="Fri, 7 Apr 2017 07:28:56 +0000"  >&lt;p&gt;&lt;a href=&quot;https://issues.apache.org/jira/secure/ViewProfile.jspa?name=vgumashta&quot; class=&quot;user-hover&quot; rel=&quot;vgumashta&quot;&gt;vgumashta&lt;/a&gt;/ &lt;a href=&quot;https://issues.apache.org/jira/secure/ViewProfile.jspa?name=thejas&quot; class=&quot;user-hover&quot; rel=&quot;thejas&quot;&gt;thejas&lt;/a&gt; /&lt;a href=&quot;https://issues.apache.org/jira/secure/ViewProfile.jspa?name=sushanth&quot; class=&quot;user-hover&quot; rel=&quot;sushanth&quot;&gt;sushanth&lt;/a&gt; please review.&lt;/p&gt;</comment>
                            <comment id="15960417" author="thejas" created="Fri, 7 Apr 2017 07:38:45 +0000"  >&lt;p&gt;+1&lt;br/&gt;
cc &lt;a href=&quot;https://issues.apache.org/jira/secure/ViewProfile.jspa?name=vgumashta&quot; class=&quot;user-hover&quot; rel=&quot;vgumashta&quot;&gt;vgumashta&lt;/a&gt;&lt;/p&gt;</comment>
                            <comment id="15963649" author="thejas" created="Mon, 10 Apr 2017 23:40:59 +0000"  >&lt;p&gt;Patch committed to master, branch-2, branch-2.3&lt;/p&gt;

&lt;p&gt;Thanks Anishek!&lt;/p&gt;</comment>
                            <comment id="16486447" author="vgarg" created="Wed, 23 May 2018 00:00:43 +0000"  >&lt;p&gt;Hive 3.0.0 has been released so closing this jira.&lt;/p&gt;</comment>
                    </comments>
                    <attachments>
                            <attachment id="12862000" name="HIVE-16380.1.patch" size="571" author="anishek" created="Wed, 5 Apr 2017 04:39:18 +0000"/>
                            <attachment id="12862008" name="HIVE-16380.2.patch" size="411" author="anishek" created="Wed, 5 Apr 2017 05:15:55 +0000"/>
                    </attachments>
                <subtasks>
                    </subtasks>
                <customfields>
                                                                            <customfield id="customfield_12310310" key="com.atlassian.jira.toolkit:attachments">
                        <customfieldname>Attachment count</customfieldname>
                        <customfieldvalues>
                            <customfieldvalue>2.0</customfieldvalue>
                        </customfieldvalues>
                    </customfield>
                                                                                                                                                                                                                                                                                                                                                                                                                                                                                                                                                                                                                                                                                                        <customfield id="customfield_12314020" key="com.atlassian.jira.plugins.jira-development-integration-plugin:devsummary">
                        <customfieldname>Development</customfieldname>
                        <customfieldvalues>
                            
                        </customfieldvalues>
                    </customfield>
                                                                                                                        <customfield id="customfield_12313422" key="com.atlassian.jirafisheyeplugin:jobcheckbox">
                        <customfieldname>Enable Automatic Patch Review</customfieldname>
                        <customfieldvalues>
                            <customfieldvalue><![CDATA[false]]></customfieldvalue>

                        </customfieldvalues>
                    </customfield>
                                                                                                                                                                                                                                                                                                                                                                                                                                                                                                                                                                                                                                                <customfield id="customfield_12310420" key="com.pyxis.greenhopper.jira:gh-global-rank">
                        <customfieldname>Global Rank</customfieldname>
                        <customfieldvalues>
                            <customfieldvalue>9223372036854775807</customfieldvalue>
                        </customfieldvalues>
                    </customfield>
                                                                                                                                                                                                                                                                    <customfield id="customfield_12312521" key="com.atlassian.jira.toolkit:LastCommentDate">
                        <customfieldname>Last public comment date</customfieldname>
                        <customfieldvalues>
                            7 years, 26 weeks ago
                        </customfieldvalues>
                    </customfield>
                                                                                                                                                                                                                                                                                                <customfield id="customfield_12311820" key="com.pyxis.greenhopper.jira:gh-lexo-rank">
                        <customfieldname>Rank</customfieldname>
                        <customfieldvalues>
                            <customfieldvalue>0|i3d7tr:</customfieldvalue>

                        </customfieldvalues>
                    </customfield>
                                                                <customfield id="customfield_12310920" key="com.pyxis.greenhopper.jira:gh-global-rank">
                        <customfieldname>Rank (Obsolete)</customfieldname>
                        <customfieldvalues>
                            <customfieldvalue>9223372036854775807</customfieldvalue>
                        </customfieldvalues>
                    </customfield>
                                                                                                                                                                                                                                                                                                                                                                                                                                                                                                                                                                                                                                                                                                                                                                                                                                                                                </customfields>
    </item>
</channel>
</rss>