<!-- 
RSS generated by JIRA (8.20.10#820010-sha1:ace47f9899e9ee25d7157d59aa17ab06aee30d3d) at Wed Nov 12 18:53:28 UTC 2025

It is possible to restrict the fields that are returned in this document by specifying the 'field' parameter in your request.
For example, to request only the issue key and summary append 'field=key&field=summary' to the URL of your request.
-->
<rss version="0.92" >
<channel>
    <title>ASF Jira</title>
    <link>https://issues.apache.org/jira</link>
    <description>This file is an XML representation of an issue</description>
    <language>en-uk</language>    <build-info>
        <version>8.20.10</version>
        <build-number>820010</build-number>
        <build-date>22-06-2022</build-date>
    </build-info>


<item>
            <title>[HIVE-16287] Alter table partition rename with location - moves partition back to hive warehouse</title>
                <link>https://issues.apache.org/jira/browse/HIVE-16287</link>
                <project id="12310843" key="HIVE">Hive</project>
                    <description>&lt;p&gt;I was renaming my partition in a table that I&apos;ve created using the location clause, and noticed that when after rename is completed, my partition is moved to the hive warehouse (hive.metastore.warehouse.dir).&lt;/p&gt;

&lt;blockquote&gt;
&lt;p&gt;create table test_local_part (col1 int) partitioned by (col2 int) location &apos;/tmp/testtable/test_local_part&apos;;&lt;br/&gt;
insert into test_local_part  partition (col2=1) values (1),(3);&lt;br/&gt;
insert into test_local_part  partition (col2=2) values (3);&lt;br/&gt;
alter table test_local_part partition (col2=&apos;1&apos;) rename to partition (col2=&apos;4&apos;);&lt;/p&gt;&lt;/blockquote&gt;

&lt;p&gt;Running: &lt;br/&gt;
   describe formatted test_local_part partition (col2=&apos;2&apos;)&lt;/p&gt;

&lt;ol&gt;
	&lt;li&gt;Detailed Partition Information&lt;br/&gt;
Partition Value:    	&lt;span class=&quot;error&quot;&gt;&amp;#91;2&amp;#93;&lt;/span&gt;                 	 &lt;br/&gt;
Database:           	default             	 &lt;br/&gt;
Table:              	test_local_part     	 &lt;br/&gt;
CreateTime:         	Mon Mar 20 13:25:28 PDT 2017	 &lt;br/&gt;
LastAccessTime:     	UNKNOWN             	 &lt;br/&gt;
Protect Mode:       	None                	 &lt;br/&gt;
Location:           	&lt;b&gt;hdfs://my.server.com:8020/tmp/testtable/test_local_part/col2=2&lt;/b&gt;&lt;/li&gt;
&lt;/ol&gt;


&lt;p&gt;Running: &lt;br/&gt;
   describe formatted test_local_part partition (col2=&apos;4&apos;)&lt;/p&gt;

&lt;ol&gt;
	&lt;li&gt;Detailed Partition Information&lt;br/&gt;
Partition Value:    	&lt;span class=&quot;error&quot;&gt;&amp;#91;4&amp;#93;&lt;/span&gt;                 	 &lt;br/&gt;
Database:           	default             	 &lt;br/&gt;
Table:              	test_local_part     	 &lt;br/&gt;
CreateTime:         	Mon Mar 20 13:24:53 PDT 2017	 &lt;br/&gt;
LastAccessTime:     	UNKNOWN             	 &lt;br/&gt;
Protect Mode:       	None                	 &lt;br/&gt;
Location:           	&lt;b&gt;hdfs://my.server.com:8020/apps/hive/warehouse/test_local_part/col2=4&lt;/b&gt;&lt;/li&gt;
&lt;/ol&gt;


&lt;p&gt;&amp;#8212;&lt;br/&gt;
Per Sergio&apos;s comment - &quot;The rename should create the new partition name in the same location of the table. &quot;&lt;/p&gt;</description>
                <environment>&lt;p&gt;RHEL 6.8 &lt;/p&gt;</environment>
        <key id="13058721">HIVE-16287</key>
            <summary>Alter table partition rename with location - moves partition back to hive warehouse</summary>
                <type id="1" iconUrl="https://issues.apache.org/jira/secure/viewavatar?size=xsmall&amp;avatarId=21133&amp;avatarType=issuetype">Bug</type>
                                            <priority id="4" iconUrl="https://issues.apache.org/jira/images/icons/priorities/minor.svg">Minor</priority>
                        <status id="6" iconUrl="https://issues.apache.org/jira/images/icons/statuses/closed.png" description="The issue is considered finished, the resolution is correct. Issues which are not closed can be reopened.">Closed</status>
                    <statusCategory id="3" key="done" colorName="green"/>
                                    <resolution id="1">Fixed</resolution>
                                        <assignee username="vihangk1">Vihang Karajgaonkar</assignee>
                                    <reporter username="ying1">Ying Chen</reporter>
                        <labels>
                    </labels>
                <created>Thu, 23 Mar 2017 20:34:42 +0000</created>
                <updated>Tue, 22 May 2018 23:58:13 +0000</updated>
                            <resolved>Fri, 21 Apr 2017 18:14:07 +0000</resolved>
                                    <version>2.1.0</version>
                                    <fixVersion>1.3.0</fixVersion>
                    <fixVersion>2.3.0</fixVersion>
                    <fixVersion>2.4.0</fixVersion>
                    <fixVersion>3.0.0</fixVersion>
                                    <component>Metastore</component>
                        <due></due>
                            <votes>0</votes>
                                    <watches>6</watches>
                                    <workratio workratioPercent="0"/>
                                    <progress percentage="0">
                                    <originalProgress>
                                                    <row percentage="100" backgroundColor="#89afd7"/>
                                            </originalProgress>
                                                    <currentProgress>
                                                    <row percentage="0" backgroundColor="#51a825"/>
                                                    <row percentage="100" backgroundColor="#ec8e00"/>
                                            </currentProgress>
                            </progress>
                                    <aggregateprogress percentage="0">
                                    <originalProgress>
                                                    <row percentage="100" backgroundColor="#89afd7"/>
                                            </originalProgress>
                                                    <currentProgress>
                                                    <row percentage="0" backgroundColor="#51a825"/>
                                                    <row percentage="100" backgroundColor="#ec8e00"/>
                                            </currentProgress>
                            </aggregateprogress>
                                    <timeoriginalestimate seconds="172800">48h</timeoriginalestimate>
                            <timeestimate seconds="172800">48h</timeestimate>
                                        <comments>
                            <comment id="15939316" author="vihangk1" created="Thu, 23 Mar 2017 22:15:35 +0000"  >&lt;p&gt;I can take a look at this ..&lt;/p&gt;</comment>
                            <comment id="15956793" author="ying1" created="Wed, 5 Apr 2017 12:55:11 +0000"  >&lt;p&gt;Hi Vihang - &lt;br/&gt;
Are you actively woking on it? if not, mind if I assign it to myself and give it a go ? &lt;br/&gt;
Thanks much!!!&lt;br/&gt;
Ying&lt;/p&gt;</comment>
                            <comment id="15957135" author="vihangk1" created="Wed, 5 Apr 2017 16:16:32 +0000"  >&lt;p&gt;Hi &lt;a href=&quot;https://issues.apache.org/jira/secure/ViewProfile.jspa?name=ying1&quot; class=&quot;user-hover&quot; rel=&quot;ying1&quot;&gt;ying1&lt;/a&gt; Thanks for following up. I have in fact started working on this I will be submitting a patch for this soon (hopefully today).&lt;/p&gt;</comment>
                            <comment id="15957852" author="hiveqa" created="Wed, 5 Apr 2017 22:10:40 +0000"  >

&lt;p&gt;Here are the results of testing the latest attachment:&lt;br/&gt;
&lt;a href=&quot;https://issues.apache.org/jira/secure/attachment/12862142/HIVE-16287.01.patch&quot; class=&quot;external-link&quot; rel=&quot;nofollow&quot;&gt;https://issues.apache.org/jira/secure/attachment/12862142/HIVE-16287.01.patch&lt;/a&gt;&lt;/p&gt;

&lt;p&gt;&lt;font color=&quot;green&quot;&gt;SUCCESS:&lt;/font&gt; +1 due to 1 test(s) being added or modified.&lt;/p&gt;

&lt;p&gt;&lt;font color=&quot;red&quot;&gt;ERROR:&lt;/font&gt; -1 due to 3 failed/errored test(s), 10577 tests executed&lt;br/&gt;
&lt;b&gt;Failed tests:&lt;/b&gt;&lt;/p&gt;
&lt;div class=&quot;preformatted panel&quot; style=&quot;border-width: 1px;&quot;&gt;&lt;div class=&quot;preformattedContent panelContent&quot;&gt;
&lt;pre&gt;org.apache.hadoop.hive.cli.TestBeeLineDriver.testCliDriver[drop_with_concurrency] (batchId=234)
org.apache.hadoop.hive.cli.TestBeeLineDriver.testCliDriver[escape_comments] (batchId=234)
org.apache.hive.jdbc.TestJdbcDriver2.testResultSetMetaData (batchId=220)
&lt;/pre&gt;
&lt;/div&gt;&lt;/div&gt;

&lt;p&gt;Test results: &lt;a href=&quot;https://builds.apache.org/job/PreCommit-HIVE-Build/4565/testReport&quot; class=&quot;external-link&quot; target=&quot;_blank&quot; rel=&quot;nofollow noopener&quot;&gt;https://builds.apache.org/job/PreCommit-HIVE-Build/4565/testReport&lt;/a&gt;&lt;br/&gt;
Console output: &lt;a href=&quot;https://builds.apache.org/job/PreCommit-HIVE-Build/4565/console&quot; class=&quot;external-link&quot; target=&quot;_blank&quot; rel=&quot;nofollow noopener&quot;&gt;https://builds.apache.org/job/PreCommit-HIVE-Build/4565/console&lt;/a&gt;&lt;br/&gt;
Test logs: &lt;a href=&quot;http://104.198.109.242/logs/PreCommit-HIVE-Build-4565/&quot; class=&quot;external-link&quot; target=&quot;_blank&quot; rel=&quot;nofollow noopener&quot;&gt;http://104.198.109.242/logs/PreCommit-HIVE-Build-4565/&lt;/a&gt;&lt;/p&gt;

&lt;p&gt;Messages:&lt;/p&gt;
&lt;div class=&quot;preformatted panel&quot; style=&quot;border-width: 1px;&quot;&gt;&lt;div class=&quot;preformattedContent panelContent&quot;&gt;
&lt;pre&gt;Executing org.apache.hive.ptest.execution.TestCheckPhase
Executing org.apache.hive.ptest.execution.PrepPhase
Executing org.apache.hive.ptest.execution.ExecutionPhase
Executing org.apache.hive.ptest.execution.ReportingPhase
Tests exited with: TestsFailedException: 3 tests failed
&lt;/pre&gt;
&lt;/div&gt;&lt;/div&gt;

&lt;p&gt;This message is automatically generated.&lt;/p&gt;

&lt;p&gt;ATTACHMENT ID: 12862142 - PreCommit-HIVE-Build&lt;/p&gt;</comment>
                            <comment id="15957916" author="vihangk1" created="Wed, 5 Apr 2017 22:30:29 +0000"  >&lt;p&gt;Tests failures are known to be flaky and reported in &lt;a href=&quot;https://issues.apache.org/jira/browse/HIVE-16387&quot; title=&quot;Fix failing test org.apache.hive.jdbc.TestJdbcDriver2.testResultSetMetaData&quot; class=&quot;issue-link&quot; data-issue-key=&quot;HIVE-16387&quot;&gt;&lt;del&gt;HIVE-16387&lt;/del&gt;&lt;/a&gt;, &lt;a href=&quot;https://issues.apache.org/jira/browse/HIVE-16320&quot; title=&quot;Flaky test: TestBeeLineDriver.testCliDriver[escape_comments]&quot; class=&quot;issue-link&quot; data-issue-key=&quot;HIVE-16320&quot;&gt;&lt;del&gt;HIVE-16320&lt;/del&gt;&lt;/a&gt;. drop_with_concurrency test is failing since last 5 builds. Perhaps we need to reopen &lt;a href=&quot;https://issues.apache.org/jira/browse/HIVE-16313&quot; title=&quot;Flaky test: TestBeeLineDriver[drop_with_concurrency]&quot; class=&quot;issue-link&quot; data-issue-key=&quot;HIVE-16313&quot;&gt;&lt;del&gt;HIVE-16313&lt;/del&gt;&lt;/a&gt; or create a new one JIRA to track this test failure. &lt;a href=&quot;https://issues.apache.org/jira/secure/ViewProfile.jspa?name=spena&quot; class=&quot;user-hover&quot; rel=&quot;spena&quot;&gt;spena&lt;/a&gt; Can you please review? Thanks!&lt;/p&gt;</comment>
                            <comment id="15959776" author="ying1" created="Thu, 6 Apr 2017 21:20:46 +0000"  >&lt;p&gt;Hello -  I am able to compile and test this on my Hive 2.1 system, and the directory location looks good for the partitions... &lt;br/&gt;
Ying&lt;/p&gt;</comment>
                            <comment id="15963047" author="spena" created="Mon, 10 Apr 2017 15:38:28 +0000"  >&lt;p&gt;&lt;a href=&quot;https://issues.apache.org/jira/secure/ViewProfile.jspa?name=vihangk1&quot; class=&quot;user-hover&quot; rel=&quot;vihangk1&quot;&gt;vihangk1&lt;/a&gt; The patch looks good. I just wonder if we should wrap the code in a new method, something like:&lt;/p&gt;
&lt;div class=&quot;preformatted panel&quot; style=&quot;border-width: 1px;&quot;&gt;&lt;div class=&quot;preformattedContent panelContent&quot;&gt;
&lt;pre&gt;Path getPartitionPath(String dbname, Table table, Partition partition);
&lt;/pre&gt;
&lt;/div&gt;&lt;/div&gt;
</comment>
                            <comment id="15966200" author="ying1" created="Wed, 12 Apr 2017 16:49:42 +0000"  >&lt;p&gt;This also affects Hive 1.2.1 system. &lt;/p&gt;</comment>
                            <comment id="15966858" author="vihangk1" created="Wed, 12 Apr 2017 23:29:34 +0000"  >&lt;p&gt;Thanks for the review &lt;a href=&quot;https://issues.apache.org/jira/secure/ViewProfile.jspa?name=spena&quot; class=&quot;user-hover&quot; rel=&quot;spena&quot;&gt;spena&lt;/a&gt; It turns out that there was a similar method already in Warehouse.java. When I looked more I found that there are multiple methods doing slightly different things in returning the partition path. I found it very confusing and hence I renamed a method and added javadoc for all the methods so that it is easier to understand when to use which one. Updating the patch with my changes.&lt;/p&gt;</comment>
                            <comment id="15967060" author="hiveqa" created="Thu, 13 Apr 2017 03:29:41 +0000"  >

&lt;p&gt;Here are the results of testing the latest attachment:&lt;br/&gt;
&lt;a href=&quot;https://issues.apache.org/jira/secure/attachment/12863163/HIVE-16287.02.patch&quot; class=&quot;external-link&quot; rel=&quot;nofollow&quot;&gt;https://issues.apache.org/jira/secure/attachment/12863163/HIVE-16287.02.patch&lt;/a&gt;&lt;/p&gt;

&lt;p&gt;&lt;font color=&quot;green&quot;&gt;SUCCESS:&lt;/font&gt; +1 due to 4 test(s) being added or modified.&lt;/p&gt;

&lt;p&gt;&lt;font color=&quot;red&quot;&gt;ERROR:&lt;/font&gt; -1 due to 7 failed/errored test(s), 10571 tests executed&lt;br/&gt;
&lt;b&gt;Failed tests:&lt;/b&gt;&lt;/p&gt;
&lt;div class=&quot;preformatted panel&quot; style=&quot;border-width: 1px;&quot;&gt;&lt;div class=&quot;preformattedContent panelContent&quot;&gt;
&lt;pre&gt;org.apache.hadoop.hive.cli.TestCliDriver.testCliDriver[orc_merge8] (batchId=78)
org.apache.hadoop.hive.cli.TestMiniLlapLocalCliDriver.testCliDriver[vector_if_expr] (batchId=143)
org.apache.hadoop.hive.metastore.TestEmbeddedHiveMetaStore.testRenamePartition (batchId=200)
org.apache.hadoop.hive.metastore.TestRemoteHiveMetaStore.testRenamePartition (batchId=203)
org.apache.hadoop.hive.metastore.TestSetUGIOnBothClientServer.testRenamePartition (batchId=199)
org.apache.hadoop.hive.metastore.TestSetUGIOnOnlyClient.testRenamePartition (batchId=197)
org.apache.hadoop.hive.metastore.TestSetUGIOnOnlyServer.testRenamePartition (batchId=208)
&lt;/pre&gt;
&lt;/div&gt;&lt;/div&gt;

&lt;p&gt;Test results: &lt;a href=&quot;https://builds.apache.org/job/PreCommit-HIVE-Build/4667/testReport&quot; class=&quot;external-link&quot; target=&quot;_blank&quot; rel=&quot;nofollow noopener&quot;&gt;https://builds.apache.org/job/PreCommit-HIVE-Build/4667/testReport&lt;/a&gt;&lt;br/&gt;
Console output: &lt;a href=&quot;https://builds.apache.org/job/PreCommit-HIVE-Build/4667/console&quot; class=&quot;external-link&quot; target=&quot;_blank&quot; rel=&quot;nofollow noopener&quot;&gt;https://builds.apache.org/job/PreCommit-HIVE-Build/4667/console&lt;/a&gt;&lt;br/&gt;
Test logs: &lt;a href=&quot;http://104.198.109.242/logs/PreCommit-HIVE-Build-4667/&quot; class=&quot;external-link&quot; target=&quot;_blank&quot; rel=&quot;nofollow noopener&quot;&gt;http://104.198.109.242/logs/PreCommit-HIVE-Build-4667/&lt;/a&gt;&lt;/p&gt;

&lt;p&gt;Messages:&lt;/p&gt;
&lt;div class=&quot;preformatted panel&quot; style=&quot;border-width: 1px;&quot;&gt;&lt;div class=&quot;preformattedContent panelContent&quot;&gt;
&lt;pre&gt;Executing org.apache.hive.ptest.execution.TestCheckPhase
Executing org.apache.hive.ptest.execution.PrepPhase
Executing org.apache.hive.ptest.execution.ExecutionPhase
Executing org.apache.hive.ptest.execution.ReportingPhase
Tests exited with: TestsFailedException: 7 tests failed
&lt;/pre&gt;
&lt;/div&gt;&lt;/div&gt;

&lt;p&gt;This message is automatically generated.&lt;/p&gt;

&lt;p&gt;ATTACHMENT ID: 12863163 - PreCommit-HIVE-Build&lt;/p&gt;</comment>
                            <comment id="15968090" author="ying1" created="Thu, 13 Apr 2017 19:05:01 +0000"  >&lt;p&gt;In the change for HiveAlterHandler -  &quot; destPath = wh.getPartitionPath(msdb.getDatabase(dbname), tbl, part_vals);&quot;&lt;br/&gt;
Shouldn&apos;t new_part.getValues()  be used instead of part_vals ?&lt;/p&gt;</comment>
                            <comment id="15968107" author="vihangk1" created="Thu, 13 Apr 2017 19:16:56 +0000"  >&lt;p&gt;Thanks &lt;a href=&quot;https://issues.apache.org/jira/secure/ViewProfile.jspa?name=ying1&quot; class=&quot;user-hover&quot; rel=&quot;ying1&quot;&gt;ying1&lt;/a&gt; for reviewing. I ran the tests locally and found the same. I will do some tests and update the patch a in few minutes.&lt;/p&gt;</comment>
                            <comment id="15968119" author="vihangk1" created="Thu, 13 Apr 2017 19:31:18 +0000"  >&lt;p&gt;Updating the patch for the test failures.&lt;/p&gt;</comment>
                            <comment id="15968402" author="hiveqa" created="Thu, 13 Apr 2017 23:48:37 +0000"  >

&lt;p&gt;Here are the results of testing the latest attachment:&lt;br/&gt;
&lt;a href=&quot;https://issues.apache.org/jira/secure/attachment/12863344/HIVE-16287.03.patch&quot; class=&quot;external-link&quot; rel=&quot;nofollow&quot;&gt;https://issues.apache.org/jira/secure/attachment/12863344/HIVE-16287.03.patch&lt;/a&gt;&lt;/p&gt;

&lt;p&gt;&lt;font color=&quot;green&quot;&gt;SUCCESS:&lt;/font&gt; +1 due to 4 test(s) being added or modified.&lt;/p&gt;

&lt;p&gt;&lt;font color=&quot;red&quot;&gt;ERROR:&lt;/font&gt; -1 due to 3 failed/errored test(s), 10571 tests executed&lt;br/&gt;
&lt;b&gt;Failed tests:&lt;/b&gt;&lt;/p&gt;
&lt;div class=&quot;preformatted panel&quot; style=&quot;border-width: 1px;&quot;&gt;&lt;div class=&quot;preformattedContent panelContent&quot;&gt;
&lt;pre&gt;org.apache.hadoop.hive.cli.TestMiniLlapCliDriver.testCliDriver[orc_llap_counters] (batchId=141)
org.apache.hadoop.hive.cli.TestMiniLlapLocalCliDriver.testCliDriver[vector_if_expr] (batchId=143)
org.apache.hadoop.hive.metastore.hbase.TestHBaseMetastoreSql.partitionedTable (batchId=201)
&lt;/pre&gt;
&lt;/div&gt;&lt;/div&gt;

&lt;p&gt;Test results: &lt;a href=&quot;https://builds.apache.org/job/PreCommit-HIVE-Build/4680/testReport&quot; class=&quot;external-link&quot; target=&quot;_blank&quot; rel=&quot;nofollow noopener&quot;&gt;https://builds.apache.org/job/PreCommit-HIVE-Build/4680/testReport&lt;/a&gt;&lt;br/&gt;
Console output: &lt;a href=&quot;https://builds.apache.org/job/PreCommit-HIVE-Build/4680/console&quot; class=&quot;external-link&quot; target=&quot;_blank&quot; rel=&quot;nofollow noopener&quot;&gt;https://builds.apache.org/job/PreCommit-HIVE-Build/4680/console&lt;/a&gt;&lt;br/&gt;
Test logs: &lt;a href=&quot;http://104.198.109.242/logs/PreCommit-HIVE-Build-4680/&quot; class=&quot;external-link&quot; target=&quot;_blank&quot; rel=&quot;nofollow noopener&quot;&gt;http://104.198.109.242/logs/PreCommit-HIVE-Build-4680/&lt;/a&gt;&lt;/p&gt;

&lt;p&gt;Messages:&lt;/p&gt;
&lt;div class=&quot;preformatted panel&quot; style=&quot;border-width: 1px;&quot;&gt;&lt;div class=&quot;preformattedContent panelContent&quot;&gt;
&lt;pre&gt;Executing org.apache.hive.ptest.execution.TestCheckPhase
Executing org.apache.hive.ptest.execution.PrepPhase
Executing org.apache.hive.ptest.execution.ExecutionPhase
Executing org.apache.hive.ptest.execution.ReportingPhase
Tests exited with: TestsFailedException: 3 tests failed
&lt;/pre&gt;
&lt;/div&gt;&lt;/div&gt;

&lt;p&gt;This message is automatically generated.&lt;/p&gt;

&lt;p&gt;ATTACHMENT ID: 12863344 - PreCommit-HIVE-Build&lt;/p&gt;</comment>
                            <comment id="15968680" author="vihangk1" created="Fri, 14 Apr 2017 06:16:31 +0000"  >&lt;p&gt;TestHBaseMetastoreSql and TestMiniLlapCliDriver&lt;span class=&quot;error&quot;&gt;&amp;#91;orc_llap_counters&amp;#93;&lt;/span&gt; tests are working for me locally. Resubmitting the patch one more time to make sure they are not flaky test failures. The third test failure is known flaky test failing on other pre-commit runs as well.&lt;/p&gt;</comment>
                            <comment id="15968759" author="hiveqa" created="Fri, 14 Apr 2017 08:08:49 +0000"  >

&lt;p&gt;Here are the results of testing the latest attachment:&lt;br/&gt;
&lt;a href=&quot;https://issues.apache.org/jira/secure/attachment/12863427/HIVE-16287.04.patch&quot; class=&quot;external-link&quot; rel=&quot;nofollow&quot;&gt;https://issues.apache.org/jira/secure/attachment/12863427/HIVE-16287.04.patch&lt;/a&gt;&lt;/p&gt;

&lt;p&gt;&lt;font color=&quot;green&quot;&gt;SUCCESS:&lt;/font&gt; +1 due to 4 test(s) being added or modified.&lt;/p&gt;

&lt;p&gt;&lt;font color=&quot;green&quot;&gt;SUCCESS:&lt;/font&gt; +1 due to 10574 tests passed&lt;/p&gt;

&lt;p&gt;Test results: &lt;a href=&quot;https://builds.apache.org/job/PreCommit-HIVE-Build/4690/testReport&quot; class=&quot;external-link&quot; target=&quot;_blank&quot; rel=&quot;nofollow noopener&quot;&gt;https://builds.apache.org/job/PreCommit-HIVE-Build/4690/testReport&lt;/a&gt;&lt;br/&gt;
Console output: &lt;a href=&quot;https://builds.apache.org/job/PreCommit-HIVE-Build/4690/console&quot; class=&quot;external-link&quot; target=&quot;_blank&quot; rel=&quot;nofollow noopener&quot;&gt;https://builds.apache.org/job/PreCommit-HIVE-Build/4690/console&lt;/a&gt;&lt;br/&gt;
Test logs: &lt;a href=&quot;http://104.198.109.242/logs/PreCommit-HIVE-Build-4690/&quot; class=&quot;external-link&quot; target=&quot;_blank&quot; rel=&quot;nofollow noopener&quot;&gt;http://104.198.109.242/logs/PreCommit-HIVE-Build-4690/&lt;/a&gt;&lt;/p&gt;

&lt;p&gt;Messages:&lt;/p&gt;
&lt;div class=&quot;preformatted panel&quot; style=&quot;border-width: 1px;&quot;&gt;&lt;div class=&quot;preformattedContent panelContent&quot;&gt;
&lt;pre&gt;Executing org.apache.hive.ptest.execution.TestCheckPhase
Executing org.apache.hive.ptest.execution.PrepPhase
Executing org.apache.hive.ptest.execution.ExecutionPhase
Executing org.apache.hive.ptest.execution.ReportingPhase
&lt;/pre&gt;
&lt;/div&gt;&lt;/div&gt;

&lt;p&gt;This message is automatically generated.&lt;/p&gt;

&lt;p&gt;ATTACHMENT ID: 12863427 - PreCommit-HIVE-Build&lt;/p&gt;</comment>
                            <comment id="15969271" author="vihangk1" created="Fri, 14 Apr 2017 17:15:31 +0000"  >&lt;p&gt;&lt;a href=&quot;https://issues.apache.org/jira/secure/ViewProfile.jspa?name=spena&quot; class=&quot;user-hover&quot; rel=&quot;spena&quot;&gt;spena&lt;/a&gt; Can you please review?&lt;/p&gt;</comment>
                            <comment id="15969315" author="spena" created="Fri, 14 Apr 2017 17:41:40 +0000"  >&lt;p&gt;It looks good.&lt;br/&gt;
+1&lt;/p&gt;</comment>
                            <comment id="15970230" author="lirui" created="Sun, 16 Apr 2017 03:16:58 +0000"  >&lt;p&gt;&lt;a href=&quot;https://issues.apache.org/jira/secure/ViewProfile.jspa?name=vihangk1&quot; class=&quot;user-hover&quot; rel=&quot;vihangk1&quot;&gt;vihangk1&lt;/a&gt;, since this issue exists in 1.x, could you provide a patch for branch-1 too? Thanks.&lt;/p&gt;</comment>
                            <comment id="15971235" author="spena" created="Mon, 17 Apr 2017 15:44:49 +0000"  >&lt;p&gt;&lt;a href=&quot;https://issues.apache.org/jira/secure/ViewProfile.jspa?name=vihangk1&quot; class=&quot;user-hover&quot; rel=&quot;vihangk1&quot;&gt;vihangk1&lt;/a&gt; I committed the patch to master and branch-2. If you want to submit a patch for branch-1, then I won&apos;t close the jira until you submit it.&lt;/p&gt;</comment>
                            <comment id="15971331" author="vihangk1" created="Mon, 17 Apr 2017 16:53:18 +0000"  >&lt;p&gt;Thanks for the review and commit &lt;a href=&quot;https://issues.apache.org/jira/secure/ViewProfile.jspa?name=spena&quot; class=&quot;user-hover&quot; rel=&quot;spena&quot;&gt;spena&lt;/a&gt;. There are some conflicts when we apply the patch to branch-1 which I need to resolve. I will update the patch for branch-1 soon.&lt;/p&gt;</comment>
                            <comment id="15971459" author="vihangk1" created="Mon, 17 Apr 2017 18:33:11 +0000"  >&lt;p&gt;Attaching the patch for branch-1&lt;/p&gt;</comment>
                            <comment id="15971462" author="vihangk1" created="Mon, 17 Apr 2017 18:34:39 +0000"  >&lt;p&gt;Hi &lt;a href=&quot;https://issues.apache.org/jira/secure/ViewProfile.jspa?name=spena&quot; class=&quot;user-hover&quot; rel=&quot;spena&quot;&gt;spena&lt;/a&gt; Can you please commit the addendum to the original patch also. It modifies the q file which had a minor issue in it. Thanks!&lt;/p&gt;</comment>
                            <comment id="15971485" author="spena" created="Mon, 17 Apr 2017 18:44:58 +0000"  >&lt;p&gt;Thanks Vihang. I committed the addendum to the master and branch-2.&lt;/p&gt;</comment>
                            <comment id="15972183" author="lefty@hortonworks.com" created="Tue, 18 Apr 2017 06:25:52 +0000"  >&lt;p&gt;&lt;a href=&quot;https://issues.apache.org/jira/secure/ViewProfile.jspa?name=spena&quot; class=&quot;user-hover&quot; rel=&quot;spena&quot;&gt;spena&lt;/a&gt;, since April 3 we&apos;ve had branch-2.3 for release 2.3.0 so branch-2 is now intended for release 2.4.0.  Do you want to commit the patch to branch-2.3?&lt;/p&gt;</comment>
                            <comment id="15975165" author="spena" created="Wed, 19 Apr 2017 17:51:58 +0000"  >&lt;p&gt;&lt;a href=&quot;https://issues.apache.org/jira/secure/ViewProfile.jspa?name=vihangk1&quot; class=&quot;user-hover&quot; rel=&quot;vihangk1&quot;&gt;vihangk1&lt;/a&gt; Can you re-attach the branch-1 patch? Jenkins is not testing it.&lt;/p&gt;</comment>
                            <comment id="15975232" author="vihangk1" created="Wed, 19 Apr 2017 18:23:06 +0000"  >&lt;p&gt;Attaching it again. Renamed the patch to one with similar conventions in &lt;a href=&quot;https://issues.apache.org/jira/browse/HIVE-15691&quot; title=&quot;Create StrictRegexWriter to work with RegexSerializer for Flume Hive Sink&quot; class=&quot;issue-link&quot; data-issue-key=&quot;HIVE-15691&quot;&gt;&lt;del&gt;HIVE-15691&lt;/del&gt;&lt;/a&gt;. Hopefully this works.&lt;/p&gt;</comment>
                            <comment id="15975681" author="hiveqa" created="Wed, 19 Apr 2017 22:43:44 +0000"  >

&lt;p&gt;Here are the results of testing the latest attachment:&lt;br/&gt;
&lt;a href=&quot;https://issues.apache.org/jira/secure/attachment/12864051/HIVE-16287.05-branch-1.patch&quot; class=&quot;external-link&quot; rel=&quot;nofollow&quot;&gt;https://issues.apache.org/jira/secure/attachment/12864051/HIVE-16287.05-branch-1.patch&lt;/a&gt;&lt;/p&gt;

&lt;p&gt;&lt;font color=&quot;green&quot;&gt;SUCCESS:&lt;/font&gt; +1 due to 3 test(s) being added or modified.&lt;/p&gt;

&lt;p&gt;&lt;font color=&quot;red&quot;&gt;ERROR:&lt;/font&gt; -1 due to 162 failed/errored test(s), 8112 tests executed&lt;br/&gt;
&lt;b&gt;Failed tests:&lt;/b&gt;&lt;/p&gt;
&lt;div class=&quot;preformatted panel&quot; style=&quot;border-width: 1px;&quot;&gt;&lt;div class=&quot;preformattedContent panelContent&quot;&gt;
&lt;pre&gt;TestAcidOnTez - did not produce a TEST-*.xml file (likely timed out) (batchId=376)
TestAdminUser - did not produce a TEST-*.xml file (likely timed out) (batchId=358)
TestAuthorizationPreEventListener - did not produce a TEST-*.xml file (likely timed out) (batchId=391)
TestAuthzApiEmbedAuthorizerInEmbed - did not produce a TEST-*.xml file (likely timed out) (batchId=368)
TestAuthzApiEmbedAuthorizerInRemote - did not produce a TEST-*.xml file (likely timed out) (batchId=374)
TestBeeLineWithArgs - did not produce a TEST-*.xml file (likely timed out) (batchId=398)
TestCLIAuthzSessionContext - did not produce a TEST-*.xml file (likely timed out) (batchId=416)
TestClearDanglingScratchDir - did not produce a TEST-*.xml file (likely timed out) (batchId=383)
TestClientSideAuthorizationProvider - did not produce a TEST-*.xml file (likely timed out) (batchId=390)
TestCompactor - did not produce a TEST-*.xml file (likely timed out) (batchId=379)
TestCreateUdfEntities - did not produce a TEST-*.xml file (likely timed out) (batchId=378)
TestCustomAuthentication - did not produce a TEST-*.xml file (likely timed out) (batchId=399)
TestDBTokenStore - did not produce a TEST-*.xml file (likely timed out) (batchId=342)
TestDDLWithRemoteMetastoreSecondNamenode - did not produce a TEST-*.xml file (likely timed out) (batchId=377)
TestDynamicSerDe - did not produce a TEST-*.xml file (likely timed out) (batchId=345)
TestEmbeddedHiveMetaStore - did not produce a TEST-*.xml file (likely timed out) (batchId=355)
TestEmbeddedThriftBinaryCLIService - did not produce a TEST-*.xml file (likely timed out) (batchId=402)
TestFilterHooks - did not produce a TEST-*.xml file (likely timed out) (batchId=350)
TestFolderPermissions - did not produce a TEST-*.xml file (likely timed out) (batchId=385)
TestHS2AuthzContext - did not produce a TEST-*.xml file (likely timed out) (batchId=419)
TestHS2AuthzSessionContext - did not produce a TEST-*.xml file (likely timed out) (batchId=420)
TestHS2ClearDanglingScratchDir - did not produce a TEST-*.xml file (likely timed out) (batchId=406)
TestHS2ImpersonationWithRemoteMS - did not produce a TEST-*.xml file (likely timed out) (batchId=407)
TestHiveAuthorizerCheckInvocation - did not produce a TEST-*.xml file (likely timed out) (batchId=394)
TestHiveAuthorizerShowFilters - did not produce a TEST-*.xml file (likely timed out) (batchId=393)
TestHiveHistory - did not produce a TEST-*.xml file (likely timed out) (batchId=396)
TestHiveMetaStoreTxns - did not produce a TEST-*.xml file (likely timed out) (batchId=370)
TestHiveMetaStoreWithEnvironmentContext - did not produce a TEST-*.xml file (likely timed out) (batchId=360)
TestHiveMetaTool - did not produce a TEST-*.xml file (likely timed out) (batchId=373)
TestHiveServer2 - did not produce a TEST-*.xml file (likely timed out) (batchId=422)
TestHiveServer2SessionTimeout - did not produce a TEST-*.xml file (likely timed out) (batchId=423)
TestHiveSessionImpl - did not produce a TEST-*.xml file (likely timed out) (batchId=403)
TestHs2Hooks - did not produce a TEST-*.xml file (likely timed out) (batchId=375)
TestHs2HooksWithMiniKdc - did not produce a TEST-*.xml file (likely timed out) (batchId=451)
TestJdbcDriver2 - did not produce a TEST-*.xml file (likely timed out) (batchId=410)
TestJdbcMetadataApiAuth - did not produce a TEST-*.xml file (likely timed out) (batchId=421)
TestJdbcWithLocalClusterSpark - did not produce a TEST-*.xml file (likely timed out) (batchId=415)
TestJdbcWithMiniHS2 - did not produce a TEST-*.xml file (likely timed out) (batchId=412)
TestJdbcWithMiniKdc - did not produce a TEST-*.xml file (likely timed out) (batchId=448)
TestJdbcWithMiniKdcCookie - did not produce a TEST-*.xml file (likely timed out) (batchId=447)
TestJdbcWithMiniKdcSQLAuthBinary - did not produce a TEST-*.xml file (likely timed out) (batchId=445)
TestJdbcWithMiniKdcSQLAuthHttp - did not produce a TEST-*.xml file (likely timed out) (batchId=450)
TestJdbcWithMiniMr - did not produce a TEST-*.xml file (likely timed out) (batchId=411)
TestJdbcWithSQLAuthUDFBlacklist - did not produce a TEST-*.xml file (likely timed out) (batchId=417)
TestJdbcWithSQLAuthorization - did not produce a TEST-*.xml file (likely timed out) (batchId=418)
TestLocationQueries - did not produce a TEST-*.xml file (likely timed out) (batchId=382)
TestMTQueries - did not produce a TEST-*.xml file (likely timed out) (batchId=380)
TestMarkPartition - did not produce a TEST-*.xml file (likely timed out) (batchId=367)
TestMarkPartitionRemote - did not produce a TEST-*.xml file (likely timed out) (batchId=371)
TestMetaStoreAuthorization - did not produce a TEST-*.xml file (likely timed out) (batchId=356)
TestMetaStoreConnectionUrlHook - did not produce a TEST-*.xml file (likely timed out) (batchId=354)
TestMetaStoreEndFunctionListener - did not produce a TEST-*.xml file (likely timed out) (batchId=353)
TestMetaStoreEventListener - did not produce a TEST-*.xml file (likely timed out) (batchId=363)
TestMetaStoreEventListenerOnlyOnCommit - did not produce a TEST-*.xml file (likely timed out) (batchId=366)
TestMetaStoreInitListener - did not produce a TEST-*.xml file (likely timed out) (batchId=369)
TestMetaStoreListenersError - did not produce a TEST-*.xml file (likely timed out) (batchId=365)
TestMetaStoreMetrics - did not produce a TEST-*.xml file (likely timed out) (batchId=346)
TestMetaStoreUtils - did not produce a TEST-*.xml file (likely timed out) (batchId=347)
TestMetastoreAuthorizationProvider - did not produce a TEST-*.xml file (likely timed out) (batchId=387)
TestMetastoreVersion - did not produce a TEST-*.xml file (likely timed out) (batchId=362)
TestMiniHS2 - did not produce a TEST-*.xml file (likely timed out) (batchId=424)
TestMiniSparkOnYarnCliDriver - did not produce a TEST-*.xml file (likely timed out) (batchId=452)
TestMultiAuthorizationPreEventListener - did not produce a TEST-*.xml file (likely timed out) (batchId=388)
TestMultiSessionsHS2WithLocalClusterSpark - did not produce a TEST-*.xml file (likely timed out) (batchId=414)
TestNoSaslAuth - did not produce a TEST-*.xml file (likely timed out) (batchId=413)
TestOperationLoggingAPIWithMr - did not produce a TEST-*.xml file (likely timed out) (batchId=404)
TestOperationLoggingAPIWithTez - did not produce a TEST-*.xml file (likely timed out) (batchId=405)
TestPartitionNameWhitelistValidation - did not produce a TEST-*.xml file (likely timed out) (batchId=351)
TestPasswordWithConfig - did not produce a TEST-*.xml file (likely timed out) (batchId=389)
TestRemoteHiveMetaStore - did not produce a TEST-*.xml file (likely timed out) (batchId=359)
TestRemoteHiveMetaStoreIpAddress - did not produce a TEST-*.xml file (likely timed out) (batchId=348)
TestRemoteUGIHiveMetaStoreIpAddress - did not produce a TEST-*.xml file (likely timed out) (batchId=364)
TestRetryingHMSHandler - did not produce a TEST-*.xml file (likely timed out) (batchId=357)
TestSSL - did not produce a TEST-*.xml file (likely timed out) (batchId=408)
TestSchemaTool - did not produce a TEST-*.xml file (likely timed out) (batchId=397)
TestSemanticAnalyzerHookLoading - did not produce a TEST-*.xml file (likely timed out) (batchId=381)
TestSerdeWithFieldComments - did not produce a TEST-*.xml file (likely timed out) (batchId=344)
TestServerSpecificConfig - did not produce a TEST-*.xml file (likely timed out) (batchId=361)
TestServiceDiscovery - did not produce a TEST-*.xml file (likely timed out) (batchId=409)
TestSetUGIOnBothClientServer - did not produce a TEST-*.xml file (likely timed out) (batchId=352)
TestSetUGIOnOnlyClient - did not produce a TEST-*.xml file (likely timed out) (batchId=349)
TestSetUGIOnOnlyServer - did not produce a TEST-*.xml file (likely timed out) (batchId=372)
TestSparkCliDriver - did not produce a TEST-*.xml file (likely timed out) (batchId=191)
	[bucketmapjoin4.q,bucket_map_join_spark2.q,bucket_map_join_spark4.q,union21.q,timestamp_2.q,date_join1.q,mergejoins.q,smb_mapjoin_11.q,auto_sortmerge_join_3.q,mapjoin_test_outer.q,vectorization_9.q,merge2.q,auto_join_without_localtask.q,bucketmapjoin2.q,multi_join_union.q]
TestSparkCliDriver - did not produce a TEST-*.xml file (likely timed out) (batchId=192)
	[parallel_join1.q,join_cond_pushdown_unqual4.q,union_remove_7.q,join13.q,join_vc.q,groupby_cube1.q,join_reorder4.q,sample3.q,smb_mapjoin_19.q,stats16.q,union23.q,union.q,union31.q,cbo_udf_udaf.q,ptf_decimal.q]
TestSparkCliDriver - did not produce a TEST-*.xml file (likely timed out) (batchId=193)
	[union27.q,mapjoin_subquery2.q,union12.q,groupby7_map_multi_single_reducer.q,varchar_join1.q,join7.q,mapjoin1.q,skewjoinopt2.q,bucketsortoptimize_insert_2.q,smb_mapjoin_17.q,script_env_var1.q,groupby7_map.q,groupby3.q,bucketsortoptimize_insert_8.q,union20.q]
TestSparkCliDriver - did not produce a TEST-*.xml file (likely timed out) (batchId=194)
	[ptf_general_queries.q,auto_join_reordering_values.q,sample2.q,join1.q,decimal_join.q,join32_lessSize.q,order2.q,skewjoinopt18.q,union_remove_18.q,join25.q,union_remove_4.q,smb_mapjoin_25.q,groupby9.q,bucketsortoptimize_insert_6.q,ctas.q]
TestSparkCliDriver - did not produce a TEST-*.xml file (likely timed out) (batchId=195)
	[skewjoinopt15.q,list_bucket_dml_2.q,groupby_map_ppr.q,join_rc.q,union14.q,load_dyn_part3.q,smb_mapjoin_12.q,vector_cast_constant.q,auto_sortmerge_join_15.q,union10.q,auto_join11.q,load_dyn_part7.q,vectorization_12.q,groupby_sort_skew_1_23.q,skewjoinopt12.q]
TestSparkCliDriver - did not produce a TEST-*.xml file (likely timed out) (batchId=196)
	[auto_join18.q,input1_limit.q,auto_join26.q,union_remove_14.q,auto_sortmerge_join_14.q,stats_counter_partitioned.q,union22.q,bucket_map_join_tez2.q,smb_mapjoin_22.q,join_reorder.q,stats15.q,transform_ppr1.q,sample1.q,bucketmapjoin8.q,union34.q]
TestSparkCliDriver - did not produce a TEST-*.xml file (likely timed out) (batchId=197)
	[avro_joins.q,skewjoinopt16.q,bucket3.q,skewjoinopt13.q,auto_join14.q,vectorization_14.q,stats1.q,cbo_stats.q,auto_sortmerge_join_6.q,auto_join15.q,union_remove_24.q,union_view.q,join22.q,join33.q,ptf_matchpath.q]
TestSparkCliDriver - did not produce a TEST-*.xml file (likely timed out) (batchId=198)
	[vector_decimal_aggregate.q,skewjoin_noskew.q,leftsemijoin_mr.q,auto_join23.q,bucketmapjoin9.q,input18.q,cbo_simple_select.q,ptf.q,vectorized_nested_mapjoin.q,sample4.q,union18.q,multi_insert_gby.q,groupby1.q,join_reorder2.q,join_cond_pushdown_unqual2.q]
TestSparkCliDriver - did not produce a TEST-*.xml file (likely timed out) (batchId=199)
	[order.q,ppd_join3.q,join10.q,union_remove_11.q,vectorized_math_funcs.q,union_ppr.q,skewjoinopt6.q,union_remove_19.q,join14.q,join32.q,groupby_multi_single_reducer2.q,stats3.q,parquet_join.q,outer_join_ppr.q,join26.q]
TestSparkCliDriver - did not produce a TEST-*.xml file (likely timed out) (batchId=200)
	[skewjoinopt3.q,skewjoinopt19.q,join_merge_multi_expressions.q,skewjoinopt10.q,union5.q,insert_into1.q,vectorization_4.q,stats_counter.q,vectorization_2.q,vector_left_outer_join.q,decimal_1_1.q,semijoin.q,skewjoinopt9.q,rcfile_bigdata.q,load_dyn_part10.q]
TestSparkCliDriver - did not produce a TEST-*.xml file (likely timed out) (batchId=201)
	[multi_insert_mixed.q,smb_mapjoin_4.q,timestamp_comparison.q,join_cond_pushdown_3.q,insert1.q,union_remove_10.q,mapreduce2.q,bucketmapjoin_negative.q,udf_in_file.q,skewjoinopt5.q,auto_join12.q,skewjoin.q,vector_count_distinct.q,smb_mapjoin_3.q,stats10.q]
TestSparkCliDriver - did not produce a TEST-*.xml file (likely timed out) (batchId=202)
	[bucketsortoptimize_insert_4.q,skewjoinopt8.q,vectorization_10.q,auto_join18_multi_distinct.q,custom_input_output_format.q,insert_into3.q,vectorization_part_project.q,vectorization_6.q,skewjoinopt4.q,count.q,stats9.q,auto_join7.q,parallel.q,union33.q,union_lateralview.q]
TestSparkCliDriver - did not produce a TEST-*.xml file (likely timed out) (batchId=203)
	[skewjoin_union_remove_2.q,avro_decimal_native.q,timestamp_null.q,bucketmapjoin_negative3.q,union32.q,groupby_ppr.q,vector_varchar_4.q,stats6.q,stats_only_null.q,join18_multi_distinct.q,cross_join.q,sample8.q,timestamp_1.q,join24.q,join_star.q]
TestSparkCliDriver - did not produce a TEST-*.xml file (likely timed out) (batchId=204)
	[auto_join30.q,union_remove_1.q,ppd_outer_join2.q,date_udf.q,join16.q,smb_mapjoin_13.q,bucketmapjoin7.q,smb_mapjoin_18.q,join19.q,metadata_only_queries.q,union6.q,cbo_subq_in.q,vectorization_part.q,groupby3_map_multi_distinct.q,vectorized_timestamp_funcs.q]
TestSparkCliDriver - did not produce a TEST-*.xml file (likely timed out) (batchId=205)
	[bucketmapjoin12.q,auto_join10.q,ptf_rcfile.q,join20.q,vector_elt.q,multi_insert.q,groupby_rollup1.q,ppd_join5.q,join_filters_overlap.q,vector_string_concat.q,join_empty.q,smb_mapjoin_6.q,auto_sortmerge_join_12.q,groupby_bigdata.q,innerjoin.q]
TestSparkCliDriver - did not produce a TEST-*.xml file (likely timed out) (batchId=206)
	[tez_joins_explain.q,input17.q,ppd_gby_join.q,vectorized_rcfile_columnar.q,ppd_join.q,join_cond_pushdown_1.q,union_remove_6_subq.q,timestamp_3.q,load_dyn_part6.q,load_dyn_part9.q,multi_insert_gby2.q,vectorization_11.q,avro_compression_enabled_native.q,stats_noscan_2.q,transform1.q]
TestSparkCliDriver - did not produce a TEST-*.xml file (likely timed out) (batchId=207)
	[smb_mapjoin_21.q,load_dyn_part15.q,transform2.q,subquery_exists.q,cbo_semijoin.q,bucketmapjoin13.q,join27.q,alter_merge_stats_orc.q,union_remove_2.q,groupby_position.q,join12.q,smb_mapjoin_8.q,join21.q,auto_join16.q,union9.q]
TestSparkCliDriver - did not produce a TEST-*.xml file (likely timed out) (batchId=208)
	[vectorization_16.q,enforce_order.q,join_casesensitive.q,ppd_join2.q,ppd_outer_join5.q,mapjoin_memcheck.q,create_merge_compressed.q,louter_join_ppr.q,sample9.q,smb_mapjoin_16.q,vectorization_not.q,having.q,ppd_outer_join1.q,vector_orderby_5.q,union_remove_12.q]
TestSparkCliDriver - did not produce a TEST-*.xml file (likely timed out) (batchId=209)
	[bucketmapjoin3.q,load_dyn_part5.q,transform_ppr2.q,join23.q,groupby7_map_skew.q,cbo_gby.q,auto_join31.q,auto_sortmerge_join_1.q,join_cond_pushdown_unqual1.q,bucket_map_join_spark3.q,union28.q,escape_sortby1.q,leftsemijoin.q,union_remove_6.q,join29.q]
TestSparkCliDriver - did not produce a TEST-*.xml file (likely timed out) (batchId=210)
	[escape_distributeby1.q,join9.q,groupby2.q,vectorization_pushdown.q,union_date.q,join_cond_pushdown_unqual3.q,join8.q,sample10.q,ppd_outer_join3.q,cross_product_check_1.q,statsfs.q,auto_sortmerge_join_2.q,auto_join_stats.q,input_part2.q,groupby_multi_single_reducer3.q]
TestSparkCliDriver - did not produce a TEST-*.xml file (likely timed out) (batchId=211)
	[groupby_map_ppr_multi_distinct.q,vectorization_13.q,mapjoin_mapjoin.q,union2.q,join41.q,groupby8_map.q,cbo_gby_empty.q,vectorization_short_regress.q,identity_project_remove_skip.q,stats5.q,groupby8_map_skew.q,mapjoin_subquery.q,bucket2.q,smb_mapjoin_1.q,union_remove_8.q]
TestSparkCliDriver - did not produce a TEST-*.xml file (likely timed out) (batchId=212)
	[join39.q,bucketsortoptimize_insert_7.q,vector_distinct_2.q,bucketmapjoin10.q,join11.q,cbo_subq_not_in.q,auto_sortmerge_join_16.q,windowing.q,join40.q,skewjoinopt7.q,stats7.q,annotate_stats_join.q,multi_insert_lateral_view.q,ptf_streaming.q,join_1to1.q]
TestSparkCliDriver - did not produce a TEST-*.xml file (likely timed out) (batchId=213)
	[timestamp_lazy.q,union29.q,runtime_skewjoin_mapjoin_spark.q,auto_join22.q,union8.q,union13.q,dynamic_rdd_cache.q,auto_join29.q,merge1.q,mapjoin_distinct.q,union_remove_3.q,vector_decimal_mapjoin.q,sample5.q,multi_insert_move_tasks_share_dependencies.q,join_array.q]
TestSparkCliDriver - did not produce a TEST-*.xml file (likely timed out) (batchId=214)
	[ppd_join4.q,load_dyn_part2.q,smb_mapjoin_7.q,vectorization_5.q,smb_mapjoin_2.q,ppd_join_filter.q,column_access_stats.q,stats0.q,vector_between_in.q,vectorized_string_funcs.q,vectorization_1.q,bucket_map_join_2.q,temp_table_join1.q,vectorized_case.q,stats_noscan_1.q]
TestSparkCliDriver - did not produce a TEST-*.xml file (likely timed out) (batchId=215)
	[stats2.q,groupby3_map_skew.q,join_cond_pushdown_2.q,union19.q,union24.q,union_remove_5.q,groupby7_noskew_multi_single_reducer.q,groupby_multi_single_reducer.q,index_auto_self_join.q,auto_smb_mapjoin_14.q,script_env_var2.q,pcr.q,auto_join_filters.q,join0.q,join37.q]
TestSparkCliDriver - did not produce a TEST-*.xml file (likely timed out) (batchId=216)
	[stats12.q,groupby4.q,union_top_level.q,groupby10.q,subquery_in.q,mapjoin_filter_on_outerjoin.q,stats14.q,auto_sortmerge_join_4.q,limit_partition_metadataonly.q,load_dyn_part4.q,union3.q,smb_mapjoin_14.q,groupby3_noskew_multi_distinct.q,stats18.q,union_remove_21.q]
TestSparkCliDriver - did not produce a TEST-*.xml file (likely timed out) (batchId=217)
	[auto_sortmerge_join_13.q,join4.q,join35.q,join_reorder3.q,auto_join19.q,sample7.q,vectorization_15.q,union7.q,vectorization_nested_udf.q,load_dyn_part8.q,vector_groupby_3.q,vectorized_ptf.q,auto_join2.q,alter_merge_orc.q,bucket_map_join_1.q]
TestSparkCliDriver - did not produce a TEST-*.xml file (likely timed out) (batchId=218)
	[groupby_complex_types.q,groupby3_map.q,union11.q,union26.q,mapreduce1.q,mapjoin_addjar.q,bucketmapjoin_negative2.q,bucket_map_join_spark1.q,udf_example_add.q,vectorization_div0.q,union_remove_17.q,auto_join_nulls.q,ppd_outer_join4.q,sample6.q,auto_sortmerge_join_9.q]
TestSparkCliDriver - did not produce a TEST-*.xml file (likely timed out) (batchId=219)
	[multigroupby_singlemr.q,auto_join4.q,mapjoin_decimal.q,groupby7.q,join34.q,join5.q,sort.q,join17.q,union_script.q,add_part_multiple.q,limit_pushdown.q,uniquejoin.q,metadata_only_queries_with_filters.q,union25.q,load_dyn_part13.q]
TestSparkCliDriver - did not produce a TEST-*.xml file (likely timed out) (batchId=220)
	[table_access_keys_stats.q,bucketmapjoin11.q,union_remove_9.q,mergejoins_mixed.q,join_nullsafe.q,stats8.q,auto_join28.q,skewjoinopt14.q,union17.q,vectorized_shufflejoin.q,groupby8_noskew.q,auto_sortmerge_join_10.q,groupby11.q,skewjoinopt11.q,load_dyn_part11.q]
TestSparkCliDriver - did not produce a TEST-*.xml file (likely timed out) (batchId=221)
	[script_pipe.q,auto_join24.q,ptf_seqfile.q,union_remove_23.q,filter_join_breaktask.q,parallel_join0.q,join_thrift.q,vectorized_mapjoin.q,groupby8.q,union4.q,auto_join5.q,smb_mapjoin_20.q,groupby_multi_insert_common_distinct.q,join6.q,union_remove_16.q]
TestSparkCliDriver - did not produce a TEST-*.xml file (likely timed out) (batchId=222)
	[ppd_transform.q,smb_mapjoin_15.q,auto_join9.q,vector_data_types.q,input13.q,bucket4.q,ppd_multi_insert.q,skewjoinopt20.q,input12.q,multi_insert_gby3.q,join_map_ppr.q,auto_sortmerge_join_8.q,escape_clusterby1.q,reduce_deduplicate_exclude_join.q,filter_join_breaktask2.q]
TestSparkCliDriver - did not produce a TEST-*.xml file (likely timed out) (batchId=223)
	[auto_join1.q,input14.q,union30.q,stats20.q,union_remove_22.q,vectorization_3.q,cbo_union.q,union_date_trim.q,disable_merge_for_bucketing.q,join3.q,skewjoinopt1.q,join_alt_syntax.q,join30.q,groupby_sort_1_23.q,timestamp_udf.q]
TestSparkCliDriver - did not produce a TEST-*.xml file (likely timed out) (batchId=224)
	[stats13.q,router_join_ppr.q,join15.q,auto_join13.q,join_hive_626.q,vector_mapjoin_reduce.q,auto_join21.q,ptf_register_tblfn.q,join_view.q,join_merging.q,groupby3_noskew.q,optimize_nullscan.q,join38.q,auto_join3.q,vectorization_decimal_date.q]
TestSparkCliDriver - did not produce a TEST-*.xml file (likely timed out) (batchId=225)
	[load_dyn_part12.q,scriptfile1.q,groupby7_noskew.q,bucketmapjoin1.q,auto_join17.q,subquery_multiinsert.q,lateral_view_explode2.q,tez_join_tests.q,join28.q,join_cond_pushdown_4.q,vectorization_0.q,load_dyn_part1.q,skewjoinopt17.q,union_null.q,bucketmapjoin5.q]
TestSparkCliDriver - did not produce a TEST-*.xml file (likely timed out) (batchId=226)
	[join36.q,union_remove_15.q,smb_mapjoin_10.q,bucket_map_join_tez1.q,temp_table.q,union_remove_13.q,auto_join8.q,auto_join6.q,auto_join0.q,vectorization_17.q,auto_join_stats2.q,skewjoin_union_remove_1.q,union16.q,auto_join32.q,union_remove_20.q]
TestSparkCliDriver - did not produce a TEST-*.xml file (likely timed out) (batchId=227)
	[join2.q,avro_joins_native.q,join18.q,auto_join20.q,smb_mapjoin_5.q,vector_char_4.q,auto_sortmerge_join_5.q,cross_product_check_2.q,union_remove_25.q,insert_into2.q,escape_orderby1.q,cbo_limit.q,stats_partscan_1_23.q,groupby_complex_types_multi_single_reducer.q,join_literals.q]
TestSparkCliDriver - did not produce a TEST-*.xml file (likely timed out) (batchId=228)
	[union15.q,auto_sortmerge_join_7.q,join31.q,auto_join27.q,load_dyn_part14.q]
TestSparkNegativeCliDriver - did not produce a TEST-*.xml file (likely timed out) (batchId=453)
TestStorageBasedClientSideAuthorizationProvider - did not produce a TEST-*.xml file (likely timed out) (batchId=395)
TestStorageBasedMetastoreAuthorizationDrops - did not produce a TEST-*.xml file (likely timed out) (batchId=386)
TestStorageBasedMetastoreAuthorizationProvider - did not produce a TEST-*.xml file (likely timed out) (batchId=384)
TestStorageBasedMetastoreAuthorizationReads - did not produce a TEST-*.xml file (likely timed out) (batchId=392)
TestThriftBinaryCLIService - did not produce a TEST-*.xml file (likely timed out) (batchId=400)
TestThriftHttpCLIService - did not produce a TEST-*.xml file (likely timed out) (batchId=401)
TestZooKeeperTokenStore - did not produce a TEST-*.xml file (likely timed out) (batchId=343)
org.apache.hadoop.hive.cli.TestCliDriver.testCliDriver_acid_globallimit (batchId=45)
org.apache.hadoop.hive.cli.TestCliDriver.testCliDriver_acid_mapjoin (batchId=16)
org.apache.hadoop.hive.cli.TestCliDriver.testCliDriver_annotate_stats_table (batchId=32)
org.apache.hadoop.hive.cli.TestCliDriver.testCliDriver_drop_database_removes_partition_dirs (batchId=98)
org.apache.hadoop.hive.cli.TestCliDriver.testCliDriver_drop_table_removes_partition_dirs (batchId=132)
org.apache.hadoop.hive.cli.TestCliDriver.testCliDriver_dynpart_sort_optimization (batchId=81)
org.apache.hadoop.hive.cli.TestCliDriver.testCliDriver_dynpart_sort_optimization_acid (batchId=69)
org.apache.hadoop.hive.cli.TestCliDriver.testCliDriver_groupby10 (batchId=95)
org.apache.hadoop.hive.cli.TestCliDriver.testCliDriver_groupby11 (batchId=111)
org.apache.hadoop.hive.cli.TestCliDriver.testCliDriver_groupby8 (batchId=114)
org.apache.hadoop.hive.cli.TestCliDriver.testCliDriver_ivyDownload (batchId=38)
org.apache.hadoop.hive.cli.TestCliDriver.testCliDriver_semijoin5 (batchId=23)
org.apache.hadoop.hive.cli.TestCliDriver.testCliDriver_temp_table_gb1 (batchId=50)
org.apache.hadoop.hive.cli.TestCliDriver.testCliDriver_union_fast_stats (batchId=78)
org.apache.hadoop.hive.cli.TestCliDriver.testCliDriver_vector_string_decimal (batchId=4)
org.apache.hadoop.hive.cli.TestCliDriver.testCliDriver_windowing (batchId=82)
org.apache.hadoop.hive.cli.TestEncryptedHDFSCliDriver.testCliDriver_encryption_drop_partition (batchId=437)
org.apache.hadoop.hive.cli.TestMiniTezCliDriver.testCliDriver_dynamic_partition_pruning (batchId=175)
org.apache.hadoop.hive.cli.TestMiniTezCliDriver.testCliDriver_groupby2 (batchId=180)
org.apache.hadoop.hive.cli.TestMiniTezCliDriver.testCliDriver_stats_only_null (batchId=174)
org.apache.hadoop.hive.cli.TestMiniTezCliDriver.testCliDriver_tez_smb_empty (batchId=176)
org.apache.hadoop.hive.cli.TestMiniTezCliDriver.testCliDriver_union_fast_stats (batchId=181)
org.apache.hadoop.hive.cli.TestMiniTezCliDriver.testCliDriver_vectorized_dynamic_partition_pruning (batchId=175)
org.apache.hadoop.hive.cli.TestMinimrCliDriver.testCliDriver_groupby2 (batchId=143)
org.apache.hadoop.hive.cli.TestMinimrCliDriver.testCliDriver_index_bitmap_auto (batchId=138)
org.apache.hadoop.hive.cli.TestMinimrCliDriver.testCliDriver_ql_rewrite_gbtoidx_cbo_2 (batchId=147)
org.apache.hadoop.hive.cli.TestNegativeCliDriver.testNegativeCliDriver_authorization_uri_import (batchId=153)
org.apache.hadoop.hive.cli.TestNegativeCliDriver.testNegativeCliDriver_right_side_join (batchId=153)
org.apache.hadoop.hive.ql.exec.TestExplainTask.testOutputMapJsonShouldMatch (batchId=698)
org.apache.hadoop.hive.ql.io.orc.TestInputOutputFormat.testSplitGenFailure (batchId=593)
org.apache.hive.hcatalog.api.TestHCatClient.testTableSchemaPropagation (batchId=269)
org.apache.hive.minikdc.TestHiveAuthFactory.testStartTokenManagerForDBTokenStore (batchId=449)
org.apache.hive.minikdc.TestHiveAuthFactory.testStartTokenManagerForMemoryTokenStore (batchId=449)
org.apache.hive.minikdc.TestMiniHiveKdc.testLogin (batchId=446)
&lt;/pre&gt;
&lt;/div&gt;&lt;/div&gt;

&lt;p&gt;Test results: &lt;a href=&quot;https://builds.apache.org/job/PreCommit-HIVE-Build/4768/testReport&quot; class=&quot;external-link&quot; target=&quot;_blank&quot; rel=&quot;nofollow noopener&quot;&gt;https://builds.apache.org/job/PreCommit-HIVE-Build/4768/testReport&lt;/a&gt;&lt;br/&gt;
Console output: &lt;a href=&quot;https://builds.apache.org/job/PreCommit-HIVE-Build/4768/console&quot; class=&quot;external-link&quot; target=&quot;_blank&quot; rel=&quot;nofollow noopener&quot;&gt;https://builds.apache.org/job/PreCommit-HIVE-Build/4768/console&lt;/a&gt;&lt;br/&gt;
Test logs: &lt;a href=&quot;http://104.198.109.242/logs/PreCommit-HIVE-Build-4768/&quot; class=&quot;external-link&quot; target=&quot;_blank&quot; rel=&quot;nofollow noopener&quot;&gt;http://104.198.109.242/logs/PreCommit-HIVE-Build-4768/&lt;/a&gt;&lt;/p&gt;

&lt;p&gt;Messages:&lt;/p&gt;
&lt;div class=&quot;preformatted panel&quot; style=&quot;border-width: 1px;&quot;&gt;&lt;div class=&quot;preformattedContent panelContent&quot;&gt;
&lt;pre&gt;Executing org.apache.hive.ptest.execution.TestCheckPhase
Executing org.apache.hive.ptest.execution.PrepPhase
Executing org.apache.hive.ptest.execution.ExecutionPhase
Executing org.apache.hive.ptest.execution.ReportingPhase
Tests exited with: TestsFailedException: 162 tests failed
&lt;/pre&gt;
&lt;/div&gt;&lt;/div&gt;

&lt;p&gt;This message is automatically generated.&lt;/p&gt;

&lt;p&gt;ATTACHMENT ID: 12864051 - PreCommit-HIVE-Build&lt;/p&gt;</comment>
                            <comment id="15977153" author="spena" created="Thu, 20 Apr 2017 17:59:04 +0000"  >&lt;p&gt;Uff, &lt;a href=&quot;https://issues.apache.org/jira/secure/ViewProfile.jspa?name=vihangk1&quot; class=&quot;user-hover&quot; rel=&quot;vihangk1&quot;&gt;vihangk1&lt;/a&gt; can you submit a patch without changes and compare the test results with this one? &lt;/p&gt;</comment>
                            <comment id="15977306" author="vihangk1" created="Thu, 20 Apr 2017 19:23:07 +0000"  >&lt;p&gt;I think branch-1 is broken. The last pre-commit run on branch-1 based on Git log is for &lt;a href=&quot;https://issues.apache.org/jira/browse/HIVE-15833&quot; title=&quot;Add unit tests for org.json usage on branch-1&quot; class=&quot;issue-link&quot; data-issue-key=&quot;HIVE-15833&quot;&gt;&lt;del&gt;HIVE-15833&lt;/del&gt;&lt;/a&gt;. I see the HiveQA results similar there too.&lt;/p&gt;</comment>
                            <comment id="15979140" author="vihangk1" created="Fri, 21 Apr 2017 17:58:31 +0000"  >&lt;p&gt;Hi &lt;a href=&quot;https://issues.apache.org/jira/secure/ViewProfile.jspa?name=spena&quot; class=&quot;user-hover&quot; rel=&quot;spena&quot;&gt;spena&lt;/a&gt; How do you want to handle this for branch-1? The number of failures and same as &lt;a href=&quot;https://issues.apache.org/jira/browse/HIVE-15833&quot; title=&quot;Add unit tests for org.json usage on branch-1&quot; class=&quot;issue-link&quot; data-issue-key=&quot;HIVE-15833&quot;&gt;&lt;del&gt;HIVE-15833&lt;/del&gt;&lt;/a&gt; so at least this patch is not making it worse. We can stabalize branch-1 in a separate JIRA. What do you think?&lt;/p&gt;</comment>
                            <comment id="15979155" author="spena" created="Fri, 21 Apr 2017 18:10:31 +0000"  >&lt;p&gt;I can commit it if it has the same failures.&lt;/p&gt;</comment>
                            <comment id="15980660" author="lirui" created="Mon, 24 Apr 2017 02:51:07 +0000"  >&lt;p&gt;QA on branch-1 has been broken for a long time. I think we can commit given no new failure is introduced.&lt;/p&gt;</comment>
                            <comment id="15986980" author="ying1" created="Thu, 27 Apr 2017 16:38:42 +0000"  >&lt;p&gt;Thank you for fixing this bug!!&lt;/p&gt;</comment>
                            <comment id="16485912" author="vgarg" created="Tue, 22 May 2018 23:58:13 +0000"  >&lt;p&gt;Hive 3.0.0 has been released so closing this jira.&lt;/p&gt;</comment>
                    </comments>
                    <attachments>
                            <attachment id="12863672" name="HIVE-16287-addedum.06.patch" size="1925" author="vihangk1" created="Mon, 17 Apr 2017 18:34:39 +0000"/>
                            <attachment id="12862142" name="HIVE-16287.01.patch" size="4526" author="vihangk1" created="Wed, 5 Apr 2017 19:25:40 +0000"/>
                            <attachment id="12863163" name="HIVE-16287.02.patch" size="18700" author="vihangk1" created="Wed, 12 Apr 2017 23:29:34 +0000"/>
                            <attachment id="12863344" name="HIVE-16287.03.patch" size="18711" author="vihangk1" created="Thu, 13 Apr 2017 19:31:18 +0000"/>
                            <attachment id="12863427" name="HIVE-16287.04.patch" size="18711" author="vihangk1" created="Fri, 14 Apr 2017 06:16:31 +0000"/>
                            <attachment id="12864051" name="HIVE-16287.05-branch-1.patch" size="15039" author="vihangk1" created="Wed, 19 Apr 2017 18:23:06 +0000"/>
                            <attachment id="12863671" name="HIVE-16287.branch-1.01.patch" size="15039" author="vihangk1" created="Mon, 17 Apr 2017 18:33:11 +0000"/>
                    </attachments>
                <subtasks>
                    </subtasks>
                <customfields>
                                                                            <customfield id="customfield_12310310" key="com.atlassian.jira.toolkit:attachments">
                        <customfieldname>Attachment count</customfieldname>
                        <customfieldvalues>
                            <customfieldvalue>7.0</customfieldvalue>
                        </customfieldvalues>
                    </customfield>
                                                                                                                                                                                                                                                                                                                                                                                                                                                                                                                                                                                                                                                                                                        <customfield id="customfield_12314020" key="com.atlassian.jira.plugins.jira-development-integration-plugin:devsummary">
                        <customfieldname>Development</customfieldname>
                        <customfieldvalues>
                            
                        </customfieldvalues>
                    </customfield>
                                                                                                                        <customfield id="customfield_12313422" key="com.atlassian.jirafisheyeplugin:jobcheckbox">
                        <customfieldname>Enable Automatic Patch Review</customfieldname>
                        <customfieldvalues>
                            <customfieldvalue><![CDATA[false]]></customfieldvalue>

                        </customfieldvalues>
                    </customfield>
                                                                                                                                                                                                                                                                                                                                                                                                                                                                                                                                                                                                                                                <customfield id="customfield_12310420" key="com.pyxis.greenhopper.jira:gh-global-rank">
                        <customfieldname>Global Rank</customfieldname>
                        <customfieldvalues>
                            <customfieldvalue>9223372036854775807</customfieldvalue>
                        </customfieldvalues>
                    </customfield>
                                                                                                                                                                                                                                                                    <customfield id="customfield_12312521" key="com.atlassian.jira.toolkit:LastCommentDate">
                        <customfieldname>Last public comment date</customfieldname>
                        <customfieldvalues>
                            7 years, 26 weeks ago
                        </customfieldvalues>
                    </customfield>
                                                                                                                                                                                                                                                                                                <customfield id="customfield_12311820" key="com.pyxis.greenhopper.jira:gh-lexo-rank">
                        <customfieldname>Rank</customfieldname>
                        <customfieldvalues>
                            <customfieldvalue>0|i3cpy7:</customfieldvalue>

                        </customfieldvalues>
                    </customfield>
                                                                <customfield id="customfield_12310920" key="com.pyxis.greenhopper.jira:gh-global-rank">
                        <customfieldname>Rank (Obsolete)</customfieldname>
                        <customfieldvalues>
                            <customfieldvalue>9223372036854775807</customfieldvalue>
                        </customfieldvalues>
                    </customfield>
                                                                                                                                                                                                                                                                                                                                                                                                                                                                                                                                                                                                                                                                                                                                                                                                                                                                                </customfields>
    </item>
</channel>
</rss>