<!-- 
RSS generated by JIRA (8.20.10#820010-sha1:ace47f9899e9ee25d7157d59aa17ab06aee30d3d) at Wed Nov 12 18:56:36 UTC 2025

It is possible to restrict the fields that are returned in this document by specifying the 'field' parameter in your request.
For example, to request only the issue key and summary append 'field=key&field=summary' to the URL of your request.
-->
<rss version="0.92" >
<channel>
    <title>ASF Jira</title>
    <link>https://issues.apache.org/jira</link>
    <description>This file is an XML representation of an issue</description>
    <language>en-uk</language>    <build-info>
        <version>8.20.10</version>
        <build-number>820010</build-number>
        <build-date>22-06-2022</build-date>
    </build-info>


<item>
            <title>[HIVE-17496] Bootstrap repl is not cleaning up staging dirs</title>
                <link>https://issues.apache.org/jira/browse/HIVE-17496</link>
                <project id="12310843" key="HIVE">Hive</project>
                    <description>&lt;p&gt;This will put more pressure on the HDFS file limit.&lt;/p&gt;</description>
                <environment></environment>
        <key id="13101068">HIVE-17496</key>
            <summary>Bootstrap repl is not cleaning up staging dirs</summary>
                <type id="1" iconUrl="https://issues.apache.org/jira/secure/viewavatar?size=xsmall&amp;avatarId=21133&amp;avatarType=issuetype">Bug</type>
                                            <priority id="3" iconUrl="https://issues.apache.org/jira/images/icons/priorities/major.svg">Major</priority>
                        <status id="6" iconUrl="https://issues.apache.org/jira/images/icons/statuses/closed.png" description="The issue is considered finished, the resolution is correct. Issues which are not closed can be reopened.">Closed</status>
                    <statusCategory id="3" key="done" colorName="green"/>
                                    <resolution id="1">Fixed</resolution>
                                        <assignee username="taoli-hwx">Tao Li</assignee>
                                    <reporter username="taoli-hwx">Tao Li</reporter>
                        <labels>
                    </labels>
                <created>Sat, 9 Sep 2017 23:50:09 +0000</created>
                <updated>Tue, 22 May 2018 23:15:01 +0000</updated>
                            <resolved>Tue, 19 Sep 2017 07:15:59 +0000</resolved>
                                                    <fixVersion>3.0.0</fixVersion>
                                    <component>repl</component>
                        <due></due>
                            <votes>0</votes>
                                    <watches>3</watches>
                                                                                                                <comments>
                            <comment id="16160171" author="hiveqa" created="Sun, 10 Sep 2017 01:43:13 +0000"  >

&lt;p&gt;Here are the results of testing the latest attachment:&lt;br/&gt;
&lt;a href=&quot;https://issues.apache.org/jira/secure/attachment/12886282/HIVE-17496.1.patch&quot; class=&quot;external-link&quot; rel=&quot;nofollow&quot;&gt;https://issues.apache.org/jira/secure/attachment/12886282/HIVE-17496.1.patch&lt;/a&gt;&lt;/p&gt;

&lt;p&gt;&lt;font color=&quot;red&quot;&gt;ERROR:&lt;/font&gt; -1 due to no test(s) being added or modified.&lt;/p&gt;

&lt;p&gt;&lt;font color=&quot;red&quot;&gt;ERROR:&lt;/font&gt; -1 due to 4 failed/errored test(s), 11033 tests executed&lt;br/&gt;
&lt;b&gt;Failed tests:&lt;/b&gt;&lt;/p&gt;
&lt;div class=&quot;preformatted panel&quot; style=&quot;border-width: 1px;&quot;&gt;&lt;div class=&quot;preformattedContent panelContent&quot;&gt;
&lt;pre&gt;TestAccumuloCliDriver - did not produce a TEST-*.xml file (likely timed out) (batchId=230)
TestDummy - did not produce a TEST-*.xml file (likely timed out) (batchId=230)
org.apache.hadoop.hive.cli.TestCliDriver.testCliDriver[insert_values_orig_table_use_metadata] (batchId=61)
org.apache.hadoop.hive.cli.TestPerfCliDriver.testCliDriver[query14] (batchId=234)
&lt;/pre&gt;
&lt;/div&gt;&lt;/div&gt;

&lt;p&gt;Test results: &lt;a href=&quot;https://builds.apache.org/job/PreCommit-HIVE-Build/6754/testReport&quot; class=&quot;external-link&quot; target=&quot;_blank&quot; rel=&quot;nofollow noopener&quot;&gt;https://builds.apache.org/job/PreCommit-HIVE-Build/6754/testReport&lt;/a&gt;&lt;br/&gt;
Console output: &lt;a href=&quot;https://builds.apache.org/job/PreCommit-HIVE-Build/6754/console&quot; class=&quot;external-link&quot; target=&quot;_blank&quot; rel=&quot;nofollow noopener&quot;&gt;https://builds.apache.org/job/PreCommit-HIVE-Build/6754/console&lt;/a&gt;&lt;br/&gt;
Test logs: &lt;a href=&quot;http://104.198.109.242/logs/PreCommit-HIVE-Build-6754/&quot; class=&quot;external-link&quot; target=&quot;_blank&quot; rel=&quot;nofollow noopener&quot;&gt;http://104.198.109.242/logs/PreCommit-HIVE-Build-6754/&lt;/a&gt;&lt;/p&gt;

&lt;p&gt;Messages:&lt;/p&gt;
&lt;div class=&quot;preformatted panel&quot; style=&quot;border-width: 1px;&quot;&gt;&lt;div class=&quot;preformattedContent panelContent&quot;&gt;
&lt;pre&gt;Executing org.apache.hive.ptest.execution.TestCheckPhase
Executing org.apache.hive.ptest.execution.PrepPhase
Executing org.apache.hive.ptest.execution.ExecutionPhase
Executing org.apache.hive.ptest.execution.ReportingPhase
Tests exited with: TestsFailedException: 4 tests failed
&lt;/pre&gt;
&lt;/div&gt;&lt;/div&gt;

&lt;p&gt;This message is automatically generated.&lt;/p&gt;

&lt;p&gt;ATTACHMENT ID: 12886282 - PreCommit-HIVE-Build&lt;/p&gt;</comment>
                            <comment id="16161655" author="taoli-hwx" created="Mon, 11 Sep 2017 17:40:40 +0000"  >&lt;p&gt;Test result looks good. &lt;a href=&quot;https://issues.apache.org/jira/secure/ViewProfile.jspa?name=daijy&quot; class=&quot;user-hover&quot; rel=&quot;daijy&quot;&gt;daijy&lt;/a&gt; Can you please take a look?&lt;/p&gt;</comment>
                            <comment id="16161831" author="daijy" created="Mon, 11 Sep 2017 19:26:51 +0000"  >&lt;p&gt;I see you add staging dirs into the fsScratchDirs, but when Hive actually remove the fsScratchDirs? After all task finishes? Is it afterall the table/partition load task this ReplLoadTask adds. Also can you add a check to one of the test case in TestReplicationScenarios?&lt;/p&gt;</comment>
                            <comment id="16161848" author="taoli-hwx" created="Mon, 11 Sep 2017 19:36:46 +0000"  >&lt;p&gt;&lt;a href=&quot;https://issues.apache.org/jira/secure/ViewProfile.jspa?name=daijy&quot; class=&quot;user-hover&quot; rel=&quot;daijy&quot;&gt;daijy&lt;/a&gt; The cleanup happens when the SQLOperation is done and the context is being closed. Will see if I can add a test.&lt;/p&gt;</comment>
                            <comment id="16161920" author="daijy" created="Mon, 11 Sep 2017 20:22:17 +0000"  >&lt;p&gt;Ok, you mean after the &quot;repl load&quot; sql commands finishes, right? That makes sense. However, I feel PathUtils is a bad name, it is not a utility class with static methods, it has states. Would it be better to change it to ReplStagingDirs?&lt;/p&gt;</comment>
                            <comment id="16161925" author="taoli-hwx" created="Mon, 11 Sep 2017 20:25:48 +0000"  >&lt;p&gt;&lt;a href=&quot;https://issues.apache.org/jira/secure/ViewProfile.jspa?name=daijy&quot; class=&quot;user-hover&quot; rel=&quot;daijy&quot;&gt;daijy&lt;/a&gt; I agree that PathUtils should not contain state but should be a pure util class. However that&apos;s more of refactor work. Can we move that task to a separate jira?&lt;/p&gt;</comment>
                            <comment id="16161944" author="daijy" created="Mon, 11 Sep 2017 20:34:30 +0000"  >&lt;p&gt;Sure&lt;/p&gt;</comment>
                            <comment id="16162314" author="taoli-hwx" created="Tue, 12 Sep 2017 01:11:07 +0000"  >&lt;p&gt;&lt;a href=&quot;https://issues.apache.org/jira/secure/ViewProfile.jspa?name=daijy&quot; class=&quot;user-hover&quot; rel=&quot;daijy&quot;&gt;daijy&lt;/a&gt; See &quot;&lt;a href=&quot;https://issues.apache.org/jira/browse/HIVE-17496&quot; title=&quot;Bootstrap repl is not cleaning up staging dirs&quot; class=&quot;issue-link&quot; data-issue-key=&quot;HIVE-17496&quot;&gt;&lt;del&gt;HIVE-17496&lt;/del&gt;&lt;/a&gt;.2.patch&quot; for the added unit test.&lt;/p&gt;

&lt;p&gt;cc &lt;a href=&quot;https://issues.apache.org/jira/secure/ViewProfile.jspa?name=thejas&quot; class=&quot;user-hover&quot; rel=&quot;thejas&quot;&gt;thejas&lt;/a&gt;&lt;/p&gt;</comment>
                            <comment id="16163091" author="hiveqa" created="Tue, 12 Sep 2017 15:07:16 +0000"  >

&lt;p&gt;Here are the results of testing the latest attachment:&lt;br/&gt;
&lt;a href=&quot;https://issues.apache.org/jira/secure/attachment/12886553/HIVE-17496.2.patch&quot; class=&quot;external-link&quot; rel=&quot;nofollow&quot;&gt;https://issues.apache.org/jira/secure/attachment/12886553/HIVE-17496.2.patch&lt;/a&gt;&lt;/p&gt;

&lt;p&gt;&lt;font color=&quot;green&quot;&gt;SUCCESS:&lt;/font&gt; +1 due to 1 test(s) being added or modified.&lt;/p&gt;

&lt;p&gt;&lt;font color=&quot;red&quot;&gt;ERROR:&lt;/font&gt; -1 due to 9 failed/errored test(s), 11037 tests executed&lt;br/&gt;
&lt;b&gt;Failed tests:&lt;/b&gt;&lt;/p&gt;
&lt;div class=&quot;preformatted panel&quot; style=&quot;border-width: 1px;&quot;&gt;&lt;div class=&quot;preformattedContent panelContent&quot;&gt;
&lt;pre&gt;TestAccumuloCliDriver - did not produce a TEST-*.xml file (likely timed out) (batchId=230)
TestDummy - did not produce a TEST-*.xml file (likely timed out) (batchId=230)
org.apache.hadoop.hive.cli.TestCliDriver.testCliDriver[create_view] (batchId=39)
org.apache.hadoop.hive.cli.TestCliDriver.testCliDriver[insert_values_orig_table_use_metadata] (batchId=61)
org.apache.hadoop.hive.cli.TestMiniLlapCliDriver.testCliDriver[unionDistinct_1] (batchId=143)
org.apache.hadoop.hive.cli.TestMiniTezCliDriver.testCliDriver[explainanalyze_2] (batchId=100)
org.apache.hadoop.hive.cli.TestNegativeCliDriver.testCliDriver[drop_table_failure2] (batchId=89)
org.apache.hadoop.hive.cli.TestPerfCliDriver.testCliDriver[query23] (batchId=234)
org.apache.hadoop.hive.ql.parse.TestReplicationScenarios.testDeleteStagingDir (batchId=218)
&lt;/pre&gt;
&lt;/div&gt;&lt;/div&gt;

&lt;p&gt;Test results: &lt;a href=&quot;https://builds.apache.org/job/PreCommit-HIVE-Build/6784/testReport&quot; class=&quot;external-link&quot; target=&quot;_blank&quot; rel=&quot;nofollow noopener&quot;&gt;https://builds.apache.org/job/PreCommit-HIVE-Build/6784/testReport&lt;/a&gt;&lt;br/&gt;
Console output: &lt;a href=&quot;https://builds.apache.org/job/PreCommit-HIVE-Build/6784/console&quot; class=&quot;external-link&quot; target=&quot;_blank&quot; rel=&quot;nofollow noopener&quot;&gt;https://builds.apache.org/job/PreCommit-HIVE-Build/6784/console&lt;/a&gt;&lt;br/&gt;
Test logs: &lt;a href=&quot;http://104.198.109.242/logs/PreCommit-HIVE-Build-6784/&quot; class=&quot;external-link&quot; target=&quot;_blank&quot; rel=&quot;nofollow noopener&quot;&gt;http://104.198.109.242/logs/PreCommit-HIVE-Build-6784/&lt;/a&gt;&lt;/p&gt;

&lt;p&gt;Messages:&lt;/p&gt;
&lt;div class=&quot;preformatted panel&quot; style=&quot;border-width: 1px;&quot;&gt;&lt;div class=&quot;preformattedContent panelContent&quot;&gt;
&lt;pre&gt;Executing org.apache.hive.ptest.execution.TestCheckPhase
Executing org.apache.hive.ptest.execution.PrepPhase
Executing org.apache.hive.ptest.execution.ExecutionPhase
Executing org.apache.hive.ptest.execution.ReportingPhase
Tests exited with: TestsFailedException: 9 tests failed
&lt;/pre&gt;
&lt;/div&gt;&lt;/div&gt;

&lt;p&gt;This message is automatically generated.&lt;/p&gt;

&lt;p&gt;ATTACHMENT ID: 12886553 - PreCommit-HIVE-Build&lt;/p&gt;</comment>
                            <comment id="16163195" author="taoli-hwx" created="Tue, 12 Sep 2017 16:23:07 +0000"  >&lt;p&gt;Uploaded &quot;&lt;a href=&quot;https://issues.apache.org/jira/browse/HIVE-17496&quot; title=&quot;Bootstrap repl is not cleaning up staging dirs&quot; class=&quot;issue-link&quot; data-issue-key=&quot;HIVE-17496&quot;&gt;&lt;del&gt;HIVE-17496&lt;/del&gt;&lt;/a&gt;.3.patch&quot; to fix test issue.&lt;/p&gt;</comment>
                            <comment id="16163801" author="daijy" created="Tue, 12 Sep 2017 22:49:40 +0000"  >&lt;p&gt;+1 pending tests. Tao confirm that driverMirror.close won&apos;t cause issue for followup tests as it only close the current statement.&lt;/p&gt;</comment>
                            <comment id="16164213" author="hiveqa" created="Wed, 13 Sep 2017 06:38:47 +0000"  >

&lt;p&gt;Here are the results of testing the latest attachment:&lt;br/&gt;
&lt;a href=&quot;https://issues.apache.org/jira/secure/attachment/12886658/HIVE-17496.3.patch&quot; class=&quot;external-link&quot; rel=&quot;nofollow&quot;&gt;https://issues.apache.org/jira/secure/attachment/12886658/HIVE-17496.3.patch&lt;/a&gt;&lt;/p&gt;

&lt;p&gt;&lt;font color=&quot;green&quot;&gt;SUCCESS:&lt;/font&gt; +1 due to 1 test(s) being added or modified.&lt;/p&gt;

&lt;p&gt;&lt;font color=&quot;red&quot;&gt;ERROR:&lt;/font&gt; -1 due to 10 failed/errored test(s), 11040 tests executed&lt;br/&gt;
&lt;b&gt;Failed tests:&lt;/b&gt;&lt;/p&gt;
&lt;div class=&quot;preformatted panel&quot; style=&quot;border-width: 1px;&quot;&gt;&lt;div class=&quot;preformattedContent panelContent&quot;&gt;
&lt;pre&gt;TestAccumuloCliDriver - did not produce a TEST-*.xml file (likely timed out) (batchId=230)
TestDummy - did not produce a TEST-*.xml file (likely timed out) (batchId=230)
org.apache.hadoop.hive.cli.TestCliDriver.testCliDriver[create_view] (batchId=39)
org.apache.hadoop.hive.cli.TestCliDriver.testCliDriver[insert_values_orig_table_use_metadata] (batchId=61)
org.apache.hadoop.hive.cli.TestMiniLlapLocalCliDriver.testCliDriver[union_fast_stats] (batchId=156)
org.apache.hadoop.hive.cli.TestMiniTezCliDriver.testCliDriver[explainanalyze_2] (batchId=100)
org.apache.hadoop.hive.cli.TestNegativeCliDriver.testCliDriver[drop_table_failure2] (batchId=89)
org.apache.hadoop.hive.ql.TestAcidOnTez.testCtasTezUnion (batchId=215)
org.apache.hadoop.hive.ql.TestAcidOnTez.testNonStandardConversion01 (batchId=215)
org.apache.hadoop.hive.ql.parse.TestReplicationScenarios.testDeleteStagingDir (batchId=218)
&lt;/pre&gt;
&lt;/div&gt;&lt;/div&gt;

&lt;p&gt;Test results: &lt;a href=&quot;https://builds.apache.org/job/PreCommit-HIVE-Build/6791/testReport&quot; class=&quot;external-link&quot; target=&quot;_blank&quot; rel=&quot;nofollow noopener&quot;&gt;https://builds.apache.org/job/PreCommit-HIVE-Build/6791/testReport&lt;/a&gt;&lt;br/&gt;
Console output: &lt;a href=&quot;https://builds.apache.org/job/PreCommit-HIVE-Build/6791/console&quot; class=&quot;external-link&quot; target=&quot;_blank&quot; rel=&quot;nofollow noopener&quot;&gt;https://builds.apache.org/job/PreCommit-HIVE-Build/6791/console&lt;/a&gt;&lt;br/&gt;
Test logs: &lt;a href=&quot;http://104.198.109.242/logs/PreCommit-HIVE-Build-6791/&quot; class=&quot;external-link&quot; target=&quot;_blank&quot; rel=&quot;nofollow noopener&quot;&gt;http://104.198.109.242/logs/PreCommit-HIVE-Build-6791/&lt;/a&gt;&lt;/p&gt;

&lt;p&gt;Messages:&lt;/p&gt;
&lt;div class=&quot;preformatted panel&quot; style=&quot;border-width: 1px;&quot;&gt;&lt;div class=&quot;preformattedContent panelContent&quot;&gt;
&lt;pre&gt;Executing org.apache.hive.ptest.execution.TestCheckPhase
Executing org.apache.hive.ptest.execution.PrepPhase
Executing org.apache.hive.ptest.execution.ExecutionPhase
Executing org.apache.hive.ptest.execution.ReportingPhase
Tests exited with: TestsFailedException: 10 tests failed
&lt;/pre&gt;
&lt;/div&gt;&lt;/div&gt;

&lt;p&gt;This message is automatically generated.&lt;/p&gt;

&lt;p&gt;ATTACHMENT ID: 12886658 - PreCommit-HIVE-Build&lt;/p&gt;</comment>
                            <comment id="16164809" author="taoli-hwx" created="Wed, 13 Sep 2017 15:14:05 +0000"  >&lt;p&gt;Investigating the &quot;testDeleteStagingDir&quot; failure which is the added test for the staging dir cleanup.&lt;/p&gt;</comment>
                            <comment id="16167404" author="hiveqa" created="Fri, 15 Sep 2017 06:29:46 +0000"  >

&lt;p&gt;Here are the results of testing the latest attachment:&lt;br/&gt;
&lt;a href=&quot;https://issues.apache.org/jira/secure/attachment/12886959/HIVE-17496.3.patch&quot; class=&quot;external-link&quot; rel=&quot;nofollow&quot;&gt;https://issues.apache.org/jira/secure/attachment/12886959/HIVE-17496.3.patch&lt;/a&gt;&lt;/p&gt;

&lt;p&gt;&lt;font color=&quot;red&quot;&gt;ERROR:&lt;/font&gt; -1 due to build exiting with an error&lt;/p&gt;

&lt;p&gt;Test results: &lt;a href=&quot;https://builds.apache.org/job/PreCommit-HIVE-Build/6819/testReport&quot; class=&quot;external-link&quot; target=&quot;_blank&quot; rel=&quot;nofollow noopener&quot;&gt;https://builds.apache.org/job/PreCommit-HIVE-Build/6819/testReport&lt;/a&gt;&lt;br/&gt;
Console output: &lt;a href=&quot;https://builds.apache.org/job/PreCommit-HIVE-Build/6819/console&quot; class=&quot;external-link&quot; target=&quot;_blank&quot; rel=&quot;nofollow noopener&quot;&gt;https://builds.apache.org/job/PreCommit-HIVE-Build/6819/console&lt;/a&gt;&lt;br/&gt;
Test logs: &lt;a href=&quot;http://104.198.109.242/logs/PreCommit-HIVE-Build-6819/&quot; class=&quot;external-link&quot; target=&quot;_blank&quot; rel=&quot;nofollow noopener&quot;&gt;http://104.198.109.242/logs/PreCommit-HIVE-Build-6819/&lt;/a&gt;&lt;/p&gt;

&lt;p&gt;Messages:&lt;/p&gt;
&lt;div class=&quot;preformatted panel&quot; style=&quot;border-width: 1px;&quot;&gt;&lt;div class=&quot;preformattedContent panelContent&quot;&gt;
&lt;pre&gt;Executing org.apache.hive.ptest.execution.TestCheckPhase
Executing org.apache.hive.ptest.execution.PrepPhase
Tests exited with: NonZeroExitCodeException
Command &apos;bash /data/hiveptest/working/scratch/source-prep.sh&apos; failed with exit status 1 and output &apos;+ date &apos;+%Y-%m-%d %T.%3N&apos;
2017-09-15 06:29:41.148
+ [[ -n /usr/lib/jvm/java-8-openjdk-amd64 ]]
+ export JAVA_HOME=/usr/lib/jvm/java-8-openjdk-amd64
+ JAVA_HOME=/usr/lib/jvm/java-8-openjdk-amd64
+ export PATH=/usr/lib/jvm/java-8-openjdk-amd64/bin/:/usr/local/bin:/usr/bin:/bin:/usr/local/games:/usr/games
+ PATH=/usr/lib/jvm/java-8-openjdk-amd64/bin/:/usr/local/bin:/usr/bin:/bin:/usr/local/games:/usr/games
+ export &apos;ANT_OPTS=-Xmx1g -XX:MaxPermSize=256m &apos;
+ ANT_OPTS=&apos;-Xmx1g -XX:MaxPermSize=256m &apos;
+ export &apos;MAVEN_OPTS=-Xmx1g &apos;
+ MAVEN_OPTS=&apos;-Xmx1g &apos;
+ cd /data/hiveptest/working/
+ tee /data/hiveptest/logs/PreCommit-HIVE-Build-6819/source-prep.txt
+ [[ false == \t\r\u\e ]]
+ mkdir -p maven ivy
+ [[ git = \s\v\n ]]
+ [[ git = \g\i\t ]]
+ [[ -z master ]]
+ [[ -d apache-github-source-source ]]
+ [[ ! -d apache-github-source-source/.git ]]
+ [[ ! -d apache-github-source-source ]]
+ date &apos;+%Y-%m-%d %T.%3N&apos;
2017-09-15 06:29:41.150
+ cd apache-github-source-source
+ git fetch origin
+ git reset --hard HEAD
HEAD is now at 9329cd9 Revert &quot;HIVE-17261: Hive use deprecated ParquetInputSplit constructor which blocked parquet dictionary filter (Junjie Chen, reviewed by Ferdinand Xu)&quot;
+ git clean -f -d
Removing standalone-metastore/src/gen/org/
+ git checkout master
Already on &apos;master&apos;
Your branch is up-to-date with &apos;origin/master&apos;.
+ git reset --hard origin/master
HEAD is now at 9329cd9 Revert &quot;HIVE-17261: Hive use deprecated ParquetInputSplit constructor which blocked parquet dictionary filter (Junjie Chen, reviewed by Ferdinand Xu)&quot;
+ git merge --ff-only origin/master
Already up-to-date.
+ date &apos;+%Y-%m-%d %T.%3N&apos;
2017-09-15 06:29:45.634
+ patchCommandPath=/data/hiveptest/working/scratch/smart-apply-patch.sh
+ patchFilePath=/data/hiveptest/working/scratch/build.patch
+ [[ -f /data/hiveptest/working/scratch/build.patch ]]
+ chmod +x /data/hiveptest/working/scratch/smart-apply-patch.sh
+ /data/hiveptest/working/scratch/smart-apply-patch.sh /data/hiveptest/working/scratch/build.patch
error: a/itests/hive-unit/src/test/java/org/apache/hadoop/hive/ql/parse/TestReplicationScenarios.java: No such file or directory
error: a/ql/src/java/org/apache/hadoop/hive/ql/Context.java: No such file or directory
error: a/ql/src/java/org/apache/hadoop/hive/ql/exec/repl/bootstrap/ReplLoadTask.java: No such file or directory
error: a/ql/src/java/org/apache/hadoop/hive/ql/exec/repl/bootstrap/load/util/PathUtils.java: No such file or directory
The patch does not appear to apply with p0, p1, or p2
+ exit 1
&apos;
&lt;/pre&gt;
&lt;/div&gt;&lt;/div&gt;

&lt;p&gt;This message is automatically generated.&lt;/p&gt;

&lt;p&gt;ATTACHMENT ID: 12886959 - PreCommit-HIVE-Build&lt;/p&gt;</comment>
                            <comment id="16169223" author="hiveqa" created="Sun, 17 Sep 2017 07:59:11 +0000"  >

&lt;p&gt;Here are the results of testing the latest attachment:&lt;br/&gt;
&lt;a href=&quot;https://issues.apache.org/jira/secure/attachment/12887403/HIVE-17496.4.patch&quot; class=&quot;external-link&quot; rel=&quot;nofollow&quot;&gt;https://issues.apache.org/jira/secure/attachment/12887403/HIVE-17496.4.patch&lt;/a&gt;&lt;/p&gt;

&lt;p&gt;&lt;font color=&quot;green&quot;&gt;SUCCESS:&lt;/font&gt; +1 due to 1 test(s) being added or modified.&lt;/p&gt;

&lt;p&gt;&lt;font color=&quot;red&quot;&gt;ERROR:&lt;/font&gt; -1 due to 11 failed/errored test(s), 11042 tests executed&lt;br/&gt;
&lt;b&gt;Failed tests:&lt;/b&gt;&lt;/p&gt;
&lt;div class=&quot;preformatted panel&quot; style=&quot;border-width: 1px;&quot;&gt;&lt;div class=&quot;preformattedContent panelContent&quot;&gt;
&lt;pre&gt;TestAccumuloCliDriver - did not produce a TEST-*.xml file (likely timed out) (batchId=230)
TestDummy - did not produce a TEST-*.xml file (likely timed out) (batchId=230)
org.apache.hadoop.hive.cli.TestCliDriver.testCliDriver[create_view] (batchId=39)
org.apache.hadoop.hive.cli.TestCliDriver.testCliDriver[join_literals] (batchId=84)
org.apache.hadoop.hive.cli.TestCliDriver.testCliDriver[udf_mask_hash] (batchId=28)
org.apache.hadoop.hive.cli.TestMiniLlapLocalCliDriver.testCliDriver[union_fast_stats] (batchId=156)
org.apache.hadoop.hive.cli.TestMiniTezCliDriver.testCliDriver[explainanalyze_2] (batchId=100)
org.apache.hadoop.hive.cli.TestNegativeCliDriver.testCliDriver[drop_table_failure2] (batchId=89)
org.apache.hadoop.hive.ql.TestAcidOnTez.testCtasTezUnion (batchId=215)
org.apache.hadoop.hive.ql.TestAcidOnTez.testNonStandardConversion01 (batchId=215)
org.apache.hadoop.hive.ql.parse.TestReplicationScenarios.testDeleteStagingDir (batchId=218)
&lt;/pre&gt;
&lt;/div&gt;&lt;/div&gt;

&lt;p&gt;Test results: &lt;a href=&quot;https://builds.apache.org/job/PreCommit-HIVE-Build/6846/testReport&quot; class=&quot;external-link&quot; target=&quot;_blank&quot; rel=&quot;nofollow noopener&quot;&gt;https://builds.apache.org/job/PreCommit-HIVE-Build/6846/testReport&lt;/a&gt;&lt;br/&gt;
Console output: &lt;a href=&quot;https://builds.apache.org/job/PreCommit-HIVE-Build/6846/console&quot; class=&quot;external-link&quot; target=&quot;_blank&quot; rel=&quot;nofollow noopener&quot;&gt;https://builds.apache.org/job/PreCommit-HIVE-Build/6846/console&lt;/a&gt;&lt;br/&gt;
Test logs: &lt;a href=&quot;http://104.198.109.242/logs/PreCommit-HIVE-Build-6846/&quot; class=&quot;external-link&quot; target=&quot;_blank&quot; rel=&quot;nofollow noopener&quot;&gt;http://104.198.109.242/logs/PreCommit-HIVE-Build-6846/&lt;/a&gt;&lt;/p&gt;

&lt;p&gt;Messages:&lt;/p&gt;
&lt;div class=&quot;preformatted panel&quot; style=&quot;border-width: 1px;&quot;&gt;&lt;div class=&quot;preformattedContent panelContent&quot;&gt;
&lt;pre&gt;Executing org.apache.hive.ptest.execution.TestCheckPhase
Executing org.apache.hive.ptest.execution.PrepPhase
Executing org.apache.hive.ptest.execution.ExecutionPhase
Executing org.apache.hive.ptest.execution.ReportingPhase
Tests exited with: TestsFailedException: 11 tests failed
&lt;/pre&gt;
&lt;/div&gt;&lt;/div&gt;

&lt;p&gt;This message is automatically generated.&lt;/p&gt;

&lt;p&gt;ATTACHMENT ID: 12887403 - PreCommit-HIVE-Build&lt;/p&gt;</comment>
                            <comment id="16169669" author="hiveqa" created="Mon, 18 Sep 2017 07:06:25 +0000"  >

&lt;p&gt;Here are the results of testing the latest attachment:&lt;br/&gt;
&lt;a href=&quot;https://issues.apache.org/jira/secure/attachment/12887600/HIVE-17496.5.patch&quot; class=&quot;external-link&quot; rel=&quot;nofollow&quot;&gt;https://issues.apache.org/jira/secure/attachment/12887600/HIVE-17496.5.patch&lt;/a&gt;&lt;/p&gt;

&lt;p&gt;&lt;font color=&quot;green&quot;&gt;SUCCESS:&lt;/font&gt; +1 due to 1 test(s) being added or modified.&lt;/p&gt;

&lt;p&gt;&lt;font color=&quot;red&quot;&gt;ERROR:&lt;/font&gt; -1 due to 11 failed/errored test(s), 11042 tests executed&lt;br/&gt;
&lt;b&gt;Failed tests:&lt;/b&gt;&lt;/p&gt;
&lt;div class=&quot;preformatted panel&quot; style=&quot;border-width: 1px;&quot;&gt;&lt;div class=&quot;preformattedContent panelContent&quot;&gt;
&lt;pre&gt;TestAccumuloCliDriver - did not produce a TEST-*.xml file (likely timed out) (batchId=230)
TestDummy - did not produce a TEST-*.xml file (likely timed out) (batchId=230)
org.apache.hadoop.hive.cli.TestCliDriver.testCliDriver[create_view] (batchId=39)
org.apache.hadoop.hive.cli.TestCliDriver.testCliDriver[udf_mask_hash] (batchId=28)
org.apache.hadoop.hive.cli.TestMiniLlapLocalCliDriver.testCliDriver[union_fast_stats] (batchId=156)
org.apache.hadoop.hive.cli.TestNegativeCliDriver.testCliDriver[drop_table_failure2] (batchId=89)
org.apache.hadoop.hive.cli.TestPerfCliDriver.testCliDriver[query14] (batchId=234)
org.apache.hadoop.hive.cli.TestPerfCliDriver.testCliDriver[query23] (batchId=234)
org.apache.hadoop.hive.ql.TestAcidOnTez.testCtasTezUnion (batchId=215)
org.apache.hadoop.hive.ql.TestAcidOnTez.testNonStandardConversion01 (batchId=215)
org.apache.hadoop.hive.ql.parse.TestReplicationScenarios.testDeleteStagingDir (batchId=218)
&lt;/pre&gt;
&lt;/div&gt;&lt;/div&gt;

&lt;p&gt;Test results: &lt;a href=&quot;https://builds.apache.org/job/PreCommit-HIVE-Build/6860/testReport&quot; class=&quot;external-link&quot; target=&quot;_blank&quot; rel=&quot;nofollow noopener&quot;&gt;https://builds.apache.org/job/PreCommit-HIVE-Build/6860/testReport&lt;/a&gt;&lt;br/&gt;
Console output: &lt;a href=&quot;https://builds.apache.org/job/PreCommit-HIVE-Build/6860/console&quot; class=&quot;external-link&quot; target=&quot;_blank&quot; rel=&quot;nofollow noopener&quot;&gt;https://builds.apache.org/job/PreCommit-HIVE-Build/6860/console&lt;/a&gt;&lt;br/&gt;
Test logs: &lt;a href=&quot;http://104.198.109.242/logs/PreCommit-HIVE-Build-6860/&quot; class=&quot;external-link&quot; target=&quot;_blank&quot; rel=&quot;nofollow noopener&quot;&gt;http://104.198.109.242/logs/PreCommit-HIVE-Build-6860/&lt;/a&gt;&lt;/p&gt;

&lt;p&gt;Messages:&lt;/p&gt;
&lt;div class=&quot;preformatted panel&quot; style=&quot;border-width: 1px;&quot;&gt;&lt;div class=&quot;preformattedContent panelContent&quot;&gt;
&lt;pre&gt;Executing org.apache.hive.ptest.execution.TestCheckPhase
Executing org.apache.hive.ptest.execution.PrepPhase
Executing org.apache.hive.ptest.execution.ExecutionPhase
Executing org.apache.hive.ptest.execution.ReportingPhase
Tests exited with: TestsFailedException: 11 tests failed
&lt;/pre&gt;
&lt;/div&gt;&lt;/div&gt;

&lt;p&gt;This message is automatically generated.&lt;/p&gt;

&lt;p&gt;ATTACHMENT ID: 12887600 - PreCommit-HIVE-Build&lt;/p&gt;</comment>
                            <comment id="16169742" author="hiveqa" created="Mon, 18 Sep 2017 08:30:28 +0000"  >

&lt;p&gt;Here are the results of testing the latest attachment:&lt;br/&gt;
&lt;a href=&quot;https://issues.apache.org/jira/secure/attachment/12887600/HIVE-17496.5.patch&quot; class=&quot;external-link&quot; rel=&quot;nofollow&quot;&gt;https://issues.apache.org/jira/secure/attachment/12887600/HIVE-17496.5.patch&lt;/a&gt;&lt;/p&gt;

&lt;p&gt;&lt;font color=&quot;green&quot;&gt;SUCCESS:&lt;/font&gt; +1 due to 1 test(s) being added or modified.&lt;/p&gt;

&lt;p&gt;&lt;font color=&quot;red&quot;&gt;ERROR:&lt;/font&gt; -1 due to 11 failed/errored test(s), 11042 tests executed&lt;br/&gt;
&lt;b&gt;Failed tests:&lt;/b&gt;&lt;/p&gt;
&lt;div class=&quot;preformatted panel&quot; style=&quot;border-width: 1px;&quot;&gt;&lt;div class=&quot;preformattedContent panelContent&quot;&gt;
&lt;pre&gt;TestAccumuloCliDriver - did not produce a TEST-*.xml file (likely timed out) (batchId=230)
TestDummy - did not produce a TEST-*.xml file (likely timed out) (batchId=230)
org.apache.hadoop.hive.cli.TestCliDriver.testCliDriver[create_view] (batchId=39)
org.apache.hadoop.hive.cli.TestCliDriver.testCliDriver[udf_mask_hash] (batchId=28)
org.apache.hadoop.hive.cli.TestMiniLlapLocalCliDriver.testCliDriver[union_fast_stats] (batchId=156)
org.apache.hadoop.hive.cli.TestNegativeCliDriver.testCliDriver[drop_table_failure2] (batchId=89)
org.apache.hadoop.hive.cli.TestPerfCliDriver.testCliDriver[query14] (batchId=234)
org.apache.hadoop.hive.ql.TestAcidOnTez.testCtasTezUnion (batchId=215)
org.apache.hadoop.hive.ql.TestAcidOnTez.testNonStandardConversion01 (batchId=215)
org.apache.hadoop.hive.ql.parse.TestReplicationScenarios.testDeleteStagingDir (batchId=218)
org.apache.hive.jdbc.TestJdbcDriver2.testSelectExecAsync2 (batchId=225)
&lt;/pre&gt;
&lt;/div&gt;&lt;/div&gt;

&lt;p&gt;Test results: &lt;a href=&quot;https://builds.apache.org/job/PreCommit-HIVE-Build/6861/testReport&quot; class=&quot;external-link&quot; target=&quot;_blank&quot; rel=&quot;nofollow noopener&quot;&gt;https://builds.apache.org/job/PreCommit-HIVE-Build/6861/testReport&lt;/a&gt;&lt;br/&gt;
Console output: &lt;a href=&quot;https://builds.apache.org/job/PreCommit-HIVE-Build/6861/console&quot; class=&quot;external-link&quot; target=&quot;_blank&quot; rel=&quot;nofollow noopener&quot;&gt;https://builds.apache.org/job/PreCommit-HIVE-Build/6861/console&lt;/a&gt;&lt;br/&gt;
Test logs: &lt;a href=&quot;http://104.198.109.242/logs/PreCommit-HIVE-Build-6861/&quot; class=&quot;external-link&quot; target=&quot;_blank&quot; rel=&quot;nofollow noopener&quot;&gt;http://104.198.109.242/logs/PreCommit-HIVE-Build-6861/&lt;/a&gt;&lt;/p&gt;

&lt;p&gt;Messages:&lt;/p&gt;
&lt;div class=&quot;preformatted panel&quot; style=&quot;border-width: 1px;&quot;&gt;&lt;div class=&quot;preformattedContent panelContent&quot;&gt;
&lt;pre&gt;Executing org.apache.hive.ptest.execution.TestCheckPhase
Executing org.apache.hive.ptest.execution.PrepPhase
Executing org.apache.hive.ptest.execution.ExecutionPhase
Executing org.apache.hive.ptest.execution.ReportingPhase
Tests exited with: TestsFailedException: 11 tests failed
&lt;/pre&gt;
&lt;/div&gt;&lt;/div&gt;

&lt;p&gt;This message is automatically generated.&lt;/p&gt;

&lt;p&gt;ATTACHMENT ID: 12887600 - PreCommit-HIVE-Build&lt;/p&gt;</comment>
                            <comment id="16169824" author="hiveqa" created="Mon, 18 Sep 2017 09:53:43 +0000"  >

&lt;p&gt;Here are the results of testing the latest attachment:&lt;br/&gt;
&lt;a href=&quot;https://issues.apache.org/jira/secure/attachment/12887600/HIVE-17496.5.patch&quot; class=&quot;external-link&quot; rel=&quot;nofollow&quot;&gt;https://issues.apache.org/jira/secure/attachment/12887600/HIVE-17496.5.patch&lt;/a&gt;&lt;/p&gt;

&lt;p&gt;&lt;font color=&quot;green&quot;&gt;SUCCESS:&lt;/font&gt; +1 due to 1 test(s) being added or modified.&lt;/p&gt;

&lt;p&gt;&lt;font color=&quot;red&quot;&gt;ERROR:&lt;/font&gt; -1 due to 11 failed/errored test(s), 11042 tests executed&lt;br/&gt;
&lt;b&gt;Failed tests:&lt;/b&gt;&lt;/p&gt;
&lt;div class=&quot;preformatted panel&quot; style=&quot;border-width: 1px;&quot;&gt;&lt;div class=&quot;preformattedContent panelContent&quot;&gt;
&lt;pre&gt;TestAccumuloCliDriver - did not produce a TEST-*.xml file (likely timed out) (batchId=230)
TestDummy - did not produce a TEST-*.xml file (likely timed out) (batchId=230)
org.apache.hadoop.hive.cli.TestCliDriver.testCliDriver[create_view] (batchId=39)
org.apache.hadoop.hive.cli.TestCliDriver.testCliDriver[udf_mask_hash] (batchId=28)
org.apache.hadoop.hive.cli.TestMiniLlapLocalCliDriver.testCliDriver[union_fast_stats] (batchId=156)
org.apache.hadoop.hive.cli.TestNegativeCliDriver.testCliDriver[drop_table_failure2] (batchId=89)
org.apache.hadoop.hive.cli.TestPerfCliDriver.testCliDriver[query14] (batchId=234)
org.apache.hadoop.hive.cli.TestPerfCliDriver.testCliDriver[query23] (batchId=234)
org.apache.hadoop.hive.ql.TestAcidOnTez.testCtasTezUnion (batchId=215)
org.apache.hadoop.hive.ql.TestAcidOnTez.testNonStandardConversion01 (batchId=215)
org.apache.hadoop.hive.ql.parse.TestReplicationScenarios.testDeleteStagingDir (batchId=218)
&lt;/pre&gt;
&lt;/div&gt;&lt;/div&gt;

&lt;p&gt;Test results: &lt;a href=&quot;https://builds.apache.org/job/PreCommit-HIVE-Build/6862/testReport&quot; class=&quot;external-link&quot; target=&quot;_blank&quot; rel=&quot;nofollow noopener&quot;&gt;https://builds.apache.org/job/PreCommit-HIVE-Build/6862/testReport&lt;/a&gt;&lt;br/&gt;
Console output: &lt;a href=&quot;https://builds.apache.org/job/PreCommit-HIVE-Build/6862/console&quot; class=&quot;external-link&quot; target=&quot;_blank&quot; rel=&quot;nofollow noopener&quot;&gt;https://builds.apache.org/job/PreCommit-HIVE-Build/6862/console&lt;/a&gt;&lt;br/&gt;
Test logs: &lt;a href=&quot;http://104.198.109.242/logs/PreCommit-HIVE-Build-6862/&quot; class=&quot;external-link&quot; target=&quot;_blank&quot; rel=&quot;nofollow noopener&quot;&gt;http://104.198.109.242/logs/PreCommit-HIVE-Build-6862/&lt;/a&gt;&lt;/p&gt;

&lt;p&gt;Messages:&lt;/p&gt;
&lt;div class=&quot;preformatted panel&quot; style=&quot;border-width: 1px;&quot;&gt;&lt;div class=&quot;preformattedContent panelContent&quot;&gt;
&lt;pre&gt;Executing org.apache.hive.ptest.execution.TestCheckPhase
Executing org.apache.hive.ptest.execution.PrepPhase
Executing org.apache.hive.ptest.execution.ExecutionPhase
Executing org.apache.hive.ptest.execution.ReportingPhase
Tests exited with: TestsFailedException: 11 tests failed
&lt;/pre&gt;
&lt;/div&gt;&lt;/div&gt;

&lt;p&gt;This message is automatically generated.&lt;/p&gt;

&lt;p&gt;ATTACHMENT ID: 12887600 - PreCommit-HIVE-Build&lt;/p&gt;</comment>
                            <comment id="16170144" author="taoli-hwx" created="Mon, 18 Sep 2017 15:19:14 +0000"  >&lt;p&gt;According to the logs below, I did not see any error from HDFS deletion for the testDeleteStagingDir test, according to change in &lt;a href=&quot;https://issues.apache.org/jira/browse/HIVE-17496&quot; title=&quot;Bootstrap repl is not cleaning up staging dirs&quot; class=&quot;issue-link&quot; data-issue-key=&quot;HIVE-17496&quot;&gt;&lt;del&gt;HIVE-17496&lt;/del&gt;&lt;/a&gt;.5.patch. Looks like the file should have been deleted successfully. So I don&apos;t know why the test fails.&lt;/p&gt;

&lt;div class=&quot;preformatted panel&quot; style=&quot;border-width: 1px;&quot;&gt;&lt;div class=&quot;preformattedContent panelContent&quot;&gt;
&lt;pre&gt;2017-09-18T02:25:52,399  INFO [main] ql.Context: Deleting scratch dir: pfile:/home/hiveptest/104.198.168.233-hiveptest-0/apache-github-source-source/itests/hive-unit/target/warehouse/deletestagingdir_org_apache_hadoop_hive_ql_parse_testreplicationscenarios_1505726246743_dupe.db/unptned/.hive-staging_hive_2017-09-18_02-25-52_081_7805993483018006783-1
&lt;/pre&gt;
&lt;/div&gt;&lt;/div&gt;

&lt;p&gt;But in some other repl test logs, I do see some deletion that failed. It indicates some possibility there.&lt;/p&gt;

&lt;div class=&quot;preformatted panel&quot; style=&quot;border-width: 1px;&quot;&gt;&lt;div class=&quot;preformattedContent panelContent&quot;&gt;
&lt;pre&gt;2017-09-18T02:25:49,746  INFO [main] ql.Context: Deleting scratch dir: file:/home/hiveptest/104.198.168.233-hiveptest-0/apache-github-source-source/itests/hive-unit/target/tmp/localscratchdir/6b15a44f-aec0-43f8-851d-81db07e4e329/hive_2017-09-18_02-25-49_687_551878613091072616-1/-mr-10001/.hive-staging_hive_2017-09-18_02-25-49_687_551878613091072616-1
2017-09-18T02:25:49,746 ERROR [main] ql.Context: File failes to be deleted when removing Scratch (HIVE-17496)
&lt;/pre&gt;
&lt;/div&gt;&lt;/div&gt;</comment>
                            <comment id="16170613" author="hiveqa" created="Mon, 18 Sep 2017 20:16:56 +0000"  >

&lt;p&gt;Here are the results of testing the latest attachment:&lt;br/&gt;
&lt;a href=&quot;https://issues.apache.org/jira/secure/attachment/12887679/HIVE-17496.6.patch&quot; class=&quot;external-link&quot; rel=&quot;nofollow&quot;&gt;https://issues.apache.org/jira/secure/attachment/12887679/HIVE-17496.6.patch&lt;/a&gt;&lt;/p&gt;

&lt;p&gt;&lt;font color=&quot;green&quot;&gt;SUCCESS:&lt;/font&gt; +1 due to 1 test(s) being added or modified.&lt;/p&gt;

&lt;p&gt;&lt;font color=&quot;red&quot;&gt;ERROR:&lt;/font&gt; -1 due to 13 failed/errored test(s), 11042 tests executed&lt;br/&gt;
&lt;b&gt;Failed tests:&lt;/b&gt;&lt;/p&gt;
&lt;div class=&quot;preformatted panel&quot; style=&quot;border-width: 1px;&quot;&gt;&lt;div class=&quot;preformattedContent panelContent&quot;&gt;
&lt;pre&gt;TestAccumuloCliDriver - did not produce a TEST-*.xml file (likely timed out) (batchId=230)
TestDummy - did not produce a TEST-*.xml file (likely timed out) (batchId=230)
org.apache.hadoop.hive.cli.TestCliDriver.testCliDriver[create_view] (batchId=39)
org.apache.hadoop.hive.cli.TestCliDriver.testCliDriver[orc_createas1] (batchId=84)
org.apache.hadoop.hive.cli.TestCliDriver.testCliDriver[udf_mask_hash] (batchId=28)
org.apache.hadoop.hive.cli.TestMiniLlapCliDriver.testCliDriver[unionDistinct_1] (batchId=143)
org.apache.hadoop.hive.cli.TestMiniLlapLocalCliDriver.testCliDriver[union_fast_stats] (batchId=156)
org.apache.hadoop.hive.cli.TestMiniSparkOnYarnCliDriver.testCliDriver[spark_dynamic_partition_pruning] (batchId=169)
org.apache.hadoop.hive.cli.TestNegativeCliDriver.testCliDriver[drop_table_failure2] (batchId=89)
org.apache.hadoop.hive.cli.TestPerfCliDriver.testCliDriver[query14] (batchId=234)
org.apache.hadoop.hive.ql.TestAcidOnTez.testCtasTezUnion (batchId=215)
org.apache.hadoop.hive.ql.TestAcidOnTez.testNonStandardConversion01 (batchId=215)
org.apache.hadoop.hive.ql.parse.TestReplicationScenarios.testDeleteStagingDir (batchId=218)
&lt;/pre&gt;
&lt;/div&gt;&lt;/div&gt;

&lt;p&gt;Test results: &lt;a href=&quot;https://builds.apache.org/job/PreCommit-HIVE-Build/6870/testReport&quot; class=&quot;external-link&quot; target=&quot;_blank&quot; rel=&quot;nofollow noopener&quot;&gt;https://builds.apache.org/job/PreCommit-HIVE-Build/6870/testReport&lt;/a&gt;&lt;br/&gt;
Console output: &lt;a href=&quot;https://builds.apache.org/job/PreCommit-HIVE-Build/6870/console&quot; class=&quot;external-link&quot; target=&quot;_blank&quot; rel=&quot;nofollow noopener&quot;&gt;https://builds.apache.org/job/PreCommit-HIVE-Build/6870/console&lt;/a&gt;&lt;br/&gt;
Test logs: &lt;a href=&quot;http://104.198.109.242/logs/PreCommit-HIVE-Build-6870/&quot; class=&quot;external-link&quot; target=&quot;_blank&quot; rel=&quot;nofollow noopener&quot;&gt;http://104.198.109.242/logs/PreCommit-HIVE-Build-6870/&lt;/a&gt;&lt;/p&gt;

&lt;p&gt;Messages:&lt;/p&gt;
&lt;div class=&quot;preformatted panel&quot; style=&quot;border-width: 1px;&quot;&gt;&lt;div class=&quot;preformattedContent panelContent&quot;&gt;
&lt;pre&gt;Executing org.apache.hive.ptest.execution.TestCheckPhase
Executing org.apache.hive.ptest.execution.PrepPhase
Executing org.apache.hive.ptest.execution.ExecutionPhase
Executing org.apache.hive.ptest.execution.ReportingPhase
Tests exited with: TestsFailedException: 13 tests failed
&lt;/pre&gt;
&lt;/div&gt;&lt;/div&gt;

&lt;p&gt;This message is automatically generated.&lt;/p&gt;

&lt;p&gt;ATTACHMENT ID: 12887679 - PreCommit-HIVE-Build&lt;/p&gt;</comment>
                            <comment id="16170718" author="taoli-hwx" created="Mon, 18 Sep 2017 21:06:04 +0000"  >&lt;p&gt;The cause to the deletion failure is because the table dir was deleted on target db for some reason. We did not try to drop the table so not sure why the table dir was deleted. See log below. This issue cannot be reproduced locally.&lt;/p&gt;

&lt;div class=&quot;preformatted panel&quot; style=&quot;border-width: 1px;&quot;&gt;&lt;div class=&quot;preformattedContent panelContent&quot;&gt;
&lt;pre&gt;2017-09-18T12:49:20,642 ERROR [main] parse.TestReplicationScenarios: Error verifying the staging dir deletion
java.io.FileNotFoundException: File file:/home/hiveptest/130.211.162.127-hiveptest-0/apache-github-source-source/itests/hive-unit/target/warehouse/deleteStagingDir_org_apache_hadoop_hive_ql_parse_testreplicationscenarios_1505763609715_dupe.db/unptned does not exist
&lt;/pre&gt;
&lt;/div&gt;&lt;/div&gt;

&lt;p&gt;So for now the fix is to add a existence check.&lt;/p&gt;</comment>
                            <comment id="16171110" author="hiveqa" created="Tue, 19 Sep 2017 04:40:12 +0000"  >

&lt;p&gt;Here are the results of testing the latest attachment:&lt;br/&gt;
&lt;a href=&quot;https://issues.apache.org/jira/secure/attachment/12887752/HIVE-17496.7.patch&quot; class=&quot;external-link&quot; rel=&quot;nofollow&quot;&gt;https://issues.apache.org/jira/secure/attachment/12887752/HIVE-17496.7.patch&lt;/a&gt;&lt;/p&gt;

&lt;p&gt;&lt;font color=&quot;green&quot;&gt;SUCCESS:&lt;/font&gt; +1 due to 1 test(s) being added or modified.&lt;/p&gt;

&lt;p&gt;&lt;font color=&quot;red&quot;&gt;ERROR:&lt;/font&gt; -1 due to 9 failed/errored test(s), 11043 tests executed&lt;br/&gt;
&lt;b&gt;Failed tests:&lt;/b&gt;&lt;/p&gt;
&lt;div class=&quot;preformatted panel&quot; style=&quot;border-width: 1px;&quot;&gt;&lt;div class=&quot;preformattedContent panelContent&quot;&gt;
&lt;pre&gt;TestAccumuloCliDriver - did not produce a TEST-*.xml file (likely timed out) (batchId=230)
TestDummy - did not produce a TEST-*.xml file (likely timed out) (batchId=230)
org.apache.hadoop.hive.cli.TestCliDriver.testCliDriver[create_view] (batchId=39)
org.apache.hadoop.hive.cli.TestCliDriver.testCliDriver[udf_mask_hash] (batchId=28)
org.apache.hadoop.hive.cli.TestMiniLlapLocalCliDriver.testCliDriver[union_fast_stats] (batchId=156)
org.apache.hadoop.hive.cli.TestMiniSparkOnYarnCliDriver.testCliDriver[spark_explainuser_1] (batchId=170)
org.apache.hadoop.hive.cli.TestNegativeCliDriver.testCliDriver[drop_table_failure2] (batchId=89)
org.apache.hadoop.hive.ql.TestAcidOnTez.testCtasTezUnion (batchId=215)
org.apache.hadoop.hive.ql.TestAcidOnTez.testNonStandardConversion01 (batchId=215)
&lt;/pre&gt;
&lt;/div&gt;&lt;/div&gt;

&lt;p&gt;Test results: &lt;a href=&quot;https://builds.apache.org/job/PreCommit-HIVE-Build/6876/testReport&quot; class=&quot;external-link&quot; target=&quot;_blank&quot; rel=&quot;nofollow noopener&quot;&gt;https://builds.apache.org/job/PreCommit-HIVE-Build/6876/testReport&lt;/a&gt;&lt;br/&gt;
Console output: &lt;a href=&quot;https://builds.apache.org/job/PreCommit-HIVE-Build/6876/console&quot; class=&quot;external-link&quot; target=&quot;_blank&quot; rel=&quot;nofollow noopener&quot;&gt;https://builds.apache.org/job/PreCommit-HIVE-Build/6876/console&lt;/a&gt;&lt;br/&gt;
Test logs: &lt;a href=&quot;http://104.198.109.242/logs/PreCommit-HIVE-Build-6876/&quot; class=&quot;external-link&quot; target=&quot;_blank&quot; rel=&quot;nofollow noopener&quot;&gt;http://104.198.109.242/logs/PreCommit-HIVE-Build-6876/&lt;/a&gt;&lt;/p&gt;

&lt;p&gt;Messages:&lt;/p&gt;
&lt;div class=&quot;preformatted panel&quot; style=&quot;border-width: 1px;&quot;&gt;&lt;div class=&quot;preformattedContent panelContent&quot;&gt;
&lt;pre&gt;Executing org.apache.hive.ptest.execution.TestCheckPhase
Executing org.apache.hive.ptest.execution.PrepPhase
Executing org.apache.hive.ptest.execution.ExecutionPhase
Executing org.apache.hive.ptest.execution.ReportingPhase
Tests exited with: TestsFailedException: 9 tests failed
&lt;/pre&gt;
&lt;/div&gt;&lt;/div&gt;

&lt;p&gt;This message is automatically generated.&lt;/p&gt;

&lt;p&gt;ATTACHMENT ID: 12887752 - PreCommit-HIVE-Build&lt;/p&gt;</comment>
                            <comment id="16171135" author="taoli-hwx" created="Tue, 19 Sep 2017 05:24:10 +0000"  >&lt;p&gt;Test results look good now.&lt;/p&gt;</comment>
                            <comment id="16171155" author="hiveqa" created="Tue, 19 Sep 2017 06:03:49 +0000"  >

&lt;p&gt;Here are the results of testing the latest attachment:&lt;br/&gt;
&lt;a href=&quot;https://issues.apache.org/jira/secure/attachment/12887752/HIVE-17496.7.patch&quot; class=&quot;external-link&quot; rel=&quot;nofollow&quot;&gt;https://issues.apache.org/jira/secure/attachment/12887752/HIVE-17496.7.patch&lt;/a&gt;&lt;/p&gt;

&lt;p&gt;&lt;font color=&quot;green&quot;&gt;SUCCESS:&lt;/font&gt; +1 due to 1 test(s) being added or modified.&lt;/p&gt;

&lt;p&gt;&lt;font color=&quot;red&quot;&gt;ERROR:&lt;/font&gt; -1 due to 10 failed/errored test(s), 11043 tests executed&lt;br/&gt;
&lt;b&gt;Failed tests:&lt;/b&gt;&lt;/p&gt;
&lt;div class=&quot;preformatted panel&quot; style=&quot;border-width: 1px;&quot;&gt;&lt;div class=&quot;preformattedContent panelContent&quot;&gt;
&lt;pre&gt;TestAccumuloCliDriver - did not produce a TEST-*.xml file (likely timed out) (batchId=230)
TestDummy - did not produce a TEST-*.xml file (likely timed out) (batchId=230)
org.apache.hadoop.hive.cli.TestCliDriver.testCliDriver[create_view] (batchId=39)
org.apache.hadoop.hive.cli.TestCliDriver.testCliDriver[udf_mask_hash] (batchId=28)
org.apache.hadoop.hive.cli.TestMiniLlapCliDriver.testCliDriver[unionDistinct_1] (batchId=143)
org.apache.hadoop.hive.cli.TestMiniLlapLocalCliDriver.testCliDriver[union_fast_stats] (batchId=156)
org.apache.hadoop.hive.cli.TestMiniSparkOnYarnCliDriver.testCliDriver[spark_explainuser_1] (batchId=170)
org.apache.hadoop.hive.cli.TestNegativeCliDriver.testCliDriver[drop_table_failure2] (batchId=89)
org.apache.hadoop.hive.ql.TestAcidOnTez.testCtasTezUnion (batchId=215)
org.apache.hadoop.hive.ql.TestAcidOnTez.testNonStandardConversion01 (batchId=215)
&lt;/pre&gt;
&lt;/div&gt;&lt;/div&gt;

&lt;p&gt;Test results: &lt;a href=&quot;https://builds.apache.org/job/PreCommit-HIVE-Build/6877/testReport&quot; class=&quot;external-link&quot; target=&quot;_blank&quot; rel=&quot;nofollow noopener&quot;&gt;https://builds.apache.org/job/PreCommit-HIVE-Build/6877/testReport&lt;/a&gt;&lt;br/&gt;
Console output: &lt;a href=&quot;https://builds.apache.org/job/PreCommit-HIVE-Build/6877/console&quot; class=&quot;external-link&quot; target=&quot;_blank&quot; rel=&quot;nofollow noopener&quot;&gt;https://builds.apache.org/job/PreCommit-HIVE-Build/6877/console&lt;/a&gt;&lt;br/&gt;
Test logs: &lt;a href=&quot;http://104.198.109.242/logs/PreCommit-HIVE-Build-6877/&quot; class=&quot;external-link&quot; target=&quot;_blank&quot; rel=&quot;nofollow noopener&quot;&gt;http://104.198.109.242/logs/PreCommit-HIVE-Build-6877/&lt;/a&gt;&lt;/p&gt;

&lt;p&gt;Messages:&lt;/p&gt;
&lt;div class=&quot;preformatted panel&quot; style=&quot;border-width: 1px;&quot;&gt;&lt;div class=&quot;preformattedContent panelContent&quot;&gt;
&lt;pre&gt;Executing org.apache.hive.ptest.execution.TestCheckPhase
Executing org.apache.hive.ptest.execution.PrepPhase
Executing org.apache.hive.ptest.execution.ExecutionPhase
Executing org.apache.hive.ptest.execution.ReportingPhase
Tests exited with: TestsFailedException: 10 tests failed
&lt;/pre&gt;
&lt;/div&gt;&lt;/div&gt;

&lt;p&gt;This message is automatically generated.&lt;/p&gt;

&lt;p&gt;ATTACHMENT ID: 12887752 - PreCommit-HIVE-Build&lt;/p&gt;</comment>
                            <comment id="16171214" author="daijy" created="Tue, 19 Sep 2017 07:15:59 +0000"  >&lt;p&gt;+1. Patch pushed to master.&lt;/p&gt;</comment>
                            <comment id="16485227" author="ashutoshc" created="Tue, 22 May 2018 23:15:01 +0000"  >&lt;p&gt;This jira is resolved and released with Hive 3.0 If you find an issue with it, please create a new jira.&lt;/p&gt;</comment>
                    </comments>
                    <attachments>
                            <attachment id="12886282" name="HIVE-17496.1.patch" size="3038" author="taoli-hwx" created="Sun, 10 Sep 2017 00:03:47 +0000"/>
                            <attachment id="12886553" name="HIVE-17496.2.patch" size="6129" author="taoli-hwx" created="Tue, 12 Sep 2017 01:09:46 +0000"/>
                            <attachment id="12886959" name="HIVE-17496.3.patch" size="6239" author="taoli-hwx" created="Wed, 13 Sep 2017 21:09:33 +0000"/>
                            <attachment id="12887403" name="HIVE-17496.4.patch" size="6314" author="taoli-hwx" created="Fri, 15 Sep 2017 18:17:00 +0000"/>
                            <attachment id="12887600" name="HIVE-17496.5.patch" size="7219" author="taoli-hwx" created="Mon, 18 Sep 2017 04:24:42 +0000"/>
                            <attachment id="12887679" name="HIVE-17496.6.patch" size="7346" author="taoli-hwx" created="Mon, 18 Sep 2017 15:26:23 +0000"/>
                            <attachment id="12887752" name="HIVE-17496.7.patch" size="6694" author="taoli-hwx" created="Mon, 18 Sep 2017 21:07:40 +0000"/>
                    </attachments>
                <subtasks>
                    </subtasks>
                <customfields>
                                                                            <customfield id="customfield_12310310" key="com.atlassian.jira.toolkit:attachments">
                        <customfieldname>Attachment count</customfieldname>
                        <customfieldvalues>
                            <customfieldvalue>7.0</customfieldvalue>
                        </customfieldvalues>
                    </customfield>
                                                                                                                                                                                                                                                                                                                                                                                                                                                                                                                                                                                                                                                                                                        <customfield id="customfield_12314020" key="com.atlassian.jira.plugins.jira-development-integration-plugin:devsummary">
                        <customfieldname>Development</customfieldname>
                        <customfieldvalues>
                            
                        </customfieldvalues>
                    </customfield>
                                                                                                                        <customfield id="customfield_12313422" key="com.atlassian.jirafisheyeplugin:jobcheckbox">
                        <customfieldname>Enable Automatic Patch Review</customfieldname>
                        <customfieldvalues>
                            <customfieldvalue><![CDATA[false]]></customfieldvalue>

                        </customfieldvalues>
                    </customfield>
                                                                                                                                                                                                                                                                                                                                                                                                                                                                                                                                                                                                                                                <customfield id="customfield_12310420" key="com.pyxis.greenhopper.jira:gh-global-rank">
                        <customfieldname>Global Rank</customfieldname>
                        <customfieldvalues>
                            <customfieldvalue>9223372036854775807</customfieldvalue>
                        </customfieldvalues>
                    </customfield>
                                                                <customfield id="customfield_12310191" key="com.atlassian.jira.plugin.system.customfieldtypes:multicheckboxes">
                        <customfieldname>Hadoop Flags</customfieldname>
                        <customfieldvalues>
                                <customfieldvalue key="10343"><![CDATA[Reviewed]]></customfieldvalue>
    
                        </customfieldvalues>
                    </customfield>
                                                                                                                                                                                                                                        <customfield id="customfield_12312521" key="com.atlassian.jira.toolkit:LastCommentDate">
                        <customfieldname>Last public comment date</customfieldname>
                        <customfieldvalues>
                            7 years, 26 weeks ago
                        </customfieldvalues>
                    </customfield>
                                                                                                                                                                                                                                                                                                <customfield id="customfield_12311820" key="com.pyxis.greenhopper.jira:gh-lexo-rank">
                        <customfieldname>Rank</customfieldname>
                        <customfieldvalues>
                            <customfieldvalue>0|i3jv9j:</customfieldvalue>

                        </customfieldvalues>
                    </customfield>
                                                                <customfield id="customfield_12310920" key="com.pyxis.greenhopper.jira:gh-global-rank">
                        <customfieldname>Rank (Obsolete)</customfieldname>
                        <customfieldvalues>
                            <customfieldvalue>9223372036854775807</customfieldvalue>
                        </customfieldvalues>
                    </customfield>
                                                                                                                                                                                                                                                                                                                                                                                                                                                                                                                                                                                                                                                                                                                                                                                                                                                                                </customfields>
    </item>
</channel>
</rss>