<!-- 
RSS generated by JIRA (8.20.10#820010-sha1:ace47f9899e9ee25d7157d59aa17ab06aee30d3d) at Wed Nov 12 18:56:49 UTC 2025

It is possible to restrict the fields that are returned in this document by specifying the 'field' parameter in your request.
For example, to request only the issue key and summary append 'field=key&field=summary' to the URL of your request.
-->
<rss version="0.92" >
<channel>
    <title>ASF Jira</title>
    <link>https://issues.apache.org/jira</link>
    <description>This file is an XML representation of an issue</description>
    <language>en-uk</language>    <build-info>
        <version>8.20.10</version>
        <build-number>820010</build-number>
        <build-date>22-06-2022</build-date>
    </build-info>


<item>
            <title>[HIVE-17529] Bucket Map Join : Sets incorrect edge type causing execution failure</title>
                <link>https://issues.apache.org/jira/browse/HIVE-17529</link>
                <project id="12310843" key="HIVE">Hive</project>
                    <description>&lt;p&gt;If while traversing the tree to generate tasks, a bucket mapjoin may set its edge as CUSTOM_SIMPLE_EDGE against CUSTOM_EDGE if the bigtable is already not traversed causing Tez to assert and fail the vertex.&lt;/p&gt;</description>
                <environment></environment>
        <key id="13102116">HIVE-17529</key>
            <summary>Bucket Map Join : Sets incorrect edge type causing execution failure</summary>
                <type id="1" iconUrl="https://issues.apache.org/jira/secure/viewavatar?size=xsmall&amp;avatarId=21133&amp;avatarType=issuetype">Bug</type>
                                            <priority id="3" iconUrl="https://issues.apache.org/jira/images/icons/priorities/major.svg">Major</priority>
                        <status id="6" iconUrl="https://issues.apache.org/jira/images/icons/statuses/closed.png" description="The issue is considered finished, the resolution is correct. Issues which are not closed can be reopened.">Closed</status>
                    <statusCategory id="3" key="done" colorName="green"/>
                                    <resolution id="1">Fixed</resolution>
                                        <assignee username="djaiswal">Deepak Jaiswal</assignee>
                                    <reporter username="djaiswal">Deepak Jaiswal</reporter>
                        <labels>
                    </labels>
                <created>Thu, 14 Sep 2017 01:19:11 +0000</created>
                <updated>Tue, 22 May 2018 23:14:35 +0000</updated>
                            <resolved>Thu, 21 Sep 2017 20:25:22 +0000</resolved>
                                                    <fixVersion>3.0.0</fixVersion>
                                        <due></due>
                            <votes>0</votes>
                                    <watches>2</watches>
                                                                                                                <comments>
                            <comment id="16165620" author="djaiswal" created="Thu, 14 Sep 2017 02:00:44 +0000"  >&lt;p&gt;&lt;a href=&quot;https://issues.apache.org/jira/secure/ViewProfile.jspa?name=jdere&quot; class=&quot;user-hover&quot; rel=&quot;jdere&quot;&gt;jdere&lt;/a&gt; &lt;a href=&quot;https://issues.apache.org/jira/secure/ViewProfile.jspa?name=hagleitn&quot; class=&quot;user-hover&quot; rel=&quot;hagleitn&quot;&gt;hagleitn&lt;/a&gt; &lt;a href=&quot;https://issues.apache.org/jira/secure/ViewProfile.jspa?name=gopalv&quot; class=&quot;user-hover&quot; rel=&quot;gopalv&quot;&gt;gopalv&lt;/a&gt; Can you please review?&lt;/p&gt;

&lt;p&gt;Fixed the issue and updated the tests to actually test bucket mapjoin.&lt;/p&gt;</comment>
                            <comment id="16165623" author="djaiswal" created="Thu, 14 Sep 2017 02:03:58 +0000"  >&lt;p&gt;Uploaded wrong patch&lt;/p&gt;</comment>
                            <comment id="16166627" author="djaiswal" created="Thu, 14 Sep 2017 17:15:25 +0000"  >&lt;p&gt;Somehow last patch did not trigger a test run. Reuploading the patch again.&lt;/p&gt;</comment>
                            <comment id="16167402" author="hiveqa" created="Fri, 15 Sep 2017 06:29:00 +0000"  >

&lt;p&gt;Here are the results of testing the latest attachment:&lt;br/&gt;
&lt;a href=&quot;https://issues.apache.org/jira/secure/attachment/12887141/HIVE-17529.1.patch&quot; class=&quot;external-link&quot; rel=&quot;nofollow&quot;&gt;https://issues.apache.org/jira/secure/attachment/12887141/HIVE-17529.1.patch&lt;/a&gt;&lt;/p&gt;

&lt;p&gt;&lt;font color=&quot;green&quot;&gt;SUCCESS:&lt;/font&gt; +1 due to 2 test(s) being added or modified.&lt;/p&gt;

&lt;p&gt;&lt;font color=&quot;red&quot;&gt;ERROR:&lt;/font&gt; -1 due to 12 failed/errored test(s), 11040 tests executed&lt;br/&gt;
&lt;b&gt;Failed tests:&lt;/b&gt;&lt;/p&gt;
&lt;div class=&quot;preformatted panel&quot; style=&quot;border-width: 1px;&quot;&gt;&lt;div class=&quot;preformattedContent panelContent&quot;&gt;
&lt;pre&gt;TestAccumuloCliDriver - did not produce a TEST-*.xml file (likely timed out) (batchId=230)
TestDummy - did not produce a TEST-*.xml file (likely timed out) (batchId=230)
org.apache.hadoop.hive.cli.TestCliDriver.testCliDriver[create_view] (batchId=39)
org.apache.hadoop.hive.cli.TestCliDriver.testCliDriver[insert_values_orig_table_use_metadata] (batchId=61)
org.apache.hadoop.hive.cli.TestMiniLlapLocalCliDriver.testCliDriver[union_fast_stats] (batchId=156)
org.apache.hadoop.hive.cli.TestNegativeCliDriver.testCliDriver[drop_table_failure2] (batchId=89)
org.apache.hadoop.hive.cli.TestPerfCliDriver.testCliDriver[query14] (batchId=234)
org.apache.hadoop.hive.cli.TestSparkCliDriver.testCliDriver[bucket_map_join_tez1] (batchId=137)
org.apache.hadoop.hive.cli.TestSparkCliDriver.testCliDriver[bucket_map_join_tez2] (batchId=106)
org.apache.hadoop.hive.ql.TestAcidOnTez.testCtasTezUnion (batchId=215)
org.apache.hadoop.hive.ql.TestAcidOnTez.testNonStandardConversion01 (batchId=215)
org.apache.hive.jdbc.TestJdbcWithMiniHS2.testEnableThriftSerializeInTasks (batchId=227)
&lt;/pre&gt;
&lt;/div&gt;&lt;/div&gt;

&lt;p&gt;Test results: &lt;a href=&quot;https://builds.apache.org/job/PreCommit-HIVE-Build/6818/testReport&quot; class=&quot;external-link&quot; target=&quot;_blank&quot; rel=&quot;nofollow noopener&quot;&gt;https://builds.apache.org/job/PreCommit-HIVE-Build/6818/testReport&lt;/a&gt;&lt;br/&gt;
Console output: &lt;a href=&quot;https://builds.apache.org/job/PreCommit-HIVE-Build/6818/console&quot; class=&quot;external-link&quot; target=&quot;_blank&quot; rel=&quot;nofollow noopener&quot;&gt;https://builds.apache.org/job/PreCommit-HIVE-Build/6818/console&lt;/a&gt;&lt;br/&gt;
Test logs: &lt;a href=&quot;http://104.198.109.242/logs/PreCommit-HIVE-Build-6818/&quot; class=&quot;external-link&quot; target=&quot;_blank&quot; rel=&quot;nofollow noopener&quot;&gt;http://104.198.109.242/logs/PreCommit-HIVE-Build-6818/&lt;/a&gt;&lt;/p&gt;

&lt;p&gt;Messages:&lt;/p&gt;
&lt;div class=&quot;preformatted panel&quot; style=&quot;border-width: 1px;&quot;&gt;&lt;div class=&quot;preformattedContent panelContent&quot;&gt;
&lt;pre&gt;Executing org.apache.hive.ptest.execution.TestCheckPhase
Executing org.apache.hive.ptest.execution.PrepPhase
Executing org.apache.hive.ptest.execution.ExecutionPhase
Executing org.apache.hive.ptest.execution.ReportingPhase
Tests exited with: TestsFailedException: 12 tests failed
&lt;/pre&gt;
&lt;/div&gt;&lt;/div&gt;

&lt;p&gt;This message is automatically generated.&lt;/p&gt;

&lt;p&gt;ATTACHMENT ID: 12887141 - PreCommit-HIVE-Build&lt;/p&gt;</comment>
                            <comment id="16167510" author="djaiswal" created="Fri, 15 Sep 2017 08:16:17 +0000"  >&lt;p&gt;Did not update results for spark driver.&lt;/p&gt;</comment>
                            <comment id="16168803" author="hiveqa" created="Sat, 16 Sep 2017 04:02:11 +0000"  >

&lt;p&gt;Here are the results of testing the latest attachment:&lt;br/&gt;
&lt;a href=&quot;https://issues.apache.org/jira/secure/attachment/12887283/HIVE-17529.2.patch&quot; class=&quot;external-link&quot; rel=&quot;nofollow&quot;&gt;https://issues.apache.org/jira/secure/attachment/12887283/HIVE-17529.2.patch&lt;/a&gt;&lt;/p&gt;

&lt;p&gt;&lt;font color=&quot;green&quot;&gt;SUCCESS:&lt;/font&gt; +1 due to 2 test(s) being added or modified.&lt;/p&gt;

&lt;p&gt;&lt;font color=&quot;red&quot;&gt;ERROR:&lt;/font&gt; -1 due to 14 failed/errored test(s), 11040 tests executed&lt;br/&gt;
&lt;b&gt;Failed tests:&lt;/b&gt;&lt;/p&gt;
&lt;div class=&quot;preformatted panel&quot; style=&quot;border-width: 1px;&quot;&gt;&lt;div class=&quot;preformattedContent panelContent&quot;&gt;
&lt;pre&gt;TestAccumuloCliDriver - did not produce a TEST-*.xml file (likely timed out) (batchId=230)
TestDummy - did not produce a TEST-*.xml file (likely timed out) (batchId=230)
org.apache.hadoop.hive.cli.TestCliDriver.testCliDriver[create_view] (batchId=39)
org.apache.hadoop.hive.cli.TestCliDriver.testCliDriver[insert_values_orig_table_use_metadata] (batchId=61)
org.apache.hadoop.hive.cli.TestCliDriver.testCliDriver[udf_mask_hash] (batchId=28)
org.apache.hadoop.hive.cli.TestHBaseCliDriver.testCliDriver[hbase_handler_snapshot] (batchId=96)
org.apache.hadoop.hive.cli.TestMiniLlapLocalCliDriver.testCliDriver[union_fast_stats] (batchId=156)
org.apache.hadoop.hive.cli.TestNegativeCliDriver.testCliDriver[drop_table_failure2] (batchId=89)
org.apache.hadoop.hive.cli.TestPerfCliDriver.testCliDriver[query14] (batchId=234)
org.apache.hadoop.hive.cli.TestPerfCliDriver.testCliDriver[query23] (batchId=234)
org.apache.hadoop.hive.cli.TestSparkCliDriver.testCliDriver[bucket_map_join_tez1] (batchId=137)
org.apache.hadoop.hive.ql.TestAcidOnTez.testCtasTezUnion (batchId=215)
org.apache.hadoop.hive.ql.TestAcidOnTez.testNonStandardConversion01 (batchId=215)
org.apache.hive.hcatalog.pig.TestTextFileHCatStorer.testWriteVarchar (batchId=183)
&lt;/pre&gt;
&lt;/div&gt;&lt;/div&gt;

&lt;p&gt;Test results: &lt;a href=&quot;https://builds.apache.org/job/PreCommit-HIVE-Build/6836/testReport&quot; class=&quot;external-link&quot; target=&quot;_blank&quot; rel=&quot;nofollow noopener&quot;&gt;https://builds.apache.org/job/PreCommit-HIVE-Build/6836/testReport&lt;/a&gt;&lt;br/&gt;
Console output: &lt;a href=&quot;https://builds.apache.org/job/PreCommit-HIVE-Build/6836/console&quot; class=&quot;external-link&quot; target=&quot;_blank&quot; rel=&quot;nofollow noopener&quot;&gt;https://builds.apache.org/job/PreCommit-HIVE-Build/6836/console&lt;/a&gt;&lt;br/&gt;
Test logs: &lt;a href=&quot;http://104.198.109.242/logs/PreCommit-HIVE-Build-6836/&quot; class=&quot;external-link&quot; target=&quot;_blank&quot; rel=&quot;nofollow noopener&quot;&gt;http://104.198.109.242/logs/PreCommit-HIVE-Build-6836/&lt;/a&gt;&lt;/p&gt;

&lt;p&gt;Messages:&lt;/p&gt;
&lt;div class=&quot;preformatted panel&quot; style=&quot;border-width: 1px;&quot;&gt;&lt;div class=&quot;preformattedContent panelContent&quot;&gt;
&lt;pre&gt;Executing org.apache.hive.ptest.execution.TestCheckPhase
Executing org.apache.hive.ptest.execution.PrepPhase
Executing org.apache.hive.ptest.execution.ExecutionPhase
Executing org.apache.hive.ptest.execution.ReportingPhase
Tests exited with: TestsFailedException: 14 tests failed
&lt;/pre&gt;
&lt;/div&gt;&lt;/div&gt;

&lt;p&gt;This message is automatically generated.&lt;/p&gt;

&lt;p&gt;ATTACHMENT ID: 12887283 - PreCommit-HIVE-Build&lt;/p&gt;</comment>
                            <comment id="16170421" author="jdere" created="Mon, 18 Sep 2017 18:14:21 +0000"  >&lt;p&gt;I think the code changes look alright, but the latest test result has a failure in TestSparkCliDriver.testCliDriver&lt;span class=&quot;error&quot;&gt;&amp;#91;bucket_map_join_tez1&amp;#93;&lt;/span&gt; .. can you take a look at that?&lt;/p&gt;</comment>
                            <comment id="16170571" author="djaiswal" created="Mon, 18 Sep 2017 19:53:47 +0000"  >&lt;p&gt;I ran the test several times locally and it passed all the time for me.&lt;/p&gt;</comment>
                            <comment id="16170637" author="jdere" created="Mon, 18 Sep 2017 20:31:56 +0000"  >&lt;p&gt;Can you try re-posting the patch so we can see another pre-commit run?&lt;/p&gt;</comment>
                            <comment id="16170644" author="djaiswal" created="Mon, 18 Sep 2017 20:34:36 +0000"  >&lt;p&gt;Re-applying the same patch to see if bucket_map_join_tez1 fails with SparkCliDriver&lt;/p&gt;</comment>
                            <comment id="16171057" author="hiveqa" created="Tue, 19 Sep 2017 03:16:14 +0000"  >

&lt;p&gt;Here are the results of testing the latest attachment:&lt;br/&gt;
&lt;a href=&quot;https://issues.apache.org/jira/secure/attachment/12887746/HIVE-17529.3.patch&quot; class=&quot;external-link&quot; rel=&quot;nofollow&quot;&gt;https://issues.apache.org/jira/secure/attachment/12887746/HIVE-17529.3.patch&lt;/a&gt;&lt;/p&gt;

&lt;p&gt;&lt;font color=&quot;green&quot;&gt;SUCCESS:&lt;/font&gt; +1 due to 2 test(s) being added or modified.&lt;/p&gt;

&lt;p&gt;&lt;font color=&quot;red&quot;&gt;ERROR:&lt;/font&gt; -1 due to 12 failed/errored test(s), 11042 tests executed&lt;br/&gt;
&lt;b&gt;Failed tests:&lt;/b&gt;&lt;/p&gt;
&lt;div class=&quot;preformatted panel&quot; style=&quot;border-width: 1px;&quot;&gt;&lt;div class=&quot;preformattedContent panelContent&quot;&gt;
&lt;pre&gt;TestAccumuloCliDriver - did not produce a TEST-*.xml file (likely timed out) (batchId=230)
TestDummy - did not produce a TEST-*.xml file (likely timed out) (batchId=230)
org.apache.hadoop.hive.cli.TestCliDriver.testCliDriver[create_view] (batchId=39)
org.apache.hadoop.hive.cli.TestCliDriver.testCliDriver[udf_mask_hash] (batchId=28)
org.apache.hadoop.hive.cli.TestMiniLlapLocalCliDriver.testCliDriver[union_fast_stats] (batchId=156)
org.apache.hadoop.hive.cli.TestMiniSparkOnYarnCliDriver.testCliDriver[spark_explainuser_1] (batchId=170)
org.apache.hadoop.hive.cli.TestNegativeCliDriver.testCliDriver[drop_table_failure2] (batchId=89)
org.apache.hadoop.hive.cli.TestPerfCliDriver.testCliDriver[query14] (batchId=234)
org.apache.hadoop.hive.cli.TestSparkCliDriver.testCliDriver[bucket_map_join_tez1] (batchId=137)
org.apache.hadoop.hive.ql.TestAcidOnTez.testCtasTezUnion (batchId=215)
org.apache.hadoop.hive.ql.TestAcidOnTez.testNonStandardConversion01 (batchId=215)
org.apache.hive.hcatalog.pig.TestTextFileHCatStorer.testWriteChar (batchId=183)
&lt;/pre&gt;
&lt;/div&gt;&lt;/div&gt;

&lt;p&gt;Test results: &lt;a href=&quot;https://builds.apache.org/job/PreCommit-HIVE-Build/6875/testReport&quot; class=&quot;external-link&quot; target=&quot;_blank&quot; rel=&quot;nofollow noopener&quot;&gt;https://builds.apache.org/job/PreCommit-HIVE-Build/6875/testReport&lt;/a&gt;&lt;br/&gt;
Console output: &lt;a href=&quot;https://builds.apache.org/job/PreCommit-HIVE-Build/6875/console&quot; class=&quot;external-link&quot; target=&quot;_blank&quot; rel=&quot;nofollow noopener&quot;&gt;https://builds.apache.org/job/PreCommit-HIVE-Build/6875/console&lt;/a&gt;&lt;br/&gt;
Test logs: &lt;a href=&quot;http://104.198.109.242/logs/PreCommit-HIVE-Build-6875/&quot; class=&quot;external-link&quot; target=&quot;_blank&quot; rel=&quot;nofollow noopener&quot;&gt;http://104.198.109.242/logs/PreCommit-HIVE-Build-6875/&lt;/a&gt;&lt;/p&gt;

&lt;p&gt;Messages:&lt;/p&gt;
&lt;div class=&quot;preformatted panel&quot; style=&quot;border-width: 1px;&quot;&gt;&lt;div class=&quot;preformattedContent panelContent&quot;&gt;
&lt;pre&gt;Executing org.apache.hive.ptest.execution.TestCheckPhase
Executing org.apache.hive.ptest.execution.PrepPhase
Executing org.apache.hive.ptest.execution.ExecutionPhase
Executing org.apache.hive.ptest.execution.ReportingPhase
Tests exited with: TestsFailedException: 12 tests failed
&lt;/pre&gt;
&lt;/div&gt;&lt;/div&gt;

&lt;p&gt;This message is automatically generated.&lt;/p&gt;

&lt;p&gt;ATTACHMENT ID: 12887746 - PreCommit-HIVE-Build&lt;/p&gt;</comment>
                            <comment id="16172282" author="djaiswal" created="Tue, 19 Sep 2017 20:22:25 +0000"  >&lt;p&gt;Retrying again after refreshing the code.&lt;/p&gt;</comment>
                            <comment id="16172776" author="hiveqa" created="Wed, 20 Sep 2017 05:52:39 +0000"  >

&lt;p&gt;Here are the results of testing the latest attachment:&lt;br/&gt;
&lt;a href=&quot;https://issues.apache.org/jira/secure/attachment/12887964/HIVE-17529.4.patch&quot; class=&quot;external-link&quot; rel=&quot;nofollow&quot;&gt;https://issues.apache.org/jira/secure/attachment/12887964/HIVE-17529.4.patch&lt;/a&gt;&lt;/p&gt;

&lt;p&gt;&lt;font color=&quot;green&quot;&gt;SUCCESS:&lt;/font&gt; +1 due to 2 test(s) being added or modified.&lt;/p&gt;

&lt;p&gt;&lt;font color=&quot;red&quot;&gt;ERROR:&lt;/font&gt; -1 due to 12 failed/errored test(s), 11044 tests executed&lt;br/&gt;
&lt;b&gt;Failed tests:&lt;/b&gt;&lt;/p&gt;
&lt;div class=&quot;preformatted panel&quot; style=&quot;border-width: 1px;&quot;&gt;&lt;div class=&quot;preformattedContent panelContent&quot;&gt;
&lt;pre&gt;TestAccumuloCliDriver - did not produce a TEST-*.xml file (likely timed out) (batchId=230)
TestDummy - did not produce a TEST-*.xml file (likely timed out) (batchId=230)
org.apache.hadoop.hive.cli.TestCliDriver.testCliDriver[create_view] (batchId=39)
org.apache.hadoop.hive.cli.TestCliDriver.testCliDriver[udf_mask_hash] (batchId=28)
org.apache.hadoop.hive.cli.TestMiniLlapLocalCliDriver.testCliDriver[union_fast_stats] (batchId=156)
org.apache.hadoop.hive.cli.TestMiniSparkOnYarnCliDriver.testCliDriver[spark_explainuser_1] (batchId=170)
org.apache.hadoop.hive.cli.TestMiniTezCliDriver.testCliDriver[explainanalyze_2] (batchId=100)
org.apache.hadoop.hive.cli.TestNegativeCliDriver.testCliDriver[drop_table_failure2] (batchId=89)
org.apache.hadoop.hive.cli.TestPerfCliDriver.testCliDriver[query14] (batchId=234)
org.apache.hadoop.hive.cli.TestSparkCliDriver.testCliDriver[bucket_map_join_tez1] (batchId=137)
org.apache.hadoop.hive.ql.TestAcidOnTez.testCtasTezUnion (batchId=215)
org.apache.hadoop.hive.ql.TestAcidOnTez.testNonStandardConversion01 (batchId=215)
&lt;/pre&gt;
&lt;/div&gt;&lt;/div&gt;

&lt;p&gt;Test results: &lt;a href=&quot;https://builds.apache.org/job/PreCommit-HIVE-Build/6896/testReport&quot; class=&quot;external-link&quot; target=&quot;_blank&quot; rel=&quot;nofollow noopener&quot;&gt;https://builds.apache.org/job/PreCommit-HIVE-Build/6896/testReport&lt;/a&gt;&lt;br/&gt;
Console output: &lt;a href=&quot;https://builds.apache.org/job/PreCommit-HIVE-Build/6896/console&quot; class=&quot;external-link&quot; target=&quot;_blank&quot; rel=&quot;nofollow noopener&quot;&gt;https://builds.apache.org/job/PreCommit-HIVE-Build/6896/console&lt;/a&gt;&lt;br/&gt;
Test logs: &lt;a href=&quot;http://104.198.109.242/logs/PreCommit-HIVE-Build-6896/&quot; class=&quot;external-link&quot; target=&quot;_blank&quot; rel=&quot;nofollow noopener&quot;&gt;http://104.198.109.242/logs/PreCommit-HIVE-Build-6896/&lt;/a&gt;&lt;/p&gt;

&lt;p&gt;Messages:&lt;/p&gt;
&lt;div class=&quot;preformatted panel&quot; style=&quot;border-width: 1px;&quot;&gt;&lt;div class=&quot;preformattedContent panelContent&quot;&gt;
&lt;pre&gt;Executing org.apache.hive.ptest.execution.TestCheckPhase
Executing org.apache.hive.ptest.execution.PrepPhase
Executing org.apache.hive.ptest.execution.ExecutionPhase
Executing org.apache.hive.ptest.execution.ReportingPhase
Tests exited with: TestsFailedException: 12 tests failed
&lt;/pre&gt;
&lt;/div&gt;&lt;/div&gt;

&lt;p&gt;This message is automatically generated.&lt;/p&gt;

&lt;p&gt;ATTACHMENT ID: 12887964 - PreCommit-HIVE-Build&lt;/p&gt;</comment>
                            <comment id="16173633" author="djaiswal" created="Wed, 20 Sep 2017 18:24:07 +0000"  >&lt;p&gt;Added order by in the failing tests due to mismatched order of results.&lt;/p&gt;</comment>
                            <comment id="16174598" author="hiveqa" created="Thu, 21 Sep 2017 11:29:49 +0000"  >

&lt;p&gt;Here are the results of testing the latest attachment:&lt;br/&gt;
&lt;a href=&quot;https://issues.apache.org/jira/secure/attachment/12888102/HIVE-17529.5.patch&quot; class=&quot;external-link&quot; rel=&quot;nofollow&quot;&gt;https://issues.apache.org/jira/secure/attachment/12888102/HIVE-17529.5.patch&lt;/a&gt;&lt;/p&gt;

&lt;p&gt;&lt;font color=&quot;green&quot;&gt;SUCCESS:&lt;/font&gt; +1 due to 2 test(s) being added or modified.&lt;/p&gt;

&lt;p&gt;&lt;font color=&quot;red&quot;&gt;ERROR:&lt;/font&gt; -1 due to 8 failed/errored test(s), 11049 tests executed&lt;br/&gt;
&lt;b&gt;Failed tests:&lt;/b&gt;&lt;/p&gt;
&lt;div class=&quot;preformatted panel&quot; style=&quot;border-width: 1px;&quot;&gt;&lt;div class=&quot;preformattedContent panelContent&quot;&gt;
&lt;pre&gt;TestAccumuloCliDriver - did not produce a TEST-*.xml file (likely timed out) (batchId=231)
TestDummy - did not produce a TEST-*.xml file (likely timed out) (batchId=231)
org.apache.hadoop.hive.cli.TestCliDriver.testCliDriver[create_view] (batchId=39)
org.apache.hadoop.hive.cli.TestMiniLlapLocalCliDriver.testCliDriver[union_fast_stats] (batchId=156)
org.apache.hadoop.hive.cli.TestMiniSparkOnYarnCliDriver.testCliDriver[spark_explainuser_1] (batchId=170)
org.apache.hadoop.hive.cli.TestNegativeCliDriver.testCliDriver[drop_table_failure2] (batchId=89)
org.apache.hadoop.hive.cli.TestPerfCliDriver.testCliDriver[query14] (batchId=235)
org.apache.hadoop.hive.cli.TestPerfCliDriver.testCliDriver[query23] (batchId=235)
&lt;/pre&gt;
&lt;/div&gt;&lt;/div&gt;

&lt;p&gt;Test results: &lt;a href=&quot;https://builds.apache.org/job/PreCommit-HIVE-Build/6918/testReport&quot; class=&quot;external-link&quot; target=&quot;_blank&quot; rel=&quot;nofollow noopener&quot;&gt;https://builds.apache.org/job/PreCommit-HIVE-Build/6918/testReport&lt;/a&gt;&lt;br/&gt;
Console output: &lt;a href=&quot;https://builds.apache.org/job/PreCommit-HIVE-Build/6918/console&quot; class=&quot;external-link&quot; target=&quot;_blank&quot; rel=&quot;nofollow noopener&quot;&gt;https://builds.apache.org/job/PreCommit-HIVE-Build/6918/console&lt;/a&gt;&lt;br/&gt;
Test logs: &lt;a href=&quot;http://104.198.109.242/logs/PreCommit-HIVE-Build-6918/&quot; class=&quot;external-link&quot; target=&quot;_blank&quot; rel=&quot;nofollow noopener&quot;&gt;http://104.198.109.242/logs/PreCommit-HIVE-Build-6918/&lt;/a&gt;&lt;/p&gt;

&lt;p&gt;Messages:&lt;/p&gt;
&lt;div class=&quot;preformatted panel&quot; style=&quot;border-width: 1px;&quot;&gt;&lt;div class=&quot;preformattedContent panelContent&quot;&gt;
&lt;pre&gt;Executing org.apache.hive.ptest.execution.TestCheckPhase
Executing org.apache.hive.ptest.execution.PrepPhase
Executing org.apache.hive.ptest.execution.ExecutionPhase
Executing org.apache.hive.ptest.execution.ReportingPhase
Tests exited with: TestsFailedException: 8 tests failed
&lt;/pre&gt;
&lt;/div&gt;&lt;/div&gt;

&lt;p&gt;This message is automatically generated.&lt;/p&gt;

&lt;p&gt;ATTACHMENT ID: 12888102 - PreCommit-HIVE-Build&lt;/p&gt;</comment>
                            <comment id="16174916" author="djaiswal" created="Thu, 21 Sep 2017 15:16:06 +0000"  >&lt;p&gt;The updated query worked. The test is now passing. &lt;a href=&quot;https://issues.apache.org/jira/secure/ViewProfile.jspa?name=jdere&quot; class=&quot;user-hover&quot; rel=&quot;jdere&quot;&gt;jdere&lt;/a&gt; can you please review?&lt;/p&gt;</comment>
                            <comment id="16175211" author="jdere" created="Thu, 21 Sep 2017 18:03:27 +0000"  >&lt;p&gt;+1&lt;/p&gt;</comment>
                            <comment id="16175400" author="jdere" created="Thu, 21 Sep 2017 20:25:22 +0000"  >&lt;p&gt;Committed to master&lt;/p&gt;</comment>
                            <comment id="16175569" author="djaiswal" created="Thu, 21 Sep 2017 22:22:11 +0000"  >&lt;p&gt;Thanks for the review and commit &lt;a href=&quot;https://issues.apache.org/jira/secure/ViewProfile.jspa?name=jdere&quot; class=&quot;user-hover&quot; rel=&quot;jdere&quot;&gt;jdere&lt;/a&gt;&lt;/p&gt;</comment>
                            <comment id="16485142" author="ashutoshc" created="Tue, 22 May 2018 23:14:35 +0000"  >&lt;p&gt;This jira is resolved and released with Hive 3.0 If you find an issue with it, please create a new jira.&lt;/p&gt;</comment>
                    </comments>
                    <attachments>
                            <attachment id="12887141" name="HIVE-17529.1.patch" size="345918" author="djaiswal" created="Thu, 14 Sep 2017 17:15:06 +0000"/>
                            <attachment id="12887283" name="HIVE-17529.2.patch" size="635286" author="djaiswal" created="Fri, 15 Sep 2017 08:15:47 +0000"/>
                            <attachment id="12887746" name="HIVE-17529.3.patch" size="635286" author="djaiswal" created="Mon, 18 Sep 2017 20:33:48 +0000"/>
                            <attachment id="12887964" name="HIVE-17529.4.patch" size="635286" author="djaiswal" created="Tue, 19 Sep 2017 20:22:14 +0000"/>
                            <attachment id="12888102" name="HIVE-17529.5.patch" size="642331" author="djaiswal" created="Wed, 20 Sep 2017 18:23:35 +0000"/>
                    </attachments>
                <subtasks>
                    </subtasks>
                <customfields>
                                                                            <customfield id="customfield_12310310" key="com.atlassian.jira.toolkit:attachments">
                        <customfieldname>Attachment count</customfieldname>
                        <customfieldvalues>
                            <customfieldvalue>5.0</customfieldvalue>
                        </customfieldvalues>
                    </customfield>
                                                                                                                                                                                                                                                                                                                                                                                                                                                                                                                                                                                                                                                                                                        <customfield id="customfield_12314020" key="com.atlassian.jira.plugins.jira-development-integration-plugin:devsummary">
                        <customfieldname>Development</customfieldname>
                        <customfieldvalues>
                            
                        </customfieldvalues>
                    </customfield>
                                                                                                                        <customfield id="customfield_12313422" key="com.atlassian.jirafisheyeplugin:jobcheckbox">
                        <customfieldname>Enable Automatic Patch Review</customfieldname>
                        <customfieldvalues>
                            <customfieldvalue><![CDATA[false]]></customfieldvalue>

                        </customfieldvalues>
                    </customfield>
                                                                                                                                                                                                                                                                                                                                                                                                                                                                                                                                                                                                                                                <customfield id="customfield_12310420" key="com.pyxis.greenhopper.jira:gh-global-rank">
                        <customfieldname>Global Rank</customfieldname>
                        <customfieldvalues>
                            <customfieldvalue>9223372036854775807</customfieldvalue>
                        </customfieldvalues>
                    </customfield>
                                                                                                                                                                                                                                                                    <customfield id="customfield_12312521" key="com.atlassian.jira.toolkit:LastCommentDate">
                        <customfieldname>Last public comment date</customfieldname>
                        <customfieldvalues>
                            7 years, 26 weeks ago
                        </customfieldvalues>
                    </customfield>
                                                                                                                                                                                                                                                                                                <customfield id="customfield_12311820" key="com.pyxis.greenhopper.jira:gh-lexo-rank">
                        <customfieldname>Rank</customfieldname>
                        <customfieldvalues>
                            <customfieldvalue>0|i3k1m7:</customfieldvalue>

                        </customfieldvalues>
                    </customfield>
                                                                <customfield id="customfield_12310920" key="com.pyxis.greenhopper.jira:gh-global-rank">
                        <customfieldname>Rank (Obsolete)</customfieldname>
                        <customfieldvalues>
                            <customfieldvalue>9223372036854775807</customfieldvalue>
                        </customfieldvalues>
                    </customfield>
                                                                                                                                                                                                                                                                                                                                                                                                                                                                                                                                                                                                                                                                                                                                                                                                                                                                                </customfields>
    </item>
</channel>
</rss>