<!-- 
RSS generated by JIRA (8.20.10#820010-sha1:ace47f9899e9ee25d7157d59aa17ab06aee30d3d) at Wed Nov 12 18:57:47 UTC 2025

It is possible to restrict the fields that are returned in this document by specifying the 'field' parameter in your request.
For example, to request only the issue key and summary append 'field=key&field=summary' to the URL of your request.
-->
<rss version="0.92" >
<channel>
    <title>ASF Jira</title>
    <link>https://issues.apache.org/jira</link>
    <description>This file is an XML representation of an issue</description>
    <language>en-uk</language>    <build-info>
        <version>8.20.10</version>
        <build-number>820010</build-number>
        <build-date>22-06-2022</build-date>
    </build-info>


<item>
            <title>[HIVE-12631] LLAP IO: support ORC ACID tables</title>
                <link>https://issues.apache.org/jira/browse/HIVE-12631</link>
                <project id="12310843" key="HIVE">Hive</project>
                    <description>&lt;p&gt;LLAP uses a completely separate read path in ORC to allow for caching and parallelization of reads and processing. This path does not support ACID. As far as I remember ACID logic is embedded inside ORC format; we need to refactor it to be on top of some interface, if practical; or just port it to LLAP read path.&lt;br/&gt;
Another consideration is how the logic will work with cache. The cache is currently low-level (CB-level in ORC), so we could just use it to read bases and deltas (deltas should be cached with higher priority) and merge as usual. We could also cache merged representation in future.&lt;/p&gt;</description>
                <environment></environment>
        <key id="12920526">HIVE-12631</key>
            <summary>LLAP IO: support ORC ACID tables</summary>
                <type id="1" iconUrl="https://issues.apache.org/jira/secure/viewavatar?size=xsmall&amp;avatarId=21133&amp;avatarType=issuetype">Bug</type>
                                            <priority id="3" iconUrl="https://issues.apache.org/jira/images/icons/priorities/major.svg">Major</priority>
                        <status id="6" iconUrl="https://issues.apache.org/jira/images/icons/statuses/closed.png" description="The issue is considered finished, the resolution is correct. Issues which are not closed can be reopened.">Closed</status>
                    <statusCategory id="3" key="done" colorName="green"/>
                                    <resolution id="1">Fixed</resolution>
                                        <assignee username="teddy.choi">Teddy Choi</assignee>
                                    <reporter username="sershe">Sergey Shelukhin</reporter>
                        <labels>
                    </labels>
                <created>Wed, 9 Dec 2015 19:42:51 +0000</created>
                <updated>Tue, 1 Oct 2019 22:06:44 +0000</updated>
                            <resolved>Wed, 18 Oct 2017 22:26:05 +0000</resolved>
                                                    <fixVersion>3.0.0</fixVersion>
                                    <component>llap</component>
                    <component>Transactions</component>
                        <due></due>
                            <votes>3</votes>
                                    <watches>14</watches>
                                                                                                                <comments>
                            <comment id="15049267" author="sershe" created="Wed, 9 Dec 2015 19:43:24 +0000"  >&lt;p&gt;&lt;a href=&quot;https://issues.apache.org/jira/secure/ViewProfile.jspa?name=hagleitn&quot; class=&quot;user-hover&quot; rel=&quot;hagleitn&quot;&gt;hagleitn&lt;/a&gt; &lt;a href=&quot;https://issues.apache.org/jira/secure/ViewProfile.jspa?name=gates&quot; class=&quot;user-hover&quot; rel=&quot;gates&quot;&gt;gates&lt;/a&gt; fyi&lt;/p&gt;</comment>
                            <comment id="15867303" author="teddy.choi" created="Wed, 15 Feb 2017 05:50:29 +0000"  >&lt;p&gt;This draft patch implements the basic idea. OrcAcidEncodedDataConsumer merges base from LLAP and delta from files before consuming. The methods and classes that are shared between OrcAcidEncodedDataConsumer and VectorizedOrcAcidRowBatchReader are now in AcidMergeUtils. AcidMergeUtils handles not only VectorizedRowBatch but also ColumnVectorBatch.&lt;/p&gt;

&lt;p&gt;However, this patch doesn&apos;t cache delta data on LLAP. I will try to cache it in the next patch.&lt;/p&gt;</comment>
                            <comment id="15867557" author="hiveqa" created="Wed, 15 Feb 2017 09:50:56 +0000"  >

&lt;p&gt;Here are the results of testing the latest attachment:&lt;br/&gt;
&lt;a href=&quot;https://issues.apache.org/jira/secure/attachment/12852741/HIVE-12631.1.patch&quot; class=&quot;external-link&quot; rel=&quot;nofollow&quot;&gt;https://issues.apache.org/jira/secure/attachment/12852741/HIVE-12631.1.patch&lt;/a&gt;&lt;/p&gt;

&lt;p&gt;&lt;font color=&quot;green&quot;&gt;SUCCESS:&lt;/font&gt; +1 due to 2 test(s) being added or modified.&lt;/p&gt;

&lt;p&gt;&lt;font color=&quot;red&quot;&gt;ERROR:&lt;/font&gt; -1 due to 11 failed/errored test(s), 10238 tests executed&lt;br/&gt;
&lt;b&gt;Failed tests:&lt;/b&gt;&lt;/p&gt;
&lt;div class=&quot;preformatted panel&quot; style=&quot;border-width: 1px;&quot;&gt;&lt;div class=&quot;preformattedContent panelContent&quot;&gt;
&lt;pre&gt;TestDerbyConnector - did not produce a TEST-*.xml file (likely timed out) (batchId=235)
org.apache.hadoop.hive.cli.TestCliDriver.testCliDriver[cbo_rp_auto_join1] (batchId=3)
org.apache.hadoop.hive.cli.TestCliDriver.testCliDriver[join31] (batchId=81)
org.apache.hadoop.hive.cli.TestEncryptedHDFSCliDriver.testCliDriver[encryption_join_with_different_encryption_keys] (batchId=159)
org.apache.hadoop.hive.cli.TestMiniLlapCliDriver.testCliDriver[acid_bucket_pruning] (batchId=134)
org.apache.hadoop.hive.cli.TestMiniLlapLocalCliDriver.testCliDriver[dynpart_sort_optimization_acid] (batchId=147)
org.apache.hadoop.hive.cli.TestMiniLlapLocalCliDriver.testCliDriver[multiMapJoin2] (batchId=152)
org.apache.hadoop.hive.cli.TestMiniLlapLocalCliDriver.testCliDriver[sqlmerge] (batchId=153)
org.apache.hadoop.hive.cli.TestPerfCliDriver.testCliDriver[query14] (batchId=223)
org.apache.hadoop.hive.cli.TestPerfCliDriver.testCliDriver[query23] (batchId=223)
org.apache.hadoop.hive.cli.TestSparkCliDriver.testCliDriver[join31] (batchId=133)
&lt;/pre&gt;
&lt;/div&gt;&lt;/div&gt;

&lt;p&gt;Test results: &lt;a href=&quot;https://builds.apache.org/job/PreCommit-HIVE-Build/3562/testReport&quot; class=&quot;external-link&quot; target=&quot;_blank&quot; rel=&quot;nofollow noopener&quot;&gt;https://builds.apache.org/job/PreCommit-HIVE-Build/3562/testReport&lt;/a&gt;&lt;br/&gt;
Console output: &lt;a href=&quot;https://builds.apache.org/job/PreCommit-HIVE-Build/3562/console&quot; class=&quot;external-link&quot; target=&quot;_blank&quot; rel=&quot;nofollow noopener&quot;&gt;https://builds.apache.org/job/PreCommit-HIVE-Build/3562/console&lt;/a&gt;&lt;br/&gt;
Test logs: &lt;a href=&quot;http://104.198.109.242/logs/PreCommit-HIVE-Build-3562/&quot; class=&quot;external-link&quot; target=&quot;_blank&quot; rel=&quot;nofollow noopener&quot;&gt;http://104.198.109.242/logs/PreCommit-HIVE-Build-3562/&lt;/a&gt;&lt;/p&gt;

&lt;p&gt;Messages:&lt;/p&gt;
&lt;div class=&quot;preformatted panel&quot; style=&quot;border-width: 1px;&quot;&gt;&lt;div class=&quot;preformattedContent panelContent&quot;&gt;
&lt;pre&gt;Executing org.apache.hive.ptest.execution.TestCheckPhase
Executing org.apache.hive.ptest.execution.PrepPhase
Executing org.apache.hive.ptest.execution.ExecutionPhase
Executing org.apache.hive.ptest.execution.ReportingPhase
Tests exited with: TestsFailedException: 11 tests failed
&lt;/pre&gt;
&lt;/div&gt;&lt;/div&gt;

&lt;p&gt;This message is automatically generated.&lt;/p&gt;

&lt;p&gt;ATTACHMENT ID: 12852741 - PreCommit-HIVE-Build&lt;/p&gt;</comment>
                            <comment id="15867629" author="teddy.choi" created="Wed, 15 Feb 2017 10:49:07 +0000"  >&lt;p&gt;This second patch fixed other affected qtests.&lt;/p&gt;</comment>
                            <comment id="15867906" author="hiveqa" created="Wed, 15 Feb 2017 14:18:39 +0000"  >

&lt;p&gt;Here are the results of testing the latest attachment:&lt;br/&gt;
&lt;a href=&quot;https://issues.apache.org/jira/secure/attachment/12852790/HIVE-12631.2.patch&quot; class=&quot;external-link&quot; rel=&quot;nofollow&quot;&gt;https://issues.apache.org/jira/secure/attachment/12852790/HIVE-12631.2.patch&lt;/a&gt;&lt;/p&gt;

&lt;p&gt;&lt;font color=&quot;green&quot;&gt;SUCCESS:&lt;/font&gt; +1 due to 2 test(s) being added or modified.&lt;/p&gt;

&lt;p&gt;&lt;font color=&quot;red&quot;&gt;ERROR:&lt;/font&gt; -1 due to 10 failed/errored test(s), 10238 tests executed&lt;br/&gt;
&lt;b&gt;Failed tests:&lt;/b&gt;&lt;/p&gt;
&lt;div class=&quot;preformatted panel&quot; style=&quot;border-width: 1px;&quot;&gt;&lt;div class=&quot;preformattedContent panelContent&quot;&gt;
&lt;pre&gt;TestDerbyConnector - did not produce a TEST-*.xml file (likely timed out) (batchId=235)
org.apache.hadoop.hive.cli.TestCliDriver.testCliDriver[cbo_rp_auto_join1] (batchId=3)
org.apache.hadoop.hive.cli.TestCliDriver.testCliDriver[join31] (batchId=81)
org.apache.hadoop.hive.cli.TestEncryptedHDFSCliDriver.testCliDriver[encryption_join_with_different_encryption_keys] (batchId=159)
org.apache.hadoop.hive.cli.TestMiniLlapLocalCliDriver.testCliDriver[multiMapJoin2] (batchId=152)
org.apache.hadoop.hive.cli.TestPerfCliDriver.testCliDriver[query14] (batchId=223)
org.apache.hadoop.hive.cli.TestPerfCliDriver.testCliDriver[query23] (batchId=223)
org.apache.hadoop.hive.cli.TestSparkCliDriver.testCliDriver[join31] (batchId=133)
org.apache.hive.hcatalog.pig.TestTextFileHCatStorer.testWriteDate (batchId=173)
org.apache.hive.hcatalog.pig.TestTextFileHCatStorer.testWriteDecimalX (batchId=173)
&lt;/pre&gt;
&lt;/div&gt;&lt;/div&gt;

&lt;p&gt;Test results: &lt;a href=&quot;https://builds.apache.org/job/PreCommit-HIVE-Build/3568/testReport&quot; class=&quot;external-link&quot; target=&quot;_blank&quot; rel=&quot;nofollow noopener&quot;&gt;https://builds.apache.org/job/PreCommit-HIVE-Build/3568/testReport&lt;/a&gt;&lt;br/&gt;
Console output: &lt;a href=&quot;https://builds.apache.org/job/PreCommit-HIVE-Build/3568/console&quot; class=&quot;external-link&quot; target=&quot;_blank&quot; rel=&quot;nofollow noopener&quot;&gt;https://builds.apache.org/job/PreCommit-HIVE-Build/3568/console&lt;/a&gt;&lt;br/&gt;
Test logs: &lt;a href=&quot;http://104.198.109.242/logs/PreCommit-HIVE-Build-3568/&quot; class=&quot;external-link&quot; target=&quot;_blank&quot; rel=&quot;nofollow noopener&quot;&gt;http://104.198.109.242/logs/PreCommit-HIVE-Build-3568/&lt;/a&gt;&lt;/p&gt;

&lt;p&gt;Messages:&lt;/p&gt;
&lt;div class=&quot;preformatted panel&quot; style=&quot;border-width: 1px;&quot;&gt;&lt;div class=&quot;preformattedContent panelContent&quot;&gt;
&lt;pre&gt;Executing org.apache.hive.ptest.execution.TestCheckPhase
Executing org.apache.hive.ptest.execution.PrepPhase
Executing org.apache.hive.ptest.execution.ExecutionPhase
Executing org.apache.hive.ptest.execution.ReportingPhase
Tests exited with: TestsFailedException: 10 tests failed
&lt;/pre&gt;
&lt;/div&gt;&lt;/div&gt;

&lt;p&gt;This message is automatically generated.&lt;/p&gt;

&lt;p&gt;ATTACHMENT ID: 12852790 - PreCommit-HIVE-Build&lt;/p&gt;</comment>
                            <comment id="15869111" author="teddy.choi" created="Thu, 16 Feb 2017 03:59:59 +0000"  >&lt;p&gt;This third patch applied Sergey&apos;s feedbacks.&lt;/p&gt;

&lt;p&gt;1. It uses a Configuration object given in a constructor, not a method argument.&lt;br/&gt;
2. It reads delta file only per split, not per batch.&lt;br/&gt;
3. It doesn&apos;t move the inner classes and methods, to show what are changed.&lt;br/&gt;
4. It removed confusing comments.&lt;/p&gt;</comment>
                            <comment id="15869774" author="hiveqa" created="Thu, 16 Feb 2017 11:32:51 +0000"  >

&lt;p&gt;Here are the results of testing the latest attachment:&lt;br/&gt;
&lt;a href=&quot;https://issues.apache.org/jira/secure/attachment/12852969/HIVE-12631.3.patch&quot; class=&quot;external-link&quot; rel=&quot;nofollow&quot;&gt;https://issues.apache.org/jira/secure/attachment/12852969/HIVE-12631.3.patch&lt;/a&gt;&lt;/p&gt;

&lt;p&gt;&lt;font color=&quot;green&quot;&gt;SUCCESS:&lt;/font&gt; +1 due to 2 test(s) being added or modified.&lt;/p&gt;

&lt;p&gt;&lt;font color=&quot;red&quot;&gt;ERROR:&lt;/font&gt; -1 due to 7 failed/errored test(s), 10238 tests executed&lt;br/&gt;
&lt;b&gt;Failed tests:&lt;/b&gt;&lt;/p&gt;
&lt;div class=&quot;preformatted panel&quot; style=&quot;border-width: 1px;&quot;&gt;&lt;div class=&quot;preformattedContent panelContent&quot;&gt;
&lt;pre&gt;TestDerbyConnector - did not produce a TEST-*.xml file (likely timed out) (batchId=235)
org.apache.hadoop.hive.cli.TestCliDriver.testCliDriver[cbo_rp_auto_join1] (batchId=3)
org.apache.hadoop.hive.cli.TestCliDriver.testCliDriver[join31] (batchId=81)
org.apache.hadoop.hive.cli.TestEncryptedHDFSCliDriver.testCliDriver[encryption_join_with_different_encryption_keys] (batchId=159)
org.apache.hadoop.hive.cli.TestMiniLlapLocalCliDriver.testCliDriver[multiMapJoin2] (batchId=152)
org.apache.hadoop.hive.cli.TestPerfCliDriver.testCliDriver[query14] (batchId=223)
org.apache.hadoop.hive.cli.TestSparkCliDriver.testCliDriver[join31] (batchId=133)
&lt;/pre&gt;
&lt;/div&gt;&lt;/div&gt;

&lt;p&gt;Test results: &lt;a href=&quot;https://builds.apache.org/job/PreCommit-HIVE-Build/3594/testReport&quot; class=&quot;external-link&quot; target=&quot;_blank&quot; rel=&quot;nofollow noopener&quot;&gt;https://builds.apache.org/job/PreCommit-HIVE-Build/3594/testReport&lt;/a&gt;&lt;br/&gt;
Console output: &lt;a href=&quot;https://builds.apache.org/job/PreCommit-HIVE-Build/3594/console&quot; class=&quot;external-link&quot; target=&quot;_blank&quot; rel=&quot;nofollow noopener&quot;&gt;https://builds.apache.org/job/PreCommit-HIVE-Build/3594/console&lt;/a&gt;&lt;br/&gt;
Test logs: &lt;a href=&quot;http://104.198.109.242/logs/PreCommit-HIVE-Build-3594/&quot; class=&quot;external-link&quot; target=&quot;_blank&quot; rel=&quot;nofollow noopener&quot;&gt;http://104.198.109.242/logs/PreCommit-HIVE-Build-3594/&lt;/a&gt;&lt;/p&gt;

&lt;p&gt;Messages:&lt;/p&gt;
&lt;div class=&quot;preformatted panel&quot; style=&quot;border-width: 1px;&quot;&gt;&lt;div class=&quot;preformattedContent panelContent&quot;&gt;
&lt;pre&gt;Executing org.apache.hive.ptest.execution.TestCheckPhase
Executing org.apache.hive.ptest.execution.PrepPhase
Executing org.apache.hive.ptest.execution.ExecutionPhase
Executing org.apache.hive.ptest.execution.ReportingPhase
Tests exited with: TestsFailedException: 7 tests failed
&lt;/pre&gt;
&lt;/div&gt;&lt;/div&gt;

&lt;p&gt;This message is automatically generated.&lt;/p&gt;

&lt;p&gt;ATTACHMENT ID: 12852969 - PreCommit-HIVE-Build&lt;/p&gt;</comment>
                            <comment id="15874437" author="teddy.choi" created="Mon, 20 Feb 2017 12:03:50 +0000"  >&lt;p&gt;I made LLAP IO to merge ACID delta and base from a file system. But implementing ACID delta cache will take longer time. So I will make a new issue to cache ACID, and leave this issue to read from a file system. Thank you for your feedbacks, &lt;a href=&quot;https://issues.apache.org/jira/secure/ViewProfile.jspa?name=sershe&quot; class=&quot;user-hover&quot; rel=&quot;sershe&quot;&gt;sershe&lt;/a&gt;, &lt;a href=&quot;https://issues.apache.org/jira/secure/ViewProfile.jspa?name=gopalv&quot; class=&quot;user-hover&quot; rel=&quot;gopalv&quot;&gt;gopalv&lt;/a&gt;, &lt;a href=&quot;https://issues.apache.org/jira/secure/ViewProfile.jspa?name=hagleitn&quot; class=&quot;user-hover&quot; rel=&quot;hagleitn&quot;&gt;hagleitn&lt;/a&gt;.&lt;/p&gt;</comment>
                            <comment id="15896681" author="teddy.choi" created="Mon, 6 Mar 2017 03:14:40 +0000"  >&lt;p&gt;This 4th patch makes OrcAcidEncodedDataConsumer to close deleteEventRegistry when it&apos;s done.&lt;/p&gt;</comment>
                            <comment id="15896732" author="hiveqa" created="Mon, 6 Mar 2017 04:25:39 +0000"  >

&lt;p&gt;Here are the results of testing the latest attachment:&lt;br/&gt;
&lt;a href=&quot;https://issues.apache.org/jira/secure/attachment/12856208/HIVE-12631.4.patch&quot; class=&quot;external-link&quot; rel=&quot;nofollow&quot;&gt;https://issues.apache.org/jira/secure/attachment/12856208/HIVE-12631.4.patch&lt;/a&gt;&lt;/p&gt;

&lt;p&gt;&lt;font color=&quot;green&quot;&gt;SUCCESS:&lt;/font&gt; +1 due to 2 test(s) being added or modified.&lt;/p&gt;

&lt;p&gt;&lt;font color=&quot;red&quot;&gt;ERROR:&lt;/font&gt; -1 due to 6 failed/errored test(s), 10327 tests executed&lt;br/&gt;
&lt;b&gt;Failed tests:&lt;/b&gt;&lt;/p&gt;
&lt;div class=&quot;preformatted panel&quot; style=&quot;border-width: 1px;&quot;&gt;&lt;div class=&quot;preformattedContent panelContent&quot;&gt;
&lt;pre&gt;org.apache.hadoop.hive.cli.TestBeeLineDriver.testCliDriver[escape_comments] (batchId=229)
org.apache.hadoop.hive.cli.TestMiniLlapLocalCliDriver.testCliDriver[dynamic_semijoin_reduction_3] (batchId=152)
org.apache.hadoop.hive.cli.TestMiniLlapLocalCliDriver.testCliDriver[schema_evol_text_vec_table] (batchId=147)
org.apache.hadoop.hive.cli.TestPerfCliDriver.testCliDriver[query23] (batchId=224)
org.apache.hadoop.hive.cli.TestSparkCliDriver.testCliDriver[vector_between_in] (batchId=119)
org.apache.hive.jdbc.TestMultiSessionsHS2WithLocalClusterSpark.testSparkQuery (batchId=218)
&lt;/pre&gt;
&lt;/div&gt;&lt;/div&gt;

&lt;p&gt;Test results: &lt;a href=&quot;https://builds.apache.org/job/PreCommit-HIVE-Build/3955/testReport&quot; class=&quot;external-link&quot; target=&quot;_blank&quot; rel=&quot;nofollow noopener&quot;&gt;https://builds.apache.org/job/PreCommit-HIVE-Build/3955/testReport&lt;/a&gt;&lt;br/&gt;
Console output: &lt;a href=&quot;https://builds.apache.org/job/PreCommit-HIVE-Build/3955/console&quot; class=&quot;external-link&quot; target=&quot;_blank&quot; rel=&quot;nofollow noopener&quot;&gt;https://builds.apache.org/job/PreCommit-HIVE-Build/3955/console&lt;/a&gt;&lt;br/&gt;
Test logs: &lt;a href=&quot;http://104.198.109.242/logs/PreCommit-HIVE-Build-3955/&quot; class=&quot;external-link&quot; target=&quot;_blank&quot; rel=&quot;nofollow noopener&quot;&gt;http://104.198.109.242/logs/PreCommit-HIVE-Build-3955/&lt;/a&gt;&lt;/p&gt;

&lt;p&gt;Messages:&lt;/p&gt;
&lt;div class=&quot;preformatted panel&quot; style=&quot;border-width: 1px;&quot;&gt;&lt;div class=&quot;preformattedContent panelContent&quot;&gt;
&lt;pre&gt;Executing org.apache.hive.ptest.execution.TestCheckPhase
Executing org.apache.hive.ptest.execution.PrepPhase
Executing org.apache.hive.ptest.execution.ExecutionPhase
Executing org.apache.hive.ptest.execution.ReportingPhase
Tests exited with: TestsFailedException: 6 tests failed
&lt;/pre&gt;
&lt;/div&gt;&lt;/div&gt;

&lt;p&gt;This message is automatically generated.&lt;/p&gt;

&lt;p&gt;ATTACHMENT ID: 12856208 - PreCommit-HIVE-Build&lt;/p&gt;</comment>
                            <comment id="15897835" author="ekoifman" created="Mon, 6 Mar 2017 18:58:22 +0000"  >&lt;p&gt;&lt;a href=&quot;https://issues.apache.org/jira/secure/ViewProfile.jspa?name=teddy.choi&quot; class=&quot;user-hover&quot; rel=&quot;teddy.choi&quot;&gt;teddy.choi&lt;/a&gt;&lt;br/&gt;
Since this is only targeting acid 2.0, there should be 3 types of files (dirs):&lt;br/&gt;
base, delta and delete_delta.  There should not be any difference regarding caching base vs delta.&lt;/p&gt;

&lt;p&gt;In fact, longer term we may even simplify this to just base and delete_delta so it may be better to just postpone the the delta caching part of this&lt;/p&gt;</comment>
                            <comment id="15898403" author="teddy.choi" created="Mon, 6 Mar 2017 23:47:05 +0000"  >&lt;p&gt;&lt;a href=&quot;https://issues.apache.org/jira/secure/ViewProfile.jspa?name=ekoifman&quot; class=&quot;user-hover&quot; rel=&quot;ekoifman&quot;&gt;ekoifman&lt;/a&gt;, I used wrong names in comments and issue names. I meant DELETE delta, not delta.&lt;/p&gt;

&lt;p&gt;This patch handles base and delta with same mechanism in VectorizedOrcAcidRowBatchReader, which is called by OrcAcidEncodedDataConsumer. Also &lt;a href=&quot;https://issues.apache.org/jira/browse/HIVE-15988&quot; title=&quot;LLAP: cache ORC ACID delete deltas&quot; class=&quot;issue-link&quot; data-issue-key=&quot;HIVE-15988&quot;&gt;&lt;del&gt;HIVE-15988&lt;/del&gt;&lt;/a&gt; will cover delete delta.&lt;/p&gt;</comment>
                            <comment id="15898522" author="ekoifman" created="Tue, 7 Mar 2017 01:18:13 +0000"  >&lt;p&gt;To clarify: this is targeting Acid 2.0, i.e. &lt;a href=&quot;https://issues.apache.org/jira/browse/HIVE-14035&quot; title=&quot;Enable predicate pushdown to delta files created by ACID Transactions&quot; class=&quot;issue-link&quot; data-issue-key=&quot;HIVE-14035&quot;&gt;&lt;del&gt;HIVE-14035&lt;/del&gt;&lt;/a&gt; et al&lt;/p&gt;</comment>
                            <comment id="15898902" author="hiveqa" created="Tue, 7 Mar 2017 07:58:42 +0000"  >

&lt;p&gt;Here are the results of testing the latest attachment:&lt;br/&gt;
&lt;a href=&quot;https://issues.apache.org/jira/secure/attachment/12856374/HIVE-12631.5.patch&quot; class=&quot;external-link&quot; rel=&quot;nofollow&quot;&gt;https://issues.apache.org/jira/secure/attachment/12856374/HIVE-12631.5.patch&lt;/a&gt;&lt;/p&gt;

&lt;p&gt;&lt;font color=&quot;green&quot;&gt;SUCCESS:&lt;/font&gt; +1 due to 2 test(s) being added or modified.&lt;/p&gt;

&lt;p&gt;&lt;font color=&quot;red&quot;&gt;ERROR:&lt;/font&gt; -1 due to 6 failed/errored test(s), 10328 tests executed&lt;br/&gt;
&lt;b&gt;Failed tests:&lt;/b&gt;&lt;/p&gt;
&lt;div class=&quot;preformatted panel&quot; style=&quot;border-width: 1px;&quot;&gt;&lt;div class=&quot;preformattedContent panelContent&quot;&gt;
&lt;pre&gt;org.apache.hadoop.hive.cli.TestBeeLineDriver.testCliDriver[escape_comments] (batchId=229)
org.apache.hadoop.hive.cli.TestMiniLlapLocalCliDriver.testCliDriver[dynamic_semijoin_reduction_3] (batchId=152)
org.apache.hadoop.hive.cli.TestMiniLlapLocalCliDriver.testCliDriver[schema_evol_text_vec_table] (batchId=147)
org.apache.hadoop.hive.cli.TestPerfCliDriver.testCliDriver[query14] (batchId=224)
org.apache.hadoop.hive.cli.TestSparkCliDriver.testCliDriver[vector_between_in] (batchId=119)
org.apache.hadoop.hive.cli.TestSparkCliDriver.testCliDriver[vector_count_distinct] (batchId=106)
&lt;/pre&gt;
&lt;/div&gt;&lt;/div&gt;

&lt;p&gt;Test results: &lt;a href=&quot;https://builds.apache.org/job/PreCommit-HIVE-Build/3983/testReport&quot; class=&quot;external-link&quot; target=&quot;_blank&quot; rel=&quot;nofollow noopener&quot;&gt;https://builds.apache.org/job/PreCommit-HIVE-Build/3983/testReport&lt;/a&gt;&lt;br/&gt;
Console output: &lt;a href=&quot;https://builds.apache.org/job/PreCommit-HIVE-Build/3983/console&quot; class=&quot;external-link&quot; target=&quot;_blank&quot; rel=&quot;nofollow noopener&quot;&gt;https://builds.apache.org/job/PreCommit-HIVE-Build/3983/console&lt;/a&gt;&lt;br/&gt;
Test logs: &lt;a href=&quot;http://104.198.109.242/logs/PreCommit-HIVE-Build-3983/&quot; class=&quot;external-link&quot; target=&quot;_blank&quot; rel=&quot;nofollow noopener&quot;&gt;http://104.198.109.242/logs/PreCommit-HIVE-Build-3983/&lt;/a&gt;&lt;/p&gt;

&lt;p&gt;Messages:&lt;/p&gt;
&lt;div class=&quot;preformatted panel&quot; style=&quot;border-width: 1px;&quot;&gt;&lt;div class=&quot;preformattedContent panelContent&quot;&gt;
&lt;pre&gt;Executing org.apache.hive.ptest.execution.TestCheckPhase
Executing org.apache.hive.ptest.execution.PrepPhase
Executing org.apache.hive.ptest.execution.ExecutionPhase
Executing org.apache.hive.ptest.execution.ReportingPhase
Tests exited with: TestsFailedException: 6 tests failed
&lt;/pre&gt;
&lt;/div&gt;&lt;/div&gt;

&lt;p&gt;This message is automatically generated.&lt;/p&gt;

&lt;p&gt;ATTACHMENT ID: 12856374 - PreCommit-HIVE-Build&lt;/p&gt;</comment>
                            <comment id="15901310" author="teddy.choi" created="Wed, 8 Mar 2017 14:11:51 +0000"  >&lt;p&gt;Applied changes in dynamic_semijoin_reduction_3.q in &lt;a href=&quot;https://issues.apache.org/jira/browse/HIVE-16022&quot; title=&quot;BloomFilter check not showing up in MERGE statement queries&quot; class=&quot;issue-link&quot; data-issue-key=&quot;HIVE-16022&quot;&gt;&lt;del&gt;HIVE-16022&lt;/del&gt;&lt;/a&gt;.&lt;/p&gt;</comment>
                            <comment id="15902268" author="hiveqa" created="Thu, 9 Mar 2017 01:19:19 +0000"  >

&lt;p&gt;Here are the results of testing the latest attachment:&lt;br/&gt;
&lt;a href=&quot;https://issues.apache.org/jira/secure/attachment/12856808/HIVE-12631.6.patch&quot; class=&quot;external-link&quot; rel=&quot;nofollow&quot;&gt;https://issues.apache.org/jira/secure/attachment/12856808/HIVE-12631.6.patch&lt;/a&gt;&lt;/p&gt;

&lt;p&gt;&lt;font color=&quot;red&quot;&gt;ERROR:&lt;/font&gt; -1 due to build exiting with an error&lt;/p&gt;

&lt;p&gt;Test results: &lt;a href=&quot;https://builds.apache.org/job/PreCommit-HIVE-Build/4030/testReport&quot; class=&quot;external-link&quot; target=&quot;_blank&quot; rel=&quot;nofollow noopener&quot;&gt;https://builds.apache.org/job/PreCommit-HIVE-Build/4030/testReport&lt;/a&gt;&lt;br/&gt;
Console output: &lt;a href=&quot;https://builds.apache.org/job/PreCommit-HIVE-Build/4030/console&quot; class=&quot;external-link&quot; target=&quot;_blank&quot; rel=&quot;nofollow noopener&quot;&gt;https://builds.apache.org/job/PreCommit-HIVE-Build/4030/console&lt;/a&gt;&lt;br/&gt;
Test logs: &lt;a href=&quot;http://104.198.109.242/logs/PreCommit-HIVE-Build-4030/&quot; class=&quot;external-link&quot; target=&quot;_blank&quot; rel=&quot;nofollow noopener&quot;&gt;http://104.198.109.242/logs/PreCommit-HIVE-Build-4030/&lt;/a&gt;&lt;/p&gt;

&lt;p&gt;Messages:&lt;/p&gt;
&lt;div class=&quot;preformatted panel&quot; style=&quot;border-width: 1px;&quot;&gt;&lt;div class=&quot;preformattedContent panelContent&quot;&gt;
&lt;pre&gt;Executing org.apache.hive.ptest.execution.TestCheckPhase
Executing org.apache.hive.ptest.execution.PrepPhase
Tests exited with: NonZeroExitCodeException
Command &apos;bash /data/hiveptest/working/scratch/source-prep.sh&apos; failed with exit status 1 and output &apos;+ date &apos;+%Y-%m-%d %T.%3N&apos;
2017-03-09 01:19:18.376
+ [[ -n /usr/lib/jvm/java-8-openjdk-amd64 ]]
+ export JAVA_HOME=/usr/lib/jvm/java-8-openjdk-amd64
+ JAVA_HOME=/usr/lib/jvm/java-8-openjdk-amd64
+ export PATH=/usr/lib/jvm/java-8-openjdk-amd64/bin/:/usr/local/bin:/usr/bin:/bin:/usr/local/games:/usr/games
+ PATH=/usr/lib/jvm/java-8-openjdk-amd64/bin/:/usr/local/bin:/usr/bin:/bin:/usr/local/games:/usr/games
+ export &apos;ANT_OPTS=-Xmx1g -XX:MaxPermSize=256m &apos;
+ ANT_OPTS=&apos;-Xmx1g -XX:MaxPermSize=256m &apos;
+ export &apos;MAVEN_OPTS=-Xmx1g &apos;
+ MAVEN_OPTS=&apos;-Xmx1g &apos;
+ cd /data/hiveptest/working/
+ tee /data/hiveptest/logs/PreCommit-HIVE-Build-4030/source-prep.txt
+ [[ false == \t\r\u\e ]]
+ mkdir -p maven ivy
+ [[ git = \s\v\n ]]
+ [[ git = \g\i\t ]]
+ [[ -z master ]]
+ [[ -d apache-github-source-source ]]
+ [[ ! -d apache-github-source-source/.git ]]
+ [[ ! -d apache-github-source-source ]]
+ date &apos;+%Y-%m-%d %T.%3N&apos;
2017-03-09 01:19:18.378
+ cd apache-github-source-source
+ git fetch origin
+ git reset --hard HEAD
HEAD is now at bfe930c HIVE-16072: LLAP: Add some additional jvm metrics for hadoop-metrics2 (Prasanth Jayachandran reviewed by Siddharth Seth)
+ git clean -f -d
Removing ql/src/test/queries/clientnegative/avro_add_column_extschema.q
Removing ql/src/test/queries/clientpositive/avro_add_column_extschema.q
Removing ql/src/test/results/clientnegative/avro_add_column_extschema.q.out
Removing ql/src/test/results/clientpositive/avro_add_column_extschema.q.out
+ git checkout master
Already on &apos;master&apos;
Your branch is up-to-date with &apos;origin/master&apos;.
+ git reset --hard origin/master
HEAD is now at bfe930c HIVE-16072: LLAP: Add some additional jvm metrics for hadoop-metrics2 (Prasanth Jayachandran reviewed by Siddharth Seth)
+ git merge --ff-only origin/master
Already up-to-date.
+ date &apos;+%Y-%m-%d %T.%3N&apos;
2017-03-09 01:19:19.309
+ patchCommandPath=/data/hiveptest/working/scratch/smart-apply-patch.sh
+ patchFilePath=/data/hiveptest/working/scratch/build.patch
+ [[ -f /data/hiveptest/working/scratch/build.patch ]]
+ chmod +x /data/hiveptest/working/scratch/smart-apply-patch.sh
+ /data/hiveptest/working/scratch/smart-apply-patch.sh /data/hiveptest/working/scratch/build.patch
error: patch failed: ql/src/test/results/clientpositive/perf/query14.q.out:1
error: ql/src/test/results/clientpositive/perf/query14.q.out: patch does not apply
The patch does not appear to apply with p0, p1, or p2
+ exit 1
&apos;
&lt;/pre&gt;
&lt;/div&gt;&lt;/div&gt;

&lt;p&gt;This message is automatically generated.&lt;/p&gt;

&lt;p&gt;ATTACHMENT ID: 12856808 - PreCommit-HIVE-Build&lt;/p&gt;</comment>
                            <comment id="15929829" author="teddy.choi" created="Fri, 17 Mar 2017 12:03:32 +0000"  >&lt;p&gt;Re-uploading the patch file with qfile output changes. I don&apos;t know why it had issues in tests before.&lt;/p&gt;</comment>
                            <comment id="16030316" author="teddy.choi" created="Tue, 30 May 2017 23:03:49 +0000"  >&lt;p&gt;Uploading the patch again.&lt;/p&gt;</comment>
                            <comment id="16030512" author="hiveqa" created="Wed, 31 May 2017 02:26:15 +0000"  >

&lt;p&gt;Here are the results of testing the latest attachment:&lt;br/&gt;
&lt;a href=&quot;https://issues.apache.org/jira/secure/attachment/12870464/HIVE-12631.8.patch&quot; class=&quot;external-link&quot; rel=&quot;nofollow&quot;&gt;https://issues.apache.org/jira/secure/attachment/12870464/HIVE-12631.8.patch&lt;/a&gt;&lt;/p&gt;

&lt;p&gt;&lt;font color=&quot;green&quot;&gt;SUCCESS:&lt;/font&gt; +1 due to 2 test(s) being added or modified.&lt;/p&gt;

&lt;p&gt;&lt;font color=&quot;red&quot;&gt;ERROR:&lt;/font&gt; -1 due to 5 failed/errored test(s), 10804 tests executed&lt;br/&gt;
&lt;b&gt;Failed tests:&lt;/b&gt;&lt;/p&gt;
&lt;div class=&quot;preformatted panel&quot; style=&quot;border-width: 1px;&quot;&gt;&lt;div class=&quot;preformattedContent panelContent&quot;&gt;
&lt;pre&gt;org.apache.hadoop.hive.cli.TestBeeLineDriver.testCliDriver[create_merge_compressed] (batchId=237)
org.apache.hadoop.hive.cli.TestMiniLlapLocalCliDriver.testCliDriver[dynamic_semijoin_reduction_3] (batchId=158)
org.apache.hadoop.hive.cli.TestMiniLlapLocalCliDriver.testCliDriver[subquery_scalar] (batchId=152)
org.apache.hadoop.hive.cli.TestPerfCliDriver.testCliDriver[query14] (batchId=232)
org.apache.hadoop.hive.cli.TestPerfCliDriver.testCliDriver[query23] (batchId=232)
&lt;/pre&gt;
&lt;/div&gt;&lt;/div&gt;

&lt;p&gt;Test results: &lt;a href=&quot;https://builds.apache.org/job/PreCommit-HIVE-Build/5483/testReport&quot; class=&quot;external-link&quot; target=&quot;_blank&quot; rel=&quot;nofollow noopener&quot;&gt;https://builds.apache.org/job/PreCommit-HIVE-Build/5483/testReport&lt;/a&gt;&lt;br/&gt;
Console output: &lt;a href=&quot;https://builds.apache.org/job/PreCommit-HIVE-Build/5483/console&quot; class=&quot;external-link&quot; target=&quot;_blank&quot; rel=&quot;nofollow noopener&quot;&gt;https://builds.apache.org/job/PreCommit-HIVE-Build/5483/console&lt;/a&gt;&lt;br/&gt;
Test logs: &lt;a href=&quot;http://104.198.109.242/logs/PreCommit-HIVE-Build-5483/&quot; class=&quot;external-link&quot; target=&quot;_blank&quot; rel=&quot;nofollow noopener&quot;&gt;http://104.198.109.242/logs/PreCommit-HIVE-Build-5483/&lt;/a&gt;&lt;/p&gt;

&lt;p&gt;Messages:&lt;/p&gt;
&lt;div class=&quot;preformatted panel&quot; style=&quot;border-width: 1px;&quot;&gt;&lt;div class=&quot;preformattedContent panelContent&quot;&gt;
&lt;pre&gt;Executing org.apache.hive.ptest.execution.TestCheckPhase
Executing org.apache.hive.ptest.execution.PrepPhase
Executing org.apache.hive.ptest.execution.ExecutionPhase
Executing org.apache.hive.ptest.execution.ReportingPhase
Tests exited with: TestsFailedException: 5 tests failed
&lt;/pre&gt;
&lt;/div&gt;&lt;/div&gt;

&lt;p&gt;This message is automatically generated.&lt;/p&gt;

&lt;p&gt;ATTACHMENT ID: 12870464 - PreCommit-HIVE-Build&lt;/p&gt;</comment>
                            <comment id="16032269" author="hiveqa" created="Thu, 1 Jun 2017 00:41:30 +0000"  >

&lt;p&gt;Here are the results of testing the latest attachment:&lt;br/&gt;
&lt;a href=&quot;https://issues.apache.org/jira/secure/attachment/12870691/HIVE-12631.8.patch&quot; class=&quot;external-link&quot; rel=&quot;nofollow&quot;&gt;https://issues.apache.org/jira/secure/attachment/12870691/HIVE-12631.8.patch&lt;/a&gt;&lt;/p&gt;

&lt;p&gt;&lt;font color=&quot;green&quot;&gt;SUCCESS:&lt;/font&gt; +1 due to 2 test(s) being added or modified.&lt;/p&gt;

&lt;p&gt;&lt;font color=&quot;red&quot;&gt;ERROR:&lt;/font&gt; -1 due to 2 failed/errored test(s), 10808 tests executed&lt;br/&gt;
&lt;b&gt;Failed tests:&lt;/b&gt;&lt;/p&gt;
&lt;div class=&quot;preformatted panel&quot; style=&quot;border-width: 1px;&quot;&gt;&lt;div class=&quot;preformattedContent panelContent&quot;&gt;
&lt;pre&gt;org.apache.hadoop.hive.cli.TestMiniLlapLocalCliDriver.testCliDriver[dynamic_semijoin_reduction_3] (batchId=158)
org.apache.hadoop.hive.cli.TestPerfCliDriver.testCliDriver[query14] (batchId=232)
&lt;/pre&gt;
&lt;/div&gt;&lt;/div&gt;

&lt;p&gt;Test results: &lt;a href=&quot;https://builds.apache.org/job/PreCommit-HIVE-Build/5491/testReport&quot; class=&quot;external-link&quot; target=&quot;_blank&quot; rel=&quot;nofollow noopener&quot;&gt;https://builds.apache.org/job/PreCommit-HIVE-Build/5491/testReport&lt;/a&gt;&lt;br/&gt;
Console output: &lt;a href=&quot;https://builds.apache.org/job/PreCommit-HIVE-Build/5491/console&quot; class=&quot;external-link&quot; target=&quot;_blank&quot; rel=&quot;nofollow noopener&quot;&gt;https://builds.apache.org/job/PreCommit-HIVE-Build/5491/console&lt;/a&gt;&lt;br/&gt;
Test logs: &lt;a href=&quot;http://104.198.109.242/logs/PreCommit-HIVE-Build-5491/&quot; class=&quot;external-link&quot; target=&quot;_blank&quot; rel=&quot;nofollow noopener&quot;&gt;http://104.198.109.242/logs/PreCommit-HIVE-Build-5491/&lt;/a&gt;&lt;/p&gt;

&lt;p&gt;Messages:&lt;/p&gt;
&lt;div class=&quot;preformatted panel&quot; style=&quot;border-width: 1px;&quot;&gt;&lt;div class=&quot;preformattedContent panelContent&quot;&gt;
&lt;pre&gt;Executing org.apache.hive.ptest.execution.TestCheckPhase
Executing org.apache.hive.ptest.execution.PrepPhase
Executing org.apache.hive.ptest.execution.ExecutionPhase
Executing org.apache.hive.ptest.execution.ReportingPhase
Tests exited with: TestsFailedException: 2 tests failed
&lt;/pre&gt;
&lt;/div&gt;&lt;/div&gt;

&lt;p&gt;This message is automatically generated.&lt;/p&gt;

&lt;p&gt;ATTACHMENT ID: 12870691 - PreCommit-HIVE-Build&lt;/p&gt;</comment>
                            <comment id="16032301" author="sershe" created="Thu, 1 Jun 2017 01:39:47 +0000"  >&lt;p&gt;Will take a look this week&lt;/p&gt;</comment>
                            <comment id="16032576" author="teddy.choi" created="Thu, 1 Jun 2017 07:25:10 +0000"  >&lt;p&gt;Thank you, &lt;a href=&quot;https://issues.apache.org/jira/secure/ViewProfile.jspa?name=sershe&quot; class=&quot;user-hover&quot; rel=&quot;sershe&quot;&gt;sershe&lt;/a&gt;. I can&apos;t reproduce dynamic_semijoin_reduction_3.q failure in my laptop.&lt;/p&gt;</comment>
                            <comment id="16033957" author="sershe" created="Fri, 2 Jun 2017 00:22:51 +0000"  >&lt;p&gt;Nit for OrcEncoded..producer vs OrcAcid... one - they seem to differ in only one place (creating DataConsumer). Are there more differences? They could be merged, or at least one could inherit from the other.&lt;/p&gt;</comment>
                            <comment id="16033964" author="sershe" created="Fri, 2 Jun 2017 00:25:17 +0000"  >&lt;p&gt;Wrt VectorizedOrcAcidRowBatchReader.DeleteEventsOverflowMemoryException - what is the logic for  this one? Should it be different for LLAP compared to Tez? If it&apos;s based on process size (like IIRC GBY table used to be until it was fixed), it&apos;s going to cause LLAP to OOM if all the tasks try to get to that limit.&lt;/p&gt;</comment>
                            <comment id="16033970" author="sershe" created="Fri, 2 Jun 2017 00:32:01 +0000"  >&lt;p&gt;In InnerConsumer, where selection is determined, could it use the selected vector similar to VRB? It could propagate it, and actually set the selected vector in the file VRB, instead of moving.&lt;/p&gt;

&lt;p&gt;Also, should there be a pool of bitsets? They&apos;d probably all be the same size, or they could be extended.&lt;/p&gt;

&lt;div class=&quot;preformatted panel&quot; style=&quot;border-width: 1px;&quot;&gt;&lt;div class=&quot;preformattedContent panelContent&quot;&gt;
&lt;pre&gt;  @Override
  public boolean canUseLlapIo() {
    return isOriginal;
  }
&lt;/pre&gt;
&lt;/div&gt;&lt;/div&gt;
&lt;p&gt;So, it cannot use base files? Are base files only ACID v1?&lt;br/&gt;
Is it possible to have a test that runs LLAP on a table with base file? &lt;/p&gt;</comment>
                            <comment id="16033971" author="sershe" created="Fri, 2 Jun 2017 00:33:31 +0000"  >&lt;p&gt;The rest makes sense to me.&lt;/p&gt;</comment>
                            <comment id="16034000" author="teddy.choi" created="Fri, 2 Jun 2017 01:22:20 +0000"  >&lt;p&gt;Thank you for feedback, &lt;a href=&quot;https://issues.apache.org/jira/secure/ViewProfile.jspa?name=sershe&quot; class=&quot;user-hover&quot; rel=&quot;sershe&quot;&gt;sershe&lt;/a&gt;.&lt;/p&gt;

&lt;p&gt;1. I will merge OrcAcidColumnVectorProducer with OrcColumnVectorProducer.&lt;br/&gt;
2. DeleteEventsOverflowMemoryException is thrown when totalDeleteEventCount is larger than maxEventsInMemory, which is configurable by ConfVars.HIVE_TRANSACTIONAL_NUM_EVENTS_IN_MEMORY. So it will not cause OOM. It may be a better idea to return a boolean value to avoid confusion from the exception name.&lt;br/&gt;
3. The BitSet part is copied from VectorizedOrcAcidRowBatchReader of &lt;a href=&quot;https://issues.apache.org/jira/browse/HIVE-14233&quot; title=&quot;Improve vectorization for ACID by eliminating row-by-row stitching&quot; class=&quot;issue-link&quot; data-issue-key=&quot;HIVE-14233&quot;&gt;&lt;del&gt;HIVE-14233&lt;/del&gt;&lt;/a&gt;. I will consider replacing both of them with boolean arrays.&lt;br/&gt;
4. I will make canUseLlapIo to return true for V2 base files and add V2 base file tests in llap_acid.q to ensure V2 support.&lt;/p&gt;</comment>
                            <comment id="16038484" author="teddy.choi" created="Tue, 6 Jun 2017 09:45:58 +0000"  >&lt;p&gt;I applied all feedbacks from Sergey except ACID v2 base files.&lt;/p&gt;</comment>
                            <comment id="16038615" author="hiveqa" created="Tue, 6 Jun 2017 11:01:09 +0000"  >

&lt;p&gt;Here are the results of testing the latest attachment:&lt;br/&gt;
&lt;a href=&quot;https://issues.apache.org/jira/secure/attachment/12871538/HIVE-12631.9.patch&quot; class=&quot;external-link&quot; rel=&quot;nofollow&quot;&gt;https://issues.apache.org/jira/secure/attachment/12871538/HIVE-12631.9.patch&lt;/a&gt;&lt;/p&gt;

&lt;p&gt;&lt;font color=&quot;green&quot;&gt;SUCCESS:&lt;/font&gt; +1 due to 2 test(s) being added or modified.&lt;/p&gt;

&lt;p&gt;&lt;font color=&quot;red&quot;&gt;ERROR:&lt;/font&gt; -1 due to 13 failed/errored test(s), 10820 tests executed&lt;br/&gt;
&lt;b&gt;Failed tests:&lt;/b&gt;&lt;/p&gt;
&lt;div class=&quot;preformatted panel&quot; style=&quot;border-width: 1px;&quot;&gt;&lt;div class=&quot;preformattedContent panelContent&quot;&gt;
&lt;pre&gt;org.apache.hadoop.hive.cli.TestBeeLineDriver.testCliDriver[insert_overwrite_local_directory_1] (batchId=237)
org.apache.hadoop.hive.cli.TestMiniLlapCliDriver.testCliDriver[orc_ppd_basic] (batchId=140)
org.apache.hadoop.hive.cli.TestMiniLlapLocalCliDriver.testCliDriver[dynamic_semijoin_reduction_3] (batchId=158)
org.apache.hadoop.hive.cli.TestMiniTezCliDriver.testCliDriver[explainanalyze_3] (batchId=98)
org.apache.hadoop.hive.cli.TestPerfCliDriver.testCliDriver[query78] (batchId=232)
org.apache.hadoop.hive.ql.TestTxnCommands2WithSplitUpdateAndVectorization.testDeleteIn (batchId=277)
org.apache.hadoop.hive.ql.TestTxnCommands2WithSplitUpdateAndVectorization.testMerge2 (batchId=277)
org.apache.hadoop.hive.ql.TestTxnCommands2WithSplitUpdateAndVectorization.testMerge3 (batchId=277)
org.apache.hadoop.hive.ql.TestTxnCommands2WithSplitUpdateAndVectorization.testOrcNoPPD (batchId=277)
org.apache.hadoop.hive.ql.TestTxnCommands2WithSplitUpdateAndVectorization.testOrcPPD (batchId=277)
org.apache.hadoop.hive.ql.TestTxnCommands2WithSplitUpdateAndVectorization.testUpdateMixedCase (batchId=277)
org.apache.hadoop.hive.ql.TestTxnCommands2WithSplitUpdateAndVectorization.updateDeletePartitioned (batchId=277)
org.apache.hadoop.hive.ql.TestTxnCommands2WithSplitUpdateAndVectorization.writeBetweenWorkerAndCleaner (batchId=277)
&lt;/pre&gt;
&lt;/div&gt;&lt;/div&gt;

&lt;p&gt;Test results: &lt;a href=&quot;https://builds.apache.org/job/PreCommit-HIVE-Build/5546/testReport&quot; class=&quot;external-link&quot; target=&quot;_blank&quot; rel=&quot;nofollow noopener&quot;&gt;https://builds.apache.org/job/PreCommit-HIVE-Build/5546/testReport&lt;/a&gt;&lt;br/&gt;
Console output: &lt;a href=&quot;https://builds.apache.org/job/PreCommit-HIVE-Build/5546/console&quot; class=&quot;external-link&quot; target=&quot;_blank&quot; rel=&quot;nofollow noopener&quot;&gt;https://builds.apache.org/job/PreCommit-HIVE-Build/5546/console&lt;/a&gt;&lt;br/&gt;
Test logs: &lt;a href=&quot;http://104.198.109.242/logs/PreCommit-HIVE-Build-5546/&quot; class=&quot;external-link&quot; target=&quot;_blank&quot; rel=&quot;nofollow noopener&quot;&gt;http://104.198.109.242/logs/PreCommit-HIVE-Build-5546/&lt;/a&gt;&lt;/p&gt;

&lt;p&gt;Messages:&lt;/p&gt;
&lt;div class=&quot;preformatted panel&quot; style=&quot;border-width: 1px;&quot;&gt;&lt;div class=&quot;preformattedContent panelContent&quot;&gt;
&lt;pre&gt;Executing org.apache.hive.ptest.execution.TestCheckPhase
Executing org.apache.hive.ptest.execution.PrepPhase
Executing org.apache.hive.ptest.execution.ExecutionPhase
Executing org.apache.hive.ptest.execution.ReportingPhase
Tests exited with: TestsFailedException: 13 tests failed
&lt;/pre&gt;
&lt;/div&gt;&lt;/div&gt;

&lt;p&gt;This message is automatically generated.&lt;/p&gt;

&lt;p&gt;ATTACHMENT ID: 12871538 - PreCommit-HIVE-Build&lt;/p&gt;</comment>
                            <comment id="16038750" author="teddy.choi" created="Tue, 6 Jun 2017 12:10:19 +0000"  >&lt;p&gt;Fixed TestTxnCommands2WithSplitUpdateAndVectorization errors.&lt;/p&gt;</comment>
                            <comment id="16038951" author="hiveqa" created="Tue, 6 Jun 2017 14:15:30 +0000"  >

&lt;p&gt;Here are the results of testing the latest attachment:&lt;br/&gt;
&lt;a href=&quot;https://issues.apache.org/jira/secure/attachment/12871585/HIVE-12631.10.patch&quot; class=&quot;external-link&quot; rel=&quot;nofollow&quot;&gt;https://issues.apache.org/jira/secure/attachment/12871585/HIVE-12631.10.patch&lt;/a&gt;&lt;/p&gt;

&lt;p&gt;&lt;font color=&quot;green&quot;&gt;SUCCESS:&lt;/font&gt; +1 due to 2 test(s) being added or modified.&lt;/p&gt;

&lt;p&gt;&lt;font color=&quot;red&quot;&gt;ERROR:&lt;/font&gt; -1 due to 7 failed/errored test(s), 10820 tests executed&lt;br/&gt;
&lt;b&gt;Failed tests:&lt;/b&gt;&lt;/p&gt;
&lt;div class=&quot;preformatted panel&quot; style=&quot;border-width: 1px;&quot;&gt;&lt;div class=&quot;preformattedContent panelContent&quot;&gt;
&lt;pre&gt;org.apache.hadoop.hive.cli.TestBeeLineDriver.testCliDriver[create_merge_compressed] (batchId=237)
org.apache.hadoop.hive.cli.TestHBaseCliDriver.testCliDriver[hbase_ppd_key_range] (batchId=93)
org.apache.hadoop.hive.cli.TestMiniLlapCliDriver.testCliDriver[orc_ppd_basic] (batchId=140)
org.apache.hadoop.hive.cli.TestMiniLlapLocalCliDriver.testCliDriver[dynamic_semijoin_reduction_3] (batchId=158)
org.apache.hadoop.hive.cli.TestPerfCliDriver.testCliDriver[query14] (batchId=232)
org.apache.hadoop.hive.cli.TestPerfCliDriver.testCliDriver[query78] (batchId=232)
org.apache.hadoop.hive.ql.io.orc.TestVectorizedOrcAcidRowBatchReader.testVectorizedOrcAcidRowBatchReader (batchId=261)
&lt;/pre&gt;
&lt;/div&gt;&lt;/div&gt;

&lt;p&gt;Test results: &lt;a href=&quot;https://builds.apache.org/job/PreCommit-HIVE-Build/5548/testReport&quot; class=&quot;external-link&quot; target=&quot;_blank&quot; rel=&quot;nofollow noopener&quot;&gt;https://builds.apache.org/job/PreCommit-HIVE-Build/5548/testReport&lt;/a&gt;&lt;br/&gt;
Console output: &lt;a href=&quot;https://builds.apache.org/job/PreCommit-HIVE-Build/5548/console&quot; class=&quot;external-link&quot; target=&quot;_blank&quot; rel=&quot;nofollow noopener&quot;&gt;https://builds.apache.org/job/PreCommit-HIVE-Build/5548/console&lt;/a&gt;&lt;br/&gt;
Test logs: &lt;a href=&quot;http://104.198.109.242/logs/PreCommit-HIVE-Build-5548/&quot; class=&quot;external-link&quot; target=&quot;_blank&quot; rel=&quot;nofollow noopener&quot;&gt;http://104.198.109.242/logs/PreCommit-HIVE-Build-5548/&lt;/a&gt;&lt;/p&gt;

&lt;p&gt;Messages:&lt;/p&gt;
&lt;div class=&quot;preformatted panel&quot; style=&quot;border-width: 1px;&quot;&gt;&lt;div class=&quot;preformattedContent panelContent&quot;&gt;
&lt;pre&gt;Executing org.apache.hive.ptest.execution.TestCheckPhase
Executing org.apache.hive.ptest.execution.PrepPhase
Executing org.apache.hive.ptest.execution.ExecutionPhase
Executing org.apache.hive.ptest.execution.ReportingPhase
Tests exited with: TestsFailedException: 7 tests failed
&lt;/pre&gt;
&lt;/div&gt;&lt;/div&gt;

&lt;p&gt;This message is automatically generated.&lt;/p&gt;

&lt;p&gt;ATTACHMENT ID: 12871585 - PreCommit-HIVE-Build&lt;/p&gt;</comment>
                            <comment id="16039094" author="ekoifman" created="Tue, 6 Jun 2017 15:33:09 +0000"  >&lt;p&gt;&lt;a href=&quot;https://issues.apache.org/jira/secure/ViewProfile.jspa?name=teddy.choi&quot; class=&quot;user-hover&quot; rel=&quot;teddy.choi&quot;&gt;teddy.choi&lt;/a&gt; could you clarify the changes in VectorizedOrcAcidRowBatchReader.  It already returns data with Delete events applied.  Why does OrcAcidEncodedDataConsumer do the same.&lt;br/&gt;
for example&lt;/p&gt;
&lt;div class=&quot;preformatted panel&quot; style=&quot;border-width: 1px;&quot;&gt;&lt;div class=&quot;preformattedContent panelContent&quot;&gt;
&lt;pre&gt;// we always want to read all the delete delta files.
deleteEventReaderOptions.range(0, Long.MAX_VALUE);
&lt;/pre&gt;
&lt;/div&gt;&lt;/div&gt;
&lt;p&gt;seems like a bug for bug copy&amp;amp;paste&lt;/p&gt;

&lt;p&gt;What exactly is being cached?&lt;/p&gt;</comment>
                            <comment id="16039900" author="teddy.choi" created="Wed, 7 Jun 2017 00:05:29 +0000"  >&lt;p&gt;The 10th patch fixed data inconsistency bug and made OrcAcidEncodedDataConsumer to utilize VectorizedOrcAcidRowBatchReader.&lt;/p&gt;

&lt;p&gt;&lt;a href=&quot;https://issues.apache.org/jira/secure/ViewProfile.jspa?name=ekoifman&quot; class=&quot;user-hover&quot; rel=&quot;ekoifman&quot;&gt;ekoifman&lt;/a&gt;, the changes in VectorizedOrcAcidRowBatchReader are minor.&lt;/p&gt;
&lt;ul class=&quot;alternate&quot; type=&quot;square&quot;&gt;
	&lt;li&gt;Allowed ColumnVector arrays instead of VectorizedRowBatch.&lt;/li&gt;
	&lt;li&gt;Replaced BitSet objects with int arrays to reuse objects.&lt;/li&gt;
	&lt;li&gt;Removed exception raising code in memory size check.&lt;/li&gt;
&lt;/ul&gt;


&lt;p&gt;LlapIoImpl uses ColumnVectorProducer for async I/O and uses LowLevelCache for caching. I made OrcColumnVectorProducer produce ColumnVectorBatch from ORC ACID files, OrcEncodedDataReader to cache original files, and VectorizedOrcAcidRowBatchReader to cache delta files.&lt;/p&gt;

&lt;p&gt;Thank you.&lt;/p&gt;</comment>
                            <comment id="16040191" author="hiveqa" created="Wed, 7 Jun 2017 05:12:17 +0000"  >

&lt;p&gt;Here are the results of testing the latest attachment:&lt;br/&gt;
&lt;a href=&quot;https://issues.apache.org/jira/secure/attachment/12871717/HIVE-12631.10.patch&quot; class=&quot;external-link&quot; rel=&quot;nofollow&quot;&gt;https://issues.apache.org/jira/secure/attachment/12871717/HIVE-12631.10.patch&lt;/a&gt;&lt;/p&gt;

&lt;p&gt;&lt;font color=&quot;green&quot;&gt;SUCCESS:&lt;/font&gt; +1 due to 3 test(s) being added or modified.&lt;/p&gt;

&lt;p&gt;&lt;font color=&quot;red&quot;&gt;ERROR:&lt;/font&gt; -1 due to 37 failed/errored test(s), 10821 tests executed&lt;br/&gt;
&lt;b&gt;Failed tests:&lt;/b&gt;&lt;/p&gt;
&lt;div class=&quot;preformatted panel&quot; style=&quot;border-width: 1px;&quot;&gt;&lt;div class=&quot;preformattedContent panelContent&quot;&gt;
&lt;pre&gt;org.apache.hadoop.hive.cli.TestBeeLineDriver.testCliDriver[create_merge_compressed] (batchId=237)
org.apache.hadoop.hive.cli.TestBeeLineDriver.testCliDriver[insert_overwrite_local_directory_1] (batchId=237)
org.apache.hadoop.hive.cli.TestBeeLineDriver.testCliDriver[materialized_view_create_rewrite] (batchId=237)
org.apache.hadoop.hive.cli.TestCliDriver.testCliDriver[llap_reader] (batchId=7)
org.apache.hadoop.hive.cli.TestMiniLlapCliDriver.testCliDriver[orc_ppd_basic] (batchId=140)
org.apache.hadoop.hive.cli.TestMiniLlapLocalCliDriver.testCliDriver[acid_globallimit] (batchId=149)
org.apache.hadoop.hive.cli.TestMiniLlapLocalCliDriver.testCliDriver[delete_all_non_partitioned] (batchId=149)
org.apache.hadoop.hive.cli.TestMiniLlapLocalCliDriver.testCliDriver[delete_all_partitioned] (batchId=149)
org.apache.hadoop.hive.cli.TestMiniLlapLocalCliDriver.testCliDriver[delete_tmp_table] (batchId=154)
org.apache.hadoop.hive.cli.TestMiniLlapLocalCliDriver.testCliDriver[delete_where_no_match] (batchId=149)
org.apache.hadoop.hive.cli.TestMiniLlapLocalCliDriver.testCliDriver[delete_where_non_partitioned] (batchId=151)
org.apache.hadoop.hive.cli.TestMiniLlapLocalCliDriver.testCliDriver[delete_where_partitioned] (batchId=151)
org.apache.hadoop.hive.cli.TestMiniLlapLocalCliDriver.testCliDriver[delete_whole_partition] (batchId=145)
org.apache.hadoop.hive.cli.TestMiniLlapLocalCliDriver.testCliDriver[dynamic_semijoin_reduction_3] (batchId=158)
org.apache.hadoop.hive.cli.TestMiniLlapLocalCliDriver.testCliDriver[dynpart_sort_optimization_acid] (batchId=152)
org.apache.hadoop.hive.cli.TestMiniLlapLocalCliDriver.testCliDriver[insert_orig_table] (batchId=156)
org.apache.hadoop.hive.cli.TestMiniLlapLocalCliDriver.testCliDriver[insert_update_delete] (batchId=160)
org.apache.hadoop.hive.cli.TestMiniLlapLocalCliDriver.testCliDriver[insert_values_dynamic_partitioned] (batchId=158)
org.apache.hadoop.hive.cli.TestMiniLlapLocalCliDriver.testCliDriver[insert_values_non_partitioned] (batchId=147)
org.apache.hadoop.hive.cli.TestMiniLlapLocalCliDriver.testCliDriver[insert_values_partitioned] (batchId=158)
org.apache.hadoop.hive.cli.TestMiniLlapLocalCliDriver.testCliDriver[insert_values_tmp_table] (batchId=144)
org.apache.hadoop.hive.cli.TestMiniLlapLocalCliDriver.testCliDriver[join_acid_non_acid] (batchId=159)
org.apache.hadoop.hive.cli.TestMiniLlapLocalCliDriver.testCliDriver[update_after_multiple_inserts] (batchId=157)
org.apache.hadoop.hive.cli.TestMiniLlapLocalCliDriver.testCliDriver[update_all_non_partitioned] (batchId=145)
org.apache.hadoop.hive.cli.TestMiniLlapLocalCliDriver.testCliDriver[update_all_partitioned] (batchId=154)
org.apache.hadoop.hive.cli.TestMiniLlapLocalCliDriver.testCliDriver[update_all_types] (batchId=147)
org.apache.hadoop.hive.cli.TestMiniLlapLocalCliDriver.testCliDriver[update_tmp_table] (batchId=151)
org.apache.hadoop.hive.cli.TestMiniLlapLocalCliDriver.testCliDriver[update_two_cols] (batchId=147)
org.apache.hadoop.hive.cli.TestMiniLlapLocalCliDriver.testCliDriver[update_where_no_match] (batchId=147)
org.apache.hadoop.hive.cli.TestMiniLlapLocalCliDriver.testCliDriver[update_where_non_partitioned] (batchId=146)
org.apache.hadoop.hive.cli.TestMiniLlapLocalCliDriver.testCliDriver[update_where_partitioned] (batchId=156)
org.apache.hadoop.hive.cli.TestMiniLlapLocalCliDriver.testCliDriver[vector_acid3] (batchId=148)
org.apache.hadoop.hive.cli.TestMiniLlapLocalCliDriver.testCliDriver[vector_if_expr] (batchId=145)
org.apache.hadoop.hive.cli.TestMiniTezCliDriver.testCliDriver[explainanalyze_2] (batchId=99)
org.apache.hadoop.hive.cli.TestNegativeCliDriver.testCliDriver[alter_rename_partition_failure3] (batchId=88)
org.apache.hadoop.hive.cli.TestPerfCliDriver.testCliDriver[query23] (batchId=232)
org.apache.hadoop.hive.cli.TestPerfCliDriver.testCliDriver[query78] (batchId=232)
&lt;/pre&gt;
&lt;/div&gt;&lt;/div&gt;

&lt;p&gt;Test results: &lt;a href=&quot;https://builds.apache.org/job/PreCommit-HIVE-Build/5560/testReport&quot; class=&quot;external-link&quot; target=&quot;_blank&quot; rel=&quot;nofollow noopener&quot;&gt;https://builds.apache.org/job/PreCommit-HIVE-Build/5560/testReport&lt;/a&gt;&lt;br/&gt;
Console output: &lt;a href=&quot;https://builds.apache.org/job/PreCommit-HIVE-Build/5560/console&quot; class=&quot;external-link&quot; target=&quot;_blank&quot; rel=&quot;nofollow noopener&quot;&gt;https://builds.apache.org/job/PreCommit-HIVE-Build/5560/console&lt;/a&gt;&lt;br/&gt;
Test logs: &lt;a href=&quot;http://104.198.109.242/logs/PreCommit-HIVE-Build-5560/&quot; class=&quot;external-link&quot; target=&quot;_blank&quot; rel=&quot;nofollow noopener&quot;&gt;http://104.198.109.242/logs/PreCommit-HIVE-Build-5560/&lt;/a&gt;&lt;/p&gt;

&lt;p&gt;Messages:&lt;/p&gt;
&lt;div class=&quot;preformatted panel&quot; style=&quot;border-width: 1px;&quot;&gt;&lt;div class=&quot;preformattedContent panelContent&quot;&gt;
&lt;pre&gt;Executing org.apache.hive.ptest.execution.TestCheckPhase
Executing org.apache.hive.ptest.execution.PrepPhase
Executing org.apache.hive.ptest.execution.ExecutionPhase
Executing org.apache.hive.ptest.execution.ReportingPhase
Tests exited with: TestsFailedException: 37 tests failed
&lt;/pre&gt;
&lt;/div&gt;&lt;/div&gt;

&lt;p&gt;This message is automatically generated.&lt;/p&gt;

&lt;p&gt;ATTACHMENT ID: 12871717 - PreCommit-HIVE-Build&lt;/p&gt;</comment>
                            <comment id="16043225" author="sershe" created="Thu, 8 Jun 2017 18:46:17 +0000"  >&lt;p&gt;Looks like a lot of tests have failed...&lt;/p&gt;</comment>
                            <comment id="16052178" author="sershe" created="Fri, 16 Jun 2017 17:41:04 +0000"  >&lt;p&gt;Any update here? See the test run above&lt;/p&gt;</comment>
                            <comment id="16071621" author="hiveqa" created="Sun, 2 Jul 2017 12:39:41 +0000"  >

&lt;p&gt;Here are the results of testing the latest attachment:&lt;br/&gt;
&lt;a href=&quot;https://issues.apache.org/jira/secure/attachment/12875408/HIVE-12631.11.patch&quot; class=&quot;external-link&quot; rel=&quot;nofollow&quot;&gt;https://issues.apache.org/jira/secure/attachment/12875408/HIVE-12631.11.patch&lt;/a&gt;&lt;/p&gt;

&lt;p&gt;&lt;font color=&quot;red&quot;&gt;ERROR:&lt;/font&gt; -1 due to build exiting with an error&lt;/p&gt;

&lt;p&gt;Test results: &lt;a href=&quot;https://builds.apache.org/job/PreCommit-HIVE-Build/5863/testReport&quot; class=&quot;external-link&quot; target=&quot;_blank&quot; rel=&quot;nofollow noopener&quot;&gt;https://builds.apache.org/job/PreCommit-HIVE-Build/5863/testReport&lt;/a&gt;&lt;br/&gt;
Console output: &lt;a href=&quot;https://builds.apache.org/job/PreCommit-HIVE-Build/5863/console&quot; class=&quot;external-link&quot; target=&quot;_blank&quot; rel=&quot;nofollow noopener&quot;&gt;https://builds.apache.org/job/PreCommit-HIVE-Build/5863/console&lt;/a&gt;&lt;br/&gt;
Test logs: &lt;a href=&quot;http://104.198.109.242/logs/PreCommit-HIVE-Build-5863/&quot; class=&quot;external-link&quot; target=&quot;_blank&quot; rel=&quot;nofollow noopener&quot;&gt;http://104.198.109.242/logs/PreCommit-HIVE-Build-5863/&lt;/a&gt;&lt;/p&gt;

&lt;p&gt;Messages:&lt;/p&gt;
&lt;div class=&quot;preformatted panel&quot; style=&quot;border-width: 1px;&quot;&gt;&lt;div class=&quot;preformattedContent panelContent&quot;&gt;
&lt;pre&gt;**** This message was trimmed, see log for full details ****
error: ql/src/java/org/apache/hadoop/hive/ql/parse/spark/SparkPartitionPruningSinkOperator.java: patch does not apply
error: patch failed: ql/src/java/org/apache/hadoop/hive/ql/plan/AlterDatabaseDesc.java:21
error: ql/src/java/org/apache/hadoop/hive/ql/plan/AlterDatabaseDesc.java: patch does not apply
error: patch failed: ql/src/java/org/apache/hadoop/hive/ql/plan/AlterTableDesc.java:28
error: ql/src/java/org/apache/hadoop/hive/ql/plan/AlterTableDesc.java: patch does not apply
error: patch failed: ql/src/java/org/apache/hadoop/hive/ql/plan/CreateFunctionDesc.java:22
error: ql/src/java/org/apache/hadoop/hive/ql/plan/CreateFunctionDesc.java: patch does not apply
error: patch failed: ql/src/java/org/apache/hadoop/hive/ql/plan/DropFunctionDesc.java:19
error: ql/src/java/org/apache/hadoop/hive/ql/plan/DropFunctionDesc.java: patch does not apply
error: patch failed: ql/src/java/org/apache/hadoop/hive/ql/plan/RenamePartitionDesc.java:17
error: ql/src/java/org/apache/hadoop/hive/ql/plan/RenamePartitionDesc.java: patch does not apply
error: patch failed: ql/src/java/org/apache/hadoop/hive/ql/plan/TruncateTableDesc.java:22
error: ql/src/java/org/apache/hadoop/hive/ql/plan/TruncateTableDesc.java: patch does not apply
error: patch failed: ql/src/test/org/apache/hadoop/hive/ql/io/parquet/AbstractTestParquetDirect.java:27
error: ql/src/test/org/apache/hadoop/hive/ql/io/parquet/AbstractTestParquetDirect.java: patch does not apply
error: patch failed: ql/src/test/org/apache/hadoop/hive/ql/io/parquet/TestDataWritableWriter.java:16
error: ql/src/test/org/apache/hadoop/hive/ql/io/parquet/TestDataWritableWriter.java: patch does not apply
error: patch failed: ql/src/test/org/apache/hadoop/hive/ql/io/parquet/TestParquetRowGroupFilter.java:21
error: ql/src/test/org/apache/hadoop/hive/ql/io/parquet/TestParquetRowGroupFilter.java: patch does not apply
error: patch failed: ql/src/test/org/apache/hadoop/hive/ql/io/parquet/TestVectorizedColumnReader.java:106
error: ql/src/test/org/apache/hadoop/hive/ql/io/parquet/TestVectorizedColumnReader.java: patch does not apply
error: patch failed: ql/src/test/org/apache/hadoop/hive/ql/io/parquet/VectorizedColumnReaderTestBase.java:31
error: ql/src/test/org/apache/hadoop/hive/ql/io/parquet/VectorizedColumnReaderTestBase.java: patch does not apply
error: ql/src/test/org/apache/hadoop/hive/ql/io/parquet/convert/TestETypeConverter.java: No such file or directory
error: patch failed: ql/src/test/org/apache/hadoop/hive/ql/io/parquet/read/TestParquetFilterPredicate.java:33
error: ql/src/test/org/apache/hadoop/hive/ql/io/parquet/read/TestParquetFilterPredicate.java: patch does not apply
error: ql/src/test/org/apache/hadoop/hive/ql/io/parquet/timestamp/TestParquetTimestampConverter.java: No such file or directory
error: ql/src/test/org/apache/hadoop/hive/ql/io/parquet/timestamp/TestNanoTimeUtils.java: No such file or directory
error: ql/src/test/queries/clientnegative/parquet_alter_part_table_drop_columns.q: already exists in working directory
error: ql/src/test/queries/clientnegative/parquet_int96_alter_invalid_timezone.q: No such file or directory
error: ql/src/test/queries/clientnegative/parquet_int96_create_invalid_timezone.q: No such file or directory
error: patch failed: ql/src/test/queries/clientpositive/concat_op.q:24
error: ql/src/test/queries/clientpositive/concat_op.q: patch does not apply
error: patch failed: ql/src/test/queries/clientpositive/correlationoptimizer14.q:2
error: ql/src/test/queries/clientpositive/correlationoptimizer14.q: patch does not apply
error: patch failed: ql/src/test/queries/clientpositive/groupby_distinct_samekey.q:1
error: ql/src/test/queries/clientpositive/groupby_distinct_samekey.q: patch does not apply
error: patch failed: ql/src/test/queries/clientpositive/input20.q:7
error: ql/src/test/queries/clientpositive/input20.q: patch does not apply
error: patch failed: ql/src/test/queries/clientpositive/input33.q:7
error: ql/src/test/queries/clientpositive/input33.q: patch does not apply
error: patch failed: ql/src/test/queries/clientpositive/input3_limit.q:7
error: ql/src/test/queries/clientpositive/input3_limit.q: patch does not apply
error: ql/src/test/queries/clientpositive/llap_smb.q: already exists in working directory
error: ql/src/test/queries/clientpositive/parquet_int96_timestamp.q: No such file or directory
error: ql/src/test/queries/clientpositive/parquet_predicate_pushdown_2.q: already exists in working directory
error: ql/src/test/queries/clientpositive/parquet_timestamp_conversion.q: No such file or directory
error: patch failed: ql/src/test/queries/clientpositive/ppd2.q:2
error: ql/src/test/queries/clientpositive/ppd2.q: patch does not apply
error: patch failed: ql/src/test/queries/clientpositive/reduce_deduplicate_extended.q:2
error: ql/src/test/queries/clientpositive/reduce_deduplicate_extended.q: patch does not apply
error: patch failed: ql/src/test/queries/clientpositive/subquery_in.q:74
error: ql/src/test/queries/clientpositive/subquery_in.q: patch does not apply
error: patch failed: ql/src/test/queries/clientpositive/truncate_column_buckets.q:11
error: ql/src/test/queries/clientpositive/truncate_column_buckets.q: patch does not apply
error: patch failed: ql/src/test/results/clientnegative/authorization_uri_export.q.out:9
error: ql/src/test/results/clientnegative/authorization_uri_export.q.out: patch does not apply
error: ql/src/test/results/clientnegative/parquet_alter_part_table_drop_columns.q.out: already exists in working directory
error: ql/src/test/results/clientnegative/parquet_int96_alter_invalid_timezone.q.out: No such file or directory
error: ql/src/test/results/clientnegative/parquet_int96_create_invalid_timezone.q.out: No such file or directory
error: patch failed: ql/src/test/results/clientpositive/auto_join0.q.out:1
error: ql/src/test/results/clientpositive/auto_join0.q.out: patch does not apply
error: patch failed: ql/src/test/results/clientpositive/auto_join15.q.out:15
error: ql/src/test/results/clientpositive/auto_join15.q.out: patch does not apply
error: patch failed: ql/src/test/results/clientpositive/auto_join20.q.out:15
error: ql/src/test/results/clientpositive/auto_join20.q.out: patch does not apply
error: patch failed: ql/src/test/results/clientpositive/auto_join31.q.out:21
error: ql/src/test/results/clientpositive/auto_join31.q.out: patch does not apply
error: patch failed: ql/src/test/results/clientpositive/cbo_rp_auto_join0.q.out:1
error: ql/src/test/results/clientpositive/cbo_rp_auto_join0.q.out: patch does not apply
error: patch failed: ql/src/test/results/clientpositive/concat_op.q.out:160
error: ql/src/test/results/clientpositive/concat_op.q.out: patch does not apply
error: patch failed: ql/src/test/results/clientpositive/constprog_partitioner.q.out:107
error: ql/src/test/results/clientpositive/constprog_partitioner.q.out: patch does not apply
error: ql/src/test/results/clientpositive/dynamic_rdd_cache.q.out: No such file or directory
error: patch failed: ql/src/test/results/clientpositive/groupby_distinct_samekey.q.out:24
error: ql/src/test/results/clientpositive/groupby_distinct_samekey.q.out: patch does not apply
error: patch failed: ql/src/test/results/clientpositive/identity_project_remove_skip.q.out:17
error: ql/src/test/results/clientpositive/identity_project_remove_skip.q.out: patch does not apply
error: patch failed: ql/src/test/results/clientpositive/input20.q.out:11
error: ql/src/test/results/clientpositive/input20.q.out: patch does not apply
error: patch failed: ql/src/test/results/clientpositive/input33.q.out:11
error: ql/src/test/results/clientpositive/input33.q.out: patch does not apply
error: patch failed: ql/src/test/results/clientpositive/input3_limit.q.out:31
error: ql/src/test/results/clientpositive/input3_limit.q.out: patch does not apply
error: patch failed: ql/src/test/results/clientpositive/limit_pushdown_negative.q.out:145
error: ql/src/test/results/clientpositive/limit_pushdown_negative.q.out: patch does not apply
error: patch failed: ql/src/test/results/clientpositive/llap/auto_join0.q.out:1
error: ql/src/test/results/clientpositive/llap/auto_join0.q.out: patch does not apply
error: patch failed: ql/src/test/results/clientpositive/llap/auto_join30.q.out:23
error: ql/src/test/results/clientpositive/llap/auto_join30.q.out: patch does not apply
error: patch failed: ql/src/test/results/clientpositive/llap/explainuser_1.q.out:209
error: ql/src/test/results/clientpositive/llap/explainuser_1.q.out: patch does not apply
error: patch failed: ql/src/test/results/clientpositive/llap/identity_project_remove_skip.q.out:25
error: ql/src/test/results/clientpositive/llap/identity_project_remove_skip.q.out: patch does not apply
error: ql/src/test/results/clientpositive/llap/llap_smb.q.out: already exists in working directory
error: patch failed: ql/src/test/results/clientpositive/llap/mrr.q.out:1293
error: ql/src/test/results/clientpositive/llap/mrr.q.out: patch does not apply
error: patch failed: ql/src/test/results/clientpositive/llap/subquery_exists.q.out:50
error: ql/src/test/results/clientpositive/llap/subquery_exists.q.out: patch does not apply
error: patch failed: ql/src/test/results/clientpositive/llap/subquery_in.q.out:164
error: ql/src/test/results/clientpositive/llap/subquery_in.q.out: patch does not apply
error: patch failed: ql/src/test/results/clientpositive/llap/subquery_multi.q.out:2216
error: ql/src/test/results/clientpositive/llap/subquery_multi.q.out: patch does not apply
error: patch failed: ql/src/test/results/clientpositive/llap/subquery_notin.q.out:341
error: ql/src/test/results/clientpositive/llap/subquery_notin.q.out: patch does not apply
error: patch failed: ql/src/test/results/clientpositive/llap/subquery_scalar.q.out:2300
error: ql/src/test/results/clientpositive/llap/subquery_scalar.q.out: patch does not apply
error: patch failed: ql/src/test/results/clientpositive/llap/subquery_select.q.out:1825
error: ql/src/test/results/clientpositive/llap/subquery_select.q.out: patch does not apply
error: patch failed: ql/src/test/results/clientpositive/llap/subquery_views.q.out:157
error: ql/src/test/results/clientpositive/llap/subquery_views.q.out: patch does not apply
error: patch failed: ql/src/test/results/clientpositive/llap/sysdb.q.out:130
error: ql/src/test/results/clientpositive/llap/sysdb.q.out: patch does not apply
error: patch failed: ql/src/test/results/clientpositive/llap/tez_join_tests.q.out:13
error: ql/src/test/results/clientpositive/llap/tez_join_tests.q.out: patch does not apply
error: patch failed: ql/src/test/results/clientpositive/llap/tez_joins_explain.q.out:13
error: ql/src/test/results/clientpositive/llap/tez_joins_explain.q.out: patch does not apply
error: patch failed: ql/src/test/results/clientpositive/llap/vector_join30.q.out:39
error: ql/src/test/results/clientpositive/llap/vector_join30.q.out: patch does not apply
error: patch failed: ql/src/test/results/clientpositive/llap/vector_mapjoin_reduce.q.out:402
error: ql/src/test/results/clientpositive/llap/vector_mapjoin_reduce.q.out: patch does not apply
error: patch failed: ql/src/test/results/clientpositive/llap/vector_number_compare_projection.q.out:118
error: ql/src/test/results/clientpositive/llap/vector_number_compare_projection.q.out: patch does not apply
error: patch failed: ql/src/test/results/clientpositive/multi_insert_gby2.q.out:30
error: ql/src/test/results/clientpositive/multi_insert_gby2.q.out: patch does not apply
error: patch failed: ql/src/test/results/clientpositive/multi_insert_gby3.q.out:38
error: ql/src/test/results/clientpositive/multi_insert_gby3.q.out: patch does not apply
error: patch failed: ql/src/test/results/clientpositive/parquet_int96_timestamp.q.out:305
error: ql/src/test/results/clientpositive/parquet_int96_timestamp.q.out: patch does not apply
error: ql/src/test/results/clientpositive/parquet_predicate_pushdown_2.q.out: already exists in working directory
error: ql/src/test/results/clientpositive/parquet_timestamp_conversion.q.out: No such file or directory
error: patch failed: ql/src/test/results/clientpositive/perf/query16.q.out:1
error: ql/src/test/results/clientpositive/perf/query16.q.out: patch does not apply
error: patch failed: ql/src/test/results/clientpositive/perf/query94.q.out:1
error: ql/src/test/results/clientpositive/perf/query94.q.out: patch does not apply
error: patch failed: ql/src/test/results/clientpositive/ppd2.q.out:66
error: ql/src/test/results/clientpositive/ppd2.q.out: patch does not apply
error: patch failed: ql/src/test/results/clientpositive/ppd_join4.q.out:46
error: ql/src/test/results/clientpositive/ppd_join4.q.out: patch does not apply
error: patch failed: ql/src/test/results/clientpositive/spark/auto_join0.q.out:1
error: ql/src/test/results/clientpositive/spark/auto_join0.q.out: patch does not apply
error: patch failed: ql/src/test/results/clientpositive/spark/auto_join15.q.out:24
error: ql/src/test/results/clientpositive/spark/auto_join15.q.out: patch does not apply
error: patch failed: ql/src/test/results/clientpositive/spark/auto_join20.q.out:66
error: ql/src/test/results/clientpositive/spark/auto_join20.q.out: patch does not apply
error: patch failed: ql/src/test/results/clientpositive/spark/auto_join30.q.out:22
error: ql/src/test/results/clientpositive/spark/auto_join30.q.out: patch does not apply
error: patch failed: ql/src/test/results/clientpositive/spark/auto_join31.q.out:28
error: ql/src/test/results/clientpositive/spark/auto_join31.q.out: patch does not apply
error: patch failed: ql/src/test/results/clientpositive/spark/constprog_partitioner.q.out:122
error: ql/src/test/results/clientpositive/spark/constprog_partitioner.q.out: patch does not apply
error: patch failed: ql/src/test/results/clientpositive/spark/dynamic_rdd_cache.q.out:28
error: ql/src/test/results/clientpositive/spark/dynamic_rdd_cache.q.out: patch does not apply
error: patch failed: ql/src/test/results/clientpositive/spark/identity_project_remove_skip.q.out:24
error: ql/src/test/results/clientpositive/spark/identity_project_remove_skip.q.out: patch does not apply
error: patch failed: ql/src/test/results/clientpositive/spark/multi_insert_gby2.q.out:39
error: ql/src/test/results/clientpositive/spark/multi_insert_gby2.q.out: patch does not apply
error: patch failed: ql/src/test/results/clientpositive/spark/multi_insert_gby3.q.out:47
error: ql/src/test/results/clientpositive/spark/multi_insert_gby3.q.out: patch does not apply
error: ql/src/test/results/clientpositive/spark/parquet_int96_timestamp.q.out: No such file or directory
error: patch failed: ql/src/test/results/clientpositive/spark/spark_multi_insert_parallel_orderby.q.out:263
error: ql/src/test/results/clientpositive/spark/spark_multi_insert_parallel_orderby.q.out: patch does not apply
error: patch failed: ql/src/test/results/clientpositive/spark/subquery_exists.q.out:47
error: ql/src/test/results/clientpositive/spark/subquery_exists.q.out: patch does not apply
error: patch failed: ql/src/test/results/clientpositive/spark/subquery_in.q.out:155
error: ql/src/test/results/clientpositive/spark/subquery_in.q.out: patch does not apply
error: patch failed: ql/src/test/results/clientpositive/spark/tez_join_tests.q.out:12
error: ql/src/test/results/clientpositive/spark/tez_join_tests.q.out: patch does not apply
error: patch failed: ql/src/test/results/clientpositive/spark/tez_joins_explain.q.out:12
error: ql/src/test/results/clientpositive/spark/tez_joins_explain.q.out: patch does not apply
error: patch failed: ql/src/test/results/clientpositive/spark/truncate_column_buckets.q.out:19
error: ql/src/test/results/clientpositive/spark/truncate_column_buckets.q.out: patch does not apply
error: patch failed: ql/src/test/results/clientpositive/spark/vector_mapjoin_reduce.q.out:354
error: ql/src/test/results/clientpositive/spark/vector_mapjoin_reduce.q.out: patch does not apply
error: patch failed: ql/src/test/results/clientpositive/subquery_exists.q.out:40
error: ql/src/test/results/clientpositive/subquery_exists.q.out: patch does not apply
error: patch failed: ql/src/test/results/clientpositive/subquery_exists_having.q.out:74
error: ql/src/test/results/clientpositive/subquery_exists_having.q.out: patch does not apply
error: patch failed: ql/src/test/results/clientpositive/subquery_in_having.q.out:1776
error: ql/src/test/results/clientpositive/subquery_in_having.q.out: patch does not apply
error: patch failed: ql/src/test/results/clientpositive/subquery_notexists.q.out:29
error: ql/src/test/results/clientpositive/subquery_notexists.q.out: patch does not apply
error: patch failed: ql/src/test/results/clientpositive/subquery_notexists_having.q.out:72
error: ql/src/test/results/clientpositive/subquery_notexists_having.q.out: patch does not apply
error: patch failed: ql/src/test/results/clientpositive/subquery_notin_having.q.out:286
error: ql/src/test/results/clientpositive/subquery_notin_having.q.out: patch does not apply
error: patch failed: ql/src/test/results/clientpositive/subquery_unqualcolumnrefs.q.out:62
error: ql/src/test/results/clientpositive/subquery_unqualcolumnrefs.q.out: patch does not apply
error: patch failed: ql/src/test/results/clientpositive/truncate_column_buckets.q.out:19
error: ql/src/test/results/clientpositive/truncate_column_buckets.q.out: patch does not apply
error: patch failed: ql/src/test/results/clientpositive/vector_mapjoin_reduce.q.out:361
error: ql/src/test/results/clientpositive/vector_mapjoin_reduce.q.out: patch does not apply
error: patch failed: ql/src/test/results/clientpositive/vector_tablesample_rows.q.out:238
error: ql/src/test/results/clientpositive/vector_tablesample_rows.q.out: patch does not apply
error: patch failed: spark-client/src/main/java/org/apache/hive/spark/client/SparkClientImpl.java:87
error: spark-client/src/main/java/org/apache/hive/spark/client/SparkClientImpl.java: patch does not apply
The patch does not appear to apply with p0, p1, or p2
+ exit 1
&apos;
&lt;/pre&gt;
&lt;/div&gt;&lt;/div&gt;

&lt;p&gt;This message is automatically generated.&lt;/p&gt;

&lt;p&gt;ATTACHMENT ID: 12875408 - PreCommit-HIVE-Build&lt;/p&gt;</comment>
                            <comment id="16071638" author="hiveqa" created="Sun, 2 Jul 2017 13:42:17 +0000"  >

&lt;p&gt;Here are the results of testing the latest attachment:&lt;br/&gt;
&lt;a href=&quot;https://issues.apache.org/jira/secure/attachment/12875410/HIVE-12631.11.patch&quot; class=&quot;external-link&quot; rel=&quot;nofollow&quot;&gt;https://issues.apache.org/jira/secure/attachment/12875410/HIVE-12631.11.patch&lt;/a&gt;&lt;/p&gt;

&lt;p&gt;&lt;font color=&quot;green&quot;&gt;SUCCESS:&lt;/font&gt; +1 due to 2 test(s) being added or modified.&lt;/p&gt;

&lt;p&gt;&lt;font color=&quot;red&quot;&gt;ERROR:&lt;/font&gt; -1 due to 19 failed/errored test(s), 10830 tests executed&lt;br/&gt;
&lt;b&gt;Failed tests:&lt;/b&gt;&lt;/p&gt;
&lt;div class=&quot;preformatted panel&quot; style=&quot;border-width: 1px;&quot;&gt;&lt;div class=&quot;preformattedContent panelContent&quot;&gt;
&lt;pre&gt;org.apache.hadoop.hive.cli.TestBeeLineDriver.testCliDriver[materialized_view_create_rewrite] (batchId=237)
org.apache.hadoop.hive.cli.TestCliDriver.testCliDriver[delete_orig_table] (batchId=38)
org.apache.hadoop.hive.cli.TestMiniLlapCliDriver.testCliDriver[llap_smb] (batchId=143)
org.apache.hadoop.hive.cli.TestMiniLlapCliDriver.testCliDriver[orc_ppd_basic] (batchId=140)
org.apache.hadoop.hive.cli.TestMiniLlapLocalCliDriver.testCliDriver[insert_orig_table] (batchId=156)
org.apache.hadoop.hive.cli.TestMiniLlapLocalCliDriver.testCliDriver[schema_evol_orc_acid_part] (batchId=149)
org.apache.hadoop.hive.cli.TestMiniLlapLocalCliDriver.testCliDriver[schema_evol_orc_acid_table] (batchId=151)
org.apache.hadoop.hive.cli.TestMiniLlapLocalCliDriver.testCliDriver[schema_evol_orc_acidvec_part] (batchId=157)
org.apache.hadoop.hive.cli.TestMiniLlapLocalCliDriver.testCliDriver[schema_evol_orc_acidvec_table] (batchId=160)
org.apache.hadoop.hive.cli.TestMiniTezCliDriver.testCliDriver[delete_orig_table] (batchId=98)
org.apache.hadoop.hive.cli.TestMiniTezCliDriver.testCliDriver[explainanalyze_5] (batchId=98)
org.apache.hadoop.hive.cli.TestPerfCliDriver.testCliDriver[query14] (batchId=232)
org.apache.hadoop.hive.ql.TestTxnCommands2.testOriginalFileReaderWhenNonAcidConvertedToAcid (batchId=269)
org.apache.hadoop.hive.ql.TestTxnCommands2WithSplitUpdate.testOriginalFileReaderWhenNonAcidConvertedToAcid (batchId=280)
org.apache.hadoop.hive.ql.TestTxnCommands2WithSplitUpdateAndVectorization.testOriginalFileReaderWhenNonAcidConvertedToAcid (batchId=277)
org.apache.hadoop.hive.ql.io.orc.TestInputOutputFormat.testColumnProjectionWithAcid (batchId=261)
org.apache.hive.hcatalog.api.TestHCatClient.testPartitionRegistrationWithCustomSchema (batchId=177)
org.apache.hive.hcatalog.api.TestHCatClient.testPartitionSpecRegistrationWithCustomSchema (batchId=177)
org.apache.hive.hcatalog.api.TestHCatClient.testTableSchemaPropagation (batchId=177)
&lt;/pre&gt;
&lt;/div&gt;&lt;/div&gt;

&lt;p&gt;Test results: &lt;a href=&quot;https://builds.apache.org/job/PreCommit-HIVE-Build/5864/testReport&quot; class=&quot;external-link&quot; target=&quot;_blank&quot; rel=&quot;nofollow noopener&quot;&gt;https://builds.apache.org/job/PreCommit-HIVE-Build/5864/testReport&lt;/a&gt;&lt;br/&gt;
Console output: &lt;a href=&quot;https://builds.apache.org/job/PreCommit-HIVE-Build/5864/console&quot; class=&quot;external-link&quot; target=&quot;_blank&quot; rel=&quot;nofollow noopener&quot;&gt;https://builds.apache.org/job/PreCommit-HIVE-Build/5864/console&lt;/a&gt;&lt;br/&gt;
Test logs: &lt;a href=&quot;http://104.198.109.242/logs/PreCommit-HIVE-Build-5864/&quot; class=&quot;external-link&quot; target=&quot;_blank&quot; rel=&quot;nofollow noopener&quot;&gt;http://104.198.109.242/logs/PreCommit-HIVE-Build-5864/&lt;/a&gt;&lt;/p&gt;

&lt;p&gt;Messages:&lt;/p&gt;
&lt;div class=&quot;preformatted panel&quot; style=&quot;border-width: 1px;&quot;&gt;&lt;div class=&quot;preformattedContent panelContent&quot;&gt;
&lt;pre&gt;Executing org.apache.hive.ptest.execution.TestCheckPhase
Executing org.apache.hive.ptest.execution.PrepPhase
Executing org.apache.hive.ptest.execution.ExecutionPhase
Executing org.apache.hive.ptest.execution.ReportingPhase
Tests exited with: TestsFailedException: 19 tests failed
&lt;/pre&gt;
&lt;/div&gt;&lt;/div&gt;

&lt;p&gt;This message is automatically generated.&lt;/p&gt;

&lt;p&gt;ATTACHMENT ID: 12875410 - PreCommit-HIVE-Build&lt;/p&gt;</comment>
                            <comment id="16071707" author="teddy.choi" created="Sun, 2 Jul 2017 16:16:29 +0000"  >&lt;p&gt;This 12th patch fixes null pointer exceptions.&lt;/p&gt;</comment>
                            <comment id="16071728" author="hiveqa" created="Sun, 2 Jul 2017 17:25:26 +0000"  >

&lt;p&gt;Here are the results of testing the latest attachment:&lt;br/&gt;
&lt;a href=&quot;https://issues.apache.org/jira/secure/attachment/12875417/HIVE-12631.12.patch&quot; class=&quot;external-link&quot; rel=&quot;nofollow&quot;&gt;https://issues.apache.org/jira/secure/attachment/12875417/HIVE-12631.12.patch&lt;/a&gt;&lt;/p&gt;

&lt;p&gt;&lt;font color=&quot;green&quot;&gt;SUCCESS:&lt;/font&gt; +1 due to 2 test(s) being added or modified.&lt;/p&gt;

&lt;p&gt;&lt;font color=&quot;red&quot;&gt;ERROR:&lt;/font&gt; -1 due to 15 failed/errored test(s), 10830 tests executed&lt;br/&gt;
&lt;b&gt;Failed tests:&lt;/b&gt;&lt;/p&gt;
&lt;div class=&quot;preformatted panel&quot; style=&quot;border-width: 1px;&quot;&gt;&lt;div class=&quot;preformattedContent panelContent&quot;&gt;
&lt;pre&gt;org.apache.hadoop.hive.cli.TestBeeLineDriver.testCliDriver[materialized_view_create_rewrite] (batchId=237)
org.apache.hadoop.hive.cli.TestMiniLlapCliDriver.testCliDriver[llap_smb] (batchId=143)
org.apache.hadoop.hive.cli.TestMiniLlapCliDriver.testCliDriver[orc_ppd_basic] (batchId=140)
org.apache.hadoop.hive.cli.TestMiniLlapLocalCliDriver.testCliDriver[columnstats_part_coltype] (batchId=157)
org.apache.hadoop.hive.cli.TestMiniLlapLocalCliDriver.testCliDriver[insert_orig_table] (batchId=156)
org.apache.hadoop.hive.cli.TestMiniLlapLocalCliDriver.testCliDriver[schema_evol_orc_acid_part] (batchId=149)
org.apache.hadoop.hive.cli.TestMiniLlapLocalCliDriver.testCliDriver[schema_evol_orc_acid_table] (batchId=151)
org.apache.hadoop.hive.cli.TestMiniLlapLocalCliDriver.testCliDriver[schema_evol_orc_acidvec_part] (batchId=157)
org.apache.hadoop.hive.cli.TestMiniLlapLocalCliDriver.testCliDriver[schema_evol_orc_acidvec_table] (batchId=160)
org.apache.hadoop.hive.cli.TestPerfCliDriver.testCliDriver[query14] (batchId=232)
org.apache.hadoop.hive.cli.TestPerfCliDriver.testCliDriver[query23] (batchId=232)
org.apache.hadoop.hive.ql.io.orc.TestInputOutputFormat.testColumnProjectionWithAcid (batchId=261)
org.apache.hive.hcatalog.api.TestHCatClient.testPartitionRegistrationWithCustomSchema (batchId=177)
org.apache.hive.hcatalog.api.TestHCatClient.testPartitionSpecRegistrationWithCustomSchema (batchId=177)
org.apache.hive.hcatalog.api.TestHCatClient.testTableSchemaPropagation (batchId=177)
&lt;/pre&gt;
&lt;/div&gt;&lt;/div&gt;

&lt;p&gt;Test results: &lt;a href=&quot;https://builds.apache.org/job/PreCommit-HIVE-Build/5865/testReport&quot; class=&quot;external-link&quot; target=&quot;_blank&quot; rel=&quot;nofollow noopener&quot;&gt;https://builds.apache.org/job/PreCommit-HIVE-Build/5865/testReport&lt;/a&gt;&lt;br/&gt;
Console output: &lt;a href=&quot;https://builds.apache.org/job/PreCommit-HIVE-Build/5865/console&quot; class=&quot;external-link&quot; target=&quot;_blank&quot; rel=&quot;nofollow noopener&quot;&gt;https://builds.apache.org/job/PreCommit-HIVE-Build/5865/console&lt;/a&gt;&lt;br/&gt;
Test logs: &lt;a href=&quot;http://104.198.109.242/logs/PreCommit-HIVE-Build-5865/&quot; class=&quot;external-link&quot; target=&quot;_blank&quot; rel=&quot;nofollow noopener&quot;&gt;http://104.198.109.242/logs/PreCommit-HIVE-Build-5865/&lt;/a&gt;&lt;/p&gt;

&lt;p&gt;Messages:&lt;/p&gt;
&lt;div class=&quot;preformatted panel&quot; style=&quot;border-width: 1px;&quot;&gt;&lt;div class=&quot;preformattedContent panelContent&quot;&gt;
&lt;pre&gt;Executing org.apache.hive.ptest.execution.TestCheckPhase
Executing org.apache.hive.ptest.execution.PrepPhase
Executing org.apache.hive.ptest.execution.ExecutionPhase
Executing org.apache.hive.ptest.execution.ReportingPhase
Tests exited with: TestsFailedException: 15 tests failed
&lt;/pre&gt;
&lt;/div&gt;&lt;/div&gt;

&lt;p&gt;This message is automatically generated.&lt;/p&gt;

&lt;p&gt;ATTACHMENT ID: 12875417 - PreCommit-HIVE-Build&lt;/p&gt;</comment>
                            <comment id="16072855" author="hiveqa" created="Mon, 3 Jul 2017 19:47:40 +0000"  >

&lt;p&gt;Here are the results of testing the latest attachment:&lt;br/&gt;
&lt;a href=&quot;https://issues.apache.org/jira/secure/attachment/12875537/HIVE-12631.13.patch&quot; class=&quot;external-link&quot; rel=&quot;nofollow&quot;&gt;https://issues.apache.org/jira/secure/attachment/12875537/HIVE-12631.13.patch&lt;/a&gt;&lt;/p&gt;

&lt;p&gt;&lt;font color=&quot;green&quot;&gt;SUCCESS:&lt;/font&gt; +1 due to 2 test(s) being added or modified.&lt;/p&gt;

&lt;p&gt;&lt;font color=&quot;red&quot;&gt;ERROR:&lt;/font&gt; -1 due to 47 failed/errored test(s), 10830 tests executed&lt;br/&gt;
&lt;b&gt;Failed tests:&lt;/b&gt;&lt;/p&gt;
&lt;div class=&quot;preformatted panel&quot; style=&quot;border-width: 1px;&quot;&gt;&lt;div class=&quot;preformattedContent panelContent&quot;&gt;
&lt;pre&gt;org.apache.hadoop.hive.cli.TestBeeLineDriver.testCliDriver[insert_overwrite_local_directory_1] (batchId=237)
org.apache.hadoop.hive.cli.TestCliDriver.testCliDriver[llap_reader] (batchId=7)
org.apache.hadoop.hive.cli.TestMiniLlapCliDriver.testCliDriver[llap_smb] (batchId=143)
org.apache.hadoop.hive.cli.TestMiniLlapCliDriver.testCliDriver[orc_llap_counters1] (batchId=140)
org.apache.hadoop.hive.cli.TestMiniLlapCliDriver.testCliDriver[orc_llap_counters] (batchId=143)
org.apache.hadoop.hive.cli.TestMiniLlapCliDriver.testCliDriver[orc_ppd_basic] (batchId=140)
org.apache.hadoop.hive.cli.TestMiniLlapCliDriver.testCliDriver[orc_ppd_schema_evol_3a] (batchId=141)
org.apache.hadoop.hive.cli.TestMiniLlapLocalCliDriver.testCliDriver[acid_globallimit] (batchId=149)
org.apache.hadoop.hive.cli.TestMiniLlapLocalCliDriver.testCliDriver[delete_all_non_partitioned] (batchId=149)
org.apache.hadoop.hive.cli.TestMiniLlapLocalCliDriver.testCliDriver[delete_all_partitioned] (batchId=149)
org.apache.hadoop.hive.cli.TestMiniLlapLocalCliDriver.testCliDriver[delete_tmp_table] (batchId=154)
org.apache.hadoop.hive.cli.TestMiniLlapLocalCliDriver.testCliDriver[delete_where_no_match] (batchId=149)
org.apache.hadoop.hive.cli.TestMiniLlapLocalCliDriver.testCliDriver[delete_where_non_partitioned] (batchId=151)
org.apache.hadoop.hive.cli.TestMiniLlapLocalCliDriver.testCliDriver[delete_where_partitioned] (batchId=151)
org.apache.hadoop.hive.cli.TestMiniLlapLocalCliDriver.testCliDriver[delete_whole_partition] (batchId=145)
org.apache.hadoop.hive.cli.TestMiniLlapLocalCliDriver.testCliDriver[dynamic_semijoin_reduction_3] (batchId=158)
org.apache.hadoop.hive.cli.TestMiniLlapLocalCliDriver.testCliDriver[dynpart_sort_optimization_acid] (batchId=153)
org.apache.hadoop.hive.cli.TestMiniLlapLocalCliDriver.testCliDriver[insert_orig_table] (batchId=156)
org.apache.hadoop.hive.cli.TestMiniLlapLocalCliDriver.testCliDriver[insert_update_delete] (batchId=160)
org.apache.hadoop.hive.cli.TestMiniLlapLocalCliDriver.testCliDriver[insert_values_dynamic_partitioned] (batchId=158)
org.apache.hadoop.hive.cli.TestMiniLlapLocalCliDriver.testCliDriver[insert_values_non_partitioned] (batchId=147)
org.apache.hadoop.hive.cli.TestMiniLlapLocalCliDriver.testCliDriver[insert_values_partitioned] (batchId=158)
org.apache.hadoop.hive.cli.TestMiniLlapLocalCliDriver.testCliDriver[insert_values_tmp_table] (batchId=144)
org.apache.hadoop.hive.cli.TestMiniLlapLocalCliDriver.testCliDriver[join_acid_non_acid] (batchId=159)
org.apache.hadoop.hive.cli.TestMiniLlapLocalCliDriver.testCliDriver[schema_evol_orc_acid_part] (batchId=149)
org.apache.hadoop.hive.cli.TestMiniLlapLocalCliDriver.testCliDriver[schema_evol_orc_acid_table] (batchId=151)
org.apache.hadoop.hive.cli.TestMiniLlapLocalCliDriver.testCliDriver[update_after_multiple_inserts] (batchId=157)
org.apache.hadoop.hive.cli.TestMiniLlapLocalCliDriver.testCliDriver[update_all_non_partitioned] (batchId=145)
org.apache.hadoop.hive.cli.TestMiniLlapLocalCliDriver.testCliDriver[update_all_partitioned] (batchId=154)
org.apache.hadoop.hive.cli.TestMiniLlapLocalCliDriver.testCliDriver[update_all_types] (batchId=147)
org.apache.hadoop.hive.cli.TestMiniLlapLocalCliDriver.testCliDriver[update_tmp_table] (batchId=151)
org.apache.hadoop.hive.cli.TestMiniLlapLocalCliDriver.testCliDriver[update_two_cols] (batchId=147)
org.apache.hadoop.hive.cli.TestMiniLlapLocalCliDriver.testCliDriver[update_where_no_match] (batchId=147)
org.apache.hadoop.hive.cli.TestMiniLlapLocalCliDriver.testCliDriver[update_where_non_partitioned] (batchId=146)
org.apache.hadoop.hive.cli.TestMiniLlapLocalCliDriver.testCliDriver[update_where_partitioned] (batchId=156)
org.apache.hadoop.hive.cli.TestMiniLlapLocalCliDriver.testCliDriver[vector_acid3] (batchId=148)
org.apache.hadoop.hive.cli.TestPerfCliDriver.testCliDriver[query14] (batchId=232)
org.apache.hadoop.hive.cli.TestPerfCliDriver.testCliDriver[query23] (batchId=232)
org.apache.hadoop.hive.ql.io.orc.TestInputOutputFormat.testColumnProjectionWithAcid (batchId=261)
org.apache.hadoop.hive.ql.io.orc.TestOrcRawRecordMerger.testNewBase (batchId=261)
org.apache.hadoop.hive.ql.io.orc.TestOrcRawRecordMerger.testOriginalReaderPair (batchId=261)
org.apache.hadoop.hive.ql.io.orc.TestOrcRawRecordMerger.testOriginalReaderPairNoMin (batchId=261)
org.apache.hadoop.hive.ql.io.orc.TestOrcRawRecordMerger.testReaderPair (batchId=261)
org.apache.hadoop.hive.ql.io.orc.TestOrcRawRecordMerger.testReaderPairNoMin (batchId=261)
org.apache.hive.hcatalog.api.TestHCatClient.testPartitionRegistrationWithCustomSchema (batchId=177)
org.apache.hive.hcatalog.api.TestHCatClient.testPartitionSpecRegistrationWithCustomSchema (batchId=177)
org.apache.hive.hcatalog.api.TestHCatClient.testTableSchemaPropagation (batchId=177)
&lt;/pre&gt;
&lt;/div&gt;&lt;/div&gt;

&lt;p&gt;Test results: &lt;a href=&quot;https://builds.apache.org/job/PreCommit-HIVE-Build/5875/testReport&quot; class=&quot;external-link&quot; target=&quot;_blank&quot; rel=&quot;nofollow noopener&quot;&gt;https://builds.apache.org/job/PreCommit-HIVE-Build/5875/testReport&lt;/a&gt;&lt;br/&gt;
Console output: &lt;a href=&quot;https://builds.apache.org/job/PreCommit-HIVE-Build/5875/console&quot; class=&quot;external-link&quot; target=&quot;_blank&quot; rel=&quot;nofollow noopener&quot;&gt;https://builds.apache.org/job/PreCommit-HIVE-Build/5875/console&lt;/a&gt;&lt;br/&gt;
Test logs: &lt;a href=&quot;http://104.198.109.242/logs/PreCommit-HIVE-Build-5875/&quot; class=&quot;external-link&quot; target=&quot;_blank&quot; rel=&quot;nofollow noopener&quot;&gt;http://104.198.109.242/logs/PreCommit-HIVE-Build-5875/&lt;/a&gt;&lt;/p&gt;

&lt;p&gt;Messages:&lt;/p&gt;
&lt;div class=&quot;preformatted panel&quot; style=&quot;border-width: 1px;&quot;&gt;&lt;div class=&quot;preformattedContent panelContent&quot;&gt;
&lt;pre&gt;Executing org.apache.hive.ptest.execution.TestCheckPhase
Executing org.apache.hive.ptest.execution.PrepPhase
Executing org.apache.hive.ptest.execution.ExecutionPhase
Executing org.apache.hive.ptest.execution.ReportingPhase
Tests exited with: TestsFailedException: 47 tests failed
&lt;/pre&gt;
&lt;/div&gt;&lt;/div&gt;

&lt;p&gt;This message is automatically generated.&lt;/p&gt;

&lt;p&gt;ATTACHMENT ID: 12875537 - PreCommit-HIVE-Build&lt;/p&gt;</comment>
                            <comment id="16072935" author="hiveqa" created="Mon, 3 Jul 2017 21:59:54 +0000"  >

&lt;p&gt;Here are the results of testing the latest attachment:&lt;br/&gt;
&lt;a href=&quot;https://issues.apache.org/jira/secure/attachment/12875550/HIVE-12631.15.patch&quot; class=&quot;external-link&quot; rel=&quot;nofollow&quot;&gt;https://issues.apache.org/jira/secure/attachment/12875550/HIVE-12631.15.patch&lt;/a&gt;&lt;/p&gt;

&lt;p&gt;&lt;font color=&quot;green&quot;&gt;SUCCESS:&lt;/font&gt; +1 due to 1 test(s) being added or modified.&lt;/p&gt;

&lt;p&gt;&lt;font color=&quot;red&quot;&gt;ERROR:&lt;/font&gt; -1 due to 9 failed/errored test(s), 10830 tests executed&lt;br/&gt;
&lt;b&gt;Failed tests:&lt;/b&gt;&lt;/p&gt;
&lt;div class=&quot;preformatted panel&quot; style=&quot;border-width: 1px;&quot;&gt;&lt;div class=&quot;preformattedContent panelContent&quot;&gt;
&lt;pre&gt;org.apache.hadoop.hive.cli.TestBlobstoreCliDriver.testCliDriver[rcfile_buckets] (batchId=240)
org.apache.hadoop.hive.cli.TestCliDriver.testCliDriver[llap_acid] (batchId=76)
org.apache.hadoop.hive.cli.TestMiniLlapCliDriver.testCliDriver[llap_smb] (batchId=143)
org.apache.hadoop.hive.cli.TestMiniLlapCliDriver.testCliDriver[orc_ppd_basic] (batchId=140)
org.apache.hadoop.hive.cli.TestPerfCliDriver.testCliDriver[query14] (batchId=232)
org.apache.hadoop.hive.ql.io.orc.TestVectorizedOrcAcidRowBatchReader.testVectorizedOrcAcidRowBatchReader (batchId=260)
org.apache.hive.hcatalog.api.TestHCatClient.testPartitionRegistrationWithCustomSchema (batchId=177)
org.apache.hive.hcatalog.api.TestHCatClient.testPartitionSpecRegistrationWithCustomSchema (batchId=177)
org.apache.hive.hcatalog.api.TestHCatClient.testTableSchemaPropagation (batchId=177)
&lt;/pre&gt;
&lt;/div&gt;&lt;/div&gt;

&lt;p&gt;Test results: &lt;a href=&quot;https://builds.apache.org/job/PreCommit-HIVE-Build/5876/testReport&quot; class=&quot;external-link&quot; target=&quot;_blank&quot; rel=&quot;nofollow noopener&quot;&gt;https://builds.apache.org/job/PreCommit-HIVE-Build/5876/testReport&lt;/a&gt;&lt;br/&gt;
Console output: &lt;a href=&quot;https://builds.apache.org/job/PreCommit-HIVE-Build/5876/console&quot; class=&quot;external-link&quot; target=&quot;_blank&quot; rel=&quot;nofollow noopener&quot;&gt;https://builds.apache.org/job/PreCommit-HIVE-Build/5876/console&lt;/a&gt;&lt;br/&gt;
Test logs: &lt;a href=&quot;http://104.198.109.242/logs/PreCommit-HIVE-Build-5876/&quot; class=&quot;external-link&quot; target=&quot;_blank&quot; rel=&quot;nofollow noopener&quot;&gt;http://104.198.109.242/logs/PreCommit-HIVE-Build-5876/&lt;/a&gt;&lt;/p&gt;

&lt;p&gt;Messages:&lt;/p&gt;
&lt;div class=&quot;preformatted panel&quot; style=&quot;border-width: 1px;&quot;&gt;&lt;div class=&quot;preformattedContent panelContent&quot;&gt;
&lt;pre&gt;Executing org.apache.hive.ptest.execution.TestCheckPhase
Executing org.apache.hive.ptest.execution.PrepPhase
Executing org.apache.hive.ptest.execution.ExecutionPhase
Executing org.apache.hive.ptest.execution.ReportingPhase
Tests exited with: TestsFailedException: 9 tests failed
&lt;/pre&gt;
&lt;/div&gt;&lt;/div&gt;

&lt;p&gt;This message is automatically generated.&lt;/p&gt;

&lt;p&gt;ATTACHMENT ID: 12875550 - PreCommit-HIVE-Build&lt;/p&gt;</comment>
                            <comment id="16084008" author="hiveqa" created="Wed, 12 Jul 2017 13:50:43 +0000"  >

&lt;p&gt;Here are the results of testing the latest attachment:&lt;br/&gt;
&lt;a href=&quot;https://issues.apache.org/jira/secure/attachment/12876820/HIVE-12631.16.patch&quot; class=&quot;external-link&quot; rel=&quot;nofollow&quot;&gt;https://issues.apache.org/jira/secure/attachment/12876820/HIVE-12631.16.patch&lt;/a&gt;&lt;/p&gt;

&lt;p&gt;&lt;font color=&quot;green&quot;&gt;SUCCESS:&lt;/font&gt; +1 due to 1 test(s) being added or modified.&lt;/p&gt;

&lt;p&gt;&lt;font color=&quot;red&quot;&gt;ERROR:&lt;/font&gt; -1 due to 35 failed/errored test(s), 10842 tests executed&lt;br/&gt;
&lt;b&gt;Failed tests:&lt;/b&gt;&lt;/p&gt;
&lt;div class=&quot;preformatted panel&quot; style=&quot;border-width: 1px;&quot;&gt;&lt;div class=&quot;preformattedContent panelContent&quot;&gt;
&lt;pre&gt;org.apache.hadoop.hive.cli.TestBeeLineDriver.testCliDriver[create_merge_compressed] (batchId=237)
org.apache.hadoop.hive.cli.TestCliDriver.testCliDriver[acid_vectorization] (batchId=61)
org.apache.hadoop.hive.cli.TestCliDriver.testCliDriver[llap_acid_fast] (batchId=38)
org.apache.hadoop.hive.cli.TestCliDriver.testCliDriver[llap_reader] (batchId=7)
org.apache.hadoop.hive.cli.TestCliDriver.testCliDriver[llap_uncompressed] (batchId=56)
org.apache.hadoop.hive.cli.TestMiniLlapCliDriver.testCliDriver[llap_smb] (batchId=143)
org.apache.hadoop.hive.cli.TestMiniLlapCliDriver.testCliDriver[orc_llap_counters1] (batchId=140)
org.apache.hadoop.hive.cli.TestMiniLlapCliDriver.testCliDriver[orc_llap_counters] (batchId=143)
org.apache.hadoop.hive.cli.TestMiniLlapCliDriver.testCliDriver[orc_ppd_basic] (batchId=140)
org.apache.hadoop.hive.cli.TestMiniLlapCliDriver.testCliDriver[orc_ppd_schema_evol_3a] (batchId=141)
org.apache.hadoop.hive.cli.TestMiniLlapLocalCliDriver.testCliDriver[llap_acid_fast] (batchId=151)
org.apache.hadoop.hive.cli.TestMiniLlapLocalCliDriver.testCliDriver[vector_if_expr] (batchId=145)
org.apache.hadoop.hive.cli.TestPerfCliDriver.testCliDriver[query14] (batchId=232)
org.apache.hadoop.hive.ql.TestTxnCommands2WithSplitUpdateAndVectorization.testACIDwithSchemaEvolutionAndCompaction (batchId=277)
org.apache.hadoop.hive.ql.TestTxnCommands2WithSplitUpdateAndVectorization.testAlterTable (batchId=277)
org.apache.hadoop.hive.ql.TestTxnCommands2WithSplitUpdateAndVectorization.testBucketizedInputFormat (batchId=277)
org.apache.hadoop.hive.ql.TestTxnCommands2WithSplitUpdateAndVectorization.testDeleteIn (batchId=277)
org.apache.hadoop.hive.ql.TestTxnCommands2WithSplitUpdateAndVectorization.testETLSplitStrategyForACID (batchId=277)
org.apache.hadoop.hive.ql.TestTxnCommands2WithSplitUpdateAndVectorization.testMerge2 (batchId=277)
org.apache.hadoop.hive.ql.TestTxnCommands2WithSplitUpdateAndVectorization.testMerge3 (batchId=277)
org.apache.hadoop.hive.ql.TestTxnCommands2WithSplitUpdateAndVectorization.testMultiInsertStatement (batchId=277)
org.apache.hadoop.hive.ql.TestTxnCommands2WithSplitUpdateAndVectorization.testNoHistory (batchId=277)
org.apache.hadoop.hive.ql.TestTxnCommands2WithSplitUpdateAndVectorization.testNonAcidToAcidConversion1 (batchId=277)
org.apache.hadoop.hive.ql.TestTxnCommands2WithSplitUpdateAndVectorization.testNonAcidToAcidConversion2 (batchId=277)
org.apache.hadoop.hive.ql.TestTxnCommands2WithSplitUpdateAndVectorization.testNonAcidToAcidConversion3 (batchId=277)
org.apache.hadoop.hive.ql.TestTxnCommands2WithSplitUpdateAndVectorization.testOrcNoPPD (batchId=277)
org.apache.hadoop.hive.ql.TestTxnCommands2WithSplitUpdateAndVectorization.testOrcPPD (batchId=277)
org.apache.hadoop.hive.ql.TestTxnCommands2WithSplitUpdateAndVectorization.testUpdateMixedCase (batchId=277)
org.apache.hadoop.hive.ql.TestTxnCommands2WithSplitUpdateAndVectorization.updateDeletePartitioned (batchId=277)
org.apache.hadoop.hive.ql.TestTxnCommands2WithSplitUpdateAndVectorization.writeBetweenWorkerAndCleaner (batchId=277)
org.apache.hadoop.hive.ql.io.orc.TestVectorizedOrcAcidRowBatchReader.testVectorizedOrcAcidRowBatchReader (batchId=260)
org.apache.hive.hcatalog.api.TestHCatClient.testPartitionRegistrationWithCustomSchema (batchId=177)
org.apache.hive.hcatalog.api.TestHCatClient.testPartitionSpecRegistrationWithCustomSchema (batchId=177)
org.apache.hive.hcatalog.api.TestHCatClient.testTableSchemaPropagation (batchId=177)
org.apache.hive.jdbc.TestJdbcWithMiniHS2.testHttpRetryOnServerIdleTimeout (batchId=226)
&lt;/pre&gt;
&lt;/div&gt;&lt;/div&gt;

&lt;p&gt;Test results: &lt;a href=&quot;https://builds.apache.org/job/PreCommit-HIVE-Build/5980/testReport&quot; class=&quot;external-link&quot; target=&quot;_blank&quot; rel=&quot;nofollow noopener&quot;&gt;https://builds.apache.org/job/PreCommit-HIVE-Build/5980/testReport&lt;/a&gt;&lt;br/&gt;
Console output: &lt;a href=&quot;https://builds.apache.org/job/PreCommit-HIVE-Build/5980/console&quot; class=&quot;external-link&quot; target=&quot;_blank&quot; rel=&quot;nofollow noopener&quot;&gt;https://builds.apache.org/job/PreCommit-HIVE-Build/5980/console&lt;/a&gt;&lt;br/&gt;
Test logs: &lt;a href=&quot;http://104.198.109.242/logs/PreCommit-HIVE-Build-5980/&quot; class=&quot;external-link&quot; target=&quot;_blank&quot; rel=&quot;nofollow noopener&quot;&gt;http://104.198.109.242/logs/PreCommit-HIVE-Build-5980/&lt;/a&gt;&lt;/p&gt;

&lt;p&gt;Messages:&lt;/p&gt;
&lt;div class=&quot;preformatted panel&quot; style=&quot;border-width: 1px;&quot;&gt;&lt;div class=&quot;preformattedContent panelContent&quot;&gt;
&lt;pre&gt;Executing org.apache.hive.ptest.execution.TestCheckPhase
Executing org.apache.hive.ptest.execution.PrepPhase
Executing org.apache.hive.ptest.execution.ExecutionPhase
Executing org.apache.hive.ptest.execution.ReportingPhase
Tests exited with: TestsFailedException: 35 tests failed
&lt;/pre&gt;
&lt;/div&gt;&lt;/div&gt;

&lt;p&gt;This message is automatically generated.&lt;/p&gt;

&lt;p&gt;ATTACHMENT ID: 12876820 - PreCommit-HIVE-Build&lt;/p&gt;</comment>
                            <comment id="16084914" author="hiveqa" created="Wed, 12 Jul 2017 23:44:29 +0000"  >

&lt;p&gt;Here are the results of testing the latest attachment:&lt;br/&gt;
&lt;a href=&quot;https://issues.apache.org/jira/secure/attachment/12876915/HIVE-12631.17.patch&quot; class=&quot;external-link&quot; rel=&quot;nofollow&quot;&gt;https://issues.apache.org/jira/secure/attachment/12876915/HIVE-12631.17.patch&lt;/a&gt;&lt;/p&gt;

&lt;p&gt;&lt;font color=&quot;green&quot;&gt;SUCCESS:&lt;/font&gt; +1 due to 1 test(s) being added or modified.&lt;/p&gt;

&lt;p&gt;&lt;font color=&quot;red&quot;&gt;ERROR:&lt;/font&gt; -1 due to 17 failed/errored test(s), 10871 tests executed&lt;br/&gt;
&lt;b&gt;Failed tests:&lt;/b&gt;&lt;/p&gt;
&lt;div class=&quot;preformatted panel&quot; style=&quot;border-width: 1px;&quot;&gt;&lt;div class=&quot;preformattedContent panelContent&quot;&gt;
&lt;pre&gt;org.apache.hadoop.hive.cli.TestBeeLineDriver.testCliDriver[insert_overwrite_local_directory_1] (batchId=237)
org.apache.hadoop.hive.cli.TestCliDriver.testCliDriver[llap_acid_fast] (batchId=38)
org.apache.hadoop.hive.cli.TestCliDriver.testCliDriver[llap_reader] (batchId=7)
org.apache.hadoop.hive.cli.TestCliDriver.testCliDriver[llap_uncompressed] (batchId=56)
org.apache.hadoop.hive.cli.TestMiniLlapCliDriver.testCliDriver[llap_smb] (batchId=143)
org.apache.hadoop.hive.cli.TestMiniLlapCliDriver.testCliDriver[orc_llap_counters1] (batchId=140)
org.apache.hadoop.hive.cli.TestMiniLlapCliDriver.testCliDriver[orc_llap_counters] (batchId=143)
org.apache.hadoop.hive.cli.TestMiniLlapCliDriver.testCliDriver[orc_ppd_basic] (batchId=140)
org.apache.hadoop.hive.cli.TestMiniLlapCliDriver.testCliDriver[orc_ppd_schema_evol_3a] (batchId=141)
org.apache.hadoop.hive.cli.TestMiniLlapLocalCliDriver.testCliDriver[llap_acid_fast] (batchId=151)
org.apache.hadoop.hive.cli.TestMiniLlapLocalCliDriver.testCliDriver[vector_if_expr] (batchId=145)
org.apache.hadoop.hive.cli.TestPerfCliDriver.testCliDriver[query14] (batchId=232)
org.apache.hadoop.hive.cli.TestSparkNegativeCliDriver.org.apache.hadoop.hive.cli.TestSparkNegativeCliDriver (batchId=239)
org.apache.hive.hcatalog.api.TestHCatClient.testPartitionRegistrationWithCustomSchema (batchId=177)
org.apache.hive.hcatalog.api.TestHCatClient.testPartitionSpecRegistrationWithCustomSchema (batchId=177)
org.apache.hive.hcatalog.api.TestHCatClient.testTableSchemaPropagation (batchId=177)
org.apache.hive.jdbc.TestJdbcWithMiniHS2.testHttpRetryOnServerIdleTimeout (batchId=226)
&lt;/pre&gt;
&lt;/div&gt;&lt;/div&gt;

&lt;p&gt;Test results: &lt;a href=&quot;https://builds.apache.org/job/PreCommit-HIVE-Build/5990/testReport&quot; class=&quot;external-link&quot; target=&quot;_blank&quot; rel=&quot;nofollow noopener&quot;&gt;https://builds.apache.org/job/PreCommit-HIVE-Build/5990/testReport&lt;/a&gt;&lt;br/&gt;
Console output: &lt;a href=&quot;https://builds.apache.org/job/PreCommit-HIVE-Build/5990/console&quot; class=&quot;external-link&quot; target=&quot;_blank&quot; rel=&quot;nofollow noopener&quot;&gt;https://builds.apache.org/job/PreCommit-HIVE-Build/5990/console&lt;/a&gt;&lt;br/&gt;
Test logs: &lt;a href=&quot;http://104.198.109.242/logs/PreCommit-HIVE-Build-5990/&quot; class=&quot;external-link&quot; target=&quot;_blank&quot; rel=&quot;nofollow noopener&quot;&gt;http://104.198.109.242/logs/PreCommit-HIVE-Build-5990/&lt;/a&gt;&lt;/p&gt;

&lt;p&gt;Messages:&lt;/p&gt;
&lt;div class=&quot;preformatted panel&quot; style=&quot;border-width: 1px;&quot;&gt;&lt;div class=&quot;preformattedContent panelContent&quot;&gt;
&lt;pre&gt;Executing org.apache.hive.ptest.execution.TestCheckPhase
Executing org.apache.hive.ptest.execution.PrepPhase
Executing org.apache.hive.ptest.execution.ExecutionPhase
Executing org.apache.hive.ptest.execution.ReportingPhase
Tests exited with: TestsFailedException: 17 tests failed
&lt;/pre&gt;
&lt;/div&gt;&lt;/div&gt;

&lt;p&gt;This message is automatically generated.&lt;/p&gt;

&lt;p&gt;ATTACHMENT ID: 12876915 - PreCommit-HIVE-Build&lt;/p&gt;</comment>
                            <comment id="16085173" author="hiveqa" created="Thu, 13 Jul 2017 04:46:50 +0000"  >

&lt;p&gt;Here are the results of testing the latest attachment:&lt;br/&gt;
&lt;a href=&quot;https://issues.apache.org/jira/secure/attachment/12876993/HIVE-12631.18.patch&quot; class=&quot;external-link&quot; rel=&quot;nofollow&quot;&gt;https://issues.apache.org/jira/secure/attachment/12876993/HIVE-12631.18.patch&lt;/a&gt;&lt;/p&gt;

&lt;p&gt;&lt;font color=&quot;green&quot;&gt;SUCCESS:&lt;/font&gt; +1 due to 1 test(s) being added or modified.&lt;/p&gt;

&lt;p&gt;&lt;font color=&quot;red&quot;&gt;ERROR:&lt;/font&gt; -1 due to 11 failed/errored test(s), 10892 tests executed&lt;br/&gt;
&lt;b&gt;Failed tests:&lt;/b&gt;&lt;/p&gt;
&lt;div class=&quot;preformatted panel&quot; style=&quot;border-width: 1px;&quot;&gt;&lt;div class=&quot;preformattedContent panelContent&quot;&gt;
&lt;pre&gt;org.apache.hadoop.hive.cli.TestCliDriver.testCliDriver[llap_acid_fast] (batchId=38)
org.apache.hadoop.hive.cli.TestCliDriver.testCliDriver[ppd_windowing2] (batchId=10)
org.apache.hadoop.hive.cli.TestMiniLlapCliDriver.testCliDriver[llap_smb] (batchId=143)
org.apache.hadoop.hive.cli.TestMiniLlapCliDriver.testCliDriver[orc_llap_counters1] (batchId=140)
org.apache.hadoop.hive.cli.TestMiniLlapCliDriver.testCliDriver[orc_llap_counters] (batchId=143)
org.apache.hadoop.hive.cli.TestMiniLlapCliDriver.testCliDriver[orc_ppd_basic] (batchId=140)
org.apache.hadoop.hive.cli.TestMiniLlapCliDriver.testCliDriver[orc_ppd_schema_evol_3a] (batchId=141)
org.apache.hadoop.hive.cli.TestMiniLlapLocalCliDriver.testCliDriver[llap_acid_fast] (batchId=151)
org.apache.hive.hcatalog.api.TestHCatClient.testPartitionRegistrationWithCustomSchema (batchId=177)
org.apache.hive.hcatalog.api.TestHCatClient.testPartitionSpecRegistrationWithCustomSchema (batchId=177)
org.apache.hive.hcatalog.api.TestHCatClient.testTableSchemaPropagation (batchId=177)
&lt;/pre&gt;
&lt;/div&gt;&lt;/div&gt;

&lt;p&gt;Test results: &lt;a href=&quot;https://builds.apache.org/job/PreCommit-HIVE-Build/5997/testReport&quot; class=&quot;external-link&quot; target=&quot;_blank&quot; rel=&quot;nofollow noopener&quot;&gt;https://builds.apache.org/job/PreCommit-HIVE-Build/5997/testReport&lt;/a&gt;&lt;br/&gt;
Console output: &lt;a href=&quot;https://builds.apache.org/job/PreCommit-HIVE-Build/5997/console&quot; class=&quot;external-link&quot; target=&quot;_blank&quot; rel=&quot;nofollow noopener&quot;&gt;https://builds.apache.org/job/PreCommit-HIVE-Build/5997/console&lt;/a&gt;&lt;br/&gt;
Test logs: &lt;a href=&quot;http://104.198.109.242/logs/PreCommit-HIVE-Build-5997/&quot; class=&quot;external-link&quot; target=&quot;_blank&quot; rel=&quot;nofollow noopener&quot;&gt;http://104.198.109.242/logs/PreCommit-HIVE-Build-5997/&lt;/a&gt;&lt;/p&gt;

&lt;p&gt;Messages:&lt;/p&gt;
&lt;div class=&quot;preformatted panel&quot; style=&quot;border-width: 1px;&quot;&gt;&lt;div class=&quot;preformattedContent panelContent&quot;&gt;
&lt;pre&gt;Executing org.apache.hive.ptest.execution.TestCheckPhase
Executing org.apache.hive.ptest.execution.PrepPhase
Executing org.apache.hive.ptest.execution.ExecutionPhase
Executing org.apache.hive.ptest.execution.ReportingPhase
Tests exited with: TestsFailedException: 11 tests failed
&lt;/pre&gt;
&lt;/div&gt;&lt;/div&gt;

&lt;p&gt;This message is automatically generated.&lt;/p&gt;

&lt;p&gt;ATTACHMENT ID: 12876993 - PreCommit-HIVE-Build&lt;/p&gt;</comment>
                            <comment id="16085588" author="hiveqa" created="Thu, 13 Jul 2017 11:46:49 +0000"  >

&lt;p&gt;Here are the results of testing the latest attachment:&lt;br/&gt;
&lt;a href=&quot;https://issues.apache.org/jira/secure/attachment/12877048/HIVE-12631.19.patch&quot; class=&quot;external-link&quot; rel=&quot;nofollow&quot;&gt;https://issues.apache.org/jira/secure/attachment/12877048/HIVE-12631.19.patch&lt;/a&gt;&lt;/p&gt;

&lt;p&gt;&lt;font color=&quot;green&quot;&gt;SUCCESS:&lt;/font&gt; +1 due to 1 test(s) being added or modified.&lt;/p&gt;

&lt;p&gt;&lt;font color=&quot;red&quot;&gt;ERROR:&lt;/font&gt; -1 due to 9 failed/errored test(s), 10892 tests executed&lt;br/&gt;
&lt;b&gt;Failed tests:&lt;/b&gt;&lt;/p&gt;
&lt;div class=&quot;preformatted panel&quot; style=&quot;border-width: 1px;&quot;&gt;&lt;div class=&quot;preformattedContent panelContent&quot;&gt;
&lt;pre&gt;org.apache.hadoop.hive.cli.TestBlobstoreCliDriver.testCliDriver[insert_into_dynamic_partitions] (batchId=240)
org.apache.hadoop.hive.cli.TestCliDriver.testCliDriver[llap_acid_fast] (batchId=38)
org.apache.hadoop.hive.cli.TestMiniLlapCliDriver.testCliDriver[llap_smb] (batchId=143)
org.apache.hadoop.hive.cli.TestMiniLlapLocalCliDriver.testCliDriver[llap_acid_fast] (batchId=151)
org.apache.hadoop.hive.cli.TestMiniLlapLocalCliDriver.testCliDriver[vector_if_expr] (batchId=145)
org.apache.hadoop.hive.cli.TestPerfCliDriver.testCliDriver[query14] (batchId=232)
org.apache.hive.hcatalog.api.TestHCatClient.testPartitionRegistrationWithCustomSchema (batchId=177)
org.apache.hive.hcatalog.api.TestHCatClient.testPartitionSpecRegistrationWithCustomSchema (batchId=177)
org.apache.hive.hcatalog.api.TestHCatClient.testTableSchemaPropagation (batchId=177)
&lt;/pre&gt;
&lt;/div&gt;&lt;/div&gt;

&lt;p&gt;Test results: &lt;a href=&quot;https://builds.apache.org/job/PreCommit-HIVE-Build/6006/testReport&quot; class=&quot;external-link&quot; target=&quot;_blank&quot; rel=&quot;nofollow noopener&quot;&gt;https://builds.apache.org/job/PreCommit-HIVE-Build/6006/testReport&lt;/a&gt;&lt;br/&gt;
Console output: &lt;a href=&quot;https://builds.apache.org/job/PreCommit-HIVE-Build/6006/console&quot; class=&quot;external-link&quot; target=&quot;_blank&quot; rel=&quot;nofollow noopener&quot;&gt;https://builds.apache.org/job/PreCommit-HIVE-Build/6006/console&lt;/a&gt;&lt;br/&gt;
Test logs: &lt;a href=&quot;http://104.198.109.242/logs/PreCommit-HIVE-Build-6006/&quot; class=&quot;external-link&quot; target=&quot;_blank&quot; rel=&quot;nofollow noopener&quot;&gt;http://104.198.109.242/logs/PreCommit-HIVE-Build-6006/&lt;/a&gt;&lt;/p&gt;

&lt;p&gt;Messages:&lt;/p&gt;
&lt;div class=&quot;preformatted panel&quot; style=&quot;border-width: 1px;&quot;&gt;&lt;div class=&quot;preformattedContent panelContent&quot;&gt;
&lt;pre&gt;Executing org.apache.hive.ptest.execution.TestCheckPhase
Executing org.apache.hive.ptest.execution.PrepPhase
Executing org.apache.hive.ptest.execution.ExecutionPhase
Executing org.apache.hive.ptest.execution.ReportingPhase
Tests exited with: TestsFailedException: 9 tests failed
&lt;/pre&gt;
&lt;/div&gt;&lt;/div&gt;

&lt;p&gt;This message is automatically generated.&lt;/p&gt;

&lt;p&gt;ATTACHMENT ID: 12877048 - PreCommit-HIVE-Build&lt;/p&gt;</comment>
                            <comment id="16085892" author="hiveqa" created="Thu, 13 Jul 2017 15:44:12 +0000"  >

&lt;p&gt;Here are the results of testing the latest attachment:&lt;br/&gt;
&lt;a href=&quot;https://issues.apache.org/jira/secure/attachment/12877069/HIVE-12631.20.patch&quot; class=&quot;external-link&quot; rel=&quot;nofollow&quot;&gt;https://issues.apache.org/jira/secure/attachment/12877069/HIVE-12631.20.patch&lt;/a&gt;&lt;/p&gt;

&lt;p&gt;&lt;font color=&quot;green&quot;&gt;SUCCESS:&lt;/font&gt; +1 due to 1 test(s) being added or modified.&lt;/p&gt;

&lt;p&gt;&lt;font color=&quot;red&quot;&gt;ERROR:&lt;/font&gt; -1 due to 10 failed/errored test(s), 10892 tests executed&lt;br/&gt;
&lt;b&gt;Failed tests:&lt;/b&gt;&lt;/p&gt;
&lt;div class=&quot;preformatted panel&quot; style=&quot;border-width: 1px;&quot;&gt;&lt;div class=&quot;preformattedContent panelContent&quot;&gt;
&lt;pre&gt;org.apache.hadoop.hive.cli.TestCliDriver.testCliDriver[llap_acid_fast] (batchId=38)
org.apache.hadoop.hive.cli.TestMiniLlapCliDriver.testCliDriver[llap_smb] (batchId=143)
org.apache.hadoop.hive.cli.TestMiniLlapLocalCliDriver.testCliDriver[llap_acid_fast] (batchId=151)
org.apache.hadoop.hive.cli.TestMiniLlapLocalCliDriver.testCliDriver[vector_if_expr] (batchId=145)
org.apache.hadoop.hive.cli.TestMiniSparkOnYarnCliDriver.testCliDriver[vector_outer_join3] (batchId=167)
org.apache.hadoop.hive.cli.TestPerfCliDriver.testCliDriver[query14] (batchId=232)
org.apache.hive.hcatalog.api.TestHCatClient.testPartitionRegistrationWithCustomSchema (batchId=177)
org.apache.hive.hcatalog.api.TestHCatClient.testPartitionSpecRegistrationWithCustomSchema (batchId=177)
org.apache.hive.hcatalog.api.TestHCatClient.testTableSchemaPropagation (batchId=177)
org.apache.hive.minikdc.TestSSLWithMiniKdc.testConnection (batchId=238)
&lt;/pre&gt;
&lt;/div&gt;&lt;/div&gt;

&lt;p&gt;Test results: &lt;a href=&quot;https://builds.apache.org/job/PreCommit-HIVE-Build/6009/testReport&quot; class=&quot;external-link&quot; target=&quot;_blank&quot; rel=&quot;nofollow noopener&quot;&gt;https://builds.apache.org/job/PreCommit-HIVE-Build/6009/testReport&lt;/a&gt;&lt;br/&gt;
Console output: &lt;a href=&quot;https://builds.apache.org/job/PreCommit-HIVE-Build/6009/console&quot; class=&quot;external-link&quot; target=&quot;_blank&quot; rel=&quot;nofollow noopener&quot;&gt;https://builds.apache.org/job/PreCommit-HIVE-Build/6009/console&lt;/a&gt;&lt;br/&gt;
Test logs: &lt;a href=&quot;http://104.198.109.242/logs/PreCommit-HIVE-Build-6009/&quot; class=&quot;external-link&quot; target=&quot;_blank&quot; rel=&quot;nofollow noopener&quot;&gt;http://104.198.109.242/logs/PreCommit-HIVE-Build-6009/&lt;/a&gt;&lt;/p&gt;

&lt;p&gt;Messages:&lt;/p&gt;
&lt;div class=&quot;preformatted panel&quot; style=&quot;border-width: 1px;&quot;&gt;&lt;div class=&quot;preformattedContent panelContent&quot;&gt;
&lt;pre&gt;Executing org.apache.hive.ptest.execution.TestCheckPhase
Executing org.apache.hive.ptest.execution.PrepPhase
Executing org.apache.hive.ptest.execution.ExecutionPhase
Executing org.apache.hive.ptest.execution.ReportingPhase
Tests exited with: TestsFailedException: 10 tests failed
&lt;/pre&gt;
&lt;/div&gt;&lt;/div&gt;

&lt;p&gt;This message is automatically generated.&lt;/p&gt;

&lt;p&gt;ATTACHMENT ID: 12877069 - PreCommit-HIVE-Build&lt;/p&gt;</comment>
                            <comment id="16086392" author="hiveqa" created="Thu, 13 Jul 2017 20:55:54 +0000"  >

&lt;p&gt;Here are the results of testing the latest attachment:&lt;br/&gt;
&lt;a href=&quot;https://issues.apache.org/jira/secure/attachment/12877122/HIVE-12631.21.patch&quot; class=&quot;external-link&quot; rel=&quot;nofollow&quot;&gt;https://issues.apache.org/jira/secure/attachment/12877122/HIVE-12631.21.patch&lt;/a&gt;&lt;/p&gt;

&lt;p&gt;&lt;font color=&quot;green&quot;&gt;SUCCESS:&lt;/font&gt; +1 due to 1 test(s) being added or modified.&lt;/p&gt;

&lt;p&gt;&lt;font color=&quot;red&quot;&gt;ERROR:&lt;/font&gt; -1 due to 9 failed/errored test(s), 10894 tests executed&lt;br/&gt;
&lt;b&gt;Failed tests:&lt;/b&gt;&lt;/p&gt;
&lt;div class=&quot;preformatted panel&quot; style=&quot;border-width: 1px;&quot;&gt;&lt;div class=&quot;preformattedContent panelContent&quot;&gt;
&lt;pre&gt;org.apache.hadoop.hive.cli.TestBeeLineDriver.testCliDriver[insert_overwrite_local_directory_1] (batchId=237)
org.apache.hadoop.hive.cli.TestCliDriver.testCliDriver[llap_acid_fast] (batchId=38)
org.apache.hadoop.hive.cli.TestMiniLlapCliDriver.testCliDriver[llap_smb] (batchId=143)
org.apache.hadoop.hive.cli.TestMiniLlapLocalCliDriver.testCliDriver[llap_acid_fast] (batchId=151)
org.apache.hadoop.hive.cli.TestPerfCliDriver.testCliDriver[query14] (batchId=232)
org.apache.hadoop.hive.llap.security.TestLlapSignerImpl.testSigning (batchId=289)
org.apache.hive.hcatalog.api.TestHCatClient.testPartitionRegistrationWithCustomSchema (batchId=177)
org.apache.hive.hcatalog.api.TestHCatClient.testPartitionSpecRegistrationWithCustomSchema (batchId=177)
org.apache.hive.hcatalog.api.TestHCatClient.testTableSchemaPropagation (batchId=177)
&lt;/pre&gt;
&lt;/div&gt;&lt;/div&gt;

&lt;p&gt;Test results: &lt;a href=&quot;https://builds.apache.org/job/PreCommit-HIVE-Build/6014/testReport&quot; class=&quot;external-link&quot; target=&quot;_blank&quot; rel=&quot;nofollow noopener&quot;&gt;https://builds.apache.org/job/PreCommit-HIVE-Build/6014/testReport&lt;/a&gt;&lt;br/&gt;
Console output: &lt;a href=&quot;https://builds.apache.org/job/PreCommit-HIVE-Build/6014/console&quot; class=&quot;external-link&quot; target=&quot;_blank&quot; rel=&quot;nofollow noopener&quot;&gt;https://builds.apache.org/job/PreCommit-HIVE-Build/6014/console&lt;/a&gt;&lt;br/&gt;
Test logs: &lt;a href=&quot;http://104.198.109.242/logs/PreCommit-HIVE-Build-6014/&quot; class=&quot;external-link&quot; target=&quot;_blank&quot; rel=&quot;nofollow noopener&quot;&gt;http://104.198.109.242/logs/PreCommit-HIVE-Build-6014/&lt;/a&gt;&lt;/p&gt;

&lt;p&gt;Messages:&lt;/p&gt;
&lt;div class=&quot;preformatted panel&quot; style=&quot;border-width: 1px;&quot;&gt;&lt;div class=&quot;preformattedContent panelContent&quot;&gt;
&lt;pre&gt;Executing org.apache.hive.ptest.execution.TestCheckPhase
Executing org.apache.hive.ptest.execution.PrepPhase
Executing org.apache.hive.ptest.execution.ExecutionPhase
Executing org.apache.hive.ptest.execution.ReportingPhase
Tests exited with: TestsFailedException: 9 tests failed
&lt;/pre&gt;
&lt;/div&gt;&lt;/div&gt;

&lt;p&gt;This message is automatically generated.&lt;/p&gt;

&lt;p&gt;ATTACHMENT ID: 12877122 - PreCommit-HIVE-Build&lt;/p&gt;</comment>
                            <comment id="16087209" author="hiveqa" created="Fri, 14 Jul 2017 11:44:06 +0000"  >

&lt;p&gt;Here are the results of testing the latest attachment:&lt;br/&gt;
&lt;a href=&quot;https://issues.apache.org/jira/secure/attachment/12877215/HIVE-12631.22.patch&quot; class=&quot;external-link&quot; rel=&quot;nofollow&quot;&gt;https://issues.apache.org/jira/secure/attachment/12877215/HIVE-12631.22.patch&lt;/a&gt;&lt;/p&gt;

&lt;p&gt;&lt;font color=&quot;green&quot;&gt;SUCCESS:&lt;/font&gt; +1 due to 1 test(s) being added or modified.&lt;/p&gt;

&lt;p&gt;&lt;font color=&quot;red&quot;&gt;ERROR:&lt;/font&gt; -1 due to 8 failed/errored test(s), 10894 tests executed&lt;br/&gt;
&lt;b&gt;Failed tests:&lt;/b&gt;&lt;/p&gt;
&lt;div class=&quot;preformatted panel&quot; style=&quot;border-width: 1px;&quot;&gt;&lt;div class=&quot;preformattedContent panelContent&quot;&gt;
&lt;pre&gt;org.apache.hadoop.hive.cli.TestMiniLlapCliDriver.testCliDriver[llap_smb] (batchId=143)
org.apache.hadoop.hive.cli.TestMiniLlapLocalCliDriver.testCliDriver[llap_acid_fast] (batchId=151)
org.apache.hadoop.hive.cli.TestMiniTezCliDriver.testCliDriver[explainanalyze_2] (batchId=99)
org.apache.hadoop.hive.cli.TestPerfCliDriver.testCliDriver[query23] (batchId=232)
org.apache.hive.hcatalog.api.TestHCatClient.testPartitionRegistrationWithCustomSchema (batchId=177)
org.apache.hive.hcatalog.api.TestHCatClient.testPartitionSpecRegistrationWithCustomSchema (batchId=177)
org.apache.hive.hcatalog.api.TestHCatClient.testTableSchemaPropagation (batchId=177)
org.apache.hive.hcatalog.pig.TestTextFileHCatStorer.testWriteTimestamp (batchId=180)
&lt;/pre&gt;
&lt;/div&gt;&lt;/div&gt;

&lt;p&gt;Test results: &lt;a href=&quot;https://builds.apache.org/job/PreCommit-HIVE-Build/6031/testReport&quot; class=&quot;external-link&quot; target=&quot;_blank&quot; rel=&quot;nofollow noopener&quot;&gt;https://builds.apache.org/job/PreCommit-HIVE-Build/6031/testReport&lt;/a&gt;&lt;br/&gt;
Console output: &lt;a href=&quot;https://builds.apache.org/job/PreCommit-HIVE-Build/6031/console&quot; class=&quot;external-link&quot; target=&quot;_blank&quot; rel=&quot;nofollow noopener&quot;&gt;https://builds.apache.org/job/PreCommit-HIVE-Build/6031/console&lt;/a&gt;&lt;br/&gt;
Test logs: &lt;a href=&quot;http://104.198.109.242/logs/PreCommit-HIVE-Build-6031/&quot; class=&quot;external-link&quot; target=&quot;_blank&quot; rel=&quot;nofollow noopener&quot;&gt;http://104.198.109.242/logs/PreCommit-HIVE-Build-6031/&lt;/a&gt;&lt;/p&gt;

&lt;p&gt;Messages:&lt;/p&gt;
&lt;div class=&quot;preformatted panel&quot; style=&quot;border-width: 1px;&quot;&gt;&lt;div class=&quot;preformattedContent panelContent&quot;&gt;
&lt;pre&gt;Executing org.apache.hive.ptest.execution.TestCheckPhase
Executing org.apache.hive.ptest.execution.PrepPhase
Executing org.apache.hive.ptest.execution.ExecutionPhase
Executing org.apache.hive.ptest.execution.ReportingPhase
Tests exited with: TestsFailedException: 8 tests failed
&lt;/pre&gt;
&lt;/div&gt;&lt;/div&gt;

&lt;p&gt;This message is automatically generated.&lt;/p&gt;

&lt;p&gt;ATTACHMENT ID: 12877215 - PreCommit-HIVE-Build&lt;/p&gt;</comment>
                            <comment id="16088551" author="hiveqa" created="Sat, 15 Jul 2017 11:22:51 +0000"  >

&lt;p&gt;Here are the results of testing the latest attachment:&lt;br/&gt;
&lt;a href=&quot;https://issues.apache.org/jira/secure/attachment/12877443/HIVE-12631.23.patch&quot; class=&quot;external-link&quot; rel=&quot;nofollow&quot;&gt;https://issues.apache.org/jira/secure/attachment/12877443/HIVE-12631.23.patch&lt;/a&gt;&lt;/p&gt;

&lt;p&gt;&lt;font color=&quot;green&quot;&gt;SUCCESS:&lt;/font&gt; +1 due to 1 test(s) being added or modified.&lt;/p&gt;

&lt;p&gt;&lt;font color=&quot;red&quot;&gt;ERROR:&lt;/font&gt; -1 due to 15 failed/errored test(s), 11055 tests executed&lt;br/&gt;
&lt;b&gt;Failed tests:&lt;/b&gt;&lt;/p&gt;
&lt;div class=&quot;preformatted panel&quot; style=&quot;border-width: 1px;&quot;&gt;&lt;div class=&quot;preformattedContent panelContent&quot;&gt;
&lt;pre&gt;org.apache.hadoop.hive.cli.TestBeeLineDriver.testCliDriver[insert_overwrite_local_directory_1] (batchId=238)
org.apache.hadoop.hive.cli.TestMiniLlapCliDriver.testCliDriver[llap_smb] (batchId=143)
org.apache.hadoop.hive.cli.TestMiniSparkOnYarnCliDriver.testCliDriver[spark_dynamic_partition_pruning] (batchId=167)
org.apache.hadoop.hive.cli.TestMiniSparkOnYarnCliDriver.testCliDriver[spark_dynamic_partition_pruning_2] (batchId=169)
org.apache.hadoop.hive.cli.TestMiniSparkOnYarnCliDriver.testCliDriver[spark_explainuser_1] (batchId=168)
org.apache.hadoop.hive.cli.TestMiniSparkOnYarnCliDriver.testCliDriver[spark_use_op_stats] (batchId=167)
org.apache.hadoop.hive.cli.TestMiniSparkOnYarnCliDriver.testCliDriver[spark_use_ts_stats_for_mapjoin] (batchId=168)
org.apache.hadoop.hive.cli.TestMiniSparkOnYarnCliDriver.testCliDriver[spark_vectorized_dynamic_partition_pruning] (batchId=167)
org.apache.hadoop.hive.cli.TestMiniTezCliDriver.testCliDriver[explainanalyze_2] (batchId=99)
org.apache.hadoop.hive.cli.TestPerfCliDriver.testCliDriver[query14] (batchId=233)
org.apache.hadoop.hive.cli.TestPerfCliDriver.testCliDriver[query23] (batchId=233)
org.apache.hadoop.hive.cli.TestSparkCliDriver.org.apache.hadoop.hive.cli.TestSparkCliDriver (batchId=108)
org.apache.hive.hcatalog.api.TestHCatClient.testPartitionRegistrationWithCustomSchema (batchId=178)
org.apache.hive.hcatalog.api.TestHCatClient.testPartitionSpecRegistrationWithCustomSchema (batchId=178)
org.apache.hive.hcatalog.api.TestHCatClient.testTableSchemaPropagation (batchId=178)
&lt;/pre&gt;
&lt;/div&gt;&lt;/div&gt;

&lt;p&gt;Test results: &lt;a href=&quot;https://builds.apache.org/job/PreCommit-HIVE-Build/6049/testReport&quot; class=&quot;external-link&quot; target=&quot;_blank&quot; rel=&quot;nofollow noopener&quot;&gt;https://builds.apache.org/job/PreCommit-HIVE-Build/6049/testReport&lt;/a&gt;&lt;br/&gt;
Console output: &lt;a href=&quot;https://builds.apache.org/job/PreCommit-HIVE-Build/6049/console&quot; class=&quot;external-link&quot; target=&quot;_blank&quot; rel=&quot;nofollow noopener&quot;&gt;https://builds.apache.org/job/PreCommit-HIVE-Build/6049/console&lt;/a&gt;&lt;br/&gt;
Test logs: &lt;a href=&quot;http://104.198.109.242/logs/PreCommit-HIVE-Build-6049/&quot; class=&quot;external-link&quot; target=&quot;_blank&quot; rel=&quot;nofollow noopener&quot;&gt;http://104.198.109.242/logs/PreCommit-HIVE-Build-6049/&lt;/a&gt;&lt;/p&gt;

&lt;p&gt;Messages:&lt;/p&gt;
&lt;div class=&quot;preformatted panel&quot; style=&quot;border-width: 1px;&quot;&gt;&lt;div class=&quot;preformattedContent panelContent&quot;&gt;
&lt;pre&gt;Executing org.apache.hive.ptest.execution.TestCheckPhase
Executing org.apache.hive.ptest.execution.PrepPhase
Executing org.apache.hive.ptest.execution.ExecutionPhase
Executing org.apache.hive.ptest.execution.ReportingPhase
Tests exited with: TestsFailedException: 15 tests failed
&lt;/pre&gt;
&lt;/div&gt;&lt;/div&gt;

&lt;p&gt;This message is automatically generated.&lt;/p&gt;

&lt;p&gt;ATTACHMENT ID: 12877443 - PreCommit-HIVE-Build&lt;/p&gt;</comment>
                            <comment id="16088596" author="teddy.choi" created="Sat, 15 Jul 2017 13:32:03 +0000"  >&lt;p&gt;It looks like there&apos;s no failing test that is caused by this issue anymore.&lt;/p&gt;</comment>
                            <comment id="16099349" author="sershe" created="Tue, 25 Jul 2017 01:05:26 +0000"  >&lt;p&gt;Left some feedback on the new implementation. Looks like &lt;a href=&quot;https://issues.apache.org/jira/secure/ViewProfile.jspa?name=ekoifman&quot; class=&quot;user-hover&quot; rel=&quot;ekoifman&quot;&gt;ekoifman&lt;/a&gt; supports this approach.&lt;/p&gt;</comment>
                            <comment id="16103321" author="hiveqa" created="Thu, 27 Jul 2017 15:09:40 +0000"  >

&lt;p&gt;Here are the results of testing the latest attachment:&lt;br/&gt;
&lt;a href=&quot;https://issues.apache.org/jira/secure/attachment/12879134/HIVE-12631.24.patch&quot; class=&quot;external-link&quot; rel=&quot;nofollow&quot;&gt;https://issues.apache.org/jira/secure/attachment/12879134/HIVE-12631.24.patch&lt;/a&gt;&lt;/p&gt;

&lt;p&gt;&lt;font color=&quot;green&quot;&gt;SUCCESS:&lt;/font&gt; +1 due to 1 test(s) being added or modified.&lt;/p&gt;

&lt;p&gt;&lt;font color=&quot;red&quot;&gt;ERROR:&lt;/font&gt; -1 due to 15 failed/errored test(s), 11015 tests executed&lt;br/&gt;
&lt;b&gt;Failed tests:&lt;/b&gt;&lt;/p&gt;
&lt;div class=&quot;preformatted panel&quot; style=&quot;border-width: 1px;&quot;&gt;&lt;div class=&quot;preformattedContent panelContent&quot;&gt;
&lt;pre&gt;TestPerfCliDriver - did not produce a TEST-*.xml file (likely timed out) (batchId=235)
org.apache.hadoop.hive.cli.TestMiniLlapCliDriver.testCliDriver[llap_smb] (batchId=144)
org.apache.hadoop.hive.cli.TestMiniSparkOnYarnCliDriver.testCliDriver[spark_dynamic_partition_pruning] (batchId=168)
org.apache.hadoop.hive.cli.TestMiniSparkOnYarnCliDriver.testCliDriver[spark_vectorized_dynamic_partition_pruning] (batchId=168)
org.apache.hadoop.hive.cli.TestMiniTezCliDriver.testCliDriver[explainuser_3] (batchId=99)
org.apache.hadoop.hive.metastore.TestHiveMetaStoreStatsMerge.testStatsMerge (batchId=206)
org.apache.hadoop.hive.ql.TestTxnCommands2WithSplitUpdateAndVectorization.testDynamicPartitionsMerge (batchId=280)
org.apache.hadoop.hive.ql.TestTxnCommands2WithSplitUpdateAndVectorization.testDynamicPartitionsMerge2 (batchId=280)
org.apache.hadoop.hive.ql.TestTxnCommands2WithSplitUpdateAndVectorization.testMultiInsert (batchId=280)
org.apache.hadoop.hive.ql.TestTxnCommands2WithSplitUpdateAndVectorization.testUpdateMixedCase (batchId=280)
org.apache.hadoop.hive.ql.TestTxnCommands2WithSplitUpdateAndVectorization.updateDeletePartitioned (batchId=280)
org.apache.hadoop.hive.ql.io.orc.TestVectorizedOrcAcidRowBatchReader.testVectorizedOrcAcidRowBatchReader (batchId=263)
org.apache.hive.hcatalog.api.TestHCatClient.testPartitionRegistrationWithCustomSchema (batchId=179)
org.apache.hive.hcatalog.api.TestHCatClient.testPartitionSpecRegistrationWithCustomSchema (batchId=179)
org.apache.hive.hcatalog.api.TestHCatClient.testTableSchemaPropagation (batchId=179)
&lt;/pre&gt;
&lt;/div&gt;&lt;/div&gt;

&lt;p&gt;Test results: &lt;a href=&quot;https://builds.apache.org/job/PreCommit-HIVE-Build/6151/testReport&quot; class=&quot;external-link&quot; target=&quot;_blank&quot; rel=&quot;nofollow noopener&quot;&gt;https://builds.apache.org/job/PreCommit-HIVE-Build/6151/testReport&lt;/a&gt;&lt;br/&gt;
Console output: &lt;a href=&quot;https://builds.apache.org/job/PreCommit-HIVE-Build/6151/console&quot; class=&quot;external-link&quot; target=&quot;_blank&quot; rel=&quot;nofollow noopener&quot;&gt;https://builds.apache.org/job/PreCommit-HIVE-Build/6151/console&lt;/a&gt;&lt;br/&gt;
Test logs: &lt;a href=&quot;http://104.198.109.242/logs/PreCommit-HIVE-Build-6151/&quot; class=&quot;external-link&quot; target=&quot;_blank&quot; rel=&quot;nofollow noopener&quot;&gt;http://104.198.109.242/logs/PreCommit-HIVE-Build-6151/&lt;/a&gt;&lt;/p&gt;

&lt;p&gt;Messages:&lt;/p&gt;
&lt;div class=&quot;preformatted panel&quot; style=&quot;border-width: 1px;&quot;&gt;&lt;div class=&quot;preformattedContent panelContent&quot;&gt;
&lt;pre&gt;Executing org.apache.hive.ptest.execution.TestCheckPhase
Executing org.apache.hive.ptest.execution.PrepPhase
Executing org.apache.hive.ptest.execution.ExecutionPhase
Executing org.apache.hive.ptest.execution.ReportingPhase
Tests exited with: TestsFailedException: 15 tests failed
&lt;/pre&gt;
&lt;/div&gt;&lt;/div&gt;

&lt;p&gt;This message is automatically generated.&lt;/p&gt;

&lt;p&gt;ATTACHMENT ID: 12879134 - PreCommit-HIVE-Build&lt;/p&gt;</comment>
                            <comment id="16104834" author="teddy.choi" created="Fri, 28 Jul 2017 11:35:28 +0000"  >&lt;p&gt;Fixed a NullPointerException bug and null partition values bugs.&lt;/p&gt;</comment>
                            <comment id="16106018" author="hiveqa" created="Sat, 29 Jul 2017 04:09:05 +0000"  >

&lt;p&gt;Here are the results of testing the latest attachment:&lt;br/&gt;
&lt;a href=&quot;https://issues.apache.org/jira/secure/attachment/12879340/HIVE-12631.25.patch&quot; class=&quot;external-link&quot; rel=&quot;nofollow&quot;&gt;https://issues.apache.org/jira/secure/attachment/12879340/HIVE-12631.25.patch&lt;/a&gt;&lt;/p&gt;

&lt;p&gt;&lt;font color=&quot;green&quot;&gt;SUCCESS:&lt;/font&gt; +1 due to 1 test(s) being added or modified.&lt;/p&gt;

&lt;p&gt;&lt;font color=&quot;red&quot;&gt;ERROR:&lt;/font&gt; -1 due to 11 failed/errored test(s), 11020 tests executed&lt;br/&gt;
&lt;b&gt;Failed tests:&lt;/b&gt;&lt;/p&gt;
&lt;div class=&quot;preformatted panel&quot; style=&quot;border-width: 1px;&quot;&gt;&lt;div class=&quot;preformattedContent panelContent&quot;&gt;
&lt;pre&gt;TestPerfCliDriver - did not produce a TEST-*.xml file (likely timed out) (batchId=235)
org.apache.hadoop.hive.cli.TestCliDriver.testCliDriver[llap_acid_fast] (batchId=38)
org.apache.hadoop.hive.cli.TestHBaseCliDriver.testCliDriver[external_table_ppd] (batchId=93)
org.apache.hadoop.hive.cli.TestMiniLlapCliDriver.testCliDriver[acid_bucket_pruning] (batchId=140)
org.apache.hadoop.hive.cli.TestMiniLlapLocalCliDriver.testCliDriver[columnstats_part_coltype] (batchId=158)
org.apache.hadoop.hive.cli.TestMiniLlapLocalCliDriver.testCliDriver[llap_acid_fast] (batchId=152)
org.apache.hadoop.hive.cli.TestMiniSparkOnYarnCliDriver.testCliDriver[spark_vectorized_dynamic_partition_pruning] (batchId=168)
org.apache.hadoop.hive.metastore.TestHiveMetaStoreStatsMerge.testStatsMerge (batchId=206)
org.apache.hive.hcatalog.api.TestHCatClient.testPartitionRegistrationWithCustomSchema (batchId=179)
org.apache.hive.hcatalog.api.TestHCatClient.testPartitionSpecRegistrationWithCustomSchema (batchId=179)
org.apache.hive.hcatalog.api.TestHCatClient.testTableSchemaPropagation (batchId=179)
&lt;/pre&gt;
&lt;/div&gt;&lt;/div&gt;

&lt;p&gt;Test results: &lt;a href=&quot;https://builds.apache.org/job/PreCommit-HIVE-Build/6180/testReport&quot; class=&quot;external-link&quot; target=&quot;_blank&quot; rel=&quot;nofollow noopener&quot;&gt;https://builds.apache.org/job/PreCommit-HIVE-Build/6180/testReport&lt;/a&gt;&lt;br/&gt;
Console output: &lt;a href=&quot;https://builds.apache.org/job/PreCommit-HIVE-Build/6180/console&quot; class=&quot;external-link&quot; target=&quot;_blank&quot; rel=&quot;nofollow noopener&quot;&gt;https://builds.apache.org/job/PreCommit-HIVE-Build/6180/console&lt;/a&gt;&lt;br/&gt;
Test logs: &lt;a href=&quot;http://104.198.109.242/logs/PreCommit-HIVE-Build-6180/&quot; class=&quot;external-link&quot; target=&quot;_blank&quot; rel=&quot;nofollow noopener&quot;&gt;http://104.198.109.242/logs/PreCommit-HIVE-Build-6180/&lt;/a&gt;&lt;/p&gt;

&lt;p&gt;Messages:&lt;/p&gt;
&lt;div class=&quot;preformatted panel&quot; style=&quot;border-width: 1px;&quot;&gt;&lt;div class=&quot;preformattedContent panelContent&quot;&gt;
&lt;pre&gt;Executing org.apache.hive.ptest.execution.TestCheckPhase
Executing org.apache.hive.ptest.execution.PrepPhase
Executing org.apache.hive.ptest.execution.ExecutionPhase
Executing org.apache.hive.ptest.execution.ReportingPhase
Tests exited with: TestsFailedException: 11 tests failed
&lt;/pre&gt;
&lt;/div&gt;&lt;/div&gt;

&lt;p&gt;This message is automatically generated.&lt;/p&gt;

&lt;p&gt;ATTACHMENT ID: 12879340 - PreCommit-HIVE-Build&lt;/p&gt;</comment>
                            <comment id="16110393" author="hiveqa" created="Wed, 2 Aug 2017 06:30:32 +0000"  >

&lt;p&gt;Here are the results of testing the latest attachment:&lt;br/&gt;
&lt;a href=&quot;https://issues.apache.org/jira/secure/attachment/12879957/HIVE-12631.26.patch&quot; class=&quot;external-link&quot; rel=&quot;nofollow&quot;&gt;https://issues.apache.org/jira/secure/attachment/12879957/HIVE-12631.26.patch&lt;/a&gt;&lt;/p&gt;

&lt;p&gt;&lt;font color=&quot;green&quot;&gt;SUCCESS:&lt;/font&gt; +1 due to 1 test(s) being added or modified.&lt;/p&gt;

&lt;p&gt;&lt;font color=&quot;red&quot;&gt;ERROR:&lt;/font&gt; -1 due to 8 failed/errored test(s), 11043 tests executed&lt;br/&gt;
&lt;b&gt;Failed tests:&lt;/b&gt;&lt;/p&gt;
&lt;div class=&quot;preformatted panel&quot; style=&quot;border-width: 1px;&quot;&gt;&lt;div class=&quot;preformattedContent panelContent&quot;&gt;
&lt;pre&gt;TestPerfCliDriver - did not produce a TEST-*.xml file (likely timed out) (batchId=236)
org.apache.hadoop.hive.cli.TestBeeLineDriver.testCliDriver[create_merge_compressed] (batchId=241)
org.apache.hadoop.hive.cli.TestMiniLlapLocalCliDriver.testCliDriver[columnstats_part_coltype] (batchId=158)
org.apache.hadoop.hive.cli.TestMiniSparkOnYarnCliDriver.testCliDriver[spark_vectorized_dynamic_partition_pruning] (batchId=168)
org.apache.hadoop.hive.cli.TestMiniTezCliDriver.testCliDriver[explainuser_3] (batchId=99)
org.apache.hive.hcatalog.api.TestHCatClient.testPartitionRegistrationWithCustomSchema (batchId=179)
org.apache.hive.hcatalog.api.TestHCatClient.testPartitionSpecRegistrationWithCustomSchema (batchId=179)
org.apache.hive.hcatalog.api.TestHCatClient.testTableSchemaPropagation (batchId=179)
&lt;/pre&gt;
&lt;/div&gt;&lt;/div&gt;

&lt;p&gt;Test results: &lt;a href=&quot;https://builds.apache.org/job/PreCommit-HIVE-Build/6225/testReport&quot; class=&quot;external-link&quot; target=&quot;_blank&quot; rel=&quot;nofollow noopener&quot;&gt;https://builds.apache.org/job/PreCommit-HIVE-Build/6225/testReport&lt;/a&gt;&lt;br/&gt;
Console output: &lt;a href=&quot;https://builds.apache.org/job/PreCommit-HIVE-Build/6225/console&quot; class=&quot;external-link&quot; target=&quot;_blank&quot; rel=&quot;nofollow noopener&quot;&gt;https://builds.apache.org/job/PreCommit-HIVE-Build/6225/console&lt;/a&gt;&lt;br/&gt;
Test logs: &lt;a href=&quot;http://104.198.109.242/logs/PreCommit-HIVE-Build-6225/&quot; class=&quot;external-link&quot; target=&quot;_blank&quot; rel=&quot;nofollow noopener&quot;&gt;http://104.198.109.242/logs/PreCommit-HIVE-Build-6225/&lt;/a&gt;&lt;/p&gt;

&lt;p&gt;Messages:&lt;/p&gt;
&lt;div class=&quot;preformatted panel&quot; style=&quot;border-width: 1px;&quot;&gt;&lt;div class=&quot;preformattedContent panelContent&quot;&gt;
&lt;pre&gt;Executing org.apache.hive.ptest.execution.TestCheckPhase
Executing org.apache.hive.ptest.execution.PrepPhase
Executing org.apache.hive.ptest.execution.ExecutionPhase
Executing org.apache.hive.ptest.execution.ReportingPhase
Tests exited with: TestsFailedException: 8 tests failed
&lt;/pre&gt;
&lt;/div&gt;&lt;/div&gt;

&lt;p&gt;This message is automatically generated.&lt;/p&gt;

&lt;p&gt;ATTACHMENT ID: 12879957 - PreCommit-HIVE-Build&lt;/p&gt;</comment>
                            <comment id="16123901" author="sershe" created="Fri, 11 Aug 2017 19:30:34 +0000"  >&lt;p&gt;Sorry, a couple more comments on RB.&lt;/p&gt;</comment>
                            <comment id="16142033" author="sershe" created="Fri, 25 Aug 2017 18:57:29 +0000"  >&lt;p&gt;Any update here?&lt;/p&gt;</comment>
                            <comment id="16156135" author="sershe" created="Wed, 6 Sep 2017 22:33:50 +0000"  >&lt;p&gt;Updated the patch. Not sure why the config was set in UpdateDeleteSemanticAnalyzer so I commented that out for now. I looked a bit at the CVB-VRB-CVB-VRB conversion, given that handling a selected vector after ACID reader requires copying stuff, it doesn&apos;t seem ideal. Can be handled in a followup. Either a selected vector can be added to CVB and the ACID merger thing made operate on both (the code is common between the two), or LLAPRecordReader can be enabled to accept VRBs directly.&lt;/p&gt;</comment>
                            <comment id="16156605" author="hiveqa" created="Thu, 7 Sep 2017 07:21:36 +0000"  >

&lt;p&gt;Here are the results of testing the latest attachment:&lt;br/&gt;
&lt;a href=&quot;https://issues.apache.org/jira/secure/attachment/12885690/HIVE-12631.27.patch&quot; class=&quot;external-link&quot; rel=&quot;nofollow&quot;&gt;https://issues.apache.org/jira/secure/attachment/12885690/HIVE-12631.27.patch&lt;/a&gt;&lt;/p&gt;

&lt;p&gt;&lt;font color=&quot;green&quot;&gt;SUCCESS:&lt;/font&gt; +1 due to 1 test(s) being added or modified.&lt;/p&gt;

&lt;p&gt;&lt;font color=&quot;red&quot;&gt;ERROR:&lt;/font&gt; -1 due to 30 failed/errored test(s), 11031 tests executed&lt;br/&gt;
&lt;b&gt;Failed tests:&lt;/b&gt;&lt;/p&gt;
&lt;div class=&quot;preformatted panel&quot; style=&quot;border-width: 1px;&quot;&gt;&lt;div class=&quot;preformattedContent panelContent&quot;&gt;
&lt;pre&gt;TestAccumuloCliDriver - did not produce a TEST-*.xml file (likely timed out) (batchId=230)
TestDummy - did not produce a TEST-*.xml file (likely timed out) (batchId=230)
TestTxnCommandsBase - did not produce a TEST-*.xml file (likely timed out) (batchId=280)
org.apache.hadoop.hive.cli.TestCliDriver.testCliDriver[insert_values_orig_table_use_metadata] (batchId=61)
org.apache.hadoop.hive.cli.TestCliDriver.testCliDriver[llap_acid] (batchId=77)
org.apache.hadoop.hive.cli.TestCliDriver.testCliDriver[llap_acid_fast] (batchId=38)
org.apache.hadoop.hive.cli.TestMiniLlapCliDriver.testCliDriver[acid_bucket_pruning] (batchId=142)
org.apache.hadoop.hive.cli.TestMiniLlapLocalCliDriver.testCliDriver[acid_globallimit] (batchId=151)
org.apache.hadoop.hive.cli.TestMiniLlapLocalCliDriver.testCliDriver[acid_no_buckets] (batchId=159)
org.apache.hadoop.hive.cli.TestMiniLlapLocalCliDriver.testCliDriver[delete_all_non_partitioned] (batchId=151)
org.apache.hadoop.hive.cli.TestMiniLlapLocalCliDriver.testCliDriver[delete_all_partitioned] (batchId=151)
org.apache.hadoop.hive.cli.TestMiniLlapLocalCliDriver.testCliDriver[delete_tmp_table] (batchId=156)
org.apache.hadoop.hive.cli.TestMiniLlapLocalCliDriver.testCliDriver[delete_where_non_partitioned] (batchId=153)
org.apache.hadoop.hive.cli.TestMiniLlapLocalCliDriver.testCliDriver[delete_where_partitioned] (batchId=154)
org.apache.hadoop.hive.cli.TestMiniLlapLocalCliDriver.testCliDriver[delete_whole_partition] (batchId=147)
org.apache.hadoop.hive.cli.TestMiniLlapLocalCliDriver.testCliDriver[dynamic_semijoin_reduction_3] (batchId=160)
org.apache.hadoop.hive.cli.TestMiniLlapLocalCliDriver.testCliDriver[dynpart_sort_optimization_acid] (batchId=155)
org.apache.hadoop.hive.cli.TestMiniLlapLocalCliDriver.testCliDriver[insert_orig_table] (batchId=158)
org.apache.hadoop.hive.cli.TestMiniLlapLocalCliDriver.testCliDriver[insert_update_delete] (batchId=162)
org.apache.hadoop.hive.cli.TestMiniLlapLocalCliDriver.testCliDriver[llap_acid] (batchId=162)
org.apache.hadoop.hive.cli.TestMiniLlapLocalCliDriver.testCliDriver[llap_acid_fast] (batchId=153)
org.apache.hadoop.hive.cli.TestMiniLlapLocalCliDriver.testCliDriver[update_after_multiple_inserts] (batchId=159)
org.apache.hadoop.hive.cli.TestMiniLlapLocalCliDriver.testCliDriver[update_all_non_partitioned] (batchId=147)
org.apache.hadoop.hive.cli.TestMiniLlapLocalCliDriver.testCliDriver[update_all_partitioned] (batchId=156)
org.apache.hadoop.hive.cli.TestMiniLlapLocalCliDriver.testCliDriver[update_all_types] (batchId=149)
org.apache.hadoop.hive.cli.TestMiniLlapLocalCliDriver.testCliDriver[update_tmp_table] (batchId=153)
org.apache.hadoop.hive.cli.TestMiniLlapLocalCliDriver.testCliDriver[update_two_cols] (batchId=149)
org.apache.hadoop.hive.cli.TestMiniLlapLocalCliDriver.testCliDriver[update_where_non_partitioned] (batchId=148)
org.apache.hadoop.hive.cli.TestMiniLlapLocalCliDriver.testCliDriver[update_where_partitioned] (batchId=158)
org.apache.hadoop.hive.cli.TestPerfCliDriver.testCliDriver[query14] (batchId=234)
&lt;/pre&gt;
&lt;/div&gt;&lt;/div&gt;

&lt;p&gt;Test results: &lt;a href=&quot;https://builds.apache.org/job/PreCommit-HIVE-Build/6706/testReport&quot; class=&quot;external-link&quot; target=&quot;_blank&quot; rel=&quot;nofollow noopener&quot;&gt;https://builds.apache.org/job/PreCommit-HIVE-Build/6706/testReport&lt;/a&gt;&lt;br/&gt;
Console output: &lt;a href=&quot;https://builds.apache.org/job/PreCommit-HIVE-Build/6706/console&quot; class=&quot;external-link&quot; target=&quot;_blank&quot; rel=&quot;nofollow noopener&quot;&gt;https://builds.apache.org/job/PreCommit-HIVE-Build/6706/console&lt;/a&gt;&lt;br/&gt;
Test logs: &lt;a href=&quot;http://104.198.109.242/logs/PreCommit-HIVE-Build-6706/&quot; class=&quot;external-link&quot; target=&quot;_blank&quot; rel=&quot;nofollow noopener&quot;&gt;http://104.198.109.242/logs/PreCommit-HIVE-Build-6706/&lt;/a&gt;&lt;/p&gt;

&lt;p&gt;Messages:&lt;/p&gt;
&lt;div class=&quot;preformatted panel&quot; style=&quot;border-width: 1px;&quot;&gt;&lt;div class=&quot;preformattedContent panelContent&quot;&gt;
&lt;pre&gt;Executing org.apache.hive.ptest.execution.TestCheckPhase
Executing org.apache.hive.ptest.execution.PrepPhase
Executing org.apache.hive.ptest.execution.ExecutionPhase
Executing org.apache.hive.ptest.execution.ReportingPhase
Tests exited with: TestsFailedException: 30 tests failed
&lt;/pre&gt;
&lt;/div&gt;&lt;/div&gt;

&lt;p&gt;This message is automatically generated.&lt;/p&gt;

&lt;p&gt;ATTACHMENT ID: 12885690 - PreCommit-HIVE-Build&lt;/p&gt;</comment>
                            <comment id="16157644" author="sershe" created="Thu, 7 Sep 2017 20:59:06 +0000"  >&lt;p&gt;It appears that patch now breaks llap_acid even with the vector setting restored.&lt;br/&gt;
Also llap_acid_fast.q.out output is incorrect in the first place - both 1-1-1 and 1-1-2 rows are present.&lt;/p&gt;</comment>
                            <comment id="16158186" author="hiveqa" created="Fri, 8 Sep 2017 06:24:27 +0000"  >

&lt;p&gt;Here are the results of testing the latest attachment:&lt;br/&gt;
&lt;a href=&quot;https://issues.apache.org/jira/secure/attachment/12885917/HIVE-12631.28.patch&quot; class=&quot;external-link&quot; rel=&quot;nofollow&quot;&gt;https://issues.apache.org/jira/secure/attachment/12885917/HIVE-12631.28.patch&lt;/a&gt;&lt;/p&gt;

&lt;p&gt;&lt;font color=&quot;green&quot;&gt;SUCCESS:&lt;/font&gt; +1 due to 1 test(s) being added or modified.&lt;/p&gt;

&lt;p&gt;&lt;font color=&quot;red&quot;&gt;ERROR:&lt;/font&gt; -1 due to 28 failed/errored test(s), 11033 tests executed&lt;br/&gt;
&lt;b&gt;Failed tests:&lt;/b&gt;&lt;/p&gt;
&lt;div class=&quot;preformatted panel&quot; style=&quot;border-width: 1px;&quot;&gt;&lt;div class=&quot;preformattedContent panelContent&quot;&gt;
&lt;pre&gt;TestAccumuloCliDriver - did not produce a TEST-*.xml file (likely timed out) (batchId=230)
TestDummy - did not produce a TEST-*.xml file (likely timed out) (batchId=230)
TestTxnCommandsBase - did not produce a TEST-*.xml file (likely timed out) (batchId=280)
org.apache.hadoop.hive.cli.TestCliDriver.testCliDriver[insert_values_orig_table_use_metadata] (batchId=61)
org.apache.hadoop.hive.cli.TestCliDriver.testCliDriver[llap_acid] (batchId=77)
org.apache.hadoop.hive.cli.TestMiniLlapLocalCliDriver.testCliDriver[acid_globallimit] (batchId=151)
org.apache.hadoop.hive.cli.TestMiniLlapLocalCliDriver.testCliDriver[acid_no_buckets] (batchId=159)
org.apache.hadoop.hive.cli.TestMiniLlapLocalCliDriver.testCliDriver[delete_all_non_partitioned] (batchId=151)
org.apache.hadoop.hive.cli.TestMiniLlapLocalCliDriver.testCliDriver[delete_all_partitioned] (batchId=151)
org.apache.hadoop.hive.cli.TestMiniLlapLocalCliDriver.testCliDriver[delete_tmp_table] (batchId=156)
org.apache.hadoop.hive.cli.TestMiniLlapLocalCliDriver.testCliDriver[delete_where_non_partitioned] (batchId=153)
org.apache.hadoop.hive.cli.TestMiniLlapLocalCliDriver.testCliDriver[delete_where_partitioned] (batchId=154)
org.apache.hadoop.hive.cli.TestMiniLlapLocalCliDriver.testCliDriver[delete_whole_partition] (batchId=147)
org.apache.hadoop.hive.cli.TestMiniLlapLocalCliDriver.testCliDriver[dynamic_semijoin_reduction_3] (batchId=160)
org.apache.hadoop.hive.cli.TestMiniLlapLocalCliDriver.testCliDriver[dynpart_sort_optimization_acid] (batchId=155)
org.apache.hadoop.hive.cli.TestMiniLlapLocalCliDriver.testCliDriver[insert_orig_table] (batchId=158)
org.apache.hadoop.hive.cli.TestMiniLlapLocalCliDriver.testCliDriver[insert_update_delete] (batchId=162)
org.apache.hadoop.hive.cli.TestMiniLlapLocalCliDriver.testCliDriver[llap_acid] (batchId=162)
org.apache.hadoop.hive.cli.TestMiniLlapLocalCliDriver.testCliDriver[llap_acid_fast] (batchId=153)
org.apache.hadoop.hive.cli.TestMiniLlapLocalCliDriver.testCliDriver[update_after_multiple_inserts] (batchId=159)
org.apache.hadoop.hive.cli.TestMiniLlapLocalCliDriver.testCliDriver[update_all_non_partitioned] (batchId=147)
org.apache.hadoop.hive.cli.TestMiniLlapLocalCliDriver.testCliDriver[update_all_partitioned] (batchId=156)
org.apache.hadoop.hive.cli.TestMiniLlapLocalCliDriver.testCliDriver[update_all_types] (batchId=149)
org.apache.hadoop.hive.cli.TestMiniLlapLocalCliDriver.testCliDriver[update_tmp_table] (batchId=153)
org.apache.hadoop.hive.cli.TestMiniLlapLocalCliDriver.testCliDriver[update_two_cols] (batchId=149)
org.apache.hadoop.hive.cli.TestMiniLlapLocalCliDriver.testCliDriver[update_where_non_partitioned] (batchId=148)
org.apache.hadoop.hive.cli.TestMiniLlapLocalCliDriver.testCliDriver[update_where_partitioned] (batchId=158)
org.apache.hadoop.hive.cli.TestPerfCliDriver.testCliDriver[query14] (batchId=234)
&lt;/pre&gt;
&lt;/div&gt;&lt;/div&gt;

&lt;p&gt;Test results: &lt;a href=&quot;https://builds.apache.org/job/PreCommit-HIVE-Build/6725/testReport&quot; class=&quot;external-link&quot; target=&quot;_blank&quot; rel=&quot;nofollow noopener&quot;&gt;https://builds.apache.org/job/PreCommit-HIVE-Build/6725/testReport&lt;/a&gt;&lt;br/&gt;
Console output: &lt;a href=&quot;https://builds.apache.org/job/PreCommit-HIVE-Build/6725/console&quot; class=&quot;external-link&quot; target=&quot;_blank&quot; rel=&quot;nofollow noopener&quot;&gt;https://builds.apache.org/job/PreCommit-HIVE-Build/6725/console&lt;/a&gt;&lt;br/&gt;
Test logs: &lt;a href=&quot;http://104.198.109.242/logs/PreCommit-HIVE-Build-6725/&quot; class=&quot;external-link&quot; target=&quot;_blank&quot; rel=&quot;nofollow noopener&quot;&gt;http://104.198.109.242/logs/PreCommit-HIVE-Build-6725/&lt;/a&gt;&lt;/p&gt;

&lt;p&gt;Messages:&lt;/p&gt;
&lt;div class=&quot;preformatted panel&quot; style=&quot;border-width: 1px;&quot;&gt;&lt;div class=&quot;preformattedContent panelContent&quot;&gt;
&lt;pre&gt;Executing org.apache.hive.ptest.execution.TestCheckPhase
Executing org.apache.hive.ptest.execution.PrepPhase
Executing org.apache.hive.ptest.execution.ExecutionPhase
Executing org.apache.hive.ptest.execution.ReportingPhase
Tests exited with: TestsFailedException: 28 tests failed
&lt;/pre&gt;
&lt;/div&gt;&lt;/div&gt;

&lt;p&gt;This message is automatically generated.&lt;/p&gt;

&lt;p&gt;ATTACHMENT ID: 12885917 - PreCommit-HIVE-Build&lt;/p&gt;</comment>
                            <comment id="16202734" author="hiveqa" created="Thu, 12 Oct 2017 22:33:09 +0000"  >

&lt;p&gt;Here are the results of testing the latest attachment:&lt;br/&gt;
&lt;a href=&quot;https://issues.apache.org/jira/secure/attachment/12891724/HIVE-12631.29.patch&quot; class=&quot;external-link&quot; rel=&quot;nofollow&quot;&gt;https://issues.apache.org/jira/secure/attachment/12891724/HIVE-12631.29.patch&lt;/a&gt;&lt;/p&gt;

&lt;p&gt;&lt;font color=&quot;green&quot;&gt;SUCCESS:&lt;/font&gt; +1 due to 1 test(s) being added or modified.&lt;/p&gt;

&lt;p&gt;&lt;font color=&quot;red&quot;&gt;ERROR:&lt;/font&gt; -1 due to 22 failed/errored test(s), 11214 tests executed&lt;br/&gt;
&lt;b&gt;Failed tests:&lt;/b&gt;&lt;/p&gt;
&lt;div class=&quot;preformatted panel&quot; style=&quot;border-width: 1px;&quot;&gt;&lt;div class=&quot;preformattedContent panelContent&quot;&gt;
&lt;pre&gt;org.apache.hadoop.hive.cli.TestMiniLlapLocalCliDriver.testCliDriver[acid_globallimit] (batchId=152)
org.apache.hadoop.hive.cli.TestMiniLlapLocalCliDriver.testCliDriver[acid_no_buckets] (batchId=160)
org.apache.hadoop.hive.cli.TestMiniLlapLocalCliDriver.testCliDriver[delete_all_non_partitioned] (batchId=152)
org.apache.hadoop.hive.cli.TestMiniLlapLocalCliDriver.testCliDriver[delete_all_partitioned] (batchId=152)
org.apache.hadoop.hive.cli.TestMiniLlapLocalCliDriver.testCliDriver[delete_tmp_table] (batchId=157)
org.apache.hadoop.hive.cli.TestMiniLlapLocalCliDriver.testCliDriver[delete_where_non_partitioned] (batchId=154)
org.apache.hadoop.hive.cli.TestMiniLlapLocalCliDriver.testCliDriver[delete_where_partitioned] (batchId=155)
org.apache.hadoop.hive.cli.TestMiniLlapLocalCliDriver.testCliDriver[delete_whole_partition] (batchId=148)
org.apache.hadoop.hive.cli.TestMiniLlapLocalCliDriver.testCliDriver[dynamic_semijoin_reduction_3] (batchId=161)
org.apache.hadoop.hive.cli.TestMiniLlapLocalCliDriver.testCliDriver[dynpart_sort_optimization_acid] (batchId=156)
org.apache.hadoop.hive.cli.TestMiniLlapLocalCliDriver.testCliDriver[insert_orig_table] (batchId=159)
org.apache.hadoop.hive.cli.TestMiniLlapLocalCliDriver.testCliDriver[insert_update_delete] (batchId=164)
org.apache.hadoop.hive.cli.TestMiniLlapLocalCliDriver.testCliDriver[optimize_nullscan] (batchId=162)
org.apache.hadoop.hive.cli.TestMiniLlapLocalCliDriver.testCliDriver[update_after_multiple_inserts] (batchId=160)
org.apache.hadoop.hive.cli.TestMiniLlapLocalCliDriver.testCliDriver[update_all_non_partitioned] (batchId=148)
org.apache.hadoop.hive.cli.TestMiniLlapLocalCliDriver.testCliDriver[update_all_partitioned] (batchId=157)
org.apache.hadoop.hive.cli.TestMiniLlapLocalCliDriver.testCliDriver[update_all_types] (batchId=150)
org.apache.hadoop.hive.cli.TestMiniLlapLocalCliDriver.testCliDriver[update_tmp_table] (batchId=154)
org.apache.hadoop.hive.cli.TestMiniLlapLocalCliDriver.testCliDriver[update_two_cols] (batchId=150)
org.apache.hadoop.hive.cli.TestMiniLlapLocalCliDriver.testCliDriver[update_where_non_partitioned] (batchId=149)
org.apache.hadoop.hive.cli.TestMiniLlapLocalCliDriver.testCliDriver[update_where_partitioned] (batchId=159)
org.apache.hadoop.hive.cli.TestTezPerfCliDriver.testCliDriver[query23] (batchId=239)
&lt;/pre&gt;
&lt;/div&gt;&lt;/div&gt;

&lt;p&gt;Test results: &lt;a href=&quot;https://builds.apache.org/job/PreCommit-HIVE-Build/7259/testReport&quot; class=&quot;external-link&quot; target=&quot;_blank&quot; rel=&quot;nofollow noopener&quot;&gt;https://builds.apache.org/job/PreCommit-HIVE-Build/7259/testReport&lt;/a&gt;&lt;br/&gt;
Console output: &lt;a href=&quot;https://builds.apache.org/job/PreCommit-HIVE-Build/7259/console&quot; class=&quot;external-link&quot; target=&quot;_blank&quot; rel=&quot;nofollow noopener&quot;&gt;https://builds.apache.org/job/PreCommit-HIVE-Build/7259/console&lt;/a&gt;&lt;br/&gt;
Test logs: &lt;a href=&quot;http://104.198.109.242/logs/PreCommit-HIVE-Build-7259/&quot; class=&quot;external-link&quot; target=&quot;_blank&quot; rel=&quot;nofollow noopener&quot;&gt;http://104.198.109.242/logs/PreCommit-HIVE-Build-7259/&lt;/a&gt;&lt;/p&gt;

&lt;p&gt;Messages:&lt;/p&gt;
&lt;div class=&quot;preformatted panel&quot; style=&quot;border-width: 1px;&quot;&gt;&lt;div class=&quot;preformattedContent panelContent&quot;&gt;
&lt;pre&gt;Executing org.apache.hive.ptest.execution.TestCheckPhase
Executing org.apache.hive.ptest.execution.PrepPhase
Executing org.apache.hive.ptest.execution.ExecutionPhase
Executing org.apache.hive.ptest.execution.ReportingPhase
Tests exited with: TestsFailedException: 22 tests failed
&lt;/pre&gt;
&lt;/div&gt;&lt;/div&gt;

&lt;p&gt;This message is automatically generated.&lt;/p&gt;

&lt;p&gt;ATTACHMENT ID: 12891724 - PreCommit-HIVE-Build&lt;/p&gt;</comment>
                            <comment id="16202798" author="sershe" created="Thu, 12 Oct 2017 23:26:51 +0000"  >&lt;p&gt;&lt;a href=&quot;https://issues.apache.org/jira/secure/ViewProfile.jspa?name=teddy.choi&quot; class=&quot;user-hover&quot; rel=&quot;teddy.choi&quot;&gt;teddy.choi&lt;/a&gt; left one small comment on RB, can be fixed on commit. Although I guess some test fix will be needed for the above failures also.&lt;br/&gt;
Looks like a NPE&lt;/p&gt;
&lt;div class=&quot;preformatted panel&quot; style=&quot;border-width: 1px;&quot;&gt;&lt;div class=&quot;preformattedContent panelContent&quot;&gt;
&lt;pre&gt;], TaskAttempt 1 failed, info=[Error: Error while running task ( failure ) : attempt_1507843602261_0001_233_01_000000_1:java.lang.RuntimeException: java.lang.RuntimeException: org.apache.hadoop.hive.ql.metadata.HiveException: Hive Runtime Error while processing row (tag=0) {&quot;key&quot;:{&quot;reducesinkkey0&quot;:null},&quot;value&quot;:{&quot;_col0&quot;:-1069736047}}
	at org.apache.hadoop.hive.ql.exec.tez.TezProcessor.initializeAndRunProcessor(TezProcessor.java:283)
	at org.apache.hadoop.hive.ql.exec.tez.TezProcessor.run(TezProcessor.java:237)
	at org.apache.tez.runtime.LogicalIOProcessorRuntimeTask.run(LogicalIOProcessorRuntimeTask.java:374)
	at org.apache.tez.runtime.task.TaskRunner2Callable$1.run(TaskRunner2Callable.java:73)
	at org.apache.tez.runtime.task.TaskRunner2Callable$1.run(TaskRunner2Callable.java:61)
	at java.security.AccessController.doPrivileged(Native Method)
	at javax.security.auth.Subject.doAs(Subject.java:422)
	at org.apache.hadoop.security.UserGroupInformation.doAs(UserGroupInformation.java:1807)
	at org.apache.tez.runtime.task.TaskRunner2Callable.callInternal(TaskRunner2Callable.java:61)
	at org.apache.tez.runtime.task.TaskRunner2Callable.callInternal(TaskRunner2Callable.java:37)
	at org.apache.tez.common.CallableWithNdc.call(CallableWithNdc.java:36)
	at org.apache.hadoop.hive.llap.daemon.impl.StatsRecordingThreadPool$WrappedCallable.call(StatsRecordingThreadPool.java:110)
	at java.util.concurrent.FutureTask.run(FutureTask.java:266)
	at java.util.concurrent.ThreadPoolExecutor.runWorker(ThreadPoolExecutor.java:1142)
	at java.util.concurrent.ThreadPoolExecutor$Worker.run(ThreadPoolExecutor.java:617)
	at java.lang.Thread.run(Thread.java:745)
Caused by: java.lang.RuntimeException: org.apache.hadoop.hive.ql.metadata.HiveException: Hive Runtime Error while processing row (tag=0) {&quot;key&quot;:{&quot;reducesinkkey0&quot;:null},&quot;value&quot;:{&quot;_col0&quot;:-1069736047}}
	at org.apache.hadoop.hive.ql.exec.tez.ReduceRecordSource.pushRecord(ReduceRecordSource.java:289)
	at org.apache.hadoop.hive.ql.exec.tez.ReduceRecordProcessor.run(ReduceRecordProcessor.java:317)
	at org.apache.hadoop.hive.ql.exec.tez.TezProcessor.initializeAndRunProcessor(TezProcessor.java:254)
	... 15 more
Caused by: org.apache.hadoop.hive.ql.metadata.HiveException: Hive Runtime Error while processing row (tag=0) {&quot;key&quot;:{&quot;reducesinkkey0&quot;:null},&quot;value&quot;:{&quot;_col0&quot;:-1069736047}}
	at org.apache.hadoop.hive.ql.exec.tez.ReduceRecordSource$GroupIterator.next(ReduceRecordSource.java:357)
	at org.apache.hadoop.hive.ql.exec.tez.ReduceRecordSource.pushRecord(ReduceRecordSource.java:279)
	... 17 more
Caused by: java.lang.NullPointerException
&lt;/pre&gt;
&lt;/div&gt;&lt;/div&gt;
&lt;p&gt;Unfortunately I cannot see full callstack in logs&lt;/p&gt;</comment>
                            <comment id="16202813" author="teddy.choi" created="Thu, 12 Oct 2017 23:41:23 +0000"  >&lt;p&gt;Thanks, &lt;a href=&quot;https://issues.apache.org/jira/secure/ViewProfile.jspa?name=sershe&quot; class=&quot;user-hover&quot; rel=&quot;sershe&quot;&gt;sershe&lt;/a&gt;. I will fix them.&lt;/p&gt;</comment>
                            <comment id="16204155" author="hiveqa" created="Fri, 13 Oct 2017 20:42:23 +0000"  >

&lt;p&gt;Here are the results of testing the latest attachment:&lt;br/&gt;
&lt;a href=&quot;https://issues.apache.org/jira/secure/attachment/12891977/HIVE-12631.30.patch&quot; class=&quot;external-link&quot; rel=&quot;nofollow&quot;&gt;https://issues.apache.org/jira/secure/attachment/12891977/HIVE-12631.30.patch&lt;/a&gt;&lt;/p&gt;

&lt;p&gt;&lt;font color=&quot;green&quot;&gt;SUCCESS:&lt;/font&gt; +1 due to 1 test(s) being added or modified.&lt;/p&gt;

&lt;p&gt;&lt;font color=&quot;red&quot;&gt;ERROR:&lt;/font&gt; -1 due to 17 failed/errored test(s), 11233 tests executed&lt;br/&gt;
&lt;b&gt;Failed tests:&lt;/b&gt;&lt;/p&gt;
&lt;div class=&quot;preformatted panel&quot; style=&quot;border-width: 1px;&quot;&gt;&lt;div class=&quot;preformattedContent panelContent&quot;&gt;
&lt;pre&gt;org.apache.hadoop.hive.cli.TestContribNegativeCliDriver.org.apache.hadoop.hive.cli.TestContribNegativeCliDriver (batchId=237)
org.apache.hadoop.hive.cli.TestMiniLlapLocalCliDriver.testCliDriver[acid_no_buckets] (batchId=161)
org.apache.hadoop.hive.cli.TestMiniLlapLocalCliDriver.testCliDriver[llap_acid_fast] (batchId=156)
org.apache.hadoop.hive.cli.TestMiniLlapLocalCliDriver.testCliDriver[optimize_nullscan] (batchId=163)
org.apache.hadoop.hive.cli.TestSparkCliDriver.testCliDriver[subquery_multi] (batchId=110)
org.apache.hadoop.hive.cli.TestSparkCliDriver.testCliDriver[subquery_notin] (batchId=133)
org.apache.hadoop.hive.cli.TestSparkCliDriver.testCliDriver[subquery_scalar] (batchId=119)
org.apache.hadoop.hive.cli.TestSparkCliDriver.testCliDriver[subquery_select] (batchId=119)
org.apache.hadoop.hive.cli.TestSparkCliDriver.testCliDriver[subquery_views] (batchId=108)
org.apache.hadoop.hive.cli.TestSparkPerfCliDriver.testCliDriver[query16] (batchId=242)
org.apache.hadoop.hive.cli.TestSparkPerfCliDriver.testCliDriver[query94] (batchId=242)
org.apache.hadoop.hive.cli.TestTezPerfCliDriver.testCliDriver[query14] (batchId=240)
org.apache.hadoop.hive.cli.TestTezPerfCliDriver.testCliDriver[query16] (batchId=240)
org.apache.hadoop.hive.cli.TestTezPerfCliDriver.testCliDriver[query23] (batchId=240)
org.apache.hadoop.hive.cli.TestTezPerfCliDriver.testCliDriver[query94] (batchId=240)
org.apache.hadoop.hive.cli.control.TestDanglingQOuts.checkDanglingQOut (batchId=203)
org.apache.hive.jdbc.TestJdbcWithMiniHS2.testHttpRetryOnServerIdleTimeout (batchId=229)
&lt;/pre&gt;
&lt;/div&gt;&lt;/div&gt;

&lt;p&gt;Test results: &lt;a href=&quot;https://builds.apache.org/job/PreCommit-HIVE-Build/7282/testReport&quot; class=&quot;external-link&quot; target=&quot;_blank&quot; rel=&quot;nofollow noopener&quot;&gt;https://builds.apache.org/job/PreCommit-HIVE-Build/7282/testReport&lt;/a&gt;&lt;br/&gt;
Console output: &lt;a href=&quot;https://builds.apache.org/job/PreCommit-HIVE-Build/7282/console&quot; class=&quot;external-link&quot; target=&quot;_blank&quot; rel=&quot;nofollow noopener&quot;&gt;https://builds.apache.org/job/PreCommit-HIVE-Build/7282/console&lt;/a&gt;&lt;br/&gt;
Test logs: &lt;a href=&quot;http://104.198.109.242/logs/PreCommit-HIVE-Build-7282/&quot; class=&quot;external-link&quot; target=&quot;_blank&quot; rel=&quot;nofollow noopener&quot;&gt;http://104.198.109.242/logs/PreCommit-HIVE-Build-7282/&lt;/a&gt;&lt;/p&gt;

&lt;p&gt;Messages:&lt;/p&gt;
&lt;div class=&quot;preformatted panel&quot; style=&quot;border-width: 1px;&quot;&gt;&lt;div class=&quot;preformattedContent panelContent&quot;&gt;
&lt;pre&gt;Executing org.apache.hive.ptest.execution.TestCheckPhase
Executing org.apache.hive.ptest.execution.PrepPhase
Executing org.apache.hive.ptest.execution.ExecutionPhase
Executing org.apache.hive.ptest.execution.ReportingPhase
Tests exited with: TestsFailedException: 17 tests failed
&lt;/pre&gt;
&lt;/div&gt;&lt;/div&gt;

&lt;p&gt;This message is automatically generated.&lt;/p&gt;

&lt;p&gt;ATTACHMENT ID: 12891977 - PreCommit-HIVE-Build&lt;/p&gt;</comment>
                            <comment id="16204231" author="sershe" created="Fri, 13 Oct 2017 21:37:25 +0000"  >&lt;p&gt;Looks like llap_acid_fast failed due to some sorting change. Some other failures may be relevant.&lt;/p&gt;</comment>
                            <comment id="16208812" author="hiveqa" created="Wed, 18 Oct 2017 05:00:21 +0000"  >

&lt;p&gt;Here are the results of testing the latest attachment:&lt;br/&gt;
&lt;a href=&quot;https://issues.apache.org/jira/secure/attachment/12892732/HIVE-12631.31.patch&quot; class=&quot;external-link&quot; rel=&quot;nofollow&quot;&gt;https://issues.apache.org/jira/secure/attachment/12892732/HIVE-12631.31.patch&lt;/a&gt;&lt;/p&gt;

&lt;p&gt;&lt;font color=&quot;green&quot;&gt;SUCCESS:&lt;/font&gt; +1 due to 1 test(s) being added or modified.&lt;/p&gt;

&lt;p&gt;&lt;font color=&quot;red&quot;&gt;ERROR:&lt;/font&gt; -1 due to 14 failed/errored test(s), 11280 tests executed&lt;br/&gt;
&lt;b&gt;Failed tests:&lt;/b&gt;&lt;/p&gt;
&lt;div class=&quot;preformatted panel&quot; style=&quot;border-width: 1px;&quot;&gt;&lt;div class=&quot;preformattedContent panelContent&quot;&gt;
&lt;pre&gt;org.apache.hadoop.hive.cli.TestMiniLlapLocalCliDriver.testCliDriver[optimize_nullscan] (batchId=163)
org.apache.hadoop.hive.cli.TestSparkCliDriver.testCliDriver[subquery_multi] (batchId=110)
org.apache.hadoop.hive.cli.TestSparkCliDriver.testCliDriver[subquery_notin] (batchId=133)
org.apache.hadoop.hive.cli.TestSparkCliDriver.testCliDriver[subquery_scalar] (batchId=119)
org.apache.hadoop.hive.cli.TestSparkCliDriver.testCliDriver[subquery_select] (batchId=119)
org.apache.hadoop.hive.cli.TestSparkCliDriver.testCliDriver[subquery_views] (batchId=108)
org.apache.hadoop.hive.cli.TestSparkPerfCliDriver.testCliDriver[query16] (batchId=243)
org.apache.hadoop.hive.cli.TestSparkPerfCliDriver.testCliDriver[query94] (batchId=243)
org.apache.hadoop.hive.cli.TestTezPerfCliDriver.testCliDriver[query14] (batchId=241)
org.apache.hadoop.hive.cli.TestTezPerfCliDriver.testCliDriver[query16] (batchId=241)
org.apache.hadoop.hive.cli.TestTezPerfCliDriver.testCliDriver[query94] (batchId=241)
org.apache.hadoop.hive.cli.control.TestDanglingQOuts.checkDanglingQOut (batchId=204)
org.apache.hive.jdbc.TestTriggersTezSessionPoolManager.testTriggerHighShuffleBytes (batchId=229)
org.apache.hive.jdbc.TestTriggersWorkloadManager.testTriggerHighShuffleBytes (batchId=229)
&lt;/pre&gt;
&lt;/div&gt;&lt;/div&gt;

&lt;p&gt;Test results: &lt;a href=&quot;https://builds.apache.org/job/PreCommit-HIVE-Build/7361/testReport&quot; class=&quot;external-link&quot; target=&quot;_blank&quot; rel=&quot;nofollow noopener&quot;&gt;https://builds.apache.org/job/PreCommit-HIVE-Build/7361/testReport&lt;/a&gt;&lt;br/&gt;
Console output: &lt;a href=&quot;https://builds.apache.org/job/PreCommit-HIVE-Build/7361/console&quot; class=&quot;external-link&quot; target=&quot;_blank&quot; rel=&quot;nofollow noopener&quot;&gt;https://builds.apache.org/job/PreCommit-HIVE-Build/7361/console&lt;/a&gt;&lt;br/&gt;
Test logs: &lt;a href=&quot;http://104.198.109.242/logs/PreCommit-HIVE-Build-7361/&quot; class=&quot;external-link&quot; target=&quot;_blank&quot; rel=&quot;nofollow noopener&quot;&gt;http://104.198.109.242/logs/PreCommit-HIVE-Build-7361/&lt;/a&gt;&lt;/p&gt;

&lt;p&gt;Messages:&lt;/p&gt;
&lt;div class=&quot;preformatted panel&quot; style=&quot;border-width: 1px;&quot;&gt;&lt;div class=&quot;preformattedContent panelContent&quot;&gt;
&lt;pre&gt;Executing org.apache.hive.ptest.execution.TestCheckPhase
Executing org.apache.hive.ptest.execution.PrepPhase
Executing org.apache.hive.ptest.execution.ExecutionPhase
Executing org.apache.hive.ptest.execution.ReportingPhase
Tests exited with: TestsFailedException: 14 tests failed
&lt;/pre&gt;
&lt;/div&gt;&lt;/div&gt;

&lt;p&gt;This message is automatically generated.&lt;/p&gt;

&lt;p&gt;ATTACHMENT ID: 12892732 - PreCommit-HIVE-Build&lt;/p&gt;</comment>
                            <comment id="16209803" author="sershe" created="Wed, 18 Oct 2017 18:39:41 +0000"  >&lt;p&gt;+1&lt;/p&gt;

&lt;p&gt;cc &lt;a href=&quot;https://issues.apache.org/jira/secure/ViewProfile.jspa?name=prasanth_j&quot; class=&quot;user-hover&quot; rel=&quot;prasanth_j&quot;&gt;prasanth_j&lt;/a&gt; looks like trigger tests timed out... it&apos;s unrelated here but might be of interest&lt;/p&gt;</comment>
                            <comment id="16210193" author="sershe" created="Wed, 18 Oct 2017 22:26:06 +0000"  >&lt;p&gt;Committed to master. Thanks a lot for all the work on the patch!&lt;/p&gt;</comment>
                            <comment id="16210384" author="prasanth_j" created="Thu, 19 Oct 2017 00:36:43 +0000"  >&lt;p&gt;Filed &lt;a href=&quot;https://issues.apache.org/jira/browse/HIVE-17834&quot; title=&quot;Fix flaky triggers test&quot; class=&quot;issue-link&quot; data-issue-key=&quot;HIVE-17834&quot;&gt;&lt;del&gt;HIVE-17834&lt;/del&gt;&lt;/a&gt; to fix flaky triggers test&lt;/p&gt;</comment>
                            <comment id="16210684" author="lefty@hortonworks.com" created="Thu, 19 Oct 2017 07:22:29 +0000"  >&lt;p&gt;Should this be documented in the wiki?&lt;/p&gt;

&lt;ul&gt;
	&lt;li&gt;&lt;a href=&quot;https://cwiki.apache.org/confluence/display/Hive/LLAP&quot; class=&quot;external-link&quot; target=&quot;_blank&quot; rel=&quot;nofollow noopener&quot;&gt;LLAP design doc &lt;/a&gt;&lt;/li&gt;
&lt;/ul&gt;
</comment>
                            <comment id="16211478" author="ekoifman" created="Thu, 19 Oct 2017 18:13:20 +0000"  >&lt;p&gt;There is this code in UpdateDeleteSemanticAnalyzer&lt;/p&gt;
&lt;div class=&quot;preformatted panel&quot; style=&quot;border-width: 1px;&quot;&gt;&lt;div class=&quot;preformattedContent panelContent&quot;&gt;
&lt;pre&gt;      // TODO: remove when this is enabled everywhere
75	      HiveConf.setBoolVar(conf, ConfVars.HIVE_VECTORIZATION_ROW_IDENTIFIER_ENABLED, true);
&lt;/pre&gt;
&lt;/div&gt;&lt;/div&gt;

&lt;p&gt;The 1st update/delete statement on a session will enable this and it will be enabled for all future queries which makes this flag useless/misleading.&lt;/p&gt;</comment>
                            <comment id="16211578" author="sershe" created="Thu, 19 Oct 2017 19:20:17 +0000"  >&lt;p&gt;&lt;a href=&quot;https://issues.apache.org/jira/secure/ViewProfile.jspa?name=mmccline&quot; class=&quot;user-hover&quot; rel=&quot;mmccline&quot;&gt;mmccline&lt;/a&gt; should HIVE_VECTORIZATION_ROW_IDENTIFIER_ENABLED just be enabled? There was a JIRA for that somewhere, we should just commit it.&lt;/p&gt;</comment>
                            <comment id="16486161" author="vgarg" created="Tue, 22 May 2018 23:59:23 +0000"  >&lt;p&gt;Hive 3.0.0 has been released so closing this jira.&lt;/p&gt;</comment>
                    </comments>
                <issuelinks>
                            <issuelinktype id="10032">
                    <name>Blocker</name>
                                            <outwardlinks description="blocks">
                                        <issuelink>
            <issuekey id="13100317">HIVE-17470</issuekey>
        </issuelink>
            <issuelink>
            <issuekey id="13100002">HIVE-17458</issuekey>
        </issuelink>
                            </outwardlinks>
                                                        </issuelinktype>
                            <issuelinktype id="10030">
                    <name>Reference</name>
                                            <outwardlinks description="relates to">
                                        <issuelink>
            <issuekey id="13110822">HIVE-17854</issuekey>
        </issuelink>
            <issuelink>
            <issuekey id="13044536">HIVE-15988</issuekey>
        </issuelink>
                            </outwardlinks>
                                                                <inwardlinks description="is related to">
                                        <issuelink>
            <issuekey id="13112434">HIVE-17916</issuekey>
        </issuelink>
            <issuelink>
            <issuekey id="12920527">HIVE-12632</issuekey>
        </issuelink>
                            </inwardlinks>
                                    </issuelinktype>
                            <issuelinktype id="12310040">
                    <name>Required</name>
                                            <outwardlinks description="requires">
                                        <issuelink>
            <issuekey id="12979916">HIVE-14035</issuekey>
        </issuelink>
                            </outwardlinks>
                                                        </issuelinktype>
                    </issuelinks>
                <attachments>
                            <attachment id="12852741" name="HIVE-12631.1.patch" size="97217" author="teddy.choi" created="Wed, 15 Feb 2017 05:43:44 +0000"/>
                            <attachment id="12871717" name="HIVE-12631.10.patch" size="74480" author="teddy.choi" created="Tue, 6 Jun 2017 23:13:44 +0000"/>
                            <attachment id="12871585" name="HIVE-12631.10.patch" size="72768" author="teddy.choi" created="Tue, 6 Jun 2017 12:10:19 +0000"/>
                            <attachment id="12875410" name="HIVE-12631.11.patch" size="114900" author="teddy.choi" created="Sun, 2 Jul 2017 12:42:22 +0000"/>
                            <attachment id="12875408" name="HIVE-12631.11.patch" size="1322943" author="teddy.choi" created="Sun, 2 Jul 2017 11:54:37 +0000"/>
                            <attachment id="12875417" name="HIVE-12631.12.patch" size="114921" author="teddy.choi" created="Sun, 2 Jul 2017 16:16:13 +0000"/>
                            <attachment id="12875537" name="HIVE-12631.13.patch" size="170373" author="teddy.choi" created="Mon, 3 Jul 2017 18:37:56 +0000"/>
                            <attachment id="12875550" name="HIVE-12631.15.patch" size="57289" author="teddy.choi" created="Mon, 3 Jul 2017 20:42:40 +0000"/>
                            <attachment id="12876820" name="HIVE-12631.16.patch" size="64762" author="teddy.choi" created="Wed, 12 Jul 2017 11:33:11 +0000"/>
                            <attachment id="12876915" name="HIVE-12631.17.patch" size="74375" author="teddy.choi" created="Wed, 12 Jul 2017 18:26:11 +0000"/>
                            <attachment id="12876993" name="HIVE-12631.18.patch" size="164601" author="teddy.choi" created="Thu, 13 Jul 2017 01:14:46 +0000"/>
                            <attachment id="12877048" name="HIVE-12631.19.patch" size="134040" author="teddy.choi" created="Thu, 13 Jul 2017 10:40:38 +0000"/>
                            <attachment id="12852790" name="HIVE-12631.2.patch" size="104452" author="teddy.choi" created="Wed, 15 Feb 2017 10:49:07 +0000"/>
                            <attachment id="12877069" name="HIVE-12631.20.patch" size="74766" author="teddy.choi" created="Thu, 13 Jul 2017 13:38:36 +0000"/>
                            <attachment id="12877122" name="HIVE-12631.21.patch" size="75313" author="teddy.choi" created="Thu, 13 Jul 2017 17:20:10 +0000"/>
                            <attachment id="12877215" name="HIVE-12631.22.patch" size="77837" author="teddy.choi" created="Fri, 14 Jul 2017 02:55:02 +0000"/>
                            <attachment id="12877443" name="HIVE-12631.23.patch" size="77895" author="teddy.choi" created="Sat, 15 Jul 2017 10:04:19 +0000"/>
                            <attachment id="12879134" name="HIVE-12631.24.patch" size="99180" author="teddy.choi" created="Thu, 27 Jul 2017 08:38:55 +0000"/>
                            <attachment id="12879340" name="HIVE-12631.25.patch" size="98731" author="teddy.choi" created="Fri, 28 Jul 2017 11:35:03 +0000"/>
                            <attachment id="12879957" name="HIVE-12631.26.patch" size="98858" author="teddy.choi" created="Wed, 2 Aug 2017 05:01:52 +0000"/>
                            <attachment id="12885690" name="HIVE-12631.27.patch" size="99071" author="sershe" created="Wed, 6 Sep 2017 22:31:57 +0000"/>
                            <attachment id="12885917" name="HIVE-12631.28.patch" size="99548" author="sershe" created="Thu, 7 Sep 2017 21:05:58 +0000"/>
                            <attachment id="12891724" name="HIVE-12631.29.patch" size="115980" author="teddy.choi" created="Thu, 12 Oct 2017 13:28:25 +0000"/>
                            <attachment id="12852969" name="HIVE-12631.3.patch" size="45019" author="teddy.choi" created="Thu, 16 Feb 2017 03:59:59 +0000"/>
                            <attachment id="12891977" name="HIVE-12631.30.patch" size="117124" author="teddy.choi" created="Fri, 13 Oct 2017 06:05:21 +0000"/>
                            <attachment id="12892732" name="HIVE-12631.31.patch" size="108198" author="teddy.choi" created="Wed, 18 Oct 2017 03:30:01 +0000"/>
                            <attachment id="12856208" name="HIVE-12631.4.patch" size="45285" author="teddy.choi" created="Mon, 6 Mar 2017 03:14:40 +0000"/>
                            <attachment id="12856374" name="HIVE-12631.5.patch" size="45283" author="teddy.choi" created="Mon, 6 Mar 2017 23:48:28 +0000"/>
                            <attachment id="12856808" name="HIVE-12631.6.patch" size="48148" author="teddy.choi" created="Wed, 8 Mar 2017 14:11:51 +0000"/>
                            <attachment id="12859278" name="HIVE-12631.7.patch" size="47208" author="teddy.choi" created="Fri, 17 Mar 2017 12:03:32 +0000"/>
                            <attachment id="12870691" name="HIVE-12631.8.patch" size="46668" author="teddy.choi" created="Wed, 31 May 2017 23:22:07 +0000"/>
                            <attachment id="12870464" name="HIVE-12631.8.patch" size="46668" author="teddy.choi" created="Tue, 30 May 2017 23:03:49 +0000"/>
                            <attachment id="12871538" name="HIVE-12631.9.patch" size="72693" author="teddy.choi" created="Tue, 6 Jun 2017 09:45:58 +0000"/>
                    </attachments>
                <subtasks>
                    </subtasks>
                <customfields>
                                                                            <customfield id="customfield_12310310" key="com.atlassian.jira.toolkit:attachments">
                        <customfieldname>Attachment count</customfieldname>
                        <customfieldvalues>
                            <customfieldvalue>33.0</customfieldvalue>
                        </customfieldvalues>
                    </customfield>
                                                                                                                                                                                                                                                                                                                                                                                                                                                                                                                                                                                                                                                                                                        <customfield id="customfield_12314020" key="com.atlassian.jira.plugins.jira-development-integration-plugin:devsummary">
                        <customfieldname>Development</customfieldname>
                        <customfieldvalues>
                            
                        </customfieldvalues>
                    </customfield>
                                                                                                                        <customfield id="customfield_12313422" key="com.atlassian.jirafisheyeplugin:jobcheckbox">
                        <customfieldname>Enable Automatic Patch Review</customfieldname>
                        <customfieldvalues>
                            <customfieldvalue><![CDATA[false]]></customfieldvalue>

                        </customfieldvalues>
                    </customfield>
                                                                                                                                                                                                                                                                                                                                                                                                                                                                                                                                                                                                                                                <customfield id="customfield_12310420" key="com.pyxis.greenhopper.jira:gh-global-rank">
                        <customfieldname>Global Rank</customfieldname>
                        <customfieldvalues>
                            <customfieldvalue>9223372036854775807</customfieldvalue>
                        </customfieldvalues>
                    </customfield>
                                                                                                                                                                                                                                                                    <customfield id="customfield_12312521" key="com.atlassian.jira.toolkit:LastCommentDate">
                        <customfieldname>Last public comment date</customfieldname>
                        <customfieldvalues>
                            7 years, 26 weeks ago
                        </customfieldvalues>
                    </customfield>
                                                                                                                                                                                                                                                                                                <customfield id="customfield_12311820" key="com.pyxis.greenhopper.jira:gh-lexo-rank">
                        <customfieldname>Rank</customfieldname>
                        <customfieldvalues>
                            <customfieldvalue>0|i2podz:</customfieldvalue>

                        </customfieldvalues>
                    </customfield>
                                                                <customfield id="customfield_12310920" key="com.pyxis.greenhopper.jira:gh-global-rank">
                        <customfieldname>Rank (Obsolete)</customfieldname>
                        <customfieldvalues>
                            <customfieldvalue>9223372036854775807</customfieldvalue>
                        </customfieldvalues>
                    </customfield>
                                                                                                                                                                                                                                                                                                                                                                                                                                                                                                                                                                                                                                                                                                                                                                                                                                                                                </customfields>
    </item>
</channel>
</rss>