<!-- 
RSS generated by JIRA (8.20.10#820010-sha1:ace47f9899e9ee25d7157d59aa17ab06aee30d3d) at Wed Nov 12 18:59:07 UTC 2025

It is possible to restrict the fields that are returned in this document by specifying the 'field' parameter in your request.
For example, to request only the issue key and summary append 'field=key&field=summary' to the URL of your request.
-->
<rss version="0.92" >
<channel>
    <title>ASF Jira</title>
    <link>https://issues.apache.org/jira</link>
    <description>This file is an XML representation of an issue</description>
    <language>en-uk</language>    <build-info>
        <version>8.20.10</version>
        <build-number>820010</build-number>
        <build-date>22-06-2022</build-date>
    </build-info>


<item>
            <title>[HIVE-13000] Hive returns useless parsing error </title>
                <link>https://issues.apache.org/jira/browse/HIVE-13000</link>
                <project id="12310843" key="HIVE">Hive</project>
                    <description>&lt;p&gt;When I run query like these I receive unclear exception&lt;/p&gt;

&lt;p&gt;hive&amp;gt; SELECT record FROM ctest GROUP BY record.instance_id;&lt;br/&gt;
FAILED: SemanticException Error in parsing &lt;/p&gt;

&lt;p&gt;It will be clearer if it would be like:&lt;/p&gt;

&lt;p&gt;hive&amp;gt; SELECT record FROM ctest GROUP BY record.instance_id;&lt;br/&gt;
FAILED: SemanticException  Expression not in GROUP BY key record&lt;/p&gt;</description>
                <environment></environment>
        <key id="12936797">HIVE-13000</key>
            <summary>Hive returns useless parsing error </summary>
                <type id="1" iconUrl="https://issues.apache.org/jira/secure/viewavatar?size=xsmall&amp;avatarId=21133&amp;avatarType=issuetype">Bug</type>
                                            <priority id="4" iconUrl="https://issues.apache.org/jira/images/icons/priorities/minor.svg">Minor</priority>
                        <status id="6" iconUrl="https://issues.apache.org/jira/images/icons/statuses/closed.png" description="The issue is considered finished, the resolution is correct. Issues which are not closed can be reopened.">Closed</status>
                    <statusCategory id="3" key="done" colorName="green"/>
                                    <resolution id="1">Fixed</resolution>
                                        <assignee username="alina.abramova">Alina Abramova</assignee>
                                    <reporter username="alina.abramova">Alina Abramova</reporter>
                        <labels>
                    </labels>
                <created>Thu, 4 Feb 2016 17:35:24 +0000</created>
                <updated>Tue, 22 May 2018 23:58:08 +0000</updated>
                            <resolved>Thu, 4 Jan 2018 18:26:00 +0000</resolved>
                                    <version>0.13.0</version>
                    <version>1.0.0</version>
                    <version>1.2.1</version>
                    <version>2.2.0</version>
                                    <fixVersion>3.0.0</fixVersion>
                                        <due></due>
                            <votes>1</votes>
                                    <watches>5</watches>
                                                                                                                <comments>
                            <comment id="15136370" author="hiveqa" created="Sun, 7 Feb 2016 18:35:42 +0000"  >

&lt;p&gt;Here are the results of testing the latest attachment:&lt;br/&gt;
&lt;a href=&quot;https://issues.apache.org/jira/secure/attachment/12786462/HIVE-13000.1.patch&quot; class=&quot;external-link&quot; rel=&quot;nofollow&quot;&gt;https://issues.apache.org/jira/secure/attachment/12786462/HIVE-13000.1.patch&lt;/a&gt;&lt;/p&gt;

&lt;p&gt;&lt;font color=&quot;red&quot;&gt;ERROR:&lt;/font&gt; -1 due to build exiting with an error&lt;/p&gt;

&lt;p&gt;Test results: &lt;a href=&quot;http://ec2-174-129-184-35.compute-1.amazonaws.com/jenkins/job/PreCommit-HIVE-TRUNK-Build/6897/testReport&quot; class=&quot;external-link&quot; target=&quot;_blank&quot; rel=&quot;nofollow noopener&quot;&gt;http://ec2-174-129-184-35.compute-1.amazonaws.com/jenkins/job/PreCommit-HIVE-TRUNK-Build/6897/testReport&lt;/a&gt;&lt;br/&gt;
Console output: &lt;a href=&quot;http://ec2-174-129-184-35.compute-1.amazonaws.com/jenkins/job/PreCommit-HIVE-TRUNK-Build/6897/console&quot; class=&quot;external-link&quot; target=&quot;_blank&quot; rel=&quot;nofollow noopener&quot;&gt;http://ec2-174-129-184-35.compute-1.amazonaws.com/jenkins/job/PreCommit-HIVE-TRUNK-Build/6897/console&lt;/a&gt;&lt;br/&gt;
Test logs: &lt;a href=&quot;http://ec2-174-129-184-35.compute-1.amazonaws.com/logs/PreCommit-HIVE-TRUNK-Build-6897/&quot; class=&quot;external-link&quot; target=&quot;_blank&quot; rel=&quot;nofollow noopener&quot;&gt;http://ec2-174-129-184-35.compute-1.amazonaws.com/logs/PreCommit-HIVE-TRUNK-Build-6897/&lt;/a&gt;&lt;/p&gt;

&lt;p&gt;Messages:&lt;/p&gt;
&lt;div class=&quot;preformatted panel&quot; style=&quot;border-width: 1px;&quot;&gt;&lt;div class=&quot;preformattedContent panelContent&quot;&gt;
&lt;pre&gt;**** This message was trimmed, see log for full details ****
[INFO] Building jar: /data/hive-ptest/working/apache-github-source-source/service-rpc/target/hive-service-rpc-2.1.0-SNAPSHOT.jar
[INFO] 
[INFO] --- maven-site-plugin:3.3:attach-descriptor (attach-descriptor) @ hive-service-rpc ---
[INFO] 
[INFO] --- maven-jar-plugin:2.2:test-jar (default) @ hive-service-rpc ---
[INFO] Building jar: /data/hive-ptest/working/apache-github-source-source/service-rpc/target/hive-service-rpc-2.1.0-SNAPSHOT-tests.jar
[INFO] 
[INFO] --- maven-install-plugin:2.4:install (default-install) @ hive-service-rpc ---
[INFO] Installing /data/hive-ptest/working/apache-github-source-source/service-rpc/target/hive-service-rpc-2.1.0-SNAPSHOT.jar to /data/hive-ptest/working/maven/org/apache/hive/hive-service-rpc/2.1.0-SNAPSHOT/hive-service-rpc-2.1.0-SNAPSHOT.jar
[INFO] Installing /data/hive-ptest/working/apache-github-source-source/service-rpc/pom.xml to /data/hive-ptest/working/maven/org/apache/hive/hive-service-rpc/2.1.0-SNAPSHOT/hive-service-rpc-2.1.0-SNAPSHOT.pom
[INFO] Installing /data/hive-ptest/working/apache-github-source-source/service-rpc/target/hive-service-rpc-2.1.0-SNAPSHOT-tests.jar to /data/hive-ptest/working/maven/org/apache/hive/hive-service-rpc/2.1.0-SNAPSHOT/hive-service-rpc-2.1.0-SNAPSHOT-tests.jar
[INFO]                                                                         
[INFO] ------------------------------------------------------------------------
[INFO] Building Spark Remote Client 2.1.0-SNAPSHOT
[INFO] ------------------------------------------------------------------------
[INFO] 
[INFO] --- maven-clean-plugin:2.5:clean (default-clean) @ spark-client ---
[INFO] Deleting /data/hive-ptest/working/apache-github-source-source/spark-client/target
[INFO] Deleting /data/hive-ptest/working/apache-github-source-source/spark-client (includes = [datanucleus.log, derby.log], excludes = [])
[INFO] 
[INFO] --- maven-enforcer-plugin:1.3.1:enforce (enforce-no-snapshots) @ spark-client ---
[INFO] 
[INFO] --- maven-remote-resources-plugin:1.5:process (default) @ spark-client ---
[INFO] 
[INFO] --- maven-resources-plugin:2.6:resources (default-resources) @ spark-client ---
[INFO] Using &apos;UTF-8&apos; encoding to copy filtered resources.
[INFO] skip non existing resourceDirectory /data/hive-ptest/working/apache-github-source-source/spark-client/src/main/resources
[INFO] Copying 3 resources
[INFO] 
[INFO] --- maven-antrun-plugin:1.7:run (define-classpath) @ spark-client ---
[INFO] Executing tasks

main:
[INFO] Executed tasks
[INFO] 
[INFO] --- maven-compiler-plugin:3.1:compile (default-compile) @ spark-client ---
[INFO] Compiling 28 source files to /data/hive-ptest/working/apache-github-source-source/spark-client/target/classes
[WARNING] /data/hive-ptest/working/apache-github-source-source/spark-client/src/main/java/org/apache/hive/spark/client/SparkClientUtilities.java: /data/hive-ptest/working/apache-github-source-source/spark-client/src/main/java/org/apache/hive/spark/client/SparkClientUtilities.java uses or overrides a deprecated API.
[WARNING] /data/hive-ptest/working/apache-github-source-source/spark-client/src/main/java/org/apache/hive/spark/client/SparkClientUtilities.java: Recompile with -Xlint:deprecation for details.
[WARNING] /data/hive-ptest/working/apache-github-source-source/spark-client/src/main/java/org/apache/hive/spark/client/rpc/RpcDispatcher.java: Some input files use unchecked or unsafe operations.
[WARNING] /data/hive-ptest/working/apache-github-source-source/spark-client/src/main/java/org/apache/hive/spark/client/rpc/RpcDispatcher.java: Recompile with -Xlint:unchecked for details.
[INFO] 
[INFO] --- maven-resources-plugin:2.6:testResources (default-testResources) @ spark-client ---
[INFO] Using &apos;UTF-8&apos; encoding to copy filtered resources.
[INFO] Copying 1 resource
[INFO] Copying 3 resources
[INFO] 
[INFO] --- maven-antrun-plugin:1.7:run (setup-test-dirs) @ spark-client ---
[INFO] Executing tasks

main:
    [mkdir] Created dir: /data/hive-ptest/working/apache-github-source-source/spark-client/target/tmp
    [mkdir] Created dir: /data/hive-ptest/working/apache-github-source-source/spark-client/target/warehouse
    [mkdir] Created dir: /data/hive-ptest/working/apache-github-source-source/spark-client/target/tmp/conf
     [copy] Copying 16 files to /data/hive-ptest/working/apache-github-source-source/spark-client/target/tmp/conf
[INFO] Executed tasks
[INFO] 
[INFO] --- maven-compiler-plugin:3.1:testCompile (default-testCompile) @ spark-client ---
[INFO] Compiling 5 source files to /data/hive-ptest/working/apache-github-source-source/spark-client/target/test-classes
[INFO] 
[INFO] --- maven-dependency-plugin:2.8:copy (copy-guava-14) @ spark-client ---
[INFO] Configured Artifact: com.google.guava:guava:14.0.1:jar
[INFO] Copying guava-14.0.1.jar to /data/hive-ptest/working/apache-github-source-source/spark-client/target/dependency/guava-14.0.1.jar
[INFO] 
[INFO] --- maven-surefire-plugin:2.16:test (default-test) @ spark-client ---
[INFO] Tests are skipped.
[INFO] 
[INFO] --- maven-jar-plugin:2.2:jar (default-jar) @ spark-client ---
[INFO] Building jar: /data/hive-ptest/working/apache-github-source-source/spark-client/target/spark-client-2.1.0-SNAPSHOT.jar
[INFO] 
[INFO] --- maven-site-plugin:3.3:attach-descriptor (attach-descriptor) @ spark-client ---
[INFO] 
[INFO] --- maven-install-plugin:2.4:install (default-install) @ spark-client ---
[INFO] Installing /data/hive-ptest/working/apache-github-source-source/spark-client/target/spark-client-2.1.0-SNAPSHOT.jar to /data/hive-ptest/working/maven/org/apache/hive/spark-client/2.1.0-SNAPSHOT/spark-client-2.1.0-SNAPSHOT.jar
[INFO] Installing /data/hive-ptest/working/apache-github-source-source/spark-client/pom.xml to /data/hive-ptest/working/maven/org/apache/hive/spark-client/2.1.0-SNAPSHOT/spark-client-2.1.0-SNAPSHOT.pom
[INFO]                                                                         
[INFO] ------------------------------------------------------------------------
[INFO] Building Hive Query Language 2.1.0-SNAPSHOT
[INFO] ------------------------------------------------------------------------
[INFO] 
[INFO] --- maven-clean-plugin:2.5:clean (default-clean) @ hive-exec ---
[INFO] Deleting /data/hive-ptest/working/apache-github-source-source/ql/target
[INFO] Deleting /data/hive-ptest/working/apache-github-source-source/ql (includes = [datanucleus.log, derby.log], excludes = [])
[INFO] 
[INFO] --- maven-enforcer-plugin:1.3.1:enforce (enforce-no-snapshots) @ hive-exec ---
[INFO] 
[INFO] --- maven-antrun-plugin:1.7:run (generate-sources) @ hive-exec ---
[INFO] Executing tasks

main:
    [mkdir] Created dir: /data/hive-ptest/working/apache-github-source-source/ql/target/generated-sources/java/org/apache/hadoop/hive/ql/exec/vector/expressions/gen
    [mkdir] Created dir: /data/hive-ptest/working/apache-github-source-source/ql/target/generated-sources/java/org/apache/hadoop/hive/ql/exec/vector/expressions/aggregates/gen
    [mkdir] Created dir: /data/hive-ptest/working/apache-github-source-source/ql/target/generated-test-sources/java/org/apache/hadoop/hive/ql/exec/vector/expressions/gen
Generating vector expression code
Generating vector expression test code
[INFO] Executed tasks
[INFO] 
[INFO] --- build-helper-maven-plugin:1.8:add-source (add-source) @ hive-exec ---
[INFO] Source directory: /data/hive-ptest/working/apache-github-source-source/ql/src/gen/thrift/gen-javabean added.
[INFO] Source directory: /data/hive-ptest/working/apache-github-source-source/ql/target/generated-sources/java added.
[INFO] 
[INFO] --- antlr3-maven-plugin:3.4:antlr (default) @ hive-exec ---
[INFO] ANTLR: Processing source directory /data/hive-ptest/working/apache-github-source-source/ql/src/java
ANTLR Parser Generator  Version 3.4
org/apache/hadoop/hive/ql/parse/HiveLexer.g
org/apache/hadoop/hive/ql/parse/HiveParser.g
[INFO] 
[INFO] --- maven-remote-resources-plugin:1.5:process (default) @ hive-exec ---
[INFO] 
[INFO] --- maven-resources-plugin:2.6:resources (default-resources) @ hive-exec ---
[INFO] Using &apos;UTF-8&apos; encoding to copy filtered resources.
[INFO] Copying 3 resources
[INFO] Copying 3 resources
[INFO] 
[INFO] --- maven-antrun-plugin:1.7:run (define-classpath) @ hive-exec ---
[INFO] Executing tasks

main:
[INFO] Executed tasks
[INFO] 
[INFO] --- maven-compiler-plugin:3.1:compile (default-compile) @ hive-exec ---
[INFO] Compiling 2451 source files to /data/hive-ptest/working/apache-github-source-source/ql/target/classes
[INFO] -------------------------------------------------------------
[WARNING] COMPILATION WARNING : 
[INFO] -------------------------------------------------------------
[WARNING] /data/hive-ptest/working/apache-github-source-source/ql/src/java/org/apache/hadoop/hive/ql/parse/spark/SparkPartitionPruningSinkOperator.java: Some input files use or override a deprecated API.
[WARNING] /data/hive-ptest/working/apache-github-source-source/ql/src/java/org/apache/hadoop/hive/ql/parse/spark/SparkPartitionPruningSinkOperator.java: Recompile with -Xlint:deprecation for details.
[WARNING] /data/hive-ptest/working/apache-github-source-source/ql/src/java/org/apache/hadoop/hive/ql/metadata/Table.java: Some input files use unchecked or unsafe operations.
[WARNING] /data/hive-ptest/working/apache-github-source-source/ql/src/java/org/apache/hadoop/hive/ql/metadata/Table.java: Recompile with -Xlint:unchecked for details.
[INFO] 4 warnings 
[INFO] -------------------------------------------------------------
[INFO] -------------------------------------------------------------
[ERROR] COMPILATION ERROR : 
[INFO] -------------------------------------------------------------
[ERROR] /data/hive-ptest/working/apache-github-source-source/ql/src/java/org/apache/hadoop/hive/ql/parse/TypeCheckProcFactory.java:[650,5] missing return statement
[INFO] 1 error
[INFO] -------------------------------------------------------------
[INFO] ------------------------------------------------------------------------
[INFO] Reactor Summary:
[INFO] 
[INFO] Hive .............................................. SUCCESS [13.810s]
[INFO] Hive Shims Common ................................. SUCCESS [15.643s]
[INFO] Hive Shims 0.23 ................................... SUCCESS [10.464s]
[INFO] Hive Shims Scheduler .............................. SUCCESS [3.989s]
[INFO] Hive Shims ........................................ SUCCESS [2.884s]
[INFO] Hive Storage API .................................. SUCCESS [7.720s]
[INFO] Hive ORC .......................................... SUCCESS [13.122s]
[INFO] Hive Common ....................................... SUCCESS [28.187s]
[INFO] Hive Serde ........................................ SUCCESS [15.022s]
[INFO] Hive Metastore .................................... SUCCESS [49.374s]
[INFO] Hive Ant Utilities ................................ SUCCESS [1.712s]
[INFO] Hive Llap Common .................................. SUCCESS [18.140s]
[INFO] Hive Llap Client .................................. SUCCESS [8.398s]
[INFO] Hive Llap Tez ..................................... SUCCESS [9.419s]
[INFO] Hive Service RPC .................................. SUCCESS [5.005s]
[INFO] Spark Remote Client ............................... SUCCESS [12.346s]
[INFO] Hive Query Language ............................... FAILURE [1:06.587s]
[INFO] Hive Service ...................................... SKIPPED
[INFO] Hive Accumulo Handler ............................. SKIPPED
[INFO] Hive JDBC ......................................... SKIPPED
[INFO] Hive Beeline ...................................... SKIPPED
[INFO] Hive CLI .......................................... SKIPPED
[INFO] Hive Contrib ...................................... SKIPPED
[INFO] Hive HBase Handler ................................ SKIPPED
[INFO] Hive HCatalog ..................................... SKIPPED
[INFO] Hive HCatalog Core ................................ SKIPPED
[INFO] Hive HCatalog Pig Adapter ......................... SKIPPED
[INFO] Hive HCatalog Server Extensions ................... SKIPPED
[INFO] Hive HCatalog Webhcat Java Client ................. SKIPPED
[INFO] Hive HCatalog Webhcat ............................. SKIPPED
[INFO] Hive HCatalog Streaming ........................... SKIPPED
[INFO] Hive HPL/SQL ...................................... SKIPPED
[INFO] Hive HWI .......................................... SKIPPED
[INFO] Hive ODBC ......................................... SKIPPED
[INFO] Hive Llap Server .................................. SKIPPED
[INFO] Hive Shims Aggregator ............................. SKIPPED
[INFO] Hive TestUtils .................................... SKIPPED
[INFO] Hive Packaging .................................... SKIPPED
[INFO] ------------------------------------------------------------------------
[INFO] BUILD FAILURE
[INFO] ------------------------------------------------------------------------
[INFO] Total time: 4:45.265s
[INFO] Finished at: Sun Feb 07 13:35:40 EST 2016
[INFO] Final Memory: 156M/1178M
[INFO] ------------------------------------------------------------------------
[WARNING] The requested profile &quot;hadoop-2&quot; could not be activated because it does not exist.
[ERROR] Failed to execute goal org.apache.maven.plugins:maven-compiler-plugin:3.1:compile (default-compile) on project hive-exec: Compilation failure
[ERROR] /data/hive-ptest/working/apache-github-source-source/ql/src/java/org/apache/hadoop/hive/ql/parse/TypeCheckProcFactory.java:[650,5] missing return statement
[ERROR] -&amp;gt; [Help 1]
[ERROR] 
[ERROR] To see the full stack trace of the errors, re-run Maven with the -e switch.
[ERROR] Re-run Maven using the -X switch to enable full debug logging.
[ERROR] 
[ERROR] For more information about the errors and possible solutions, please read the following articles:
[ERROR] [Help 1] http://cwiki.apache.org/confluence/display/MAVEN/MojoFailureException
[ERROR] 
[ERROR] After correcting the problems, you can resume the build with the command
[ERROR]   mvn &amp;lt;goals&amp;gt; -rf :hive-exec
+ exit 1
&apos;
&lt;/pre&gt;
&lt;/div&gt;&lt;/div&gt;

&lt;p&gt;This message is automatically generated.&lt;/p&gt;

&lt;p&gt;ATTACHMENT ID: 12786462 - PreCommit-HIVE-TRUNK-Build&lt;/p&gt;</comment>
                            <comment id="15138674" author="hiveqa" created="Tue, 9 Feb 2016 09:54:56 +0000"  >

&lt;p&gt;Here are the results of testing the latest attachment:&lt;br/&gt;
&lt;a href=&quot;https://issues.apache.org/jira/secure/attachment/12786791/HIVE-13000.2.patch&quot; class=&quot;external-link&quot; rel=&quot;nofollow&quot;&gt;https://issues.apache.org/jira/secure/attachment/12786791/HIVE-13000.2.patch&lt;/a&gt;&lt;/p&gt;

&lt;p&gt;&lt;font color=&quot;red&quot;&gt;ERROR:&lt;/font&gt; -1 due to no test(s) being added or modified.&lt;/p&gt;

&lt;p&gt;&lt;font color=&quot;red&quot;&gt;ERROR:&lt;/font&gt; -1 due to 33 failed/errored test(s), 10039 tests executed&lt;br/&gt;
&lt;b&gt;Failed tests:&lt;/b&gt;&lt;/p&gt;
&lt;div class=&quot;preformatted panel&quot; style=&quot;border-width: 1px;&quot;&gt;&lt;div class=&quot;preformattedContent panelContent&quot;&gt;
&lt;pre&gt;TestSparkCliDriver-timestamp_lazy.q-bucketsortoptimize_insert_4.q-date_udf.q-and-12-more - did not produce a TEST-*.xml file
org.apache.hadoop.hive.cli.TestCliDriver.testCliDriver_cbo_gby
org.apache.hadoop.hive.cli.TestCliDriver.testCliDriver_cbo_limit
org.apache.hadoop.hive.cli.TestCliDriver.testCliDriver_cbo_rp_cross_product_check_2
org.apache.hadoop.hive.cli.TestCliDriver.testCliDriver_cbo_rp_gby
org.apache.hadoop.hive.cli.TestCliDriver.testCliDriver_cbo_rp_limit
org.apache.hadoop.hive.cli.TestCliDriver.testCliDriver_cbo_rp_semijoin
org.apache.hadoop.hive.cli.TestCliDriver.testCliDriver_cbo_semijoin
org.apache.hadoop.hive.cli.TestCliDriver.testCliDriver_cross_product_check_1
org.apache.hadoop.hive.cli.TestCliDriver.testCliDriver_cross_product_check_2
org.apache.hadoop.hive.cli.TestCliDriver.testCliDriver_groupby_resolution
org.apache.hadoop.hive.cli.TestCliDriver.testCliDriver_notable_alias3
org.apache.hadoop.hive.cli.TestCliDriver.testCliDriver_special_character_in_tabnames_1
org.apache.hadoop.hive.cli.TestCliDriver.testCliDriver_subquery_exists_having
org.apache.hadoop.hive.cli.TestCliDriver.testCliDriver_subquery_views
org.apache.hadoop.hive.cli.TestMiniTezCliDriver.testCliDriver_cbo_gby
org.apache.hadoop.hive.cli.TestMiniTezCliDriver.testCliDriver_cbo_limit
org.apache.hadoop.hive.cli.TestMiniTezCliDriver.testCliDriver_cbo_semijoin
org.apache.hadoop.hive.cli.TestMiniTezCliDriver.testCliDriver_cross_product_check_1
org.apache.hadoop.hive.cli.TestMiniTezCliDriver.testCliDriver_cross_product_check_2
org.apache.hadoop.hive.cli.TestMiniTezCliDriver.testCliDriver_explainuser_1
org.apache.hadoop.hive.cli.TestNegativeCliDriver.testNegativeCliDriver_authorization_uri_import
org.apache.hadoop.hive.cli.TestNegativeCliDriver.testNegativeCliDriver_subquery_notexists_implicit_gby
org.apache.hadoop.hive.cli.TestSparkCliDriver.testCliDriver_cbo_gby
org.apache.hadoop.hive.cli.TestSparkCliDriver.testCliDriver_cbo_limit
org.apache.hadoop.hive.cli.TestSparkCliDriver.testCliDriver_cbo_semijoin
org.apache.hadoop.hive.cli.TestSparkCliDriver.testCliDriver_cross_product_check_1
org.apache.hadoop.hive.cli.TestSparkCliDriver.testCliDriver_cross_product_check_2
org.apache.hadoop.hive.cli.TestSparkCliDriver.testCliDriver_groupby_resolution
org.apache.hadoop.hive.ql.parse.TestParseNegative.testParseNegative_nonkey_groupby
org.apache.hive.jdbc.TestJdbcWithLocalClusterSpark.testSparkQuery
org.apache.hive.jdbc.TestJdbcWithLocalClusterSpark.testTempTable
org.apache.hive.jdbc.TestSSL.testSSLVersion
&lt;/pre&gt;
&lt;/div&gt;&lt;/div&gt;

&lt;p&gt;Test results: &lt;a href=&quot;http://ec2-174-129-184-35.compute-1.amazonaws.com/jenkins/job/PreCommit-HIVE-TRUNK-Build/6916/testReport&quot; class=&quot;external-link&quot; target=&quot;_blank&quot; rel=&quot;nofollow noopener&quot;&gt;http://ec2-174-129-184-35.compute-1.amazonaws.com/jenkins/job/PreCommit-HIVE-TRUNK-Build/6916/testReport&lt;/a&gt;&lt;br/&gt;
Console output: &lt;a href=&quot;http://ec2-174-129-184-35.compute-1.amazonaws.com/jenkins/job/PreCommit-HIVE-TRUNK-Build/6916/console&quot; class=&quot;external-link&quot; target=&quot;_blank&quot; rel=&quot;nofollow noopener&quot;&gt;http://ec2-174-129-184-35.compute-1.amazonaws.com/jenkins/job/PreCommit-HIVE-TRUNK-Build/6916/console&lt;/a&gt;&lt;br/&gt;
Test logs: &lt;a href=&quot;http://ec2-174-129-184-35.compute-1.amazonaws.com/logs/PreCommit-HIVE-TRUNK-Build-6916/&quot; class=&quot;external-link&quot; target=&quot;_blank&quot; rel=&quot;nofollow noopener&quot;&gt;http://ec2-174-129-184-35.compute-1.amazonaws.com/logs/PreCommit-HIVE-TRUNK-Build-6916/&lt;/a&gt;&lt;/p&gt;

&lt;p&gt;Messages:&lt;/p&gt;
&lt;div class=&quot;preformatted panel&quot; style=&quot;border-width: 1px;&quot;&gt;&lt;div class=&quot;preformattedContent panelContent&quot;&gt;
&lt;pre&gt;Executing org.apache.hive.ptest.execution.TestCheckPhase
Executing org.apache.hive.ptest.execution.PrepPhase
Executing org.apache.hive.ptest.execution.ExecutionPhase
Executing org.apache.hive.ptest.execution.ReportingPhase
Tests exited with: TestsFailedException: 33 tests failed
&lt;/pre&gt;
&lt;/div&gt;&lt;/div&gt;

&lt;p&gt;This message is automatically generated.&lt;/p&gt;

&lt;p&gt;ATTACHMENT ID: 12786791 - PreCommit-HIVE-TRUNK-Build&lt;/p&gt;</comment>
                            <comment id="15143543" author="hiveqa" created="Thu, 11 Feb 2016 21:31:10 +0000"  >

&lt;p&gt;Here are the results of testing the latest attachment:&lt;br/&gt;
&lt;a href=&quot;https://issues.apache.org/jira/secure/attachment/12787260/HIVE-13000.3.patch&quot; class=&quot;external-link&quot; rel=&quot;nofollow&quot;&gt;https://issues.apache.org/jira/secure/attachment/12787260/HIVE-13000.3.patch&lt;/a&gt;&lt;/p&gt;

&lt;p&gt;&lt;font color=&quot;red&quot;&gt;ERROR:&lt;/font&gt; -1 due to no test(s) being added or modified.&lt;/p&gt;

&lt;p&gt;&lt;font color=&quot;red&quot;&gt;ERROR:&lt;/font&gt; -1 due to 5 failed/errored test(s), 9775 tests executed&lt;br/&gt;
&lt;b&gt;Failed tests:&lt;/b&gt;&lt;/p&gt;
&lt;div class=&quot;preformatted panel&quot; style=&quot;border-width: 1px;&quot;&gt;&lt;div class=&quot;preformattedContent panelContent&quot;&gt;
&lt;pre&gt;org.apache.hadoop.hive.cli.TestCliDriver.testCliDriver_ivyDownload
org.apache.hadoop.hive.cli.TestNegativeCliDriver.testNegativeCliDriver_authorization_uri_import
org.apache.hadoop.hive.cli.TestNegativeCliDriver.testNegativeCliDriver_subquery_notexists_implicit_gby
org.apache.hadoop.hive.ql.parse.TestParseNegative.testParseNegative_nonkey_groupby
org.apache.hive.jdbc.TestSSL.testSSLVersion
&lt;/pre&gt;
&lt;/div&gt;&lt;/div&gt;

&lt;p&gt;Test results: &lt;a href=&quot;http://ec2-174-129-184-35.compute-1.amazonaws.com/jenkins/job/PreCommit-HIVE-TRUNK-Build/6946/testReport&quot; class=&quot;external-link&quot; target=&quot;_blank&quot; rel=&quot;nofollow noopener&quot;&gt;http://ec2-174-129-184-35.compute-1.amazonaws.com/jenkins/job/PreCommit-HIVE-TRUNK-Build/6946/testReport&lt;/a&gt;&lt;br/&gt;
Console output: &lt;a href=&quot;http://ec2-174-129-184-35.compute-1.amazonaws.com/jenkins/job/PreCommit-HIVE-TRUNK-Build/6946/console&quot; class=&quot;external-link&quot; target=&quot;_blank&quot; rel=&quot;nofollow noopener&quot;&gt;http://ec2-174-129-184-35.compute-1.amazonaws.com/jenkins/job/PreCommit-HIVE-TRUNK-Build/6946/console&lt;/a&gt;&lt;br/&gt;
Test logs: &lt;a href=&quot;http://ec2-174-129-184-35.compute-1.amazonaws.com/logs/PreCommit-HIVE-TRUNK-Build-6946/&quot; class=&quot;external-link&quot; target=&quot;_blank&quot; rel=&quot;nofollow noopener&quot;&gt;http://ec2-174-129-184-35.compute-1.amazonaws.com/logs/PreCommit-HIVE-TRUNK-Build-6946/&lt;/a&gt;&lt;/p&gt;

&lt;p&gt;Messages:&lt;/p&gt;
&lt;div class=&quot;preformatted panel&quot; style=&quot;border-width: 1px;&quot;&gt;&lt;div class=&quot;preformattedContent panelContent&quot;&gt;
&lt;pre&gt;Executing org.apache.hive.ptest.execution.TestCheckPhase
Executing org.apache.hive.ptest.execution.PrepPhase
Executing org.apache.hive.ptest.execution.ExecutionPhase
Executing org.apache.hive.ptest.execution.ReportingPhase
Tests exited with: TestsFailedException: 5 tests failed
&lt;/pre&gt;
&lt;/div&gt;&lt;/div&gt;

&lt;p&gt;This message is automatically generated.&lt;/p&gt;

&lt;p&gt;ATTACHMENT ID: 12787260 - PreCommit-HIVE-TRUNK-Build&lt;/p&gt;</comment>
                            <comment id="15147328" author="alina.abramova" created="Mon, 15 Feb 2016 13:10:40 +0000"  >&lt;p&gt;Have we any mention about this ticket?&lt;/p&gt;</comment>
                            <comment id="15261769" author="alina.abramova" created="Thu, 28 Apr 2016 08:42:39 +0000"  >&lt;p&gt;Please, could somebody take a look on this issue?&lt;/p&gt;</comment>
                            <comment id="15265540" author="hiveqa" created="Sat, 30 Apr 2016 23:10:43 +0000"  >

&lt;p&gt;Here are the results of testing the latest attachment:&lt;br/&gt;
&lt;a href=&quot;https://issues.apache.org/jira/secure/attachment/12787260/HIVE-13000.3.patch&quot; class=&quot;external-link&quot; rel=&quot;nofollow&quot;&gt;https://issues.apache.org/jira/secure/attachment/12787260/HIVE-13000.3.patch&lt;/a&gt;&lt;/p&gt;

&lt;p&gt;&lt;font color=&quot;red&quot;&gt;ERROR:&lt;/font&gt; -1 due to no test(s) being added or modified.&lt;/p&gt;

&lt;p&gt;&lt;font color=&quot;red&quot;&gt;ERROR:&lt;/font&gt; -1 due to 50 failed/errored test(s), 9975 tests executed&lt;br/&gt;
&lt;b&gt;Failed tests:&lt;/b&gt;&lt;/p&gt;
&lt;div class=&quot;preformatted panel&quot; style=&quot;border-width: 1px;&quot;&gt;&lt;div class=&quot;preformattedContent panelContent&quot;&gt;
&lt;pre&gt;TestHWISessionManager - did not produce a TEST-*.xml file
org.apache.hadoop.hive.cli.TestCliDriver.testCliDriver_groupby1_limit
org.apache.hadoop.hive.cli.TestCliDriver.testCliDriver_nomore_ambiguous_table_col
org.apache.hadoop.hive.cli.TestCliDriver.testCliDriver_regexp_extract
org.apache.hadoop.hive.cli.TestMiniSparkOnYarnCliDriver.testCliDriver_index_bitmap3
org.apache.hadoop.hive.cli.TestNegativeCliDriver.testNegativeCliDriver_clustern3
org.apache.hadoop.hive.cli.TestNegativeCliDriver.testNegativeCliDriver_clustern4
org.apache.hadoop.hive.cli.TestNegativeCliDriver.testNegativeCliDriver_nonkey_groupby
org.apache.hadoop.hive.cli.TestNegativeCliDriver.testNegativeCliDriver_selectDistinctStarNeg_2
org.apache.hadoop.hive.cli.TestNegativeCliDriver.testNegativeCliDriver_subquery_notexists_implicit_gby
org.apache.hadoop.hive.cli.TestNegativeCliDriver.testNegativeCliDriver_subquery_shared_alias
org.apache.hadoop.hive.cli.TestNegativeCliDriver.testNegativeCliDriver_udtf_not_supported1
org.apache.hadoop.hive.cli.TestNegativeMinimrCliDriver.testNegativeCliDriver_minimr_broken_pipe
org.apache.hadoop.hive.llap.tezplugins.TestLlapTaskCommunicator.testFinishableStateUpdateFailure
org.apache.hadoop.hive.llap.tezplugins.TestLlapTaskSchedulerService.testDelayedLocalityNodeCommErrorImmediateAllocation
org.apache.hadoop.hive.metastore.TestAuthzApiEmbedAuthorizerInRemote.org.apache.hadoop.hive.metastore.TestAuthzApiEmbedAuthorizerInRemote
org.apache.hadoop.hive.metastore.TestFilterHooks.org.apache.hadoop.hive.metastore.TestFilterHooks
org.apache.hadoop.hive.metastore.TestHiveMetaStoreGetMetaConf.testGetMetaConfDefault
org.apache.hadoop.hive.metastore.TestHiveMetaStorePartitionSpecs.testAddPartitions
org.apache.hadoop.hive.metastore.TestHiveMetaStorePartitionSpecs.testFetchingPartitionsWithDifferentSchemas
org.apache.hadoop.hive.metastore.TestHiveMetaStorePartitionSpecs.testGetPartitionSpecs_WithAndWithoutPartitionGrouping
org.apache.hadoop.hive.metastore.TestMetaStoreEndFunctionListener.testEndFunctionListener
org.apache.hadoop.hive.metastore.TestMetaStoreEventListenerOnlyOnCommit.testEventStatus
org.apache.hadoop.hive.metastore.TestMetaStoreInitListener.testMetaStoreInitListener
org.apache.hadoop.hive.metastore.TestMetaStoreMetrics.org.apache.hadoop.hive.metastore.TestMetaStoreMetrics
org.apache.hadoop.hive.metastore.TestPartitionNameWhitelistValidation.testAppendPartitionWithCommas
org.apache.hadoop.hive.metastore.TestPartitionNameWhitelistValidation.testAppendPartitionWithValidCharacters
org.apache.hadoop.hive.metastore.TestRetryingHMSHandler.testRetryingHMSHandler
org.apache.hadoop.hive.ql.parse.TestParseNegative.testParseNegative_nonkey_groupby
org.apache.hadoop.hive.ql.security.TestClientSideAuthorizationProvider.testSimplePrivileges
org.apache.hadoop.hive.ql.security.TestExtendedAcls.org.apache.hadoop.hive.ql.security.TestExtendedAcls
org.apache.hadoop.hive.ql.security.TestFolderPermissions.org.apache.hadoop.hive.ql.security.TestFolderPermissions
org.apache.hadoop.hive.ql.security.TestMetastoreAuthorizationProvider.testSimplePrivileges
org.apache.hadoop.hive.ql.security.TestMultiAuthorizationPreEventListener.org.apache.hadoop.hive.ql.security.TestMultiAuthorizationPreEventListener
org.apache.hadoop.hive.ql.security.TestStorageBasedClientSideAuthorizationProvider.testSimplePrivileges
org.apache.hadoop.hive.ql.security.TestStorageBasedMetastoreAuthorizationDrops.testDropPartition
org.apache.hadoop.hive.ql.security.TestStorageBasedMetastoreAuthorizationProvider.testSimplePrivileges
org.apache.hadoop.hive.ql.security.TestStorageBasedMetastoreAuthorizationProviderWithACL.testSimplePrivileges
org.apache.hadoop.hive.ql.security.TestStorageBasedMetastoreAuthorizationReads.testReadDbSuccess
org.apache.hadoop.hive.ql.security.TestStorageBasedMetastoreAuthorizationReads.testReadTableFailure
org.apache.hadoop.hive.thrift.TestHadoopAuthBridge23.testDelegationTokenSharedStore
org.apache.hadoop.hive.thrift.TestHadoopAuthBridge23.testMetastoreProxyUser
org.apache.hadoop.hive.thrift.TestHadoopAuthBridge23.testSaslWithHiveMetaStore
org.apache.hive.hcatalog.api.repl.commands.TestCommands.org.apache.hive.hcatalog.api.repl.commands.TestCommands
org.apache.hive.hcatalog.listener.TestDbNotificationListener.sqlInsertPartition
org.apache.hive.jdbc.TestSSL.testSSLFetchHttp
org.apache.hive.minikdc.TestJdbcWithDBTokenStore.org.apache.hive.minikdc.TestJdbcWithDBTokenStore
org.apache.hive.service.TestHS2ImpersonationWithRemoteMS.org.apache.hive.service.TestHS2ImpersonationWithRemoteMS
org.apache.hive.spark.client.TestSparkClient.testJobSubmission
org.apache.hive.spark.client.TestSparkClient.testSyncRpc
&lt;/pre&gt;
&lt;/div&gt;&lt;/div&gt;

&lt;p&gt;Test results: &lt;a href=&quot;http://ec2-54-177-240-2.us-west-1.compute.amazonaws.com/job/PreCommit-HIVE-MASTER-Build/135/testReport&quot; class=&quot;external-link&quot; target=&quot;_blank&quot; rel=&quot;nofollow noopener&quot;&gt;http://ec2-54-177-240-2.us-west-1.compute.amazonaws.com/job/PreCommit-HIVE-MASTER-Build/135/testReport&lt;/a&gt;&lt;br/&gt;
Console output: &lt;a href=&quot;http://ec2-54-177-240-2.us-west-1.compute.amazonaws.com/job/PreCommit-HIVE-MASTER-Build/135/console&quot; class=&quot;external-link&quot; target=&quot;_blank&quot; rel=&quot;nofollow noopener&quot;&gt;http://ec2-54-177-240-2.us-west-1.compute.amazonaws.com/job/PreCommit-HIVE-MASTER-Build/135/console&lt;/a&gt;&lt;br/&gt;
Test logs: &lt;a href=&quot;http://ec2-50-18-27-0.us-west-1.compute.amazonaws.com/logs/PreCommit-HIVE-MASTER-Build-135/&quot; class=&quot;external-link&quot; target=&quot;_blank&quot; rel=&quot;nofollow noopener&quot;&gt;http://ec2-50-18-27-0.us-west-1.compute.amazonaws.com/logs/PreCommit-HIVE-MASTER-Build-135/&lt;/a&gt;&lt;/p&gt;

&lt;p&gt;Messages:&lt;/p&gt;
&lt;div class=&quot;preformatted panel&quot; style=&quot;border-width: 1px;&quot;&gt;&lt;div class=&quot;preformattedContent panelContent&quot;&gt;
&lt;pre&gt;Executing org.apache.hive.ptest.execution.TestCheckPhase
Executing org.apache.hive.ptest.execution.PrepPhase
Executing org.apache.hive.ptest.execution.ExecutionPhase
Executing org.apache.hive.ptest.execution.ReportingPhase
Tests exited with: TestsFailedException: 50 tests failed
&lt;/pre&gt;
&lt;/div&gt;&lt;/div&gt;

&lt;p&gt;This message is automatically generated.&lt;/p&gt;

&lt;p&gt;ATTACHMENT ID: 12787260 - PreCommit-HIVE-MASTER-Build&lt;/p&gt;</comment>
                            <comment id="15298022" author="hiveqa" created="Tue, 24 May 2016 10:05:46 +0000"  >

&lt;p&gt;Here are the results of testing the latest attachment:&lt;br/&gt;
&lt;a href=&quot;https://issues.apache.org/jira/secure/attachment/12805602/HIVE-13000.4.patch&quot; class=&quot;external-link&quot; rel=&quot;nofollow&quot;&gt;https://issues.apache.org/jira/secure/attachment/12805602/HIVE-13000.4.patch&lt;/a&gt;&lt;/p&gt;

&lt;p&gt;&lt;font color=&quot;red&quot;&gt;ERROR:&lt;/font&gt; -1 due to no test(s) being added or modified.&lt;/p&gt;

&lt;p&gt;&lt;font color=&quot;red&quot;&gt;ERROR:&lt;/font&gt; -1 due to 71 failed/errored test(s), 9942 tests executed&lt;br/&gt;
&lt;b&gt;Failed tests:&lt;/b&gt;&lt;/p&gt;
&lt;div class=&quot;preformatted panel&quot; style=&quot;border-width: 1px;&quot;&gt;&lt;div class=&quot;preformattedContent panelContent&quot;&gt;
&lt;pre&gt;TestHWISessionManager - did not produce a TEST-*.xml file
TestMiniTezCliDriver-auto_join30.q-vector_decimal_10_0.q-acid_globallimit.q-and-12-more - did not produce a TEST-*.xml file
TestMiniTezCliDriver-auto_sortmerge_join_16.q-skewjoin.q-vectorization_div0.q-and-12-more - did not produce a TEST-*.xml file
TestMiniTezCliDriver-explainuser_4.q-update_after_multiple_inserts.q-mapreduce2.q-and-12-more - did not produce a TEST-*.xml file
TestMiniTezCliDriver-mapjoin_mapjoin.q-insert_into1.q-vector_decimal_2.q-and-12-more - did not produce a TEST-*.xml file
TestMiniTezCliDriver-schema_evol_text_nonvec_mapwork_table.q-vector_decimal_trailing.q-subquery_in.q-and-12-more - did not produce a TEST-*.xml file
TestSparkCliDriver-bucketsortoptimize_insert_7.q-smb_mapjoin_15.q-mapreduce1.q-and-12-more - did not produce a TEST-*.xml file
TestSparkCliDriver-groupby2_noskew_multi_distinct.q-vectorization_10.q-list_bucket_dml_2.q-and-12-more - did not produce a TEST-*.xml file
TestSparkCliDriver-join4.q-groupby_cube1.q-auto_join20.q-and-12-more - did not produce a TEST-*.xml file
TestSparkCliDriver-join_cond_pushdown_unqual4.q-bucketmapjoin12.q-avro_decimal_native.q-and-12-more - did not produce a TEST-*.xml file
TestSparkCliDriver-smb_mapjoin_4.q-groupby8_map.q-groupby4_map.q-and-12-more - did not produce a TEST-*.xml file
TestSparkCliDriver-table_access_keys_stats.q-bucketsortoptimize_insert_4.q-runtime_skewjoin_mapjoin_spark.q-and-12-more - did not produce a TEST-*.xml file
org.apache.hadoop.hive.cli.TestCliDriver.testCliDriver_ivyDownload
org.apache.hadoop.hive.cli.TestHBaseCliDriver.testCliDriver_hbase_queries
org.apache.hadoop.hive.cli.TestMiniSparkOnYarnCliDriver.testCliDriver_bucket4
org.apache.hadoop.hive.cli.TestMiniSparkOnYarnCliDriver.testCliDriver_bucket5
org.apache.hadoop.hive.cli.TestMiniSparkOnYarnCliDriver.testCliDriver_bucket6
org.apache.hadoop.hive.cli.TestMiniSparkOnYarnCliDriver.testCliDriver_constprog_partitioner
org.apache.hadoop.hive.cli.TestMiniSparkOnYarnCliDriver.testCliDriver_disable_merge_for_bucketing
org.apache.hadoop.hive.cli.TestMiniSparkOnYarnCliDriver.testCliDriver_index_bitmap3
org.apache.hadoop.hive.cli.TestMiniSparkOnYarnCliDriver.testCliDriver_infer_bucket_sort_map_operators
org.apache.hadoop.hive.cli.TestMiniSparkOnYarnCliDriver.testCliDriver_infer_bucket_sort_num_buckets
org.apache.hadoop.hive.cli.TestMiniSparkOnYarnCliDriver.testCliDriver_infer_bucket_sort_reducers_power_two
org.apache.hadoop.hive.cli.TestMiniSparkOnYarnCliDriver.testCliDriver_list_bucket_dml_10
org.apache.hadoop.hive.cli.TestMiniSparkOnYarnCliDriver.testCliDriver_orc_merge1
org.apache.hadoop.hive.cli.TestMiniSparkOnYarnCliDriver.testCliDriver_orc_merge2
org.apache.hadoop.hive.cli.TestMiniSparkOnYarnCliDriver.testCliDriver_orc_merge9
org.apache.hadoop.hive.cli.TestMiniSparkOnYarnCliDriver.testCliDriver_orc_merge_diff_fs
org.apache.hadoop.hive.cli.TestMiniSparkOnYarnCliDriver.testCliDriver_reduce_deduplicate
org.apache.hadoop.hive.cli.TestMiniSparkOnYarnCliDriver.testCliDriver_vector_outer_join1
org.apache.hadoop.hive.cli.TestMiniSparkOnYarnCliDriver.testCliDriver_vector_outer_join2
org.apache.hadoop.hive.cli.TestMiniSparkOnYarnCliDriver.testCliDriver_vector_outer_join3
org.apache.hadoop.hive.cli.TestMiniSparkOnYarnCliDriver.testCliDriver_vector_outer_join4
org.apache.hadoop.hive.cli.TestMiniSparkOnYarnCliDriver.testCliDriver_vector_outer_join5
org.apache.hadoop.hive.cli.TestMiniTezCliDriver.testCliDriver_vector_complex_all
org.apache.hadoop.hive.cli.TestNegativeCliDriver.testNegativeCliDriver_subquery_notexists_implicit_gby
org.apache.hadoop.hive.cli.TestNegativeMinimrCliDriver.testNegativeCliDriver_minimr_broken_pipe
org.apache.hadoop.hive.llap.daemon.impl.comparator.TestFirstInFirstOutComparator.testWaitQueueComparatorWithinDagPriority
org.apache.hadoop.hive.llap.daemon.impl.comparator.TestShortestJobFirstComparator.testWaitQueueComparator
org.apache.hadoop.hive.llap.daemon.impl.comparator.TestShortestJobFirstComparator.testWaitQueueComparatorParallelism
org.apache.hadoop.hive.llap.daemon.impl.comparator.TestShortestJobFirstComparator.testWaitQueueComparatorWithinDagPriority
org.apache.hadoop.hive.llap.tez.TestConverters.testFragmentSpecToTaskSpec
org.apache.hadoop.hive.llap.tezplugins.TestLlapTaskCommunicator.testFinishableStateUpdateFailure
org.apache.hadoop.hive.metastore.TestAuthzApiEmbedAuthorizerInRemote.org.apache.hadoop.hive.metastore.TestAuthzApiEmbedAuthorizerInRemote
org.apache.hadoop.hive.metastore.TestFilterHooks.org.apache.hadoop.hive.metastore.TestFilterHooks
org.apache.hadoop.hive.metastore.TestHiveMetaStoreGetMetaConf.org.apache.hadoop.hive.metastore.TestHiveMetaStoreGetMetaConf
org.apache.hadoop.hive.metastore.TestHiveMetaStorePartitionSpecs.org.apache.hadoop.hive.metastore.TestHiveMetaStorePartitionSpecs
org.apache.hadoop.hive.metastore.TestMetaStoreEventListenerOnlyOnCommit.testEventStatus
org.apache.hadoop.hive.metastore.TestMetaStoreMetrics.org.apache.hadoop.hive.metastore.TestMetaStoreMetrics
org.apache.hadoop.hive.metastore.TestPartitionNameWhitelistValidation.testAddPartitionWithUnicode
org.apache.hadoop.hive.metastore.TestPartitionNameWhitelistValidation.testAddPartitionWithValidPartVal
org.apache.hadoop.hive.metastore.TestPartitionNameWhitelistValidation.testAppendPartitionWithCommas
org.apache.hadoop.hive.metastore.TestPartitionNameWhitelistValidation.testAppendPartitionWithUnicode
org.apache.hadoop.hive.metastore.TestPartitionNameWhitelistValidation.testAppendPartitionWithValidCharacters
org.apache.hadoop.hive.ql.parse.TestParseNegative.testParseNegative_nonkey_groupby
org.apache.hadoop.hive.ql.security.TestClientSideAuthorizationProvider.testSimplePrivileges
org.apache.hadoop.hive.ql.security.TestFolderPermissions.org.apache.hadoop.hive.ql.security.TestFolderPermissions
org.apache.hadoop.hive.ql.security.TestStorageBasedClientSideAuthorizationProvider.testSimplePrivileges
org.apache.hadoop.hive.ql.security.TestStorageBasedMetastoreAuthorizationProvider.testSimplePrivileges
org.apache.hadoop.hive.ql.security.TestStorageBasedMetastoreAuthorizationReads.testReadDbFailure
org.apache.hadoop.hive.ql.security.TestStorageBasedMetastoreAuthorizationReads.testReadDbSuccess
org.apache.hadoop.hive.ql.security.TestStorageBasedMetastoreAuthorizationReads.testReadTableFailure
org.apache.hadoop.hive.ql.security.TestStorageBasedMetastoreAuthorizationReads.testReadTableSuccess
org.apache.hadoop.hive.thrift.TestHadoopAuthBridge23.testSaslWithHiveMetaStore
org.apache.hive.hcatalog.api.TestHCatClient.org.apache.hive.hcatalog.api.TestHCatClient
org.apache.hive.minikdc.TestJdbcNonKrbSASLWithMiniKdc.org.apache.hive.minikdc.TestJdbcNonKrbSASLWithMiniKdc
org.apache.hive.minikdc.TestJdbcWithDBTokenStore.testConnection
org.apache.hive.minikdc.TestJdbcWithDBTokenStore.testNegativeTokenAuth
org.apache.hive.minikdc.TestJdbcWithDBTokenStore.testProxyAuth
org.apache.hive.minikdc.TestJdbcWithDBTokenStore.testTokenAuth
org.apache.hive.spark.client.TestSparkClient.testSyncRpc
&lt;/pre&gt;
&lt;/div&gt;&lt;/div&gt;

&lt;p&gt;Test results: &lt;a href=&quot;http://ec2-54-177-240-2.us-west-1.compute.amazonaws.com/job/PreCommit-HIVE-MASTER-Build/373/testReport&quot; class=&quot;external-link&quot; target=&quot;_blank&quot; rel=&quot;nofollow noopener&quot;&gt;http://ec2-54-177-240-2.us-west-1.compute.amazonaws.com/job/PreCommit-HIVE-MASTER-Build/373/testReport&lt;/a&gt;&lt;br/&gt;
Console output: &lt;a href=&quot;http://ec2-54-177-240-2.us-west-1.compute.amazonaws.com/job/PreCommit-HIVE-MASTER-Build/373/console&quot; class=&quot;external-link&quot; target=&quot;_blank&quot; rel=&quot;nofollow noopener&quot;&gt;http://ec2-54-177-240-2.us-west-1.compute.amazonaws.com/job/PreCommit-HIVE-MASTER-Build/373/console&lt;/a&gt;&lt;br/&gt;
Test logs: &lt;a href=&quot;http://ec2-50-18-27-0.us-west-1.compute.amazonaws.com/logs/PreCommit-HIVE-MASTER-Build-373/&quot; class=&quot;external-link&quot; target=&quot;_blank&quot; rel=&quot;nofollow noopener&quot;&gt;http://ec2-50-18-27-0.us-west-1.compute.amazonaws.com/logs/PreCommit-HIVE-MASTER-Build-373/&lt;/a&gt;&lt;/p&gt;

&lt;p&gt;Messages:&lt;/p&gt;
&lt;div class=&quot;preformatted panel&quot; style=&quot;border-width: 1px;&quot;&gt;&lt;div class=&quot;preformattedContent panelContent&quot;&gt;
&lt;pre&gt;Executing org.apache.hive.ptest.execution.TestCheckPhase
Executing org.apache.hive.ptest.execution.PrepPhase
Executing org.apache.hive.ptest.execution.ExecutionPhase
Executing org.apache.hive.ptest.execution.ReportingPhase
Tests exited with: TestsFailedException: 71 tests failed
&lt;/pre&gt;
&lt;/div&gt;&lt;/div&gt;

&lt;p&gt;This message is automatically generated.&lt;/p&gt;

&lt;p&gt;ATTACHMENT ID: 12805602 - PreCommit-HIVE-MASTER-Build&lt;/p&gt;</comment>
                            <comment id="15536118" author="osayankin" created="Fri, 30 Sep 2016 14:18:36 +0000"  >&lt;p&gt;Can anybody review the patch? Is it ok or not?&lt;/p&gt;</comment>
                            <comment id="15536287" author="hiveqa" created="Fri, 30 Sep 2016 15:33:28 +0000"  >

&lt;p&gt;Here are the results of testing the latest attachment:&lt;br/&gt;
&lt;a href=&quot;https://issues.apache.org/jira/secure/attachment/12805602/HIVE-13000.4.patch&quot; class=&quot;external-link&quot; rel=&quot;nofollow&quot;&gt;https://issues.apache.org/jira/secure/attachment/12805602/HIVE-13000.4.patch&lt;/a&gt;&lt;/p&gt;

&lt;p&gt;&lt;font color=&quot;red&quot;&gt;ERROR:&lt;/font&gt; -1 due to no test(s) being added or modified.&lt;/p&gt;

&lt;p&gt;&lt;font color=&quot;red&quot;&gt;ERROR:&lt;/font&gt; -1 due to 8 failed/errored test(s), 10650 tests executed&lt;br/&gt;
&lt;b&gt;Failed tests:&lt;/b&gt;&lt;/p&gt;
&lt;div class=&quot;preformatted panel&quot; style=&quot;border-width: 1px;&quot;&gt;&lt;div class=&quot;preformattedContent panelContent&quot;&gt;
&lt;pre&gt;org.apache.hadoop.hive.cli.TestCliDriver.testCliDriver[acid_mapjoin]
org.apache.hadoop.hive.cli.TestCliDriver.testCliDriver[ctas]
org.apache.hadoop.hive.cli.TestCliDriver.testCliDriver[vector_join_part_col_char]
org.apache.hadoop.hive.cli.TestMiniTezCliDriver.testCliDriver[explainuser_3]
org.apache.hadoop.hive.cli.TestNegativeCliDriver.testCliDriver[subquery_notexists_implicit_gby]
org.apache.hadoop.hive.metastore.TestMetaStoreMetrics.testMetaDataCounts
org.apache.hadoop.hive.ql.parse.TestParseNegativeDriver.testCliDriver[nonkey_groupby]
org.apache.hive.jdbc.TestJdbcWithMiniHS2.testAddJarConstructorUnCaching
&lt;/pre&gt;
&lt;/div&gt;&lt;/div&gt;

&lt;p&gt;Test results: &lt;a href=&quot;https://builds.apache.org/job/PreCommit-HIVE-Build/1361/testReport&quot; class=&quot;external-link&quot; target=&quot;_blank&quot; rel=&quot;nofollow noopener&quot;&gt;https://builds.apache.org/job/PreCommit-HIVE-Build/1361/testReport&lt;/a&gt;&lt;br/&gt;
Console output: &lt;a href=&quot;https://builds.apache.org/job/PreCommit-HIVE-Build/1361/console&quot; class=&quot;external-link&quot; target=&quot;_blank&quot; rel=&quot;nofollow noopener&quot;&gt;https://builds.apache.org/job/PreCommit-HIVE-Build/1361/console&lt;/a&gt;&lt;br/&gt;
Test logs: &lt;a href=&quot;http://ec2-204-236-174-241.us-west-1.compute.amazonaws.com/logs/PreCommit-HIVE-Build-1361/&quot; class=&quot;external-link&quot; target=&quot;_blank&quot; rel=&quot;nofollow noopener&quot;&gt;http://ec2-204-236-174-241.us-west-1.compute.amazonaws.com/logs/PreCommit-HIVE-Build-1361/&lt;/a&gt;&lt;/p&gt;

&lt;p&gt;Messages:&lt;/p&gt;
&lt;div class=&quot;preformatted panel&quot; style=&quot;border-width: 1px;&quot;&gt;&lt;div class=&quot;preformattedContent panelContent&quot;&gt;
&lt;pre&gt;Executing org.apache.hive.ptest.execution.TestCheckPhase
Executing org.apache.hive.ptest.execution.PrepPhase
Executing org.apache.hive.ptest.execution.ExecutionPhase
Executing org.apache.hive.ptest.execution.ReportingPhase
Tests exited with: TestsFailedException: 8 tests failed
&lt;/pre&gt;
&lt;/div&gt;&lt;/div&gt;

&lt;p&gt;This message is automatically generated.&lt;/p&gt;

&lt;p&gt;ATTACHMENT ID: 12805602 - PreCommit-HIVE-Build&lt;/p&gt;</comment>
                            <comment id="15615705" author="osayankin" created="Fri, 28 Oct 2016 15:22:41 +0000"  >&lt;p&gt;Any updates here? Is the patch ok?&lt;/p&gt;</comment>
                            <comment id="15616606" author="ekoifman" created="Fri, 28 Oct 2016 21:14:08 +0000"  >&lt;p&gt;could you add a test case?&lt;/p&gt;</comment>
                            <comment id="15647490" author="alina.abramova" created="Tue, 8 Nov 2016 12:55:38 +0000"  >&lt;p&gt;Test case was added&lt;/p&gt;</comment>
                            <comment id="15648396" author="hiveqa" created="Tue, 8 Nov 2016 18:37:37 +0000"  >

&lt;p&gt;Here are the results of testing the latest attachment:&lt;br/&gt;
&lt;a href=&quot;https://issues.apache.org/jira/secure/attachment/12837969/HIVE-13000.5.patch&quot; class=&quot;external-link&quot; rel=&quot;nofollow&quot;&gt;https://issues.apache.org/jira/secure/attachment/12837969/HIVE-13000.5.patch&lt;/a&gt;&lt;/p&gt;

&lt;p&gt;&lt;font color=&quot;green&quot;&gt;SUCCESS:&lt;/font&gt; +1 due to 1 test(s) being added or modified.&lt;/p&gt;

&lt;p&gt;&lt;font color=&quot;red&quot;&gt;ERROR:&lt;/font&gt; -1 due to 6 failed/errored test(s), 10631 tests executed&lt;br/&gt;
&lt;b&gt;Failed tests:&lt;/b&gt;&lt;/p&gt;
&lt;div class=&quot;preformatted panel&quot; style=&quot;border-width: 1px;&quot;&gt;&lt;div class=&quot;preformattedContent panelContent&quot;&gt;
&lt;pre&gt;org.apache.hadoop.hive.cli.TestMiniLlapCliDriver.testCliDriver[orc_llap_counters] (batchId=135)
org.apache.hadoop.hive.cli.TestMiniLlapLocalCliDriver.testCliDriver[join_acid_non_acid] (batchId=150)
org.apache.hadoop.hive.cli.TestMiniLlapLocalCliDriver.testCliDriver[union_fast_stats] (batchId=145)
org.apache.hadoop.hive.cli.TestNegativeCliDriver.testCliDriver[groupby_struct] (batchId=83)
org.apache.hadoop.hive.cli.TestNegativeCliDriver.testCliDriver[subquery_notexists_implicit_gby] (batchId=83)
org.apache.hadoop.hive.ql.parse.TestParseNegativeDriver.testCliDriver[nonkey_groupby] (batchId=223)
&lt;/pre&gt;
&lt;/div&gt;&lt;/div&gt;

&lt;p&gt;Test results: &lt;a href=&quot;https://builds.apache.org/job/PreCommit-HIVE-Build/2027/testReport&quot; class=&quot;external-link&quot; target=&quot;_blank&quot; rel=&quot;nofollow noopener&quot;&gt;https://builds.apache.org/job/PreCommit-HIVE-Build/2027/testReport&lt;/a&gt;&lt;br/&gt;
Console output: &lt;a href=&quot;https://builds.apache.org/job/PreCommit-HIVE-Build/2027/console&quot; class=&quot;external-link&quot; target=&quot;_blank&quot; rel=&quot;nofollow noopener&quot;&gt;https://builds.apache.org/job/PreCommit-HIVE-Build/2027/console&lt;/a&gt;&lt;br/&gt;
Test logs: &lt;a href=&quot;http://104.198.109.242/logs/PreCommit-HIVE-Build-2027/&quot; class=&quot;external-link&quot; target=&quot;_blank&quot; rel=&quot;nofollow noopener&quot;&gt;http://104.198.109.242/logs/PreCommit-HIVE-Build-2027/&lt;/a&gt;&lt;/p&gt;

&lt;p&gt;Messages:&lt;/p&gt;
&lt;div class=&quot;preformatted panel&quot; style=&quot;border-width: 1px;&quot;&gt;&lt;div class=&quot;preformattedContent panelContent&quot;&gt;
&lt;pre&gt;Executing org.apache.hive.ptest.execution.TestCheckPhase
Executing org.apache.hive.ptest.execution.PrepPhase
Executing org.apache.hive.ptest.execution.ExecutionPhase
Executing org.apache.hive.ptest.execution.ReportingPhase
Tests exited with: TestsFailedException: 6 tests failed
&lt;/pre&gt;
&lt;/div&gt;&lt;/div&gt;

&lt;p&gt;This message is automatically generated.&lt;/p&gt;

&lt;p&gt;ATTACHMENT ID: 12837969 - PreCommit-HIVE-Build&lt;/p&gt;</comment>
                            <comment id="16303338" author="amrk7" created="Mon, 25 Dec 2017 18:09:55 +0000"  >&lt;p&gt;Is there anything pending here? We are facing the same issue. &lt;/p&gt;

&lt;p&gt;We would be able to contribute if anything more is needed.&lt;/p&gt;</comment>
                            <comment id="16303367" author="hiveqa" created="Mon, 25 Dec 2017 20:10:11 +0000"  >

&lt;p&gt;Here are the results of testing the latest attachment:&lt;br/&gt;
&lt;a href=&quot;https://issues.apache.org/jira/secure/attachment/12837969/HIVE-13000.5.patch&quot; class=&quot;external-link&quot; rel=&quot;nofollow&quot;&gt;https://issues.apache.org/jira/secure/attachment/12837969/HIVE-13000.5.patch&lt;/a&gt;&lt;/p&gt;

&lt;p&gt;&lt;font color=&quot;red&quot;&gt;ERROR:&lt;/font&gt; -1 due to build exiting with an error&lt;/p&gt;

&lt;p&gt;Test results: &lt;a href=&quot;https://builds.apache.org/job/PreCommit-HIVE-Build/8377/testReport&quot; class=&quot;external-link&quot; target=&quot;_blank&quot; rel=&quot;nofollow noopener&quot;&gt;https://builds.apache.org/job/PreCommit-HIVE-Build/8377/testReport&lt;/a&gt;&lt;br/&gt;
Console output: &lt;a href=&quot;https://builds.apache.org/job/PreCommit-HIVE-Build/8377/console&quot; class=&quot;external-link&quot; target=&quot;_blank&quot; rel=&quot;nofollow noopener&quot;&gt;https://builds.apache.org/job/PreCommit-HIVE-Build/8377/console&lt;/a&gt;&lt;br/&gt;
Test logs: &lt;a href=&quot;http://104.198.109.242/logs/PreCommit-HIVE-Build-8377/&quot; class=&quot;external-link&quot; target=&quot;_blank&quot; rel=&quot;nofollow noopener&quot;&gt;http://104.198.109.242/logs/PreCommit-HIVE-Build-8377/&lt;/a&gt;&lt;/p&gt;

&lt;p&gt;Messages:&lt;/p&gt;
&lt;div class=&quot;preformatted panel&quot; style=&quot;border-width: 1px;&quot;&gt;&lt;div class=&quot;preformattedContent panelContent&quot;&gt;
&lt;pre&gt;Executing org.apache.hive.ptest.execution.TestCheckPhase
Executing org.apache.hive.ptest.execution.PrepPhase
Tests exited with: NonZeroExitCodeException
Command &apos;bash /data/hiveptest/working/scratch/source-prep.sh&apos; failed with exit status 1 and output &apos;+ date &apos;+%Y-%m-%d %T.%3N&apos;
2017-12-25 20:08:45.518
+ [[ -n /usr/lib/jvm/java-8-openjdk-amd64 ]]
+ export JAVA_HOME=/usr/lib/jvm/java-8-openjdk-amd64
+ JAVA_HOME=/usr/lib/jvm/java-8-openjdk-amd64
+ export PATH=/usr/lib/jvm/java-8-openjdk-amd64/bin/:/usr/local/bin:/usr/bin:/bin:/usr/local/games:/usr/games
+ PATH=/usr/lib/jvm/java-8-openjdk-amd64/bin/:/usr/local/bin:/usr/bin:/bin:/usr/local/games:/usr/games
+ export &apos;ANT_OPTS=-Xmx1g -XX:MaxPermSize=256m &apos;
+ ANT_OPTS=&apos;-Xmx1g -XX:MaxPermSize=256m &apos;
+ export &apos;MAVEN_OPTS=-Xmx1g &apos;
+ MAVEN_OPTS=&apos;-Xmx1g &apos;
+ cd /data/hiveptest/working/
+ tee /data/hiveptest/logs/PreCommit-HIVE-Build-8377/source-prep.txt
+ [[ false == \t\r\u\e ]]
+ mkdir -p maven ivy
+ [[ git = \s\v\n ]]
+ [[ git = \g\i\t ]]
+ [[ -z master ]]
+ [[ -d apache-github-source-source ]]
+ [[ ! -d apache-github-source-source/.git ]]
+ [[ ! -d apache-github-source-source ]]
+ date &apos;+%Y-%m-%d %T.%3N&apos;
2017-12-25 20:08:45.520
+ cd apache-github-source-source
+ git fetch origin
+ git reset --hard HEAD
HEAD is now at 035eca3 HIVE-18331 : Renew the Kerberos ticket used by Druid Query runner (Slim Bouguerra via Sergey Shelukhin)
+ git clean -f -d
+ git checkout master
Already on &apos;master&apos;
Your branch is up-to-date with &apos;origin/master&apos;.
+ git reset --hard origin/master
HEAD is now at 035eca3 HIVE-18331 : Renew the Kerberos ticket used by Druid Query runner (Slim Bouguerra via Sergey Shelukhin)
+ git merge --ff-only origin/master
Already up-to-date.
+ date &apos;+%Y-%m-%d %T.%3N&apos;
2017-12-25 20:08:51.448
+ rm -rf ../yetus
+ mkdir ../yetus
+ cp -R . ../yetus
+ mkdir /data/hiveptest/logs/PreCommit-HIVE-Build-8377/yetus
+ patchCommandPath=/data/hiveptest/working/scratch/smart-apply-patch.sh
+ patchFilePath=/data/hiveptest/working/scratch/build.patch
+ [[ -f /data/hiveptest/working/scratch/build.patch ]]
+ chmod +x /data/hiveptest/working/scratch/smart-apply-patch.sh
+ /data/hiveptest/working/scratch/smart-apply-patch.sh /data/hiveptest/working/scratch/build.patch
error: a/ql/src/java/org/apache/hadoop/hive/ql/parse/SemanticAnalyzer.java: does not exist in index
error: a/ql/src/test/queries/clientnegative/groupby_struct.q: does not exist in index
error: a/ql/src/test/results/clientnegative/groupby_struct.q: does not exist in index
error: ql/src/test/queries/clientnegative/groupby_struct.q: does not exist in index
error: ql/src/test/results/clientnegative/groupby_struct.q: does not exist in index
error: src/java/org/apache/hadoop/hive/ql/parse/SemanticAnalyzer.java: does not exist in index
error: src/test/queries/clientnegative/groupby_struct.q: does not exist in index
error: src/test/results/clientnegative/groupby_struct.q: does not exist in index
The patch does not appear to apply with p0, p1, or p2
+ exit 1
&apos;
&lt;/pre&gt;
&lt;/div&gt;&lt;/div&gt;

&lt;p&gt;This message is automatically generated.&lt;/p&gt;

&lt;p&gt;ATTACHMENT ID: 12837969 - PreCommit-HIVE-Build&lt;/p&gt;</comment>
                            <comment id="16305600" author="amrk7" created="Thu, 28 Dec 2017 17:09:55 +0000"  >&lt;p&gt;&lt;a href=&quot;https://issues.apache.org/jira/secure/ViewProfile.jspa?name=alina.abramova&quot; class=&quot;user-hover&quot; rel=&quot;alina.abramova&quot;&gt;alina.abramova&lt;/a&gt;/&lt;a href=&quot;https://issues.apache.org/jira/secure/ViewProfile.jspa?name=ekoifman&quot; class=&quot;user-hover&quot; rel=&quot;ekoifman&quot;&gt;ekoifman&lt;/a&gt; &lt;b&gt;bump&lt;/b&gt; Let me know if any action item is needed here. I can take it up.&lt;/p&gt;</comment>
                            <comment id="16308476" author="ekoifman" created="Tue, 2 Jan 2018 18:35:00 +0000"  >&lt;p&gt;There need to be a patch attached that passes the tests.  Patch 5 didn&apos;t apply and so the build system was not able to run the tests&lt;/p&gt;</comment>
                            <comment id="16310586" author="hiveqa" created="Thu, 4 Jan 2018 01:41:25 +0000"  >&lt;div class=&apos;table-wrap&apos;&gt;
&lt;table class=&apos;confluenceTable&apos;&gt;&lt;tbody&gt;
&lt;tr&gt;
&lt;td class=&apos;confluenceTd&apos;&gt; &lt;img class=&quot;emoticon&quot; src=&quot;https://issues.apache.org/jira/images/icons/emoticons/error.png&quot; height=&quot;16&quot; width=&quot;16&quot; align=&quot;absmiddle&quot; alt=&quot;&quot; border=&quot;0&quot;/&gt; &lt;b&gt;&lt;font color=&quot;red&quot;&gt;-1 overall&lt;/font&gt;&lt;/b&gt; &lt;/td&gt;
&lt;/tr&gt;
&lt;/tbody&gt;&lt;/table&gt;
&lt;/div&gt;

&lt;p&gt;&lt;br class=&quot;atl-forced-newline&quot; /&gt;
&lt;br class=&quot;atl-forced-newline&quot; /&gt;&lt;/p&gt;
&lt;div class=&apos;table-wrap&apos;&gt;
&lt;table class=&apos;confluenceTable&apos;&gt;&lt;tbody&gt;
&lt;tr&gt;
&lt;th class=&apos;confluenceTh&apos;&gt; Vote &lt;/th&gt;
&lt;th class=&apos;confluenceTh&apos;&gt; Subsystem &lt;/th&gt;
&lt;th class=&apos;confluenceTh&apos;&gt; Runtime &lt;/th&gt;
&lt;th class=&apos;confluenceTh&apos;&gt; Comment &lt;/th&gt;
&lt;/tr&gt;
&lt;tr&gt;
&lt;th class=&apos;confluenceTh&apos;&gt;&amp;nbsp;&lt;/th&gt;
&lt;th class=&apos;confluenceTh&apos;&gt;&amp;nbsp;&lt;/th&gt;
&lt;th class=&apos;confluenceTh&apos;&gt;&amp;nbsp;&lt;/th&gt;
&lt;th class=&apos;confluenceTh&apos;&gt; &lt;font color=&quot;brown&quot;&gt; Prechecks &lt;/font&gt; &lt;/th&gt;
&lt;/tr&gt;
&lt;tr&gt;
&lt;td class=&apos;confluenceTd&apos;&gt; &lt;font color=&quot;blue&quot;&gt;0&lt;/font&gt; &lt;/td&gt;
&lt;td class=&apos;confluenceTd&apos;&gt; &lt;font color=&quot;blue&quot;&gt; findbugs &lt;/font&gt; &lt;/td&gt;
&lt;td class=&apos;confluenceTd&apos;&gt; &lt;font color=&quot;blue&quot;&gt;  0m  0s&lt;/font&gt; &lt;/td&gt;
&lt;td class=&apos;confluenceTd&apos;&gt; &lt;font color=&quot;blue&quot;&gt; Findbugs executables are not available. &lt;/font&gt; &lt;/td&gt;
&lt;/tr&gt;
&lt;tr&gt;
&lt;td class=&apos;confluenceTd&apos;&gt; &lt;font color=&quot;green&quot;&gt;+1&lt;/font&gt; &lt;/td&gt;
&lt;td class=&apos;confluenceTd&apos;&gt; &lt;font color=&quot;green&quot;&gt; @author &lt;/font&gt; &lt;/td&gt;
&lt;td class=&apos;confluenceTd&apos;&gt; &lt;font color=&quot;green&quot;&gt;  0m  0s&lt;/font&gt; &lt;/td&gt;
&lt;td class=&apos;confluenceTd&apos;&gt; &lt;font color=&quot;green&quot;&gt; The patch does not contain any @author tags. &lt;/font&gt; &lt;/td&gt;
&lt;/tr&gt;
&lt;tr&gt;
&lt;th class=&apos;confluenceTh&apos;&gt;&amp;nbsp;&lt;/th&gt;
&lt;th class=&apos;confluenceTh&apos;&gt;&amp;nbsp;&lt;/th&gt;
&lt;th class=&apos;confluenceTh&apos;&gt;&amp;nbsp;&lt;/th&gt;
&lt;th class=&apos;confluenceTh&apos;&gt; &lt;font color=&quot;brown&quot;&gt; master Compile Tests &lt;/font&gt; &lt;/th&gt;
&lt;/tr&gt;
&lt;tr&gt;
&lt;td class=&apos;confluenceTd&apos;&gt; &lt;font color=&quot;green&quot;&gt;+1&lt;/font&gt; &lt;/td&gt;
&lt;td class=&apos;confluenceTd&apos;&gt; &lt;font color=&quot;green&quot;&gt; mvninstall &lt;/font&gt; &lt;/td&gt;
&lt;td class=&apos;confluenceTd&apos;&gt; &lt;font color=&quot;green&quot;&gt;  6m 55s&lt;/font&gt; &lt;/td&gt;
&lt;td class=&apos;confluenceTd&apos;&gt; &lt;font color=&quot;green&quot;&gt; master passed &lt;/font&gt; &lt;/td&gt;
&lt;/tr&gt;
&lt;tr&gt;
&lt;td class=&apos;confluenceTd&apos;&gt; &lt;font color=&quot;green&quot;&gt;+1&lt;/font&gt; &lt;/td&gt;
&lt;td class=&apos;confluenceTd&apos;&gt; &lt;font color=&quot;green&quot;&gt; compile &lt;/font&gt; &lt;/td&gt;
&lt;td class=&apos;confluenceTd&apos;&gt; &lt;font color=&quot;green&quot;&gt;  0m 58s&lt;/font&gt; &lt;/td&gt;
&lt;td class=&apos;confluenceTd&apos;&gt; &lt;font color=&quot;green&quot;&gt; master passed &lt;/font&gt; &lt;/td&gt;
&lt;/tr&gt;
&lt;tr&gt;
&lt;td class=&apos;confluenceTd&apos;&gt; &lt;font color=&quot;green&quot;&gt;+1&lt;/font&gt; &lt;/td&gt;
&lt;td class=&apos;confluenceTd&apos;&gt; &lt;font color=&quot;green&quot;&gt; checkstyle &lt;/font&gt; &lt;/td&gt;
&lt;td class=&apos;confluenceTd&apos;&gt; &lt;font color=&quot;green&quot;&gt;  0m 39s&lt;/font&gt; &lt;/td&gt;
&lt;td class=&apos;confluenceTd&apos;&gt; &lt;font color=&quot;green&quot;&gt; master passed &lt;/font&gt; &lt;/td&gt;
&lt;/tr&gt;
&lt;tr&gt;
&lt;td class=&apos;confluenceTd&apos;&gt; &lt;font color=&quot;green&quot;&gt;+1&lt;/font&gt; &lt;/td&gt;
&lt;td class=&apos;confluenceTd&apos;&gt; &lt;font color=&quot;green&quot;&gt; javadoc &lt;/font&gt; &lt;/td&gt;
&lt;td class=&apos;confluenceTd&apos;&gt; &lt;font color=&quot;green&quot;&gt;  0m 47s&lt;/font&gt; &lt;/td&gt;
&lt;td class=&apos;confluenceTd&apos;&gt; &lt;font color=&quot;green&quot;&gt; master passed &lt;/font&gt; &lt;/td&gt;
&lt;/tr&gt;
&lt;tr&gt;
&lt;th class=&apos;confluenceTh&apos;&gt;&amp;nbsp;&lt;/th&gt;
&lt;th class=&apos;confluenceTh&apos;&gt;&amp;nbsp;&lt;/th&gt;
&lt;th class=&apos;confluenceTh&apos;&gt;&amp;nbsp;&lt;/th&gt;
&lt;th class=&apos;confluenceTh&apos;&gt; &lt;font color=&quot;brown&quot;&gt; Patch Compile Tests &lt;/font&gt; &lt;/th&gt;
&lt;/tr&gt;
&lt;tr&gt;
&lt;td class=&apos;confluenceTd&apos;&gt; &lt;font color=&quot;green&quot;&gt;+1&lt;/font&gt; &lt;/td&gt;
&lt;td class=&apos;confluenceTd&apos;&gt; &lt;font color=&quot;green&quot;&gt; mvninstall &lt;/font&gt; &lt;/td&gt;
&lt;td class=&apos;confluenceTd&apos;&gt; &lt;font color=&quot;green&quot;&gt;  1m 12s&lt;/font&gt; &lt;/td&gt;
&lt;td class=&apos;confluenceTd&apos;&gt; &lt;font color=&quot;green&quot;&gt; the patch passed &lt;/font&gt; &lt;/td&gt;
&lt;/tr&gt;
&lt;tr&gt;
&lt;td class=&apos;confluenceTd&apos;&gt; &lt;font color=&quot;green&quot;&gt;+1&lt;/font&gt; &lt;/td&gt;
&lt;td class=&apos;confluenceTd&apos;&gt; &lt;font color=&quot;green&quot;&gt; compile &lt;/font&gt; &lt;/td&gt;
&lt;td class=&apos;confluenceTd&apos;&gt; &lt;font color=&quot;green&quot;&gt;  0m 55s&lt;/font&gt; &lt;/td&gt;
&lt;td class=&apos;confluenceTd&apos;&gt; &lt;font color=&quot;green&quot;&gt; the patch passed &lt;/font&gt; &lt;/td&gt;
&lt;/tr&gt;
&lt;tr&gt;
&lt;td class=&apos;confluenceTd&apos;&gt; &lt;font color=&quot;green&quot;&gt;+1&lt;/font&gt; &lt;/td&gt;
&lt;td class=&apos;confluenceTd&apos;&gt; &lt;font color=&quot;green&quot;&gt; javac &lt;/font&gt; &lt;/td&gt;
&lt;td class=&apos;confluenceTd&apos;&gt; &lt;font color=&quot;green&quot;&gt;  0m 55s&lt;/font&gt; &lt;/td&gt;
&lt;td class=&apos;confluenceTd&apos;&gt; &lt;font color=&quot;green&quot;&gt; the patch passed &lt;/font&gt; &lt;/td&gt;
&lt;/tr&gt;
&lt;tr&gt;
&lt;td class=&apos;confluenceTd&apos;&gt; &lt;font color=&quot;red&quot;&gt;-1&lt;/font&gt; &lt;/td&gt;
&lt;td class=&apos;confluenceTd&apos;&gt; &lt;font color=&quot;red&quot;&gt; checkstyle &lt;/font&gt; &lt;/td&gt;
&lt;td class=&apos;confluenceTd&apos;&gt; &lt;font color=&quot;red&quot;&gt;  0m 39s&lt;/font&gt; &lt;/td&gt;
&lt;td class=&apos;confluenceTd&apos;&gt; &lt;font color=&quot;red&quot;&gt; ql: The patch generated 12 new + 946 unchanged - 0 fixed = 958 total (was 946) &lt;/font&gt; &lt;/td&gt;
&lt;/tr&gt;
&lt;tr&gt;
&lt;td class=&apos;confluenceTd&apos;&gt; &lt;font color=&quot;green&quot;&gt;+1&lt;/font&gt; &lt;/td&gt;
&lt;td class=&apos;confluenceTd&apos;&gt; &lt;font color=&quot;green&quot;&gt; whitespace &lt;/font&gt; &lt;/td&gt;
&lt;td class=&apos;confluenceTd&apos;&gt; &lt;font color=&quot;green&quot;&gt;  0m  0s&lt;/font&gt; &lt;/td&gt;
&lt;td class=&apos;confluenceTd&apos;&gt; &lt;font color=&quot;green&quot;&gt; The patch has no whitespace issues. &lt;/font&gt; &lt;/td&gt;
&lt;/tr&gt;
&lt;tr&gt;
&lt;td class=&apos;confluenceTd&apos;&gt; &lt;font color=&quot;green&quot;&gt;+1&lt;/font&gt; &lt;/td&gt;
&lt;td class=&apos;confluenceTd&apos;&gt; &lt;font color=&quot;green&quot;&gt; javadoc &lt;/font&gt; &lt;/td&gt;
&lt;td class=&apos;confluenceTd&apos;&gt; &lt;font color=&quot;green&quot;&gt;  0m 54s&lt;/font&gt; &lt;/td&gt;
&lt;td class=&apos;confluenceTd&apos;&gt; &lt;font color=&quot;green&quot;&gt; the patch passed &lt;/font&gt; &lt;/td&gt;
&lt;/tr&gt;
&lt;tr&gt;
&lt;th class=&apos;confluenceTh&apos;&gt;&amp;nbsp;&lt;/th&gt;
&lt;th class=&apos;confluenceTh&apos;&gt;&amp;nbsp;&lt;/th&gt;
&lt;th class=&apos;confluenceTh&apos;&gt;&amp;nbsp;&lt;/th&gt;
&lt;th class=&apos;confluenceTh&apos;&gt; &lt;font color=&quot;brown&quot;&gt; Other Tests &lt;/font&gt; &lt;/th&gt;
&lt;/tr&gt;
&lt;tr&gt;
&lt;td class=&apos;confluenceTd&apos;&gt; &lt;font color=&quot;green&quot;&gt;+1&lt;/font&gt; &lt;/td&gt;
&lt;td class=&apos;confluenceTd&apos;&gt; &lt;font color=&quot;green&quot;&gt; asflicense &lt;/font&gt; &lt;/td&gt;
&lt;td class=&apos;confluenceTd&apos;&gt; &lt;font color=&quot;green&quot;&gt;  0m 14s&lt;/font&gt; &lt;/td&gt;
&lt;td class=&apos;confluenceTd&apos;&gt; &lt;font color=&quot;green&quot;&gt; The patch does not generate ASF License warnings. &lt;/font&gt; &lt;/td&gt;
&lt;/tr&gt;
&lt;tr&gt;
&lt;td class=&apos;confluenceTd&apos;&gt; &lt;font color=&quot;black&quot;&gt;&lt;/font&gt; &lt;/td&gt;
&lt;td class=&apos;confluenceTd&apos;&gt; &lt;font color=&quot;black&quot;&gt; &lt;/font&gt; &lt;/td&gt;
&lt;td class=&apos;confluenceTd&apos;&gt; &lt;font color=&quot;black&quot;&gt; 13m 30s&lt;/font&gt; &lt;/td&gt;
&lt;td class=&apos;confluenceTd&apos;&gt; &lt;font color=&quot;black&quot;&gt; &lt;/font&gt; &lt;/td&gt;
&lt;/tr&gt;
&lt;/tbody&gt;&lt;/table&gt;
&lt;/div&gt;

&lt;p&gt;&lt;br class=&quot;atl-forced-newline&quot; /&gt;
&lt;br class=&quot;atl-forced-newline&quot; /&gt;&lt;/p&gt;
&lt;div class=&apos;table-wrap&apos;&gt;
&lt;table class=&apos;confluenceTable&apos;&gt;&lt;tbody&gt;
&lt;tr&gt;
&lt;th class=&apos;confluenceTh&apos;&gt; Subsystem &lt;/th&gt;
&lt;th class=&apos;confluenceTh&apos;&gt; Report/Notes &lt;/th&gt;
&lt;/tr&gt;
&lt;tr&gt;
&lt;td class=&apos;confluenceTd&apos;&gt; Optional Tests &lt;/td&gt;
&lt;td class=&apos;confluenceTd&apos;&gt;  asflicense  javac  javadoc  findbugs  checkstyle  compile  &lt;/td&gt;
&lt;/tr&gt;
&lt;tr&gt;
&lt;td class=&apos;confluenceTd&apos;&gt; uname &lt;/td&gt;
&lt;td class=&apos;confluenceTd&apos;&gt; Linux hiveptest-server-upstream 3.16.0-4-amd64 #1 SMP Debian 3.16.36-1+deb8u1 (2016-09-03) x86_64 GNU/Linux &lt;/td&gt;
&lt;/tr&gt;
&lt;tr&gt;
&lt;td class=&apos;confluenceTd&apos;&gt; Build tool &lt;/td&gt;
&lt;td class=&apos;confluenceTd&apos;&gt; maven &lt;/td&gt;
&lt;/tr&gt;
&lt;tr&gt;
&lt;td class=&apos;confluenceTd&apos;&gt; Personality &lt;/td&gt;
&lt;td class=&apos;confluenceTd&apos;&gt; /data/hiveptest/working/yetus/dev-support/hive-personality.sh &lt;/td&gt;
&lt;/tr&gt;
&lt;tr&gt;
&lt;td class=&apos;confluenceTd&apos;&gt; git revision &lt;/td&gt;
&lt;td class=&apos;confluenceTd&apos;&gt; master / eca6b89 &lt;/td&gt;
&lt;/tr&gt;
&lt;tr&gt;
&lt;td class=&apos;confluenceTd&apos;&gt; Default Java &lt;/td&gt;
&lt;td class=&apos;confluenceTd&apos;&gt; 1.8.0_111 &lt;/td&gt;
&lt;/tr&gt;
&lt;tr&gt;
&lt;td class=&apos;confluenceTd&apos;&gt; checkstyle &lt;/td&gt;
&lt;td class=&apos;confluenceTd&apos;&gt; &lt;a href=&quot;http://104.198.109.242/logs//PreCommit-HIVE-Build-8429/yetus/diff-checkstyle-ql.txt&quot; class=&quot;external-link&quot; target=&quot;_blank&quot; rel=&quot;nofollow noopener&quot;&gt;http://104.198.109.242/logs//PreCommit-HIVE-Build-8429/yetus/diff-checkstyle-ql.txt&lt;/a&gt; &lt;/td&gt;
&lt;/tr&gt;
&lt;tr&gt;
&lt;td class=&apos;confluenceTd&apos;&gt; modules &lt;/td&gt;
&lt;td class=&apos;confluenceTd&apos;&gt; C: ql U: ql &lt;/td&gt;
&lt;/tr&gt;
&lt;tr&gt;
&lt;td class=&apos;confluenceTd&apos;&gt; Console output &lt;/td&gt;
&lt;td class=&apos;confluenceTd&apos;&gt; &lt;a href=&quot;http://104.198.109.242/logs//PreCommit-HIVE-Build-8429/yetus.txt&quot; class=&quot;external-link&quot; target=&quot;_blank&quot; rel=&quot;nofollow noopener&quot;&gt;http://104.198.109.242/logs//PreCommit-HIVE-Build-8429/yetus.txt&lt;/a&gt; &lt;/td&gt;
&lt;/tr&gt;
&lt;tr&gt;
&lt;td class=&apos;confluenceTd&apos;&gt; Powered by &lt;/td&gt;
&lt;td class=&apos;confluenceTd&apos;&gt; Apache Yetus    &lt;a href=&quot;http://yetus.apache.org&quot; class=&quot;external-link&quot; target=&quot;_blank&quot; rel=&quot;nofollow noopener&quot;&gt;http://yetus.apache.org&lt;/a&gt; &lt;/td&gt;
&lt;/tr&gt;
&lt;/tbody&gt;&lt;/table&gt;
&lt;/div&gt;



&lt;p&gt;This message was automatically generated.&lt;/p&gt;
</comment>
                            <comment id="16310644" author="hiveqa" created="Thu, 4 Jan 2018 02:35:57 +0000"  >

&lt;p&gt;Here are the results of testing the latest attachment:&lt;br/&gt;
&lt;a href=&quot;https://issues.apache.org/jira/secure/attachment/12904457/HIVE-13000.6.patch&quot; class=&quot;external-link&quot; rel=&quot;nofollow&quot;&gt;https://issues.apache.org/jira/secure/attachment/12904457/HIVE-13000.6.patch&lt;/a&gt;&lt;/p&gt;

&lt;p&gt;&lt;font color=&quot;green&quot;&gt;SUCCESS:&lt;/font&gt; +1 due to 1 test(s) being added or modified.&lt;/p&gt;

&lt;p&gt;&lt;font color=&quot;red&quot;&gt;ERROR:&lt;/font&gt; -1 due to 23 failed/errored test(s), 11519 tests executed&lt;br/&gt;
&lt;b&gt;Failed tests:&lt;/b&gt;&lt;/p&gt;
&lt;div class=&quot;preformatted panel&quot; style=&quot;border-width: 1px;&quot;&gt;&lt;div class=&quot;preformattedContent panelContent&quot;&gt;
&lt;pre&gt;org.apache.hadoop.hive.cli.TestCliDriver.org.apache.hadoop.hive.cli.TestCliDriver (batchId=88)
org.apache.hadoop.hive.cli.TestCliDriver.testCliDriver[auto_join25] (batchId=72)
org.apache.hadoop.hive.cli.TestCliDriver.testCliDriver[mapjoin_hook] (batchId=12)
org.apache.hadoop.hive.cli.TestCliDriver.testCliDriver[ppd_join5] (batchId=35)
org.apache.hadoop.hive.cli.TestMiniLlapLocalCliDriver.testCliDriver[bucketsortoptimize_insert_2] (batchId=151)
org.apache.hadoop.hive.cli.TestMiniLlapLocalCliDriver.testCliDriver[hybridgrace_hashjoin_2] (batchId=156)
org.apache.hadoop.hive.cli.TestMiniLlapLocalCliDriver.testCliDriver[insert_values_orig_table_use_metadata] (batchId=164)
org.apache.hadoop.hive.cli.TestMiniLlapLocalCliDriver.testCliDriver[llap_acid] (batchId=168)
org.apache.hadoop.hive.cli.TestMiniLlapLocalCliDriver.testCliDriver[llap_acid_fast] (batchId=159)
org.apache.hadoop.hive.cli.TestMiniLlapLocalCliDriver.testCliDriver[sysdb] (batchId=159)
org.apache.hadoop.hive.cli.TestNegativeCliDriver.testCliDriver[materialized_view_authorization_create_no_grant] (batchId=93)
org.apache.hadoop.hive.cli.TestNegativeCliDriver.testCliDriver[stats_aggregator_error_1] (batchId=93)
org.apache.hadoop.hive.cli.TestNegativeCliDriver.testCliDriver[stats_publisher_error_1] (batchId=93)
org.apache.hadoop.hive.cli.TestSparkCliDriver.testCliDriver[ppd_join5] (batchId=120)
org.apache.hadoop.hive.metastore.TestEmbeddedHiveMetaStore.testTransactionalValidation (batchId=213)
org.apache.hadoop.hive.ql.io.TestDruidRecordWriter.testWrite (batchId=253)
org.apache.hadoop.hive.ql.parse.TestParseNegativeDriver.testCliDriver[nonkey_groupby] (batchId=244)
org.apache.hadoop.hive.ql.parse.TestReplicationScenarios.testConstraints (batchId=225)
org.apache.hive.jdbc.TestSSL.testConnectionMismatch (batchId=231)
org.apache.hive.jdbc.TestSSL.testConnectionWrongCertCN (batchId=231)
org.apache.hive.jdbc.TestSSL.testMetastoreConnectionWrongCertCN (batchId=231)
org.apache.hive.jdbc.TestTriggersMoveWorkloadManager.testTriggerMoveAndKill (batchId=235)
org.apache.hive.jdbc.TestTriggersMoveWorkloadManager.testTriggerMoveConflictKill (batchId=235)
&lt;/pre&gt;
&lt;/div&gt;&lt;/div&gt;

&lt;p&gt;Test results: &lt;a href=&quot;https://builds.apache.org/job/PreCommit-HIVE-Build/8429/testReport&quot; class=&quot;external-link&quot; target=&quot;_blank&quot; rel=&quot;nofollow noopener&quot;&gt;https://builds.apache.org/job/PreCommit-HIVE-Build/8429/testReport&lt;/a&gt;&lt;br/&gt;
Console output: &lt;a href=&quot;https://builds.apache.org/job/PreCommit-HIVE-Build/8429/console&quot; class=&quot;external-link&quot; target=&quot;_blank&quot; rel=&quot;nofollow noopener&quot;&gt;https://builds.apache.org/job/PreCommit-HIVE-Build/8429/console&lt;/a&gt;&lt;br/&gt;
Test logs: &lt;a href=&quot;http://104.198.109.242/logs/PreCommit-HIVE-Build-8429/&quot; class=&quot;external-link&quot; target=&quot;_blank&quot; rel=&quot;nofollow noopener&quot;&gt;http://104.198.109.242/logs/PreCommit-HIVE-Build-8429/&lt;/a&gt;&lt;/p&gt;

&lt;p&gt;Messages:&lt;/p&gt;
&lt;div class=&quot;preformatted panel&quot; style=&quot;border-width: 1px;&quot;&gt;&lt;div class=&quot;preformattedContent panelContent&quot;&gt;
&lt;pre&gt;Executing org.apache.hive.ptest.execution.TestCheckPhase
Executing org.apache.hive.ptest.execution.PrepPhase
Executing org.apache.hive.ptest.execution.YetusPhase
Executing org.apache.hive.ptest.execution.ExecutionPhase
Executing org.apache.hive.ptest.execution.ReportingPhase
Tests exited with: TestsFailedException: 23 tests failed
&lt;/pre&gt;
&lt;/div&gt;&lt;/div&gt;

&lt;p&gt;This message is automatically generated.&lt;/p&gt;

&lt;p&gt;ATTACHMENT ID: 12904457 - PreCommit-HIVE-Build&lt;/p&gt;</comment>
                            <comment id="16311804" author="ashutoshc" created="Thu, 4 Jan 2018 18:24:34 +0000"  >&lt;p&gt;+1&lt;/p&gt;</comment>
                            <comment id="16311807" author="ashutoshc" created="Thu, 4 Jan 2018 18:26:00 +0000"  >&lt;p&gt;Pushed to master. Thanks, Alina!&lt;/p&gt;</comment>
                            <comment id="16485894" author="vgarg" created="Tue, 22 May 2018 23:58:08 +0000"  >&lt;p&gt;Hive 3.0.0 has been released so closing this jira.&lt;/p&gt;</comment>
                    </comments>
                    <attachments>
                            <attachment id="12786462" name="HIVE-13000.1.patch" size="2082" author="alina.abramova" created="Fri, 5 Feb 2016 11:58:25 +0000"/>
                            <attachment id="12786791" name="HIVE-13000.2.patch" size="2565" author="alina.abramova" created="Mon, 8 Feb 2016 11:30:11 +0000"/>
                            <attachment id="12787260" name="HIVE-13000.3.patch" size="1044" author="alina.abramova" created="Wed, 10 Feb 2016 13:47:16 +0000"/>
                            <attachment id="12805602" name="HIVE-13000.4.patch" size="1044" author="alina.abramova" created="Mon, 23 May 2016 09:30:06 +0000"/>
                            <attachment id="12837969" name="HIVE-13000.5.patch" size="2331" author="alina.abramova" created="Tue, 8 Nov 2016 12:52:28 +0000"/>
                            <attachment id="12904457" name="HIVE-13000.6.patch" size="3077" author="ashutoshc" created="Wed, 3 Jan 2018 20:01:31 +0000"/>
                    </attachments>
                <subtasks>
                    </subtasks>
                <customfields>
                                                                            <customfield id="customfield_12310310" key="com.atlassian.jira.toolkit:attachments">
                        <customfieldname>Attachment count</customfieldname>
                        <customfieldvalues>
                            <customfieldvalue>6.0</customfieldvalue>
                        </customfieldvalues>
                    </customfield>
                                                                                                                                                                                                                                                                                                                                                                                                                                                                                                                                                                                                                                                                                                        <customfield id="customfield_12314020" key="com.atlassian.jira.plugins.jira-development-integration-plugin:devsummary">
                        <customfieldname>Development</customfieldname>
                        <customfieldvalues>
                            
                        </customfieldvalues>
                    </customfield>
                                                                                                                        <customfield id="customfield_12313422" key="com.atlassian.jirafisheyeplugin:jobcheckbox">
                        <customfieldname>Enable Automatic Patch Review</customfieldname>
                        <customfieldvalues>
                            <customfieldvalue><![CDATA[false]]></customfieldvalue>

                        </customfieldvalues>
                    </customfield>
                                                                                                                                                                                                                                                                                                                                                                                    <customfield id="customfield_12310250" key="com.atlassian.jira.plugin.system.customfieldtypes:multicheckboxes">
                        <customfieldname>Flags</customfieldname>
                        <customfieldvalues>
                                <customfieldvalue key="10430"><![CDATA[Patch]]></customfieldvalue>
    
                        </customfieldvalues>
                    </customfield>
                                                                                                                                                                                                                                                                                                <customfield id="customfield_12310420" key="com.pyxis.greenhopper.jira:gh-global-rank">
                        <customfieldname>Global Rank</customfieldname>
                        <customfieldvalues>
                            <customfieldvalue>9223372036854775807</customfieldvalue>
                        </customfieldvalues>
                    </customfield>
                                                                                                                                                                                                                                                                    <customfield id="customfield_12312521" key="com.atlassian.jira.toolkit:LastCommentDate">
                        <customfieldname>Last public comment date</customfieldname>
                        <customfieldvalues>
                            7 years, 26 weeks ago
                        </customfieldvalues>
                    </customfield>
                                                                                                                                                                                                                                                                                                <customfield id="customfield_12311820" key="com.pyxis.greenhopper.jira:gh-lexo-rank">
                        <customfieldname>Rank</customfieldname>
                        <customfieldvalues>
                            <customfieldvalue>0|i2sfof:</customfieldvalue>

                        </customfieldvalues>
                    </customfield>
                                                                <customfield id="customfield_12310920" key="com.pyxis.greenhopper.jira:gh-global-rank">
                        <customfieldname>Rank (Obsolete)</customfieldname>
                        <customfieldvalues>
                            <customfieldvalue>9223372036854775807</customfieldvalue>
                        </customfieldvalues>
                    </customfield>
                                                                                                                                                                                                                                                                                                                                                                                                                                                                                                                                                                                                                                                                                                                                                                                                                                                                                </customfields>
    </item>
</channel>
</rss>