<!-- 
RSS generated by JIRA (8.20.10#820010-sha1:ace47f9899e9ee25d7157d59aa17ab06aee30d3d) at Wed Nov 12 19:02:55 UTC 2025

It is possible to restrict the fields that are returned in this document by specifying the 'field' parameter in your request.
For example, to request only the issue key and summary append 'field=key&field=summary' to the URL of your request.
-->
<rss version="0.92" >
<channel>
    <title>ASF Jira</title>
    <link>https://issues.apache.org/jira</link>
    <description>This file is an XML representation of an issue</description>
    <language>en-uk</language>    <build-info>
        <version>8.20.10</version>
        <build-number>820010</build-number>
        <build-date>22-06-2022</build-date>
    </build-info>


<item>
            <title>[HIVE-12719] As a hive user, I am facing issues using permanent UDAF&apos;s.</title>
                <link>https://issues.apache.org/jira/browse/HIVE-12719</link>
                <project id="12310843" key="HIVE">Hive</project>
                    <description>&lt;p&gt;Currently function name for the permanent function is getting formed as dbName.WINDOW_FUNC_PREFIX+functionName where as function registry has function name as WINDOW_FUNC_PREFIX+dbName.functionName. This is leading to invalid function error when we use permanent function with window function. Fix has been done such that we form the permanent function name rightly as WINDOW_FUNC_PREFIX+dbName+.+functionName so that it matches with the name in function registry. The functionality for built-in/temporary function would remain the same.&lt;/p&gt;</description>
                <environment></environment>
        <key id="12923395">HIVE-12719</key>
            <summary>As a hive user, I am facing issues using permanent UDAF&apos;s.</summary>
                <type id="1" iconUrl="https://issues.apache.org/jira/secure/viewavatar?size=xsmall&amp;avatarId=21133&amp;avatarType=issuetype">Bug</type>
                                            <priority id="3" iconUrl="https://issues.apache.org/jira/images/icons/priorities/major.svg">Major</priority>
                        <status id="6" iconUrl="https://issues.apache.org/jira/images/icons/statuses/closed.png" description="The issue is considered finished, the resolution is correct. Issues which are not closed can be reopened.">Closed</status>
                    <statusCategory id="3" key="done" colorName="green"/>
                                    <resolution id="1">Fixed</resolution>
                                        <assignee username="ganeshas">Ganesha S</assignee>
                                    <reporter username="surbhit.shrivastava">Surbhit</reporter>
                        <labels>
                    </labels>
                <created>Mon, 21 Dec 2015 10:54:07 +0000</created>
                <updated>Tue, 22 May 2018 23:58:18 +0000</updated>
                            <resolved>Sat, 7 Apr 2018 04:36:00 +0000</resolved>
                                    <version>1.2.1</version>
                                    <fixVersion>3.0.0</fixVersion>
                                    <component>Hive</component>
                        <due></due>
                            <votes>2</votes>
                                    <watches>4</watches>
                                                                                                                <comments>
                            <comment id="16216079" author="itslizt" created="Mon, 23 Oct 2017 23:45:24 +0000"  >&lt;p&gt;Almost 2 years since this bug was reported, but I am experiencing the same issue on both versions 1.2.1 and 2.1.1.  Curious what other watchers on this ticket have done as a workaround?&lt;/p&gt;</comment>
                            <comment id="16235655" author="ganeshas" created="Thu, 2 Nov 2017 12:38:08 +0000"  >&lt;p&gt;Currently window function name is getting formed as dbName.WINDOW_FUNC_PREFIX+functionName where as function registry has function name as WINDOW_FUNC_PREFIX+dbName.functionName. This is leading to invalid function error when we use permanent function with window function. I have corrected the way we form window function name to WINDOW_FUNC_PREFIX+dbName+.+functionName so that it matches with the name in function registry.&lt;br/&gt;
Please review the changes.&lt;/p&gt;</comment>
                            <comment id="16286812" author="hiveqa" created="Tue, 12 Dec 2017 00:03:19 +0000"  >

&lt;p&gt;Here are the results of testing the latest attachment:&lt;br/&gt;
&lt;a href=&quot;https://issues.apache.org/jira/secure/attachment/12901512/HIVE-12719.patch&quot; class=&quot;external-link&quot; rel=&quot;nofollow&quot;&gt;https://issues.apache.org/jira/secure/attachment/12901512/HIVE-12719.patch&lt;/a&gt;&lt;/p&gt;

&lt;p&gt;&lt;font color=&quot;red&quot;&gt;ERROR:&lt;/font&gt; -1 due to build exiting with an error&lt;/p&gt;

&lt;p&gt;Test results: &lt;a href=&quot;https://builds.apache.org/job/PreCommit-HIVE-Build/8188/testReport&quot; class=&quot;external-link&quot; target=&quot;_blank&quot; rel=&quot;nofollow noopener&quot;&gt;https://builds.apache.org/job/PreCommit-HIVE-Build/8188/testReport&lt;/a&gt;&lt;br/&gt;
Console output: &lt;a href=&quot;https://builds.apache.org/job/PreCommit-HIVE-Build/8188/console&quot; class=&quot;external-link&quot; target=&quot;_blank&quot; rel=&quot;nofollow noopener&quot;&gt;https://builds.apache.org/job/PreCommit-HIVE-Build/8188/console&lt;/a&gt;&lt;br/&gt;
Test logs: &lt;a href=&quot;http://104.198.109.242/logs/PreCommit-HIVE-Build-8188/&quot; class=&quot;external-link&quot; target=&quot;_blank&quot; rel=&quot;nofollow noopener&quot;&gt;http://104.198.109.242/logs/PreCommit-HIVE-Build-8188/&lt;/a&gt;&lt;/p&gt;

&lt;p&gt;Messages:&lt;/p&gt;
&lt;div class=&quot;preformatted panel&quot; style=&quot;border-width: 1px;&quot;&gt;&lt;div class=&quot;preformattedContent panelContent&quot;&gt;
&lt;pre&gt;Executing org.apache.hive.ptest.execution.TestCheckPhase
Executing org.apache.hive.ptest.execution.PrepPhase
Tests exited with: NonZeroExitCodeException
Command &apos;bash /data/hiveptest/working/scratch/source-prep.sh&apos; failed with exit status 1 and output &apos;+ date &apos;+%Y-%m-%d %T.%3N&apos;
2017-12-12 00:02:21.199
+ [[ -n /usr/lib/jvm/java-8-openjdk-amd64 ]]
+ export JAVA_HOME=/usr/lib/jvm/java-8-openjdk-amd64
+ JAVA_HOME=/usr/lib/jvm/java-8-openjdk-amd64
+ export PATH=/usr/lib/jvm/java-8-openjdk-amd64/bin/:/usr/local/bin:/usr/bin:/bin:/usr/local/games:/usr/games
+ PATH=/usr/lib/jvm/java-8-openjdk-amd64/bin/:/usr/local/bin:/usr/bin:/bin:/usr/local/games:/usr/games
+ export &apos;ANT_OPTS=-Xmx1g -XX:MaxPermSize=256m &apos;
+ ANT_OPTS=&apos;-Xmx1g -XX:MaxPermSize=256m &apos;
+ export &apos;MAVEN_OPTS=-Xmx1g &apos;
+ MAVEN_OPTS=&apos;-Xmx1g &apos;
+ cd /data/hiveptest/working/
+ tee /data/hiveptest/logs/PreCommit-HIVE-Build-8188/source-prep.txt
+ [[ false == \t\r\u\e ]]
+ mkdir -p maven ivy
+ [[ git = \s\v\n ]]
+ [[ git = \g\i\t ]]
+ [[ -z master ]]
+ [[ -d apache-github-source-source ]]
+ [[ ! -d apache-github-source-source/.git ]]
+ [[ ! -d apache-github-source-source ]]
+ date &apos;+%Y-%m-%d %T.%3N&apos;
2017-12-12 00:02:21.213
+ cd apache-github-source-source
+ git fetch origin
From https://github.com/apache/hive
   31c1b71..3bbc24d  master     -&amp;gt; origin/master
+ git reset --hard HEAD
HEAD is now at 31c1b71 HIVE-18245 - clean up acid_vectorization_original.q (Eugene Koifman, reviewed by Jason Dere)
+ git clean -f -d
+ git checkout master
Already on &apos;master&apos;
Your branch is behind &apos;origin/master&apos; by 1 commit, and can be fast-forwarded.
  (use &quot;git pull&quot; to update your local branch)
+ git reset --hard origin/master
HEAD is now at 3bbc24d HIVE-13567 : Enable auto-gather column stats by default (Zoltan Haindrich, Pengcheng Xiong via Ashutosh Chauhan)
+ git merge --ff-only origin/master
Already up-to-date.
+ date &apos;+%Y-%m-%d %T.%3N&apos;
2017-12-12 00:02:27.316
+ rm -rf ../yetus
+ mkdir ../yetus
+ cp -R . ../yetus
+ mkdir /data/hiveptest/logs/PreCommit-HIVE-Build-8188/yetus
+ patchCommandPath=/data/hiveptest/working/scratch/smart-apply-patch.sh
+ patchFilePath=/data/hiveptest/working/scratch/build.patch
+ [[ -f /data/hiveptest/working/scratch/build.patch ]]
+ chmod +x /data/hiveptest/working/scratch/smart-apply-patch.sh
+ /data/hiveptest/working/scratch/smart-apply-patch.sh /data/hiveptest/working/scratch/build.patch
Going to apply patch with: git apply -p0
+ [[ maven == \m\a\v\e\n ]]
+ rm -rf /data/hiveptest/working/maven/org/apache/hive
+ mvn -B clean install -DskipTests -T 4 -q -Dmaven.repo.local=/data/hiveptest/working/maven
protoc-jar: protoc version: 250, detected platform: linux/amd64
protoc-jar: executing: [/tmp/protoc2924753280834078335.exe, -I/data/hiveptest/working/apache-github-source-source/standalone-metastore/src/main/protobuf/org/apache/hadoop/hive/metastore, --java_out=/data/hiveptest/working/apache-github-source-source/standalone-metastore/target/generated-sources, /data/hiveptest/working/apache-github-source-source/standalone-metastore/src/main/protobuf/org/apache/hadoop/hive/metastore/metastore.proto]
ANTLR Parser Generator  Version 3.5.2
Output file /data/hiveptest/working/apache-github-source-source/standalone-metastore/target/generated-sources/org/apache/hadoop/hive/metastore/parser/FilterParser.java does not exist: must build /data/hiveptest/working/apache-github-source-source/standalone-metastore/src/main/java/org/apache/hadoop/hive/metastore/parser/Filter.g
org/apache/hadoop/hive/metastore/parser/Filter.g
[ERROR] Failed to execute goal org.apache.maven.plugins:maven-remote-resources-plugin:1.5:process (process-resource-bundles) on project hive-hcatalog: Failed to resolve dependencies for one or more projects in the reactor. Reason: No versions are present in the repository for the artifact with a range [1.3.1,2.3]
[ERROR] net.minidev:json-smart:jar:null
[ERROR] 
[ERROR] from the specified remote repositories:
[ERROR] datanucleus (http://www.datanucleus.org/downloads/maven2, releases=true, snapshots=false),
[ERROR] glassfish-repository (http://maven.glassfish.org/content/groups/glassfish, releases=false, snapshots=false),
[ERROR] glassfish-repo-archive (http://maven.glassfish.org/content/groups/glassfish, releases=false, snapshots=false),
[ERROR] sonatype-snapshot (https://oss.sonatype.org/content/repositories/snapshots, releases=false, snapshots=false),
[ERROR] apache.snapshots (https://repository.apache.org/snapshots, releases=false, snapshots=true),
[ERROR] central (https://repo.maven.apache.org/maven2, releases=true, snapshots=false),
[ERROR] dynamodb-local-oregon (https://s3-us-west-2.amazonaws.com/dynamodb-local/release, releases=true, snapshots=true),
[ERROR] apache.snapshots.https (https://repository.apache.org/content/repositories/snapshots, releases=true, snapshots=true),
[ERROR] repository.jboss.org (http://repository.jboss.org/nexus/content/groups/public/, releases=true, snapshots=false)
[ERROR] Path to dependency:
[ERROR] 1) org.apache.hive.hcatalog:hive-hcatalog:pom:3.0.0-SNAPSHOT
[ERROR] 2) org.apache.hadoop:hadoop-common:jar:3.0.0-beta1
[ERROR] 3) org.apache.hadoop:hadoop-auth:jar:3.0.0-beta1
[ERROR] 4) com.nimbusds:nimbus-jose-jwt:jar:4.41.1
[ERROR] -&amp;gt; [Help 1]
[ERROR] Failed to execute goal org.apache.maven.plugins:maven-remote-resources-plugin:1.5:process (process-resource-bundles) on project hive-shims-common: Failed to resolve dependencies for one or more projects in the reactor. Reason: Missing:
[ERROR] ----------
[ERROR] 1) net.minidev:json-smart:jar:2.3-SNAPSHOT
[ERROR] 
[ERROR] Try downloading the file manually from the project website.
[ERROR] 
[ERROR] Then, install it using the command:
[ERROR] mvn install:install-file -DgroupId=net.minidev -DartifactId=json-smart -Dversion=2.3-SNAPSHOT -Dpackaging=jar -Dfile=/path/to/file
[ERROR] 
[ERROR] Alternatively, if you host your own repository you can deploy the file there:
[ERROR] mvn deploy:deploy-file -DgroupId=net.minidev -DartifactId=json-smart -Dversion=2.3-SNAPSHOT -Dpackaging=jar -Dfile=/path/to/file -Durl=[url] -DrepositoryId=[id]
[ERROR] 
[ERROR] Path to dependency:
[ERROR] 1) org.apache.hive.shims:hive-shims-common:jar:3.0.0-SNAPSHOT
[ERROR] 2) org.apache.hadoop:hadoop-client:jar:3.0.0-beta1
[ERROR] 3) org.apache.hadoop:hadoop-common:jar:3.0.0-beta1
[ERROR] 4) org.apache.hadoop:hadoop-auth:jar:3.0.0-beta1
[ERROR] 5) com.nimbusds:nimbus-jose-jwt:jar:4.41.1
[ERROR] 6) net.minidev:json-smart:jar:2.3-SNAPSHOT
[ERROR] 
[ERROR] ----------
[ERROR] 1 required artifact is missing.
[ERROR] 
[ERROR] for artifact:
[ERROR] org.apache.hive.shims:hive-shims-common:jar:3.0.0-SNAPSHOT
[ERROR] 
[ERROR] from the specified remote repositories:
[ERROR] datanucleus (http://www.datanucleus.org/downloads/maven2, releases=true, snapshots=false),
[ERROR] glassfish-repository (http://maven.glassfish.org/content/groups/glassfish, releases=false, snapshots=false),
[ERROR] glassfish-repo-archive (http://maven.glassfish.org/content/groups/glassfish, releases=false, snapshots=false),
[ERROR] sonatype-snapshot (https://oss.sonatype.org/content/repositories/snapshots, releases=false, snapshots=false),
[ERROR] apache.snapshots (https://repository.apache.org/snapshots, releases=false, snapshots=true),
[ERROR] central (https://repo.maven.apache.org/maven2, releases=true, snapshots=false)
[ERROR] -&amp;gt; [Help 1]
[ERROR] Failed to execute goal org.apache.maven.plugins:maven-remote-resources-plugin:1.5:process (process-resource-bundles) on project hive-standalone-metastore: Failed to resolve dependencies for one or more projects in the reactor. Reason: No versions are present in the repository for the artifact with a range [1.3.1,2.3]
[ERROR] net.minidev:json-smart:jar:null
[ERROR] 
[ERROR] from the specified remote repositories:
[ERROR] apache.snapshots (https://repository.apache.org/snapshots, releases=false, snapshots=true),
[ERROR] central (https://repo.maven.apache.org/maven2, releases=true, snapshots=false),
[ERROR] dynamodb-local-oregon (https://s3-us-west-2.amazonaws.com/dynamodb-local/release, releases=true, snapshots=true),
[ERROR] apache.snapshots.https (https://repository.apache.org/content/repositories/snapshots, releases=true, snapshots=true),
[ERROR] repository.jboss.org (http://repository.jboss.org/nexus/content/groups/public/, releases=true, snapshots=false)
[ERROR] Path to dependency:
[ERROR] 1) org.apache.hive:hive-standalone-metastore:jar:3.0.0-SNAPSHOT
[ERROR] 2) org.apache.hadoop:hadoop-common:jar:3.0.0-beta1
[ERROR] 3) org.apache.hadoop:hadoop-auth:jar:3.0.0-beta1
[ERROR] 4) com.nimbusds:nimbus-jose-jwt:jar:4.41.1
[ERROR] -&amp;gt; [Help 1]
[ERROR] 
[ERROR] To see the full stack trace of the errors, re-run Maven with the -e switch.
[ERROR] Re-run Maven using the -X switch to enable full debug logging.
[ERROR] 
[ERROR] For more information about the errors and possible solutions, please read the following articles:
[ERROR] [Help 1] http://cwiki.apache.org/confluence/display/MAVEN/MojoExecutionException
[ERROR] 
[ERROR] After correcting the problems, you can resume the build with the command
[ERROR]   mvn &amp;lt;goals&amp;gt; -rf :hive-hcatalog
+ exit 1
&apos;
&lt;/pre&gt;
&lt;/div&gt;&lt;/div&gt;

&lt;p&gt;This message is automatically generated.&lt;/p&gt;

&lt;p&gt;ATTACHMENT ID: 12901512 - PreCommit-HIVE-Build&lt;/p&gt;</comment>
                            <comment id="16288604" author="hiveqa" created="Wed, 13 Dec 2017 01:57:51 +0000"  >&lt;div class=&apos;table-wrap&apos;&gt;
&lt;table class=&apos;confluenceTable&apos;&gt;&lt;tbody&gt;
&lt;tr&gt;
&lt;td class=&apos;confluenceTd&apos;&gt; &lt;img class=&quot;emoticon&quot; src=&quot;https://issues.apache.org/jira/images/icons/emoticons/check.png&quot; height=&quot;16&quot; width=&quot;16&quot; align=&quot;absmiddle&quot; alt=&quot;&quot; border=&quot;0&quot;/&gt; &lt;b&gt;&lt;font color=&quot;green&quot;&gt;+1 overall&lt;/font&gt;&lt;/b&gt; &lt;/td&gt;
&lt;/tr&gt;
&lt;/tbody&gt;&lt;/table&gt;
&lt;/div&gt;

&lt;p&gt;&lt;br class=&quot;atl-forced-newline&quot; /&gt;
&lt;br class=&quot;atl-forced-newline&quot; /&gt;&lt;/p&gt;
&lt;div class=&apos;table-wrap&apos;&gt;
&lt;table class=&apos;confluenceTable&apos;&gt;&lt;tbody&gt;
&lt;tr&gt;
&lt;th class=&apos;confluenceTh&apos;&gt; Vote &lt;/th&gt;
&lt;th class=&apos;confluenceTh&apos;&gt; Subsystem &lt;/th&gt;
&lt;th class=&apos;confluenceTh&apos;&gt; Runtime &lt;/th&gt;
&lt;th class=&apos;confluenceTh&apos;&gt; Comment &lt;/th&gt;
&lt;/tr&gt;
&lt;tr&gt;
&lt;th class=&apos;confluenceTh&apos;&gt;&amp;nbsp;&lt;/th&gt;
&lt;th class=&apos;confluenceTh&apos;&gt;&amp;nbsp;&lt;/th&gt;
&lt;th class=&apos;confluenceTh&apos;&gt;&amp;nbsp;&lt;/th&gt;
&lt;th class=&apos;confluenceTh&apos;&gt; &lt;font color=&quot;brown&quot;&gt; Prechecks &lt;/font&gt; &lt;/th&gt;
&lt;/tr&gt;
&lt;tr&gt;
&lt;td class=&apos;confluenceTd&apos;&gt; &lt;font color=&quot;blue&quot;&gt;0&lt;/font&gt; &lt;/td&gt;
&lt;td class=&apos;confluenceTd&apos;&gt; &lt;font color=&quot;blue&quot;&gt; findbugs &lt;/font&gt; &lt;/td&gt;
&lt;td class=&apos;confluenceTd&apos;&gt; &lt;font color=&quot;blue&quot;&gt;  0m  1s&lt;/font&gt; &lt;/td&gt;
&lt;td class=&apos;confluenceTd&apos;&gt; &lt;font color=&quot;blue&quot;&gt; Findbugs executables are not available. &lt;/font&gt; &lt;/td&gt;
&lt;/tr&gt;
&lt;tr&gt;
&lt;td class=&apos;confluenceTd&apos;&gt; &lt;font color=&quot;green&quot;&gt;+1&lt;/font&gt; &lt;/td&gt;
&lt;td class=&apos;confluenceTd&apos;&gt; &lt;font color=&quot;green&quot;&gt; @author &lt;/font&gt; &lt;/td&gt;
&lt;td class=&apos;confluenceTd&apos;&gt; &lt;font color=&quot;green&quot;&gt;  0m  0s&lt;/font&gt; &lt;/td&gt;
&lt;td class=&apos;confluenceTd&apos;&gt; &lt;font color=&quot;green&quot;&gt; The patch does not contain any @author tags. &lt;/font&gt; &lt;/td&gt;
&lt;/tr&gt;
&lt;tr&gt;
&lt;th class=&apos;confluenceTh&apos;&gt;&amp;nbsp;&lt;/th&gt;
&lt;th class=&apos;confluenceTh&apos;&gt;&amp;nbsp;&lt;/th&gt;
&lt;th class=&apos;confluenceTh&apos;&gt;&amp;nbsp;&lt;/th&gt;
&lt;th class=&apos;confluenceTh&apos;&gt; &lt;font color=&quot;brown&quot;&gt; master Compile Tests &lt;/font&gt; &lt;/th&gt;
&lt;/tr&gt;
&lt;tr&gt;
&lt;td class=&apos;confluenceTd&apos;&gt; &lt;font color=&quot;green&quot;&gt;+1&lt;/font&gt; &lt;/td&gt;
&lt;td class=&apos;confluenceTd&apos;&gt; &lt;font color=&quot;green&quot;&gt; mvninstall &lt;/font&gt; &lt;/td&gt;
&lt;td class=&apos;confluenceTd&apos;&gt; &lt;font color=&quot;green&quot;&gt;  7m  2s&lt;/font&gt; &lt;/td&gt;
&lt;td class=&apos;confluenceTd&apos;&gt; &lt;font color=&quot;green&quot;&gt; master passed &lt;/font&gt; &lt;/td&gt;
&lt;/tr&gt;
&lt;tr&gt;
&lt;td class=&apos;confluenceTd&apos;&gt; &lt;font color=&quot;green&quot;&gt;+1&lt;/font&gt; &lt;/td&gt;
&lt;td class=&apos;confluenceTd&apos;&gt; &lt;font color=&quot;green&quot;&gt; compile &lt;/font&gt; &lt;/td&gt;
&lt;td class=&apos;confluenceTd&apos;&gt; &lt;font color=&quot;green&quot;&gt;  1m  3s&lt;/font&gt; &lt;/td&gt;
&lt;td class=&apos;confluenceTd&apos;&gt; &lt;font color=&quot;green&quot;&gt; master passed &lt;/font&gt; &lt;/td&gt;
&lt;/tr&gt;
&lt;tr&gt;
&lt;td class=&apos;confluenceTd&apos;&gt; &lt;font color=&quot;green&quot;&gt;+1&lt;/font&gt; &lt;/td&gt;
&lt;td class=&apos;confluenceTd&apos;&gt; &lt;font color=&quot;green&quot;&gt; checkstyle &lt;/font&gt; &lt;/td&gt;
&lt;td class=&apos;confluenceTd&apos;&gt; &lt;font color=&quot;green&quot;&gt;  0m 35s&lt;/font&gt; &lt;/td&gt;
&lt;td class=&apos;confluenceTd&apos;&gt; &lt;font color=&quot;green&quot;&gt; master passed &lt;/font&gt; &lt;/td&gt;
&lt;/tr&gt;
&lt;tr&gt;
&lt;td class=&apos;confluenceTd&apos;&gt; &lt;font color=&quot;green&quot;&gt;+1&lt;/font&gt; &lt;/td&gt;
&lt;td class=&apos;confluenceTd&apos;&gt; &lt;font color=&quot;green&quot;&gt; javadoc &lt;/font&gt; &lt;/td&gt;
&lt;td class=&apos;confluenceTd&apos;&gt; &lt;font color=&quot;green&quot;&gt;  0m 55s&lt;/font&gt; &lt;/td&gt;
&lt;td class=&apos;confluenceTd&apos;&gt; &lt;font color=&quot;green&quot;&gt; master passed &lt;/font&gt; &lt;/td&gt;
&lt;/tr&gt;
&lt;tr&gt;
&lt;th class=&apos;confluenceTh&apos;&gt;&amp;nbsp;&lt;/th&gt;
&lt;th class=&apos;confluenceTh&apos;&gt;&amp;nbsp;&lt;/th&gt;
&lt;th class=&apos;confluenceTh&apos;&gt;&amp;nbsp;&lt;/th&gt;
&lt;th class=&apos;confluenceTh&apos;&gt; &lt;font color=&quot;brown&quot;&gt; Patch Compile Tests &lt;/font&gt; &lt;/th&gt;
&lt;/tr&gt;
&lt;tr&gt;
&lt;td class=&apos;confluenceTd&apos;&gt; &lt;font color=&quot;green&quot;&gt;+1&lt;/font&gt; &lt;/td&gt;
&lt;td class=&apos;confluenceTd&apos;&gt; &lt;font color=&quot;green&quot;&gt; mvninstall &lt;/font&gt; &lt;/td&gt;
&lt;td class=&apos;confluenceTd&apos;&gt; &lt;font color=&quot;green&quot;&gt;  1m 17s&lt;/font&gt; &lt;/td&gt;
&lt;td class=&apos;confluenceTd&apos;&gt; &lt;font color=&quot;green&quot;&gt; the patch passed &lt;/font&gt; &lt;/td&gt;
&lt;/tr&gt;
&lt;tr&gt;
&lt;td class=&apos;confluenceTd&apos;&gt; &lt;font color=&quot;green&quot;&gt;+1&lt;/font&gt; &lt;/td&gt;
&lt;td class=&apos;confluenceTd&apos;&gt; &lt;font color=&quot;green&quot;&gt; compile &lt;/font&gt; &lt;/td&gt;
&lt;td class=&apos;confluenceTd&apos;&gt; &lt;font color=&quot;green&quot;&gt;  1m  1s&lt;/font&gt; &lt;/td&gt;
&lt;td class=&apos;confluenceTd&apos;&gt; &lt;font color=&quot;green&quot;&gt; the patch passed &lt;/font&gt; &lt;/td&gt;
&lt;/tr&gt;
&lt;tr&gt;
&lt;td class=&apos;confluenceTd&apos;&gt; &lt;font color=&quot;green&quot;&gt;+1&lt;/font&gt; &lt;/td&gt;
&lt;td class=&apos;confluenceTd&apos;&gt; &lt;font color=&quot;green&quot;&gt; javac &lt;/font&gt; &lt;/td&gt;
&lt;td class=&apos;confluenceTd&apos;&gt; &lt;font color=&quot;green&quot;&gt;  1m  1s&lt;/font&gt; &lt;/td&gt;
&lt;td class=&apos;confluenceTd&apos;&gt; &lt;font color=&quot;green&quot;&gt; the patch passed &lt;/font&gt; &lt;/td&gt;
&lt;/tr&gt;
&lt;tr&gt;
&lt;td class=&apos;confluenceTd&apos;&gt; &lt;font color=&quot;green&quot;&gt;+1&lt;/font&gt; &lt;/td&gt;
&lt;td class=&apos;confluenceTd&apos;&gt; &lt;font color=&quot;green&quot;&gt; checkstyle &lt;/font&gt; &lt;/td&gt;
&lt;td class=&apos;confluenceTd&apos;&gt; &lt;font color=&quot;green&quot;&gt;  0m 31s&lt;/font&gt; &lt;/td&gt;
&lt;td class=&apos;confluenceTd&apos;&gt; &lt;font color=&quot;green&quot;&gt; the patch passed &lt;/font&gt; &lt;/td&gt;
&lt;/tr&gt;
&lt;tr&gt;
&lt;td class=&apos;confluenceTd&apos;&gt; &lt;font color=&quot;green&quot;&gt;+1&lt;/font&gt; &lt;/td&gt;
&lt;td class=&apos;confluenceTd&apos;&gt; &lt;font color=&quot;green&quot;&gt; whitespace &lt;/font&gt; &lt;/td&gt;
&lt;td class=&apos;confluenceTd&apos;&gt; &lt;font color=&quot;green&quot;&gt;  0m  1s&lt;/font&gt; &lt;/td&gt;
&lt;td class=&apos;confluenceTd&apos;&gt; &lt;font color=&quot;green&quot;&gt; The patch has no whitespace issues. &lt;/font&gt; &lt;/td&gt;
&lt;/tr&gt;
&lt;tr&gt;
&lt;td class=&apos;confluenceTd&apos;&gt; &lt;font color=&quot;green&quot;&gt;+1&lt;/font&gt; &lt;/td&gt;
&lt;td class=&apos;confluenceTd&apos;&gt; &lt;font color=&quot;green&quot;&gt; javadoc &lt;/font&gt; &lt;/td&gt;
&lt;td class=&apos;confluenceTd&apos;&gt; &lt;font color=&quot;green&quot;&gt;  0m 59s&lt;/font&gt; &lt;/td&gt;
&lt;td class=&apos;confluenceTd&apos;&gt; &lt;font color=&quot;green&quot;&gt; the patch passed &lt;/font&gt; &lt;/td&gt;
&lt;/tr&gt;
&lt;tr&gt;
&lt;th class=&apos;confluenceTh&apos;&gt;&amp;nbsp;&lt;/th&gt;
&lt;th class=&apos;confluenceTh&apos;&gt;&amp;nbsp;&lt;/th&gt;
&lt;th class=&apos;confluenceTh&apos;&gt;&amp;nbsp;&lt;/th&gt;
&lt;th class=&apos;confluenceTh&apos;&gt; &lt;font color=&quot;brown&quot;&gt; Other Tests &lt;/font&gt; &lt;/th&gt;
&lt;/tr&gt;
&lt;tr&gt;
&lt;td class=&apos;confluenceTd&apos;&gt; &lt;font color=&quot;green&quot;&gt;+1&lt;/font&gt; &lt;/td&gt;
&lt;td class=&apos;confluenceTd&apos;&gt; &lt;font color=&quot;green&quot;&gt; asflicense &lt;/font&gt; &lt;/td&gt;
&lt;td class=&apos;confluenceTd&apos;&gt; &lt;font color=&quot;green&quot;&gt;  0m 12s&lt;/font&gt; &lt;/td&gt;
&lt;td class=&apos;confluenceTd&apos;&gt; &lt;font color=&quot;green&quot;&gt; The patch does not generate ASF License warnings. &lt;/font&gt; &lt;/td&gt;
&lt;/tr&gt;
&lt;tr&gt;
&lt;td class=&apos;confluenceTd&apos;&gt; &lt;font color=&quot;black&quot;&gt;&lt;/font&gt; &lt;/td&gt;
&lt;td class=&apos;confluenceTd&apos;&gt; &lt;font color=&quot;black&quot;&gt; &lt;/font&gt; &lt;/td&gt;
&lt;td class=&apos;confluenceTd&apos;&gt; &lt;font color=&quot;black&quot;&gt; 13m 52s&lt;/font&gt; &lt;/td&gt;
&lt;td class=&apos;confluenceTd&apos;&gt; &lt;font color=&quot;black&quot;&gt; &lt;/font&gt; &lt;/td&gt;
&lt;/tr&gt;
&lt;/tbody&gt;&lt;/table&gt;
&lt;/div&gt;

&lt;p&gt;&lt;br class=&quot;atl-forced-newline&quot; /&gt;
&lt;br class=&quot;atl-forced-newline&quot; /&gt;&lt;/p&gt;
&lt;div class=&apos;table-wrap&apos;&gt;
&lt;table class=&apos;confluenceTable&apos;&gt;&lt;tbody&gt;
&lt;tr&gt;
&lt;th class=&apos;confluenceTh&apos;&gt; Subsystem &lt;/th&gt;
&lt;th class=&apos;confluenceTh&apos;&gt; Report/Notes &lt;/th&gt;
&lt;/tr&gt;
&lt;tr&gt;
&lt;td class=&apos;confluenceTd&apos;&gt; Optional Tests &lt;/td&gt;
&lt;td class=&apos;confluenceTd&apos;&gt;  asflicense  javac  javadoc  findbugs  checkstyle  compile  &lt;/td&gt;
&lt;/tr&gt;
&lt;tr&gt;
&lt;td class=&apos;confluenceTd&apos;&gt; uname &lt;/td&gt;
&lt;td class=&apos;confluenceTd&apos;&gt; Linux hiveptest-server-upstream 3.16.0-4-amd64 #1 SMP Debian 3.16.36-1+deb8u1 (2016-09-03) x86_64 GNU/Linux &lt;/td&gt;
&lt;/tr&gt;
&lt;tr&gt;
&lt;td class=&apos;confluenceTd&apos;&gt; Build tool &lt;/td&gt;
&lt;td class=&apos;confluenceTd&apos;&gt; maven &lt;/td&gt;
&lt;/tr&gt;
&lt;tr&gt;
&lt;td class=&apos;confluenceTd&apos;&gt; Personality &lt;/td&gt;
&lt;td class=&apos;confluenceTd&apos;&gt; /data/hiveptest/working/yetus/dev-support/hive-personality.sh &lt;/td&gt;
&lt;/tr&gt;
&lt;tr&gt;
&lt;td class=&apos;confluenceTd&apos;&gt; git revision &lt;/td&gt;
&lt;td class=&apos;confluenceTd&apos;&gt; master / 095e6bf &lt;/td&gt;
&lt;/tr&gt;
&lt;tr&gt;
&lt;td class=&apos;confluenceTd&apos;&gt; Default Java &lt;/td&gt;
&lt;td class=&apos;confluenceTd&apos;&gt; 1.8.0_111 &lt;/td&gt;
&lt;/tr&gt;
&lt;tr&gt;
&lt;td class=&apos;confluenceTd&apos;&gt; modules &lt;/td&gt;
&lt;td class=&apos;confluenceTd&apos;&gt; C: ql U: ql &lt;/td&gt;
&lt;/tr&gt;
&lt;tr&gt;
&lt;td class=&apos;confluenceTd&apos;&gt; Console output &lt;/td&gt;
&lt;td class=&apos;confluenceTd&apos;&gt; &lt;a href=&quot;http://104.198.109.242/logs//PreCommit-HIVE-Build-8204/yetus.txt&quot; class=&quot;external-link&quot; target=&quot;_blank&quot; rel=&quot;nofollow noopener&quot;&gt;http://104.198.109.242/logs//PreCommit-HIVE-Build-8204/yetus.txt&lt;/a&gt; &lt;/td&gt;
&lt;/tr&gt;
&lt;tr&gt;
&lt;td class=&apos;confluenceTd&apos;&gt; Powered by &lt;/td&gt;
&lt;td class=&apos;confluenceTd&apos;&gt; Apache Yetus    &lt;a href=&quot;http://yetus.apache.org&quot; class=&quot;external-link&quot; target=&quot;_blank&quot; rel=&quot;nofollow noopener&quot;&gt;http://yetus.apache.org&lt;/a&gt; &lt;/td&gt;
&lt;/tr&gt;
&lt;/tbody&gt;&lt;/table&gt;
&lt;/div&gt;



&lt;p&gt;This message was automatically generated.&lt;/p&gt;
</comment>
                            <comment id="16288640" author="hiveqa" created="Wed, 13 Dec 2017 02:50:47 +0000"  >

&lt;p&gt;Here are the results of testing the latest attachment:&lt;br/&gt;
&lt;a href=&quot;https://issues.apache.org/jira/secure/attachment/12901512/HIVE-12719.patch&quot; class=&quot;external-link&quot; rel=&quot;nofollow&quot;&gt;https://issues.apache.org/jira/secure/attachment/12901512/HIVE-12719.patch&lt;/a&gt;&lt;/p&gt;

&lt;p&gt;&lt;font color=&quot;red&quot;&gt;ERROR:&lt;/font&gt; -1 due to no test(s) being added or modified.&lt;/p&gt;

&lt;p&gt;&lt;font color=&quot;red&quot;&gt;ERROR:&lt;/font&gt; -1 due to 17 failed/errored test(s), 11528 tests executed&lt;br/&gt;
&lt;b&gt;Failed tests:&lt;/b&gt;&lt;/p&gt;
&lt;div class=&quot;preformatted panel&quot; style=&quot;border-width: 1px;&quot;&gt;&lt;div class=&quot;preformattedContent panelContent&quot;&gt;
&lt;pre&gt;org.apache.hadoop.hive.cli.TestCliDriver.testCliDriver[mapjoin_hook] (batchId=12)
org.apache.hadoop.hive.cli.TestCliDriver.testCliDriver[ppd_join5] (batchId=35)
org.apache.hadoop.hive.cli.TestMiniLlapLocalCliDriver.testCliDriver[bucketsortoptimize_insert_2] (batchId=152)
org.apache.hadoop.hive.cli.TestMiniLlapLocalCliDriver.testCliDriver[hybridgrace_hashjoin_2] (batchId=157)
org.apache.hadoop.hive.cli.TestMiniLlapLocalCliDriver.testCliDriver[insert_values_orig_table_use_metadata] (batchId=165)
org.apache.hadoop.hive.cli.TestMiniLlapLocalCliDriver.testCliDriver[llap_acid] (batchId=169)
org.apache.hadoop.hive.cli.TestMiniLlapLocalCliDriver.testCliDriver[llap_acid_fast] (batchId=160)
org.apache.hadoop.hive.cli.TestMiniLlapLocalCliDriver.testCliDriver[quotedid_smb] (batchId=157)
org.apache.hadoop.hive.cli.TestMiniLlapLocalCliDriver.testCliDriver[sysdb] (batchId=160)
org.apache.hadoop.hive.cli.TestMiniSparkOnYarnCliDriver.testCliDriver[bucketizedhiveinputformat] (batchId=178)
org.apache.hadoop.hive.cli.TestNegativeCliDriver.testCliDriver[authorization_part] (batchId=93)
org.apache.hadoop.hive.cli.TestNegativeCliDriver.testCliDriver[stats_aggregator_error_1] (batchId=93)
org.apache.hadoop.hive.cli.TestSparkCliDriver.testCliDriver[auto_sortmerge_join_10] (batchId=138)
org.apache.hadoop.hive.cli.TestSparkCliDriver.testCliDriver[bucketsortoptimize_insert_7] (batchId=128)
org.apache.hadoop.hive.cli.TestSparkCliDriver.testCliDriver[ppd_join5] (batchId=120)
org.apache.hadoop.hive.cli.TestSparkCliDriver.testCliDriver[subquery_multi] (batchId=113)
org.apache.hadoop.hive.ql.parse.TestReplicationScenarios.testConstraints (batchId=226)
&lt;/pre&gt;
&lt;/div&gt;&lt;/div&gt;

&lt;p&gt;Test results: &lt;a href=&quot;https://builds.apache.org/job/PreCommit-HIVE-Build/8204/testReport&quot; class=&quot;external-link&quot; target=&quot;_blank&quot; rel=&quot;nofollow noopener&quot;&gt;https://builds.apache.org/job/PreCommit-HIVE-Build/8204/testReport&lt;/a&gt;&lt;br/&gt;
Console output: &lt;a href=&quot;https://builds.apache.org/job/PreCommit-HIVE-Build/8204/console&quot; class=&quot;external-link&quot; target=&quot;_blank&quot; rel=&quot;nofollow noopener&quot;&gt;https://builds.apache.org/job/PreCommit-HIVE-Build/8204/console&lt;/a&gt;&lt;br/&gt;
Test logs: &lt;a href=&quot;http://104.198.109.242/logs/PreCommit-HIVE-Build-8204/&quot; class=&quot;external-link&quot; target=&quot;_blank&quot; rel=&quot;nofollow noopener&quot;&gt;http://104.198.109.242/logs/PreCommit-HIVE-Build-8204/&lt;/a&gt;&lt;/p&gt;

&lt;p&gt;Messages:&lt;/p&gt;
&lt;div class=&quot;preformatted panel&quot; style=&quot;border-width: 1px;&quot;&gt;&lt;div class=&quot;preformattedContent panelContent&quot;&gt;
&lt;pre&gt;Executing org.apache.hive.ptest.execution.TestCheckPhase
Executing org.apache.hive.ptest.execution.PrepPhase
Executing org.apache.hive.ptest.execution.YetusPhase
Executing org.apache.hive.ptest.execution.ExecutionPhase
Executing org.apache.hive.ptest.execution.ReportingPhase
Tests exited with: TestsFailedException: 17 tests failed
&lt;/pre&gt;
&lt;/div&gt;&lt;/div&gt;

&lt;p&gt;This message is automatically generated.&lt;/p&gt;

&lt;p&gt;ATTACHMENT ID: 12901512 - PreCommit-HIVE-Build&lt;/p&gt;</comment>
                            <comment id="16425318" author="ganeshas" created="Wed, 4 Apr 2018 10:47:51 +0000"  >&lt;p&gt;Please review the patch.&lt;/p&gt;</comment>
                            <comment id="16427306" author="hiveqa" created="Thu, 5 Apr 2018 17:39:41 +0000"  >&lt;div class=&apos;table-wrap&apos;&gt;
&lt;table class=&apos;confluenceTable&apos;&gt;&lt;tbody&gt;
&lt;tr&gt;
&lt;td class=&apos;confluenceTd&apos;&gt; &lt;img class=&quot;emoticon&quot; src=&quot;https://issues.apache.org/jira/images/icons/emoticons/error.png&quot; height=&quot;16&quot; width=&quot;16&quot; align=&quot;absmiddle&quot; alt=&quot;&quot; border=&quot;0&quot;/&gt; &lt;b&gt;&lt;font color=&quot;red&quot;&gt;-1 overall&lt;/font&gt;&lt;/b&gt; &lt;/td&gt;
&lt;/tr&gt;
&lt;/tbody&gt;&lt;/table&gt;
&lt;/div&gt;

&lt;p&gt;&lt;br class=&quot;atl-forced-newline&quot; /&gt;
&lt;br class=&quot;atl-forced-newline&quot; /&gt;&lt;/p&gt;
&lt;div class=&apos;table-wrap&apos;&gt;
&lt;table class=&apos;confluenceTable&apos;&gt;&lt;tbody&gt;
&lt;tr&gt;
&lt;th class=&apos;confluenceTh&apos;&gt; Vote &lt;/th&gt;
&lt;th class=&apos;confluenceTh&apos;&gt; Subsystem &lt;/th&gt;
&lt;th class=&apos;confluenceTh&apos;&gt; Runtime &lt;/th&gt;
&lt;th class=&apos;confluenceTh&apos;&gt; Comment &lt;/th&gt;
&lt;/tr&gt;
&lt;tr&gt;
&lt;th class=&apos;confluenceTh&apos;&gt;&amp;nbsp;&lt;/th&gt;
&lt;th class=&apos;confluenceTh&apos;&gt;&amp;nbsp;&lt;/th&gt;
&lt;th class=&apos;confluenceTh&apos;&gt;&amp;nbsp;&lt;/th&gt;
&lt;th class=&apos;confluenceTh&apos;&gt; &lt;font color=&quot;brown&quot;&gt; Prechecks &lt;/font&gt; &lt;/th&gt;
&lt;/tr&gt;
&lt;tr&gt;
&lt;td class=&apos;confluenceTd&apos;&gt; &lt;font color=&quot;blue&quot;&gt;0&lt;/font&gt; &lt;/td&gt;
&lt;td class=&apos;confluenceTd&apos;&gt; &lt;font color=&quot;blue&quot;&gt; findbugs &lt;/font&gt; &lt;/td&gt;
&lt;td class=&apos;confluenceTd&apos;&gt; &lt;font color=&quot;blue&quot;&gt;  0m  0s&lt;/font&gt; &lt;/td&gt;
&lt;td class=&apos;confluenceTd&apos;&gt; &lt;font color=&quot;blue&quot;&gt; Findbugs executables are not available. &lt;/font&gt; &lt;/td&gt;
&lt;/tr&gt;
&lt;tr&gt;
&lt;td class=&apos;confluenceTd&apos;&gt; &lt;font color=&quot;green&quot;&gt;+1&lt;/font&gt; &lt;/td&gt;
&lt;td class=&apos;confluenceTd&apos;&gt; &lt;font color=&quot;green&quot;&gt; @author &lt;/font&gt; &lt;/td&gt;
&lt;td class=&apos;confluenceTd&apos;&gt; &lt;font color=&quot;green&quot;&gt;  0m  0s&lt;/font&gt; &lt;/td&gt;
&lt;td class=&apos;confluenceTd&apos;&gt; &lt;font color=&quot;green&quot;&gt; The patch does not contain any @author tags. &lt;/font&gt; &lt;/td&gt;
&lt;/tr&gt;
&lt;tr&gt;
&lt;th class=&apos;confluenceTh&apos;&gt;&amp;nbsp;&lt;/th&gt;
&lt;th class=&apos;confluenceTh&apos;&gt;&amp;nbsp;&lt;/th&gt;
&lt;th class=&apos;confluenceTh&apos;&gt;&amp;nbsp;&lt;/th&gt;
&lt;th class=&apos;confluenceTh&apos;&gt; &lt;font color=&quot;brown&quot;&gt; master Compile Tests &lt;/font&gt; &lt;/th&gt;
&lt;/tr&gt;
&lt;tr&gt;
&lt;td class=&apos;confluenceTd&apos;&gt; &lt;font color=&quot;green&quot;&gt;+1&lt;/font&gt; &lt;/td&gt;
&lt;td class=&apos;confluenceTd&apos;&gt; &lt;font color=&quot;green&quot;&gt; mvninstall &lt;/font&gt; &lt;/td&gt;
&lt;td class=&apos;confluenceTd&apos;&gt; &lt;font color=&quot;green&quot;&gt;  8m 28s&lt;/font&gt; &lt;/td&gt;
&lt;td class=&apos;confluenceTd&apos;&gt; &lt;font color=&quot;green&quot;&gt; master passed &lt;/font&gt; &lt;/td&gt;
&lt;/tr&gt;
&lt;tr&gt;
&lt;td class=&apos;confluenceTd&apos;&gt; &lt;font color=&quot;green&quot;&gt;+1&lt;/font&gt; &lt;/td&gt;
&lt;td class=&apos;confluenceTd&apos;&gt; &lt;font color=&quot;green&quot;&gt; compile &lt;/font&gt; &lt;/td&gt;
&lt;td class=&apos;confluenceTd&apos;&gt; &lt;font color=&quot;green&quot;&gt;  1m 22s&lt;/font&gt; &lt;/td&gt;
&lt;td class=&apos;confluenceTd&apos;&gt; &lt;font color=&quot;green&quot;&gt; master passed &lt;/font&gt; &lt;/td&gt;
&lt;/tr&gt;
&lt;tr&gt;
&lt;td class=&apos;confluenceTd&apos;&gt; &lt;font color=&quot;green&quot;&gt;+1&lt;/font&gt; &lt;/td&gt;
&lt;td class=&apos;confluenceTd&apos;&gt; &lt;font color=&quot;green&quot;&gt; checkstyle &lt;/font&gt; &lt;/td&gt;
&lt;td class=&apos;confluenceTd&apos;&gt; &lt;font color=&quot;green&quot;&gt;  0m 44s&lt;/font&gt; &lt;/td&gt;
&lt;td class=&apos;confluenceTd&apos;&gt; &lt;font color=&quot;green&quot;&gt; master passed &lt;/font&gt; &lt;/td&gt;
&lt;/tr&gt;
&lt;tr&gt;
&lt;td class=&apos;confluenceTd&apos;&gt; &lt;font color=&quot;green&quot;&gt;+1&lt;/font&gt; &lt;/td&gt;
&lt;td class=&apos;confluenceTd&apos;&gt; &lt;font color=&quot;green&quot;&gt; javadoc &lt;/font&gt; &lt;/td&gt;
&lt;td class=&apos;confluenceTd&apos;&gt; &lt;font color=&quot;green&quot;&gt;  1m  4s&lt;/font&gt; &lt;/td&gt;
&lt;td class=&apos;confluenceTd&apos;&gt; &lt;font color=&quot;green&quot;&gt; master passed &lt;/font&gt; &lt;/td&gt;
&lt;/tr&gt;
&lt;tr&gt;
&lt;th class=&apos;confluenceTh&apos;&gt;&amp;nbsp;&lt;/th&gt;
&lt;th class=&apos;confluenceTh&apos;&gt;&amp;nbsp;&lt;/th&gt;
&lt;th class=&apos;confluenceTh&apos;&gt;&amp;nbsp;&lt;/th&gt;
&lt;th class=&apos;confluenceTh&apos;&gt; &lt;font color=&quot;brown&quot;&gt; Patch Compile Tests &lt;/font&gt; &lt;/th&gt;
&lt;/tr&gt;
&lt;tr&gt;
&lt;td class=&apos;confluenceTd&apos;&gt; &lt;font color=&quot;green&quot;&gt;+1&lt;/font&gt; &lt;/td&gt;
&lt;td class=&apos;confluenceTd&apos;&gt; &lt;font color=&quot;green&quot;&gt; mvninstall &lt;/font&gt; &lt;/td&gt;
&lt;td class=&apos;confluenceTd&apos;&gt; &lt;font color=&quot;green&quot;&gt;  1m 38s&lt;/font&gt; &lt;/td&gt;
&lt;td class=&apos;confluenceTd&apos;&gt; &lt;font color=&quot;green&quot;&gt; the patch passed &lt;/font&gt; &lt;/td&gt;
&lt;/tr&gt;
&lt;tr&gt;
&lt;td class=&apos;confluenceTd&apos;&gt; &lt;font color=&quot;green&quot;&gt;+1&lt;/font&gt; &lt;/td&gt;
&lt;td class=&apos;confluenceTd&apos;&gt; &lt;font color=&quot;green&quot;&gt; compile &lt;/font&gt; &lt;/td&gt;
&lt;td class=&apos;confluenceTd&apos;&gt; &lt;font color=&quot;green&quot;&gt;  1m 17s&lt;/font&gt; &lt;/td&gt;
&lt;td class=&apos;confluenceTd&apos;&gt; &lt;font color=&quot;green&quot;&gt; the patch passed &lt;/font&gt; &lt;/td&gt;
&lt;/tr&gt;
&lt;tr&gt;
&lt;td class=&apos;confluenceTd&apos;&gt; &lt;font color=&quot;green&quot;&gt;+1&lt;/font&gt; &lt;/td&gt;
&lt;td class=&apos;confluenceTd&apos;&gt; &lt;font color=&quot;green&quot;&gt; javac &lt;/font&gt; &lt;/td&gt;
&lt;td class=&apos;confluenceTd&apos;&gt; &lt;font color=&quot;green&quot;&gt;  1m 17s&lt;/font&gt; &lt;/td&gt;
&lt;td class=&apos;confluenceTd&apos;&gt; &lt;font color=&quot;green&quot;&gt; the patch passed &lt;/font&gt; &lt;/td&gt;
&lt;/tr&gt;
&lt;tr&gt;
&lt;td class=&apos;confluenceTd&apos;&gt; &lt;font color=&quot;green&quot;&gt;+1&lt;/font&gt; &lt;/td&gt;
&lt;td class=&apos;confluenceTd&apos;&gt; &lt;font color=&quot;green&quot;&gt; checkstyle &lt;/font&gt; &lt;/td&gt;
&lt;td class=&apos;confluenceTd&apos;&gt; &lt;font color=&quot;green&quot;&gt;  0m 51s&lt;/font&gt; &lt;/td&gt;
&lt;td class=&apos;confluenceTd&apos;&gt; &lt;font color=&quot;green&quot;&gt; the patch passed &lt;/font&gt; &lt;/td&gt;
&lt;/tr&gt;
&lt;tr&gt;
&lt;td class=&apos;confluenceTd&apos;&gt; &lt;font color=&quot;green&quot;&gt;+1&lt;/font&gt; &lt;/td&gt;
&lt;td class=&apos;confluenceTd&apos;&gt; &lt;font color=&quot;green&quot;&gt; whitespace &lt;/font&gt; &lt;/td&gt;
&lt;td class=&apos;confluenceTd&apos;&gt; &lt;font color=&quot;green&quot;&gt;  0m  0s&lt;/font&gt; &lt;/td&gt;
&lt;td class=&apos;confluenceTd&apos;&gt; &lt;font color=&quot;green&quot;&gt; The patch has no whitespace issues. &lt;/font&gt; &lt;/td&gt;
&lt;/tr&gt;
&lt;tr&gt;
&lt;td class=&apos;confluenceTd&apos;&gt; &lt;font color=&quot;green&quot;&gt;+1&lt;/font&gt; &lt;/td&gt;
&lt;td class=&apos;confluenceTd&apos;&gt; &lt;font color=&quot;green&quot;&gt; javadoc &lt;/font&gt; &lt;/td&gt;
&lt;td class=&apos;confluenceTd&apos;&gt; &lt;font color=&quot;green&quot;&gt;  1m  2s&lt;/font&gt; &lt;/td&gt;
&lt;td class=&apos;confluenceTd&apos;&gt; &lt;font color=&quot;green&quot;&gt; the patch passed &lt;/font&gt; &lt;/td&gt;
&lt;/tr&gt;
&lt;tr&gt;
&lt;th class=&apos;confluenceTh&apos;&gt;&amp;nbsp;&lt;/th&gt;
&lt;th class=&apos;confluenceTh&apos;&gt;&amp;nbsp;&lt;/th&gt;
&lt;th class=&apos;confluenceTh&apos;&gt;&amp;nbsp;&lt;/th&gt;
&lt;th class=&apos;confluenceTh&apos;&gt; &lt;font color=&quot;brown&quot;&gt; Other Tests &lt;/font&gt; &lt;/th&gt;
&lt;/tr&gt;
&lt;tr&gt;
&lt;td class=&apos;confluenceTd&apos;&gt; &lt;font color=&quot;red&quot;&gt;-1&lt;/font&gt; &lt;/td&gt;
&lt;td class=&apos;confluenceTd&apos;&gt; &lt;font color=&quot;red&quot;&gt; asflicense &lt;/font&gt; &lt;/td&gt;
&lt;td class=&apos;confluenceTd&apos;&gt; &lt;font color=&quot;red&quot;&gt;  0m 15s&lt;/font&gt; &lt;/td&gt;
&lt;td class=&apos;confluenceTd&apos;&gt; &lt;font color=&quot;red&quot;&gt; The patch generated 50 ASF License warnings. &lt;/font&gt; &lt;/td&gt;
&lt;/tr&gt;
&lt;tr&gt;
&lt;td class=&apos;confluenceTd&apos;&gt; &lt;font color=&quot;black&quot;&gt;&lt;/font&gt; &lt;/td&gt;
&lt;td class=&apos;confluenceTd&apos;&gt; &lt;font color=&quot;black&quot;&gt; &lt;/font&gt; &lt;/td&gt;
&lt;td class=&apos;confluenceTd&apos;&gt; &lt;font color=&quot;black&quot;&gt; 16m 58s&lt;/font&gt; &lt;/td&gt;
&lt;td class=&apos;confluenceTd&apos;&gt; &lt;font color=&quot;black&quot;&gt; &lt;/font&gt; &lt;/td&gt;
&lt;/tr&gt;
&lt;/tbody&gt;&lt;/table&gt;
&lt;/div&gt;

&lt;p&gt;&lt;br class=&quot;atl-forced-newline&quot; /&gt;
&lt;br class=&quot;atl-forced-newline&quot; /&gt;&lt;/p&gt;
&lt;div class=&apos;table-wrap&apos;&gt;
&lt;table class=&apos;confluenceTable&apos;&gt;&lt;tbody&gt;
&lt;tr&gt;
&lt;th class=&apos;confluenceTh&apos;&gt; Subsystem &lt;/th&gt;
&lt;th class=&apos;confluenceTh&apos;&gt; Report/Notes &lt;/th&gt;
&lt;/tr&gt;
&lt;tr&gt;
&lt;td class=&apos;confluenceTd&apos;&gt; Optional Tests &lt;/td&gt;
&lt;td class=&apos;confluenceTd&apos;&gt;  asflicense  javac  javadoc  findbugs  checkstyle  compile  &lt;/td&gt;
&lt;/tr&gt;
&lt;tr&gt;
&lt;td class=&apos;confluenceTd&apos;&gt; uname &lt;/td&gt;
&lt;td class=&apos;confluenceTd&apos;&gt; Linux hiveptest-server-upstream 3.16.0-4-amd64 #1 SMP Debian 3.16.36-1+deb8u1 (2016-09-03) x86_64 GNU/Linux &lt;/td&gt;
&lt;/tr&gt;
&lt;tr&gt;
&lt;td class=&apos;confluenceTd&apos;&gt; Build tool &lt;/td&gt;
&lt;td class=&apos;confluenceTd&apos;&gt; maven &lt;/td&gt;
&lt;/tr&gt;
&lt;tr&gt;
&lt;td class=&apos;confluenceTd&apos;&gt; Personality &lt;/td&gt;
&lt;td class=&apos;confluenceTd&apos;&gt; /data/hiveptest/working/yetus_PreCommit-HIVE-Build-10018/dev-support/hive-personality.sh &lt;/td&gt;
&lt;/tr&gt;
&lt;tr&gt;
&lt;td class=&apos;confluenceTd&apos;&gt; git revision &lt;/td&gt;
&lt;td class=&apos;confluenceTd&apos;&gt; master / dc5a943 &lt;/td&gt;
&lt;/tr&gt;
&lt;tr&gt;
&lt;td class=&apos;confluenceTd&apos;&gt; Default Java &lt;/td&gt;
&lt;td class=&apos;confluenceTd&apos;&gt; 1.8.0_111 &lt;/td&gt;
&lt;/tr&gt;
&lt;tr&gt;
&lt;td class=&apos;confluenceTd&apos;&gt; asflicense &lt;/td&gt;
&lt;td class=&apos;confluenceTd&apos;&gt; &lt;a href=&quot;http://104.198.109.242/logs//PreCommit-HIVE-Build-10018/yetus/patch-asflicense-problems.txt&quot; class=&quot;external-link&quot; target=&quot;_blank&quot; rel=&quot;nofollow noopener&quot;&gt;http://104.198.109.242/logs//PreCommit-HIVE-Build-10018/yetus/patch-asflicense-problems.txt&lt;/a&gt; &lt;/td&gt;
&lt;/tr&gt;
&lt;tr&gt;
&lt;td class=&apos;confluenceTd&apos;&gt; modules &lt;/td&gt;
&lt;td class=&apos;confluenceTd&apos;&gt; C: ql U: ql &lt;/td&gt;
&lt;/tr&gt;
&lt;tr&gt;
&lt;td class=&apos;confluenceTd&apos;&gt; Console output &lt;/td&gt;
&lt;td class=&apos;confluenceTd&apos;&gt; &lt;a href=&quot;http://104.198.109.242/logs//PreCommit-HIVE-Build-10018/yetus.txt&quot; class=&quot;external-link&quot; target=&quot;_blank&quot; rel=&quot;nofollow noopener&quot;&gt;http://104.198.109.242/logs//PreCommit-HIVE-Build-10018/yetus.txt&lt;/a&gt; &lt;/td&gt;
&lt;/tr&gt;
&lt;tr&gt;
&lt;td class=&apos;confluenceTd&apos;&gt; Powered by &lt;/td&gt;
&lt;td class=&apos;confluenceTd&apos;&gt; Apache Yetus    &lt;a href=&quot;http://yetus.apache.org&quot; class=&quot;external-link&quot; target=&quot;_blank&quot; rel=&quot;nofollow noopener&quot;&gt;http://yetus.apache.org&lt;/a&gt; &lt;/td&gt;
&lt;/tr&gt;
&lt;/tbody&gt;&lt;/table&gt;
&lt;/div&gt;



&lt;p&gt;This message was automatically generated.&lt;/p&gt;
</comment>
                            <comment id="16427440" author="hiveqa" created="Thu, 5 Apr 2018 18:55:09 +0000"  >

&lt;p&gt;Here are the results of testing the latest attachment:&lt;br/&gt;
&lt;a href=&quot;https://issues.apache.org/jira/secure/attachment/12901512/HIVE-12719.patch&quot; class=&quot;external-link&quot; rel=&quot;nofollow&quot;&gt;https://issues.apache.org/jira/secure/attachment/12901512/HIVE-12719.patch&lt;/a&gt;&lt;/p&gt;

&lt;p&gt;&lt;font color=&quot;red&quot;&gt;ERROR:&lt;/font&gt; -1 due to no test(s) being added or modified.&lt;/p&gt;

&lt;p&gt;&lt;font color=&quot;red&quot;&gt;ERROR:&lt;/font&gt; -1 due to 160 failed/errored test(s), 13579 tests executed&lt;br/&gt;
&lt;b&gt;Failed tests:&lt;/b&gt;&lt;/p&gt;
&lt;div class=&quot;preformatted panel&quot; style=&quot;border-width: 1px;&quot;&gt;&lt;div class=&quot;preformattedContent panelContent&quot;&gt;
&lt;pre&gt;TestBeeLineDriver - did not produce a TEST-*.xml file (likely timed out) (batchId=252)
TestCopyUtils - did not produce a TEST-*.xml file (likely timed out) (batchId=230)
TestDbNotificationListener - did not produce a TEST-*.xml file (likely timed out) (batchId=246)
TestDummy - did not produce a TEST-*.xml file (likely timed out) (batchId=252)
TestExportImport - did not produce a TEST-*.xml file (likely timed out) (batchId=230)
TestHCatHiveCompatibility - did not produce a TEST-*.xml file (likely timed out) (batchId=246)
TestMiniDruidCliDriver - did not produce a TEST-*.xml file (likely timed out) (batchId=252)
TestMiniDruidKafkaCliDriver - did not produce a TEST-*.xml file (likely timed out) (batchId=252)
TestNegativeCliDriver - did not produce a TEST-*.xml file (likely timed out) (batchId=96)
	[udf_invalid.q,authorization_uri_export.q,default_constraint_complex_default_value.q,druid_datasource2.q,check_constraint_max_length.q,view_update.q,default_partition_name.q,authorization_public_create.q,load_wrong_fileformat_rc_seq.q,default_constraint_invalid_type.q,altern1.q,describe_xpath1.q,drop_view_failure2.q,temp_table_rename.q,invalid_select_column_with_subquery.q,udf_trunc_error1.q,insert_view_failure.q,dbtxnmgr_nodbunlock.q,authorization_show_columns.q,cte_recursion.q,merge_constraint_notnull.q,load_part_nospec.q,clusterbyorderby.q,orc_type_promotion2.q,ctas_noperm_loc.q,udf_min.q,udf_instr_wrong_args_len.q,invalid_create_tbl2.q,part_col_complex_type.q,authorization_drop_db_empty.q,smb_mapjoin_14.q,subquery_scalar_multi_rows.q,alter_partition_coltype_2columns.q,subquery_corr_in_agg.q,insert_overwrite_notnull_constraint.q,authorization_show_grant_otheruser_wtab.q,regex_col_groupby.q,ptf_negative_DuplicateWindowAlias.q,exim_22_export_authfail.q,udf_likeany_wrong1.q,groupby_key.q,ambiguous_col.q,groupby3_multi_distinct.q,authorization_alter_drop_ptn.q,invalid_cast_from_binary_5.q,show_create_table_does_not_exist.q,invalid_select_column.q,exim_20_managed_location_over_existing.q,interval_3.q,authorization_compile.q,join35.q,udf_concat_ws_wrong3.q,create_or_replace_view8.q,create_external_with_notnull_constraint.q,split_sample_out_of_range.q,materialized_view_no_transactional_rewrite.q,authorization_show_grant_otherrole.q,create_with_constraints_duplicate_name.q,invalid_stddev_samp_syntax.q,authorization_view_disable_cbo_7.q,autolocal1.q,avro_non_nullable_union.q,load_orc_negative_part.q,drop_view_failure1.q,columnstats_partlvl_invalid_values_autogather.q,exim_13_nonnative_import.q,alter_table_wrong_regex.q,udf_next_day_error_2.q,authorization_select.q,udf_trunc_error2.q,authorization_view_7.q,udf_format_number_wrong5.q,touch2.q,orc_type_promotion1.q,lateral_view_alias.q,show_tables_bad_db1.q,unset_table_property.q,alter_non_native.q,nvl_mismatch_type.q,load_orc_negative3.q,authorization_create_role_no_admin.q,invalid_distinct1.q,authorization_grant_server.q,orc_type_promotion3_acid.q,hms_using_serde_alter_table_update_columns.q,show_tables_bad1.q,macro_unused_parameter.q,drop_invalid_constraint3.q,drop_partition_filter_failure.q,char_pad_convert_fail3.q,exim_23_import_exist_authfail.q,drop_invalid_constraint4.q,authorization_create_macro1.q,archive1.q,subquery_multiple_cols_in_select.q,change_hive_hdfs_session_path.q,udf_trunc_error3.q,invalid_variance_syntax.q,authorization_truncate_2.q,invalid_avg_syntax.q,invalid_select_column_with_tablename.q,mm_truncate_cols.q,groupby_grouping_sets1.q,druid_location.q,groupby2_multi_distinct.q,authorization_sba_drop_table.q,dynamic_partitions_with_whitelist.q,compare_string_bigint_2.q,udf_greatest_error_2.q,authorization_view_6.q,show_tablestatus.q,duplicate_alias_in_transform_schema.q,create_with_fk_uk_same_tab.q,udtf_not_supported3.q,alter_table_constraint_invalid_fk_col2.q,udtf_not_supported1.q,dbtxnmgr_notableunlock.q,ptf_negative_InvalidValueBoundary.q,alter_table_constraint_duplicate_pk.q,udf_printf_wrong4.q,create_view_failure9.q,udf_elt_wrong_type.q,selectDistinctStarNeg_1.q,invalid_mapjoin1.q,load_stored_as_dirs.q,input1.q,udf_sort_array_wrong1.q,invalid_distinct2.q,invalid_select_fn.q,authorization_role_grant_otherrole.q,archive4.q,load_nonpart_authfail.q,recursive_view.q,authorization_view_disable_cbo_1.q,desc_failure4.q,create_not_acid.q,udf_sort_array_wrong3.q,char_pad_convert_fail0.q,udf_map_values_arg_type.q,alter_view_failure6_2.q,alter_partition_change_col_nonexist.q,update_non_acid_table.q,authorization_view_disable_cbo_5.q,ct_noperm_loc.q,interval_1.q,authorization_show_grant_otheruser_all.q,authorization_view_2.q,show_tables_bad2.q,groupby_rollup2.q,truncate_column_seqfile.q,create_view_failure5.q,authorization_create_view.q,ptf_window_boundaries.q,ctasnullcol.q,input_part0_neg_2.q,create_or_replace_view1.q,udf_max.q,exim_01_nonpart_over_loaded.q,msck_repair_1.q,orc_change_fileformat_acid.q,udf_nonexistent_resource.q,msck_repair_3.q,exim_19_external_over_existing.q,serde_regex2.q,msck_repair_2.q,exim_06_nonpart_noncompat_storage.q,illegal_partition_type4.q,udf_sort_array_by_wrong1.q,windowing_leadlag_in_udaf.q,avro_decimal.q,materialized_view_update.q,illegal_partition_type2.q,invalid_varchar_length_1.q,authorization_view_5.q,nested_complex_neg.q,lockneg_try_drop_locked_db.q,constraint_partition_columns.q,authorization_insertpart_noinspriv.q,avro_add_column_extschema.q,udf_sort_array_wrong2.q,drop_database_cascade.q,archive3.q,alter_view_failure5.q,load_orc_negative1.q,create_external_acid.q,check_constraint_temporary_udf.q,file_with_header_footer_negative.q,alter_view_failure6.q,create_view_failure6.q,char_pad_convert_fail1.q,invalid_var_samp_syntax.q,update_partition_col.q,database_create_already_exists.q,union2.q,windowing_invalid_udaf.q,authorization_public_drop.q,truncate_table_failure5.q,alter_view_failure2.q,udf_reflect_neg.q,interval_2.q,column_rename2.q,set_hiveconf_validation0.q,materialized_view_drop2.q,repl_dump_requires_admin.q,alter_view_failure7.q,alter_view_failure4.q,alter_view_failure3.q,udf_map_keys_arg_type.q,alter_partition_with_whitelist.q,authorization_show_role_principals_no_admin.q,table_nonprintable_negative.q,clusterbydistributeby.q,authorization_rolehierarchy_privs.q,alter_notnull_constraint_violation.q,check_constraint_aggregate.q,script_broken_pipe3.q,column_rename3.q,authorization_fail_create_db.q,analyze.q,compute_stats_long.q,sortmerge_mapjoin_mismatch_1.q,insert_into6.q,select_charliteral.q,fs_default_name2.q,check_constraint_qual_name.q,archive_multi5.q,input4.q,create_udaf_failure.q,create_table_failure1.q,regex_col_1.q,materialized_view_authorization_no_select_perm.q,decimal_precision_1.q,columnstats_partlvl_multiple_part_clause.q,udf_if_not_bool.q,materialized_view_replace_with_view.q,invalid_cast_to_binary_6.q,lockneg5.q,database_drop_not_empty.q,smb_bucketmapjoin.q,alter_rename_partition_failure2.q,invalid_cast_to_binary_4.q,decimal_precision.q,create_view_failure10.q,invalid_cast_to_binary_3.q,groupby_invalid_position.q,load_wrong_fileformat_txt_seq.q,exchange_partition_neg_partition_exists.q,authorization_not_owner_alter_tab_serdeprop.q,alter_rename_partition_failure.q,merge_negative_5.q,authorization_invalid_priv_v2.q,bucket_mapjoin_wrong_table_metadata_1.q,lockneg2.q,join28.q,exchange_partition_neg_test.q,lockneg_try_lock_db_in_use.q,udf_assert_true.q,udf_coalesce.q,join29.q,archive_partspec4.q,exim_24_import_part_authfail.q,exim_08_nonpart_noncompat_serde.q,udtf_explode_not_supported4.q,create_view_failure4.q,default_constraint_invalid_default_value_type.q,invalid_char_length_1.q,udf_in.q,create_view_failure3.q,strict_pruning_2.q,insertexternal1.q,alter_partition_change_col_dup_col.q,authorization_ctas2.q,uniquejoin.q,authorization_role_grant_nosuchrole.q,column_rename4.q,create_with_fk_wrong_ref2.q,authorization_role_case.q,udf_if_wrong_args_len.q,create_skewed_table_col_name_value_no_mismatch.q,compare_string_bigint.q,archive_insert2.q,authorization_grant_table_fail1.q,exim_02_all_part_over_overlap.q,archive_multi1.q,subquery_in_groupby.q,authorization_role_grant.q,insert_into_with_schema3.q,create_with_fk_constraint.q,materialized_view_insert.q,orc_replace_columns1.q,updateBasicStats.q,udf_likeall_wrong1.q,udf_map_keys_arg_num.q,subquery_scalar_corr_multi_rows.q,exchange_partition_neg_partition_exists2.q,udf_test_error.q,distinct_windowing_failure2.q,authorization_caseinsensitivity.q,update_bucket_col.q,create_or_replace_view3.q,lockneg_query_tbl_in_locked_db.q,authorization_select_view.q,create_or_replace_view4.q,disallow_incompatible_type_change_on2.q,ptf_negative_DistributeByOrderBy.q,desc_failure3.q,create_insert_outputformat.q,alter_table_wrong_location2.q,groupby_grouping_sets5.q,authorization_uri_create_table_ext.q,invalid_t_create2.q,archive_corrupt.q,groupby_grouping_sets6.q,subquery_corr_grandparent.q,archive_insert3.q,authorization_alter_table_exchange_partition_fail2.q,invalid_cast_from_binary_2.q,authorize_grant_public.q,authorization_fail_drop_db.q,insert_into_with_schema4.q,parquet_alter_part_table_drop_columns.q,unionSortBy.q,invalid_char_length_2.q,insert_multi_into_notnull.q,groupby_grouping_id1.q,strict_orderby_2.q,udf_next_day_error_1.q,authorize_revoke_public.q,load_part_authfail.q,drop_default_partition_filter.q,orc_replace_columns2.q,alter_file_format.q,authorization_alter_db_owner_default.q,authorization_uri_createdb.q,authorization_import_ptn.q,selectDistinctWithoutAggr.q,split_sample_wrong_format.q,authorization_fail_8.q,regex_col_2.q,ptf_negative_PartitionBySortBy.q,stats_aggregator_error_2.q,drop_table_failure1.q,stats_aggregator_error_1.q,udf_concat_ws_wrong1.q,exim_12_nonnative_export.q,clustern4.q,strict_orderby.q,authorization_insertoverwrite_nodel.q,clustern3.q,exim_18_part_spec_missing.q,invalid_t_transform.q,columnstats_tbllvl_complex_type.q,authorization_grant_table_allpriv.q,msck_repair_4.q,set_hiveconf_validation1.q,authorization_alter_table_exchange_partition_fail.q,ctas_noemptyfolder.q,clustern2.q,set_hiveconf_validation2.q,bucket_mapjoin_mismatch1.q,mm_convert.q,truncate_bucketed_column.q,druid_datasource.q,udf_assert_true2.q,strict_join_2.q,udf_format_number_wrong3.q,default_constraint_invalid_default_value_length.q,masking_acid_update.q,materialized_view_no_transactional_rewrite_2.q,materialized_view_authorization_drop_other.q,dyn_part1.q,default_constraint_invalid_default_value2.q,select_star_suffix.q,subquery_select_distinct.q,authorization_uri_create_table1.q,special_character_in_tabnames_1.q,archive_partspec2.q,analyze_non_existent_tbl.q,create_with_pk_constraints_enforced.q,orderby_position_unsupported.q,subquery_subquery_chain_exists.q,orc_reorder_columns1_acid.q,subquery_notin_implicit_gby.q,notable_alias4.q,semijoin2.q,desc_failure1.q,ptf_negative_HavingLeadWithPTF.q,alter_tableprops_external_with_default_constraint.q,create_unknown_udf_udaf.q,materialized_view_authorization_create_no_grant.q,orc_change_serde.q,uniquejoin3.q,stats_publisher_error_1.q,authorization_part.q,alter_table_constraint_invalid_fk_tbl1.q,fileformat_void_input.q,truncate_table_failure3.q,alter_table_constraint_invalid_fk_tbl2.q,mismatch_columns_insertion.q,repl_load_requires_admin.q]
TestNonCatCallsWithCatalog - did not produce a TEST-*.xml file (likely timed out) (batchId=216)
TestReplicationOnHDFSEncryptedZones - did not produce a TEST-*.xml file (likely timed out) (batchId=230)
TestReplicationScenarios - did not produce a TEST-*.xml file (likely timed out) (batchId=230)
TestReplicationScenariosAcidTables - did not produce a TEST-*.xml file (likely timed out) (batchId=230)
TestReplicationScenariosAcrossInstances - did not produce a TEST-*.xml file (likely timed out) (batchId=230)
TestSequenceFileReadWrite - did not produce a TEST-*.xml file (likely timed out) (batchId=246)
TestTezPerfCliDriver - did not produce a TEST-*.xml file (likely timed out) (batchId=252)
org.apache.hadoop.hive.cli.TestCliDriver.testCliDriver[acid_table_stats] (batchId=54)
org.apache.hadoop.hive.cli.TestCliDriver.testCliDriver[statsoptimizer] (batchId=62)
org.apache.hadoop.hive.cli.TestMiniLlapCliDriver.testCliDriver[llap_smb] (batchId=153)
org.apache.hadoop.hive.cli.TestMiniLlapLocalCliDriver.testCliDriver[bucket_map_join_tez_empty] (batchId=159)
org.apache.hadoop.hive.cli.TestMiniLlapLocalCliDriver.testCliDriver[groupby_groupingset_bug] (batchId=174)
org.apache.hadoop.hive.cli.TestMiniLlapLocalCliDriver.testCliDriver[insert_values_orig_table_use_metadata] (batchId=169)
org.apache.hadoop.hive.cli.TestMiniLlapLocalCliDriver.testCliDriver[mergejoin] (batchId=168)
org.apache.hadoop.hive.cli.TestMiniLlapLocalCliDriver.testCliDriver[sysdb] (batchId=163)
org.apache.hadoop.hive.cli.TestMiniLlapLocalCliDriver.testCliDriver[tez_smb_main] (batchId=160)
org.apache.hadoop.hive.cli.TestMiniLlapLocalCliDriver.testCliDriver[update_access_time_non_current_db] (batchId=171)
org.apache.hadoop.hive.cli.TestMiniLlapLocalCliDriver.testCliDriver[vectorization_div0] (batchId=170)
org.apache.hadoop.hive.cli.TestMiniLlapLocalCliDriver.testCliDriver[vectorized_dynamic_semijoin_reduction] (batchId=155)
org.apache.hadoop.hive.cli.TestMiniTezCliDriver.testCliDriver[explainanalyze_5] (batchId=105)
org.apache.hadoop.hive.cli.TestNegativeCliDriver.org.apache.hadoop.hive.cli.TestNegativeCliDriver (batchId=95)
org.apache.hadoop.hive.cli.TestNegativeCliDriver.testCliDriver[insert_into_acid_notnull] (batchId=95)
org.apache.hadoop.hive.cli.TestNegativeCliDriver.testCliDriver[insert_into_notnull_constraint] (batchId=95)
org.apache.hadoop.hive.cli.TestNegativeCliDriver.testCliDriver[nopart_insert] (batchId=95)
org.apache.hadoop.hive.cli.TestNegativeCliDriver.testCliDriver[stats_publisher_error_2] (batchId=95)
org.apache.hadoop.hive.cli.TestNegativeCliDriver.testCliDriver[subquery_in_implicit_gby] (batchId=95)
org.apache.hadoop.hive.cli.TestNegativeCliDriver.testCliDriver[subquery_subquery_chain] (batchId=95)
org.apache.hadoop.hive.cli.TestNegativeCliDriver.testCliDriver[truncate_column_list_bucketing] (batchId=95)
org.apache.hadoop.hive.cli.TestNegativeCliDriver.testCliDriver[truncate_nonexistant_column] (batchId=95)
org.apache.hadoop.hive.cli.TestNegativeCliDriver.testCliDriver[truncate_partition_column2] (batchId=95)
org.apache.hadoop.hive.cli.TestNegativeCliDriver.testCliDriver[truncate_partition_column] (batchId=95)
org.apache.hadoop.hive.cli.TestNegativeCliDriver.testCliDriver[truncate_table_failure1] (batchId=95)
org.apache.hadoop.hive.cli.TestNegativeCliDriver.testCliDriver[truncate_table_failure2] (batchId=95)
org.apache.hadoop.hive.cli.TestNegativeCliDriver.testCliDriver[truncate_table_failure4] (batchId=95)
org.apache.hadoop.hive.cli.TestNegativeCliDriver.testCliDriver[truncate_table_failure6] (batchId=95)
org.apache.hadoop.hive.cli.TestNegativeCliDriver.testCliDriver[udaf_invalid_place] (batchId=95)
org.apache.hadoop.hive.cli.TestNegativeCliDriver.testCliDriver[udf_add_months_error_1] (batchId=95)
org.apache.hadoop.hive.cli.TestNegativeCliDriver.testCliDriver[udf_add_months_error_2] (batchId=95)
org.apache.hadoop.hive.cli.TestNegativeCliDriver.testCliDriver[udf_array_contains_wrong1] (batchId=95)
org.apache.hadoop.hive.cli.TestNegativeCliDriver.testCliDriver[udf_concat_ws_wrong2] (batchId=95)
org.apache.hadoop.hive.cli.TestNegativeCliDriver.testCliDriver[udf_elt_wrong_args_len] (batchId=95)
org.apache.hadoop.hive.cli.TestNegativeCliDriver.testCliDriver[udf_field_wrong_args_len] (batchId=95)
org.apache.hadoop.hive.cli.TestNegativeCliDriver.testCliDriver[udf_field_wrong_type] (batchId=95)
org.apache.hadoop.hive.cli.TestNegativeCliDriver.testCliDriver[udf_format_number_wrong1] (batchId=95)
org.apache.hadoop.hive.cli.TestNegativeCliDriver.testCliDriver[udf_format_number_wrong2] (batchId=95)
org.apache.hadoop.hive.cli.TestNegativeCliDriver.testCliDriver[udf_format_number_wrong4] (batchId=95)
org.apache.hadoop.hive.cli.TestNegativeCliDriver.testCliDriver[udf_format_number_wrong7] (batchId=95)
org.apache.hadoop.hive.cli.TestNegativeCliDriver.testCliDriver[udf_greatest_error_1] (batchId=95)
org.apache.hadoop.hive.cli.TestNegativeCliDriver.testCliDriver[udf_in_2] (batchId=95)
org.apache.hadoop.hive.cli.TestNegativeCliDriver.testCliDriver[udf_instr_wrong_type] (batchId=95)
org.apache.hadoop.hive.cli.TestNegativeCliDriver.testCliDriver[udf_last_day_error_1] (batchId=95)
org.apache.hadoop.hive.cli.TestNegativeCliDriver.testCliDriver[udf_last_day_error_2] (batchId=95)
org.apache.hadoop.hive.cli.TestNegativeCliDriver.testCliDriver[udf_locate_wrong_args_len] (batchId=95)
org.apache.hadoop.hive.cli.TestNegativeCliDriver.testCliDriver[udf_locate_wrong_type] (batchId=95)
org.apache.hadoop.hive.cli.TestNegativeCliDriver.testCliDriver[udf_map_values_arg_num] (batchId=95)
org.apache.hadoop.hive.cli.TestNegativeCliDriver.testCliDriver[udf_printf_wrong1] (batchId=95)
org.apache.hadoop.hive.cli.TestNegativeCliDriver.testCliDriver[udf_printf_wrong2] (batchId=95)
org.apache.hadoop.hive.cli.TestNegativeCliDriver.testCliDriver[udf_printf_wrong3] (batchId=95)
org.apache.hadoop.hive.cli.TestNegativeCliDriver.testCliDriver[udf_qualified_name] (batchId=95)
org.apache.hadoop.hive.cli.TestNegativeCliDriver.testCliDriver[udf_size_wrong_args_len] (batchId=95)
org.apache.hadoop.hive.cli.TestNegativeCliDriver.testCliDriver[udf_sort_array_by_wrong2] (batchId=95)
org.apache.hadoop.hive.cli.TestNegativeCliDriver.testCliDriver[udf_sort_array_by_wrong3] (batchId=95)
org.apache.hadoop.hive.cli.TestNegativeCliDriver.testCliDriver[udf_test_error_reduce] (batchId=95)
org.apache.hadoop.hive.cli.TestNegativeCliDriver.testCliDriver[udf_when_type_wrong] (batchId=95)
org.apache.hadoop.hive.cli.TestNegativeCliDriver.testCliDriver[udtf_explode_not_supported1] (batchId=95)
org.apache.hadoop.hive.cli.TestNegativeCliDriver.testCliDriver[udtf_explode_not_supported2] (batchId=95)
org.apache.hadoop.hive.cli.TestNegativeCliDriver.testCliDriver[udtf_explode_not_supported3] (batchId=95)
org.apache.hadoop.hive.cli.TestNegativeCliDriver.testCliDriver[udtf_invalid_place] (batchId=95)
org.apache.hadoop.hive.cli.TestNegativeCliDriver.testCliDriver[union22] (batchId=95)
org.apache.hadoop.hive.cli.TestNegativeCliDriver.testCliDriver[unionClusterBy] (batchId=95)
org.apache.hadoop.hive.cli.TestNegativeCliDriver.testCliDriver[unionDistributeBy] (batchId=95)
org.apache.hadoop.hive.cli.TestNegativeCliDriver.testCliDriver[unionLimit] (batchId=95)
org.apache.hadoop.hive.cli.TestNegativeCliDriver.testCliDriver[unionOrderBy] (batchId=95)
org.apache.hadoop.hive.cli.TestNegativeCliDriver.testCliDriver[uniquejoin2] (batchId=95)
org.apache.hadoop.hive.cli.TestNegativeCliDriver.testCliDriver[unset_view_property] (batchId=95)
org.apache.hadoop.hive.cli.TestNegativeCliDriver.testCliDriver[update_no_such_table] (batchId=95)
org.apache.hadoop.hive.cli.TestNegativeCliDriver.testCliDriver[update_not_acid] (batchId=95)
org.apache.hadoop.hive.cli.TestNegativeCliDriver.testCliDriver[update_notnull_constraint] (batchId=95)
org.apache.hadoop.hive.cli.TestNegativeCliDriver.testCliDriver[windowing_after_orderby] (batchId=95)
org.apache.hadoop.hive.cli.TestNegativeCliDriver.testCliDriver[windowing_ll_no_neg] (batchId=95)
org.apache.hadoop.hive.cli.TestNegativeCliDriver.testCliDriver[windowing_ll_no_over] (batchId=95)
org.apache.hadoop.hive.cli.TestSparkCliDriver.testCliDriver[subquery_scalar] (batchId=125)
org.apache.hadoop.hive.cli.TestSparkNegativeCliDriver.org.apache.hadoop.hive.cli.TestSparkNegativeCliDriver (batchId=254)
org.apache.hadoop.hive.cli.TestSparkPerfCliDriver.org.apache.hadoop.hive.cli.TestSparkPerfCliDriver (batchId=254)
org.apache.hadoop.hive.cli.TestSparkPerfCliDriver.testCliDriver[query11] (batchId=254)
org.apache.hadoop.hive.cli.TestSparkPerfCliDriver.testCliDriver[query15] (batchId=254)
org.apache.hadoop.hive.cli.TestSparkPerfCliDriver.testCliDriver[query16] (batchId=254)
org.apache.hadoop.hive.cli.TestSparkPerfCliDriver.testCliDriver[query18] (batchId=254)
org.apache.hadoop.hive.cli.TestSparkPerfCliDriver.testCliDriver[query19] (batchId=254)
org.apache.hadoop.hive.cli.TestSparkPerfCliDriver.testCliDriver[query21] (batchId=254)
org.apache.hadoop.hive.cli.TestSparkPerfCliDriver.testCliDriver[query24] (batchId=254)
org.apache.hadoop.hive.cli.TestSparkPerfCliDriver.testCliDriver[query25] (batchId=254)
org.apache.hadoop.hive.cli.TestSparkPerfCliDriver.testCliDriver[query29] (batchId=254)
org.apache.hadoop.hive.cli.TestSparkPerfCliDriver.testCliDriver[query30] (batchId=254)
org.apache.hadoop.hive.cli.TestSparkPerfCliDriver.testCliDriver[query32] (batchId=254)
org.apache.hadoop.hive.cli.TestSparkPerfCliDriver.testCliDriver[query34] (batchId=254)
org.apache.hadoop.hive.cli.TestSparkPerfCliDriver.testCliDriver[query35] (batchId=254)
org.apache.hadoop.hive.cli.TestSparkPerfCliDriver.testCliDriver[query37] (batchId=254)
org.apache.hadoop.hive.cli.TestSparkPerfCliDriver.testCliDriver[query40] (batchId=254)
org.apache.hadoop.hive.cli.TestSparkPerfCliDriver.testCliDriver[query44] (batchId=254)
org.apache.hadoop.hive.cli.TestSparkPerfCliDriver.testCliDriver[query45] (batchId=254)
org.apache.hadoop.hive.cli.TestSparkPerfCliDriver.testCliDriver[query46] (batchId=254)
org.apache.hadoop.hive.cli.TestSparkPerfCliDriver.testCliDriver[query47] (batchId=254)
org.apache.hadoop.hive.cli.TestSparkPerfCliDriver.testCliDriver[query48] (batchId=254)
org.apache.hadoop.hive.cli.TestSparkPerfCliDriver.testCliDriver[query4] (batchId=254)
org.apache.hadoop.hive.cli.TestSparkPerfCliDriver.testCliDriver[query50] (batchId=254)
org.apache.hadoop.hive.cli.TestSparkPerfCliDriver.testCliDriver[query53] (batchId=254)
org.apache.hadoop.hive.cli.TestSparkPerfCliDriver.testCliDriver[query54] (batchId=254)
org.apache.hadoop.hive.cli.TestSparkPerfCliDriver.testCliDriver[query57] (batchId=254)
org.apache.hadoop.hive.cli.TestSparkPerfCliDriver.testCliDriver[query58] (batchId=254)
org.apache.hadoop.hive.cli.TestSparkPerfCliDriver.testCliDriver[query5] (batchId=254)
org.apache.hadoop.hive.cli.TestSparkPerfCliDriver.testCliDriver[query61] (batchId=254)
org.apache.hadoop.hive.cli.TestSparkPerfCliDriver.testCliDriver[query63] (batchId=254)
org.apache.hadoop.hive.cli.TestSparkPerfCliDriver.testCliDriver[query65] (batchId=254)
org.apache.hadoop.hive.cli.TestSparkPerfCliDriver.testCliDriver[query66] (batchId=254)
org.apache.hadoop.hive.cli.TestSparkPerfCliDriver.testCliDriver[query67] (batchId=254)
org.apache.hadoop.hive.cli.TestSparkPerfCliDriver.testCliDriver[query68] (batchId=254)
org.apache.hadoop.hive.cli.TestSparkPerfCliDriver.testCliDriver[query6] (batchId=254)
org.apache.hadoop.hive.cli.TestSparkPerfCliDriver.testCliDriver[query72] (batchId=254)
org.apache.hadoop.hive.cli.TestSparkPerfCliDriver.testCliDriver[query73] (batchId=254)
org.apache.hadoop.hive.cli.TestSparkPerfCliDriver.testCliDriver[query75] (batchId=254)
org.apache.hadoop.hive.cli.TestSparkPerfCliDriver.testCliDriver[query76] (batchId=254)
org.apache.hadoop.hive.cli.TestSparkPerfCliDriver.testCliDriver[query77] (batchId=254)
org.apache.hadoop.hive.cli.TestSparkPerfCliDriver.testCliDriver[query78] (batchId=254)
org.apache.hadoop.hive.cli.TestSparkPerfCliDriver.testCliDriver[query79] (batchId=254)
org.apache.hadoop.hive.cli.TestSparkPerfCliDriver.testCliDriver[query80] (batchId=254)
org.apache.hadoop.hive.cli.TestSparkPerfCliDriver.testCliDriver[query81] (batchId=254)
org.apache.hadoop.hive.cli.TestSparkPerfCliDriver.testCliDriver[query82] (batchId=254)
org.apache.hadoop.hive.cli.TestSparkPerfCliDriver.testCliDriver[query83] (batchId=254)
org.apache.hadoop.hive.cli.TestSparkPerfCliDriver.testCliDriver[query85] (batchId=254)
org.apache.hadoop.hive.cli.TestSparkPerfCliDriver.testCliDriver[query88] (batchId=254)
org.apache.hadoop.hive.cli.TestSparkPerfCliDriver.testCliDriver[query89] (batchId=254)
org.apache.hadoop.hive.cli.TestSparkPerfCliDriver.testCliDriver[query8] (batchId=254)
org.apache.hadoop.hive.cli.TestSparkPerfCliDriver.testCliDriver[query90] (batchId=254)
org.apache.hadoop.hive.cli.TestSparkPerfCliDriver.testCliDriver[query91] (batchId=254)
org.apache.hadoop.hive.cli.TestSparkPerfCliDriver.testCliDriver[query92] (batchId=254)
org.apache.hadoop.hive.cli.TestSparkPerfCliDriver.testCliDriver[query94] (batchId=254)
org.apache.hadoop.hive.cli.TestSparkPerfCliDriver.testCliDriver[query95] (batchId=254)
org.apache.hadoop.hive.cli.TestSparkPerfCliDriver.testCliDriver[query97] (batchId=254)
org.apache.hadoop.hive.cli.TestSparkPerfCliDriver.testCliDriver[query99] (batchId=254)
org.apache.hadoop.hive.cli.control.TestDanglingQOuts.checkDanglingQOut (batchId=224)
org.apache.hadoop.hive.metastore.TestMetastoreVersion.testMetastoreVersion (batchId=226)
org.apache.hadoop.hive.metastore.TestMetastoreVersion.testVersionMatching (batchId=226)
org.apache.hadoop.hive.metastore.client.TestAppendPartitions.testAppendPartitionEmptyPartValues[Embedded] (batchId=210)
org.apache.hadoop.hive.metastore.client.TestAppendPartitions.testAppendPartitionEmptyPartValues[Remote] (batchId=210)
org.apache.hadoop.hive.metastore.client.TestAppendPartitions.testAppendPartitionNullPartValues[Embedded] (batchId=210)
org.apache.hadoop.hive.metastore.client.TestAppendPartitions.testAppendPartitionNullPartValues[Remote] (batchId=210)
org.apache.hadoop.hive.ql.TestAcidOnTez.testGetSplitsLocks (batchId=227)
org.apache.hadoop.hive.ql.TestMTQueries.testMTQueries1 (batchId=231)
org.apache.hive.jdbc.TestActivePassiveHA.testClientConnectionsOnFailover (batchId=237)
org.apache.hive.jdbc.TestJdbcWithMiniLlap.testLlapInputFormatEndToEnd (batchId=237)
&lt;/pre&gt;
&lt;/div&gt;&lt;/div&gt;

&lt;p&gt;Test results: &lt;a href=&quot;https://builds.apache.org/job/PreCommit-HIVE-Build/10018/testReport&quot; class=&quot;external-link&quot; target=&quot;_blank&quot; rel=&quot;nofollow noopener&quot;&gt;https://builds.apache.org/job/PreCommit-HIVE-Build/10018/testReport&lt;/a&gt;&lt;br/&gt;
Console output: &lt;a href=&quot;https://builds.apache.org/job/PreCommit-HIVE-Build/10018/console&quot; class=&quot;external-link&quot; target=&quot;_blank&quot; rel=&quot;nofollow noopener&quot;&gt;https://builds.apache.org/job/PreCommit-HIVE-Build/10018/console&lt;/a&gt;&lt;br/&gt;
Test logs: &lt;a href=&quot;http://104.198.109.242/logs/PreCommit-HIVE-Build-10018/&quot; class=&quot;external-link&quot; target=&quot;_blank&quot; rel=&quot;nofollow noopener&quot;&gt;http://104.198.109.242/logs/PreCommit-HIVE-Build-10018/&lt;/a&gt;&lt;/p&gt;

&lt;p&gt;Messages:&lt;/p&gt;
&lt;div class=&quot;preformatted panel&quot; style=&quot;border-width: 1px;&quot;&gt;&lt;div class=&quot;preformattedContent panelContent&quot;&gt;
&lt;pre&gt;Executing org.apache.hive.ptest.execution.TestCheckPhase
Executing org.apache.hive.ptest.execution.PrepPhase
Executing org.apache.hive.ptest.execution.YetusPhase
Executing org.apache.hive.ptest.execution.ExecutionPhase
Executing org.apache.hive.ptest.execution.ReportingPhase
Tests exited with: TestsFailedException: 160 tests failed
&lt;/pre&gt;
&lt;/div&gt;&lt;/div&gt;

&lt;p&gt;This message is automatically generated.&lt;/p&gt;

&lt;p&gt;ATTACHMENT ID: 12901512 - PreCommit-HIVE-Build&lt;/p&gt;</comment>
                            <comment id="16429222" author="ashutoshc" created="Sat, 7 Apr 2018 03:42:03 +0000"  >&lt;p&gt;+1&lt;/p&gt;</comment>
                            <comment id="16429230" author="ashutoshc" created="Sat, 7 Apr 2018 04:36:00 +0000"  >&lt;p&gt;Pushed to master. Thanks, Ganesha!&lt;/p&gt;</comment>
                            <comment id="16485927" author="vgarg" created="Tue, 22 May 2018 23:58:18 +0000"  >&lt;p&gt;Hive 3.0.0 has been released so closing this jira.&lt;/p&gt;</comment>
                    </comments>
                    <attachments>
                            <attachment id="12901512" name="HIVE-12719.patch" size="1056" author="ganeshas" created="Mon, 11 Dec 2017 14:34:43 +0000"/>
                    </attachments>
                <subtasks>
                    </subtasks>
                <customfields>
                                                                            <customfield id="customfield_12310310" key="com.atlassian.jira.toolkit:attachments">
                        <customfieldname>Attachment count</customfieldname>
                        <customfieldvalues>
                            <customfieldvalue>1.0</customfieldvalue>
                        </customfieldvalues>
                    </customfield>
                                                                                                                                                                                                                                                                                                                                                                                                                                                                                                                                                                                                                                                                                                        <customfield id="customfield_12314020" key="com.atlassian.jira.plugins.jira-development-integration-plugin:devsummary">
                        <customfieldname>Development</customfieldname>
                        <customfieldvalues>
                            
                        </customfieldvalues>
                    </customfield>
                                                                                                                        <customfield id="customfield_12313422" key="com.atlassian.jirafisheyeplugin:jobcheckbox">
                        <customfieldname>Enable Automatic Patch Review</customfieldname>
                        <customfieldvalues>
                            <customfieldvalue><![CDATA[false]]></customfieldvalue>

                        </customfieldvalues>
                    </customfield>
                                                                                                                                                                                                                                                                                                                                                                                                                                                                                                                                                                                                                                                <customfield id="customfield_12310420" key="com.pyxis.greenhopper.jira:gh-global-rank">
                        <customfieldname>Global Rank</customfieldname>
                        <customfieldvalues>
                            <customfieldvalue>9223372036854775807</customfieldvalue>
                        </customfieldvalues>
                    </customfield>
                                                                                                                                                                                                                                                                    <customfield id="customfield_12312521" key="com.atlassian.jira.toolkit:LastCommentDate">
                        <customfieldname>Last public comment date</customfieldname>
                        <customfieldvalues>
                            7 years, 26 weeks ago
                        </customfieldvalues>
                    </customfield>
                                                                                                                                                                                                                                                                                                <customfield id="customfield_12311820" key="com.pyxis.greenhopper.jira:gh-lexo-rank">
                        <customfieldname>Rank</customfieldname>
                        <customfieldvalues>
                            <customfieldvalue>0|i2q5jr:</customfieldvalue>

                        </customfieldvalues>
                    </customfield>
                                                                <customfield id="customfield_12310920" key="com.pyxis.greenhopper.jira:gh-global-rank">
                        <customfieldname>Rank (Obsolete)</customfieldname>
                        <customfieldvalues>
                            <customfieldvalue>9223372036854775807</customfieldvalue>
                        </customfieldvalues>
                    </customfield>
                                                                                                                                                                                                                                                                                                                                                                                                                                                                                                                                                                                                                                                                                                                                                                                                                                                                                </customfields>
    </item>
</channel>
</rss>