<!-- 
RSS generated by JIRA (8.20.10#820010-sha1:ace47f9899e9ee25d7157d59aa17ab06aee30d3d) at Wed Nov 12 19:03:16 UTC 2025

It is possible to restrict the fields that are returned in this document by specifying the 'field' parameter in your request.
For example, to request only the issue key and summary append 'field=key&field=summary' to the URL of your request.
-->
<rss version="0.92" >
<channel>
    <title>ASF Jira</title>
    <link>https://issues.apache.org/jira</link>
    <description>This file is an XML representation of an issue</description>
    <language>en-uk</language>    <build-info>
        <version>8.20.10</version>
        <build-number>820010</build-number>
        <build-date>22-06-2022</build-date>
    </build-info>


<item>
            <title>[HIVE-19219] Incremental REPL DUMP should throw error if requested events are cleaned-up.</title>
                <link>https://issues.apache.org/jira/browse/HIVE-19219</link>
                <project id="12310843" key="HIVE">Hive</project>
                    <description>&lt;p&gt;This is the case where the events were deleted on source because of old event purging and hence min(source event id) &amp;gt; target event id (last replicated event id).&lt;/p&gt;

&lt;p&gt;Repl dump should fail in this case so that user&#160;can drop the database and bootstrap again.&lt;/p&gt;

&lt;p&gt;Cleaner thread is concurrently removing the expired events from NOTIFICATION_LOG table.&#160;So, it is necessary to check if the current dump missed any event while dumping. After fetching events in batches, we shall check if it is fetched in contiguous sequence of event id.&#160;If it is not in contiguous sequence, then likely some events missed in the dump and hence throw error.&lt;/p&gt;</description>
                <environment></environment>
        <key id="13152616">HIVE-19219</key>
            <summary>Incremental REPL DUMP should throw error if requested events are cleaned-up.</summary>
                <type id="1" iconUrl="https://issues.apache.org/jira/secure/viewavatar?size=xsmall&amp;avatarId=21133&amp;avatarType=issuetype">Bug</type>
                                            <priority id="3" iconUrl="https://issues.apache.org/jira/images/icons/priorities/major.svg">Major</priority>
                        <status id="6" iconUrl="https://issues.apache.org/jira/images/icons/statuses/closed.png" description="The issue is considered finished, the resolution is correct. Issues which are not closed can be reopened.">Closed</status>
                    <statusCategory id="3" key="done" colorName="green"/>
                                    <resolution id="1">Fixed</resolution>
                                        <assignee username="sankarh">Sankar Hariappan</assignee>
                                    <reporter username="sankarh">Sankar Hariappan</reporter>
                        <labels>
                            <label>DR</label>
                            <label>pull-request-available</label>
                            <label>replication</label>
                    </labels>
                <created>Mon, 16 Apr 2018 06:08:41 +0000</created>
                <updated>Tue, 22 May 2018 23:13:16 +0000</updated>
                            <resolved>Mon, 23 Apr 2018 04:31:05 +0000</resolved>
                                    <version>3.0.0</version>
                                    <fixVersion>3.1.0</fixVersion>
                    <fixVersion>3.0.0</fixVersion>
                                    <component>HiveServer2</component>
                    <component>repl</component>
                        <due></due>
                            <votes>0</votes>
                                    <watches>4</watches>
                                                                                                                <comments>
                            <comment id="16439644" author="githubbot" created="Mon, 16 Apr 2018 16:10:33 +0000"  >&lt;p&gt;GitHub user sankarh opened a pull request:&lt;/p&gt;

&lt;p&gt;    &lt;a href=&quot;https://github.com/apache/hive/pull/334&quot; class=&quot;external-link&quot; target=&quot;_blank&quot; rel=&quot;nofollow noopener&quot;&gt;https://github.com/apache/hive/pull/334&lt;/a&gt;&lt;/p&gt;

&lt;p&gt;    &lt;a href=&quot;https://issues.apache.org/jira/browse/HIVE-19219&quot; title=&quot;Incremental REPL DUMP should throw error if requested events are cleaned-up.&quot; class=&quot;issue-link&quot; data-issue-key=&quot;HIVE-19219&quot;&gt;&lt;del&gt;HIVE-19219&lt;/del&gt;&lt;/a&gt;: Hive replicated database is out of sync if events are cleaned-up.&lt;/p&gt;



&lt;p&gt;You can merge this pull request into a Git repository by running:&lt;/p&gt;

&lt;p&gt;    $ git pull &lt;a href=&quot;https://github.com/sankarh/hive&quot; class=&quot;external-link&quot; target=&quot;_blank&quot; rel=&quot;nofollow noopener&quot;&gt;https://github.com/sankarh/hive&lt;/a&gt; &lt;a href=&quot;https://issues.apache.org/jira/browse/HIVE-19219&quot; title=&quot;Incremental REPL DUMP should throw error if requested events are cleaned-up.&quot; class=&quot;issue-link&quot; data-issue-key=&quot;HIVE-19219&quot;&gt;&lt;del&gt;HIVE-19219&lt;/del&gt;&lt;/a&gt;&lt;/p&gt;

&lt;p&gt;Alternatively you can review and apply these changes as the patch at:&lt;/p&gt;

&lt;p&gt;    &lt;a href=&quot;https://github.com/apache/hive/pull/334.patch&quot; class=&quot;external-link&quot; target=&quot;_blank&quot; rel=&quot;nofollow noopener&quot;&gt;https://github.com/apache/hive/pull/334.patch&lt;/a&gt;&lt;/p&gt;

&lt;p&gt;To close this pull request, make a commit to your master/trunk branch&lt;br/&gt;
with (at least) the following in the commit message:&lt;/p&gt;

&lt;p&gt;    This closes #334&lt;/p&gt;

&lt;hr /&gt;
&lt;p&gt;commit b883f8b28c9f86e0cc731bc1b43c3706617bec81&lt;br/&gt;
Author: Sankar Hariappan &amp;lt;mailtosankarh@...&amp;gt;&lt;br/&gt;
Date:   2018-04-16T16:05:46Z&lt;/p&gt;

&lt;p&gt;    &lt;a href=&quot;https://issues.apache.org/jira/browse/HIVE-19219&quot; title=&quot;Incremental REPL DUMP should throw error if requested events are cleaned-up.&quot; class=&quot;issue-link&quot; data-issue-key=&quot;HIVE-19219&quot;&gt;&lt;del&gt;HIVE-19219&lt;/del&gt;&lt;/a&gt;: Hive replicated database is out of sync if events are cleaned-up.&lt;/p&gt;

&lt;hr /&gt;</comment>
                            <comment id="16439680" author="sankarh" created="Mon, 16 Apr 2018 16:26:07 +0000"  >&lt;p&gt;Added 01.patch&lt;/p&gt;
&lt;ul&gt;
	&lt;li&gt;REPL DUMP throw IllegalStateException if events found missing in source.&lt;/li&gt;
	&lt;li&gt;Modified&#160;testIncrementalLoadWithVariableLengthEventId to rename the dumped event directory names instead of changing event id while dumping.&#160;&lt;/li&gt;
&lt;/ul&gt;


&lt;p&gt;Stack trace:&lt;/p&gt;
&lt;div class=&quot;code panel&quot; style=&quot;border-width: 1px;&quot;&gt;&lt;div class=&quot;codeContent panelContent&quot;&gt;
&lt;pre class=&quot;code-java&quot;&gt;
2018-04-16T09:21:22,417 WARN [main] metastore.HiveMetaStoreClient: Requested events are found missing in NOTIFICATION_LOG table. Probably, cleaner would&apos;ve cleaned it up. Try setting higher value &lt;span class=&quot;code-keyword&quot;&gt;for&lt;/span&gt; hive.metastore.event.db.listener.timetolive. Also, bootstrap the system again to get back the consistent replicated state.
2018-04-16T09:21:22,418 ERROR [main] repl.ReplDumpTask: failed
java.lang.IllegalStateException: Notification events are missing.
at org.apache.hadoop.hive.metastore.HiveMetaStoreClient.getNextNotification(HiveMetaStoreClient.java:2587) ~[hive-standalone-metastore-3.1.0-SNAPSHOT.jar:3.1.0-SNAPSHOT]
at sun.reflect.NativeMethodAccessorImpl.invoke0(Native Method) ~[?:1.8.0_112]
at sun.reflect.NativeMethodAccessorImpl.invoke(NativeMethodAccessorImpl.java:62) ~[?:1.8.0_112]
at sun.reflect.DelegatingMethodAccessorImpl.invoke(DelegatingMethodAccessorImpl.java:43) ~[?:1.8.0_112]
at java.lang.reflect.Method.invoke(Method.java:498) ~[?:1.8.0_112]
at org.apache.hadoop.hive.metastore.RetryingMetaStoreClient.invoke(RetryingMetaStoreClient.java:212) ~[hive-standalone-metastore-3.1.0-SNAPSHOT.jar:3.1.0-SNAPSHOT]
at com.sun.proxy.$Proxy40.getNextNotification(Unknown Source) ~[?:?]
at org.apache.hadoop.hive.metastore.messaging.EventUtils$MSClientNotificationFetcher.getNextNotificationEvents(EventUtils.java:94) ~[hive-standalone-metastore-3.1.0-SNAPSHOT.jar:3.1.0-SNAPSHOT]
at org.apache.hadoop.hive.metastore.messaging.EventUtils$NotificationEventIterator.fetchNextBatch(EventUtils.java:146) ~[hive-standalone-metastore-3.1.0-SNAPSHOT.jar:3.1.0-SNAPSHOT]
at org.apache.hadoop.hive.metastore.messaging.EventUtils$NotificationEventIterator.hasNext(EventUtils.java:176) ~[hive-standalone-metastore-3.1.0-SNAPSHOT.jar:3.1.0-SNAPSHOT]
at org.apache.hadoop.hive.ql.exec.repl.ReplDumpTask.incrementalDump(ReplDumpTask.java:160) ~[hive-exec-3.1.0-SNAPSHOT.jar:3.1.0-SNAPSHOT]
at org.apache.hadoop.hive.ql.exec.repl.ReplDumpTask.execute(ReplDumpTask.java:111) [hive-exec-3.1.0-SNAPSHOT.jar:3.1.0-SNAPSHOT]&lt;/pre&gt;
&lt;/div&gt;&lt;/div&gt;
&lt;p&gt;&#160;&lt;a href=&quot;https://issues.apache.org/jira/secure/ViewProfile.jspa?name=thejas&quot; class=&quot;user-hover&quot; rel=&quot;thejas&quot;&gt;thejas&lt;/a&gt;, &lt;a href=&quot;https://issues.apache.org/jira/secure/ViewProfile.jspa?name=maheshk114&quot; class=&quot;user-hover&quot; rel=&quot;maheshk114&quot;&gt;maheshk114&lt;/a&gt;, &lt;a href=&quot;https://issues.apache.org/jira/secure/ViewProfile.jspa?name=anishek&quot; class=&quot;user-hover&quot; rel=&quot;anishek&quot;&gt;anishek&lt;/a&gt;,&lt;/p&gt;

&lt;p&gt;Can you please take a look?&lt;/p&gt;</comment>
                            <comment id="16440740" author="hiveqa" created="Tue, 17 Apr 2018 10:51:22 +0000"  >&lt;div class=&apos;table-wrap&apos;&gt;
&lt;table class=&apos;confluenceTable&apos;&gt;&lt;tbody&gt;
&lt;tr&gt;
&lt;td class=&apos;confluenceTd&apos;&gt; &lt;img class=&quot;emoticon&quot; src=&quot;https://issues.apache.org/jira/images/icons/emoticons/error.png&quot; height=&quot;16&quot; width=&quot;16&quot; align=&quot;absmiddle&quot; alt=&quot;&quot; border=&quot;0&quot;/&gt; &lt;b&gt;&lt;font color=&quot;red&quot;&gt;-1 overall&lt;/font&gt;&lt;/b&gt; &lt;/td&gt;
&lt;/tr&gt;
&lt;/tbody&gt;&lt;/table&gt;
&lt;/div&gt;

&lt;p&gt;&lt;br class=&quot;atl-forced-newline&quot; /&gt;
&lt;br class=&quot;atl-forced-newline&quot; /&gt;&lt;/p&gt;
&lt;div class=&apos;table-wrap&apos;&gt;
&lt;table class=&apos;confluenceTable&apos;&gt;&lt;tbody&gt;
&lt;tr&gt;
&lt;th class=&apos;confluenceTh&apos;&gt; Vote &lt;/th&gt;
&lt;th class=&apos;confluenceTh&apos;&gt; Subsystem &lt;/th&gt;
&lt;th class=&apos;confluenceTh&apos;&gt; Runtime &lt;/th&gt;
&lt;th class=&apos;confluenceTh&apos;&gt; Comment &lt;/th&gt;
&lt;/tr&gt;
&lt;tr&gt;
&lt;th class=&apos;confluenceTh&apos;&gt;&amp;nbsp;&lt;/th&gt;
&lt;th class=&apos;confluenceTh&apos;&gt;&amp;nbsp;&lt;/th&gt;
&lt;th class=&apos;confluenceTh&apos;&gt;&amp;nbsp;&lt;/th&gt;
&lt;th class=&apos;confluenceTh&apos;&gt; &lt;font color=&quot;brown&quot;&gt; Prechecks &lt;/font&gt; &lt;/th&gt;
&lt;/tr&gt;
&lt;tr&gt;
&lt;td class=&apos;confluenceTd&apos;&gt; &lt;font color=&quot;blue&quot;&gt;0&lt;/font&gt; &lt;/td&gt;
&lt;td class=&apos;confluenceTd&apos;&gt; &lt;font color=&quot;blue&quot;&gt; findbugs &lt;/font&gt; &lt;/td&gt;
&lt;td class=&apos;confluenceTd&apos;&gt; &lt;font color=&quot;blue&quot;&gt;  0m  1s&lt;/font&gt; &lt;/td&gt;
&lt;td class=&apos;confluenceTd&apos;&gt; &lt;font color=&quot;blue&quot;&gt; Findbugs executables are not available. &lt;/font&gt; &lt;/td&gt;
&lt;/tr&gt;
&lt;tr&gt;
&lt;td class=&apos;confluenceTd&apos;&gt; &lt;font color=&quot;green&quot;&gt;+1&lt;/font&gt; &lt;/td&gt;
&lt;td class=&apos;confluenceTd&apos;&gt; &lt;font color=&quot;green&quot;&gt; @author &lt;/font&gt; &lt;/td&gt;
&lt;td class=&apos;confluenceTd&apos;&gt; &lt;font color=&quot;green&quot;&gt;  0m  0s&lt;/font&gt; &lt;/td&gt;
&lt;td class=&apos;confluenceTd&apos;&gt; &lt;font color=&quot;green&quot;&gt; The patch does not contain any @author tags. &lt;/font&gt; &lt;/td&gt;
&lt;/tr&gt;
&lt;tr&gt;
&lt;th class=&apos;confluenceTh&apos;&gt;&amp;nbsp;&lt;/th&gt;
&lt;th class=&apos;confluenceTh&apos;&gt;&amp;nbsp;&lt;/th&gt;
&lt;th class=&apos;confluenceTh&apos;&gt;&amp;nbsp;&lt;/th&gt;
&lt;th class=&apos;confluenceTh&apos;&gt; &lt;font color=&quot;brown&quot;&gt; master Compile Tests &lt;/font&gt; &lt;/th&gt;
&lt;/tr&gt;
&lt;tr&gt;
&lt;td class=&apos;confluenceTd&apos;&gt; &lt;font color=&quot;blue&quot;&gt;0&lt;/font&gt; &lt;/td&gt;
&lt;td class=&apos;confluenceTd&apos;&gt; &lt;font color=&quot;blue&quot;&gt; mvndep &lt;/font&gt; &lt;/td&gt;
&lt;td class=&apos;confluenceTd&apos;&gt; &lt;font color=&quot;blue&quot;&gt;  0m 49s&lt;/font&gt; &lt;/td&gt;
&lt;td class=&apos;confluenceTd&apos;&gt; &lt;font color=&quot;blue&quot;&gt; Maven dependency ordering for branch &lt;/font&gt; &lt;/td&gt;
&lt;/tr&gt;
&lt;tr&gt;
&lt;td class=&apos;confluenceTd&apos;&gt; &lt;font color=&quot;green&quot;&gt;+1&lt;/font&gt; &lt;/td&gt;
&lt;td class=&apos;confluenceTd&apos;&gt; &lt;font color=&quot;green&quot;&gt; mvninstall &lt;/font&gt; &lt;/td&gt;
&lt;td class=&apos;confluenceTd&apos;&gt; &lt;font color=&quot;green&quot;&gt;  8m 11s&lt;/font&gt; &lt;/td&gt;
&lt;td class=&apos;confluenceTd&apos;&gt; &lt;font color=&quot;green&quot;&gt; master passed &lt;/font&gt; &lt;/td&gt;
&lt;/tr&gt;
&lt;tr&gt;
&lt;td class=&apos;confluenceTd&apos;&gt; &lt;font color=&quot;green&quot;&gt;+1&lt;/font&gt; &lt;/td&gt;
&lt;td class=&apos;confluenceTd&apos;&gt; &lt;font color=&quot;green&quot;&gt; compile &lt;/font&gt; &lt;/td&gt;
&lt;td class=&apos;confluenceTd&apos;&gt; &lt;font color=&quot;green&quot;&gt;  1m 34s&lt;/font&gt; &lt;/td&gt;
&lt;td class=&apos;confluenceTd&apos;&gt; &lt;font color=&quot;green&quot;&gt; master passed &lt;/font&gt; &lt;/td&gt;
&lt;/tr&gt;
&lt;tr&gt;
&lt;td class=&apos;confluenceTd&apos;&gt; &lt;font color=&quot;green&quot;&gt;+1&lt;/font&gt; &lt;/td&gt;
&lt;td class=&apos;confluenceTd&apos;&gt; &lt;font color=&quot;green&quot;&gt; checkstyle &lt;/font&gt; &lt;/td&gt;
&lt;td class=&apos;confluenceTd&apos;&gt; &lt;font color=&quot;green&quot;&gt;  0m 47s&lt;/font&gt; &lt;/td&gt;
&lt;td class=&apos;confluenceTd&apos;&gt; &lt;font color=&quot;green&quot;&gt; master passed &lt;/font&gt; &lt;/td&gt;
&lt;/tr&gt;
&lt;tr&gt;
&lt;td class=&apos;confluenceTd&apos;&gt; &lt;font color=&quot;green&quot;&gt;+1&lt;/font&gt; &lt;/td&gt;
&lt;td class=&apos;confluenceTd&apos;&gt; &lt;font color=&quot;green&quot;&gt; javadoc &lt;/font&gt; &lt;/td&gt;
&lt;td class=&apos;confluenceTd&apos;&gt; &lt;font color=&quot;green&quot;&gt;  1m 36s&lt;/font&gt; &lt;/td&gt;
&lt;td class=&apos;confluenceTd&apos;&gt; &lt;font color=&quot;green&quot;&gt; master passed &lt;/font&gt; &lt;/td&gt;
&lt;/tr&gt;
&lt;tr&gt;
&lt;th class=&apos;confluenceTh&apos;&gt;&amp;nbsp;&lt;/th&gt;
&lt;th class=&apos;confluenceTh&apos;&gt;&amp;nbsp;&lt;/th&gt;
&lt;th class=&apos;confluenceTh&apos;&gt;&amp;nbsp;&lt;/th&gt;
&lt;th class=&apos;confluenceTh&apos;&gt; &lt;font color=&quot;brown&quot;&gt; Patch Compile Tests &lt;/font&gt; &lt;/th&gt;
&lt;/tr&gt;
&lt;tr&gt;
&lt;td class=&apos;confluenceTd&apos;&gt; &lt;font color=&quot;blue&quot;&gt;0&lt;/font&gt; &lt;/td&gt;
&lt;td class=&apos;confluenceTd&apos;&gt; &lt;font color=&quot;blue&quot;&gt; mvndep &lt;/font&gt; &lt;/td&gt;
&lt;td class=&apos;confluenceTd&apos;&gt; &lt;font color=&quot;blue&quot;&gt;  0m 11s&lt;/font&gt; &lt;/td&gt;
&lt;td class=&apos;confluenceTd&apos;&gt; &lt;font color=&quot;blue&quot;&gt; Maven dependency ordering for patch &lt;/font&gt; &lt;/td&gt;
&lt;/tr&gt;
&lt;tr&gt;
&lt;td class=&apos;confluenceTd&apos;&gt; &lt;font color=&quot;green&quot;&gt;+1&lt;/font&gt; &lt;/td&gt;
&lt;td class=&apos;confluenceTd&apos;&gt; &lt;font color=&quot;green&quot;&gt; mvninstall &lt;/font&gt; &lt;/td&gt;
&lt;td class=&apos;confluenceTd&apos;&gt; &lt;font color=&quot;green&quot;&gt;  1m 44s&lt;/font&gt; &lt;/td&gt;
&lt;td class=&apos;confluenceTd&apos;&gt; &lt;font color=&quot;green&quot;&gt; the patch passed &lt;/font&gt; &lt;/td&gt;
&lt;/tr&gt;
&lt;tr&gt;
&lt;td class=&apos;confluenceTd&apos;&gt; &lt;font color=&quot;green&quot;&gt;+1&lt;/font&gt; &lt;/td&gt;
&lt;td class=&apos;confluenceTd&apos;&gt; &lt;font color=&quot;green&quot;&gt; compile &lt;/font&gt; &lt;/td&gt;
&lt;td class=&apos;confluenceTd&apos;&gt; &lt;font color=&quot;green&quot;&gt;  1m 31s&lt;/font&gt; &lt;/td&gt;
&lt;td class=&apos;confluenceTd&apos;&gt; &lt;font color=&quot;green&quot;&gt; the patch passed &lt;/font&gt; &lt;/td&gt;
&lt;/tr&gt;
&lt;tr&gt;
&lt;td class=&apos;confluenceTd&apos;&gt; &lt;font color=&quot;green&quot;&gt;+1&lt;/font&gt; &lt;/td&gt;
&lt;td class=&apos;confluenceTd&apos;&gt; &lt;font color=&quot;green&quot;&gt; javac &lt;/font&gt; &lt;/td&gt;
&lt;td class=&apos;confluenceTd&apos;&gt; &lt;font color=&quot;green&quot;&gt;  1m 31s&lt;/font&gt; &lt;/td&gt;
&lt;td class=&apos;confluenceTd&apos;&gt; &lt;font color=&quot;green&quot;&gt; the patch passed &lt;/font&gt; &lt;/td&gt;
&lt;/tr&gt;
&lt;tr&gt;
&lt;td class=&apos;confluenceTd&apos;&gt; &lt;font color=&quot;red&quot;&gt;-1&lt;/font&gt; &lt;/td&gt;
&lt;td class=&apos;confluenceTd&apos;&gt; &lt;font color=&quot;red&quot;&gt; checkstyle &lt;/font&gt; &lt;/td&gt;
&lt;td class=&apos;confluenceTd&apos;&gt; &lt;font color=&quot;red&quot;&gt;  0m 23s&lt;/font&gt; &lt;/td&gt;
&lt;td class=&apos;confluenceTd&apos;&gt; &lt;font color=&quot;red&quot;&gt; itests/hive-unit: The patch generated 11 new + 594 unchanged - 39 fixed = 605 total (was 633) &lt;/font&gt; &lt;/td&gt;
&lt;/tr&gt;
&lt;tr&gt;
&lt;td class=&apos;confluenceTd&apos;&gt; &lt;font color=&quot;green&quot;&gt;+1&lt;/font&gt; &lt;/td&gt;
&lt;td class=&apos;confluenceTd&apos;&gt; &lt;font color=&quot;green&quot;&gt; whitespace &lt;/font&gt; &lt;/td&gt;
&lt;td class=&apos;confluenceTd&apos;&gt; &lt;font color=&quot;green&quot;&gt;  0m  0s&lt;/font&gt; &lt;/td&gt;
&lt;td class=&apos;confluenceTd&apos;&gt; &lt;font color=&quot;green&quot;&gt; The patch has no whitespace issues. &lt;/font&gt; &lt;/td&gt;
&lt;/tr&gt;
&lt;tr&gt;
&lt;td class=&apos;confluenceTd&apos;&gt; &lt;font color=&quot;green&quot;&gt;+1&lt;/font&gt; &lt;/td&gt;
&lt;td class=&apos;confluenceTd&apos;&gt; &lt;font color=&quot;green&quot;&gt; javadoc &lt;/font&gt; &lt;/td&gt;
&lt;td class=&apos;confluenceTd&apos;&gt; &lt;font color=&quot;green&quot;&gt;  1m 21s&lt;/font&gt; &lt;/td&gt;
&lt;td class=&apos;confluenceTd&apos;&gt; &lt;font color=&quot;green&quot;&gt; the patch passed &lt;/font&gt; &lt;/td&gt;
&lt;/tr&gt;
&lt;tr&gt;
&lt;th class=&apos;confluenceTh&apos;&gt;&amp;nbsp;&lt;/th&gt;
&lt;th class=&apos;confluenceTh&apos;&gt;&amp;nbsp;&lt;/th&gt;
&lt;th class=&apos;confluenceTh&apos;&gt;&amp;nbsp;&lt;/th&gt;
&lt;th class=&apos;confluenceTh&apos;&gt; &lt;font color=&quot;brown&quot;&gt; Other Tests &lt;/font&gt; &lt;/th&gt;
&lt;/tr&gt;
&lt;tr&gt;
&lt;td class=&apos;confluenceTd&apos;&gt; &lt;font color=&quot;red&quot;&gt;-1&lt;/font&gt; &lt;/td&gt;
&lt;td class=&apos;confluenceTd&apos;&gt; &lt;font color=&quot;red&quot;&gt; asflicense &lt;/font&gt; &lt;/td&gt;
&lt;td class=&apos;confluenceTd&apos;&gt; &lt;font color=&quot;red&quot;&gt;  0m 15s&lt;/font&gt; &lt;/td&gt;
&lt;td class=&apos;confluenceTd&apos;&gt; &lt;font color=&quot;red&quot;&gt; The patch generated 1 ASF License warnings. &lt;/font&gt; &lt;/td&gt;
&lt;/tr&gt;
&lt;tr&gt;
&lt;td class=&apos;confluenceTd&apos;&gt; &lt;font color=&quot;black&quot;&gt;&lt;/font&gt; &lt;/td&gt;
&lt;td class=&apos;confluenceTd&apos;&gt; &lt;font color=&quot;black&quot;&gt; &lt;/font&gt; &lt;/td&gt;
&lt;td class=&apos;confluenceTd&apos;&gt; &lt;font color=&quot;black&quot;&gt; 19m 10s&lt;/font&gt; &lt;/td&gt;
&lt;td class=&apos;confluenceTd&apos;&gt; &lt;font color=&quot;black&quot;&gt; &lt;/font&gt; &lt;/td&gt;
&lt;/tr&gt;
&lt;/tbody&gt;&lt;/table&gt;
&lt;/div&gt;

&lt;p&gt;&lt;br class=&quot;atl-forced-newline&quot; /&gt;
&lt;br class=&quot;atl-forced-newline&quot; /&gt;&lt;/p&gt;
&lt;div class=&apos;table-wrap&apos;&gt;
&lt;table class=&apos;confluenceTable&apos;&gt;&lt;tbody&gt;
&lt;tr&gt;
&lt;th class=&apos;confluenceTh&apos;&gt; Subsystem &lt;/th&gt;
&lt;th class=&apos;confluenceTh&apos;&gt; Report/Notes &lt;/th&gt;
&lt;/tr&gt;
&lt;tr&gt;
&lt;td class=&apos;confluenceTd&apos;&gt; Optional Tests &lt;/td&gt;
&lt;td class=&apos;confluenceTd&apos;&gt;  asflicense  javac  javadoc  findbugs  checkstyle  compile  &lt;/td&gt;
&lt;/tr&gt;
&lt;tr&gt;
&lt;td class=&apos;confluenceTd&apos;&gt; uname &lt;/td&gt;
&lt;td class=&apos;confluenceTd&apos;&gt; Linux hiveptest-server-upstream 3.16.0-4-amd64 #1 SMP Debian 3.16.36-1+deb8u1 (2016-09-03) x86_64 GNU/Linux &lt;/td&gt;
&lt;/tr&gt;
&lt;tr&gt;
&lt;td class=&apos;confluenceTd&apos;&gt; Build tool &lt;/td&gt;
&lt;td class=&apos;confluenceTd&apos;&gt; maven &lt;/td&gt;
&lt;/tr&gt;
&lt;tr&gt;
&lt;td class=&apos;confluenceTd&apos;&gt; Personality &lt;/td&gt;
&lt;td class=&apos;confluenceTd&apos;&gt; /data/hiveptest/working/yetus_PreCommit-HIVE-Build-10269/dev-support/hive-personality.sh &lt;/td&gt;
&lt;/tr&gt;
&lt;tr&gt;
&lt;td class=&apos;confluenceTd&apos;&gt; git revision &lt;/td&gt;
&lt;td class=&apos;confluenceTd&apos;&gt; master / 5404635 &lt;/td&gt;
&lt;/tr&gt;
&lt;tr&gt;
&lt;td class=&apos;confluenceTd&apos;&gt; Default Java &lt;/td&gt;
&lt;td class=&apos;confluenceTd&apos;&gt; 1.8.0_111 &lt;/td&gt;
&lt;/tr&gt;
&lt;tr&gt;
&lt;td class=&apos;confluenceTd&apos;&gt; checkstyle &lt;/td&gt;
&lt;td class=&apos;confluenceTd&apos;&gt; &lt;a href=&quot;http://104.198.109.242/logs//PreCommit-HIVE-Build-10269/yetus/diff-checkstyle-itests_hive-unit.txt&quot; class=&quot;external-link&quot; target=&quot;_blank&quot; rel=&quot;nofollow noopener&quot;&gt;http://104.198.109.242/logs//PreCommit-HIVE-Build-10269/yetus/diff-checkstyle-itests_hive-unit.txt&lt;/a&gt; &lt;/td&gt;
&lt;/tr&gt;
&lt;tr&gt;
&lt;td class=&apos;confluenceTd&apos;&gt; asflicense &lt;/td&gt;
&lt;td class=&apos;confluenceTd&apos;&gt; &lt;a href=&quot;http://104.198.109.242/logs//PreCommit-HIVE-Build-10269/yetus/patch-asflicense-problems.txt&quot; class=&quot;external-link&quot; target=&quot;_blank&quot; rel=&quot;nofollow noopener&quot;&gt;http://104.198.109.242/logs//PreCommit-HIVE-Build-10269/yetus/patch-asflicense-problems.txt&lt;/a&gt; &lt;/td&gt;
&lt;/tr&gt;
&lt;tr&gt;
&lt;td class=&apos;confluenceTd&apos;&gt; modules &lt;/td&gt;
&lt;td class=&apos;confluenceTd&apos;&gt; C: itests/hive-unit standalone-metastore U: . &lt;/td&gt;
&lt;/tr&gt;
&lt;tr&gt;
&lt;td class=&apos;confluenceTd&apos;&gt; Console output &lt;/td&gt;
&lt;td class=&apos;confluenceTd&apos;&gt; &lt;a href=&quot;http://104.198.109.242/logs//PreCommit-HIVE-Build-10269/yetus.txt&quot; class=&quot;external-link&quot; target=&quot;_blank&quot; rel=&quot;nofollow noopener&quot;&gt;http://104.198.109.242/logs//PreCommit-HIVE-Build-10269/yetus.txt&lt;/a&gt; &lt;/td&gt;
&lt;/tr&gt;
&lt;tr&gt;
&lt;td class=&apos;confluenceTd&apos;&gt; Powered by &lt;/td&gt;
&lt;td class=&apos;confluenceTd&apos;&gt; Apache Yetus    &lt;a href=&quot;http://yetus.apache.org&quot; class=&quot;external-link&quot; target=&quot;_blank&quot; rel=&quot;nofollow noopener&quot;&gt;http://yetus.apache.org&lt;/a&gt; &lt;/td&gt;
&lt;/tr&gt;
&lt;/tbody&gt;&lt;/table&gt;
&lt;/div&gt;



&lt;p&gt;This message was automatically generated.&lt;/p&gt;
</comment>
                            <comment id="16440782" author="hiveqa" created="Tue, 17 Apr 2018 11:55:33 +0000"  >

&lt;p&gt;Here are the results of testing the latest attachment:&lt;br/&gt;
&lt;a href=&quot;https://issues.apache.org/jira/secure/attachment/12919243/HIVE-19219.01.patch&quot; class=&quot;external-link&quot; rel=&quot;nofollow&quot;&gt;https://issues.apache.org/jira/secure/attachment/12919243/HIVE-19219.01.patch&lt;/a&gt;&lt;/p&gt;

&lt;p&gt;&lt;font color=&quot;green&quot;&gt;SUCCESS:&lt;/font&gt; +1 due to 1 test(s) being added or modified.&lt;/p&gt;

&lt;p&gt;&lt;font color=&quot;red&quot;&gt;ERROR:&lt;/font&gt; -1 due to 87 failed/errored test(s), 13843 tests executed&lt;br/&gt;
&lt;b&gt;Failed tests:&lt;/b&gt;&lt;/p&gt;
&lt;div class=&quot;preformatted panel&quot; style=&quot;border-width: 1px;&quot;&gt;&lt;div class=&quot;preformattedContent panelContent&quot;&gt;
&lt;pre&gt;TestDbNotificationListener - did not produce a TEST-*.xml file (likely timed out) (batchId=247)
TestHCatHiveCompatibility - did not produce a TEST-*.xml file (likely timed out) (batchId=247)
TestNegativeCliDriver - did not produce a TEST-*.xml file (likely timed out) (batchId=95)
	[nopart_insert.q,insert_into_with_schema.q,input41.q,having1.q,create_table_failure3.q,default_constraint_invalid_default_value.q,database_drop_not_empty_restrict.q,windowing_after_orderby.q,orderbysortby.q,subquery_select_distinct2.q,authorization_uri_alterpart_loc.q,udf_last_day_error_1.q,constraint_duplicate_name.q,create_table_failure4.q,alter_tableprops_external_with_notnull_constraint.q,semijoin5.q,udf_format_number_wrong4.q,deletejar.q,exim_11_nonpart_noncompat_sorting.q,show_tables_bad_db2.q,drop_func_nonexistent.q,nopart_load.q,alter_table_non_partitioned_table_cascade.q,check_constraint_subquery.q,load_wrong_fileformat.q,check_constraint_udtf.q,lockneg_try_db_lock_conflict.q,udf_field_wrong_args_len.q,create_table_failure2.q,create_with_fk_constraints_enforced.q,groupby2_map_skew_multi_distinct.q,authorization_update_noupdatepriv.q,show_columns2.q,authorization_insert_noselectpriv.q,orc_replace_columns3_acid.q,compare_double_bigint.q,authorization_set_nonexistent_conf.q,alter_rename_partition_failure3.q,split_sample_wrong_format2.q,create_with_fk_pk_same_tab.q,compare_double_bigint_2.q,authorization_show_roles_no_admin.q,materialized_view_authorization_rebuild_no_grant.q,unionLimit.q,authorization_revoke_table_fail2.q,duplicate_insert3.q,authorization_desc_table_nosel.q,stats_noscan_non_native.q,orc_change_serde_acid.q,create_or_replace_view7.q,exim_07_nonpart_noncompat_ifof.q,create_with_unique_constraints_enforced.q,udf_concat_ws_wrong2.q,fileformat_bad_class.q,merge_negative_2.q,exim_15_part_nonpart.q,authorization_not_owner_drop_view.q,external1.q,authorization_uri_insert.q,create_with_fk_wrong_ref.q,columnstats_tbllvl_incorrect_column.q,authorization_show_parts_nosel.q,authorization_not_owner_drop_tab.q,external2.q,authorization_deletejar.q,temp_table_create_like_partitions.q,udf_greatest_error_1.q,ptf_negative_AggrFuncsWithNoGBYNoPartDef.q,alter_view_as_select_not_exist.q,touch1.q,groupby3_map_skew_multi_distinct.q,insert_into_notnull_constraint.q,exchange_partition_neg_partition_missing.q,groupby_cube_multi_gby.q,columnstats_tbllvl.q,drop_invalid_constraint2.q,alter_table_add_partition.q,update_not_acid.q,archive5.q,alter_table_constraint_invalid_pk_col.q,ivyDownload.q,udf_instr_wrong_type.q,bad_sample_clause.q,authorization_not_owner_drop_tab2.q,authorization_alter_db_owner.q,show_columns1.q,orc_type_promotion3.q,create_view_failure8.q,strict_join.q,udf_add_months_error_1.q,groupby_cube2.q,groupby_cube1.q,groupby_rollup1.q,genericFileFormat.q,invalid_cast_from_binary_4.q,drop_invalid_constraint1.q,serde_regex.q,show_partitions1.q,check_constraint_nonboolean_expr.q,invalid_cast_from_binary_6.q,create_with_multi_pk_constraint.q,udf_field_wrong_type.q,groupby_grouping_sets4.q,groupby_grouping_sets3.q,insertsel_fail.q,udf_locate_wrong_type.q,orc_type_promotion1_acid.q,set_table_property.q,create_or_replace_view2.q,groupby_grouping_sets2.q,alter_view_failure.q,distinct_windowing_failure1.q,invalid_t_alter2.q,alter_table_constraint_invalid_fk_col1.q,invalid_varchar_length_2.q,authorization_show_grant_otheruser_alltabs.q,subquery_windowing_corr.q,compact_non_acid_table.q,authorization_view_4.q,authorization_disallow_transform.q,materialized_view_authorization_rebuild_other.q,authorization_fail_4.q,dbtxnmgr_nodblock.q,set_hiveconf_internal_variable1.q,input_part0_neg.q,udf_printf_wrong3.q,load_orc_negative2.q,druid_buckets.q,archive2.q,authorization_addjar.q,invalid_sum_syntax.q,insert_into_with_schema1.q,udf_add_months_error_2.q,dyn_part_max_per_node.q,authorization_revoke_table_fail1.q,udf_printf_wrong2.q,archive_multi3.q,udf_printf_wrong1.q,subquery_subquery_chain.q,authorization_view_disable_cbo_4.q,no_matching_udf.q,create_view_failure7.q,drop_native_udf.q,truncate_column_list_bucketing.q,authorization_uri_add_partition.q,authorization_view_disable_cbo_3.q,bad_exec_hooks.q,authorization_view_disable_cbo_2.q,fetchtask_ioexception.q,char_pad_convert_fail2.q,authorization_set_role_neg1.q,serde_regex3.q,authorization_delete_nodeletepriv.q,materialized_view_delete.q,create_or_replace_view6.q,bucket_mapjoin_wrong_table_metadata_2.q,udf_sort_array_by_wrong2.q,local_mapred_error_cache.q,alter_external_acid.q,mm_concatenate.q,authorization_fail_3.q,set_hiveconf_internal_variable0.q,udf_last_day_error_2.q,alter_table_constraint_invalid_ref.q,create_table_wrong_regex.q,describe_xpath4.q,join32.q,insert_sorted.q,describe_xpath2.q,authorization_role_grant_otheruser.q,masking_acid_merge.q,authorization_ctas.q,authorization_fail_5.q,alter_view_failure9.q,insert_into_acid_notnull.q,illegal_partition_type3.q,alter_table_constraint_invalid_pk_tbl.q,authorization_uri_import.q,database_drop_does_not_exist.q,date_literal3.q,archive_multi4.q,date_literal2.q,gby_star2.q,authorization_table_grant_nosuchrole.q,insert_into_with_schema2.q,join_cond_unqual_ambiguous_vc.q,archive_multi2.q,analyze1.q,invalid_distinct3.q,fs_default_name1.q,subquery_in_on.q,show_columns3.q,column_rename1.q,authorization_view_1.q,ptf_negative_JoinWithAmbigousAlias.q,groupby_rollup3.q,truncate_table_failure6.q,groupby_cube3.q,invalid_create_tbl1.q,illegal_partition_type.q,cachingprintstream.q,create_function_nonudf_class.q,exchange_partition_neg_table_missing2.q,dbtxnmgr_notablelock.q,create_view_failure1.q,create_view_failure2.q,alter_view_failure8.q,check_constraint_window_fun.q,update_notnull_constraint.q,authorization_drop_db_cascade.q,archive_partspec3.q,truncate_partition_column.q,alter_partition_partial_spec_dyndisabled.q,udf_format_number_wrong2.q,column_rename5.q,authorization_import.q,authorization_fail_2.q,script_error.q,archive_partspec5.q,script_broken_pipe2.q,update_no_such_table.q,exim_09_nonpart_noncompat_serdeparam.q,invalid_cast_from_binary_1.q,archive_partspec1.q,unionDistributeBy.q,drop_function_failure.q,authorization_priv_current_role_neg.q,archive_insert1.q,authorization_addpartition.q,archive_multi6.q,exim_05_nonpart_noncompat_coltype.q,druid_case.q,invalid_cast_to_binary_5.q,orderby_invalid_position.q,materialized_view_authorization_create_no_select_perm.q,exchange_partition_neg_with_fullacid_table.q,druid_address.q,delete_not_acid.q,temp_table_partitions.q,constraint_invalide_name.q,authorization_uri_load_data.q,udf_locate_wrong_args_len.q,duplicate_insert1.q,duplicate_insert2.q,udf_sort_array_by_wrong3.q,stats_publisher_error_2.q,show_tableproperties1.q,invalid_cast_to_binary_2.q,authorization_drop_admin_role.q,lockneg1.q,exim_16_part_noncompat_schema.q,database_switch_does_not_exist.q,ctas.q,exim_10_nonpart_noncompat_bucketing.q,unionOrderBy.q,addpart1.q,ptf_negative_NoWindowDefn.q,authorization_set_invalidconf.q,udtf_explode_not_supported3.q,ptf_negative_AmbiguousWindowDefn.q,create_external_with_check_constraint.q,udtf_invalid_place.q,join_cond_unqual_ambiguous.q,udf_format_number_wrong1.q,authorization_view_disable_cbo_6.q,exim_25_import_nonexist_authfail.q,authorization_role_cycles1.q,invalid_char_length_3.q,groupby_struct.q,join_alt_syntax_comma_on.q,exchange_partition_neg_incomplete_partition.q,udf_test_error_reduce.q,load_wrong_noof_part.q,authorization_export_ptn.q,drop_partition_failure.q,subquery_in_implicit_gby.q,udf_map_values_arg_num.q,udf_elt_wrong_args_len.q,alter_table_wrong_location.q,archive_insert4.q,authorization_grant_table_fail_nogrant.q,authorization_create_func1.q,dyn_part3.q,cte_with_in_subquery.q,drop_table_used_by_mv.q,column_change_skewedcol_type1.q,materialized_view_drop.q,selectDistinctStarNeg_2.q,exchange_partition_neg_with_mm_table.q,invalid_std_syntax.q,unset_view_property.q,authorization_view_3.q,subquery_exists_implicit_gby.q,authorization_set_role_neg2.q,authorization_grant_group.q,invalid_min_syntax.q,semijoin3.q,truncate_nonexistant_column.q,exchange_partition_neg_table_missing.q,gby_star.q,truncate_partition_column2.q,insertover_dynapart_ifnotexists.q,unionClusterBy.q,udf_qualified_name.q,udaf_invalid_place.q,spark_job_max_tasks.q,authorization_cannot_create_default_role.q,nonkey_groupby.q,spark_stage_max_tasks.q,ptf_negative_HavingLeadWithNoGBYNoWindowing.q,alter_view_as_select_with_partition.q,load_exist_part_authfail.q,archive_multi7.q,authorization_create_func2.q,authorization_grant_uri.q,line_terminator.q,load_view_failure.q,groupby_grouping_sets8.q,invalid_cast_from_binary_3.q,exim_21_part_managed_external.q,insert_into4.q,database_create_invalid_name.q,groupby_grouping_sets7.q,subq_insert.q,dyn_part2.q,alter_external_with_notnull_constraint.q,exchange_partition.q,lateral_view_join.q,allow_change_col_type_par_neg.q,create_function_nonexistent_db.q,create_function_nonexistent_class.q,authorization_not_owner_alter_tab_rename.q,strict_pruning.q,subquery_notexists_implicit_gby.q,orc_reorder_columns1.q,columnstats_partlvl_invalid_values.q,orc_reorder_columns2.q,authorization_dfs.q,udf_format_number_wrong7.q,exim_17_part_spec_underspec.q,druid_partitions.q,authorization_drop_role_no_admin.q,windowing_ll_no_over.q,subquery_corr_from.q,desc_failure2.q,load_non_native.q,windowing_ll_no_neg.q,authorization_role_grant2.q,lockneg4.q,lockneg3.q,drop_table_failure2.q,temp_table_authorize_create_tbl.q,dyn_part_max.q,orc_reorder_columns2_acid.q,change_hive_local_session_path.q,insert_into5.q,insert_into1.q,insert_into3.q,udf_in_2.q,udtf_explode_not_supported2.q,sample.q,udtf_explode_not_supported1.q,authorization_droppartition.q,orc_type_promotion2_acid.q,materialized_view_load.q,right_side_join.q,authorization_fail_1.q,authorization_cannot_create_all_role.q,invalid_max_syntax.q,udf_array_contains_wrong1.q,authorization_cannot_create_none_role.q,subquery_in_lhs.q,orc_replace_columns3.q,udf_size_wrong_args_len.q,create_skewed_table_dup_col_name.q,authorization_fail_7.q,authorization_invalid_priv_v1.q,invalidate_view1.q,union22.q,subquery_scalar_multi_columns.q,disallow_incompatible_type_change_on1.q,semijoin1.q,create_skewed_table_failure_invalid_col_name.q,udf_when_type_wrong.q,timestamp_literal.q,create_external_with_default_constraint.q,truncate_table_failure4.q,masking_acid_delete.q,check_constraint_violation.q,uniquejoin2.q,authorization_grant_table_dup.q,invalid_tbl_name.q,authorization_createview.q,alter_external_with_default_constraint.q,truncate_table_failure1.q,alter_partition_coltype_invalidtype.q,show_tablestatus_not_existing_part.q,authorization_msck.q,truncate_table_failure2.q,joinneg.q]
TestNonCatCallsWithCatalog - did not produce a TEST-*.xml file (likely timed out) (batchId=217)
TestSequenceFileReadWrite - did not produce a TEST-*.xml file (likely timed out) (batchId=247)
org.apache.hadoop.hive.cli.TestCliDriver.testCliDriver[llap_smb] (batchId=92)
org.apache.hadoop.hive.cli.TestCliDriver.testCliDriver[parquet_vectorization_0] (batchId=17)
org.apache.hadoop.hive.cli.TestCliDriver.testCliDriver[results_cache_invalidation2] (batchId=39)
org.apache.hadoop.hive.cli.TestCliDriver.testCliDriver[tez_join_hash] (batchId=54)
org.apache.hadoop.hive.cli.TestMiniLlapLocalCliDriver.testCliDriver[results_cache_invalidation2] (batchId=163)
org.apache.hadoop.hive.cli.TestMiniLlapLocalCliDriver.testCliDriver[sysdb] (batchId=163)
org.apache.hadoop.hive.cli.TestMiniLlapLocalCliDriver.testCliDriver[tez_smb_1] (batchId=171)
org.apache.hadoop.hive.cli.TestMiniTezCliDriver.testCliDriver[explainanalyze_5] (batchId=105)
org.apache.hadoop.hive.cli.TestMinimrCliDriver.testCliDriver[infer_bucket_sort_dyn_part] (batchId=93)
org.apache.hadoop.hive.cli.TestMinimrCliDriver.testCliDriver[infer_bucket_sort_map_operators] (batchId=93)
org.apache.hadoop.hive.cli.TestMinimrCliDriver.testCliDriver[infer_bucket_sort_num_buckets] (batchId=93)
org.apache.hadoop.hive.cli.TestNegativeCliDriver.org.apache.hadoop.hive.cli.TestNegativeCliDriver (batchId=96)
org.apache.hadoop.hive.cli.TestNegativeCliDriver.testCliDriver[alter_notnull_constraint_violation] (batchId=96)
org.apache.hadoop.hive.cli.TestNegativeCliDriver.testCliDriver[default_constraint_invalid_default_value_type] (batchId=96)
org.apache.hadoop.hive.cli.TestNegativeCliDriver.testCliDriver[insert_multi_into_notnull] (batchId=96)
org.apache.hadoop.hive.cli.TestNegativeCliDriver.testCliDriver[insert_overwrite_notnull_constraint] (batchId=96)
org.apache.hadoop.hive.cli.TestNegativeCliDriver.testCliDriver[smb_bucketmapjoin] (batchId=96)
org.apache.hadoop.hive.cli.TestNegativeCliDriver.testCliDriver[smb_mapjoin_14] (batchId=96)
org.apache.hadoop.hive.cli.TestNegativeCliDriver.testCliDriver[sortmerge_mapjoin_mismatch_1] (batchId=96)
org.apache.hadoop.hive.cli.TestNegativeCliDriver.testCliDriver[stats_aggregator_error_1] (batchId=96)
org.apache.hadoop.hive.cli.TestNegativeCliDriver.testCliDriver[stats_aggregator_error_2] (batchId=96)
org.apache.hadoop.hive.cli.TestNegativeCliDriver.testCliDriver[stats_publisher_error_1] (batchId=96)
org.apache.hadoop.hive.cli.TestNegativeCliDriver.testCliDriver[subquery_corr_in_agg] (batchId=96)
org.apache.hadoop.hive.cli.TestNegativeCliDriver.testCliDriver[subquery_notin_implicit_gby] (batchId=96)
org.apache.hadoop.hive.cli.TestNegativeCliDriver.testCliDriver[truncate_bucketed_column] (batchId=96)
org.apache.hadoop.hive.cli.TestNegativeCliDriver.testCliDriver[truncate_column_seqfile] (batchId=96)
org.apache.hadoop.hive.cli.TestNegativeCliDriver.testCliDriver[udf_concat_ws_wrong3] (batchId=96)
org.apache.hadoop.hive.cli.TestNegativeCliDriver.testCliDriver[udf_elt_wrong_type] (batchId=96)
org.apache.hadoop.hive.cli.TestNegativeCliDriver.testCliDriver[udf_format_number_wrong3] (batchId=96)
org.apache.hadoop.hive.cli.TestNegativeCliDriver.testCliDriver[udf_format_number_wrong5] (batchId=96)
org.apache.hadoop.hive.cli.TestNegativeCliDriver.testCliDriver[udf_greatest_error_2] (batchId=96)
org.apache.hadoop.hive.cli.TestNegativeCliDriver.testCliDriver[udf_if_not_bool] (batchId=96)
org.apache.hadoop.hive.cli.TestNegativeCliDriver.testCliDriver[udf_if_wrong_args_len] (batchId=96)
org.apache.hadoop.hive.cli.TestNegativeCliDriver.testCliDriver[udf_instr_wrong_args_len] (batchId=96)
org.apache.hadoop.hive.cli.TestNegativeCliDriver.testCliDriver[udf_likeall_wrong1] (batchId=96)
org.apache.hadoop.hive.cli.TestNegativeCliDriver.testCliDriver[udf_likeany_wrong1] (batchId=96)
org.apache.hadoop.hive.cli.TestNegativeCliDriver.testCliDriver[udf_map_keys_arg_num] (batchId=96)
org.apache.hadoop.hive.cli.TestNegativeCliDriver.testCliDriver[udf_map_keys_arg_type] (batchId=96)
org.apache.hadoop.hive.cli.TestNegativeCliDriver.testCliDriver[udf_map_values_arg_type] (batchId=96)
org.apache.hadoop.hive.cli.TestNegativeCliDriver.testCliDriver[udf_max] (batchId=96)
org.apache.hadoop.hive.cli.TestNegativeCliDriver.testCliDriver[udf_min] (batchId=96)
org.apache.hadoop.hive.cli.TestNegativeCliDriver.testCliDriver[udf_next_day_error_1] (batchId=96)
org.apache.hadoop.hive.cli.TestNegativeCliDriver.testCliDriver[udf_next_day_error_2] (batchId=96)
org.apache.hadoop.hive.cli.TestNegativeCliDriver.testCliDriver[udf_nonexistent_resource] (batchId=96)
org.apache.hadoop.hive.cli.TestNegativeCliDriver.testCliDriver[udf_printf_wrong4] (batchId=96)
org.apache.hadoop.hive.cli.TestNegativeCliDriver.testCliDriver[udf_reflect_neg] (batchId=96)
org.apache.hadoop.hive.cli.TestNegativeCliDriver.testCliDriver[udf_sort_array_by_wrong1] (batchId=96)
org.apache.hadoop.hive.cli.TestNegativeCliDriver.testCliDriver[udf_sort_array_wrong1] (batchId=96)
org.apache.hadoop.hive.cli.TestNegativeCliDriver.testCliDriver[udf_sort_array_wrong2] (batchId=96)
org.apache.hadoop.hive.cli.TestNegativeCliDriver.testCliDriver[udf_sort_array_wrong3] (batchId=96)
org.apache.hadoop.hive.cli.TestNegativeCliDriver.testCliDriver[udf_test_error] (batchId=96)
org.apache.hadoop.hive.cli.TestNegativeCliDriver.testCliDriver[udf_trunc_error1] (batchId=96)
org.apache.hadoop.hive.cli.TestNegativeCliDriver.testCliDriver[udf_trunc_error2] (batchId=96)
org.apache.hadoop.hive.cli.TestNegativeCliDriver.testCliDriver[udf_trunc_error3] (batchId=96)
org.apache.hadoop.hive.cli.TestNegativeCliDriver.testCliDriver[udtf_explode_not_supported4] (batchId=96)
org.apache.hadoop.hive.cli.TestNegativeCliDriver.testCliDriver[udtf_not_supported1] (batchId=96)
org.apache.hadoop.hive.cli.TestNegativeCliDriver.testCliDriver[udtf_not_supported3] (batchId=96)
org.apache.hadoop.hive.cli.TestNegativeCliDriver.testCliDriver[union2] (batchId=96)
org.apache.hadoop.hive.cli.TestNegativeCliDriver.testCliDriver[unionSortBy] (batchId=96)
org.apache.hadoop.hive.cli.TestNegativeCliDriver.testCliDriver[uniquejoin3] (batchId=96)
org.apache.hadoop.hive.cli.TestNegativeCliDriver.testCliDriver[uniquejoin] (batchId=96)
org.apache.hadoop.hive.cli.TestNegativeCliDriver.testCliDriver[unset_table_property] (batchId=96)
org.apache.hadoop.hive.cli.TestNegativeCliDriver.testCliDriver[updateBasicStats] (batchId=96)
org.apache.hadoop.hive.cli.TestNegativeCliDriver.testCliDriver[update_bucket_col] (batchId=96)
org.apache.hadoop.hive.cli.TestNegativeCliDriver.testCliDriver[update_non_acid_table] (batchId=96)
org.apache.hadoop.hive.cli.TestNegativeCliDriver.testCliDriver[update_partition_col] (batchId=96)
org.apache.hadoop.hive.cli.TestNegativeCliDriver.testCliDriver[view_update] (batchId=96)
org.apache.hadoop.hive.cli.TestNegativeCliDriver.testCliDriver[windowing_invalid_udaf] (batchId=96)
org.apache.hadoop.hive.cli.TestNegativeCliDriver.testCliDriver[windowing_leadlag_in_udaf] (batchId=96)
org.apache.hadoop.hive.cli.control.TestDanglingQOuts.checkDanglingQOut (batchId=225)
org.apache.hadoop.hive.druid.TestDruidStorageHandler.testCommitMultiInsertOverwriteTable (batchId=261)
org.apache.hadoop.hive.metastore.TestMetastoreVersion.testMetastoreVersion (batchId=227)
org.apache.hadoop.hive.metastore.TestMetastoreVersion.testVersionMatching (batchId=227)
org.apache.hadoop.hive.ql.TestMTQueries.testMTQueries1 (batchId=232)
org.apache.hive.jdbc.TestTriggersMoveWorkloadManager.testTriggerMoveConflictKill (batchId=242)
org.apache.hive.jdbc.TestTriggersWorkloadManager.testTriggerCustomCreatedDynamicPartitions (batchId=242)
org.apache.hive.jdbc.TestTriggersWorkloadManager.testTriggerCustomCreatedDynamicPartitionsMultiInsert (batchId=242)
org.apache.hive.jdbc.TestTriggersWorkloadManager.testTriggerCustomCreatedDynamicPartitionsUnionAll (batchId=242)
org.apache.hive.jdbc.TestTriggersWorkloadManager.testTriggerCustomNonExistent (batchId=242)
org.apache.hive.jdbc.TestTriggersWorkloadManager.testTriggerHighBytesRead (batchId=242)
org.apache.hive.jdbc.TestTriggersWorkloadManager.testTriggerHighShuffleBytes (batchId=242)
org.apache.hive.jdbc.TestTriggersWorkloadManager.testTriggerVertexRawInputSplitsNoKill (batchId=242)
&lt;/pre&gt;
&lt;/div&gt;&lt;/div&gt;

&lt;p&gt;Test results: &lt;a href=&quot;https://builds.apache.org/job/PreCommit-HIVE-Build/10269/testReport&quot; class=&quot;external-link&quot; target=&quot;_blank&quot; rel=&quot;nofollow noopener&quot;&gt;https://builds.apache.org/job/PreCommit-HIVE-Build/10269/testReport&lt;/a&gt;&lt;br/&gt;
Console output: &lt;a href=&quot;https://builds.apache.org/job/PreCommit-HIVE-Build/10269/console&quot; class=&quot;external-link&quot; target=&quot;_blank&quot; rel=&quot;nofollow noopener&quot;&gt;https://builds.apache.org/job/PreCommit-HIVE-Build/10269/console&lt;/a&gt;&lt;br/&gt;
Test logs: &lt;a href=&quot;http://104.198.109.242/logs/PreCommit-HIVE-Build-10269/&quot; class=&quot;external-link&quot; target=&quot;_blank&quot; rel=&quot;nofollow noopener&quot;&gt;http://104.198.109.242/logs/PreCommit-HIVE-Build-10269/&lt;/a&gt;&lt;/p&gt;

&lt;p&gt;Messages:&lt;/p&gt;
&lt;div class=&quot;preformatted panel&quot; style=&quot;border-width: 1px;&quot;&gt;&lt;div class=&quot;preformattedContent panelContent&quot;&gt;
&lt;pre&gt;Executing org.apache.hive.ptest.execution.TestCheckPhase
Executing org.apache.hive.ptest.execution.PrepPhase
Executing org.apache.hive.ptest.execution.YetusPhase
Executing org.apache.hive.ptest.execution.ExecutionPhase
Executing org.apache.hive.ptest.execution.ReportingPhase
Tests exited with: TestsFailedException: 87 tests failed
&lt;/pre&gt;
&lt;/div&gt;&lt;/div&gt;

&lt;p&gt;This message is automatically generated.&lt;/p&gt;

&lt;p&gt;ATTACHMENT ID: 12919243 - PreCommit-HIVE-Build&lt;/p&gt;</comment>
                            <comment id="16441122" author="sankarh" created="Tue, 17 Apr 2018 16:38:34 +0000"  >&lt;p&gt;Attached 02.patch with change in logic&lt;/p&gt;
&lt;ul&gt;
	&lt;li&gt;If last replicated event is missing from&#160;NOTIFICATION_LOG table, then shall assume some events might be missing from dump and throw error.&lt;/li&gt;
	&lt;li&gt;Validate this after dumping all the events to confirm if events not deleted concurrently when dumping in progress.&lt;/li&gt;
	&lt;li&gt;No constraint to get events in sequence.&lt;/li&gt;
&lt;/ul&gt;


&lt;p&gt;Request &lt;a href=&quot;https://issues.apache.org/jira/secure/ViewProfile.jspa?name=maheshk114&quot; class=&quot;user-hover&quot; rel=&quot;maheshk114&quot;&gt;maheshk114&lt;/a&gt; to review it!&lt;/p&gt;</comment>
                            <comment id="16442520" author="sankarh" created="Wed, 18 Apr 2018 13:47:16 +0000"  >&lt;p&gt;Attached 03.patch&lt;/p&gt;
&lt;ul&gt;
	&lt;li&gt;Fallback to original logic of checking&#160;if events are obtained in contiguous sequence. Verifying last replicated event may not be right as eventTime and eventId won&apos;t be in same sequence. So, cleaner may remove events not in sequence.&lt;/li&gt;
	&lt;li&gt;Fixed all comments from Mahesh.&lt;/li&gt;
&lt;/ul&gt;


&lt;p&gt;Request &lt;a href=&quot;https://issues.apache.org/jira/secure/ViewProfile.jspa?name=maheshk114&quot; class=&quot;user-hover&quot; rel=&quot;maheshk114&quot;&gt;maheshk114&lt;/a&gt; to review it!&lt;/p&gt;</comment>
                            <comment id="16442776" author="maheshk114" created="Wed, 18 Apr 2018 16:20:23 +0000"  >&lt;p&gt;The code changes looks fine&lt;/p&gt;

&lt;p&gt;&#160;&lt;/p&gt;

&lt;p&gt;&lt;a href=&quot;https://issues.apache.org/jira/secure/ViewProfile.jspa?name=thejas&quot; class=&quot;user-hover&quot; rel=&quot;thejas&quot;&gt;thejas&lt;/a&gt; &lt;a href=&quot;https://issues.apache.org/jira/secure/ViewProfile.jspa?name=sankarh&quot; class=&quot;user-hover&quot; rel=&quot;sankarh&quot;&gt;sankarh&lt;/a&gt;&lt;/p&gt;</comment>
                            <comment id="16442862" author="thejas" created="Wed, 18 Apr 2018 17:03:24 +0000"  >&lt;p&gt;+1&lt;/p&gt;</comment>
                            <comment id="16442938" author="sankarh" created="Wed, 18 Apr 2018 17:43:11 +0000"  >&lt;p&gt;Attached 04.patch after rebasing with master.&lt;/p&gt;

&lt;p&gt;Waiting for ptest&#160;run.&lt;/p&gt;</comment>
                            <comment id="16444245" author="hiveqa" created="Thu, 19 Apr 2018 15:28:34 +0000"  >

&lt;p&gt;Here are the results of testing the latest attachment:&lt;br/&gt;
&lt;a href=&quot;https://issues.apache.org/jira/secure/attachment/12919806/HIVE-19219.04.patch&quot; class=&quot;external-link&quot; rel=&quot;nofollow&quot;&gt;https://issues.apache.org/jira/secure/attachment/12919806/HIVE-19219.04.patch&lt;/a&gt;&lt;/p&gt;

&lt;p&gt;&lt;font color=&quot;red&quot;&gt;ERROR:&lt;/font&gt; -1 due to build exiting with an error&lt;/p&gt;

&lt;p&gt;Test results: &lt;a href=&quot;https://builds.apache.org/job/PreCommit-HIVE-Build/10344/testReport&quot; class=&quot;external-link&quot; target=&quot;_blank&quot; rel=&quot;nofollow noopener&quot;&gt;https://builds.apache.org/job/PreCommit-HIVE-Build/10344/testReport&lt;/a&gt;&lt;br/&gt;
Console output: &lt;a href=&quot;https://builds.apache.org/job/PreCommit-HIVE-Build/10344/console&quot; class=&quot;external-link&quot; target=&quot;_blank&quot; rel=&quot;nofollow noopener&quot;&gt;https://builds.apache.org/job/PreCommit-HIVE-Build/10344/console&lt;/a&gt;&lt;br/&gt;
Test logs: &lt;a href=&quot;http://104.198.109.242/logs/PreCommit-HIVE-Build-10344/&quot; class=&quot;external-link&quot; target=&quot;_blank&quot; rel=&quot;nofollow noopener&quot;&gt;http://104.198.109.242/logs/PreCommit-HIVE-Build-10344/&lt;/a&gt;&lt;/p&gt;

&lt;p&gt;Messages:&lt;/p&gt;
&lt;div class=&quot;preformatted panel&quot; style=&quot;border-width: 1px;&quot;&gt;&lt;div class=&quot;preformattedContent panelContent&quot;&gt;
&lt;pre&gt;Executing org.apache.hive.ptest.execution.TestCheckPhase
Executing org.apache.hive.ptest.execution.PrepPhase
Tests exited with: NonZeroExitCodeException
Command &apos;bash /data/hiveptest/working/scratch/source-prep.sh&apos; failed with exit status 1 and output &apos;+ date &apos;+%Y-%m-%d %T.%3N&apos;
2018-04-19 15:25:53.439
+ [[ -n /usr/lib/jvm/java-8-openjdk-amd64 ]]
+ export JAVA_HOME=/usr/lib/jvm/java-8-openjdk-amd64
+ JAVA_HOME=/usr/lib/jvm/java-8-openjdk-amd64
+ export PATH=/usr/lib/jvm/java-8-openjdk-amd64/bin/:/usr/local/bin:/usr/bin:/bin:/usr/local/games:/usr/games
+ PATH=/usr/lib/jvm/java-8-openjdk-amd64/bin/:/usr/local/bin:/usr/bin:/bin:/usr/local/games:/usr/games
+ export &apos;ANT_OPTS=-Xmx1g -XX:MaxPermSize=256m &apos;
+ ANT_OPTS=&apos;-Xmx1g -XX:MaxPermSize=256m &apos;
+ export &apos;MAVEN_OPTS=-Xmx1g &apos;
+ MAVEN_OPTS=&apos;-Xmx1g &apos;
+ cd /data/hiveptest/working/
+ tee /data/hiveptest/logs/PreCommit-HIVE-Build-10344/source-prep.txt
+ [[ false == \t\r\u\e ]]
+ mkdir -p maven ivy
+ [[ git = \s\v\n ]]
+ [[ git = \g\i\t ]]
+ [[ -z master ]]
+ [[ -d apache-github-source-source ]]
+ [[ ! -d apache-github-source-source/.git ]]
+ [[ ! -d apache-github-source-source ]]
+ date &apos;+%Y-%m-%d %T.%3N&apos;
2018-04-19 15:25:53.442
+ cd apache-github-source-source
+ git fetch origin
From https://github.com/apache/hive
   5ae174c..fb22f57  master     -&amp;gt; origin/master
+ git reset --hard HEAD
HEAD is now at 5ae174c HIVE-19141 : TestNegativeCliDriver insert_into_notnull_constraint, insert_into_acid_notnull failing (Igor Kryvenko via Ashutosh Chauhan)
+ git clean -f -d
+ git checkout master
Already on &apos;master&apos;
Your branch is behind &apos;origin/master&apos; by 1 commit, and can be fast-forwarded.
  (use &quot;git pull&quot; to update your local branch)
+ git reset --hard origin/master
HEAD is now at fb22f57 HIVE-19243 : Upgrade hadoop.version to 3.1.0 (Gour Saha via Sahil Takiar)
+ git merge --ff-only origin/master
Already up-to-date.
+ date &apos;+%Y-%m-%d %T.%3N&apos;
2018-04-19 15:25:59.335
+ rm -rf ../yetus_PreCommit-HIVE-Build-10344
+ mkdir ../yetus_PreCommit-HIVE-Build-10344
+ git gc
+ cp -R . ../yetus_PreCommit-HIVE-Build-10344
+ mkdir /data/hiveptest/logs/PreCommit-HIVE-Build-10344/yetus
+ patchCommandPath=/data/hiveptest/working/scratch/smart-apply-patch.sh
+ patchFilePath=/data/hiveptest/working/scratch/build.patch
+ [[ -f /data/hiveptest/working/scratch/build.patch ]]
+ chmod +x /data/hiveptest/working/scratch/smart-apply-patch.sh
+ /data/hiveptest/working/scratch/smart-apply-patch.sh /data/hiveptest/working/scratch/build.patch
error: a/itests/hive-unit/src/test/java/org/apache/hadoop/hive/ql/parse/TestReplicationScenarios.java: does not exist in index
error: a/standalone-metastore/src/main/java/org/apache/hadoop/hive/metastore/HiveMetaStoreClient.java: does not exist in index
error: a/standalone-metastore/src/test/java/org/apache/hadoop/hive/metastore/HiveMetaStoreClientPreCatalog.java: does not exist in index
Going to apply patch with: git apply -p1
+ [[ maven == \m\a\v\e\n ]]
+ rm -rf /data/hiveptest/working/maven/org/apache/hive
+ mvn -B clean install -DskipTests -T 4 -q -Dmaven.repo.local=/data/hiveptest/working/maven
protoc-jar: executing: [/tmp/protoc5272366524077379115.exe, --version]
libprotoc 2.5.0
protoc-jar: executing: [/tmp/protoc5272366524077379115.exe, -I/data/hiveptest/working/apache-github-source-source/standalone-metastore/src/main/protobuf/org/apache/hadoop/hive/metastore, --java_out=/data/hiveptest/working/apache-github-source-source/standalone-metastore/target/generated-sources, /data/hiveptest/working/apache-github-source-source/standalone-metastore/src/main/protobuf/org/apache/hadoop/hive/metastore/metastore.proto]
ANTLR Parser Generator  Version 3.5.2
Output file /data/hiveptest/working/apache-github-source-source/standalone-metastore/target/generated-sources/org/apache/hadoop/hive/metastore/parser/FilterParser.java does not exist: must build /data/hiveptest/working/apache-github-source-source/standalone-metastore/src/main/java/org/apache/hadoop/hive/metastore/parser/Filter.g
org/apache/hadoop/hive/metastore/parser/Filter.g
[ERROR] Failed to execute goal org.apache.maven.plugins:maven-remote-resources-plugin:1.5:process (process-resource-bundles) on project hive-shims-0.23: Execution process-resource-bundles of goal org.apache.maven.plugins:maven-remote-resources-plugin:1.5:process failed. ConcurrentModificationException -&amp;gt; [Help 1]
[ERROR] 
[ERROR] To see the full stack trace of the errors, re-run Maven with the -e switch.
[ERROR] Re-run Maven using the -X switch to enable full debug logging.
[ERROR] 
[ERROR] For more information about the errors and possible solutions, please read the following articles:
[ERROR] [Help 1] http://cwiki.apache.org/confluence/display/MAVEN/PluginExecutionException
[ERROR] 
[ERROR] After correcting the problems, you can resume the build with the command
[ERROR]   mvn &amp;lt;goals&amp;gt; -rf :hive-shims-0.23
+ exit 1
&apos;
&lt;/pre&gt;
&lt;/div&gt;&lt;/div&gt;

&lt;p&gt;This message is automatically generated.&lt;/p&gt;

&lt;p&gt;ATTACHMENT ID: 12919806 - PreCommit-HIVE-Build&lt;/p&gt;</comment>
                            <comment id="16444279" author="sankarh" created="Thu, 19 Apr 2018 15:51:42 +0000"  >&lt;p&gt;Added 05.patch after rebasing with master.&lt;/p&gt;</comment>
                            <comment id="16444841" author="hiveqa" created="Thu, 19 Apr 2018 21:40:35 +0000"  >&lt;div class=&apos;table-wrap&apos;&gt;
&lt;table class=&apos;confluenceTable&apos;&gt;&lt;tbody&gt;
&lt;tr&gt;
&lt;td class=&apos;confluenceTd&apos;&gt; &lt;img class=&quot;emoticon&quot; src=&quot;https://issues.apache.org/jira/images/icons/emoticons/error.png&quot; height=&quot;16&quot; width=&quot;16&quot; align=&quot;absmiddle&quot; alt=&quot;&quot; border=&quot;0&quot;/&gt; &lt;b&gt;&lt;font color=&quot;red&quot;&gt;-1 overall&lt;/font&gt;&lt;/b&gt; &lt;/td&gt;
&lt;/tr&gt;
&lt;/tbody&gt;&lt;/table&gt;
&lt;/div&gt;

&lt;p&gt;&lt;br class=&quot;atl-forced-newline&quot; /&gt;
&lt;br class=&quot;atl-forced-newline&quot; /&gt;&lt;/p&gt;
&lt;div class=&apos;table-wrap&apos;&gt;
&lt;table class=&apos;confluenceTable&apos;&gt;&lt;tbody&gt;
&lt;tr&gt;
&lt;th class=&apos;confluenceTh&apos;&gt; Vote &lt;/th&gt;
&lt;th class=&apos;confluenceTh&apos;&gt; Subsystem &lt;/th&gt;
&lt;th class=&apos;confluenceTh&apos;&gt; Runtime &lt;/th&gt;
&lt;th class=&apos;confluenceTh&apos;&gt; Comment &lt;/th&gt;
&lt;/tr&gt;
&lt;tr&gt;
&lt;th class=&apos;confluenceTh&apos;&gt;&amp;nbsp;&lt;/th&gt;
&lt;th class=&apos;confluenceTh&apos;&gt;&amp;nbsp;&lt;/th&gt;
&lt;th class=&apos;confluenceTh&apos;&gt;&amp;nbsp;&lt;/th&gt;
&lt;th class=&apos;confluenceTh&apos;&gt; &lt;font color=&quot;brown&quot;&gt; Prechecks &lt;/font&gt; &lt;/th&gt;
&lt;/tr&gt;
&lt;tr&gt;
&lt;td class=&apos;confluenceTd&apos;&gt; &lt;font color=&quot;blue&quot;&gt;0&lt;/font&gt; &lt;/td&gt;
&lt;td class=&apos;confluenceTd&apos;&gt; &lt;font color=&quot;blue&quot;&gt; findbugs &lt;/font&gt; &lt;/td&gt;
&lt;td class=&apos;confluenceTd&apos;&gt; &lt;font color=&quot;blue&quot;&gt;  0m  0s&lt;/font&gt; &lt;/td&gt;
&lt;td class=&apos;confluenceTd&apos;&gt; &lt;font color=&quot;blue&quot;&gt; Findbugs executables are not available. &lt;/font&gt; &lt;/td&gt;
&lt;/tr&gt;
&lt;tr&gt;
&lt;td class=&apos;confluenceTd&apos;&gt; &lt;font color=&quot;green&quot;&gt;+1&lt;/font&gt; &lt;/td&gt;
&lt;td class=&apos;confluenceTd&apos;&gt; &lt;font color=&quot;green&quot;&gt; @author &lt;/font&gt; &lt;/td&gt;
&lt;td class=&apos;confluenceTd&apos;&gt; &lt;font color=&quot;green&quot;&gt;  0m  1s&lt;/font&gt; &lt;/td&gt;
&lt;td class=&apos;confluenceTd&apos;&gt; &lt;font color=&quot;green&quot;&gt; The patch does not contain any @author tags. &lt;/font&gt; &lt;/td&gt;
&lt;/tr&gt;
&lt;tr&gt;
&lt;th class=&apos;confluenceTh&apos;&gt;&amp;nbsp;&lt;/th&gt;
&lt;th class=&apos;confluenceTh&apos;&gt;&amp;nbsp;&lt;/th&gt;
&lt;th class=&apos;confluenceTh&apos;&gt;&amp;nbsp;&lt;/th&gt;
&lt;th class=&apos;confluenceTh&apos;&gt; &lt;font color=&quot;brown&quot;&gt; master Compile Tests &lt;/font&gt; &lt;/th&gt;
&lt;/tr&gt;
&lt;tr&gt;
&lt;td class=&apos;confluenceTd&apos;&gt; &lt;font color=&quot;blue&quot;&gt;0&lt;/font&gt; &lt;/td&gt;
&lt;td class=&apos;confluenceTd&apos;&gt; &lt;font color=&quot;blue&quot;&gt; mvndep &lt;/font&gt; &lt;/td&gt;
&lt;td class=&apos;confluenceTd&apos;&gt; &lt;font color=&quot;blue&quot;&gt;  0m 49s&lt;/font&gt; &lt;/td&gt;
&lt;td class=&apos;confluenceTd&apos;&gt; &lt;font color=&quot;blue&quot;&gt; Maven dependency ordering for branch &lt;/font&gt; &lt;/td&gt;
&lt;/tr&gt;
&lt;tr&gt;
&lt;td class=&apos;confluenceTd&apos;&gt; &lt;font color=&quot;green&quot;&gt;+1&lt;/font&gt; &lt;/td&gt;
&lt;td class=&apos;confluenceTd&apos;&gt; &lt;font color=&quot;green&quot;&gt; mvninstall &lt;/font&gt; &lt;/td&gt;
&lt;td class=&apos;confluenceTd&apos;&gt; &lt;font color=&quot;green&quot;&gt;  7m 54s&lt;/font&gt; &lt;/td&gt;
&lt;td class=&apos;confluenceTd&apos;&gt; &lt;font color=&quot;green&quot;&gt; master passed &lt;/font&gt; &lt;/td&gt;
&lt;/tr&gt;
&lt;tr&gt;
&lt;td class=&apos;confluenceTd&apos;&gt; &lt;font color=&quot;green&quot;&gt;+1&lt;/font&gt; &lt;/td&gt;
&lt;td class=&apos;confluenceTd&apos;&gt; &lt;font color=&quot;green&quot;&gt; compile &lt;/font&gt; &lt;/td&gt;
&lt;td class=&apos;confluenceTd&apos;&gt; &lt;font color=&quot;green&quot;&gt;  1m 28s&lt;/font&gt; &lt;/td&gt;
&lt;td class=&apos;confluenceTd&apos;&gt; &lt;font color=&quot;green&quot;&gt; master passed &lt;/font&gt; &lt;/td&gt;
&lt;/tr&gt;
&lt;tr&gt;
&lt;td class=&apos;confluenceTd&apos;&gt; &lt;font color=&quot;green&quot;&gt;+1&lt;/font&gt; &lt;/td&gt;
&lt;td class=&apos;confluenceTd&apos;&gt; &lt;font color=&quot;green&quot;&gt; checkstyle &lt;/font&gt; &lt;/td&gt;
&lt;td class=&apos;confluenceTd&apos;&gt; &lt;font color=&quot;green&quot;&gt;  0m 42s&lt;/font&gt; &lt;/td&gt;
&lt;td class=&apos;confluenceTd&apos;&gt; &lt;font color=&quot;green&quot;&gt; master passed &lt;/font&gt; &lt;/td&gt;
&lt;/tr&gt;
&lt;tr&gt;
&lt;td class=&apos;confluenceTd&apos;&gt; &lt;font color=&quot;green&quot;&gt;+1&lt;/font&gt; &lt;/td&gt;
&lt;td class=&apos;confluenceTd&apos;&gt; &lt;font color=&quot;green&quot;&gt; javadoc &lt;/font&gt; &lt;/td&gt;
&lt;td class=&apos;confluenceTd&apos;&gt; &lt;font color=&quot;green&quot;&gt;  1m 19s&lt;/font&gt; &lt;/td&gt;
&lt;td class=&apos;confluenceTd&apos;&gt; &lt;font color=&quot;green&quot;&gt; master passed &lt;/font&gt; &lt;/td&gt;
&lt;/tr&gt;
&lt;tr&gt;
&lt;th class=&apos;confluenceTh&apos;&gt;&amp;nbsp;&lt;/th&gt;
&lt;th class=&apos;confluenceTh&apos;&gt;&amp;nbsp;&lt;/th&gt;
&lt;th class=&apos;confluenceTh&apos;&gt;&amp;nbsp;&lt;/th&gt;
&lt;th class=&apos;confluenceTh&apos;&gt; &lt;font color=&quot;brown&quot;&gt; Patch Compile Tests &lt;/font&gt; &lt;/th&gt;
&lt;/tr&gt;
&lt;tr&gt;
&lt;td class=&apos;confluenceTd&apos;&gt; &lt;font color=&quot;blue&quot;&gt;0&lt;/font&gt; &lt;/td&gt;
&lt;td class=&apos;confluenceTd&apos;&gt; &lt;font color=&quot;blue&quot;&gt; mvndep &lt;/font&gt; &lt;/td&gt;
&lt;td class=&apos;confluenceTd&apos;&gt; &lt;font color=&quot;blue&quot;&gt;  0m  9s&lt;/font&gt; &lt;/td&gt;
&lt;td class=&apos;confluenceTd&apos;&gt; &lt;font color=&quot;blue&quot;&gt; Maven dependency ordering for patch &lt;/font&gt; &lt;/td&gt;
&lt;/tr&gt;
&lt;tr&gt;
&lt;td class=&apos;confluenceTd&apos;&gt; &lt;font color=&quot;green&quot;&gt;+1&lt;/font&gt; &lt;/td&gt;
&lt;td class=&apos;confluenceTd&apos;&gt; &lt;font color=&quot;green&quot;&gt; mvninstall &lt;/font&gt; &lt;/td&gt;
&lt;td class=&apos;confluenceTd&apos;&gt; &lt;font color=&quot;green&quot;&gt;  1m 41s&lt;/font&gt; &lt;/td&gt;
&lt;td class=&apos;confluenceTd&apos;&gt; &lt;font color=&quot;green&quot;&gt; the patch passed &lt;/font&gt; &lt;/td&gt;
&lt;/tr&gt;
&lt;tr&gt;
&lt;td class=&apos;confluenceTd&apos;&gt; &lt;font color=&quot;green&quot;&gt;+1&lt;/font&gt; &lt;/td&gt;
&lt;td class=&apos;confluenceTd&apos;&gt; &lt;font color=&quot;green&quot;&gt; compile &lt;/font&gt; &lt;/td&gt;
&lt;td class=&apos;confluenceTd&apos;&gt; &lt;font color=&quot;green&quot;&gt;  1m 27s&lt;/font&gt; &lt;/td&gt;
&lt;td class=&apos;confluenceTd&apos;&gt; &lt;font color=&quot;green&quot;&gt; the patch passed &lt;/font&gt; &lt;/td&gt;
&lt;/tr&gt;
&lt;tr&gt;
&lt;td class=&apos;confluenceTd&apos;&gt; &lt;font color=&quot;green&quot;&gt;+1&lt;/font&gt; &lt;/td&gt;
&lt;td class=&apos;confluenceTd&apos;&gt; &lt;font color=&quot;green&quot;&gt; javac &lt;/font&gt; &lt;/td&gt;
&lt;td class=&apos;confluenceTd&apos;&gt; &lt;font color=&quot;green&quot;&gt;  1m 27s&lt;/font&gt; &lt;/td&gt;
&lt;td class=&apos;confluenceTd&apos;&gt; &lt;font color=&quot;green&quot;&gt; the patch passed &lt;/font&gt; &lt;/td&gt;
&lt;/tr&gt;
&lt;tr&gt;
&lt;td class=&apos;confluenceTd&apos;&gt; &lt;font color=&quot;red&quot;&gt;-1&lt;/font&gt; &lt;/td&gt;
&lt;td class=&apos;confluenceTd&apos;&gt; &lt;font color=&quot;red&quot;&gt; checkstyle &lt;/font&gt; &lt;/td&gt;
&lt;td class=&apos;confluenceTd&apos;&gt; &lt;font color=&quot;red&quot;&gt;  0m 23s&lt;/font&gt; &lt;/td&gt;
&lt;td class=&apos;confluenceTd&apos;&gt; &lt;font color=&quot;red&quot;&gt; itests/hive-unit: The patch generated 11 new + 515 unchanged - 39 fixed = 526 total (was 554) &lt;/font&gt; &lt;/td&gt;
&lt;/tr&gt;
&lt;tr&gt;
&lt;td class=&apos;confluenceTd&apos;&gt; &lt;font color=&quot;green&quot;&gt;+1&lt;/font&gt; &lt;/td&gt;
&lt;td class=&apos;confluenceTd&apos;&gt; &lt;font color=&quot;green&quot;&gt; whitespace &lt;/font&gt; &lt;/td&gt;
&lt;td class=&apos;confluenceTd&apos;&gt; &lt;font color=&quot;green&quot;&gt;  0m  0s&lt;/font&gt; &lt;/td&gt;
&lt;td class=&apos;confluenceTd&apos;&gt; &lt;font color=&quot;green&quot;&gt; The patch has no whitespace issues. &lt;/font&gt; &lt;/td&gt;
&lt;/tr&gt;
&lt;tr&gt;
&lt;td class=&apos;confluenceTd&apos;&gt; &lt;font color=&quot;green&quot;&gt;+1&lt;/font&gt; &lt;/td&gt;
&lt;td class=&apos;confluenceTd&apos;&gt; &lt;font color=&quot;green&quot;&gt; javadoc &lt;/font&gt; &lt;/td&gt;
&lt;td class=&apos;confluenceTd&apos;&gt; &lt;font color=&quot;green&quot;&gt;  1m 29s&lt;/font&gt; &lt;/td&gt;
&lt;td class=&apos;confluenceTd&apos;&gt; &lt;font color=&quot;green&quot;&gt; the patch passed &lt;/font&gt; &lt;/td&gt;
&lt;/tr&gt;
&lt;tr&gt;
&lt;th class=&apos;confluenceTh&apos;&gt;&amp;nbsp;&lt;/th&gt;
&lt;th class=&apos;confluenceTh&apos;&gt;&amp;nbsp;&lt;/th&gt;
&lt;th class=&apos;confluenceTh&apos;&gt;&amp;nbsp;&lt;/th&gt;
&lt;th class=&apos;confluenceTh&apos;&gt; &lt;font color=&quot;brown&quot;&gt; Other Tests &lt;/font&gt; &lt;/th&gt;
&lt;/tr&gt;
&lt;tr&gt;
&lt;td class=&apos;confluenceTd&apos;&gt; &lt;font color=&quot;green&quot;&gt;+1&lt;/font&gt; &lt;/td&gt;
&lt;td class=&apos;confluenceTd&apos;&gt; &lt;font color=&quot;green&quot;&gt; asflicense &lt;/font&gt; &lt;/td&gt;
&lt;td class=&apos;confluenceTd&apos;&gt; &lt;font color=&quot;green&quot;&gt;  0m 14s&lt;/font&gt; &lt;/td&gt;
&lt;td class=&apos;confluenceTd&apos;&gt; &lt;font color=&quot;green&quot;&gt; The patch does not generate ASF License warnings. &lt;/font&gt; &lt;/td&gt;
&lt;/tr&gt;
&lt;tr&gt;
&lt;td class=&apos;confluenceTd&apos;&gt; &lt;font color=&quot;black&quot;&gt;&lt;/font&gt; &lt;/td&gt;
&lt;td class=&apos;confluenceTd&apos;&gt; &lt;font color=&quot;black&quot;&gt; &lt;/font&gt; &lt;/td&gt;
&lt;td class=&apos;confluenceTd&apos;&gt; &lt;font color=&quot;black&quot;&gt; 18m 18s&lt;/font&gt; &lt;/td&gt;
&lt;td class=&apos;confluenceTd&apos;&gt; &lt;font color=&quot;black&quot;&gt; &lt;/font&gt; &lt;/td&gt;
&lt;/tr&gt;
&lt;/tbody&gt;&lt;/table&gt;
&lt;/div&gt;

&lt;p&gt;&lt;br class=&quot;atl-forced-newline&quot; /&gt;
&lt;br class=&quot;atl-forced-newline&quot; /&gt;&lt;/p&gt;
&lt;div class=&apos;table-wrap&apos;&gt;
&lt;table class=&apos;confluenceTable&apos;&gt;&lt;tbody&gt;
&lt;tr&gt;
&lt;th class=&apos;confluenceTh&apos;&gt; Subsystem &lt;/th&gt;
&lt;th class=&apos;confluenceTh&apos;&gt; Report/Notes &lt;/th&gt;
&lt;/tr&gt;
&lt;tr&gt;
&lt;td class=&apos;confluenceTd&apos;&gt; Optional Tests &lt;/td&gt;
&lt;td class=&apos;confluenceTd&apos;&gt;  asflicense  javac  javadoc  findbugs  checkstyle  compile  &lt;/td&gt;
&lt;/tr&gt;
&lt;tr&gt;
&lt;td class=&apos;confluenceTd&apos;&gt; uname &lt;/td&gt;
&lt;td class=&apos;confluenceTd&apos;&gt; Linux hiveptest-server-upstream 3.16.0-4-amd64 #1 SMP Debian 3.16.36-1+deb8u1 (2016-09-03) x86_64 GNU/Linux &lt;/td&gt;
&lt;/tr&gt;
&lt;tr&gt;
&lt;td class=&apos;confluenceTd&apos;&gt; Build tool &lt;/td&gt;
&lt;td class=&apos;confluenceTd&apos;&gt; maven &lt;/td&gt;
&lt;/tr&gt;
&lt;tr&gt;
&lt;td class=&apos;confluenceTd&apos;&gt; Personality &lt;/td&gt;
&lt;td class=&apos;confluenceTd&apos;&gt; /data/hiveptest/working/yetus_PreCommit-HIVE-Build-10352/dev-support/hive-personality.sh &lt;/td&gt;
&lt;/tr&gt;
&lt;tr&gt;
&lt;td class=&apos;confluenceTd&apos;&gt; git revision &lt;/td&gt;
&lt;td class=&apos;confluenceTd&apos;&gt; master / 9f15e22 &lt;/td&gt;
&lt;/tr&gt;
&lt;tr&gt;
&lt;td class=&apos;confluenceTd&apos;&gt; Default Java &lt;/td&gt;
&lt;td class=&apos;confluenceTd&apos;&gt; 1.8.0_111 &lt;/td&gt;
&lt;/tr&gt;
&lt;tr&gt;
&lt;td class=&apos;confluenceTd&apos;&gt; checkstyle &lt;/td&gt;
&lt;td class=&apos;confluenceTd&apos;&gt; &lt;a href=&quot;http://104.198.109.242/logs//PreCommit-HIVE-Build-10352/yetus/diff-checkstyle-itests_hive-unit.txt&quot; class=&quot;external-link&quot; target=&quot;_blank&quot; rel=&quot;nofollow noopener&quot;&gt;http://104.198.109.242/logs//PreCommit-HIVE-Build-10352/yetus/diff-checkstyle-itests_hive-unit.txt&lt;/a&gt; &lt;/td&gt;
&lt;/tr&gt;
&lt;tr&gt;
&lt;td class=&apos;confluenceTd&apos;&gt; modules &lt;/td&gt;
&lt;td class=&apos;confluenceTd&apos;&gt; C: itests/hive-unit standalone-metastore U: . &lt;/td&gt;
&lt;/tr&gt;
&lt;tr&gt;
&lt;td class=&apos;confluenceTd&apos;&gt; Console output &lt;/td&gt;
&lt;td class=&apos;confluenceTd&apos;&gt; &lt;a href=&quot;http://104.198.109.242/logs//PreCommit-HIVE-Build-10352/yetus.txt&quot; class=&quot;external-link&quot; target=&quot;_blank&quot; rel=&quot;nofollow noopener&quot;&gt;http://104.198.109.242/logs//PreCommit-HIVE-Build-10352/yetus.txt&lt;/a&gt; &lt;/td&gt;
&lt;/tr&gt;
&lt;tr&gt;
&lt;td class=&apos;confluenceTd&apos;&gt; Powered by &lt;/td&gt;
&lt;td class=&apos;confluenceTd&apos;&gt; Apache Yetus    &lt;a href=&quot;http://yetus.apache.org&quot; class=&quot;external-link&quot; target=&quot;_blank&quot; rel=&quot;nofollow noopener&quot;&gt;http://yetus.apache.org&lt;/a&gt; &lt;/td&gt;
&lt;/tr&gt;
&lt;/tbody&gt;&lt;/table&gt;
&lt;/div&gt;



&lt;p&gt;This message was automatically generated.&lt;/p&gt;
</comment>
                            <comment id="16444922" author="hiveqa" created="Thu, 19 Apr 2018 22:38:02 +0000"  >

&lt;p&gt;Here are the results of testing the latest attachment:&lt;br/&gt;
&lt;a href=&quot;https://issues.apache.org/jira/secure/attachment/12919835/HIVE-19219.05.patch&quot; class=&quot;external-link&quot; rel=&quot;nofollow&quot;&gt;https://issues.apache.org/jira/secure/attachment/12919835/HIVE-19219.05.patch&lt;/a&gt;&lt;/p&gt;

&lt;p&gt;&lt;font color=&quot;green&quot;&gt;SUCCESS:&lt;/font&gt; +1 due to 1 test(s) being added or modified.&lt;/p&gt;

&lt;p&gt;&lt;font color=&quot;red&quot;&gt;ERROR:&lt;/font&gt; -1 due to 37 failed/errored test(s), 14279 tests executed&lt;br/&gt;
&lt;b&gt;Failed tests:&lt;/b&gt;&lt;/p&gt;
&lt;div class=&quot;preformatted panel&quot; style=&quot;border-width: 1px;&quot;&gt;&lt;div class=&quot;preformattedContent panelContent&quot;&gt;
&lt;pre&gt;TestMinimrCliDriver - did not produce a TEST-*.xml file (likely timed out) (batchId=93)
	[infer_bucket_sort_num_buckets.q,infer_bucket_sort_reducers_power_two.q,parallel_orderby.q,bucket_num_reducers_acid.q,infer_bucket_sort_map_operators.q,infer_bucket_sort_merge.q,root_dir_external_table.q,infer_bucket_sort_dyn_part.q,udf_using.q,bucket_num_reducers_acid2.q]
TestNonCatCallsWithCatalog - did not produce a TEST-*.xml file (likely timed out) (batchId=217)
org.apache.hadoop.hive.cli.TestCliDriver.testCliDriver[llap_smb] (batchId=92)
org.apache.hadoop.hive.cli.TestCliDriver.testCliDriver[parquet_vectorization_0] (batchId=17)
org.apache.hadoop.hive.cli.TestCliDriver.testCliDriver[results_cache_invalidation2] (batchId=39)
org.apache.hadoop.hive.cli.TestCliDriver.testCliDriver[tez_join_hash] (batchId=54)
org.apache.hadoop.hive.cli.TestMiniLlapLocalCliDriver.testCliDriver[results_cache_invalidation2] (batchId=163)
org.apache.hadoop.hive.cli.TestMiniLlapLocalCliDriver.testCliDriver[sysdb] (batchId=163)
org.apache.hadoop.hive.cli.TestMiniLlapLocalCliDriver.testCliDriver[tez_smb_1] (batchId=171)
org.apache.hadoop.hive.cli.TestMiniSparkOnYarnCliDriver.testCliDriver[bucketizedhiveinputformat] (batchId=183)
org.apache.hadoop.hive.cli.TestMiniTezCliDriver.testCliDriver[explainanalyze_5] (batchId=105)
org.apache.hadoop.hive.cli.TestNegativeMinimrCliDriver.testCliDriver[cluster_tasklog_retrieval] (batchId=98)
org.apache.hadoop.hive.cli.TestNegativeMinimrCliDriver.testCliDriver[mapreduce_stack_trace] (batchId=98)
org.apache.hadoop.hive.cli.TestNegativeMinimrCliDriver.testCliDriver[mapreduce_stack_trace_turnoff] (batchId=98)
org.apache.hadoop.hive.cli.TestNegativeMinimrCliDriver.testCliDriver[minimr_broken_pipe] (batchId=98)
org.apache.hadoop.hive.cli.control.TestDanglingQOuts.checkDanglingQOut (batchId=225)
org.apache.hadoop.hive.metastore.client.TestPrimaryKey.addNoSuchTable[Embedded] (batchId=211)
org.apache.hadoop.hive.metastore.client.TestPrimaryKey.createGetDrop2Column[Embedded] (batchId=211)
org.apache.hadoop.hive.metastore.client.TestPrimaryKey.createGetDrop[Embedded] (batchId=211)
org.apache.hadoop.hive.metastore.client.TestPrimaryKey.createTableWithConstraintsPkInOtherCatalog[Embedded] (batchId=211)
org.apache.hadoop.hive.metastore.client.TestPrimaryKey.createTableWithConstraintsPk[Embedded] (batchId=211)
org.apache.hadoop.hive.metastore.client.TestPrimaryKey.doubleAddPrimaryKey[Embedded] (batchId=211)
org.apache.hadoop.hive.metastore.client.TestPrimaryKey.dropNoSuchCatalog[Embedded] (batchId=211)
org.apache.hadoop.hive.metastore.client.TestPrimaryKey.dropNoSuchConstraint[Embedded] (batchId=211)
org.apache.hadoop.hive.metastore.client.TestPrimaryKey.dropNoSuchDatabase[Embedded] (batchId=211)
org.apache.hadoop.hive.metastore.client.TestPrimaryKey.dropNoSuchTable[Embedded] (batchId=211)
org.apache.hadoop.hive.metastore.client.TestPrimaryKey.getNoSuchCatalog[Embedded] (batchId=211)
org.apache.hadoop.hive.metastore.client.TestPrimaryKey.getNoSuchDb[Embedded] (batchId=211)
org.apache.hadoop.hive.metastore.client.TestPrimaryKey.getNoSuchTable[Embedded] (batchId=211)
org.apache.hadoop.hive.metastore.client.TestPrimaryKey.inOtherCatalog[Embedded] (batchId=211)
org.apache.hadoop.hive.ql.TestAcidOnTez.testAcidInsertWithRemoveUnion (batchId=228)
org.apache.hadoop.hive.ql.TestAcidOnTez.testCtasTezUnion (batchId=228)
org.apache.hadoop.hive.ql.TestAcidOnTez.testNonStandardConversion01 (batchId=228)
org.apache.hadoop.hive.ql.TestMTQueries.testMTQueries1 (batchId=232)
org.apache.hadoop.hive.ql.TestTxnCommandsForMmTable.testSnapshotIsolationWithAbortedTxnOnMmTable (batchId=264)
org.apache.hive.beeline.TestBeeLineWithArgs.testQueryProgressParallel (batchId=235)
org.apache.hive.minikdc.TestJdbcWithMiniKdcCookie.testCookieNegative (batchId=254)
&lt;/pre&gt;
&lt;/div&gt;&lt;/div&gt;

&lt;p&gt;Test results: &lt;a href=&quot;https://builds.apache.org/job/PreCommit-HIVE-Build/10352/testReport&quot; class=&quot;external-link&quot; target=&quot;_blank&quot; rel=&quot;nofollow noopener&quot;&gt;https://builds.apache.org/job/PreCommit-HIVE-Build/10352/testReport&lt;/a&gt;&lt;br/&gt;
Console output: &lt;a href=&quot;https://builds.apache.org/job/PreCommit-HIVE-Build/10352/console&quot; class=&quot;external-link&quot; target=&quot;_blank&quot; rel=&quot;nofollow noopener&quot;&gt;https://builds.apache.org/job/PreCommit-HIVE-Build/10352/console&lt;/a&gt;&lt;br/&gt;
Test logs: &lt;a href=&quot;http://104.198.109.242/logs/PreCommit-HIVE-Build-10352/&quot; class=&quot;external-link&quot; target=&quot;_blank&quot; rel=&quot;nofollow noopener&quot;&gt;http://104.198.109.242/logs/PreCommit-HIVE-Build-10352/&lt;/a&gt;&lt;/p&gt;

&lt;p&gt;Messages:&lt;/p&gt;
&lt;div class=&quot;preformatted panel&quot; style=&quot;border-width: 1px;&quot;&gt;&lt;div class=&quot;preformattedContent panelContent&quot;&gt;
&lt;pre&gt;Executing org.apache.hive.ptest.execution.TestCheckPhase
Executing org.apache.hive.ptest.execution.PrepPhase
Executing org.apache.hive.ptest.execution.YetusPhase
Executing org.apache.hive.ptest.execution.ExecutionPhase
Executing org.apache.hive.ptest.execution.ReportingPhase
Tests exited with: TestsFailedException: 37 tests failed
&lt;/pre&gt;
&lt;/div&gt;&lt;/div&gt;

&lt;p&gt;This message is automatically generated.&lt;/p&gt;

&lt;p&gt;ATTACHMENT ID: 12919835 - PreCommit-HIVE-Build&lt;/p&gt;</comment>
                            <comment id="16445190" author="sankarh" created="Fri, 20 Apr 2018 02:48:50 +0000"  >&lt;p&gt;Test failures are locally tested and all passed.&lt;/p&gt;

&lt;p&gt;05.patch is committed to master.&lt;/p&gt;

&lt;p&gt;Thanks for the review &lt;a href=&quot;https://issues.apache.org/jira/secure/ViewProfile.jspa?name=thejas&quot; class=&quot;user-hover&quot; rel=&quot;thejas&quot;&gt;thejas&lt;/a&gt;, &lt;a href=&quot;https://issues.apache.org/jira/secure/ViewProfile.jspa?name=maheshk114&quot; class=&quot;user-hover&quot; rel=&quot;maheshk114&quot;&gt;maheshk114&lt;/a&gt;!&lt;/p&gt;</comment>
                            <comment id="16445204" author="sankarh" created="Fri, 20 Apr 2018 03:00:27 +0000"  >&lt;p&gt;Attached branch-3 version of the patch for ptest.&lt;/p&gt;</comment>
                            <comment id="16446456" author="hiveqa" created="Fri, 20 Apr 2018 22:37:17 +0000"  >&lt;div class=&apos;table-wrap&apos;&gt;
&lt;table class=&apos;confluenceTable&apos;&gt;&lt;tbody&gt;
&lt;tr&gt;
&lt;td class=&apos;confluenceTd&apos;&gt; &lt;img class=&quot;emoticon&quot; src=&quot;https://issues.apache.org/jira/images/icons/emoticons/error.png&quot; height=&quot;16&quot; width=&quot;16&quot; align=&quot;absmiddle&quot; alt=&quot;&quot; border=&quot;0&quot;/&gt; &lt;b&gt;&lt;font color=&quot;red&quot;&gt;-1 overall&lt;/font&gt;&lt;/b&gt; &lt;/td&gt;
&lt;/tr&gt;
&lt;/tbody&gt;&lt;/table&gt;
&lt;/div&gt;

&lt;p&gt;&lt;br class=&quot;atl-forced-newline&quot; /&gt;
&lt;br class=&quot;atl-forced-newline&quot; /&gt;&lt;/p&gt;
&lt;div class=&apos;table-wrap&apos;&gt;
&lt;table class=&apos;confluenceTable&apos;&gt;&lt;tbody&gt;
&lt;tr&gt;
&lt;th class=&apos;confluenceTh&apos;&gt; Vote &lt;/th&gt;
&lt;th class=&apos;confluenceTh&apos;&gt; Subsystem &lt;/th&gt;
&lt;th class=&apos;confluenceTh&apos;&gt; Runtime &lt;/th&gt;
&lt;th class=&apos;confluenceTh&apos;&gt; Comment &lt;/th&gt;
&lt;/tr&gt;
&lt;tr&gt;
&lt;td class=&apos;confluenceTd&apos;&gt; &lt;font color=&quot;red&quot;&gt;-1&lt;/font&gt; &lt;/td&gt;
&lt;td class=&apos;confluenceTd&apos;&gt; &lt;font color=&quot;red&quot;&gt; patch &lt;/font&gt; &lt;/td&gt;
&lt;td class=&apos;confluenceTd&apos;&gt; &lt;font color=&quot;red&quot;&gt;  0m 13s&lt;/font&gt; &lt;/td&gt;
&lt;td class=&apos;confluenceTd&apos;&gt; &lt;font color=&quot;red&quot;&gt; /data/hiveptest/logs/PreCommit-HIVE-Build-10377/patches/PreCommit-HIVE-Build-10377.patch does not apply to master. Rebase required? Wrong Branch? See &lt;a href=&quot;http://cwiki.apache.org/confluence/display/Hive/HowToContribute&quot; class=&quot;external-link&quot; target=&quot;_blank&quot; rel=&quot;nofollow noopener&quot;&gt;http://cwiki.apache.org/confluence/display/Hive/HowToContribute&lt;/a&gt; for help. &lt;/font&gt; &lt;/td&gt;
&lt;/tr&gt;
&lt;/tbody&gt;&lt;/table&gt;
&lt;/div&gt;

&lt;p&gt;&lt;br class=&quot;atl-forced-newline&quot; /&gt;
&lt;br class=&quot;atl-forced-newline&quot; /&gt;&lt;/p&gt;
&lt;div class=&apos;table-wrap&apos;&gt;
&lt;table class=&apos;confluenceTable&apos;&gt;&lt;tbody&gt;
&lt;tr&gt;
&lt;th class=&apos;confluenceTh&apos;&gt; Subsystem &lt;/th&gt;
&lt;th class=&apos;confluenceTh&apos;&gt; Report/Notes &lt;/th&gt;
&lt;/tr&gt;
&lt;tr&gt;
&lt;td class=&apos;confluenceTd&apos;&gt; Console output &lt;/td&gt;
&lt;td class=&apos;confluenceTd&apos;&gt; &lt;a href=&quot;http://104.198.109.242/logs//PreCommit-HIVE-Build-10377/yetus.txt&quot; class=&quot;external-link&quot; target=&quot;_blank&quot; rel=&quot;nofollow noopener&quot;&gt;http://104.198.109.242/logs//PreCommit-HIVE-Build-10377/yetus.txt&lt;/a&gt; &lt;/td&gt;
&lt;/tr&gt;
&lt;tr&gt;
&lt;td class=&apos;confluenceTd&apos;&gt; Powered by &lt;/td&gt;
&lt;td class=&apos;confluenceTd&apos;&gt; Apache Yetus    &lt;a href=&quot;http://yetus.apache.org&quot; class=&quot;external-link&quot; target=&quot;_blank&quot; rel=&quot;nofollow noopener&quot;&gt;http://yetus.apache.org&lt;/a&gt; &lt;/td&gt;
&lt;/tr&gt;
&lt;/tbody&gt;&lt;/table&gt;
&lt;/div&gt;



&lt;p&gt;This message was automatically generated.&lt;/p&gt;
</comment>
                            <comment id="16446522" author="hiveqa" created="Sat, 21 Apr 2018 00:02:43 +0000"  >

&lt;p&gt;Here are the results of testing the latest attachment:&lt;br/&gt;
&lt;a href=&quot;https://issues.apache.org/jira/secure/attachment/12919940/HIVE-19219.01-branch-3.patch&quot; class=&quot;external-link&quot; rel=&quot;nofollow&quot;&gt;https://issues.apache.org/jira/secure/attachment/12919940/HIVE-19219.01-branch-3.patch&lt;/a&gt;&lt;/p&gt;

&lt;p&gt;&lt;font color=&quot;green&quot;&gt;SUCCESS:&lt;/font&gt; +1 due to 1 test(s) being added or modified.&lt;/p&gt;

&lt;p&gt;&lt;font color=&quot;red&quot;&gt;ERROR:&lt;/font&gt; -1 due to 47 failed/errored test(s), 14145 tests executed&lt;br/&gt;
&lt;b&gt;Failed tests:&lt;/b&gt;&lt;/p&gt;
&lt;div class=&quot;preformatted panel&quot; style=&quot;border-width: 1px;&quot;&gt;&lt;div class=&quot;preformattedContent panelContent&quot;&gt;
&lt;pre&gt;TestBeeLineDriver - did not produce a TEST-*.xml file (likely timed out) (batchId=253)
TestDummy - did not produce a TEST-*.xml file (likely timed out) (batchId=253)
TestMiniDruidCliDriver - did not produce a TEST-*.xml file (likely timed out) (batchId=253)
TestMiniDruidKafkaCliDriver - did not produce a TEST-*.xml file (likely timed out) (batchId=253)
TestNonCatCallsWithCatalog - did not produce a TEST-*.xml file (likely timed out) (batchId=217)
TestTezPerfCliDriver - did not produce a TEST-*.xml file (likely timed out) (batchId=253)
org.apache.hadoop.hive.cli.TestCliDriver.testCliDriver[results_cache_invalidation2] (batchId=39)
org.apache.hadoop.hive.cli.TestMiniLlapCliDriver.testCliDriver[llap_smb] (batchId=153)
org.apache.hadoop.hive.cli.TestMiniLlapLocalCliDriver.testCliDriver[results_cache_invalidation2] (batchId=163)
org.apache.hadoop.hive.cli.TestMiniLlapLocalCliDriver.testCliDriver[sysdb] (batchId=163)
org.apache.hadoop.hive.cli.TestMiniLlapLocalCliDriver.testCliDriver[tez_smb_1] (batchId=171)
org.apache.hadoop.hive.cli.TestMiniLlapLocalCliDriver.testCliDriver[tez_smb_main] (batchId=160)
org.apache.hadoop.hive.cli.TestMiniTezCliDriver.testCliDriver[explainanalyze_5] (batchId=105)
org.apache.hadoop.hive.cli.TestNegativeCliDriver.testCliDriver[avro_non_nullable_union] (batchId=96)
org.apache.hadoop.hive.cli.TestNegativeCliDriver.testCliDriver[cachingprintstream] (batchId=95)
org.apache.hadoop.hive.cli.TestNegativeCliDriver.testCliDriver[compute_stats_long] (batchId=96)
org.apache.hadoop.hive.cli.TestNegativeCliDriver.testCliDriver[dyn_part3] (batchId=95)
org.apache.hadoop.hive.cli.TestNegativeCliDriver.testCliDriver[dyn_part_max_per_node] (batchId=95)
org.apache.hadoop.hive.cli.TestNegativeCliDriver.testCliDriver[dynamic_partitions_with_whitelist] (batchId=96)
org.apache.hadoop.hive.cli.TestNegativeCliDriver.testCliDriver[script_broken_pipe2] (batchId=95)
org.apache.hadoop.hive.cli.TestNegativeCliDriver.testCliDriver[script_broken_pipe3] (batchId=96)
org.apache.hadoop.hive.cli.TestNegativeCliDriver.testCliDriver[script_error] (batchId=95)
org.apache.hadoop.hive.cli.TestNegativeCliDriver.testCliDriver[serde_regex2] (batchId=96)
org.apache.hadoop.hive.cli.TestNegativeCliDriver.testCliDriver[stats_aggregator_error_2] (batchId=96)
org.apache.hadoop.hive.cli.TestNegativeCliDriver.testCliDriver[stats_publisher_error_1] (batchId=96)
org.apache.hadoop.hive.cli.TestNegativeCliDriver.testCliDriver[stats_publisher_error_2] (batchId=95)
org.apache.hadoop.hive.cli.TestNegativeCliDriver.testCliDriver[subquery_corr_in_agg] (batchId=96)
org.apache.hadoop.hive.cli.TestNegativeCliDriver.testCliDriver[subquery_in_implicit_gby] (batchId=95)
org.apache.hadoop.hive.cli.TestNegativeCliDriver.testCliDriver[subquery_notin_implicit_gby] (batchId=96)
org.apache.hadoop.hive.cli.TestNegativeCliDriver.testCliDriver[subquery_scalar_corr_multi_rows] (batchId=96)
org.apache.hadoop.hive.cli.TestNegativeCliDriver.testCliDriver[subquery_scalar_multi_rows] (batchId=96)
org.apache.hadoop.hive.cli.TestNegativeCliDriver.testCliDriver[udf_assert_true2] (batchId=96)
org.apache.hadoop.hive.cli.TestNegativeCliDriver.testCliDriver[udf_assert_true] (batchId=96)
org.apache.hadoop.hive.cli.TestNegativeCliDriver.testCliDriver[udf_reflect_neg] (batchId=96)
org.apache.hadoop.hive.cli.TestNegativeCliDriver.testCliDriver[udf_test_error] (batchId=96)
org.apache.hadoop.hive.cli.TestNegativeCliDriver.testCliDriver[udf_test_error_reduce] (batchId=95)
org.apache.hadoop.hive.cli.TestNegativeMinimrCliDriver.testCliDriver[cluster_tasklog_retrieval] (batchId=98)
org.apache.hadoop.hive.cli.TestNegativeMinimrCliDriver.testCliDriver[local_mapred_error_cache] (batchId=98)
org.apache.hadoop.hive.cli.TestNegativeMinimrCliDriver.testCliDriver[mapreduce_stack_trace] (batchId=98)
org.apache.hadoop.hive.cli.TestNegativeMinimrCliDriver.testCliDriver[mapreduce_stack_trace_turnoff] (batchId=98)
org.apache.hadoop.hive.cli.TestNegativeMinimrCliDriver.testCliDriver[minimr_broken_pipe] (batchId=98)
org.apache.hadoop.hive.druid.TestDruidStorageHandler.testCommitMultiInsertOverwriteTable (batchId=261)
org.apache.hadoop.hive.ql.TestAcidOnTez.testAcidInsertWithRemoveUnion (batchId=228)
org.apache.hadoop.hive.ql.TestAcidOnTez.testCtasTezUnion (batchId=228)
org.apache.hadoop.hive.ql.TestAcidOnTez.testGetSplitsLocks (batchId=228)
org.apache.hadoop.hive.ql.TestAcidOnTez.testNonStandardConversion01 (batchId=228)
org.apache.hive.jdbc.TestJdbcWithMiniLlap.testLlapInputFormatEndToEnd (batchId=238)
&lt;/pre&gt;
&lt;/div&gt;&lt;/div&gt;

&lt;p&gt;Test results: &lt;a href=&quot;https://builds.apache.org/job/PreCommit-HIVE-Build/10377/testReport&quot; class=&quot;external-link&quot; target=&quot;_blank&quot; rel=&quot;nofollow noopener&quot;&gt;https://builds.apache.org/job/PreCommit-HIVE-Build/10377/testReport&lt;/a&gt;&lt;br/&gt;
Console output: &lt;a href=&quot;https://builds.apache.org/job/PreCommit-HIVE-Build/10377/console&quot; class=&quot;external-link&quot; target=&quot;_blank&quot; rel=&quot;nofollow noopener&quot;&gt;https://builds.apache.org/job/PreCommit-HIVE-Build/10377/console&lt;/a&gt;&lt;br/&gt;
Test logs: &lt;a href=&quot;http://104.198.109.242/logs/PreCommit-HIVE-Build-10377/&quot; class=&quot;external-link&quot; target=&quot;_blank&quot; rel=&quot;nofollow noopener&quot;&gt;http://104.198.109.242/logs/PreCommit-HIVE-Build-10377/&lt;/a&gt;&lt;/p&gt;

&lt;p&gt;Messages:&lt;/p&gt;
&lt;div class=&quot;preformatted panel&quot; style=&quot;border-width: 1px;&quot;&gt;&lt;div class=&quot;preformattedContent panelContent&quot;&gt;
&lt;pre&gt;Executing org.apache.hive.ptest.execution.TestCheckPhase
Executing org.apache.hive.ptest.execution.PrepPhase
Executing org.apache.hive.ptest.execution.YetusPhase
Executing org.apache.hive.ptest.execution.ExecutionPhase
Executing org.apache.hive.ptest.execution.ReportingPhase
Tests exited with: TestsFailedException: 47 tests failed
&lt;/pre&gt;
&lt;/div&gt;&lt;/div&gt;

&lt;p&gt;This message is automatically generated.&lt;/p&gt;

&lt;p&gt;ATTACHMENT ID: 12919940 - PreCommit-HIVE-Build&lt;/p&gt;</comment>
                            <comment id="16447556" author="sankarh" created="Mon, 23 Apr 2018 04:30:54 +0000"  >&lt;p&gt;Test failures in branch-3 ptest build is irrelevant to the patch.&lt;/p&gt;

&lt;p&gt;Patch 01-branch-3.patch is committed to branch-3.&lt;/p&gt;</comment>
                            <comment id="16447558" author="githubbot" created="Mon, 23 Apr 2018 04:31:32 +0000"  >&lt;p&gt;Github user sankarh closed the pull request at:&lt;/p&gt;

&lt;p&gt;    &lt;a href=&quot;https://github.com/apache/hive/pull/334&quot; class=&quot;external-link&quot; target=&quot;_blank&quot; rel=&quot;nofollow noopener&quot;&gt;https://github.com/apache/hive/pull/334&lt;/a&gt;&lt;/p&gt;</comment>
                            <comment id="16484880" author="ashutoshc" created="Tue, 22 May 2018 23:13:16 +0000"  >&lt;p&gt;This jira is resolved and released with Hive 3.0 If you find an issue with it, please create a new jira.&lt;/p&gt;</comment>
                    </comments>
                    <attachments>
                            <attachment id="12919940" name="HIVE-19219.01-branch-3.patch" size="13745" author="sankarh" created="Fri, 20 Apr 2018 02:59:45 +0000"/>
                            <attachment id="12919243" name="HIVE-19219.01.patch" size="12720" author="sankarh" created="Mon, 16 Apr 2018 16:18:17 +0000"/>
                            <attachment id="12919446" name="HIVE-19219.02.patch" size="8164" author="sankarh" created="Tue, 17 Apr 2018 16:36:11 +0000"/>
                            <attachment id="12919626" name="HIVE-19219.03.patch" size="14926" author="sankarh" created="Wed, 18 Apr 2018 13:45:08 +0000"/>
                            <attachment id="12919806" name="HIVE-19219.04.patch" size="13745" author="sankarh" created="Thu, 19 Apr 2018 12:58:47 +0000"/>
                            <attachment id="12919835" name="HIVE-19219.05.patch" size="13745" author="sankarh" created="Thu, 19 Apr 2018 15:51:13 +0000"/>
                    </attachments>
                <subtasks>
                    </subtasks>
                <customfields>
                                                                            <customfield id="customfield_12310310" key="com.atlassian.jira.toolkit:attachments">
                        <customfieldname>Attachment count</customfieldname>
                        <customfieldvalues>
                            <customfieldvalue>6.0</customfieldvalue>
                        </customfieldvalues>
                    </customfield>
                                                                                                                                                                                                                                                                                                                                                                                                                                                                                                                                                                                                                                                                                                        <customfield id="customfield_12314020" key="com.atlassian.jira.plugins.jira-development-integration-plugin:devsummary">
                        <customfieldname>Development</customfieldname>
                        <customfieldvalues>
                            
                        </customfieldvalues>
                    </customfield>
                                                                                                                        <customfield id="customfield_12313422" key="com.atlassian.jirafisheyeplugin:jobcheckbox">
                        <customfieldname>Enable Automatic Patch Review</customfieldname>
                        <customfieldvalues>
                            <customfieldvalue><![CDATA[false]]></customfieldvalue>

                        </customfieldvalues>
                    </customfield>
                                                                                                                                                                                                                                                                                                                                                                                                                                                                                                                                                                                                                                                <customfield id="customfield_12310420" key="com.pyxis.greenhopper.jira:gh-global-rank">
                        <customfieldname>Global Rank</customfieldname>
                        <customfieldvalues>
                            <customfieldvalue>9223372036854775807</customfieldvalue>
                        </customfieldvalues>
                    </customfield>
                                                                                                                                                                                                                                                                    <customfield id="customfield_12312521" key="com.atlassian.jira.toolkit:LastCommentDate">
                        <customfieldname>Last public comment date</customfieldname>
                        <customfieldvalues>
                            7 years, 26 weeks ago
                        </customfieldvalues>
                    </customfield>
                                                                                                                                                                                                                                                                                                <customfield id="customfield_12311820" key="com.pyxis.greenhopper.jira:gh-lexo-rank">
                        <customfieldname>Rank</customfieldname>
                        <customfieldvalues>
                            <customfieldvalue>0|i3skxj:</customfieldvalue>

                        </customfieldvalues>
                    </customfield>
                                                                <customfield id="customfield_12310920" key="com.pyxis.greenhopper.jira:gh-global-rank">
                        <customfieldname>Rank (Obsolete)</customfieldname>
                        <customfieldvalues>
                            <customfieldvalue>9223372036854775807</customfieldvalue>
                        </customfieldvalues>
                    </customfield>
                                                                                                                                                                                                                                                                                                                                                                                                                                                                                                                                                                                                                    <customfield id="customfield_12310320" key="com.atlassian.jira.plugin.system.customfieldtypes:multiversion">
                        <customfieldname>Target Version/s</customfieldname>
                        <customfieldvalues>
                                <customfieldvalue id="12340268">3.0.0</customfieldvalue>
    
                        </customfieldvalues>
                    </customfield>
                                                                                                                                                                                                                                                                                                </customfields>
    </item>
</channel>
</rss>