<!-- 
RSS generated by JIRA (8.20.10#820010-sha1:ace47f9899e9ee25d7157d59aa17ab06aee30d3d) at Wed Nov 12 19:04:14 UTC 2025

It is possible to restrict the fields that are returned in this document by specifying the 'field' parameter in your request.
For example, to request only the issue key and summary append 'field=key&field=summary' to the URL of your request.
-->
<rss version="0.92" >
<channel>
    <title>ASF Jira</title>
    <link>https://issues.apache.org/jira</link>
    <description>This file is an XML representation of an issue</description>
    <language>en-uk</language>    <build-info>
        <version>8.20.10</version>
        <build-number>820010</build-number>
        <build-date>22-06-2022</build-date>
    </build-info>


<item>
            <title>[HIVE-13745] UDF current_date&#12289;current_timestamp&#12289;unix_timestamp NPE</title>
                <link>https://issues.apache.org/jira/browse/HIVE-13745</link>
                <project id="12310843" key="HIVE">Hive</project>
                    <description>&lt;p&gt;NullPointerException when current_date is used in mapreduce&lt;/p&gt;</description>
                <environment></environment>
        <key id="12968227">HIVE-13745</key>
            <summary>UDF current_date&#12289;current_timestamp&#12289;unix_timestamp NPE</summary>
                <type id="1" iconUrl="https://issues.apache.org/jira/secure/viewavatar?size=xsmall&amp;avatarId=21133&amp;avatarType=issuetype">Bug</type>
                                            <priority id="3" iconUrl="https://issues.apache.org/jira/images/icons/priorities/major.svg">Major</priority>
                        <status id="10002" iconUrl="https://issues.apache.org/jira/images/icons/statuses/document.png" description="A patch for this issue has been uploaded to JIRA by a contributor.">Patch Available</status>
                    <statusCategory id="4" key="indeterminate" colorName="yellow"/>
                                    <resolution id="-1">Unresolved</resolution>
                                        <assignee username="bill">Biao Wu</assignee>
                                    <reporter username="bill">Biao Wu</reporter>
                        <labels>
                            <label>pull-request-available</label>
                    </labels>
                <created>Thu, 12 May 2016 08:13:02 +0000</created>
                <updated>Wed, 24 Jun 2020 00:27:52 +0000</updated>
                                            <version>2.0.0</version>
                                                        <due></due>
                            <votes>0</votes>
                                    <watches>11</watches>
                                                    <progress percentage="100">
                                    <originalProgress>
                                                    <row percentage="0" backgroundColor="#89afd7"/>
                                                    <row percentage="100" backgroundColor="transparent"/>
                                            </originalProgress>
                                                    <currentProgress>
                                                    <row percentage="100" backgroundColor="#51a825"/>
                                                    <row percentage="0" backgroundColor="#ec8e00"/>
                                            </currentProgress>
                            </progress>
                                    <aggregateprogress percentage="100">
                                    <originalProgress>
                                                    <row percentage="0" backgroundColor="#89afd7"/>
                                                    <row percentage="100" backgroundColor="transparent"/>
                                            </originalProgress>
                                                    <currentProgress>
                                                    <row percentage="100" backgroundColor="#51a825"/>
                                                    <row percentage="0" backgroundColor="#ec8e00"/>
                                            </currentProgress>
                            </aggregateprogress>
                                            <timeestimate seconds="0">0h</timeestimate>
                            <timespent seconds="1200">20m</timespent>
                                <comments>
                            <comment id="15283423" author="hiveqa" created="Sat, 14 May 2016 04:46:13 +0000"  >

&lt;p&gt;Here are the results of testing the latest attachment:&lt;br/&gt;
&lt;a href=&quot;https://issues.apache.org/jira/secure/attachment/12803597/HIVE-13745.patch&quot; class=&quot;external-link&quot; rel=&quot;nofollow&quot;&gt;https://issues.apache.org/jira/secure/attachment/12803597/HIVE-13745.patch&lt;/a&gt;&lt;/p&gt;

&lt;p&gt;&lt;font color=&quot;red&quot;&gt;ERROR:&lt;/font&gt; -1 due to build exiting with an error&lt;/p&gt;

&lt;p&gt;Test results: &lt;a href=&quot;http://ec2-54-177-240-2.us-west-1.compute.amazonaws.com/job/PreCommit-HIVE-MASTER-Build/264/testReport&quot; class=&quot;external-link&quot; target=&quot;_blank&quot; rel=&quot;nofollow noopener&quot;&gt;http://ec2-54-177-240-2.us-west-1.compute.amazonaws.com/job/PreCommit-HIVE-MASTER-Build/264/testReport&lt;/a&gt;&lt;br/&gt;
Console output: &lt;a href=&quot;http://ec2-54-177-240-2.us-west-1.compute.amazonaws.com/job/PreCommit-HIVE-MASTER-Build/264/console&quot; class=&quot;external-link&quot; target=&quot;_blank&quot; rel=&quot;nofollow noopener&quot;&gt;http://ec2-54-177-240-2.us-west-1.compute.amazonaws.com/job/PreCommit-HIVE-MASTER-Build/264/console&lt;/a&gt;&lt;br/&gt;
Test logs: &lt;a href=&quot;http://ec2-50-18-27-0.us-west-1.compute.amazonaws.com/logs/PreCommit-HIVE-MASTER-Build-264/&quot; class=&quot;external-link&quot; target=&quot;_blank&quot; rel=&quot;nofollow noopener&quot;&gt;http://ec2-50-18-27-0.us-west-1.compute.amazonaws.com/logs/PreCommit-HIVE-MASTER-Build-264/&lt;/a&gt;&lt;/p&gt;

&lt;p&gt;Messages:&lt;/p&gt;
&lt;div class=&quot;preformatted panel&quot; style=&quot;border-width: 1px;&quot;&gt;&lt;div class=&quot;preformattedContent panelContent&quot;&gt;
&lt;pre&gt;Executing org.apache.hive.ptest.execution.TestCheckPhase
Executing org.apache.hive.ptest.execution.PrepPhase
Tests exited with: NonZeroExitCodeException
Command &apos;bash /data/hive-ptest/working/scratch/source-prep.sh&apos; failed with exit status 1 and output &apos;+ [[ -n /usr/java/jdk1.7.0_45-cloudera ]]
+ export JAVA_HOME=/usr/java/jdk1.7.0_45-cloudera
+ JAVA_HOME=/usr/java/jdk1.7.0_45-cloudera
+ export PATH=/usr/java/jdk1.7.0_45-cloudera/bin/:/usr/java/jdk1.7.0_45-cloudera/bin:/usr/local/apache-maven-3.0.5/bin:/usr/lib64/qt-3.3/bin:/usr/local/apache-maven-3.0.5/bin:/usr/java/jdk1.7.0_45-cloudera/bin:/usr/local/apache-ant-1.9.1/bin:/usr/local/bin:/bin:/usr/bin:/usr/local/sbin:/usr/sbin:/sbin:/home/hiveptest/bin
+ PATH=/usr/java/jdk1.7.0_45-cloudera/bin/:/usr/java/jdk1.7.0_45-cloudera/bin:/usr/local/apache-maven-3.0.5/bin:/usr/lib64/qt-3.3/bin:/usr/local/apache-maven-3.0.5/bin:/usr/java/jdk1.7.0_45-cloudera/bin:/usr/local/apache-ant-1.9.1/bin:/usr/local/bin:/bin:/usr/bin:/usr/local/sbin:/usr/sbin:/sbin:/home/hiveptest/bin
+ export &apos;ANT_OPTS=-Xmx1g -XX:MaxPermSize=256m &apos;
+ ANT_OPTS=&apos;-Xmx1g -XX:MaxPermSize=256m &apos;
+ export &apos;M2_OPTS=-Xmx1g -XX:MaxPermSize=256m -Dhttp.proxyHost=localhost -Dhttp.proxyPort=3128&apos;
+ M2_OPTS=&apos;-Xmx1g -XX:MaxPermSize=256m -Dhttp.proxyHost=localhost -Dhttp.proxyPort=3128&apos;
+ cd /data/hive-ptest/working/
+ tee /data/hive-ptest/logs/PreCommit-HIVE-MASTER-Build-264/source-prep.txt
+ [[ false == \t\r\u\e ]]
+ mkdir -p maven ivy
+ [[ git = \s\v\n ]]
+ [[ git = \g\i\t ]]
+ [[ -z master ]]
+ [[ -d apache-github-source-source ]]
+ [[ ! -d apache-github-source-source/.git ]]
+ [[ ! -d apache-github-source-source ]]
+ cd apache-github-source-source
+ git fetch origin
+ git reset --hard HEAD
HEAD is now at 8f28b45 HIVE-11947: mssql upgrade scripts contains invalid character (Huan Huang, reviewed by Pengcheng Xiong)
+ git clean -f -d
+ git checkout master
Already on &apos;master&apos;
+ git reset --hard origin/master
HEAD is now at 8f28b45 HIVE-11947: mssql upgrade scripts contains invalid character (Huan Huang, reviewed by Pengcheng Xiong)
+ git merge --ff-only origin/master
Already up-to-date.
+ git gc
+ patchCommandPath=/data/hive-ptest/working/scratch/smart-apply-patch.sh
+ patchFilePath=/data/hive-ptest/working/scratch/build.patch
+ [[ -f /data/hive-ptest/working/scratch/build.patch ]]
+ chmod +x /data/hive-ptest/working/scratch/smart-apply-patch.sh
+ /data/hive-ptest/working/scratch/smart-apply-patch.sh /data/hive-ptest/working/scratch/build.patch
The patch does not appear to apply with p0, p1, or p2
+ exit 1
&apos;
&lt;/pre&gt;
&lt;/div&gt;&lt;/div&gt;

&lt;p&gt;This message is automatically generated.&lt;/p&gt;

&lt;p&gt;ATTACHMENT ID: 12803597 - PreCommit-HIVE-MASTER-Build&lt;/p&gt;</comment>
                            <comment id="15283588" author="ashutoshc" created="Sat, 14 May 2016 15:41:22 +0000"  >&lt;p&gt;Can you paste stack trace of error you are getting?&lt;/p&gt;</comment>
                            <comment id="15286059" author="bill" created="Tue, 17 May 2016 05:09:45 +0000"  >&lt;p&gt;2016-05-17 10:54:32,779 FATAL &lt;span class=&quot;error&quot;&gt;&amp;#91;main&amp;#93;&lt;/span&gt; org.apache.hadoop.hive.ql.exec.mr.ExecMapper: org.apache.hadoop.hive.ql.metadata.HiveException: Hive Runtime Error while processing row &lt;/p&gt;
{&quot;time&quot;:&quot;2016-05-17 10:43:54.09&quot;,&quot;offset&quot;:100}
&lt;p&gt;	at org.apache.hadoop.hive.ql.exec.MapOperator.process(MapOperator.java:545)&lt;br/&gt;
	at org.apache.hadoop.hive.ql.exec.mr.ExecMapper.map(ExecMapper.java:163)&lt;br/&gt;
	at org.apache.hadoop.mapred.MapRunner.run(MapRunner.java:54)&lt;br/&gt;
	at org.apache.hadoop.mapred.MapTask.runOldMapper(MapTask.java:453)&lt;br/&gt;
	at org.apache.hadoop.mapred.MapTask.run(MapTask.java:343)&lt;br/&gt;
	at org.apache.hadoop.mapred.YarnChild$2.run(YarnChild.java:164)&lt;br/&gt;
	at java.security.AccessController.doPrivileged(Native Method)&lt;br/&gt;
	at javax.security.auth.Subject.doAs(Subject.java:422)&lt;br/&gt;
	at org.apache.hadoop.security.UserGroupInformation.doAs(UserGroupInformation.java:1657)&lt;br/&gt;
	at org.apache.hadoop.mapred.YarnChild.main(YarnChild.java:158)&lt;br/&gt;
Caused by: java.lang.NullPointerException&lt;br/&gt;
	at org.apache.hadoop.hive.ql.udf.generic.GenericUDFUnixTimeStamp.initializeInput(GenericUDFUnixTimeStamp.java:50)&lt;br/&gt;
	at org.apache.hadoop.hive.ql.udf.generic.GenericUDFToUnixTimeStamp.initialize(GenericUDFToUnixTimeStamp.java:66)&lt;br/&gt;
	at org.apache.hadoop.hive.ql.udf.generic.GenericUDF.initializeAndFoldConstants(GenericUDF.java:139)&lt;br/&gt;
	at org.apache.hadoop.hive.ql.exec.ExprNodeGenericFuncEvaluator.initialize(ExprNodeGenericFuncEvaluator.java:145)&lt;br/&gt;
	at org.apache.hadoop.hive.ql.exec.ExprNodeGenericFuncEvaluator.initialize(ExprNodeGenericFuncEvaluator.java:139)&lt;br/&gt;
	at org.apache.hadoop.hive.ql.exec.ExprNodeGenericFuncEvaluator.initialize(ExprNodeGenericFuncEvaluator.java:139)&lt;br/&gt;
	at org.apache.hadoop.hive.ql.exec.ExprNodeGenericFuncEvaluator.initialize(ExprNodeGenericFuncEvaluator.java:139)&lt;br/&gt;
	at org.apache.hadoop.hive.ql.exec.FilterOperator.process(FilterOperator.java:76)&lt;br/&gt;
	at org.apache.hadoop.hive.ql.exec.Operator.forward(Operator.java:837)&lt;br/&gt;
	at org.apache.hadoop.hive.ql.exec.TableScanOperator.process(TableScanOperator.java:97)&lt;br/&gt;
	at org.apache.hadoop.hive.ql.exec.MapOperator$MapOpCtx.forward(MapOperator.java:164)&lt;br/&gt;
	at org.apache.hadoop.hive.ql.exec.MapOperator.process(MapOperator.java:535)&lt;br/&gt;
	... 9 more&lt;/p&gt;</comment>
                            <comment id="15369895" author="ashutoshc" created="Sun, 10 Jul 2016 18:47:15 +0000"  >&lt;p&gt;&lt;a href=&quot;https://issues.apache.org/jira/secure/ViewProfile.jspa?name=bill&quot; class=&quot;user-hover&quot; rel=&quot;bill&quot;&gt;bill&lt;/a&gt; Instead of storing timestamp in config, I think better approach is to store Timestamp value in constructor  of udfs. That way when its deserialized on backend later we can use value of compile time.&lt;/p&gt;</comment>
                            <comment id="15872047" author="aihuaxu" created="Fri, 17 Feb 2017 16:19:31 +0000"  >&lt;p&gt;&lt;a href=&quot;https://issues.apache.org/jira/secure/ViewProfile.jspa?name=bill&quot; class=&quot;user-hover&quot; rel=&quot;bill&quot;&gt;bill&lt;/a&gt; Can you share the sample query which will cause such failure? &lt;/p&gt;</comment>
                            <comment id="15872079" author="hiveqa" created="Fri, 17 Feb 2017 16:37:05 +0000"  >

&lt;p&gt;Here are the results of testing the latest attachment:&lt;br/&gt;
&lt;a href=&quot;https://issues.apache.org/jira/secure/attachment/12803597/HIVE-13745.patch&quot; class=&quot;external-link&quot; rel=&quot;nofollow&quot;&gt;https://issues.apache.org/jira/secure/attachment/12803597/HIVE-13745.patch&lt;/a&gt;&lt;/p&gt;

&lt;p&gt;&lt;font color=&quot;red&quot;&gt;ERROR:&lt;/font&gt; -1 due to build exiting with an error&lt;/p&gt;

&lt;p&gt;Test results: &lt;a href=&quot;https://builds.apache.org/job/PreCommit-HIVE-Build/3629/testReport&quot; class=&quot;external-link&quot; target=&quot;_blank&quot; rel=&quot;nofollow noopener&quot;&gt;https://builds.apache.org/job/PreCommit-HIVE-Build/3629/testReport&lt;/a&gt;&lt;br/&gt;
Console output: &lt;a href=&quot;https://builds.apache.org/job/PreCommit-HIVE-Build/3629/console&quot; class=&quot;external-link&quot; target=&quot;_blank&quot; rel=&quot;nofollow noopener&quot;&gt;https://builds.apache.org/job/PreCommit-HIVE-Build/3629/console&lt;/a&gt;&lt;br/&gt;
Test logs: &lt;a href=&quot;http://104.198.109.242/logs/PreCommit-HIVE-Build-3629/&quot; class=&quot;external-link&quot; target=&quot;_blank&quot; rel=&quot;nofollow noopener&quot;&gt;http://104.198.109.242/logs/PreCommit-HIVE-Build-3629/&lt;/a&gt;&lt;/p&gt;

&lt;p&gt;Messages:&lt;/p&gt;
&lt;div class=&quot;preformatted panel&quot; style=&quot;border-width: 1px;&quot;&gt;&lt;div class=&quot;preformattedContent panelContent&quot;&gt;
&lt;pre&gt;Executing org.apache.hive.ptest.execution.TestCheckPhase
Executing org.apache.hive.ptest.execution.PrepPhase
Tests exited with: NonZeroExitCodeException
Command &apos;bash /data/hiveptest/working/scratch/source-prep.sh&apos; failed with exit status 1 and output &apos;+ date &apos;+%Y-%m-%d %T.%3N&apos;
2017-02-17 16:37:04.218
+ [[ -n /usr/lib/jvm/java-8-openjdk-amd64 ]]
+ export JAVA_HOME=/usr/lib/jvm/java-8-openjdk-amd64
+ JAVA_HOME=/usr/lib/jvm/java-8-openjdk-amd64
+ export PATH=/usr/lib/jvm/java-8-openjdk-amd64/bin/:/usr/local/bin:/usr/bin:/bin:/usr/local/games:/usr/games
+ PATH=/usr/lib/jvm/java-8-openjdk-amd64/bin/:/usr/local/bin:/usr/bin:/bin:/usr/local/games:/usr/games
+ export &apos;ANT_OPTS=-Xmx1g -XX:MaxPermSize=256m &apos;
+ ANT_OPTS=&apos;-Xmx1g -XX:MaxPermSize=256m &apos;
+ export &apos;MAVEN_OPTS=-Xmx1g &apos;
+ MAVEN_OPTS=&apos;-Xmx1g &apos;
+ cd /data/hiveptest/working/
+ tee /data/hiveptest/logs/PreCommit-HIVE-Build-3629/source-prep.txt
+ [[ false == \t\r\u\e ]]
+ mkdir -p maven ivy
+ [[ git = \s\v\n ]]
+ [[ git = \g\i\t ]]
+ [[ -z master ]]
+ [[ -d apache-github-source-source ]]
+ [[ ! -d apache-github-source-source/.git ]]
+ [[ ! -d apache-github-source-source ]]
+ date &apos;+%Y-%m-%d %T.%3N&apos;
2017-02-17 16:37:04.221
+ cd apache-github-source-source
+ git fetch origin
+ git reset --hard HEAD
HEAD is now at 3485d02 HIVE-15936: ConcurrentModificationException in ATSHook (Daniel Dai, reviewed by Jason Dere)
+ git clean -f -d
+ git checkout master
Already on &apos;master&apos;
Your branch is up-to-date with &apos;origin/master&apos;.
+ git reset --hard origin/master
HEAD is now at 3485d02 HIVE-15936: ConcurrentModificationException in ATSHook (Daniel Dai, reviewed by Jason Dere)
+ git merge --ff-only origin/master
Already up-to-date.
+ date &apos;+%Y-%m-%d %T.%3N&apos;
2017-02-17 16:37:05.308
+ patchCommandPath=/data/hiveptest/working/scratch/smart-apply-patch.sh
+ patchFilePath=/data/hiveptest/working/scratch/build.patch
+ [[ -f /data/hiveptest/working/scratch/build.patch ]]
+ chmod +x /data/hiveptest/working/scratch/smart-apply-patch.sh
+ /data/hiveptest/working/scratch/smart-apply-patch.sh /data/hiveptest/working/scratch/build.patch
error: a/common/src/java/org/apache/hadoop/hive/conf/HiveConf.java: No such file or directory
error: a/ql/src/java/org/apache/hadoop/hive/ql/session/SessionState.java: No such file or directory
error: a/ql/src/java/org/apache/hadoop/hive/ql/udf/generic/GenericUDFCurrentDate.java: No such file or directory
error: a/ql/src/java/org/apache/hadoop/hive/ql/udf/generic/GenericUDFCurrentTimestamp.java: No such file or directory
error: a/ql/src/java/org/apache/hadoop/hive/ql/udf/generic/GenericUDFUnixTimeStamp.java: No such file or directory
The patch does not appear to apply with p0, p1, or p2
+ exit 1
&apos;
&lt;/pre&gt;
&lt;/div&gt;&lt;/div&gt;

&lt;p&gt;This message is automatically generated.&lt;/p&gt;

&lt;p&gt;ATTACHMENT ID: 12803597 - PreCommit-HIVE-Build&lt;/p&gt;</comment>
                            <comment id="16036369" author="thundergun" created="Sun, 4 Jun 2017 19:28:34 +0000"  >&lt;p&gt;&lt;a href=&quot;https://issues.apache.org/jira/secure/ViewProfile.jspa?name=aihuaxu&quot; class=&quot;user-hover&quot; rel=&quot;aihuaxu&quot;&gt;aihuaxu&lt;/a&gt;, &lt;/p&gt;

&lt;p&gt;Was it ever determined as to why SessionState.get() is NULL here?&lt;/p&gt;</comment>
                            <comment id="16036375" author="hiveqa" created="Sun, 4 Jun 2017 19:51:42 +0000"  >

&lt;p&gt;Here are the results of testing the latest attachment:&lt;br/&gt;
&lt;a href=&quot;https://issues.apache.org/jira/secure/attachment/12803597/HIVE-13745.patch&quot; class=&quot;external-link&quot; rel=&quot;nofollow&quot;&gt;https://issues.apache.org/jira/secure/attachment/12803597/HIVE-13745.patch&lt;/a&gt;&lt;/p&gt;

&lt;p&gt;&lt;font color=&quot;red&quot;&gt;ERROR:&lt;/font&gt; -1 due to build exiting with an error&lt;/p&gt;

&lt;p&gt;Test results: &lt;a href=&quot;https://builds.apache.org/job/PreCommit-HIVE-Build/5528/testReport&quot; class=&quot;external-link&quot; target=&quot;_blank&quot; rel=&quot;nofollow noopener&quot;&gt;https://builds.apache.org/job/PreCommit-HIVE-Build/5528/testReport&lt;/a&gt;&lt;br/&gt;
Console output: &lt;a href=&quot;https://builds.apache.org/job/PreCommit-HIVE-Build/5528/console&quot; class=&quot;external-link&quot; target=&quot;_blank&quot; rel=&quot;nofollow noopener&quot;&gt;https://builds.apache.org/job/PreCommit-HIVE-Build/5528/console&lt;/a&gt;&lt;br/&gt;
Test logs: &lt;a href=&quot;http://104.198.109.242/logs/PreCommit-HIVE-Build-5528/&quot; class=&quot;external-link&quot; target=&quot;_blank&quot; rel=&quot;nofollow noopener&quot;&gt;http://104.198.109.242/logs/PreCommit-HIVE-Build-5528/&lt;/a&gt;&lt;/p&gt;

&lt;p&gt;Messages:&lt;/p&gt;
&lt;div class=&quot;preformatted panel&quot; style=&quot;border-width: 1px;&quot;&gt;&lt;div class=&quot;preformattedContent panelContent&quot;&gt;
&lt;pre&gt;Executing org.apache.hive.ptest.execution.TestCheckPhase
Executing org.apache.hive.ptest.execution.PrepPhase
Tests exited with: NonZeroExitCodeException
Command &apos;bash /data/hiveptest/working/scratch/source-prep.sh&apos; failed with exit status 1 and output &apos;+ date &apos;+%Y-%m-%d %T.%3N&apos;
2017-06-04 19:51:37.770
+ [[ -n /usr/lib/jvm/java-8-openjdk-amd64 ]]
+ export JAVA_HOME=/usr/lib/jvm/java-8-openjdk-amd64
+ JAVA_HOME=/usr/lib/jvm/java-8-openjdk-amd64
+ export PATH=/usr/lib/jvm/java-8-openjdk-amd64/bin/:/usr/local/bin:/usr/bin:/bin:/usr/local/games:/usr/games
+ PATH=/usr/lib/jvm/java-8-openjdk-amd64/bin/:/usr/local/bin:/usr/bin:/bin:/usr/local/games:/usr/games
+ export &apos;ANT_OPTS=-Xmx1g -XX:MaxPermSize=256m &apos;
+ ANT_OPTS=&apos;-Xmx1g -XX:MaxPermSize=256m &apos;
+ export &apos;MAVEN_OPTS=-Xmx1g &apos;
+ MAVEN_OPTS=&apos;-Xmx1g &apos;
+ cd /data/hiveptest/working/
+ tee /data/hiveptest/logs/PreCommit-HIVE-Build-5528/source-prep.txt
+ [[ false == \t\r\u\e ]]
+ mkdir -p maven ivy
+ [[ git = \s\v\n ]]
+ [[ git = \g\i\t ]]
+ [[ -z master ]]
+ [[ -d apache-github-source-source ]]
+ [[ ! -d apache-github-source-source/.git ]]
+ [[ ! -d apache-github-source-source ]]
+ date &apos;+%Y-%m-%d %T.%3N&apos;
2017-06-04 19:51:37.773
+ cd apache-github-source-source
+ git fetch origin
+ git reset --hard HEAD
HEAD is now at 04bb1ca HIVE-16809 : Improve filter condition for correlated subqueries (Vineet Garg via Ashutosh Chauhan)
+ git clean -f -d
+ git checkout master
Already on &apos;master&apos;
Your branch is up-to-date with &apos;origin/master&apos;.
+ git reset --hard origin/master
HEAD is now at 04bb1ca HIVE-16809 : Improve filter condition for correlated subqueries (Vineet Garg via Ashutosh Chauhan)
+ git merge --ff-only origin/master
Already up-to-date.
+ date &apos;+%Y-%m-%d %T.%3N&apos;
2017-06-04 19:51:42.271
+ patchCommandPath=/data/hiveptest/working/scratch/smart-apply-patch.sh
+ patchFilePath=/data/hiveptest/working/scratch/build.patch
+ [[ -f /data/hiveptest/working/scratch/build.patch ]]
+ chmod +x /data/hiveptest/working/scratch/smart-apply-patch.sh
+ /data/hiveptest/working/scratch/smart-apply-patch.sh /data/hiveptest/working/scratch/build.patch
error: a/common/src/java/org/apache/hadoop/hive/conf/HiveConf.java: No such file or directory
error: a/ql/src/java/org/apache/hadoop/hive/ql/session/SessionState.java: No such file or directory
error: a/ql/src/java/org/apache/hadoop/hive/ql/udf/generic/GenericUDFCurrentDate.java: No such file or directory
error: a/ql/src/java/org/apache/hadoop/hive/ql/udf/generic/GenericUDFCurrentTimestamp.java: No such file or directory
error: a/ql/src/java/org/apache/hadoop/hive/ql/udf/generic/GenericUDFUnixTimeStamp.java: No such file or directory
The patch does not appear to apply with p0, p1, or p2
+ exit 1
&apos;
&lt;/pre&gt;
&lt;/div&gt;&lt;/div&gt;

&lt;p&gt;This message is automatically generated.&lt;/p&gt;

&lt;p&gt;ATTACHMENT ID: 12803597 - PreCommit-HIVE-Build&lt;/p&gt;</comment>
                            <comment id="16096687" author="aihuaxu" created="Fri, 21 Jul 2017 18:43:47 +0000"  >&lt;p&gt;&lt;a href=&quot;https://issues.apache.org/jira/secure/ViewProfile.jspa?name=thundergun&quot; class=&quot;user-hover&quot; rel=&quot;thundergun&quot;&gt;thundergun&lt;/a&gt; I haven&apos;t really been able to repro for such issue unless there are some specific cases which cause timestamp value not set during compilation time. So don&apos;t really understand the cause yet.&lt;/p&gt;</comment>
                            <comment id="16466327" author="ychena" created="Mon, 7 May 2018 18:57:47 +0000"  >&lt;p&gt;&lt;a href=&quot;https://issues.apache.org/jira/secure/ViewProfile.jspa?name=bill&quot; class=&quot;user-hover&quot; rel=&quot;bill&quot;&gt;bill&lt;/a&gt;, Could you rebase your patch? Thanks&lt;/p&gt;</comment>
                            <comment id="16466979" author="hiveqa" created="Tue, 8 May 2018 07:12:04 +0000"  >

&lt;p&gt;Here are the results of testing the latest attachment:&lt;br/&gt;
&lt;a href=&quot;https://issues.apache.org/jira/secure/attachment/12803597/HIVE-13745.patch&quot; class=&quot;external-link&quot; rel=&quot;nofollow&quot;&gt;https://issues.apache.org/jira/secure/attachment/12803597/HIVE-13745.patch&lt;/a&gt;&lt;/p&gt;

&lt;p&gt;&lt;font color=&quot;red&quot;&gt;ERROR:&lt;/font&gt; -1 due to build exiting with an error&lt;/p&gt;

&lt;p&gt;Test results: &lt;a href=&quot;https://builds.apache.org/job/PreCommit-HIVE-Build/10758/testReport&quot; class=&quot;external-link&quot; target=&quot;_blank&quot; rel=&quot;nofollow noopener&quot;&gt;https://builds.apache.org/job/PreCommit-HIVE-Build/10758/testReport&lt;/a&gt;&lt;br/&gt;
Console output: &lt;a href=&quot;https://builds.apache.org/job/PreCommit-HIVE-Build/10758/console&quot; class=&quot;external-link&quot; target=&quot;_blank&quot; rel=&quot;nofollow noopener&quot;&gt;https://builds.apache.org/job/PreCommit-HIVE-Build/10758/console&lt;/a&gt;&lt;br/&gt;
Test logs: &lt;a href=&quot;http://104.198.109.242/logs/PreCommit-HIVE-Build-10758/&quot; class=&quot;external-link&quot; target=&quot;_blank&quot; rel=&quot;nofollow noopener&quot;&gt;http://104.198.109.242/logs/PreCommit-HIVE-Build-10758/&lt;/a&gt;&lt;/p&gt;

&lt;p&gt;Messages:&lt;/p&gt;
&lt;div class=&quot;preformatted panel&quot; style=&quot;border-width: 1px;&quot;&gt;&lt;div class=&quot;preformattedContent panelContent&quot;&gt;
&lt;pre&gt;Executing org.apache.hive.ptest.execution.TestCheckPhase
Executing org.apache.hive.ptest.execution.PrepPhase
Tests exited with: NonZeroExitCodeException
Command &apos;bash /data/hiveptest/working/scratch/source-prep.sh&apos; failed with exit status 1 and output &apos;+ date &apos;+%Y-%m-%d %T.%3N&apos;
2018-05-08 07:09:50.186
+ [[ -n /usr/lib/jvm/java-8-openjdk-amd64 ]]
+ export JAVA_HOME=/usr/lib/jvm/java-8-openjdk-amd64
+ JAVA_HOME=/usr/lib/jvm/java-8-openjdk-amd64
+ export PATH=/usr/lib/jvm/java-8-openjdk-amd64/bin/:/usr/local/bin:/usr/bin:/bin:/usr/local/games:/usr/games
+ PATH=/usr/lib/jvm/java-8-openjdk-amd64/bin/:/usr/local/bin:/usr/bin:/bin:/usr/local/games:/usr/games
+ export &apos;ANT_OPTS=-Xmx1g -XX:MaxPermSize=256m &apos;
+ ANT_OPTS=&apos;-Xmx1g -XX:MaxPermSize=256m &apos;
+ export &apos;MAVEN_OPTS=-Xmx1g &apos;
+ MAVEN_OPTS=&apos;-Xmx1g &apos;
+ cd /data/hiveptest/working/
+ tee /data/hiveptest/logs/PreCommit-HIVE-Build-10758/source-prep.txt
+ [[ false == \t\r\u\e ]]
+ mkdir -p maven ivy
+ [[ git = \s\v\n ]]
+ [[ git = \g\i\t ]]
+ [[ -z master ]]
+ [[ -d apache-github-source-source ]]
+ [[ ! -d apache-github-source-source/.git ]]
+ [[ ! -d apache-github-source-source ]]
+ date &apos;+%Y-%m-%d %T.%3N&apos;
2018-05-08 07:09:50.190
+ cd apache-github-source-source
+ git fetch origin
From https://github.com/apache/hive
   f83c4db..b0eb415  master     -&amp;gt; origin/master
   41f570a..71be5ac  branch-3   -&amp;gt; origin/branch-3
+ git reset --hard HEAD
HEAD is now at f83c4db HIVE-19173 : Add Storage Handler runtime information as part of DESCRIBE EXTENDED (Nishant Bangarwa via Ashutosh Chauhan)
+ git clean -f -d
+ git checkout master
Already on &apos;master&apos;
Your branch is behind &apos;origin/master&apos; by 2 commits, and can be fast-forwarded.
  (use &quot;git pull&quot; to update your local branch)
+ git reset --hard origin/master
HEAD is now at b0eb415 HIVE-19357: Vectorization: assert_true HiveException erroneously gets suppressed to NULL (Matt McCline, reviewed by Zoltan Haindrich)
+ git merge --ff-only origin/master
Already up-to-date.
+ date &apos;+%Y-%m-%d %T.%3N&apos;
2018-05-08 07:09:56.263
+ rm -rf ../yetus_PreCommit-HIVE-Build-10758
+ mkdir ../yetus_PreCommit-HIVE-Build-10758
+ git gc
+ cp -R . ../yetus_PreCommit-HIVE-Build-10758
+ mkdir /data/hiveptest/logs/PreCommit-HIVE-Build-10758/yetus
+ patchCommandPath=/data/hiveptest/working/scratch/smart-apply-patch.sh
+ patchFilePath=/data/hiveptest/working/scratch/build.patch
+ [[ -f /data/hiveptest/working/scratch/build.patch ]]
+ chmod +x /data/hiveptest/working/scratch/smart-apply-patch.sh
+ /data/hiveptest/working/scratch/smart-apply-patch.sh /data/hiveptest/working/scratch/build.patch
error: a/common/src/java/org/apache/hadoop/hive/conf/HiveConf.java: does not exist in index
error: a/ql/src/java/org/apache/hadoop/hive/ql/session/SessionState.java: does not exist in index
error: a/ql/src/java/org/apache/hadoop/hive/ql/udf/generic/GenericUDFCurrentDate.java: does not exist in index
error: a/ql/src/java/org/apache/hadoop/hive/ql/udf/generic/GenericUDFCurrentTimestamp.java: does not exist in index
error: a/ql/src/java/org/apache/hadoop/hive/ql/udf/generic/GenericUDFUnixTimeStamp.java: does not exist in index
error: patch failed: common/src/java/org/apache/hadoop/hive/conf/HiveConf.java:1126
Falling back to three-way merge...
Applied patch to &apos;common/src/java/org/apache/hadoop/hive/conf/HiveConf.java&apos; with conflicts.
error: patch failed: ql/src/java/org/apache/hadoop/hive/ql/session/SessionState.java:1638
Falling back to three-way merge...
Applied patch to &apos;ql/src/java/org/apache/hadoop/hive/ql/session/SessionState.java&apos; cleanly.
error: patch failed: ql/src/java/org/apache/hadoop/hive/ql/udf/generic/GenericUDFCurrentTimestamp.java:27
Falling back to three-way merge...
Applied patch to &apos;ql/src/java/org/apache/hadoop/hive/ql/udf/generic/GenericUDFCurrentTimestamp.java&apos; with conflicts.
error: patch failed: ql/src/java/org/apache/hadoop/hive/ql/udf/generic/GenericUDFUnixTimeStamp.java:19
Falling back to three-way merge...
Applied patch to &apos;ql/src/java/org/apache/hadoop/hive/ql/udf/generic/GenericUDFUnixTimeStamp.java&apos; with conflicts.
Going to apply patch with: git apply -p1
error: patch failed: common/src/java/org/apache/hadoop/hive/conf/HiveConf.java:1126
Falling back to three-way merge...
Applied patch to &apos;common/src/java/org/apache/hadoop/hive/conf/HiveConf.java&apos; with conflicts.
error: patch failed: ql/src/java/org/apache/hadoop/hive/ql/session/SessionState.java:1638
Falling back to three-way merge...
Applied patch to &apos;ql/src/java/org/apache/hadoop/hive/ql/session/SessionState.java&apos; cleanly.
error: patch failed: ql/src/java/org/apache/hadoop/hive/ql/udf/generic/GenericUDFCurrentTimestamp.java:27
Falling back to three-way merge...
Applied patch to &apos;ql/src/java/org/apache/hadoop/hive/ql/udf/generic/GenericUDFCurrentTimestamp.java&apos; with conflicts.
error: patch failed: ql/src/java/org/apache/hadoop/hive/ql/udf/generic/GenericUDFUnixTimeStamp.java:19
Falling back to three-way merge...
Applied patch to &apos;ql/src/java/org/apache/hadoop/hive/ql/udf/generic/GenericUDFUnixTimeStamp.java&apos; with conflicts.
U common/src/java/org/apache/hadoop/hive/conf/HiveConf.java
U ql/src/java/org/apache/hadoop/hive/ql/udf/generic/GenericUDFCurrentTimestamp.java
U ql/src/java/org/apache/hadoop/hive/ql/udf/generic/GenericUDFUnixTimeStamp.java
+ exit 1
&apos;
&lt;/pre&gt;
&lt;/div&gt;&lt;/div&gt;

&lt;p&gt;This message is automatically generated.&lt;/p&gt;

&lt;p&gt;ATTACHMENT ID: 12803597 - PreCommit-HIVE-Build&lt;/p&gt;</comment>
                            <comment id="16467522" author="ychena" created="Tue, 8 May 2018 14:59:05 +0000"  >&lt;p&gt;Rebase the patch.&lt;/p&gt;</comment>
                            <comment id="16468825" author="hiveqa" created="Wed, 9 May 2018 13:10:43 +0000"  >&lt;div class=&apos;table-wrap&apos;&gt;
&lt;table class=&apos;confluenceTable&apos;&gt;&lt;tbody&gt;
&lt;tr&gt;
&lt;td class=&apos;confluenceTd&apos;&gt; &lt;img class=&quot;emoticon&quot; src=&quot;https://issues.apache.org/jira/images/icons/emoticons/error.png&quot; height=&quot;16&quot; width=&quot;16&quot; align=&quot;absmiddle&quot; alt=&quot;&quot; border=&quot;0&quot;/&gt; &lt;b&gt;&lt;font color=&quot;red&quot;&gt;-1 overall&lt;/font&gt;&lt;/b&gt; &lt;/td&gt;
&lt;/tr&gt;
&lt;/tbody&gt;&lt;/table&gt;
&lt;/div&gt;

&lt;p&gt;&lt;br class=&quot;atl-forced-newline&quot; /&gt;
&lt;br class=&quot;atl-forced-newline&quot; /&gt;&lt;/p&gt;
&lt;div class=&apos;table-wrap&apos;&gt;
&lt;table class=&apos;confluenceTable&apos;&gt;&lt;tbody&gt;
&lt;tr&gt;
&lt;th class=&apos;confluenceTh&apos;&gt; Vote &lt;/th&gt;
&lt;th class=&apos;confluenceTh&apos;&gt; Subsystem &lt;/th&gt;
&lt;th class=&apos;confluenceTh&apos;&gt; Runtime &lt;/th&gt;
&lt;th class=&apos;confluenceTh&apos;&gt; Comment &lt;/th&gt;
&lt;/tr&gt;
&lt;tr&gt;
&lt;th class=&apos;confluenceTh&apos;&gt;&amp;nbsp;&lt;/th&gt;
&lt;th class=&apos;confluenceTh&apos;&gt;&amp;nbsp;&lt;/th&gt;
&lt;th class=&apos;confluenceTh&apos;&gt;&amp;nbsp;&lt;/th&gt;
&lt;th class=&apos;confluenceTh&apos;&gt; &lt;font color=&quot;brown&quot;&gt; Prechecks &lt;/font&gt; &lt;/th&gt;
&lt;/tr&gt;
&lt;tr&gt;
&lt;td class=&apos;confluenceTd&apos;&gt; &lt;font color=&quot;green&quot;&gt;+1&lt;/font&gt; &lt;/td&gt;
&lt;td class=&apos;confluenceTd&apos;&gt; &lt;font color=&quot;green&quot;&gt; @author &lt;/font&gt; &lt;/td&gt;
&lt;td class=&apos;confluenceTd&apos;&gt; &lt;font color=&quot;green&quot;&gt;  0m  0s&lt;/font&gt; &lt;/td&gt;
&lt;td class=&apos;confluenceTd&apos;&gt; &lt;font color=&quot;green&quot;&gt; The patch does not contain any @author tags. &lt;/font&gt; &lt;/td&gt;
&lt;/tr&gt;
&lt;tr&gt;
&lt;th class=&apos;confluenceTh&apos;&gt;&amp;nbsp;&lt;/th&gt;
&lt;th class=&apos;confluenceTh&apos;&gt;&amp;nbsp;&lt;/th&gt;
&lt;th class=&apos;confluenceTh&apos;&gt;&amp;nbsp;&lt;/th&gt;
&lt;th class=&apos;confluenceTh&apos;&gt; &lt;font color=&quot;brown&quot;&gt; master Compile Tests &lt;/font&gt; &lt;/th&gt;
&lt;/tr&gt;
&lt;tr&gt;
&lt;td class=&apos;confluenceTd&apos;&gt; &lt;font color=&quot;blue&quot;&gt;0&lt;/font&gt; &lt;/td&gt;
&lt;td class=&apos;confluenceTd&apos;&gt; &lt;font color=&quot;blue&quot;&gt; mvndep &lt;/font&gt; &lt;/td&gt;
&lt;td class=&apos;confluenceTd&apos;&gt; &lt;font color=&quot;blue&quot;&gt;  0m 47s&lt;/font&gt; &lt;/td&gt;
&lt;td class=&apos;confluenceTd&apos;&gt; &lt;font color=&quot;blue&quot;&gt; Maven dependency ordering for branch &lt;/font&gt; &lt;/td&gt;
&lt;/tr&gt;
&lt;tr&gt;
&lt;td class=&apos;confluenceTd&apos;&gt; &lt;font color=&quot;green&quot;&gt;+1&lt;/font&gt; &lt;/td&gt;
&lt;td class=&apos;confluenceTd&apos;&gt; &lt;font color=&quot;green&quot;&gt; mvninstall &lt;/font&gt; &lt;/td&gt;
&lt;td class=&apos;confluenceTd&apos;&gt; &lt;font color=&quot;green&quot;&gt;  6m 43s&lt;/font&gt; &lt;/td&gt;
&lt;td class=&apos;confluenceTd&apos;&gt; &lt;font color=&quot;green&quot;&gt; master passed &lt;/font&gt; &lt;/td&gt;
&lt;/tr&gt;
&lt;tr&gt;
&lt;td class=&apos;confluenceTd&apos;&gt; &lt;font color=&quot;green&quot;&gt;+1&lt;/font&gt; &lt;/td&gt;
&lt;td class=&apos;confluenceTd&apos;&gt; &lt;font color=&quot;green&quot;&gt; compile &lt;/font&gt; &lt;/td&gt;
&lt;td class=&apos;confluenceTd&apos;&gt; &lt;font color=&quot;green&quot;&gt;  1m 16s&lt;/font&gt; &lt;/td&gt;
&lt;td class=&apos;confluenceTd&apos;&gt; &lt;font color=&quot;green&quot;&gt; master passed &lt;/font&gt; &lt;/td&gt;
&lt;/tr&gt;
&lt;tr&gt;
&lt;td class=&apos;confluenceTd&apos;&gt; &lt;font color=&quot;green&quot;&gt;+1&lt;/font&gt; &lt;/td&gt;
&lt;td class=&apos;confluenceTd&apos;&gt; &lt;font color=&quot;green&quot;&gt; checkstyle &lt;/font&gt; &lt;/td&gt;
&lt;td class=&apos;confluenceTd&apos;&gt; &lt;font color=&quot;green&quot;&gt;  0m 53s&lt;/font&gt; &lt;/td&gt;
&lt;td class=&apos;confluenceTd&apos;&gt; &lt;font color=&quot;green&quot;&gt; master passed &lt;/font&gt; &lt;/td&gt;
&lt;/tr&gt;
&lt;tr&gt;
&lt;td class=&apos;confluenceTd&apos;&gt; &lt;font color=&quot;blue&quot;&gt;0&lt;/font&gt; &lt;/td&gt;
&lt;td class=&apos;confluenceTd&apos;&gt; &lt;font color=&quot;blue&quot;&gt; findbugs &lt;/font&gt; &lt;/td&gt;
&lt;td class=&apos;confluenceTd&apos;&gt; &lt;font color=&quot;blue&quot;&gt;  0m 30s&lt;/font&gt; &lt;/td&gt;
&lt;td class=&apos;confluenceTd&apos;&gt; &lt;font color=&quot;blue&quot;&gt; common in master has 62 extant Findbugs warnings. &lt;/font&gt; &lt;/td&gt;
&lt;/tr&gt;
&lt;tr&gt;
&lt;td class=&apos;confluenceTd&apos;&gt; &lt;font color=&quot;blue&quot;&gt;0&lt;/font&gt; &lt;/td&gt;
&lt;td class=&apos;confluenceTd&apos;&gt; &lt;font color=&quot;blue&quot;&gt; findbugs &lt;/font&gt; &lt;/td&gt;
&lt;td class=&apos;confluenceTd&apos;&gt; &lt;font color=&quot;blue&quot;&gt;  3m 46s&lt;/font&gt; &lt;/td&gt;
&lt;td class=&apos;confluenceTd&apos;&gt; &lt;font color=&quot;blue&quot;&gt; ql in master has 2321 extant Findbugs warnings. &lt;/font&gt; &lt;/td&gt;
&lt;/tr&gt;
&lt;tr&gt;
&lt;td class=&apos;confluenceTd&apos;&gt; &lt;font color=&quot;green&quot;&gt;+1&lt;/font&gt; &lt;/td&gt;
&lt;td class=&apos;confluenceTd&apos;&gt; &lt;font color=&quot;green&quot;&gt; javadoc &lt;/font&gt; &lt;/td&gt;
&lt;td class=&apos;confluenceTd&apos;&gt; &lt;font color=&quot;green&quot;&gt;  1m  5s&lt;/font&gt; &lt;/td&gt;
&lt;td class=&apos;confluenceTd&apos;&gt; &lt;font color=&quot;green&quot;&gt; master passed &lt;/font&gt; &lt;/td&gt;
&lt;/tr&gt;
&lt;tr&gt;
&lt;th class=&apos;confluenceTh&apos;&gt;&amp;nbsp;&lt;/th&gt;
&lt;th class=&apos;confluenceTh&apos;&gt;&amp;nbsp;&lt;/th&gt;
&lt;th class=&apos;confluenceTh&apos;&gt;&amp;nbsp;&lt;/th&gt;
&lt;th class=&apos;confluenceTh&apos;&gt; &lt;font color=&quot;brown&quot;&gt; Patch Compile Tests &lt;/font&gt; &lt;/th&gt;
&lt;/tr&gt;
&lt;tr&gt;
&lt;td class=&apos;confluenceTd&apos;&gt; &lt;font color=&quot;blue&quot;&gt;0&lt;/font&gt; &lt;/td&gt;
&lt;td class=&apos;confluenceTd&apos;&gt; &lt;font color=&quot;blue&quot;&gt; mvndep &lt;/font&gt; &lt;/td&gt;
&lt;td class=&apos;confluenceTd&apos;&gt; &lt;font color=&quot;blue&quot;&gt;  0m  8s&lt;/font&gt; &lt;/td&gt;
&lt;td class=&apos;confluenceTd&apos;&gt; &lt;font color=&quot;blue&quot;&gt; Maven dependency ordering for patch &lt;/font&gt; &lt;/td&gt;
&lt;/tr&gt;
&lt;tr&gt;
&lt;td class=&apos;confluenceTd&apos;&gt; &lt;font color=&quot;green&quot;&gt;+1&lt;/font&gt; &lt;/td&gt;
&lt;td class=&apos;confluenceTd&apos;&gt; &lt;font color=&quot;green&quot;&gt; mvninstall &lt;/font&gt; &lt;/td&gt;
&lt;td class=&apos;confluenceTd&apos;&gt; &lt;font color=&quot;green&quot;&gt;  1m 33s&lt;/font&gt; &lt;/td&gt;
&lt;td class=&apos;confluenceTd&apos;&gt; &lt;font color=&quot;green&quot;&gt; the patch passed &lt;/font&gt; &lt;/td&gt;
&lt;/tr&gt;
&lt;tr&gt;
&lt;td class=&apos;confluenceTd&apos;&gt; &lt;font color=&quot;green&quot;&gt;+1&lt;/font&gt; &lt;/td&gt;
&lt;td class=&apos;confluenceTd&apos;&gt; &lt;font color=&quot;green&quot;&gt; compile &lt;/font&gt; &lt;/td&gt;
&lt;td class=&apos;confluenceTd&apos;&gt; &lt;font color=&quot;green&quot;&gt;  1m 14s&lt;/font&gt; &lt;/td&gt;
&lt;td class=&apos;confluenceTd&apos;&gt; &lt;font color=&quot;green&quot;&gt; the patch passed &lt;/font&gt; &lt;/td&gt;
&lt;/tr&gt;
&lt;tr&gt;
&lt;td class=&apos;confluenceTd&apos;&gt; &lt;font color=&quot;green&quot;&gt;+1&lt;/font&gt; &lt;/td&gt;
&lt;td class=&apos;confluenceTd&apos;&gt; &lt;font color=&quot;green&quot;&gt; javac &lt;/font&gt; &lt;/td&gt;
&lt;td class=&apos;confluenceTd&apos;&gt; &lt;font color=&quot;green&quot;&gt;  1m 14s&lt;/font&gt; &lt;/td&gt;
&lt;td class=&apos;confluenceTd&apos;&gt; &lt;font color=&quot;green&quot;&gt; the patch passed &lt;/font&gt; &lt;/td&gt;
&lt;/tr&gt;
&lt;tr&gt;
&lt;td class=&apos;confluenceTd&apos;&gt; &lt;font color=&quot;green&quot;&gt;+1&lt;/font&gt; &lt;/td&gt;
&lt;td class=&apos;confluenceTd&apos;&gt; &lt;font color=&quot;green&quot;&gt; checkstyle &lt;/font&gt; &lt;/td&gt;
&lt;td class=&apos;confluenceTd&apos;&gt; &lt;font color=&quot;green&quot;&gt;  0m 51s&lt;/font&gt; &lt;/td&gt;
&lt;td class=&apos;confluenceTd&apos;&gt; &lt;font color=&quot;green&quot;&gt; the patch passed &lt;/font&gt; &lt;/td&gt;
&lt;/tr&gt;
&lt;tr&gt;
&lt;td class=&apos;confluenceTd&apos;&gt; &lt;font color=&quot;green&quot;&gt;+1&lt;/font&gt; &lt;/td&gt;
&lt;td class=&apos;confluenceTd&apos;&gt; &lt;font color=&quot;green&quot;&gt; whitespace &lt;/font&gt; &lt;/td&gt;
&lt;td class=&apos;confluenceTd&apos;&gt; &lt;font color=&quot;green&quot;&gt;  0m  0s&lt;/font&gt; &lt;/td&gt;
&lt;td class=&apos;confluenceTd&apos;&gt; &lt;font color=&quot;green&quot;&gt; The patch has no whitespace issues. &lt;/font&gt; &lt;/td&gt;
&lt;/tr&gt;
&lt;tr&gt;
&lt;td class=&apos;confluenceTd&apos;&gt; &lt;font color=&quot;green&quot;&gt;+1&lt;/font&gt; &lt;/td&gt;
&lt;td class=&apos;confluenceTd&apos;&gt; &lt;font color=&quot;green&quot;&gt; findbugs &lt;/font&gt; &lt;/td&gt;
&lt;td class=&apos;confluenceTd&apos;&gt; &lt;font color=&quot;green&quot;&gt;  4m 38s&lt;/font&gt; &lt;/td&gt;
&lt;td class=&apos;confluenceTd&apos;&gt; &lt;font color=&quot;green&quot;&gt; the patch passed &lt;/font&gt; &lt;/td&gt;
&lt;/tr&gt;
&lt;tr&gt;
&lt;td class=&apos;confluenceTd&apos;&gt; &lt;font color=&quot;green&quot;&gt;+1&lt;/font&gt; &lt;/td&gt;
&lt;td class=&apos;confluenceTd&apos;&gt; &lt;font color=&quot;green&quot;&gt; javadoc &lt;/font&gt; &lt;/td&gt;
&lt;td class=&apos;confluenceTd&apos;&gt; &lt;font color=&quot;green&quot;&gt;  1m  9s&lt;/font&gt; &lt;/td&gt;
&lt;td class=&apos;confluenceTd&apos;&gt; &lt;font color=&quot;green&quot;&gt; the patch passed &lt;/font&gt; &lt;/td&gt;
&lt;/tr&gt;
&lt;tr&gt;
&lt;th class=&apos;confluenceTh&apos;&gt;&amp;nbsp;&lt;/th&gt;
&lt;th class=&apos;confluenceTh&apos;&gt;&amp;nbsp;&lt;/th&gt;
&lt;th class=&apos;confluenceTh&apos;&gt;&amp;nbsp;&lt;/th&gt;
&lt;th class=&apos;confluenceTh&apos;&gt; &lt;font color=&quot;brown&quot;&gt; Other Tests &lt;/font&gt; &lt;/th&gt;
&lt;/tr&gt;
&lt;tr&gt;
&lt;td class=&apos;confluenceTd&apos;&gt; &lt;font color=&quot;red&quot;&gt;-1&lt;/font&gt; &lt;/td&gt;
&lt;td class=&apos;confluenceTd&apos;&gt; &lt;font color=&quot;red&quot;&gt; asflicense &lt;/font&gt; &lt;/td&gt;
&lt;td class=&apos;confluenceTd&apos;&gt; &lt;font color=&quot;red&quot;&gt;  0m 13s&lt;/font&gt; &lt;/td&gt;
&lt;td class=&apos;confluenceTd&apos;&gt; &lt;font color=&quot;red&quot;&gt; The patch generated 1 ASF License warnings. &lt;/font&gt; &lt;/td&gt;
&lt;/tr&gt;
&lt;tr&gt;
&lt;td class=&apos;confluenceTd&apos;&gt; &lt;font color=&quot;black&quot;&gt;&lt;/font&gt; &lt;/td&gt;
&lt;td class=&apos;confluenceTd&apos;&gt; &lt;font color=&quot;black&quot;&gt; &lt;/font&gt; &lt;/td&gt;
&lt;td class=&apos;confluenceTd&apos;&gt; &lt;font color=&quot;black&quot;&gt; 25m 27s&lt;/font&gt; &lt;/td&gt;
&lt;td class=&apos;confluenceTd&apos;&gt; &lt;font color=&quot;black&quot;&gt; &lt;/font&gt; &lt;/td&gt;
&lt;/tr&gt;
&lt;/tbody&gt;&lt;/table&gt;
&lt;/div&gt;

&lt;p&gt;&lt;br class=&quot;atl-forced-newline&quot; /&gt;
&lt;br class=&quot;atl-forced-newline&quot; /&gt;&lt;/p&gt;
&lt;div class=&apos;table-wrap&apos;&gt;
&lt;table class=&apos;confluenceTable&apos;&gt;&lt;tbody&gt;
&lt;tr&gt;
&lt;th class=&apos;confluenceTh&apos;&gt; Subsystem &lt;/th&gt;
&lt;th class=&apos;confluenceTh&apos;&gt; Report/Notes &lt;/th&gt;
&lt;/tr&gt;
&lt;tr&gt;
&lt;td class=&apos;confluenceTd&apos;&gt; Optional Tests &lt;/td&gt;
&lt;td class=&apos;confluenceTd&apos;&gt;  asflicense  javac  javadoc  findbugs  checkstyle  compile  &lt;/td&gt;
&lt;/tr&gt;
&lt;tr&gt;
&lt;td class=&apos;confluenceTd&apos;&gt; uname &lt;/td&gt;
&lt;td class=&apos;confluenceTd&apos;&gt; Linux hiveptest-server-upstream 3.16.0-4-amd64 #1 SMP Debian 3.16.36-1+deb8u1 (2016-09-03) x86_64 GNU/Linux &lt;/td&gt;
&lt;/tr&gt;
&lt;tr&gt;
&lt;td class=&apos;confluenceTd&apos;&gt; Build tool &lt;/td&gt;
&lt;td class=&apos;confluenceTd&apos;&gt; maven &lt;/td&gt;
&lt;/tr&gt;
&lt;tr&gt;
&lt;td class=&apos;confluenceTd&apos;&gt; Personality &lt;/td&gt;
&lt;td class=&apos;confluenceTd&apos;&gt; /data/hiveptest/working/yetus_PreCommit-HIVE-Build-10781/dev-support/hive-personality.sh &lt;/td&gt;
&lt;/tr&gt;
&lt;tr&gt;
&lt;td class=&apos;confluenceTd&apos;&gt; git revision &lt;/td&gt;
&lt;td class=&apos;confluenceTd&apos;&gt; master / 99a2b8b &lt;/td&gt;
&lt;/tr&gt;
&lt;tr&gt;
&lt;td class=&apos;confluenceTd&apos;&gt; Default Java &lt;/td&gt;
&lt;td class=&apos;confluenceTd&apos;&gt; 1.8.0_111 &lt;/td&gt;
&lt;/tr&gt;
&lt;tr&gt;
&lt;td class=&apos;confluenceTd&apos;&gt; findbugs &lt;/td&gt;
&lt;td class=&apos;confluenceTd&apos;&gt; v3.0.0 &lt;/td&gt;
&lt;/tr&gt;
&lt;tr&gt;
&lt;td class=&apos;confluenceTd&apos;&gt; asflicense &lt;/td&gt;
&lt;td class=&apos;confluenceTd&apos;&gt; &lt;a href=&quot;http://104.198.109.242/logs//PreCommit-HIVE-Build-10781/yetus/patch-asflicense-problems.txt&quot; class=&quot;external-link&quot; target=&quot;_blank&quot; rel=&quot;nofollow noopener&quot;&gt;http://104.198.109.242/logs//PreCommit-HIVE-Build-10781/yetus/patch-asflicense-problems.txt&lt;/a&gt; &lt;/td&gt;
&lt;/tr&gt;
&lt;tr&gt;
&lt;td class=&apos;confluenceTd&apos;&gt; modules &lt;/td&gt;
&lt;td class=&apos;confluenceTd&apos;&gt; C: common ql U: . &lt;/td&gt;
&lt;/tr&gt;
&lt;tr&gt;
&lt;td class=&apos;confluenceTd&apos;&gt; Console output &lt;/td&gt;
&lt;td class=&apos;confluenceTd&apos;&gt; &lt;a href=&quot;http://104.198.109.242/logs//PreCommit-HIVE-Build-10781/yetus.txt&quot; class=&quot;external-link&quot; target=&quot;_blank&quot; rel=&quot;nofollow noopener&quot;&gt;http://104.198.109.242/logs//PreCommit-HIVE-Build-10781/yetus.txt&lt;/a&gt; &lt;/td&gt;
&lt;/tr&gt;
&lt;tr&gt;
&lt;td class=&apos;confluenceTd&apos;&gt; Powered by &lt;/td&gt;
&lt;td class=&apos;confluenceTd&apos;&gt; Apache Yetus    &lt;a href=&quot;http://yetus.apache.org&quot; class=&quot;external-link&quot; target=&quot;_blank&quot; rel=&quot;nofollow noopener&quot;&gt;http://yetus.apache.org&lt;/a&gt; &lt;/td&gt;
&lt;/tr&gt;
&lt;/tbody&gt;&lt;/table&gt;
&lt;/div&gt;



&lt;p&gt;This message was automatically generated.&lt;/p&gt;
</comment>
                            <comment id="16468888" author="hiveqa" created="Wed, 9 May 2018 14:08:06 +0000"  >

&lt;p&gt;Here are the results of testing the latest attachment:&lt;br/&gt;
&lt;a href=&quot;https://issues.apache.org/jira/secure/attachment/12922471/HIVE-13745.1.patch&quot; class=&quot;external-link&quot; rel=&quot;nofollow&quot;&gt;https://issues.apache.org/jira/secure/attachment/12922471/HIVE-13745.1.patch&lt;/a&gt;&lt;/p&gt;

&lt;p&gt;&lt;font color=&quot;red&quot;&gt;ERROR:&lt;/font&gt; -1 due to no test(s) being added or modified.&lt;/p&gt;

&lt;p&gt;&lt;font color=&quot;red&quot;&gt;ERROR:&lt;/font&gt; -1 due to 43 failed/errored test(s), 13543 tests executed&lt;br/&gt;
&lt;b&gt;Failed tests:&lt;/b&gt;&lt;/p&gt;
&lt;div class=&quot;preformatted panel&quot; style=&quot;border-width: 1px;&quot;&gt;&lt;div class=&quot;preformattedContent panelContent&quot;&gt;
&lt;pre&gt;TestDbNotificationListener - did not produce a TEST-*.xml file (likely timed out) (batchId=247)
TestHCatHiveCompatibility - did not produce a TEST-*.xml file (likely timed out) (batchId=247)
TestNegativeCliDriver - did not produce a TEST-*.xml file (likely timed out) (batchId=95)
	[nopart_insert.q,insert_into_with_schema.q,input41.q,having1.q,create_table_failure3.q,default_constraint_invalid_default_value.q,database_drop_not_empty_restrict.q,windowing_after_orderby.q,orderbysortby.q,subquery_select_distinct2.q,authorization_uri_alterpart_loc.q,udf_last_day_error_1.q,constraint_duplicate_name.q,create_table_failure4.q,alter_tableprops_external_with_notnull_constraint.q,semijoin5.q,udf_format_number_wrong4.q,deletejar.q,exim_11_nonpart_noncompat_sorting.q,show_tables_bad_db2.q,drop_func_nonexistent.q,alter_table_non_partitioned_table_cascade.q,check_constraint_subquery.q,load_wrong_fileformat.q,check_constraint_udtf.q,lockneg_try_db_lock_conflict.q,udf_field_wrong_args_len.q,create_table_failure2.q,create_with_fk_constraints_enforced.q,groupby2_map_skew_multi_distinct.q,mm_update.q,authorization_update_noupdatepriv.q,show_columns2.q,authorization_insert_noselectpriv.q,orc_replace_columns3_acid.q,compare_double_bigint.q,authorization_set_nonexistent_conf.q,alter_rename_partition_failure3.q,split_sample_wrong_format2.q,create_with_fk_pk_same_tab.q,compare_double_bigint_2.q,authorization_show_roles_no_admin.q,materialized_view_authorization_rebuild_no_grant.q,unionLimit.q,authorization_revoke_table_fail2.q,duplicate_insert3.q,authorization_desc_table_nosel.q,stats_noscan_non_native.q,orc_change_serde_acid.q,create_or_replace_view7.q,exim_07_nonpart_noncompat_ifof.q,create_with_unique_constraints_enforced.q,udf_concat_ws_wrong2.q,fileformat_bad_class.q,merge_negative_2.q,exim_15_part_nonpart.q,authorization_not_owner_drop_view.q,external1.q,authorization_uri_insert.q,create_with_fk_wrong_ref.q,columnstats_tbllvl_incorrect_column.q,authorization_show_parts_nosel.q,authorization_not_owner_drop_tab.q,external2.q,authorization_deletejar.q,temp_table_create_like_partitions.q,udf_greatest_error_1.q,ptf_negative_AggrFuncsWithNoGBYNoPartDef.q,alter_view_as_select_not_exist.q,touch1.q,groupby3_map_skew_multi_distinct.q,insert_into_notnull_constraint.q,exchange_partition_neg_partition_missing.q,groupby_cube_multi_gby.q,columnstats_tbllvl.q,drop_invalid_constraint2.q,alter_table_add_partition.q,update_not_acid.q,archive5.q,alter_table_constraint_invalid_pk_col.q,ivyDownload.q,udf_instr_wrong_type.q,bad_sample_clause.q,authorization_not_owner_drop_tab2.q,authorization_alter_db_owner.q,show_columns1.q,orc_type_promotion3.q,create_view_failure8.q,strict_join.q,udf_add_months_error_1.q,groupby_cube2.q,groupby_cube1.q,groupby_rollup1.q,genericFileFormat.q,invalid_cast_from_binary_4.q,drop_invalid_constraint1.q,serde_regex.q,show_partitions1.q,check_constraint_nonboolean_expr.q,invalid_cast_from_binary_6.q,create_with_multi_pk_constraint.q,udf_field_wrong_type.q,groupby_grouping_sets4.q,groupby_grouping_sets3.q,insertsel_fail.q,udf_locate_wrong_type.q,orc_type_promotion1_acid.q,set_table_property.q,create_or_replace_view2.q,groupby_grouping_sets2.q,alter_view_failure.q,distinct_windowing_failure1.q,invalid_t_alter2.q,alter_table_constraint_invalid_fk_col1.q,invalid_varchar_length_2.q,authorization_show_grant_otheruser_alltabs.q,subquery_windowing_corr.q,compact_non_acid_table.q,authorization_view_4.q,authorization_disallow_transform.q,materialized_view_authorization_rebuild_other.q,authorization_fail_4.q,dbtxnmgr_nodblock.q,set_hiveconf_internal_variable1.q,input_part0_neg.q,udf_printf_wrong3.q,load_orc_negative2.q,druid_buckets.q,archive2.q,authorization_addjar.q,invalid_sum_syntax.q,insert_into_with_schema1.q,udf_add_months_error_2.q,dyn_part_max_per_node.q,authorization_revoke_table_fail1.q,udf_printf_wrong2.q,archive_multi3.q,udf_printf_wrong1.q,subquery_subquery_chain.q,authorization_view_disable_cbo_4.q,no_matching_udf.q,create_view_failure7.q,drop_native_udf.q,truncate_column_list_bucketing.q,authorization_uri_add_partition.q,authorization_view_disable_cbo_3.q,bad_exec_hooks.q,authorization_view_disable_cbo_2.q,fetchtask_ioexception.q,char_pad_convert_fail2.q,authorization_set_role_neg1.q,serde_regex3.q,authorization_delete_nodeletepriv.q,materialized_view_delete.q,create_or_replace_view6.q,bucket_mapjoin_wrong_table_metadata_2.q,udf_sort_array_by_wrong2.q,local_mapred_error_cache.q,alter_external_acid.q,mm_concatenate.q,authorization_fail_3.q,set_hiveconf_internal_variable0.q,udf_last_day_error_2.q,alter_table_constraint_invalid_ref.q,create_table_wrong_regex.q,describe_xpath4.q,join32.q,insert_sorted.q,describe_xpath2.q,authorization_role_grant_otheruser.q,masking_acid_merge.q,authorization_ctas.q,authorization_fail_5.q,alter_view_failure9.q,insert_into_acid_notnull.q,illegal_partition_type3.q,alter_table_constraint_invalid_pk_tbl.q,authorization_uri_import.q,database_drop_does_not_exist.q,date_literal3.q,archive_multi4.q,date_literal2.q,gby_star2.q,authorization_table_grant_nosuchrole.q,insert_into_with_schema2.q,join_cond_unqual_ambiguous_vc.q,archive_multi2.q,analyze1.q,invalid_distinct3.q,fs_default_name1.q,subquery_in_on.q,show_columns3.q,column_rename1.q,authorization_view_1.q,ptf_negative_JoinWithAmbigousAlias.q,groupby_rollup3.q,truncate_table_failure6.q,groupby_cube3.q,invalid_create_tbl1.q,illegal_partition_type.q,cachingprintstream.q,create_function_nonudf_class.q,exchange_partition_neg_table_missing2.q,dbtxnmgr_notablelock.q,create_view_failure1.q,create_view_failure2.q,alter_view_failure8.q,check_constraint_window_fun.q,update_notnull_constraint.q,authorization_drop_db_cascade.q,archive_partspec3.q,truncate_partition_column.q,alter_partition_partial_spec_dyndisabled.q,udf_format_number_wrong2.q,column_rename5.q,authorization_import.q,authorization_fail_2.q,script_error.q,archive_partspec5.q,script_broken_pipe2.q,update_no_such_table.q,exim_09_nonpart_noncompat_serdeparam.q,invalid_cast_from_binary_1.q,archive_partspec1.q,unionDistributeBy.q,drop_function_failure.q,authorization_priv_current_role_neg.q,archive_insert1.q,authorization_addpartition.q,archive_multi6.q,exim_05_nonpart_noncompat_coltype.q,druid_case.q,invalid_cast_to_binary_5.q,orderby_invalid_position.q,materialized_view_authorization_create_no_select_perm.q,exchange_partition_neg_with_fullacid_table.q,druid_address.q,delete_not_acid.q,temp_table_partitions.q,constraint_invalide_name.q,authorization_uri_load_data.q,udf_locate_wrong_args_len.q,duplicate_insert1.q,duplicate_insert2.q,udf_sort_array_by_wrong3.q,stats_publisher_error_2.q,show_tableproperties1.q,invalid_cast_to_binary_2.q,authorization_drop_admin_role.q,lockneg1.q,exim_16_part_noncompat_schema.q,database_switch_does_not_exist.q,ctas.q,exim_10_nonpart_noncompat_bucketing.q,unionOrderBy.q,addpart1.q,ptf_negative_NoWindowDefn.q,authorization_set_invalidconf.q,udtf_explode_not_supported3.q,ptf_negative_AmbiguousWindowDefn.q,create_external_with_check_constraint.q,udtf_invalid_place.q,join_cond_unqual_ambiguous.q,udf_format_number_wrong1.q,authorization_view_disable_cbo_6.q,exim_25_import_nonexist_authfail.q,authorization_role_cycles1.q,invalid_char_length_3.q,groupby_struct.q,join_alt_syntax_comma_on.q,exchange_partition_neg_incomplete_partition.q,udf_test_error_reduce.q,load_wrong_noof_part.q,authorization_export_ptn.q,drop_partition_failure.q,subquery_in_implicit_gby.q,udf_map_values_arg_num.q,udf_elt_wrong_args_len.q,alter_table_wrong_location.q,archive_insert4.q,authorization_grant_table_fail_nogrant.q,authorization_create_func1.q,dyn_part3.q,cte_with_in_subquery.q,drop_table_used_by_mv.q,column_change_skewedcol_type1.q,materialized_view_drop.q,selectDistinctStarNeg_2.q,exchange_partition_neg_with_mm_table.q,invalid_std_syntax.q,unset_view_property.q,authorization_view_3.q,subquery_exists_implicit_gby.q,authorization_set_role_neg2.q,authorization_grant_group.q,invalid_min_syntax.q,semijoin3.q,truncate_nonexistant_column.q,exchange_partition_neg_table_missing.q,gby_star.q,truncate_partition_column2.q,insertover_dynapart_ifnotexists.q,unionClusterBy.q,udf_qualified_name.q,udaf_invalid_place.q,spark_job_max_tasks.q,authorization_cannot_create_default_role.q,nonkey_groupby.q,spark_stage_max_tasks.q,ptf_negative_HavingLeadWithNoGBYNoWindowing.q,alter_view_as_select_with_partition.q,load_exist_part_authfail.q,archive_multi7.q,authorization_create_func2.q,authorization_grant_uri.q,line_terminator.q,load_view_failure.q,groupby_grouping_sets8.q,invalid_cast_from_binary_3.q,exim_21_part_managed_external.q,insert_into4.q,database_create_invalid_name.q,groupby_grouping_sets7.q,subq_insert.q,dyn_part2.q,alter_external_with_notnull_constraint.q,exchange_partition.q,lateral_view_join.q,allow_change_col_type_par_neg.q,create_function_nonexistent_db.q,create_function_nonexistent_class.q,authorization_not_owner_alter_tab_rename.q,strict_pruning.q,subquery_notexists_implicit_gby.q,orc_reorder_columns1.q,columnstats_partlvl_invalid_values.q,orc_reorder_columns2.q,authorization_dfs.q,udf_format_number_wrong7.q,exim_17_part_spec_underspec.q,druid_partitions.q,authorization_drop_role_no_admin.q,windowing_ll_no_over.q,subquery_corr_from.q,desc_failure2.q,load_non_native.q,windowing_ll_no_neg.q,authorization_role_grant2.q,lockneg4.q,lockneg3.q,drop_table_failure2.q,temp_table_authorize_create_tbl.q,dyn_part_max.q,orc_reorder_columns2_acid.q,change_hive_local_session_path.q,insert_into5.q,insert_into1.q,insert_into3.q,udf_in_2.q,udtf_explode_not_supported2.q,sample.q,udtf_explode_not_supported1.q,authorization_droppartition.q,orc_type_promotion2_acid.q,materialized_view_load.q,right_side_join.q,authorization_fail_1.q,authorization_cannot_create_all_role.q,invalid_max_syntax.q,udf_array_contains_wrong1.q,authorization_cannot_create_none_role.q,subquery_in_lhs.q,orc_replace_columns3.q,udf_size_wrong_args_len.q,create_skewed_table_dup_col_name.q,authorization_fail_7.q,authorization_invalid_priv_v1.q,invalidate_view1.q,union22.q,subquery_scalar_multi_columns.q,disallow_incompatible_type_change_on1.q,semijoin1.q,create_skewed_table_failure_invalid_col_name.q,udf_when_type_wrong.q,timestamp_literal.q,create_external_with_default_constraint.q,truncate_table_failure4.q,masking_acid_delete.q,check_constraint_violation.q,uniquejoin2.q,authorization_grant_table_dup.q,invalid_tbl_name.q,authorization_createview.q,alter_external_with_default_constraint.q,truncate_table_failure1.q,alter_partition_coltype_invalidtype.q,show_tablestatus_not_existing_part.q,authorization_msck.q,truncate_table_failure2.q,joinneg.q]
TestNegativeCliDriver - did not produce a TEST-*.xml file (likely timed out) (batchId=96)
	[udf_invalid.q,authorization_uri_export.q,default_constraint_complex_default_value.q,druid_datasource2.q,check_constraint_max_length.q,view_update.q,default_partition_name.q,authorization_public_create.q,load_wrong_fileformat_rc_seq.q,default_constraint_invalid_type.q,altern1.q,describe_xpath1.q,drop_view_failure2.q,temp_table_rename.q,invalid_select_column_with_subquery.q,udf_trunc_error1.q,insert_view_failure.q,dbtxnmgr_nodbunlock.q,authorization_show_columns.q,cte_recursion.q,merge_constraint_notnull.q,clusterbyorderby.q,orc_type_promotion2.q,ctas_noperm_loc.q,udf_min.q,udf_instr_wrong_args_len.q,invalid_create_tbl2.q,part_col_complex_type.q,authorization_drop_db_empty.q,smb_mapjoin_14.q,subquery_scalar_multi_rows.q,alter_partition_coltype_2columns.q,subquery_corr_in_agg.q,insert_overwrite_notnull_constraint.q,authorization_show_grant_otheruser_wtab.q,regex_col_groupby.q,ptf_negative_DuplicateWindowAlias.q,exim_22_export_authfail.q,authorization_insert_noinspriv.q,udf_likeany_wrong1.q,groupby_key.q,ambiguous_col.q,groupby3_multi_distinct.q,authorization_alter_drop_ptn.q,invalid_cast_from_binary_5.q,show_create_table_does_not_exist.q,invalid_select_column.q,exim_20_managed_location_over_existing.q,interval_3.q,authorization_compile.q,join35.q,udf_concat_ws_wrong3.q,create_or_replace_view8.q,create_external_with_notnull_constraint.q,split_sample_out_of_range.q,materialized_view_no_transactional_rewrite.q,authorization_show_grant_otherrole.q,create_with_constraints_duplicate_name.q,invalid_stddev_samp_syntax.q,authorization_view_disable_cbo_7.q,autolocal1.q,avro_non_nullable_union.q,load_orc_negative_part.q,drop_view_failure1.q,columnstats_partlvl_invalid_values_autogather.q,exim_13_nonnative_import.q,alter_table_wrong_regex.q,udf_next_day_error_2.q,authorization_select.q,udf_trunc_error2.q,authorization_view_7.q,udf_format_number_wrong5.q,touch2.q,orc_type_promotion1.q,lateral_view_alias.q,show_tables_bad_db1.q,unset_table_property.q,alter_non_native.q,nvl_mismatch_type.q,load_orc_negative3.q,authorization_create_role_no_admin.q,invalid_distinct1.q,authorization_grant_server.q,orc_type_promotion3_acid.q,hms_using_serde_alter_table_update_columns.q,show_tables_bad1.q,macro_unused_parameter.q,drop_invalid_constraint3.q,drop_partition_filter_failure.q,char_pad_convert_fail3.q,exim_23_import_exist_authfail.q,drop_invalid_constraint4.q,authorization_create_macro1.q,archive1.q,subquery_multiple_cols_in_select.q,change_hive_hdfs_session_path.q,udf_trunc_error3.q,invalid_variance_syntax.q,authorization_truncate_2.q,invalid_avg_syntax.q,invalid_select_column_with_tablename.q,mm_truncate_cols.q,groupby_grouping_sets1.q,druid_location.q,groupby2_multi_distinct.q,authorization_sba_drop_table.q,dynamic_partitions_with_whitelist.q,compare_string_bigint_2.q,udf_greatest_error_2.q,authorization_view_6.q,show_tablestatus.q,duplicate_alias_in_transform_schema.q,create_with_fk_uk_same_tab.q,udtf_not_supported3.q,alter_table_constraint_invalid_fk_col2.q,udtf_not_supported1.q,dbtxnmgr_notableunlock.q,ptf_negative_InvalidValueBoundary.q,alter_table_constraint_duplicate_pk.q,udf_printf_wrong4.q,create_view_failure9.q,udf_elt_wrong_type.q,selectDistinctStarNeg_1.q,invalid_mapjoin1.q,load_stored_as_dirs.q,input1.q,udf_sort_array_wrong1.q,invalid_distinct2.q,invalid_select_fn.q,authorization_role_grant_otherrole.q,archive4.q,load_nonpart_authfail.q,recursive_view.q,authorization_view_disable_cbo_1.q,desc_failure4.q,create_not_acid.q,udf_sort_array_wrong3.q,char_pad_convert_fail0.q,udf_map_values_arg_type.q,alter_view_failure6_2.q,alter_partition_change_col_nonexist.q,update_non_acid_table.q,authorization_view_disable_cbo_5.q,ct_noperm_loc.q,interval_1.q,authorization_show_grant_otheruser_all.q,authorization_view_2.q,show_tables_bad2.q,groupby_rollup2.q,truncate_column_seqfile.q,create_view_failure5.q,authorization_create_view.q,ptf_window_boundaries.q,ctasnullcol.q,input_part0_neg_2.q,create_or_replace_view1.q,udf_max.q,exim_01_nonpart_over_loaded.q,msck_repair_1.q,orc_change_fileformat_acid.q,udf_nonexistent_resource.q,msck_repair_3.q,exim_19_external_over_existing.q,serde_regex2.q,msck_repair_2.q,exim_06_nonpart_noncompat_storage.q,illegal_partition_type4.q,udf_sort_array_by_wrong1.q,windowing_leadlag_in_udaf.q,avro_decimal.q,materialized_view_update.q,illegal_partition_type2.q,invalid_varchar_length_1.q,authorization_view_5.q,nested_complex_neg.q,lockneg_try_drop_locked_db.q,constraint_partition_columns.q,authorization_insertpart_noinspriv.q,avro_add_column_extschema.q,udf_sort_array_wrong2.q,drop_database_cascade.q,archive3.q,alter_view_failure5.q,load_orc_negative1.q,create_external_acid.q,check_constraint_temporary_udf.q,file_with_header_footer_negative.q,alter_view_failure6.q,create_view_failure6.q,char_pad_convert_fail1.q,invalid_var_samp_syntax.q,update_partition_col.q,database_create_already_exists.q,union2.q,windowing_invalid_udaf.q,authorization_public_drop.q,truncate_table_failure5.q,alter_view_failure2.q,udf_reflect_neg.q,interval_2.q,column_rename2.q,set_hiveconf_validation0.q,materialized_view_drop2.q,repl_dump_requires_admin.q,alter_view_failure7.q,alter_view_failure4.q,alter_view_failure3.q,udf_map_keys_arg_type.q,alter_partition_with_whitelist.q,authorization_show_role_principals_no_admin.q,table_nonprintable_negative.q,clusterbydistributeby.q,authorization_rolehierarchy_privs.q,alter_notnull_constraint_violation.q,check_constraint_aggregate.q,script_broken_pipe3.q,column_rename3.q,authorization_fail_create_db.q,compute_stats_long.q,sortmerge_mapjoin_mismatch_1.q,insert_into6.q,select_charliteral.q,fs_default_name2.q,check_constraint_qual_name.q,archive_multi5.q,input4.q,create_udaf_failure.q,create_table_failure1.q,regex_col_1.q,materialized_view_authorization_no_select_perm.q,decimal_precision_1.q,columnstats_partlvl_multiple_part_clause.q,udf_if_not_bool.q,materialized_view_replace_with_view.q,invalid_cast_to_binary_6.q,lockneg5.q,mm_delete.q,database_drop_not_empty.q,smb_bucketmapjoin.q,alter_rename_partition_failure2.q,invalid_cast_to_binary_4.q,decimal_precision.q,create_view_failure10.q,invalid_cast_to_binary_3.q,groupby_invalid_position.q,load_wrong_fileformat_txt_seq.q,exchange_partition_neg_partition_exists.q,authorization_not_owner_alter_tab_serdeprop.q,alter_rename_partition_failure.q,merge_negative_5.q,authorization_invalid_priv_v2.q,bucket_mapjoin_wrong_table_metadata_1.q,lockneg2.q,join28.q,exchange_partition_neg_test.q,lockneg_try_lock_db_in_use.q,udf_assert_true.q,udf_coalesce.q,join29.q,archive_partspec4.q,exim_24_import_part_authfail.q,exim_08_nonpart_noncompat_serde.q,udtf_explode_not_supported4.q,create_view_failure4.q,default_constraint_invalid_default_value_type.q,invalid_char_length_1.q,udf_in.q,create_view_failure3.q,strict_pruning_2.q,insertexternal1.q,alter_partition_change_col_dup_col.q,authorization_ctas2.q,uniquejoin.q,authorization_role_grant_nosuchrole.q,column_rename4.q,create_with_fk_wrong_ref2.q,authorization_role_case.q,udf_if_wrong_args_len.q,create_skewed_table_col_name_value_no_mismatch.q,compare_string_bigint.q,archive_insert2.q,authorization_grant_table_fail1.q,exim_02_all_part_over_overlap.q,archive_multi1.q,subquery_in_groupby.q,authorization_role_grant.q,insert_into_with_schema3.q,create_with_fk_constraint.q,materialized_view_insert.q,orc_replace_columns1.q,updateBasicStats.q,udf_likeall_wrong1.q,udf_map_keys_arg_num.q,subquery_scalar_corr_multi_rows.q,exchange_partition_neg_partition_exists2.q,udf_test_error.q,distinct_windowing_failure2.q,authorization_caseinsensitivity.q,update_bucket_col.q,create_or_replace_view3.q,lockneg_query_tbl_in_locked_db.q,authorization_select_view.q,check_constraint_tbl_level.q,create_or_replace_view4.q,disallow_incompatible_type_change_on2.q,ptf_negative_DistributeByOrderBy.q,desc_failure3.q,create_insert_outputformat.q,alter_table_wrong_location2.q,groupby_grouping_sets5.q,authorization_uri_create_table_ext.q,invalid_t_create2.q,load_data_parquet_empty.q,groupby_grouping_sets6.q,subquery_corr_grandparent.q,archive_insert3.q,authorization_alter_table_exchange_partition_fail2.q,invalid_cast_from_binary_2.q,authorize_grant_public.q,authorization_fail_drop_db.q,insert_into_with_schema4.q,parquet_alter_part_table_drop_columns.q,unionSortBy.q,invalid_char_length_2.q,insert_multi_into_notnull.q,groupby_grouping_id1.q,strict_orderby_2.q,udf_next_day_error_1.q,authorize_revoke_public.q,load_part_authfail.q,drop_default_partition_filter.q,orc_replace_columns2.q,alter_file_format.q,authorization_alter_db_owner_default.q,authorization_uri_createdb.q,authorization_import_ptn.q,selectDistinctWithoutAggr.q,split_sample_wrong_format.q,authorization_fail_8.q,regex_col_2.q,ptf_negative_PartitionBySortBy.q,stats_aggregator_error_2.q,drop_table_failure1.q,stats_aggregator_error_1.q,udf_concat_ws_wrong1.q,exim_12_nonnative_export.q,clustern4.q,strict_orderby.q,authorization_insertoverwrite_nodel.q,exim_18_part_spec_missing.q,invalid_t_transform.q,columnstats_tbllvl_complex_type.q,authorization_grant_table_allpriv.q,msck_repair_4.q,set_hiveconf_validation1.q,authorization_alter_table_exchange_partition_fail.q,ctas_noemptyfolder.q,clustern2.q,set_hiveconf_validation2.q,bucket_mapjoin_mismatch1.q,mm_convert.q,truncate_bucketed_column.q,druid_datasource.q,udf_assert_true2.q,strict_join_2.q,udf_format_number_wrong3.q,default_constraint_invalid_default_value_length.q,masking_acid_update.q,materialized_view_no_transactional_rewrite_2.q,materialized_view_authorization_drop_other.q,dyn_part1.q,default_constraint_invalid_default_value2.q,select_star_suffix.q,subquery_select_distinct.q,authorization_uri_create_table1.q,special_character_in_tabnames_1.q,archive_partspec2.q,analyze_non_existent_tbl.q,create_with_pk_constraints_enforced.q,orderby_position_unsupported.q,subquery_subquery_chain_exists.q,orc_reorder_columns1_acid.q,subquery_notin_implicit_gby.q,notable_alias4.q,semijoin2.q,desc_failure1.q,ptf_negative_HavingLeadWithPTF.q,alter_tableprops_external_with_default_constraint.q,create_unknown_udf_udaf.q,materialized_view_authorization_create_no_grant.q,orc_change_serde.q,uniquejoin3.q,stats_publisher_error_1.q,authorization_part.q,alter_table_constraint_invalid_fk_tbl1.q,fileformat_void_input.q,truncate_table_failure3.q,alter_table_constraint_invalid_fk_tbl2.q,mismatch_columns_insertion.q,repl_load_requires_admin.q]
TestNonCatCallsWithCatalog - did not produce a TEST-*.xml file (likely timed out) (batchId=217)
TestSequenceFileReadWrite - did not produce a TEST-*.xml file (likely timed out) (batchId=247)
TestTxnExIm - did not produce a TEST-*.xml file (likely timed out) (batchId=286)
org.apache.hadoop.hive.cli.TestCliDriver.testCliDriver[fouter_join_ppr] (batchId=33)
org.apache.hadoop.hive.cli.TestMiniLlapLocalCliDriver.testCliDriver[bucket_map_join_tez1] (batchId=175)
org.apache.hadoop.hive.cli.TestMiniLlapLocalCliDriver.testCliDriver[explainuser_4] (batchId=164)
org.apache.hadoop.hive.cli.TestMiniLlapLocalCliDriver.testCliDriver[mm_bhif] (batchId=157)
org.apache.hadoop.hive.cli.TestMiniLlapLocalCliDriver.testCliDriver[schema_evol_orc_acidvec_part] (batchId=170)
org.apache.hadoop.hive.cli.TestMiniLlapLocalCliDriver.testCliDriver[schema_evol_orc_vec_part_llap_io] (batchId=170)
org.apache.hadoop.hive.cli.TestMiniLlapLocalCliDriver.testCliDriver[special_character_in_tabnames_1] (batchId=165)
org.apache.hadoop.hive.cli.TestMiniLlapLocalCliDriver.testCliDriver[sysdb] (batchId=163)
org.apache.hadoop.hive.cli.TestMiniLlapLocalCliDriver.testCliDriver[tez_smb_1] (batchId=172)
org.apache.hadoop.hive.cli.TestMiniLlapLocalCliDriver.testCliDriver[tez_vector_dynpart_hashjoin_1] (batchId=172)
org.apache.hadoop.hive.cli.TestMiniLlapLocalCliDriver.testCliDriver[union_fast_stats] (batchId=167)
org.apache.hadoop.hive.cli.TestMiniTezCliDriver.testCliDriver[explainanalyze_5] (batchId=105)
org.apache.hadoop.hive.cli.control.TestDanglingQOuts.checkDanglingQOut (batchId=225)
org.apache.hadoop.hive.metastore.TestOldSchema.testPartitionOps (batchId=217)
org.apache.hadoop.hive.metastore.TestStats.partitionedTableDeprecatedCalls (batchId=211)
org.apache.hadoop.hive.ql.TestAcidOnTez.testCtasTezUnion (batchId=228)
org.apache.hadoop.hive.ql.TestAcidOnTez.testNonStandardConversion01 (batchId=228)
org.apache.hadoop.hive.ql.TestMTQueries.testMTQueries1 (batchId=232)
org.apache.hadoop.hive.ql.parse.TestCopyUtils.testPrivilegedDistCpWithSameUserAsCurrentDoesNotTryToImpersonate (batchId=231)
org.apache.hadoop.hive.ql.parse.TestReplicationOnHDFSEncryptedZones.targetAndSourceHaveDifferentEncryptionZoneKeys (batchId=231)
org.apache.hadoop.hive.ql.parse.TestReplicationScenariosAcidTables.testAcidTablesBootstrap (batchId=231)
org.apache.hadoop.hive.ql.parse.TestReplicationScenariosAcidTables.testAcidTablesBootstrapWithOpenTxnsTimeout (batchId=231)
org.apache.hive.beeline.TestBeeLineWithArgs.testQueryProgress (batchId=235)
org.apache.hive.jdbc.TestSSL.testSSLFetchHttp (batchId=239)
org.apache.hive.jdbc.TestTriggersMoveWorkloadManager.testTriggerMoveAndKill (batchId=241)
org.apache.hive.jdbc.TestTriggersWorkloadManager.testMultipleTriggers2 (batchId=241)
org.apache.hive.jdbc.TestTriggersWorkloadManager.testTriggerCustomCreatedFiles (batchId=241)
org.apache.hive.jdbc.TestTriggersWorkloadManager.testTriggerCustomNonExistent (batchId=241)
org.apache.hive.jdbc.TestTriggersWorkloadManager.testTriggerCustomReadOps (batchId=241)
org.apache.hive.jdbc.TestTriggersWorkloadManager.testTriggerHighBytesRead (batchId=241)
org.apache.hive.jdbc.TestTriggersWorkloadManager.testTriggerHighBytesWrite (batchId=241)
org.apache.hive.jdbc.TestTriggersWorkloadManager.testTriggerHighShuffleBytes (batchId=241)
org.apache.hive.jdbc.TestTriggersWorkloadManager.testTriggerSlowQueryElapsedTime (batchId=241)
org.apache.hive.jdbc.TestTriggersWorkloadManager.testTriggerSlowQueryExecutionTime (batchId=241)
org.apache.hive.jdbc.TestTriggersWorkloadManager.testTriggerVertexRawInputSplitsNoKill (batchId=241)
org.apache.hive.spark.client.rpc.TestRpc.testServerPort (batchId=304)
&lt;/pre&gt;
&lt;/div&gt;&lt;/div&gt;

&lt;p&gt;Test results: &lt;a href=&quot;https://builds.apache.org/job/PreCommit-HIVE-Build/10781/testReport&quot; class=&quot;external-link&quot; target=&quot;_blank&quot; rel=&quot;nofollow noopener&quot;&gt;https://builds.apache.org/job/PreCommit-HIVE-Build/10781/testReport&lt;/a&gt;&lt;br/&gt;
Console output: &lt;a href=&quot;https://builds.apache.org/job/PreCommit-HIVE-Build/10781/console&quot; class=&quot;external-link&quot; target=&quot;_blank&quot; rel=&quot;nofollow noopener&quot;&gt;https://builds.apache.org/job/PreCommit-HIVE-Build/10781/console&lt;/a&gt;&lt;br/&gt;
Test logs: &lt;a href=&quot;http://104.198.109.242/logs/PreCommit-HIVE-Build-10781/&quot; class=&quot;external-link&quot; target=&quot;_blank&quot; rel=&quot;nofollow noopener&quot;&gt;http://104.198.109.242/logs/PreCommit-HIVE-Build-10781/&lt;/a&gt;&lt;/p&gt;

&lt;p&gt;Messages:&lt;/p&gt;
&lt;div class=&quot;preformatted panel&quot; style=&quot;border-width: 1px;&quot;&gt;&lt;div class=&quot;preformattedContent panelContent&quot;&gt;
&lt;pre&gt;Executing org.apache.hive.ptest.execution.TestCheckPhase
Executing org.apache.hive.ptest.execution.PrepPhase
Executing org.apache.hive.ptest.execution.YetusPhase
Executing org.apache.hive.ptest.execution.ExecutionPhase
Executing org.apache.hive.ptest.execution.ReportingPhase
Tests exited with: TestsFailedException: 43 tests failed
&lt;/pre&gt;
&lt;/div&gt;&lt;/div&gt;

&lt;p&gt;This message is automatically generated.&lt;/p&gt;

&lt;p&gt;ATTACHMENT ID: 12922471 - PreCommit-HIVE-Build&lt;/p&gt;</comment>
                            <comment id="16468903" author="ychena" created="Wed, 9 May 2018 14:21:18 +0000"  >&lt;p&gt;The failures are not related. &lt;br/&gt;
The patch only affects the case when NPE happens without the fix. No risk. &lt;br/&gt;
LGTM  +1&lt;/p&gt;</comment>
                            <comment id="16471748" author="ychena" created="Fri, 11 May 2018 11:01:46 +0000"  >&lt;p&gt;Also attach fix for branch-2&lt;/p&gt;</comment>
                            <comment id="16471793" author="kgyrtkirk" created="Fri, 11 May 2018 11:55:26 +0000"  >&lt;p&gt;I don&apos;t think &lt;tt&gt;System.currentTimeMillis&lt;/tt&gt; should be called from HiveConf...&lt;/p&gt;

&lt;p&gt;I don&apos;t understand what positive side this could have to have it in the config; if its ok to get it at the time the UDF is constructed.&lt;br/&gt;
I think it would be better to set a &quot;pirate&quot; property in Driver at the start of the query execution and use that ; we already have a query timestamp for the session Session&lt;/p&gt;</comment>
                            <comment id="16471800" author="kgyrtkirk" created="Fri, 11 May 2018 11:59:28 +0000"  >&lt;p&gt;&lt;a href=&quot;https://issues.apache.org/jira/secure/ViewProfile.jspa?name=ychena&quot; class=&quot;user-hover&quot; rel=&quot;ychena&quot;&gt;ychena&lt;/a&gt;: &lt;a href=&quot;https://issues.apache.org/jira/secure/ViewProfile.jspa?name=bill&quot; class=&quot;user-hover&quot; rel=&quot;bill&quot;&gt;bill&lt;/a&gt; have last commented on this ticket about 2 years ago; please assign it to yourself if you are working on it, and ask for review from someone else before commiting changes.&lt;/p&gt;</comment>
                            <comment id="16473242" author="vihangk1" created="Sat, 12 May 2018 18:36:48 +0000"  >&lt;p&gt;there is a spelling mistake in the patch name. It should be branch-2. The precommit job failed due to that.&lt;/p&gt;</comment>
                            <comment id="16473273" author="ychena" created="Sat, 12 May 2018 21:24:55 +0000"  >&lt;p&gt;&lt;a href=&quot;https://issues.apache.org/jira/secure/ViewProfile.jspa?name=kgyrtkirk&quot; class=&quot;user-hover&quot; rel=&quot;kgyrtkirk&quot;&gt;kgyrtkirk&lt;/a&gt;The major reason to use HiveConf is not calling System.currentTimeMillis, it is to use the time value set in SessionState. The System.currentTimeMillis is only called when the SessionState has not set time value yet which is consistent with original behavior(without the fix). I do not see any issue from that. &lt;/p&gt;</comment>
                            <comment id="16473615" author="hiveqa" created="Sun, 13 May 2018 19:31:28 +0000"  >

&lt;p&gt;Here are the results of testing the latest attachment:&lt;br/&gt;
&lt;a href=&quot;https://issues.apache.org/jira/secure/attachment/12923177/HIVE-13745.2-branch-2.patch&quot; class=&quot;external-link&quot; rel=&quot;nofollow&quot;&gt;https://issues.apache.org/jira/secure/attachment/12923177/HIVE-13745.2-branch-2.patch&lt;/a&gt;&lt;/p&gt;

&lt;p&gt;&lt;font color=&quot;red&quot;&gt;ERROR:&lt;/font&gt; -1 due to no test(s) being added or modified.&lt;/p&gt;

&lt;p&gt;&lt;font color=&quot;red&quot;&gt;ERROR:&lt;/font&gt; -1 due to 15 failed/errored test(s), 10683 tests executed&lt;br/&gt;
&lt;b&gt;Failed tests:&lt;/b&gt;&lt;/p&gt;
&lt;div class=&quot;preformatted panel&quot; style=&quot;border-width: 1px;&quot;&gt;&lt;div class=&quot;preformattedContent panelContent&quot;&gt;
&lt;pre&gt;org.apache.hadoop.hive.cli.TestAccumuloCliDriver.testCliDriver[accumulo_queries] (batchId=227)
org.apache.hadoop.hive.cli.TestCliDriver.testCliDriver[avro_tableproperty_optimize] (batchId=22)
org.apache.hadoop.hive.cli.TestCliDriver.testCliDriver[explaindenpendencydiffengs] (batchId=38)
org.apache.hadoop.hive.cli.TestMiniLlapCliDriver.testCliDriver[llap_smb] (batchId=142)
org.apache.hadoop.hive.cli.TestMiniLlapCliDriver.testCliDriver[orc_ppd_basic] (batchId=139)
org.apache.hadoop.hive.cli.TestMiniLlapCliDriver.testCliDriver[table_nonprintable] (batchId=140)
org.apache.hadoop.hive.cli.TestMiniLlapLocalCliDriver.testCliDriver[join_acid_non_acid] (batchId=158)
org.apache.hadoop.hive.cli.TestMiniLlapLocalCliDriver.testCliDriver[union_fast_stats] (batchId=153)
org.apache.hadoop.hive.cli.TestMiniLlapLocalCliDriver.testCliDriver[vectorized_parquet_types] (batchId=155)
org.apache.hadoop.hive.cli.TestNegativeCliDriver.testCliDriver[merge_negative_5] (batchId=88)
org.apache.hadoop.hive.cli.TestSparkCliDriver.testCliDriver[explaindenpendencydiffengs] (batchId=115)
org.apache.hadoop.hive.cli.TestSparkCliDriver.testCliDriver[vectorization_input_format_excludes] (batchId=117)
org.apache.hadoop.hive.cli.TestSparkCliDriver.testCliDriver[vectorized_ptf] (batchId=125)
org.apache.hive.hcatalog.api.TestHCatClient.testTransportFailure (batchId=176)
org.apache.hive.jdbc.TestMultiSessionsHS2WithLocalClusterSpark.org.apache.hive.jdbc.TestMultiSessionsHS2WithLocalClusterSpark (batchId=224)
&lt;/pre&gt;
&lt;/div&gt;&lt;/div&gt;

&lt;p&gt;Test results: &lt;a href=&quot;https://builds.apache.org/job/PreCommit-HIVE-Build/10901/testReport&quot; class=&quot;external-link&quot; target=&quot;_blank&quot; rel=&quot;nofollow noopener&quot;&gt;https://builds.apache.org/job/PreCommit-HIVE-Build/10901/testReport&lt;/a&gt;&lt;br/&gt;
Console output: &lt;a href=&quot;https://builds.apache.org/job/PreCommit-HIVE-Build/10901/console&quot; class=&quot;external-link&quot; target=&quot;_blank&quot; rel=&quot;nofollow noopener&quot;&gt;https://builds.apache.org/job/PreCommit-HIVE-Build/10901/console&lt;/a&gt;&lt;br/&gt;
Test logs: &lt;a href=&quot;http://104.198.109.242/logs/PreCommit-HIVE-Build-10901/&quot; class=&quot;external-link&quot; target=&quot;_blank&quot; rel=&quot;nofollow noopener&quot;&gt;http://104.198.109.242/logs/PreCommit-HIVE-Build-10901/&lt;/a&gt;&lt;/p&gt;

&lt;p&gt;Messages:&lt;/p&gt;
&lt;div class=&quot;preformatted panel&quot; style=&quot;border-width: 1px;&quot;&gt;&lt;div class=&quot;preformattedContent panelContent&quot;&gt;
&lt;pre&gt;Executing org.apache.hive.ptest.execution.TestCheckPhase
Executing org.apache.hive.ptest.execution.PrepPhase
Executing org.apache.hive.ptest.execution.YetusPhase
Executing org.apache.hive.ptest.execution.ExecutionPhase
Executing org.apache.hive.ptest.execution.ReportingPhase
Tests exited with: TestsFailedException: 15 tests failed
&lt;/pre&gt;
&lt;/div&gt;&lt;/div&gt;

&lt;p&gt;This message is automatically generated.&lt;/p&gt;

&lt;p&gt;ATTACHMENT ID: 12923177 - PreCommit-HIVE-Build&lt;/p&gt;</comment>
                            <comment id="16474074" author="kgyrtkirk" created="Mon, 14 May 2018 11:54:48 +0000"  >&lt;p&gt;I don&apos;t think this patch would make any affect on the current master or branch-3 (probably branch-2 also, but not sure) &amp;#8211; since afaik the udf call will be flattened at compile time - because of its nature (0 argument udf marked a &quot;runtimeConstant&quot;);&lt;br/&gt;
&lt;a href=&quot;https://issues.apache.org/jira/secure/ViewProfile.jspa?name=ychena&quot; class=&quot;user-hover&quot; rel=&quot;ychena&quot;&gt;ychena&lt;/a&gt;: Could you provide a tests case which is outside of that scope?&lt;/p&gt;</comment>
                            <comment id="16474150" author="ychena" created="Mon, 14 May 2018 12:59:50 +0000"  >&lt;p&gt;The jira held open for so long because of we can not reproduce. But the NPE is really happening. We see 3+ cases. The NPE related to &lt;a href=&quot;https://issues.apache.org/jira/browse/HIVE-10728&quot; class=&quot;external-link&quot; rel=&quot;nofollow&quot;&gt;https://issues.apache.org/jira/browse/HIVE-10728&lt;/a&gt; , one way to workaround NPE is to revert this fix. It may relate to constant propagation and some random behavior of SessionState. The patch of &lt;a href=&quot;https://issues.apache.org/jira/browse/HIVE-13745&quot; title=&quot;UDF current_date&#12289;current_timestamp&#12289;unix_timestamp NPE&quot; class=&quot;issue-link&quot; data-issue-key=&quot;HIVE-13745&quot;&gt;HIVE-13745&lt;/a&gt; only adds extra Null checks, it brings no risk, and may have some potential benefits. &lt;/p&gt;

&lt;p&gt;The test failures are not related. &lt;/p&gt;</comment>
                            <comment id="16474176" author="kgyrtkirk" created="Mon, 14 May 2018 13:11:37 +0000"  >&lt;p&gt;Could you please formulate the situation in which the NPE occurs in a qtest?&lt;/p&gt;</comment>
                            <comment id="16474727" author="ychena" created="Mon, 14 May 2018 19:53:53 +0000"  >&lt;p&gt;&lt;a href=&quot;https://issues.apache.org/jira/secure/ViewProfile.jspa?name=kgyrtkirk&quot; class=&quot;user-hover&quot; rel=&quot;kgyrtkirk&quot;&gt;kgyrtkirk&lt;/a&gt;, for I can not find a reproduce even in branch-1 versions, I will keep the jira open until find a test case. Could you tell which jira solve the issues caused by &lt;a href=&quot;https://issues.apache.org/jira/browse/HIVE-10728&quot; title=&quot;deprecate unix_timestamp(void) and make it deterministic&quot; class=&quot;issue-link&quot; data-issue-key=&quot;HIVE-10728&quot;&gt;&lt;del&gt;HIVE-10728&lt;/del&gt;&lt;/a&gt; if you think branch-3 and branch-2 do not have such problems. Thanks&lt;/p&gt;</comment>
                            <comment id="17003831" author="beeflyme" created="Fri, 27 Dec 2019 01:51:36 +0000"  >&lt;p&gt;Problem occur in hive-3.1.0&lt;/p&gt;

&lt;p&gt;SQL:  select unix_timestamp  (max(&apos;2019-09-09&apos;),&apos;YYYY-MM-DD&apos;) ;&lt;/p&gt;

&lt;p&gt;ERROR LOG:&lt;/p&gt;

&lt;p&gt;2019-12-27 09:45:56,286 INFO &lt;span class=&quot;error&quot;&gt;&amp;#91;main&amp;#93;&lt;/span&gt; org.apache.hadoop.hive.ql.exec.SerializationUtilities: Deserializing ReduceWork using kryo&lt;br/&gt;
2019-12-27 09:45:56,539 INFO &lt;span class=&quot;error&quot;&gt;&amp;#91;main&amp;#93;&lt;/span&gt; org.apache.hadoop.hive.ql.exec.Utilities: Deserialized plan (via FILE) - name: null size: 3.13KB&lt;br/&gt;
2019-12-27 09:45:56,562 INFO &lt;span class=&quot;error&quot;&gt;&amp;#91;main&amp;#93;&lt;/span&gt; ExecReducer: &lt;br/&gt;
&amp;lt;GBY&amp;gt;Id =3&lt;br/&gt;
  &amp;lt;Children&amp;gt;&lt;br/&gt;
    &amp;lt;FS&amp;gt;Id =8&lt;br/&gt;
      &amp;lt;Children&amp;gt;&lt;br/&gt;
      &amp;lt;\Children&amp;gt;&lt;br/&gt;
      &amp;lt;Parent&amp;gt;Id = 3 null&amp;lt;\Parent&amp;gt;&lt;br/&gt;
    &amp;lt;\FS&amp;gt;&lt;br/&gt;
  &amp;lt;\Children&amp;gt;&lt;br/&gt;
  &amp;lt;Parent&amp;gt;&amp;lt;\Parent&amp;gt;&lt;br/&gt;
&amp;lt;\GBY&amp;gt;&lt;br/&gt;
2019-12-27 09:45:56,562 INFO &lt;span class=&quot;error&quot;&gt;&amp;#91;main&amp;#93;&lt;/span&gt; org.apache.hadoop.hive.ql.exec.GroupByOperator: Initializing operator GBY&lt;span class=&quot;error&quot;&gt;&amp;#91;3&amp;#93;&lt;/span&gt;&lt;br/&gt;
2019-12-27 09:45:56,583 WARN &lt;span class=&quot;error&quot;&gt;&amp;#91;main&amp;#93;&lt;/span&gt; org.apache.hadoop.mapred.YarnChild: Exception running child : java.lang.RuntimeException: Error in configuring object&lt;br/&gt;
	at org.apache.hadoop.util.ReflectionUtils.setJobConf(ReflectionUtils.java:113)&lt;br/&gt;
	at org.apache.hadoop.util.ReflectionUtils.setConf(ReflectionUtils.java:79)&lt;br/&gt;
	at org.apache.hadoop.util.ReflectionUtils.newInstance(ReflectionUtils.java:137)&lt;br/&gt;
	at org.apache.hadoop.mapred.ReduceTask.runOldReducer(ReduceTask.java:411)&lt;br/&gt;
	at org.apache.hadoop.mapred.ReduceTask.run(ReduceTask.java:393)&lt;br/&gt;
	at org.apache.hadoop.mapred.YarnChild$2.run(YarnChild.java:178)&lt;br/&gt;
	at java.security.AccessController.doPrivileged(Native Method)&lt;br/&gt;
	at javax.security.auth.Subject.doAs(Subject.java:422)&lt;br/&gt;
	at org.apache.hadoop.security.UserGroupInformation.doAs(UserGroupInformation.java:1729)&lt;br/&gt;
	at org.apache.hadoop.mapred.YarnChild.main(YarnChild.java:172)&lt;br/&gt;
Caused by: java.lang.reflect.InvocationTargetException&lt;br/&gt;
	at sun.reflect.NativeMethodAccessorImpl.invoke0(Native Method)&lt;br/&gt;
	at sun.reflect.NativeMethodAccessorImpl.invoke(NativeMethodAccessorImpl.java:62)&lt;br/&gt;
	at sun.reflect.DelegatingMethodAccessorImpl.invoke(DelegatingMethodAccessorImpl.java:43)&lt;br/&gt;
	at java.lang.reflect.Method.invoke(Method.java:498)&lt;br/&gt;
	at org.apache.hadoop.util.ReflectionUtils.setJobConf(ReflectionUtils.java:110)&lt;br/&gt;
	... 9 more&lt;br/&gt;
Caused by: java.lang.RuntimeException: Reduce operator initialization failed&lt;br/&gt;
	at org.apache.hadoop.hive.ql.exec.mr.ExecReducer.configure(ExecReducer.java:155)&lt;br/&gt;
	... 14 more&lt;br/&gt;
Caused by: java.lang.NullPointerException&lt;br/&gt;
	at org.apache.hadoop.hive.ql.udf.generic.GenericUDFToUnixTimeStamp.initializeInput(GenericUDFToUnixTimeStamp.java:87)&lt;br/&gt;
	at org.apache.hadoop.hive.ql.udf.generic.GenericUDFUnixTimeStamp.initializeInput(GenericUDFUnixTimeStamp.java:44)&lt;br/&gt;
	at org.apache.hadoop.hive.ql.udf.generic.GenericUDFToUnixTimeStamp.initialize(GenericUDFToUnixTimeStamp.java:71)&lt;br/&gt;
	at org.apache.hadoop.hive.ql.udf.generic.GenericUDF.initializeAndFoldConstants(GenericUDF.java:148)&lt;br/&gt;
	at org.apache.hadoop.hive.ql.exec.ExprNodeGenericFuncEvaluator.initialize(ExprNodeGenericFuncEvaluator.java:146)&lt;br/&gt;
	at org.apache.hadoop.hive.ql.exec.GroupByOperator.initializeOp(GroupByOperator.java:295)&lt;br/&gt;
	at org.apache.hadoop.hive.ql.exec.Operator.initialize(Operator.java:376)&lt;br/&gt;
	at org.apache.hadoop.hive.ql.exec.mr.ExecReducer.configure(ExecReducer.java:148)&lt;br/&gt;
	... 14 more&lt;/p&gt;

&lt;p&gt;2019-12-27 09:45:56,591 INFO &lt;span class=&quot;error&quot;&gt;&amp;#91;main&amp;#93;&lt;/span&gt; org.apache.hadoop.mapred.Task: Running cleanup for the task&lt;br/&gt;
2019-12-27 09:45:56,697 INFO &lt;span class=&quot;error&quot;&gt;&amp;#91;main&amp;#93;&lt;/span&gt; org.apache.hadoop.metrics2.impl.MetricsSystemImpl: Stopping ReduceTask metrics system...&lt;br/&gt;
2019-12-27 09:45:56,697 INFO &lt;span class=&quot;error&quot;&gt;&amp;#91;main&amp;#93;&lt;/span&gt; org.apache.hadoop.metrics2.impl.MetricsSystemImpl: ReduceTask metrics system stopped.&lt;br/&gt;
2019-12-27 09:45:56,698 INFO &lt;span class=&quot;error&quot;&gt;&amp;#91;main&amp;#93;&lt;/span&gt; org.apache.hadoop.metrics2.impl.MetricsSystemImpl: ReduceTask metrics system shutdown complete.&lt;/p&gt;</comment>
                            <comment id="17003853" author="hiveqa" created="Fri, 27 Dec 2019 03:01:33 +0000"  >

&lt;p&gt;Here are the results of testing the latest attachment:&lt;br/&gt;
&lt;a href=&quot;https://issues.apache.org/jira/secure/attachment/12923177/HIVE-13745.2-branch-2.patch&quot; class=&quot;external-link&quot; rel=&quot;nofollow&quot;&gt;https://issues.apache.org/jira/secure/attachment/12923177/HIVE-13745.2-branch-2.patch&lt;/a&gt;&lt;/p&gt;

&lt;p&gt;&lt;font color=&quot;red&quot;&gt;ERROR:&lt;/font&gt; -1 due to no test(s) being added or modified.&lt;/p&gt;

&lt;p&gt;&lt;font color=&quot;red&quot;&gt;ERROR:&lt;/font&gt; -1 due to 7 failed/errored test(s), 10756 tests executed&lt;br/&gt;
&lt;b&gt;Failed tests:&lt;/b&gt;&lt;/p&gt;
&lt;div class=&quot;preformatted panel&quot; style=&quot;border-width: 1px;&quot;&gt;&lt;div class=&quot;preformattedContent panelContent&quot;&gt;
&lt;pre&gt;org.apache.hadoop.hive.cli.TestAccumuloCliDriver.testCliDriver[accumulo_queries] (batchId=227)
org.apache.hadoop.hive.cli.TestCliDriver.testCliDriver[avro_tableproperty_optimize] (batchId=22)
org.apache.hadoop.hive.cli.TestMiniLlapLocalCliDriver.testCliDriver[columnstats_part_coltype] (batchId=156)
org.apache.hadoop.hive.cli.TestMiniLlapLocalCliDriver.testCliDriver[join_acid_non_acid] (batchId=158)
org.apache.hadoop.hive.cli.TestMiniLlapLocalCliDriver.testCliDriver[union_fast_stats] (batchId=153)
org.apache.hadoop.hive.cli.TestMiniLlapLocalCliDriver.testCliDriver[vectorized_parquet_types] (batchId=155)
org.apache.hadoop.hive.cli.TestSparkCliDriver.testCliDriver[vectorization_input_format_excludes] (batchId=117)
&lt;/pre&gt;
&lt;/div&gt;&lt;/div&gt;

&lt;p&gt;Test results: &lt;a href=&quot;https://builds.apache.org/job/PreCommit-HIVE-Build/20024/testReport&quot; class=&quot;external-link&quot; target=&quot;_blank&quot; rel=&quot;nofollow noopener&quot;&gt;https://builds.apache.org/job/PreCommit-HIVE-Build/20024/testReport&lt;/a&gt;&lt;br/&gt;
Console output: &lt;a href=&quot;https://builds.apache.org/job/PreCommit-HIVE-Build/20024/console&quot; class=&quot;external-link&quot; target=&quot;_blank&quot; rel=&quot;nofollow noopener&quot;&gt;https://builds.apache.org/job/PreCommit-HIVE-Build/20024/console&lt;/a&gt;&lt;br/&gt;
Test logs: &lt;a href=&quot;http://104.198.109.242/logs/PreCommit-HIVE-Build-20024/&quot; class=&quot;external-link&quot; target=&quot;_blank&quot; rel=&quot;nofollow noopener&quot;&gt;http://104.198.109.242/logs/PreCommit-HIVE-Build-20024/&lt;/a&gt;&lt;/p&gt;

&lt;p&gt;Messages:&lt;/p&gt;
&lt;div class=&quot;preformatted panel&quot; style=&quot;border-width: 1px;&quot;&gt;&lt;div class=&quot;preformattedContent panelContent&quot;&gt;
&lt;pre&gt;Executing org.apache.hive.ptest.execution.TestCheckPhase
Executing org.apache.hive.ptest.execution.PrepPhase
Executing org.apache.hive.ptest.execution.YetusPhase
Executing org.apache.hive.ptest.execution.ExecutionPhase
Executing org.apache.hive.ptest.execution.ReportingPhase
Tests exited with: TestsFailedException: 7 tests failed
&lt;/pre&gt;
&lt;/div&gt;&lt;/div&gt;

&lt;p&gt;This message is automatically generated.&lt;/p&gt;

&lt;p&gt;ATTACHMENT ID: 12923177 - PreCommit-HIVE-Build&lt;/p&gt;</comment>
                    </comments>
                    <attachments>
                            <attachment id="12922471" name="HIVE-13745.1.patch" size="8286" author="ychena" created="Tue, 8 May 2018 14:58:35 +0000"/>
                            <attachment id="12923177" name="HIVE-13745.2-branch-2.patch" size="8915" author="ychena" created="Sat, 12 May 2018 21:27:56 +0000"/>
                            <attachment id="12803597" name="HIVE-13745.patch" size="8740" author="bill" created="Thu, 12 May 2016 08:19:15 +0000"/>
                    </attachments>
                <subtasks>
                    </subtasks>
                <customfields>
                                                                            <customfield id="customfield_12310310" key="com.atlassian.jira.toolkit:attachments">
                        <customfieldname>Attachment count</customfieldname>
                        <customfieldvalues>
                            <customfieldvalue>3.0</customfieldvalue>
                        </customfieldvalues>
                    </customfield>
                                                                                                                                                                                                                                                                                                                                                                                                                                                                                                                                                                                                                                                                                                        <customfield id="customfield_12314020" key="com.atlassian.jira.plugins.jira-development-integration-plugin:devsummary">
                        <customfieldname>Development</customfieldname>
                        <customfieldvalues>
                            
                        </customfieldvalues>
                    </customfield>
                                                                                                                        <customfield id="customfield_12313422" key="com.atlassian.jirafisheyeplugin:jobcheckbox">
                        <customfieldname>Enable Automatic Patch Review</customfieldname>
                        <customfieldvalues>
                            <customfieldvalue><![CDATA[false]]></customfieldvalue>

                        </customfieldvalues>
                    </customfield>
                                                                                                                                                                                                                                                                                                                                                                                                                                                                                                                                                                                                                                                <customfield id="customfield_12310420" key="com.pyxis.greenhopper.jira:gh-global-rank">
                        <customfieldname>Global Rank</customfieldname>
                        <customfieldvalues>
                            <customfieldvalue>9223372036854775807</customfieldvalue>
                        </customfieldvalues>
                    </customfield>
                                                                                                                                                                                                                                                                    <customfield id="customfield_12312521" key="com.atlassian.jira.toolkit:LastCommentDate">
                        <customfieldname>Last public comment date</customfieldname>
                        <customfieldvalues>
                            5 years, 46 weeks, 5 days ago
                        </customfieldvalues>
                    </customfield>
                                                                                                                                                                                                                                                                                                <customfield id="customfield_12311820" key="com.pyxis.greenhopper.jira:gh-lexo-rank">
                        <customfieldname>Rank</customfieldname>
                        <customfieldvalues>
                            <customfieldvalue>0|i2xpof:</customfieldvalue>

                        </customfieldvalues>
                    </customfield>
                                                                <customfield id="customfield_12310920" key="com.pyxis.greenhopper.jira:gh-global-rank">
                        <customfieldname>Rank (Obsolete)</customfieldname>
                        <customfieldvalues>
                            <customfieldvalue>9223372036854775807</customfieldvalue>
                        </customfieldvalues>
                    </customfield>
                                                                                                                                                                                                                                                                                                                                                                                                                                                                                                                                                                                                                                                                                                                                                                                                                                                                                </customfields>
    </item>
</channel>
</rss>