<!-- 
RSS generated by JIRA (8.20.10#820010-sha1:ace47f9899e9ee25d7157d59aa17ab06aee30d3d) at Wed Nov 12 19:05:08 UTC 2025

It is possible to restrict the fields that are returned in this document by specifying the 'field' parameter in your request.
For example, to request only the issue key and summary append 'field=key&field=summary' to the URL of your request.
-->
<rss version="0.92" >
<channel>
    <title>ASF Jira</title>
    <link>https://issues.apache.org/jira</link>
    <description>This file is an XML representation of an issue</description>
    <language>en-uk</language>    <build-info>
        <version>8.20.10</version>
        <build-number>820010</build-number>
        <build-date>22-06-2022</build-date>
    </build-info>


<item>
            <title>[HIVE-19675] Cast to timestamps on Druid time column leads to an exception</title>
                <link>https://issues.apache.org/jira/browse/HIVE-19675</link>
                <project id="12310843" key="HIVE">Hive</project>
                    <description>&lt;p&gt;The following query fail due to a formatting issue.&lt;/p&gt;
&lt;div class=&quot;code panel&quot; style=&quot;border-width: 1px;&quot;&gt;&lt;div class=&quot;codeContent panelContent&quot;&gt;
&lt;pre class=&quot;code-java&quot;&gt;
SELECT CAST(`ssb_druid_100`.`__time` AS TIMESTAMP) AS `x_time`,
. . . . . . . . . . . . . . . .&amp;gt;   SUM(`ssb_druid_100`.`lo_revenue`) AS `sum_lo_revenue_ok`
. . . . . . . . . . . . . . . .&amp;gt; FROM `druid_ssb`.`ssb_druid_100` `ssb_druid_100`
. . . . . . . . . . . . . . . .&amp;gt; GROUP BY CAST(`ssb_druid_100`.`__time` AS TIMESTAMP);
&lt;/pre&gt;
&lt;/div&gt;&lt;/div&gt; 
&lt;p&gt;Exception&lt;/p&gt;
&lt;div class=&quot;code panel&quot; style=&quot;border-width: 1px;&quot;&gt;&lt;div class=&quot;codeContent panelContent&quot;&gt;
&lt;pre class=&quot;code-java&quot;&gt; 
Error: java.io.IOException: java.lang.NumberFormatException: For input string: &lt;span class=&quot;code-quote&quot;&gt;&quot;1991-12-31 19:00:00&quot;&lt;/span&gt; (state=,code=0)
&lt;/pre&gt;
&lt;/div&gt;&lt;/div&gt;
&lt;p&gt;&lt;a href=&quot;https://issues.apache.org/jira/secure/ViewProfile.jspa?name=jcamachorodriguez&quot; class=&quot;user-hover&quot; rel=&quot;jcamachorodriguez&quot;&gt;jcamachorodriguez&lt;/a&gt; maybe this is fixed by your upcoming patches.&lt;/p&gt;</description>
                <environment></environment>
        <key id="13161426">HIVE-19675</key>
            <summary>Cast to timestamps on Druid time column leads to an exception</summary>
                <type id="1" iconUrl="https://issues.apache.org/jira/secure/viewavatar?size=xsmall&amp;avatarId=21133&amp;avatarType=issuetype">Bug</type>
                                            <priority id="3" iconUrl="https://issues.apache.org/jira/images/icons/priorities/major.svg">Major</priority>
                        <status id="6" iconUrl="https://issues.apache.org/jira/images/icons/statuses/closed.png" description="The issue is considered finished, the resolution is correct. Issues which are not closed can be reopened.">Closed</status>
                    <statusCategory id="3" key="done" colorName="green"/>
                                    <resolution id="1">Fixed</resolution>
                                        <assignee username="bslim">Slim Bouguerra</assignee>
                                    <reporter username="bslim">Slim Bouguerra</reporter>
                        <labels>
                    </labels>
                <created>Wed, 23 May 2018 13:31:40 +0000</created>
                <updated>Tue, 27 Feb 2024 22:23:52 +0000</updated>
                            <resolved>Wed, 30 May 2018 18:41:51 +0000</resolved>
                                    <version>3.0.0</version>
                                    <fixVersion>3.1.0</fixVersion>
                    <fixVersion>4.0.0-alpha-1</fixVersion>
                                    <component>Druid integration</component>
                        <due></due>
                            <votes>0</votes>
                                    <watches>3</watches>
                                                                                                                <comments>
                            <comment id="16489831" author="bslim" created="Thu, 24 May 2018 21:26:32 +0000"  >&lt;p&gt;Exception stack.&lt;/p&gt;
&lt;div class=&quot;code panel&quot; style=&quot;border-width: 1px;&quot;&gt;&lt;div class=&quot;codeContent panelContent&quot;&gt;
&lt;pre class=&quot;code-java&quot;&gt;
2018-05-24T14:23:08,356 ERROR [bed0135d-46f9-495c-a71a-686aa8c449a2 main] CliDriver: Failed with exception java.io.IOException:java.lang.NumberFormatException: For input string: &lt;span class=&quot;code-quote&quot;&gt;&quot;2015-03-08 00:00:00&quot;&lt;/span&gt;
java.io.IOException: java.lang.NumberFormatException: For input string: &lt;span class=&quot;code-quote&quot;&gt;&quot;2015-03-08 00:00:00&quot;&lt;/span&gt;
        at org.apache.hadoop.hive.ql.exec.FetchOperator.getNextRow(FetchOperator.java:602)
        at org.apache.hadoop.hive.ql.exec.FetchOperator.pushRow(FetchOperator.java:509)
        at org.apache.hadoop.hive.ql.exec.FetchTask.fetch(FetchTask.java:145)
        at org.apache.hadoop.hive.ql.Driver.getResults(Driver.java:2509)
        at org.apache.hadoop.hive.ql.reexec.ReExecDriver.getResults(ReExecDriver.java:229)
        at org.apache.hadoop.hive.cli.CliDriver.processLocalCmd(CliDriver.java:259)
        at org.apache.hadoop.hive.cli.CliDriver.processCmd(CliDriver.java:188)
        at org.apache.hadoop.hive.cli.CliDriver.processLine(CliDriver.java:402)
        at org.apache.hadoop.hive.cli.CliDriver.processLine(CliDriver.java:335)
        at org.apache.hadoop.hive.ql.QTestUtil.executeClientInternal(QTestUtil.java:1485)
        at org.apache.hadoop.hive.ql.QTestUtil.executeClient(QTestUtil.java:1459)
        at org.apache.hadoop.hive.cli.control.CoreCliDriver.runTest(CoreCliDriver.java:177)
        at org.apache.hadoop.hive.cli.control.CliAdapter.runTest(CliAdapter.java:104)
        at org.apache.hadoop.hive.cli.TestMiniDruidLocalCliDriver.testCliDriver(TestMiniDruidLocalCliDriver.java:43)
        at sun.reflect.NativeMethodAccessorImpl.invoke0(Native Method)
        at sun.reflect.NativeMethodAccessorImpl.invoke(NativeMethodAccessorImpl.java:62)
        at sun.reflect.DelegatingMethodAccessorImpl.invoke(DelegatingMethodAccessorImpl.java:43)
        at java.lang.reflect.Method.invoke(Method.java:498)
        at org.junit.runners.model.FrameworkMethod$1.runReflectiveCall(FrameworkMethod.java:47)
        at org.junit.internal.runners.model.ReflectiveCallable.run(ReflectiveCallable.java:12)
        at org.junit.runners.model.FrameworkMethod.invokeExplosively(FrameworkMethod.java:44)
        at org.junit.internal.runners.statements.InvokeMethod.evaluate(InvokeMethod.java:17)
        at org.apache.hadoop.hive.cli.control.CliAdapter$2$1.evaluate(CliAdapter.java:92)
        at org.junit.rules.RunRules.evaluate(RunRules.java:20)
        at org.junit.runners.ParentRunner.runLeaf(ParentRunner.java:271)
        at org.junit.runners.BlockJUnit4ClassRunner.runChild(BlockJUnit4ClassRunner.java:70)
        at org.junit.runners.BlockJUnit4ClassRunner.runChild(BlockJUnit4ClassRunner.java:50)
        at org.junit.runners.ParentRunner$3.run(ParentRunner.java:238)
        at org.junit.runners.ParentRunner$1.schedule(ParentRunner.java:63)
        at org.junit.runners.ParentRunner.runChildren(ParentRunner.java:236)
        at org.junit.runners.ParentRunner.access$000(ParentRunner.java:53)
        at org.junit.runners.ParentRunner$2.evaluate(ParentRunner.java:229)
        at org.junit.runners.ParentRunner.run(ParentRunner.java:309)
        at org.junit.runners.Suite.runChild(Suite.java:127)
        at org.junit.runners.Suite.runChild(Suite.java:26)
        at org.junit.runners.ParentRunner$3.run(ParentRunner.java:238)
        at org.junit.runners.ParentRunner$1.schedule(ParentRunner.java:63)
        at org.junit.runners.ParentRunner.runChildren(ParentRunner.java:236)
        at org.junit.runners.ParentRunner.access$000(ParentRunner.java:53)
        at org.junit.runners.ParentRunner$2.evaluate(ParentRunner.java:229)
        at org.apache.hadoop.hive.cli.control.CliAdapter$1$1.evaluate(CliAdapter.java:73)
        at org.junit.rules.RunRules.evaluate(RunRules.java:20)
        at org.junit.runners.ParentRunner.run(ParentRunner.java:309)
        at org.apache.maven.surefire.junit4.JUnit4Provider.execute(JUnit4Provider.java:365)
        at org.apache.maven.surefire.junit4.JUnit4Provider.executeWithRerun(JUnit4Provider.java:273)
        at org.apache.maven.surefire.junit4.JUnit4Provider.executeTestSet(JUnit4Provider.java:238)
        at org.apache.maven.surefire.junit4.JUnit4Provider.invoke(JUnit4Provider.java:159)
        at org.apache.maven.surefire.booter.ForkedBooter.invokeProviderInSameClassLoader(ForkedBooter.java:379)
        at org.apache.maven.surefire.booter.ForkedBooter.runSuitesInProcess(ForkedBooter.java:340)
        at org.apache.maven.surefire.booter.ForkedBooter.execute(ForkedBooter.java:125)
        at org.apache.maven.surefire.booter.ForkedBooter.main(ForkedBooter.java:413)
Caused by: java.lang.NumberFormatException: For input string: &lt;span class=&quot;code-quote&quot;&gt;&quot;2015-03-08 00:00:00&quot;&lt;/span&gt;
        at java.lang.NumberFormatException.forInputString(NumberFormatException.java:65)
        at java.lang.&lt;span class=&quot;code-object&quot;&gt;Integer&lt;/span&gt;.parseInt(&lt;span class=&quot;code-object&quot;&gt;Integer&lt;/span&gt;.java:580)
        at java.lang.&lt;span class=&quot;code-object&quot;&gt;Integer&lt;/span&gt;.valueOf(&lt;span class=&quot;code-object&quot;&gt;Integer&lt;/span&gt;.java:766)
        at org.apache.hadoop.hive.druid.serde.DruidGroupByQueryRecordReader.lambda$nextKeyValue$2(DruidGroupByQueryRecordReader.java:113)
        at org.apache.hive.druid.com.google.common.collect.Maps$10.getValue(Maps.java:1855)
        at java.util.HashMap.putMapEntries(HashMap.java:513)
        at java.util.HashMap.putAll(HashMap.java:784)
        at org.apache.hadoop.hive.druid.serde.DruidGroupByQueryRecordReader.next(DruidGroupByQueryRecordReader.java:151)
        at org.apache.hadoop.hive.druid.serde.DruidGroupByQueryRecordReader.next(DruidGroupByQueryRecordReader.java:48)
        at org.apache.hadoop.hive.ql.exec.FetchOperator.getNextRow(FetchOperator.java:569)
        ... 50 more
&lt;/pre&gt;
&lt;/div&gt;&lt;/div&gt;</comment>
                            <comment id="16490016" author="bslim" created="Fri, 25 May 2018 00:01:46 +0000"  >&lt;p&gt;This is probably not the best way to fix this, but it does the job.&lt;br/&gt;
In the future we need to change the way how we ser/deser time column from Druid.&lt;/p&gt;</comment>
                            <comment id="16491418" author="ashutoshc" created="Sat, 26 May 2018 00:15:18 +0000"  >&lt;p&gt;It seems like it adds logic to parse timestamp with 2nd format after it fails parsing with first format. In what cases we will have timestamps with these 2 diff string representations?&lt;/p&gt;</comment>
                            <comment id="16491463" author="bslim" created="Sat, 26 May 2018 02:14:51 +0000"  >&lt;p&gt;In Case a cast to timestamp is pushed to Druid &lt;/p&gt;
&lt;div class=&quot;code panel&quot; style=&quot;border-width: 1px;&quot;&gt;&lt;div class=&quot;codeContent panelContent&quot;&gt;
&lt;pre class=&quot;code-java&quot;&gt;CAST(`ssb_druid_100`.`__time` AS TIMESTAMP)&lt;/pre&gt;
&lt;/div&gt;&lt;/div&gt;
&lt;p&gt;, the results is formatted as a Timestamp &lt;/p&gt;
&lt;div class=&quot;code panel&quot; style=&quot;border-width: 1px;&quot;&gt;&lt;div class=&quot;codeContent panelContent&quot;&gt;
&lt;pre class=&quot;code-java&quot;&gt;yyyy-MM-dd HH:mm:ss&lt;/pre&gt;
&lt;/div&gt;&lt;/div&gt;
&lt;p&gt;.&lt;br/&gt;
This is probably not the best way to fix this, but i want us to at least fix this very nasty bug and i will refactor this as soon as possible, especially after all the changes coming from &lt;a href=&quot;https://issues.apache.org/jira/secure/ViewProfile.jspa?name=jcamachorodriguez&quot; class=&quot;user-hover&quot; rel=&quot;jcamachorodriguez&quot;&gt;jcamachorodriguez&lt;/a&gt; around that part of the code.&lt;/p&gt;
</comment>
                            <comment id="16491497" author="ashutoshc" created="Sat, 26 May 2018 03:52:51 +0000"  >&lt;p&gt;ok +1&lt;/p&gt;</comment>
                            <comment id="16491676" author="bslim" created="Sat, 26 May 2018 14:26:55 +0000"  >&lt;p&gt;&lt;a href=&quot;https://issues.apache.org/jira/secure/ViewProfile.jspa?name=ashutoshc&quot; class=&quot;user-hover&quot; rel=&quot;ashutoshc&quot;&gt;ashutoshc&lt;/a&gt; please hold on this, i think i can tackle &lt;a href=&quot;https://issues.apache.org/jira/browse/HIVE-19721&quot; title=&quot;Druid Storage handler throws exception when query has a Cast to Date &quot; class=&quot;issue-link&quot; data-issue-key=&quot;HIVE-19721&quot;&gt;&lt;del&gt;HIVE-19721&lt;/del&gt;&lt;/a&gt; in the same patch.&lt;/p&gt;</comment>
                            <comment id="16492001" author="hiveqa" created="Sun, 27 May 2018 12:22:51 +0000"  >

&lt;p&gt;Here are the results of testing the latest attachment:&lt;br/&gt;
&lt;a href=&quot;https://issues.apache.org/jira/secure/attachment/12925060/HIVE-19675.2.patch&quot; class=&quot;external-link&quot; rel=&quot;nofollow&quot;&gt;https://issues.apache.org/jira/secure/attachment/12925060/HIVE-19675.2.patch&lt;/a&gt;&lt;/p&gt;

&lt;p&gt;&lt;font color=&quot;red&quot;&gt;ERROR:&lt;/font&gt; -1 due to build exiting with an error&lt;/p&gt;

&lt;p&gt;Test results: &lt;a href=&quot;https://builds.apache.org/job/PreCommit-HIVE-Build/11259/testReport&quot; class=&quot;external-link&quot; target=&quot;_blank&quot; rel=&quot;nofollow noopener&quot;&gt;https://builds.apache.org/job/PreCommit-HIVE-Build/11259/testReport&lt;/a&gt;&lt;br/&gt;
Console output: &lt;a href=&quot;https://builds.apache.org/job/PreCommit-HIVE-Build/11259/console&quot; class=&quot;external-link&quot; target=&quot;_blank&quot; rel=&quot;nofollow noopener&quot;&gt;https://builds.apache.org/job/PreCommit-HIVE-Build/11259/console&lt;/a&gt;&lt;br/&gt;
Test logs: &lt;a href=&quot;http://104.198.109.242/logs/PreCommit-HIVE-Build-11259/&quot; class=&quot;external-link&quot; target=&quot;_blank&quot; rel=&quot;nofollow noopener&quot;&gt;http://104.198.109.242/logs/PreCommit-HIVE-Build-11259/&lt;/a&gt;&lt;/p&gt;

&lt;p&gt;Messages:&lt;/p&gt;
&lt;div class=&quot;preformatted panel&quot; style=&quot;border-width: 1px;&quot;&gt;&lt;div class=&quot;preformattedContent panelContent&quot;&gt;
&lt;pre&gt;Executing org.apache.hive.ptest.execution.TestCheckPhase
Executing org.apache.hive.ptest.execution.PrepPhase
Tests exited with: NonZeroExitCodeException
Command &apos;bash /data/hiveptest/working/scratch/source-prep.sh&apos; failed with exit status 1 and output &apos;+ date &apos;+%Y-%m-%d %T.%3N&apos;
2018-05-27 12:22:19.524
+ [[ -n /usr/lib/jvm/java-8-openjdk-amd64 ]]
+ export JAVA_HOME=/usr/lib/jvm/java-8-openjdk-amd64
+ JAVA_HOME=/usr/lib/jvm/java-8-openjdk-amd64
+ export PATH=/usr/lib/jvm/java-8-openjdk-amd64/bin/:/usr/local/bin:/usr/bin:/bin:/usr/local/games:/usr/games
+ PATH=/usr/lib/jvm/java-8-openjdk-amd64/bin/:/usr/local/bin:/usr/bin:/bin:/usr/local/games:/usr/games
+ export &apos;ANT_OPTS=-Xmx1g -XX:MaxPermSize=256m &apos;
+ ANT_OPTS=&apos;-Xmx1g -XX:MaxPermSize=256m &apos;
+ export &apos;MAVEN_OPTS=-Xmx1g &apos;
+ MAVEN_OPTS=&apos;-Xmx1g &apos;
+ cd /data/hiveptest/working/
+ tee /data/hiveptest/logs/PreCommit-HIVE-Build-11259/source-prep.txt
+ [[ false == \t\r\u\e ]]
+ mkdir -p maven ivy
+ [[ git = \s\v\n ]]
+ [[ git = \g\i\t ]]
+ [[ -z master ]]
+ [[ -d apache-github-source-source ]]
+ [[ ! -d apache-github-source-source/.git ]]
+ [[ ! -d apache-github-source-source ]]
+ date &apos;+%Y-%m-%d %T.%3N&apos;
2018-05-27 12:22:19.527
+ cd apache-github-source-source
+ git fetch origin
+ git reset --hard HEAD
HEAD is now at 702a676 HIVE-19340: Disable timeout of transactions opened by replication task at target cluster (Mahesh Kumar Behera, reviewed by Sankar Hariappan)
+ git clean -f -d
+ git checkout master
Already on &apos;master&apos;
Your branch is up-to-date with &apos;origin/master&apos;.
+ git reset --hard origin/master
HEAD is now at 702a676 HIVE-19340: Disable timeout of transactions opened by replication task at target cluster (Mahesh Kumar Behera, reviewed by Sankar Hariappan)
+ git merge --ff-only origin/master
Already up-to-date.
+ date &apos;+%Y-%m-%d %T.%3N&apos;
2018-05-27 12:22:20.877
+ rm -rf ../yetus_PreCommit-HIVE-Build-11259
+ mkdir ../yetus_PreCommit-HIVE-Build-11259
+ git gc
+ cp -R . ../yetus_PreCommit-HIVE-Build-11259
+ mkdir /data/hiveptest/logs/PreCommit-HIVE-Build-11259/yetus
+ patchCommandPath=/data/hiveptest/working/scratch/smart-apply-patch.sh
+ patchFilePath=/data/hiveptest/working/scratch/build.patch
+ [[ -f /data/hiveptest/working/scratch/build.patch ]]
+ chmod +x /data/hiveptest/working/scratch/smart-apply-patch.sh
+ /data/hiveptest/working/scratch/smart-apply-patch.sh /data/hiveptest/working/scratch/build.patch
error: patch failed: ql/src/test/results/clientpositive/druid/druidmini_extractTime.q.out:1015
Falling back to three-way merge...
Applied patch to &apos;ql/src/test/results/clientpositive/druid/druidmini_extractTime.q.out&apos; with conflicts.
Going to apply patch with: git apply -p0
error: patch failed: ql/src/test/results/clientpositive/druid/druidmini_extractTime.q.out:1015
Falling back to three-way merge...
Applied patch to &apos;ql/src/test/results/clientpositive/druid/druidmini_extractTime.q.out&apos; with conflicts.
U ql/src/test/results/clientpositive/druid/druidmini_extractTime.q.out
+ exit 1
&apos;
&lt;/pre&gt;
&lt;/div&gt;&lt;/div&gt;

&lt;p&gt;This message is automatically generated.&lt;/p&gt;

&lt;p&gt;ATTACHMENT ID: 12925060 - PreCommit-HIVE-Build&lt;/p&gt;</comment>
                            <comment id="16493095" author="hiveqa" created="Tue, 29 May 2018 04:34:33 +0000"  >&lt;div class=&apos;table-wrap&apos;&gt;
&lt;table class=&apos;confluenceTable&apos;&gt;&lt;tbody&gt;
&lt;tr&gt;
&lt;td class=&apos;confluenceTd&apos;&gt; &lt;img class=&quot;emoticon&quot; src=&quot;https://issues.apache.org/jira/images/icons/emoticons/error.png&quot; height=&quot;16&quot; width=&quot;16&quot; align=&quot;absmiddle&quot; alt=&quot;&quot; border=&quot;0&quot;/&gt; &lt;b&gt;&lt;font color=&quot;red&quot;&gt;-1 overall&lt;/font&gt;&lt;/b&gt; &lt;/td&gt;
&lt;/tr&gt;
&lt;/tbody&gt;&lt;/table&gt;
&lt;/div&gt;

&lt;p&gt;&lt;br class=&quot;atl-forced-newline&quot; /&gt;
&lt;br class=&quot;atl-forced-newline&quot; /&gt;&lt;/p&gt;
&lt;div class=&apos;table-wrap&apos;&gt;
&lt;table class=&apos;confluenceTable&apos;&gt;&lt;tbody&gt;
&lt;tr&gt;
&lt;th class=&apos;confluenceTh&apos;&gt; Vote &lt;/th&gt;
&lt;th class=&apos;confluenceTh&apos;&gt; Subsystem &lt;/th&gt;
&lt;th class=&apos;confluenceTh&apos;&gt; Runtime &lt;/th&gt;
&lt;th class=&apos;confluenceTh&apos;&gt; Comment &lt;/th&gt;
&lt;/tr&gt;
&lt;tr&gt;
&lt;th class=&apos;confluenceTh&apos;&gt;&amp;nbsp;&lt;/th&gt;
&lt;th class=&apos;confluenceTh&apos;&gt;&amp;nbsp;&lt;/th&gt;
&lt;th class=&apos;confluenceTh&apos;&gt;&amp;nbsp;&lt;/th&gt;
&lt;th class=&apos;confluenceTh&apos;&gt; &lt;font color=&quot;brown&quot;&gt; Prechecks &lt;/font&gt; &lt;/th&gt;
&lt;/tr&gt;
&lt;tr&gt;
&lt;td class=&apos;confluenceTd&apos;&gt; &lt;font color=&quot;green&quot;&gt;+1&lt;/font&gt; &lt;/td&gt;
&lt;td class=&apos;confluenceTd&apos;&gt; &lt;font color=&quot;green&quot;&gt; @author &lt;/font&gt; &lt;/td&gt;
&lt;td class=&apos;confluenceTd&apos;&gt; &lt;font color=&quot;green&quot;&gt;  0m  0s&lt;/font&gt; &lt;/td&gt;
&lt;td class=&apos;confluenceTd&apos;&gt; &lt;font color=&quot;green&quot;&gt; The patch does not contain any @author tags. &lt;/font&gt; &lt;/td&gt;
&lt;/tr&gt;
&lt;tr&gt;
&lt;th class=&apos;confluenceTh&apos;&gt;&amp;nbsp;&lt;/th&gt;
&lt;th class=&apos;confluenceTh&apos;&gt;&amp;nbsp;&lt;/th&gt;
&lt;th class=&apos;confluenceTh&apos;&gt;&amp;nbsp;&lt;/th&gt;
&lt;th class=&apos;confluenceTh&apos;&gt; &lt;font color=&quot;brown&quot;&gt; master Compile Tests &lt;/font&gt; &lt;/th&gt;
&lt;/tr&gt;
&lt;tr&gt;
&lt;td class=&apos;confluenceTd&apos;&gt; &lt;font color=&quot;blue&quot;&gt;0&lt;/font&gt; &lt;/td&gt;
&lt;td class=&apos;confluenceTd&apos;&gt; &lt;font color=&quot;blue&quot;&gt; mvndep &lt;/font&gt; &lt;/td&gt;
&lt;td class=&apos;confluenceTd&apos;&gt; &lt;font color=&quot;blue&quot;&gt;  0m 37s&lt;/font&gt; &lt;/td&gt;
&lt;td class=&apos;confluenceTd&apos;&gt; &lt;font color=&quot;blue&quot;&gt; Maven dependency ordering for branch &lt;/font&gt; &lt;/td&gt;
&lt;/tr&gt;
&lt;tr&gt;
&lt;td class=&apos;confluenceTd&apos;&gt; &lt;font color=&quot;green&quot;&gt;+1&lt;/font&gt; &lt;/td&gt;
&lt;td class=&apos;confluenceTd&apos;&gt; &lt;font color=&quot;green&quot;&gt; mvninstall &lt;/font&gt; &lt;/td&gt;
&lt;td class=&apos;confluenceTd&apos;&gt; &lt;font color=&quot;green&quot;&gt;  6m 26s&lt;/font&gt; &lt;/td&gt;
&lt;td class=&apos;confluenceTd&apos;&gt; &lt;font color=&quot;green&quot;&gt; master passed &lt;/font&gt; &lt;/td&gt;
&lt;/tr&gt;
&lt;tr&gt;
&lt;td class=&apos;confluenceTd&apos;&gt; &lt;font color=&quot;green&quot;&gt;+1&lt;/font&gt; &lt;/td&gt;
&lt;td class=&apos;confluenceTd&apos;&gt; &lt;font color=&quot;green&quot;&gt; compile &lt;/font&gt; &lt;/td&gt;
&lt;td class=&apos;confluenceTd&apos;&gt; &lt;font color=&quot;green&quot;&gt;  1m 13s&lt;/font&gt; &lt;/td&gt;
&lt;td class=&apos;confluenceTd&apos;&gt; &lt;font color=&quot;green&quot;&gt; master passed &lt;/font&gt; &lt;/td&gt;
&lt;/tr&gt;
&lt;tr&gt;
&lt;td class=&apos;confluenceTd&apos;&gt; &lt;font color=&quot;green&quot;&gt;+1&lt;/font&gt; &lt;/td&gt;
&lt;td class=&apos;confluenceTd&apos;&gt; &lt;font color=&quot;green&quot;&gt; checkstyle &lt;/font&gt; &lt;/td&gt;
&lt;td class=&apos;confluenceTd&apos;&gt; &lt;font color=&quot;green&quot;&gt;  0m 44s&lt;/font&gt; &lt;/td&gt;
&lt;td class=&apos;confluenceTd&apos;&gt; &lt;font color=&quot;green&quot;&gt; master passed &lt;/font&gt; &lt;/td&gt;
&lt;/tr&gt;
&lt;tr&gt;
&lt;td class=&apos;confluenceTd&apos;&gt; &lt;font color=&quot;blue&quot;&gt;0&lt;/font&gt; &lt;/td&gt;
&lt;td class=&apos;confluenceTd&apos;&gt; &lt;font color=&quot;blue&quot;&gt; findbugs &lt;/font&gt; &lt;/td&gt;
&lt;td class=&apos;confluenceTd&apos;&gt; &lt;font color=&quot;blue&quot;&gt;  0m 24s&lt;/font&gt; &lt;/td&gt;
&lt;td class=&apos;confluenceTd&apos;&gt; &lt;font color=&quot;blue&quot;&gt; druid-handler in master has 12 extant Findbugs warnings. &lt;/font&gt; &lt;/td&gt;
&lt;/tr&gt;
&lt;tr&gt;
&lt;td class=&apos;confluenceTd&apos;&gt; &lt;font color=&quot;blue&quot;&gt;0&lt;/font&gt; &lt;/td&gt;
&lt;td class=&apos;confluenceTd&apos;&gt; &lt;font color=&quot;blue&quot;&gt; findbugs &lt;/font&gt; &lt;/td&gt;
&lt;td class=&apos;confluenceTd&apos;&gt; &lt;font color=&quot;blue&quot;&gt;  3m 33s&lt;/font&gt; &lt;/td&gt;
&lt;td class=&apos;confluenceTd&apos;&gt; &lt;font color=&quot;blue&quot;&gt; ql in master has 2324 extant Findbugs warnings. &lt;/font&gt; &lt;/td&gt;
&lt;/tr&gt;
&lt;tr&gt;
&lt;td class=&apos;confluenceTd&apos;&gt; &lt;font color=&quot;green&quot;&gt;+1&lt;/font&gt; &lt;/td&gt;
&lt;td class=&apos;confluenceTd&apos;&gt; &lt;font color=&quot;green&quot;&gt; javadoc &lt;/font&gt; &lt;/td&gt;
&lt;td class=&apos;confluenceTd&apos;&gt; &lt;font color=&quot;green&quot;&gt;  0m 59s&lt;/font&gt; &lt;/td&gt;
&lt;td class=&apos;confluenceTd&apos;&gt; &lt;font color=&quot;green&quot;&gt; master passed &lt;/font&gt; &lt;/td&gt;
&lt;/tr&gt;
&lt;tr&gt;
&lt;th class=&apos;confluenceTh&apos;&gt;&amp;nbsp;&lt;/th&gt;
&lt;th class=&apos;confluenceTh&apos;&gt;&amp;nbsp;&lt;/th&gt;
&lt;th class=&apos;confluenceTh&apos;&gt;&amp;nbsp;&lt;/th&gt;
&lt;th class=&apos;confluenceTh&apos;&gt; &lt;font color=&quot;brown&quot;&gt; Patch Compile Tests &lt;/font&gt; &lt;/th&gt;
&lt;/tr&gt;
&lt;tr&gt;
&lt;td class=&apos;confluenceTd&apos;&gt; &lt;font color=&quot;blue&quot;&gt;0&lt;/font&gt; &lt;/td&gt;
&lt;td class=&apos;confluenceTd&apos;&gt; &lt;font color=&quot;blue&quot;&gt; mvndep &lt;/font&gt; &lt;/td&gt;
&lt;td class=&apos;confluenceTd&apos;&gt; &lt;font color=&quot;blue&quot;&gt;  0m  7s&lt;/font&gt; &lt;/td&gt;
&lt;td class=&apos;confluenceTd&apos;&gt; &lt;font color=&quot;blue&quot;&gt; Maven dependency ordering for patch &lt;/font&gt; &lt;/td&gt;
&lt;/tr&gt;
&lt;tr&gt;
&lt;td class=&apos;confluenceTd&apos;&gt; &lt;font color=&quot;green&quot;&gt;+1&lt;/font&gt; &lt;/td&gt;
&lt;td class=&apos;confluenceTd&apos;&gt; &lt;font color=&quot;green&quot;&gt; mvninstall &lt;/font&gt; &lt;/td&gt;
&lt;td class=&apos;confluenceTd&apos;&gt; &lt;font color=&quot;green&quot;&gt;  1m 47s&lt;/font&gt; &lt;/td&gt;
&lt;td class=&apos;confluenceTd&apos;&gt; &lt;font color=&quot;green&quot;&gt; the patch passed &lt;/font&gt; &lt;/td&gt;
&lt;/tr&gt;
&lt;tr&gt;
&lt;td class=&apos;confluenceTd&apos;&gt; &lt;font color=&quot;green&quot;&gt;+1&lt;/font&gt; &lt;/td&gt;
&lt;td class=&apos;confluenceTd&apos;&gt; &lt;font color=&quot;green&quot;&gt; compile &lt;/font&gt; &lt;/td&gt;
&lt;td class=&apos;confluenceTd&apos;&gt; &lt;font color=&quot;green&quot;&gt;  1m 15s&lt;/font&gt; &lt;/td&gt;
&lt;td class=&apos;confluenceTd&apos;&gt; &lt;font color=&quot;green&quot;&gt; the patch passed &lt;/font&gt; &lt;/td&gt;
&lt;/tr&gt;
&lt;tr&gt;
&lt;td class=&apos;confluenceTd&apos;&gt; &lt;font color=&quot;green&quot;&gt;+1&lt;/font&gt; &lt;/td&gt;
&lt;td class=&apos;confluenceTd&apos;&gt; &lt;font color=&quot;green&quot;&gt; javac &lt;/font&gt; &lt;/td&gt;
&lt;td class=&apos;confluenceTd&apos;&gt; &lt;font color=&quot;green&quot;&gt;  1m 15s&lt;/font&gt; &lt;/td&gt;
&lt;td class=&apos;confluenceTd&apos;&gt; &lt;font color=&quot;green&quot;&gt; the patch passed &lt;/font&gt; &lt;/td&gt;
&lt;/tr&gt;
&lt;tr&gt;
&lt;td class=&apos;confluenceTd&apos;&gt; &lt;font color=&quot;red&quot;&gt;-1&lt;/font&gt; &lt;/td&gt;
&lt;td class=&apos;confluenceTd&apos;&gt; &lt;font color=&quot;red&quot;&gt; checkstyle &lt;/font&gt; &lt;/td&gt;
&lt;td class=&apos;confluenceTd&apos;&gt; &lt;font color=&quot;red&quot;&gt;  0m 10s&lt;/font&gt; &lt;/td&gt;
&lt;td class=&apos;confluenceTd&apos;&gt; &lt;font color=&quot;red&quot;&gt; druid-handler: The patch generated 2 new + 102 unchanged - 4 fixed = 104 total (was 106) &lt;/font&gt; &lt;/td&gt;
&lt;/tr&gt;
&lt;tr&gt;
&lt;td class=&apos;confluenceTd&apos;&gt; &lt;font color=&quot;green&quot;&gt;+1&lt;/font&gt; &lt;/td&gt;
&lt;td class=&apos;confluenceTd&apos;&gt; &lt;font color=&quot;green&quot;&gt; whitespace &lt;/font&gt; &lt;/td&gt;
&lt;td class=&apos;confluenceTd&apos;&gt; &lt;font color=&quot;green&quot;&gt;  0m  0s&lt;/font&gt; &lt;/td&gt;
&lt;td class=&apos;confluenceTd&apos;&gt; &lt;font color=&quot;green&quot;&gt; The patch has no whitespace issues. &lt;/font&gt; &lt;/td&gt;
&lt;/tr&gt;
&lt;tr&gt;
&lt;td class=&apos;confluenceTd&apos;&gt; &lt;font color=&quot;green&quot;&gt;+1&lt;/font&gt; &lt;/td&gt;
&lt;td class=&apos;confluenceTd&apos;&gt; &lt;font color=&quot;green&quot;&gt; findbugs &lt;/font&gt; &lt;/td&gt;
&lt;td class=&apos;confluenceTd&apos;&gt; &lt;font color=&quot;green&quot;&gt;  4m 14s&lt;/font&gt; &lt;/td&gt;
&lt;td class=&apos;confluenceTd&apos;&gt; &lt;font color=&quot;green&quot;&gt; the patch passed &lt;/font&gt; &lt;/td&gt;
&lt;/tr&gt;
&lt;tr&gt;
&lt;td class=&apos;confluenceTd&apos;&gt; &lt;font color=&quot;green&quot;&gt;+1&lt;/font&gt; &lt;/td&gt;
&lt;td class=&apos;confluenceTd&apos;&gt; &lt;font color=&quot;green&quot;&gt; javadoc &lt;/font&gt; &lt;/td&gt;
&lt;td class=&apos;confluenceTd&apos;&gt; &lt;font color=&quot;green&quot;&gt;  0m 59s&lt;/font&gt; &lt;/td&gt;
&lt;td class=&apos;confluenceTd&apos;&gt; &lt;font color=&quot;green&quot;&gt; the patch passed &lt;/font&gt; &lt;/td&gt;
&lt;/tr&gt;
&lt;tr&gt;
&lt;th class=&apos;confluenceTh&apos;&gt;&amp;nbsp;&lt;/th&gt;
&lt;th class=&apos;confluenceTh&apos;&gt;&amp;nbsp;&lt;/th&gt;
&lt;th class=&apos;confluenceTh&apos;&gt;&amp;nbsp;&lt;/th&gt;
&lt;th class=&apos;confluenceTh&apos;&gt; &lt;font color=&quot;brown&quot;&gt; Other Tests &lt;/font&gt; &lt;/th&gt;
&lt;/tr&gt;
&lt;tr&gt;
&lt;td class=&apos;confluenceTd&apos;&gt; &lt;font color=&quot;green&quot;&gt;+1&lt;/font&gt; &lt;/td&gt;
&lt;td class=&apos;confluenceTd&apos;&gt; &lt;font color=&quot;green&quot;&gt; asflicense &lt;/font&gt; &lt;/td&gt;
&lt;td class=&apos;confluenceTd&apos;&gt; &lt;font color=&quot;green&quot;&gt;  0m 11s&lt;/font&gt; &lt;/td&gt;
&lt;td class=&apos;confluenceTd&apos;&gt; &lt;font color=&quot;green&quot;&gt; The patch does not generate ASF License warnings. &lt;/font&gt; &lt;/td&gt;
&lt;/tr&gt;
&lt;tr&gt;
&lt;td class=&apos;confluenceTd&apos;&gt; &lt;font color=&quot;black&quot;&gt;&lt;/font&gt; &lt;/td&gt;
&lt;td class=&apos;confluenceTd&apos;&gt; &lt;font color=&quot;black&quot;&gt; &lt;/font&gt; &lt;/td&gt;
&lt;td class=&apos;confluenceTd&apos;&gt; &lt;font color=&quot;black&quot;&gt; 23m 54s&lt;/font&gt; &lt;/td&gt;
&lt;td class=&apos;confluenceTd&apos;&gt; &lt;font color=&quot;black&quot;&gt; &lt;/font&gt; &lt;/td&gt;
&lt;/tr&gt;
&lt;/tbody&gt;&lt;/table&gt;
&lt;/div&gt;

&lt;p&gt;&lt;br class=&quot;atl-forced-newline&quot; /&gt;
&lt;br class=&quot;atl-forced-newline&quot; /&gt;&lt;/p&gt;
&lt;div class=&apos;table-wrap&apos;&gt;
&lt;table class=&apos;confluenceTable&apos;&gt;&lt;tbody&gt;
&lt;tr&gt;
&lt;th class=&apos;confluenceTh&apos;&gt; Subsystem &lt;/th&gt;
&lt;th class=&apos;confluenceTh&apos;&gt; Report/Notes &lt;/th&gt;
&lt;/tr&gt;
&lt;tr&gt;
&lt;td class=&apos;confluenceTd&apos;&gt; Optional Tests &lt;/td&gt;
&lt;td class=&apos;confluenceTd&apos;&gt;  asflicense  javac  javadoc  findbugs  checkstyle  compile  &lt;/td&gt;
&lt;/tr&gt;
&lt;tr&gt;
&lt;td class=&apos;confluenceTd&apos;&gt; uname &lt;/td&gt;
&lt;td class=&apos;confluenceTd&apos;&gt; Linux hiveptest-server-upstream 3.16.0-4-amd64 #1 SMP Debian 3.16.36-1+deb8u1 (2016-09-03) x86_64 GNU/Linux &lt;/td&gt;
&lt;/tr&gt;
&lt;tr&gt;
&lt;td class=&apos;confluenceTd&apos;&gt; Build tool &lt;/td&gt;
&lt;td class=&apos;confluenceTd&apos;&gt; maven &lt;/td&gt;
&lt;/tr&gt;
&lt;tr&gt;
&lt;td class=&apos;confluenceTd&apos;&gt; Personality &lt;/td&gt;
&lt;td class=&apos;confluenceTd&apos;&gt; /data/hiveptest/working/yetus_PreCommit-HIVE-Build-11321/dev-support/hive-personality.sh &lt;/td&gt;
&lt;/tr&gt;
&lt;tr&gt;
&lt;td class=&apos;confluenceTd&apos;&gt; git revision &lt;/td&gt;
&lt;td class=&apos;confluenceTd&apos;&gt; master / 6a24a0c &lt;/td&gt;
&lt;/tr&gt;
&lt;tr&gt;
&lt;td class=&apos;confluenceTd&apos;&gt; Default Java &lt;/td&gt;
&lt;td class=&apos;confluenceTd&apos;&gt; 1.8.0_111 &lt;/td&gt;
&lt;/tr&gt;
&lt;tr&gt;
&lt;td class=&apos;confluenceTd&apos;&gt; findbugs &lt;/td&gt;
&lt;td class=&apos;confluenceTd&apos;&gt; v3.0.0 &lt;/td&gt;
&lt;/tr&gt;
&lt;tr&gt;
&lt;td class=&apos;confluenceTd&apos;&gt; checkstyle &lt;/td&gt;
&lt;td class=&apos;confluenceTd&apos;&gt; &lt;a href=&quot;http://104.198.109.242/logs//PreCommit-HIVE-Build-11321/yetus/diff-checkstyle-druid-handler.txt&quot; class=&quot;external-link&quot; target=&quot;_blank&quot; rel=&quot;nofollow noopener&quot;&gt;http://104.198.109.242/logs//PreCommit-HIVE-Build-11321/yetus/diff-checkstyle-druid-handler.txt&lt;/a&gt; &lt;/td&gt;
&lt;/tr&gt;
&lt;tr&gt;
&lt;td class=&apos;confluenceTd&apos;&gt; modules &lt;/td&gt;
&lt;td class=&apos;confluenceTd&apos;&gt; C: druid-handler ql U: . &lt;/td&gt;
&lt;/tr&gt;
&lt;tr&gt;
&lt;td class=&apos;confluenceTd&apos;&gt; Console output &lt;/td&gt;
&lt;td class=&apos;confluenceTd&apos;&gt; &lt;a href=&quot;http://104.198.109.242/logs//PreCommit-HIVE-Build-11321/yetus.txt&quot; class=&quot;external-link&quot; target=&quot;_blank&quot; rel=&quot;nofollow noopener&quot;&gt;http://104.198.109.242/logs//PreCommit-HIVE-Build-11321/yetus.txt&lt;/a&gt; &lt;/td&gt;
&lt;/tr&gt;
&lt;tr&gt;
&lt;td class=&apos;confluenceTd&apos;&gt; Powered by &lt;/td&gt;
&lt;td class=&apos;confluenceTd&apos;&gt; Apache Yetus    &lt;a href=&quot;http://yetus.apache.org&quot; class=&quot;external-link&quot; target=&quot;_blank&quot; rel=&quot;nofollow noopener&quot;&gt;http://yetus.apache.org&lt;/a&gt; &lt;/td&gt;
&lt;/tr&gt;
&lt;/tbody&gt;&lt;/table&gt;
&lt;/div&gt;



&lt;p&gt;This message was automatically generated.&lt;/p&gt;
</comment>
                            <comment id="16493111" author="hiveqa" created="Tue, 29 May 2018 05:13:17 +0000"  >

&lt;p&gt;Here are the results of testing the latest attachment:&lt;br/&gt;
&lt;a href=&quot;https://issues.apache.org/jira/secure/attachment/12925309/HIVE-19675.3.patch&quot; class=&quot;external-link&quot; rel=&quot;nofollow&quot;&gt;https://issues.apache.org/jira/secure/attachment/12925309/HIVE-19675.3.patch&lt;/a&gt;&lt;/p&gt;

&lt;p&gt;&lt;font color=&quot;green&quot;&gt;SUCCESS:&lt;/font&gt; +1 due to 1 test(s) being added or modified.&lt;/p&gt;

&lt;p&gt;&lt;font color=&quot;red&quot;&gt;ERROR:&lt;/font&gt; -1 due to 1 failed/errored test(s), 14409 tests executed&lt;br/&gt;
&lt;b&gt;Failed tests:&lt;/b&gt;&lt;/p&gt;
&lt;div class=&quot;preformatted panel&quot; style=&quot;border-width: 1px;&quot;&gt;&lt;div class=&quot;preformattedContent panelContent&quot;&gt;
&lt;pre&gt;org.apache.hive.hcatalog.pig.TestHCatLoaderComplexSchema.testSyntheticComplexSchema[3] (batchId=197)
&lt;/pre&gt;
&lt;/div&gt;&lt;/div&gt;

&lt;p&gt;Test results: &lt;a href=&quot;https://builds.apache.org/job/PreCommit-HIVE-Build/11321/testReport&quot; class=&quot;external-link&quot; target=&quot;_blank&quot; rel=&quot;nofollow noopener&quot;&gt;https://builds.apache.org/job/PreCommit-HIVE-Build/11321/testReport&lt;/a&gt;&lt;br/&gt;
Console output: &lt;a href=&quot;https://builds.apache.org/job/PreCommit-HIVE-Build/11321/console&quot; class=&quot;external-link&quot; target=&quot;_blank&quot; rel=&quot;nofollow noopener&quot;&gt;https://builds.apache.org/job/PreCommit-HIVE-Build/11321/console&lt;/a&gt;&lt;br/&gt;
Test logs: &lt;a href=&quot;http://104.198.109.242/logs/PreCommit-HIVE-Build-11321/&quot; class=&quot;external-link&quot; target=&quot;_blank&quot; rel=&quot;nofollow noopener&quot;&gt;http://104.198.109.242/logs/PreCommit-HIVE-Build-11321/&lt;/a&gt;&lt;/p&gt;

&lt;p&gt;Messages:&lt;/p&gt;
&lt;div class=&quot;preformatted panel&quot; style=&quot;border-width: 1px;&quot;&gt;&lt;div class=&quot;preformattedContent panelContent&quot;&gt;
&lt;pre&gt;Executing org.apache.hive.ptest.execution.TestCheckPhase
Executing org.apache.hive.ptest.execution.PrepPhase
Executing org.apache.hive.ptest.execution.YetusPhase
Executing org.apache.hive.ptest.execution.ExecutionPhase
Executing org.apache.hive.ptest.execution.ReportingPhase
Tests exited with: TestsFailedException: 1 tests failed
&lt;/pre&gt;
&lt;/div&gt;&lt;/div&gt;

&lt;p&gt;This message is automatically generated.&lt;/p&gt;

&lt;p&gt;ATTACHMENT ID: 12925309 - PreCommit-HIVE-Build&lt;/p&gt;</comment>
                            <comment id="16493114" author="ashutoshc" created="Tue, 29 May 2018 05:25:31 +0000"  >&lt;p&gt;&lt;a href=&quot;https://issues.apache.org/jira/secure/ViewProfile.jspa?name=jcamachorodriguez&quot; class=&quot;user-hover&quot; rel=&quot;jcamachorodriguez&quot;&gt;jcamachorodriguez&lt;/a&gt; Do we have jira for TestHCatLoaderComplexSchema.testSyntheticComplexSchema() ? We may need to disable this. &lt;a href=&quot;https://issues.apache.org/jira/secure/ViewProfile.jspa?name=daijy&quot; class=&quot;user-hover&quot; rel=&quot;daijy&quot;&gt;daijy&lt;/a&gt; Any guess for its flakiness. It fails with following stacktrace:&lt;/p&gt;
&lt;div class=&quot;code panel&quot; style=&quot;border-width: 1px;&quot;&gt;&lt;div class=&quot;codeContent panelContent&quot;&gt;
&lt;pre class=&quot;code-java&quot;&gt;

org.apache.pig.impl.logicalLayer.FrontendException: ERROR 1066: Unable to open iterator &lt;span class=&quot;code-keyword&quot;&gt;for&lt;/span&gt; alias X. Backend error : java.lang.IllegalStateException: Job in state DEFINE instead of RUNNING
	at org.apache.pig.PigServer.openIterator(PigServer.java:1009)
	at org.apache.hive.hcatalog.pig.TestHCatLoaderComplexSchema.verifyWriteRead(TestHCatLoaderComplexSchema.java:230)
	at org.apache.hive.hcatalog.pig.TestHCatLoaderComplexSchema.verifyWriteRead(TestHCatLoaderComplexSchema.java:207)
	at org.apache.hive.hcatalog.pig.TestHCatLoaderComplexSchema.testSyntheticComplexSchema(TestHCatLoaderComplexSchema.java:202)
	at sun.reflect.NativeMethodAccessorImpl.invoke0(Native Method)
	at sun.reflect.NativeMethodAccessorImpl.invoke(NativeMethodAccessorImpl.java:62)
	at sun.reflect.DelegatingMethodAccessorImpl.invoke(DelegatingMethodAccessorImpl.java:43)
	at java.lang.reflect.Method.invoke(Method.java:498)
	at org.junit.runners.model.FrameworkMethod$1.runReflectiveCall(FrameworkMethod.java:47)
	at org.junit.internal.runners.model.ReflectiveCallable.run(ReflectiveCallable.java:12)
	at org.junit.runners.model.FrameworkMethod.invokeExplosively(FrameworkMethod.java:44)
	at org.junit.internal.runners.statements.InvokeMethod.evaluate(InvokeMethod.java:17)
	at org.junit.runners.ParentRunner.runLeaf(ParentRunner.java:271)
	at org.junit.runners.BlockJUnit4ClassRunner.runChild(BlockJUnit4ClassRunner.java:70)
	at org.junit.runners.BlockJUnit4ClassRunner.runChild(BlockJUnit4ClassRunner.java:50)
	at org.junit.runners.ParentRunner$3.run(ParentRunner.java:238)
	at org.junit.runners.ParentRunner$1.schedule(ParentRunner.java:63)
	at org.junit.runners.ParentRunner.runChildren(ParentRunner.java:236)
	at org.junit.runners.ParentRunner.access$000(ParentRunner.java:53)
	at org.junit.runners.ParentRunner$2.evaluate(ParentRunner.java:229)
	at org.junit.runners.ParentRunner.run(ParentRunner.java:309)
	at org.junit.runners.Suite.runChild(Suite.java:127)
	at org.junit.runners.Suite.runChild(Suite.java:26)
	at org.junit.runners.ParentRunner$3.run(ParentRunner.java:238)
	at org.junit.runners.ParentRunner$1.schedule(ParentRunner.java:63)
	at org.junit.runners.ParentRunner.runChildren(ParentRunner.java:236)
	at org.junit.runners.ParentRunner.access$000(ParentRunner.java:53)
	at org.junit.runners.ParentRunner$2.evaluate(ParentRunner.java:229)
	at org.junit.internal.runners.statements.RunBefores.evaluate(RunBefores.java:26)
	at org.junit.runners.ParentRunner.run(ParentRunner.java:309)
	at org.apache.maven.surefire.junit4.JUnit4Provider.execute(JUnit4Provider.java:365)
	at org.apache.maven.surefire.junit4.JUnit4Provider.executeWithRerun(JUnit4Provider.java:273)
	at org.apache.maven.surefire.junit4.JUnit4Provider.executeTestSet(JUnit4Provider.java:238)
	at org.apache.maven.surefire.junit4.JUnit4Provider.invoke(JUnit4Provider.java:159)
	at org.apache.maven.surefire.booter.ForkedBooter.invokeProviderInSameClassLoader(ForkedBooter.java:379)
	at org.apache.maven.surefire.booter.ForkedBooter.runSuitesInProcess(ForkedBooter.java:340)
	at org.apache.maven.surefire.booter.ForkedBooter.execute(ForkedBooter.java:125)
	at org.apache.maven.surefire.booter.ForkedBooter.main(ForkedBooter.java:413)
Caused by: org.apache.pig.backend.executionengine.ExecException: ERROR 0: java.lang.IllegalStateException: Job in state DEFINE instead of RUNNING
	at org.apache.pig.backend.hadoop.executionengine.mapReduceLayer.MapReduceLauncher.getStats(MapReduceLauncher.java:822)
	at org.apache.pig.backend.hadoop.executionengine.mapReduceLayer.MapReduceLauncher.launchPig(MapReduceLauncher.java:452)
	at org.apache.pig.backend.hadoop.executionengine.HExecutionEngine.launchPig(HExecutionEngine.java:308)
	at org.apache.pig.PigServer.launchPlan(PigServer.java:1474)
	at org.apache.pig.PigServer.executeCompiledLogicalPlan(PigServer.java:1459)
	at org.apache.pig.PigServer.storeEx(PigServer.java:1118)
	at org.apache.pig.PigServer.store(PigServer.java:1081)
	at org.apache.pig.PigServer.openIterator(PigServer.java:994)
	... 37 more
Caused by: java.lang.IllegalStateException: Job in state DEFINE instead of RUNNING
	at org.apache.hadoop.mapreduce.Job.ensureState(Job.java:300)
	at org.apache.hadoop.mapreduce.Job.getTaskReports(Job.java:542)
	at org.apache.pig.backend.hadoop.executionengine.shims.HadoopShims.getTaskReports(HadoopShims.java:235)
	at org.apache.pig.backend.hadoop.executionengine.mapReduceLayer.MapReduceLauncher.getStats(MapReduceLauncher.java:801)
	... 44 moreorg.apache
&lt;/pre&gt;
&lt;/div&gt;&lt;/div&gt;</comment>
                            <comment id="16493749" author="jcamacho" created="Tue, 29 May 2018 15:55:13 +0000"  >&lt;p&gt;&lt;a href=&quot;https://issues.apache.org/jira/secure/ViewProfile.jspa?name=ashutoshc&quot; class=&quot;user-hover&quot; rel=&quot;ashutoshc&quot;&gt;ashutoshc&lt;/a&gt;, I have created &lt;a href=&quot;https://issues.apache.org/jira/browse/HIVE-19731&quot; title=&quot;Change staging tmp directory used by TestHCatLoaderComplexSchema&quot; class=&quot;issue-link&quot; data-issue-key=&quot;HIVE-19731&quot;&gt;&lt;del&gt;HIVE-19731&lt;/del&gt;&lt;/a&gt; and uploaded a fix. Root cause is the same as with other flaky test: default staging directory.&lt;/p&gt;

&lt;div class=&quot;preformatted panel&quot; style=&quot;border-width: 1px;&quot;&gt;&lt;div class=&quot;preformattedContent panelContent&quot;&gt;
&lt;pre&gt;org.apache.hadoop.util.Shell$ExitCodeException: chmod: cannot access &#8216;/tmp/hadoop/mapred/staging/hiveptest985275899/.staging/job_local985275899_0088&#8217;: No such file or directory

	at org.apache.hadoop.util.Shell.runCommand(Shell.java:1009) ~[hadoop-common-3.1.0.jar:?]
	at org.apache.hadoop.util.Shell.run(Shell.java:902) ~[hadoop-common-3.1.0.jar:?]
	at org.apache.hadoop.util.Shell$ShellCommandExecutor.execute(Shell.java:1227) ~[hadoop-common-3.1.0.jar:?]
	at org.apache.hadoop.util.Shell.execCommand(Shell.java:1321) ~[hadoop-common-3.1.0.jar:?]
	at org.apache.hadoop.util.Shell.execCommand(Shell.java:1303) ~[hadoop-common-3.1.0.jar:?]
	at org.apache.hadoop.fs.RawLocalFileSystem.setPermission(RawLocalFileSystem.java:840) ~[hadoop-common-3.1.0.jar:?]
	at org.apache.hadoop.fs.ChecksumFileSystem$1.apply(ChecksumFileSystem.java:508) ~[hadoop-common-3.1.0.jar:?]
	at org.apache.hadoop.fs.ChecksumFileSystem$FsOperation.run(ChecksumFileSystem.java:489) ~[hadoop-common-3.1.0.jar:?]
	at org.apache.hadoop.fs.ChecksumFileSystem.setPermission(ChecksumFileSystem.java:511) ~[hadoop-common-3.1.0.jar:?]
	at org.apache.hadoop.fs.FileSystem.mkdirs(FileSystem.java:727) ~[hadoop-common-3.1.0.jar:?]
	at org.apache.hadoop.mapreduce.JobResourceUploader.mkdirs(JobResourceUploader.java:658) ~[hadoop-mapreduce-client-core-3.1.0.jar:?]
	at org.apache.hadoop.mapreduce.JobResourceUploader.uploadResourcesInternal(JobResourceUploader.java:172) ~[hadoop-mapreduce-client-core-3.1.0.jar:?]
	at org.apache.hadoop.mapreduce.JobResourceUploader.uploadResources(JobResourceUploader.java:133) ~[hadoop-mapreduce-client-core-3.1.0.jar:?]
	at org.apache.hadoop.mapreduce.JobSubmitter.copyAndConfigureFiles(JobSubmitter.java:102) ~[hadoop-mapreduce-client-core-3.1.0.jar:?]
	at org.apache.hadoop.mapreduce.JobSubmitter.submitJobInternal(JobSubmitter.java:197) ~[hadoop-mapreduce-client-core-3.1.0.jar:?]
	at org.apache.hadoop.mapreduce.Job$11.run(Job.java:1570) ~[hadoop-mapreduce-client-core-3.1.0.jar:?]
	at org.apache.hadoop.mapreduce.Job$11.run(Job.java:1567) ~[hadoop-mapreduce-client-core-3.1.0.jar:?]
	at java.security.AccessController.doPrivileged(Native Method) ~[?:1.8.0_102]
	at javax.security.auth.Subject.doAs(Subject.java:422) ~[?:1.8.0_102]
	at org.apache.hadoop.security.UserGroupInformation.doAs(UserGroupInformation.java:1682) ~[hadoop-common-3.1.0.jar:?]
	at org.apache.hadoop.mapreduce.Job.submit(Job.java:1567) ~[hadoop-mapreduce-client-core-3.1.0.jar:?]
	at org.apache.hadoop.mapreduce.lib.jobcontrol.ControlledJob.submit(ControlledJob.java:336) [hadoop-mapreduce-client-core-3.1.0.jar:?]
	at sun.reflect.GeneratedMethodAccessor36.invoke(Unknown Source) ~[?:?]
	at sun.reflect.DelegatingMethodAccessorImpl.invoke(DelegatingMethodAccessorImpl.java:43) ~[?:1.8.0_102]
	at java.lang.reflect.Method.invoke(Method.java:498) ~[?:1.8.0_102]
	at org.apache.pig.backend.hadoop23.PigJobControl.submit(PigJobControl.java:128) [pig-0.16.0-h2.jar:?]
	at org.apache.pig.backend.hadoop23.PigJobControl.run(PigJobControl.java:194) [pig-0.16.0-h2.jar:?]
	at java.lang.Thread.run(Thread.java:745) [?:1.8.0_102]
	at org.apache.pig.backend.hadoop.executionengine.mapReduceLayer.MapReduceLauncher$1.run(MapReduceLauncher.java:276) [pig-0.16.0-h2.jar:?]
&lt;/pre&gt;
&lt;/div&gt;&lt;/div&gt;</comment>
                            <comment id="16495055" author="hiveqa" created="Wed, 30 May 2018 11:40:15 +0000"  >&lt;div class=&apos;table-wrap&apos;&gt;
&lt;table class=&apos;confluenceTable&apos;&gt;&lt;tbody&gt;
&lt;tr&gt;
&lt;td class=&apos;confluenceTd&apos;&gt; &lt;img class=&quot;emoticon&quot; src=&quot;https://issues.apache.org/jira/images/icons/emoticons/error.png&quot; height=&quot;16&quot; width=&quot;16&quot; align=&quot;absmiddle&quot; alt=&quot;&quot; border=&quot;0&quot;/&gt; &lt;b&gt;&lt;font color=&quot;red&quot;&gt;-1 overall&lt;/font&gt;&lt;/b&gt; &lt;/td&gt;
&lt;/tr&gt;
&lt;/tbody&gt;&lt;/table&gt;
&lt;/div&gt;

&lt;p&gt;&lt;br class=&quot;atl-forced-newline&quot; /&gt;
&lt;br class=&quot;atl-forced-newline&quot; /&gt;&lt;/p&gt;
&lt;div class=&apos;table-wrap&apos;&gt;
&lt;table class=&apos;confluenceTable&apos;&gt;&lt;tbody&gt;
&lt;tr&gt;
&lt;th class=&apos;confluenceTh&apos;&gt; Vote &lt;/th&gt;
&lt;th class=&apos;confluenceTh&apos;&gt; Subsystem &lt;/th&gt;
&lt;th class=&apos;confluenceTh&apos;&gt; Runtime &lt;/th&gt;
&lt;th class=&apos;confluenceTh&apos;&gt; Comment &lt;/th&gt;
&lt;/tr&gt;
&lt;tr&gt;
&lt;th class=&apos;confluenceTh&apos;&gt;&amp;nbsp;&lt;/th&gt;
&lt;th class=&apos;confluenceTh&apos;&gt;&amp;nbsp;&lt;/th&gt;
&lt;th class=&apos;confluenceTh&apos;&gt;&amp;nbsp;&lt;/th&gt;
&lt;th class=&apos;confluenceTh&apos;&gt; &lt;font color=&quot;brown&quot;&gt; Prechecks &lt;/font&gt; &lt;/th&gt;
&lt;/tr&gt;
&lt;tr&gt;
&lt;td class=&apos;confluenceTd&apos;&gt; &lt;font color=&quot;green&quot;&gt;+1&lt;/font&gt; &lt;/td&gt;
&lt;td class=&apos;confluenceTd&apos;&gt; &lt;font color=&quot;green&quot;&gt; @author &lt;/font&gt; &lt;/td&gt;
&lt;td class=&apos;confluenceTd&apos;&gt; &lt;font color=&quot;green&quot;&gt;  0m  0s&lt;/font&gt; &lt;/td&gt;
&lt;td class=&apos;confluenceTd&apos;&gt; &lt;font color=&quot;green&quot;&gt; The patch does not contain any @author tags. &lt;/font&gt; &lt;/td&gt;
&lt;/tr&gt;
&lt;tr&gt;
&lt;th class=&apos;confluenceTh&apos;&gt;&amp;nbsp;&lt;/th&gt;
&lt;th class=&apos;confluenceTh&apos;&gt;&amp;nbsp;&lt;/th&gt;
&lt;th class=&apos;confluenceTh&apos;&gt;&amp;nbsp;&lt;/th&gt;
&lt;th class=&apos;confluenceTh&apos;&gt; &lt;font color=&quot;brown&quot;&gt; master Compile Tests &lt;/font&gt; &lt;/th&gt;
&lt;/tr&gt;
&lt;tr&gt;
&lt;td class=&apos;confluenceTd&apos;&gt; &lt;font color=&quot;blue&quot;&gt;0&lt;/font&gt; &lt;/td&gt;
&lt;td class=&apos;confluenceTd&apos;&gt; &lt;font color=&quot;blue&quot;&gt; mvndep &lt;/font&gt; &lt;/td&gt;
&lt;td class=&apos;confluenceTd&apos;&gt; &lt;font color=&quot;blue&quot;&gt;  0m 22s&lt;/font&gt; &lt;/td&gt;
&lt;td class=&apos;confluenceTd&apos;&gt; &lt;font color=&quot;blue&quot;&gt; Maven dependency ordering for branch &lt;/font&gt; &lt;/td&gt;
&lt;/tr&gt;
&lt;tr&gt;
&lt;td class=&apos;confluenceTd&apos;&gt; &lt;font color=&quot;green&quot;&gt;+1&lt;/font&gt; &lt;/td&gt;
&lt;td class=&apos;confluenceTd&apos;&gt; &lt;font color=&quot;green&quot;&gt; mvninstall &lt;/font&gt; &lt;/td&gt;
&lt;td class=&apos;confluenceTd&apos;&gt; &lt;font color=&quot;green&quot;&gt;  6m  9s&lt;/font&gt; &lt;/td&gt;
&lt;td class=&apos;confluenceTd&apos;&gt; &lt;font color=&quot;green&quot;&gt; master passed &lt;/font&gt; &lt;/td&gt;
&lt;/tr&gt;
&lt;tr&gt;
&lt;td class=&apos;confluenceTd&apos;&gt; &lt;font color=&quot;green&quot;&gt;+1&lt;/font&gt; &lt;/td&gt;
&lt;td class=&apos;confluenceTd&apos;&gt; &lt;font color=&quot;green&quot;&gt; compile &lt;/font&gt; &lt;/td&gt;
&lt;td class=&apos;confluenceTd&apos;&gt; &lt;font color=&quot;green&quot;&gt;  1m 13s&lt;/font&gt; &lt;/td&gt;
&lt;td class=&apos;confluenceTd&apos;&gt; &lt;font color=&quot;green&quot;&gt; master passed &lt;/font&gt; &lt;/td&gt;
&lt;/tr&gt;
&lt;tr&gt;
&lt;td class=&apos;confluenceTd&apos;&gt; &lt;font color=&quot;green&quot;&gt;+1&lt;/font&gt; &lt;/td&gt;
&lt;td class=&apos;confluenceTd&apos;&gt; &lt;font color=&quot;green&quot;&gt; checkstyle &lt;/font&gt; &lt;/td&gt;
&lt;td class=&apos;confluenceTd&apos;&gt; &lt;font color=&quot;green&quot;&gt;  0m 45s&lt;/font&gt; &lt;/td&gt;
&lt;td class=&apos;confluenceTd&apos;&gt; &lt;font color=&quot;green&quot;&gt; master passed &lt;/font&gt; &lt;/td&gt;
&lt;/tr&gt;
&lt;tr&gt;
&lt;td class=&apos;confluenceTd&apos;&gt; &lt;font color=&quot;blue&quot;&gt;0&lt;/font&gt; &lt;/td&gt;
&lt;td class=&apos;confluenceTd&apos;&gt; &lt;font color=&quot;blue&quot;&gt; findbugs &lt;/font&gt; &lt;/td&gt;
&lt;td class=&apos;confluenceTd&apos;&gt; &lt;font color=&quot;blue&quot;&gt;  0m 26s&lt;/font&gt; &lt;/td&gt;
&lt;td class=&apos;confluenceTd&apos;&gt; &lt;font color=&quot;blue&quot;&gt; druid-handler in master has 12 extant Findbugs warnings. &lt;/font&gt; &lt;/td&gt;
&lt;/tr&gt;
&lt;tr&gt;
&lt;td class=&apos;confluenceTd&apos;&gt; &lt;font color=&quot;blue&quot;&gt;0&lt;/font&gt; &lt;/td&gt;
&lt;td class=&apos;confluenceTd&apos;&gt; &lt;font color=&quot;blue&quot;&gt; findbugs &lt;/font&gt; &lt;/td&gt;
&lt;td class=&apos;confluenceTd&apos;&gt; &lt;font color=&quot;blue&quot;&gt;  3m 33s&lt;/font&gt; &lt;/td&gt;
&lt;td class=&apos;confluenceTd&apos;&gt; &lt;font color=&quot;blue&quot;&gt; ql in master has 2333 extant Findbugs warnings. &lt;/font&gt; &lt;/td&gt;
&lt;/tr&gt;
&lt;tr&gt;
&lt;td class=&apos;confluenceTd&apos;&gt; &lt;font color=&quot;green&quot;&gt;+1&lt;/font&gt; &lt;/td&gt;
&lt;td class=&apos;confluenceTd&apos;&gt; &lt;font color=&quot;green&quot;&gt; javadoc &lt;/font&gt; &lt;/td&gt;
&lt;td class=&apos;confluenceTd&apos;&gt; &lt;font color=&quot;green&quot;&gt;  1m  3s&lt;/font&gt; &lt;/td&gt;
&lt;td class=&apos;confluenceTd&apos;&gt; &lt;font color=&quot;green&quot;&gt; master passed &lt;/font&gt; &lt;/td&gt;
&lt;/tr&gt;
&lt;tr&gt;
&lt;th class=&apos;confluenceTh&apos;&gt;&amp;nbsp;&lt;/th&gt;
&lt;th class=&apos;confluenceTh&apos;&gt;&amp;nbsp;&lt;/th&gt;
&lt;th class=&apos;confluenceTh&apos;&gt;&amp;nbsp;&lt;/th&gt;
&lt;th class=&apos;confluenceTh&apos;&gt; &lt;font color=&quot;brown&quot;&gt; Patch Compile Tests &lt;/font&gt; &lt;/th&gt;
&lt;/tr&gt;
&lt;tr&gt;
&lt;td class=&apos;confluenceTd&apos;&gt; &lt;font color=&quot;blue&quot;&gt;0&lt;/font&gt; &lt;/td&gt;
&lt;td class=&apos;confluenceTd&apos;&gt; &lt;font color=&quot;blue&quot;&gt; mvndep &lt;/font&gt; &lt;/td&gt;
&lt;td class=&apos;confluenceTd&apos;&gt; &lt;font color=&quot;blue&quot;&gt;  0m  7s&lt;/font&gt; &lt;/td&gt;
&lt;td class=&apos;confluenceTd&apos;&gt; &lt;font color=&quot;blue&quot;&gt; Maven dependency ordering for patch &lt;/font&gt; &lt;/td&gt;
&lt;/tr&gt;
&lt;tr&gt;
&lt;td class=&apos;confluenceTd&apos;&gt; &lt;font color=&quot;green&quot;&gt;+1&lt;/font&gt; &lt;/td&gt;
&lt;td class=&apos;confluenceTd&apos;&gt; &lt;font color=&quot;green&quot;&gt; mvninstall &lt;/font&gt; &lt;/td&gt;
&lt;td class=&apos;confluenceTd&apos;&gt; &lt;font color=&quot;green&quot;&gt;  1m 45s&lt;/font&gt; &lt;/td&gt;
&lt;td class=&apos;confluenceTd&apos;&gt; &lt;font color=&quot;green&quot;&gt; the patch passed &lt;/font&gt; &lt;/td&gt;
&lt;/tr&gt;
&lt;tr&gt;
&lt;td class=&apos;confluenceTd&apos;&gt; &lt;font color=&quot;green&quot;&gt;+1&lt;/font&gt; &lt;/td&gt;
&lt;td class=&apos;confluenceTd&apos;&gt; &lt;font color=&quot;green&quot;&gt; compile &lt;/font&gt; &lt;/td&gt;
&lt;td class=&apos;confluenceTd&apos;&gt; &lt;font color=&quot;green&quot;&gt;  1m 12s&lt;/font&gt; &lt;/td&gt;
&lt;td class=&apos;confluenceTd&apos;&gt; &lt;font color=&quot;green&quot;&gt; the patch passed &lt;/font&gt; &lt;/td&gt;
&lt;/tr&gt;
&lt;tr&gt;
&lt;td class=&apos;confluenceTd&apos;&gt; &lt;font color=&quot;green&quot;&gt;+1&lt;/font&gt; &lt;/td&gt;
&lt;td class=&apos;confluenceTd&apos;&gt; &lt;font color=&quot;green&quot;&gt; javac &lt;/font&gt; &lt;/td&gt;
&lt;td class=&apos;confluenceTd&apos;&gt; &lt;font color=&quot;green&quot;&gt;  1m 12s&lt;/font&gt; &lt;/td&gt;
&lt;td class=&apos;confluenceTd&apos;&gt; &lt;font color=&quot;green&quot;&gt; the patch passed &lt;/font&gt; &lt;/td&gt;
&lt;/tr&gt;
&lt;tr&gt;
&lt;td class=&apos;confluenceTd&apos;&gt; &lt;font color=&quot;green&quot;&gt;+1&lt;/font&gt; &lt;/td&gt;
&lt;td class=&apos;confluenceTd&apos;&gt; &lt;font color=&quot;green&quot;&gt; checkstyle &lt;/font&gt; &lt;/td&gt;
&lt;td class=&apos;confluenceTd&apos;&gt; &lt;font color=&quot;green&quot;&gt;  0m  9s&lt;/font&gt; &lt;/td&gt;
&lt;td class=&apos;confluenceTd&apos;&gt; &lt;font color=&quot;green&quot;&gt; druid-handler: The patch generated 0 new + 14 unchanged - 92 fixed = 14 total (was 106) &lt;/font&gt; &lt;/td&gt;
&lt;/tr&gt;
&lt;tr&gt;
&lt;td class=&apos;confluenceTd&apos;&gt; &lt;font color=&quot;green&quot;&gt;+1&lt;/font&gt; &lt;/td&gt;
&lt;td class=&apos;confluenceTd&apos;&gt; &lt;font color=&quot;green&quot;&gt; checkstyle &lt;/font&gt; &lt;/td&gt;
&lt;td class=&apos;confluenceTd&apos;&gt; &lt;font color=&quot;green&quot;&gt;  0m 36s&lt;/font&gt; &lt;/td&gt;
&lt;td class=&apos;confluenceTd&apos;&gt; &lt;font color=&quot;green&quot;&gt; The patch ql passed checkstyle &lt;/font&gt; &lt;/td&gt;
&lt;/tr&gt;
&lt;tr&gt;
&lt;td class=&apos;confluenceTd&apos;&gt; &lt;font color=&quot;green&quot;&gt;+1&lt;/font&gt; &lt;/td&gt;
&lt;td class=&apos;confluenceTd&apos;&gt; &lt;font color=&quot;green&quot;&gt; whitespace &lt;/font&gt; &lt;/td&gt;
&lt;td class=&apos;confluenceTd&apos;&gt; &lt;font color=&quot;green&quot;&gt;  0m  0s&lt;/font&gt; &lt;/td&gt;
&lt;td class=&apos;confluenceTd&apos;&gt; &lt;font color=&quot;green&quot;&gt; The patch has no whitespace issues. &lt;/font&gt; &lt;/td&gt;
&lt;/tr&gt;
&lt;tr&gt;
&lt;td class=&apos;confluenceTd&apos;&gt; &lt;font color=&quot;red&quot;&gt;-1&lt;/font&gt; &lt;/td&gt;
&lt;td class=&apos;confluenceTd&apos;&gt; &lt;font color=&quot;red&quot;&gt; findbugs &lt;/font&gt; &lt;/td&gt;
&lt;td class=&apos;confluenceTd&apos;&gt; &lt;font color=&quot;red&quot;&gt;  0m 32s&lt;/font&gt; &lt;/td&gt;
&lt;td class=&apos;confluenceTd&apos;&gt; &lt;font color=&quot;red&quot;&gt; druid-handler generated 1 new + 12 unchanged - 0 fixed = 13 total (was 12) &lt;/font&gt; &lt;/td&gt;
&lt;/tr&gt;
&lt;tr&gt;
&lt;td class=&apos;confluenceTd&apos;&gt; &lt;font color=&quot;green&quot;&gt;+1&lt;/font&gt; &lt;/td&gt;
&lt;td class=&apos;confluenceTd&apos;&gt; &lt;font color=&quot;green&quot;&gt; javadoc &lt;/font&gt; &lt;/td&gt;
&lt;td class=&apos;confluenceTd&apos;&gt; &lt;font color=&quot;green&quot;&gt;  1m  0s&lt;/font&gt; &lt;/td&gt;
&lt;td class=&apos;confluenceTd&apos;&gt; &lt;font color=&quot;green&quot;&gt; the patch passed &lt;/font&gt; &lt;/td&gt;
&lt;/tr&gt;
&lt;tr&gt;
&lt;th class=&apos;confluenceTh&apos;&gt;&amp;nbsp;&lt;/th&gt;
&lt;th class=&apos;confluenceTh&apos;&gt;&amp;nbsp;&lt;/th&gt;
&lt;th class=&apos;confluenceTh&apos;&gt;&amp;nbsp;&lt;/th&gt;
&lt;th class=&apos;confluenceTh&apos;&gt; &lt;font color=&quot;brown&quot;&gt; Other Tests &lt;/font&gt; &lt;/th&gt;
&lt;/tr&gt;
&lt;tr&gt;
&lt;td class=&apos;confluenceTd&apos;&gt; &lt;font color=&quot;green&quot;&gt;+1&lt;/font&gt; &lt;/td&gt;
&lt;td class=&apos;confluenceTd&apos;&gt; &lt;font color=&quot;green&quot;&gt; asflicense &lt;/font&gt; &lt;/td&gt;
&lt;td class=&apos;confluenceTd&apos;&gt; &lt;font color=&quot;green&quot;&gt;  0m 12s&lt;/font&gt; &lt;/td&gt;
&lt;td class=&apos;confluenceTd&apos;&gt; &lt;font color=&quot;green&quot;&gt; The patch does not generate ASF License warnings. &lt;/font&gt; &lt;/td&gt;
&lt;/tr&gt;
&lt;tr&gt;
&lt;td class=&apos;confluenceTd&apos;&gt; &lt;font color=&quot;black&quot;&gt;&lt;/font&gt; &lt;/td&gt;
&lt;td class=&apos;confluenceTd&apos;&gt; &lt;font color=&quot;black&quot;&gt; &lt;/font&gt; &lt;/td&gt;
&lt;td class=&apos;confluenceTd&apos;&gt; &lt;font color=&quot;black&quot;&gt; 23m 23s&lt;/font&gt; &lt;/td&gt;
&lt;td class=&apos;confluenceTd&apos;&gt; &lt;font color=&quot;black&quot;&gt; &lt;/font&gt; &lt;/td&gt;
&lt;/tr&gt;
&lt;/tbody&gt;&lt;/table&gt;
&lt;/div&gt;

&lt;p&gt;&lt;br class=&quot;atl-forced-newline&quot; /&gt;
&lt;br class=&quot;atl-forced-newline&quot; /&gt;&lt;/p&gt;
&lt;div class=&apos;table-wrap&apos;&gt;
&lt;table class=&apos;confluenceTable&apos;&gt;&lt;tbody&gt;
&lt;tr&gt;
&lt;th class=&apos;confluenceTh&apos;&gt; Reason &lt;/th&gt;
&lt;th class=&apos;confluenceTh&apos;&gt; Tests &lt;/th&gt;
&lt;/tr&gt;
&lt;tr&gt;
&lt;td class=&apos;confluenceTd&apos;&gt; FindBugs &lt;/td&gt;
&lt;td class=&apos;confluenceTd&apos;&gt; module:druid-handler &lt;/td&gt;
&lt;/tr&gt;
&lt;tr&gt;
&lt;td class=&apos;confluenceTd&apos;&gt;&amp;nbsp;&lt;/td&gt;
&lt;td class=&apos;confluenceTd&apos;&gt;  Boxing/unboxing to parse a primitive org.apache.hadoop.hive.druid.serde.DruidSerDe.deserialize(Writable)  At DruidSerDe.java:org.apache.hadoop.hive.druid.serde.DruidSerDe.deserialize(Writable)  At DruidSerDe.java:&lt;span class=&quot;error&quot;&gt;&amp;#91;line 441&amp;#93;&lt;/span&gt; &lt;/td&gt;
&lt;/tr&gt;
&lt;/tbody&gt;&lt;/table&gt;
&lt;/div&gt;

&lt;p&gt;&lt;br class=&quot;atl-forced-newline&quot; /&gt;
&lt;br class=&quot;atl-forced-newline&quot; /&gt;&lt;/p&gt;
&lt;div class=&apos;table-wrap&apos;&gt;
&lt;table class=&apos;confluenceTable&apos;&gt;&lt;tbody&gt;
&lt;tr&gt;
&lt;th class=&apos;confluenceTh&apos;&gt; Subsystem &lt;/th&gt;
&lt;th class=&apos;confluenceTh&apos;&gt; Report/Notes &lt;/th&gt;
&lt;/tr&gt;
&lt;tr&gt;
&lt;td class=&apos;confluenceTd&apos;&gt; Optional Tests &lt;/td&gt;
&lt;td class=&apos;confluenceTd&apos;&gt;  asflicense  javac  javadoc  findbugs  checkstyle  compile  &lt;/td&gt;
&lt;/tr&gt;
&lt;tr&gt;
&lt;td class=&apos;confluenceTd&apos;&gt; uname &lt;/td&gt;
&lt;td class=&apos;confluenceTd&apos;&gt; Linux hiveptest-server-upstream 3.16.0-4-amd64 #1 SMP Debian 3.16.36-1+deb8u1 (2016-09-03) x86_64 GNU/Linux &lt;/td&gt;
&lt;/tr&gt;
&lt;tr&gt;
&lt;td class=&apos;confluenceTd&apos;&gt; Build tool &lt;/td&gt;
&lt;td class=&apos;confluenceTd&apos;&gt; maven &lt;/td&gt;
&lt;/tr&gt;
&lt;tr&gt;
&lt;td class=&apos;confluenceTd&apos;&gt; Personality &lt;/td&gt;
&lt;td class=&apos;confluenceTd&apos;&gt; /data/hiveptest/working/yetus_PreCommit-HIVE-Build-11359/dev-support/hive-personality.sh &lt;/td&gt;
&lt;/tr&gt;
&lt;tr&gt;
&lt;td class=&apos;confluenceTd&apos;&gt; git revision &lt;/td&gt;
&lt;td class=&apos;confluenceTd&apos;&gt; master / c2ba457 &lt;/td&gt;
&lt;/tr&gt;
&lt;tr&gt;
&lt;td class=&apos;confluenceTd&apos;&gt; Default Java &lt;/td&gt;
&lt;td class=&apos;confluenceTd&apos;&gt; 1.8.0_111 &lt;/td&gt;
&lt;/tr&gt;
&lt;tr&gt;
&lt;td class=&apos;confluenceTd&apos;&gt; findbugs &lt;/td&gt;
&lt;td class=&apos;confluenceTd&apos;&gt; v3.0.0 &lt;/td&gt;
&lt;/tr&gt;
&lt;tr&gt;
&lt;td class=&apos;confluenceTd&apos;&gt; findbugs &lt;/td&gt;
&lt;td class=&apos;confluenceTd&apos;&gt; &lt;a href=&quot;http://104.198.109.242/logs//PreCommit-HIVE-Build-11359/yetus/new-findbugs-druid-handler.html&quot; class=&quot;external-link&quot; target=&quot;_blank&quot; rel=&quot;nofollow noopener&quot;&gt;http://104.198.109.242/logs//PreCommit-HIVE-Build-11359/yetus/new-findbugs-druid-handler.html&lt;/a&gt; &lt;/td&gt;
&lt;/tr&gt;
&lt;tr&gt;
&lt;td class=&apos;confluenceTd&apos;&gt; modules &lt;/td&gt;
&lt;td class=&apos;confluenceTd&apos;&gt; C: druid-handler ql U: . &lt;/td&gt;
&lt;/tr&gt;
&lt;tr&gt;
&lt;td class=&apos;confluenceTd&apos;&gt; Console output &lt;/td&gt;
&lt;td class=&apos;confluenceTd&apos;&gt; &lt;a href=&quot;http://104.198.109.242/logs//PreCommit-HIVE-Build-11359/yetus.txt&quot; class=&quot;external-link&quot; target=&quot;_blank&quot; rel=&quot;nofollow noopener&quot;&gt;http://104.198.109.242/logs//PreCommit-HIVE-Build-11359/yetus.txt&lt;/a&gt; &lt;/td&gt;
&lt;/tr&gt;
&lt;tr&gt;
&lt;td class=&apos;confluenceTd&apos;&gt; Powered by &lt;/td&gt;
&lt;td class=&apos;confluenceTd&apos;&gt; Apache Yetus    &lt;a href=&quot;http://yetus.apache.org&quot; class=&quot;external-link&quot; target=&quot;_blank&quot; rel=&quot;nofollow noopener&quot;&gt;http://yetus.apache.org&lt;/a&gt; &lt;/td&gt;
&lt;/tr&gt;
&lt;/tbody&gt;&lt;/table&gt;
&lt;/div&gt;



&lt;p&gt;This message was automatically generated.&lt;/p&gt;
</comment>
                            <comment id="16495090" author="hiveqa" created="Wed, 30 May 2018 12:19:00 +0000"  >

&lt;p&gt;Here are the results of testing the latest attachment:&lt;br/&gt;
&lt;a href=&quot;https://issues.apache.org/jira/secure/attachment/12925525/HIVE-19675.5.patch&quot; class=&quot;external-link&quot; rel=&quot;nofollow&quot;&gt;https://issues.apache.org/jira/secure/attachment/12925525/HIVE-19675.5.patch&lt;/a&gt;&lt;/p&gt;

&lt;p&gt;&lt;font color=&quot;green&quot;&gt;SUCCESS:&lt;/font&gt; +1 due to 1 test(s) being added or modified.&lt;/p&gt;

&lt;p&gt;&lt;font color=&quot;green&quot;&gt;SUCCESS:&lt;/font&gt; +1 due to 14414 tests passed&lt;/p&gt;

&lt;p&gt;Test results: &lt;a href=&quot;https://builds.apache.org/job/PreCommit-HIVE-Build/11359/testReport&quot; class=&quot;external-link&quot; target=&quot;_blank&quot; rel=&quot;nofollow noopener&quot;&gt;https://builds.apache.org/job/PreCommit-HIVE-Build/11359/testReport&lt;/a&gt;&lt;br/&gt;
Console output: &lt;a href=&quot;https://builds.apache.org/job/PreCommit-HIVE-Build/11359/console&quot; class=&quot;external-link&quot; target=&quot;_blank&quot; rel=&quot;nofollow noopener&quot;&gt;https://builds.apache.org/job/PreCommit-HIVE-Build/11359/console&lt;/a&gt;&lt;br/&gt;
Test logs: &lt;a href=&quot;http://104.198.109.242/logs/PreCommit-HIVE-Build-11359/&quot; class=&quot;external-link&quot; target=&quot;_blank&quot; rel=&quot;nofollow noopener&quot;&gt;http://104.198.109.242/logs/PreCommit-HIVE-Build-11359/&lt;/a&gt;&lt;/p&gt;

&lt;p&gt;Messages:&lt;/p&gt;
&lt;div class=&quot;preformatted panel&quot; style=&quot;border-width: 1px;&quot;&gt;&lt;div class=&quot;preformattedContent panelContent&quot;&gt;
&lt;pre&gt;Executing org.apache.hive.ptest.execution.TestCheckPhase
Executing org.apache.hive.ptest.execution.PrepPhase
Executing org.apache.hive.ptest.execution.YetusPhase
Executing org.apache.hive.ptest.execution.ExecutionPhase
Executing org.apache.hive.ptest.execution.ReportingPhase
&lt;/pre&gt;
&lt;/div&gt;&lt;/div&gt;

&lt;p&gt;This message is automatically generated.&lt;/p&gt;

&lt;p&gt;ATTACHMENT ID: 12925525 - PreCommit-HIVE-Build&lt;/p&gt;</comment>
                            <comment id="16495550" author="ashutoshc" created="Wed, 30 May 2018 18:41:51 +0000"  >&lt;p&gt;Pushed to master. Thanks, Slim&lt;br/&gt;
&lt;a href=&quot;https://issues.apache.org/jira/secure/ViewProfile.jspa?name=vgarg&quot; class=&quot;user-hover&quot; rel=&quot;vgarg&quot;&gt;vgarg&lt;/a&gt; Can we get this in branch-3 as well. Since change is only in druid-handler/ it has low risk to break any other tests. So, doesn&apos;t warrant another run for branch-3.&lt;/p&gt;</comment>
                            <comment id="16496018" author="vgarg" created="Thu, 31 May 2018 03:14:26 +0000"  >&lt;p&gt;Pushed to branch-3&lt;/p&gt;</comment>
                            <comment id="16562784" author="vgarg" created="Tue, 31 Jul 2018 01:32:45 +0000"  >&lt;p&gt;This is released in Hive 3.1.0.&lt;/p&gt;</comment>
                    </comments>
                <issuelinks>
                            <issuelinktype id="10030">
                    <name>Reference</name>
                                                                <inwardlinks description="is related to">
                                        <issuelink>
            <issuekey id="13162230">HIVE-19721</issuekey>
        </issuelink>
                            </inwardlinks>
                                    </issuelinktype>
                    </issuelinks>
                <attachments>
                            <attachment id="12925060" name="HIVE-19675.2.patch" size="9712" author="bslim" created="Fri, 25 May 2018 00:04:06 +0000"/>
                            <attachment id="12925309" name="HIVE-19675.3.patch" size="10473" author="ashutoshc" created="Sun, 27 May 2018 15:55:56 +0000"/>
                            <attachment id="12925496" name="HIVE-19675.4.patch" size="10473" author="ashutoshc" created="Tue, 29 May 2018 05:26:24 +0000"/>
                            <attachment id="12925525" name="HIVE-19675.5.patch" size="38900" author="bslim" created="Tue, 29 May 2018 10:27:34 +0000"/>
                            <attachment id="12925058" name="HIVE-19675.patch" size="9721" author="bslim" created="Fri, 25 May 2018 00:02:02 +0000"/>
                    </attachments>
                <subtasks>
                    </subtasks>
                <customfields>
                                                                            <customfield id="customfield_12310310" key="com.atlassian.jira.toolkit:attachments">
                        <customfieldname>Attachment count</customfieldname>
                        <customfieldvalues>
                            <customfieldvalue>5.0</customfieldvalue>
                        </customfieldvalues>
                    </customfield>
                                                                                                                                                                                                                                                                                                                                                                                                                                                                                                                                                                                                                                                                                                        <customfield id="customfield_12314020" key="com.atlassian.jira.plugins.jira-development-integration-plugin:devsummary">
                        <customfieldname>Development</customfieldname>
                        <customfieldvalues>
                            
                        </customfieldvalues>
                    </customfield>
                                                                                                                        <customfield id="customfield_12313422" key="com.atlassian.jirafisheyeplugin:jobcheckbox">
                        <customfieldname>Enable Automatic Patch Review</customfieldname>
                        <customfieldvalues>
                            <customfieldvalue><![CDATA[false]]></customfieldvalue>

                        </customfieldvalues>
                    </customfield>
                                                                                                                                                                                                                                                                                                                                                                                                                                                                                                                                                                                                                                                <customfield id="customfield_12310420" key="com.pyxis.greenhopper.jira:gh-global-rank">
                        <customfieldname>Global Rank</customfieldname>
                        <customfieldvalues>
                            <customfieldvalue>9223372036854775807</customfieldvalue>
                        </customfieldvalues>
                    </customfield>
                                                                                                                                                                                                                                                                    <customfield id="customfield_12312521" key="com.atlassian.jira.toolkit:LastCommentDate">
                        <customfieldname>Last public comment date</customfieldname>
                        <customfieldvalues>
                            7 years, 16 weeks, 1 day ago
                        </customfieldvalues>
                    </customfield>
                                                                                                                                                                                                                                                                                                <customfield id="customfield_12311820" key="com.pyxis.greenhopper.jira:gh-lexo-rank">
                        <customfieldname>Rank</customfieldname>
                        <customfieldvalues>
                            <customfieldvalue>0|i3u28n:</customfieldvalue>

                        </customfieldvalues>
                    </customfield>
                                                                <customfield id="customfield_12310920" key="com.pyxis.greenhopper.jira:gh-global-rank">
                        <customfieldname>Rank (Obsolete)</customfieldname>
                        <customfieldvalues>
                            <customfieldvalue>9223372036854775807</customfieldvalue>
                        </customfieldvalues>
                    </customfield>
                                                                                                                                                                                                                                                                                                                                                                                                                                                                                                                                                                                                                    <customfield id="customfield_12310320" key="com.atlassian.jira.plugin.system.customfieldtypes:multiversion">
                        <customfieldname>Target Version/s</customfieldname>
                        <customfieldvalues>
                                <customfieldvalue id="12343014">3.1.0</customfieldvalue>
    
                        </customfieldvalues>
                    </customfield>
                                                                                                                                                                                                                                                                                                </customfields>
    </item>
</channel>
</rss>