<!-- 
RSS generated by JIRA (8.20.10#820010-sha1:ace47f9899e9ee25d7157d59aa17ab06aee30d3d) at Wed Nov 12 19:12:18 UTC 2025

It is possible to restrict the fields that are returned in this document by specifying the 'field' parameter in your request.
For example, to request only the issue key and summary append 'field=key&field=summary' to the URL of your request.
-->
<rss version="0.92" >
<channel>
    <title>ASF Jira</title>
    <link>https://issues.apache.org/jira</link>
    <description>This file is an XML representation of an issue</description>
    <language>en-uk</language>    <build-info>
        <version>8.20.10</version>
        <build-number>820010</build-number>
        <build-date>22-06-2022</build-date>
    </build-info>


<item>
            <title>[HIVE-21550] TestObjectStore tests are flaky -  A lock could not be obtained within the time requested</title>
                <link>https://issues.apache.org/jira/browse/HIVE-21550</link>
                <project id="12310843" key="HIVE">Hive</project>
                    <description>&lt;p&gt;found in&#160;&lt;a href=&quot;https://issues.apache.org/jira/browse/HIVE-21396&quot; title=&quot;TestCliDriver#vector_groupby_reduce is flaky - rounding error&quot; class=&quot;issue-link&quot; data-issue-key=&quot;HIVE-21396&quot;&gt;&lt;del&gt;HIVE-21396&lt;/del&gt;&lt;/a&gt;&lt;/p&gt;

&lt;p&gt;TestObjectStore contains 24 tests, but 14 of them failed, the same ones, twice in a row&lt;br/&gt;
 &lt;a href=&quot;https://builds.apache.org/job/PreCommit-HIVE-Build/16744/testReport&quot; class=&quot;external-link&quot; target=&quot;_blank&quot; rel=&quot;nofollow noopener&quot;&gt;https://builds.apache.org/job/PreCommit-HIVE-Build/16744/testReport&lt;/a&gt;&lt;br/&gt;
 &lt;a href=&quot;https://builds.apache.org/job/PreCommit-HIVE-Build/16774/testReport&quot; class=&quot;external-link&quot; target=&quot;_blank&quot; rel=&quot;nofollow noopener&quot;&gt;https://builds.apache.org/job/PreCommit-HIVE-Build/16774/testReport&lt;/a&gt;&lt;/p&gt;
&lt;div class=&quot;code panel&quot; style=&quot;border-width: 1px;&quot;&gt;&lt;div class=&quot;codeContent panelContent&quot;&gt;
&lt;pre class=&quot;code-java&quot;&gt;
org.apache.hadoop.hive.metastore.TestObjectStore.catalogs (batchId=230)
org.apache.hadoop.hive.metastore.TestObjectStore.testDatabaseOps (batchId=230)
org.apache.hadoop.hive.metastore.TestObjectStore.testDeprecatedConfigIsOverwritten (batchId=230)
org.apache.hadoop.hive.metastore.TestObjectStore.testDirectSQLDropParitionsCleanup (batchId=230)
org.apache.hadoop.hive.metastore.TestObjectStore.testDirectSQLDropPartitionsCacheCrossSession (batchId=230)
org.apache.hadoop.hive.metastore.TestObjectStore.testDirectSqlErrorMetrics (batchId=230)
org.apache.hadoop.hive.metastore.TestObjectStore.testEmptyTrustStoreProps (batchId=230)
org.apache.hadoop.hive.metastore.TestObjectStore.testMasterKeyOps (batchId=230)
org.apache.hadoop.hive.metastore.TestObjectStore.testMaxEventResponse (batchId=230)
org.apache.hadoop.hive.metastore.TestObjectStore.testPartitionOps (batchId=230)
org.apache.hadoop.hive.metastore.TestObjectStore.testQueryCloseOnError (batchId=230)
org.apache.hadoop.hive.metastore.TestObjectStore.testRoleOps (batchId=230)
org.apache.hadoop.hive.metastore.TestObjectStore.testTableOps (batchId=230)
org.apache.hadoop.hive.metastore.TestObjectStore.testUseSSLProperty (batchId=230)
&lt;/pre&gt;
&lt;/div&gt;&lt;/div&gt;
&lt;p&gt;all of the tests fail while initializing (see &lt;span class=&quot;nobr&quot;&gt;&lt;a href=&quot;https://issues.apache.org/jira/secure/attachment/12964315/12964315_maven-test.txt&quot; title=&quot;maven-test.txt attached to HIVE-21550&quot;&gt;maven-test.txt&lt;sup&gt;&lt;img class=&quot;rendericon&quot; src=&quot;https://issues.apache.org/jira/images/icons/link_attachment_7.gif&quot; height=&quot;7&quot; width=&quot;7&quot; align=&quot;absmiddle&quot; alt=&quot;&quot; border=&quot;0&quot;/&gt;&lt;/sup&gt;&lt;/a&gt;&lt;/span&gt;), dropping all objects (TestObjectStore.setUp:141-&amp;gt;dropAllStoreObjects:776)&lt;/p&gt;
&lt;div class=&quot;code panel&quot; style=&quot;border-width: 1px;&quot;&gt;&lt;div class=&quot;codeContent panelContent&quot;&gt;
&lt;pre class=&quot;code-java&quot;&gt;
SELECT DISTINCT &lt;span class=&quot;code-quote&quot;&gt;&apos;org.apache.hadoop.hive.metastore.model.MPartition&apos;&lt;/span&gt; AS NUCLEUS_TYPE,A0.CREATE_TIME,A0.LAST_ACCESS_TIME,A0.PART_NAME,A0.WRITE_ID,A0.PART_ID,A0.PART_NAME AS NUCORDER0 FROM PARTITIONS A0 LEFT OUTER JOIN TBLS B0 ON A0.TBL_ID = B0.TBL_ID LEFT OUTER JOIN DBS C0 ON B0.DB_ID = C0.DB_ID WHERE B0.TBL_NAME = ? AND C0.&lt;span class=&quot;code-quote&quot;&gt;&quot;NAME&quot;&lt;/span&gt; = ? AND C0.CTLG_NAME = ? ORDER BY NUCORDER0 FETCH NEXT 100 ROWS ONLY

&lt;/pre&gt;
&lt;/div&gt;&lt;/div&gt;
&lt;p&gt;seems like a deadlock or stuff, all the tests are failed in 2min0sec, so an increased timeout wouldn&apos;t help here i think&lt;/p&gt;
&lt;div class=&quot;code panel&quot; style=&quot;border-width: 1px;&quot;&gt;&lt;div class=&quot;codeContent panelContent&quot;&gt;
&lt;pre class=&quot;code-java&quot;&gt;
javax.jdo.JDODataStoreException: Error executing SQL query &lt;span class=&quot;code-quote&quot;&gt;&quot;select &quot;&lt;/span&gt;PARTITIONS&lt;span class=&quot;code-quote&quot;&gt;&quot;.&quot;&lt;/span&gt;PART_ID&lt;span class=&quot;code-quote&quot;&gt;&quot; from &quot;&lt;/span&gt;PARTITIONS&lt;span class=&quot;code-quote&quot;&gt;&quot; &lt;span class=&quot;code-keyword&quot;&gt;inner&lt;/span&gt; join &quot;&lt;/span&gt;TBLS&lt;span class=&quot;code-quote&quot;&gt;&quot; on &quot;&lt;/span&gt;PARTITIONS&lt;span class=&quot;code-quote&quot;&gt;&quot;.&quot;&lt;/span&gt;TBL_ID&lt;span class=&quot;code-quote&quot;&gt;&quot; = &quot;&lt;/span&gt;TBLS&lt;span class=&quot;code-quote&quot;&gt;&quot;.&quot;&lt;/span&gt;TBL_ID&lt;span class=&quot;code-quote&quot;&gt;&quot; and &quot;&lt;/span&gt;TBLS&lt;span class=&quot;code-quote&quot;&gt;&quot;.&quot;&lt;/span&gt;TBL_NAME&lt;span class=&quot;code-quote&quot;&gt;&quot; = ? &lt;span class=&quot;code-keyword&quot;&gt;inner&lt;/span&gt; join &quot;&lt;/span&gt;DBS&lt;span class=&quot;code-quote&quot;&gt;&quot; on &quot;&lt;/span&gt;TBLS&lt;span class=&quot;code-quote&quot;&gt;&quot;.&quot;&lt;/span&gt;DB_ID&lt;span class=&quot;code-quote&quot;&gt;&quot; = &quot;&lt;/span&gt;DBS&lt;span class=&quot;code-quote&quot;&gt;&quot;.&quot;&lt;/span&gt;DB_ID&lt;span class=&quot;code-quote&quot;&gt;&quot; and &quot;&lt;/span&gt;DBS&lt;span class=&quot;code-quote&quot;&gt;&quot;.&quot;&lt;/span&gt;NAME&lt;span class=&quot;code-quote&quot;&gt;&quot; = ? where &quot;&lt;/span&gt;DBS&lt;span class=&quot;code-quote&quot;&gt;&quot;.&quot;&lt;/span&gt;CTLG_NAME&lt;span class=&quot;code-quote&quot;&gt;&quot; = ? order by &quot;&lt;/span&gt;PART_NAME&lt;span class=&quot;code-quote&quot;&gt;&quot; asc&quot;&lt;/span&gt;. at org.datanucleus.api.jdo.NucleusJDOHelper.getJDOExceptionForNucleusException(NucleusJDOHelper.java:543) ~[datanucleus-api-jdo-4.2.4.jar:?] at org.datanucleus.api.jdo.JDOQuery.executeInternal(JDOQuery.java:391) ~[datanucleus-api-jdo-4.2.4.jar:?] at org.datanucleus.api.jdo.JDOQuery.executeWithArray(JDOQuery.java:267) ~[datanucleus-api-jdo-4.2.4.jar:?] at org.apache.hadoop.hive.metastore.MetastoreDirectSqlUtils.executeWithArray(MetastoreDirectSqlUtils.java:61) [classes/:?] at org.apache.hadoop.hive.metastore.MetaStoreDirectSql.executeWithArray(MetaStoreDirectSql.java:1882) [classes/:?] at org.apache.hadoop.hive.metastore.MetaStoreDirectSql.getPartitionIdsViaSqlFilter(MetaStoreDirectSql.java:759) [classes/:?] at org.apache.hadoop.hive.metastore.MetaStoreDirectSql.getPartitions(MetaStoreDirectSql.java:673) [classes/:?] at org.apache.hadoop.hive.metastore.ObjectStore$7.getSqlResult(ObjectStore.java:2677) [classes/:?] at org.apache.hadoop.hive.metastore.ObjectStore$7.getSqlResult(ObjectStore.java:2673) [classes/:?] at org.apache.hadoop.hive.metastore.ObjectStore$GetHelper.run(ObjectStore.java:3606) [classes/:?] at org.apache.hadoop.hive.metastore.ObjectStore.getPartitionsInternal(ObjectStore.java:2689) [classes/:?] at org.apache.hadoop.hive.metastore.ObjectStore.getPartitions(ObjectStore.java:2621) [classes/:?] at org.apache.hadoop.hive.metastore.TestObjectStore.dropAllStoreObjects(TestObjectStore.java:776) [test-classes/:?] at org.apache.hadoop.hive.metastore.TestObjectStore.setUp(TestObjectStore.java:141) [test-classes/:?] at sun.reflect.NativeMethodAccessorImpl.invoke0(Native Method) ~[?:1.8.0_102] at sun.reflect.NativeMethodAccessorImpl.invoke(NativeMethodAccessorImpl.java:62) ~[?:1.8.0_102] at sun.reflect.DelegatingMethodAccessorImpl.invoke(DelegatingMethodAccessorImpl.java:43) ~[?:1.8.0_102] at java.lang.reflect.Method.invoke(Method.java:498) ~[?:1.8.0_102] at org.junit.runners.model.FrameworkMethod$1.runReflectiveCall(FrameworkMethod.java:47) [junit-4.11.jar:?] at org.junit.internal.runners.model.ReflectiveCallable.run(ReflectiveCallable.java:12) [junit-4.11.jar:?] at org.junit.runners.model.FrameworkMethod.invokeExplosively(FrameworkMethod.java:44) [junit-4.11.jar:?] at org.junit.internal.runners.statements.RunBefores.evaluate(RunBefores.java:24) [junit-4.11.jar:?] at org.junit.internal.runners.statements.RunAfters.evaluate(RunAfters.java:27) [junit-4.11.jar:?] at org.junit.runners.ParentRunner.runLeaf(ParentRunner.java:271) [junit-4.11.jar:?] at org.junit.runners.BlockJUnit4ClassRunner.runChild(BlockJUnit4ClassRunner.java:70) [junit-4.11.jar:?] at org.junit.runners.BlockJUnit4ClassRunner.runChild(BlockJUnit4ClassRunner.java:50) [junit-4.11.jar:?] at org.junit.runners.ParentRunner$3.run(ParentRunner.java:238) [junit-4.11.jar:?] at org.junit.runners.ParentRunner$1.schedule(ParentRunner.java:63) [junit-4.11.jar:?] at org.junit.runners.ParentRunner.runChildren(ParentRunner.java:236) [junit-4.11.jar:?] at org.junit.runners.ParentRunner.access$000(ParentRunner.java:53) [junit-4.11.jar:?] at org.junit.runners.ParentRunner$2.evaluate(ParentRunner.java:229) [junit-4.11.jar:?] at org.junit.runners.ParentRunner.run(ParentRunner.java:309) [junit-4.11.jar:?] at org.apache.maven.surefire.junit4.JUnit4Provider.execute(JUnit4Provider.java:369) [surefire-junit4-2.20.1.jar:2.20.1] at org.apache.maven.surefire.junit4.JUnit4Provider.executeWithRerun(JUnit4Provider.java:275) [surefire-junit4-2.20.1.jar:2.20.1] at org.apache.maven.surefire.junit4.JUnit4Provider.executeTestSet(JUnit4Provider.java:239) [surefire-junit4-2.20.1.jar:2.20.1] at org.apache.maven.surefire.junit4.JUnit4Provider.invoke(JUnit4Provider.java:160) [surefire-junit4-2.20.1.jar:2.20.1] at org.apache.maven.surefire.booter.ForkedBooter.invokeProviderInSameClassLoader(ForkedBooter.java:373) [surefire-booter-2.20.1.jar:2.20.1] at org.apache.maven.surefire.booter.ForkedBooter.runSuitesInProcess(ForkedBooter.java:334) [surefire-booter-2.20.1.jar:2.20.1] at org.apache.maven.surefire.booter.ForkedBooter.execute(ForkedBooter.java:119) [surefire-booter-2.20.1.jar:2.20.1] at org.apache.maven.surefire.booter.ForkedBooter.main(ForkedBooter.java:407) [surefire-booter-2.20.1.jar:2.20.1] 

Caused by: java.sql.SQLTransactionRollbackException: A lock could not be obtained within the time requested at org.apache.derby.impl.jdbc.SQLExceptionFactory40.getSQLException(Unknown Source) ~[derby-10.10.2.0.jar:?] at org.apache.derby.impl.jdbc.Util.generateCsSQLException(Unknown Source) ~[derby-10.10.2.0.jar:?] at org.apache.derby.impl.jdbc.TransactionResourceImpl.wrapInSQLException(Unknown Source) ~[derby-10.10.2.0.jar:?] at org.apache.derby.impl.jdbc.TransactionResourceImpl.handleException(Unknown Source) ~[derby-10.10.2.0.jar:?] at org.apache.derby.impl.jdbc.EmbedConnection.handleException(Unknown Source) ~[derby-10.10.2.0.jar:?] at org.apache.derby.impl.jdbc.ConnectionChild.handleException(Unknown Source) ~[derby-10.10.2.0.jar:?] at org.apache.derby.impl.jdbc.EmbedStatement.executeStatement(Unknown Source) ~[derby-10.10.2.0.jar:?] at org.apache.derby.impl.jdbc.EmbedPreparedStatement.executeStatement(Unknown Source) ~[derby-10.10.2.0.jar:?] at org.apache.derby.impl.jdbc.EmbedPreparedStatement.executeQuery(Unknown Source) ~[derby-10.10.2.0.jar:?] at com.zaxxer.hikari.pool.ProxyPreparedStatement.executeQuery(ProxyPreparedStatement.java:52) ~[HikariCP-2.6.1.jar:?] at com.zaxxer.hikari.pool.HikariProxyPreparedStatement.executeQuery(HikariProxyPreparedStatement.java) ~[HikariCP-2.6.1.jar:?] at org.datanucleus.store.rdbms.ParamLoggingPreparedStatement.executeQuery(ParamLoggingPreparedStatement.java:375) ~[datanucleus-rdbms-4.1.19.jar:?] at org.datanucleus.store.rdbms.SQLController.executeStatementQuery(SQLController.java:552) ~[datanucleus-rdbms-4.1.19.jar:?] at org.datanucleus.store.rdbms.query.SQLQuery.performExecute(SQLQuery.java:645) ~[datanucleus-rdbms-4.1.19.jar:?] at org.datanucleus.store.query.Query.executeQuery(Query.java:1855) ~[datanucleus-core-4.1.17.jar:?] at org.datanucleus.store.rdbms.query.SQLQuery.executeWithArray(SQLQuery.java:807) ~[datanucleus-rdbms-4.1.19.jar:?] at org.datanucleus.api.jdo.JDOQuery.executeInternal(JDOQuery.java:368) ~[datanucleus-api-jdo-4.2.4.jar:?] ... 38 more 

Caused by: org.apache.derby.impl.jdbc.EmbedSQLException: A lock could not be obtained within the time requested at org.apache.derby.impl.jdbc.SQLExceptionFactory.getSQLException(Unknown Source) ~[derby-10.10.2.0.jar:?] at org.apache.derby.impl.jdbc.SQLExceptionFactory40.wrapArgsForTransportAcrossDRDA(Unknown Source) ~[derby-10.10.2.0.jar:?] at org.apache.derby.impl.jdbc.SQLExceptionFactory40.getSQLException(Unknown Source) ~[derby-10.10.2.0.jar:?] at org.apache.derby.impl.jdbc.Util.generateCsSQLException(Unknown Source) ~[derby-10.10.2.0.jar:?] at org.apache.derby.impl.jdbc.TransactionResourceImpl.wrapInSQLException(Unknown Source) ~[derby-10.10.2.0.jar:?] at org.apache.derby.impl.jdbc.TransactionResourceImpl.handleException(Unknown Source) ~[derby-10.10.2.0.jar:?] at org.apache.derby.impl.jdbc.EmbedConnection.handleException(Unknown Source) ~[derby-10.10.2.0.jar:?] at org.apache.derby.impl.jdbc.ConnectionChild.handleException(Unknown Source) ~[derby-10.10.2.0.jar:?] at org.apache.derby.impl.jdbc.EmbedStatement.executeStatement(Unknown Source) ~[derby-10.10.2.0.jar:?] at org.apache.derby.impl.jdbc.EmbedPreparedStatement.executeStatement(Unknown Source) ~[derby-10.10.2.0.jar:?] at org.apache.derby.impl.jdbc.EmbedPreparedStatement.executeQuery(Unknown Source) ~[derby-10.10.2.0.jar:?] at com.zaxxer.hikari.pool.ProxyPreparedStatement.executeQuery(ProxyPreparedStatement.java:52) ~[HikariCP-2.6.1.jar:?] at com.zaxxer.hikari.pool.HikariProxyPreparedStatement.executeQuery(HikariProxyPreparedStatement.java) ~[HikariCP-2.6.1.jar:?] at org.datanucleus.store.rdbms.ParamLoggingPreparedStatement.executeQuery(ParamLoggingPreparedStatement.java:375) ~[datanucleus-rdbms-4.1.19.jar:?] at org.datanucleus.store.rdbms.SQLController.executeStatementQuery(SQLController.java:552) ~[datanucleus-rdbms-4.1.19.jar:?] at org.datanucleus.store.rdbms.query.SQLQuery.performExecute(SQLQuery.java:645) ~[datanucleus-rdbms-4.1.19.jar:?] at org.datanucleus.store.query.Query.executeQuery(Query.java:1855) ~[datanucleus-core-4.1.17.jar:?] at org.datanucleus.store.rdbms.query.SQLQuery.executeWithArray(SQLQuery.java:807) ~[datanucleus-rdbms-4.1.19.jar:?] at org.datanucleus.api.jdo.JDOQuery.executeInternal(JDOQuery.java:368) ~[datanucleus-api-jdo-4.2.4.jar:?] ... 38 more Caused by: org.apache.derby.iapi.error.StandardException: A lock could not be obtained within the time requested at org.apache.derby.iapi.error.StandardException.newException(Unknown Source) ~[derby-10.10.2.0.jar:?] at org.apache.derby.impl.services.locks.ConcurrentLockSet.lockObject(Unknown Source) ~[derby-10.10.2.0.jar:?] at org.apache.derby.impl.services.locks.ConcurrentLockSet.zeroDurationLockObject(Unknown Source) ~[derby-10.10.2.0.jar:?] at org.apache.derby.impl.services.locks.AbstractPool.zeroDurationlockObject(Unknown Source) ~[derby-10.10.2.0.jar:?] at org.apache.derby.impl.services.locks.ConcurrentPool.zeroDurationlockObject(Unknown Source) ~[derby-10.10.2.0.jar:?] at org.apache.derby.impl.store.raw.xact.RowLocking2nohold.lockRecordForRead(Unknown Source) ~[derby-10.10.2.0.jar:?] at org.apache.derby.impl.store.access.heap.HeapController.lockRow(Unknown Source) ~[derby-10.10.2.0.jar:?] at org.apache.derby.impl.store.access.heap.HeapController.lockRow(Unknown Source) ~[derby-10.10.2.0.jar:?] at org.apache.derby.impl.store.access.btree.index.B2IRowLocking3.lockRowOnPage(Unknown Source) ~[derby-10.10.2.0.jar:?] at org.apache.derby.impl.store.access.btree.index.B2IRowLocking3._lockScanRow(Unknown Source) ~[derby-10.10.2.0.jar:?] at org.apache.derby.impl.store.access.btree.index.B2IRowLockingRR.lockScanRow(Unknown Source) ~[derby-10.10.2.0.jar:?] at org.apache.derby.impl.store.access.btree.BTreeForwardScan.fetchRows(Unknown Source) ~[derby-10.10.2.0.jar:?] at org.apache.derby.impl.store.access.btree.BTreeScan.fetchNextGroup(Unknown Source) ~[derby-10.10.2.0.jar:?] at org.apache.derby.impl.sql.execute.BulkTableScanResultSet.reloadArray(Unknown Source) ~[derby-10.10.2.0.jar:?] at org.apache.derby.impl.sql.execute.BulkTableScanResultSet.getNextRowCore(Unknown Source) ~[derby-10.10.2.0.jar:?] at org.apache.derby.impl.sql.execute.IndexRowToBaseRowResultSet.getNextRowCore(Unknown Source) ~[derby-10.10.2.0.jar:?] at org.apache.derby.impl.sql.execute.NestedLoopJoinResultSet.getNextRowCore(Unknown Source) ~[derby-10.10.2.0.jar:?] at org.apache.derby.impl.sql.execute.ProjectRestrictResultSet.getNextRowCore(Unknown Source) ~[derby-10.10.2.0.jar:?] at org.apache.derby.impl.sql.execute.SortResultSet.getRowFromResultSet(Unknown Source) ~[derby-10.10.2.0.jar:?] at org.apache.derby.impl.sql.execute.SortResultSet.getNextRowFromRS(Unknown Source) ~[derby-10.10.2.0.jar:?] at org.apache.derby.impl.sql.execute.SortResultSet.loadSorter(Unknown Source) ~[derby-10.10.2.0.jar:?] at org.apache.derby.impl.sql.execute.SortResultSet.openCore(Unknown Source) ~[derby-10.10.2.0.jar:?] at org.apache.derby.impl.sql.execute.ProjectRestrictResultSet.openCore(Unknown Source) ~[derby-10.10.2.0.jar:?] at org.apache.derby.impl.sql.execute.BasicNoPutResultSetImpl.open(Unknown Source) ~[derby-10.10.2.0.jar:?] at org.apache.derby.impl.sql.GenericPreparedStatement.executeStmt(Unknown Source) ~[derby-10.10.2.0.jar:?] at org.apache.derby.impl.sql.GenericPreparedStatement.execute(Unknown Source) ~[derby-10.10.2.0.jar:?] at org.apache.derby.impl.jdbc.EmbedStatement.executeStatement(Unknown Source) ~[derby-10.10.2.0.jar:?] at org.apache.derby.impl.jdbc.EmbedPreparedStatement.executeStatement(Unknown Source) ~[derby-10.10.2.0.jar:?] at org.apache.derby.impl.jdbc.EmbedPreparedStatement.executeQuery(Unknown Source) ~[derby-10.10.2.0.jar:?] at com.zaxxer.hikari.pool.ProxyPreparedStatement.executeQuery(ProxyPreparedStatement.java:52) ~[HikariCP-2.6.1.jar:?] at com.zaxxer.hikari.pool.HikariProxyPreparedStatement.executeQuery(HikariProxyPreparedStatement.java) ~[HikariCP-2.6.1.jar:?] at org.datanucleus.store.rdbms.ParamLoggingPreparedStatement.executeQuery(ParamLoggingPreparedStatement.java:375) ~[datanucleus-rdbms-4.1.19.jar:?] at org.datanucleus.store.rdbms.SQLController.executeStatementQuery(SQLController.java:552) ~[datanucleus-rdbms-4.1.19.jar:?] at org.datanucleus.store.rdbms.query.SQLQuery.performExecute(SQLQuery.java:645) ~[datanucleus-rdbms-4.1.19.jar:?] at org.datanucleus.store.query.Query.executeQuery(Query.java:1855) ~[datanucleus-core-4.1.17.jar:?] at org.datanucleus.store.rdbms.query.SQLQuery.executeWithArray(SQLQuery.java:807) ~[datanucleus-rdbms-4.1.19.jar:?] at org.datanucleus.api.jdo.JDOQuery.executeInternal(JDOQuery.java:368) ~[datanucleus-api-jdo-4.2.4.jar:?] ... 38 more

&lt;/pre&gt;
&lt;/div&gt;&lt;/div&gt;</description>
                <environment></environment>
        <key id="13224982">HIVE-21550</key>
            <summary>TestObjectStore tests are flaky -  A lock could not be obtained within the time requested</summary>
                <type id="1" iconUrl="https://issues.apache.org/jira/secure/viewavatar?size=xsmall&amp;avatarId=21133&amp;avatarType=issuetype">Bug</type>
                                            <priority id="3" iconUrl="https://issues.apache.org/jira/images/icons/priorities/major.svg">Major</priority>
                        <status id="6" iconUrl="https://issues.apache.org/jira/images/icons/statuses/closed.png" description="The issue is considered finished, the resolution is correct. Issues which are not closed can be reopened.">Closed</status>
                    <statusCategory id="3" key="done" colorName="green"/>
                                    <resolution id="1">Fixed</resolution>
                                        <assignee username="abstractdog">L&#225;szl&#243; Bodor</assignee>
                                    <reporter username="abstractdog">L&#225;szl&#243; Bodor</reporter>
                        <labels>
                    </labels>
                <created>Sat, 30 Mar 2019 11:29:53 +0000</created>
                <updated>Thu, 17 Nov 2022 08:50:02 +0000</updated>
                            <resolved>Thu, 30 May 2019 07:56:57 +0000</resolved>
                                                    <fixVersion>4.0.0-alpha-1</fixVersion>
                                        <due></due>
                            <votes>0</votes>
                                    <watches>3</watches>
                                                                                                                <comments>
                            <comment id="16806093" author="abstractdog" created="Sun, 31 Mar 2019 09:27:11 +0000"  >&lt;p&gt;reproduced with&#160;&lt;span class=&quot;nobr&quot;&gt;&lt;a href=&quot;https://issues.apache.org/jira/secure/attachment/12964352/12964352_HIVE-21550.repro.patch&quot; title=&quot;HIVE-21550.repro.patch attached to HIVE-21550&quot;&gt;HIVE-21550.repro.patch&lt;sup&gt;&lt;img class=&quot;rendericon&quot; src=&quot;https://issues.apache.org/jira/images/icons/link_attachment_7.gif&quot; height=&quot;7&quot; width=&quot;7&quot; align=&quot;absmiddle&quot; alt=&quot;&quot; border=&quot;0&quot;/&gt;&lt;/sup&gt;&lt;/a&gt;&lt;/span&gt;, result:&#160;&lt;span class=&quot;nobr&quot;&gt;&lt;a href=&quot;https://issues.apache.org/jira/secure/attachment/12964353/12964353_org.apache.hadoop.hive.metastore.TestObjectStore-output.txt&quot; title=&quot;org.apache.hadoop.hive.metastore.TestObjectStore-output.txt attached to HIVE-21550&quot;&gt;org.apache.hadoop.hive.metastore.TestObjectStore-output.txt&lt;sup&gt;&lt;img class=&quot;rendericon&quot; src=&quot;https://issues.apache.org/jira/images/icons/link_attachment_7.gif&quot; height=&quot;7&quot; width=&quot;7&quot; align=&quot;absmiddle&quot; alt=&quot;&quot; border=&quot;0&quot;/&gt;&lt;/sup&gt;&lt;/a&gt;&lt;/span&gt;&lt;/p&gt;
&lt;div class=&quot;code panel&quot; style=&quot;border-width: 1px;&quot;&gt;&lt;div class=&quot;codeContent panelContent&quot;&gt;
&lt;pre class=&quot;code-java&quot;&gt;
mvn test -Dtest.groups= -T 1C -Dtest=TestObjectStore -pl ./standalone-metastore/metastore-server
tail -F standalone-metastore/metastore-server/target/surefire-reports/org.apache.hadoop.hive.metastore.TestObjectStore-output.txt&lt;/pre&gt;
&lt;/div&gt;&lt;/div&gt;
&lt;p&gt;&#160;&lt;/p&gt;</comment>
                            <comment id="16848670" author="pvary" created="Mon, 27 May 2019 07:16:26 +0000"  >&lt;p&gt;&lt;a href=&quot;https://issues.apache.org/jira/secure/ViewProfile.jspa?name=abstractdog&quot; class=&quot;user-hover&quot; rel=&quot;abstractdog&quot;&gt;abstractdog&lt;/a&gt;: These are still failing often. When running MetaStore tests we had problems with parallel runs where the jdbc url was not changed from the default and other tests were removing / reinitializing the Derby database. Could this be the problem here?&lt;br/&gt;
Do you think adding something like this could help?&lt;br/&gt;
&lt;a href=&quot;https://github.com/apache/hive/blob/master/standalone-metastore/metastore-server/src/test/java/org/apache/hadoop/hive/metastore/MetaStoreTestUtils.java#L156&quot; class=&quot;external-link&quot; target=&quot;_blank&quot; rel=&quot;nofollow noopener&quot;&gt;https://github.com/apache/hive/blob/master/standalone-metastore/metastore-server/src/test/java/org/apache/hadoop/hive/metastore/MetaStoreTestUtils.java#L156&lt;/a&gt;&lt;/p&gt;
&lt;div class=&quot;code panel&quot; style=&quot;border-width: 1px;&quot;&gt;&lt;div class=&quot;codeContent panelContent&quot;&gt;
&lt;pre class=&quot;code-java&quot;&gt;
          jdbcUrl = &lt;span class=&quot;code-quote&quot;&gt;&quot;jdbc:derby:;databaseName=&quot;&lt;/span&gt; + TMP_DIR + File.separator
              + &lt;span class=&quot;code-quote&quot;&gt;&quot;junit_metastore_db_&quot;&lt;/span&gt; + metaStorePort + &lt;span class=&quot;code-quote&quot;&gt;&quot;;create=&lt;span class=&quot;code-keyword&quot;&gt;true&lt;/span&gt;&quot;&lt;/span&gt;;
          MetastoreConf.setVar(conf, ConfVars.CONNECT_URL_KEY, jdbcUrl);
&lt;/pre&gt;
&lt;/div&gt;&lt;/div&gt;</comment>
                            <comment id="16849544" author="abstractdog" created="Tue, 28 May 2019 09:49:40 +0000"  >&lt;p&gt;&lt;a href=&quot;https://issues.apache.org/jira/secure/ViewProfile.jspa?name=pvary&quot; class=&quot;user-hover&quot; rel=&quot;pvary&quot;&gt;pvary&lt;/a&gt;: thanks, I think it can help, I&apos;ve introduced a random string after the in-memory derby instance URL (haven&apos;t seen the original issue since)&lt;/p&gt;

&lt;p&gt;moreover, the test used to start with cleaning up the database, which seems a test smell to me, as it implies that the same database is shared between multiple tests (I don&apos;t think it&apos;s necessary unless it involves a huge memory footprint)&lt;/p&gt;</comment>
                            <comment id="16850032" author="hiveqa" created="Tue, 28 May 2019 18:48:55 +0000"  >&lt;div class=&apos;table-wrap&apos;&gt;
&lt;table class=&apos;confluenceTable&apos;&gt;&lt;tbody&gt;
&lt;tr&gt;
&lt;td class=&apos;confluenceTd&apos;&gt; &lt;img class=&quot;emoticon&quot; src=&quot;https://issues.apache.org/jira/images/icons/emoticons/check.png&quot; height=&quot;16&quot; width=&quot;16&quot; align=&quot;absmiddle&quot; alt=&quot;&quot; border=&quot;0&quot;/&gt; &lt;b&gt;&lt;font color=&quot;green&quot;&gt;+1 overall&lt;/font&gt;&lt;/b&gt; &lt;/td&gt;
&lt;/tr&gt;
&lt;/tbody&gt;&lt;/table&gt;
&lt;/div&gt;

&lt;p&gt;&lt;br class=&quot;atl-forced-newline&quot; /&gt;
&lt;br class=&quot;atl-forced-newline&quot; /&gt;&lt;/p&gt;
&lt;div class=&apos;table-wrap&apos;&gt;
&lt;table class=&apos;confluenceTable&apos;&gt;&lt;tbody&gt;
&lt;tr&gt;
&lt;th class=&apos;confluenceTh&apos;&gt; Vote &lt;/th&gt;
&lt;th class=&apos;confluenceTh&apos;&gt; Subsystem &lt;/th&gt;
&lt;th class=&apos;confluenceTh&apos;&gt; Runtime &lt;/th&gt;
&lt;th class=&apos;confluenceTh&apos;&gt; Comment &lt;/th&gt;
&lt;/tr&gt;
&lt;tr&gt;
&lt;th class=&apos;confluenceTh&apos;&gt;&amp;nbsp;&lt;/th&gt;
&lt;th class=&apos;confluenceTh&apos;&gt;&amp;nbsp;&lt;/th&gt;
&lt;th class=&apos;confluenceTh&apos;&gt;&amp;nbsp;&lt;/th&gt;
&lt;th class=&apos;confluenceTh&apos;&gt; &lt;font color=&quot;brown&quot;&gt; Prechecks &lt;/font&gt; &lt;/th&gt;
&lt;/tr&gt;
&lt;tr&gt;
&lt;td class=&apos;confluenceTd&apos;&gt; &lt;font color=&quot;green&quot;&gt;+1&lt;/font&gt; &lt;/td&gt;
&lt;td class=&apos;confluenceTd&apos;&gt; &lt;font color=&quot;green&quot;&gt; @author &lt;/font&gt; &lt;/td&gt;
&lt;td class=&apos;confluenceTd&apos;&gt; &lt;font color=&quot;green&quot;&gt;  0m  0s&lt;/font&gt; &lt;/td&gt;
&lt;td class=&apos;confluenceTd&apos;&gt; &lt;font color=&quot;green&quot;&gt; The patch does not contain any @author tags. &lt;/font&gt; &lt;/td&gt;
&lt;/tr&gt;
&lt;tr&gt;
&lt;th class=&apos;confluenceTh&apos;&gt;&amp;nbsp;&lt;/th&gt;
&lt;th class=&apos;confluenceTh&apos;&gt;&amp;nbsp;&lt;/th&gt;
&lt;th class=&apos;confluenceTh&apos;&gt;&amp;nbsp;&lt;/th&gt;
&lt;th class=&apos;confluenceTh&apos;&gt; &lt;font color=&quot;brown&quot;&gt; master Compile Tests &lt;/font&gt; &lt;/th&gt;
&lt;/tr&gt;
&lt;tr&gt;
&lt;td class=&apos;confluenceTd&apos;&gt; &lt;font color=&quot;green&quot;&gt;+1&lt;/font&gt; &lt;/td&gt;
&lt;td class=&apos;confluenceTd&apos;&gt; &lt;font color=&quot;green&quot;&gt; mvninstall &lt;/font&gt; &lt;/td&gt;
&lt;td class=&apos;confluenceTd&apos;&gt; &lt;font color=&quot;green&quot;&gt; 10m 25s&lt;/font&gt; &lt;/td&gt;
&lt;td class=&apos;confluenceTd&apos;&gt; &lt;font color=&quot;green&quot;&gt; master passed &lt;/font&gt; &lt;/td&gt;
&lt;/tr&gt;
&lt;tr&gt;
&lt;td class=&apos;confluenceTd&apos;&gt; &lt;font color=&quot;green&quot;&gt;+1&lt;/font&gt; &lt;/td&gt;
&lt;td class=&apos;confluenceTd&apos;&gt; &lt;font color=&quot;green&quot;&gt; compile &lt;/font&gt; &lt;/td&gt;
&lt;td class=&apos;confluenceTd&apos;&gt; &lt;font color=&quot;green&quot;&gt;  0m 34s&lt;/font&gt; &lt;/td&gt;
&lt;td class=&apos;confluenceTd&apos;&gt; &lt;font color=&quot;green&quot;&gt; master passed &lt;/font&gt; &lt;/td&gt;
&lt;/tr&gt;
&lt;tr&gt;
&lt;td class=&apos;confluenceTd&apos;&gt; &lt;font color=&quot;green&quot;&gt;+1&lt;/font&gt; &lt;/td&gt;
&lt;td class=&apos;confluenceTd&apos;&gt; &lt;font color=&quot;green&quot;&gt; checkstyle &lt;/font&gt; &lt;/td&gt;
&lt;td class=&apos;confluenceTd&apos;&gt; &lt;font color=&quot;green&quot;&gt;  0m 22s&lt;/font&gt; &lt;/td&gt;
&lt;td class=&apos;confluenceTd&apos;&gt; &lt;font color=&quot;green&quot;&gt; master passed &lt;/font&gt; &lt;/td&gt;
&lt;/tr&gt;
&lt;tr&gt;
&lt;td class=&apos;confluenceTd&apos;&gt; &lt;font color=&quot;blue&quot;&gt;0&lt;/font&gt; &lt;/td&gt;
&lt;td class=&apos;confluenceTd&apos;&gt; &lt;font color=&quot;blue&quot;&gt; findbugs &lt;/font&gt; &lt;/td&gt;
&lt;td class=&apos;confluenceTd&apos;&gt; &lt;font color=&quot;blue&quot;&gt;  1m 27s&lt;/font&gt; &lt;/td&gt;
&lt;td class=&apos;confluenceTd&apos;&gt; &lt;font color=&quot;blue&quot;&gt; standalone-metastore/metastore-server in master has 183 extant Findbugs warnings. &lt;/font&gt; &lt;/td&gt;
&lt;/tr&gt;
&lt;tr&gt;
&lt;td class=&apos;confluenceTd&apos;&gt; &lt;font color=&quot;green&quot;&gt;+1&lt;/font&gt; &lt;/td&gt;
&lt;td class=&apos;confluenceTd&apos;&gt; &lt;font color=&quot;green&quot;&gt; javadoc &lt;/font&gt; &lt;/td&gt;
&lt;td class=&apos;confluenceTd&apos;&gt; &lt;font color=&quot;green&quot;&gt;  0m 23s&lt;/font&gt; &lt;/td&gt;
&lt;td class=&apos;confluenceTd&apos;&gt; &lt;font color=&quot;green&quot;&gt; master passed &lt;/font&gt; &lt;/td&gt;
&lt;/tr&gt;
&lt;tr&gt;
&lt;th class=&apos;confluenceTh&apos;&gt;&amp;nbsp;&lt;/th&gt;
&lt;th class=&apos;confluenceTh&apos;&gt;&amp;nbsp;&lt;/th&gt;
&lt;th class=&apos;confluenceTh&apos;&gt;&amp;nbsp;&lt;/th&gt;
&lt;th class=&apos;confluenceTh&apos;&gt; &lt;font color=&quot;brown&quot;&gt; Patch Compile Tests &lt;/font&gt; &lt;/th&gt;
&lt;/tr&gt;
&lt;tr&gt;
&lt;td class=&apos;confluenceTd&apos;&gt; &lt;font color=&quot;green&quot;&gt;+1&lt;/font&gt; &lt;/td&gt;
&lt;td class=&apos;confluenceTd&apos;&gt; &lt;font color=&quot;green&quot;&gt; mvninstall &lt;/font&gt; &lt;/td&gt;
&lt;td class=&apos;confluenceTd&apos;&gt; &lt;font color=&quot;green&quot;&gt;  0m 37s&lt;/font&gt; &lt;/td&gt;
&lt;td class=&apos;confluenceTd&apos;&gt; &lt;font color=&quot;green&quot;&gt; the patch passed &lt;/font&gt; &lt;/td&gt;
&lt;/tr&gt;
&lt;tr&gt;
&lt;td class=&apos;confluenceTd&apos;&gt; &lt;font color=&quot;green&quot;&gt;+1&lt;/font&gt; &lt;/td&gt;
&lt;td class=&apos;confluenceTd&apos;&gt; &lt;font color=&quot;green&quot;&gt; compile &lt;/font&gt; &lt;/td&gt;
&lt;td class=&apos;confluenceTd&apos;&gt; &lt;font color=&quot;green&quot;&gt;  0m 33s&lt;/font&gt; &lt;/td&gt;
&lt;td class=&apos;confluenceTd&apos;&gt; &lt;font color=&quot;green&quot;&gt; the patch passed &lt;/font&gt; &lt;/td&gt;
&lt;/tr&gt;
&lt;tr&gt;
&lt;td class=&apos;confluenceTd&apos;&gt; &lt;font color=&quot;green&quot;&gt;+1&lt;/font&gt; &lt;/td&gt;
&lt;td class=&apos;confluenceTd&apos;&gt; &lt;font color=&quot;green&quot;&gt; javac &lt;/font&gt; &lt;/td&gt;
&lt;td class=&apos;confluenceTd&apos;&gt; &lt;font color=&quot;green&quot;&gt;  0m 33s&lt;/font&gt; &lt;/td&gt;
&lt;td class=&apos;confluenceTd&apos;&gt; &lt;font color=&quot;green&quot;&gt; the patch passed &lt;/font&gt; &lt;/td&gt;
&lt;/tr&gt;
&lt;tr&gt;
&lt;td class=&apos;confluenceTd&apos;&gt; &lt;font color=&quot;green&quot;&gt;+1&lt;/font&gt; &lt;/td&gt;
&lt;td class=&apos;confluenceTd&apos;&gt; &lt;font color=&quot;green&quot;&gt; checkstyle &lt;/font&gt; &lt;/td&gt;
&lt;td class=&apos;confluenceTd&apos;&gt; &lt;font color=&quot;green&quot;&gt;  0m 22s&lt;/font&gt; &lt;/td&gt;
&lt;td class=&apos;confluenceTd&apos;&gt; &lt;font color=&quot;green&quot;&gt; the patch passed &lt;/font&gt; &lt;/td&gt;
&lt;/tr&gt;
&lt;tr&gt;
&lt;td class=&apos;confluenceTd&apos;&gt; &lt;font color=&quot;green&quot;&gt;+1&lt;/font&gt; &lt;/td&gt;
&lt;td class=&apos;confluenceTd&apos;&gt; &lt;font color=&quot;green&quot;&gt; whitespace &lt;/font&gt; &lt;/td&gt;
&lt;td class=&apos;confluenceTd&apos;&gt; &lt;font color=&quot;green&quot;&gt;  0m  0s&lt;/font&gt; &lt;/td&gt;
&lt;td class=&apos;confluenceTd&apos;&gt; &lt;font color=&quot;green&quot;&gt; The patch has no whitespace issues. &lt;/font&gt; &lt;/td&gt;
&lt;/tr&gt;
&lt;tr&gt;
&lt;td class=&apos;confluenceTd&apos;&gt; &lt;font color=&quot;green&quot;&gt;+1&lt;/font&gt; &lt;/td&gt;
&lt;td class=&apos;confluenceTd&apos;&gt; &lt;font color=&quot;green&quot;&gt; findbugs &lt;/font&gt; &lt;/td&gt;
&lt;td class=&apos;confluenceTd&apos;&gt; &lt;font color=&quot;green&quot;&gt;  1m 37s&lt;/font&gt; &lt;/td&gt;
&lt;td class=&apos;confluenceTd&apos;&gt; &lt;font color=&quot;green&quot;&gt; the patch passed &lt;/font&gt; &lt;/td&gt;
&lt;/tr&gt;
&lt;tr&gt;
&lt;td class=&apos;confluenceTd&apos;&gt; &lt;font color=&quot;green&quot;&gt;+1&lt;/font&gt; &lt;/td&gt;
&lt;td class=&apos;confluenceTd&apos;&gt; &lt;font color=&quot;green&quot;&gt; javadoc &lt;/font&gt; &lt;/td&gt;
&lt;td class=&apos;confluenceTd&apos;&gt; &lt;font color=&quot;green&quot;&gt;  0m 26s&lt;/font&gt; &lt;/td&gt;
&lt;td class=&apos;confluenceTd&apos;&gt; &lt;font color=&quot;green&quot;&gt; the patch passed &lt;/font&gt; &lt;/td&gt;
&lt;/tr&gt;
&lt;tr&gt;
&lt;th class=&apos;confluenceTh&apos;&gt;&amp;nbsp;&lt;/th&gt;
&lt;th class=&apos;confluenceTh&apos;&gt;&amp;nbsp;&lt;/th&gt;
&lt;th class=&apos;confluenceTh&apos;&gt;&amp;nbsp;&lt;/th&gt;
&lt;th class=&apos;confluenceTh&apos;&gt; &lt;font color=&quot;brown&quot;&gt; Other Tests &lt;/font&gt; &lt;/th&gt;
&lt;/tr&gt;
&lt;tr&gt;
&lt;td class=&apos;confluenceTd&apos;&gt; &lt;font color=&quot;green&quot;&gt;+1&lt;/font&gt; &lt;/td&gt;
&lt;td class=&apos;confluenceTd&apos;&gt; &lt;font color=&quot;green&quot;&gt; asflicense &lt;/font&gt; &lt;/td&gt;
&lt;td class=&apos;confluenceTd&apos;&gt; &lt;font color=&quot;green&quot;&gt;  0m 17s&lt;/font&gt; &lt;/td&gt;
&lt;td class=&apos;confluenceTd&apos;&gt; &lt;font color=&quot;green&quot;&gt; The patch does not generate ASF License warnings. &lt;/font&gt; &lt;/td&gt;
&lt;/tr&gt;
&lt;tr&gt;
&lt;td class=&apos;confluenceTd&apos;&gt; &lt;font color=&quot;black&quot;&gt;&lt;/font&gt; &lt;/td&gt;
&lt;td class=&apos;confluenceTd&apos;&gt; &lt;font color=&quot;black&quot;&gt; &lt;/font&gt; &lt;/td&gt;
&lt;td class=&apos;confluenceTd&apos;&gt; &lt;font color=&quot;black&quot;&gt; 17m 35s&lt;/font&gt; &lt;/td&gt;
&lt;td class=&apos;confluenceTd&apos;&gt; &lt;font color=&quot;black&quot;&gt; &lt;/font&gt; &lt;/td&gt;
&lt;/tr&gt;
&lt;/tbody&gt;&lt;/table&gt;
&lt;/div&gt;

&lt;p&gt;&lt;br class=&quot;atl-forced-newline&quot; /&gt;
&lt;br class=&quot;atl-forced-newline&quot; /&gt;&lt;/p&gt;
&lt;div class=&apos;table-wrap&apos;&gt;
&lt;table class=&apos;confluenceTable&apos;&gt;&lt;tbody&gt;
&lt;tr&gt;
&lt;th class=&apos;confluenceTh&apos;&gt; Subsystem &lt;/th&gt;
&lt;th class=&apos;confluenceTh&apos;&gt; Report/Notes &lt;/th&gt;
&lt;/tr&gt;
&lt;tr&gt;
&lt;td class=&apos;confluenceTd&apos;&gt; Optional Tests &lt;/td&gt;
&lt;td class=&apos;confluenceTd&apos;&gt;  asflicense  javac  javadoc  findbugs  checkstyle  compile  &lt;/td&gt;
&lt;/tr&gt;
&lt;tr&gt;
&lt;td class=&apos;confluenceTd&apos;&gt; uname &lt;/td&gt;
&lt;td class=&apos;confluenceTd&apos;&gt; Linux hiveptest-server-upstream 3.16.0-4-amd64 #1 SMP Debian 3.16.43-2+deb8u5 (2017-09-19) x86_64 GNU/Linux &lt;/td&gt;
&lt;/tr&gt;
&lt;tr&gt;
&lt;td class=&apos;confluenceTd&apos;&gt; Build tool &lt;/td&gt;
&lt;td class=&apos;confluenceTd&apos;&gt; maven &lt;/td&gt;
&lt;/tr&gt;
&lt;tr&gt;
&lt;td class=&apos;confluenceTd&apos;&gt; Personality &lt;/td&gt;
&lt;td class=&apos;confluenceTd&apos;&gt; /data/hiveptest/working/yetus_PreCommit-HIVE-Build-17330/dev-support/hive-personality.sh &lt;/td&gt;
&lt;/tr&gt;
&lt;tr&gt;
&lt;td class=&apos;confluenceTd&apos;&gt; git revision &lt;/td&gt;
&lt;td class=&apos;confluenceTd&apos;&gt; master / cbd8c7b &lt;/td&gt;
&lt;/tr&gt;
&lt;tr&gt;
&lt;td class=&apos;confluenceTd&apos;&gt; Default Java &lt;/td&gt;
&lt;td class=&apos;confluenceTd&apos;&gt; 1.8.0_111 &lt;/td&gt;
&lt;/tr&gt;
&lt;tr&gt;
&lt;td class=&apos;confluenceTd&apos;&gt; findbugs &lt;/td&gt;
&lt;td class=&apos;confluenceTd&apos;&gt; v3.0.0 &lt;/td&gt;
&lt;/tr&gt;
&lt;tr&gt;
&lt;td class=&apos;confluenceTd&apos;&gt; modules &lt;/td&gt;
&lt;td class=&apos;confluenceTd&apos;&gt; C: standalone-metastore/metastore-server U: standalone-metastore/metastore-server &lt;/td&gt;
&lt;/tr&gt;
&lt;tr&gt;
&lt;td class=&apos;confluenceTd&apos;&gt; Console output &lt;/td&gt;
&lt;td class=&apos;confluenceTd&apos;&gt; &lt;a href=&quot;http://104.198.109.242/logs//PreCommit-HIVE-Build-17330/yetus.txt&quot; class=&quot;external-link&quot; target=&quot;_blank&quot; rel=&quot;nofollow noopener&quot;&gt;http://104.198.109.242/logs//PreCommit-HIVE-Build-17330/yetus.txt&lt;/a&gt; &lt;/td&gt;
&lt;/tr&gt;
&lt;tr&gt;
&lt;td class=&apos;confluenceTd&apos;&gt; Powered by &lt;/td&gt;
&lt;td class=&apos;confluenceTd&apos;&gt; Apache Yetus    &lt;a href=&quot;http://yetus.apache.org&quot; class=&quot;external-link&quot; target=&quot;_blank&quot; rel=&quot;nofollow noopener&quot;&gt;http://yetus.apache.org&lt;/a&gt; &lt;/td&gt;
&lt;/tr&gt;
&lt;/tbody&gt;&lt;/table&gt;
&lt;/div&gt;



&lt;p&gt;This message was automatically generated.&lt;/p&gt;
</comment>
                            <comment id="16850083" author="hiveqa" created="Tue, 28 May 2019 19:49:34 +0000"  >

&lt;p&gt;Here are the results of testing the latest attachment:&lt;br/&gt;
&lt;a href=&quot;https://issues.apache.org/jira/secure/attachment/12970023/HIVE-21550.01.patch&quot; class=&quot;external-link&quot; rel=&quot;nofollow&quot;&gt;https://issues.apache.org/jira/secure/attachment/12970023/HIVE-21550.01.patch&lt;/a&gt;&lt;/p&gt;

&lt;p&gt;&lt;font color=&quot;green&quot;&gt;SUCCESS:&lt;/font&gt; +1 due to 4 test(s) being added or modified.&lt;/p&gt;

&lt;p&gt;&lt;font color=&quot;red&quot;&gt;ERROR:&lt;/font&gt; -1 due to 5 failed/errored test(s), 16062 tests executed&lt;br/&gt;
&lt;b&gt;Failed tests:&lt;/b&gt;&lt;/p&gt;
&lt;div class=&quot;preformatted panel&quot; style=&quot;border-width: 1px;&quot;&gt;&lt;div class=&quot;preformattedContent panelContent&quot;&gt;
&lt;pre&gt;org.apache.hadoop.hive.metastore.TestObjectStore.testDirectSQLDropParitionsCleanup (batchId=232)
org.apache.hadoop.hive.metastore.TestObjectStore.testDirectSQLDropPartitionsCacheCrossSession (batchId=232)
org.apache.hadoop.hive.metastore.TestObjectStore.testDirectSQLDropPartitionsCacheInSession (batchId=232)
org.apache.hadoop.hive.metastore.TestObjectStore.testPartitionOps (batchId=232)
org.apache.hive.hcatalog.mapreduce.TestHCatMutableNonPartitioned.testHCatNonPartitionedTable[6] (batchId=216)
&lt;/pre&gt;
&lt;/div&gt;&lt;/div&gt;

&lt;p&gt;Test results: &lt;a href=&quot;https://builds.apache.org/job/PreCommit-HIVE-Build/17330/testReport&quot; class=&quot;external-link&quot; target=&quot;_blank&quot; rel=&quot;nofollow noopener&quot;&gt;https://builds.apache.org/job/PreCommit-HIVE-Build/17330/testReport&lt;/a&gt;&lt;br/&gt;
Console output: &lt;a href=&quot;https://builds.apache.org/job/PreCommit-HIVE-Build/17330/console&quot; class=&quot;external-link&quot; target=&quot;_blank&quot; rel=&quot;nofollow noopener&quot;&gt;https://builds.apache.org/job/PreCommit-HIVE-Build/17330/console&lt;/a&gt;&lt;br/&gt;
Test logs: &lt;a href=&quot;http://104.198.109.242/logs/PreCommit-HIVE-Build-17330/&quot; class=&quot;external-link&quot; target=&quot;_blank&quot; rel=&quot;nofollow noopener&quot;&gt;http://104.198.109.242/logs/PreCommit-HIVE-Build-17330/&lt;/a&gt;&lt;/p&gt;

&lt;p&gt;Messages:&lt;/p&gt;
&lt;div class=&quot;preformatted panel&quot; style=&quot;border-width: 1px;&quot;&gt;&lt;div class=&quot;preformattedContent panelContent&quot;&gt;
&lt;pre&gt;Executing org.apache.hive.ptest.execution.TestCheckPhase
Executing org.apache.hive.ptest.execution.PrepPhase
Executing org.apache.hive.ptest.execution.YetusPhase
Executing org.apache.hive.ptest.execution.ExecutionPhase
Executing org.apache.hive.ptest.execution.ReportingPhase
Tests exited with: TestsFailedException: 5 tests failed
&lt;/pre&gt;
&lt;/div&gt;&lt;/div&gt;

&lt;p&gt;This message is automatically generated.&lt;/p&gt;

&lt;p&gt;ATTACHMENT ID: 12970023 - PreCommit-HIVE-Build&lt;/p&gt;</comment>
                            <comment id="16850599" author="abstractdog" created="Wed, 29 May 2019 07:59:35 +0000"  >&lt;p&gt;TestObjectStore failures are related, I&apos;m checking them&lt;/p&gt;</comment>
                            <comment id="16850623" author="abstractdog" created="Wed, 29 May 2019 08:32:58 +0000"  >&lt;p&gt;&lt;a href=&quot;https://issues.apache.org/jira/secure/ViewProfile.jspa?name=pvary&quot; class=&quot;user-hover&quot; rel=&quot;pvary&quot;&gt;pvary&lt;/a&gt;: fixed the issue in 02.patch, waiting for tests, could you please review?&lt;br/&gt;
cannot validate by unit test that the fix solves the problem, however, I couldn&apos;t have reproduced the issue since (maybe we can reopen this if needed)&lt;/p&gt;</comment>
                            <comment id="16850641" author="pvary" created="Wed, 29 May 2019 08:54:41 +0000"  >&lt;p&gt;+1 pending tests&lt;/p&gt;</comment>
                            <comment id="16851204" author="hiveqa" created="Wed, 29 May 2019 18:50:10 +0000"  >&lt;div class=&apos;table-wrap&apos;&gt;
&lt;table class=&apos;confluenceTable&apos;&gt;&lt;tbody&gt;
&lt;tr&gt;
&lt;td class=&apos;confluenceTd&apos;&gt; &lt;img class=&quot;emoticon&quot; src=&quot;https://issues.apache.org/jira/images/icons/emoticons/check.png&quot; height=&quot;16&quot; width=&quot;16&quot; align=&quot;absmiddle&quot; alt=&quot;&quot; border=&quot;0&quot;/&gt; &lt;b&gt;&lt;font color=&quot;green&quot;&gt;+1 overall&lt;/font&gt;&lt;/b&gt; &lt;/td&gt;
&lt;/tr&gt;
&lt;/tbody&gt;&lt;/table&gt;
&lt;/div&gt;

&lt;p&gt;&lt;br class=&quot;atl-forced-newline&quot; /&gt;
&lt;br class=&quot;atl-forced-newline&quot; /&gt;&lt;/p&gt;
&lt;div class=&apos;table-wrap&apos;&gt;
&lt;table class=&apos;confluenceTable&apos;&gt;&lt;tbody&gt;
&lt;tr&gt;
&lt;th class=&apos;confluenceTh&apos;&gt; Vote &lt;/th&gt;
&lt;th class=&apos;confluenceTh&apos;&gt; Subsystem &lt;/th&gt;
&lt;th class=&apos;confluenceTh&apos;&gt; Runtime &lt;/th&gt;
&lt;th class=&apos;confluenceTh&apos;&gt; Comment &lt;/th&gt;
&lt;/tr&gt;
&lt;tr&gt;
&lt;th class=&apos;confluenceTh&apos;&gt;&amp;nbsp;&lt;/th&gt;
&lt;th class=&apos;confluenceTh&apos;&gt;&amp;nbsp;&lt;/th&gt;
&lt;th class=&apos;confluenceTh&apos;&gt;&amp;nbsp;&lt;/th&gt;
&lt;th class=&apos;confluenceTh&apos;&gt; &lt;font color=&quot;brown&quot;&gt; Prechecks &lt;/font&gt; &lt;/th&gt;
&lt;/tr&gt;
&lt;tr&gt;
&lt;td class=&apos;confluenceTd&apos;&gt; &lt;font color=&quot;green&quot;&gt;+1&lt;/font&gt; &lt;/td&gt;
&lt;td class=&apos;confluenceTd&apos;&gt; &lt;font color=&quot;green&quot;&gt; @author &lt;/font&gt; &lt;/td&gt;
&lt;td class=&apos;confluenceTd&apos;&gt; &lt;font color=&quot;green&quot;&gt;  0m  0s&lt;/font&gt; &lt;/td&gt;
&lt;td class=&apos;confluenceTd&apos;&gt; &lt;font color=&quot;green&quot;&gt; The patch does not contain any @author tags. &lt;/font&gt; &lt;/td&gt;
&lt;/tr&gt;
&lt;tr&gt;
&lt;th class=&apos;confluenceTh&apos;&gt;&amp;nbsp;&lt;/th&gt;
&lt;th class=&apos;confluenceTh&apos;&gt;&amp;nbsp;&lt;/th&gt;
&lt;th class=&apos;confluenceTh&apos;&gt;&amp;nbsp;&lt;/th&gt;
&lt;th class=&apos;confluenceTh&apos;&gt; &lt;font color=&quot;brown&quot;&gt; master Compile Tests &lt;/font&gt; &lt;/th&gt;
&lt;/tr&gt;
&lt;tr&gt;
&lt;td class=&apos;confluenceTd&apos;&gt; &lt;font color=&quot;green&quot;&gt;+1&lt;/font&gt; &lt;/td&gt;
&lt;td class=&apos;confluenceTd&apos;&gt; &lt;font color=&quot;green&quot;&gt; mvninstall &lt;/font&gt; &lt;/td&gt;
&lt;td class=&apos;confluenceTd&apos;&gt; &lt;font color=&quot;green&quot;&gt; 10m 45s&lt;/font&gt; &lt;/td&gt;
&lt;td class=&apos;confluenceTd&apos;&gt; &lt;font color=&quot;green&quot;&gt; master passed &lt;/font&gt; &lt;/td&gt;
&lt;/tr&gt;
&lt;tr&gt;
&lt;td class=&apos;confluenceTd&apos;&gt; &lt;font color=&quot;green&quot;&gt;+1&lt;/font&gt; &lt;/td&gt;
&lt;td class=&apos;confluenceTd&apos;&gt; &lt;font color=&quot;green&quot;&gt; compile &lt;/font&gt; &lt;/td&gt;
&lt;td class=&apos;confluenceTd&apos;&gt; &lt;font color=&quot;green&quot;&gt;  0m 32s&lt;/font&gt; &lt;/td&gt;
&lt;td class=&apos;confluenceTd&apos;&gt; &lt;font color=&quot;green&quot;&gt; master passed &lt;/font&gt; &lt;/td&gt;
&lt;/tr&gt;
&lt;tr&gt;
&lt;td class=&apos;confluenceTd&apos;&gt; &lt;font color=&quot;green&quot;&gt;+1&lt;/font&gt; &lt;/td&gt;
&lt;td class=&apos;confluenceTd&apos;&gt; &lt;font color=&quot;green&quot;&gt; checkstyle &lt;/font&gt; &lt;/td&gt;
&lt;td class=&apos;confluenceTd&apos;&gt; &lt;font color=&quot;green&quot;&gt;  0m 21s&lt;/font&gt; &lt;/td&gt;
&lt;td class=&apos;confluenceTd&apos;&gt; &lt;font color=&quot;green&quot;&gt; master passed &lt;/font&gt; &lt;/td&gt;
&lt;/tr&gt;
&lt;tr&gt;
&lt;td class=&apos;confluenceTd&apos;&gt; &lt;font color=&quot;blue&quot;&gt;0&lt;/font&gt; &lt;/td&gt;
&lt;td class=&apos;confluenceTd&apos;&gt; &lt;font color=&quot;blue&quot;&gt; findbugs &lt;/font&gt; &lt;/td&gt;
&lt;td class=&apos;confluenceTd&apos;&gt; &lt;font color=&quot;blue&quot;&gt;  1m 23s&lt;/font&gt; &lt;/td&gt;
&lt;td class=&apos;confluenceTd&apos;&gt; &lt;font color=&quot;blue&quot;&gt; standalone-metastore/metastore-server in master has 183 extant Findbugs warnings. &lt;/font&gt; &lt;/td&gt;
&lt;/tr&gt;
&lt;tr&gt;
&lt;td class=&apos;confluenceTd&apos;&gt; &lt;font color=&quot;green&quot;&gt;+1&lt;/font&gt; &lt;/td&gt;
&lt;td class=&apos;confluenceTd&apos;&gt; &lt;font color=&quot;green&quot;&gt; javadoc &lt;/font&gt; &lt;/td&gt;
&lt;td class=&apos;confluenceTd&apos;&gt; &lt;font color=&quot;green&quot;&gt;  0m 24s&lt;/font&gt; &lt;/td&gt;
&lt;td class=&apos;confluenceTd&apos;&gt; &lt;font color=&quot;green&quot;&gt; master passed &lt;/font&gt; &lt;/td&gt;
&lt;/tr&gt;
&lt;tr&gt;
&lt;th class=&apos;confluenceTh&apos;&gt;&amp;nbsp;&lt;/th&gt;
&lt;th class=&apos;confluenceTh&apos;&gt;&amp;nbsp;&lt;/th&gt;
&lt;th class=&apos;confluenceTh&apos;&gt;&amp;nbsp;&lt;/th&gt;
&lt;th class=&apos;confluenceTh&apos;&gt; &lt;font color=&quot;brown&quot;&gt; Patch Compile Tests &lt;/font&gt; &lt;/th&gt;
&lt;/tr&gt;
&lt;tr&gt;
&lt;td class=&apos;confluenceTd&apos;&gt; &lt;font color=&quot;green&quot;&gt;+1&lt;/font&gt; &lt;/td&gt;
&lt;td class=&apos;confluenceTd&apos;&gt; &lt;font color=&quot;green&quot;&gt; mvninstall &lt;/font&gt; &lt;/td&gt;
&lt;td class=&apos;confluenceTd&apos;&gt; &lt;font color=&quot;green&quot;&gt;  0m 38s&lt;/font&gt; &lt;/td&gt;
&lt;td class=&apos;confluenceTd&apos;&gt; &lt;font color=&quot;green&quot;&gt; the patch passed &lt;/font&gt; &lt;/td&gt;
&lt;/tr&gt;
&lt;tr&gt;
&lt;td class=&apos;confluenceTd&apos;&gt; &lt;font color=&quot;green&quot;&gt;+1&lt;/font&gt; &lt;/td&gt;
&lt;td class=&apos;confluenceTd&apos;&gt; &lt;font color=&quot;green&quot;&gt; compile &lt;/font&gt; &lt;/td&gt;
&lt;td class=&apos;confluenceTd&apos;&gt; &lt;font color=&quot;green&quot;&gt;  0m 32s&lt;/font&gt; &lt;/td&gt;
&lt;td class=&apos;confluenceTd&apos;&gt; &lt;font color=&quot;green&quot;&gt; the patch passed &lt;/font&gt; &lt;/td&gt;
&lt;/tr&gt;
&lt;tr&gt;
&lt;td class=&apos;confluenceTd&apos;&gt; &lt;font color=&quot;green&quot;&gt;+1&lt;/font&gt; &lt;/td&gt;
&lt;td class=&apos;confluenceTd&apos;&gt; &lt;font color=&quot;green&quot;&gt; javac &lt;/font&gt; &lt;/td&gt;
&lt;td class=&apos;confluenceTd&apos;&gt; &lt;font color=&quot;green&quot;&gt;  0m 32s&lt;/font&gt; &lt;/td&gt;
&lt;td class=&apos;confluenceTd&apos;&gt; &lt;font color=&quot;green&quot;&gt; the patch passed &lt;/font&gt; &lt;/td&gt;
&lt;/tr&gt;
&lt;tr&gt;
&lt;td class=&apos;confluenceTd&apos;&gt; &lt;font color=&quot;green&quot;&gt;+1&lt;/font&gt; &lt;/td&gt;
&lt;td class=&apos;confluenceTd&apos;&gt; &lt;font color=&quot;green&quot;&gt; checkstyle &lt;/font&gt; &lt;/td&gt;
&lt;td class=&apos;confluenceTd&apos;&gt; &lt;font color=&quot;green&quot;&gt;  0m 21s&lt;/font&gt; &lt;/td&gt;
&lt;td class=&apos;confluenceTd&apos;&gt; &lt;font color=&quot;green&quot;&gt; the patch passed &lt;/font&gt; &lt;/td&gt;
&lt;/tr&gt;
&lt;tr&gt;
&lt;td class=&apos;confluenceTd&apos;&gt; &lt;font color=&quot;green&quot;&gt;+1&lt;/font&gt; &lt;/td&gt;
&lt;td class=&apos;confluenceTd&apos;&gt; &lt;font color=&quot;green&quot;&gt; whitespace &lt;/font&gt; &lt;/td&gt;
&lt;td class=&apos;confluenceTd&apos;&gt; &lt;font color=&quot;green&quot;&gt;  0m  0s&lt;/font&gt; &lt;/td&gt;
&lt;td class=&apos;confluenceTd&apos;&gt; &lt;font color=&quot;green&quot;&gt; The patch has no whitespace issues. &lt;/font&gt; &lt;/td&gt;
&lt;/tr&gt;
&lt;tr&gt;
&lt;td class=&apos;confluenceTd&apos;&gt; &lt;font color=&quot;green&quot;&gt;+1&lt;/font&gt; &lt;/td&gt;
&lt;td class=&apos;confluenceTd&apos;&gt; &lt;font color=&quot;green&quot;&gt; findbugs &lt;/font&gt; &lt;/td&gt;
&lt;td class=&apos;confluenceTd&apos;&gt; &lt;font color=&quot;green&quot;&gt;  1m 35s&lt;/font&gt; &lt;/td&gt;
&lt;td class=&apos;confluenceTd&apos;&gt; &lt;font color=&quot;green&quot;&gt; the patch passed &lt;/font&gt; &lt;/td&gt;
&lt;/tr&gt;
&lt;tr&gt;
&lt;td class=&apos;confluenceTd&apos;&gt; &lt;font color=&quot;green&quot;&gt;+1&lt;/font&gt; &lt;/td&gt;
&lt;td class=&apos;confluenceTd&apos;&gt; &lt;font color=&quot;green&quot;&gt; javadoc &lt;/font&gt; &lt;/td&gt;
&lt;td class=&apos;confluenceTd&apos;&gt; &lt;font color=&quot;green&quot;&gt;  0m 23s&lt;/font&gt; &lt;/td&gt;
&lt;td class=&apos;confluenceTd&apos;&gt; &lt;font color=&quot;green&quot;&gt; the patch passed &lt;/font&gt; &lt;/td&gt;
&lt;/tr&gt;
&lt;tr&gt;
&lt;th class=&apos;confluenceTh&apos;&gt;&amp;nbsp;&lt;/th&gt;
&lt;th class=&apos;confluenceTh&apos;&gt;&amp;nbsp;&lt;/th&gt;
&lt;th class=&apos;confluenceTh&apos;&gt;&amp;nbsp;&lt;/th&gt;
&lt;th class=&apos;confluenceTh&apos;&gt; &lt;font color=&quot;brown&quot;&gt; Other Tests &lt;/font&gt; &lt;/th&gt;
&lt;/tr&gt;
&lt;tr&gt;
&lt;td class=&apos;confluenceTd&apos;&gt; &lt;font color=&quot;green&quot;&gt;+1&lt;/font&gt; &lt;/td&gt;
&lt;td class=&apos;confluenceTd&apos;&gt; &lt;font color=&quot;green&quot;&gt; asflicense &lt;/font&gt; &lt;/td&gt;
&lt;td class=&apos;confluenceTd&apos;&gt; &lt;font color=&quot;green&quot;&gt;  0m 16s&lt;/font&gt; &lt;/td&gt;
&lt;td class=&apos;confluenceTd&apos;&gt; &lt;font color=&quot;green&quot;&gt; The patch does not generate ASF License warnings. &lt;/font&gt; &lt;/td&gt;
&lt;/tr&gt;
&lt;tr&gt;
&lt;td class=&apos;confluenceTd&apos;&gt; &lt;font color=&quot;black&quot;&gt;&lt;/font&gt; &lt;/td&gt;
&lt;td class=&apos;confluenceTd&apos;&gt; &lt;font color=&quot;black&quot;&gt; &lt;/font&gt; &lt;/td&gt;
&lt;td class=&apos;confluenceTd&apos;&gt; &lt;font color=&quot;black&quot;&gt; 17m 46s&lt;/font&gt; &lt;/td&gt;
&lt;td class=&apos;confluenceTd&apos;&gt; &lt;font color=&quot;black&quot;&gt; &lt;/font&gt; &lt;/td&gt;
&lt;/tr&gt;
&lt;/tbody&gt;&lt;/table&gt;
&lt;/div&gt;

&lt;p&gt;&lt;br class=&quot;atl-forced-newline&quot; /&gt;
&lt;br class=&quot;atl-forced-newline&quot; /&gt;&lt;/p&gt;
&lt;div class=&apos;table-wrap&apos;&gt;
&lt;table class=&apos;confluenceTable&apos;&gt;&lt;tbody&gt;
&lt;tr&gt;
&lt;th class=&apos;confluenceTh&apos;&gt; Subsystem &lt;/th&gt;
&lt;th class=&apos;confluenceTh&apos;&gt; Report/Notes &lt;/th&gt;
&lt;/tr&gt;
&lt;tr&gt;
&lt;td class=&apos;confluenceTd&apos;&gt; Optional Tests &lt;/td&gt;
&lt;td class=&apos;confluenceTd&apos;&gt;  asflicense  javac  javadoc  findbugs  checkstyle  compile  &lt;/td&gt;
&lt;/tr&gt;
&lt;tr&gt;
&lt;td class=&apos;confluenceTd&apos;&gt; uname &lt;/td&gt;
&lt;td class=&apos;confluenceTd&apos;&gt; Linux hiveptest-server-upstream 3.16.0-4-amd64 #1 SMP Debian 3.16.43-2+deb8u5 (2017-09-19) x86_64 GNU/Linux &lt;/td&gt;
&lt;/tr&gt;
&lt;tr&gt;
&lt;td class=&apos;confluenceTd&apos;&gt; Build tool &lt;/td&gt;
&lt;td class=&apos;confluenceTd&apos;&gt; maven &lt;/td&gt;
&lt;/tr&gt;
&lt;tr&gt;
&lt;td class=&apos;confluenceTd&apos;&gt; Personality &lt;/td&gt;
&lt;td class=&apos;confluenceTd&apos;&gt; /data/hiveptest/working/yetus_PreCommit-HIVE-Build-17342/dev-support/hive-personality.sh &lt;/td&gt;
&lt;/tr&gt;
&lt;tr&gt;
&lt;td class=&apos;confluenceTd&apos;&gt; git revision &lt;/td&gt;
&lt;td class=&apos;confluenceTd&apos;&gt; master / f0c29ac &lt;/td&gt;
&lt;/tr&gt;
&lt;tr&gt;
&lt;td class=&apos;confluenceTd&apos;&gt; Default Java &lt;/td&gt;
&lt;td class=&apos;confluenceTd&apos;&gt; 1.8.0_111 &lt;/td&gt;
&lt;/tr&gt;
&lt;tr&gt;
&lt;td class=&apos;confluenceTd&apos;&gt; findbugs &lt;/td&gt;
&lt;td class=&apos;confluenceTd&apos;&gt; v3.0.0 &lt;/td&gt;
&lt;/tr&gt;
&lt;tr&gt;
&lt;td class=&apos;confluenceTd&apos;&gt; modules &lt;/td&gt;
&lt;td class=&apos;confluenceTd&apos;&gt; C: standalone-metastore/metastore-server U: standalone-metastore/metastore-server &lt;/td&gt;
&lt;/tr&gt;
&lt;tr&gt;
&lt;td class=&apos;confluenceTd&apos;&gt; Console output &lt;/td&gt;
&lt;td class=&apos;confluenceTd&apos;&gt; &lt;a href=&quot;http://104.198.109.242/logs//PreCommit-HIVE-Build-17342/yetus.txt&quot; class=&quot;external-link&quot; target=&quot;_blank&quot; rel=&quot;nofollow noopener&quot;&gt;http://104.198.109.242/logs//PreCommit-HIVE-Build-17342/yetus.txt&lt;/a&gt; &lt;/td&gt;
&lt;/tr&gt;
&lt;tr&gt;
&lt;td class=&apos;confluenceTd&apos;&gt; Powered by &lt;/td&gt;
&lt;td class=&apos;confluenceTd&apos;&gt; Apache Yetus    &lt;a href=&quot;http://yetus.apache.org&quot; class=&quot;external-link&quot; target=&quot;_blank&quot; rel=&quot;nofollow noopener&quot;&gt;http://yetus.apache.org&lt;/a&gt; &lt;/td&gt;
&lt;/tr&gt;
&lt;/tbody&gt;&lt;/table&gt;
&lt;/div&gt;



&lt;p&gt;This message was automatically generated.&lt;/p&gt;
</comment>
                            <comment id="16851251" author="hiveqa" created="Wed, 29 May 2019 19:48:33 +0000"  >

&lt;p&gt;Here are the results of testing the latest attachment:&lt;br/&gt;
&lt;a href=&quot;https://issues.apache.org/jira/secure/attachment/12970133/HIVE-21550.02.patch&quot; class=&quot;external-link&quot; rel=&quot;nofollow&quot;&gt;https://issues.apache.org/jira/secure/attachment/12970133/HIVE-21550.02.patch&lt;/a&gt;&lt;/p&gt;

&lt;p&gt;&lt;font color=&quot;green&quot;&gt;SUCCESS:&lt;/font&gt; +1 due to 4 test(s) being added or modified.&lt;/p&gt;

&lt;p&gt;&lt;font color=&quot;green&quot;&gt;SUCCESS:&lt;/font&gt; +1 due to 16063 tests passed&lt;/p&gt;

&lt;p&gt;Test results: &lt;a href=&quot;https://builds.apache.org/job/PreCommit-HIVE-Build/17342/testReport&quot; class=&quot;external-link&quot; target=&quot;_blank&quot; rel=&quot;nofollow noopener&quot;&gt;https://builds.apache.org/job/PreCommit-HIVE-Build/17342/testReport&lt;/a&gt;&lt;br/&gt;
Console output: &lt;a href=&quot;https://builds.apache.org/job/PreCommit-HIVE-Build/17342/console&quot; class=&quot;external-link&quot; target=&quot;_blank&quot; rel=&quot;nofollow noopener&quot;&gt;https://builds.apache.org/job/PreCommit-HIVE-Build/17342/console&lt;/a&gt;&lt;br/&gt;
Test logs: &lt;a href=&quot;http://104.198.109.242/logs/PreCommit-HIVE-Build-17342/&quot; class=&quot;external-link&quot; target=&quot;_blank&quot; rel=&quot;nofollow noopener&quot;&gt;http://104.198.109.242/logs/PreCommit-HIVE-Build-17342/&lt;/a&gt;&lt;/p&gt;

&lt;p&gt;Messages:&lt;/p&gt;
&lt;div class=&quot;preformatted panel&quot; style=&quot;border-width: 1px;&quot;&gt;&lt;div class=&quot;preformattedContent panelContent&quot;&gt;
&lt;pre&gt;Executing org.apache.hive.ptest.execution.TestCheckPhase
Executing org.apache.hive.ptest.execution.PrepPhase
Executing org.apache.hive.ptest.execution.YetusPhase
Executing org.apache.hive.ptest.execution.ExecutionPhase
Executing org.apache.hive.ptest.execution.ReportingPhase
&lt;/pre&gt;
&lt;/div&gt;&lt;/div&gt;

&lt;p&gt;This message is automatically generated.&lt;/p&gt;

&lt;p&gt;ATTACHMENT ID: 12970133 - PreCommit-HIVE-Build&lt;/p&gt;</comment>
                            <comment id="16851611" author="pvary" created="Thu, 30 May 2019 07:56:57 +0000"  >&lt;p&gt;Pushed to master.&lt;/p&gt;

&lt;p&gt;Thanks for the patch &lt;a href=&quot;https://issues.apache.org/jira/secure/ViewProfile.jspa?name=abstractdog&quot; class=&quot;user-hover&quot; rel=&quot;abstractdog&quot;&gt;abstractdog&lt;/a&gt;! Hope this helps! &lt;img class=&quot;emoticon&quot; src=&quot;https://issues.apache.org/jira/images/icons/emoticons/smile.png&quot; height=&quot;16&quot; width=&quot;16&quot; align=&quot;absmiddle&quot; alt=&quot;&quot; border=&quot;0&quot;/&gt;&lt;/p&gt;</comment>
                            <comment id="16902476" author="vgarg" created="Wed, 7 Aug 2019 21:02:54 +0000"  >&lt;p&gt;These tests are still failing albeit with NullPointerException now&lt;br/&gt;
&lt;a href=&quot;https://builds.apache.org/job/PreCommit-HIVE-Build/18277/testReport/&quot; class=&quot;external-link&quot; target=&quot;_blank&quot; rel=&quot;nofollow noopener&quot;&gt;https://builds.apache.org/job/PreCommit-HIVE-Build/18277/testReport/&lt;/a&gt;&lt;/p&gt;

&lt;div class=&quot;code panel&quot; style=&quot;border-width: 1px;&quot;&gt;&lt;div class=&quot;codeContent panelContent&quot;&gt;
&lt;pre class=&quot;code-java&quot;&gt;
java.lang.NullPointerException
	at org.apache.hadoop.hive.metastore.TestObjectStore.setUp(TestObjectStore.java:147)
&lt;/pre&gt;
&lt;/div&gt;&lt;/div&gt;

&lt;p&gt;Not sure if it is related to this change at all.&lt;/p&gt;</comment>
                            <comment id="16907246" author="abstractdog" created="Wed, 14 Aug 2019 13:11:34 +0000"  >&lt;p&gt;thanks &lt;a href=&quot;https://issues.apache.org/jira/secure/ViewProfile.jspa?name=vgarg&quot; class=&quot;user-hover&quot; rel=&quot;vgarg&quot;&gt;vgarg&lt;/a&gt;, looking at current state of TestObjectStore:&lt;br/&gt;
&lt;a href=&quot;https://github.com/apache/hive/blob/4510efd15f44cc4c217bbc65ad2147c14261bccc/standalone-metastore/metastore-server/src/test/java/org/apache/hadoop/hive/metastore/TestObjectStore.java#L147&quot; class=&quot;external-link&quot; target=&quot;_blank&quot; rel=&quot;nofollow noopener&quot;&gt;https://github.com/apache/hive/blob/4510efd15f44cc4c217bbc65ad2147c14261bccc/standalone-metastore/metastore-server/src/test/java/org/apache/hadoop/hive/metastore/TestObjectStore.java#L147&lt;/a&gt;&lt;br/&gt;
NPE is thrown while calling a method of a recently created object, not really sure how this is possible&lt;/p&gt;</comment>
                    </comments>
                    <attachments>
                            <attachment id="12970023" name="HIVE-21550.01.patch" size="7983" author="abstractdog" created="Tue, 28 May 2019 09:52:11 +0000"/>
                            <attachment id="12970133" name="HIVE-21550.02.patch" size="8022" author="abstractdog" created="Wed, 29 May 2019 08:19:09 +0000"/>
                            <attachment id="12964352" name="HIVE-21550.repro.patch" size="2181" author="abstractdog" created="Sun, 31 Mar 2019 09:26:01 +0000"/>
                            <attachment id="12964314" name="TEST-230_UTBatch_standalone-metastore__metastore-server_20_tests-TEST-org.apache.hadoop.hive.metastore.TestObjectStore.xml" size="767083" author="abstractdog" created="Sat, 30 Mar 2019 11:41:17 +0000"/>
                            <attachment id="12964315" name="maven-test.txt" size="24800" author="abstractdog" created="Sat, 30 Mar 2019 11:47:52 +0000"/>
                            <attachment id="12964353" name="org.apache.hadoop.hive.metastore.TestObjectStore-output.txt" size="2580295" author="abstractdog" created="Sun, 31 Mar 2019 09:26:29 +0000"/>
                            <attachment id="12964313" name="screenshot-builds.apache.org-2019.03.30-12-38-32.png" size="159738" author="abstractdog" created="Sat, 30 Mar 2019 11:38:53 +0000"/>
                            <attachment id="12969882" name="surefire_derby_stacktrace.log" size="60475" author="abstractdog" created="Mon, 27 May 2019 10:44:20 +0000"/>
                    </attachments>
                <subtasks>
                    </subtasks>
                <customfields>
                                                                            <customfield id="customfield_12310310" key="com.atlassian.jira.toolkit:attachments">
                        <customfieldname>Attachment count</customfieldname>
                        <customfieldvalues>
                            <customfieldvalue>8.0</customfieldvalue>
                        </customfieldvalues>
                    </customfield>
                                                                                                                                                                                                                                                                                                                                                                                                                                                                                                                                                                                                                                                                                                        <customfield id="customfield_12314020" key="com.atlassian.jira.plugins.jira-development-integration-plugin:devsummary">
                        <customfieldname>Development</customfieldname>
                        <customfieldvalues>
                            
                        </customfieldvalues>
                    </customfield>
                                                                                                                        <customfield id="customfield_12313422" key="com.atlassian.jirafisheyeplugin:jobcheckbox">
                        <customfieldname>Enable Automatic Patch Review</customfieldname>
                        <customfieldvalues>
                            <customfieldvalue><![CDATA[false]]></customfieldvalue>

                        </customfieldvalues>
                    </customfield>
                                                                                                                                                                                                                                                                                                                                                                                                                                                                                                                                                                                                                                                <customfield id="customfield_12310420" key="com.pyxis.greenhopper.jira:gh-global-rank">
                        <customfieldname>Global Rank</customfieldname>
                        <customfieldvalues>
                            <customfieldvalue>9223372036854775807</customfieldvalue>
                        </customfieldvalues>
                    </customfield>
                                                                                                                                                                                                                                                                    <customfield id="customfield_12312521" key="com.atlassian.jira.toolkit:LastCommentDate">
                        <customfieldname>Last public comment date</customfieldname>
                        <customfieldvalues>
                            6 years, 14 weeks ago
                        </customfieldvalues>
                    </customfield>
                                                                                                                                                                                                                                                                                                <customfield id="customfield_12311820" key="com.pyxis.greenhopper.jira:gh-lexo-rank">
                        <customfieldname>Rank</customfieldname>
                        <customfieldvalues>
                            <customfieldvalue>0|z019so:</customfieldvalue>

                        </customfieldvalues>
                    </customfield>
                                                                <customfield id="customfield_12310920" key="com.pyxis.greenhopper.jira:gh-global-rank">
                        <customfieldname>Rank (Obsolete)</customfieldname>
                        <customfieldvalues>
                            <customfieldvalue>9223372036854775807</customfieldvalue>
                        </customfieldvalues>
                    </customfield>
                                                                                                                                                                                                                                                                                                                                                                                                                                                                                                                                                                                                                                                                                                                                                                                                                                                                                </customfields>
    </item>
</channel>
</rss>