<!-- 
RSS generated by JIRA (8.20.10#820010-sha1:ace47f9899e9ee25d7157d59aa17ab06aee30d3d) at Wed Nov 12 19:13:05 UTC 2025

It is possible to restrict the fields that are returned in this document by specifying the 'field' parameter in your request.
For example, to request only the issue key and summary append 'field=key&field=summary' to the URL of your request.
-->
<rss version="0.92" >
<channel>
    <title>ASF Jira</title>
    <link>https://issues.apache.org/jira</link>
    <description>This file is an XML representation of an issue</description>
    <language>en-uk</language>    <build-info>
        <version>8.20.10</version>
        <build-number>820010</build-number>
        <build-date>22-06-2022</build-date>
    </build-info>


<item>
            <title>[HIVE-22009] CTLV with user specified location is not honoured </title>
                <link>https://issues.apache.org/jira/browse/HIVE-22009</link>
                <project id="12310843" key="HIVE">Hive</project>
                    <description>&lt;p&gt;Steps to repro :&lt;/p&gt;

&lt;p&gt;&#160;&lt;/p&gt;
&lt;div class=&quot;code panel&quot; style=&quot;border-width: 1px;&quot;&gt;&lt;div class=&quot;codeContent panelContent&quot;&gt;
&lt;pre class=&quot;code-java&quot;&gt;
CREATE TABLE emp_table (id &lt;span class=&quot;code-object&quot;&gt;int&lt;/span&gt;, name string, salary &lt;span class=&quot;code-object&quot;&gt;int&lt;/span&gt;);
insert into emp_table values(1,&lt;span class=&quot;code-quote&quot;&gt;&apos;aaaaa&apos;&lt;/span&gt;,20000);
CREATE VIEW emp_view AS SELECT * FROM emp_table WHERE salary&amp;gt;10000;
CREATE EXTERNAL TABLE emp_ext_table like emp_view LOCATION &lt;span class=&quot;code-quote&quot;&gt;&apos;/tmp/emp_ext_table&apos;&lt;/span&gt;;
show create table emp_ext_table;&lt;/pre&gt;
&lt;/div&gt;&lt;/div&gt;
&lt;p&gt;&#160;&lt;/p&gt;
&lt;div class=&quot;code panel&quot; style=&quot;border-width: 1px;&quot;&gt;&lt;div class=&quot;codeContent panelContent&quot;&gt;
&lt;pre class=&quot;code-java&quot;&gt;
+----------------------------------------------------+
| createtab_stmt |
+----------------------------------------------------+
| CREATE EXTERNAL TABLE `emp_ext_table`( |
| `id` &lt;span class=&quot;code-object&quot;&gt;int&lt;/span&gt;, |
| `name` string, |
| `salary` &lt;span class=&quot;code-object&quot;&gt;int&lt;/span&gt;) |
| ROW FORMAT SERDE |
| &lt;span class=&quot;code-quote&quot;&gt;&apos;org.apache.hadoop.hive.serde2.lazy.LazySimpleSerDe&apos;&lt;/span&gt; |
| STORED AS INPUTFORMAT |
| &lt;span class=&quot;code-quote&quot;&gt;&apos;org.apache.hadoop.mapred.TextInputFormat&apos;&lt;/span&gt; |
| OUTPUTFORMAT |
| &lt;span class=&quot;code-quote&quot;&gt;&apos;org.apache.hadoop.hive.ql.io.HiveIgnoreKeyTextOutputFormat&apos;&lt;/span&gt; |
| LOCATION |
| &lt;span class=&quot;code-quote&quot;&gt;&apos;hdfs:&lt;span class=&quot;code-comment&quot;&gt;//nn:8020/warehouse/tablespace/external/hive/emp_ext_table&apos;&lt;/span&gt; |
&lt;/span&gt;| TBLPROPERTIES ( |
| &lt;span class=&quot;code-quote&quot;&gt;&apos;bucketing_version&apos;&lt;/span&gt;=&lt;span class=&quot;code-quote&quot;&gt;&apos;2&apos;&lt;/span&gt;, |
| &lt;span class=&quot;code-quote&quot;&gt;&apos;transient_lastDdlTime&apos;&lt;/span&gt;=&lt;span class=&quot;code-quote&quot;&gt;&apos;1563467962&apos;&lt;/span&gt;) |
+----------------------------------------------------+&lt;/pre&gt;
&lt;/div&gt;&lt;/div&gt;
&lt;p&gt;Table Location is not&#160;&apos;/tmp/emp_ext_table&apos;, instead location is set to default warehouse path.&lt;/p&gt;

&lt;p&gt;&#160;&lt;/p&gt;

&lt;p&gt;&#160;&lt;/p&gt;</description>
                <environment></environment>
        <key id="13245829">HIVE-22009</key>
            <summary>CTLV with user specified location is not honoured </summary>
                <type id="1" iconUrl="https://issues.apache.org/jira/secure/viewavatar?size=xsmall&amp;avatarId=21133&amp;avatarType=issuetype">Bug</type>
                                            <priority id="3" iconUrl="https://issues.apache.org/jira/images/icons/priorities/major.svg">Major</priority>
                        <status id="5" iconUrl="https://issues.apache.org/jira/images/icons/statuses/resolved.png" description="A resolution has been taken, and it is awaiting verification by reporter. From here issues are either reopened, or are closed.">Resolved</status>
                    <statusCategory id="3" key="done" colorName="green"/>
                                    <resolution id="1">Fixed</resolution>
                                        <assignee username="nareshpr">Naresh P R</assignee>
                                    <reporter username="nareshpr">Naresh P R</reporter>
                        <labels>
                    </labels>
                <created>Thu, 18 Jul 2019 16:44:57 +0000</created>
                <updated>Wed, 24 Jul 2019 15:45:40 +0000</updated>
                            <resolved>Wed, 24 Jul 2019 15:45:40 +0000</resolved>
                                    <version>3.1.1</version>
                    <version>4.0.0</version>
                                                        <due></due>
                            <votes>0</votes>
                                    <watches>3</watches>
                                                                                                                <comments>
                            <comment id="16888292" author="hiveqa" created="Thu, 18 Jul 2019 20:09:09 +0000"  >&lt;div class=&apos;table-wrap&apos;&gt;
&lt;table class=&apos;confluenceTable&apos;&gt;&lt;tbody&gt;
&lt;tr&gt;
&lt;td class=&apos;confluenceTd&apos;&gt; &lt;img class=&quot;emoticon&quot; src=&quot;https://issues.apache.org/jira/images/icons/emoticons/error.png&quot; height=&quot;16&quot; width=&quot;16&quot; align=&quot;absmiddle&quot; alt=&quot;&quot; border=&quot;0&quot;/&gt; &lt;b&gt;&lt;font color=&quot;red&quot;&gt;-1 overall&lt;/font&gt;&lt;/b&gt; &lt;/td&gt;
&lt;/tr&gt;
&lt;/tbody&gt;&lt;/table&gt;
&lt;/div&gt;

&lt;p&gt;&lt;br class=&quot;atl-forced-newline&quot; /&gt;
&lt;br class=&quot;atl-forced-newline&quot; /&gt;&lt;/p&gt;
&lt;div class=&apos;table-wrap&apos;&gt;
&lt;table class=&apos;confluenceTable&apos;&gt;&lt;tbody&gt;
&lt;tr&gt;
&lt;th class=&apos;confluenceTh&apos;&gt; Vote &lt;/th&gt;
&lt;th class=&apos;confluenceTh&apos;&gt; Subsystem &lt;/th&gt;
&lt;th class=&apos;confluenceTh&apos;&gt; Runtime &lt;/th&gt;
&lt;th class=&apos;confluenceTh&apos;&gt; Comment &lt;/th&gt;
&lt;/tr&gt;
&lt;tr&gt;
&lt;td class=&apos;confluenceTd&apos;&gt; &lt;font color=&quot;red&quot;&gt;-1&lt;/font&gt; &lt;/td&gt;
&lt;td class=&apos;confluenceTd&apos;&gt; &lt;font color=&quot;red&quot;&gt; patch &lt;/font&gt; &lt;/td&gt;
&lt;td class=&apos;confluenceTd&apos;&gt; &lt;font color=&quot;red&quot;&gt;  0m 16s&lt;/font&gt; &lt;/td&gt;
&lt;td class=&apos;confluenceTd&apos;&gt; &lt;font color=&quot;red&quot;&gt; /data/hiveptest/logs/PreCommit-HIVE-Build-18091/patches/PreCommit-HIVE-Build-18091.patch does not apply to master. Rebase required? Wrong Branch? See &lt;a href=&quot;http://cwiki.apache.org/confluence/display/Hive/HowToContribute&quot; class=&quot;external-link&quot; target=&quot;_blank&quot; rel=&quot;nofollow noopener&quot;&gt;http://cwiki.apache.org/confluence/display/Hive/HowToContribute&lt;/a&gt; for help. &lt;/font&gt; &lt;/td&gt;
&lt;/tr&gt;
&lt;/tbody&gt;&lt;/table&gt;
&lt;/div&gt;

&lt;p&gt;&lt;br class=&quot;atl-forced-newline&quot; /&gt;
&lt;br class=&quot;atl-forced-newline&quot; /&gt;&lt;/p&gt;
&lt;div class=&apos;table-wrap&apos;&gt;
&lt;table class=&apos;confluenceTable&apos;&gt;&lt;tbody&gt;
&lt;tr&gt;
&lt;th class=&apos;confluenceTh&apos;&gt; Subsystem &lt;/th&gt;
&lt;th class=&apos;confluenceTh&apos;&gt; Report/Notes &lt;/th&gt;
&lt;/tr&gt;
&lt;tr&gt;
&lt;td class=&apos;confluenceTd&apos;&gt; Console output &lt;/td&gt;
&lt;td class=&apos;confluenceTd&apos;&gt; &lt;a href=&quot;http://104.198.109.242/logs//PreCommit-HIVE-Build-18091/yetus.txt&quot; class=&quot;external-link&quot; target=&quot;_blank&quot; rel=&quot;nofollow noopener&quot;&gt;http://104.198.109.242/logs//PreCommit-HIVE-Build-18091/yetus.txt&lt;/a&gt; &lt;/td&gt;
&lt;/tr&gt;
&lt;tr&gt;
&lt;td class=&apos;confluenceTd&apos;&gt; Powered by &lt;/td&gt;
&lt;td class=&apos;confluenceTd&apos;&gt; Apache Yetus    &lt;a href=&quot;http://yetus.apache.org&quot; class=&quot;external-link&quot; target=&quot;_blank&quot; rel=&quot;nofollow noopener&quot;&gt;http://yetus.apache.org&lt;/a&gt; &lt;/td&gt;
&lt;/tr&gt;
&lt;/tbody&gt;&lt;/table&gt;
&lt;/div&gt;



&lt;p&gt;This message was automatically generated.&lt;/p&gt;
</comment>
                            <comment id="16888347" author="hiveqa" created="Thu, 18 Jul 2019 21:24:54 +0000"  >

&lt;p&gt;Here are the results of testing the latest attachment:&lt;br/&gt;
&lt;a href=&quot;https://issues.apache.org/jira/secure/attachment/12975183/HIVE-22009-branch-3.1.patch&quot; class=&quot;external-link&quot; rel=&quot;nofollow&quot;&gt;https://issues.apache.org/jira/secure/attachment/12975183/HIVE-22009-branch-3.1.patch&lt;/a&gt;&lt;/p&gt;

&lt;p&gt;&lt;font color=&quot;green&quot;&gt;SUCCESS:&lt;/font&gt; +1 due to 1 test(s) being added or modified.&lt;/p&gt;

&lt;p&gt;&lt;font color=&quot;red&quot;&gt;ERROR:&lt;/font&gt; -1 due to 118 failed/errored test(s), 14409 tests executed&lt;br/&gt;
&lt;b&gt;Failed tests:&lt;/b&gt;&lt;/p&gt;
&lt;div class=&quot;preformatted panel&quot; style=&quot;border-width: 1px;&quot;&gt;&lt;div class=&quot;preformattedContent panelContent&quot;&gt;
&lt;pre&gt;TestAddPartitions - did not produce a TEST-*.xml file (likely timed out) (batchId=226)
TestAddPartitionsFromPartSpec - did not produce a TEST-*.xml file (likely timed out) (batchId=228)
TestAdminUser - did not produce a TEST-*.xml file (likely timed out) (batchId=232)
TestAggregateStatsCache - did not produce a TEST-*.xml file (likely timed out) (batchId=232)
TestAlterPartitions - did not produce a TEST-*.xml file (likely timed out) (batchId=228)
TestAppendPartitions - did not produce a TEST-*.xml file (likely timed out) (batchId=228)
TestBeeLineDriver - did not produce a TEST-*.xml file (likely timed out) (batchId=272)
TestCachedStore - did not produce a TEST-*.xml file (likely timed out) (batchId=236)
TestCatalogNonDefaultClient - did not produce a TEST-*.xml file (likely timed out) (batchId=226)
TestCatalogNonDefaultSvr - did not produce a TEST-*.xml file (likely timed out) (batchId=232)
TestCatalogOldClient - did not produce a TEST-*.xml file (likely timed out) (batchId=226)
TestCatalogs - did not produce a TEST-*.xml file (likely timed out) (batchId=228)
TestCheckConstraint - did not produce a TEST-*.xml file (likely timed out) (batchId=226)
TestCloseableThreadLocal - did not produce a TEST-*.xml file (likely timed out) (batchId=330)
TestDataSourceProviderFactory - did not produce a TEST-*.xml file (likely timed out) (batchId=236)
TestDatabaseName - did not produce a TEST-*.xml file (likely timed out) (batchId=195)
TestDatabases - did not produce a TEST-*.xml file (likely timed out) (batchId=228)
TestDeadline - did not produce a TEST-*.xml file (likely timed out) (batchId=236)
TestDefaultConstraint - did not produce a TEST-*.xml file (likely timed out) (batchId=228)
TestDropPartitions - did not produce a TEST-*.xml file (likely timed out) (batchId=226)
TestDummy - did not produce a TEST-*.xml file (likely timed out) (batchId=272)
TestEmbeddedHiveMetaStore - did not produce a TEST-*.xml file (likely timed out) (batchId=229)
TestExchangePartitions - did not produce a TEST-*.xml file (likely timed out) (batchId=228)
TestFMSketchSerialization - did not produce a TEST-*.xml file (likely timed out) (batchId=237)
TestFilterHooks - did not produce a TEST-*.xml file (likely timed out) (batchId=226)
TestForeignKey - did not produce a TEST-*.xml file (likely timed out) (batchId=228)
TestFunctions - did not produce a TEST-*.xml file (likely timed out) (batchId=226)
TestGetPartitions - did not produce a TEST-*.xml file (likely timed out) (batchId=228)
TestGetPartitionsUsingProjectionAndFilterSpecs - did not produce a TEST-*.xml file (likely timed out) (batchId=228)
TestGetTableMeta - did not produce a TEST-*.xml file (likely timed out) (batchId=226)
TestHLLNoBias - did not produce a TEST-*.xml file (likely timed out) (batchId=237)
TestHLLSerialization - did not produce a TEST-*.xml file (likely timed out) (batchId=237)
TestHdfsUtils - did not produce a TEST-*.xml file (likely timed out) (batchId=232)
TestHiveAlterHandler - did not produce a TEST-*.xml file (likely timed out) (batchId=226)
TestHiveMetaStoreGetMetaConf - did not produce a TEST-*.xml file (likely timed out) (batchId=236)
TestHiveMetaStorePartitionSpecs - did not produce a TEST-*.xml file (likely timed out) (batchId=228)
TestHiveMetaStoreSchemaMethods - did not produce a TEST-*.xml file (likely timed out) (batchId=236)
TestHiveMetaStoreTimeout - did not produce a TEST-*.xml file (likely timed out) (batchId=236)
TestHiveMetaStoreTxns - did not produce a TEST-*.xml file (likely timed out) (batchId=236)
TestHiveMetaStoreWithEnvironmentContext - did not produce a TEST-*.xml file (likely timed out) (batchId=231)
TestHiveMetaToolCommandLine - did not produce a TEST-*.xml file (likely timed out) (batchId=232)
TestHiveMetastoreCli - did not produce a TEST-*.xml file (likely timed out) (batchId=226)
TestHmsServerAuthorization - did not produce a TEST-*.xml file (likely timed out) (batchId=232)
TestHyperLogLog - did not produce a TEST-*.xml file (likely timed out) (batchId=237)
TestHyperLogLogDense - did not produce a TEST-*.xml file (likely timed out) (batchId=237)
TestHyperLogLogMerge - did not produce a TEST-*.xml file (likely timed out) (batchId=237)
TestHyperLogLogSparse - did not produce a TEST-*.xml file (likely timed out) (batchId=237)
TestJSONMessageDeserializer - did not produce a TEST-*.xml file (likely timed out) (batchId=232)
TestListPartitions - did not produce a TEST-*.xml file (likely timed out) (batchId=226)
TestLockRequestBuilder - did not produce a TEST-*.xml file (likely timed out) (batchId=226)
TestMarkPartition - did not produce a TEST-*.xml file (likely timed out) (batchId=236)
TestMarkPartitionRemote - did not produce a TEST-*.xml file (likely timed out) (batchId=236)
TestMetaStoreConnectionUrlHook - did not produce a TEST-*.xml file (likely timed out) (batchId=232)
TestMetaStoreEndFunctionListener - did not produce a TEST-*.xml file (likely timed out) (batchId=228)
TestMetaStoreEventListener - did not produce a TEST-*.xml file (likely timed out) (batchId=233)
TestMetaStoreEventListenerOnlyOnCommit - did not produce a TEST-*.xml file (likely timed out) (batchId=236)
TestMetaStoreEventListenerWithOldConf - did not produce a TEST-*.xml file (likely timed out) (batchId=236)
TestMetaStoreInitListener - did not produce a TEST-*.xml file (likely timed out) (batchId=236)
TestMetaStoreListenersError - did not produce a TEST-*.xml file (likely timed out) (batchId=236)
TestMetaStoreSchemaFactory - did not produce a TEST-*.xml file (likely timed out) (batchId=232)
TestMetaStoreSchemaInfo - did not produce a TEST-*.xml file (likely timed out) (batchId=236)
TestMetaStoreServerUtils - did not produce a TEST-*.xml file (likely timed out) (batchId=232)
TestMetaToolTaskExecuteJDOQLQuery - did not produce a TEST-*.xml file (likely timed out) (batchId=232)
TestMetaToolTaskListFSRoot - did not produce a TEST-*.xml file (likely timed out) (batchId=232)
TestMetaToolTaskUpdateLocation - did not produce a TEST-*.xml file (likely timed out) (batchId=232)
TestMetastoreConf - did not produce a TEST-*.xml file (likely timed out) (batchId=228)
TestMetastoreSchemaTool - did not produce a TEST-*.xml file (likely timed out) (batchId=232)
TestMetrics - did not produce a TEST-*.xml file (likely timed out) (batchId=228)
TestMiniDruidCliDriver - did not produce a TEST-*.xml file (likely timed out) (batchId=272)
TestMiniDruidKafkaCliDriver - did not produce a TEST-*.xml file (likely timed out) (batchId=272)
TestMsckCheckPartitions - did not produce a TEST-*.xml file (likely timed out) (batchId=232)
TestNotNullConstraint - did not produce a TEST-*.xml file (likely timed out) (batchId=228)
TestObjectStore - did not produce a TEST-*.xml file (likely timed out) (batchId=236)
TestObjectStoreInitRetry - did not produce a TEST-*.xml file (likely timed out) (batchId=232)
TestObjectStoreSchemaMethods - did not produce a TEST-*.xml file (likely timed out) (batchId=236)
TestObjectStoreStatementVerify - did not produce a TEST-*.xml file (likely timed out) (batchId=228)
TestOldSchema - did not produce a TEST-*.xml file (likely timed out) (batchId=236)
TestPartitionManagement - did not produce a TEST-*.xml file (likely timed out) (batchId=226)
TestPartitionNameWhitelistValidation - did not produce a TEST-*.xml file (likely timed out) (batchId=228)
TestPartitionProjectionEvaluator - did not produce a TEST-*.xml file (likely timed out) (batchId=236)
TestPreUpgradeTool - did not produce a TEST-*.xml file (likely timed out) (batchId=330)
TestPrimaryKey - did not produce a TEST-*.xml file (likely timed out) (batchId=228)
TestRawStoreProxy - did not produce a TEST-*.xml file (likely timed out) (batchId=226)
TestRemoteHiveMetaStore - did not produce a TEST-*.xml file (likely timed out) (batchId=230)
TestRemoteHiveMetaStoreIpAddress - did not produce a TEST-*.xml file (likely timed out) (batchId=224)
TestRemoteHiveMetaStoreZK - did not produce a TEST-*.xml file (likely timed out) (batchId=232)
TestRemoteHiveMetaStoreZKBindHost - did not produce a TEST-*.xml file (likely timed out) (batchId=236)
TestRemoteUGIHiveMetaStoreIpAddress - did not produce a TEST-*.xml file (likely timed out) (batchId=234)
TestRetriesInRetryingHMSHandler - did not produce a TEST-*.xml file (likely timed out) (batchId=237)
TestRetryingHMSHandler - did not produce a TEST-*.xml file (likely timed out) (batchId=232)
TestRunOptions - did not produce a TEST-*.xml file (likely timed out) (batchId=330)
TestRuntimeStats - did not produce a TEST-*.xml file (likely timed out) (batchId=226)
TestSchemaToolForMetastore - did not produce a TEST-*.xml file (likely timed out) (batchId=232)
TestSchemaToolTaskDrop - did not produce a TEST-*.xml file (likely timed out) (batchId=232)
TestSetUGIOnBothClientServer - did not produce a TEST-*.xml file (likely timed out) (batchId=227)
TestSetUGIOnOnlyClient - did not produce a TEST-*.xml file (likely timed out) (batchId=225)
TestSetUGIOnOnlyServer - did not produce a TEST-*.xml file (likely timed out) (batchId=235)
TestSparseEncodeHash - did not produce a TEST-*.xml file (likely timed out) (batchId=237)
TestStats - did not produce a TEST-*.xml file (likely timed out) (batchId=228)
TestStatsSetupConst - did not produce a TEST-*.xml file (likely timed out) (batchId=237)
TestTableIterable - did not produce a TEST-*.xml file (likely timed out) (batchId=236)
TestTableName - did not produce a TEST-*.xml file (likely timed out) (batchId=195)
TestTablesCreateDropAlterTruncate - did not produce a TEST-*.xml file (likely timed out) (batchId=226)
TestTablesGetExists - did not produce a TEST-*.xml file (likely timed out) (batchId=228)
TestTablesList - did not produce a TEST-*.xml file (likely timed out) (batchId=226)
TestTezPerfCliDriver - did not produce a TEST-*.xml file (likely timed out) (batchId=272)
TestTxnHandlerNegative - did not produce a TEST-*.xml file (likely timed out) (batchId=226)
TestTxnUtils - did not produce a TEST-*.xml file (likely timed out) (batchId=226)
TestUniqueConstraint - did not produce a TEST-*.xml file (likely timed out) (batchId=226)
org.apache.hadoop.hive.cli.TestCliDriver.testCliDriver[load_static_ptn_into_bucketed_table] (batchId=21)
org.apache.hadoop.hive.cli.TestMiniLlapLocalCliDriver.testCliDriver[load_data_using_job] (batchId=159)
org.apache.hadoop.hive.cli.TestMiniLlapLocalCliDriver.testCliDriver[results_cache_2] (batchId=177)
org.apache.hadoop.hive.cli.TestMiniLlapLocalCliDriver.testCliDriver[results_cache_with_masking] (batchId=173)
org.apache.hadoop.hive.cli.TestMiniLlapLocalCliDriver.testCliDriver[sharedwork] (batchId=174)
org.apache.hadoop.hive.cli.TestMiniLlapLocalCliDriver.testCliDriver[subquery_views] (batchId=159)
org.apache.hadoop.hive.ql.TestWarehouseExternalDir.testManagedPaths (batchId=249)
org.apache.hive.service.TestHS2ImpersonationWithRemoteMS.testImpersonation (batchId=258)
org.apache.hive.spark.client.rpc.TestRpc.testServerPort (batchId=324)
&lt;/pre&gt;
&lt;/div&gt;&lt;/div&gt;

&lt;p&gt;Test results: &lt;a href=&quot;https://builds.apache.org/job/PreCommit-HIVE-Build/18091/testReport&quot; class=&quot;external-link&quot; target=&quot;_blank&quot; rel=&quot;nofollow noopener&quot;&gt;https://builds.apache.org/job/PreCommit-HIVE-Build/18091/testReport&lt;/a&gt;&lt;br/&gt;
Console output: &lt;a href=&quot;https://builds.apache.org/job/PreCommit-HIVE-Build/18091/console&quot; class=&quot;external-link&quot; target=&quot;_blank&quot; rel=&quot;nofollow noopener&quot;&gt;https://builds.apache.org/job/PreCommit-HIVE-Build/18091/console&lt;/a&gt;&lt;br/&gt;
Test logs: &lt;a href=&quot;http://104.198.109.242/logs/PreCommit-HIVE-Build-18091/&quot; class=&quot;external-link&quot; target=&quot;_blank&quot; rel=&quot;nofollow noopener&quot;&gt;http://104.198.109.242/logs/PreCommit-HIVE-Build-18091/&lt;/a&gt;&lt;/p&gt;

&lt;p&gt;Messages:&lt;/p&gt;
&lt;div class=&quot;preformatted panel&quot; style=&quot;border-width: 1px;&quot;&gt;&lt;div class=&quot;preformattedContent panelContent&quot;&gt;
&lt;pre&gt;Executing org.apache.hive.ptest.execution.TestCheckPhase
Executing org.apache.hive.ptest.execution.PrepPhase
Executing org.apache.hive.ptest.execution.YetusPhase
Executing org.apache.hive.ptest.execution.ExecutionPhase
Executing org.apache.hive.ptest.execution.ReportingPhase
Tests exited with: TestsFailedException: 118 tests failed
&lt;/pre&gt;
&lt;/div&gt;&lt;/div&gt;

&lt;p&gt;This message is automatically generated.&lt;/p&gt;

&lt;p&gt;ATTACHMENT ID: 12975183 - PreCommit-HIVE-Build&lt;/p&gt;</comment>
                            <comment id="16888391" author="hiveqa" created="Thu, 18 Jul 2019 22:50:31 +0000"  >

&lt;p&gt;Here are the results of testing the latest attachment:&lt;br/&gt;
&lt;a href=&quot;https://issues.apache.org/jira/secure/attachment/12975183/HIVE-22009-branch-3.1.patch&quot; class=&quot;external-link&quot; rel=&quot;nofollow&quot;&gt;https://issues.apache.org/jira/secure/attachment/12975183/HIVE-22009-branch-3.1.patch&lt;/a&gt;&lt;/p&gt;

&lt;p&gt;&lt;font color=&quot;red&quot;&gt;ERROR:&lt;/font&gt; -1 due to build exiting with an error&lt;/p&gt;

&lt;p&gt;Test results: &lt;a href=&quot;https://builds.apache.org/job/PreCommit-HIVE-Build/18093/testReport&quot; class=&quot;external-link&quot; target=&quot;_blank&quot; rel=&quot;nofollow noopener&quot;&gt;https://builds.apache.org/job/PreCommit-HIVE-Build/18093/testReport&lt;/a&gt;&lt;br/&gt;
Console output: &lt;a href=&quot;https://builds.apache.org/job/PreCommit-HIVE-Build/18093/console&quot; class=&quot;external-link&quot; target=&quot;_blank&quot; rel=&quot;nofollow noopener&quot;&gt;https://builds.apache.org/job/PreCommit-HIVE-Build/18093/console&lt;/a&gt;&lt;br/&gt;
Test logs: &lt;a href=&quot;http://104.198.109.242/logs/PreCommit-HIVE-Build-18093/&quot; class=&quot;external-link&quot; target=&quot;_blank&quot; rel=&quot;nofollow noopener&quot;&gt;http://104.198.109.242/logs/PreCommit-HIVE-Build-18093/&lt;/a&gt;&lt;/p&gt;

&lt;p&gt;Messages:&lt;/p&gt;
&lt;div class=&quot;preformatted panel&quot; style=&quot;border-width: 1px;&quot;&gt;&lt;div class=&quot;preformattedContent panelContent&quot;&gt;
&lt;pre&gt;Executing org.apache.hive.ptest.execution.TestCheckPhase
Tests exited with: Exception: Patch URL https://issues.apache.org/jira/secure/attachment/12975183/HIVE-22009-branch-3.1.patch was found in seen patch url&apos;s cache and a test was probably run already on it. Aborting...
&lt;/pre&gt;
&lt;/div&gt;&lt;/div&gt;

&lt;p&gt;This message is automatically generated.&lt;/p&gt;

&lt;p&gt;ATTACHMENT ID: 12975183 - PreCommit-HIVE-Build&lt;/p&gt;</comment>
                            <comment id="16888572" author="hiveqa" created="Fri, 19 Jul 2019 06:32:59 +0000"  >&lt;div class=&apos;table-wrap&apos;&gt;
&lt;table class=&apos;confluenceTable&apos;&gt;&lt;tbody&gt;
&lt;tr&gt;
&lt;td class=&apos;confluenceTd&apos;&gt; &lt;img class=&quot;emoticon&quot; src=&quot;https://issues.apache.org/jira/images/icons/emoticons/check.png&quot; height=&quot;16&quot; width=&quot;16&quot; align=&quot;absmiddle&quot; alt=&quot;&quot; border=&quot;0&quot;/&gt; &lt;b&gt;&lt;font color=&quot;green&quot;&gt;+1 overall&lt;/font&gt;&lt;/b&gt; &lt;/td&gt;
&lt;/tr&gt;
&lt;/tbody&gt;&lt;/table&gt;
&lt;/div&gt;

&lt;p&gt;&lt;br class=&quot;atl-forced-newline&quot; /&gt;
&lt;br class=&quot;atl-forced-newline&quot; /&gt;&lt;/p&gt;
&lt;div class=&apos;table-wrap&apos;&gt;
&lt;table class=&apos;confluenceTable&apos;&gt;&lt;tbody&gt;
&lt;tr&gt;
&lt;th class=&apos;confluenceTh&apos;&gt; Vote &lt;/th&gt;
&lt;th class=&apos;confluenceTh&apos;&gt; Subsystem &lt;/th&gt;
&lt;th class=&apos;confluenceTh&apos;&gt; Runtime &lt;/th&gt;
&lt;th class=&apos;confluenceTh&apos;&gt; Comment &lt;/th&gt;
&lt;/tr&gt;
&lt;tr&gt;
&lt;th class=&apos;confluenceTh&apos;&gt;&amp;nbsp;&lt;/th&gt;
&lt;th class=&apos;confluenceTh&apos;&gt;&amp;nbsp;&lt;/th&gt;
&lt;th class=&apos;confluenceTh&apos;&gt;&amp;nbsp;&lt;/th&gt;
&lt;th class=&apos;confluenceTh&apos;&gt; &lt;font color=&quot;brown&quot;&gt; Prechecks &lt;/font&gt; &lt;/th&gt;
&lt;/tr&gt;
&lt;tr&gt;
&lt;td class=&apos;confluenceTd&apos;&gt; &lt;font color=&quot;green&quot;&gt;+1&lt;/font&gt; &lt;/td&gt;
&lt;td class=&apos;confluenceTd&apos;&gt; &lt;font color=&quot;green&quot;&gt; @author &lt;/font&gt; &lt;/td&gt;
&lt;td class=&apos;confluenceTd&apos;&gt; &lt;font color=&quot;green&quot;&gt;  0m  0s&lt;/font&gt; &lt;/td&gt;
&lt;td class=&apos;confluenceTd&apos;&gt; &lt;font color=&quot;green&quot;&gt; The patch does not contain any @author tags. &lt;/font&gt; &lt;/td&gt;
&lt;/tr&gt;
&lt;tr&gt;
&lt;th class=&apos;confluenceTh&apos;&gt;&amp;nbsp;&lt;/th&gt;
&lt;th class=&apos;confluenceTh&apos;&gt;&amp;nbsp;&lt;/th&gt;
&lt;th class=&apos;confluenceTh&apos;&gt;&amp;nbsp;&lt;/th&gt;
&lt;th class=&apos;confluenceTh&apos;&gt; &lt;font color=&quot;brown&quot;&gt; master Compile Tests &lt;/font&gt; &lt;/th&gt;
&lt;/tr&gt;
&lt;tr&gt;
&lt;td class=&apos;confluenceTd&apos;&gt; &lt;font color=&quot;green&quot;&gt;+1&lt;/font&gt; &lt;/td&gt;
&lt;td class=&apos;confluenceTd&apos;&gt; &lt;font color=&quot;green&quot;&gt; mvninstall &lt;/font&gt; &lt;/td&gt;
&lt;td class=&apos;confluenceTd&apos;&gt; &lt;font color=&quot;green&quot;&gt;  8m 35s&lt;/font&gt; &lt;/td&gt;
&lt;td class=&apos;confluenceTd&apos;&gt; &lt;font color=&quot;green&quot;&gt; master passed &lt;/font&gt; &lt;/td&gt;
&lt;/tr&gt;
&lt;tr&gt;
&lt;td class=&apos;confluenceTd&apos;&gt; &lt;font color=&quot;green&quot;&gt;+1&lt;/font&gt; &lt;/td&gt;
&lt;td class=&apos;confluenceTd&apos;&gt; &lt;font color=&quot;green&quot;&gt; compile &lt;/font&gt; &lt;/td&gt;
&lt;td class=&apos;confluenceTd&apos;&gt; &lt;font color=&quot;green&quot;&gt;  1m 10s&lt;/font&gt; &lt;/td&gt;
&lt;td class=&apos;confluenceTd&apos;&gt; &lt;font color=&quot;green&quot;&gt; master passed &lt;/font&gt; &lt;/td&gt;
&lt;/tr&gt;
&lt;tr&gt;
&lt;td class=&apos;confluenceTd&apos;&gt; &lt;font color=&quot;green&quot;&gt;+1&lt;/font&gt; &lt;/td&gt;
&lt;td class=&apos;confluenceTd&apos;&gt; &lt;font color=&quot;green&quot;&gt; checkstyle &lt;/font&gt; &lt;/td&gt;
&lt;td class=&apos;confluenceTd&apos;&gt; &lt;font color=&quot;green&quot;&gt;  0m 41s&lt;/font&gt; &lt;/td&gt;
&lt;td class=&apos;confluenceTd&apos;&gt; &lt;font color=&quot;green&quot;&gt; master passed &lt;/font&gt; &lt;/td&gt;
&lt;/tr&gt;
&lt;tr&gt;
&lt;td class=&apos;confluenceTd&apos;&gt; &lt;font color=&quot;blue&quot;&gt;0&lt;/font&gt; &lt;/td&gt;
&lt;td class=&apos;confluenceTd&apos;&gt; &lt;font color=&quot;blue&quot;&gt; findbugs &lt;/font&gt; &lt;/td&gt;
&lt;td class=&apos;confluenceTd&apos;&gt; &lt;font color=&quot;blue&quot;&gt;  4m  2s&lt;/font&gt; &lt;/td&gt;
&lt;td class=&apos;confluenceTd&apos;&gt; &lt;font color=&quot;blue&quot;&gt; ql in master has 2250 extant Findbugs warnings. &lt;/font&gt; &lt;/td&gt;
&lt;/tr&gt;
&lt;tr&gt;
&lt;td class=&apos;confluenceTd&apos;&gt; &lt;font color=&quot;green&quot;&gt;+1&lt;/font&gt; &lt;/td&gt;
&lt;td class=&apos;confluenceTd&apos;&gt; &lt;font color=&quot;green&quot;&gt; javadoc &lt;/font&gt; &lt;/td&gt;
&lt;td class=&apos;confluenceTd&apos;&gt; &lt;font color=&quot;green&quot;&gt;  1m  2s&lt;/font&gt; &lt;/td&gt;
&lt;td class=&apos;confluenceTd&apos;&gt; &lt;font color=&quot;green&quot;&gt; master passed &lt;/font&gt; &lt;/td&gt;
&lt;/tr&gt;
&lt;tr&gt;
&lt;th class=&apos;confluenceTh&apos;&gt;&amp;nbsp;&lt;/th&gt;
&lt;th class=&apos;confluenceTh&apos;&gt;&amp;nbsp;&lt;/th&gt;
&lt;th class=&apos;confluenceTh&apos;&gt;&amp;nbsp;&lt;/th&gt;
&lt;th class=&apos;confluenceTh&apos;&gt; &lt;font color=&quot;brown&quot;&gt; Patch Compile Tests &lt;/font&gt; &lt;/th&gt;
&lt;/tr&gt;
&lt;tr&gt;
&lt;td class=&apos;confluenceTd&apos;&gt; &lt;font color=&quot;green&quot;&gt;+1&lt;/font&gt; &lt;/td&gt;
&lt;td class=&apos;confluenceTd&apos;&gt; &lt;font color=&quot;green&quot;&gt; mvninstall &lt;/font&gt; &lt;/td&gt;
&lt;td class=&apos;confluenceTd&apos;&gt; &lt;font color=&quot;green&quot;&gt;  1m 27s&lt;/font&gt; &lt;/td&gt;
&lt;td class=&apos;confluenceTd&apos;&gt; &lt;font color=&quot;green&quot;&gt; the patch passed &lt;/font&gt; &lt;/td&gt;
&lt;/tr&gt;
&lt;tr&gt;
&lt;td class=&apos;confluenceTd&apos;&gt; &lt;font color=&quot;green&quot;&gt;+1&lt;/font&gt; &lt;/td&gt;
&lt;td class=&apos;confluenceTd&apos;&gt; &lt;font color=&quot;green&quot;&gt; compile &lt;/font&gt; &lt;/td&gt;
&lt;td class=&apos;confluenceTd&apos;&gt; &lt;font color=&quot;green&quot;&gt;  1m  8s&lt;/font&gt; &lt;/td&gt;
&lt;td class=&apos;confluenceTd&apos;&gt; &lt;font color=&quot;green&quot;&gt; the patch passed &lt;/font&gt; &lt;/td&gt;
&lt;/tr&gt;
&lt;tr&gt;
&lt;td class=&apos;confluenceTd&apos;&gt; &lt;font color=&quot;green&quot;&gt;+1&lt;/font&gt; &lt;/td&gt;
&lt;td class=&apos;confluenceTd&apos;&gt; &lt;font color=&quot;green&quot;&gt; javac &lt;/font&gt; &lt;/td&gt;
&lt;td class=&apos;confluenceTd&apos;&gt; &lt;font color=&quot;green&quot;&gt;  1m  8s&lt;/font&gt; &lt;/td&gt;
&lt;td class=&apos;confluenceTd&apos;&gt; &lt;font color=&quot;green&quot;&gt; the patch passed &lt;/font&gt; &lt;/td&gt;
&lt;/tr&gt;
&lt;tr&gt;
&lt;td class=&apos;confluenceTd&apos;&gt; &lt;font color=&quot;green&quot;&gt;+1&lt;/font&gt; &lt;/td&gt;
&lt;td class=&apos;confluenceTd&apos;&gt; &lt;font color=&quot;green&quot;&gt; checkstyle &lt;/font&gt; &lt;/td&gt;
&lt;td class=&apos;confluenceTd&apos;&gt; &lt;font color=&quot;green&quot;&gt;  0m 37s&lt;/font&gt; &lt;/td&gt;
&lt;td class=&apos;confluenceTd&apos;&gt; &lt;font color=&quot;green&quot;&gt; the patch passed &lt;/font&gt; &lt;/td&gt;
&lt;/tr&gt;
&lt;tr&gt;
&lt;td class=&apos;confluenceTd&apos;&gt; &lt;font color=&quot;green&quot;&gt;+1&lt;/font&gt; &lt;/td&gt;
&lt;td class=&apos;confluenceTd&apos;&gt; &lt;font color=&quot;green&quot;&gt; whitespace &lt;/font&gt; &lt;/td&gt;
&lt;td class=&apos;confluenceTd&apos;&gt; &lt;font color=&quot;green&quot;&gt;  0m  0s&lt;/font&gt; &lt;/td&gt;
&lt;td class=&apos;confluenceTd&apos;&gt; &lt;font color=&quot;green&quot;&gt; The patch has no whitespace issues. &lt;/font&gt; &lt;/td&gt;
&lt;/tr&gt;
&lt;tr&gt;
&lt;td class=&apos;confluenceTd&apos;&gt; &lt;font color=&quot;green&quot;&gt;+1&lt;/font&gt; &lt;/td&gt;
&lt;td class=&apos;confluenceTd&apos;&gt; &lt;font color=&quot;green&quot;&gt; findbugs &lt;/font&gt; &lt;/td&gt;
&lt;td class=&apos;confluenceTd&apos;&gt; &lt;font color=&quot;green&quot;&gt;  4m 12s&lt;/font&gt; &lt;/td&gt;
&lt;td class=&apos;confluenceTd&apos;&gt; &lt;font color=&quot;green&quot;&gt; the patch passed &lt;/font&gt; &lt;/td&gt;
&lt;/tr&gt;
&lt;tr&gt;
&lt;td class=&apos;confluenceTd&apos;&gt; &lt;font color=&quot;green&quot;&gt;+1&lt;/font&gt; &lt;/td&gt;
&lt;td class=&apos;confluenceTd&apos;&gt; &lt;font color=&quot;green&quot;&gt; javadoc &lt;/font&gt; &lt;/td&gt;
&lt;td class=&apos;confluenceTd&apos;&gt; &lt;font color=&quot;green&quot;&gt;  1m  0s&lt;/font&gt; &lt;/td&gt;
&lt;td class=&apos;confluenceTd&apos;&gt; &lt;font color=&quot;green&quot;&gt; the patch passed &lt;/font&gt; &lt;/td&gt;
&lt;/tr&gt;
&lt;tr&gt;
&lt;th class=&apos;confluenceTh&apos;&gt;&amp;nbsp;&lt;/th&gt;
&lt;th class=&apos;confluenceTh&apos;&gt;&amp;nbsp;&lt;/th&gt;
&lt;th class=&apos;confluenceTh&apos;&gt;&amp;nbsp;&lt;/th&gt;
&lt;th class=&apos;confluenceTh&apos;&gt; &lt;font color=&quot;brown&quot;&gt; Other Tests &lt;/font&gt; &lt;/th&gt;
&lt;/tr&gt;
&lt;tr&gt;
&lt;td class=&apos;confluenceTd&apos;&gt; &lt;font color=&quot;green&quot;&gt;+1&lt;/font&gt; &lt;/td&gt;
&lt;td class=&apos;confluenceTd&apos;&gt; &lt;font color=&quot;green&quot;&gt; asflicense &lt;/font&gt; &lt;/td&gt;
&lt;td class=&apos;confluenceTd&apos;&gt; &lt;font color=&quot;green&quot;&gt;  0m 14s&lt;/font&gt; &lt;/td&gt;
&lt;td class=&apos;confluenceTd&apos;&gt; &lt;font color=&quot;green&quot;&gt; The patch does not generate ASF License warnings. &lt;/font&gt; &lt;/td&gt;
&lt;/tr&gt;
&lt;tr&gt;
&lt;td class=&apos;confluenceTd&apos;&gt; &lt;font color=&quot;black&quot;&gt;&lt;/font&gt; &lt;/td&gt;
&lt;td class=&apos;confluenceTd&apos;&gt; &lt;font color=&quot;black&quot;&gt; &lt;/font&gt; &lt;/td&gt;
&lt;td class=&apos;confluenceTd&apos;&gt; &lt;font color=&quot;black&quot;&gt; 24m 40s&lt;/font&gt; &lt;/td&gt;
&lt;td class=&apos;confluenceTd&apos;&gt; &lt;font color=&quot;black&quot;&gt; &lt;/font&gt; &lt;/td&gt;
&lt;/tr&gt;
&lt;/tbody&gt;&lt;/table&gt;
&lt;/div&gt;

&lt;p&gt;&lt;br class=&quot;atl-forced-newline&quot; /&gt;
&lt;br class=&quot;atl-forced-newline&quot; /&gt;&lt;/p&gt;
&lt;div class=&apos;table-wrap&apos;&gt;
&lt;table class=&apos;confluenceTable&apos;&gt;&lt;tbody&gt;
&lt;tr&gt;
&lt;th class=&apos;confluenceTh&apos;&gt; Subsystem &lt;/th&gt;
&lt;th class=&apos;confluenceTh&apos;&gt; Report/Notes &lt;/th&gt;
&lt;/tr&gt;
&lt;tr&gt;
&lt;td class=&apos;confluenceTd&apos;&gt; Optional Tests &lt;/td&gt;
&lt;td class=&apos;confluenceTd&apos;&gt;  asflicense  javac  javadoc  findbugs  checkstyle  compile  &lt;/td&gt;
&lt;/tr&gt;
&lt;tr&gt;
&lt;td class=&apos;confluenceTd&apos;&gt; uname &lt;/td&gt;
&lt;td class=&apos;confluenceTd&apos;&gt; Linux hiveptest-server-upstream 3.16.0-4-amd64 #1 SMP Debian 3.16.43-2+deb8u5 (2017-09-19) x86_64 GNU/Linux &lt;/td&gt;
&lt;/tr&gt;
&lt;tr&gt;
&lt;td class=&apos;confluenceTd&apos;&gt; Build tool &lt;/td&gt;
&lt;td class=&apos;confluenceTd&apos;&gt; maven &lt;/td&gt;
&lt;/tr&gt;
&lt;tr&gt;
&lt;td class=&apos;confluenceTd&apos;&gt; Personality &lt;/td&gt;
&lt;td class=&apos;confluenceTd&apos;&gt; /data/hiveptest/working/yetus_PreCommit-HIVE-Build-18105/dev-support/hive-personality.sh &lt;/td&gt;
&lt;/tr&gt;
&lt;tr&gt;
&lt;td class=&apos;confluenceTd&apos;&gt; git revision &lt;/td&gt;
&lt;td class=&apos;confluenceTd&apos;&gt; master / 374f361 &lt;/td&gt;
&lt;/tr&gt;
&lt;tr&gt;
&lt;td class=&apos;confluenceTd&apos;&gt; Default Java &lt;/td&gt;
&lt;td class=&apos;confluenceTd&apos;&gt; 1.8.0_111 &lt;/td&gt;
&lt;/tr&gt;
&lt;tr&gt;
&lt;td class=&apos;confluenceTd&apos;&gt; findbugs &lt;/td&gt;
&lt;td class=&apos;confluenceTd&apos;&gt; v3.0.0 &lt;/td&gt;
&lt;/tr&gt;
&lt;tr&gt;
&lt;td class=&apos;confluenceTd&apos;&gt; modules &lt;/td&gt;
&lt;td class=&apos;confluenceTd&apos;&gt; C: ql U: ql &lt;/td&gt;
&lt;/tr&gt;
&lt;tr&gt;
&lt;td class=&apos;confluenceTd&apos;&gt; Console output &lt;/td&gt;
&lt;td class=&apos;confluenceTd&apos;&gt; &lt;a href=&quot;http://104.198.109.242/logs//PreCommit-HIVE-Build-18105/yetus.txt&quot; class=&quot;external-link&quot; target=&quot;_blank&quot; rel=&quot;nofollow noopener&quot;&gt;http://104.198.109.242/logs//PreCommit-HIVE-Build-18105/yetus.txt&lt;/a&gt; &lt;/td&gt;
&lt;/tr&gt;
&lt;tr&gt;
&lt;td class=&apos;confluenceTd&apos;&gt; Powered by &lt;/td&gt;
&lt;td class=&apos;confluenceTd&apos;&gt; Apache Yetus    &lt;a href=&quot;http://yetus.apache.org&quot; class=&quot;external-link&quot; target=&quot;_blank&quot; rel=&quot;nofollow noopener&quot;&gt;http://yetus.apache.org&lt;/a&gt; &lt;/td&gt;
&lt;/tr&gt;
&lt;/tbody&gt;&lt;/table&gt;
&lt;/div&gt;



&lt;p&gt;This message was automatically generated.&lt;/p&gt;
</comment>
                            <comment id="16888602" author="hiveqa" created="Fri, 19 Jul 2019 07:23:54 +0000"  >

&lt;p&gt;Here are the results of testing the latest attachment:&lt;br/&gt;
&lt;a href=&quot;https://issues.apache.org/jira/secure/attachment/12975220/HIVE-22009.1.patch&quot; class=&quot;external-link&quot; rel=&quot;nofollow&quot;&gt;https://issues.apache.org/jira/secure/attachment/12975220/HIVE-22009.1.patch&lt;/a&gt;&lt;/p&gt;

&lt;p&gt;&lt;font color=&quot;green&quot;&gt;SUCCESS:&lt;/font&gt; +1 due to 1 test(s) being added or modified.&lt;/p&gt;

&lt;p&gt;&lt;font color=&quot;green&quot;&gt;SUCCESS:&lt;/font&gt; +1 due to 16681 tests passed&lt;/p&gt;

&lt;p&gt;Test results: &lt;a href=&quot;https://builds.apache.org/job/PreCommit-HIVE-Build/18105/testReport&quot; class=&quot;external-link&quot; target=&quot;_blank&quot; rel=&quot;nofollow noopener&quot;&gt;https://builds.apache.org/job/PreCommit-HIVE-Build/18105/testReport&lt;/a&gt;&lt;br/&gt;
Console output: &lt;a href=&quot;https://builds.apache.org/job/PreCommit-HIVE-Build/18105/console&quot; class=&quot;external-link&quot; target=&quot;_blank&quot; rel=&quot;nofollow noopener&quot;&gt;https://builds.apache.org/job/PreCommit-HIVE-Build/18105/console&lt;/a&gt;&lt;br/&gt;
Test logs: &lt;a href=&quot;http://104.198.109.242/logs/PreCommit-HIVE-Build-18105/&quot; class=&quot;external-link&quot; target=&quot;_blank&quot; rel=&quot;nofollow noopener&quot;&gt;http://104.198.109.242/logs/PreCommit-HIVE-Build-18105/&lt;/a&gt;&lt;/p&gt;

&lt;p&gt;Messages:&lt;/p&gt;
&lt;div class=&quot;preformatted panel&quot; style=&quot;border-width: 1px;&quot;&gt;&lt;div class=&quot;preformattedContent panelContent&quot;&gt;
&lt;pre&gt;Executing org.apache.hive.ptest.execution.TestCheckPhase
Executing org.apache.hive.ptest.execution.PrepPhase
Executing org.apache.hive.ptest.execution.YetusPhase
Executing org.apache.hive.ptest.execution.ExecutionPhase
Executing org.apache.hive.ptest.execution.ReportingPhase
&lt;/pre&gt;
&lt;/div&gt;&lt;/div&gt;

&lt;p&gt;This message is automatically generated.&lt;/p&gt;

&lt;p&gt;ATTACHMENT ID: 12975220 - PreCommit-HIVE-Build&lt;/p&gt;</comment>
                            <comment id="16888625" author="thejas" created="Fri, 19 Jul 2019 07:50:42 +0000"  >&lt;p&gt;+1&lt;/p&gt;</comment>
                            <comment id="16889922" author="maheshk114" created="Mon, 22 Jul 2019 05:09:53 +0000"  >&lt;p&gt;&lt;a href=&quot;https://issues.apache.org/jira/secure/ViewProfile.jspa?name=nareshpr&quot; class=&quot;user-hover&quot; rel=&quot;nareshpr&quot;&gt;nareshpr&lt;/a&gt;&lt;/p&gt;

&lt;p&gt;&#160;&lt;/p&gt;

&lt;p&gt;As the changes are related to location, describe &quot;extended&quot; should be used for testing.&lt;/p&gt;</comment>
                            <comment id="16890129" author="hiveqa" created="Mon, 22 Jul 2019 12:47:38 +0000"  >&lt;div class=&apos;table-wrap&apos;&gt;
&lt;table class=&apos;confluenceTable&apos;&gt;&lt;tbody&gt;
&lt;tr&gt;
&lt;td class=&apos;confluenceTd&apos;&gt; &lt;img class=&quot;emoticon&quot; src=&quot;https://issues.apache.org/jira/images/icons/emoticons/error.png&quot; height=&quot;16&quot; width=&quot;16&quot; align=&quot;absmiddle&quot; alt=&quot;&quot; border=&quot;0&quot;/&gt; &lt;b&gt;&lt;font color=&quot;red&quot;&gt;-1 overall&lt;/font&gt;&lt;/b&gt; &lt;/td&gt;
&lt;/tr&gt;
&lt;/tbody&gt;&lt;/table&gt;
&lt;/div&gt;

&lt;p&gt;&lt;br class=&quot;atl-forced-newline&quot; /&gt;
&lt;br class=&quot;atl-forced-newline&quot; /&gt;&lt;/p&gt;
&lt;div class=&apos;table-wrap&apos;&gt;
&lt;table class=&apos;confluenceTable&apos;&gt;&lt;tbody&gt;
&lt;tr&gt;
&lt;th class=&apos;confluenceTh&apos;&gt; Vote &lt;/th&gt;
&lt;th class=&apos;confluenceTh&apos;&gt; Subsystem &lt;/th&gt;
&lt;th class=&apos;confluenceTh&apos;&gt; Runtime &lt;/th&gt;
&lt;th class=&apos;confluenceTh&apos;&gt; Comment &lt;/th&gt;
&lt;/tr&gt;
&lt;tr&gt;
&lt;td class=&apos;confluenceTd&apos;&gt; &lt;font color=&quot;red&quot;&gt;-1&lt;/font&gt; &lt;/td&gt;
&lt;td class=&apos;confluenceTd&apos;&gt; &lt;font color=&quot;red&quot;&gt; patch &lt;/font&gt; &lt;/td&gt;
&lt;td class=&apos;confluenceTd&apos;&gt; &lt;font color=&quot;red&quot;&gt;  0m 19s&lt;/font&gt; &lt;/td&gt;
&lt;td class=&apos;confluenceTd&apos;&gt; &lt;font color=&quot;red&quot;&gt; /data/hiveptest/logs/PreCommit-HIVE-Build-18130/patches/PreCommit-HIVE-Build-18130.patch does not apply to master. Rebase required? Wrong Branch? See &lt;a href=&quot;http://cwiki.apache.org/confluence/display/Hive/HowToContribute&quot; class=&quot;external-link&quot; target=&quot;_blank&quot; rel=&quot;nofollow noopener&quot;&gt;http://cwiki.apache.org/confluence/display/Hive/HowToContribute&lt;/a&gt; for help. &lt;/font&gt; &lt;/td&gt;
&lt;/tr&gt;
&lt;/tbody&gt;&lt;/table&gt;
&lt;/div&gt;

&lt;p&gt;&lt;br class=&quot;atl-forced-newline&quot; /&gt;
&lt;br class=&quot;atl-forced-newline&quot; /&gt;&lt;/p&gt;
&lt;div class=&apos;table-wrap&apos;&gt;
&lt;table class=&apos;confluenceTable&apos;&gt;&lt;tbody&gt;
&lt;tr&gt;
&lt;th class=&apos;confluenceTh&apos;&gt; Subsystem &lt;/th&gt;
&lt;th class=&apos;confluenceTh&apos;&gt; Report/Notes &lt;/th&gt;
&lt;/tr&gt;
&lt;tr&gt;
&lt;td class=&apos;confluenceTd&apos;&gt; Console output &lt;/td&gt;
&lt;td class=&apos;confluenceTd&apos;&gt; &lt;a href=&quot;http://104.198.109.242/logs//PreCommit-HIVE-Build-18130/yetus.txt&quot; class=&quot;external-link&quot; target=&quot;_blank&quot; rel=&quot;nofollow noopener&quot;&gt;http://104.198.109.242/logs//PreCommit-HIVE-Build-18130/yetus.txt&lt;/a&gt; &lt;/td&gt;
&lt;/tr&gt;
&lt;tr&gt;
&lt;td class=&apos;confluenceTd&apos;&gt; Powered by &lt;/td&gt;
&lt;td class=&apos;confluenceTd&apos;&gt; Apache Yetus    &lt;a href=&quot;http://yetus.apache.org&quot; class=&quot;external-link&quot; target=&quot;_blank&quot; rel=&quot;nofollow noopener&quot;&gt;http://yetus.apache.org&lt;/a&gt; &lt;/td&gt;
&lt;/tr&gt;
&lt;/tbody&gt;&lt;/table&gt;
&lt;/div&gt;



&lt;p&gt;This message was automatically generated.&lt;/p&gt;
</comment>
                            <comment id="16890183" author="hiveqa" created="Mon, 22 Jul 2019 14:03:17 +0000"  >

&lt;p&gt;Here are the results of testing the latest attachment:&lt;br/&gt;
&lt;a href=&quot;https://issues.apache.org/jira/secure/attachment/12975388/HIVE-22009.1-branch-3.1.patch&quot; class=&quot;external-link&quot; rel=&quot;nofollow&quot;&gt;https://issues.apache.org/jira/secure/attachment/12975388/HIVE-22009.1-branch-3.1.patch&lt;/a&gt;&lt;/p&gt;

&lt;p&gt;&lt;font color=&quot;green&quot;&gt;SUCCESS:&lt;/font&gt; +1 due to 1 test(s) being added or modified.&lt;/p&gt;

&lt;p&gt;&lt;font color=&quot;red&quot;&gt;ERROR:&lt;/font&gt; -1 due to 119 failed/errored test(s), 14410 tests executed&lt;br/&gt;
&lt;b&gt;Failed tests:&lt;/b&gt;&lt;/p&gt;
&lt;div class=&quot;preformatted panel&quot; style=&quot;border-width: 1px;&quot;&gt;&lt;div class=&quot;preformattedContent panelContent&quot;&gt;
&lt;pre&gt;TestAddPartitions - did not produce a TEST-*.xml file (likely timed out) (batchId=226)
TestAddPartitionsFromPartSpec - did not produce a TEST-*.xml file (likely timed out) (batchId=228)
TestAdminUser - did not produce a TEST-*.xml file (likely timed out) (batchId=232)
TestAggregateStatsCache - did not produce a TEST-*.xml file (likely timed out) (batchId=232)
TestAlterPartitions - did not produce a TEST-*.xml file (likely timed out) (batchId=228)
TestAppendPartitions - did not produce a TEST-*.xml file (likely timed out) (batchId=228)
TestBeeLineDriver - did not produce a TEST-*.xml file (likely timed out) (batchId=272)
TestCachedStore - did not produce a TEST-*.xml file (likely timed out) (batchId=236)
TestCatalogCaching - did not produce a TEST-*.xml file (likely timed out) (batchId=236)
TestCatalogNonDefaultClient - did not produce a TEST-*.xml file (likely timed out) (batchId=226)
TestCatalogNonDefaultSvr - did not produce a TEST-*.xml file (likely timed out) (batchId=232)
TestCatalogOldClient - did not produce a TEST-*.xml file (likely timed out) (batchId=226)
TestCatalogs - did not produce a TEST-*.xml file (likely timed out) (batchId=228)
TestCheckConstraint - did not produce a TEST-*.xml file (likely timed out) (batchId=226)
TestCloseableThreadLocal - did not produce a TEST-*.xml file (likely timed out) (batchId=330)
TestDataSourceProviderFactory - did not produce a TEST-*.xml file (likely timed out) (batchId=236)
TestDatabaseName - did not produce a TEST-*.xml file (likely timed out) (batchId=195)
TestDatabases - did not produce a TEST-*.xml file (likely timed out) (batchId=228)
TestDeadline - did not produce a TEST-*.xml file (likely timed out) (batchId=236)
TestDefaultConstraint - did not produce a TEST-*.xml file (likely timed out) (batchId=228)
TestDropPartitions - did not produce a TEST-*.xml file (likely timed out) (batchId=226)
TestDummy - did not produce a TEST-*.xml file (likely timed out) (batchId=272)
TestEmbeddedHiveMetaStore - did not produce a TEST-*.xml file (likely timed out) (batchId=229)
TestExchangePartitions - did not produce a TEST-*.xml file (likely timed out) (batchId=228)
TestFMSketchSerialization - did not produce a TEST-*.xml file (likely timed out) (batchId=237)
TestFilterHooks - did not produce a TEST-*.xml file (likely timed out) (batchId=226)
TestForeignKey - did not produce a TEST-*.xml file (likely timed out) (batchId=228)
TestFunctions - did not produce a TEST-*.xml file (likely timed out) (batchId=226)
TestGetPartitions - did not produce a TEST-*.xml file (likely timed out) (batchId=228)
TestGetPartitionsUsingProjectionAndFilterSpecs - did not produce a TEST-*.xml file (likely timed out) (batchId=228)
TestGetTableMeta - did not produce a TEST-*.xml file (likely timed out) (batchId=226)
TestHLLNoBias - did not produce a TEST-*.xml file (likely timed out) (batchId=237)
TestHLLSerialization - did not produce a TEST-*.xml file (likely timed out) (batchId=237)
TestHdfsUtils - did not produce a TEST-*.xml file (likely timed out) (batchId=232)
TestHiveAlterHandler - did not produce a TEST-*.xml file (likely timed out) (batchId=226)
TestHiveMetaStoreGetMetaConf - did not produce a TEST-*.xml file (likely timed out) (batchId=236)
TestHiveMetaStorePartitionSpecs - did not produce a TEST-*.xml file (likely timed out) (batchId=228)
TestHiveMetaStoreSchemaMethods - did not produce a TEST-*.xml file (likely timed out) (batchId=236)
TestHiveMetaStoreTimeout - did not produce a TEST-*.xml file (likely timed out) (batchId=236)
TestHiveMetaStoreTxns - did not produce a TEST-*.xml file (likely timed out) (batchId=236)
TestHiveMetaStoreWithEnvironmentContext - did not produce a TEST-*.xml file (likely timed out) (batchId=231)
TestHiveMetaToolCommandLine - did not produce a TEST-*.xml file (likely timed out) (batchId=232)
TestHiveMetastoreCli - did not produce a TEST-*.xml file (likely timed out) (batchId=226)
TestHmsServerAuthorization - did not produce a TEST-*.xml file (likely timed out) (batchId=232)
TestHyperLogLog - did not produce a TEST-*.xml file (likely timed out) (batchId=237)
TestHyperLogLogDense - did not produce a TEST-*.xml file (likely timed out) (batchId=237)
TestHyperLogLogMerge - did not produce a TEST-*.xml file (likely timed out) (batchId=237)
TestHyperLogLogSparse - did not produce a TEST-*.xml file (likely timed out) (batchId=237)
TestJSONMessageDeserializer - did not produce a TEST-*.xml file (likely timed out) (batchId=232)
TestListPartitions - did not produce a TEST-*.xml file (likely timed out) (batchId=226)
TestLockRequestBuilder - did not produce a TEST-*.xml file (likely timed out) (batchId=226)
TestMarkPartition - did not produce a TEST-*.xml file (likely timed out) (batchId=236)
TestMarkPartitionRemote - did not produce a TEST-*.xml file (likely timed out) (batchId=236)
TestMetaStoreConnectionUrlHook - did not produce a TEST-*.xml file (likely timed out) (batchId=232)
TestMetaStoreEndFunctionListener - did not produce a TEST-*.xml file (likely timed out) (batchId=228)
TestMetaStoreEventListener - did not produce a TEST-*.xml file (likely timed out) (batchId=233)
TestMetaStoreEventListenerOnlyOnCommit - did not produce a TEST-*.xml file (likely timed out) (batchId=236)
TestMetaStoreEventListenerWithOldConf - did not produce a TEST-*.xml file (likely timed out) (batchId=236)
TestMetaStoreInitListener - did not produce a TEST-*.xml file (likely timed out) (batchId=236)
TestMetaStoreListenersError - did not produce a TEST-*.xml file (likely timed out) (batchId=236)
TestMetaStoreSchemaFactory - did not produce a TEST-*.xml file (likely timed out) (batchId=232)
TestMetaStoreSchemaInfo - did not produce a TEST-*.xml file (likely timed out) (batchId=236)
TestMetaStoreServerUtils - did not produce a TEST-*.xml file (likely timed out) (batchId=232)
TestMetaToolTaskExecuteJDOQLQuery - did not produce a TEST-*.xml file (likely timed out) (batchId=232)
TestMetaToolTaskListFSRoot - did not produce a TEST-*.xml file (likely timed out) (batchId=232)
TestMetaToolTaskUpdateLocation - did not produce a TEST-*.xml file (likely timed out) (batchId=232)
TestMetastoreConf - did not produce a TEST-*.xml file (likely timed out) (batchId=228)
TestMetastoreSchemaTool - did not produce a TEST-*.xml file (likely timed out) (batchId=232)
TestMetrics - did not produce a TEST-*.xml file (likely timed out) (batchId=228)
TestMiniDruidCliDriver - did not produce a TEST-*.xml file (likely timed out) (batchId=272)
TestMiniDruidKafkaCliDriver - did not produce a TEST-*.xml file (likely timed out) (batchId=272)
TestMsckCheckPartitions - did not produce a TEST-*.xml file (likely timed out) (batchId=232)
TestNotNullConstraint - did not produce a TEST-*.xml file (likely timed out) (batchId=228)
TestObjectStore - did not produce a TEST-*.xml file (likely timed out) (batchId=236)
TestObjectStoreInitRetry - did not produce a TEST-*.xml file (likely timed out) (batchId=232)
TestObjectStoreSchemaMethods - did not produce a TEST-*.xml file (likely timed out) (batchId=236)
TestObjectStoreStatementVerify - did not produce a TEST-*.xml file (likely timed out) (batchId=228)
TestOldSchema - did not produce a TEST-*.xml file (likely timed out) (batchId=236)
TestPartitionManagement - did not produce a TEST-*.xml file (likely timed out) (batchId=226)
TestPartitionNameWhitelistValidation - did not produce a TEST-*.xml file (likely timed out) (batchId=228)
TestPartitionProjectionEvaluator - did not produce a TEST-*.xml file (likely timed out) (batchId=237)
TestPreUpgradeTool - did not produce a TEST-*.xml file (likely timed out) (batchId=330)
TestPrimaryKey - did not produce a TEST-*.xml file (likely timed out) (batchId=228)
TestRawStoreProxy - did not produce a TEST-*.xml file (likely timed out) (batchId=226)
TestRemoteHiveMetaStore - did not produce a TEST-*.xml file (likely timed out) (batchId=230)
TestRemoteHiveMetaStoreIpAddress - did not produce a TEST-*.xml file (likely timed out) (batchId=224)
TestRemoteHiveMetaStoreZK - did not produce a TEST-*.xml file (likely timed out) (batchId=232)
TestRemoteHiveMetaStoreZKBindHost - did not produce a TEST-*.xml file (likely timed out) (batchId=236)
TestRemoteUGIHiveMetaStoreIpAddress - did not produce a TEST-*.xml file (likely timed out) (batchId=234)
TestRetriesInRetryingHMSHandler - did not produce a TEST-*.xml file (likely timed out) (batchId=237)
TestRetryingHMSHandler - did not produce a TEST-*.xml file (likely timed out) (batchId=232)
TestRunOptions - did not produce a TEST-*.xml file (likely timed out) (batchId=330)
TestRuntimeStats - did not produce a TEST-*.xml file (likely timed out) (batchId=226)
TestSchemaToolForMetastore - did not produce a TEST-*.xml file (likely timed out) (batchId=232)
TestSchemaToolTaskDrop - did not produce a TEST-*.xml file (likely timed out) (batchId=232)
TestSetUGIOnBothClientServer - did not produce a TEST-*.xml file (likely timed out) (batchId=227)
TestSetUGIOnOnlyClient - did not produce a TEST-*.xml file (likely timed out) (batchId=225)
TestSetUGIOnOnlyServer - did not produce a TEST-*.xml file (likely timed out) (batchId=235)
TestSparseEncodeHash - did not produce a TEST-*.xml file (likely timed out) (batchId=237)
TestStats - did not produce a TEST-*.xml file (likely timed out) (batchId=228)
TestStatsSetupConst - did not produce a TEST-*.xml file (likely timed out) (batchId=237)
TestTableIterable - did not produce a TEST-*.xml file (likely timed out) (batchId=236)
TestTableName - did not produce a TEST-*.xml file (likely timed out) (batchId=195)
TestTablesCreateDropAlterTruncate - did not produce a TEST-*.xml file (likely timed out) (batchId=226)
TestTablesGetExists - did not produce a TEST-*.xml file (likely timed out) (batchId=228)
TestTablesList - did not produce a TEST-*.xml file (likely timed out) (batchId=226)
TestTezPerfCliDriver - did not produce a TEST-*.xml file (likely timed out) (batchId=272)
TestTxnHandlerNegative - did not produce a TEST-*.xml file (likely timed out) (batchId=226)
TestTxnUtils - did not produce a TEST-*.xml file (likely timed out) (batchId=226)
TestUniqueConstraint - did not produce a TEST-*.xml file (likely timed out) (batchId=226)
org.apache.hadoop.hive.cli.TestCliDriver.testCliDriver[load_static_ptn_into_bucketed_table] (batchId=21)
org.apache.hadoop.hive.cli.TestMiniLlapLocalCliDriver.testCliDriver[load_data_using_job] (batchId=159)
org.apache.hadoop.hive.cli.TestMiniLlapLocalCliDriver.testCliDriver[results_cache_2] (batchId=177)
org.apache.hadoop.hive.cli.TestMiniLlapLocalCliDriver.testCliDriver[results_cache_with_masking] (batchId=173)
org.apache.hadoop.hive.cli.TestMiniLlapLocalCliDriver.testCliDriver[sharedwork] (batchId=174)
org.apache.hadoop.hive.cli.TestMiniLlapLocalCliDriver.testCliDriver[subquery_views] (batchId=159)
org.apache.hadoop.hive.ql.TestWarehouseExternalDir.testManagedPaths (batchId=249)
org.apache.hive.service.TestHS2ImpersonationWithRemoteMS.testImpersonation (batchId=258)
org.apache.hive.spark.client.rpc.TestRpc.testServerPort (batchId=324)
&lt;/pre&gt;
&lt;/div&gt;&lt;/div&gt;

&lt;p&gt;Test results: &lt;a href=&quot;https://builds.apache.org/job/PreCommit-HIVE-Build/18130/testReport&quot; class=&quot;external-link&quot; target=&quot;_blank&quot; rel=&quot;nofollow noopener&quot;&gt;https://builds.apache.org/job/PreCommit-HIVE-Build/18130/testReport&lt;/a&gt;&lt;br/&gt;
Console output: &lt;a href=&quot;https://builds.apache.org/job/PreCommit-HIVE-Build/18130/console&quot; class=&quot;external-link&quot; target=&quot;_blank&quot; rel=&quot;nofollow noopener&quot;&gt;https://builds.apache.org/job/PreCommit-HIVE-Build/18130/console&lt;/a&gt;&lt;br/&gt;
Test logs: &lt;a href=&quot;http://104.198.109.242/logs/PreCommit-HIVE-Build-18130/&quot; class=&quot;external-link&quot; target=&quot;_blank&quot; rel=&quot;nofollow noopener&quot;&gt;http://104.198.109.242/logs/PreCommit-HIVE-Build-18130/&lt;/a&gt;&lt;/p&gt;

&lt;p&gt;Messages:&lt;/p&gt;
&lt;div class=&quot;preformatted panel&quot; style=&quot;border-width: 1px;&quot;&gt;&lt;div class=&quot;preformattedContent panelContent&quot;&gt;
&lt;pre&gt;Executing org.apache.hive.ptest.execution.TestCheckPhase
Executing org.apache.hive.ptest.execution.PrepPhase
Executing org.apache.hive.ptest.execution.YetusPhase
Executing org.apache.hive.ptest.execution.ExecutionPhase
Executing org.apache.hive.ptest.execution.ReportingPhase
Tests exited with: TestsFailedException: 119 tests failed
&lt;/pre&gt;
&lt;/div&gt;&lt;/div&gt;

&lt;p&gt;This message is automatically generated.&lt;/p&gt;

&lt;p&gt;ATTACHMENT ID: 12975388 - PreCommit-HIVE-Build&lt;/p&gt;</comment>
                            <comment id="16890227" author="hiveqa" created="Mon, 22 Jul 2019 14:53:55 +0000"  >

&lt;p&gt;Here are the results of testing the latest attachment:&lt;br/&gt;
&lt;a href=&quot;https://issues.apache.org/jira/secure/attachment/12975388/HIVE-22009.1-branch-3.1.patch&quot; class=&quot;external-link&quot; rel=&quot;nofollow&quot;&gt;https://issues.apache.org/jira/secure/attachment/12975388/HIVE-22009.1-branch-3.1.patch&lt;/a&gt;&lt;/p&gt;

&lt;p&gt;&lt;font color=&quot;red&quot;&gt;ERROR:&lt;/font&gt; -1 due to build exiting with an error&lt;/p&gt;

&lt;p&gt;Test results: &lt;a href=&quot;https://builds.apache.org/job/PreCommit-HIVE-Build/18131/testReport&quot; class=&quot;external-link&quot; target=&quot;_blank&quot; rel=&quot;nofollow noopener&quot;&gt;https://builds.apache.org/job/PreCommit-HIVE-Build/18131/testReport&lt;/a&gt;&lt;br/&gt;
Console output: &lt;a href=&quot;https://builds.apache.org/job/PreCommit-HIVE-Build/18131/console&quot; class=&quot;external-link&quot; target=&quot;_blank&quot; rel=&quot;nofollow noopener&quot;&gt;https://builds.apache.org/job/PreCommit-HIVE-Build/18131/console&lt;/a&gt;&lt;br/&gt;
Test logs: &lt;a href=&quot;http://104.198.109.242/logs/PreCommit-HIVE-Build-18131/&quot; class=&quot;external-link&quot; target=&quot;_blank&quot; rel=&quot;nofollow noopener&quot;&gt;http://104.198.109.242/logs/PreCommit-HIVE-Build-18131/&lt;/a&gt;&lt;/p&gt;

&lt;p&gt;Messages:&lt;/p&gt;
&lt;div class=&quot;preformatted panel&quot; style=&quot;border-width: 1px;&quot;&gt;&lt;div class=&quot;preformattedContent panelContent&quot;&gt;
&lt;pre&gt;Executing org.apache.hive.ptest.execution.TestCheckPhase
Tests exited with: Exception: Patch URL https://issues.apache.org/jira/secure/attachment/12975388/HIVE-22009.1-branch-3.1.patch was found in seen patch url&apos;s cache and a test was probably run already on it. Aborting...
&lt;/pre&gt;
&lt;/div&gt;&lt;/div&gt;

&lt;p&gt;This message is automatically generated.&lt;/p&gt;

&lt;p&gt;ATTACHMENT ID: 12975388 - PreCommit-HIVE-Build&lt;/p&gt;</comment>
                            <comment id="16890510" author="hiveqa" created="Mon, 22 Jul 2019 22:25:05 +0000"  >&lt;div class=&apos;table-wrap&apos;&gt;
&lt;table class=&apos;confluenceTable&apos;&gt;&lt;tbody&gt;
&lt;tr&gt;
&lt;td class=&apos;confluenceTd&apos;&gt; &lt;img class=&quot;emoticon&quot; src=&quot;https://issues.apache.org/jira/images/icons/emoticons/check.png&quot; height=&quot;16&quot; width=&quot;16&quot; align=&quot;absmiddle&quot; alt=&quot;&quot; border=&quot;0&quot;/&gt; &lt;b&gt;&lt;font color=&quot;green&quot;&gt;+1 overall&lt;/font&gt;&lt;/b&gt; &lt;/td&gt;
&lt;/tr&gt;
&lt;/tbody&gt;&lt;/table&gt;
&lt;/div&gt;

&lt;p&gt;&lt;br class=&quot;atl-forced-newline&quot; /&gt;
&lt;br class=&quot;atl-forced-newline&quot; /&gt;&lt;/p&gt;
&lt;div class=&apos;table-wrap&apos;&gt;
&lt;table class=&apos;confluenceTable&apos;&gt;&lt;tbody&gt;
&lt;tr&gt;
&lt;th class=&apos;confluenceTh&apos;&gt; Vote &lt;/th&gt;
&lt;th class=&apos;confluenceTh&apos;&gt; Subsystem &lt;/th&gt;
&lt;th class=&apos;confluenceTh&apos;&gt; Runtime &lt;/th&gt;
&lt;th class=&apos;confluenceTh&apos;&gt; Comment &lt;/th&gt;
&lt;/tr&gt;
&lt;tr&gt;
&lt;th class=&apos;confluenceTh&apos;&gt;&amp;nbsp;&lt;/th&gt;
&lt;th class=&apos;confluenceTh&apos;&gt;&amp;nbsp;&lt;/th&gt;
&lt;th class=&apos;confluenceTh&apos;&gt;&amp;nbsp;&lt;/th&gt;
&lt;th class=&apos;confluenceTh&apos;&gt; &lt;font color=&quot;brown&quot;&gt; Prechecks &lt;/font&gt; &lt;/th&gt;
&lt;/tr&gt;
&lt;tr&gt;
&lt;td class=&apos;confluenceTd&apos;&gt; &lt;font color=&quot;green&quot;&gt;+1&lt;/font&gt; &lt;/td&gt;
&lt;td class=&apos;confluenceTd&apos;&gt; &lt;font color=&quot;green&quot;&gt; @author &lt;/font&gt; &lt;/td&gt;
&lt;td class=&apos;confluenceTd&apos;&gt; &lt;font color=&quot;green&quot;&gt;  0m  0s&lt;/font&gt; &lt;/td&gt;
&lt;td class=&apos;confluenceTd&apos;&gt; &lt;font color=&quot;green&quot;&gt; The patch does not contain any @author tags. &lt;/font&gt; &lt;/td&gt;
&lt;/tr&gt;
&lt;tr&gt;
&lt;th class=&apos;confluenceTh&apos;&gt;&amp;nbsp;&lt;/th&gt;
&lt;th class=&apos;confluenceTh&apos;&gt;&amp;nbsp;&lt;/th&gt;
&lt;th class=&apos;confluenceTh&apos;&gt;&amp;nbsp;&lt;/th&gt;
&lt;th class=&apos;confluenceTh&apos;&gt; &lt;font color=&quot;brown&quot;&gt; master Compile Tests &lt;/font&gt; &lt;/th&gt;
&lt;/tr&gt;
&lt;tr&gt;
&lt;td class=&apos;confluenceTd&apos;&gt; &lt;font color=&quot;blue&quot;&gt;0&lt;/font&gt; &lt;/td&gt;
&lt;td class=&apos;confluenceTd&apos;&gt; &lt;font color=&quot;blue&quot;&gt; mvndep &lt;/font&gt; &lt;/td&gt;
&lt;td class=&apos;confluenceTd&apos;&gt; &lt;font color=&quot;blue&quot;&gt;  1m 44s&lt;/font&gt; &lt;/td&gt;
&lt;td class=&apos;confluenceTd&apos;&gt; &lt;font color=&quot;blue&quot;&gt; Maven dependency ordering for branch &lt;/font&gt; &lt;/td&gt;
&lt;/tr&gt;
&lt;tr&gt;
&lt;td class=&apos;confluenceTd&apos;&gt; &lt;font color=&quot;green&quot;&gt;+1&lt;/font&gt; &lt;/td&gt;
&lt;td class=&apos;confluenceTd&apos;&gt; &lt;font color=&quot;green&quot;&gt; mvninstall &lt;/font&gt; &lt;/td&gt;
&lt;td class=&apos;confluenceTd&apos;&gt; &lt;font color=&quot;green&quot;&gt;  7m  2s&lt;/font&gt; &lt;/td&gt;
&lt;td class=&apos;confluenceTd&apos;&gt; &lt;font color=&quot;green&quot;&gt; master passed &lt;/font&gt; &lt;/td&gt;
&lt;/tr&gt;
&lt;tr&gt;
&lt;td class=&apos;confluenceTd&apos;&gt; &lt;font color=&quot;green&quot;&gt;+1&lt;/font&gt; &lt;/td&gt;
&lt;td class=&apos;confluenceTd&apos;&gt; &lt;font color=&quot;green&quot;&gt; compile &lt;/font&gt; &lt;/td&gt;
&lt;td class=&apos;confluenceTd&apos;&gt; &lt;font color=&quot;green&quot;&gt;  1m 46s&lt;/font&gt; &lt;/td&gt;
&lt;td class=&apos;confluenceTd&apos;&gt; &lt;font color=&quot;green&quot;&gt; master passed &lt;/font&gt; &lt;/td&gt;
&lt;/tr&gt;
&lt;tr&gt;
&lt;td class=&apos;confluenceTd&apos;&gt; &lt;font color=&quot;green&quot;&gt;+1&lt;/font&gt; &lt;/td&gt;
&lt;td class=&apos;confluenceTd&apos;&gt; &lt;font color=&quot;green&quot;&gt; checkstyle &lt;/font&gt; &lt;/td&gt;
&lt;td class=&apos;confluenceTd&apos;&gt; &lt;font color=&quot;green&quot;&gt;  0m 58s&lt;/font&gt; &lt;/td&gt;
&lt;td class=&apos;confluenceTd&apos;&gt; &lt;font color=&quot;green&quot;&gt; master passed &lt;/font&gt; &lt;/td&gt;
&lt;/tr&gt;
&lt;tr&gt;
&lt;td class=&apos;confluenceTd&apos;&gt; &lt;font color=&quot;blue&quot;&gt;0&lt;/font&gt; &lt;/td&gt;
&lt;td class=&apos;confluenceTd&apos;&gt; &lt;font color=&quot;blue&quot;&gt; findbugs &lt;/font&gt; &lt;/td&gt;
&lt;td class=&apos;confluenceTd&apos;&gt; &lt;font color=&quot;blue&quot;&gt;  4m  4s&lt;/font&gt; &lt;/td&gt;
&lt;td class=&apos;confluenceTd&apos;&gt; &lt;font color=&quot;blue&quot;&gt; ql in master has 2250 extant Findbugs warnings. &lt;/font&gt; &lt;/td&gt;
&lt;/tr&gt;
&lt;tr&gt;
&lt;td class=&apos;confluenceTd&apos;&gt; &lt;font color=&quot;blue&quot;&gt;0&lt;/font&gt; &lt;/td&gt;
&lt;td class=&apos;confluenceTd&apos;&gt; &lt;font color=&quot;blue&quot;&gt; findbugs &lt;/font&gt; &lt;/td&gt;
&lt;td class=&apos;confluenceTd&apos;&gt; &lt;font color=&quot;blue&quot;&gt;  0m 41s&lt;/font&gt; &lt;/td&gt;
&lt;td class=&apos;confluenceTd&apos;&gt; &lt;font color=&quot;blue&quot;&gt; itests/hive-unit in master has 2 extant Findbugs warnings. &lt;/font&gt; &lt;/td&gt;
&lt;/tr&gt;
&lt;tr&gt;
&lt;td class=&apos;confluenceTd&apos;&gt; &lt;font color=&quot;green&quot;&gt;+1&lt;/font&gt; &lt;/td&gt;
&lt;td class=&apos;confluenceTd&apos;&gt; &lt;font color=&quot;green&quot;&gt; javadoc &lt;/font&gt; &lt;/td&gt;
&lt;td class=&apos;confluenceTd&apos;&gt; &lt;font color=&quot;green&quot;&gt;  1m 28s&lt;/font&gt; &lt;/td&gt;
&lt;td class=&apos;confluenceTd&apos;&gt; &lt;font color=&quot;green&quot;&gt; master passed &lt;/font&gt; &lt;/td&gt;
&lt;/tr&gt;
&lt;tr&gt;
&lt;th class=&apos;confluenceTh&apos;&gt;&amp;nbsp;&lt;/th&gt;
&lt;th class=&apos;confluenceTh&apos;&gt;&amp;nbsp;&lt;/th&gt;
&lt;th class=&apos;confluenceTh&apos;&gt;&amp;nbsp;&lt;/th&gt;
&lt;th class=&apos;confluenceTh&apos;&gt; &lt;font color=&quot;brown&quot;&gt; Patch Compile Tests &lt;/font&gt; &lt;/th&gt;
&lt;/tr&gt;
&lt;tr&gt;
&lt;td class=&apos;confluenceTd&apos;&gt; &lt;font color=&quot;blue&quot;&gt;0&lt;/font&gt; &lt;/td&gt;
&lt;td class=&apos;confluenceTd&apos;&gt; &lt;font color=&quot;blue&quot;&gt; mvndep &lt;/font&gt; &lt;/td&gt;
&lt;td class=&apos;confluenceTd&apos;&gt; &lt;font color=&quot;blue&quot;&gt;  0m 27s&lt;/font&gt; &lt;/td&gt;
&lt;td class=&apos;confluenceTd&apos;&gt; &lt;font color=&quot;blue&quot;&gt; Maven dependency ordering for patch &lt;/font&gt; &lt;/td&gt;
&lt;/tr&gt;
&lt;tr&gt;
&lt;td class=&apos;confluenceTd&apos;&gt; &lt;font color=&quot;green&quot;&gt;+1&lt;/font&gt; &lt;/td&gt;
&lt;td class=&apos;confluenceTd&apos;&gt; &lt;font color=&quot;green&quot;&gt; mvninstall &lt;/font&gt; &lt;/td&gt;
&lt;td class=&apos;confluenceTd&apos;&gt; &lt;font color=&quot;green&quot;&gt;  2m 10s&lt;/font&gt; &lt;/td&gt;
&lt;td class=&apos;confluenceTd&apos;&gt; &lt;font color=&quot;green&quot;&gt; the patch passed &lt;/font&gt; &lt;/td&gt;
&lt;/tr&gt;
&lt;tr&gt;
&lt;td class=&apos;confluenceTd&apos;&gt; &lt;font color=&quot;green&quot;&gt;+1&lt;/font&gt; &lt;/td&gt;
&lt;td class=&apos;confluenceTd&apos;&gt; &lt;font color=&quot;green&quot;&gt; compile &lt;/font&gt; &lt;/td&gt;
&lt;td class=&apos;confluenceTd&apos;&gt; &lt;font color=&quot;green&quot;&gt;  1m 52s&lt;/font&gt; &lt;/td&gt;
&lt;td class=&apos;confluenceTd&apos;&gt; &lt;font color=&quot;green&quot;&gt; the patch passed &lt;/font&gt; &lt;/td&gt;
&lt;/tr&gt;
&lt;tr&gt;
&lt;td class=&apos;confluenceTd&apos;&gt; &lt;font color=&quot;green&quot;&gt;+1&lt;/font&gt; &lt;/td&gt;
&lt;td class=&apos;confluenceTd&apos;&gt; &lt;font color=&quot;green&quot;&gt; javac &lt;/font&gt; &lt;/td&gt;
&lt;td class=&apos;confluenceTd&apos;&gt; &lt;font color=&quot;green&quot;&gt;  1m 52s&lt;/font&gt; &lt;/td&gt;
&lt;td class=&apos;confluenceTd&apos;&gt; &lt;font color=&quot;green&quot;&gt; the patch passed &lt;/font&gt; &lt;/td&gt;
&lt;/tr&gt;
&lt;tr&gt;
&lt;td class=&apos;confluenceTd&apos;&gt; &lt;font color=&quot;green&quot;&gt;+1&lt;/font&gt; &lt;/td&gt;
&lt;td class=&apos;confluenceTd&apos;&gt; &lt;font color=&quot;green&quot;&gt; checkstyle &lt;/font&gt; &lt;/td&gt;
&lt;td class=&apos;confluenceTd&apos;&gt; &lt;font color=&quot;green&quot;&gt;  0m 58s&lt;/font&gt; &lt;/td&gt;
&lt;td class=&apos;confluenceTd&apos;&gt; &lt;font color=&quot;green&quot;&gt; the patch passed &lt;/font&gt; &lt;/td&gt;
&lt;/tr&gt;
&lt;tr&gt;
&lt;td class=&apos;confluenceTd&apos;&gt; &lt;font color=&quot;green&quot;&gt;+1&lt;/font&gt; &lt;/td&gt;
&lt;td class=&apos;confluenceTd&apos;&gt; &lt;font color=&quot;green&quot;&gt; whitespace &lt;/font&gt; &lt;/td&gt;
&lt;td class=&apos;confluenceTd&apos;&gt; &lt;font color=&quot;green&quot;&gt;  0m  0s&lt;/font&gt; &lt;/td&gt;
&lt;td class=&apos;confluenceTd&apos;&gt; &lt;font color=&quot;green&quot;&gt; The patch has no whitespace issues. &lt;/font&gt; &lt;/td&gt;
&lt;/tr&gt;
&lt;tr&gt;
&lt;td class=&apos;confluenceTd&apos;&gt; &lt;font color=&quot;green&quot;&gt;+1&lt;/font&gt; &lt;/td&gt;
&lt;td class=&apos;confluenceTd&apos;&gt; &lt;font color=&quot;green&quot;&gt; findbugs &lt;/font&gt; &lt;/td&gt;
&lt;td class=&apos;confluenceTd&apos;&gt; &lt;font color=&quot;green&quot;&gt;  5m  3s&lt;/font&gt; &lt;/td&gt;
&lt;td class=&apos;confluenceTd&apos;&gt; &lt;font color=&quot;green&quot;&gt; the patch passed &lt;/font&gt; &lt;/td&gt;
&lt;/tr&gt;
&lt;tr&gt;
&lt;td class=&apos;confluenceTd&apos;&gt; &lt;font color=&quot;green&quot;&gt;+1&lt;/font&gt; &lt;/td&gt;
&lt;td class=&apos;confluenceTd&apos;&gt; &lt;font color=&quot;green&quot;&gt; javadoc &lt;/font&gt; &lt;/td&gt;
&lt;td class=&apos;confluenceTd&apos;&gt; &lt;font color=&quot;green&quot;&gt;  1m 21s&lt;/font&gt; &lt;/td&gt;
&lt;td class=&apos;confluenceTd&apos;&gt; &lt;font color=&quot;green&quot;&gt; the patch passed &lt;/font&gt; &lt;/td&gt;
&lt;/tr&gt;
&lt;tr&gt;
&lt;th class=&apos;confluenceTh&apos;&gt;&amp;nbsp;&lt;/th&gt;
&lt;th class=&apos;confluenceTh&apos;&gt;&amp;nbsp;&lt;/th&gt;
&lt;th class=&apos;confluenceTh&apos;&gt;&amp;nbsp;&lt;/th&gt;
&lt;th class=&apos;confluenceTh&apos;&gt; &lt;font color=&quot;brown&quot;&gt; Other Tests &lt;/font&gt; &lt;/th&gt;
&lt;/tr&gt;
&lt;tr&gt;
&lt;td class=&apos;confluenceTd&apos;&gt; &lt;font color=&quot;green&quot;&gt;+1&lt;/font&gt; &lt;/td&gt;
&lt;td class=&apos;confluenceTd&apos;&gt; &lt;font color=&quot;green&quot;&gt; asflicense &lt;/font&gt; &lt;/td&gt;
&lt;td class=&apos;confluenceTd&apos;&gt; &lt;font color=&quot;green&quot;&gt;  0m 14s&lt;/font&gt; &lt;/td&gt;
&lt;td class=&apos;confluenceTd&apos;&gt; &lt;font color=&quot;green&quot;&gt; The patch does not generate ASF License warnings. &lt;/font&gt; &lt;/td&gt;
&lt;/tr&gt;
&lt;tr&gt;
&lt;td class=&apos;confluenceTd&apos;&gt; &lt;font color=&quot;black&quot;&gt;&lt;/font&gt; &lt;/td&gt;
&lt;td class=&apos;confluenceTd&apos;&gt; &lt;font color=&quot;black&quot;&gt; &lt;/font&gt; &lt;/td&gt;
&lt;td class=&apos;confluenceTd&apos;&gt; &lt;font color=&quot;black&quot;&gt; 30m 33s&lt;/font&gt; &lt;/td&gt;
&lt;td class=&apos;confluenceTd&apos;&gt; &lt;font color=&quot;black&quot;&gt; &lt;/font&gt; &lt;/td&gt;
&lt;/tr&gt;
&lt;/tbody&gt;&lt;/table&gt;
&lt;/div&gt;

&lt;p&gt;&lt;br class=&quot;atl-forced-newline&quot; /&gt;
&lt;br class=&quot;atl-forced-newline&quot; /&gt;&lt;/p&gt;
&lt;div class=&apos;table-wrap&apos;&gt;
&lt;table class=&apos;confluenceTable&apos;&gt;&lt;tbody&gt;
&lt;tr&gt;
&lt;th class=&apos;confluenceTh&apos;&gt; Subsystem &lt;/th&gt;
&lt;th class=&apos;confluenceTh&apos;&gt; Report/Notes &lt;/th&gt;
&lt;/tr&gt;
&lt;tr&gt;
&lt;td class=&apos;confluenceTd&apos;&gt; Optional Tests &lt;/td&gt;
&lt;td class=&apos;confluenceTd&apos;&gt;  asflicense  javac  javadoc  findbugs  checkstyle  compile  &lt;/td&gt;
&lt;/tr&gt;
&lt;tr&gt;
&lt;td class=&apos;confluenceTd&apos;&gt; uname &lt;/td&gt;
&lt;td class=&apos;confluenceTd&apos;&gt; Linux hiveptest-server-upstream 3.16.0-4-amd64 #1 SMP Debian 3.16.43-2+deb8u5 (2017-09-19) x86_64 GNU/Linux &lt;/td&gt;
&lt;/tr&gt;
&lt;tr&gt;
&lt;td class=&apos;confluenceTd&apos;&gt; Build tool &lt;/td&gt;
&lt;td class=&apos;confluenceTd&apos;&gt; maven &lt;/td&gt;
&lt;/tr&gt;
&lt;tr&gt;
&lt;td class=&apos;confluenceTd&apos;&gt; Personality &lt;/td&gt;
&lt;td class=&apos;confluenceTd&apos;&gt; /data/hiveptest/working/yetus_PreCommit-HIVE-Build-18138/dev-support/hive-personality.sh &lt;/td&gt;
&lt;/tr&gt;
&lt;tr&gt;
&lt;td class=&apos;confluenceTd&apos;&gt; git revision &lt;/td&gt;
&lt;td class=&apos;confluenceTd&apos;&gt; master / ac78f79 &lt;/td&gt;
&lt;/tr&gt;
&lt;tr&gt;
&lt;td class=&apos;confluenceTd&apos;&gt; Default Java &lt;/td&gt;
&lt;td class=&apos;confluenceTd&apos;&gt; 1.8.0_111 &lt;/td&gt;
&lt;/tr&gt;
&lt;tr&gt;
&lt;td class=&apos;confluenceTd&apos;&gt; findbugs &lt;/td&gt;
&lt;td class=&apos;confluenceTd&apos;&gt; v3.0.0 &lt;/td&gt;
&lt;/tr&gt;
&lt;tr&gt;
&lt;td class=&apos;confluenceTd&apos;&gt; modules &lt;/td&gt;
&lt;td class=&apos;confluenceTd&apos;&gt; C: ql itests/hive-unit U: . &lt;/td&gt;
&lt;/tr&gt;
&lt;tr&gt;
&lt;td class=&apos;confluenceTd&apos;&gt; Console output &lt;/td&gt;
&lt;td class=&apos;confluenceTd&apos;&gt; &lt;a href=&quot;http://104.198.109.242/logs//PreCommit-HIVE-Build-18138/yetus.txt&quot; class=&quot;external-link&quot; target=&quot;_blank&quot; rel=&quot;nofollow noopener&quot;&gt;http://104.198.109.242/logs//PreCommit-HIVE-Build-18138/yetus.txt&lt;/a&gt; &lt;/td&gt;
&lt;/tr&gt;
&lt;tr&gt;
&lt;td class=&apos;confluenceTd&apos;&gt; Powered by &lt;/td&gt;
&lt;td class=&apos;confluenceTd&apos;&gt; Apache Yetus    &lt;a href=&quot;http://yetus.apache.org&quot; class=&quot;external-link&quot; target=&quot;_blank&quot; rel=&quot;nofollow noopener&quot;&gt;http://yetus.apache.org&lt;/a&gt; &lt;/td&gt;
&lt;/tr&gt;
&lt;/tbody&gt;&lt;/table&gt;
&lt;/div&gt;



&lt;p&gt;This message was automatically generated.&lt;/p&gt;
</comment>
                            <comment id="16890535" author="hiveqa" created="Mon, 22 Jul 2019 23:12:53 +0000"  >

&lt;p&gt;Here are the results of testing the latest attachment:&lt;br/&gt;
&lt;a href=&quot;https://issues.apache.org/jira/secure/attachment/12975422/HIVE-22009.3.patch&quot; class=&quot;external-link&quot; rel=&quot;nofollow&quot;&gt;https://issues.apache.org/jira/secure/attachment/12975422/HIVE-22009.3.patch&lt;/a&gt;&lt;/p&gt;

&lt;p&gt;&lt;font color=&quot;green&quot;&gt;SUCCESS:&lt;/font&gt; +1 due to 1 test(s) being added or modified.&lt;/p&gt;

&lt;p&gt;&lt;font color=&quot;green&quot;&gt;SUCCESS:&lt;/font&gt; +1 due to 16683 tests passed&lt;/p&gt;

&lt;p&gt;Test results: &lt;a href=&quot;https://builds.apache.org/job/PreCommit-HIVE-Build/18138/testReport&quot; class=&quot;external-link&quot; target=&quot;_blank&quot; rel=&quot;nofollow noopener&quot;&gt;https://builds.apache.org/job/PreCommit-HIVE-Build/18138/testReport&lt;/a&gt;&lt;br/&gt;
Console output: &lt;a href=&quot;https://builds.apache.org/job/PreCommit-HIVE-Build/18138/console&quot; class=&quot;external-link&quot; target=&quot;_blank&quot; rel=&quot;nofollow noopener&quot;&gt;https://builds.apache.org/job/PreCommit-HIVE-Build/18138/console&lt;/a&gt;&lt;br/&gt;
Test logs: &lt;a href=&quot;http://104.198.109.242/logs/PreCommit-HIVE-Build-18138/&quot; class=&quot;external-link&quot; target=&quot;_blank&quot; rel=&quot;nofollow noopener&quot;&gt;http://104.198.109.242/logs/PreCommit-HIVE-Build-18138/&lt;/a&gt;&lt;/p&gt;

&lt;p&gt;Messages:&lt;/p&gt;
&lt;div class=&quot;preformatted panel&quot; style=&quot;border-width: 1px;&quot;&gt;&lt;div class=&quot;preformattedContent panelContent&quot;&gt;
&lt;pre&gt;Executing org.apache.hive.ptest.execution.TestCheckPhase
Executing org.apache.hive.ptest.execution.PrepPhase
Executing org.apache.hive.ptest.execution.YetusPhase
Executing org.apache.hive.ptest.execution.ExecutionPhase
Executing org.apache.hive.ptest.execution.ReportingPhase
&lt;/pre&gt;
&lt;/div&gt;&lt;/div&gt;

&lt;p&gt;This message is automatically generated.&lt;/p&gt;

&lt;p&gt;ATTACHMENT ID: 12975422 - PreCommit-HIVE-Build&lt;/p&gt;</comment>
                            <comment id="16890786" author="nareshpr" created="Tue, 23 Jul 2019 08:34:31 +0000"  >&lt;p&gt;&lt;a href=&quot;https://issues.apache.org/jira/secure/ViewProfile.jspa?name=maheshk114&quot; class=&quot;user-hover&quot; rel=&quot;maheshk114&quot;&gt;maheshk114&lt;/a&gt;, I updated the testcase, Could you please review the latest patch ?&lt;/p&gt;</comment>
                            <comment id="16891951" author="maheshk114" created="Wed, 24 Jul 2019 15:45:40 +0000"  >&lt;p&gt;&lt;span class=&quot;nobr&quot;&gt;&lt;a href=&quot;https://issues.apache.org/jira/secure/attachment/12975422/12975422_HIVE-22009.3.patch&quot; title=&quot;HIVE-22009.3.patch attached to HIVE-22009&quot;&gt;HIVE-22009.3.patch&lt;sup&gt;&lt;img class=&quot;rendericon&quot; src=&quot;https://issues.apache.org/jira/images/icons/link_attachment_7.gif&quot; height=&quot;7&quot; width=&quot;7&quot; align=&quot;absmiddle&quot; alt=&quot;&quot; border=&quot;0&quot;/&gt;&lt;/sup&gt;&lt;/a&gt;&lt;/span&gt;&#160;committed to master. Thanks &lt;a href=&quot;https://issues.apache.org/jira/secure/ViewProfile.jspa?name=nareshpr&quot; class=&quot;user-hover&quot; rel=&quot;nareshpr&quot;&gt;nareshpr&lt;/a&gt; for fixing the issue.&lt;/p&gt;</comment>
                    </comments>
                    <attachments>
                            <attachment id="12975183" name="HIVE-22009-branch-3.1.patch" size="7961" author="nareshpr" created="Thu, 18 Jul 2019 17:55:15 +0000"/>
                            <attachment id="12975388" name="HIVE-22009.1-branch-3.1.patch" size="3114" author="nareshpr" created="Mon, 22 Jul 2019 09:37:44 +0000"/>
                            <attachment id="12975220" name="HIVE-22009.1.patch" size="8482" author="nareshpr" created="Fri, 19 Jul 2019 04:58:21 +0000"/>
                            <attachment id="12975387" name="HIVE-22009.2.patch" size="3146" author="nareshpr" created="Mon, 22 Jul 2019 09:00:21 +0000"/>
                            <attachment id="12975422" name="HIVE-22009.3.patch" size="3589" author="nareshpr" created="Mon, 22 Jul 2019 16:20:12 +0000"/>
                            <attachment id="12975179" name="HIVE-22009.patch" size="8482" author="nareshpr" created="Thu, 18 Jul 2019 16:50:43 +0000"/>
                    </attachments>
                <subtasks>
                    </subtasks>
                <customfields>
                                                                            <customfield id="customfield_12310310" key="com.atlassian.jira.toolkit:attachments">
                        <customfieldname>Attachment count</customfieldname>
                        <customfieldvalues>
                            <customfieldvalue>6.0</customfieldvalue>
                        </customfieldvalues>
                    </customfield>
                                                                                                                                                                                                                                                                                                                                                                                                                                                                                                                                                                                                                                                                                                        <customfield id="customfield_12314020" key="com.atlassian.jira.plugins.jira-development-integration-plugin:devsummary">
                        <customfieldname>Development</customfieldname>
                        <customfieldvalues>
                            
                        </customfieldvalues>
                    </customfield>
                                                                                                                        <customfield id="customfield_12313422" key="com.atlassian.jirafisheyeplugin:jobcheckbox">
                        <customfieldname>Enable Automatic Patch Review</customfieldname>
                        <customfieldvalues>
                            <customfieldvalue><![CDATA[false]]></customfieldvalue>

                        </customfieldvalues>
                    </customfield>
                                                                                                                                                                                                                                                                                                                                                                                                                                                                                                                                                                                                                                                <customfield id="customfield_12310420" key="com.pyxis.greenhopper.jira:gh-global-rank">
                        <customfieldname>Global Rank</customfieldname>
                        <customfieldvalues>
                            <customfieldvalue>9223372036854775807</customfieldvalue>
                        </customfieldvalues>
                    </customfield>
                                                                                                                                                                                                                                                                    <customfield id="customfield_12312521" key="com.atlassian.jira.toolkit:LastCommentDate">
                        <customfieldname>Last public comment date</customfieldname>
                        <customfieldvalues>
                            6 years, 17 weeks ago
                        </customfieldvalues>
                    </customfield>
                                                                                                                                                                                                                                                                                                <customfield id="customfield_12311820" key="com.pyxis.greenhopper.jira:gh-lexo-rank">
                        <customfieldname>Rank</customfieldname>
                        <customfieldvalues>
                            <customfieldvalue>0|z04t80:</customfieldvalue>

                        </customfieldvalues>
                    </customfield>
                                                                <customfield id="customfield_12310920" key="com.pyxis.greenhopper.jira:gh-global-rank">
                        <customfieldname>Rank (Obsolete)</customfieldname>
                        <customfieldvalues>
                            <customfieldvalue>9223372036854775807</customfieldvalue>
                        </customfieldvalues>
                    </customfield>
                                                                                                                                                                                                                                                                                                                                                                                                                                                                                                                                                                                                                                                                                                                                                                                                                                                                                </customfields>
    </item>
</channel>
</rss>