<!-- 
RSS generated by JIRA (8.20.10#820010-sha1:ace47f9899e9ee25d7157d59aa17ab06aee30d3d) at Wed Nov 12 19:13:29 UTC 2025

It is possible to restrict the fields that are returned in this document by specifying the 'field' parameter in your request.
For example, to request only the issue key and summary append 'field=key&field=summary' to the URL of your request.
-->
<rss version="0.92" >
<channel>
    <title>ASF Jira</title>
    <link>https://issues.apache.org/jira</link>
    <description>This file is an XML representation of an issue</description>
    <language>en-uk</language>    <build-info>
        <version>8.20.10</version>
        <build-number>820010</build-number>
        <build-date>22-06-2022</build-date>
    </build-info>


<item>
            <title>[HIVE-22149] Metastore: Unify codahale metrics.log json structure between hiveserver2 and metastore services</title>
                <link>https://issues.apache.org/jira/browse/HIVE-22149</link>
                <project id="12310843" key="HIVE">Hive</project>
                    <description>&lt;p&gt;While fixing &lt;a href=&quot;https://issues.apache.org/jira/browse/HIVE-22140&quot; title=&quot;Metrics: unify codahale metric frequency unit between metastore and hiveserver2&quot; class=&quot;issue-link&quot; data-issue-key=&quot;HIVE-22140&quot;&gt;&lt;del&gt;HIVE-22140&lt;/del&gt;&lt;/a&gt; I found some really annoying differences between the codahale metric file structures between hiveserver2 and metastore, e.g.&lt;/p&gt;

&lt;p&gt;open_connections: can be found in &quot;counters&quot; for hs2, but in &quot;gauges&quot; for ms&lt;br/&gt;
threads count: it&apos;s a proper &quot;threads.count&quot; for hs2, but a really ambiguous &quot;count&quot; for ms&lt;/p&gt;

&lt;p&gt;so I realized that &quot;memory.&quot; and &quot;threads.&quot; prefix is completely absent in ms metrics file, which is misleading&lt;/p&gt;</description>
                <environment></environment>
        <key id="13253240">HIVE-22149</key>
            <summary>Metastore: Unify codahale metrics.log json structure between hiveserver2 and metastore services</summary>
                <type id="1" iconUrl="https://issues.apache.org/jira/secure/viewavatar?size=xsmall&amp;avatarId=21133&amp;avatarType=issuetype">Bug</type>
                                            <priority id="3" iconUrl="https://issues.apache.org/jira/images/icons/priorities/major.svg">Major</priority>
                        <status id="6" iconUrl="https://issues.apache.org/jira/images/icons/statuses/closed.png" description="The issue is considered finished, the resolution is correct. Issues which are not closed can be reopened.">Closed</status>
                    <statusCategory id="3" key="done" colorName="green"/>
                                    <resolution id="1">Fixed</resolution>
                                        <assignee username="abstractdog">L&#225;szl&#243; Bodor</assignee>
                                    <reporter username="abstractdog">L&#225;szl&#243; Bodor</reporter>
                        <labels>
                    </labels>
                <created>Tue, 27 Aug 2019 11:26:41 +0000</created>
                <updated>Thu, 17 Nov 2022 08:50:27 +0000</updated>
                            <resolved>Mon, 9 Sep 2019 08:41:22 +0000</resolved>
                                                    <fixVersion>4.0.0-alpha-1</fixVersion>
                                    <component>Standalone Metastore</component>
                        <due></due>
                            <votes>0</votes>
                                    <watches>4</watches>
                                                                                                                <comments>
                            <comment id="16921225" author="kgyrtkirk" created="Tue, 3 Sep 2019 07:42:24 +0000"  >&lt;p&gt;+1 pending tests&lt;br/&gt;
I don&apos;t know about anything which might build upon these values; &lt;a href=&quot;https://issues.apache.org/jira/secure/ViewProfile.jspa?name=abstractdog&quot; class=&quot;user-hover&quot; rel=&quot;abstractdog&quot;&gt;abstractdog&lt;/a&gt; do you know any?&lt;/p&gt;</comment>
                            <comment id="16922412" author="abstractdog" created="Wed, 4 Sep 2019 11:54:17 +0000"  >&lt;p&gt;e.g. Cloudera Manager relies on codahale metrics, and I faced a situation where I had to decide whether I&apos;ll change CM code in order to integrate to metastore service properly or unify these keys with the corresponding keys in hiveserver2 metric file (I did the latter)&lt;/p&gt;

&lt;p&gt;unfortunately, as standalone-metastore should be able to be built independently from other parts of hive, I cannot refactor this logic to a common place&lt;/p&gt;</comment>
                            <comment id="16922455" author="kgyrtkirk" created="Wed, 4 Sep 2019 12:51:04 +0000"  >&lt;p&gt;I see; yes....we have more and more chicken-egg problems...would putting the common part under standalone-metastore/common would be odd?&lt;/p&gt;</comment>
                            <comment id="16922856" author="hiveqa" created="Wed, 4 Sep 2019 20:47:53 +0000"  >&lt;div class=&apos;table-wrap&apos;&gt;
&lt;table class=&apos;confluenceTable&apos;&gt;&lt;tbody&gt;
&lt;tr&gt;
&lt;td class=&apos;confluenceTd&apos;&gt; &lt;img class=&quot;emoticon&quot; src=&quot;https://issues.apache.org/jira/images/icons/emoticons/check.png&quot; height=&quot;16&quot; width=&quot;16&quot; align=&quot;absmiddle&quot; alt=&quot;&quot; border=&quot;0&quot;/&gt; &lt;b&gt;&lt;font color=&quot;green&quot;&gt;+1 overall&lt;/font&gt;&lt;/b&gt; &lt;/td&gt;
&lt;/tr&gt;
&lt;/tbody&gt;&lt;/table&gt;
&lt;/div&gt;

&lt;p&gt;&lt;br class=&quot;atl-forced-newline&quot; /&gt;
&lt;br class=&quot;atl-forced-newline&quot; /&gt;&lt;/p&gt;
&lt;div class=&apos;table-wrap&apos;&gt;
&lt;table class=&apos;confluenceTable&apos;&gt;&lt;tbody&gt;
&lt;tr&gt;
&lt;th class=&apos;confluenceTh&apos;&gt; Vote &lt;/th&gt;
&lt;th class=&apos;confluenceTh&apos;&gt; Subsystem &lt;/th&gt;
&lt;th class=&apos;confluenceTh&apos;&gt; Runtime &lt;/th&gt;
&lt;th class=&apos;confluenceTh&apos;&gt; Comment &lt;/th&gt;
&lt;/tr&gt;
&lt;tr&gt;
&lt;th class=&apos;confluenceTh&apos;&gt;&amp;nbsp;&lt;/th&gt;
&lt;th class=&apos;confluenceTh&apos;&gt;&amp;nbsp;&lt;/th&gt;
&lt;th class=&apos;confluenceTh&apos;&gt;&amp;nbsp;&lt;/th&gt;
&lt;th class=&apos;confluenceTh&apos;&gt; &lt;font color=&quot;brown&quot;&gt; Prechecks &lt;/font&gt; &lt;/th&gt;
&lt;/tr&gt;
&lt;tr&gt;
&lt;td class=&apos;confluenceTd&apos;&gt; &lt;font color=&quot;green&quot;&gt;+1&lt;/font&gt; &lt;/td&gt;
&lt;td class=&apos;confluenceTd&apos;&gt; &lt;font color=&quot;green&quot;&gt; @author &lt;/font&gt; &lt;/td&gt;
&lt;td class=&apos;confluenceTd&apos;&gt; &lt;font color=&quot;green&quot;&gt;  0m  0s&lt;/font&gt; &lt;/td&gt;
&lt;td class=&apos;confluenceTd&apos;&gt; &lt;font color=&quot;green&quot;&gt; The patch does not contain any @author tags. &lt;/font&gt; &lt;/td&gt;
&lt;/tr&gt;
&lt;tr&gt;
&lt;th class=&apos;confluenceTh&apos;&gt;&amp;nbsp;&lt;/th&gt;
&lt;th class=&apos;confluenceTh&apos;&gt;&amp;nbsp;&lt;/th&gt;
&lt;th class=&apos;confluenceTh&apos;&gt;&amp;nbsp;&lt;/th&gt;
&lt;th class=&apos;confluenceTh&apos;&gt; &lt;font color=&quot;brown&quot;&gt; master Compile Tests &lt;/font&gt; &lt;/th&gt;
&lt;/tr&gt;
&lt;tr&gt;
&lt;td class=&apos;confluenceTd&apos;&gt; &lt;font color=&quot;green&quot;&gt;+1&lt;/font&gt; &lt;/td&gt;
&lt;td class=&apos;confluenceTd&apos;&gt; &lt;font color=&quot;green&quot;&gt; mvninstall &lt;/font&gt; &lt;/td&gt;
&lt;td class=&apos;confluenceTd&apos;&gt; &lt;font color=&quot;green&quot;&gt;  8m  4s&lt;/font&gt; &lt;/td&gt;
&lt;td class=&apos;confluenceTd&apos;&gt; &lt;font color=&quot;green&quot;&gt; master passed &lt;/font&gt; &lt;/td&gt;
&lt;/tr&gt;
&lt;tr&gt;
&lt;td class=&apos;confluenceTd&apos;&gt; &lt;font color=&quot;green&quot;&gt;+1&lt;/font&gt; &lt;/td&gt;
&lt;td class=&apos;confluenceTd&apos;&gt; &lt;font color=&quot;green&quot;&gt; compile &lt;/font&gt; &lt;/td&gt;
&lt;td class=&apos;confluenceTd&apos;&gt; &lt;font color=&quot;green&quot;&gt;  0m 23s&lt;/font&gt; &lt;/td&gt;
&lt;td class=&apos;confluenceTd&apos;&gt; &lt;font color=&quot;green&quot;&gt; master passed &lt;/font&gt; &lt;/td&gt;
&lt;/tr&gt;
&lt;tr&gt;
&lt;td class=&apos;confluenceTd&apos;&gt; &lt;font color=&quot;green&quot;&gt;+1&lt;/font&gt; &lt;/td&gt;
&lt;td class=&apos;confluenceTd&apos;&gt; &lt;font color=&quot;green&quot;&gt; checkstyle &lt;/font&gt; &lt;/td&gt;
&lt;td class=&apos;confluenceTd&apos;&gt; &lt;font color=&quot;green&quot;&gt;  0m 20s&lt;/font&gt; &lt;/td&gt;
&lt;td class=&apos;confluenceTd&apos;&gt; &lt;font color=&quot;green&quot;&gt; master passed &lt;/font&gt; &lt;/td&gt;
&lt;/tr&gt;
&lt;tr&gt;
&lt;td class=&apos;confluenceTd&apos;&gt; &lt;font color=&quot;blue&quot;&gt;0&lt;/font&gt; &lt;/td&gt;
&lt;td class=&apos;confluenceTd&apos;&gt; &lt;font color=&quot;blue&quot;&gt; findbugs &lt;/font&gt; &lt;/td&gt;
&lt;td class=&apos;confluenceTd&apos;&gt; &lt;font color=&quot;blue&quot;&gt;  1m  8s&lt;/font&gt; &lt;/td&gt;
&lt;td class=&apos;confluenceTd&apos;&gt; &lt;font color=&quot;blue&quot;&gt; standalone-metastore/metastore-server in master has 181 extant Findbugs warnings. &lt;/font&gt; &lt;/td&gt;
&lt;/tr&gt;
&lt;tr&gt;
&lt;td class=&apos;confluenceTd&apos;&gt; &lt;font color=&quot;green&quot;&gt;+1&lt;/font&gt; &lt;/td&gt;
&lt;td class=&apos;confluenceTd&apos;&gt; &lt;font color=&quot;green&quot;&gt; javadoc &lt;/font&gt; &lt;/td&gt;
&lt;td class=&apos;confluenceTd&apos;&gt; &lt;font color=&quot;green&quot;&gt;  0m 19s&lt;/font&gt; &lt;/td&gt;
&lt;td class=&apos;confluenceTd&apos;&gt; &lt;font color=&quot;green&quot;&gt; master passed &lt;/font&gt; &lt;/td&gt;
&lt;/tr&gt;
&lt;tr&gt;
&lt;th class=&apos;confluenceTh&apos;&gt;&amp;nbsp;&lt;/th&gt;
&lt;th class=&apos;confluenceTh&apos;&gt;&amp;nbsp;&lt;/th&gt;
&lt;th class=&apos;confluenceTh&apos;&gt;&amp;nbsp;&lt;/th&gt;
&lt;th class=&apos;confluenceTh&apos;&gt; &lt;font color=&quot;brown&quot;&gt; Patch Compile Tests &lt;/font&gt; &lt;/th&gt;
&lt;/tr&gt;
&lt;tr&gt;
&lt;td class=&apos;confluenceTd&apos;&gt; &lt;font color=&quot;green&quot;&gt;+1&lt;/font&gt; &lt;/td&gt;
&lt;td class=&apos;confluenceTd&apos;&gt; &lt;font color=&quot;green&quot;&gt; mvninstall &lt;/font&gt; &lt;/td&gt;
&lt;td class=&apos;confluenceTd&apos;&gt; &lt;font color=&quot;green&quot;&gt;  0m 30s&lt;/font&gt; &lt;/td&gt;
&lt;td class=&apos;confluenceTd&apos;&gt; &lt;font color=&quot;green&quot;&gt; the patch passed &lt;/font&gt; &lt;/td&gt;
&lt;/tr&gt;
&lt;tr&gt;
&lt;td class=&apos;confluenceTd&apos;&gt; &lt;font color=&quot;green&quot;&gt;+1&lt;/font&gt; &lt;/td&gt;
&lt;td class=&apos;confluenceTd&apos;&gt; &lt;font color=&quot;green&quot;&gt; compile &lt;/font&gt; &lt;/td&gt;
&lt;td class=&apos;confluenceTd&apos;&gt; &lt;font color=&quot;green&quot;&gt;  0m 25s&lt;/font&gt; &lt;/td&gt;
&lt;td class=&apos;confluenceTd&apos;&gt; &lt;font color=&quot;green&quot;&gt; the patch passed &lt;/font&gt; &lt;/td&gt;
&lt;/tr&gt;
&lt;tr&gt;
&lt;td class=&apos;confluenceTd&apos;&gt; &lt;font color=&quot;green&quot;&gt;+1&lt;/font&gt; &lt;/td&gt;
&lt;td class=&apos;confluenceTd&apos;&gt; &lt;font color=&quot;green&quot;&gt; javac &lt;/font&gt; &lt;/td&gt;
&lt;td class=&apos;confluenceTd&apos;&gt; &lt;font color=&quot;green&quot;&gt;  0m 25s&lt;/font&gt; &lt;/td&gt;
&lt;td class=&apos;confluenceTd&apos;&gt; &lt;font color=&quot;green&quot;&gt; the patch passed &lt;/font&gt; &lt;/td&gt;
&lt;/tr&gt;
&lt;tr&gt;
&lt;td class=&apos;confluenceTd&apos;&gt; &lt;font color=&quot;green&quot;&gt;+1&lt;/font&gt; &lt;/td&gt;
&lt;td class=&apos;confluenceTd&apos;&gt; &lt;font color=&quot;green&quot;&gt; checkstyle &lt;/font&gt; &lt;/td&gt;
&lt;td class=&apos;confluenceTd&apos;&gt; &lt;font color=&quot;green&quot;&gt;  0m 20s&lt;/font&gt; &lt;/td&gt;
&lt;td class=&apos;confluenceTd&apos;&gt; &lt;font color=&quot;green&quot;&gt; the patch passed &lt;/font&gt; &lt;/td&gt;
&lt;/tr&gt;
&lt;tr&gt;
&lt;td class=&apos;confluenceTd&apos;&gt; &lt;font color=&quot;green&quot;&gt;+1&lt;/font&gt; &lt;/td&gt;
&lt;td class=&apos;confluenceTd&apos;&gt; &lt;font color=&quot;green&quot;&gt; whitespace &lt;/font&gt; &lt;/td&gt;
&lt;td class=&apos;confluenceTd&apos;&gt; &lt;font color=&quot;green&quot;&gt;  0m  0s&lt;/font&gt; &lt;/td&gt;
&lt;td class=&apos;confluenceTd&apos;&gt; &lt;font color=&quot;green&quot;&gt; The patch has no whitespace issues. &lt;/font&gt; &lt;/td&gt;
&lt;/tr&gt;
&lt;tr&gt;
&lt;td class=&apos;confluenceTd&apos;&gt; &lt;font color=&quot;green&quot;&gt;+1&lt;/font&gt; &lt;/td&gt;
&lt;td class=&apos;confluenceTd&apos;&gt; &lt;font color=&quot;green&quot;&gt; findbugs &lt;/font&gt; &lt;/td&gt;
&lt;td class=&apos;confluenceTd&apos;&gt; &lt;font color=&quot;green&quot;&gt;  1m 16s&lt;/font&gt; &lt;/td&gt;
&lt;td class=&apos;confluenceTd&apos;&gt; &lt;font color=&quot;green&quot;&gt; the patch passed &lt;/font&gt; &lt;/td&gt;
&lt;/tr&gt;
&lt;tr&gt;
&lt;td class=&apos;confluenceTd&apos;&gt; &lt;font color=&quot;green&quot;&gt;+1&lt;/font&gt; &lt;/td&gt;
&lt;td class=&apos;confluenceTd&apos;&gt; &lt;font color=&quot;green&quot;&gt; javadoc &lt;/font&gt; &lt;/td&gt;
&lt;td class=&apos;confluenceTd&apos;&gt; &lt;font color=&quot;green&quot;&gt;  0m 20s&lt;/font&gt; &lt;/td&gt;
&lt;td class=&apos;confluenceTd&apos;&gt; &lt;font color=&quot;green&quot;&gt; the patch passed &lt;/font&gt; &lt;/td&gt;
&lt;/tr&gt;
&lt;tr&gt;
&lt;th class=&apos;confluenceTh&apos;&gt;&amp;nbsp;&lt;/th&gt;
&lt;th class=&apos;confluenceTh&apos;&gt;&amp;nbsp;&lt;/th&gt;
&lt;th class=&apos;confluenceTh&apos;&gt;&amp;nbsp;&lt;/th&gt;
&lt;th class=&apos;confluenceTh&apos;&gt; &lt;font color=&quot;brown&quot;&gt; Other Tests &lt;/font&gt; &lt;/th&gt;
&lt;/tr&gt;
&lt;tr&gt;
&lt;td class=&apos;confluenceTd&apos;&gt; &lt;font color=&quot;green&quot;&gt;+1&lt;/font&gt; &lt;/td&gt;
&lt;td class=&apos;confluenceTd&apos;&gt; &lt;font color=&quot;green&quot;&gt; asflicense &lt;/font&gt; &lt;/td&gt;
&lt;td class=&apos;confluenceTd&apos;&gt; &lt;font color=&quot;green&quot;&gt;  0m 13s&lt;/font&gt; &lt;/td&gt;
&lt;td class=&apos;confluenceTd&apos;&gt; &lt;font color=&quot;green&quot;&gt; The patch does not generate ASF License warnings. &lt;/font&gt; &lt;/td&gt;
&lt;/tr&gt;
&lt;tr&gt;
&lt;td class=&apos;confluenceTd&apos;&gt; &lt;font color=&quot;black&quot;&gt;&lt;/font&gt; &lt;/td&gt;
&lt;td class=&apos;confluenceTd&apos;&gt; &lt;font color=&quot;black&quot;&gt; &lt;/font&gt; &lt;/td&gt;
&lt;td class=&apos;confluenceTd&apos;&gt; &lt;font color=&quot;black&quot;&gt; 13m 43s&lt;/font&gt; &lt;/td&gt;
&lt;td class=&apos;confluenceTd&apos;&gt; &lt;font color=&quot;black&quot;&gt; &lt;/font&gt; &lt;/td&gt;
&lt;/tr&gt;
&lt;/tbody&gt;&lt;/table&gt;
&lt;/div&gt;

&lt;p&gt;&lt;br class=&quot;atl-forced-newline&quot; /&gt;
&lt;br class=&quot;atl-forced-newline&quot; /&gt;&lt;/p&gt;
&lt;div class=&apos;table-wrap&apos;&gt;
&lt;table class=&apos;confluenceTable&apos;&gt;&lt;tbody&gt;
&lt;tr&gt;
&lt;th class=&apos;confluenceTh&apos;&gt; Subsystem &lt;/th&gt;
&lt;th class=&apos;confluenceTh&apos;&gt; Report/Notes &lt;/th&gt;
&lt;/tr&gt;
&lt;tr&gt;
&lt;td class=&apos;confluenceTd&apos;&gt; Optional Tests &lt;/td&gt;
&lt;td class=&apos;confluenceTd&apos;&gt;  asflicense  javac  javadoc  findbugs  checkstyle  compile  &lt;/td&gt;
&lt;/tr&gt;
&lt;tr&gt;
&lt;td class=&apos;confluenceTd&apos;&gt; uname &lt;/td&gt;
&lt;td class=&apos;confluenceTd&apos;&gt; Linux hiveptest-server-upstream 3.16.0-4-amd64 #1 SMP Debian 3.16.43-2+deb8u5 (2017-09-19) x86_64 GNU/Linux &lt;/td&gt;
&lt;/tr&gt;
&lt;tr&gt;
&lt;td class=&apos;confluenceTd&apos;&gt; Build tool &lt;/td&gt;
&lt;td class=&apos;confluenceTd&apos;&gt; maven &lt;/td&gt;
&lt;/tr&gt;
&lt;tr&gt;
&lt;td class=&apos;confluenceTd&apos;&gt; Personality &lt;/td&gt;
&lt;td class=&apos;confluenceTd&apos;&gt; /data/hiveptest/working/yetus_PreCommit-HIVE-Build-18438/dev-support/hive-personality.sh &lt;/td&gt;
&lt;/tr&gt;
&lt;tr&gt;
&lt;td class=&apos;confluenceTd&apos;&gt; git revision &lt;/td&gt;
&lt;td class=&apos;confluenceTd&apos;&gt; master / ebcc9bc &lt;/td&gt;
&lt;/tr&gt;
&lt;tr&gt;
&lt;td class=&apos;confluenceTd&apos;&gt; Default Java &lt;/td&gt;
&lt;td class=&apos;confluenceTd&apos;&gt; 1.8.0_111 &lt;/td&gt;
&lt;/tr&gt;
&lt;tr&gt;
&lt;td class=&apos;confluenceTd&apos;&gt; findbugs &lt;/td&gt;
&lt;td class=&apos;confluenceTd&apos;&gt; v3.0.0 &lt;/td&gt;
&lt;/tr&gt;
&lt;tr&gt;
&lt;td class=&apos;confluenceTd&apos;&gt; modules &lt;/td&gt;
&lt;td class=&apos;confluenceTd&apos;&gt; C: standalone-metastore/metastore-server U: standalone-metastore/metastore-server &lt;/td&gt;
&lt;/tr&gt;
&lt;tr&gt;
&lt;td class=&apos;confluenceTd&apos;&gt; Console output &lt;/td&gt;
&lt;td class=&apos;confluenceTd&apos;&gt; &lt;a href=&quot;http://104.198.109.242/logs//PreCommit-HIVE-Build-18438/yetus.txt&quot; class=&quot;external-link&quot; target=&quot;_blank&quot; rel=&quot;nofollow noopener&quot;&gt;http://104.198.109.242/logs//PreCommit-HIVE-Build-18438/yetus.txt&lt;/a&gt; &lt;/td&gt;
&lt;/tr&gt;
&lt;tr&gt;
&lt;td class=&apos;confluenceTd&apos;&gt; Powered by &lt;/td&gt;
&lt;td class=&apos;confluenceTd&apos;&gt; Apache Yetus    &lt;a href=&quot;http://yetus.apache.org&quot; class=&quot;external-link&quot; target=&quot;_blank&quot; rel=&quot;nofollow noopener&quot;&gt;http://yetus.apache.org&lt;/a&gt; &lt;/td&gt;
&lt;/tr&gt;
&lt;/tbody&gt;&lt;/table&gt;
&lt;/div&gt;



&lt;p&gt;This message was automatically generated.&lt;/p&gt;
</comment>
                            <comment id="16922917" author="hiveqa" created="Wed, 4 Sep 2019 22:46:28 +0000"  >

&lt;p&gt;Here are the results of testing the latest attachment:&lt;br/&gt;
&lt;a href=&quot;https://issues.apache.org/jira/secure/attachment/12979155/HIVE-22149.01.patch&quot; class=&quot;external-link&quot; rel=&quot;nofollow&quot;&gt;https://issues.apache.org/jira/secure/attachment/12979155/HIVE-22149.01.patch&lt;/a&gt;&lt;/p&gt;

&lt;p&gt;&lt;font color=&quot;green&quot;&gt;SUCCESS:&lt;/font&gt; +1 due to 1 test(s) being added or modified.&lt;/p&gt;

&lt;p&gt;&lt;font color=&quot;red&quot;&gt;ERROR:&lt;/font&gt; -1 due to 192 failed/errored test(s), 15052 tests executed&lt;br/&gt;
&lt;b&gt;Failed tests:&lt;/b&gt;&lt;/p&gt;
&lt;div class=&quot;preformatted panel&quot; style=&quot;border-width: 1px;&quot;&gt;&lt;div class=&quot;preformattedContent panelContent&quot;&gt;
&lt;pre&gt;TestAddPartitions - did not produce a TEST-*.xml file (likely timed out) (batchId=223)
TestAlterTableMetadata - did not produce a TEST-*.xml file (likely timed out) (batchId=274)
TestAuthorizationPreEventListener - did not produce a TEST-*.xml file (likely timed out) (batchId=276)
TestAuthzApiEmbedAuthorizerInRemote - did not produce a TEST-*.xml file (likely timed out) (batchId=246)
TestBeelineConnectionUsingHiveSite - did not produce a TEST-*.xml file (likely timed out) (batchId=277)
TestBeelineWithUserHs2ConnectionFile - did not produce a TEST-*.xml file (likely timed out) (batchId=277)
TestCachedStore - did not produce a TEST-*.xml file (likely timed out) (batchId=233)
TestCatalogCaching - did not produce a TEST-*.xml file (likely timed out) (batchId=233)
TestCatalogNonDefaultClient - did not produce a TEST-*.xml file (likely timed out) (batchId=223)
TestCatalogOldClient - did not produce a TEST-*.xml file (likely timed out) (batchId=223)
TestCheckConstraint - did not produce a TEST-*.xml file (likely timed out) (batchId=223)
TestClientSideAuthorizationProvider - did not produce a TEST-*.xml file (likely timed out) (batchId=277)
TestCommands - did not produce a TEST-*.xml file (likely timed out) (batchId=207)
TestCopyUtils - did not produce a TEST-*.xml file (likely timed out) (batchId=274)
TestCreateUdfEntities - did not produce a TEST-*.xml file (likely timed out) (batchId=246)
TestDDLWithRemoteMetastoreSecondNamenode - did not produce a TEST-*.xml file (likely timed out) (batchId=246)
TestDFSErrorHandling - did not produce a TEST-*.xml file (likely timed out) (batchId=281)
TestDataSourceProviderFactory - did not produce a TEST-*.xml file (likely timed out) (batchId=233)
TestDeadline - did not produce a TEST-*.xml file (likely timed out) (batchId=233)
TestDropPartitions - did not produce a TEST-*.xml file (likely timed out) (batchId=223)
TestEximReplicationTasks - did not produce a TEST-*.xml file (likely timed out) (batchId=207)
TestExportImport - did not produce a TEST-*.xml file (likely timed out) (batchId=274)
TestFilterHooks - did not produce a TEST-*.xml file (likely timed out) (batchId=223)
TestFunctions - did not produce a TEST-*.xml file (likely timed out) (batchId=223)
TestGetPartitionsUsingProjectionAndFilterSpecs - did not produce a TEST-*.xml file (likely timed out) (batchId=225)
TestGetTableMeta - did not produce a TEST-*.xml file (likely timed out) (batchId=223)
TestHCatClient - did not produce a TEST-*.xml file (likely timed out) (batchId=207)
TestHDFSPermissionPolicyProvider - did not produce a TEST-*.xml file (likely timed out) (batchId=277)
TestHS2ImpersonationWithRemoteMS - did not produce a TEST-*.xml file (likely timed out) (batchId=281)
TestHiveAlterHandler - did not produce a TEST-*.xml file (likely timed out) (batchId=223)
TestHiveAuthFactory - did not produce a TEST-*.xml file (likely timed out) (batchId=298)
TestHiveAuthorizerCheckInvocation - did not produce a TEST-*.xml file (likely timed out) (batchId=277)
TestHiveAuthorizerShowFilters - did not produce a TEST-*.xml file (likely timed out) (batchId=277)
TestHiveHistory - did not produce a TEST-*.xml file (likely timed out) (batchId=277)
TestHiveMetaStoreAlterColumnPar - did not produce a TEST-*.xml file (likely timed out) (batchId=246)
TestHiveMetaStoreGetMetaConf - did not produce a TEST-*.xml file (likely timed out) (batchId=233)
TestHiveMetaStorePartitionSpecs - did not produce a TEST-*.xml file (likely timed out) (batchId=225)
TestHiveMetaStoreSchemaMethods - did not produce a TEST-*.xml file (likely timed out) (batchId=233)
TestHiveMetaStoreTimeout - did not produce a TEST-*.xml file (likely timed out) (batchId=233)
TestHiveMetaStoreTxns - did not produce a TEST-*.xml file (likely timed out) (batchId=233)
TestHiveMetastoreCli - did not produce a TEST-*.xml file (likely timed out) (batchId=223)
TestHiveProtoEventsCleanerTask - did not produce a TEST-*.xml file (likely timed out) (batchId=246)
TestHiveRemote - did not produce a TEST-*.xml file (likely timed out) (batchId=331)
TestHs2Hooks - did not produce a TEST-*.xml file (likely timed out) (batchId=246)
TestHs2HooksWithMiniKdc - did not produce a TEST-*.xml file (likely timed out) (batchId=298)
TestJdbcGenericUDTFGetSplits - did not produce a TEST-*.xml file (likely timed out) (batchId=281)
TestJdbcNonKrbSASLWithMiniKdc - did not produce a TEST-*.xml file (likely timed out) (batchId=298)
TestJdbcWithDBTokenStore - did not produce a TEST-*.xml file (likely timed out) (batchId=298)
TestJdbcWithDBTokenStoreNoDoAs - did not produce a TEST-*.xml file (likely timed out) (batchId=298)
TestJdbcWithMiniHS2 - did not produce a TEST-*.xml file (likely timed out) (batchId=284)
TestJdbcWithMiniKdc - did not produce a TEST-*.xml file (likely timed out) (batchId=298)
TestJdbcWithMiniKdcCookie - did not produce a TEST-*.xml file (likely timed out) (batchId=298)
TestJdbcWithMiniKdcSQLAuthHttp - did not produce a TEST-*.xml file (likely timed out) (batchId=298)
TestJdbcWithMiniLlapRow - did not produce a TEST-*.xml file (likely timed out) (batchId=281)
TestJdbcWithMiniLlapVectorArrow - did not produce a TEST-*.xml file (likely timed out) (batchId=284)
TestListPartitions - did not produce a TEST-*.xml file (likely timed out) (batchId=223)
TestLockRequestBuilder - did not produce a TEST-*.xml file (likely timed out) (batchId=223)
TestMarkPartition - did not produce a TEST-*.xml file (likely timed out) (batchId=233)
TestMarkPartitionRemote - did not produce a TEST-*.xml file (likely timed out) (batchId=233)
TestMetaStoreEventListener - did not produce a TEST-*.xml file (likely timed out) (batchId=230)
TestMetaStoreEventListenerInRepl - did not produce a TEST-*.xml file (likely timed out) (batchId=274)
TestMetaStoreEventListenerOnlyOnCommit - did not produce a TEST-*.xml file (likely timed out) (batchId=233)
TestMetaStoreEventListenerWithOldConf - did not produce a TEST-*.xml file (likely timed out) (batchId=233)
TestMetaStoreInitListener - did not produce a TEST-*.xml file (likely timed out) (batchId=233)
TestMetaStoreLimitPartitionRequest - did not produce a TEST-*.xml file (likely timed out) (batchId=246)
TestMetaStoreListenersError - did not produce a TEST-*.xml file (likely timed out) (batchId=233)
TestMetaStoreSchemaInfo - did not produce a TEST-*.xml file (likely timed out) (batchId=233)
TestMetastoreAuthorizationProvider - did not produce a TEST-*.xml file (likely timed out) (batchId=275)
TestMetastoreConf - did not produce a TEST-*.xml file (likely timed out) (batchId=225)
TestMiniHiveKdc - did not produce a TEST-*.xml file (likely timed out) (batchId=298)
TestMultiAuthorizationPreEventListener - did not produce a TEST-*.xml file (likely timed out) (batchId=275)
TestNoopCommand - did not produce a TEST-*.xml file (likely timed out) (batchId=207)
TestObjectStore - did not produce a TEST-*.xml file (likely timed out) (batchId=233)
TestObjectStoreSchemaMethods - did not produce a TEST-*.xml file (likely timed out) (batchId=233)
TestOldSchema - did not produce a TEST-*.xml file (likely timed out) (batchId=233)
TestPartitionManagement - did not produce a TEST-*.xml file (likely timed out) (batchId=223)
TestPasswordWithCredentialProvider - did not produce a TEST-*.xml file (likely timed out) (batchId=290)
TestRawStoreProxy - did not produce a TEST-*.xml file (likely timed out) (batchId=223)
TestRemoteHiveMetaStoreZKBindHost - did not produce a TEST-*.xml file (likely timed out) (batchId=233)
TestReplAcidTablesBootstrapWithJsonMessage - did not produce a TEST-*.xml file (likely timed out) (batchId=251)
TestReplAcidTablesWithJsonMessage - did not produce a TEST-*.xml file (likely timed out) (batchId=268)
TestReplAcrossInstancesWithJsonMessageFormat - did not produce a TEST-*.xml file (likely timed out) (batchId=260)
TestReplScenariosWithStrictManaged - did not produce a TEST-*.xml file (likely timed out) (batchId=262)
TestReplTableMigrationWithJsonFormat - did not produce a TEST-*.xml file (likely timed out) (batchId=266)
TestReplicationOfHiveStreaming - did not produce a TEST-*.xml file (likely timed out) (batchId=248)
TestReplicationOnHDFSEncryptedZones - did not produce a TEST-*.xml file (likely timed out) (batchId=274)
TestReplicationScenarios - did not produce a TEST-*.xml file (likely timed out) (batchId=261)
TestReplicationScenariosAcidTables - did not produce a TEST-*.xml file (likely timed out) (batchId=270)
TestReplicationScenariosAcidTablesBootstrap - did not produce a TEST-*.xml file (likely timed out) (batchId=249)
TestReplicationScenariosAcrossInstances - did not produce a TEST-*.xml file (likely timed out) (batchId=264)
TestReplicationScenariosExternalTables - did not produce a TEST-*.xml file (likely timed out) (batchId=259)
TestReplicationScenariosIncrementalLoadAcidTables - did not produce a TEST-*.xml file (likely timed out) (batchId=271)
TestReplicationTask - did not produce a TEST-*.xml file (likely timed out) (batchId=207)
TestReplicationWithTableMigration - did not produce a TEST-*.xml file (likely timed out) (batchId=255)
TestReplicationWithTableMigrationEx - did not produce a TEST-*.xml file (likely timed out) (batchId=265)
TestRestrictedList - did not produce a TEST-*.xml file (likely timed out) (batchId=284)
TestRuntimeStats - did not produce a TEST-*.xml file (likely timed out) (batchId=223)
TestSSL - did not produce a TEST-*.xml file (likely timed out) (batchId=282)
TestSSLWithMiniKdc - did not produce a TEST-*.xml file (likely timed out) (batchId=298)
TestSchedulerQueue - did not produce a TEST-*.xml file (likely timed out) (batchId=290)
TestSemanticAnalyzerHookLoading - did not produce a TEST-*.xml file (likely timed out) (batchId=274)
TestStatsReplicationScenarios - did not produce a TEST-*.xml file (likely timed out) (batchId=272)
TestStatsReplicationScenariosACID - did not produce a TEST-*.xml file (likely timed out) (batchId=253)
TestStatsReplicationScenariosACIDNoAutogather - did not produce a TEST-*.xml file (likely timed out) (batchId=254)
TestStatsReplicationScenariosMM - did not produce a TEST-*.xml file (likely timed out) (batchId=258)
TestStatsReplicationScenariosMMNoAutogather - did not produce a TEST-*.xml file (likely timed out) (batchId=250)
TestStatsReplicationScenariosMigration - did not produce a TEST-*.xml file (likely timed out) (batchId=257)
TestStatsReplicationScenariosMigrationNoAutogather - did not produce a TEST-*.xml file (likely timed out) (batchId=267)
TestStatsReplicationScenariosNoAutogather - did not produce a TEST-*.xml file (likely timed out) (batchId=269)
TestStorageBasedClientSideAuthorizationProvider - did not produce a TEST-*.xml file (likely timed out) (batchId=277)
TestStorageBasedMetastoreAuthorizationProvider - did not produce a TEST-*.xml file (likely timed out) (batchId=275)
TestStorageBasedMetastoreAuthorizationProviderWithACL - did not produce a TEST-*.xml file (likely timed out) (batchId=290)
TestTableIterable - did not produce a TEST-*.xml file (likely timed out) (batchId=233)
TestTableLevelReplicationScenarios - did not produce a TEST-*.xml file (likely timed out) (batchId=256)
TestTablesCreateDropAlterTruncate - did not produce a TEST-*.xml file (likely timed out) (batchId=223)
TestTablesList - did not produce a TEST-*.xml file (likely timed out) (batchId=223)
TestTriggersNoTezSessionPool - did not produce a TEST-*.xml file (likely timed out) (batchId=281)
TestTriggersTezSessionPoolManager - did not produce a TEST-*.xml file (likely timed out) (batchId=284)
TestTxnHandlerNegative - did not produce a TEST-*.xml file (likely timed out) (batchId=223)
TestTxnUtils - did not produce a TEST-*.xml file (likely timed out) (batchId=223)
TestUniqueConstraint - did not produce a TEST-*.xml file (likely timed out) (batchId=223)
TestWarehouseExternalDir - did not produce a TEST-*.xml file (likely timed out) (batchId=274)
TestXSRFFilter - did not produce a TEST-*.xml file (likely timed out) (batchId=281)
org.apache.hadoop.hive.cli.TestMiniDruidKafkaCliDriver.testCliDriver[druidkafkamini_avro] (batchId=297)
org.apache.hadoop.hive.metastore.TestHiveMetaStoreWithEnvironmentContext.testEnvironmentContext (batchId=228)
org.apache.hadoop.hive.metastore.TestMetaStoreAuthorization.testMetaStoreAuthorization (batchId=243)
org.apache.hadoop.hive.metastore.TestMetaStoreEndFunctionListener.testEndFunctionListener (batchId=225)
org.apache.hadoop.hive.metastore.TestMetaStoreMetrics.testConnections (batchId=242)
org.apache.hadoop.hive.metastore.TestRemoteHiveMetaStoreIpAddress.testIpAddress (batchId=221)
org.apache.hadoop.hive.metastore.TestRemoteUGIHiveMetaStoreIpAddress.testIpAddress (batchId=231)
org.apache.hadoop.hive.metastore.TestRetryingHMSHandler.testRetryingHMSHandler (batchId=229)
org.apache.hadoop.hive.metastore.security.TestHadoopAuthBridge23.testSaslWithHiveMetaStore (batchId=290)
org.apache.hadoop.hive.ql.parse.TestReplWithJsonMessageFormat.testAuthForNotificationAPIs (batchId=252)
org.apache.hadoop.hive.ql.parse.TestReplWithJsonMessageFormat.testBasic (batchId=252)
org.apache.hadoop.hive.ql.parse.TestReplWithJsonMessageFormat.testBasicWithCM (batchId=252)
org.apache.hadoop.hive.ql.parse.TestReplWithJsonMessageFormat.testBootstrapLoadOnExistingDb (batchId=252)
org.apache.hadoop.hive.ql.parse.TestReplWithJsonMessageFormat.testBootstrapWithConcurrentDropPartition (batchId=252)
org.apache.hadoop.hive.ql.parse.TestReplWithJsonMessageFormat.testBootstrapWithConcurrentDropTable (batchId=252)
org.apache.hadoop.hive.ql.parse.TestReplWithJsonMessageFormat.testBootstrapWithConcurrentRename (batchId=252)
org.apache.hadoop.hive.ql.parse.TestReplWithJsonMessageFormat.testBootstrapWithDropPartitionedTable (batchId=252)
org.apache.hadoop.hive.ql.parse.TestReplWithJsonMessageFormat.testCMConflict (batchId=252)
org.apache.hadoop.hive.ql.parse.TestReplWithJsonMessageFormat.testConcatenatePartitionedTable (batchId=252)
org.apache.hadoop.hive.ql.parse.TestReplWithJsonMessageFormat.testConcatenateTable (batchId=252)
org.apache.hadoop.hive.ql.parse.TestReplWithJsonMessageFormat.testConstraints (batchId=252)
org.apache.hadoop.hive.ql.parse.TestReplWithJsonMessageFormat.testDatabaseAlters (batchId=252)
org.apache.hadoop.hive.ql.parse.TestReplWithJsonMessageFormat.testDeleteStagingDir (batchId=252)
org.apache.hadoop.hive.ql.parse.TestReplWithJsonMessageFormat.testDropPartitionEventWithPartitionOnTimestampColumn (batchId=252)
org.apache.hadoop.hive.ql.parse.TestReplWithJsonMessageFormat.testDrops (batchId=252)
org.apache.hadoop.hive.ql.parse.TestReplWithJsonMessageFormat.testDropsWithCM (batchId=252)
org.apache.hadoop.hive.ql.parse.TestReplWithJsonMessageFormat.testDumpLimit (batchId=252)
org.apache.hadoop.hive.ql.parse.TestReplWithJsonMessageFormat.testDumpNonReplDatabase (batchId=252)
org.apache.hadoop.hive.ql.parse.TestReplWithJsonMessageFormat.testDumpWithPartitionDirMissing (batchId=252)
org.apache.hadoop.hive.ql.parse.TestReplWithJsonMessageFormat.testDumpWithTableDirMissing (batchId=252)
org.apache.hadoop.hive.ql.parse.TestReplWithJsonMessageFormat.testEventFilters (batchId=252)
org.apache.hadoop.hive.ql.parse.TestReplWithJsonMessageFormat.testEventTypesForDynamicAddPartitionByInsert (batchId=252)
org.apache.hadoop.hive.ql.parse.TestReplWithJsonMessageFormat.testExchangePartition (batchId=252)
org.apache.hadoop.hive.ql.parse.TestReplWithJsonMessageFormat.testIdempotentMoveTaskForInsertFiles (batchId=252)
org.apache.hadoop.hive.ql.parse.TestReplWithJsonMessageFormat.testIncrementalAdds (batchId=252)
org.apache.hadoop.hive.ql.parse.TestReplWithJsonMessageFormat.testIncrementalInsertDropPartitionedTable (batchId=252)
org.apache.hadoop.hive.ql.parse.TestReplWithJsonMessageFormat.testIncrementalInsertDropUnpartitionedTable (batchId=252)
org.apache.hadoop.hive.ql.parse.TestReplWithJsonMessageFormat.testIncrementalInsertToPartition (batchId=252)
org.apache.hadoop.hive.ql.parse.TestReplWithJsonMessageFormat.testIncrementalInserts (batchId=252)
org.apache.hadoop.hive.ql.parse.TestReplWithJsonMessageFormat.testIncrementalLoad (batchId=252)
org.apache.hadoop.hive.ql.parse.TestReplWithJsonMessageFormat.testIncrementalLoadFailAndRetry (batchId=252)
org.apache.hadoop.hive.ql.parse.TestReplWithJsonMessageFormat.testIncrementalLoadWithVariableLengthEventId (batchId=252)
org.apache.hadoop.hive.ql.parse.TestReplWithJsonMessageFormat.testIncrementalRepeatEventOnExistingObject (batchId=252)
org.apache.hadoop.hive.ql.parse.TestReplWithJsonMessageFormat.testIncrementalRepeatEventOnMissingObject (batchId=252)
org.apache.hadoop.hive.ql.parse.TestReplWithJsonMessageFormat.testIncrementalReplWithEventsMissing (batchId=252)
org.apache.hadoop.hive.ql.parse.TestReplWithJsonMessageFormat.testInsertOverwriteOnPartitionedTableWithCM (batchId=252)
org.apache.hadoop.hive.ql.parse.TestReplWithJsonMessageFormat.testInsertOverwriteOnUnpartitionedTableWithCM (batchId=252)
org.apache.hadoop.hive.ql.parse.TestReplWithJsonMessageFormat.testInsertToMultiKeyPartition (batchId=252)
org.apache.hadoop.hive.ql.parse.TestReplWithJsonMessageFormat.testLoadCmPathMissing (batchId=252)
org.apache.hadoop.hive.ql.parse.TestReplWithJsonMessageFormat.testMoveOptimizationBootstrap (batchId=252)
org.apache.hadoop.hive.ql.parse.TestReplWithJsonMessageFormat.testMoveOptimizationIncremental (batchId=252)
org.apache.hadoop.hive.ql.parse.TestReplWithJsonMessageFormat.testRecycleFileDropTempTable (batchId=252)
org.apache.hadoop.hive.ql.parse.TestReplWithJsonMessageFormat.testRecycleFileNonReplDatabase (batchId=252)
org.apache.hadoop.hive.ql.parse.TestReplWithJsonMessageFormat.testRemoveStats (batchId=252)
org.apache.hadoop.hive.ql.parse.TestReplWithJsonMessageFormat.testRenamePartitionWithCM (batchId=252)
org.apache.hadoop.hive.ql.parse.TestReplWithJsonMessageFormat.testRenamePartitionedTableAcrossDatabases (batchId=252)
org.apache.hadoop.hive.ql.parse.TestReplWithJsonMessageFormat.testRenameTableAcrossDatabases (batchId=252)
org.apache.hadoop.hive.ql.parse.TestReplWithJsonMessageFormat.testRenameTableWithCM (batchId=252)
org.apache.hadoop.hive.ql.parse.TestReplWithJsonMessageFormat.testStatus (batchId=252)
org.apache.hadoop.hive.ql.parse.TestReplWithJsonMessageFormat.testTableAlters (batchId=252)
org.apache.hadoop.hive.ql.parse.TestReplWithJsonMessageFormat.testTaskCreationOptimization (batchId=252)
org.apache.hadoop.hive.ql.parse.TestReplWithJsonMessageFormat.testTruncatePartitionedTable (batchId=252)
org.apache.hadoop.hive.ql.parse.TestReplWithJsonMessageFormat.testTruncateTable (batchId=252)
org.apache.hadoop.hive.ql.parse.TestReplWithJsonMessageFormat.testTruncateWithCM (batchId=252)
org.apache.hadoop.hive.ql.parse.TestReplWithJsonMessageFormat.testViewsReplication (batchId=252)
org.apache.hadoop.hive.ql.parse.TestReplWithJsonMessageFormat.testWithStringPartitionSpecialChars (batchId=252)
org.apache.hive.hcatalog.cli.TestPermsGrp.testCustomPerms (batchId=212)
org.apache.hive.hcatalog.mapreduce.TestHCatMultiOutputFormat.org.apache.hive.hcatalog.mapreduce.TestHCatMultiOutputFormat (batchId=217)
org.apache.hive.hcatalog.mapreduce.TestHCatPartitionPublish.testPartitionPublish (batchId=212)
&lt;/pre&gt;
&lt;/div&gt;&lt;/div&gt;

&lt;p&gt;Test results: &lt;a href=&quot;https://builds.apache.org/job/PreCommit-HIVE-Build/18438/testReport&quot; class=&quot;external-link&quot; target=&quot;_blank&quot; rel=&quot;nofollow noopener&quot;&gt;https://builds.apache.org/job/PreCommit-HIVE-Build/18438/testReport&lt;/a&gt;&lt;br/&gt;
Console output: &lt;a href=&quot;https://builds.apache.org/job/PreCommit-HIVE-Build/18438/console&quot; class=&quot;external-link&quot; target=&quot;_blank&quot; rel=&quot;nofollow noopener&quot;&gt;https://builds.apache.org/job/PreCommit-HIVE-Build/18438/console&lt;/a&gt;&lt;br/&gt;
Test logs: &lt;a href=&quot;http://104.198.109.242/logs/PreCommit-HIVE-Build-18438/&quot; class=&quot;external-link&quot; target=&quot;_blank&quot; rel=&quot;nofollow noopener&quot;&gt;http://104.198.109.242/logs/PreCommit-HIVE-Build-18438/&lt;/a&gt;&lt;/p&gt;

&lt;p&gt;Messages:&lt;/p&gt;
&lt;div class=&quot;preformatted panel&quot; style=&quot;border-width: 1px;&quot;&gt;&lt;div class=&quot;preformattedContent panelContent&quot;&gt;
&lt;pre&gt;Executing org.apache.hive.ptest.execution.TestCheckPhase
Executing org.apache.hive.ptest.execution.PrepPhase
Executing org.apache.hive.ptest.execution.YetusPhase
Executing org.apache.hive.ptest.execution.ExecutionPhase
Executing org.apache.hive.ptest.execution.ReportingPhase
Tests exited with: TestsFailedException: 192 tests failed
&lt;/pre&gt;
&lt;/div&gt;&lt;/div&gt;

&lt;p&gt;This message is automatically generated.&lt;/p&gt;

&lt;p&gt;ATTACHMENT ID: 12979155 - PreCommit-HIVE-Build&lt;/p&gt;</comment>
                            <comment id="16922918" author="hiveqa" created="Wed, 4 Sep 2019 22:47:24 +0000"  >

&lt;p&gt;Here are the results of testing the latest attachment:&lt;br/&gt;
&lt;a href=&quot;https://issues.apache.org/jira/secure/attachment/12979155/HIVE-22149.01.patch&quot; class=&quot;external-link&quot; rel=&quot;nofollow&quot;&gt;https://issues.apache.org/jira/secure/attachment/12979155/HIVE-22149.01.patch&lt;/a&gt;&lt;/p&gt;

&lt;p&gt;&lt;font color=&quot;red&quot;&gt;ERROR:&lt;/font&gt; -1 due to build exiting with an error&lt;/p&gt;

&lt;p&gt;Test results: &lt;a href=&quot;https://builds.apache.org/job/PreCommit-HIVE-Build/18439/testReport&quot; class=&quot;external-link&quot; target=&quot;_blank&quot; rel=&quot;nofollow noopener&quot;&gt;https://builds.apache.org/job/PreCommit-HIVE-Build/18439/testReport&lt;/a&gt;&lt;br/&gt;
Console output: &lt;a href=&quot;https://builds.apache.org/job/PreCommit-HIVE-Build/18439/console&quot; class=&quot;external-link&quot; target=&quot;_blank&quot; rel=&quot;nofollow noopener&quot;&gt;https://builds.apache.org/job/PreCommit-HIVE-Build/18439/console&lt;/a&gt;&lt;br/&gt;
Test logs: &lt;a href=&quot;http://104.198.109.242/logs/PreCommit-HIVE-Build-18439/&quot; class=&quot;external-link&quot; target=&quot;_blank&quot; rel=&quot;nofollow noopener&quot;&gt;http://104.198.109.242/logs/PreCommit-HIVE-Build-18439/&lt;/a&gt;&lt;/p&gt;

&lt;p&gt;Messages:&lt;/p&gt;
&lt;div class=&quot;preformatted panel&quot; style=&quot;border-width: 1px;&quot;&gt;&lt;div class=&quot;preformattedContent panelContent&quot;&gt;
&lt;pre&gt;Executing org.apache.hive.ptest.execution.TestCheckPhase
Tests exited with: Exception: Patch URL https://issues.apache.org/jira/secure/attachment/12979155/HIVE-22149.01.patch was found in seen patch url&apos;s cache and a test was probably run already on it. Aborting...
&lt;/pre&gt;
&lt;/div&gt;&lt;/div&gt;

&lt;p&gt;This message is automatically generated.&lt;/p&gt;

&lt;p&gt;ATTACHMENT ID: 12979155 - PreCommit-HIVE-Build&lt;/p&gt;</comment>
                            <comment id="16923114" author="abstractdog" created="Thu, 5 Sep 2019 07:10:39 +0000"  >&lt;p&gt;unfortunately, adding this to metastore common would not add any value, as probably this logic is used only at metastore metrics (once in the metastore codebase)&lt;/p&gt;</comment>
                            <comment id="16923620" author="hiveqa" created="Thu, 5 Sep 2019 17:06:25 +0000"  >&lt;div class=&apos;table-wrap&apos;&gt;
&lt;table class=&apos;confluenceTable&apos;&gt;&lt;tbody&gt;
&lt;tr&gt;
&lt;td class=&apos;confluenceTd&apos;&gt; &lt;img class=&quot;emoticon&quot; src=&quot;https://issues.apache.org/jira/images/icons/emoticons/check.png&quot; height=&quot;16&quot; width=&quot;16&quot; align=&quot;absmiddle&quot; alt=&quot;&quot; border=&quot;0&quot;/&gt; &lt;b&gt;&lt;font color=&quot;green&quot;&gt;+1 overall&lt;/font&gt;&lt;/b&gt; &lt;/td&gt;
&lt;/tr&gt;
&lt;/tbody&gt;&lt;/table&gt;
&lt;/div&gt;

&lt;p&gt;&lt;br class=&quot;atl-forced-newline&quot; /&gt;
&lt;br class=&quot;atl-forced-newline&quot; /&gt;&lt;/p&gt;
&lt;div class=&apos;table-wrap&apos;&gt;
&lt;table class=&apos;confluenceTable&apos;&gt;&lt;tbody&gt;
&lt;tr&gt;
&lt;th class=&apos;confluenceTh&apos;&gt; Vote &lt;/th&gt;
&lt;th class=&apos;confluenceTh&apos;&gt; Subsystem &lt;/th&gt;
&lt;th class=&apos;confluenceTh&apos;&gt; Runtime &lt;/th&gt;
&lt;th class=&apos;confluenceTh&apos;&gt; Comment &lt;/th&gt;
&lt;/tr&gt;
&lt;tr&gt;
&lt;th class=&apos;confluenceTh&apos;&gt;&amp;nbsp;&lt;/th&gt;
&lt;th class=&apos;confluenceTh&apos;&gt;&amp;nbsp;&lt;/th&gt;
&lt;th class=&apos;confluenceTh&apos;&gt;&amp;nbsp;&lt;/th&gt;
&lt;th class=&apos;confluenceTh&apos;&gt; &lt;font color=&quot;brown&quot;&gt; Prechecks &lt;/font&gt; &lt;/th&gt;
&lt;/tr&gt;
&lt;tr&gt;
&lt;td class=&apos;confluenceTd&apos;&gt; &lt;font color=&quot;green&quot;&gt;+1&lt;/font&gt; &lt;/td&gt;
&lt;td class=&apos;confluenceTd&apos;&gt; &lt;font color=&quot;green&quot;&gt; @author &lt;/font&gt; &lt;/td&gt;
&lt;td class=&apos;confluenceTd&apos;&gt; &lt;font color=&quot;green&quot;&gt;  0m  0s&lt;/font&gt; &lt;/td&gt;
&lt;td class=&apos;confluenceTd&apos;&gt; &lt;font color=&quot;green&quot;&gt; The patch does not contain any @author tags. &lt;/font&gt; &lt;/td&gt;
&lt;/tr&gt;
&lt;tr&gt;
&lt;th class=&apos;confluenceTh&apos;&gt;&amp;nbsp;&lt;/th&gt;
&lt;th class=&apos;confluenceTh&apos;&gt;&amp;nbsp;&lt;/th&gt;
&lt;th class=&apos;confluenceTh&apos;&gt;&amp;nbsp;&lt;/th&gt;
&lt;th class=&apos;confluenceTh&apos;&gt; &lt;font color=&quot;brown&quot;&gt; master Compile Tests &lt;/font&gt; &lt;/th&gt;
&lt;/tr&gt;
&lt;tr&gt;
&lt;td class=&apos;confluenceTd&apos;&gt; &lt;font color=&quot;green&quot;&gt;+1&lt;/font&gt; &lt;/td&gt;
&lt;td class=&apos;confluenceTd&apos;&gt; &lt;font color=&quot;green&quot;&gt; mvninstall &lt;/font&gt; &lt;/td&gt;
&lt;td class=&apos;confluenceTd&apos;&gt; &lt;font color=&quot;green&quot;&gt;  9m  8s&lt;/font&gt; &lt;/td&gt;
&lt;td class=&apos;confluenceTd&apos;&gt; &lt;font color=&quot;green&quot;&gt; master passed &lt;/font&gt; &lt;/td&gt;
&lt;/tr&gt;
&lt;tr&gt;
&lt;td class=&apos;confluenceTd&apos;&gt; &lt;font color=&quot;green&quot;&gt;+1&lt;/font&gt; &lt;/td&gt;
&lt;td class=&apos;confluenceTd&apos;&gt; &lt;font color=&quot;green&quot;&gt; compile &lt;/font&gt; &lt;/td&gt;
&lt;td class=&apos;confluenceTd&apos;&gt; &lt;font color=&quot;green&quot;&gt;  0m 26s&lt;/font&gt; &lt;/td&gt;
&lt;td class=&apos;confluenceTd&apos;&gt; &lt;font color=&quot;green&quot;&gt; master passed &lt;/font&gt; &lt;/td&gt;
&lt;/tr&gt;
&lt;tr&gt;
&lt;td class=&apos;confluenceTd&apos;&gt; &lt;font color=&quot;green&quot;&gt;+1&lt;/font&gt; &lt;/td&gt;
&lt;td class=&apos;confluenceTd&apos;&gt; &lt;font color=&quot;green&quot;&gt; checkstyle &lt;/font&gt; &lt;/td&gt;
&lt;td class=&apos;confluenceTd&apos;&gt; &lt;font color=&quot;green&quot;&gt;  0m 22s&lt;/font&gt; &lt;/td&gt;
&lt;td class=&apos;confluenceTd&apos;&gt; &lt;font color=&quot;green&quot;&gt; master passed &lt;/font&gt; &lt;/td&gt;
&lt;/tr&gt;
&lt;tr&gt;
&lt;td class=&apos;confluenceTd&apos;&gt; &lt;font color=&quot;blue&quot;&gt;0&lt;/font&gt; &lt;/td&gt;
&lt;td class=&apos;confluenceTd&apos;&gt; &lt;font color=&quot;blue&quot;&gt; findbugs &lt;/font&gt; &lt;/td&gt;
&lt;td class=&apos;confluenceTd&apos;&gt; &lt;font color=&quot;blue&quot;&gt;  1m 13s&lt;/font&gt; &lt;/td&gt;
&lt;td class=&apos;confluenceTd&apos;&gt; &lt;font color=&quot;blue&quot;&gt; standalone-metastore/metastore-server in master has 181 extant Findbugs warnings. &lt;/font&gt; &lt;/td&gt;
&lt;/tr&gt;
&lt;tr&gt;
&lt;td class=&apos;confluenceTd&apos;&gt; &lt;font color=&quot;green&quot;&gt;+1&lt;/font&gt; &lt;/td&gt;
&lt;td class=&apos;confluenceTd&apos;&gt; &lt;font color=&quot;green&quot;&gt; javadoc &lt;/font&gt; &lt;/td&gt;
&lt;td class=&apos;confluenceTd&apos;&gt; &lt;font color=&quot;green&quot;&gt;  0m 20s&lt;/font&gt; &lt;/td&gt;
&lt;td class=&apos;confluenceTd&apos;&gt; &lt;font color=&quot;green&quot;&gt; master passed &lt;/font&gt; &lt;/td&gt;
&lt;/tr&gt;
&lt;tr&gt;
&lt;th class=&apos;confluenceTh&apos;&gt;&amp;nbsp;&lt;/th&gt;
&lt;th class=&apos;confluenceTh&apos;&gt;&amp;nbsp;&lt;/th&gt;
&lt;th class=&apos;confluenceTh&apos;&gt;&amp;nbsp;&lt;/th&gt;
&lt;th class=&apos;confluenceTh&apos;&gt; &lt;font color=&quot;brown&quot;&gt; Patch Compile Tests &lt;/font&gt; &lt;/th&gt;
&lt;/tr&gt;
&lt;tr&gt;
&lt;td class=&apos;confluenceTd&apos;&gt; &lt;font color=&quot;green&quot;&gt;+1&lt;/font&gt; &lt;/td&gt;
&lt;td class=&apos;confluenceTd&apos;&gt; &lt;font color=&quot;green&quot;&gt; mvninstall &lt;/font&gt; &lt;/td&gt;
&lt;td class=&apos;confluenceTd&apos;&gt; &lt;font color=&quot;green&quot;&gt;  0m 29s&lt;/font&gt; &lt;/td&gt;
&lt;td class=&apos;confluenceTd&apos;&gt; &lt;font color=&quot;green&quot;&gt; the patch passed &lt;/font&gt; &lt;/td&gt;
&lt;/tr&gt;
&lt;tr&gt;
&lt;td class=&apos;confluenceTd&apos;&gt; &lt;font color=&quot;green&quot;&gt;+1&lt;/font&gt; &lt;/td&gt;
&lt;td class=&apos;confluenceTd&apos;&gt; &lt;font color=&quot;green&quot;&gt; compile &lt;/font&gt; &lt;/td&gt;
&lt;td class=&apos;confluenceTd&apos;&gt; &lt;font color=&quot;green&quot;&gt;  0m 26s&lt;/font&gt; &lt;/td&gt;
&lt;td class=&apos;confluenceTd&apos;&gt; &lt;font color=&quot;green&quot;&gt; the patch passed &lt;/font&gt; &lt;/td&gt;
&lt;/tr&gt;
&lt;tr&gt;
&lt;td class=&apos;confluenceTd&apos;&gt; &lt;font color=&quot;green&quot;&gt;+1&lt;/font&gt; &lt;/td&gt;
&lt;td class=&apos;confluenceTd&apos;&gt; &lt;font color=&quot;green&quot;&gt; javac &lt;/font&gt; &lt;/td&gt;
&lt;td class=&apos;confluenceTd&apos;&gt; &lt;font color=&quot;green&quot;&gt;  0m 26s&lt;/font&gt; &lt;/td&gt;
&lt;td class=&apos;confluenceTd&apos;&gt; &lt;font color=&quot;green&quot;&gt; the patch passed &lt;/font&gt; &lt;/td&gt;
&lt;/tr&gt;
&lt;tr&gt;
&lt;td class=&apos;confluenceTd&apos;&gt; &lt;font color=&quot;green&quot;&gt;+1&lt;/font&gt; &lt;/td&gt;
&lt;td class=&apos;confluenceTd&apos;&gt; &lt;font color=&quot;green&quot;&gt; checkstyle &lt;/font&gt; &lt;/td&gt;
&lt;td class=&apos;confluenceTd&apos;&gt; &lt;font color=&quot;green&quot;&gt;  0m 21s&lt;/font&gt; &lt;/td&gt;
&lt;td class=&apos;confluenceTd&apos;&gt; &lt;font color=&quot;green&quot;&gt; the patch passed &lt;/font&gt; &lt;/td&gt;
&lt;/tr&gt;
&lt;tr&gt;
&lt;td class=&apos;confluenceTd&apos;&gt; &lt;font color=&quot;green&quot;&gt;+1&lt;/font&gt; &lt;/td&gt;
&lt;td class=&apos;confluenceTd&apos;&gt; &lt;font color=&quot;green&quot;&gt; whitespace &lt;/font&gt; &lt;/td&gt;
&lt;td class=&apos;confluenceTd&apos;&gt; &lt;font color=&quot;green&quot;&gt;  0m  0s&lt;/font&gt; &lt;/td&gt;
&lt;td class=&apos;confluenceTd&apos;&gt; &lt;font color=&quot;green&quot;&gt; The patch has no whitespace issues. &lt;/font&gt; &lt;/td&gt;
&lt;/tr&gt;
&lt;tr&gt;
&lt;td class=&apos;confluenceTd&apos;&gt; &lt;font color=&quot;green&quot;&gt;+1&lt;/font&gt; &lt;/td&gt;
&lt;td class=&apos;confluenceTd&apos;&gt; &lt;font color=&quot;green&quot;&gt; findbugs &lt;/font&gt; &lt;/td&gt;
&lt;td class=&apos;confluenceTd&apos;&gt; &lt;font color=&quot;green&quot;&gt;  1m 16s&lt;/font&gt; &lt;/td&gt;
&lt;td class=&apos;confluenceTd&apos;&gt; &lt;font color=&quot;green&quot;&gt; the patch passed &lt;/font&gt; &lt;/td&gt;
&lt;/tr&gt;
&lt;tr&gt;
&lt;td class=&apos;confluenceTd&apos;&gt; &lt;font color=&quot;green&quot;&gt;+1&lt;/font&gt; &lt;/td&gt;
&lt;td class=&apos;confluenceTd&apos;&gt; &lt;font color=&quot;green&quot;&gt; javadoc &lt;/font&gt; &lt;/td&gt;
&lt;td class=&apos;confluenceTd&apos;&gt; &lt;font color=&quot;green&quot;&gt;  0m 19s&lt;/font&gt; &lt;/td&gt;
&lt;td class=&apos;confluenceTd&apos;&gt; &lt;font color=&quot;green&quot;&gt; the patch passed &lt;/font&gt; &lt;/td&gt;
&lt;/tr&gt;
&lt;tr&gt;
&lt;th class=&apos;confluenceTh&apos;&gt;&amp;nbsp;&lt;/th&gt;
&lt;th class=&apos;confluenceTh&apos;&gt;&amp;nbsp;&lt;/th&gt;
&lt;th class=&apos;confluenceTh&apos;&gt;&amp;nbsp;&lt;/th&gt;
&lt;th class=&apos;confluenceTh&apos;&gt; &lt;font color=&quot;brown&quot;&gt; Other Tests &lt;/font&gt; &lt;/th&gt;
&lt;/tr&gt;
&lt;tr&gt;
&lt;td class=&apos;confluenceTd&apos;&gt; &lt;font color=&quot;green&quot;&gt;+1&lt;/font&gt; &lt;/td&gt;
&lt;td class=&apos;confluenceTd&apos;&gt; &lt;font color=&quot;green&quot;&gt; asflicense &lt;/font&gt; &lt;/td&gt;
&lt;td class=&apos;confluenceTd&apos;&gt; &lt;font color=&quot;green&quot;&gt;  0m 14s&lt;/font&gt; &lt;/td&gt;
&lt;td class=&apos;confluenceTd&apos;&gt; &lt;font color=&quot;green&quot;&gt; The patch does not generate ASF License warnings. &lt;/font&gt; &lt;/td&gt;
&lt;/tr&gt;
&lt;tr&gt;
&lt;td class=&apos;confluenceTd&apos;&gt; &lt;font color=&quot;black&quot;&gt;&lt;/font&gt; &lt;/td&gt;
&lt;td class=&apos;confluenceTd&apos;&gt; &lt;font color=&quot;black&quot;&gt; &lt;/font&gt; &lt;/td&gt;
&lt;td class=&apos;confluenceTd&apos;&gt; &lt;font color=&quot;black&quot;&gt; 15m  3s&lt;/font&gt; &lt;/td&gt;
&lt;td class=&apos;confluenceTd&apos;&gt; &lt;font color=&quot;black&quot;&gt; &lt;/font&gt; &lt;/td&gt;
&lt;/tr&gt;
&lt;/tbody&gt;&lt;/table&gt;
&lt;/div&gt;

&lt;p&gt;&lt;br class=&quot;atl-forced-newline&quot; /&gt;
&lt;br class=&quot;atl-forced-newline&quot; /&gt;&lt;/p&gt;
&lt;div class=&apos;table-wrap&apos;&gt;
&lt;table class=&apos;confluenceTable&apos;&gt;&lt;tbody&gt;
&lt;tr&gt;
&lt;th class=&apos;confluenceTh&apos;&gt; Subsystem &lt;/th&gt;
&lt;th class=&apos;confluenceTh&apos;&gt; Report/Notes &lt;/th&gt;
&lt;/tr&gt;
&lt;tr&gt;
&lt;td class=&apos;confluenceTd&apos;&gt; Optional Tests &lt;/td&gt;
&lt;td class=&apos;confluenceTd&apos;&gt;  asflicense  javac  javadoc  findbugs  checkstyle  compile  &lt;/td&gt;
&lt;/tr&gt;
&lt;tr&gt;
&lt;td class=&apos;confluenceTd&apos;&gt; uname &lt;/td&gt;
&lt;td class=&apos;confluenceTd&apos;&gt; Linux hiveptest-server-upstream 3.16.0-4-amd64 #1 SMP Debian 3.16.43-2+deb8u5 (2017-09-19) x86_64 GNU/Linux &lt;/td&gt;
&lt;/tr&gt;
&lt;tr&gt;
&lt;td class=&apos;confluenceTd&apos;&gt; Build tool &lt;/td&gt;
&lt;td class=&apos;confluenceTd&apos;&gt; maven &lt;/td&gt;
&lt;/tr&gt;
&lt;tr&gt;
&lt;td class=&apos;confluenceTd&apos;&gt; Personality &lt;/td&gt;
&lt;td class=&apos;confluenceTd&apos;&gt; /data/hiveptest/working/yetus_PreCommit-HIVE-Build-18458/dev-support/hive-personality.sh &lt;/td&gt;
&lt;/tr&gt;
&lt;tr&gt;
&lt;td class=&apos;confluenceTd&apos;&gt; git revision &lt;/td&gt;
&lt;td class=&apos;confluenceTd&apos;&gt; master / 0213afb &lt;/td&gt;
&lt;/tr&gt;
&lt;tr&gt;
&lt;td class=&apos;confluenceTd&apos;&gt; Default Java &lt;/td&gt;
&lt;td class=&apos;confluenceTd&apos;&gt; 1.8.0_111 &lt;/td&gt;
&lt;/tr&gt;
&lt;tr&gt;
&lt;td class=&apos;confluenceTd&apos;&gt; findbugs &lt;/td&gt;
&lt;td class=&apos;confluenceTd&apos;&gt; v3.0.0 &lt;/td&gt;
&lt;/tr&gt;
&lt;tr&gt;
&lt;td class=&apos;confluenceTd&apos;&gt; modules &lt;/td&gt;
&lt;td class=&apos;confluenceTd&apos;&gt; C: standalone-metastore/metastore-server U: standalone-metastore/metastore-server &lt;/td&gt;
&lt;/tr&gt;
&lt;tr&gt;
&lt;td class=&apos;confluenceTd&apos;&gt; Console output &lt;/td&gt;
&lt;td class=&apos;confluenceTd&apos;&gt; &lt;a href=&quot;http://104.198.109.242/logs//PreCommit-HIVE-Build-18458/yetus.txt&quot; class=&quot;external-link&quot; target=&quot;_blank&quot; rel=&quot;nofollow noopener&quot;&gt;http://104.198.109.242/logs//PreCommit-HIVE-Build-18458/yetus.txt&lt;/a&gt; &lt;/td&gt;
&lt;/tr&gt;
&lt;tr&gt;
&lt;td class=&apos;confluenceTd&apos;&gt; Powered by &lt;/td&gt;
&lt;td class=&apos;confluenceTd&apos;&gt; Apache Yetus    &lt;a href=&quot;http://yetus.apache.org&quot; class=&quot;external-link&quot; target=&quot;_blank&quot; rel=&quot;nofollow noopener&quot;&gt;http://yetus.apache.org&lt;/a&gt; &lt;/td&gt;
&lt;/tr&gt;
&lt;/tbody&gt;&lt;/table&gt;
&lt;/div&gt;



&lt;p&gt;This message was automatically generated.&lt;/p&gt;
</comment>
                            <comment id="16923698" author="hiveqa" created="Thu, 5 Sep 2019 19:08:15 +0000"  >

&lt;p&gt;Here are the results of testing the latest attachment:&lt;br/&gt;
&lt;a href=&quot;https://issues.apache.org/jira/secure/attachment/12979523/HIVE-22149.01.patch&quot; class=&quot;external-link&quot; rel=&quot;nofollow&quot;&gt;https://issues.apache.org/jira/secure/attachment/12979523/HIVE-22149.01.patch&lt;/a&gt;&lt;/p&gt;

&lt;p&gt;&lt;font color=&quot;green&quot;&gt;SUCCESS:&lt;/font&gt; +1 due to 1 test(s) being added or modified.&lt;/p&gt;

&lt;p&gt;&lt;font color=&quot;red&quot;&gt;ERROR:&lt;/font&gt; -1 due to 192 failed/errored test(s), 15052 tests executed&lt;br/&gt;
&lt;b&gt;Failed tests:&lt;/b&gt;&lt;/p&gt;
&lt;div class=&quot;preformatted panel&quot; style=&quot;border-width: 1px;&quot;&gt;&lt;div class=&quot;preformattedContent panelContent&quot;&gt;
&lt;pre&gt;TestAddPartitions - did not produce a TEST-*.xml file (likely timed out) (batchId=223)
TestAlterTableMetadata - did not produce a TEST-*.xml file (likely timed out) (batchId=274)
TestAuthorizationPreEventListener - did not produce a TEST-*.xml file (likely timed out) (batchId=276)
TestAuthzApiEmbedAuthorizerInRemote - did not produce a TEST-*.xml file (likely timed out) (batchId=246)
TestBeelineConnectionUsingHiveSite - did not produce a TEST-*.xml file (likely timed out) (batchId=277)
TestBeelineWithUserHs2ConnectionFile - did not produce a TEST-*.xml file (likely timed out) (batchId=277)
TestCachedStore - did not produce a TEST-*.xml file (likely timed out) (batchId=233)
TestCatalogCaching - did not produce a TEST-*.xml file (likely timed out) (batchId=233)
TestCatalogNonDefaultClient - did not produce a TEST-*.xml file (likely timed out) (batchId=223)
TestCatalogOldClient - did not produce a TEST-*.xml file (likely timed out) (batchId=223)
TestCheckConstraint - did not produce a TEST-*.xml file (likely timed out) (batchId=223)
TestClientSideAuthorizationProvider - did not produce a TEST-*.xml file (likely timed out) (batchId=277)
TestCommands - did not produce a TEST-*.xml file (likely timed out) (batchId=207)
TestCopyUtils - did not produce a TEST-*.xml file (likely timed out) (batchId=274)
TestCreateUdfEntities - did not produce a TEST-*.xml file (likely timed out) (batchId=246)
TestDDLWithRemoteMetastoreSecondNamenode - did not produce a TEST-*.xml file (likely timed out) (batchId=246)
TestDFSErrorHandling - did not produce a TEST-*.xml file (likely timed out) (batchId=281)
TestDataSourceProviderFactory - did not produce a TEST-*.xml file (likely timed out) (batchId=233)
TestDeadline - did not produce a TEST-*.xml file (likely timed out) (batchId=233)
TestDropPartitions - did not produce a TEST-*.xml file (likely timed out) (batchId=223)
TestEximReplicationTasks - did not produce a TEST-*.xml file (likely timed out) (batchId=207)
TestExportImport - did not produce a TEST-*.xml file (likely timed out) (batchId=274)
TestFilterHooks - did not produce a TEST-*.xml file (likely timed out) (batchId=223)
TestFunctions - did not produce a TEST-*.xml file (likely timed out) (batchId=223)
TestGetPartitionsUsingProjectionAndFilterSpecs - did not produce a TEST-*.xml file (likely timed out) (batchId=225)
TestGetTableMeta - did not produce a TEST-*.xml file (likely timed out) (batchId=223)
TestHCatClient - did not produce a TEST-*.xml file (likely timed out) (batchId=207)
TestHDFSPermissionPolicyProvider - did not produce a TEST-*.xml file (likely timed out) (batchId=277)
TestHS2ImpersonationWithRemoteMS - did not produce a TEST-*.xml file (likely timed out) (batchId=281)
TestHiveAlterHandler - did not produce a TEST-*.xml file (likely timed out) (batchId=223)
TestHiveAuthFactory - did not produce a TEST-*.xml file (likely timed out) (batchId=298)
TestHiveAuthorizerCheckInvocation - did not produce a TEST-*.xml file (likely timed out) (batchId=277)
TestHiveAuthorizerShowFilters - did not produce a TEST-*.xml file (likely timed out) (batchId=277)
TestHiveHistory - did not produce a TEST-*.xml file (likely timed out) (batchId=277)
TestHiveMetaStoreAlterColumnPar - did not produce a TEST-*.xml file (likely timed out) (batchId=246)
TestHiveMetaStoreGetMetaConf - did not produce a TEST-*.xml file (likely timed out) (batchId=233)
TestHiveMetaStorePartitionSpecs - did not produce a TEST-*.xml file (likely timed out) (batchId=225)
TestHiveMetaStoreSchemaMethods - did not produce a TEST-*.xml file (likely timed out) (batchId=233)
TestHiveMetaStoreTimeout - did not produce a TEST-*.xml file (likely timed out) (batchId=233)
TestHiveMetaStoreTxns - did not produce a TEST-*.xml file (likely timed out) (batchId=233)
TestHiveMetastoreCli - did not produce a TEST-*.xml file (likely timed out) (batchId=223)
TestHiveProtoEventsCleanerTask - did not produce a TEST-*.xml file (likely timed out) (batchId=246)
TestHiveRemote - did not produce a TEST-*.xml file (likely timed out) (batchId=331)
TestHs2Hooks - did not produce a TEST-*.xml file (likely timed out) (batchId=246)
TestHs2HooksWithMiniKdc - did not produce a TEST-*.xml file (likely timed out) (batchId=298)
TestJdbcGenericUDTFGetSplits - did not produce a TEST-*.xml file (likely timed out) (batchId=281)
TestJdbcNonKrbSASLWithMiniKdc - did not produce a TEST-*.xml file (likely timed out) (batchId=298)
TestJdbcWithDBTokenStore - did not produce a TEST-*.xml file (likely timed out) (batchId=298)
TestJdbcWithDBTokenStoreNoDoAs - did not produce a TEST-*.xml file (likely timed out) (batchId=298)
TestJdbcWithMiniHS2 - did not produce a TEST-*.xml file (likely timed out) (batchId=284)
TestJdbcWithMiniKdc - did not produce a TEST-*.xml file (likely timed out) (batchId=298)
TestJdbcWithMiniKdcCookie - did not produce a TEST-*.xml file (likely timed out) (batchId=298)
TestJdbcWithMiniKdcSQLAuthHttp - did not produce a TEST-*.xml file (likely timed out) (batchId=298)
TestJdbcWithMiniLlapRow - did not produce a TEST-*.xml file (likely timed out) (batchId=281)
TestJdbcWithMiniLlapVectorArrow - did not produce a TEST-*.xml file (likely timed out) (batchId=284)
TestListPartitions - did not produce a TEST-*.xml file (likely timed out) (batchId=223)
TestLockRequestBuilder - did not produce a TEST-*.xml file (likely timed out) (batchId=223)
TestMarkPartition - did not produce a TEST-*.xml file (likely timed out) (batchId=233)
TestMarkPartitionRemote - did not produce a TEST-*.xml file (likely timed out) (batchId=233)
TestMetaStoreEventListener - did not produce a TEST-*.xml file (likely timed out) (batchId=230)
TestMetaStoreEventListenerInRepl - did not produce a TEST-*.xml file (likely timed out) (batchId=274)
TestMetaStoreEventListenerOnlyOnCommit - did not produce a TEST-*.xml file (likely timed out) (batchId=233)
TestMetaStoreEventListenerWithOldConf - did not produce a TEST-*.xml file (likely timed out) (batchId=233)
TestMetaStoreInitListener - did not produce a TEST-*.xml file (likely timed out) (batchId=233)
TestMetaStoreLimitPartitionRequest - did not produce a TEST-*.xml file (likely timed out) (batchId=246)
TestMetaStoreListenersError - did not produce a TEST-*.xml file (likely timed out) (batchId=233)
TestMetaStoreSchemaInfo - did not produce a TEST-*.xml file (likely timed out) (batchId=233)
TestMetastoreAuthorizationProvider - did not produce a TEST-*.xml file (likely timed out) (batchId=275)
TestMetastoreConf - did not produce a TEST-*.xml file (likely timed out) (batchId=225)
TestMiniHiveKdc - did not produce a TEST-*.xml file (likely timed out) (batchId=298)
TestMultiAuthorizationPreEventListener - did not produce a TEST-*.xml file (likely timed out) (batchId=275)
TestNoopCommand - did not produce a TEST-*.xml file (likely timed out) (batchId=207)
TestObjectStore - did not produce a TEST-*.xml file (likely timed out) (batchId=233)
TestObjectStoreSchemaMethods - did not produce a TEST-*.xml file (likely timed out) (batchId=233)
TestOldSchema - did not produce a TEST-*.xml file (likely timed out) (batchId=233)
TestPartitionManagement - did not produce a TEST-*.xml file (likely timed out) (batchId=223)
TestPasswordWithCredentialProvider - did not produce a TEST-*.xml file (likely timed out) (batchId=290)
TestRawStoreProxy - did not produce a TEST-*.xml file (likely timed out) (batchId=223)
TestRemoteHiveMetaStoreZKBindHost - did not produce a TEST-*.xml file (likely timed out) (batchId=233)
TestReplAcidTablesBootstrapWithJsonMessage - did not produce a TEST-*.xml file (likely timed out) (batchId=251)
TestReplAcidTablesWithJsonMessage - did not produce a TEST-*.xml file (likely timed out) (batchId=268)
TestReplAcrossInstancesWithJsonMessageFormat - did not produce a TEST-*.xml file (likely timed out) (batchId=260)
TestReplScenariosWithStrictManaged - did not produce a TEST-*.xml file (likely timed out) (batchId=262)
TestReplTableMigrationWithJsonFormat - did not produce a TEST-*.xml file (likely timed out) (batchId=266)
TestReplicationOfHiveStreaming - did not produce a TEST-*.xml file (likely timed out) (batchId=248)
TestReplicationOnHDFSEncryptedZones - did not produce a TEST-*.xml file (likely timed out) (batchId=274)
TestReplicationScenarios - did not produce a TEST-*.xml file (likely timed out) (batchId=261)
TestReplicationScenariosAcidTables - did not produce a TEST-*.xml file (likely timed out) (batchId=270)
TestReplicationScenariosAcidTablesBootstrap - did not produce a TEST-*.xml file (likely timed out) (batchId=249)
TestReplicationScenariosAcrossInstances - did not produce a TEST-*.xml file (likely timed out) (batchId=264)
TestReplicationScenariosExternalTables - did not produce a TEST-*.xml file (likely timed out) (batchId=259)
TestReplicationScenariosIncrementalLoadAcidTables - did not produce a TEST-*.xml file (likely timed out) (batchId=271)
TestReplicationTask - did not produce a TEST-*.xml file (likely timed out) (batchId=207)
TestReplicationWithTableMigration - did not produce a TEST-*.xml file (likely timed out) (batchId=255)
TestReplicationWithTableMigrationEx - did not produce a TEST-*.xml file (likely timed out) (batchId=265)
TestRestrictedList - did not produce a TEST-*.xml file (likely timed out) (batchId=284)
TestRuntimeStats - did not produce a TEST-*.xml file (likely timed out) (batchId=223)
TestSSL - did not produce a TEST-*.xml file (likely timed out) (batchId=282)
TestSSLWithMiniKdc - did not produce a TEST-*.xml file (likely timed out) (batchId=298)
TestSchedulerQueue - did not produce a TEST-*.xml file (likely timed out) (batchId=290)
TestSemanticAnalyzerHookLoading - did not produce a TEST-*.xml file (likely timed out) (batchId=274)
TestStatsReplicationScenarios - did not produce a TEST-*.xml file (likely timed out) (batchId=272)
TestStatsReplicationScenariosACID - did not produce a TEST-*.xml file (likely timed out) (batchId=253)
TestStatsReplicationScenariosACIDNoAutogather - did not produce a TEST-*.xml file (likely timed out) (batchId=254)
TestStatsReplicationScenariosMM - did not produce a TEST-*.xml file (likely timed out) (batchId=258)
TestStatsReplicationScenariosMMNoAutogather - did not produce a TEST-*.xml file (likely timed out) (batchId=250)
TestStatsReplicationScenariosMigration - did not produce a TEST-*.xml file (likely timed out) (batchId=257)
TestStatsReplicationScenariosMigrationNoAutogather - did not produce a TEST-*.xml file (likely timed out) (batchId=267)
TestStatsReplicationScenariosNoAutogather - did not produce a TEST-*.xml file (likely timed out) (batchId=269)
TestStorageBasedClientSideAuthorizationProvider - did not produce a TEST-*.xml file (likely timed out) (batchId=277)
TestStorageBasedMetastoreAuthorizationProvider - did not produce a TEST-*.xml file (likely timed out) (batchId=275)
TestStorageBasedMetastoreAuthorizationProviderWithACL - did not produce a TEST-*.xml file (likely timed out) (batchId=290)
TestTableIterable - did not produce a TEST-*.xml file (likely timed out) (batchId=233)
TestTableLevelReplicationScenarios - did not produce a TEST-*.xml file (likely timed out) (batchId=256)
TestTablesCreateDropAlterTruncate - did not produce a TEST-*.xml file (likely timed out) (batchId=223)
TestTablesList - did not produce a TEST-*.xml file (likely timed out) (batchId=223)
TestTriggersNoTezSessionPool - did not produce a TEST-*.xml file (likely timed out) (batchId=281)
TestTriggersTezSessionPoolManager - did not produce a TEST-*.xml file (likely timed out) (batchId=284)
TestTxnHandlerNegative - did not produce a TEST-*.xml file (likely timed out) (batchId=223)
TestTxnUtils - did not produce a TEST-*.xml file (likely timed out) (batchId=223)
TestUniqueConstraint - did not produce a TEST-*.xml file (likely timed out) (batchId=223)
TestWarehouseExternalDir - did not produce a TEST-*.xml file (likely timed out) (batchId=274)
TestXSRFFilter - did not produce a TEST-*.xml file (likely timed out) (batchId=281)
org.apache.hadoop.hive.llap.cache.TestBuddyAllocator.testMTT[2] (batchId=361)
org.apache.hadoop.hive.metastore.TestHiveMetaStoreWithEnvironmentContext.testEnvironmentContext (batchId=228)
org.apache.hadoop.hive.metastore.TestMetaStoreAuthorization.testMetaStoreAuthorization (batchId=243)
org.apache.hadoop.hive.metastore.TestMetaStoreEndFunctionListener.testEndFunctionListener (batchId=225)
org.apache.hadoop.hive.metastore.TestMetaStoreMetrics.testConnections (batchId=242)
org.apache.hadoop.hive.metastore.TestRemoteHiveMetaStoreIpAddress.testIpAddress (batchId=221)
org.apache.hadoop.hive.metastore.TestRemoteUGIHiveMetaStoreIpAddress.testIpAddress (batchId=231)
org.apache.hadoop.hive.metastore.TestRetryingHMSHandler.testRetryingHMSHandler (batchId=229)
org.apache.hadoop.hive.metastore.security.TestHadoopAuthBridge23.testSaslWithHiveMetaStore (batchId=290)
org.apache.hadoop.hive.ql.parse.TestReplWithJsonMessageFormat.testAuthForNotificationAPIs (batchId=252)
org.apache.hadoop.hive.ql.parse.TestReplWithJsonMessageFormat.testBasic (batchId=252)
org.apache.hadoop.hive.ql.parse.TestReplWithJsonMessageFormat.testBasicWithCM (batchId=252)
org.apache.hadoop.hive.ql.parse.TestReplWithJsonMessageFormat.testBootstrapLoadOnExistingDb (batchId=252)
org.apache.hadoop.hive.ql.parse.TestReplWithJsonMessageFormat.testBootstrapWithConcurrentDropPartition (batchId=252)
org.apache.hadoop.hive.ql.parse.TestReplWithJsonMessageFormat.testBootstrapWithConcurrentDropTable (batchId=252)
org.apache.hadoop.hive.ql.parse.TestReplWithJsonMessageFormat.testBootstrapWithConcurrentRename (batchId=252)
org.apache.hadoop.hive.ql.parse.TestReplWithJsonMessageFormat.testBootstrapWithDropPartitionedTable (batchId=252)
org.apache.hadoop.hive.ql.parse.TestReplWithJsonMessageFormat.testCMConflict (batchId=252)
org.apache.hadoop.hive.ql.parse.TestReplWithJsonMessageFormat.testConcatenatePartitionedTable (batchId=252)
org.apache.hadoop.hive.ql.parse.TestReplWithJsonMessageFormat.testConcatenateTable (batchId=252)
org.apache.hadoop.hive.ql.parse.TestReplWithJsonMessageFormat.testConstraints (batchId=252)
org.apache.hadoop.hive.ql.parse.TestReplWithJsonMessageFormat.testDatabaseAlters (batchId=252)
org.apache.hadoop.hive.ql.parse.TestReplWithJsonMessageFormat.testDeleteStagingDir (batchId=252)
org.apache.hadoop.hive.ql.parse.TestReplWithJsonMessageFormat.testDropPartitionEventWithPartitionOnTimestampColumn (batchId=252)
org.apache.hadoop.hive.ql.parse.TestReplWithJsonMessageFormat.testDrops (batchId=252)
org.apache.hadoop.hive.ql.parse.TestReplWithJsonMessageFormat.testDropsWithCM (batchId=252)
org.apache.hadoop.hive.ql.parse.TestReplWithJsonMessageFormat.testDumpLimit (batchId=252)
org.apache.hadoop.hive.ql.parse.TestReplWithJsonMessageFormat.testDumpNonReplDatabase (batchId=252)
org.apache.hadoop.hive.ql.parse.TestReplWithJsonMessageFormat.testDumpWithPartitionDirMissing (batchId=252)
org.apache.hadoop.hive.ql.parse.TestReplWithJsonMessageFormat.testDumpWithTableDirMissing (batchId=252)
org.apache.hadoop.hive.ql.parse.TestReplWithJsonMessageFormat.testEventFilters (batchId=252)
org.apache.hadoop.hive.ql.parse.TestReplWithJsonMessageFormat.testEventTypesForDynamicAddPartitionByInsert (batchId=252)
org.apache.hadoop.hive.ql.parse.TestReplWithJsonMessageFormat.testExchangePartition (batchId=252)
org.apache.hadoop.hive.ql.parse.TestReplWithJsonMessageFormat.testIdempotentMoveTaskForInsertFiles (batchId=252)
org.apache.hadoop.hive.ql.parse.TestReplWithJsonMessageFormat.testIncrementalAdds (batchId=252)
org.apache.hadoop.hive.ql.parse.TestReplWithJsonMessageFormat.testIncrementalInsertDropPartitionedTable (batchId=252)
org.apache.hadoop.hive.ql.parse.TestReplWithJsonMessageFormat.testIncrementalInsertDropUnpartitionedTable (batchId=252)
org.apache.hadoop.hive.ql.parse.TestReplWithJsonMessageFormat.testIncrementalInsertToPartition (batchId=252)
org.apache.hadoop.hive.ql.parse.TestReplWithJsonMessageFormat.testIncrementalInserts (batchId=252)
org.apache.hadoop.hive.ql.parse.TestReplWithJsonMessageFormat.testIncrementalLoad (batchId=252)
org.apache.hadoop.hive.ql.parse.TestReplWithJsonMessageFormat.testIncrementalLoadFailAndRetry (batchId=252)
org.apache.hadoop.hive.ql.parse.TestReplWithJsonMessageFormat.testIncrementalLoadWithVariableLengthEventId (batchId=252)
org.apache.hadoop.hive.ql.parse.TestReplWithJsonMessageFormat.testIncrementalRepeatEventOnExistingObject (batchId=252)
org.apache.hadoop.hive.ql.parse.TestReplWithJsonMessageFormat.testIncrementalRepeatEventOnMissingObject (batchId=252)
org.apache.hadoop.hive.ql.parse.TestReplWithJsonMessageFormat.testIncrementalReplWithEventsMissing (batchId=252)
org.apache.hadoop.hive.ql.parse.TestReplWithJsonMessageFormat.testInsertOverwriteOnPartitionedTableWithCM (batchId=252)
org.apache.hadoop.hive.ql.parse.TestReplWithJsonMessageFormat.testInsertOverwriteOnUnpartitionedTableWithCM (batchId=252)
org.apache.hadoop.hive.ql.parse.TestReplWithJsonMessageFormat.testInsertToMultiKeyPartition (batchId=252)
org.apache.hadoop.hive.ql.parse.TestReplWithJsonMessageFormat.testLoadCmPathMissing (batchId=252)
org.apache.hadoop.hive.ql.parse.TestReplWithJsonMessageFormat.testMoveOptimizationBootstrap (batchId=252)
org.apache.hadoop.hive.ql.parse.TestReplWithJsonMessageFormat.testMoveOptimizationIncremental (batchId=252)
org.apache.hadoop.hive.ql.parse.TestReplWithJsonMessageFormat.testRecycleFileDropTempTable (batchId=252)
org.apache.hadoop.hive.ql.parse.TestReplWithJsonMessageFormat.testRecycleFileNonReplDatabase (batchId=252)
org.apache.hadoop.hive.ql.parse.TestReplWithJsonMessageFormat.testRemoveStats (batchId=252)
org.apache.hadoop.hive.ql.parse.TestReplWithJsonMessageFormat.testRenamePartitionWithCM (batchId=252)
org.apache.hadoop.hive.ql.parse.TestReplWithJsonMessageFormat.testRenamePartitionedTableAcrossDatabases (batchId=252)
org.apache.hadoop.hive.ql.parse.TestReplWithJsonMessageFormat.testRenameTableAcrossDatabases (batchId=252)
org.apache.hadoop.hive.ql.parse.TestReplWithJsonMessageFormat.testRenameTableWithCM (batchId=252)
org.apache.hadoop.hive.ql.parse.TestReplWithJsonMessageFormat.testStatus (batchId=252)
org.apache.hadoop.hive.ql.parse.TestReplWithJsonMessageFormat.testTableAlters (batchId=252)
org.apache.hadoop.hive.ql.parse.TestReplWithJsonMessageFormat.testTaskCreationOptimization (batchId=252)
org.apache.hadoop.hive.ql.parse.TestReplWithJsonMessageFormat.testTruncatePartitionedTable (batchId=252)
org.apache.hadoop.hive.ql.parse.TestReplWithJsonMessageFormat.testTruncateTable (batchId=252)
org.apache.hadoop.hive.ql.parse.TestReplWithJsonMessageFormat.testTruncateWithCM (batchId=252)
org.apache.hadoop.hive.ql.parse.TestReplWithJsonMessageFormat.testViewsReplication (batchId=252)
org.apache.hadoop.hive.ql.parse.TestReplWithJsonMessageFormat.testWithStringPartitionSpecialChars (batchId=252)
org.apache.hive.hcatalog.cli.TestPermsGrp.testCustomPerms (batchId=212)
org.apache.hive.hcatalog.mapreduce.TestHCatMultiOutputFormat.org.apache.hive.hcatalog.mapreduce.TestHCatMultiOutputFormat (batchId=217)
org.apache.hive.hcatalog.mapreduce.TestHCatPartitionPublish.testPartitionPublish (batchId=212)
&lt;/pre&gt;
&lt;/div&gt;&lt;/div&gt;

&lt;p&gt;Test results: &lt;a href=&quot;https://builds.apache.org/job/PreCommit-HIVE-Build/18458/testReport&quot; class=&quot;external-link&quot; target=&quot;_blank&quot; rel=&quot;nofollow noopener&quot;&gt;https://builds.apache.org/job/PreCommit-HIVE-Build/18458/testReport&lt;/a&gt;&lt;br/&gt;
Console output: &lt;a href=&quot;https://builds.apache.org/job/PreCommit-HIVE-Build/18458/console&quot; class=&quot;external-link&quot; target=&quot;_blank&quot; rel=&quot;nofollow noopener&quot;&gt;https://builds.apache.org/job/PreCommit-HIVE-Build/18458/console&lt;/a&gt;&lt;br/&gt;
Test logs: &lt;a href=&quot;http://104.198.109.242/logs/PreCommit-HIVE-Build-18458/&quot; class=&quot;external-link&quot; target=&quot;_blank&quot; rel=&quot;nofollow noopener&quot;&gt;http://104.198.109.242/logs/PreCommit-HIVE-Build-18458/&lt;/a&gt;&lt;/p&gt;

&lt;p&gt;Messages:&lt;/p&gt;
&lt;div class=&quot;preformatted panel&quot; style=&quot;border-width: 1px;&quot;&gt;&lt;div class=&quot;preformattedContent panelContent&quot;&gt;
&lt;pre&gt;Executing org.apache.hive.ptest.execution.TestCheckPhase
Executing org.apache.hive.ptest.execution.PrepPhase
Executing org.apache.hive.ptest.execution.YetusPhase
Executing org.apache.hive.ptest.execution.ExecutionPhase
Executing org.apache.hive.ptest.execution.ReportingPhase
Tests exited with: TestsFailedException: 192 tests failed
&lt;/pre&gt;
&lt;/div&gt;&lt;/div&gt;

&lt;p&gt;This message is automatically generated.&lt;/p&gt;

&lt;p&gt;ATTACHMENT ID: 12979523 - PreCommit-HIVE-Build&lt;/p&gt;</comment>
                            <comment id="16923722" author="abstractdog" created="Thu, 5 Sep 2019 20:53:00 +0000"  >&lt;p&gt;tests seem to pass locally, reuploading 01.patch&lt;/p&gt;</comment>
                            <comment id="16923999" author="hiveqa" created="Fri, 6 Sep 2019 07:41:54 +0000"  >&lt;div class=&apos;table-wrap&apos;&gt;
&lt;table class=&apos;confluenceTable&apos;&gt;&lt;tbody&gt;
&lt;tr&gt;
&lt;td class=&apos;confluenceTd&apos;&gt; &lt;img class=&quot;emoticon&quot; src=&quot;https://issues.apache.org/jira/images/icons/emoticons/check.png&quot; height=&quot;16&quot; width=&quot;16&quot; align=&quot;absmiddle&quot; alt=&quot;&quot; border=&quot;0&quot;/&gt; &lt;b&gt;&lt;font color=&quot;green&quot;&gt;+1 overall&lt;/font&gt;&lt;/b&gt; &lt;/td&gt;
&lt;/tr&gt;
&lt;/tbody&gt;&lt;/table&gt;
&lt;/div&gt;

&lt;p&gt;&lt;br class=&quot;atl-forced-newline&quot; /&gt;
&lt;br class=&quot;atl-forced-newline&quot; /&gt;&lt;/p&gt;
&lt;div class=&apos;table-wrap&apos;&gt;
&lt;table class=&apos;confluenceTable&apos;&gt;&lt;tbody&gt;
&lt;tr&gt;
&lt;th class=&apos;confluenceTh&apos;&gt; Vote &lt;/th&gt;
&lt;th class=&apos;confluenceTh&apos;&gt; Subsystem &lt;/th&gt;
&lt;th class=&apos;confluenceTh&apos;&gt; Runtime &lt;/th&gt;
&lt;th class=&apos;confluenceTh&apos;&gt; Comment &lt;/th&gt;
&lt;/tr&gt;
&lt;tr&gt;
&lt;th class=&apos;confluenceTh&apos;&gt;&amp;nbsp;&lt;/th&gt;
&lt;th class=&apos;confluenceTh&apos;&gt;&amp;nbsp;&lt;/th&gt;
&lt;th class=&apos;confluenceTh&apos;&gt;&amp;nbsp;&lt;/th&gt;
&lt;th class=&apos;confluenceTh&apos;&gt; &lt;font color=&quot;brown&quot;&gt; Prechecks &lt;/font&gt; &lt;/th&gt;
&lt;/tr&gt;
&lt;tr&gt;
&lt;td class=&apos;confluenceTd&apos;&gt; &lt;font color=&quot;green&quot;&gt;+1&lt;/font&gt; &lt;/td&gt;
&lt;td class=&apos;confluenceTd&apos;&gt; &lt;font color=&quot;green&quot;&gt; @author &lt;/font&gt; &lt;/td&gt;
&lt;td class=&apos;confluenceTd&apos;&gt; &lt;font color=&quot;green&quot;&gt;  0m  0s&lt;/font&gt; &lt;/td&gt;
&lt;td class=&apos;confluenceTd&apos;&gt; &lt;font color=&quot;green&quot;&gt; The patch does not contain any @author tags. &lt;/font&gt; &lt;/td&gt;
&lt;/tr&gt;
&lt;tr&gt;
&lt;th class=&apos;confluenceTh&apos;&gt;&amp;nbsp;&lt;/th&gt;
&lt;th class=&apos;confluenceTh&apos;&gt;&amp;nbsp;&lt;/th&gt;
&lt;th class=&apos;confluenceTh&apos;&gt;&amp;nbsp;&lt;/th&gt;
&lt;th class=&apos;confluenceTh&apos;&gt; &lt;font color=&quot;brown&quot;&gt; master Compile Tests &lt;/font&gt; &lt;/th&gt;
&lt;/tr&gt;
&lt;tr&gt;
&lt;td class=&apos;confluenceTd&apos;&gt; &lt;font color=&quot;green&quot;&gt;+1&lt;/font&gt; &lt;/td&gt;
&lt;td class=&apos;confluenceTd&apos;&gt; &lt;font color=&quot;green&quot;&gt; mvninstall &lt;/font&gt; &lt;/td&gt;
&lt;td class=&apos;confluenceTd&apos;&gt; &lt;font color=&quot;green&quot;&gt;  7m 56s&lt;/font&gt; &lt;/td&gt;
&lt;td class=&apos;confluenceTd&apos;&gt; &lt;font color=&quot;green&quot;&gt; master passed &lt;/font&gt; &lt;/td&gt;
&lt;/tr&gt;
&lt;tr&gt;
&lt;td class=&apos;confluenceTd&apos;&gt; &lt;font color=&quot;green&quot;&gt;+1&lt;/font&gt; &lt;/td&gt;
&lt;td class=&apos;confluenceTd&apos;&gt; &lt;font color=&quot;green&quot;&gt; compile &lt;/font&gt; &lt;/td&gt;
&lt;td class=&apos;confluenceTd&apos;&gt; &lt;font color=&quot;green&quot;&gt;  0m 24s&lt;/font&gt; &lt;/td&gt;
&lt;td class=&apos;confluenceTd&apos;&gt; &lt;font color=&quot;green&quot;&gt; master passed &lt;/font&gt; &lt;/td&gt;
&lt;/tr&gt;
&lt;tr&gt;
&lt;td class=&apos;confluenceTd&apos;&gt; &lt;font color=&quot;green&quot;&gt;+1&lt;/font&gt; &lt;/td&gt;
&lt;td class=&apos;confluenceTd&apos;&gt; &lt;font color=&quot;green&quot;&gt; checkstyle &lt;/font&gt; &lt;/td&gt;
&lt;td class=&apos;confluenceTd&apos;&gt; &lt;font color=&quot;green&quot;&gt;  0m 19s&lt;/font&gt; &lt;/td&gt;
&lt;td class=&apos;confluenceTd&apos;&gt; &lt;font color=&quot;green&quot;&gt; master passed &lt;/font&gt; &lt;/td&gt;
&lt;/tr&gt;
&lt;tr&gt;
&lt;td class=&apos;confluenceTd&apos;&gt; &lt;font color=&quot;blue&quot;&gt;0&lt;/font&gt; &lt;/td&gt;
&lt;td class=&apos;confluenceTd&apos;&gt; &lt;font color=&quot;blue&quot;&gt; findbugs &lt;/font&gt; &lt;/td&gt;
&lt;td class=&apos;confluenceTd&apos;&gt; &lt;font color=&quot;blue&quot;&gt;  0m 59s&lt;/font&gt; &lt;/td&gt;
&lt;td class=&apos;confluenceTd&apos;&gt; &lt;font color=&quot;blue&quot;&gt; standalone-metastore/metastore-server in master has 181 extant Findbugs warnings. &lt;/font&gt; &lt;/td&gt;
&lt;/tr&gt;
&lt;tr&gt;
&lt;td class=&apos;confluenceTd&apos;&gt; &lt;font color=&quot;green&quot;&gt;+1&lt;/font&gt; &lt;/td&gt;
&lt;td class=&apos;confluenceTd&apos;&gt; &lt;font color=&quot;green&quot;&gt; javadoc &lt;/font&gt; &lt;/td&gt;
&lt;td class=&apos;confluenceTd&apos;&gt; &lt;font color=&quot;green&quot;&gt;  0m 18s&lt;/font&gt; &lt;/td&gt;
&lt;td class=&apos;confluenceTd&apos;&gt; &lt;font color=&quot;green&quot;&gt; master passed &lt;/font&gt; &lt;/td&gt;
&lt;/tr&gt;
&lt;tr&gt;
&lt;th class=&apos;confluenceTh&apos;&gt;&amp;nbsp;&lt;/th&gt;
&lt;th class=&apos;confluenceTh&apos;&gt;&amp;nbsp;&lt;/th&gt;
&lt;th class=&apos;confluenceTh&apos;&gt;&amp;nbsp;&lt;/th&gt;
&lt;th class=&apos;confluenceTh&apos;&gt; &lt;font color=&quot;brown&quot;&gt; Patch Compile Tests &lt;/font&gt; &lt;/th&gt;
&lt;/tr&gt;
&lt;tr&gt;
&lt;td class=&apos;confluenceTd&apos;&gt; &lt;font color=&quot;green&quot;&gt;+1&lt;/font&gt; &lt;/td&gt;
&lt;td class=&apos;confluenceTd&apos;&gt; &lt;font color=&quot;green&quot;&gt; mvninstall &lt;/font&gt; &lt;/td&gt;
&lt;td class=&apos;confluenceTd&apos;&gt; &lt;font color=&quot;green&quot;&gt;  0m 26s&lt;/font&gt; &lt;/td&gt;
&lt;td class=&apos;confluenceTd&apos;&gt; &lt;font color=&quot;green&quot;&gt; the patch passed &lt;/font&gt; &lt;/td&gt;
&lt;/tr&gt;
&lt;tr&gt;
&lt;td class=&apos;confluenceTd&apos;&gt; &lt;font color=&quot;green&quot;&gt;+1&lt;/font&gt; &lt;/td&gt;
&lt;td class=&apos;confluenceTd&apos;&gt; &lt;font color=&quot;green&quot;&gt; compile &lt;/font&gt; &lt;/td&gt;
&lt;td class=&apos;confluenceTd&apos;&gt; &lt;font color=&quot;green&quot;&gt;  0m 23s&lt;/font&gt; &lt;/td&gt;
&lt;td class=&apos;confluenceTd&apos;&gt; &lt;font color=&quot;green&quot;&gt; the patch passed &lt;/font&gt; &lt;/td&gt;
&lt;/tr&gt;
&lt;tr&gt;
&lt;td class=&apos;confluenceTd&apos;&gt; &lt;font color=&quot;green&quot;&gt;+1&lt;/font&gt; &lt;/td&gt;
&lt;td class=&apos;confluenceTd&apos;&gt; &lt;font color=&quot;green&quot;&gt; javac &lt;/font&gt; &lt;/td&gt;
&lt;td class=&apos;confluenceTd&apos;&gt; &lt;font color=&quot;green&quot;&gt;  0m 23s&lt;/font&gt; &lt;/td&gt;
&lt;td class=&apos;confluenceTd&apos;&gt; &lt;font color=&quot;green&quot;&gt; the patch passed &lt;/font&gt; &lt;/td&gt;
&lt;/tr&gt;
&lt;tr&gt;
&lt;td class=&apos;confluenceTd&apos;&gt; &lt;font color=&quot;green&quot;&gt;+1&lt;/font&gt; &lt;/td&gt;
&lt;td class=&apos;confluenceTd&apos;&gt; &lt;font color=&quot;green&quot;&gt; checkstyle &lt;/font&gt; &lt;/td&gt;
&lt;td class=&apos;confluenceTd&apos;&gt; &lt;font color=&quot;green&quot;&gt;  0m 18s&lt;/font&gt; &lt;/td&gt;
&lt;td class=&apos;confluenceTd&apos;&gt; &lt;font color=&quot;green&quot;&gt; the patch passed &lt;/font&gt; &lt;/td&gt;
&lt;/tr&gt;
&lt;tr&gt;
&lt;td class=&apos;confluenceTd&apos;&gt; &lt;font color=&quot;green&quot;&gt;+1&lt;/font&gt; &lt;/td&gt;
&lt;td class=&apos;confluenceTd&apos;&gt; &lt;font color=&quot;green&quot;&gt; whitespace &lt;/font&gt; &lt;/td&gt;
&lt;td class=&apos;confluenceTd&apos;&gt; &lt;font color=&quot;green&quot;&gt;  0m  0s&lt;/font&gt; &lt;/td&gt;
&lt;td class=&apos;confluenceTd&apos;&gt; &lt;font color=&quot;green&quot;&gt; The patch has no whitespace issues. &lt;/font&gt; &lt;/td&gt;
&lt;/tr&gt;
&lt;tr&gt;
&lt;td class=&apos;confluenceTd&apos;&gt; &lt;font color=&quot;green&quot;&gt;+1&lt;/font&gt; &lt;/td&gt;
&lt;td class=&apos;confluenceTd&apos;&gt; &lt;font color=&quot;green&quot;&gt; findbugs &lt;/font&gt; &lt;/td&gt;
&lt;td class=&apos;confluenceTd&apos;&gt; &lt;font color=&quot;green&quot;&gt;  1m 11s&lt;/font&gt; &lt;/td&gt;
&lt;td class=&apos;confluenceTd&apos;&gt; &lt;font color=&quot;green&quot;&gt; the patch passed &lt;/font&gt; &lt;/td&gt;
&lt;/tr&gt;
&lt;tr&gt;
&lt;td class=&apos;confluenceTd&apos;&gt; &lt;font color=&quot;green&quot;&gt;+1&lt;/font&gt; &lt;/td&gt;
&lt;td class=&apos;confluenceTd&apos;&gt; &lt;font color=&quot;green&quot;&gt; javadoc &lt;/font&gt; &lt;/td&gt;
&lt;td class=&apos;confluenceTd&apos;&gt; &lt;font color=&quot;green&quot;&gt;  0m 18s&lt;/font&gt; &lt;/td&gt;
&lt;td class=&apos;confluenceTd&apos;&gt; &lt;font color=&quot;green&quot;&gt; the patch passed &lt;/font&gt; &lt;/td&gt;
&lt;/tr&gt;
&lt;tr&gt;
&lt;th class=&apos;confluenceTh&apos;&gt;&amp;nbsp;&lt;/th&gt;
&lt;th class=&apos;confluenceTh&apos;&gt;&amp;nbsp;&lt;/th&gt;
&lt;th class=&apos;confluenceTh&apos;&gt;&amp;nbsp;&lt;/th&gt;
&lt;th class=&apos;confluenceTh&apos;&gt; &lt;font color=&quot;brown&quot;&gt; Other Tests &lt;/font&gt; &lt;/th&gt;
&lt;/tr&gt;
&lt;tr&gt;
&lt;td class=&apos;confluenceTd&apos;&gt; &lt;font color=&quot;green&quot;&gt;+1&lt;/font&gt; &lt;/td&gt;
&lt;td class=&apos;confluenceTd&apos;&gt; &lt;font color=&quot;green&quot;&gt; asflicense &lt;/font&gt; &lt;/td&gt;
&lt;td class=&apos;confluenceTd&apos;&gt; &lt;font color=&quot;green&quot;&gt;  0m 13s&lt;/font&gt; &lt;/td&gt;
&lt;td class=&apos;confluenceTd&apos;&gt; &lt;font color=&quot;green&quot;&gt; The patch does not generate ASF License warnings. &lt;/font&gt; &lt;/td&gt;
&lt;/tr&gt;
&lt;tr&gt;
&lt;td class=&apos;confluenceTd&apos;&gt; &lt;font color=&quot;black&quot;&gt;&lt;/font&gt; &lt;/td&gt;
&lt;td class=&apos;confluenceTd&apos;&gt; &lt;font color=&quot;black&quot;&gt; &lt;/font&gt; &lt;/td&gt;
&lt;td class=&apos;confluenceTd&apos;&gt; &lt;font color=&quot;black&quot;&gt; 13m  9s&lt;/font&gt; &lt;/td&gt;
&lt;td class=&apos;confluenceTd&apos;&gt; &lt;font color=&quot;black&quot;&gt; &lt;/font&gt; &lt;/td&gt;
&lt;/tr&gt;
&lt;/tbody&gt;&lt;/table&gt;
&lt;/div&gt;

&lt;p&gt;&lt;br class=&quot;atl-forced-newline&quot; /&gt;
&lt;br class=&quot;atl-forced-newline&quot; /&gt;&lt;/p&gt;
&lt;div class=&apos;table-wrap&apos;&gt;
&lt;table class=&apos;confluenceTable&apos;&gt;&lt;tbody&gt;
&lt;tr&gt;
&lt;th class=&apos;confluenceTh&apos;&gt; Subsystem &lt;/th&gt;
&lt;th class=&apos;confluenceTh&apos;&gt; Report/Notes &lt;/th&gt;
&lt;/tr&gt;
&lt;tr&gt;
&lt;td class=&apos;confluenceTd&apos;&gt; Optional Tests &lt;/td&gt;
&lt;td class=&apos;confluenceTd&apos;&gt;  asflicense  javac  javadoc  findbugs  checkstyle  compile  &lt;/td&gt;
&lt;/tr&gt;
&lt;tr&gt;
&lt;td class=&apos;confluenceTd&apos;&gt; uname &lt;/td&gt;
&lt;td class=&apos;confluenceTd&apos;&gt; Linux hiveptest-server-upstream 3.16.0-4-amd64 #1 SMP Debian 3.16.43-2+deb8u5 (2017-09-19) x86_64 GNU/Linux &lt;/td&gt;
&lt;/tr&gt;
&lt;tr&gt;
&lt;td class=&apos;confluenceTd&apos;&gt; Build tool &lt;/td&gt;
&lt;td class=&apos;confluenceTd&apos;&gt; maven &lt;/td&gt;
&lt;/tr&gt;
&lt;tr&gt;
&lt;td class=&apos;confluenceTd&apos;&gt; Personality &lt;/td&gt;
&lt;td class=&apos;confluenceTd&apos;&gt; /data/hiveptest/working/yetus_PreCommit-HIVE-Build-18471/dev-support/hive-personality.sh &lt;/td&gt;
&lt;/tr&gt;
&lt;tr&gt;
&lt;td class=&apos;confluenceTd&apos;&gt; git revision &lt;/td&gt;
&lt;td class=&apos;confluenceTd&apos;&gt; master / 0213afb &lt;/td&gt;
&lt;/tr&gt;
&lt;tr&gt;
&lt;td class=&apos;confluenceTd&apos;&gt; Default Java &lt;/td&gt;
&lt;td class=&apos;confluenceTd&apos;&gt; 1.8.0_111 &lt;/td&gt;
&lt;/tr&gt;
&lt;tr&gt;
&lt;td class=&apos;confluenceTd&apos;&gt; findbugs &lt;/td&gt;
&lt;td class=&apos;confluenceTd&apos;&gt; v3.0.0 &lt;/td&gt;
&lt;/tr&gt;
&lt;tr&gt;
&lt;td class=&apos;confluenceTd&apos;&gt; modules &lt;/td&gt;
&lt;td class=&apos;confluenceTd&apos;&gt; C: standalone-metastore/metastore-server U: standalone-metastore/metastore-server &lt;/td&gt;
&lt;/tr&gt;
&lt;tr&gt;
&lt;td class=&apos;confluenceTd&apos;&gt; Console output &lt;/td&gt;
&lt;td class=&apos;confluenceTd&apos;&gt; &lt;a href=&quot;http://104.198.109.242/logs//PreCommit-HIVE-Build-18471/yetus.txt&quot; class=&quot;external-link&quot; target=&quot;_blank&quot; rel=&quot;nofollow noopener&quot;&gt;http://104.198.109.242/logs//PreCommit-HIVE-Build-18471/yetus.txt&lt;/a&gt; &lt;/td&gt;
&lt;/tr&gt;
&lt;tr&gt;
&lt;td class=&apos;confluenceTd&apos;&gt; Powered by &lt;/td&gt;
&lt;td class=&apos;confluenceTd&apos;&gt; Apache Yetus    &lt;a href=&quot;http://yetus.apache.org&quot; class=&quot;external-link&quot; target=&quot;_blank&quot; rel=&quot;nofollow noopener&quot;&gt;http://yetus.apache.org&lt;/a&gt; &lt;/td&gt;
&lt;/tr&gt;
&lt;/tbody&gt;&lt;/table&gt;
&lt;/div&gt;



&lt;p&gt;This message was automatically generated.&lt;/p&gt;
</comment>
                            <comment id="16924091" author="hiveqa" created="Fri, 6 Sep 2019 09:41:02 +0000"  >

&lt;p&gt;Here are the results of testing the latest attachment:&lt;br/&gt;
&lt;a href=&quot;https://issues.apache.org/jira/secure/attachment/12979588/HIVE-22149.01.patch&quot; class=&quot;external-link&quot; rel=&quot;nofollow&quot;&gt;https://issues.apache.org/jira/secure/attachment/12979588/HIVE-22149.01.patch&lt;/a&gt;&lt;/p&gt;

&lt;p&gt;&lt;font color=&quot;green&quot;&gt;SUCCESS:&lt;/font&gt; +1 due to 1 test(s) being added or modified.&lt;/p&gt;

&lt;p&gt;&lt;font color=&quot;red&quot;&gt;ERROR:&lt;/font&gt; -1 due to 192 failed/errored test(s), 15052 tests executed&lt;br/&gt;
&lt;b&gt;Failed tests:&lt;/b&gt;&lt;/p&gt;
&lt;div class=&quot;preformatted panel&quot; style=&quot;border-width: 1px;&quot;&gt;&lt;div class=&quot;preformattedContent panelContent&quot;&gt;
&lt;pre&gt;TestAddPartitions - did not produce a TEST-*.xml file (likely timed out) (batchId=223)
TestAlterTableMetadata - did not produce a TEST-*.xml file (likely timed out) (batchId=274)
TestAuthorizationPreEventListener - did not produce a TEST-*.xml file (likely timed out) (batchId=276)
TestAuthzApiEmbedAuthorizerInRemote - did not produce a TEST-*.xml file (likely timed out) (batchId=246)
TestBeelineConnectionUsingHiveSite - did not produce a TEST-*.xml file (likely timed out) (batchId=277)
TestBeelineWithUserHs2ConnectionFile - did not produce a TEST-*.xml file (likely timed out) (batchId=277)
TestCachedStore - did not produce a TEST-*.xml file (likely timed out) (batchId=233)
TestCatalogCaching - did not produce a TEST-*.xml file (likely timed out) (batchId=233)
TestCatalogNonDefaultClient - did not produce a TEST-*.xml file (likely timed out) (batchId=223)
TestCatalogOldClient - did not produce a TEST-*.xml file (likely timed out) (batchId=223)
TestCheckConstraint - did not produce a TEST-*.xml file (likely timed out) (batchId=223)
TestClientSideAuthorizationProvider - did not produce a TEST-*.xml file (likely timed out) (batchId=277)
TestCommands - did not produce a TEST-*.xml file (likely timed out) (batchId=207)
TestCopyUtils - did not produce a TEST-*.xml file (likely timed out) (batchId=274)
TestCreateUdfEntities - did not produce a TEST-*.xml file (likely timed out) (batchId=246)
TestDDLWithRemoteMetastoreSecondNamenode - did not produce a TEST-*.xml file (likely timed out) (batchId=246)
TestDFSErrorHandling - did not produce a TEST-*.xml file (likely timed out) (batchId=281)
TestDataSourceProviderFactory - did not produce a TEST-*.xml file (likely timed out) (batchId=233)
TestDeadline - did not produce a TEST-*.xml file (likely timed out) (batchId=233)
TestDropPartitions - did not produce a TEST-*.xml file (likely timed out) (batchId=223)
TestEximReplicationTasks - did not produce a TEST-*.xml file (likely timed out) (batchId=207)
TestExportImport - did not produce a TEST-*.xml file (likely timed out) (batchId=274)
TestFilterHooks - did not produce a TEST-*.xml file (likely timed out) (batchId=223)
TestFunctions - did not produce a TEST-*.xml file (likely timed out) (batchId=223)
TestGetPartitionsUsingProjectionAndFilterSpecs - did not produce a TEST-*.xml file (likely timed out) (batchId=225)
TestGetTableMeta - did not produce a TEST-*.xml file (likely timed out) (batchId=223)
TestHCatClient - did not produce a TEST-*.xml file (likely timed out) (batchId=207)
TestHDFSPermissionPolicyProvider - did not produce a TEST-*.xml file (likely timed out) (batchId=277)
TestHS2ImpersonationWithRemoteMS - did not produce a TEST-*.xml file (likely timed out) (batchId=281)
TestHiveAlterHandler - did not produce a TEST-*.xml file (likely timed out) (batchId=223)
TestHiveAuthFactory - did not produce a TEST-*.xml file (likely timed out) (batchId=298)
TestHiveAuthorizerCheckInvocation - did not produce a TEST-*.xml file (likely timed out) (batchId=277)
TestHiveAuthorizerShowFilters - did not produce a TEST-*.xml file (likely timed out) (batchId=277)
TestHiveHistory - did not produce a TEST-*.xml file (likely timed out) (batchId=277)
TestHiveMetaStoreAlterColumnPar - did not produce a TEST-*.xml file (likely timed out) (batchId=246)
TestHiveMetaStoreGetMetaConf - did not produce a TEST-*.xml file (likely timed out) (batchId=233)
TestHiveMetaStorePartitionSpecs - did not produce a TEST-*.xml file (likely timed out) (batchId=225)
TestHiveMetaStoreSchemaMethods - did not produce a TEST-*.xml file (likely timed out) (batchId=233)
TestHiveMetaStoreTimeout - did not produce a TEST-*.xml file (likely timed out) (batchId=233)
TestHiveMetaStoreTxns - did not produce a TEST-*.xml file (likely timed out) (batchId=233)
TestHiveMetastoreCli - did not produce a TEST-*.xml file (likely timed out) (batchId=223)
TestHiveProtoEventsCleanerTask - did not produce a TEST-*.xml file (likely timed out) (batchId=246)
TestHiveRemote - did not produce a TEST-*.xml file (likely timed out) (batchId=331)
TestHs2Hooks - did not produce a TEST-*.xml file (likely timed out) (batchId=246)
TestHs2HooksWithMiniKdc - did not produce a TEST-*.xml file (likely timed out) (batchId=298)
TestJdbcGenericUDTFGetSplits - did not produce a TEST-*.xml file (likely timed out) (batchId=281)
TestJdbcNonKrbSASLWithMiniKdc - did not produce a TEST-*.xml file (likely timed out) (batchId=298)
TestJdbcWithDBTokenStore - did not produce a TEST-*.xml file (likely timed out) (batchId=298)
TestJdbcWithDBTokenStoreNoDoAs - did not produce a TEST-*.xml file (likely timed out) (batchId=298)
TestJdbcWithMiniHS2 - did not produce a TEST-*.xml file (likely timed out) (batchId=284)
TestJdbcWithMiniKdc - did not produce a TEST-*.xml file (likely timed out) (batchId=298)
TestJdbcWithMiniKdcCookie - did not produce a TEST-*.xml file (likely timed out) (batchId=298)
TestJdbcWithMiniKdcSQLAuthHttp - did not produce a TEST-*.xml file (likely timed out) (batchId=298)
TestJdbcWithMiniLlapRow - did not produce a TEST-*.xml file (likely timed out) (batchId=281)
TestJdbcWithMiniLlapVectorArrow - did not produce a TEST-*.xml file (likely timed out) (batchId=284)
TestListPartitions - did not produce a TEST-*.xml file (likely timed out) (batchId=223)
TestLockRequestBuilder - did not produce a TEST-*.xml file (likely timed out) (batchId=223)
TestMarkPartition - did not produce a TEST-*.xml file (likely timed out) (batchId=233)
TestMarkPartitionRemote - did not produce a TEST-*.xml file (likely timed out) (batchId=233)
TestMetaStoreEventListener - did not produce a TEST-*.xml file (likely timed out) (batchId=230)
TestMetaStoreEventListenerInRepl - did not produce a TEST-*.xml file (likely timed out) (batchId=274)
TestMetaStoreEventListenerOnlyOnCommit - did not produce a TEST-*.xml file (likely timed out) (batchId=233)
TestMetaStoreEventListenerWithOldConf - did not produce a TEST-*.xml file (likely timed out) (batchId=233)
TestMetaStoreInitListener - did not produce a TEST-*.xml file (likely timed out) (batchId=233)
TestMetaStoreLimitPartitionRequest - did not produce a TEST-*.xml file (likely timed out) (batchId=246)
TestMetaStoreListenersError - did not produce a TEST-*.xml file (likely timed out) (batchId=233)
TestMetaStoreSchemaInfo - did not produce a TEST-*.xml file (likely timed out) (batchId=233)
TestMetastoreAuthorizationProvider - did not produce a TEST-*.xml file (likely timed out) (batchId=275)
TestMetastoreConf - did not produce a TEST-*.xml file (likely timed out) (batchId=225)
TestMiniHiveKdc - did not produce a TEST-*.xml file (likely timed out) (batchId=298)
TestMultiAuthorizationPreEventListener - did not produce a TEST-*.xml file (likely timed out) (batchId=275)
TestNoopCommand - did not produce a TEST-*.xml file (likely timed out) (batchId=207)
TestObjectStore - did not produce a TEST-*.xml file (likely timed out) (batchId=233)
TestObjectStoreSchemaMethods - did not produce a TEST-*.xml file (likely timed out) (batchId=233)
TestOldSchema - did not produce a TEST-*.xml file (likely timed out) (batchId=233)
TestPartitionManagement - did not produce a TEST-*.xml file (likely timed out) (batchId=223)
TestPasswordWithCredentialProvider - did not produce a TEST-*.xml file (likely timed out) (batchId=290)
TestRawStoreProxy - did not produce a TEST-*.xml file (likely timed out) (batchId=223)
TestRemoteHiveMetaStoreZKBindHost - did not produce a TEST-*.xml file (likely timed out) (batchId=233)
TestReplAcidTablesBootstrapWithJsonMessage - did not produce a TEST-*.xml file (likely timed out) (batchId=251)
TestReplAcidTablesWithJsonMessage - did not produce a TEST-*.xml file (likely timed out) (batchId=268)
TestReplAcrossInstancesWithJsonMessageFormat - did not produce a TEST-*.xml file (likely timed out) (batchId=260)
TestReplScenariosWithStrictManaged - did not produce a TEST-*.xml file (likely timed out) (batchId=262)
TestReplTableMigrationWithJsonFormat - did not produce a TEST-*.xml file (likely timed out) (batchId=266)
TestReplicationOfHiveStreaming - did not produce a TEST-*.xml file (likely timed out) (batchId=248)
TestReplicationOnHDFSEncryptedZones - did not produce a TEST-*.xml file (likely timed out) (batchId=274)
TestReplicationScenarios - did not produce a TEST-*.xml file (likely timed out) (batchId=261)
TestReplicationScenariosAcidTables - did not produce a TEST-*.xml file (likely timed out) (batchId=270)
TestReplicationScenariosAcidTablesBootstrap - did not produce a TEST-*.xml file (likely timed out) (batchId=249)
TestReplicationScenariosAcrossInstances - did not produce a TEST-*.xml file (likely timed out) (batchId=264)
TestReplicationScenariosExternalTables - did not produce a TEST-*.xml file (likely timed out) (batchId=259)
TestReplicationScenariosIncrementalLoadAcidTables - did not produce a TEST-*.xml file (likely timed out) (batchId=271)
TestReplicationTask - did not produce a TEST-*.xml file (likely timed out) (batchId=207)
TestReplicationWithTableMigration - did not produce a TEST-*.xml file (likely timed out) (batchId=255)
TestReplicationWithTableMigrationEx - did not produce a TEST-*.xml file (likely timed out) (batchId=265)
TestRestrictedList - did not produce a TEST-*.xml file (likely timed out) (batchId=284)
TestRuntimeStats - did not produce a TEST-*.xml file (likely timed out) (batchId=223)
TestSSL - did not produce a TEST-*.xml file (likely timed out) (batchId=282)
TestSSLWithMiniKdc - did not produce a TEST-*.xml file (likely timed out) (batchId=298)
TestSchedulerQueue - did not produce a TEST-*.xml file (likely timed out) (batchId=290)
TestSemanticAnalyzerHookLoading - did not produce a TEST-*.xml file (likely timed out) (batchId=274)
TestStatsReplicationScenarios - did not produce a TEST-*.xml file (likely timed out) (batchId=272)
TestStatsReplicationScenariosACID - did not produce a TEST-*.xml file (likely timed out) (batchId=253)
TestStatsReplicationScenariosACIDNoAutogather - did not produce a TEST-*.xml file (likely timed out) (batchId=254)
TestStatsReplicationScenariosMM - did not produce a TEST-*.xml file (likely timed out) (batchId=258)
TestStatsReplicationScenariosMMNoAutogather - did not produce a TEST-*.xml file (likely timed out) (batchId=250)
TestStatsReplicationScenariosMigration - did not produce a TEST-*.xml file (likely timed out) (batchId=257)
TestStatsReplicationScenariosMigrationNoAutogather - did not produce a TEST-*.xml file (likely timed out) (batchId=267)
TestStatsReplicationScenariosNoAutogather - did not produce a TEST-*.xml file (likely timed out) (batchId=269)
TestStorageBasedClientSideAuthorizationProvider - did not produce a TEST-*.xml file (likely timed out) (batchId=277)
TestStorageBasedMetastoreAuthorizationProvider - did not produce a TEST-*.xml file (likely timed out) (batchId=275)
TestStorageBasedMetastoreAuthorizationProviderWithACL - did not produce a TEST-*.xml file (likely timed out) (batchId=290)
TestTableIterable - did not produce a TEST-*.xml file (likely timed out) (batchId=233)
TestTableLevelReplicationScenarios - did not produce a TEST-*.xml file (likely timed out) (batchId=256)
TestTablesCreateDropAlterTruncate - did not produce a TEST-*.xml file (likely timed out) (batchId=223)
TestTablesList - did not produce a TEST-*.xml file (likely timed out) (batchId=223)
TestTriggersNoTezSessionPool - did not produce a TEST-*.xml file (likely timed out) (batchId=281)
TestTriggersTezSessionPoolManager - did not produce a TEST-*.xml file (likely timed out) (batchId=284)
TestTxnHandlerNegative - did not produce a TEST-*.xml file (likely timed out) (batchId=223)
TestTxnUtils - did not produce a TEST-*.xml file (likely timed out) (batchId=223)
TestUniqueConstraint - did not produce a TEST-*.xml file (likely timed out) (batchId=223)
TestWarehouseExternalDir - did not produce a TEST-*.xml file (likely timed out) (batchId=274)
TestXSRFFilter - did not produce a TEST-*.xml file (likely timed out) (batchId=281)
org.apache.hadoop.hive.llap.cache.TestBuddyAllocator.testMTT[2] (batchId=361)
org.apache.hadoop.hive.metastore.TestHiveMetaStoreWithEnvironmentContext.testEnvironmentContext (batchId=228)
org.apache.hadoop.hive.metastore.TestMetaStoreAuthorization.testMetaStoreAuthorization (batchId=243)
org.apache.hadoop.hive.metastore.TestMetaStoreEndFunctionListener.testEndFunctionListener (batchId=225)
org.apache.hadoop.hive.metastore.TestMetaStoreMetrics.testConnections (batchId=242)
org.apache.hadoop.hive.metastore.TestRemoteHiveMetaStoreIpAddress.testIpAddress (batchId=221)
org.apache.hadoop.hive.metastore.TestRemoteUGIHiveMetaStoreIpAddress.testIpAddress (batchId=231)
org.apache.hadoop.hive.metastore.TestRetryingHMSHandler.testRetryingHMSHandler (batchId=229)
org.apache.hadoop.hive.metastore.security.TestHadoopAuthBridge23.testSaslWithHiveMetaStore (batchId=290)
org.apache.hadoop.hive.ql.parse.TestReplWithJsonMessageFormat.testAuthForNotificationAPIs (batchId=252)
org.apache.hadoop.hive.ql.parse.TestReplWithJsonMessageFormat.testBasic (batchId=252)
org.apache.hadoop.hive.ql.parse.TestReplWithJsonMessageFormat.testBasicWithCM (batchId=252)
org.apache.hadoop.hive.ql.parse.TestReplWithJsonMessageFormat.testBootstrapLoadOnExistingDb (batchId=252)
org.apache.hadoop.hive.ql.parse.TestReplWithJsonMessageFormat.testBootstrapWithConcurrentDropPartition (batchId=252)
org.apache.hadoop.hive.ql.parse.TestReplWithJsonMessageFormat.testBootstrapWithConcurrentDropTable (batchId=252)
org.apache.hadoop.hive.ql.parse.TestReplWithJsonMessageFormat.testBootstrapWithConcurrentRename (batchId=252)
org.apache.hadoop.hive.ql.parse.TestReplWithJsonMessageFormat.testBootstrapWithDropPartitionedTable (batchId=252)
org.apache.hadoop.hive.ql.parse.TestReplWithJsonMessageFormat.testCMConflict (batchId=252)
org.apache.hadoop.hive.ql.parse.TestReplWithJsonMessageFormat.testConcatenatePartitionedTable (batchId=252)
org.apache.hadoop.hive.ql.parse.TestReplWithJsonMessageFormat.testConcatenateTable (batchId=252)
org.apache.hadoop.hive.ql.parse.TestReplWithJsonMessageFormat.testConstraints (batchId=252)
org.apache.hadoop.hive.ql.parse.TestReplWithJsonMessageFormat.testDatabaseAlters (batchId=252)
org.apache.hadoop.hive.ql.parse.TestReplWithJsonMessageFormat.testDeleteStagingDir (batchId=252)
org.apache.hadoop.hive.ql.parse.TestReplWithJsonMessageFormat.testDropPartitionEventWithPartitionOnTimestampColumn (batchId=252)
org.apache.hadoop.hive.ql.parse.TestReplWithJsonMessageFormat.testDrops (batchId=252)
org.apache.hadoop.hive.ql.parse.TestReplWithJsonMessageFormat.testDropsWithCM (batchId=252)
org.apache.hadoop.hive.ql.parse.TestReplWithJsonMessageFormat.testDumpLimit (batchId=252)
org.apache.hadoop.hive.ql.parse.TestReplWithJsonMessageFormat.testDumpNonReplDatabase (batchId=252)
org.apache.hadoop.hive.ql.parse.TestReplWithJsonMessageFormat.testDumpWithPartitionDirMissing (batchId=252)
org.apache.hadoop.hive.ql.parse.TestReplWithJsonMessageFormat.testDumpWithTableDirMissing (batchId=252)
org.apache.hadoop.hive.ql.parse.TestReplWithJsonMessageFormat.testEventFilters (batchId=252)
org.apache.hadoop.hive.ql.parse.TestReplWithJsonMessageFormat.testEventTypesForDynamicAddPartitionByInsert (batchId=252)
org.apache.hadoop.hive.ql.parse.TestReplWithJsonMessageFormat.testExchangePartition (batchId=252)
org.apache.hadoop.hive.ql.parse.TestReplWithJsonMessageFormat.testIdempotentMoveTaskForInsertFiles (batchId=252)
org.apache.hadoop.hive.ql.parse.TestReplWithJsonMessageFormat.testIncrementalAdds (batchId=252)
org.apache.hadoop.hive.ql.parse.TestReplWithJsonMessageFormat.testIncrementalInsertDropPartitionedTable (batchId=252)
org.apache.hadoop.hive.ql.parse.TestReplWithJsonMessageFormat.testIncrementalInsertDropUnpartitionedTable (batchId=252)
org.apache.hadoop.hive.ql.parse.TestReplWithJsonMessageFormat.testIncrementalInsertToPartition (batchId=252)
org.apache.hadoop.hive.ql.parse.TestReplWithJsonMessageFormat.testIncrementalInserts (batchId=252)
org.apache.hadoop.hive.ql.parse.TestReplWithJsonMessageFormat.testIncrementalLoad (batchId=252)
org.apache.hadoop.hive.ql.parse.TestReplWithJsonMessageFormat.testIncrementalLoadFailAndRetry (batchId=252)
org.apache.hadoop.hive.ql.parse.TestReplWithJsonMessageFormat.testIncrementalLoadWithVariableLengthEventId (batchId=252)
org.apache.hadoop.hive.ql.parse.TestReplWithJsonMessageFormat.testIncrementalRepeatEventOnExistingObject (batchId=252)
org.apache.hadoop.hive.ql.parse.TestReplWithJsonMessageFormat.testIncrementalRepeatEventOnMissingObject (batchId=252)
org.apache.hadoop.hive.ql.parse.TestReplWithJsonMessageFormat.testIncrementalReplWithEventsMissing (batchId=252)
org.apache.hadoop.hive.ql.parse.TestReplWithJsonMessageFormat.testInsertOverwriteOnPartitionedTableWithCM (batchId=252)
org.apache.hadoop.hive.ql.parse.TestReplWithJsonMessageFormat.testInsertOverwriteOnUnpartitionedTableWithCM (batchId=252)
org.apache.hadoop.hive.ql.parse.TestReplWithJsonMessageFormat.testInsertToMultiKeyPartition (batchId=252)
org.apache.hadoop.hive.ql.parse.TestReplWithJsonMessageFormat.testLoadCmPathMissing (batchId=252)
org.apache.hadoop.hive.ql.parse.TestReplWithJsonMessageFormat.testMoveOptimizationBootstrap (batchId=252)
org.apache.hadoop.hive.ql.parse.TestReplWithJsonMessageFormat.testMoveOptimizationIncremental (batchId=252)
org.apache.hadoop.hive.ql.parse.TestReplWithJsonMessageFormat.testRecycleFileDropTempTable (batchId=252)
org.apache.hadoop.hive.ql.parse.TestReplWithJsonMessageFormat.testRecycleFileNonReplDatabase (batchId=252)
org.apache.hadoop.hive.ql.parse.TestReplWithJsonMessageFormat.testRemoveStats (batchId=252)
org.apache.hadoop.hive.ql.parse.TestReplWithJsonMessageFormat.testRenamePartitionWithCM (batchId=252)
org.apache.hadoop.hive.ql.parse.TestReplWithJsonMessageFormat.testRenamePartitionedTableAcrossDatabases (batchId=252)
org.apache.hadoop.hive.ql.parse.TestReplWithJsonMessageFormat.testRenameTableAcrossDatabases (batchId=252)
org.apache.hadoop.hive.ql.parse.TestReplWithJsonMessageFormat.testRenameTableWithCM (batchId=252)
org.apache.hadoop.hive.ql.parse.TestReplWithJsonMessageFormat.testStatus (batchId=252)
org.apache.hadoop.hive.ql.parse.TestReplWithJsonMessageFormat.testTableAlters (batchId=252)
org.apache.hadoop.hive.ql.parse.TestReplWithJsonMessageFormat.testTaskCreationOptimization (batchId=252)
org.apache.hadoop.hive.ql.parse.TestReplWithJsonMessageFormat.testTruncatePartitionedTable (batchId=252)
org.apache.hadoop.hive.ql.parse.TestReplWithJsonMessageFormat.testTruncateTable (batchId=252)
org.apache.hadoop.hive.ql.parse.TestReplWithJsonMessageFormat.testTruncateWithCM (batchId=252)
org.apache.hadoop.hive.ql.parse.TestReplWithJsonMessageFormat.testViewsReplication (batchId=252)
org.apache.hadoop.hive.ql.parse.TestReplWithJsonMessageFormat.testWithStringPartitionSpecialChars (batchId=252)
org.apache.hive.hcatalog.cli.TestPermsGrp.testCustomPerms (batchId=212)
org.apache.hive.hcatalog.mapreduce.TestHCatMultiOutputFormat.org.apache.hive.hcatalog.mapreduce.TestHCatMultiOutputFormat (batchId=217)
org.apache.hive.hcatalog.mapreduce.TestHCatPartitionPublish.testPartitionPublish (batchId=212)
&lt;/pre&gt;
&lt;/div&gt;&lt;/div&gt;

&lt;p&gt;Test results: &lt;a href=&quot;https://builds.apache.org/job/PreCommit-HIVE-Build/18471/testReport&quot; class=&quot;external-link&quot; target=&quot;_blank&quot; rel=&quot;nofollow noopener&quot;&gt;https://builds.apache.org/job/PreCommit-HIVE-Build/18471/testReport&lt;/a&gt;&lt;br/&gt;
Console output: &lt;a href=&quot;https://builds.apache.org/job/PreCommit-HIVE-Build/18471/console&quot; class=&quot;external-link&quot; target=&quot;_blank&quot; rel=&quot;nofollow noopener&quot;&gt;https://builds.apache.org/job/PreCommit-HIVE-Build/18471/console&lt;/a&gt;&lt;br/&gt;
Test logs: &lt;a href=&quot;http://104.198.109.242/logs/PreCommit-HIVE-Build-18471/&quot; class=&quot;external-link&quot; target=&quot;_blank&quot; rel=&quot;nofollow noopener&quot;&gt;http://104.198.109.242/logs/PreCommit-HIVE-Build-18471/&lt;/a&gt;&lt;/p&gt;

&lt;p&gt;Messages:&lt;/p&gt;
&lt;div class=&quot;preformatted panel&quot; style=&quot;border-width: 1px;&quot;&gt;&lt;div class=&quot;preformattedContent panelContent&quot;&gt;
&lt;pre&gt;Executing org.apache.hive.ptest.execution.TestCheckPhase
Executing org.apache.hive.ptest.execution.PrepPhase
Executing org.apache.hive.ptest.execution.YetusPhase
Executing org.apache.hive.ptest.execution.ExecutionPhase
Executing org.apache.hive.ptest.execution.ReportingPhase
Tests exited with: TestsFailedException: 192 tests failed
&lt;/pre&gt;
&lt;/div&gt;&lt;/div&gt;

&lt;p&gt;This message is automatically generated.&lt;/p&gt;

&lt;p&gt;ATTACHMENT ID: 12979588 - PreCommit-HIVE-Build&lt;/p&gt;</comment>
                            <comment id="16924631" author="hiveqa" created="Fri, 6 Sep 2019 22:03:54 +0000"  >&lt;div class=&apos;table-wrap&apos;&gt;
&lt;table class=&apos;confluenceTable&apos;&gt;&lt;tbody&gt;
&lt;tr&gt;
&lt;td class=&apos;confluenceTd&apos;&gt; &lt;img class=&quot;emoticon&quot; src=&quot;https://issues.apache.org/jira/images/icons/emoticons/error.png&quot; height=&quot;16&quot; width=&quot;16&quot; align=&quot;absmiddle&quot; alt=&quot;&quot; border=&quot;0&quot;/&gt; &lt;b&gt;&lt;font color=&quot;red&quot;&gt;-1 overall&lt;/font&gt;&lt;/b&gt; &lt;/td&gt;
&lt;/tr&gt;
&lt;/tbody&gt;&lt;/table&gt;
&lt;/div&gt;

&lt;p&gt;&lt;br class=&quot;atl-forced-newline&quot; /&gt;
&lt;br class=&quot;atl-forced-newline&quot; /&gt;&lt;/p&gt;
&lt;div class=&apos;table-wrap&apos;&gt;
&lt;table class=&apos;confluenceTable&apos;&gt;&lt;tbody&gt;
&lt;tr&gt;
&lt;th class=&apos;confluenceTh&apos;&gt; Vote &lt;/th&gt;
&lt;th class=&apos;confluenceTh&apos;&gt; Subsystem &lt;/th&gt;
&lt;th class=&apos;confluenceTh&apos;&gt; Runtime &lt;/th&gt;
&lt;th class=&apos;confluenceTh&apos;&gt; Comment &lt;/th&gt;
&lt;/tr&gt;
&lt;tr&gt;
&lt;th class=&apos;confluenceTh&apos;&gt;&amp;nbsp;&lt;/th&gt;
&lt;th class=&apos;confluenceTh&apos;&gt;&amp;nbsp;&lt;/th&gt;
&lt;th class=&apos;confluenceTh&apos;&gt;&amp;nbsp;&lt;/th&gt;
&lt;th class=&apos;confluenceTh&apos;&gt; &lt;font color=&quot;brown&quot;&gt; Prechecks &lt;/font&gt; &lt;/th&gt;
&lt;/tr&gt;
&lt;tr&gt;
&lt;td class=&apos;confluenceTd&apos;&gt; &lt;font color=&quot;green&quot;&gt;+1&lt;/font&gt; &lt;/td&gt;
&lt;td class=&apos;confluenceTd&apos;&gt; &lt;font color=&quot;green&quot;&gt; @author &lt;/font&gt; &lt;/td&gt;
&lt;td class=&apos;confluenceTd&apos;&gt; &lt;font color=&quot;green&quot;&gt;  0m  0s&lt;/font&gt; &lt;/td&gt;
&lt;td class=&apos;confluenceTd&apos;&gt; &lt;font color=&quot;green&quot;&gt; The patch does not contain any @author tags. &lt;/font&gt; &lt;/td&gt;
&lt;/tr&gt;
&lt;tr&gt;
&lt;th class=&apos;confluenceTh&apos;&gt;&amp;nbsp;&lt;/th&gt;
&lt;th class=&apos;confluenceTh&apos;&gt;&amp;nbsp;&lt;/th&gt;
&lt;th class=&apos;confluenceTh&apos;&gt;&amp;nbsp;&lt;/th&gt;
&lt;th class=&apos;confluenceTh&apos;&gt; &lt;font color=&quot;brown&quot;&gt; master Compile Tests &lt;/font&gt; &lt;/th&gt;
&lt;/tr&gt;
&lt;tr&gt;
&lt;td class=&apos;confluenceTd&apos;&gt; &lt;font color=&quot;green&quot;&gt;+1&lt;/font&gt; &lt;/td&gt;
&lt;td class=&apos;confluenceTd&apos;&gt; &lt;font color=&quot;green&quot;&gt; mvninstall &lt;/font&gt; &lt;/td&gt;
&lt;td class=&apos;confluenceTd&apos;&gt; &lt;font color=&quot;green&quot;&gt;  8m  0s&lt;/font&gt; &lt;/td&gt;
&lt;td class=&apos;confluenceTd&apos;&gt; &lt;font color=&quot;green&quot;&gt; master passed &lt;/font&gt; &lt;/td&gt;
&lt;/tr&gt;
&lt;tr&gt;
&lt;td class=&apos;confluenceTd&apos;&gt; &lt;font color=&quot;green&quot;&gt;+1&lt;/font&gt; &lt;/td&gt;
&lt;td class=&apos;confluenceTd&apos;&gt; &lt;font color=&quot;green&quot;&gt; compile &lt;/font&gt; &lt;/td&gt;
&lt;td class=&apos;confluenceTd&apos;&gt; &lt;font color=&quot;green&quot;&gt;  0m 24s&lt;/font&gt; &lt;/td&gt;
&lt;td class=&apos;confluenceTd&apos;&gt; &lt;font color=&quot;green&quot;&gt; master passed &lt;/font&gt; &lt;/td&gt;
&lt;/tr&gt;
&lt;tr&gt;
&lt;td class=&apos;confluenceTd&apos;&gt; &lt;font color=&quot;green&quot;&gt;+1&lt;/font&gt; &lt;/td&gt;
&lt;td class=&apos;confluenceTd&apos;&gt; &lt;font color=&quot;green&quot;&gt; checkstyle &lt;/font&gt; &lt;/td&gt;
&lt;td class=&apos;confluenceTd&apos;&gt; &lt;font color=&quot;green&quot;&gt;  0m 18s&lt;/font&gt; &lt;/td&gt;
&lt;td class=&apos;confluenceTd&apos;&gt; &lt;font color=&quot;green&quot;&gt; master passed &lt;/font&gt; &lt;/td&gt;
&lt;/tr&gt;
&lt;tr&gt;
&lt;td class=&apos;confluenceTd&apos;&gt; &lt;font color=&quot;blue&quot;&gt;0&lt;/font&gt; &lt;/td&gt;
&lt;td class=&apos;confluenceTd&apos;&gt; &lt;font color=&quot;blue&quot;&gt; findbugs &lt;/font&gt; &lt;/td&gt;
&lt;td class=&apos;confluenceTd&apos;&gt; &lt;font color=&quot;blue&quot;&gt;  1m  7s&lt;/font&gt; &lt;/td&gt;
&lt;td class=&apos;confluenceTd&apos;&gt; &lt;font color=&quot;blue&quot;&gt; standalone-metastore/metastore-server in master has 181 extant Findbugs warnings. &lt;/font&gt; &lt;/td&gt;
&lt;/tr&gt;
&lt;tr&gt;
&lt;td class=&apos;confluenceTd&apos;&gt; &lt;font color=&quot;green&quot;&gt;+1&lt;/font&gt; &lt;/td&gt;
&lt;td class=&apos;confluenceTd&apos;&gt; &lt;font color=&quot;green&quot;&gt; javadoc &lt;/font&gt; &lt;/td&gt;
&lt;td class=&apos;confluenceTd&apos;&gt; &lt;font color=&quot;green&quot;&gt;  0m 19s&lt;/font&gt; &lt;/td&gt;
&lt;td class=&apos;confluenceTd&apos;&gt; &lt;font color=&quot;green&quot;&gt; master passed &lt;/font&gt; &lt;/td&gt;
&lt;/tr&gt;
&lt;tr&gt;
&lt;th class=&apos;confluenceTh&apos;&gt;&amp;nbsp;&lt;/th&gt;
&lt;th class=&apos;confluenceTh&apos;&gt;&amp;nbsp;&lt;/th&gt;
&lt;th class=&apos;confluenceTh&apos;&gt;&amp;nbsp;&lt;/th&gt;
&lt;th class=&apos;confluenceTh&apos;&gt; &lt;font color=&quot;brown&quot;&gt; Patch Compile Tests &lt;/font&gt; &lt;/th&gt;
&lt;/tr&gt;
&lt;tr&gt;
&lt;td class=&apos;confluenceTd&apos;&gt; &lt;font color=&quot;green&quot;&gt;+1&lt;/font&gt; &lt;/td&gt;
&lt;td class=&apos;confluenceTd&apos;&gt; &lt;font color=&quot;green&quot;&gt; mvninstall &lt;/font&gt; &lt;/td&gt;
&lt;td class=&apos;confluenceTd&apos;&gt; &lt;font color=&quot;green&quot;&gt;  0m 27s&lt;/font&gt; &lt;/td&gt;
&lt;td class=&apos;confluenceTd&apos;&gt; &lt;font color=&quot;green&quot;&gt; the patch passed &lt;/font&gt; &lt;/td&gt;
&lt;/tr&gt;
&lt;tr&gt;
&lt;td class=&apos;confluenceTd&apos;&gt; &lt;font color=&quot;green&quot;&gt;+1&lt;/font&gt; &lt;/td&gt;
&lt;td class=&apos;confluenceTd&apos;&gt; &lt;font color=&quot;green&quot;&gt; compile &lt;/font&gt; &lt;/td&gt;
&lt;td class=&apos;confluenceTd&apos;&gt; &lt;font color=&quot;green&quot;&gt;  0m 24s&lt;/font&gt; &lt;/td&gt;
&lt;td class=&apos;confluenceTd&apos;&gt; &lt;font color=&quot;green&quot;&gt; the patch passed &lt;/font&gt; &lt;/td&gt;
&lt;/tr&gt;
&lt;tr&gt;
&lt;td class=&apos;confluenceTd&apos;&gt; &lt;font color=&quot;green&quot;&gt;+1&lt;/font&gt; &lt;/td&gt;
&lt;td class=&apos;confluenceTd&apos;&gt; &lt;font color=&quot;green&quot;&gt; javac &lt;/font&gt; &lt;/td&gt;
&lt;td class=&apos;confluenceTd&apos;&gt; &lt;font color=&quot;green&quot;&gt;  0m 24s&lt;/font&gt; &lt;/td&gt;
&lt;td class=&apos;confluenceTd&apos;&gt; &lt;font color=&quot;green&quot;&gt; the patch passed &lt;/font&gt; &lt;/td&gt;
&lt;/tr&gt;
&lt;tr&gt;
&lt;td class=&apos;confluenceTd&apos;&gt; &lt;font color=&quot;red&quot;&gt;-1&lt;/font&gt; &lt;/td&gt;
&lt;td class=&apos;confluenceTd&apos;&gt; &lt;font color=&quot;red&quot;&gt; checkstyle &lt;/font&gt; &lt;/td&gt;
&lt;td class=&apos;confluenceTd&apos;&gt; &lt;font color=&quot;red&quot;&gt;  0m 20s&lt;/font&gt; &lt;/td&gt;
&lt;td class=&apos;confluenceTd&apos;&gt; &lt;font color=&quot;red&quot;&gt; standalone-metastore/metastore-server: The patch generated 2 new + 439 unchanged - 1 fixed = 441 total (was 440) &lt;/font&gt; &lt;/td&gt;
&lt;/tr&gt;
&lt;tr&gt;
&lt;td class=&apos;confluenceTd&apos;&gt; &lt;font color=&quot;green&quot;&gt;+1&lt;/font&gt; &lt;/td&gt;
&lt;td class=&apos;confluenceTd&apos;&gt; &lt;font color=&quot;green&quot;&gt; whitespace &lt;/font&gt; &lt;/td&gt;
&lt;td class=&apos;confluenceTd&apos;&gt; &lt;font color=&quot;green&quot;&gt;  0m  0s&lt;/font&gt; &lt;/td&gt;
&lt;td class=&apos;confluenceTd&apos;&gt; &lt;font color=&quot;green&quot;&gt; The patch has no whitespace issues. &lt;/font&gt; &lt;/td&gt;
&lt;/tr&gt;
&lt;tr&gt;
&lt;td class=&apos;confluenceTd&apos;&gt; &lt;font color=&quot;green&quot;&gt;+1&lt;/font&gt; &lt;/td&gt;
&lt;td class=&apos;confluenceTd&apos;&gt; &lt;font color=&quot;green&quot;&gt; findbugs &lt;/font&gt; &lt;/td&gt;
&lt;td class=&apos;confluenceTd&apos;&gt; &lt;font color=&quot;green&quot;&gt;  1m 12s&lt;/font&gt; &lt;/td&gt;
&lt;td class=&apos;confluenceTd&apos;&gt; &lt;font color=&quot;green&quot;&gt; the patch passed &lt;/font&gt; &lt;/td&gt;
&lt;/tr&gt;
&lt;tr&gt;
&lt;td class=&apos;confluenceTd&apos;&gt; &lt;font color=&quot;green&quot;&gt;+1&lt;/font&gt; &lt;/td&gt;
&lt;td class=&apos;confluenceTd&apos;&gt; &lt;font color=&quot;green&quot;&gt; javadoc &lt;/font&gt; &lt;/td&gt;
&lt;td class=&apos;confluenceTd&apos;&gt; &lt;font color=&quot;green&quot;&gt;  0m 18s&lt;/font&gt; &lt;/td&gt;
&lt;td class=&apos;confluenceTd&apos;&gt; &lt;font color=&quot;green&quot;&gt; the patch passed &lt;/font&gt; &lt;/td&gt;
&lt;/tr&gt;
&lt;tr&gt;
&lt;th class=&apos;confluenceTh&apos;&gt;&amp;nbsp;&lt;/th&gt;
&lt;th class=&apos;confluenceTh&apos;&gt;&amp;nbsp;&lt;/th&gt;
&lt;th class=&apos;confluenceTh&apos;&gt;&amp;nbsp;&lt;/th&gt;
&lt;th class=&apos;confluenceTh&apos;&gt; &lt;font color=&quot;brown&quot;&gt; Other Tests &lt;/font&gt; &lt;/th&gt;
&lt;/tr&gt;
&lt;tr&gt;
&lt;td class=&apos;confluenceTd&apos;&gt; &lt;font color=&quot;green&quot;&gt;+1&lt;/font&gt; &lt;/td&gt;
&lt;td class=&apos;confluenceTd&apos;&gt; &lt;font color=&quot;green&quot;&gt; asflicense &lt;/font&gt; &lt;/td&gt;
&lt;td class=&apos;confluenceTd&apos;&gt; &lt;font color=&quot;green&quot;&gt;  0m 12s&lt;/font&gt; &lt;/td&gt;
&lt;td class=&apos;confluenceTd&apos;&gt; &lt;font color=&quot;green&quot;&gt; The patch does not generate ASF License warnings. &lt;/font&gt; &lt;/td&gt;
&lt;/tr&gt;
&lt;tr&gt;
&lt;td class=&apos;confluenceTd&apos;&gt; &lt;font color=&quot;black&quot;&gt;&lt;/font&gt; &lt;/td&gt;
&lt;td class=&apos;confluenceTd&apos;&gt; &lt;font color=&quot;black&quot;&gt; &lt;/font&gt; &lt;/td&gt;
&lt;td class=&apos;confluenceTd&apos;&gt; &lt;font color=&quot;black&quot;&gt; 13m 29s&lt;/font&gt; &lt;/td&gt;
&lt;td class=&apos;confluenceTd&apos;&gt; &lt;font color=&quot;black&quot;&gt; &lt;/font&gt; &lt;/td&gt;
&lt;/tr&gt;
&lt;/tbody&gt;&lt;/table&gt;
&lt;/div&gt;

&lt;p&gt;&lt;br class=&quot;atl-forced-newline&quot; /&gt;
&lt;br class=&quot;atl-forced-newline&quot; /&gt;&lt;/p&gt;
&lt;div class=&apos;table-wrap&apos;&gt;
&lt;table class=&apos;confluenceTable&apos;&gt;&lt;tbody&gt;
&lt;tr&gt;
&lt;th class=&apos;confluenceTh&apos;&gt; Subsystem &lt;/th&gt;
&lt;th class=&apos;confluenceTh&apos;&gt; Report/Notes &lt;/th&gt;
&lt;/tr&gt;
&lt;tr&gt;
&lt;td class=&apos;confluenceTd&apos;&gt; Optional Tests &lt;/td&gt;
&lt;td class=&apos;confluenceTd&apos;&gt;  asflicense  javac  javadoc  findbugs  checkstyle  compile  &lt;/td&gt;
&lt;/tr&gt;
&lt;tr&gt;
&lt;td class=&apos;confluenceTd&apos;&gt; uname &lt;/td&gt;
&lt;td class=&apos;confluenceTd&apos;&gt; Linux hiveptest-server-upstream 3.16.0-4-amd64 #1 SMP Debian 3.16.43-2+deb8u5 (2017-09-19) x86_64 GNU/Linux &lt;/td&gt;
&lt;/tr&gt;
&lt;tr&gt;
&lt;td class=&apos;confluenceTd&apos;&gt; Build tool &lt;/td&gt;
&lt;td class=&apos;confluenceTd&apos;&gt; maven &lt;/td&gt;
&lt;/tr&gt;
&lt;tr&gt;
&lt;td class=&apos;confluenceTd&apos;&gt; Personality &lt;/td&gt;
&lt;td class=&apos;confluenceTd&apos;&gt; /data/hiveptest/working/yetus_PreCommit-HIVE-Build-18483/dev-support/hive-personality.sh &lt;/td&gt;
&lt;/tr&gt;
&lt;tr&gt;
&lt;td class=&apos;confluenceTd&apos;&gt; git revision &lt;/td&gt;
&lt;td class=&apos;confluenceTd&apos;&gt; master / 0213afb &lt;/td&gt;
&lt;/tr&gt;
&lt;tr&gt;
&lt;td class=&apos;confluenceTd&apos;&gt; Default Java &lt;/td&gt;
&lt;td class=&apos;confluenceTd&apos;&gt; 1.8.0_111 &lt;/td&gt;
&lt;/tr&gt;
&lt;tr&gt;
&lt;td class=&apos;confluenceTd&apos;&gt; findbugs &lt;/td&gt;
&lt;td class=&apos;confluenceTd&apos;&gt; v3.0.0 &lt;/td&gt;
&lt;/tr&gt;
&lt;tr&gt;
&lt;td class=&apos;confluenceTd&apos;&gt; checkstyle &lt;/td&gt;
&lt;td class=&apos;confluenceTd&apos;&gt; &lt;a href=&quot;http://104.198.109.242/logs//PreCommit-HIVE-Build-18483/yetus/diff-checkstyle-standalone-metastore_metastore-server.txt&quot; class=&quot;external-link&quot; target=&quot;_blank&quot; rel=&quot;nofollow noopener&quot;&gt;http://104.198.109.242/logs//PreCommit-HIVE-Build-18483/yetus/diff-checkstyle-standalone-metastore_metastore-server.txt&lt;/a&gt; &lt;/td&gt;
&lt;/tr&gt;
&lt;tr&gt;
&lt;td class=&apos;confluenceTd&apos;&gt; modules &lt;/td&gt;
&lt;td class=&apos;confluenceTd&apos;&gt; C: standalone-metastore/metastore-server U: standalone-metastore/metastore-server &lt;/td&gt;
&lt;/tr&gt;
&lt;tr&gt;
&lt;td class=&apos;confluenceTd&apos;&gt; Console output &lt;/td&gt;
&lt;td class=&apos;confluenceTd&apos;&gt; &lt;a href=&quot;http://104.198.109.242/logs//PreCommit-HIVE-Build-18483/yetus.txt&quot; class=&quot;external-link&quot; target=&quot;_blank&quot; rel=&quot;nofollow noopener&quot;&gt;http://104.198.109.242/logs//PreCommit-HIVE-Build-18483/yetus.txt&lt;/a&gt; &lt;/td&gt;
&lt;/tr&gt;
&lt;tr&gt;
&lt;td class=&apos;confluenceTd&apos;&gt; Powered by &lt;/td&gt;
&lt;td class=&apos;confluenceTd&apos;&gt; Apache Yetus    &lt;a href=&quot;http://yetus.apache.org&quot; class=&quot;external-link&quot; target=&quot;_blank&quot; rel=&quot;nofollow noopener&quot;&gt;http://yetus.apache.org&lt;/a&gt; &lt;/td&gt;
&lt;/tr&gt;
&lt;/tbody&gt;&lt;/table&gt;
&lt;/div&gt;



&lt;p&gt;This message was automatically generated.&lt;/p&gt;
</comment>
                            <comment id="16924652" author="hiveqa" created="Fri, 6 Sep 2019 23:01:14 +0000"  >

&lt;p&gt;Here are the results of testing the latest attachment:&lt;br/&gt;
&lt;a href=&quot;https://issues.apache.org/jira/secure/attachment/12979714/HIVE-22149.02.patch&quot; class=&quot;external-link&quot; rel=&quot;nofollow&quot;&gt;https://issues.apache.org/jira/secure/attachment/12979714/HIVE-22149.02.patch&lt;/a&gt;&lt;/p&gt;

&lt;p&gt;&lt;font color=&quot;green&quot;&gt;SUCCESS:&lt;/font&gt; +1 due to 1 test(s) being added or modified.&lt;/p&gt;

&lt;p&gt;&lt;font color=&quot;red&quot;&gt;ERROR:&lt;/font&gt; -1 due to 1 failed/errored test(s), 16747 tests executed&lt;br/&gt;
&lt;b&gt;Failed tests:&lt;/b&gt;&lt;/p&gt;
&lt;div class=&quot;preformatted panel&quot; style=&quot;border-width: 1px;&quot;&gt;&lt;div class=&quot;preformattedContent panelContent&quot;&gt;
&lt;pre&gt;org.apache.hadoop.hive.metastore.TestMetaStoreMetrics.testConnections (batchId=242)
&lt;/pre&gt;
&lt;/div&gt;&lt;/div&gt;

&lt;p&gt;Test results: &lt;a href=&quot;https://builds.apache.org/job/PreCommit-HIVE-Build/18483/testReport&quot; class=&quot;external-link&quot; target=&quot;_blank&quot; rel=&quot;nofollow noopener&quot;&gt;https://builds.apache.org/job/PreCommit-HIVE-Build/18483/testReport&lt;/a&gt;&lt;br/&gt;
Console output: &lt;a href=&quot;https://builds.apache.org/job/PreCommit-HIVE-Build/18483/console&quot; class=&quot;external-link&quot; target=&quot;_blank&quot; rel=&quot;nofollow noopener&quot;&gt;https://builds.apache.org/job/PreCommit-HIVE-Build/18483/console&lt;/a&gt;&lt;br/&gt;
Test logs: &lt;a href=&quot;http://104.198.109.242/logs/PreCommit-HIVE-Build-18483/&quot; class=&quot;external-link&quot; target=&quot;_blank&quot; rel=&quot;nofollow noopener&quot;&gt;http://104.198.109.242/logs/PreCommit-HIVE-Build-18483/&lt;/a&gt;&lt;/p&gt;

&lt;p&gt;Messages:&lt;/p&gt;
&lt;div class=&quot;preformatted panel&quot; style=&quot;border-width: 1px;&quot;&gt;&lt;div class=&quot;preformattedContent panelContent&quot;&gt;
&lt;pre&gt;Executing org.apache.hive.ptest.execution.TestCheckPhase
Executing org.apache.hive.ptest.execution.PrepPhase
Executing org.apache.hive.ptest.execution.YetusPhase
Executing org.apache.hive.ptest.execution.ExecutionPhase
Executing org.apache.hive.ptest.execution.ReportingPhase
Tests exited with: TestsFailedException: 1 tests failed
&lt;/pre&gt;
&lt;/div&gt;&lt;/div&gt;

&lt;p&gt;This message is automatically generated.&lt;/p&gt;

&lt;p&gt;ATTACHMENT ID: 12979714 - PreCommit-HIVE-Build&lt;/p&gt;</comment>
                            <comment id="16924754" author="hiveqa" created="Sat, 7 Sep 2019 06:56:40 +0000"  >&lt;div class=&apos;table-wrap&apos;&gt;
&lt;table class=&apos;confluenceTable&apos;&gt;&lt;tbody&gt;
&lt;tr&gt;
&lt;td class=&apos;confluenceTd&apos;&gt; &lt;img class=&quot;emoticon&quot; src=&quot;https://issues.apache.org/jira/images/icons/emoticons/error.png&quot; height=&quot;16&quot; width=&quot;16&quot; align=&quot;absmiddle&quot; alt=&quot;&quot; border=&quot;0&quot;/&gt; &lt;b&gt;&lt;font color=&quot;red&quot;&gt;-1 overall&lt;/font&gt;&lt;/b&gt; &lt;/td&gt;
&lt;/tr&gt;
&lt;/tbody&gt;&lt;/table&gt;
&lt;/div&gt;

&lt;p&gt;&lt;br class=&quot;atl-forced-newline&quot; /&gt;
&lt;br class=&quot;atl-forced-newline&quot; /&gt;&lt;/p&gt;
&lt;div class=&apos;table-wrap&apos;&gt;
&lt;table class=&apos;confluenceTable&apos;&gt;&lt;tbody&gt;
&lt;tr&gt;
&lt;th class=&apos;confluenceTh&apos;&gt; Vote &lt;/th&gt;
&lt;th class=&apos;confluenceTh&apos;&gt; Subsystem &lt;/th&gt;
&lt;th class=&apos;confluenceTh&apos;&gt; Runtime &lt;/th&gt;
&lt;th class=&apos;confluenceTh&apos;&gt; Comment &lt;/th&gt;
&lt;/tr&gt;
&lt;tr&gt;
&lt;th class=&apos;confluenceTh&apos;&gt;&amp;nbsp;&lt;/th&gt;
&lt;th class=&apos;confluenceTh&apos;&gt;&amp;nbsp;&lt;/th&gt;
&lt;th class=&apos;confluenceTh&apos;&gt;&amp;nbsp;&lt;/th&gt;
&lt;th class=&apos;confluenceTh&apos;&gt; &lt;font color=&quot;brown&quot;&gt; Prechecks &lt;/font&gt; &lt;/th&gt;
&lt;/tr&gt;
&lt;tr&gt;
&lt;td class=&apos;confluenceTd&apos;&gt; &lt;font color=&quot;green&quot;&gt;+1&lt;/font&gt; &lt;/td&gt;
&lt;td class=&apos;confluenceTd&apos;&gt; &lt;font color=&quot;green&quot;&gt; @author &lt;/font&gt; &lt;/td&gt;
&lt;td class=&apos;confluenceTd&apos;&gt; &lt;font color=&quot;green&quot;&gt;  0m  0s&lt;/font&gt; &lt;/td&gt;
&lt;td class=&apos;confluenceTd&apos;&gt; &lt;font color=&quot;green&quot;&gt; The patch does not contain any @author tags. &lt;/font&gt; &lt;/td&gt;
&lt;/tr&gt;
&lt;tr&gt;
&lt;th class=&apos;confluenceTh&apos;&gt;&amp;nbsp;&lt;/th&gt;
&lt;th class=&apos;confluenceTh&apos;&gt;&amp;nbsp;&lt;/th&gt;
&lt;th class=&apos;confluenceTh&apos;&gt;&amp;nbsp;&lt;/th&gt;
&lt;th class=&apos;confluenceTh&apos;&gt; &lt;font color=&quot;brown&quot;&gt; master Compile Tests &lt;/font&gt; &lt;/th&gt;
&lt;/tr&gt;
&lt;tr&gt;
&lt;td class=&apos;confluenceTd&apos;&gt; &lt;font color=&quot;blue&quot;&gt;0&lt;/font&gt; &lt;/td&gt;
&lt;td class=&apos;confluenceTd&apos;&gt; &lt;font color=&quot;blue&quot;&gt; mvndep &lt;/font&gt; &lt;/td&gt;
&lt;td class=&apos;confluenceTd&apos;&gt; &lt;font color=&quot;blue&quot;&gt;  1m 30s&lt;/font&gt; &lt;/td&gt;
&lt;td class=&apos;confluenceTd&apos;&gt; &lt;font color=&quot;blue&quot;&gt; Maven dependency ordering for branch &lt;/font&gt; &lt;/td&gt;
&lt;/tr&gt;
&lt;tr&gt;
&lt;td class=&apos;confluenceTd&apos;&gt; &lt;font color=&quot;green&quot;&gt;+1&lt;/font&gt; &lt;/td&gt;
&lt;td class=&apos;confluenceTd&apos;&gt; &lt;font color=&quot;green&quot;&gt; mvninstall &lt;/font&gt; &lt;/td&gt;
&lt;td class=&apos;confluenceTd&apos;&gt; &lt;font color=&quot;green&quot;&gt;  6m 30s&lt;/font&gt; &lt;/td&gt;
&lt;td class=&apos;confluenceTd&apos;&gt; &lt;font color=&quot;green&quot;&gt; master passed &lt;/font&gt; &lt;/td&gt;
&lt;/tr&gt;
&lt;tr&gt;
&lt;td class=&apos;confluenceTd&apos;&gt; &lt;font color=&quot;green&quot;&gt;+1&lt;/font&gt; &lt;/td&gt;
&lt;td class=&apos;confluenceTd&apos;&gt; &lt;font color=&quot;green&quot;&gt; compile &lt;/font&gt; &lt;/td&gt;
&lt;td class=&apos;confluenceTd&apos;&gt; &lt;font color=&quot;green&quot;&gt;  1m  1s&lt;/font&gt; &lt;/td&gt;
&lt;td class=&apos;confluenceTd&apos;&gt; &lt;font color=&quot;green&quot;&gt; master passed &lt;/font&gt; &lt;/td&gt;
&lt;/tr&gt;
&lt;tr&gt;
&lt;td class=&apos;confluenceTd&apos;&gt; &lt;font color=&quot;green&quot;&gt;+1&lt;/font&gt; &lt;/td&gt;
&lt;td class=&apos;confluenceTd&apos;&gt; &lt;font color=&quot;green&quot;&gt; checkstyle &lt;/font&gt; &lt;/td&gt;
&lt;td class=&apos;confluenceTd&apos;&gt; &lt;font color=&quot;green&quot;&gt;  0m 34s&lt;/font&gt; &lt;/td&gt;
&lt;td class=&apos;confluenceTd&apos;&gt; &lt;font color=&quot;green&quot;&gt; master passed &lt;/font&gt; &lt;/td&gt;
&lt;/tr&gt;
&lt;tr&gt;
&lt;td class=&apos;confluenceTd&apos;&gt; &lt;font color=&quot;blue&quot;&gt;0&lt;/font&gt; &lt;/td&gt;
&lt;td class=&apos;confluenceTd&apos;&gt; &lt;font color=&quot;blue&quot;&gt; findbugs &lt;/font&gt; &lt;/td&gt;
&lt;td class=&apos;confluenceTd&apos;&gt; &lt;font color=&quot;blue&quot;&gt;  1m  2s&lt;/font&gt; &lt;/td&gt;
&lt;td class=&apos;confluenceTd&apos;&gt; &lt;font color=&quot;blue&quot;&gt; standalone-metastore/metastore-server in master has 181 extant Findbugs warnings. &lt;/font&gt; &lt;/td&gt;
&lt;/tr&gt;
&lt;tr&gt;
&lt;td class=&apos;confluenceTd&apos;&gt; &lt;font color=&quot;blue&quot;&gt;0&lt;/font&gt; &lt;/td&gt;
&lt;td class=&apos;confluenceTd&apos;&gt; &lt;font color=&quot;blue&quot;&gt; findbugs &lt;/font&gt; &lt;/td&gt;
&lt;td class=&apos;confluenceTd&apos;&gt; &lt;font color=&quot;blue&quot;&gt;  0m 35s&lt;/font&gt; &lt;/td&gt;
&lt;td class=&apos;confluenceTd&apos;&gt; &lt;font color=&quot;blue&quot;&gt; itests/hive-unit in master has 2 extant Findbugs warnings. &lt;/font&gt; &lt;/td&gt;
&lt;/tr&gt;
&lt;tr&gt;
&lt;td class=&apos;confluenceTd&apos;&gt; &lt;font color=&quot;green&quot;&gt;+1&lt;/font&gt; &lt;/td&gt;
&lt;td class=&apos;confluenceTd&apos;&gt; &lt;font color=&quot;green&quot;&gt; javadoc &lt;/font&gt; &lt;/td&gt;
&lt;td class=&apos;confluenceTd&apos;&gt; &lt;font color=&quot;green&quot;&gt;  0m 39s&lt;/font&gt; &lt;/td&gt;
&lt;td class=&apos;confluenceTd&apos;&gt; &lt;font color=&quot;green&quot;&gt; master passed &lt;/font&gt; &lt;/td&gt;
&lt;/tr&gt;
&lt;tr&gt;
&lt;th class=&apos;confluenceTh&apos;&gt;&amp;nbsp;&lt;/th&gt;
&lt;th class=&apos;confluenceTh&apos;&gt;&amp;nbsp;&lt;/th&gt;
&lt;th class=&apos;confluenceTh&apos;&gt;&amp;nbsp;&lt;/th&gt;
&lt;th class=&apos;confluenceTh&apos;&gt; &lt;font color=&quot;brown&quot;&gt; Patch Compile Tests &lt;/font&gt; &lt;/th&gt;
&lt;/tr&gt;
&lt;tr&gt;
&lt;td class=&apos;confluenceTd&apos;&gt; &lt;font color=&quot;blue&quot;&gt;0&lt;/font&gt; &lt;/td&gt;
&lt;td class=&apos;confluenceTd&apos;&gt; &lt;font color=&quot;blue&quot;&gt; mvndep &lt;/font&gt; &lt;/td&gt;
&lt;td class=&apos;confluenceTd&apos;&gt; &lt;font color=&quot;blue&quot;&gt;  0m 24s&lt;/font&gt; &lt;/td&gt;
&lt;td class=&apos;confluenceTd&apos;&gt; &lt;font color=&quot;blue&quot;&gt; Maven dependency ordering for patch &lt;/font&gt; &lt;/td&gt;
&lt;/tr&gt;
&lt;tr&gt;
&lt;td class=&apos;confluenceTd&apos;&gt; &lt;font color=&quot;green&quot;&gt;+1&lt;/font&gt; &lt;/td&gt;
&lt;td class=&apos;confluenceTd&apos;&gt; &lt;font color=&quot;green&quot;&gt; mvninstall &lt;/font&gt; &lt;/td&gt;
&lt;td class=&apos;confluenceTd&apos;&gt; &lt;font color=&quot;green&quot;&gt;  1m  7s&lt;/font&gt; &lt;/td&gt;
&lt;td class=&apos;confluenceTd&apos;&gt; &lt;font color=&quot;green&quot;&gt; the patch passed &lt;/font&gt; &lt;/td&gt;
&lt;/tr&gt;
&lt;tr&gt;
&lt;td class=&apos;confluenceTd&apos;&gt; &lt;font color=&quot;green&quot;&gt;+1&lt;/font&gt; &lt;/td&gt;
&lt;td class=&apos;confluenceTd&apos;&gt; &lt;font color=&quot;green&quot;&gt; compile &lt;/font&gt; &lt;/td&gt;
&lt;td class=&apos;confluenceTd&apos;&gt; &lt;font color=&quot;green&quot;&gt;  1m  6s&lt;/font&gt; &lt;/td&gt;
&lt;td class=&apos;confluenceTd&apos;&gt; &lt;font color=&quot;green&quot;&gt; the patch passed &lt;/font&gt; &lt;/td&gt;
&lt;/tr&gt;
&lt;tr&gt;
&lt;td class=&apos;confluenceTd&apos;&gt; &lt;font color=&quot;green&quot;&gt;+1&lt;/font&gt; &lt;/td&gt;
&lt;td class=&apos;confluenceTd&apos;&gt; &lt;font color=&quot;green&quot;&gt; javac &lt;/font&gt; &lt;/td&gt;
&lt;td class=&apos;confluenceTd&apos;&gt; &lt;font color=&quot;green&quot;&gt;  1m  6s&lt;/font&gt; &lt;/td&gt;
&lt;td class=&apos;confluenceTd&apos;&gt; &lt;font color=&quot;green&quot;&gt; the patch passed &lt;/font&gt; &lt;/td&gt;
&lt;/tr&gt;
&lt;tr&gt;
&lt;td class=&apos;confluenceTd&apos;&gt; &lt;font color=&quot;red&quot;&gt;-1&lt;/font&gt; &lt;/td&gt;
&lt;td class=&apos;confluenceTd&apos;&gt; &lt;font color=&quot;red&quot;&gt; checkstyle &lt;/font&gt; &lt;/td&gt;
&lt;td class=&apos;confluenceTd&apos;&gt; &lt;font color=&quot;red&quot;&gt;  0m 20s&lt;/font&gt; &lt;/td&gt;
&lt;td class=&apos;confluenceTd&apos;&gt; &lt;font color=&quot;red&quot;&gt; standalone-metastore/metastore-server: The patch generated 2 new + 439 unchanged - 1 fixed = 441 total (was 440) &lt;/font&gt; &lt;/td&gt;
&lt;/tr&gt;
&lt;tr&gt;
&lt;td class=&apos;confluenceTd&apos;&gt; &lt;font color=&quot;green&quot;&gt;+1&lt;/font&gt; &lt;/td&gt;
&lt;td class=&apos;confluenceTd&apos;&gt; &lt;font color=&quot;green&quot;&gt; whitespace &lt;/font&gt; &lt;/td&gt;
&lt;td class=&apos;confluenceTd&apos;&gt; &lt;font color=&quot;green&quot;&gt;  0m  0s&lt;/font&gt; &lt;/td&gt;
&lt;td class=&apos;confluenceTd&apos;&gt; &lt;font color=&quot;green&quot;&gt; The patch has no whitespace issues. &lt;/font&gt; &lt;/td&gt;
&lt;/tr&gt;
&lt;tr&gt;
&lt;td class=&apos;confluenceTd&apos;&gt; &lt;font color=&quot;green&quot;&gt;+1&lt;/font&gt; &lt;/td&gt;
&lt;td class=&apos;confluenceTd&apos;&gt; &lt;font color=&quot;green&quot;&gt; findbugs &lt;/font&gt; &lt;/td&gt;
&lt;td class=&apos;confluenceTd&apos;&gt; &lt;font color=&quot;green&quot;&gt;  2m  3s&lt;/font&gt; &lt;/td&gt;
&lt;td class=&apos;confluenceTd&apos;&gt; &lt;font color=&quot;green&quot;&gt; the patch passed &lt;/font&gt; &lt;/td&gt;
&lt;/tr&gt;
&lt;tr&gt;
&lt;td class=&apos;confluenceTd&apos;&gt; &lt;font color=&quot;green&quot;&gt;+1&lt;/font&gt; &lt;/td&gt;
&lt;td class=&apos;confluenceTd&apos;&gt; &lt;font color=&quot;green&quot;&gt; javadoc &lt;/font&gt; &lt;/td&gt;
&lt;td class=&apos;confluenceTd&apos;&gt; &lt;font color=&quot;green&quot;&gt;  0m 45s&lt;/font&gt; &lt;/td&gt;
&lt;td class=&apos;confluenceTd&apos;&gt; &lt;font color=&quot;green&quot;&gt; the patch passed &lt;/font&gt; &lt;/td&gt;
&lt;/tr&gt;
&lt;tr&gt;
&lt;th class=&apos;confluenceTh&apos;&gt;&amp;nbsp;&lt;/th&gt;
&lt;th class=&apos;confluenceTh&apos;&gt;&amp;nbsp;&lt;/th&gt;
&lt;th class=&apos;confluenceTh&apos;&gt;&amp;nbsp;&lt;/th&gt;
&lt;th class=&apos;confluenceTh&apos;&gt; &lt;font color=&quot;brown&quot;&gt; Other Tests &lt;/font&gt; &lt;/th&gt;
&lt;/tr&gt;
&lt;tr&gt;
&lt;td class=&apos;confluenceTd&apos;&gt; &lt;font color=&quot;green&quot;&gt;+1&lt;/font&gt; &lt;/td&gt;
&lt;td class=&apos;confluenceTd&apos;&gt; &lt;font color=&quot;green&quot;&gt; asflicense &lt;/font&gt; &lt;/td&gt;
&lt;td class=&apos;confluenceTd&apos;&gt; &lt;font color=&quot;green&quot;&gt;  0m 13s&lt;/font&gt; &lt;/td&gt;
&lt;td class=&apos;confluenceTd&apos;&gt; &lt;font color=&quot;green&quot;&gt; The patch does not generate ASF License warnings. &lt;/font&gt; &lt;/td&gt;
&lt;/tr&gt;
&lt;tr&gt;
&lt;td class=&apos;confluenceTd&apos;&gt; &lt;font color=&quot;black&quot;&gt;&lt;/font&gt; &lt;/td&gt;
&lt;td class=&apos;confluenceTd&apos;&gt; &lt;font color=&quot;black&quot;&gt; &lt;/font&gt; &lt;/td&gt;
&lt;td class=&apos;confluenceTd&apos;&gt; &lt;font color=&quot;black&quot;&gt; 18m 43s&lt;/font&gt; &lt;/td&gt;
&lt;td class=&apos;confluenceTd&apos;&gt; &lt;font color=&quot;black&quot;&gt; &lt;/font&gt; &lt;/td&gt;
&lt;/tr&gt;
&lt;/tbody&gt;&lt;/table&gt;
&lt;/div&gt;

&lt;p&gt;&lt;br class=&quot;atl-forced-newline&quot; /&gt;
&lt;br class=&quot;atl-forced-newline&quot; /&gt;&lt;/p&gt;
&lt;div class=&apos;table-wrap&apos;&gt;
&lt;table class=&apos;confluenceTable&apos;&gt;&lt;tbody&gt;
&lt;tr&gt;
&lt;th class=&apos;confluenceTh&apos;&gt; Subsystem &lt;/th&gt;
&lt;th class=&apos;confluenceTh&apos;&gt; Report/Notes &lt;/th&gt;
&lt;/tr&gt;
&lt;tr&gt;
&lt;td class=&apos;confluenceTd&apos;&gt; Optional Tests &lt;/td&gt;
&lt;td class=&apos;confluenceTd&apos;&gt;  asflicense  javac  javadoc  findbugs  checkstyle  compile  &lt;/td&gt;
&lt;/tr&gt;
&lt;tr&gt;
&lt;td class=&apos;confluenceTd&apos;&gt; uname &lt;/td&gt;
&lt;td class=&apos;confluenceTd&apos;&gt; Linux hiveptest-server-upstream 3.16.0-4-amd64 #1 SMP Debian 3.16.43-2+deb8u5 (2017-09-19) x86_64 GNU/Linux &lt;/td&gt;
&lt;/tr&gt;
&lt;tr&gt;
&lt;td class=&apos;confluenceTd&apos;&gt; Build tool &lt;/td&gt;
&lt;td class=&apos;confluenceTd&apos;&gt; maven &lt;/td&gt;
&lt;/tr&gt;
&lt;tr&gt;
&lt;td class=&apos;confluenceTd&apos;&gt; Personality &lt;/td&gt;
&lt;td class=&apos;confluenceTd&apos;&gt; /data/hiveptest/working/yetus_PreCommit-HIVE-Build-18490/dev-support/hive-personality.sh &lt;/td&gt;
&lt;/tr&gt;
&lt;tr&gt;
&lt;td class=&apos;confluenceTd&apos;&gt; git revision &lt;/td&gt;
&lt;td class=&apos;confluenceTd&apos;&gt; master / 0213afb &lt;/td&gt;
&lt;/tr&gt;
&lt;tr&gt;
&lt;td class=&apos;confluenceTd&apos;&gt; Default Java &lt;/td&gt;
&lt;td class=&apos;confluenceTd&apos;&gt; 1.8.0_111 &lt;/td&gt;
&lt;/tr&gt;
&lt;tr&gt;
&lt;td class=&apos;confluenceTd&apos;&gt; findbugs &lt;/td&gt;
&lt;td class=&apos;confluenceTd&apos;&gt; v3.0.0 &lt;/td&gt;
&lt;/tr&gt;
&lt;tr&gt;
&lt;td class=&apos;confluenceTd&apos;&gt; checkstyle &lt;/td&gt;
&lt;td class=&apos;confluenceTd&apos;&gt; &lt;a href=&quot;http://104.198.109.242/logs//PreCommit-HIVE-Build-18490/yetus/diff-checkstyle-standalone-metastore_metastore-server.txt&quot; class=&quot;external-link&quot; target=&quot;_blank&quot; rel=&quot;nofollow noopener&quot;&gt;http://104.198.109.242/logs//PreCommit-HIVE-Build-18490/yetus/diff-checkstyle-standalone-metastore_metastore-server.txt&lt;/a&gt; &lt;/td&gt;
&lt;/tr&gt;
&lt;tr&gt;
&lt;td class=&apos;confluenceTd&apos;&gt; modules &lt;/td&gt;
&lt;td class=&apos;confluenceTd&apos;&gt; C: standalone-metastore/metastore-server itests/hive-unit U: . &lt;/td&gt;
&lt;/tr&gt;
&lt;tr&gt;
&lt;td class=&apos;confluenceTd&apos;&gt; Console output &lt;/td&gt;
&lt;td class=&apos;confluenceTd&apos;&gt; &lt;a href=&quot;http://104.198.109.242/logs//PreCommit-HIVE-Build-18490/yetus.txt&quot; class=&quot;external-link&quot; target=&quot;_blank&quot; rel=&quot;nofollow noopener&quot;&gt;http://104.198.109.242/logs//PreCommit-HIVE-Build-18490/yetus.txt&lt;/a&gt; &lt;/td&gt;
&lt;/tr&gt;
&lt;tr&gt;
&lt;td class=&apos;confluenceTd&apos;&gt; Powered by &lt;/td&gt;
&lt;td class=&apos;confluenceTd&apos;&gt; Apache Yetus    &lt;a href=&quot;http://yetus.apache.org&quot; class=&quot;external-link&quot; target=&quot;_blank&quot; rel=&quot;nofollow noopener&quot;&gt;http://yetus.apache.org&lt;/a&gt; &lt;/td&gt;
&lt;/tr&gt;
&lt;/tbody&gt;&lt;/table&gt;
&lt;/div&gt;



&lt;p&gt;This message was automatically generated.&lt;/p&gt;
</comment>
                            <comment id="16924762" author="hiveqa" created="Sat, 7 Sep 2019 07:53:01 +0000"  >

&lt;p&gt;Here are the results of testing the latest attachment:&lt;br/&gt;
&lt;a href=&quot;https://issues.apache.org/jira/secure/attachment/12979739/HIVE-22149.03.patch&quot; class=&quot;external-link&quot; rel=&quot;nofollow&quot;&gt;https://issues.apache.org/jira/secure/attachment/12979739/HIVE-22149.03.patch&lt;/a&gt;&lt;/p&gt;

&lt;p&gt;&lt;font color=&quot;green&quot;&gt;SUCCESS:&lt;/font&gt; +1 due to 2 test(s) being added or modified.&lt;/p&gt;

&lt;p&gt;&lt;font color=&quot;red&quot;&gt;ERROR:&lt;/font&gt; -1 due to 2 failed/errored test(s), 16743 tests executed&lt;br/&gt;
&lt;b&gt;Failed tests:&lt;/b&gt;&lt;/p&gt;
&lt;div class=&quot;preformatted panel&quot; style=&quot;border-width: 1px;&quot;&gt;&lt;div class=&quot;preformattedContent panelContent&quot;&gt;
&lt;pre&gt;TestStatsReplicationScenariosACIDNoAutogather - did not produce a TEST-*.xml file (likely timed out) (batchId=254)
org.apache.hadoop.hive.llap.cache.TestBuddyAllocator.testMTT[2] (batchId=361)
&lt;/pre&gt;
&lt;/div&gt;&lt;/div&gt;

&lt;p&gt;Test results: &lt;a href=&quot;https://builds.apache.org/job/PreCommit-HIVE-Build/18490/testReport&quot; class=&quot;external-link&quot; target=&quot;_blank&quot; rel=&quot;nofollow noopener&quot;&gt;https://builds.apache.org/job/PreCommit-HIVE-Build/18490/testReport&lt;/a&gt;&lt;br/&gt;
Console output: &lt;a href=&quot;https://builds.apache.org/job/PreCommit-HIVE-Build/18490/console&quot; class=&quot;external-link&quot; target=&quot;_blank&quot; rel=&quot;nofollow noopener&quot;&gt;https://builds.apache.org/job/PreCommit-HIVE-Build/18490/console&lt;/a&gt;&lt;br/&gt;
Test logs: &lt;a href=&quot;http://104.198.109.242/logs/PreCommit-HIVE-Build-18490/&quot; class=&quot;external-link&quot; target=&quot;_blank&quot; rel=&quot;nofollow noopener&quot;&gt;http://104.198.109.242/logs/PreCommit-HIVE-Build-18490/&lt;/a&gt;&lt;/p&gt;

&lt;p&gt;Messages:&lt;/p&gt;
&lt;div class=&quot;preformatted panel&quot; style=&quot;border-width: 1px;&quot;&gt;&lt;div class=&quot;preformattedContent panelContent&quot;&gt;
&lt;pre&gt;Executing org.apache.hive.ptest.execution.TestCheckPhase
Executing org.apache.hive.ptest.execution.PrepPhase
Executing org.apache.hive.ptest.execution.YetusPhase
Executing org.apache.hive.ptest.execution.ExecutionPhase
Executing org.apache.hive.ptest.execution.ReportingPhase
Tests exited with: TestsFailedException: 2 tests failed
&lt;/pre&gt;
&lt;/div&gt;&lt;/div&gt;

&lt;p&gt;This message is automatically generated.&lt;/p&gt;

&lt;p&gt;ATTACHMENT ID: 12979739 - PreCommit-HIVE-Build&lt;/p&gt;</comment>
                            <comment id="16924769" author="hiveqa" created="Sat, 7 Sep 2019 08:26:05 +0000"  >&lt;div class=&apos;table-wrap&apos;&gt;
&lt;table class=&apos;confluenceTable&apos;&gt;&lt;tbody&gt;
&lt;tr&gt;
&lt;td class=&apos;confluenceTd&apos;&gt; &lt;img class=&quot;emoticon&quot; src=&quot;https://issues.apache.org/jira/images/icons/emoticons/error.png&quot; height=&quot;16&quot; width=&quot;16&quot; align=&quot;absmiddle&quot; alt=&quot;&quot; border=&quot;0&quot;/&gt; &lt;b&gt;&lt;font color=&quot;red&quot;&gt;-1 overall&lt;/font&gt;&lt;/b&gt; &lt;/td&gt;
&lt;/tr&gt;
&lt;/tbody&gt;&lt;/table&gt;
&lt;/div&gt;

&lt;p&gt;&lt;br class=&quot;atl-forced-newline&quot; /&gt;
&lt;br class=&quot;atl-forced-newline&quot; /&gt;&lt;/p&gt;
&lt;div class=&apos;table-wrap&apos;&gt;
&lt;table class=&apos;confluenceTable&apos;&gt;&lt;tbody&gt;
&lt;tr&gt;
&lt;th class=&apos;confluenceTh&apos;&gt; Vote &lt;/th&gt;
&lt;th class=&apos;confluenceTh&apos;&gt; Subsystem &lt;/th&gt;
&lt;th class=&apos;confluenceTh&apos;&gt; Runtime &lt;/th&gt;
&lt;th class=&apos;confluenceTh&apos;&gt; Comment &lt;/th&gt;
&lt;/tr&gt;
&lt;tr&gt;
&lt;th class=&apos;confluenceTh&apos;&gt;&amp;nbsp;&lt;/th&gt;
&lt;th class=&apos;confluenceTh&apos;&gt;&amp;nbsp;&lt;/th&gt;
&lt;th class=&apos;confluenceTh&apos;&gt;&amp;nbsp;&lt;/th&gt;
&lt;th class=&apos;confluenceTh&apos;&gt; &lt;font color=&quot;brown&quot;&gt; Prechecks &lt;/font&gt; &lt;/th&gt;
&lt;/tr&gt;
&lt;tr&gt;
&lt;td class=&apos;confluenceTd&apos;&gt; &lt;font color=&quot;green&quot;&gt;+1&lt;/font&gt; &lt;/td&gt;
&lt;td class=&apos;confluenceTd&apos;&gt; &lt;font color=&quot;green&quot;&gt; @author &lt;/font&gt; &lt;/td&gt;
&lt;td class=&apos;confluenceTd&apos;&gt; &lt;font color=&quot;green&quot;&gt;  0m  1s&lt;/font&gt; &lt;/td&gt;
&lt;td class=&apos;confluenceTd&apos;&gt; &lt;font color=&quot;green&quot;&gt; The patch does not contain any @author tags. &lt;/font&gt; &lt;/td&gt;
&lt;/tr&gt;
&lt;tr&gt;
&lt;th class=&apos;confluenceTh&apos;&gt;&amp;nbsp;&lt;/th&gt;
&lt;th class=&apos;confluenceTh&apos;&gt;&amp;nbsp;&lt;/th&gt;
&lt;th class=&apos;confluenceTh&apos;&gt;&amp;nbsp;&lt;/th&gt;
&lt;th class=&apos;confluenceTh&apos;&gt; &lt;font color=&quot;brown&quot;&gt; master Compile Tests &lt;/font&gt; &lt;/th&gt;
&lt;/tr&gt;
&lt;tr&gt;
&lt;td class=&apos;confluenceTd&apos;&gt; &lt;font color=&quot;blue&quot;&gt;0&lt;/font&gt; &lt;/td&gt;
&lt;td class=&apos;confluenceTd&apos;&gt; &lt;font color=&quot;blue&quot;&gt; mvndep &lt;/font&gt; &lt;/td&gt;
&lt;td class=&apos;confluenceTd&apos;&gt; &lt;font color=&quot;blue&quot;&gt;  1m 31s&lt;/font&gt; &lt;/td&gt;
&lt;td class=&apos;confluenceTd&apos;&gt; &lt;font color=&quot;blue&quot;&gt; Maven dependency ordering for branch &lt;/font&gt; &lt;/td&gt;
&lt;/tr&gt;
&lt;tr&gt;
&lt;td class=&apos;confluenceTd&apos;&gt; &lt;font color=&quot;green&quot;&gt;+1&lt;/font&gt; &lt;/td&gt;
&lt;td class=&apos;confluenceTd&apos;&gt; &lt;font color=&quot;green&quot;&gt; mvninstall &lt;/font&gt; &lt;/td&gt;
&lt;td class=&apos;confluenceTd&apos;&gt; &lt;font color=&quot;green&quot;&gt;  6m 28s&lt;/font&gt; &lt;/td&gt;
&lt;td class=&apos;confluenceTd&apos;&gt; &lt;font color=&quot;green&quot;&gt; master passed &lt;/font&gt; &lt;/td&gt;
&lt;/tr&gt;
&lt;tr&gt;
&lt;td class=&apos;confluenceTd&apos;&gt; &lt;font color=&quot;green&quot;&gt;+1&lt;/font&gt; &lt;/td&gt;
&lt;td class=&apos;confluenceTd&apos;&gt; &lt;font color=&quot;green&quot;&gt; compile &lt;/font&gt; &lt;/td&gt;
&lt;td class=&apos;confluenceTd&apos;&gt; &lt;font color=&quot;green&quot;&gt;  0m 58s&lt;/font&gt; &lt;/td&gt;
&lt;td class=&apos;confluenceTd&apos;&gt; &lt;font color=&quot;green&quot;&gt; master passed &lt;/font&gt; &lt;/td&gt;
&lt;/tr&gt;
&lt;tr&gt;
&lt;td class=&apos;confluenceTd&apos;&gt; &lt;font color=&quot;green&quot;&gt;+1&lt;/font&gt; &lt;/td&gt;
&lt;td class=&apos;confluenceTd&apos;&gt; &lt;font color=&quot;green&quot;&gt; checkstyle &lt;/font&gt; &lt;/td&gt;
&lt;td class=&apos;confluenceTd&apos;&gt; &lt;font color=&quot;green&quot;&gt;  0m 35s&lt;/font&gt; &lt;/td&gt;
&lt;td class=&apos;confluenceTd&apos;&gt; &lt;font color=&quot;green&quot;&gt; master passed &lt;/font&gt; &lt;/td&gt;
&lt;/tr&gt;
&lt;tr&gt;
&lt;td class=&apos;confluenceTd&apos;&gt; &lt;font color=&quot;blue&quot;&gt;0&lt;/font&gt; &lt;/td&gt;
&lt;td class=&apos;confluenceTd&apos;&gt; &lt;font color=&quot;blue&quot;&gt; findbugs &lt;/font&gt; &lt;/td&gt;
&lt;td class=&apos;confluenceTd&apos;&gt; &lt;font color=&quot;blue&quot;&gt;  1m  7s&lt;/font&gt; &lt;/td&gt;
&lt;td class=&apos;confluenceTd&apos;&gt; &lt;font color=&quot;blue&quot;&gt; standalone-metastore/metastore-server in master has 181 extant Findbugs warnings. &lt;/font&gt; &lt;/td&gt;
&lt;/tr&gt;
&lt;tr&gt;
&lt;td class=&apos;confluenceTd&apos;&gt; &lt;font color=&quot;blue&quot;&gt;0&lt;/font&gt; &lt;/td&gt;
&lt;td class=&apos;confluenceTd&apos;&gt; &lt;font color=&quot;blue&quot;&gt; findbugs &lt;/font&gt; &lt;/td&gt;
&lt;td class=&apos;confluenceTd&apos;&gt; &lt;font color=&quot;blue&quot;&gt;  0m 37s&lt;/font&gt; &lt;/td&gt;
&lt;td class=&apos;confluenceTd&apos;&gt; &lt;font color=&quot;blue&quot;&gt; itests/hive-unit in master has 2 extant Findbugs warnings. &lt;/font&gt; &lt;/td&gt;
&lt;/tr&gt;
&lt;tr&gt;
&lt;td class=&apos;confluenceTd&apos;&gt; &lt;font color=&quot;green&quot;&gt;+1&lt;/font&gt; &lt;/td&gt;
&lt;td class=&apos;confluenceTd&apos;&gt; &lt;font color=&quot;green&quot;&gt; javadoc &lt;/font&gt; &lt;/td&gt;
&lt;td class=&apos;confluenceTd&apos;&gt; &lt;font color=&quot;green&quot;&gt;  0m 43s&lt;/font&gt; &lt;/td&gt;
&lt;td class=&apos;confluenceTd&apos;&gt; &lt;font color=&quot;green&quot;&gt; master passed &lt;/font&gt; &lt;/td&gt;
&lt;/tr&gt;
&lt;tr&gt;
&lt;th class=&apos;confluenceTh&apos;&gt;&amp;nbsp;&lt;/th&gt;
&lt;th class=&apos;confluenceTh&apos;&gt;&amp;nbsp;&lt;/th&gt;
&lt;th class=&apos;confluenceTh&apos;&gt;&amp;nbsp;&lt;/th&gt;
&lt;th class=&apos;confluenceTh&apos;&gt; &lt;font color=&quot;brown&quot;&gt; Patch Compile Tests &lt;/font&gt; &lt;/th&gt;
&lt;/tr&gt;
&lt;tr&gt;
&lt;td class=&apos;confluenceTd&apos;&gt; &lt;font color=&quot;blue&quot;&gt;0&lt;/font&gt; &lt;/td&gt;
&lt;td class=&apos;confluenceTd&apos;&gt; &lt;font color=&quot;blue&quot;&gt; mvndep &lt;/font&gt; &lt;/td&gt;
&lt;td class=&apos;confluenceTd&apos;&gt; &lt;font color=&quot;blue&quot;&gt;  0m 26s&lt;/font&gt; &lt;/td&gt;
&lt;td class=&apos;confluenceTd&apos;&gt; &lt;font color=&quot;blue&quot;&gt; Maven dependency ordering for patch &lt;/font&gt; &lt;/td&gt;
&lt;/tr&gt;
&lt;tr&gt;
&lt;td class=&apos;confluenceTd&apos;&gt; &lt;font color=&quot;green&quot;&gt;+1&lt;/font&gt; &lt;/td&gt;
&lt;td class=&apos;confluenceTd&apos;&gt; &lt;font color=&quot;green&quot;&gt; mvninstall &lt;/font&gt; &lt;/td&gt;
&lt;td class=&apos;confluenceTd&apos;&gt; &lt;font color=&quot;green&quot;&gt;  1m  5s&lt;/font&gt; &lt;/td&gt;
&lt;td class=&apos;confluenceTd&apos;&gt; &lt;font color=&quot;green&quot;&gt; the patch passed &lt;/font&gt; &lt;/td&gt;
&lt;/tr&gt;
&lt;tr&gt;
&lt;td class=&apos;confluenceTd&apos;&gt; &lt;font color=&quot;green&quot;&gt;+1&lt;/font&gt; &lt;/td&gt;
&lt;td class=&apos;confluenceTd&apos;&gt; &lt;font color=&quot;green&quot;&gt; compile &lt;/font&gt; &lt;/td&gt;
&lt;td class=&apos;confluenceTd&apos;&gt; &lt;font color=&quot;green&quot;&gt;  1m  4s&lt;/font&gt; &lt;/td&gt;
&lt;td class=&apos;confluenceTd&apos;&gt; &lt;font color=&quot;green&quot;&gt; the patch passed &lt;/font&gt; &lt;/td&gt;
&lt;/tr&gt;
&lt;tr&gt;
&lt;td class=&apos;confluenceTd&apos;&gt; &lt;font color=&quot;green&quot;&gt;+1&lt;/font&gt; &lt;/td&gt;
&lt;td class=&apos;confluenceTd&apos;&gt; &lt;font color=&quot;green&quot;&gt; javac &lt;/font&gt; &lt;/td&gt;
&lt;td class=&apos;confluenceTd&apos;&gt; &lt;font color=&quot;green&quot;&gt;  1m  4s&lt;/font&gt; &lt;/td&gt;
&lt;td class=&apos;confluenceTd&apos;&gt; &lt;font color=&quot;green&quot;&gt; the patch passed &lt;/font&gt; &lt;/td&gt;
&lt;/tr&gt;
&lt;tr&gt;
&lt;td class=&apos;confluenceTd&apos;&gt; &lt;font color=&quot;red&quot;&gt;-1&lt;/font&gt; &lt;/td&gt;
&lt;td class=&apos;confluenceTd&apos;&gt; &lt;font color=&quot;red&quot;&gt; checkstyle &lt;/font&gt; &lt;/td&gt;
&lt;td class=&apos;confluenceTd&apos;&gt; &lt;font color=&quot;red&quot;&gt;  0m 20s&lt;/font&gt; &lt;/td&gt;
&lt;td class=&apos;confluenceTd&apos;&gt; &lt;font color=&quot;red&quot;&gt; standalone-metastore/metastore-server: The patch generated 2 new + 439 unchanged - 1 fixed = 441 total (was 440) &lt;/font&gt; &lt;/td&gt;
&lt;/tr&gt;
&lt;tr&gt;
&lt;td class=&apos;confluenceTd&apos;&gt; &lt;font color=&quot;green&quot;&gt;+1&lt;/font&gt; &lt;/td&gt;
&lt;td class=&apos;confluenceTd&apos;&gt; &lt;font color=&quot;green&quot;&gt; whitespace &lt;/font&gt; &lt;/td&gt;
&lt;td class=&apos;confluenceTd&apos;&gt; &lt;font color=&quot;green&quot;&gt;  0m  0s&lt;/font&gt; &lt;/td&gt;
&lt;td class=&apos;confluenceTd&apos;&gt; &lt;font color=&quot;green&quot;&gt; The patch has no whitespace issues. &lt;/font&gt; &lt;/td&gt;
&lt;/tr&gt;
&lt;tr&gt;
&lt;td class=&apos;confluenceTd&apos;&gt; &lt;font color=&quot;green&quot;&gt;+1&lt;/font&gt; &lt;/td&gt;
&lt;td class=&apos;confluenceTd&apos;&gt; &lt;font color=&quot;green&quot;&gt; findbugs &lt;/font&gt; &lt;/td&gt;
&lt;td class=&apos;confluenceTd&apos;&gt; &lt;font color=&quot;green&quot;&gt;  1m 57s&lt;/font&gt; &lt;/td&gt;
&lt;td class=&apos;confluenceTd&apos;&gt; &lt;font color=&quot;green&quot;&gt; the patch passed &lt;/font&gt; &lt;/td&gt;
&lt;/tr&gt;
&lt;tr&gt;
&lt;td class=&apos;confluenceTd&apos;&gt; &lt;font color=&quot;green&quot;&gt;+1&lt;/font&gt; &lt;/td&gt;
&lt;td class=&apos;confluenceTd&apos;&gt; &lt;font color=&quot;green&quot;&gt; javadoc &lt;/font&gt; &lt;/td&gt;
&lt;td class=&apos;confluenceTd&apos;&gt; &lt;font color=&quot;green&quot;&gt;  0m 41s&lt;/font&gt; &lt;/td&gt;
&lt;td class=&apos;confluenceTd&apos;&gt; &lt;font color=&quot;green&quot;&gt; the patch passed &lt;/font&gt; &lt;/td&gt;
&lt;/tr&gt;
&lt;tr&gt;
&lt;th class=&apos;confluenceTh&apos;&gt;&amp;nbsp;&lt;/th&gt;
&lt;th class=&apos;confluenceTh&apos;&gt;&amp;nbsp;&lt;/th&gt;
&lt;th class=&apos;confluenceTh&apos;&gt;&amp;nbsp;&lt;/th&gt;
&lt;th class=&apos;confluenceTh&apos;&gt; &lt;font color=&quot;brown&quot;&gt; Other Tests &lt;/font&gt; &lt;/th&gt;
&lt;/tr&gt;
&lt;tr&gt;
&lt;td class=&apos;confluenceTd&apos;&gt; &lt;font color=&quot;green&quot;&gt;+1&lt;/font&gt; &lt;/td&gt;
&lt;td class=&apos;confluenceTd&apos;&gt; &lt;font color=&quot;green&quot;&gt; asflicense &lt;/font&gt; &lt;/td&gt;
&lt;td class=&apos;confluenceTd&apos;&gt; &lt;font color=&quot;green&quot;&gt;  0m 13s&lt;/font&gt; &lt;/td&gt;
&lt;td class=&apos;confluenceTd&apos;&gt; &lt;font color=&quot;green&quot;&gt; The patch does not generate ASF License warnings. &lt;/font&gt; &lt;/td&gt;
&lt;/tr&gt;
&lt;tr&gt;
&lt;td class=&apos;confluenceTd&apos;&gt; &lt;font color=&quot;black&quot;&gt;&lt;/font&gt; &lt;/td&gt;
&lt;td class=&apos;confluenceTd&apos;&gt; &lt;font color=&quot;black&quot;&gt; &lt;/font&gt; &lt;/td&gt;
&lt;td class=&apos;confluenceTd&apos;&gt; &lt;font color=&quot;black&quot;&gt; 18m 38s&lt;/font&gt; &lt;/td&gt;
&lt;td class=&apos;confluenceTd&apos;&gt; &lt;font color=&quot;black&quot;&gt; &lt;/font&gt; &lt;/td&gt;
&lt;/tr&gt;
&lt;/tbody&gt;&lt;/table&gt;
&lt;/div&gt;

&lt;p&gt;&lt;br class=&quot;atl-forced-newline&quot; /&gt;
&lt;br class=&quot;atl-forced-newline&quot; /&gt;&lt;/p&gt;
&lt;div class=&apos;table-wrap&apos;&gt;
&lt;table class=&apos;confluenceTable&apos;&gt;&lt;tbody&gt;
&lt;tr&gt;
&lt;th class=&apos;confluenceTh&apos;&gt; Subsystem &lt;/th&gt;
&lt;th class=&apos;confluenceTh&apos;&gt; Report/Notes &lt;/th&gt;
&lt;/tr&gt;
&lt;tr&gt;
&lt;td class=&apos;confluenceTd&apos;&gt; Optional Tests &lt;/td&gt;
&lt;td class=&apos;confluenceTd&apos;&gt;  asflicense  javac  javadoc  findbugs  checkstyle  compile  &lt;/td&gt;
&lt;/tr&gt;
&lt;tr&gt;
&lt;td class=&apos;confluenceTd&apos;&gt; uname &lt;/td&gt;
&lt;td class=&apos;confluenceTd&apos;&gt; Linux hiveptest-server-upstream 3.16.0-4-amd64 #1 SMP Debian 3.16.43-2+deb8u5 (2017-09-19) x86_64 GNU/Linux &lt;/td&gt;
&lt;/tr&gt;
&lt;tr&gt;
&lt;td class=&apos;confluenceTd&apos;&gt; Build tool &lt;/td&gt;
&lt;td class=&apos;confluenceTd&apos;&gt; maven &lt;/td&gt;
&lt;/tr&gt;
&lt;tr&gt;
&lt;td class=&apos;confluenceTd&apos;&gt; Personality &lt;/td&gt;
&lt;td class=&apos;confluenceTd&apos;&gt; /data/hiveptest/working/yetus_PreCommit-HIVE-Build-18491/dev-support/hive-personality.sh &lt;/td&gt;
&lt;/tr&gt;
&lt;tr&gt;
&lt;td class=&apos;confluenceTd&apos;&gt; git revision &lt;/td&gt;
&lt;td class=&apos;confluenceTd&apos;&gt; master / 287e5d5 &lt;/td&gt;
&lt;/tr&gt;
&lt;tr&gt;
&lt;td class=&apos;confluenceTd&apos;&gt; Default Java &lt;/td&gt;
&lt;td class=&apos;confluenceTd&apos;&gt; 1.8.0_111 &lt;/td&gt;
&lt;/tr&gt;
&lt;tr&gt;
&lt;td class=&apos;confluenceTd&apos;&gt; findbugs &lt;/td&gt;
&lt;td class=&apos;confluenceTd&apos;&gt; v3.0.0 &lt;/td&gt;
&lt;/tr&gt;
&lt;tr&gt;
&lt;td class=&apos;confluenceTd&apos;&gt; checkstyle &lt;/td&gt;
&lt;td class=&apos;confluenceTd&apos;&gt; &lt;a href=&quot;http://104.198.109.242/logs//PreCommit-HIVE-Build-18491/yetus/diff-checkstyle-standalone-metastore_metastore-server.txt&quot; class=&quot;external-link&quot; target=&quot;_blank&quot; rel=&quot;nofollow noopener&quot;&gt;http://104.198.109.242/logs//PreCommit-HIVE-Build-18491/yetus/diff-checkstyle-standalone-metastore_metastore-server.txt&lt;/a&gt; &lt;/td&gt;
&lt;/tr&gt;
&lt;tr&gt;
&lt;td class=&apos;confluenceTd&apos;&gt; modules &lt;/td&gt;
&lt;td class=&apos;confluenceTd&apos;&gt; C: standalone-metastore/metastore-server itests/hive-unit U: . &lt;/td&gt;
&lt;/tr&gt;
&lt;tr&gt;
&lt;td class=&apos;confluenceTd&apos;&gt; Console output &lt;/td&gt;
&lt;td class=&apos;confluenceTd&apos;&gt; &lt;a href=&quot;http://104.198.109.242/logs//PreCommit-HIVE-Build-18491/yetus.txt&quot; class=&quot;external-link&quot; target=&quot;_blank&quot; rel=&quot;nofollow noopener&quot;&gt;http://104.198.109.242/logs//PreCommit-HIVE-Build-18491/yetus.txt&lt;/a&gt; &lt;/td&gt;
&lt;/tr&gt;
&lt;tr&gt;
&lt;td class=&apos;confluenceTd&apos;&gt; Powered by &lt;/td&gt;
&lt;td class=&apos;confluenceTd&apos;&gt; Apache Yetus    &lt;a href=&quot;http://yetus.apache.org&quot; class=&quot;external-link&quot; target=&quot;_blank&quot; rel=&quot;nofollow noopener&quot;&gt;http://yetus.apache.org&lt;/a&gt; &lt;/td&gt;
&lt;/tr&gt;
&lt;/tbody&gt;&lt;/table&gt;
&lt;/div&gt;



&lt;p&gt;This message was automatically generated.&lt;/p&gt;
</comment>
                            <comment id="16924787" author="hiveqa" created="Sat, 7 Sep 2019 09:21:52 +0000"  >

&lt;p&gt;Here are the results of testing the latest attachment:&lt;br/&gt;
&lt;a href=&quot;https://issues.apache.org/jira/secure/attachment/12979741/HIVE-22149.03.patch&quot; class=&quot;external-link&quot; rel=&quot;nofollow&quot;&gt;https://issues.apache.org/jira/secure/attachment/12979741/HIVE-22149.03.patch&lt;/a&gt;&lt;/p&gt;

&lt;p&gt;&lt;font color=&quot;green&quot;&gt;SUCCESS:&lt;/font&gt; +1 due to 2 test(s) being added or modified.&lt;/p&gt;

&lt;p&gt;&lt;font color=&quot;red&quot;&gt;ERROR:&lt;/font&gt; -1 due to 1 failed/errored test(s), 16749 tests executed&lt;br/&gt;
&lt;b&gt;Failed tests:&lt;/b&gt;&lt;/p&gt;
&lt;div class=&quot;preformatted panel&quot; style=&quot;border-width: 1px;&quot;&gt;&lt;div class=&quot;preformattedContent panelContent&quot;&gt;
&lt;pre&gt;org.apache.hadoop.hive.llap.cache.TestBuddyAllocator.testMTT[2] (batchId=361)
&lt;/pre&gt;
&lt;/div&gt;&lt;/div&gt;

&lt;p&gt;Test results: &lt;a href=&quot;https://builds.apache.org/job/PreCommit-HIVE-Build/18491/testReport&quot; class=&quot;external-link&quot; target=&quot;_blank&quot; rel=&quot;nofollow noopener&quot;&gt;https://builds.apache.org/job/PreCommit-HIVE-Build/18491/testReport&lt;/a&gt;&lt;br/&gt;
Console output: &lt;a href=&quot;https://builds.apache.org/job/PreCommit-HIVE-Build/18491/console&quot; class=&quot;external-link&quot; target=&quot;_blank&quot; rel=&quot;nofollow noopener&quot;&gt;https://builds.apache.org/job/PreCommit-HIVE-Build/18491/console&lt;/a&gt;&lt;br/&gt;
Test logs: &lt;a href=&quot;http://104.198.109.242/logs/PreCommit-HIVE-Build-18491/&quot; class=&quot;external-link&quot; target=&quot;_blank&quot; rel=&quot;nofollow noopener&quot;&gt;http://104.198.109.242/logs/PreCommit-HIVE-Build-18491/&lt;/a&gt;&lt;/p&gt;

&lt;p&gt;Messages:&lt;/p&gt;
&lt;div class=&quot;preformatted panel&quot; style=&quot;border-width: 1px;&quot;&gt;&lt;div class=&quot;preformattedContent panelContent&quot;&gt;
&lt;pre&gt;Executing org.apache.hive.ptest.execution.TestCheckPhase
Executing org.apache.hive.ptest.execution.PrepPhase
Executing org.apache.hive.ptest.execution.YetusPhase
Executing org.apache.hive.ptest.execution.ExecutionPhase
Executing org.apache.hive.ptest.execution.ReportingPhase
Tests exited with: TestsFailedException: 1 tests failed
&lt;/pre&gt;
&lt;/div&gt;&lt;/div&gt;

&lt;p&gt;This message is automatically generated.&lt;/p&gt;

&lt;p&gt;ATTACHMENT ID: 12979741 - PreCommit-HIVE-Build&lt;/p&gt;</comment>
                            <comment id="16924879" author="hiveqa" created="Sat, 7 Sep 2019 13:37:38 +0000"  >&lt;div class=&apos;table-wrap&apos;&gt;
&lt;table class=&apos;confluenceTable&apos;&gt;&lt;tbody&gt;
&lt;tr&gt;
&lt;td class=&apos;confluenceTd&apos;&gt; &lt;img class=&quot;emoticon&quot; src=&quot;https://issues.apache.org/jira/images/icons/emoticons/error.png&quot; height=&quot;16&quot; width=&quot;16&quot; align=&quot;absmiddle&quot; alt=&quot;&quot; border=&quot;0&quot;/&gt; &lt;b&gt;&lt;font color=&quot;red&quot;&gt;-1 overall&lt;/font&gt;&lt;/b&gt; &lt;/td&gt;
&lt;/tr&gt;
&lt;/tbody&gt;&lt;/table&gt;
&lt;/div&gt;

&lt;p&gt;&lt;br class=&quot;atl-forced-newline&quot; /&gt;
&lt;br class=&quot;atl-forced-newline&quot; /&gt;&lt;/p&gt;
&lt;div class=&apos;table-wrap&apos;&gt;
&lt;table class=&apos;confluenceTable&apos;&gt;&lt;tbody&gt;
&lt;tr&gt;
&lt;th class=&apos;confluenceTh&apos;&gt; Vote &lt;/th&gt;
&lt;th class=&apos;confluenceTh&apos;&gt; Subsystem &lt;/th&gt;
&lt;th class=&apos;confluenceTh&apos;&gt; Runtime &lt;/th&gt;
&lt;th class=&apos;confluenceTh&apos;&gt; Comment &lt;/th&gt;
&lt;/tr&gt;
&lt;tr&gt;
&lt;th class=&apos;confluenceTh&apos;&gt;&amp;nbsp;&lt;/th&gt;
&lt;th class=&apos;confluenceTh&apos;&gt;&amp;nbsp;&lt;/th&gt;
&lt;th class=&apos;confluenceTh&apos;&gt;&amp;nbsp;&lt;/th&gt;
&lt;th class=&apos;confluenceTh&apos;&gt; &lt;font color=&quot;brown&quot;&gt; Prechecks &lt;/font&gt; &lt;/th&gt;
&lt;/tr&gt;
&lt;tr&gt;
&lt;td class=&apos;confluenceTd&apos;&gt; &lt;font color=&quot;green&quot;&gt;+1&lt;/font&gt; &lt;/td&gt;
&lt;td class=&apos;confluenceTd&apos;&gt; &lt;font color=&quot;green&quot;&gt; @author &lt;/font&gt; &lt;/td&gt;
&lt;td class=&apos;confluenceTd&apos;&gt; &lt;font color=&quot;green&quot;&gt;  0m  0s&lt;/font&gt; &lt;/td&gt;
&lt;td class=&apos;confluenceTd&apos;&gt; &lt;font color=&quot;green&quot;&gt; The patch does not contain any @author tags. &lt;/font&gt; &lt;/td&gt;
&lt;/tr&gt;
&lt;tr&gt;
&lt;th class=&apos;confluenceTh&apos;&gt;&amp;nbsp;&lt;/th&gt;
&lt;th class=&apos;confluenceTh&apos;&gt;&amp;nbsp;&lt;/th&gt;
&lt;th class=&apos;confluenceTh&apos;&gt;&amp;nbsp;&lt;/th&gt;
&lt;th class=&apos;confluenceTh&apos;&gt; &lt;font color=&quot;brown&quot;&gt; master Compile Tests &lt;/font&gt; &lt;/th&gt;
&lt;/tr&gt;
&lt;tr&gt;
&lt;td class=&apos;confluenceTd&apos;&gt; &lt;font color=&quot;blue&quot;&gt;0&lt;/font&gt; &lt;/td&gt;
&lt;td class=&apos;confluenceTd&apos;&gt; &lt;font color=&quot;blue&quot;&gt; mvndep &lt;/font&gt; &lt;/td&gt;
&lt;td class=&apos;confluenceTd&apos;&gt; &lt;font color=&quot;blue&quot;&gt;  1m 24s&lt;/font&gt; &lt;/td&gt;
&lt;td class=&apos;confluenceTd&apos;&gt; &lt;font color=&quot;blue&quot;&gt; Maven dependency ordering for branch &lt;/font&gt; &lt;/td&gt;
&lt;/tr&gt;
&lt;tr&gt;
&lt;td class=&apos;confluenceTd&apos;&gt; &lt;font color=&quot;green&quot;&gt;+1&lt;/font&gt; &lt;/td&gt;
&lt;td class=&apos;confluenceTd&apos;&gt; &lt;font color=&quot;green&quot;&gt; mvninstall &lt;/font&gt; &lt;/td&gt;
&lt;td class=&apos;confluenceTd&apos;&gt; &lt;font color=&quot;green&quot;&gt;  6m 42s&lt;/font&gt; &lt;/td&gt;
&lt;td class=&apos;confluenceTd&apos;&gt; &lt;font color=&quot;green&quot;&gt; master passed &lt;/font&gt; &lt;/td&gt;
&lt;/tr&gt;
&lt;tr&gt;
&lt;td class=&apos;confluenceTd&apos;&gt; &lt;font color=&quot;green&quot;&gt;+1&lt;/font&gt; &lt;/td&gt;
&lt;td class=&apos;confluenceTd&apos;&gt; &lt;font color=&quot;green&quot;&gt; compile &lt;/font&gt; &lt;/td&gt;
&lt;td class=&apos;confluenceTd&apos;&gt; &lt;font color=&quot;green&quot;&gt;  1m  1s&lt;/font&gt; &lt;/td&gt;
&lt;td class=&apos;confluenceTd&apos;&gt; &lt;font color=&quot;green&quot;&gt; master passed &lt;/font&gt; &lt;/td&gt;
&lt;/tr&gt;
&lt;tr&gt;
&lt;td class=&apos;confluenceTd&apos;&gt; &lt;font color=&quot;green&quot;&gt;+1&lt;/font&gt; &lt;/td&gt;
&lt;td class=&apos;confluenceTd&apos;&gt; &lt;font color=&quot;green&quot;&gt; checkstyle &lt;/font&gt; &lt;/td&gt;
&lt;td class=&apos;confluenceTd&apos;&gt; &lt;font color=&quot;green&quot;&gt;  0m 33s&lt;/font&gt; &lt;/td&gt;
&lt;td class=&apos;confluenceTd&apos;&gt; &lt;font color=&quot;green&quot;&gt; master passed &lt;/font&gt; &lt;/td&gt;
&lt;/tr&gt;
&lt;tr&gt;
&lt;td class=&apos;confluenceTd&apos;&gt; &lt;font color=&quot;blue&quot;&gt;0&lt;/font&gt; &lt;/td&gt;
&lt;td class=&apos;confluenceTd&apos;&gt; &lt;font color=&quot;blue&quot;&gt; findbugs &lt;/font&gt; &lt;/td&gt;
&lt;td class=&apos;confluenceTd&apos;&gt; &lt;font color=&quot;blue&quot;&gt;  1m  5s&lt;/font&gt; &lt;/td&gt;
&lt;td class=&apos;confluenceTd&apos;&gt; &lt;font color=&quot;blue&quot;&gt; standalone-metastore/metastore-server in master has 181 extant Findbugs warnings. &lt;/font&gt; &lt;/td&gt;
&lt;/tr&gt;
&lt;tr&gt;
&lt;td class=&apos;confluenceTd&apos;&gt; &lt;font color=&quot;blue&quot;&gt;0&lt;/font&gt; &lt;/td&gt;
&lt;td class=&apos;confluenceTd&apos;&gt; &lt;font color=&quot;blue&quot;&gt; findbugs &lt;/font&gt; &lt;/td&gt;
&lt;td class=&apos;confluenceTd&apos;&gt; &lt;font color=&quot;blue&quot;&gt;  0m 35s&lt;/font&gt; &lt;/td&gt;
&lt;td class=&apos;confluenceTd&apos;&gt; &lt;font color=&quot;blue&quot;&gt; itests/hive-unit in master has 2 extant Findbugs warnings. &lt;/font&gt; &lt;/td&gt;
&lt;/tr&gt;
&lt;tr&gt;
&lt;td class=&apos;confluenceTd&apos;&gt; &lt;font color=&quot;green&quot;&gt;+1&lt;/font&gt; &lt;/td&gt;
&lt;td class=&apos;confluenceTd&apos;&gt; &lt;font color=&quot;green&quot;&gt; javadoc &lt;/font&gt; &lt;/td&gt;
&lt;td class=&apos;confluenceTd&apos;&gt; &lt;font color=&quot;green&quot;&gt;  0m 39s&lt;/font&gt; &lt;/td&gt;
&lt;td class=&apos;confluenceTd&apos;&gt; &lt;font color=&quot;green&quot;&gt; master passed &lt;/font&gt; &lt;/td&gt;
&lt;/tr&gt;
&lt;tr&gt;
&lt;th class=&apos;confluenceTh&apos;&gt;&amp;nbsp;&lt;/th&gt;
&lt;th class=&apos;confluenceTh&apos;&gt;&amp;nbsp;&lt;/th&gt;
&lt;th class=&apos;confluenceTh&apos;&gt;&amp;nbsp;&lt;/th&gt;
&lt;th class=&apos;confluenceTh&apos;&gt; &lt;font color=&quot;brown&quot;&gt; Patch Compile Tests &lt;/font&gt; &lt;/th&gt;
&lt;/tr&gt;
&lt;tr&gt;
&lt;td class=&apos;confluenceTd&apos;&gt; &lt;font color=&quot;blue&quot;&gt;0&lt;/font&gt; &lt;/td&gt;
&lt;td class=&apos;confluenceTd&apos;&gt; &lt;font color=&quot;blue&quot;&gt; mvndep &lt;/font&gt; &lt;/td&gt;
&lt;td class=&apos;confluenceTd&apos;&gt; &lt;font color=&quot;blue&quot;&gt;  0m 24s&lt;/font&gt; &lt;/td&gt;
&lt;td class=&apos;confluenceTd&apos;&gt; &lt;font color=&quot;blue&quot;&gt; Maven dependency ordering for patch &lt;/font&gt; &lt;/td&gt;
&lt;/tr&gt;
&lt;tr&gt;
&lt;td class=&apos;confluenceTd&apos;&gt; &lt;font color=&quot;green&quot;&gt;+1&lt;/font&gt; &lt;/td&gt;
&lt;td class=&apos;confluenceTd&apos;&gt; &lt;font color=&quot;green&quot;&gt; mvninstall &lt;/font&gt; &lt;/td&gt;
&lt;td class=&apos;confluenceTd&apos;&gt; &lt;font color=&quot;green&quot;&gt;  1m  5s&lt;/font&gt; &lt;/td&gt;
&lt;td class=&apos;confluenceTd&apos;&gt; &lt;font color=&quot;green&quot;&gt; the patch passed &lt;/font&gt; &lt;/td&gt;
&lt;/tr&gt;
&lt;tr&gt;
&lt;td class=&apos;confluenceTd&apos;&gt; &lt;font color=&quot;green&quot;&gt;+1&lt;/font&gt; &lt;/td&gt;
&lt;td class=&apos;confluenceTd&apos;&gt; &lt;font color=&quot;green&quot;&gt; compile &lt;/font&gt; &lt;/td&gt;
&lt;td class=&apos;confluenceTd&apos;&gt; &lt;font color=&quot;green&quot;&gt;  1m  0s&lt;/font&gt; &lt;/td&gt;
&lt;td class=&apos;confluenceTd&apos;&gt; &lt;font color=&quot;green&quot;&gt; the patch passed &lt;/font&gt; &lt;/td&gt;
&lt;/tr&gt;
&lt;tr&gt;
&lt;td class=&apos;confluenceTd&apos;&gt; &lt;font color=&quot;green&quot;&gt;+1&lt;/font&gt; &lt;/td&gt;
&lt;td class=&apos;confluenceTd&apos;&gt; &lt;font color=&quot;green&quot;&gt; javac &lt;/font&gt; &lt;/td&gt;
&lt;td class=&apos;confluenceTd&apos;&gt; &lt;font color=&quot;green&quot;&gt;  1m  0s&lt;/font&gt; &lt;/td&gt;
&lt;td class=&apos;confluenceTd&apos;&gt; &lt;font color=&quot;green&quot;&gt; the patch passed &lt;/font&gt; &lt;/td&gt;
&lt;/tr&gt;
&lt;tr&gt;
&lt;td class=&apos;confluenceTd&apos;&gt; &lt;font color=&quot;red&quot;&gt;-1&lt;/font&gt; &lt;/td&gt;
&lt;td class=&apos;confluenceTd&apos;&gt; &lt;font color=&quot;red&quot;&gt; checkstyle &lt;/font&gt; &lt;/td&gt;
&lt;td class=&apos;confluenceTd&apos;&gt; &lt;font color=&quot;red&quot;&gt;  0m 19s&lt;/font&gt; &lt;/td&gt;
&lt;td class=&apos;confluenceTd&apos;&gt; &lt;font color=&quot;red&quot;&gt; standalone-metastore/metastore-server: The patch generated 2 new + 439 unchanged - 1 fixed = 441 total (was 440) &lt;/font&gt; &lt;/td&gt;
&lt;/tr&gt;
&lt;tr&gt;
&lt;td class=&apos;confluenceTd&apos;&gt; &lt;font color=&quot;green&quot;&gt;+1&lt;/font&gt; &lt;/td&gt;
&lt;td class=&apos;confluenceTd&apos;&gt; &lt;font color=&quot;green&quot;&gt; whitespace &lt;/font&gt; &lt;/td&gt;
&lt;td class=&apos;confluenceTd&apos;&gt; &lt;font color=&quot;green&quot;&gt;  0m  0s&lt;/font&gt; &lt;/td&gt;
&lt;td class=&apos;confluenceTd&apos;&gt; &lt;font color=&quot;green&quot;&gt; The patch has no whitespace issues. &lt;/font&gt; &lt;/td&gt;
&lt;/tr&gt;
&lt;tr&gt;
&lt;td class=&apos;confluenceTd&apos;&gt; &lt;font color=&quot;green&quot;&gt;+1&lt;/font&gt; &lt;/td&gt;
&lt;td class=&apos;confluenceTd&apos;&gt; &lt;font color=&quot;green&quot;&gt; findbugs &lt;/font&gt; &lt;/td&gt;
&lt;td class=&apos;confluenceTd&apos;&gt; &lt;font color=&quot;green&quot;&gt;  1m 53s&lt;/font&gt; &lt;/td&gt;
&lt;td class=&apos;confluenceTd&apos;&gt; &lt;font color=&quot;green&quot;&gt; the patch passed &lt;/font&gt; &lt;/td&gt;
&lt;/tr&gt;
&lt;tr&gt;
&lt;td class=&apos;confluenceTd&apos;&gt; &lt;font color=&quot;green&quot;&gt;+1&lt;/font&gt; &lt;/td&gt;
&lt;td class=&apos;confluenceTd&apos;&gt; &lt;font color=&quot;green&quot;&gt; javadoc &lt;/font&gt; &lt;/td&gt;
&lt;td class=&apos;confluenceTd&apos;&gt; &lt;font color=&quot;green&quot;&gt;  0m 37s&lt;/font&gt; &lt;/td&gt;
&lt;td class=&apos;confluenceTd&apos;&gt; &lt;font color=&quot;green&quot;&gt; the patch passed &lt;/font&gt; &lt;/td&gt;
&lt;/tr&gt;
&lt;tr&gt;
&lt;th class=&apos;confluenceTh&apos;&gt;&amp;nbsp;&lt;/th&gt;
&lt;th class=&apos;confluenceTh&apos;&gt;&amp;nbsp;&lt;/th&gt;
&lt;th class=&apos;confluenceTh&apos;&gt;&amp;nbsp;&lt;/th&gt;
&lt;th class=&apos;confluenceTh&apos;&gt; &lt;font color=&quot;brown&quot;&gt; Other Tests &lt;/font&gt; &lt;/th&gt;
&lt;/tr&gt;
&lt;tr&gt;
&lt;td class=&apos;confluenceTd&apos;&gt; &lt;font color=&quot;green&quot;&gt;+1&lt;/font&gt; &lt;/td&gt;
&lt;td class=&apos;confluenceTd&apos;&gt; &lt;font color=&quot;green&quot;&gt; asflicense &lt;/font&gt; &lt;/td&gt;
&lt;td class=&apos;confluenceTd&apos;&gt; &lt;font color=&quot;green&quot;&gt;  0m 13s&lt;/font&gt; &lt;/td&gt;
&lt;td class=&apos;confluenceTd&apos;&gt; &lt;font color=&quot;green&quot;&gt; The patch does not generate ASF License warnings. &lt;/font&gt; &lt;/td&gt;
&lt;/tr&gt;
&lt;tr&gt;
&lt;td class=&apos;confluenceTd&apos;&gt; &lt;font color=&quot;black&quot;&gt;&lt;/font&gt; &lt;/td&gt;
&lt;td class=&apos;confluenceTd&apos;&gt; &lt;font color=&quot;black&quot;&gt; &lt;/font&gt; &lt;/td&gt;
&lt;td class=&apos;confluenceTd&apos;&gt; &lt;font color=&quot;black&quot;&gt; 18m 23s&lt;/font&gt; &lt;/td&gt;
&lt;td class=&apos;confluenceTd&apos;&gt; &lt;font color=&quot;black&quot;&gt; &lt;/font&gt; &lt;/td&gt;
&lt;/tr&gt;
&lt;/tbody&gt;&lt;/table&gt;
&lt;/div&gt;

&lt;p&gt;&lt;br class=&quot;atl-forced-newline&quot; /&gt;
&lt;br class=&quot;atl-forced-newline&quot; /&gt;&lt;/p&gt;
&lt;div class=&apos;table-wrap&apos;&gt;
&lt;table class=&apos;confluenceTable&apos;&gt;&lt;tbody&gt;
&lt;tr&gt;
&lt;th class=&apos;confluenceTh&apos;&gt; Subsystem &lt;/th&gt;
&lt;th class=&apos;confluenceTh&apos;&gt; Report/Notes &lt;/th&gt;
&lt;/tr&gt;
&lt;tr&gt;
&lt;td class=&apos;confluenceTd&apos;&gt; Optional Tests &lt;/td&gt;
&lt;td class=&apos;confluenceTd&apos;&gt;  asflicense  javac  javadoc  findbugs  checkstyle  compile  &lt;/td&gt;
&lt;/tr&gt;
&lt;tr&gt;
&lt;td class=&apos;confluenceTd&apos;&gt; uname &lt;/td&gt;
&lt;td class=&apos;confluenceTd&apos;&gt; Linux hiveptest-server-upstream 3.16.0-4-amd64 #1 SMP Debian 3.16.43-2+deb8u5 (2017-09-19) x86_64 GNU/Linux &lt;/td&gt;
&lt;/tr&gt;
&lt;tr&gt;
&lt;td class=&apos;confluenceTd&apos;&gt; Build tool &lt;/td&gt;
&lt;td class=&apos;confluenceTd&apos;&gt; maven &lt;/td&gt;
&lt;/tr&gt;
&lt;tr&gt;
&lt;td class=&apos;confluenceTd&apos;&gt; Personality &lt;/td&gt;
&lt;td class=&apos;confluenceTd&apos;&gt; /data/hiveptest/working/yetus_PreCommit-HIVE-Build-18495/dev-support/hive-personality.sh &lt;/td&gt;
&lt;/tr&gt;
&lt;tr&gt;
&lt;td class=&apos;confluenceTd&apos;&gt; git revision &lt;/td&gt;
&lt;td class=&apos;confluenceTd&apos;&gt; master / 287e5d5 &lt;/td&gt;
&lt;/tr&gt;
&lt;tr&gt;
&lt;td class=&apos;confluenceTd&apos;&gt; Default Java &lt;/td&gt;
&lt;td class=&apos;confluenceTd&apos;&gt; 1.8.0_111 &lt;/td&gt;
&lt;/tr&gt;
&lt;tr&gt;
&lt;td class=&apos;confluenceTd&apos;&gt; findbugs &lt;/td&gt;
&lt;td class=&apos;confluenceTd&apos;&gt; v3.0.0 &lt;/td&gt;
&lt;/tr&gt;
&lt;tr&gt;
&lt;td class=&apos;confluenceTd&apos;&gt; checkstyle &lt;/td&gt;
&lt;td class=&apos;confluenceTd&apos;&gt; &lt;a href=&quot;http://104.198.109.242/logs//PreCommit-HIVE-Build-18495/yetus/diff-checkstyle-standalone-metastore_metastore-server.txt&quot; class=&quot;external-link&quot; target=&quot;_blank&quot; rel=&quot;nofollow noopener&quot;&gt;http://104.198.109.242/logs//PreCommit-HIVE-Build-18495/yetus/diff-checkstyle-standalone-metastore_metastore-server.txt&lt;/a&gt; &lt;/td&gt;
&lt;/tr&gt;
&lt;tr&gt;
&lt;td class=&apos;confluenceTd&apos;&gt; modules &lt;/td&gt;
&lt;td class=&apos;confluenceTd&apos;&gt; C: standalone-metastore/metastore-server itests/hive-unit U: . &lt;/td&gt;
&lt;/tr&gt;
&lt;tr&gt;
&lt;td class=&apos;confluenceTd&apos;&gt; Console output &lt;/td&gt;
&lt;td class=&apos;confluenceTd&apos;&gt; &lt;a href=&quot;http://104.198.109.242/logs//PreCommit-HIVE-Build-18495/yetus.txt&quot; class=&quot;external-link&quot; target=&quot;_blank&quot; rel=&quot;nofollow noopener&quot;&gt;http://104.198.109.242/logs//PreCommit-HIVE-Build-18495/yetus.txt&lt;/a&gt; &lt;/td&gt;
&lt;/tr&gt;
&lt;tr&gt;
&lt;td class=&apos;confluenceTd&apos;&gt; Powered by &lt;/td&gt;
&lt;td class=&apos;confluenceTd&apos;&gt; Apache Yetus    &lt;a href=&quot;http://yetus.apache.org&quot; class=&quot;external-link&quot; target=&quot;_blank&quot; rel=&quot;nofollow noopener&quot;&gt;http://yetus.apache.org&lt;/a&gt; &lt;/td&gt;
&lt;/tr&gt;
&lt;/tbody&gt;&lt;/table&gt;
&lt;/div&gt;



&lt;p&gt;This message was automatically generated.&lt;/p&gt;
</comment>
                            <comment id="16924887" author="hiveqa" created="Sat, 7 Sep 2019 14:29:07 +0000"  >

&lt;p&gt;Here are the results of testing the latest attachment:&lt;br/&gt;
&lt;a href=&quot;https://issues.apache.org/jira/secure/attachment/12979751/HIVE-22149.03.patch&quot; class=&quot;external-link&quot; rel=&quot;nofollow&quot;&gt;https://issues.apache.org/jira/secure/attachment/12979751/HIVE-22149.03.patch&lt;/a&gt;&lt;/p&gt;

&lt;p&gt;&lt;font color=&quot;green&quot;&gt;SUCCESS:&lt;/font&gt; +1 due to 2 test(s) being added or modified.&lt;/p&gt;

&lt;p&gt;&lt;font color=&quot;green&quot;&gt;SUCCESS:&lt;/font&gt; +1 due to 16749 tests passed&lt;/p&gt;

&lt;p&gt;Test results: &lt;a href=&quot;https://builds.apache.org/job/PreCommit-HIVE-Build/18495/testReport&quot; class=&quot;external-link&quot; target=&quot;_blank&quot; rel=&quot;nofollow noopener&quot;&gt;https://builds.apache.org/job/PreCommit-HIVE-Build/18495/testReport&lt;/a&gt;&lt;br/&gt;
Console output: &lt;a href=&quot;https://builds.apache.org/job/PreCommit-HIVE-Build/18495/console&quot; class=&quot;external-link&quot; target=&quot;_blank&quot; rel=&quot;nofollow noopener&quot;&gt;https://builds.apache.org/job/PreCommit-HIVE-Build/18495/console&lt;/a&gt;&lt;br/&gt;
Test logs: &lt;a href=&quot;http://104.198.109.242/logs/PreCommit-HIVE-Build-18495/&quot; class=&quot;external-link&quot; target=&quot;_blank&quot; rel=&quot;nofollow noopener&quot;&gt;http://104.198.109.242/logs/PreCommit-HIVE-Build-18495/&lt;/a&gt;&lt;/p&gt;

&lt;p&gt;Messages:&lt;/p&gt;
&lt;div class=&quot;preformatted panel&quot; style=&quot;border-width: 1px;&quot;&gt;&lt;div class=&quot;preformattedContent panelContent&quot;&gt;
&lt;pre&gt;Executing org.apache.hive.ptest.execution.TestCheckPhase
Executing org.apache.hive.ptest.execution.PrepPhase
Executing org.apache.hive.ptest.execution.YetusPhase
Executing org.apache.hive.ptest.execution.ExecutionPhase
Executing org.apache.hive.ptest.execution.ReportingPhase
&lt;/pre&gt;
&lt;/div&gt;&lt;/div&gt;

&lt;p&gt;This message is automatically generated.&lt;/p&gt;

&lt;p&gt;ATTACHMENT ID: 12979751 - PreCommit-HIVE-Build&lt;/p&gt;</comment>
                            <comment id="16925467" author="abstractdog" created="Mon, 9 Sep 2019 08:41:17 +0000"  >&lt;p&gt;pushed to master, thanks for the review &lt;a href=&quot;https://issues.apache.org/jira/secure/ViewProfile.jspa?name=kgyrtkirk&quot; class=&quot;user-hover&quot; rel=&quot;kgyrtkirk&quot;&gt;kgyrtkirk&lt;/a&gt;!&lt;/p&gt;</comment>
                    </comments>
                    <attachments>
                            <attachment id="12979588" name="HIVE-22149.01.patch" size="11231" author="abstractdog" created="Thu, 5 Sep 2019 20:53:09 +0000"/>
                            <attachment id="12979523" name="HIVE-22149.01.patch" size="11231" author="abstractdog" created="Thu, 5 Sep 2019 07:08:36 +0000"/>
                            <attachment id="12979155" name="HIVE-22149.01.patch" size="11231" author="abstractdog" created="Mon, 2 Sep 2019 13:46:20 +0000"/>
                            <attachment id="12979714" name="HIVE-22149.02.patch" size="11954" author="abstractdog" created="Fri, 6 Sep 2019 20:46:03 +0000"/>
                            <attachment id="12979751" name="HIVE-22149.03.patch" size="14012" author="abstractdog" created="Sat, 7 Sep 2019 12:06:51 +0000"/>
                            <attachment id="12979741" name="HIVE-22149.03.patch" size="14012" author="abstractdog" created="Sat, 7 Sep 2019 07:57:18 +0000"/>
                            <attachment id="12979739" name="HIVE-22149.03.patch" size="14012" author="abstractdog" created="Sat, 7 Sep 2019 06:26:51 +0000"/>
                            <attachment id="12979136" name="metrics_hiveserver2.log" size="17330" author="abstractdog" created="Mon, 2 Sep 2019 10:59:01 +0000"/>
                            <attachment id="12979137" name="metrics_metastore.log" size="7150" author="abstractdog" created="Mon, 2 Sep 2019 10:59:01 +0000"/>
                    </attachments>
                <subtasks>
                    </subtasks>
                <customfields>
                                                                            <customfield id="customfield_12310310" key="com.atlassian.jira.toolkit:attachments">
                        <customfieldname>Attachment count</customfieldname>
                        <customfieldvalues>
                            <customfieldvalue>9.0</customfieldvalue>
                        </customfieldvalues>
                    </customfield>
                                                                                                                                                                                                                                                                                                                                                                                                                                                                                                                                                                                                                                                                                                        <customfield id="customfield_12314020" key="com.atlassian.jira.plugins.jira-development-integration-plugin:devsummary">
                        <customfieldname>Development</customfieldname>
                        <customfieldvalues>
                            
                        </customfieldvalues>
                    </customfield>
                                                                                                                        <customfield id="customfield_12313422" key="com.atlassian.jirafisheyeplugin:jobcheckbox">
                        <customfieldname>Enable Automatic Patch Review</customfieldname>
                        <customfieldvalues>
                            <customfieldvalue><![CDATA[false]]></customfieldvalue>

                        </customfieldvalues>
                    </customfield>
                                                                                                                                                                                                                                                                                                                                                                                                                                                                                                                                                                                                                                                <customfield id="customfield_12310420" key="com.pyxis.greenhopper.jira:gh-global-rank">
                        <customfieldname>Global Rank</customfieldname>
                        <customfieldvalues>
                            <customfieldvalue>9223372036854775807</customfieldvalue>
                        </customfieldvalues>
                    </customfield>
                                                                                                                                                                                                                                                                    <customfield id="customfield_12312521" key="com.atlassian.jira.toolkit:LastCommentDate">
                        <customfieldname>Last public comment date</customfieldname>
                        <customfieldvalues>
                            6 years, 10 weeks, 2 days ago
                        </customfieldvalues>
                    </customfield>
                                                                                                                                                                                                                                                                                                <customfield id="customfield_12311820" key="com.pyxis.greenhopper.jira:gh-lexo-rank">
                        <customfieldname>Rank</customfieldname>
                        <customfieldvalues>
                            <customfieldvalue>0|z062sg:</customfieldvalue>

                        </customfieldvalues>
                    </customfield>
                                                                <customfield id="customfield_12310920" key="com.pyxis.greenhopper.jira:gh-global-rank">
                        <customfieldname>Rank (Obsolete)</customfieldname>
                        <customfieldvalues>
                            <customfieldvalue>9223372036854775807</customfieldvalue>
                        </customfieldvalues>
                    </customfield>
                                                                                                                                                                                                                                                                                                                                                                                                                                                                                                                                                                                                                                                                                                                                                                                                                                                                                </customfields>
    </item>
</channel>
</rss>