<!-- 
RSS generated by JIRA (8.20.10#820010-sha1:ace47f9899e9ee25d7157d59aa17ab06aee30d3d) at Tue Nov 11 16:56:25 UTC 2025

It is possible to restrict the fields that are returned in this document by specifying the 'field' parameter in your request.
For example, to request only the issue key and summary append 'field=key&field=summary' to the URL of your request.
-->
<rss version="0.92" >
<channel>
    <title>ASF JIRA</title>
    <link>https://issues.apache.org/jira</link>
    <description>This file is an XML representation of an issue</description>
    <language>en-uk</language>    <build-info>
        <version>8.20.10</version>
        <build-number>820010</build-number>
        <build-date>22-06-2022</build-date>
    </build-info>


<item>
            <title>[KAFKA-4184] Test failure in ReplicationQuotasTest.shouldBootstrapTwoBrokersWithFollowerThrottle</title>
                <link>https://issues.apache.org/jira/browse/KAFKA-4184</link>
                <project id="12311720" key="KAFKA">Kafka</project>
                    <description>&lt;p&gt;Seen here: &lt;a href=&quot;https://builds.apache.org/job/kafka-trunk-jdk7/1544/&quot; class=&quot;external-link&quot; target=&quot;_blank&quot; rel=&quot;nofollow noopener&quot;&gt;https://builds.apache.org/job/kafka-trunk-jdk7/1544/&lt;/a&gt;.&lt;/p&gt;

&lt;div class=&quot;code panel&quot; style=&quot;border-width: 1px;&quot;&gt;&lt;div class=&quot;codeContent panelContent&quot;&gt;
&lt;pre class=&quot;code-java&quot;&gt;unit.kafka.server.ReplicationQuotasTest &amp;gt; shouldBootstrapTwoBrokersWithFollowerThrottle FAILED
    java.lang.AssertionError: expected:&amp;lt;3.0E7&amp;gt; but was:&amp;lt;2.060725619683527E7&amp;gt;
        at org.junit.Assert.fail(Assert.java:88)
        at org.junit.Assert.failNotEquals(Assert.java:834)
        at org.junit.Assert.assertEquals(Assert.java:553)
        at org.junit.Assert.assertEquals(Assert.java:683)
        at unit.kafka.server.ReplicationQuotasTest$$anonfun$shouldMatchQuotaReplicatingThroughAnAsymmetricTopology$14.apply(ReplicationQuotasTest.scala:172)
        at unit.kafka.server.ReplicationQuotasTest$$anonfun$shouldMatchQuotaReplicatingThroughAnAsymmetricTopology$14.apply(ReplicationQuotasTest.scala:168)
        at scala.collection.Iterator$&lt;span class=&quot;code-keyword&quot;&gt;class.&lt;/span&gt;foreach(Iterator.scala:727)
        at scala.collection.AbstractIterator.foreach(Iterator.scala:1157)
        at scala.collection.IterableLike$&lt;span class=&quot;code-keyword&quot;&gt;class.&lt;/span&gt;foreach(IterableLike.scala:72)
        at scala.collection.AbstractIterable.foreach(Iterable.scala:54)
        at unit.kafka.server.ReplicationQuotasTest.shouldMatchQuotaReplicatingThroughAnAsymmetricTopology(ReplicationQuotasTest.scala:168)
        at unit.kafka.server.ReplicationQuotasTest.shouldBootstrapTwoBrokersWithFollowerThrottle(ReplicationQuotasTest.scala:74)
&lt;/pre&gt;
&lt;/div&gt;&lt;/div&gt;</description>
                <environment></environment>
        <key id="13005544">KAFKA-4184</key>
            <summary>Test failure in ReplicationQuotasTest.shouldBootstrapTwoBrokersWithFollowerThrottle</summary>
                <type id="1" iconUrl="https://issues.apache.org/jira/secure/viewavatar?size=xsmall&amp;avatarId=21133&amp;avatarType=issuetype">Bug</type>
                                            <priority id="3" iconUrl="https://issues.apache.org/jira/images/icons/priorities/major.svg">Major</priority>
                        <status id="4" iconUrl="https://issues.apache.org/jira/images/icons/statuses/reopened.png" description="This issue was once resolved, but the resolution was deemed incorrect. From here issues are either marked assigned or resolved.">Reopened</status>
                    <statusCategory id="2" key="new" colorName="blue-gray"/>
                                    <resolution id="-1">Unresolved</resolution>
                                        <assignee username="benstopford">Ben Stopford</assignee>
                                    <reporter username="hachikuji">Jason Gustafson</reporter>
                        <labels>
                    </labels>
                <created>Fri, 16 Sep 2016 20:29:22 +0000</created>
                <updated>Wed, 5 Jul 2023 14:51:44 +0000</updated>
                                                                            <component>unit tests</component>
                        <due></due>
                            <votes>0</votes>
                                    <watches>5</watches>
                                                                                                                <comments>
                            <comment id="15498706" author="githubbot" created="Sat, 17 Sep 2016 10:12:40 +0000"  >&lt;p&gt;GitHub user benstopford opened a pull request:&lt;/p&gt;

&lt;p&gt;    &lt;a href=&quot;https://github.com/apache/kafka/pull/1873&quot; class=&quot;external-link&quot; target=&quot;_blank&quot; rel=&quot;nofollow noopener&quot;&gt;https://github.com/apache/kafka/pull/1873&lt;/a&gt;&lt;/p&gt;

&lt;p&gt;    &lt;a href=&quot;https://issues.apache.org/jira/browse/KAFKA-4184&quot; title=&quot;Test failure in ReplicationQuotasTest.shouldBootstrapTwoBrokersWithFollowerThrottle&quot; class=&quot;issue-link&quot; data-issue-key=&quot;KAFKA-4184&quot;&gt;KAFKA-4184&lt;/a&gt;:  Intermitant failures in ReplicationQuotasTest.shouldBootstrapTwoBrokersWithFollowerThrottle&lt;/p&gt;



&lt;p&gt;You can merge this pull request into a Git repository by running:&lt;/p&gt;

&lt;p&gt;    $ git pull &lt;a href=&quot;https://github.com/benstopford/kafka&quot; class=&quot;external-link&quot; target=&quot;_blank&quot; rel=&quot;nofollow noopener&quot;&gt;https://github.com/benstopford/kafka&lt;/a&gt; &lt;a href=&quot;https://issues.apache.org/jira/browse/KAFKA-4184&quot; title=&quot;Test failure in ReplicationQuotasTest.shouldBootstrapTwoBrokersWithFollowerThrottle&quot; class=&quot;issue-link&quot; data-issue-key=&quot;KAFKA-4184&quot;&gt;KAFKA-4184&lt;/a&gt;&lt;/p&gt;

&lt;p&gt;Alternatively you can review and apply these changes as the patch at:&lt;/p&gt;

&lt;p&gt;    &lt;a href=&quot;https://github.com/apache/kafka/pull/1873.patch&quot; class=&quot;external-link&quot; target=&quot;_blank&quot; rel=&quot;nofollow noopener&quot;&gt;https://github.com/apache/kafka/pull/1873.patch&lt;/a&gt;&lt;/p&gt;

&lt;p&gt;To close this pull request, make a commit to your master/trunk branch&lt;br/&gt;
with (at least) the following in the commit message:&lt;/p&gt;

&lt;p&gt;    This closes #1873&lt;/p&gt;

&lt;hr /&gt;
&lt;p&gt;commit 812edfebf27a942ea26c1e0c74010e233932aad2&lt;br/&gt;
Author: Ben Stopford &amp;lt;benstopford@gmail.com&amp;gt;&lt;br/&gt;
Date:   2016-09-17T09:32:10Z&lt;/p&gt;

&lt;p&gt;    &lt;a href=&quot;https://issues.apache.org/jira/browse/KAFKA-4184&quot; title=&quot;Test failure in ReplicationQuotasTest.shouldBootstrapTwoBrokersWithFollowerThrottle&quot; class=&quot;issue-link&quot; data-issue-key=&quot;KAFKA-4184&quot;&gt;KAFKA-4184&lt;/a&gt;:  Because we don&apos;t have long to run the test, replication can be uneven across brokers. Instead take the average rate and increase the tollerance a bit&lt;/p&gt;

&lt;p&gt;commit 2ea94074254bf10a8ad862e742112a3fa5e7d3d1&lt;br/&gt;
Author: Ben Stopford &amp;lt;benstopford@gmail.com&amp;gt;&lt;br/&gt;
Date:   2016-09-17T10:12:04Z&lt;/p&gt;

&lt;p&gt;    &lt;a href=&quot;https://issues.apache.org/jira/browse/KAFKA-4184&quot; title=&quot;Test failure in ReplicationQuotasTest.shouldBootstrapTwoBrokersWithFollowerThrottle&quot; class=&quot;issue-link&quot; data-issue-key=&quot;KAFKA-4184&quot;&gt;KAFKA-4184&lt;/a&gt;:  Split out rate comparison into bonds checks rather than equality&lt;/p&gt;

&lt;hr /&gt;</comment>
                            <comment id="15506763" author="githubbot" created="Tue, 20 Sep 2016 14:40:10 +0000"  >&lt;p&gt;Github user asfgit closed the pull request at:&lt;/p&gt;

&lt;p&gt;    &lt;a href=&quot;https://github.com/apache/kafka/pull/1873&quot; class=&quot;external-link&quot; target=&quot;_blank&quot; rel=&quot;nofollow noopener&quot;&gt;https://github.com/apache/kafka/pull/1873&lt;/a&gt;&lt;/p&gt;</comment>
                            <comment id="15531267" author="guozhang" created="Wed, 28 Sep 2016 23:46:37 +0000"  >&lt;p&gt;This test failed again: &lt;a href=&quot;https://builds.apache.org/job/kafka-trunk-git-pr-jdk7/5905/testReport/junit/kafka.server/ReplicationQuotasTest/shouldBootstrapTwoBrokersWithLeaderThrottle/&quot; class=&quot;external-link&quot; target=&quot;_blank&quot; rel=&quot;nofollow noopener&quot;&gt;https://builds.apache.org/job/kafka-trunk-git-pr-jdk7/5905/testReport/junit/kafka.server/ReplicationQuotasTest/shouldBootstrapTwoBrokersWithLeaderThrottle/&lt;/a&gt;&lt;/p&gt;

&lt;div class=&quot;code panel&quot; style=&quot;border-width: 1px;&quot;&gt;&lt;div class=&quot;codeContent panelContent&quot;&gt;
&lt;pre class=&quot;code-java&quot;&gt;Stacktrace

java.lang.AssertionError: Offsets did not match &lt;span class=&quot;code-keyword&quot;&gt;for&lt;/span&gt; partition 6 on broker 106
	at org.junit.Assert.fail(Assert.java:88)
	at kafka.utils.TestUtils$.waitUntilTrue(TestUtils.scala:752)
	at kafka.server.ReplicationQuotasTest.kafka$server$ReplicationQuotasTest$$waitForOffsetsToMatch(ReplicationQuotasTest.scala:217)
	at kafka.server.ReplicationQuotasTest$$anonfun$shouldMatchQuotaReplicatingThroughAnAsymmetricTopology$7.apply$mcZI$sp(ReplicationQuotasTest.scala:144)
	at kafka.server.ReplicationQuotasTest$$anonfun$shouldMatchQuotaReplicatingThroughAnAsymmetricTopology$7.apply(ReplicationQuotasTest.scala:144)
	at kafka.server.ReplicationQuotasTest$$anonfun$shouldMatchQuotaReplicatingThroughAnAsymmetricTopology$7.apply(ReplicationQuotasTest.scala:144)
	at scala.collection.immutable.Range.foreach(Range.scala:160)
	at kafka.server.ReplicationQuotasTest.shouldMatchQuotaReplicatingThroughAnAsymmetricTopology(ReplicationQuotasTest.scala:144)
	at kafka.server.ReplicationQuotasTest.shouldBootstrapTwoBrokersWithLeaderThrottle(ReplicationQuotasTest.scala:68)
	at sun.reflect.NativeMethodAccessorImpl.invoke0(Native Method)
	at sun.reflect.NativeMethodAccessorImpl.invoke(NativeMethodAccessorImpl.java:57)
	at sun.reflect.DelegatingMethodAccessorImpl.invoke(DelegatingMethodAccessorImpl.java:43)
	at java.lang.reflect.Method.invoke(Method.java:606)
	at org.junit.runners.model.FrameworkMethod$1.runReflectiveCall(FrameworkMethod.java:50)
	at org.junit.internal.runners.model.ReflectiveCallable.run(ReflectiveCallable.java:12)
	at org.junit.runners.model.FrameworkMethod.invokeExplosively(FrameworkMethod.java:47)
	at org.junit.internal.runners.statements.InvokeMethod.evaluate(InvokeMethod.java:17)
	at org.junit.internal.runners.statements.RunBefores.evaluate(RunBefores.java:26)
	at org.junit.internal.runners.statements.RunAfters.evaluate(RunAfters.java:27)
	at org.junit.runners.ParentRunner.runLeaf(ParentRunner.java:325)
	at org.junit.runners.BlockJUnit4ClassRunner.runChild(BlockJUnit4ClassRunner.java:78)
	at org.junit.runners.BlockJUnit4ClassRunner.runChild(BlockJUnit4ClassRunner.java:57)
	at org.junit.runners.ParentRunner$3.run(ParentRunner.java:290)
	at org.junit.runners.ParentRunner$1.schedule(ParentRunner.java:71)
	at org.junit.runners.ParentRunner.runChildren(ParentRunner.java:288)
	at org.junit.runners.ParentRunner.access$000(ParentRunner.java:58)
	at org.junit.runners.ParentRunner$2.evaluate(ParentRunner.java:268)
	at org.junit.runners.ParentRunner.run(ParentRunner.java:363)
	at org.gradle.api.internal.tasks.testing.junit.JUnitTestClassExecuter.runTestClass(JUnitTestClassExecuter.java:114)
	at org.gradle.api.internal.tasks.testing.junit.JUnitTestClassExecuter.execute(JUnitTestClassExecuter.java:57)
	at org.gradle.api.internal.tasks.testing.junit.JUnitTestClassProcessor.processTestClass(JUnitTestClassProcessor.java:66)
	at org.gradle.api.internal.tasks.testing.SuiteTestClassProcessor.processTestClass(SuiteTestClassProcessor.java:51)
	at sun.reflect.GeneratedMethodAccessor15.invoke(Unknown Source)
	at sun.reflect.DelegatingMethodAccessorImpl.invoke(DelegatingMethodAccessorImpl.java:43)
	at java.lang.reflect.Method.invoke(Method.java:606)
	at org.gradle.internal.dispatch.ReflectionDispatch.dispatch(ReflectionDispatch.java:35)
	at org.gradle.internal.dispatch.ReflectionDispatch.dispatch(ReflectionDispatch.java:24)
	at org.gradle.internal.dispatch.ContextClassLoaderDispatch.dispatch(ContextClassLoaderDispatch.java:32)
	at org.gradle.internal.dispatch.ProxyDispatchAdapter$DispatchingInvocationHandler.invoke(ProxyDispatchAdapter.java:93)
	at com.sun.proxy.$Proxy2.processTestClass(Unknown Source)
	at org.gradle.api.internal.tasks.testing.worker.TestWorker.processTestClass(TestWorker.java:109)
	at sun.reflect.GeneratedMethodAccessor14.invoke(Unknown Source)
	at sun.reflect.DelegatingMethodAccessorImpl.invoke(DelegatingMethodAccessorImpl.java:43)
	at java.lang.reflect.Method.invoke(Method.java:606)
	at org.gradle.internal.dispatch.ReflectionDispatch.dispatch(ReflectionDispatch.java:35)
	at org.gradle.internal.dispatch.ReflectionDispatch.dispatch(ReflectionDispatch.java:24)
	at org.gradle.internal.remote.internal.hub.MessageHub$Handler.run(MessageHub.java:377)
	at org.gradle.internal.concurrent.ExecutorPolicy$CatchAndRecordFailures.onExecute(ExecutorPolicy.java:54)
	at org.gradle.internal.concurrent.StoppableExecutorImpl$1.run(StoppableExecutorImpl.java:40)
	at java.util.concurrent.ThreadPoolExecutor.runWorker(ThreadPoolExecutor.java:1145)
	at java.util.concurrent.ThreadPoolExecutor$Worker.run(ThreadPoolExecutor.java:615)
	at java.lang.&lt;span class=&quot;code-object&quot;&gt;Thread&lt;/span&gt;.run(&lt;span class=&quot;code-object&quot;&gt;Thread&lt;/span&gt;.java:745)
Standard Output

[2016-09-27 16:01:07,484] WARN Client session timed out, have not heard from server in 28053ms &lt;span class=&quot;code-keyword&quot;&gt;for&lt;/span&gt; sessionid 0x1576c6064670000 (org.apache.zookeeper.ClientCnxn:1108)
[2016-09-27 16:01:07,493] WARN caught end of stream exception (org.apache.zookeeper.server.NIOServerCnxn:357)
EndOfStreamException: Unable to read additional data from client sessionid 0x1576c6064670000, likely client has closed socket
	at org.apache.zookeeper.server.NIOServerCnxn.doIO(NIOServerCnxn.java:230)
	at org.apache.zookeeper.server.NIOServerCnxnFactory.run(NIOServerCnxnFactory.java:203)
	at java.lang.&lt;span class=&quot;code-object&quot;&gt;Thread&lt;/span&gt;.run(&lt;span class=&quot;code-object&quot;&gt;Thread&lt;/span&gt;.java:745)
[2016-09-27 16:01:07,520] WARN Client session timed out, have not heard from server in 27689ms &lt;span class=&quot;code-keyword&quot;&gt;for&lt;/span&gt; sessionid 0x1576c6064670003 (org.apache.zookeeper.ClientCnxn:1108)
[2016-09-27 16:01:07,520] WARN Client session timed out, have not heard from server in 27654ms &lt;span class=&quot;code-keyword&quot;&gt;for&lt;/span&gt; sessionid 0x1576c6064670004 (org.apache.zookeeper.ClientCnxn:1108)
[2016-09-27 16:01:07,520] WARN Client session timed out, have not heard from server in 27656ms &lt;span class=&quot;code-keyword&quot;&gt;for&lt;/span&gt; sessionid 0x1576c6064670005 (org.apache.zookeeper.ClientCnxn:1108)
[2016-09-27 16:01:07,521] WARN caught end of stream exception (org.apache.zookeeper.server.NIOServerCnxn:357)
EndOfStreamException: Unable to read additional data from client sessionid 0x1576c6064670003, likely client has closed socket
	at org.apache.zookeeper.server.NIOServerCnxn.doIO(NIOServerCnxn.java:230)
	at org.apache.zookeeper.server.NIOServerCnxnFactory.run(NIOServerCnxnFactory.java:203)
	at java.lang.&lt;span class=&quot;code-object&quot;&gt;Thread&lt;/span&gt;.run(&lt;span class=&quot;code-object&quot;&gt;Thread&lt;/span&gt;.java:745)
[2016-09-27 16:01:07,520] WARN Client session timed out, have not heard from server in 27691ms &lt;span class=&quot;code-keyword&quot;&gt;for&lt;/span&gt; sessionid 0x1576c6064670002 (org.apache.zookeeper.ClientCnxn:1108)
[2016-09-27 16:01:07,520] WARN Client session timed out, have not heard from server in 27643ms &lt;span class=&quot;code-keyword&quot;&gt;for&lt;/span&gt; sessionid 0x1576c6064670006 (org.apache.zookeeper.ClientCnxn:1108)
[2016-09-27 16:01:07,521] WARN Client session timed out, have not heard from server in 27632ms &lt;span class=&quot;code-keyword&quot;&gt;for&lt;/span&gt; sessionid 0x1576c6064670001 (org.apache.zookeeper.ClientCnxn:1108)
[2016-09-27 16:01:07,521] WARN caught end of stream exception (org.apache.zookeeper.server.NIOServerCnxn:357)
EndOfStreamException: Unable to read additional data from client sessionid 0x1576c6064670004, likely client has closed socket
	at org.apache.zookeeper.server.NIOServerCnxn.doIO(NIOServerCnxn.java:230)
	at org.apache.zookeeper.server.NIOServerCnxnFactory.run(NIOServerCnxnFactory.java:203)
	at java.lang.&lt;span class=&quot;code-object&quot;&gt;Thread&lt;/span&gt;.run(&lt;span class=&quot;code-object&quot;&gt;Thread&lt;/span&gt;.java:745)
[2016-09-27 16:01:07,527] WARN caught end of stream exception (org.apache.zookeeper.server.NIOServerCnxn:357)
EndOfStreamException: Unable to read additional data from client sessionid 0x1576c6064670006, likely client has closed socket
	at org.apache.zookeeper.server.NIOServerCnxn.doIO(NIOServerCnxn.java:230)
	at org.apache.zookeeper.server.NIOServerCnxnFactory.run(NIOServerCnxnFactory.java:203)
	at java.lang.&lt;span class=&quot;code-object&quot;&gt;Thread&lt;/span&gt;.run(&lt;span class=&quot;code-object&quot;&gt;Thread&lt;/span&gt;.java:745)
[2016-09-27 16:01:07,534] WARN Ignoring unexpected runtime exception (org.apache.zookeeper.server.NIOServerCnxnFactory:213)
java.nio.channels.CancelledKeyException
	at sun.nio.ch.SelectionKeyImpl.ensureValid(SelectionKeyImpl.java:73)
	at sun.nio.ch.SelectionKeyImpl.readyOps(SelectionKeyImpl.java:87)
	at org.apache.zookeeper.server.NIOServerCnxnFactory.run(NIOServerCnxnFactory.java:182)
	at java.lang.&lt;span class=&quot;code-object&quot;&gt;Thread&lt;/span&gt;.run(&lt;span class=&quot;code-object&quot;&gt;Thread&lt;/span&gt;.java:745)
[2016-09-27 16:01:08,917] WARN Unable to reconnect to ZooKeeper service, session 0x1576c6064670006 has expired (org.apache.zookeeper.ClientCnxn:1285)
[2016-09-27 16:01:09,043] ERROR [ReplicaFetcherThread-0-107], Current offset 100 &lt;span class=&quot;code-keyword&quot;&gt;for&lt;/span&gt; partition [topic1,5] out of range; reset offset to 0 (kafka.server.ReplicaFetcherThread:97)
[2016-09-27 16:01:09,087] WARN Unable to reconnect to ZooKeeper service, session 0x1576c6064670003 has expired (org.apache.zookeeper.ClientCnxn:1285)
[2016-09-27 16:01:09,273] ERROR [ReplicaFetcherThread-0-106], Current offset 100 &lt;span class=&quot;code-keyword&quot;&gt;for&lt;/span&gt; partition [topic1,2] out of range; reset offset to 0 (kafka.server.ReplicaFetcherThread:97)
[2016-09-27 16:01:09,319] WARN Unable to reconnect to ZooKeeper service, session 0x1576c6064670004 has expired (org.apache.zookeeper.ClientCnxn:1285)
[2016-09-27 16:01:09,373] WARN Unable to reconnect to ZooKeeper service, session 0x1576c6064670001 has expired (org.apache.zookeeper.ClientCnxn:1285)
[2016-09-27 16:01:09,401] WARN Unable to reconnect to ZooKeeper service, session 0x1576c6064670000 has expired (org.apache.zookeeper.ClientCnxn:1285)
[2016-09-27 16:01:09,419] WARN Unable to reconnect to ZooKeeper service, session 0x1576c6064670002 has expired (org.apache.zookeeper.ClientCnxn:1285)
[2016-09-27 16:01:09,484] ERROR [ReplicaFetcherThread-0-107], Current offset 100 &lt;span class=&quot;code-keyword&quot;&gt;for&lt;/span&gt; partition [topic1,3] out of range; reset offset to 0 (kafka.server.ReplicaFetcherThread:97)
[2016-09-27 16:01:09,573] WARN Unable to reconnect to ZooKeeper service, session 0x1576c6064670005 has expired (org.apache.zookeeper.ClientCnxn:1285)
[2016-09-27 16:01:09,650] ERROR [ReplicaFetcherThread-0-106], Current offset 100 &lt;span class=&quot;code-keyword&quot;&gt;for&lt;/span&gt; partition [topic1,0] out of range; reset offset to 0 (kafka.server.ReplicaFetcherThread:97)
[2016-09-27 16:01:09,687] ERROR [ReplicaFetcherThread-0-106], Current offset 100 &lt;span class=&quot;code-keyword&quot;&gt;for&lt;/span&gt; partition [topic1,6] out of range; reset offset to 0 (kafka.server.ReplicaFetcherThread:97)
[2016-09-27 16:01:09,745] ERROR [ReplicaFetcherThread-0-106], Current offset 100 &lt;span class=&quot;code-keyword&quot;&gt;for&lt;/span&gt; partition [topic1,1] out of range; reset offset to 0 (kafka.server.ReplicaFetcherThread:97)
[2016-09-27 16:01:09,748] ERROR [ReplicaFetcherThread-0-107], Current offset 100 &lt;span class=&quot;code-keyword&quot;&gt;for&lt;/span&gt; partition [topic1,7] out of range; reset offset to 0 (kafka.server.ReplicaFetcherThread:97)
[2016-09-27 16:01:09,799] ERROR [ReplicaFetcherThread-0-107], Current offset 100 &lt;span class=&quot;code-keyword&quot;&gt;for&lt;/span&gt; partition [topic1,4] out of range; reset offset to 0 (kafka.server.ReplicaFetcherThread:97)
[2016-09-27 16:02:08,717] ERROR [ReplicaFetcherThread-0-100], Error &lt;span class=&quot;code-keyword&quot;&gt;for&lt;/span&gt; partition [topic1,0] to broker 100:org.apache.kafka.common.errors.NotLeaderForPartitionException: This server is not the leader &lt;span class=&quot;code-keyword&quot;&gt;for&lt;/span&gt; that topic-partition. (kafka.server.ReplicaFetcherThread:97)
[2016-09-27 16:02:18,315] WARN caught end of stream exception (org.apache.zookeeper.server.NIOServerCnxn:357)
EndOfStreamException: Unable to read additional data from client sessionid 0x1576c61cb840001, likely client has closed socket
	at org.apache.zookeeper.server.NIOServerCnxn.doIO(NIOServerCnxn.java:230)
	at org.apache.zookeeper.server.NIOServerCnxnFactory.run(NIOServerCnxnFactory.java:203)
	at java.lang.&lt;span class=&quot;code-object&quot;&gt;Thread&lt;/span&gt;.run(&lt;span class=&quot;code-object&quot;&gt;Thread&lt;/span&gt;.java:745)
[2016-09-27 16:02:18,321] WARN Ignoring unexpected runtime exception (org.apache.zookeeper.server.NIOServerCnxnFactory:213)
java.nio.channels.CancelledKeyException
	at sun.nio.ch.SelectionKeyImpl.ensureValid(SelectionKeyImpl.java:73)
	at sun.nio.ch.SelectionKeyImpl.readyOps(SelectionKeyImpl.java:87)
	at org.apache.zookeeper.server.NIOServerCnxnFactory.run(NIOServerCnxnFactory.java:182)
	at java.lang.&lt;span class=&quot;code-object&quot;&gt;Thread&lt;/span&gt;.run(&lt;span class=&quot;code-object&quot;&gt;Thread&lt;/span&gt;.java:745)
[2016-09-27 16:02:32,111] WARN caught end of stream exception (org.apache.zookeeper.server.NIOServerCnxn:357)
EndOfStreamException: Unable to read additional data from client sessionid 0x1576c61e8550008, likely client has closed socket
	at org.apache.zookeeper.server.NIOServerCnxn.doIO(NIOServerCnxn.java:230)
	at org.apache.zookeeper.server.NIOServerCnxnFactory.run(NIOServerCnxnFactory.java:203)
	at java.lang.&lt;span class=&quot;code-object&quot;&gt;Thread&lt;/span&gt;.run(&lt;span class=&quot;code-object&quot;&gt;Thread&lt;/span&gt;.java:745)
&lt;/pre&gt;
&lt;/div&gt;&lt;/div&gt;</comment>
                            <comment id="15823548" author="ewencp" created="Mon, 16 Jan 2017 07:01:13 +0000"  >&lt;p&gt;Are there more recent cases of this? I don&apos;t like closing things unresolved, but the last report is quite old and the logs have been lost &amp;#8211; hard to point to anything concrete unless we have something more recent.&lt;/p&gt;</comment>
                            <comment id="17433911" author="jlprat" created="Mon, 25 Oct 2021 18:09:28 +0000"  >&lt;p&gt;Failure just happened: &lt;a href=&quot;https://ci-builds.apache.org/job/Kafka/job/kafka-pr/job/PR-11432/1/testReport/junit/kafka.server/ReplicationQuotasTest/Build___JDK_17_and_Scala_2_13___shouldBootstrapTwoBrokersWithFollowerThrottle___2/&quot; class=&quot;external-link&quot; target=&quot;_blank&quot; rel=&quot;nofollow noopener&quot;&gt;https://ci-builds.apache.org/job/Kafka/job/kafka-pr/job/PR-11432/1/testReport/junit/kafka.server/ReplicationQuotasTest/Build___JDK_17_and_Scala_2_13___shouldBootstrapTwoBrokersWithFollowerThrottle___2/&lt;/a&gt;&lt;/p&gt;
&lt;div class=&quot;code panel&quot; style=&quot;border-width: 1px;&quot;&gt;&lt;div class=&quot;codeContent panelContent&quot;&gt;
&lt;pre class=&quot;code-java&quot;&gt;
Error Messageorg.opentest4j.AssertionFailedError: Expected 3330062.6578397714 &amp;lt; 3300000.0000000005 ==&amp;gt; expected: &amp;lt;&lt;span class=&quot;code-keyword&quot;&gt;true&lt;/span&gt;&amp;gt; but was: &amp;lt;&lt;span class=&quot;code-keyword&quot;&gt;false&lt;/span&gt;&amp;gt;Stacktraceorg.opentest4j.AssertionFailedError: Expected 3330062.6578397714 &amp;lt; 3300000.0000000005 ==&amp;gt; expected: &amp;lt;&lt;span class=&quot;code-keyword&quot;&gt;true&lt;/span&gt;&amp;gt; but was: &amp;lt;&lt;span class=&quot;code-keyword&quot;&gt;false&lt;/span&gt;&amp;gt;
	at app&lt;span class=&quot;code-comment&quot;&gt;//org.junit.jupiter.api.AssertionUtils.fail(AssertionUtils.java:55)
&lt;/span&gt;	at app&lt;span class=&quot;code-comment&quot;&gt;//org.junit.jupiter.api.AssertTrue.assertTrue(AssertTrue.java:40)
&lt;/span&gt;	at app&lt;span class=&quot;code-comment&quot;&gt;//org.junit.jupiter.api.Assertions.assertTrue(Assertions.java:193)
&lt;/span&gt;	at app&lt;span class=&quot;code-comment&quot;&gt;//kafka.server.ReplicationQuotasTest.shouldMatchQuotaReplicatingThroughAnAsymmetricTopology(ReplicationQuotasTest.scala:166)
&lt;/span&gt;	at app&lt;span class=&quot;code-comment&quot;&gt;//kafka.server.ReplicationQuotasTest.shouldBootstrapTwoBrokersWithFollowerThrottle(ReplicationQuotasTest.scala:67)
&lt;/span&gt;	at java.base@17/jdk.internal.reflect.NativeMethodAccessorImpl.invoke0(Native Method)
	at java.base@17/jdk.internal.reflect.NativeMethodAccessorImpl.invoke(NativeMethodAccessorImpl.java:77)
	at java.base@17/jdk.internal.reflect.DelegatingMethodAccessorImpl.invoke(DelegatingMethodAccessorImpl.java:43)
	at java.base@17/java.lang.reflect.Method.invoke(Method.java:568)
	at app&lt;span class=&quot;code-comment&quot;&gt;//org.junit.platform.commons.util.ReflectionUtils.invokeMethod(ReflectionUtils.java:688)
&lt;/span&gt;	at app&lt;span class=&quot;code-comment&quot;&gt;//org.junit.jupiter.engine.execution.MethodInvocation.proceed(MethodInvocation.java:60)
&lt;/span&gt;	at app&lt;span class=&quot;code-comment&quot;&gt;//org.junit.jupiter.engine.execution.InvocationInterceptorChain$ValidatingInvocation.proceed(InvocationInterceptorChain.java:131)
&lt;/span&gt;	at app&lt;span class=&quot;code-comment&quot;&gt;//org.junit.jupiter.engine.extension.TimeoutExtension.intercept(TimeoutExtension.java:149)
&lt;/span&gt;	at app&lt;span class=&quot;code-comment&quot;&gt;//org.junit.jupiter.engine.extension.TimeoutExtension.interceptTestableMethod(TimeoutExtension.java:140)
&lt;/span&gt;	at app&lt;span class=&quot;code-comment&quot;&gt;//org.junit.jupiter.engine.extension.TimeoutExtension.interceptTestMethod(TimeoutExtension.java:84)
&lt;/span&gt;	at app&lt;span class=&quot;code-comment&quot;&gt;//org.junit.jupiter.engine.execution.ExecutableInvoker$ReflectiveInterceptorCall.lambda$ofVoidMethod$0(ExecutableInvoker.java:115)
&lt;/span&gt;	at app&lt;span class=&quot;code-comment&quot;&gt;//org.junit.jupiter.engine.execution.ExecutableInvoker.lambda$invoke$0(ExecutableInvoker.java:105)
&lt;/span&gt;	at app&lt;span class=&quot;code-comment&quot;&gt;//org.junit.jupiter.engine.execution.InvocationInterceptorChain$InterceptedInvocation.proceed(InvocationInterceptorChain.java:106)
&lt;/span&gt;	at app&lt;span class=&quot;code-comment&quot;&gt;//org.junit.jupiter.engine.execution.InvocationInterceptorChain.proceed(InvocationInterceptorChain.java:64)
&lt;/span&gt;	at app&lt;span class=&quot;code-comment&quot;&gt;//org.junit.jupiter.engine.execution.InvocationInterceptorChain.chainAndInvoke(InvocationInterceptorChain.java:45)
&lt;/span&gt;	at app&lt;span class=&quot;code-comment&quot;&gt;//org.junit.jupiter.engine.execution.InvocationInterceptorChain.invoke(InvocationInterceptorChain.java:37)
&lt;/span&gt;	at app&lt;span class=&quot;code-comment&quot;&gt;//org.junit.jupiter.engine.execution.ExecutableInvoker.invoke(ExecutableInvoker.java:104)
&lt;/span&gt;	at app&lt;span class=&quot;code-comment&quot;&gt;//org.junit.jupiter.engine.execution.ExecutableInvoker.invoke(ExecutableInvoker.java:98)
&lt;/span&gt;	at app&lt;span class=&quot;code-comment&quot;&gt;//org.junit.jupiter.engine.descriptor.TestMethodTestDescriptor.lambda$invokeTestMethod$6(TestMethodTestDescriptor.java:210)
&lt;/span&gt;	at app&lt;span class=&quot;code-comment&quot;&gt;//org.junit.platform.engine.support.hierarchical.ThrowableCollector.execute(ThrowableCollector.java:73)
&lt;/span&gt;	at app&lt;span class=&quot;code-comment&quot;&gt;//org.junit.jupiter.engine.descriptor.TestMethodTestDescriptor.invokeTestMethod(TestMethodTestDescriptor.java:206)
&lt;/span&gt;	at app&lt;span class=&quot;code-comment&quot;&gt;//org.junit.jupiter.engine.descriptor.TestMethodTestDescriptor.execute(TestMethodTestDescriptor.java:131)
&lt;/span&gt;	at app&lt;span class=&quot;code-comment&quot;&gt;//org.junit.jupiter.engine.descriptor.TestMethodTestDescriptor.execute(TestMethodTestDescriptor.java:65)
&lt;/span&gt;	at app&lt;span class=&quot;code-comment&quot;&gt;//org.junit.platform.engine.support.hierarchical.NodeTestTask.lambda$executeRecursively$5(NodeTestTask.java:139)
&lt;/span&gt;	at app&lt;span class=&quot;code-comment&quot;&gt;//org.junit.platform.engine.support.hierarchical.ThrowableCollector.execute(ThrowableCollector.java:73)
&lt;/span&gt;	at app&lt;span class=&quot;code-comment&quot;&gt;//org.junit.platform.engine.support.hierarchical.NodeTestTask.lambda$executeRecursively$7(NodeTestTask.java:129)
&lt;/span&gt;	at app&lt;span class=&quot;code-comment&quot;&gt;//org.junit.platform.engine.support.hierarchical.Node.around(Node.java:137)
&lt;/span&gt;	at app&lt;span class=&quot;code-comment&quot;&gt;//org.junit.platform.engine.support.hierarchical.NodeTestTask.lambda$executeRecursively$8(NodeTestTask.java:127)
&lt;/span&gt;	at app&lt;span class=&quot;code-comment&quot;&gt;//org.junit.platform.engine.support.hierarchical.ThrowableCollector.execute(ThrowableCollector.java:73)
&lt;/span&gt;	at app&lt;span class=&quot;code-comment&quot;&gt;//org.junit.platform.engine.support.hierarchical.NodeTestTask.executeRecursively(NodeTestTask.java:126)
&lt;/span&gt;	at app&lt;span class=&quot;code-comment&quot;&gt;//org.junit.platform.engine.support.hierarchical.NodeTestTask.execute(NodeTestTask.java:84)
&lt;/span&gt;	at java.base@17/java.util.ArrayList.forEach(ArrayList.java:1511)
	at app&lt;span class=&quot;code-comment&quot;&gt;//org.junit.platform.engine.support.hierarchical.SameThreadHierarchicalTestExecutorService.invokeAll(SameThreadHierarchicalTestExecutorService.java:38)
&lt;/span&gt;	at app&lt;span class=&quot;code-comment&quot;&gt;//org.junit.platform.engine.support.hierarchical.NodeTestTask.lambda$executeRecursively$5(NodeTestTask.java:143)
&lt;/span&gt;	at app&lt;span class=&quot;code-comment&quot;&gt;//org.junit.platform.engine.support.hierarchical.ThrowableCollector.execute(ThrowableCollector.java:73)
&lt;/span&gt;	at app&lt;span class=&quot;code-comment&quot;&gt;//org.junit.platform.engine.support.hierarchical.NodeTestTask.lambda$executeRecursively$7(NodeTestTask.java:129)
&lt;/span&gt;	at app&lt;span class=&quot;code-comment&quot;&gt;//org.junit.platform.engine.support.hierarchical.Node.around(Node.java:137)
&lt;/span&gt;	at app&lt;span class=&quot;code-comment&quot;&gt;//org.junit.platform.engine.support.hierarchical.NodeTestTask.lambda$executeRecursively$8(NodeTestTask.java:127)
&lt;/span&gt;	at app&lt;span class=&quot;code-comment&quot;&gt;//org.junit.platform.engine.support.hierarchical.ThrowableCollector.execute(ThrowableCollector.java:73)
&lt;/span&gt;	at app&lt;span class=&quot;code-comment&quot;&gt;//org.junit.platform.engine.support.hierarchical.NodeTestTask.executeRecursively(NodeTestTask.java:126)
&lt;/span&gt;	at app&lt;span class=&quot;code-comment&quot;&gt;//org.junit.platform.engine.support.hierarchical.NodeTestTask.execute(NodeTestTask.java:84)
&lt;/span&gt;	at java.base@17/java.util.ArrayList.forEach(ArrayList.java:1511)
	at app&lt;span class=&quot;code-comment&quot;&gt;//org.junit.platform.engine.support.hierarchical.SameThreadHierarchicalTestExecutorService.invokeAll(SameThreadHierarchicalTestExecutorService.java:38)
&lt;/span&gt;	at app&lt;span class=&quot;code-comment&quot;&gt;//org.junit.platform.engine.support.hierarchical.NodeTestTask.lambda$executeRecursively$5(NodeTestTask.java:143)
&lt;/span&gt;	at app&lt;span class=&quot;code-comment&quot;&gt;//org.junit.platform.engine.support.hierarchical.ThrowableCollector.execute(ThrowableCollector.java:73)
&lt;/span&gt;	at app&lt;span class=&quot;code-comment&quot;&gt;//org.junit.platform.engine.support.hierarchical.NodeTestTask.lambda$executeRecursively$7(NodeTestTask.java:129)
&lt;/span&gt;	at app&lt;span class=&quot;code-comment&quot;&gt;//org.junit.platform.engine.support.hierarchical.Node.around(Node.java:137)
&lt;/span&gt;	at app&lt;span class=&quot;code-comment&quot;&gt;//org.junit.platform.engine.support.hierarchical.NodeTestTask.lambda$executeRecursively$8(NodeTestTask.java:127)
&lt;/span&gt;	at app&lt;span class=&quot;code-comment&quot;&gt;//org.junit.platform.engine.support.hierarchical.ThrowableCollector.execute(ThrowableCollector.java:73)
&lt;/span&gt;	at app&lt;span class=&quot;code-comment&quot;&gt;//org.junit.platform.engine.support.hierarchical.NodeTestTask.executeRecursively(NodeTestTask.java:126)
&lt;/span&gt;	at app&lt;span class=&quot;code-comment&quot;&gt;//org.junit.platform.engine.support.hierarchical.NodeTestTask.execute(NodeTestTask.java:84)
&lt;/span&gt;	at app&lt;span class=&quot;code-comment&quot;&gt;//org.junit.platform.engine.support.hierarchical.SameThreadHierarchicalTestExecutorService.submit(SameThreadHierarchicalTestExecutorService.java:32)
&lt;/span&gt;	at app&lt;span class=&quot;code-comment&quot;&gt;//org.junit.platform.engine.support.hierarchical.HierarchicalTestExecutor.execute(HierarchicalTestExecutor.java:57)
&lt;/span&gt;	at app&lt;span class=&quot;code-comment&quot;&gt;//org.junit.platform.engine.support.hierarchical.HierarchicalTestEngine.execute(HierarchicalTestEngine.java:51)
&lt;/span&gt;	at org.junit.platform.launcher.core.EngineExecutionOrchestrator.execute(EngineExecutionOrchestrator.java:108)
	at org.junit.platform.launcher.core.EngineExecutionOrchestrator.execute(EngineExecutionOrchestrator.java:88)
	at org.junit.platform.launcher.core.EngineExecutionOrchestrator.lambda$execute$0(EngineExecutionOrchestrator.java:54)
	at org.junit.platform.launcher.core.EngineExecutionOrchestrator.withInterceptedStreams(EngineExecutionOrchestrator.java:67)
	at org.junit.platform.launcher.core.EngineExecutionOrchestrator.execute(EngineExecutionOrchestrator.java:52)
	at org.junit.platform.launcher.core.DefaultLauncher.execute(DefaultLauncher.java:96)
	at org.junit.platform.launcher.core.DefaultLauncher.execute(DefaultLauncher.java:75)
	at org.gradle.api.internal.tasks.testing.junitplatform.JUnitPlatformTestClassProcessor$CollectAllTestClassesExecutor.processAllTestClasses(JUnitPlatformTestClassProcessor.java:99)
	at org.gradle.api.internal.tasks.testing.junitplatform.JUnitPlatformTestClassProcessor$CollectAllTestClassesExecutor.access$000(JUnitPlatformTestClassProcessor.java:79)
	at org.gradle.api.internal.tasks.testing.junitplatform.JUnitPlatformTestClassProcessor.stop(JUnitPlatformTestClassProcessor.java:75)
	at org.gradle.api.internal.tasks.testing.SuiteTestClassProcessor.stop(SuiteTestClassProcessor.java:61)
	at java.base@17/jdk.internal.reflect.NativeMethodAccessorImpl.invoke0(Native Method)
	at java.base@17/jdk.internal.reflect.NativeMethodAccessorImpl.invoke(NativeMethodAccessorImpl.java:77)
	at java.base@17/jdk.internal.reflect.DelegatingMethodAccessorImpl.invoke(DelegatingMethodAccessorImpl.java:43)
	at java.base@17/java.lang.reflect.Method.invoke(Method.java:568)
	at org.gradle.internal.dispatch.ReflectionDispatch.dispatch(ReflectionDispatch.java:36)
	at org.gradle.internal.dispatch.ReflectionDispatch.dispatch(ReflectionDispatch.java:24)
	at org.gradle.internal.dispatch.ContextClassLoaderDispatch.dispatch(ContextClassLoaderDispatch.java:33)
	at org.gradle.internal.dispatch.ProxyDispatchAdapter$DispatchingInvocationHandler.invoke(ProxyDispatchAdapter.java:94)
	at jdk.proxy1/jdk.proxy1.$Proxy2.stop(Unknown Source)
	at org.gradle.api.internal.tasks.testing.worker.TestWorker$3.run(TestWorker.java:193)
	at org.gradle.api.internal.tasks.testing.worker.TestWorker.executeAndMaintainThreadName(TestWorker.java:129)
	at org.gradle.api.internal.tasks.testing.worker.TestWorker.execute(TestWorker.java:100)
	at org.gradle.api.internal.tasks.testing.worker.TestWorker.execute(TestWorker.java:60)
	at org.gradle.process.internal.worker.child.ActionExecutionWorker.execute(ActionExecutionWorker.java:56)
	at org.gradle.process.internal.worker.child.SystemApplicationClassLoaderWorker.call(SystemApplicationClassLoaderWorker.java:133)
	at org.gradle.process.internal.worker.child.SystemApplicationClassLoaderWorker.call(SystemApplicationClassLoaderWorker.java:71)
	at app&lt;span class=&quot;code-comment&quot;&gt;//worker.org.gradle.process.internal.worker.GradleWorkerMain.run(GradleWorkerMain.java:69)
&lt;/span&gt;	at app&lt;span class=&quot;code-comment&quot;&gt;//worker.org.gradle.process.internal.worker.GradleWorkerMain.main(GradleWorkerMain.java:74)
&lt;/span&gt;
&lt;/pre&gt;
&lt;/div&gt;&lt;/div&gt;</comment>
                    </comments>
                    <attachments>
                    </attachments>
                <subtasks>
                    </subtasks>
                <customfields>
                                                                            <customfield id="customfield_12310310" key="com.atlassian.jira.toolkit:attachments">
                        <customfieldname>Attachment count</customfieldname>
                        <customfieldvalues>
                            <customfieldvalue>0.0</customfieldvalue>
                        </customfieldvalues>
                    </customfield>
                                                                                                                                                                                                                                                                                                                                                                                                                                                                                                                                                                                                                                                                                                        <customfield id="customfield_12314020" key="com.atlassian.jira.plugins.jira-development-integration-plugin:devsummary">
                        <customfieldname>Development</customfieldname>
                        <customfieldvalues>
                            
                        </customfieldvalues>
                    </customfield>
                                                                                                                        <customfield id="customfield_12313422" key="com.atlassian.jirafisheyeplugin:jobcheckbox">
                        <customfieldname>Enable Automatic Patch Review</customfieldname>
                        <customfieldvalues>
                            <customfieldvalue><![CDATA[false]]></customfieldvalue>

                        </customfieldvalues>
                    </customfield>
                                                                                                                                                                                                                                                                                                                                                                                                                                                                                                                                                                                                                    <customfield id="customfield_12310420" key="com.pyxis.greenhopper.jira:gh-global-rank">
                        <customfieldname>Global Rank</customfieldname>
                        <customfieldvalues>
                            <customfieldvalue>9223372036854775807</customfieldvalue>
                        </customfieldvalues>
                    </customfield>
                                                                                                                                                                                                                                        <customfield id="customfield_12312521" key="com.atlassian.jira.toolkit:LastCommentDate">
                        <customfieldname>Last public comment date</customfieldname>
                        <customfieldvalues>
                            4 years, 3 weeks ago
                        </customfieldvalues>
                    </customfield>
                                                                                                                                                                                                                                                                                                <customfield id="customfield_12311820" key="com.pyxis.greenhopper.jira:gh-lexo-rank">
                        <customfieldname>Rank</customfieldname>
                        <customfieldvalues>
                            <customfieldvalue>0|i33qdj:</customfieldvalue>

                        </customfieldvalues>
                    </customfield>
                                                                <customfield id="customfield_12310920" key="com.pyxis.greenhopper.jira:gh-global-rank">
                        <customfieldname>Rank (Obsolete)</customfieldname>
                        <customfieldvalues>
                            <customfieldvalue>9223372036854775807</customfieldvalue>
                        </customfieldvalues>
                    </customfield>
                                                                                                                                                                                                            <customfield id="customfield_10022" key="com.atlassian.jira.plugin.system.customfieldtypes:userpicker">
                        <customfieldname>Reviewer</customfieldname>
                        <customfieldvalues>
                            <customfieldvalue>ijuma</customfieldvalue>

                        </customfieldvalues>
                    </customfield>
                                                                                                                                                                                                                                                                                                                                                                                                                                                                                                                                                                                                                                                </customfields>
    </item>
</channel>
</rss>