<!-- 
RSS generated by JIRA (8.20.10#820010-sha1:ace47f9899e9ee25d7157d59aa17ab06aee30d3d) at Tue Nov 11 17:24:54 UTC 2025

It is possible to restrict the fields that are returned in this document by specifying the 'field' parameter in your request.
For example, to request only the issue key and summary append 'field=key&field=summary' to the URL of your request.
-->
<rss version="0.92" >
<channel>
    <title>ASF JIRA</title>
    <link>https://issues.apache.org/jira</link>
    <description>This file is an XML representation of an issue</description>
    <language>en-uk</language>    <build-info>
        <version>8.20.10</version>
        <build-number>820010</build-number>
        <build-date>22-06-2022</build-date>
    </build-info>


<item>
            <title>[KAFKA-10017] Flaky Test EosBetaUpgradeIntegrationTest.shouldUpgradeFromEosAlphaToEosBeta</title>
                <link>https://issues.apache.org/jira/browse/KAFKA-10017</link>
                <project id="12311720" key="KAFKA">Kafka</project>
                    <description>&lt;p&gt;Creating a new ticket for this since the root cause is different than&#160;&lt;a href=&quot;https://issues.apache.org/jira/browse/KAFKA-9966&quot; class=&quot;external-link&quot; rel=&quot;nofollow&quot;&gt;https://issues.apache.org/jira/browse/KAFKA-9966&lt;/a&gt;&lt;/p&gt;

&lt;p&gt;With injectError = true:&lt;/p&gt;
&lt;h3&gt;&lt;a name=&quot;Stacktrace&quot;&gt;&lt;/a&gt;Stacktrace&lt;/h3&gt;

&lt;p&gt;java.lang.AssertionError: Did not receive all 20 records from topic multiPartitionOutputTopic within 60000 ms Expected: is a value equal to or greater than &amp;lt;20&amp;gt; but: &amp;lt;15&amp;gt; was less than &amp;lt;20&amp;gt; at org.hamcrest.MatcherAssert.assertThat(MatcherAssert.java:20) at org.apache.kafka.streams.integration.utils.IntegrationTestUtils.lambda$waitUntilMinKeyValueRecordsReceived$1(IntegrationTestUtils.java:563) at org.apache.kafka.test.TestUtils.retryOnExceptionWithTimeout(TestUtils.java:429) at org.apache.kafka.test.TestUtils.retryOnExceptionWithTimeout(TestUtils.java:397) at org.apache.kafka.streams.integration.utils.IntegrationTestUtils.waitUntilMinKeyValueRecordsReceived(IntegrationTestUtils.java:559) at org.apache.kafka.streams.integration.utils.IntegrationTestUtils.waitUntilMinKeyValueRecordsReceived(IntegrationTestUtils.java:530) at org.apache.kafka.streams.integration.EosBetaUpgradeIntegrationTest.readResult(EosBetaUpgradeIntegrationTest.java:973) at org.apache.kafka.streams.integration.EosBetaUpgradeIntegrationTest.verifyCommitted(EosBetaUpgradeIntegrationTest.java:961) at org.apache.kafka.streams.integration.EosBetaUpgradeIntegrationTest.shouldUpgradeFromEosAlphaToEosBeta(EosBetaUpgradeIntegrationTest.java:427)&lt;/p&gt;</description>
                <environment></environment>
        <key id="13305760">KAFKA-10017</key>
            <summary>Flaky Test EosBetaUpgradeIntegrationTest.shouldUpgradeFromEosAlphaToEosBeta</summary>
                <type id="1" iconUrl="https://issues.apache.org/jira/secure/viewavatar?size=xsmall&amp;avatarId=21133&amp;avatarType=issuetype">Bug</type>
                                            <priority id="1" iconUrl="https://issues.apache.org/jira/images/icons/priorities/blocker.svg">Blocker</priority>
                        <status id="5" iconUrl="https://issues.apache.org/jira/images/icons/statuses/resolved.png" description="A resolution has been taken, and it is awaiting verification by reporter. From here issues are either reopened, or are closed.">Resolved</status>
                    <statusCategory id="3" key="done" colorName="green"/>
                                    <resolution id="1">Fixed</resolution>
                                        <assignee username="mjsax">Matthias J. Sax</assignee>
                                    <reporter username="ableegoldman">A. Sophie Blee-Goldman</reporter>
                        <labels>
                            <label>flaky-test</label>
                            <label>unit-test</label>
                    </labels>
                <created>Mon, 18 May 2020 21:05:00 +0000</created>
                <updated>Tue, 23 Feb 2021 03:19:54 +0000</updated>
                            <resolved>Tue, 9 Feb 2021 22:21:18 +0000</resolved>
                                    <version>2.6.0</version>
                                    <fixVersion>2.8.0</fixVersion>
                                    <component>streams</component>
                        <due></due>
                            <votes>0</votes>
                                    <watches>10</watches>
                                                                                                                <comments>
                            <comment id="17110633" author="ableegoldman" created="Mon, 18 May 2020 21:34:15 +0000"  >&lt;p&gt;With injectError = false:&lt;/p&gt;
&lt;h3&gt;&lt;a name=&quot;Stacktrace&quot;&gt;&lt;/a&gt;Stacktrace&lt;/h3&gt;

&lt;p&gt;java.lang.AssertionError: Did not receive all 10 records from topic multiPartitionOutputTopic within 60000 ms Expected: is a value equal to or greater than &amp;lt;10&amp;gt; but: &amp;lt;5&amp;gt; was less than &amp;lt;10&amp;gt; at org.hamcrest.MatcherAssert.assertThat(MatcherAssert.java:20) at org.apache.kafka.streams.integration.utils.IntegrationTestUtils.lambda$waitUntilMinKeyValueRecordsReceived$1(IntegrationTestUtils.java:563) at org.apache.kafka.test.TestUtils.retryOnExceptionWithTimeout(TestUtils.java:429) at org.apache.kafka.test.TestUtils.retryOnExceptionWithTimeout(TestUtils.java:397) at org.apache.kafka.streams.integration.utils.IntegrationTestUtils.waitUntilMinKeyValueRecordsReceived(IntegrationTestUtils.java:559) at org.apache.kafka.streams.integration.utils.IntegrationTestUtils.waitUntilMinKeyValueRecordsReceived(IntegrationTestUtils.java:530) at org.apache.kafka.streams.integration.EosBetaUpgradeIntegrationTest.readResult(EosBetaUpgradeIntegrationTest.java:973) at org.apache.kafka.streams.integration.EosBetaUpgradeIntegrationTest.verifyCommitted(EosBetaUpgradeIntegrationTest.java:961) at org.apache.kafka.streams.integration.EosBetaUpgradeIntegrationTest.shouldUpgradeFromEosAlphaToEosBeta(EosBetaUpgradeIntegrationTest.java:427)&lt;/p&gt;</comment>
                            <comment id="17116792" author="bbejeck" created="Tue, 26 May 2020 14:41:59 +0000"  >&lt;p&gt;&lt;a href=&quot;https://builds.apache.org/job/kafka-pr-jdk11-scala2.13/6487/testReport/junit/org.apache.kafka.streams.integration/EosBetaUpgradeIntegrationTest/shouldUpgradeFromEosAlphaToEosBeta_false_/&quot; class=&quot;external-link&quot; target=&quot;_blank&quot; rel=&quot;nofollow noopener&quot;&gt;https://builds.apache.org/job/kafka-pr-jdk11-scala2.13/6487/testReport/junit/org.apache.kafka.streams.integration/EosBetaUpgradeIntegrationTest/shouldUpgradeFromEosAlphaToEosBeta_false_/&lt;/a&gt;&lt;/p&gt;

&lt;p&gt;&#160;&lt;/p&gt;
&lt;div class=&quot;preformatted panel&quot; style=&quot;border-width: 1px;&quot;&gt;&lt;div class=&quot;preformattedContent panelContent&quot;&gt;
&lt;pre&gt;Error Messagejava.lang.AssertionError: Did not receive all 10 records from topic multiPartitionOutputTopic within 60000 ms
Expected: is a value equal to or greater than &amp;lt;10&amp;gt;
     but: &amp;lt;0&amp;gt; was less than &amp;lt;10&amp;gt;Stacktracejava.lang.AssertionError: Did not receive all 10 records from topic multiPartitionOutputTopic within 60000 ms
Expected: is a value equal to or greater than &amp;lt;10&amp;gt;
     but: &amp;lt;0&amp;gt; was less than &amp;lt;10&amp;gt;
	at org.hamcrest.MatcherAssert.assertThat(MatcherAssert.java:20)
	at org.apache.kafka.streams.integration.utils.IntegrationTestUtils.lambda$waitUntilMinKeyValueRecordsReceived$1(IntegrationTestUtils.java:563)
	at org.apache.kafka.test.TestUtils.retryOnExceptionWithTimeout(TestUtils.java:429)
	at org.apache.kafka.test.TestUtils.retryOnExceptionWithTimeout(TestUtils.java:397)
	at org.apache.kafka.streams.integration.utils.IntegrationTestUtils.waitUntilMinKeyValueRecordsReceived(IntegrationTestUtils.java:559)
	at org.apache.kafka.streams.integration.utils.IntegrationTestUtils.waitUntilMinKeyValueRecordsReceived(IntegrationTestUtils.java:530)
	at org.apache.kafka.streams.integration.EosBetaUpgradeIntegrationTest.readResult(EosBetaUpgradeIntegrationTest.java:973)
	at org.apache.kafka.streams.integration.EosBetaUpgradeIntegrationTest.verifyCommitted(EosBetaUpgradeIntegrationTest.java:961)
	at org.apache.kafka.streams.integration.EosBetaUpgradeIntegrationTest.shouldUpgradeFromEosAlphaToEosBeta(EosBetaUpgradeIntegrationTest.java:427)
	at java.base/jdk.internal.reflect.NativeMethodAccessorImpl.invoke0(Native Method)
	at java.base/jdk.internal.reflect.NativeMethodAccessorImpl.invoke(NativeMethodAccessorImpl.java:62)
	at java.base/jdk.internal.reflect.DelegatingMethodAccessorImpl.invoke(DelegatingMethodAccessorImpl.java:43)
	at java.base/java.lang.reflect.Method.invoke(Method.java:566)
	at org.junit.runners.model.FrameworkMethod$1.runReflectiveCall(FrameworkMethod.java:59)
	at org.junit.internal.runners.model.ReflectiveCallable.run(ReflectiveCallable.java:12)
	at org.junit.runners.model.FrameworkMethod.invokeExplosively(FrameworkMethod.java:56)
	at org.junit.internal.runners.statements.InvokeMethod.evaluate(InvokeMethod.java:17)
	at org.junit.internal.runners.statements.RunBefores.evaluate(RunBefores.java:26)
	at org.junit.runners.ParentRunner$3.evaluate(ParentRunner.java:306)
	at org.junit.runners.BlockJUnit4ClassRunner$1.evaluate(BlockJUnit4ClassRunner.java:100)
	at org.junit.runners.ParentRunner.runLeaf(ParentRunner.java:366)
	at org.junit.runners.BlockJUnit4ClassRunner.runChild(BlockJUnit4ClassRunner.java:103)
	at org.junit.runners.BlockJUnit4ClassRunner.runChild(BlockJUnit4ClassRunner.java:63)
	at org.junit.runners.ParentRunner$4.run(ParentRunner.java:331)
	at org.junit.runners.ParentRunner$1.schedule(ParentRunner.java:79)
	at org.junit.runners.ParentRunner.runChildren(ParentRunner.java:329)
	at org.junit.runners.ParentRunner.access$100(ParentRunner.java:66)
	at org.junit.runners.ParentRunner$2.evaluate(ParentRunner.java:293)
	at org.junit.runners.ParentRunner.run(ParentRunner.java:413)
	at org.junit.runners.Suite.runChild(Suite.java:128)
	at org.junit.runners.Suite.runChild(Suite.java:27)
	at org.junit.runners.ParentRunner$4.run(ParentRunner.java:331)
	at org.junit.runners.ParentRunner$1.schedule(ParentRunner.java:79)
	at org.junit.runners.ParentRunner.runChildren(ParentRunner.java:329)
	at org.junit.runners.ParentRunner.access$100(ParentRunner.java:66)
	at org.junit.runners.ParentRunner$2.evaluate(ParentRunner.java:293)
	at org.junit.rules.ExternalResource$1.evaluate(ExternalResource.java:54)
	at org.junit.rules.RunRules.evaluate(RunRules.java:20)
	at org.junit.runners.ParentRunner$3.evaluate(ParentRunner.java:306)
	at org.junit.runners.ParentRunner.run(ParentRunner.java:413)
	at org.gradle.api.internal.tasks.testing.junit.JUnitTestClassExecutor.runTestClass(JUnitTestClassExecutor.java:110)
	at org.gradle.api.internal.tasks.testing.junit.JUnitTestClassExecutor.execute(JUnitTestClassExecutor.java:58)
	at org.gradle.api.internal.tasks.testing.junit.JUnitTestClassExecutor.execute(JUnitTestClassExecutor.java:38)
	at org.gradle.api.internal.tasks.testing.junit.AbstractJUnitTestClassProcessor.processTestClass(AbstractJUnitTestClassProcessor.java:62)
	at org.gradle.api.internal.tasks.testing.SuiteTestClassProcessor.processTestClass(SuiteTestClassProcessor.java:51)
	at java.base/jdk.internal.reflect.NativeMethodAccessorImpl.invoke0(Native Method)
	at java.base/jdk.internal.reflect.NativeMethodAccessorImpl.invoke(NativeMethodAccessorImpl.java:62)
	at java.base/jdk.internal.reflect.DelegatingMethodAccessorImpl.invoke(DelegatingMethodAccessorImpl.java:43)
	at java.base/java.lang.reflect.Method.invoke(Method.java:566)
	at org.gradle.internal.dispatch.ReflectionDispatch.dispatch(ReflectionDispatch.java:36)
	at org.gradle.internal.dispatch.ReflectionDispatch.dispatch(ReflectionDispatch.java:24)
	at org.gradle.internal.dispatch.ContextClassLoaderDispatch.dispatch(ContextClassLoaderDispatch.java:33)
	at org.gradle.internal.dispatch.ProxyDispatchAdapter$DispatchingInvocationHandler.invoke(ProxyDispatchAdapter.java:94)
	at com.sun.proxy.$Proxy5.processTestClass(Unknown Source)
	at org.gradle.api.internal.tasks.testing.worker.TestWorker.processTestClass(TestWorker.java:118)
	at java.base/jdk.internal.reflect.NativeMethodAccessorImpl.invoke0(Native Method)
	at java.base/jdk.internal.reflect.NativeMethodAccessorImpl.invoke(NativeMethodAccessorImpl.java:62)
	at java.base/jdk.internal.reflect.DelegatingMethodAccessorImpl.invoke(DelegatingMethodAccessorImpl.java:43)
	at java.base/java.lang.reflect.Method.invoke(Method.java:566)
	at org.gradle.internal.dispatch.ReflectionDispatch.dispatch(ReflectionDispatch.java:36)
	at org.gradle.internal.dispatch.ReflectionDispatch.dispatch(ReflectionDispatch.java:24)
	at org.gradle.internal.remote.internal.hub.MessageHubBackedObjectConnection$DispatchWrapper.dispatch(MessageHubBackedObjectConnection.java:182)
	at org.gradle.internal.remote.internal.hub.MessageHubBackedObjectConnection$DispatchWrapper.dispatch(MessageHubBackedObjectConnection.java:164)
	at org.gradle.internal.remote.internal.hub.MessageHub$Handler.run(MessageHub.java:413)
	at org.gradle.internal.concurrent.ExecutorPolicy$CatchAndRecordFailures.onExecute(ExecutorPolicy.java:64)
	at org.gradle.internal.concurrent.ManagedExecutorImpl$1.run(ManagedExecutorImpl.java:48)
	at java.base/java.util.concurrent.ThreadPoolExecutor.runWorker(ThreadPoolExecutor.java:1128)
	at java.base/java.util.concurrent.ThreadPoolExecutor$Worker.run(ThreadPoolExecutor.java:628)
	at org.gradle.internal.concurrent.ThreadFactoryImpl$ManagedThreadRunnable.run(ThreadFactoryImpl.java:56)
	at java.base/java.lang.Thread.run(Thread.java:834)&lt;/pre&gt;
&lt;/div&gt;&lt;/div&gt;</comment>
                            <comment id="17116796" author="bbejeck" created="Tue, 26 May 2020 14:43:33 +0000"  >&lt;p&gt;&lt;a href=&quot;https://builds.apache.org/job/kafka-pr-jdk14-scala2.13/625/testReport/org.apache.kafka.streams.integration/EosBetaUpgradeIntegrationTest/shouldUpgradeFromEosAlphaToEosBeta_false_/&quot; class=&quot;external-link&quot; target=&quot;_blank&quot; rel=&quot;nofollow noopener&quot;&gt;https://builds.apache.org/job/kafka-pr-jdk14-scala2.13/625/testReport/org.apache.kafka.streams.integration/EosBetaUpgradeIntegrationTest/shouldUpgradeFromEosAlphaToEosBeta_false_/&lt;/a&gt;&lt;/p&gt;
&lt;div class=&quot;preformatted panel&quot; style=&quot;border-width: 1px;&quot;&gt;&lt;div class=&quot;preformattedContent panelContent&quot;&gt;
&lt;pre&gt;Error Messagejava.lang.AssertionError: Did not receive all 10 records from topic multiPartitionOutputTopic within 60000 ms
Expected: is a value equal to or greater than &amp;lt;10&amp;gt;
     but: &amp;lt;0&amp;gt; was less than &amp;lt;10&amp;gt;Stacktracejava.lang.AssertionError: Did not receive all 10 records from topic multiPartitionOutputTopic within 60000 ms
Expected: is a value equal to or greater than &amp;lt;10&amp;gt;
     but: &amp;lt;0&amp;gt; was less than &amp;lt;10&amp;gt;
	at org.hamcrest.MatcherAssert.assertThat(MatcherAssert.java:20)
	at org.apache.kafka.streams.integration.utils.IntegrationTestUtils.lambda$waitUntilMinKeyValueRecordsReceived$1(IntegrationTestUtils.java:563)
	at org.apache.kafka.test.TestUtils.retryOnExceptionWithTimeout(TestUtils.java:429)
	at org.apache.kafka.test.TestUtils.retryOnExceptionWithTimeout(TestUtils.java:397)
	at org.apache.kafka.streams.integration.utils.IntegrationTestUtils.waitUntilMinKeyValueRecordsReceived(IntegrationTestUtils.java:559)
	at org.apache.kafka.streams.integration.utils.IntegrationTestUtils.waitUntilMinKeyValueRecordsReceived(IntegrationTestUtils.java:530)
	at org.apache.kafka.streams.integration.EosBetaUpgradeIntegrationTest.readResult(EosBetaUpgradeIntegrationTest.java:973)
	at org.apache.kafka.streams.integration.EosBetaUpgradeIntegrationTest.verifyCommitted(EosBetaUpgradeIntegrationTest.java:961)
	at org.apache.kafka.streams.integration.EosBetaUpgradeIntegrationTest.shouldUpgradeFromEosAlphaToEosBeta(EosBetaUpgradeIntegrationTest.java:427)
	at java.base/jdk.internal.reflect.NativeMethodAccessorImpl.invoke0(Native Method)
	at java.base/jdk.internal.reflect.NativeMethodAccessorImpl.invoke(NativeMethodAccessorImpl.java:62)
	at java.base/jdk.internal.reflect.DelegatingMethodAccessorImpl.invoke(DelegatingMethodAccessorImpl.java:43)
	at java.base/java.lang.reflect.Method.invoke(Method.java:564)
	at org.junit.runners.model.FrameworkMethod$1.runReflectiveCall(FrameworkMethod.java:59)
	at org.junit.internal.runners.model.ReflectiveCallable.run(ReflectiveCallable.java:12)
	at org.junit.runners.model.FrameworkMethod.invokeExplosively(FrameworkMethod.java:56)
	at org.junit.internal.runners.statements.InvokeMethod.evaluate(InvokeMethod.java:17)
	at org.junit.internal.runners.statements.RunBefores.evaluate(RunBefores.java:26)
	at org.junit.runners.ParentRunner$3.evaluate(ParentRunner.java:306)
	at org.junit.runners.BlockJUnit4ClassRunner$1.evaluate(BlockJUnit4ClassRunner.java:100)
	at org.junit.runners.ParentRunner.runLeaf(ParentRunner.java:366)
	at org.junit.runners.BlockJUnit4ClassRunner.runChild(BlockJUnit4ClassRunner.java:103)
	at org.junit.runners.BlockJUnit4ClassRunner.runChild(BlockJUnit4ClassRunner.java:63)
	at org.junit.runners.ParentRunner$4.run(ParentRunner.java:331)
	at org.junit.runners.ParentRunner$1.schedule(ParentRunner.java:79)
	at org.junit.runners.ParentRunner.runChildren(ParentRunner.java:329)
	at org.junit.runners.ParentRunner.access$100(ParentRunner.java:66)
	at org.junit.runners.ParentRunner$2.evaluate(ParentRunner.java:293)
	at org.junit.runners.ParentRunner.run(ParentRunner.java:413)
	at org.junit.runners.Suite.runChild(Suite.java:128)
	at org.junit.runners.Suite.runChild(Suite.java:27)
	at org.junit.runners.ParentRunner$4.run(ParentRunner.java:331)
	at org.junit.runners.ParentRunner$1.schedule(ParentRunner.java:79)
	at org.junit.runners.ParentRunner.runChildren(ParentRunner.java:329)
	at org.junit.runners.ParentRunner.access$100(ParentRunner.java:66)
	at org.junit.runners.ParentRunner$2.evaluate(ParentRunner.java:293)
	at org.junit.rules.ExternalResource$1.evaluate(ExternalResource.java:54)
	at org.junit.rules.RunRules.evaluate(RunRules.java:20)
	at org.junit.runners.ParentRunner$3.evaluate(ParentRunner.java:306)
	at org.junit.runners.ParentRunner.run(ParentRunner.java:413)
	at org.gradle.api.internal.tasks.testing.junit.JUnitTestClassExecutor.runTestClass(JUnitTestClassExecutor.java:110)
	at org.gradle.api.internal.tasks.testing.junit.JUnitTestClassExecutor.execute(JUnitTestClassExecutor.java:58)
	at org.gradle.api.internal.tasks.testing.junit.JUnitTestClassExecutor.execute(JUnitTestClassExecutor.java:38)
	at org.gradle.api.internal.tasks.testing.junit.AbstractJUnitTestClassProcessor.processTestClass(AbstractJUnitTestClassProcessor.java:62)
	at org.gradle.api.internal.tasks.testing.SuiteTestClassProcessor.processTestClass(SuiteTestClassProcessor.java:51)
	at java.base/jdk.internal.reflect.NativeMethodAccessorImpl.invoke0(Native Method)
	at java.base/jdk.internal.reflect.NativeMethodAccessorImpl.invoke(NativeMethodAccessorImpl.java:62)
	at java.base/jdk.internal.reflect.DelegatingMethodAccessorImpl.invoke(DelegatingMethodAccessorImpl.java:43)
	at java.base/java.lang.reflect.Method.invoke(Method.java:564)
	at org.gradle.internal.dispatch.ReflectionDispatch.dispatch(ReflectionDispatch.java:36)
	at org.gradle.internal.dispatch.ReflectionDispatch.dispatch(ReflectionDispatch.java:24)
	at org.gradle.internal.dispatch.ContextClassLoaderDispatch.dispatch(ContextClassLoaderDispatch.java:33)
	at org.gradle.internal.dispatch.ProxyDispatchAdapter$DispatchingInvocationHandler.invoke(ProxyDispatchAdapter.java:94)
	at com.sun.proxy.$Proxy5.processTestClass(Unknown Source)
	at org.gradle.api.internal.tasks.testing.worker.TestWorker.processTestClass(TestWorker.java:118)
	at java.base/jdk.internal.reflect.NativeMethodAccessorImpl.invoke0(Native Method)
	at java.base/jdk.internal.reflect.NativeMethodAccessorImpl.invoke(NativeMethodAccessorImpl.java:62)
	at java.base/jdk.internal.reflect.DelegatingMethodAccessorImpl.invoke(DelegatingMethodAccessorImpl.java:43)
	at java.base/java.lang.reflect.Method.invoke(Method.java:564)
	at org.gradle.internal.dispatch.ReflectionDispatch.dispatch(ReflectionDispatch.java:36)
	at org.gradle.internal.dispatch.ReflectionDispatch.dispatch(ReflectionDispatch.java:24)
	at org.gradle.internal.remote.internal.hub.MessageHubBackedObjectConnection$DispatchWrapper.dispatch(MessageHubBackedObjectConnection.java:182)
	at org.gradle.internal.remote.internal.hub.MessageHubBackedObjectConnection$DispatchWrapper.dispatch(MessageHubBackedObjectConnection.java:164)
	at org.gradle.internal.remote.internal.hub.MessageHub$Handler.run(MessageHub.java:413)
	at org.gradle.internal.concurrent.ExecutorPolicy$CatchAndRecordFailures.onExecute(ExecutorPolicy.java:64)
	at org.gradle.internal.concurrent.ManagedExecutorImpl$1.run(ManagedExecutorImpl.java:48)
	at java.base/java.util.concurrent.ThreadPoolExecutor.runWorker(ThreadPoolExecutor.java:1128)
	at java.base/java.util.concurrent.ThreadPoolExecutor$Worker.run(ThreadPoolExecutor.java:628)
	at org.gradle.internal.concurrent.ThreadFactoryImpl$ManagedThreadRunnable.run(ThreadFactoryImpl.java:56)
	at java.base/java.lang.Thread.run(Thread.java:830)&lt;/pre&gt;
&lt;/div&gt;&lt;/div&gt;</comment>
                            <comment id="17116798" author="bbejeck" created="Tue, 26 May 2020 14:45:17 +0000"  >&lt;p&gt;&lt;a href=&quot;https://builds.apache.org/job/kafka-pr-jdk14-scala2.13/625/testReport/org.apache.kafka.streams.integration/EosBetaUpgradeIntegrationTest/shouldUpgradeFromEosAlphaToEosBeta_true_/&quot; class=&quot;external-link&quot; target=&quot;_blank&quot; rel=&quot;nofollow noopener&quot;&gt;https://builds.apache.org/job/kafka-pr-jdk14-scala2.13/625/testReport/org.apache.kafka.streams.integration/EosBetaUpgradeIntegrationTest/shouldUpgradeFromEosAlphaToEosBeta_true_/&lt;/a&gt;&lt;/p&gt;

&lt;p&gt;&#160;&lt;/p&gt;
&lt;div class=&quot;preformatted panel&quot; style=&quot;border-width: 1px;&quot;&gt;&lt;div class=&quot;preformattedContent panelContent&quot;&gt;
&lt;pre&gt;Error Messagejava.lang.AssertionError: Did not receive all 20 records from topic multiPartitionOutputTopic within 60000 ms
Expected: is a value equal to or greater than &amp;lt;20&amp;gt;
     but: &amp;lt;0&amp;gt; was less than &amp;lt;20&amp;gt;Stacktracejava.lang.AssertionError: Did not receive all 20 records from topic multiPartitionOutputTopic within 60000 ms
Expected: is a value equal to or greater than &amp;lt;20&amp;gt;
     but: &amp;lt;0&amp;gt; was less than &amp;lt;20&amp;gt;
	at org.hamcrest.MatcherAssert.assertThat(MatcherAssert.java:20)
	at org.apache.kafka.streams.integration.utils.IntegrationTestUtils.lambda$waitUntilMinKeyValueRecordsReceived$1(IntegrationTestUtils.java:563)
	at org.apache.kafka.test.TestUtils.retryOnExceptionWithTimeout(TestUtils.java:429)
	at org.apache.kafka.test.TestUtils.retryOnExceptionWithTimeout(TestUtils.java:397)
	at org.apache.kafka.streams.integration.utils.IntegrationTestUtils.waitUntilMinKeyValueRecordsReceived(IntegrationTestUtils.java:559)
	at org.apache.kafka.streams.integration.utils.IntegrationTestUtils.waitUntilMinKeyValueRecordsReceived(IntegrationTestUtils.java:530)
	at org.apache.kafka.streams.integration.EosBetaUpgradeIntegrationTest.readResult(EosBetaUpgradeIntegrationTest.java:973)
	at org.apache.kafka.streams.integration.EosBetaUpgradeIntegrationTest.verifyCommitted(EosBetaUpgradeIntegrationTest.java:961)
	at org.apache.kafka.streams.integration.EosBetaUpgradeIntegrationTest.shouldUpgradeFromEosAlphaToEosBeta(EosBetaUpgradeIntegrationTest.java:427)
	at java.base/jdk.internal.reflect.NativeMethodAccessorImpl.invoke0(Native Method)
	at java.base/jdk.internal.reflect.NativeMethodAccessorImpl.invoke(NativeMethodAccessorImpl.java:62)
	at java.base/jdk.internal.reflect.DelegatingMethodAccessorImpl.invoke(DelegatingMethodAccessorImpl.java:43)
	at java.base/java.lang.reflect.Method.invoke(Method.java:564)
	at org.junit.runners.model.FrameworkMethod$1.runReflectiveCall(FrameworkMethod.java:59)
	at org.junit.internal.runners.model.ReflectiveCallable.run(ReflectiveCallable.java:12)
	at org.junit.runners.model.FrameworkMethod.invokeExplosively(FrameworkMethod.java:56)
	at org.junit.internal.runners.statements.InvokeMethod.evaluate(InvokeMethod.java:17)
	at org.junit.internal.runners.statements.RunBefores.evaluate(RunBefores.java:26)
	at org.junit.runners.ParentRunner$3.evaluate(ParentRunner.java:306)
	at org.junit.runners.BlockJUnit4ClassRunner$1.evaluate(BlockJUnit4ClassRunner.java:100)
	at org.junit.runners.ParentRunner.runLeaf(ParentRunner.java:366)
	at org.junit.runners.BlockJUnit4ClassRunner.runChild(BlockJUnit4ClassRunner.java:103)
	at org.junit.runners.BlockJUnit4ClassRunner.runChild(BlockJUnit4ClassRunner.java:63)
	at org.junit.runners.ParentRunner$4.run(ParentRunner.java:331)
	at org.junit.runners.ParentRunner$1.schedule(ParentRunner.java:79)
	at org.junit.runners.ParentRunner.runChildren(ParentRunner.java:329)
	at org.junit.runners.ParentRunner.access$100(ParentRunner.java:66)
	at org.junit.runners.ParentRunner$2.evaluate(ParentRunner.java:293)
	at org.junit.runners.ParentRunner.run(ParentRunner.java:413)
	at org.junit.runners.Suite.runChild(Suite.java:128)
	at org.junit.runners.Suite.runChild(Suite.java:27)
	at org.junit.runners.ParentRunner$4.run(ParentRunner.java:331)
	at org.junit.runners.ParentRunner$1.schedule(ParentRunner.java:79)
	at org.junit.runners.ParentRunner.runChildren(ParentRunner.java:329)
	at org.junit.runners.ParentRunner.access$100(ParentRunner.java:66)
	at org.junit.runners.ParentRunner$2.evaluate(ParentRunner.java:293)
	at org.junit.rules.ExternalResource$1.evaluate(ExternalResource.java:54)
	at org.junit.rules.RunRules.evaluate(RunRules.java:20)
	at org.junit.runners.ParentRunner$3.evaluate(ParentRunner.java:306)
	at org.junit.runners.ParentRunner.run(ParentRunner.java:413)
	at org.gradle.api.internal.tasks.testing.junit.JUnitTestClassExecutor.runTestClass(JUnitTestClassExecutor.java:110)
	at org.gradle.api.internal.tasks.testing.junit.JUnitTestClassExecutor.execute(JUnitTestClassExecutor.java:58)
	at org.gradle.api.internal.tasks.testing.junit.JUnitTestClassExecutor.execute(JUnitTestClassExecutor.java:38)
	at org.gradle.api.internal.tasks.testing.junit.AbstractJUnitTestClassProcessor.processTestClass(AbstractJUnitTestClassProcessor.java:62)
	at org.gradle.api.internal.tasks.testing.SuiteTestClassProcessor.processTestClass(SuiteTestClassProcessor.java:51)
	at java.base/jdk.internal.reflect.NativeMethodAccessorImpl.invoke0(Native Method)
	at java.base/jdk.internal.reflect.NativeMethodAccessorImpl.invoke(NativeMethodAccessorImpl.java:62)
	at java.base/jdk.internal.reflect.DelegatingMethodAccessorImpl.invoke(DelegatingMethodAccessorImpl.java:43)
	at java.base/java.lang.reflect.Method.invoke(Method.java:564)
	at org.gradle.internal.dispatch.ReflectionDispatch.dispatch(ReflectionDispatch.java:36)
	at org.gradle.internal.dispatch.ReflectionDispatch.dispatch(ReflectionDispatch.java:24)
	at org.gradle.internal.dispatch.ContextClassLoaderDispatch.dispatch(ContextClassLoaderDispatch.java:33)
	at org.gradle.internal.dispatch.ProxyDispatchAdapter$DispatchingInvocationHandler.invoke(ProxyDispatchAdapter.java:94)
	at com.sun.proxy.$Proxy5.processTestClass(Unknown Source)
	at org.gradle.api.internal.tasks.testing.worker.TestWorker.processTestClass(TestWorker.java:118)
	at java.base/jdk.internal.reflect.NativeMethodAccessorImpl.invoke0(Native Method)
	at java.base/jdk.internal.reflect.NativeMethodAccessorImpl.invoke(NativeMethodAccessorImpl.java:62)
	at java.base/jdk.internal.reflect.DelegatingMethodAccessorImpl.invoke(DelegatingMethodAccessorImpl.java:43)
	at java.base/java.lang.reflect.Method.invoke(Method.java:564)
	at org.gradle.internal.dispatch.ReflectionDispatch.dispatch(ReflectionDispatch.java:36)
	at org.gradle.internal.dispatch.ReflectionDispatch.dispatch(ReflectionDispatch.java:24)
	at org.gradle.internal.remote.internal.hub.MessageHubBackedObjectConnection$DispatchWrapper.dispatch(MessageHubBackedObjectConnection.java:182)
	at org.gradle.internal.remote.internal.hub.MessageHubBackedObjectConnection$DispatchWrapper.dispatch(MessageHubBackedObjectConnection.java:164)
	at org.gradle.internal.remote.internal.hub.MessageHub$Handler.run(MessageHub.java:413)
	at org.gradle.internal.concurrent.ExecutorPolicy$CatchAndRecordFailures.onExecute(ExecutorPolicy.java:64)
	at org.gradle.internal.concurrent.ManagedExecutorImpl$1.run(ManagedExecutorImpl.java:48)
	at java.base/java.util.concurrent.ThreadPoolExecutor.runWorker(ThreadPoolExecutor.java:1128)
	at java.base/java.util.concurrent.ThreadPoolExecutor$Worker.run(ThreadPoolExecutor.java:628)
	at org.gradle.internal.concurrent.ThreadFactoryImpl$ManagedThreadRunnable.run(ThreadFactoryImpl.java:56)
	at java.base/java.lang.Thread.run(Thread.java:830)&lt;/pre&gt;
&lt;/div&gt;&lt;/div&gt;</comment>
                            <comment id="17117819" author="vvcephei" created="Wed, 27 May 2020 14:39:11 +0000"  >&lt;p&gt;I&apos;ve just marked this as a blocker for 2.6.0. It&apos;s been failing with very high frequency on branch builds, and it looks like it may reveal an actual bug in EOS Beta.&lt;/p&gt;</comment>
                            <comment id="17144352" author="rhauch" created="Wed, 24 Jun 2020 20:23:52 +0000"  >&lt;p&gt;&lt;a href=&quot;https://issues.apache.org/jira/secure/ViewProfile.jspa?name=vvcephei&quot; class=&quot;user-hover&quot; rel=&quot;vvcephei&quot;&gt;vvcephei&lt;/a&gt;, &lt;a href=&quot;https://issues.apache.org/jira/secure/ViewProfile.jspa?name=ableegoldman&quot; class=&quot;user-hover&quot; rel=&quot;ableegoldman&quot;&gt;ableegoldman&lt;/a&gt;: what&apos;s the status of this? Is this more than just a flaky test, and should we keep this as a blocker for the 2.6.0 release? If so, what&apos;s the timeframe for fixing this?&lt;/p&gt;</comment>
                            <comment id="17144567" author="ableegoldman" created="Thu, 25 Jun 2020 01:01:15 +0000"  >&lt;p&gt;cc &lt;a href=&quot;https://issues.apache.org/jira/secure/ViewProfile.jspa?name=mjsax&quot; class=&quot;user-hover&quot; rel=&quot;mjsax&quot;&gt;mjsax&lt;/a&gt;&lt;/p&gt;</comment>
                            <comment id="17144590" author="mjsax" created="Thu, 25 Jun 2020 02:03:06 +0000"  >&lt;p&gt;The test is still subject to other bugs that we are currently working on. So it&apos;s hard to say atm. Feel free to cut an RC right away (I update the ticket as critical for now). However, if this test surfaces another bug, we might kill an RC.&lt;/p&gt;</comment>
                            <comment id="17148846" author="guozhang" created="Tue, 30 Jun 2020 17:29:31 +0000"  >&lt;p&gt;&lt;a href=&quot;https://issues.apache.org/jira/secure/ViewProfile.jspa?name=rhauch&quot; class=&quot;user-hover&quot; rel=&quot;rhauch&quot;&gt;rhauch&lt;/a&gt; I&apos;m making it back as a blocker for 2.6 since we have seen it failed again after re-enabling it.&lt;/p&gt;</comment>
                            <comment id="17151960" author="huxi_2b" created="Mon, 6 Jul 2020 11:19:17 +0000"  >&lt;p&gt;&lt;a href=&quot;https://builds.apache.org/job/kafka-pr-jdk14-scala2.13/1419/testReport/junit/org.apache.kafka.streams.integration/EosBetaUpgradeIntegrationTest/shouldUpgradeFromEosAlphaToEosBeta_false_/&quot; class=&quot;external-link&quot; target=&quot;_blank&quot; rel=&quot;nofollow noopener&quot;&gt;https://builds.apache.org/job/kafka-pr-jdk14-scala2.13/1419/testReport/junit/org.apache.kafka.streams.integration/EosBetaUpgradeIntegrationTest/shouldUpgradeFromEosAlphaToEosBeta_false_/&lt;/a&gt;&lt;/p&gt;

&lt;p&gt;&#160;&lt;/p&gt;
&lt;div class=&quot;code panel&quot; style=&quot;border-width: 1px;&quot;&gt;&lt;div class=&quot;codeContent panelContent&quot;&gt;
&lt;pre class=&quot;code-java&quot;&gt;
Error Message
java.lang.AssertionError: Did not receive all 10 records from topic multiPartitionOutputTopic within 60000 ms, currently accumulated data is [] Expected: is a value equal to or greater than &amp;lt;10&amp;gt; but: &amp;lt;0&amp;gt; was less than &amp;lt;10&amp;gt;
Stacktrace
java.lang.AssertionError: Did not receive all 10 records from topic multiPartitionOutputTopic within 60000 ms, currently accumulated data is [] Expected: is a value equal to or greater than &amp;lt;10&amp;gt; but: &amp;lt;0&amp;gt; was less than &amp;lt;10&amp;gt; at org.hamcrest.MatcherAssert.assertThat(MatcherAssert.java:20) at org.apache.kafka.streams.integration.utils.IntegrationTestUtils.lambda$waitUntilMinKeyValueRecordsReceived$1(IntegrationTestUtils.java:599) at org.apache.kafka.test.TestUtils.retryOnExceptionWithTimeout(TestUtils.java:449) at org.apache.kafka.test.TestUtils.retryOnExceptionWithTimeout(TestUtils.java:417) at org.apache.kafka.streams.integration.utils.IntegrationTestUtils.waitUntilMinKeyValueRecordsReceived(IntegrationTestUtils.java:595) at org.apache.kafka.streams.integration.utils.IntegrationTestUtils.waitUntilMinKeyValueRecordsReceived(IntegrationTestUtils.java:568) at org.apache.kafka.streams.integration.EosBetaUpgradeIntegrationTest.readResult(EosBetaUpgradeIntegrationTest.java:973) at org.apache.kafka.streams.integration.EosBetaUpgradeIntegrationTest.verifyCommitted(EosBetaUpgradeIntegrationTest.java:961) at org.apache.kafka.streams.integration.EosBetaUpgradeIntegrationTest.shouldUpgradeFromEosAlphaToEosBeta(EosBetaUpgradeIntegrationTest.java:427) at java.base/jdk.internal.reflect.NativeMethodAccessorImpl.invoke0(Native Method) at java.base/jdk.internal.reflect.NativeMethodAccessorImpl.invoke(NativeMethodAccessorImpl.java:62) at java.base/jdk.internal.reflect.DelegatingMethodAccessorImpl.invoke(DelegatingMethodAccessorImpl.java:43) at java.base/java.lang.reflect.Method.invoke(Method.java:564) at org.junit.runners.model.FrameworkMethod$1.runReflectiveCall(FrameworkMethod.java:59) at org.junit.internal.runners.model.ReflectiveCallable.run(ReflectiveCallable.java:12) at org.junit.runners.model.FrameworkMethod.invokeExplosively(FrameworkMethod.java:56) at org.junit.internal.runners.statements.InvokeMethod.evaluate(InvokeMethod.java:17) at org.junit.internal.runners.statements.RunBefores.evaluate(RunBefores.java:26) at org.junit.runners.ParentRunner$3.evaluate(ParentRunner.java:306) at org.junit.runners.BlockJUnit4ClassRunner$1.evaluate(BlockJUnit4ClassRunner.java:100) at org.junit.runners.ParentRunner.runLeaf(ParentRunner.java:366) at org.junit.runners.BlockJUnit4ClassRunner.runChild(BlockJUnit4ClassRunner.java:103) at org.junit.runners.BlockJUnit4ClassRunner.runChild(BlockJUnit4ClassRunner.java:63) at org.junit.runners.ParentRunner$4.run(ParentRunner.java:331) at org.junit.runners.ParentRunner$1.schedule(ParentRunner.java:79) at org.junit.runners.ParentRunner.runChildren(ParentRunner.java:329) at org.junit.runners.ParentRunner.access$100(ParentRunner.java:66) at org.junit.runners.ParentRunner$2.evaluate(ParentRunner.java:293) at org.junit.runners.ParentRunner.run(ParentRunner.java:413) at org.junit.runners.Suite.runChild(Suite.java:128) at org.junit.runners.Suite.runChild(Suite.java:27) at org.junit.runners.ParentRunner$4.run(ParentRunner.java:331) at org.junit.runners.ParentRunner$1.schedule(ParentRunner.java:79) at org.junit.runners.ParentRunner.runChildren(ParentRunner.java:329) at org.junit.runners.ParentRunner.access$100(ParentRunner.java:66) at org.junit.runners.ParentRunner$2.evaluate(ParentRunner.java:293) at org.junit.rules.ExternalResource$1.evaluate(ExternalResource.java:54) at org.junit.rules.RunRules.evaluate(RunRules.java:20) at org.junit.runners.ParentRunner$3.evaluate(ParentRunner.java:306) at org.junit.runners.ParentRunner.run(ParentRunner.java:413) at org.gradle.api.internal.tasks.testing.junit.JUnitTestClassExecutor.runTestClass(JUnitTestClassExecutor.java:110) at org.gradle.api.internal.tasks.testing.junit.JUnitTestClassExecutor.execute(JUnitTestClassExecutor.java:58) at org.gradle.api.internal.tasks.testing.junit.JUnitTestClassExecutor.execute(JUnitTestClassExecutor.java:38) at org.gradle.api.internal.tasks.testing.junit.AbstractJUnitTestClassProcessor.processTestClass(AbstractJUnitTestClassProcessor.java:62) at org.gradle.api.internal.tasks.testing.SuiteTestClassProcessor.processTestClass(SuiteTestClassProcessor.java:51) at jdk.internal.reflect.GeneratedMethodAccessor2.invoke(Unknown Source) at java.base/jdk.internal.reflect.DelegatingMethodAccessorImpl.invoke(DelegatingMethodAccessorImpl.java:43) at java.base/java.lang.reflect.Method.invoke(Method.java:564) at org.gradle.internal.dispatch.ReflectionDispatch.dispatch(ReflectionDispatch.java:36) at org.gradle.internal.dispatch.ReflectionDispatch.dispatch(ReflectionDispatch.java:24) at org.gradle.internal.dispatch.ContextClassLoaderDispatch.dispatch(ContextClassLoaderDispatch.java:33) at org.gradle.internal.dispatch.ProxyDispatchAdapter$DispatchingInvocationHandler.invoke(ProxyDispatchAdapter.java:94) at com.sun.proxy.$Proxy2.processTestClass(Unknown Source) at org.gradle.api.internal.tasks.testing.worker.TestWorker.processTestClass(TestWorker.java:119) at jdk.internal.reflect.GeneratedMethodAccessor1.invoke(Unknown Source) at java.base/jdk.internal.reflect.DelegatingMethodAccessorImpl.invoke(DelegatingMethodAccessorImpl.java:43) at java.base/java.lang.reflect.Method.invoke(Method.java:564) at org.gradle.internal.dispatch.ReflectionDispatch.dispatch(ReflectionDispatch.java:36) at org.gradle.internal.dispatch.ReflectionDispatch.dispatch(ReflectionDispatch.java:24) at org.gradle.internal.remote.internal.hub.MessageHubBackedObjectConnection$DispatchWrapper.dispatch(MessageHubBackedObjectConnection.java:182) at org.gradle.internal.remote.internal.hub.MessageHubBackedObjectConnection$DispatchWrapper.dispatch(MessageHubBackedObjectConnection.java:164) at org.gradle.internal.remote.internal.hub.MessageHub$Handler.run(MessageHub.java:414) at org.gradle.internal.concurrent.ExecutorPolicy$CatchAndRecordFailures.onExecute(ExecutorPolicy.java:64) at org.gradle.internal.concurrent.ManagedExecutorImpl$1.run(ManagedExecutorImpl.java:48) at java.base/java.util.concurrent.ThreadPoolExecutor.runWorker(ThreadPoolExecutor.java:1130) at java.base/java.util.concurrent.ThreadPoolExecutor$Worker.run(ThreadPoolExecutor.java:630) at org.gradle.internal.concurrent.ThreadFactoryImpl$ManagedThreadRunnable.run(ThreadFactoryImpl.java:56) at java.base/java.lang.&lt;span class=&quot;code-object&quot;&gt;Thread&lt;/span&gt;.run(&lt;span class=&quot;code-object&quot;&gt;Thread&lt;/span&gt;.java:832)
&lt;/pre&gt;
&lt;/div&gt;&lt;/div&gt;</comment>
                            <comment id="17152245" author="rhauch" created="Mon, 6 Jul 2020 18:55:51 +0000"  >&lt;p&gt;These seem to fail pretty regularly in AK builds now. Here are a few more cases:&lt;/p&gt;

&lt;ul&gt;
	&lt;li&gt;&lt;a href=&quot;https://builds.apache.org/job/kafka-pr-jdk14-scala2.13/1423/&quot; class=&quot;external-link&quot; target=&quot;_blank&quot; rel=&quot;nofollow noopener&quot;&gt;https://builds.apache.org/job/kafka-pr-jdk14-scala2.13/1423/&lt;/a&gt;&lt;/li&gt;
	&lt;li&gt;&lt;a href=&quot;https://builds.apache.org/job/kafka-pr-jdk8-scala2.12/3267/&quot; class=&quot;external-link&quot; target=&quot;_blank&quot; rel=&quot;nofollow noopener&quot;&gt;https://builds.apache.org/job/kafka-pr-jdk8-scala2.12/3267/&lt;/a&gt;&lt;/li&gt;
	&lt;li&gt;&lt;a href=&quot;https://builds.apache.org/job/kafka-pr-jdk11-scala2.13/7278/&quot; class=&quot;external-link&quot; target=&quot;_blank&quot; rel=&quot;nofollow noopener&quot;&gt;https://builds.apache.org/job/kafka-pr-jdk11-scala2.13/7278/&lt;/a&gt;&lt;/li&gt;
&lt;/ul&gt;


&lt;p&gt;Some sample output:&lt;/p&gt;
&lt;div class=&quot;preformatted panel&quot; style=&quot;border-width: 1px;&quot;&gt;&lt;div class=&quot;preformattedContent panelContent&quot;&gt;
&lt;pre&gt;java.lang.AssertionError: Did not receive all 10 records from topic multiPartitionOutputTopic within 60000 ms,  currently accumulated data is []
Expected: is a value equal to or greater than &amp;lt;10&amp;gt;
     but: &amp;lt;0&amp;gt; was less than &amp;lt;10&amp;gt;
	at org.hamcrest.MatcherAssert.assertThat(MatcherAssert.java:20)
	at org.apache.kafka.streams.integration.utils.IntegrationTestUtils.lambda$waitUntilMinKeyValueRecordsReceived$1(IntegrationTestUtils.java:599)
	at org.apache.kafka.test.TestUtils.retryOnExceptionWithTimeout(TestUtils.java:449)
	at org.apache.kafka.test.TestUtils.retryOnExceptionWithTimeout(TestUtils.java:417)
	at org.apache.kafka.streams.integration.utils.IntegrationTestUtils.waitUntilMinKeyValueRecordsReceived(IntegrationTestUtils.java:595)
	at org.apache.kafka.streams.integration.utils.IntegrationTestUtils.waitUntilMinKeyValueRecordsReceived(IntegrationTestUtils.java:568)
	at org.apache.kafka.streams.integration.EosBetaUpgradeIntegrationTest.readResult(EosBetaUpgradeIntegrationTest.java:973)
	at org.apache.kafka.streams.integration.EosBetaUpgradeIntegrationTest.verifyCommitted(EosBetaUpgradeIntegrationTest.java:961)
	at org.apache.kafka.streams.integration.EosBetaUpgradeIntegrationTest.shouldUpgradeFromEosAlphaToEosBeta(EosBetaUpgradeIntegrationTest.java:759)
&lt;/pre&gt;
&lt;/div&gt;&lt;/div&gt;

&lt;div class=&quot;preformatted panel&quot; style=&quot;border-width: 1px;&quot;&gt;&lt;div class=&quot;preformattedContent panelContent&quot;&gt;
&lt;pre&gt;java.lang.AssertionError: Did not receive all 20 records from topic multiPartitionOutputTopic within 60000 ms,  currently accumulated data is [KeyValue(1, 55), KeyValue(1, 66), KeyValue(1, 78), KeyValue(1, 91), KeyValue(1, 105), KeyValue(3, 55), KeyValue(3, 66), KeyValue(3, 78), KeyValue(3, 91), KeyValue(3, 105)]
Expected: is a value equal to or greater than &amp;lt;20&amp;gt;
     but: &amp;lt;10&amp;gt; was less than &amp;lt;20&amp;gt;
	at org.hamcrest.MatcherAssert.assertThat(MatcherAssert.java:20)
	at org.apache.kafka.streams.integration.utils.IntegrationTestUtils.lambda$waitUntilMinKeyValueRecordsReceived$1(IntegrationTestUtils.java:599)
	at org.apache.kafka.test.TestUtils.retryOnExceptionWithTimeout(TestUtils.java:449)
	at org.apache.kafka.test.TestUtils.retryOnExceptionWithTimeout(TestUtils.java:417)
	at org.apache.kafka.streams.integration.utils.IntegrationTestUtils.waitUntilMinKeyValueRecordsReceived(IntegrationTestUtils.java:595)
	at org.apache.kafka.streams.integration.utils.IntegrationTestUtils.waitUntilMinKeyValueRecordsReceived(IntegrationTestUtils.java:568)
	at org.apache.kafka.streams.integration.EosBetaUpgradeIntegrationTest.readResult(EosBetaUpgradeIntegrationTest.java:973)
	at org.apache.kafka.streams.integration.EosBetaUpgradeIntegrationTest.verifyCommitted(EosBetaUpgradeIntegrationTest.java:961)
	at org.apache.kafka.streams.integration.EosBetaUpgradeIntegrationTest.shouldUpgradeFromEosAlphaToEosBeta(EosBetaUpgradeIntegrationTest.java:427)
&lt;/pre&gt;
&lt;/div&gt;&lt;/div&gt;</comment>
                            <comment id="17152247" author="rhauch" created="Mon, 6 Jul 2020 18:56:10 +0000"  >&lt;p&gt;&lt;a href=&quot;https://issues.apache.org/jira/secure/ViewProfile.jspa?name=guozhang&quot; class=&quot;user-hover&quot; rel=&quot;guozhang&quot;&gt;guozhang&lt;/a&gt;, do you have an ETA on this?&lt;/p&gt;</comment>
                            <comment id="17152329" author="guozhang" created="Mon, 6 Jul 2020 21:10:19 +0000"  >&lt;p&gt;Hi &lt;a href=&quot;https://issues.apache.org/jira/secure/ViewProfile.jspa?name=rhauch&quot; class=&quot;user-hover&quot; rel=&quot;rhauch&quot;&gt;rhauch&lt;/a&gt; I&apos;ve just pushed a PR from  &lt;a href=&quot;https://issues.apache.org/jira/secure/ViewProfile.jspa?name=ableegoldman&quot; class=&quot;user-hover&quot; rel=&quot;ableegoldman&quot;&gt;ableegoldman&lt;/a&gt; to fix this (the jenkins job on that PR did not fail for this test). Sophie will run the test again 100X locally to confirm it is not flaky anymore and after that we can close the ticket.&lt;/p&gt;</comment>
                            <comment id="17152370" author="ableegoldman" created="Mon, 6 Jul 2020 23:35:33 +0000"  >&lt;p&gt;The local runs just completed successfully so I think we can close this out. Ran 100 times with&lt;/p&gt;
&lt;div class=&quot;code panel&quot; style=&quot;border-width: 1px;&quot;&gt;&lt;div class=&quot;codeContent panelContent&quot;&gt;
&lt;pre class=&quot;code-java&quot;&gt;
&lt;span class=&quot;code-keyword&quot;&gt;for&lt;/span&gt; i in {0..100}; &lt;span class=&quot;code-keyword&quot;&gt;do&lt;/span&gt; ./gradlew --no-build-cache cleanTest streams:test --tests=${TEST}; &lt;span class=&quot;code-keyword&quot;&gt;if&lt;/span&gt; [ $? -ne 0 ]; then &lt;span class=&quot;code-keyword&quot;&gt;break&lt;/span&gt;; fi; done; 
&lt;/pre&gt;
&lt;/div&gt;&lt;/div&gt;</comment>
                            <comment id="17152377" author="guozhang" created="Mon, 6 Jul 2020 23:56:20 +0000"  >&lt;p&gt;Thanks for the confirmation Sophie! I&apos;m closing it now.&lt;/p&gt;</comment>
                            <comment id="17152848" author="dima5rr" created="Tue, 7 Jul 2020 16:01:47 +0000"  >&lt;p&gt;Hi &lt;a href=&quot;https://issues.apache.org/jira/secure/ViewProfile.jspa?name=ableegoldman&quot; class=&quot;user-hover&quot; rel=&quot;ableegoldman&quot;&gt;ableegoldman&lt;/a&gt;,&lt;/p&gt;

&lt;p&gt;I just found that&#160;&lt;/p&gt;

&lt;p&gt;shouldUpgradeFromEosAlphaToEosBeta always fail when create KStream instances with more then 1 threads&#160; (StreamsConfig.NUM_STREAM_THREADS_CONFIG=2)&lt;/p&gt;

&lt;p&gt;May it indicate actual problem with EOS Beta, worth to create new ticket?&lt;/p&gt;

&lt;p&gt;&#160;&lt;/p&gt;</comment>
                            <comment id="17152909" author="ableegoldman" created="Tue, 7 Jul 2020 17:14:45 +0000"  >&lt;p&gt;Hey &lt;a href=&quot;https://issues.apache.org/jira/secure/ViewProfile.jspa?name=dima5rr&quot; class=&quot;user-hover&quot; rel=&quot;dima5rr&quot;&gt;dima5rr&lt;/a&gt;&lt;/p&gt;

&lt;p&gt;This test assumes only one thread per instance in order to hook into Streams and and force a commit or a crash, for example. I would not expect it to pass if you change the number of threads.&lt;/p&gt;

&lt;p&gt;It could be extended to work with/test a multithreaded upgrade if you&apos;d be interested in submitting a PR, though &lt;img class=&quot;emoticon&quot; src=&quot;https://issues.apache.org/jira/images/icons/emoticons/smile.png&quot; height=&quot;16&quot; width=&quot;16&quot; align=&quot;absmiddle&quot; alt=&quot;&quot; border=&quot;0&quot;/&gt;&#160;&lt;/p&gt;</comment>
                            <comment id="17168214" author="mimaison" created="Thu, 30 Jul 2020 20:56:20 +0000"  >&lt;p&gt;A couple of more failures:&lt;/p&gt;
&lt;ul class=&quot;alternate&quot; type=&quot;square&quot;&gt;
	&lt;li&gt;&lt;a href=&quot;https://builds.apache.org/job/kafka-pr-jdk14-scala2.13/1780/consoleFull&quot; class=&quot;external-link&quot; target=&quot;_blank&quot; rel=&quot;nofollow noopener&quot;&gt;https://builds.apache.org/job/kafka-pr-jdk14-scala2.13/1780/consoleFull&lt;/a&gt;&lt;/li&gt;
	&lt;li&gt;&lt;a href=&quot;https://builds.apache.org/job/kafka-pr-jdk14-scala2.13/1771/consoleFull&quot; class=&quot;external-link&quot; target=&quot;_blank&quot; rel=&quot;nofollow noopener&quot;&gt;https://builds.apache.org/job/kafka-pr-jdk14-scala2.13/1771/consoleFull&lt;/a&gt;&lt;/li&gt;
&lt;/ul&gt;
</comment>
                            <comment id="17205569" author="bbejeck" created="Thu, 1 Oct 2020 14:38:54 +0000"  >&lt;p&gt;Have seen a few more failures&lt;/p&gt;

&lt;p&gt;&#160;&lt;/p&gt;

&lt;p&gt;&lt;a href=&quot;https://ci-builds.apache.org/job/Kafka/job/kafka-pr/job/PR-9237/8/testReport/junit/org.apache.kafka.streams.integration/EosBetaUpgradeIntegrationTest/Build___JDK_8___shouldUpgradeFromEosAlphaToEosBeta_true__2/&quot; class=&quot;external-link&quot; target=&quot;_blank&quot; rel=&quot;nofollow noopener&quot;&gt;https://ci-builds.apache.org/job/Kafka/job/kafka-pr/job/PR-9237/8/testReport/junit/org.apache.kafka.streams.integration/EosBetaUpgradeIntegrationTest/Build___JDK_8___shouldUpgradeFromEosAlphaToEosBeta_true__2/&lt;/a&gt;&lt;/p&gt;

&lt;p&gt;&lt;a href=&quot;https://ci-builds.apache.org/job/Kafka/job/kafka-pr/job/PR-9237/8/testReport/junit/org.apache.kafka.streams.integration/EosBetaUpgradeIntegrationTest/Build___JDK_15___shouldUpgradeFromEosAlphaToEosBeta_true_/&quot; class=&quot;external-link&quot; target=&quot;_blank&quot; rel=&quot;nofollow noopener&quot;&gt;https://ci-builds.apache.org/job/Kafka/job/kafka-pr/job/PR-9237/8/testReport/junit/org.apache.kafka.streams.integration/EosBetaUpgradeIntegrationTest/Build___JDK_15___shouldUpgradeFromEosAlphaToEosBeta_true_/&lt;/a&gt;&lt;/p&gt;</comment>
                    </comments>
                    <attachments>
                    </attachments>
                <subtasks>
                    </subtasks>
                <customfields>
                                                                            <customfield id="customfield_12310310" key="com.atlassian.jira.toolkit:attachments">
                        <customfieldname>Attachment count</customfieldname>
                        <customfieldvalues>
                            <customfieldvalue>0.0</customfieldvalue>
                        </customfieldvalues>
                    </customfield>
                                                                                                                                                                                                                                                                                                                                                                                                                                                                                                                                                                                                                                                                                                        <customfield id="customfield_12314020" key="com.atlassian.jira.plugins.jira-development-integration-plugin:devsummary">
                        <customfieldname>Development</customfieldname>
                        <customfieldvalues>
                            
                        </customfieldvalues>
                    </customfield>
                                                                                                                        <customfield id="customfield_12313422" key="com.atlassian.jirafisheyeplugin:jobcheckbox">
                        <customfieldname>Enable Automatic Patch Review</customfieldname>
                        <customfieldvalues>
                            <customfieldvalue><![CDATA[false]]></customfieldvalue>

                        </customfieldvalues>
                    </customfield>
                                                                                                                                                                                                                                                                                                                                                                                                                                                                                                                                                                                                                    <customfield id="customfield_12310420" key="com.pyxis.greenhopper.jira:gh-global-rank">
                        <customfieldname>Global Rank</customfieldname>
                        <customfieldvalues>
                            <customfieldvalue>9223372036854775807</customfieldvalue>
                        </customfieldvalues>
                    </customfield>
                                                                                                                                                                                                                                        <customfield id="customfield_12312521" key="com.atlassian.jira.toolkit:LastCommentDate">
                        <customfieldname>Last public comment date</customfieldname>
                        <customfieldvalues>
                            5 years, 6 weeks, 5 days ago
                        </customfieldvalues>
                    </customfield>
                                                                                                                                                                                                                                                                                                <customfield id="customfield_12311820" key="com.pyxis.greenhopper.jira:gh-lexo-rank">
                        <customfieldname>Rank</customfieldname>
                        <customfieldvalues>
                            <customfieldvalue>0|z0evo8:</customfieldvalue>

                        </customfieldvalues>
                    </customfield>
                                                                <customfield id="customfield_12310920" key="com.pyxis.greenhopper.jira:gh-global-rank">
                        <customfieldname>Rank (Obsolete)</customfieldname>
                        <customfieldvalues>
                            <customfieldvalue>9223372036854775807</customfieldvalue>
                        </customfieldvalues>
                    </customfield>
                                                                                                                                                                                                                                                                                                                                                                                                                                                                                                                                                                                                                                                                                                                                                                                                                        </customfields>
    </item>
</channel>
</rss>