<!-- 
RSS generated by JIRA (8.20.10#820010-sha1:ace47f9899e9ee25d7157d59aa17ab06aee30d3d) at Tue Nov 11 17:30:46 UTC 2025

It is possible to restrict the fields that are returned in this document by specifying the 'field' parameter in your request.
For example, to request only the issue key and summary append 'field=key&field=summary' to the URL of your request.
-->
<rss version="0.92" >
<channel>
    <title>ASF JIRA</title>
    <link>https://issues.apache.org/jira</link>
    <description>This file is an XML representation of an issue</description>
    <language>en-uk</language>    <build-info>
        <version>8.20.10</version>
        <build-number>820010</build-number>
        <build-date>22-06-2022</build-date>
    </build-info>


<item>
            <title>[KAFKA-13943] Fix flaky test QuorumControllerTest.testMissingInMemorySnapshot()</title>
                <link>https://issues.apache.org/jira/browse/KAFKA-13943</link>
                <project id="12311720" key="KAFKA">Kafka</project>
                    <description>&lt;p&gt;Test failed at &lt;a href=&quot;https://ci-builds.apache.org/blue/organizations/jenkins/Kafka%2Fkafka-pr/detail/PR-12197/3/tests&quot; class=&quot;external-link&quot; target=&quot;_blank&quot; rel=&quot;nofollow noopener&quot;&gt;https://ci-builds.apache.org/blue/organizations/jenkins/Kafka%2Fkafka-pr/detail/PR-12197/3/tests&lt;/a&gt;&#160;&lt;/p&gt;
&lt;div class=&quot;preformatted panel&quot; style=&quot;border-width: 1px;&quot;&gt;&lt;div class=&quot;preformattedContent panelContent&quot;&gt;
&lt;pre&gt;[2022-05-27 09:34:42,382] INFO [Controller 0] Creating new QuorumController with clusterId wj9LhgPJTV-KYEItgqvtQA, authorizer Optional.empty. (org.apache.kafka.controller.QuorumController:1484)
[2022-05-27 09:34:42,393] DEBUG [LocalLogManager 0] Node 0: running log check. (org.apache.kafka.metalog.LocalLogManager:479)
[2022-05-27 09:34:42,394] DEBUG [LocalLogManager 0] initialized local log manager for node 0 (org.apache.kafka.metalog.LocalLogManager:622)
[2022-05-27 09:34:42,396] INFO [LocalLogManager 0] Node 0: registered MetaLogListener 1774961169 (org.apache.kafka.metalog.LocalLogManager:640)
[2022-05-27 09:34:42,397] DEBUG [LocalLogManager 0] Node 0: running log check. (org.apache.kafka.metalog.LocalLogManager:479)
[2022-05-27 09:34:42,397] DEBUG [LocalLogManager 0] Node 0: Executing handleLeaderChange LeaderAndEpoch(leaderId=OptionalInt[0], epoch=1) (org.apache.kafka.metalog.LocalLogManager:520)
[2022-05-27 09:34:42,398] DEBUG [Controller 0] Executing handleLeaderChange[1]. (org.apache.kafka.controller.QuorumController:438)
[2022-05-27 09:34:42,398] INFO [Controller 0] Becoming the active controller at epoch 1, committed offset -1, committed epoch -1, and metadata.version 5 (org.apache.kafka.controller.QuorumController:950)
[2022-05-27 09:34:42,398] DEBUG [Controller 0] Creating snapshot -1 (org.apache.kafka.timeline.SnapshotRegistry:197)
[2022-05-27 09:34:42,399] DEBUG [Controller 0] Processed handleLeaderChange[1] in 951 us (org.apache.kafka.controller.QuorumController:385)
[2022-05-27 09:34:42,399] INFO [Controller 0] Initializing metadata.version to 5 (org.apache.kafka.controller.QuorumController:926)
[2022-05-27 09:34:42,399] INFO [Controller 0] Setting metadata.version to 5 (org.apache.kafka.controller.FeatureControlManager:273)
[2022-05-27 09:34:42,400] DEBUG [Controller 0] Creating snapshot 9223372036854775807 (org.apache.kafka.timeline.SnapshotRegistry:197)
[2022-05-27 09:34:42,400] DEBUG [Controller 0] Read-write operation bootstrapMetadata(1863535402) will be completed when the log reaches offset 9223372036854775807. (org.apache.kafka.controller.QuorumController:725)
[2022-05-27 09:34:42,402] DEBUG append(batch=LocalRecordBatch(leaderEpoch=1, appendTimestamp=10, records=[ApiMessageAndVersion(RegisterBrokerRecord(brokerId=0, incarnationId=kxAT73dKQsitIedpiPtwBw, brokerEpoch=-9223372036854775808, endPoints=[BrokerEndpoint(name=&apos;PLAINTEXT&apos;, host=&apos;localhost&apos;, port=9092, securityProtocol=0)], features=[], rack=null, fenced=true) at version 0)]), prevOffset=1) (org.apache.kafka.metalog.LocalLogManager$SharedLogData:247)
[2022-05-27 09:34:42,402] INFO [Controller 0] Registered new broker: RegisterBrokerRecord(brokerId=0, incarnationId=kxAT73dKQsitIedpiPtwBw, brokerEpoch=-9223372036854775808, endPoints=[BrokerEndpoint(name=&apos;PLAINTEXT&apos;, host=&apos;localhost&apos;, port=9092, securityProtocol=0)], features=[], rack=null, fenced=true) (org.apache.kafka.controller.ClusterControlManager:368)
[2022-05-27 09:34:42,403] WARN [Controller 0] registerBroker: failed with unknown server exception RuntimeException at epoch 1 in 2449 us.  Reverting to last committed offset -1. (org.apache.kafka.controller.QuorumController:410)java.lang.RuntimeException: Can&apos;t create a new snapshot at epoch 1 because there is already a snapshot with epoch 9223372036854775807    at org.apache.kafka.timeline.SnapshotRegistry.getOrCreateSnapshot(SnapshotRegistry.java:190)    at org.apache.kafka.controller.QuorumController$ControllerWriteEvent.run(QuorumController.java:723)    at org.apache.kafka.queue.KafkaEventQueue$EventContext.run(KafkaEventQueue.java:121)    at org.apache.kafka.queue.KafkaEventQueue$EventHandler.handleEvents(KafkaEventQueue.java:200)    at org.apache.kafka.queue.KafkaEventQueue$EventHandler.run(KafkaEventQueue.java:173)    at java.base/java.lang.Thread.run(Thread.java:833)&lt;/pre&gt;
&lt;/div&gt;&lt;/div&gt;
&lt;div class=&quot;preformatted panel&quot; style=&quot;border-width: 1px;&quot;&gt;&lt;div class=&quot;preformattedContent panelContent&quot;&gt;
&lt;pre&gt;Full stack trace

java.util.concurrent.ExecutionException: org.apache.kafka.common.errors.UnknownServerException: java.lang.RuntimeException: Can&apos;t create a new snapshot at epoch 1 because there is already a snapshot with epoch 9223372036854775807
&#160; &#160; at java.base/java.util.concurrent.CompletableFuture.reportGet(CompletableFuture.java:396)
&#160; &#160; at java.base/java.util.concurrent.CompletableFuture.get(CompletableFuture.java:2073)
&#160; &#160; at org.apache.kafka.controller.QuorumControllerTest.registerBrokers(QuorumControllerTest.java:1014)
&#160; &#160; at org.apache.kafka.controller.QuorumControllerTest.testMissingInMemorySnapshot(QuorumControllerTest.java:907)
&#160; &#160; at java.base/jdk.internal.reflect.NativeMethodAccessorImpl.invoke0(Native Method)
&#160; &#160; at java.base/jdk.internal.reflect.NativeMethodAccessorImpl.invoke(NativeMethodAccessorImpl.java:77)
&#160; &#160; at java.base/jdk.internal.reflect.DelegatingMethodAccessorImpl.invoke(DelegatingMethodAccessorImpl.java:43)
&#160; &#160; at java.base/java.lang.reflect.Method.invoke(Method.java:568)
&#160; &#160; at org.junit.platform.commons.util.ReflectionUtils.invokeMethod(ReflectionUtils.java:725)
&#160; &#160; at org.junit.jupiter.engine.execution.MethodInvocation.proceed(MethodInvocation.java:60)
&#160; &#160; at org.junit.jupiter.engine.execution.InvocationInterceptorChain$ValidatingInvocation.proceed(InvocationInterceptorChain.java:131)
&#160; &#160; at org.junit.jupiter.engine.extension.TimeoutInvocation.proceed(TimeoutInvocation.java:46)
&#160; &#160; at org.junit.jupiter.engine.extension.TimeoutExtension.intercept(TimeoutExtension.java:149)
&#160; &#160; at org.junit.jupiter.engine.extension.TimeoutExtension.interceptTestableMethod(TimeoutExtension.java:140)
&#160; &#160; at org.junit.jupiter.engine.extension.TimeoutExtension.interceptTestMethod(TimeoutExtension.java:84)
&#160; &#160; at org.junit.jupiter.engine.execution.ExecutableInvoker$ReflectiveInterceptorCall.lambda$ofVoidMethod$0(ExecutableInvoker.java:115)
&#160; &#160; at org.junit.jupiter.engine.execution.ExecutableInvoker.lambda$invoke$0(ExecutableInvoker.java:105)
&#160; &#160; at org.junit.jupiter.engine.execution.InvocationInterceptorChain$InterceptedInvocation.proceed(InvocationInterceptorChain.java:106)
&#160; &#160; at org.junit.jupiter.engine.execution.InvocationInterceptorChain.proceed(InvocationInterceptorChain.java:64)
&#160; &#160; at org.junit.jupiter.engine.execution.InvocationInterceptorChain.chainAndInvoke(InvocationInterceptorChain.java:45)
&#160; &#160; at org.junit.jupiter.engine.execution.InvocationInterceptorChain.invoke(InvocationInterceptorChain.java:37)
&#160; &#160; at org.junit.jupiter.engine.execution.ExecutableInvoker.invoke(ExecutableInvoker.java:104)
&#160; &#160; at org.junit.jupiter.engine.execution.ExecutableInvoker.invoke(ExecutableInvoker.java:98)
&#160; &#160; at org.junit.jupiter.engine.descriptor.TestMethodTestDescriptor.lambda$invokeTestMethod$7(TestMethodTestDescriptor.java:214)
&#160; &#160; at org.junit.platform.engine.support.hierarchical.ThrowableCollector.execute(ThrowableCollector.java:73)
&#160; &#160; at org.junit.jupiter.engine.descriptor.TestMethodTestDescriptor.invokeTestMethod(TestMethodTestDescriptor.java:210)
&#160; &#160; at org.junit.jupiter.engine.descriptor.TestMethodTestDescriptor.execute(TestMethodTestDescriptor.java:135)
&#160; &#160; at org.junit.jupiter.engine.descriptor.TestMethodTestDescriptor.execute(TestMethodTestDescriptor.java:66)
&#160; &#160; at org.junit.platform.engine.support.hierarchical.NodeTestTask.lambda$executeRecursively$6(NodeTestTask.java:151)
&#160; &#160; at org.junit.platform.engine.support.hierarchical.ThrowableCollector.execute(ThrowableCollector.java:73)
&#160; &#160; at org.junit.platform.engine.support.hierarchical.NodeTestTask.lambda$executeRecursively$8(NodeTestTask.java:141)
&#160; &#160; at org.junit.platform.engine.support.hierarchical.Node.around(Node.java:137)
&#160; &#160; at org.junit.platform.engine.support.hierarchical.NodeTestTask.lambda$executeRecursively$9(NodeTestTask.java:139)
&#160; &#160; at org.junit.platform.engine.support.hierarchical.ThrowableCollector.execute(ThrowableCollector.java:73)
&#160; &#160; at org.junit.platform.engine.support.hierarchical.NodeTestTask.executeRecursively(NodeTestTask.java:138)
&#160; &#160; at org.junit.platform.engine.support.hierarchical.NodeTestTask.execute(NodeTestTask.java:95)
&#160; &#160; at java.base/java.util.ArrayList.forEach(ArrayList.java:1511)
&#160; &#160; at org.junit.platform.engine.support.hierarchical.SameThreadHierarchicalTestExecutorService.invokeAll(SameThreadHierarchicalTestExecutorService.java:41)
&#160; &#160; at org.junit.platform.engine.support.hierarchical.NodeTestTask.lambda$executeRecursively$6(NodeTestTask.java:155)
&#160; &#160; at org.junit.platform.engine.support.hierarchical.ThrowableCollector.execute(ThrowableCollector.java:73)
&#160; &#160; at org.junit.platform.engine.support.hierarchical.NodeTestTask.lambda$executeRecursively$8(NodeTestTask.java:141)
&#160; &#160; at org.junit.platform.engine.support.hierarchical.Node.around(Node.java:137)
&#160; &#160; at org.junit.platform.engine.support.hierarchical.NodeTestTask.lambda$executeRecursively$9(NodeTestTask.java:139)
&#160; &#160; at org.junit.platform.engine.support.hierarchical.ThrowableCollector.execute(ThrowableCollector.java:73)
&#160; &#160; at org.junit.platform.engine.support.hierarchical.NodeTestTask.executeRecursively(NodeTestTask.java:138)
&#160; &#160; at org.junit.platform.engine.support.hierarchical.NodeTestTask.execute(NodeTestTask.java:95)
&#160; &#160; at java.base/java.util.ArrayList.forEach(ArrayList.java:1511)
&#160; &#160; at org.junit.platform.engine.support.hierarchical.SameThreadHierarchicalTestExecutorService.invokeAll(SameThreadHierarchicalTestExecutorService.java:41)
&#160; &#160; at org.junit.platform.engine.support.hierarchical.NodeTestTask.lambda$executeRecursively$6(NodeTestTask.java:155)
&#160; &#160; at org.junit.platform.engine.support.hierarchical.ThrowableCollector.execute(ThrowableCollector.java:73)
&#160; &#160; at org.junit.platform.engine.support.hierarchical.NodeTestTask.lambda$executeRecursively$8(NodeTestTask.java:141)
&#160; &#160; at org.junit.platform.engine.support.hierarchical.Node.around(Node.java:137)
&#160; &#160; at org.junit.platform.engine.support.hierarchical.NodeTestTask.lambda$executeRecursively$9(NodeTestTask.java:139)
&#160; &#160; at org.junit.platform.engine.support.hierarchical.ThrowableCollector.execute(ThrowableCollector.java:73)
&#160; &#160; at org.junit.platform.engine.support.hierarchical.NodeTestTask.executeRecursively(NodeTestTask.java:138)
&#160; &#160; at org.junit.platform.engine.support.hierarchical.NodeTestTask.execute(NodeTestTask.java:95)
&#160; &#160; at org.junit.platform.engine.support.hierarchical.SameThreadHierarchicalTestExecutorService.submit(SameThreadHierarchicalTestExecutorService.java:35)
&#160; &#160; at org.junit.platform.engine.support.hierarchical.HierarchicalTestExecutor.execute(HierarchicalTestExecutor.java:57)
&#160; &#160; at org.junit.platform.engine.support.hierarchical.HierarchicalTestEngine.execute(HierarchicalTestEngine.java:54)
&#160; &#160; at org.junit.platform.launcher.core.EngineExecutionOrchestrator.execute(EngineExecutionOrchestrator.java:108)
&#160; &#160; at org.junit.platform.launcher.core.EngineExecutionOrchestrator.execute(EngineExecutionOrchestrator.java:88)
&#160; &#160; at org.junit.platform.launcher.core.EngineExecutionOrchestrator.lambda$execute$0(EngineExecutionOrchestrator.java:54)
&#160; &#160; at org.junit.platform.launcher.core.EngineExecutionOrchestrator.withInterceptedStreams(EngineExecutionOrchestrator.java:67)
&#160; &#160; at org.junit.platform.launcher.core.EngineExecutionOrchestrator.execute(EngineExecutionOrchestrator.java:52)
&#160; &#160; at org.junit.platform.launcher.core.DefaultLauncher.execute(DefaultLauncher.java:96)
&#160; &#160; at org.junit.platform.launcher.core.DefaultLauncher.execute(DefaultLauncher.java:75)
&#160; &#160; at org.gradle.api.internal.tasks.testing.junitplatform.JUnitPlatformTestClassProcessor$CollectAllTestClassesExecutor.processAllTestClasses(JUnitPlatformTestClassProcessor.java:99)
&#160; &#160; at org.gradle.api.internal.tasks.testing.junitplatform.JUnitPlatformTestClassProcessor$CollectAllTestClassesExecutor.access$000(JUnitPlatformTestClassProcessor.java:79)
&#160; &#160; at org.gradle.api.internal.tasks.testing.junitplatform.JUnitPlatformTestClassProcessor.stop(JUnitPlatformTestClassProcessor.java:75)
&#160; &#160; at org.gradle.api.internal.tasks.testing.SuiteTestClassProcessor.stop(SuiteTestClassProcessor.java:61)
&#160; &#160; at java.base/jdk.internal.reflect.NativeMethodAccessorImpl.invoke0(Native Method)
&#160; &#160; at java.base/jdk.internal.reflect.NativeMethodAccessorImpl.invoke(NativeMethodAccessorImpl.java:77)
&#160; &#160; at java.base/jdk.internal.reflect.DelegatingMethodAccessorImpl.invoke(DelegatingMethodAccessorImpl.java:43)
&#160; &#160; at java.base/java.lang.reflect.Method.invoke(Method.java:568)
&#160; &#160; at org.gradle.internal.dispatch.ReflectionDispatch.dispatch(ReflectionDispatch.java:36)
&#160; &#160; at org.gradle.internal.dispatch.ReflectionDispatch.dispatch(ReflectionDispatch.java:24)
&#160; &#160; at org.gradle.internal.dispatch.ContextClassLoaderDispatch.dispatch(ContextClassLoaderDispatch.java:33)
&#160; &#160; at org.gradle.internal.dispatch.ProxyDispatchAdapter$DispatchingInvocationHandler.invoke(ProxyDispatchAdapter.java:94)
&#160; &#160; at jdk.proxy1/jdk.proxy1.$Proxy2.stop(Unknown Source)
&#160; &#160; at org.gradle.api.internal.tasks.testing.worker.TestWorker$3.run(TestWorker.java:193)
&#160; &#160; at org.gradle.api.internal.tasks.testing.worker.TestWorker.executeAndMaintainThreadName(TestWorker.java:129)
&#160; &#160; at org.gradle.api.internal.tasks.testing.worker.TestWorker.execute(TestWorker.java:100)
&#160; &#160; at org.gradle.api.internal.tasks.testing.worker.TestWorker.execute(TestWorker.java:60)
&#160; &#160; at org.gradle.process.internal.worker.child.ActionExecutionWorker.execute(ActionExecutionWorker.java:56)
&#160; &#160; at org.gradle.process.internal.worker.child.SystemApplicationClassLoaderWorker.call(SystemApplicationClassLoaderWorker.java:133)
&#160; &#160; at org.gradle.process.internal.worker.child.SystemApplicationClassLoaderWorker.call(SystemApplicationClassLoaderWorker.java:71)
&#160; &#160; at worker.org.gradle.process.internal.worker.GradleWorkerMain.run(GradleWorkerMain.java:69)
&#160; &#160; at worker.org.gradle.process.internal.worker.GradleWorkerMain.main(GradleWorkerMain.java:74)
Caused by: org.apache.kafka.common.errors.UnknownServerException: java.lang.RuntimeException: Can&apos;t create a new snapshot at epoch 1 because there is already a snapshot with epoch 9223372036854775807
Caused by: java.lang.RuntimeException: Can&apos;t create a new snapshot at epoch 1 because there is already a snapshot with epoch 9223372036854775807
&#160; &#160; at org.apache.kafka.timeline.SnapshotRegistry.getOrCreateSnapshot(SnapshotRegistry.java:190)
&#160; &#160; at org.apache.kafka.controller.QuorumController$ControllerWriteEvent.run(QuorumController.java:723)
&#160; &#160; at org.apache.kafka.queue.KafkaEventQueue$EventContext.run(KafkaEventQueue.java:121)
&#160; &#160; at org.apache.kafka.queue.KafkaEventQueue$EventHandler.handleEvents(KafkaEventQueue.java:200)
&#160; &#160; at org.apache.kafka.queue.KafkaEventQueue$EventHandler.run(KafkaEventQueue.java:173)
&#160; &#160; at java.base/java.lang.Thread.run(Thread.java:833)&lt;/pre&gt;
&lt;/div&gt;&lt;/div&gt;</description>
                <environment></environment>
        <key id="13447232">KAFKA-13943</key>
            <summary>Fix flaky test QuorumControllerTest.testMissingInMemorySnapshot()</summary>
                <type id="1" iconUrl="https://issues.apache.org/jira/secure/viewavatar?size=xsmall&amp;avatarId=21133&amp;avatarType=issuetype">Bug</type>
                                            <priority id="3" iconUrl="https://issues.apache.org/jira/images/icons/priorities/major.svg">Major</priority>
                        <status id="5" iconUrl="https://issues.apache.org/jira/images/icons/statuses/resolved.png" description="A resolution has been taken, and it is awaiting verification by reporter. From here issues are either reopened, or are closed.">Resolved</status>
                    <statusCategory id="3" key="done" colorName="green"/>
                                    <resolution id="1">Fixed</resolution>
                                        <assignee username="divijvaidya">Divij Vaidya</assignee>
                                    <reporter username="divijvaidya">Divij Vaidya</reporter>
                        <labels>
                            <label>flaky-test</label>
                    </labels>
                <created>Fri, 27 May 2022 13:47:11 +0000</created>
                <updated>Fri, 7 Jun 2024 17:59:15 +0000</updated>
                            <resolved>Wed, 6 Jul 2022 03:08:47 +0000</resolved>
                                                    <fixVersion>3.3.0</fixVersion>
                                    <component>unit tests</component>
                        <due></due>
                            <votes>0</votes>
                                    <watches>1</watches>
                                                                                                                <comments>
                            <comment id="17543470" author="divijvaidya" created="Sat, 28 May 2022 14:23:23 +0000"  >&lt;p&gt;The test is failing because in some situation the KRaftClient.scheduleAppend() for a message of type `bootstrapMetadata` is being called from&#160; a node which is either not the current leader/controller OR from a leader with wrong epoch because the test is creating a file with LONG_MAX offset at &lt;a href=&quot;https://github.com/apache/kafka/blob/trunk/metadata/src/test/java/org/apache/kafka/metalog/LocalLogManager.java#L229-L237&quot; class=&quot;external-link&quot; target=&quot;_blank&quot; rel=&quot;nofollow noopener&quot;&gt;https://github.com/apache/kafka/blob/trunk/metadata/src/test/java/org/apache/kafka/metalog/LocalLogManager.java#L229-L237&lt;/a&gt;&lt;/p&gt;

&lt;p&gt;Perhaps &lt;a href=&quot;https://issues.apache.org/jira/secure/ViewProfile.jspa?name=mumrah&quot; class=&quot;user-hover&quot; rel=&quot;mumrah&quot;&gt;mumrah&lt;/a&gt; may know about the situation where this scenario can occur?&lt;/p&gt;</comment>
                            <comment id="17552633" author="divijvaidya" created="Fri, 10 Jun 2022 08:54:03 +0000"  >&lt;p&gt;I have fixed the bug which was causing a snapshot with LONG_MAX at &lt;a href=&quot;https://github.com/apache/kafka/pull/12224&quot; class=&quot;external-link&quot; target=&quot;_blank&quot; rel=&quot;nofollow noopener&quot;&gt;https://github.com/apache/kafka/pull/12224&lt;/a&gt;&#160;&lt;/p&gt;

&lt;p&gt;Also note that there are other tests such as QuorumControllerTest.testSnapshotOnlyAfterConfiguredMinBytes failing due to same bug&lt;/p&gt;


&lt;div class=&quot;preformatted panel&quot; style=&quot;border-width: 1px;&quot;&gt;&lt;div class=&quot;preformattedContent panelContent&quot;&gt;
&lt;pre&gt;Error Messagejava.util.concurrent.ExecutionException: org.apache.kafka.common.errors.UnknownServerException: java.lang.RuntimeException: Can&apos;t create a new snapshot at epoch 1 because there is already a snapshot with epoch 9223372036854775807Stacktracejava.util.concurrent.ExecutionException: org.apache.kafka.common.errors.UnknownServerException: java.lang.RuntimeException: Can&apos;t create a new snapshot at epoch 1 because there is already a snapshot with epoch 9223372036854775807
	at java.base/java.util.concurrent.CompletableFuture.reportGet(CompletableFuture.java:395)
	at java.base/java.util.concurrent.CompletableFuture.get(CompletableFuture.java:1999)
	at org.apache.kafka.controller.QuorumControllerTest.testSnapshotOnlyAfterConfiguredMinBytes(QuorumControllerTest.java:691)
	at java.base/jdk.internal.reflect.NativeMethodAccessorImpl.invoke0(Native Method)
	at java.base/jdk.internal.reflect.NativeMethodAccessorImpl.invoke(NativeMethodAccessorImpl.java:62)
	at java.base/jdk.internal.reflect.DelegatingMethodAccessorImpl.invoke(DelegatingMethodAccessorImpl.java:43)
	at java.base/java.lang.reflect.Method.invoke(Method.java:566)
	at org.junit.platform.commons.util.ReflectionUtils.invokeMethod(ReflectionUtils.java:725)
	at org.junit.jupiter.engine.execution.MethodInvocation.proceed(MethodInvocation.java:60)
	at org.junit.jupiter.engine.execution.InvocationInterceptorChain$ValidatingInvocation.proceed(InvocationInterceptorChain.java:131)
	at org.junit.jupiter.engine.extension.TimeoutInvocation.proceed(TimeoutInvocation.java:46)
	at org.junit.jupiter.engine.extension.TimeoutExtension.intercept(TimeoutExtension.java:149)
	at org.junit.jupiter.engine.extension.TimeoutExtension.interceptTestableMethod(TimeoutExtension.java:140)
	at org.junit.jupiter.engine.extension.TimeoutExtension.interceptTestMethod(TimeoutExtension.java:84)
	at org.junit.jupiter.engine.execution.ExecutableInvoker$ReflectiveInterceptorCall.lambda$ofVoidMethod$0(ExecutableInvoker.java:115)
	at org.junit.jupiter.engine.execution.ExecutableInvoker.lambda$invoke$0(ExecutableInvoker.java:105)
	at org.junit.jupiter.engine.execution.InvocationInterceptorChain$InterceptedInvocation.proceed(InvocationInterceptorChain.java:106)
	at org.junit.jupiter.engine.execution.InvocationInterceptorChain.proceed(InvocationInterceptorChain.java:64)
	at org.junit.jupiter.engine.execution.InvocationInterceptorChain.chainAndInvoke(&lt;/pre&gt;
&lt;/div&gt;&lt;/div&gt;</comment>
                    </comments>
                    <attachments>
                    </attachments>
                <subtasks>
                    </subtasks>
                <customfields>
                                                                            <customfield id="customfield_12310310" key="com.atlassian.jira.toolkit:attachments">
                        <customfieldname>Attachment count</customfieldname>
                        <customfieldvalues>
                            <customfieldvalue>0.0</customfieldvalue>
                        </customfieldvalues>
                    </customfield>
                                                                                                                                                                                                                                                                                                                                                                                                                                                                                                                                                                                                                                                                                                        <customfield id="customfield_12314020" key="com.atlassian.jira.plugins.jira-development-integration-plugin:devsummary">
                        <customfieldname>Development</customfieldname>
                        <customfieldvalues>
                            
                        </customfieldvalues>
                    </customfield>
                                                                                                                        <customfield id="customfield_12313422" key="com.atlassian.jirafisheyeplugin:jobcheckbox">
                        <customfieldname>Enable Automatic Patch Review</customfieldname>
                        <customfieldvalues>
                            <customfieldvalue><![CDATA[false]]></customfieldvalue>

                        </customfieldvalues>
                    </customfield>
                                                                                                                                                                                                                                                                                                                                                                                                                                                                                                                                                                                                                    <customfield id="customfield_12310420" key="com.pyxis.greenhopper.jira:gh-global-rank">
                        <customfieldname>Global Rank</customfieldname>
                        <customfieldvalues>
                            <customfieldvalue>9223372036854775807</customfieldvalue>
                        </customfieldvalues>
                    </customfield>
                                                                                                                                                                                                                                        <customfield id="customfield_12312521" key="com.atlassian.jira.toolkit:LastCommentDate">
                        <customfieldname>Last public comment date</customfieldname>
                        <customfieldvalues>
                            3 years, 22 weeks, 4 days ago
                        </customfieldvalues>
                    </customfield>
                                                                                                                                                                                                                                                                                                <customfield id="customfield_12311820" key="com.pyxis.greenhopper.jira:gh-lexo-rank">
                        <customfieldname>Rank</customfieldname>
                        <customfieldvalues>
                            <customfieldvalue>0|z12r1c:</customfieldvalue>

                        </customfieldvalues>
                    </customfield>
                                                                <customfield id="customfield_12310920" key="com.pyxis.greenhopper.jira:gh-global-rank">
                        <customfieldname>Rank (Obsolete)</customfieldname>
                        <customfieldvalues>
                            <customfieldvalue>9223372036854775807</customfieldvalue>
                        </customfieldvalues>
                    </customfield>
                                                                                                                                                                                                                                                                                                                                                                                                                                                                                                                                                                                                                                                                                                                                                                                                                        </customfields>
    </item>
</channel>
</rss>