<!-- 
RSS generated by JIRA (8.20.10#820010-sha1:ace47f9899e9ee25d7157d59aa17ab06aee30d3d) at Sat Nov 08 20:31:13 UTC 2025

It is possible to restrict the fields that are returned in this document by specifying the 'field' parameter in your request.
For example, to request only the issue key and summary append 'field=key&field=summary' to the URL of your request.
-->
<rss version="0.92" >
<channel>
    <title>ASF JIRA</title>
    <link>https://issues.apache.org/jira</link>
    <description>This file is an XML representation of an issue</description>
    <language>en-uk</language>    <build-info>
        <version>8.20.10</version>
        <build-number>820010</build-number>
        <build-date>22-06-2022</build-date>
    </build-info>


<item>
            <title>[MCHECKSTYLE-163] Test classpath resolution fails in mvn check:check when includeTestSourceDirectory = true</title>
                <link>https://issues.apache.org/jira/browse/MCHECKSTYLE-163</link>
                <project id="12317223" key="MCHECKSTYLE">Maven Checkstyle Plugin (Moved to GitHub Issues)</project>
                    <description>&lt;p&gt;When includeTestSourceDirectory=true is set for maven-checkstyle-plugin, the full test classpath should be made available to checkstyle.  Patch included to resolve issue by setting @requiresDependencyResolution to test.&lt;/p&gt;

&lt;p&gt;In DefaultCheckstyleExecutor.java the checker.setClassLoader() is configured using the classpath string from request.getProject().getTestClasspathElements() (see DefaultCheckstyleExecutor line 114).&lt;/p&gt;

&lt;p&gt;However, the CheckstyleViolationCheckMojo only has @requiresDependencyResolution compile which means that pom dependencies which have been declared as &amp;lt;scope&amp;gt;test&amp;lt;/scope&amp;gt; are not returned by project.getTestClasspathElements().&lt;/p&gt;

&lt;p&gt;This is a particular issue for the checkstyle RedundantThrows check (&lt;a href=&quot;http://checkstyle.sourceforge.net/config_coding.html#RedundantThrows&quot; class=&quot;external-link&quot; target=&quot;_blank&quot; rel=&quot;nofollow noopener&quot;&gt;http://checkstyle.sourceforge.net/config_coding.html#RedundantThrows&lt;/a&gt;) as it requires all Exceptions to be available on it&apos;s classpath.&lt;/p&gt;

&lt;p&gt;If code throws an Exception which has been imported from a maven &amp;lt;scope&amp;gt;test&amp;lt;/scope&amp;gt; dependency, the exception will not be available on the classpath and this checkstyle check will fail.&lt;/p&gt;

&lt;p&gt;Example:&lt;/p&gt;

&lt;p&gt;Include junit as a test scope dependency in the project POM:&lt;/p&gt;
&lt;div class=&quot;code panel&quot; style=&quot;border-width: 1px;&quot;&gt;&lt;div class=&quot;codeContent panelContent&quot;&gt;
&lt;pre class=&quot;code-xml&quot;&gt;&lt;span class=&quot;code-tag&quot;&gt;&amp;lt;dependency&amp;gt;&lt;/span&gt;
  &lt;span class=&quot;code-tag&quot;&gt;&amp;lt;groupId&amp;gt;&lt;/span&gt;junit&lt;span class=&quot;code-tag&quot;&gt;&amp;lt;/groupId&amp;gt;&lt;/span&gt;
  &lt;span class=&quot;code-tag&quot;&gt;&amp;lt;artifactId&amp;gt;&lt;/span&gt;junit&lt;span class=&quot;code-tag&quot;&gt;&amp;lt;/artifactId&amp;gt;&lt;/span&gt;
  &lt;span class=&quot;code-tag&quot;&gt;&amp;lt;version&amp;gt;&lt;/span&gt;${junit.version}&lt;span class=&quot;code-tag&quot;&gt;&amp;lt;/version&amp;gt;&lt;/span&gt;
  &lt;span class=&quot;code-tag&quot;&gt;&amp;lt;scope&amp;gt;&lt;/span&gt;test&lt;span class=&quot;code-tag&quot;&gt;&amp;lt;/scope&amp;gt;&lt;/span&gt;
&lt;span class=&quot;code-tag&quot;&gt;&amp;lt;/dependency&amp;gt;&lt;/span&gt;&lt;/pre&gt;
&lt;/div&gt;&lt;/div&gt;

&lt;p&gt;Throw any junit exception within project test code, e.g.:&lt;/p&gt;
&lt;div class=&quot;code panel&quot; style=&quot;border-width: 1px;&quot;&gt;&lt;div class=&quot;codeContent panelContent&quot;&gt;
&lt;pre class=&quot;code-java&quot;&gt;&lt;span class=&quot;code-keyword&quot;&gt;public&lt;/span&gt; &lt;span class=&quot;code-keyword&quot;&gt;class &lt;/span&gt;MyCustomTestRunner &lt;span class=&quot;code-keyword&quot;&gt;extends&lt;/span&gt; BlockJUnit4ClassRunner {
	&lt;span class=&quot;code-keyword&quot;&gt;public&lt;/span&gt; MyCustomTestRunner(&lt;span class=&quot;code-keyword&quot;&gt;final&lt;/span&gt; &lt;span class=&quot;code-object&quot;&gt;Class&lt;/span&gt;&amp;lt;?&amp;gt; klass) &lt;span class=&quot;code-keyword&quot;&gt;throws&lt;/span&gt; InitializationError {
&lt;/pre&gt;
&lt;/div&gt;&lt;/div&gt;
&lt;p&gt;If RedundantThrows check is enabled, the following error will be thrown:&lt;/p&gt;
&lt;div class=&quot;preformatted panel&quot; style=&quot;border-width: 1px;&quot;&gt;&lt;div class=&quot;preformattedContent panelContent&quot;&gt;
&lt;pre&gt;[INFO] --- maven-checkstyle-plugin:2.7-SNAPSHOT:check (checkstyle-verify) @ sample-project ---
[INFO] Starting audit...
C:\Working\hg\sample-project\src\test\java\com\sample\support\junit\MyCustomTestRunner.java:28:72: warning: Unable to get class information for InitializationError.
Audit done.

[ERROR] MyCustomTestRunner.java[28:72] Unable to get class information for InitializationError.&lt;/pre&gt;
&lt;/div&gt;&lt;/div&gt;
</description>
                <environment></environment>
        <key id="12800264">MCHECKSTYLE-163</key>
            <summary>Test classpath resolution fails in mvn check:check when includeTestSourceDirectory = true</summary>
                <type id="1" iconUrl="https://issues.apache.org/jira/secure/viewavatar?size=xsmall&amp;avatarId=21133&amp;avatarType=issuetype">Bug</type>
                                            <priority id="3" iconUrl="https://issues.apache.org/jira/images/icons/priorities/major.svg">Major</priority>
                        <status id="6" iconUrl="https://issues.apache.org/jira/images/icons/statuses/closed.png" description="The issue is considered finished, the resolution is correct. Issues which are not closed can be reopened.">Closed</status>
                    <statusCategory id="3" key="done" colorName="green"/>
                                    <resolution id="1">Fixed</resolution>
                                        <assignee username="olamy">Olivier Lamy</assignee>
                                    <reporter username="cmwhelan">Chris Whelan</reporter>
                        <labels>
                    </labels>
                <created>Mon, 1 Aug 2011 23:09:26 +0000</created>
                <updated>Fri, 13 Jun 2025 10:20:24 +0000</updated>
                            <resolved>Wed, 3 Aug 2011 03:30:38 +0000</resolved>
                                    <version>2.6</version>
                                    <fixVersion>2.7</fixVersion>
                                        <due></due>
                            <votes>0</votes>
                                    <watches>5</watches>
                                                    <progress percentage="100">
                                    <originalProgress>
                                                    <row percentage="0" backgroundColor="#89afd7"/>
                                                    <row percentage="100" backgroundColor="transparent"/>
                                            </originalProgress>
                                                    <currentProgress>
                                                    <row percentage="100" backgroundColor="#51a825"/>
                                                    <row percentage="0" backgroundColor="#ec8e00"/>
                                            </currentProgress>
                            </progress>
                                    <aggregateprogress percentage="100">
                                    <originalProgress>
                                                    <row percentage="0" backgroundColor="#89afd7"/>
                                                    <row percentage="100" backgroundColor="transparent"/>
                                            </originalProgress>
                                                    <currentProgress>
                                                    <row percentage="100" backgroundColor="#51a825"/>
                                                    <row percentage="0" backgroundColor="#ec8e00"/>
                                            </currentProgress>
                            </aggregateprogress>
                                            <timeestimate seconds="0">0h</timeestimate>
                            <timespent seconds="1200">20m</timespent>
                                <comments>
                            <comment id="14427556" author="olamy" created="Tue, 2 Aug 2011 12:46:38 +0000"  >&lt;p&gt;could you please provide a sample project in a zip file ?&lt;/p&gt;</comment>
                            <comment id="14427603" author="cmwhelan" created="Wed, 3 Aug 2011 01:01:43 +0000"  >&lt;p&gt;Attaching an example project&lt;/p&gt;</comment>
                            <comment id="14427648" author="cmwhelan" created="Wed, 3 Aug 2011 01:04:38 +0000"  >&lt;p&gt;Example log running attached project without patch.  Note the &apos;unable to get class information&apos; errors:&lt;/p&gt;

&lt;p&gt;C:\Working\&lt;a href=&quot;https://issues.apache.org/jira/browse/MCHECKSTYLE-163&quot; title=&quot;Test classpath resolution fails in mvn check:check when includeTestSourceDirectory = true&quot; class=&quot;issue-link&quot; data-issue-key=&quot;MCHECKSTYLE-163&quot;&gt;&lt;del&gt;MCHECKSTYLE-163&lt;/del&gt;&lt;/a&gt;&amp;gt;mvn clean verify&lt;br/&gt;
&lt;span class=&quot;error&quot;&gt;&amp;#91;INFO&amp;#93;&lt;/span&gt; Scanning for projects...&lt;br/&gt;
&lt;span class=&quot;error&quot;&gt;&amp;#91;WARNING&amp;#93;&lt;/span&gt;&lt;br/&gt;
&lt;span class=&quot;error&quot;&gt;&amp;#91;WARNING&amp;#93;&lt;/span&gt; Some problems were encountered while building the effective model for sample:sample:pom:1.0-SNAPSHOT&lt;br/&gt;
&lt;span class=&quot;error&quot;&gt;&amp;#91;WARNING&amp;#93;&lt;/span&gt; &apos;build.plugins.plugin.version&apos; for org.apache.maven.plugins:maven-compiler-plugin is missing. @ line 47, column 12&lt;br/&gt;
&lt;span class=&quot;error&quot;&gt;&amp;#91;WARNING&amp;#93;&lt;/span&gt;&lt;br/&gt;
&lt;span class=&quot;error&quot;&gt;&amp;#91;WARNING&amp;#93;&lt;/span&gt; It is highly recommended to fix these problems because they threaten the stability of your build.&lt;br/&gt;
&lt;span class=&quot;error&quot;&gt;&amp;#91;WARNING&amp;#93;&lt;/span&gt;&lt;br/&gt;
&lt;span class=&quot;error&quot;&gt;&amp;#91;WARNING&amp;#93;&lt;/span&gt; For this reason, future Maven versions might no longer support building such malformed projects.&lt;br/&gt;
&lt;span class=&quot;error&quot;&gt;&amp;#91;WARNING&amp;#93;&lt;/span&gt;&lt;br/&gt;
&lt;span class=&quot;error&quot;&gt;&amp;#91;INFO&amp;#93;&lt;/span&gt;&lt;br/&gt;
&lt;span class=&quot;error&quot;&gt;&amp;#91;INFO&amp;#93;&lt;/span&gt; ------------------------------------------------------------------------&lt;br/&gt;
&lt;span class=&quot;error&quot;&gt;&amp;#91;INFO&amp;#93;&lt;/span&gt; Building Example project 1.0-SNAPSHOT&lt;br/&gt;
&lt;span class=&quot;error&quot;&gt;&amp;#91;INFO&amp;#93;&lt;/span&gt; ------------------------------------------------------------------------&lt;br/&gt;
&lt;span class=&quot;error&quot;&gt;&amp;#91;INFO&amp;#93;&lt;/span&gt;&lt;br/&gt;
&lt;span class=&quot;error&quot;&gt;&amp;#91;INFO&amp;#93;&lt;/span&gt; &amp;#8212; maven-clean-plugin:2.4.1:clean (default-clean) @ sample &amp;#8212;&lt;br/&gt;
&lt;span class=&quot;error&quot;&gt;&amp;#91;INFO&amp;#93;&lt;/span&gt; Deleting C:\Working\&lt;a href=&quot;https://issues.apache.org/jira/browse/MCHECKSTYLE-163&quot; title=&quot;Test classpath resolution fails in mvn check:check when includeTestSourceDirectory = true&quot; class=&quot;issue-link&quot; data-issue-key=&quot;MCHECKSTYLE-163&quot;&gt;&lt;del&gt;MCHECKSTYLE-163&lt;/del&gt;&lt;/a&gt;\target&lt;br/&gt;
&lt;span class=&quot;error&quot;&gt;&amp;#91;INFO&amp;#93;&lt;/span&gt;&lt;br/&gt;
&lt;span class=&quot;error&quot;&gt;&amp;#91;INFO&amp;#93;&lt;/span&gt; &amp;#8212; maven-checkstyle-plugin:2.7-SNAPSHOT:check (checkstyle-verify) @ sample &amp;#8212;&lt;br/&gt;
&lt;span class=&quot;error&quot;&gt;&amp;#91;WARNING&amp;#93;&lt;/span&gt; File encoding has not been set, using platform encoding Cp1252, i.e. build is platform dependent!&lt;br/&gt;
&lt;span class=&quot;error&quot;&gt;&amp;#91;INFO&amp;#93;&lt;/span&gt; Starting audit...&lt;br/&gt;
C:\Working\&lt;a href=&quot;https://issues.apache.org/jira/browse/MCHECKSTYLE-163&quot; title=&quot;Test classpath resolution fails in mvn check:check when includeTestSourceDirectory = true&quot; class=&quot;issue-link&quot; data-issue-key=&quot;MCHECKSTYLE-163&quot;&gt;&lt;del&gt;MCHECKSTYLE-163&lt;/del&gt;&lt;/a&gt;\src\test\java\sample\Example.java:7:59: warning: Unable to get class information for InitializationError.&lt;br/&gt;
C:\Working\&lt;a href=&quot;https://issues.apache.org/jira/browse/MCHECKSTYLE-163&quot; title=&quot;Test classpath resolution fails in mvn check:check when includeTestSourceDirectory = true&quot; class=&quot;issue-link&quot; data-issue-key=&quot;MCHECKSTYLE-163&quot;&gt;&lt;del&gt;MCHECKSTYLE-163&lt;/del&gt;&lt;/a&gt;\src\test\java\sample\Example.java:9:62: warning: Unable to get class information for InitializationError.&lt;br/&gt;
C:\Working\&lt;a href=&quot;https://issues.apache.org/jira/browse/MCHECKSTYLE-163&quot; title=&quot;Test classpath resolution fails in mvn check:check when includeTestSourceDirectory = true&quot; class=&quot;issue-link&quot; data-issue-key=&quot;MCHECKSTYLE-163&quot;&gt;&lt;del&gt;MCHECKSTYLE-163&lt;/del&gt;&lt;/a&gt;\src\test\java\sample\Example.java:11:60: warning: Redundant throws: &apos;IllegalArgumentException&apos; is subclass of &apos;Exception&apos;.&lt;br/&gt;
C:\Working\&lt;a href=&quot;https://issues.apache.org/jira/browse/MCHECKSTYLE-163&quot; title=&quot;Test classpath resolution fails in mvn check:check when includeTestSourceDirectory = true&quot; class=&quot;issue-link&quot; data-issue-key=&quot;MCHECKSTYLE-163&quot;&gt;&lt;del&gt;MCHECKSTYLE-163&lt;/del&gt;&lt;/a&gt;\src\test\java\sample\Example.java:11:60: warning: Redundant throws: &apos;IllegalArgumentException&apos; is unchecked exception.&lt;br/&gt;
C:\Working\&lt;a href=&quot;https://issues.apache.org/jira/browse/MCHECKSTYLE-163&quot; title=&quot;Test classpath resolution fails in mvn check:check when includeTestSourceDirectory = true&quot; class=&quot;issue-link&quot; data-issue-key=&quot;MCHECKSTYLE-163&quot;&gt;&lt;del&gt;MCHECKSTYLE-163&lt;/del&gt;&lt;/a&gt;\src\test\java\sample\Example.java:13:74: warning: Redundant throws: &apos;IllegalArgumentException&apos; is unchecked exception.&lt;br/&gt;
Audit done.&lt;/p&gt;

&lt;p&gt;&lt;span class=&quot;error&quot;&gt;&amp;#91;ERROR&amp;#93;&lt;/span&gt; Example.java&lt;span class=&quot;error&quot;&gt;&amp;#91;7:59&amp;#93;&lt;/span&gt; Unable to get class information for InitializationError.&lt;br/&gt;
&lt;span class=&quot;error&quot;&gt;&amp;#91;ERROR&amp;#93;&lt;/span&gt; Example.java&lt;span class=&quot;error&quot;&gt;&amp;#91;9:62&amp;#93;&lt;/span&gt; Unable to get class information for InitializationError.&lt;br/&gt;
&lt;span class=&quot;error&quot;&gt;&amp;#91;ERROR&amp;#93;&lt;/span&gt; Example.java&lt;span class=&quot;error&quot;&gt;&amp;#91;11:60&amp;#93;&lt;/span&gt; Redundant throws: &apos;IllegalArgumentException&apos; is subclass of &apos;Exception&apos;.&lt;br/&gt;
&lt;span class=&quot;error&quot;&gt;&amp;#91;ERROR&amp;#93;&lt;/span&gt; Example.java&lt;span class=&quot;error&quot;&gt;&amp;#91;11:60&amp;#93;&lt;/span&gt; Redundant throws: &apos;IllegalArgumentException&apos; is unchecked exception.&lt;br/&gt;
&lt;span class=&quot;error&quot;&gt;&amp;#91;ERROR&amp;#93;&lt;/span&gt; Example.java&lt;span class=&quot;error&quot;&gt;&amp;#91;13:74&amp;#93;&lt;/span&gt; Redundant throws: &apos;IllegalArgumentException&apos; is unchecked exception.&lt;br/&gt;
&lt;span class=&quot;error&quot;&gt;&amp;#91;INFO&amp;#93;&lt;/span&gt; ------------------------------------------------------------------------&lt;br/&gt;
&lt;span class=&quot;error&quot;&gt;&amp;#91;INFO&amp;#93;&lt;/span&gt; BUILD FAILURE&lt;br/&gt;
&lt;span class=&quot;error&quot;&gt;&amp;#91;INFO&amp;#93;&lt;/span&gt; ------------------------------------------------------------------------&lt;br/&gt;
&lt;span class=&quot;error&quot;&gt;&amp;#91;INFO&amp;#93;&lt;/span&gt; Total time: 2.406s&lt;br/&gt;
&lt;span class=&quot;error&quot;&gt;&amp;#91;INFO&amp;#93;&lt;/span&gt; Finished at: Wed Aug 03 13:57:37 SGT 2011&lt;br/&gt;
&lt;span class=&quot;error&quot;&gt;&amp;#91;INFO&amp;#93;&lt;/span&gt; Final Memory: 4M/15M&lt;br/&gt;
&lt;span class=&quot;error&quot;&gt;&amp;#91;INFO&amp;#93;&lt;/span&gt; ------------------------------------------------------------------------&lt;br/&gt;
&lt;span class=&quot;error&quot;&gt;&amp;#91;ERROR&amp;#93;&lt;/span&gt; Failed to execute goal org.apache.maven.plugins:maven-checkstyle-plugin:2.7-SNAPSHOT:check (checkstyle-verify) on project sample: You have 5 Checkstyle violations. -&amp;gt; &lt;span class=&quot;error&quot;&gt;&amp;#91;Help 1&amp;#93;&lt;/span&gt;&lt;br/&gt;
&lt;span class=&quot;error&quot;&gt;&amp;#91;ERROR&amp;#93;&lt;/span&gt;&lt;br/&gt;
&lt;span class=&quot;error&quot;&gt;&amp;#91;ERROR&amp;#93;&lt;/span&gt; To see the full stack trace of the errors, re-run Maven with the -e switch.&lt;br/&gt;
&lt;span class=&quot;error&quot;&gt;&amp;#91;ERROR&amp;#93;&lt;/span&gt; Re-run Maven using the -X switch to enable full debug logging.&lt;br/&gt;
&lt;span class=&quot;error&quot;&gt;&amp;#91;ERROR&amp;#93;&lt;/span&gt;&lt;br/&gt;
&lt;span class=&quot;error&quot;&gt;&amp;#91;ERROR&amp;#93;&lt;/span&gt; For more information about the errors and possible solutions, please read the following articles:&lt;br/&gt;
&lt;span class=&quot;error&quot;&gt;&amp;#91;ERROR&amp;#93;&lt;/span&gt; &lt;span class=&quot;error&quot;&gt;&amp;#91;Help 1&amp;#93;&lt;/span&gt; &lt;a href=&quot;http://cwiki.apache.org/confluence/display/MAVEN/MojoFailureException&quot; class=&quot;external-link&quot; target=&quot;_blank&quot; rel=&quot;nofollow noopener&quot;&gt;http://cwiki.apache.org/confluence/display/MAVEN/MojoFailureException&lt;/a&gt;&lt;/p&gt;</comment>
                            <comment id="14427636" author="cmwhelan" created="Wed, 3 Aug 2011 01:06:25 +0000"  >&lt;p&gt;Example log with patch applied.  Note that build now fails for the correct reason and all four Redundant throws errors are shown in the console.&lt;/p&gt;

&lt;p&gt;C:\Working\&lt;a href=&quot;https://issues.apache.org/jira/browse/MCHECKSTYLE-163&quot; title=&quot;Test classpath resolution fails in mvn check:check when includeTestSourceDirectory = true&quot; class=&quot;issue-link&quot; data-issue-key=&quot;MCHECKSTYLE-163&quot;&gt;&lt;del&gt;MCHECKSTYLE-163&lt;/del&gt;&lt;/a&gt;&amp;gt;mvn clean verify&lt;br/&gt;
&lt;span class=&quot;error&quot;&gt;&amp;#91;INFO&amp;#93;&lt;/span&gt; Scanning for projects...&lt;br/&gt;
&lt;span class=&quot;error&quot;&gt;&amp;#91;WARNING&amp;#93;&lt;/span&gt;&lt;br/&gt;
&lt;span class=&quot;error&quot;&gt;&amp;#91;WARNING&amp;#93;&lt;/span&gt; Some problems were encountered while building the effective model for sample:sample:pom:1.0-SNAPSHOT&lt;br/&gt;
&lt;span class=&quot;error&quot;&gt;&amp;#91;WARNING&amp;#93;&lt;/span&gt; &apos;build.plugins.plugin.version&apos; for org.apache.maven.plugins:maven-compiler-plugin is missing. @ line 47, column 12&lt;br/&gt;
&lt;span class=&quot;error&quot;&gt;&amp;#91;WARNING&amp;#93;&lt;/span&gt;&lt;br/&gt;
&lt;span class=&quot;error&quot;&gt;&amp;#91;WARNING&amp;#93;&lt;/span&gt; It is highly recommended to fix these problems because they threaten the stability of your build.&lt;br/&gt;
&lt;span class=&quot;error&quot;&gt;&amp;#91;WARNING&amp;#93;&lt;/span&gt;&lt;br/&gt;
&lt;span class=&quot;error&quot;&gt;&amp;#91;WARNING&amp;#93;&lt;/span&gt; For this reason, future Maven versions might no longer support building such malformed projects.&lt;br/&gt;
&lt;span class=&quot;error&quot;&gt;&amp;#91;WARNING&amp;#93;&lt;/span&gt;&lt;br/&gt;
&lt;span class=&quot;error&quot;&gt;&amp;#91;INFO&amp;#93;&lt;/span&gt;&lt;br/&gt;
&lt;span class=&quot;error&quot;&gt;&amp;#91;INFO&amp;#93;&lt;/span&gt; ------------------------------------------------------------------------&lt;br/&gt;
&lt;span class=&quot;error&quot;&gt;&amp;#91;INFO&amp;#93;&lt;/span&gt; Building Example project 1.0-SNAPSHOT&lt;br/&gt;
&lt;span class=&quot;error&quot;&gt;&amp;#91;INFO&amp;#93;&lt;/span&gt; ------------------------------------------------------------------------&lt;br/&gt;
&lt;span class=&quot;error&quot;&gt;&amp;#91;INFO&amp;#93;&lt;/span&gt;&lt;br/&gt;
&lt;span class=&quot;error&quot;&gt;&amp;#91;INFO&amp;#93;&lt;/span&gt; &amp;#8212; maven-clean-plugin:2.4.1:clean (default-clean) @ sample &amp;#8212;&lt;br/&gt;
&lt;span class=&quot;error&quot;&gt;&amp;#91;INFO&amp;#93;&lt;/span&gt; Deleting C:\Working\&lt;a href=&quot;https://issues.apache.org/jira/browse/MCHECKSTYLE-163&quot; title=&quot;Test classpath resolution fails in mvn check:check when includeTestSourceDirectory = true&quot; class=&quot;issue-link&quot; data-issue-key=&quot;MCHECKSTYLE-163&quot;&gt;&lt;del&gt;MCHECKSTYLE-163&lt;/del&gt;&lt;/a&gt;\target&lt;br/&gt;
&lt;span class=&quot;error&quot;&gt;&amp;#91;INFO&amp;#93;&lt;/span&gt;&lt;br/&gt;
&lt;span class=&quot;error&quot;&gt;&amp;#91;INFO&amp;#93;&lt;/span&gt; &amp;#8212; maven-checkstyle-plugin:2.7-SNAPSHOT:check (checkstyle-verify) @ sample &amp;#8212;&lt;br/&gt;
&lt;span class=&quot;error&quot;&gt;&amp;#91;WARNING&amp;#93;&lt;/span&gt; File encoding has not been set, using platform encoding Cp1252, i.e. build is platform dependent!&lt;br/&gt;
&lt;span class=&quot;error&quot;&gt;&amp;#91;INFO&amp;#93;&lt;/span&gt; Starting audit...&lt;br/&gt;
C:\Working\&lt;a href=&quot;https://issues.apache.org/jira/browse/MCHECKSTYLE-163&quot; title=&quot;Test classpath resolution fails in mvn check:check when includeTestSourceDirectory = true&quot; class=&quot;issue-link&quot; data-issue-key=&quot;MCHECKSTYLE-163&quot;&gt;&lt;del&gt;MCHECKSTYLE-163&lt;/del&gt;&lt;/a&gt;\src\test\java\sample\Example.java:7:59: warning: Redundant throws: &apos;InitializationError&apos; is subclass of &apos;Exception&apos;.&lt;br/&gt;
C:\Working\&lt;a href=&quot;https://issues.apache.org/jira/browse/MCHECKSTYLE-163&quot; title=&quot;Test classpath resolution fails in mvn check:check when includeTestSourceDirectory = true&quot; class=&quot;issue-link&quot; data-issue-key=&quot;MCHECKSTYLE-163&quot;&gt;&lt;del&gt;MCHECKSTYLE-163&lt;/del&gt;&lt;/a&gt;\src\test\java\sample\Example.java:11:60: warning: Redundant throws: &apos;IllegalArgumentException&apos; is subclass of &apos;Exception&apos;.&lt;br/&gt;
C:\Working\&lt;a href=&quot;https://issues.apache.org/jira/browse/MCHECKSTYLE-163&quot; title=&quot;Test classpath resolution fails in mvn check:check when includeTestSourceDirectory = true&quot; class=&quot;issue-link&quot; data-issue-key=&quot;MCHECKSTYLE-163&quot;&gt;&lt;del&gt;MCHECKSTYLE-163&lt;/del&gt;&lt;/a&gt;\src\test\java\sample\Example.java:11:60: warning: Redundant throws: &apos;IllegalArgumentException&apos; is unchecked exception.&lt;br/&gt;
C:\Working\&lt;a href=&quot;https://issues.apache.org/jira/browse/MCHECKSTYLE-163&quot; title=&quot;Test classpath resolution fails in mvn check:check when includeTestSourceDirectory = true&quot; class=&quot;issue-link&quot; data-issue-key=&quot;MCHECKSTYLE-163&quot;&gt;&lt;del&gt;MCHECKSTYLE-163&lt;/del&gt;&lt;/a&gt;\src\test\java\sample\Example.java:13:74: warning: Redundant throws: &apos;IllegalArgumentException&apos; is unchecked exception.&lt;br/&gt;
Audit done.&lt;/p&gt;

&lt;p&gt;&lt;span class=&quot;error&quot;&gt;&amp;#91;ERROR&amp;#93;&lt;/span&gt; Example.java&lt;span class=&quot;error&quot;&gt;&amp;#91;7:59&amp;#93;&lt;/span&gt; Redundant throws: &apos;InitializationError&apos; is subclass of &apos;Exception&apos;.&lt;br/&gt;
&lt;span class=&quot;error&quot;&gt;&amp;#91;ERROR&amp;#93;&lt;/span&gt; Example.java&lt;span class=&quot;error&quot;&gt;&amp;#91;11:60&amp;#93;&lt;/span&gt; Redundant throws: &apos;IllegalArgumentException&apos; is subclass of &apos;Exception&apos;.&lt;br/&gt;
&lt;span class=&quot;error&quot;&gt;&amp;#91;ERROR&amp;#93;&lt;/span&gt; Example.java&lt;span class=&quot;error&quot;&gt;&amp;#91;11:60&amp;#93;&lt;/span&gt; Redundant throws: &apos;IllegalArgumentException&apos; is unchecked exception.&lt;br/&gt;
&lt;span class=&quot;error&quot;&gt;&amp;#91;ERROR&amp;#93;&lt;/span&gt; Example.java&lt;span class=&quot;error&quot;&gt;&amp;#91;13:74&amp;#93;&lt;/span&gt; Redundant throws: &apos;IllegalArgumentException&apos; is unchecked exception.&lt;br/&gt;
&lt;span class=&quot;error&quot;&gt;&amp;#91;INFO&amp;#93;&lt;/span&gt; ------------------------------------------------------------------------&lt;br/&gt;
&lt;span class=&quot;error&quot;&gt;&amp;#91;INFO&amp;#93;&lt;/span&gt; BUILD FAILURE&lt;br/&gt;
&lt;span class=&quot;error&quot;&gt;&amp;#91;INFO&amp;#93;&lt;/span&gt; ------------------------------------------------------------------------&lt;br/&gt;
&lt;span class=&quot;error&quot;&gt;&amp;#91;INFO&amp;#93;&lt;/span&gt; Total time: 2.500s&lt;br/&gt;
&lt;span class=&quot;error&quot;&gt;&amp;#91;INFO&amp;#93;&lt;/span&gt; Finished at: Wed Aug 03 13:58:55 SGT 2011&lt;br/&gt;
&lt;span class=&quot;error&quot;&gt;&amp;#91;INFO&amp;#93;&lt;/span&gt; Final Memory: 4M/15M&lt;br/&gt;
&lt;span class=&quot;error&quot;&gt;&amp;#91;INFO&amp;#93;&lt;/span&gt; ------------------------------------------------------------------------&lt;br/&gt;
&lt;span class=&quot;error&quot;&gt;&amp;#91;ERROR&amp;#93;&lt;/span&gt; Failed to execute goal org.apache.maven.plugins:maven-checkstyle-plugin:2.7-SNAPSHOT:check (checkstyle-verify) on project sample: You have 4 Checkstyle violations. -&amp;gt; &lt;span class=&quot;error&quot;&gt;&amp;#91;Help 1&amp;#93;&lt;/span&gt;&lt;br/&gt;
&lt;span class=&quot;error&quot;&gt;&amp;#91;ERROR&amp;#93;&lt;/span&gt;&lt;br/&gt;
&lt;span class=&quot;error&quot;&gt;&amp;#91;ERROR&amp;#93;&lt;/span&gt; To see the full stack trace of the errors, re-run Maven with the -e switch.&lt;br/&gt;
&lt;span class=&quot;error&quot;&gt;&amp;#91;ERROR&amp;#93;&lt;/span&gt; Re-run Maven using the -X switch to enable full debug logging.&lt;br/&gt;
&lt;span class=&quot;error&quot;&gt;&amp;#91;ERROR&amp;#93;&lt;/span&gt;&lt;br/&gt;
&lt;span class=&quot;error&quot;&gt;&amp;#91;ERROR&amp;#93;&lt;/span&gt; For more information about the errors and possible solutions, please read the following articles:&lt;br/&gt;
&lt;span class=&quot;error&quot;&gt;&amp;#91;ERROR&amp;#93;&lt;/span&gt; &lt;span class=&quot;error&quot;&gt;&amp;#91;Help 1&amp;#93;&lt;/span&gt; &lt;a href=&quot;http://cwiki.apache.org/confluence/display/MAVEN/MojoFailureException&quot; class=&quot;external-link&quot; target=&quot;_blank&quot; rel=&quot;nofollow noopener&quot;&gt;http://cwiki.apache.org/confluence/display/MAVEN/MojoFailureException&lt;/a&gt;&lt;/p&gt;</comment>
                            <comment id="14427690" author="olamy" created="Wed, 3 Aug 2011 03:30:38 +0000"  >&lt;p&gt;fixed in &lt;a href=&quot;http://svn.apache.org/viewvc?view=revision&amp;amp;sortby=log&amp;amp;revision=1153384&quot; class=&quot;external-link&quot; target=&quot;_blank&quot; rel=&quot;nofollow noopener&quot;&gt;rev 1153384&lt;/a&gt;&lt;br/&gt;
Thanks !&lt;/p&gt;</comment>
                            <comment id="14427717" author="geraldgloede" created="Thu, 2 Aug 2012 06:18:03 +0000"  >&lt;p&gt;This issue doesn&apos;t seem to be completely fixed.&lt;br/&gt;
While the checkstyle:check goal is working as intended, the checkstyle:checkstyle goal still reports that checkstyle is unable to get class informations for exceptions which has been imported from a test-scope dependency.&lt;br/&gt;
You can reproduce this behavior using the earlier provided example project.&lt;br/&gt;
I tried maven-checkstyle-plugin version 2.7 and 2.9.1 and maven version 2.2.1 and 3.0.4&lt;/p&gt;</comment>
                            <comment id="14427964" author="hboutemy" created="Sat, 17 Jan 2015 12:19:16 +0000"  >&lt;p&gt;RedundantThrows rule seems buggy and is removed in recent Checkstyle versions&lt;/p&gt;</comment>
                            <comment id="16835102" author="hudson" created="Tue, 7 May 2019 20:52:12 +0000"  >&lt;p&gt;Build succeeded in Jenkins: Maven TLP &#187; maven-checkstyle-plugin &#187; master #8&lt;/p&gt;

&lt;p&gt;See &lt;a href=&quot;https://builds.apache.org/job/maven-box/job/maven-checkstyle-plugin/job/master/8/&quot; class=&quot;external-link&quot; target=&quot;_blank&quot; rel=&quot;nofollow noopener&quot;&gt;https://builds.apache.org/job/maven-box/job/maven-checkstyle-plugin/job/master/8/&lt;/a&gt;&lt;/p&gt;</comment>
                            <comment id="17270775" author="hudson" created="Sat, 23 Jan 2021 22:28:58 +0000"  >&lt;p&gt;Build succeeded in Jenkins: Maven &#187; Maven TLP &#187; maven-checkstyle-plugin &#187; master #27&lt;/p&gt;

&lt;p&gt;See &lt;a href=&quot;https://ci-builds.apache.org/job/Maven/job/maven-box/job/maven-checkstyle-plugin/job/master/27/&quot; class=&quot;external-link&quot; target=&quot;_blank&quot; rel=&quot;nofollow noopener&quot;&gt;https://ci-builds.apache.org/job/Maven/job/maven-box/job/maven-checkstyle-plugin/job/master/27/&lt;/a&gt;&lt;/p&gt;</comment>
                            <comment id="17270897" author="hudson" created="Sun, 24 Jan 2021 14:19:44 +0000"  >&lt;p&gt;Build failed in Jenkins: Maven &#187; Maven TLP &#187; maven-checkstyle-plugin &#187; 31 #2&lt;/p&gt;

&lt;p&gt;See &lt;a href=&quot;https://ci-builds.apache.org/job/Maven/job/maven-box/job/maven-checkstyle-plugin/job/31/2/&quot; class=&quot;external-link&quot; target=&quot;_blank&quot; rel=&quot;nofollow noopener&quot;&gt;https://ci-builds.apache.org/job/Maven/job/maven-box/job/maven-checkstyle-plugin/job/31/2/&lt;/a&gt;&lt;/p&gt;</comment>
                            <comment id="17971616" author="githubbot" created="Fri, 13 Jun 2025 09:56:35 +0000"  >&lt;p&gt;jira-importer commented on issue #485:&lt;br/&gt;
URL: &lt;a href=&quot;https://github.com/apache/maven-checkstyle-plugin/issues/485#issuecomment-2969786473&quot; class=&quot;external-link&quot; target=&quot;_blank&quot; rel=&quot;nofollow noopener&quot;&gt;https://github.com/apache/maven-checkstyle-plugin/issues/485#issuecomment-2969786473&lt;/a&gt;&lt;/p&gt;

&lt;p&gt;   **&lt;span class=&quot;error&quot;&gt;&amp;#91;Olivier Lamy&amp;#93;&lt;/span&gt;(&lt;a href=&quot;https://issues.apache.org/jira/secure/ViewProfile.jspa?name=olamy)**&quot; class=&quot;external-link&quot; rel=&quot;nofollow&quot;&gt;https://issues.apache.org/jira/secure/ViewProfile.jspa?name=olamy)**&lt;/a&gt; commented&lt;/p&gt;

&lt;p&gt;   could you please provide a sample project in a zip file ?&lt;/p&gt;


</comment>
                            <comment id="17971617" author="githubbot" created="Fri, 13 Jun 2025 09:56:36 +0000"  >&lt;p&gt;jira-importer opened a new issue, #485:&lt;br/&gt;
URL: &lt;a href=&quot;https://github.com/apache/maven-checkstyle-plugin/issues/485&quot; class=&quot;external-link&quot; target=&quot;_blank&quot; rel=&quot;nofollow noopener&quot;&gt;https://github.com/apache/maven-checkstyle-plugin/issues/485&lt;/a&gt;&lt;/p&gt;

&lt;p&gt;   **&lt;span class=&quot;error&quot;&gt;&amp;#91;Chris Whelan&amp;#93;&lt;/span&gt;(&lt;a href=&quot;https://issues.apache.org/jira/secure/ViewProfile.jspa?name=cmwhelan)**&quot; class=&quot;external-link&quot; rel=&quot;nofollow&quot;&gt;https://issues.apache.org/jira/secure/ViewProfile.jspa?name=cmwhelan)**&lt;/a&gt; opened **&lt;a href=&quot;https://issues.apache.org/jira/browse/MCHECKSTYLE-163&quot; title=&quot;Test classpath resolution fails in mvn check:check when includeTestSourceDirectory = true&quot; class=&quot;issue-link&quot; data-issue-key=&quot;MCHECKSTYLE-163&quot;&gt;&lt;del&gt;MCHECKSTYLE-163&lt;/del&gt;&lt;/a&gt;(&lt;a href=&quot;https://issues.apache.org/jira/browse/MCHECKSTYLE-163?redirect=false)**&quot; class=&quot;external-link&quot; rel=&quot;nofollow&quot;&gt;https://issues.apache.org/jira/browse/MCHECKSTYLE-163?redirect=false)**&lt;/a&gt; and commented&lt;/p&gt;

&lt;p&gt;   When includeTestSourceDirectory=true is set for maven-checkstyle-plugin, the full test classpath should be made available to checkstyle.  Patch included to resolve issue by setting `@requiresDependencyResolution` to test.&lt;/p&gt;

&lt;p&gt;   In DefaultCheckstyleExecutor.java the checker.setClassLoader() is configured using the classpath string from request.getProject().getTestClasspathElements() (see DefaultCheckstyleExecutor line 114).&lt;/p&gt;

&lt;p&gt;   However, the CheckstyleViolationCheckMojo only has `@requiresDependencyResolution` compile which means that pom dependencies which have been declared as \&amp;lt;scope&amp;gt;test\&amp;lt;/scope&amp;gt; are not returned by project.getTestClasspathElements().&lt;/p&gt;

&lt;p&gt;   This is a particular issue for the checkstyle RedundantThrows check (&lt;a href=&quot;http://checkstyle.sourceforge.net/config_coding.html#RedundantThrows&quot; class=&quot;external-link&quot; target=&quot;_blank&quot; rel=&quot;nofollow noopener&quot;&gt;http://checkstyle.sourceforge.net/config_coding.html#RedundantThrows&lt;/a&gt;) as it requires all Exceptions to be available on it&apos;s classpath.&lt;/p&gt;

&lt;p&gt;   If code throws an Exception which has been imported from a maven \&amp;lt;scope&amp;gt;test\&amp;lt;/scope&amp;gt; dependency, the exception will not be available on the classpath and this checkstyle check will fail.&lt;/p&gt;

&lt;p&gt;   Example:&lt;/p&gt;

&lt;p&gt;   Include junit as a test scope dependency in the project POM:&lt;/p&gt;

&lt;p&gt;   ```xml&lt;br/&gt;
   &amp;lt;dependency&amp;gt;&lt;br/&gt;
     &amp;lt;groupId&amp;gt;junit&amp;lt;/groupId&amp;gt;&lt;br/&gt;
     &amp;lt;artifactId&amp;gt;junit&amp;lt;/artifactId&amp;gt;&lt;br/&gt;
     &amp;lt;version&amp;gt;${junit.version}&amp;lt;/version&amp;gt;&lt;br/&gt;
     &amp;lt;scope&amp;gt;test&amp;lt;/scope&amp;gt;&lt;br/&gt;
   &amp;lt;/dependency&amp;gt;&lt;br/&gt;
   ```&lt;/p&gt;

&lt;p&gt;   Throw any junit exception within project test code, e.g.:&lt;/p&gt;

&lt;p&gt;   ```java&lt;br/&gt;
   public class MyCustomTestRunner extends BlockJUnit4ClassRunner {&lt;br/&gt;
   	public MyCustomTestRunner(final Class&amp;lt;?&amp;gt; klass) throws InitializationError {&lt;br/&gt;
   ```&lt;/p&gt;

&lt;p&gt;   If RedundantThrows check is enabled, the following error will be thrown:&lt;/p&gt;

&lt;p&gt;   ```&lt;br/&gt;
   &lt;span class=&quot;error&quot;&gt;&amp;#91;INFO&amp;#93;&lt;/span&gt; -&lt;/p&gt;</comment>
                            <comment id="17971618" author="githubbot" created="Fri, 13 Jun 2025 09:56:37 +0000"  >&lt;p&gt;jira-importer commented on issue #485:&lt;br/&gt;
URL: &lt;a href=&quot;https://github.com/apache/maven-checkstyle-plugin/issues/485#issuecomment-2969786485&quot; class=&quot;external-link&quot; target=&quot;_blank&quot; rel=&quot;nofollow noopener&quot;&gt;https://github.com/apache/maven-checkstyle-plugin/issues/485#issuecomment-2969786485&lt;/a&gt;&lt;/p&gt;

&lt;p&gt;   **&lt;span class=&quot;error&quot;&gt;&amp;#91;Chris Whelan&amp;#93;&lt;/span&gt;(&lt;a href=&quot;https://issues.apache.org/jira/secure/ViewProfile.jspa?name=cmwhelan)**&quot; class=&quot;external-link&quot; rel=&quot;nofollow&quot;&gt;https://issues.apache.org/jira/secure/ViewProfile.jspa?name=cmwhelan)**&lt;/a&gt; commented&lt;/p&gt;

&lt;p&gt;   Example log running attached project without patch.  Note the &apos;unable to get class information&apos; errors:&lt;/p&gt;

&lt;p&gt;   C:\Working\&lt;a href=&quot;https://issues.apache.org/jira/browse/MCHECKSTYLE-163&quot; title=&quot;Test classpath resolution fails in mvn check:check when includeTestSourceDirectory = true&quot; class=&quot;issue-link&quot; data-issue-key=&quot;MCHECKSTYLE-163&quot;&gt;&lt;del&gt;MCHECKSTYLE-163&lt;/del&gt;&lt;/a&gt;&amp;gt;mvn clean verify&lt;br/&gt;
   &lt;span class=&quot;error&quot;&gt;&amp;#91;INFO&amp;#93;&lt;/span&gt; Scanning for projects...&lt;br/&gt;
   &lt;span class=&quot;error&quot;&gt;&amp;#91;WARNING&amp;#93;&lt;/span&gt;&lt;br/&gt;
   &lt;span class=&quot;error&quot;&gt;&amp;#91;WARNING&amp;#93;&lt;/span&gt; Some problems were encountered while building the effective model for sample:sample:pom:1.0-SNAPSHOT&lt;br/&gt;
   &lt;span class=&quot;error&quot;&gt;&amp;#91;WARNING&amp;#93;&lt;/span&gt; &apos;build.plugins.plugin.version&apos; for org.apache.maven.plugins:maven-compiler-plugin is missing. @ line 47, column 12&lt;br/&gt;
   &lt;span class=&quot;error&quot;&gt;&amp;#91;WARNING&amp;#93;&lt;/span&gt;&lt;br/&gt;
   &lt;span class=&quot;error&quot;&gt;&amp;#91;WARNING&amp;#93;&lt;/span&gt; It is highly recommended to fix these problems because they threaten the stability of your build.&lt;br/&gt;
   &lt;span class=&quot;error&quot;&gt;&amp;#91;WARNING&amp;#93;&lt;/span&gt;&lt;br/&gt;
   &lt;span class=&quot;error&quot;&gt;&amp;#91;WARNING&amp;#93;&lt;/span&gt; For this reason, future Maven versions might no longer support building such malformed projects.&lt;br/&gt;
   &lt;span class=&quot;error&quot;&gt;&amp;#91;WARNING&amp;#93;&lt;/span&gt;&lt;br/&gt;
   &lt;span class=&quot;error&quot;&gt;&amp;#91;INFO&amp;#93;&lt;/span&gt;&lt;br/&gt;
   &lt;span class=&quot;error&quot;&gt;&amp;#91;INFO&amp;#93;&lt;/span&gt; ------------------------------------------------------------------------&lt;br/&gt;
   &lt;span class=&quot;error&quot;&gt;&amp;#91;INFO&amp;#93;&lt;/span&gt; Building Example project 1.0-SNAPSHOT&lt;br/&gt;
   &lt;span class=&quot;error&quot;&gt;&amp;#91;INFO&amp;#93;&lt;/span&gt; ------------------------------------------------------------------------&lt;br/&gt;
   &lt;span class=&quot;error&quot;&gt;&amp;#91;INFO&amp;#93;&lt;/span&gt;&lt;br/&gt;
   &lt;span class=&quot;error&quot;&gt;&amp;#91;INFO&amp;#93;&lt;/span&gt; -&lt;/p&gt;</comment>
                            <comment id="17971619" author="githubbot" created="Fri, 13 Jun 2025 09:56:37 +0000"  >&lt;p&gt;jira-importer commented on issue #485:&lt;br/&gt;
URL: &lt;a href=&quot;https://github.com/apache/maven-checkstyle-plugin/issues/485#issuecomment-2969786493&quot; class=&quot;external-link&quot; target=&quot;_blank&quot; rel=&quot;nofollow noopener&quot;&gt;https://github.com/apache/maven-checkstyle-plugin/issues/485#issuecomment-2969786493&lt;/a&gt;&lt;/p&gt;

&lt;p&gt;   **&lt;span class=&quot;error&quot;&gt;&amp;#91;Gerald Gloede&amp;#93;&lt;/span&gt;(&lt;a href=&quot;https://issues.apache.org/jira/secure/ViewProfile.jspa?name=geraldgloede)**&quot; class=&quot;external-link&quot; rel=&quot;nofollow&quot;&gt;https://issues.apache.org/jira/secure/ViewProfile.jspa?name=geraldgloede)**&lt;/a&gt; commented&lt;/p&gt;

&lt;p&gt;   This issue doesn&apos;t seem to be completely fixed.&lt;br/&gt;
   While the checkstyle:check goal is working as intended, the checkstyle:checkstyle goal still reports that checkstyle is unable to get class informations for exceptions which has been imported from a test-scope dependency.&lt;br/&gt;
   You can reproduce this behavior using the earlier provided example project.&lt;br/&gt;
   I tried maven-checkstyle-plugin version 2.7 and 2.9.1 and maven version 2.2.1 and 3.0.4&lt;/p&gt;


</comment>
                            <comment id="17971620" author="githubbot" created="Fri, 13 Jun 2025 09:56:38 +0000"  >&lt;p&gt;jira-importer commented on issue #485:&lt;br/&gt;
URL: &lt;a href=&quot;https://github.com/apache/maven-checkstyle-plugin/issues/485#issuecomment-2969786502&quot; class=&quot;external-link&quot; target=&quot;_blank&quot; rel=&quot;nofollow noopener&quot;&gt;https://github.com/apache/maven-checkstyle-plugin/issues/485#issuecomment-2969786502&lt;/a&gt;&lt;/p&gt;

&lt;p&gt;   **&lt;span class=&quot;error&quot;&gt;&amp;#91;Herv&#233; Boutemy&amp;#93;&lt;/span&gt;(&lt;a href=&quot;https://issues.apache.org/jira/secure/ViewProfile.jspa?name=hboutemy)**&quot; class=&quot;external-link&quot; rel=&quot;nofollow&quot;&gt;https://issues.apache.org/jira/secure/ViewProfile.jspa?name=hboutemy)**&lt;/a&gt; commented&lt;/p&gt;

&lt;p&gt;   RedundantThrows rule seems buggy and is removed in recent Checkstyle versions&lt;/p&gt;


</comment>
                            <comment id="17971621" author="githubbot" created="Fri, 13 Jun 2025 09:56:39 +0000"  >&lt;p&gt;jira-importer commented on issue #485:&lt;br/&gt;
URL: &lt;a href=&quot;https://github.com/apache/maven-checkstyle-plugin/issues/485#issuecomment-2969786481&quot; class=&quot;external-link&quot; target=&quot;_blank&quot; rel=&quot;nofollow noopener&quot;&gt;https://github.com/apache/maven-checkstyle-plugin/issues/485#issuecomment-2969786481&lt;/a&gt;&lt;/p&gt;

&lt;p&gt;   **&lt;span class=&quot;error&quot;&gt;&amp;#91;Chris Whelan&amp;#93;&lt;/span&gt;(&lt;a href=&quot;https://issues.apache.org/jira/secure/ViewProfile.jspa?name=cmwhelan)**&quot; class=&quot;external-link&quot; rel=&quot;nofollow&quot;&gt;https://issues.apache.org/jira/secure/ViewProfile.jspa?name=cmwhelan)**&lt;/a&gt; commented&lt;/p&gt;

&lt;p&gt;   Attaching an example project&lt;/p&gt;


</comment>
                            <comment id="17971622" author="githubbot" created="Fri, 13 Jun 2025 09:56:40 +0000"  >&lt;p&gt;jira-importer commented on issue #485:&lt;br/&gt;
URL: &lt;a href=&quot;https://github.com/apache/maven-checkstyle-plugin/issues/485#issuecomment-2969786487&quot; class=&quot;external-link&quot; target=&quot;_blank&quot; rel=&quot;nofollow noopener&quot;&gt;https://github.com/apache/maven-checkstyle-plugin/issues/485#issuecomment-2969786487&lt;/a&gt;&lt;/p&gt;

&lt;p&gt;   **&lt;span class=&quot;error&quot;&gt;&amp;#91;Chris Whelan&amp;#93;&lt;/span&gt;(&lt;a href=&quot;https://issues.apache.org/jira/secure/ViewProfile.jspa?name=cmwhelan)**&quot; class=&quot;external-link&quot; rel=&quot;nofollow&quot;&gt;https://issues.apache.org/jira/secure/ViewProfile.jspa?name=cmwhelan)**&lt;/a&gt; commented&lt;/p&gt;

&lt;p&gt;   Example log with patch applied.  Note that build now fails for the correct reason and all four Redundant throws errors are shown in the console.&lt;/p&gt;

&lt;p&gt;   C:\Working\&lt;a href=&quot;https://issues.apache.org/jira/browse/MCHECKSTYLE-163&quot; title=&quot;Test classpath resolution fails in mvn check:check when includeTestSourceDirectory = true&quot; class=&quot;issue-link&quot; data-issue-key=&quot;MCHECKSTYLE-163&quot;&gt;&lt;del&gt;MCHECKSTYLE-163&lt;/del&gt;&lt;/a&gt;&amp;gt;mvn clean verify&lt;br/&gt;
   &lt;span class=&quot;error&quot;&gt;&amp;#91;INFO&amp;#93;&lt;/span&gt; Scanning for projects...&lt;br/&gt;
   &lt;span class=&quot;error&quot;&gt;&amp;#91;WARNING&amp;#93;&lt;/span&gt;&lt;br/&gt;
   &lt;span class=&quot;error&quot;&gt;&amp;#91;WARNING&amp;#93;&lt;/span&gt; Some problems were encountered while building the effective model for sample:sample:pom:1.0-SNAPSHOT&lt;br/&gt;
   &lt;span class=&quot;error&quot;&gt;&amp;#91;WARNING&amp;#93;&lt;/span&gt; &apos;build.plugins.plugin.version&apos; for org.apache.maven.plugins:maven-compiler-plugin is missing. @ line 47, column 12&lt;br/&gt;
   &lt;span class=&quot;error&quot;&gt;&amp;#91;WARNING&amp;#93;&lt;/span&gt;&lt;br/&gt;
   &lt;span class=&quot;error&quot;&gt;&amp;#91;WARNING&amp;#93;&lt;/span&gt; It is highly recommended to fix these problems because they threaten the stability of your build.&lt;br/&gt;
   &lt;span class=&quot;error&quot;&gt;&amp;#91;WARNING&amp;#93;&lt;/span&gt;&lt;br/&gt;
   &lt;span class=&quot;error&quot;&gt;&amp;#91;WARNING&amp;#93;&lt;/span&gt; For this reason, future Maven versions might no longer support building such malformed projects.&lt;br/&gt;
   &lt;span class=&quot;error&quot;&gt;&amp;#91;WARNING&amp;#93;&lt;/span&gt;&lt;br/&gt;
   &lt;span class=&quot;error&quot;&gt;&amp;#91;INFO&amp;#93;&lt;/span&gt;&lt;br/&gt;
   &lt;span class=&quot;error&quot;&gt;&amp;#91;INFO&amp;#93;&lt;/span&gt; ------------------------------------------------------------------------&lt;br/&gt;
   &lt;span class=&quot;error&quot;&gt;&amp;#91;INFO&amp;#93;&lt;/span&gt; Building Example project 1.0-SNAPSHOT&lt;br/&gt;
   &lt;span class=&quot;error&quot;&gt;&amp;#91;INFO&amp;#93;&lt;/span&gt; ------------------------------------------------------------------------&lt;br/&gt;
   &lt;span class=&quot;error&quot;&gt;&amp;#91;INFO&amp;#93;&lt;/span&gt;&lt;br/&gt;
   &lt;span class=&quot;error&quot;&gt;&amp;#91;INFO&amp;#93;&lt;/span&gt; -&lt;/p&gt;</comment>
                            <comment id="17971623" author="githubbot" created="Fri, 13 Jun 2025 09:56:41 +0000"  >&lt;p&gt;jira-importer commented on issue #485:&lt;br/&gt;
URL: &lt;a href=&quot;https://github.com/apache/maven-checkstyle-plugin/issues/485#issuecomment-2969786490&quot; class=&quot;external-link&quot; target=&quot;_blank&quot; rel=&quot;nofollow noopener&quot;&gt;https://github.com/apache/maven-checkstyle-plugin/issues/485#issuecomment-2969786490&lt;/a&gt;&lt;/p&gt;

&lt;p&gt;   **&lt;span class=&quot;error&quot;&gt;&amp;#91;Olivier Lamy&amp;#93;&lt;/span&gt;(&lt;a href=&quot;https://issues.apache.org/jira/secure/ViewProfile.jspa?name=olamy)**&quot; class=&quot;external-link&quot; rel=&quot;nofollow&quot;&gt;https://issues.apache.org/jira/secure/ViewProfile.jspa?name=olamy)**&lt;/a&gt; commented&lt;/p&gt;

&lt;p&gt;   fixed in &lt;span class=&quot;error&quot;&gt;&amp;#91;rev 1153384&amp;#93;&lt;/span&gt;(&lt;a href=&quot;http://svn.apache.org/viewvc?view=revision&amp;amp;sortby=log&amp;amp;revision=1153384&quot; class=&quot;external-link&quot; target=&quot;_blank&quot; rel=&quot;nofollow noopener&quot;&gt;http://svn.apache.org/viewvc?view=revision&amp;amp;sortby=log&amp;amp;revision=1153384&lt;/a&gt;)&lt;br/&gt;
   Thanks !&lt;/p&gt;


</comment>
                            <comment id="17972287" author="githubbot" created="Fri, 13 Jun 2025 10:06:34 +0000"  >&lt;p&gt;jira-importer commented on PR #10:&lt;br/&gt;
URL: &lt;a href=&quot;https://github.com/apache/maven-checkstyle-plugin/pull/10#issuecomment-2969817960&quot; class=&quot;external-link&quot; target=&quot;_blank&quot; rel=&quot;nofollow noopener&quot;&gt;https://github.com/apache/maven-checkstyle-plugin/pull/10#issuecomment-2969817960&lt;/a&gt;&lt;/p&gt;

&lt;p&gt;   Resolve #485&lt;/p&gt;

</comment>
                            <comment id="17972606" author="sparsick" created="Fri, 13 Jun 2025 10:20:24 +0000"  >&lt;p&gt;This project has moved from Jira to GitHub Issues. This issue was migrated to &lt;a href=&quot;https://github.com/apache/maven-checkstyle-plugin/issues/485&quot; class=&quot;external-link&quot; target=&quot;_blank&quot; rel=&quot;nofollow noopener&quot;&gt;apache/maven-checkstyle-plugin#485&lt;/a&gt;. &lt;/p&gt;</comment>
                    </comments>
                <issuelinks>
                            <issuelinktype id="12310260">
                    <name>Related</name>
                                            <outwardlinks description="relates to">
                                        <issuelink>
            <issuekey id="12800060">MCHECKSTYLE-276</issuekey>
        </issuelink>
                            </outwardlinks>
                                                        </issuelinktype>
                    </issuelinks>
                <attachments>
                            <attachment id="12714714" name="MCHECKSTYLE-163.zip" size="2766" author="cmwhelan" created="Wed, 3 Aug 2011 01:01:43 +0000"/>
                            <attachment id="12714677" name="resolveTestClasspath.patch" size="1574" author="cmwhelan" created="Mon, 1 Aug 2011 23:09:28 +0000"/>
                    </attachments>
                <subtasks>
                    </subtasks>
                <customfields>
                                                                            <customfield id="customfield_12310310" key="com.atlassian.jira.toolkit:attachments">
                        <customfieldname>Attachment count</customfieldname>
                        <customfieldvalues>
                            <customfieldvalue>2.0</customfieldvalue>
                        </customfieldvalues>
                    </customfield>
                                                                                                                                                                                                                                                                                                                                                                                                                                                                                                                                                                                                                                                                                                        <customfield id="customfield_12314020" key="com.atlassian.jira.plugins.jira-development-integration-plugin:devsummary">
                        <customfieldname>Development</customfieldname>
                        <customfieldvalues>
                            
                        </customfieldvalues>
                    </customfield>
                                                                                                                        <customfield id="customfield_12313422" key="com.atlassian.jirafisheyeplugin:jobcheckbox">
                        <customfieldname>Enable Automatic Patch Review</customfieldname>
                        <customfieldvalues>
                            <customfieldvalue><![CDATA[no_permission]]></customfieldvalue>

                        </customfieldvalues>
                    </customfield>
                                                                                                                                                                                                                                                                                                                                                        <customfield id="customfield_12310250" key="com.atlassian.jira.plugin.system.customfieldtypes:multicheckboxes">
                        <customfieldname>Flags</customfieldname>
                        <customfieldvalues>
                                <customfieldvalue key="10430"><![CDATA[Patch]]></customfieldvalue>
    
                        </customfieldvalues>
                    </customfield>
                                                                                                                                                                                                                                                                                                <customfield id="customfield_12310420" key="com.pyxis.greenhopper.jira:gh-global-rank">
                        <customfieldname>Global Rank</customfieldname>
                        <customfieldvalues>
                            <customfieldvalue>9223372036854775807</customfieldvalue>
                        </customfieldvalues>
                    </customfield>
                                                                                                                                                                                                                                        <customfield id="customfield_12312521" key="com.atlassian.jira.toolkit:LastCommentDate">
                        <customfieldname>Last public comment date</customfieldname>
                        <customfieldvalues>
                            21 weeks, 1 day ago
                        </customfieldvalues>
                    </customfield>
                                                                                                                                                                                                                                                                                                <customfield id="customfield_12311820" key="com.pyxis.greenhopper.jira:gh-lexo-rank">
                        <customfieldname>Rank</customfieldname>
                        <customfieldvalues>
                            <customfieldvalue>0|i29saf:</customfieldvalue>

                        </customfieldvalues>
                    </customfield>
                                                                <customfield id="customfield_12310920" key="com.pyxis.greenhopper.jira:gh-global-rank">
                        <customfieldname>Rank (Obsolete)</customfieldname>
                        <customfieldvalues>
                            <customfieldvalue>9223372036854775807</customfieldvalue>
                        </customfieldvalues>
                    </customfield>
                                                                                                                                                                                                                                                                                                                                                                                                                                                                                                                                                                                                                                                                                                                                                                                            </customfields>
    </item>
</channel>
</rss>