<!-- 
RSS generated by JIRA (8.20.10#820010-sha1:ace47f9899e9ee25d7157d59aa17ab06aee30d3d) at Sat Nov 08 18:36:05 UTC 2025

It is possible to restrict the fields that are returned in this document by specifying the 'field' parameter in your request.
For example, to request only the issue key and summary append 'field=key&field=summary' to the URL of your request.
-->
<rss version="0.92" >
<channel>
    <title>ASF JIRA</title>
    <link>https://issues.apache.org/jira</link>
    <description>This file is an XML representation of an issue</description>
    <language>en-uk</language>    <build-info>
        <version>8.20.10</version>
        <build-number>820010</build-number>
        <build-date>22-06-2022</build-date>
    </build-info>


<item>
            <title>[OAK-479] Adding a node to a node that doesn&apos;t accept children doesn&apos;t fail with ConstraintViolationException</title>
                <link>https://issues.apache.org/jira/browse/OAK-479</link>
                <project id="12313221" key="OAK">Jackrabbit Oak</project>
                    <description>&lt;p&gt;More node type fun!&lt;/p&gt;

&lt;p&gt;I ran into this via the tck test &lt;tt&gt;org.apache.jackrabbit.test.api.query.SaveTest#testConstraintViolationException&lt;/tt&gt;.&lt;/p&gt;

&lt;p&gt;It seems adding a node to a node that doesn&apos;t accept children (like for example &lt;tt&gt;nt:query&lt;/tt&gt;) fails with a &lt;tt&gt;RepositoryException&lt;/tt&gt; that wraps a &lt;tt&gt;CommitFailedException&lt;/tt&gt; with a message along the lines of: &lt;tt&gt;Cannot add node &apos;q2&apos; at /q1&lt;/tt&gt;, further wrapping a weird-looking &lt;tt&gt;RepositoryException: No matching node definition found for org.apache.jackrabbit.oak.plugins.nodetype.ValidatingNodeTypeManager@257f1b&lt;/tt&gt;&lt;/p&gt;

&lt;p&gt;While this seems ok enough, the tck test expects a &lt;tt&gt;ConstraintViolationException&lt;/tt&gt;, so that&apos;s why I created this bug.&lt;/p&gt;


&lt;p&gt;I&apos;ll attach a test case shortly.&lt;/p&gt;

&lt;p&gt;Trace &lt;/p&gt;
&lt;div class=&quot;code panel&quot; style=&quot;border-width: 1px;&quot;&gt;&lt;div class=&quot;codeContent panelContent&quot;&gt;
&lt;pre class=&quot;code-java&quot;&gt;javax.jcr.RepositoryException
	at sun.reflect.NativeConstructorAccessorImpl.newInstance0(Native Method)
	at sun.reflect.NativeConstructorAccessorImpl.newInstance(NativeConstructorAccessorImpl.java:39)
	at sun.reflect.DelegatingConstructorAccessorImpl.newInstance(DelegatingConstructorAccessorImpl.java:27)
	at java.lang.reflect.Constructor.newInstance(Constructor.java:513)
	at org.apache.jackrabbit.oak.api.CommitFailedException.throwRepositoryException(CommitFailedException.java:57)
	at org.apache.jackrabbit.oak.jcr.SessionDelegate.save(SessionDelegate.java:244)
	at org.apache.jackrabbit.oak.jcr.SessionImpl.save(SessionImpl.java:283)
	at org.apache.jackrabbit.oak.jcr.nodetype.NodeTypeTest.illegalAddNode(NodeTypeTest.java:39)
	at sun.reflect.NativeMethodAccessorImpl.invoke0(Native Method)
	at sun.reflect.NativeMethodAccessorImpl.invoke(NativeMethodAccessorImpl.java:39)
	at sun.reflect.DelegatingMethodAccessorImpl.invoke(DelegatingMethodAccessorImpl.java:25)
	at java.lang.reflect.Method.invoke(Method.java:597)
	at org.junit.runners.model.FrameworkMethod$1.runReflectiveCall(FrameworkMethod.java:45)
	at org.junit.internal.runners.model.ReflectiveCallable.run(ReflectiveCallable.java:15)
	at org.junit.runners.model.FrameworkMethod.invokeExplosively(FrameworkMethod.java:42)
	at org.junit.internal.runners.statements.InvokeMethod.evaluate(InvokeMethod.java:20)
	at org.junit.internal.runners.statements.RunBefores.evaluate(RunBefores.java:28)
	at org.junit.internal.runners.statements.RunAfters.evaluate(RunAfters.java:30)
	at org.junit.runners.ParentRunner.runLeaf(ParentRunner.java:263)
	at org.junit.runners.BlockJUnit4ClassRunner.runChild(BlockJUnit4ClassRunner.java:68)
	at org.junit.runners.BlockJUnit4ClassRunner.runChild(BlockJUnit4ClassRunner.java:47)
	at org.junit.runners.ParentRunner$3.run(ParentRunner.java:231)
	at org.junit.runners.ParentRunner$1.schedule(ParentRunner.java:60)
	at org.junit.runners.ParentRunner.runChildren(ParentRunner.java:229)
	at org.junit.runners.ParentRunner.access$000(ParentRunner.java:50)
	at org.junit.runners.ParentRunner$2.evaluate(ParentRunner.java:222)
	at org.junit.runners.ParentRunner.run(ParentRunner.java:300)
	at org.eclipse.jdt.internal.junit4.runner.JUnit4TestReference.run(JUnit4TestReference.java:50)
	at org.eclipse.jdt.internal.junit.runner.TestExecution.run(TestExecution.java:38)
	at org.eclipse.jdt.internal.junit.runner.RemoteTestRunner.runTests(RemoteTestRunner.java:467)
	at org.eclipse.jdt.internal.junit.runner.RemoteTestRunner.runTests(RemoteTestRunner.java:683)
	at org.eclipse.jdt.internal.junit.runner.RemoteTestRunner.run(RemoteTestRunner.java:390)
	at org.eclipse.jdt.internal.junit.runner.RemoteTestRunner.main(RemoteTestRunner.java:197)
Caused by: org.apache.jackrabbit.oak.api.CommitFailedException: Cannot add node &lt;span class=&quot;code-quote&quot;&gt;&apos;q2&apos;&lt;/span&gt; at /q1
	at org.apache.jackrabbit.oak.plugins.nodetype.TypeValidator.childNodeAdded(TypeValidator.java:134)
	at org.apache.jackrabbit.oak.spi.commit.CompositeValidator.childNodeAdded(CompositeValidator.java:68)
	at org.apache.jackrabbit.oak.spi.commit.ValidatingHook$ValidatorDiff.childNodeAdded(ValidatingHook.java:155)
	at org.apache.jackrabbit.oak.spi.state.AbstractNodeState.compareAgainstBaseState(AbstractNodeState.java:157)
	at org.apache.jackrabbit.oak.kernel.KernelNodeState.compareAgainstBaseState(KernelNodeState.java:243)
	at org.apache.jackrabbit.oak.spi.commit.ValidatingHook$ValidatorDiff.validate(ValidatingHook.java:110)
	at org.apache.jackrabbit.oak.spi.commit.ValidatingHook$ValidatorDiff.validate(ValidatingHook.java:101)
	at org.apache.jackrabbit.oak.spi.commit.ValidatingHook$ValidatorDiff.childNodeAdded(ValidatingHook.java:157)
	at org.apache.jackrabbit.oak.plugins.memory.ModifiedNodeState$3.childNodeAdded(ModifiedNodeState.java:292)
	at org.apache.jackrabbit.oak.spi.state.AbstractNodeState.compareAgainstBaseState(AbstractNodeState.java:157)
	at org.apache.jackrabbit.oak.kernel.KernelNodeState.compareAgainstBaseState(KernelNodeState.java:243)
	at org.apache.jackrabbit.oak.plugins.memory.ModifiedNodeState.compareAgainstBaseState(ModifiedNodeState.java:269)
	at org.apache.jackrabbit.oak.spi.commit.ValidatingHook$ValidatorDiff.validate(ValidatingHook.java:110)
	at org.apache.jackrabbit.oak.spi.commit.ValidatingHook$ValidatorDiff.validate(ValidatingHook.java:101)
	at org.apache.jackrabbit.oak.spi.commit.ValidatingHook.processCommit(ValidatingHook.java:73)
	at org.apache.jackrabbit.oak.spi.commit.CompositeHook.processCommit(CompositeHook.java:59)
	at org.apache.jackrabbit.oak.kernel.KernelNodeStoreBranch.merge(KernelNodeStoreBranch.java:127)
	at org.apache.jackrabbit.oak.core.RootImpl$2.run(RootImpl.java:239)
	at org.apache.jackrabbit.oak.core.RootImpl$2.run(RootImpl.java:1)
	at java.security.AccessController.doPrivileged(Native Method)
	at javax.security.auth.Subject.doAs(Subject.java:337)
	at org.apache.jackrabbit.oak.core.RootImpl.commit(RootImpl.java:234)
	at org.apache.jackrabbit.oak.jcr.SessionDelegate.save(SessionDelegate.java:241)
	... 27 more
Caused by: javax.jcr.RepositoryException: No matching node definition found &lt;span class=&quot;code-keyword&quot;&gt;for&lt;/span&gt; org.apache.jackrabbit.oak.plugins.nodetype.ValidatingNodeTypeManager@257f1b
	at org.apache.jackrabbit.oak.plugins.nodetype.ReadOnlyNodeTypeManager.getDefinition(ReadOnlyNodeTypeManager.java:406)
	at org.apache.jackrabbit.oak.plugins.nodetype.TypeValidator$EffectiveNodeType.getDefinition(TypeValidator.java:302)
	at org.apache.jackrabbit.oak.plugins.nodetype.TypeValidator$EffectiveNodeType.checkAddChildNode(TypeValidator.java:249)
	at org.apache.jackrabbit.oak.plugins.nodetype.TypeValidator.childNodeAdded(TypeValidator.java:127)
	... 49 more
&lt;/pre&gt;
&lt;/div&gt;&lt;/div&gt;
</description>
                <environment></environment>
        <key id="12617821">OAK-479</key>
            <summary>Adding a node to a node that doesn&apos;t accept children doesn&apos;t fail with ConstraintViolationException</summary>
                <type id="1" iconUrl="https://issues.apache.org/jira/secure/viewavatar?size=xsmall&amp;avatarId=21133&amp;avatarType=issuetype">Bug</type>
                                            <priority id="3" iconUrl="https://issues.apache.org/jira/images/icons/priorities/major.svg">Major</priority>
                        <status id="6" iconUrl="https://issues.apache.org/jira/images/icons/statuses/closed.png" description="The issue is considered finished, the resolution is correct. Issues which are not closed can be reopened.">Closed</status>
                    <statusCategory id="3" key="done" colorName="green"/>
                                    <resolution id="1">Fixed</resolution>
                                        <assignee username="mduerig">Michael D&#252;rig</assignee>
                                    <reporter username="stillalex">Alex Deparvu</reporter>
                        <labels>
                    </labels>
                <created>Tue, 27 Nov 2012 16:34:12 +0000</created>
                <updated>Mon, 6 May 2013 15:48:55 +0000</updated>
                            <resolved>Fri, 30 Nov 2012 17:43:44 +0000</resolved>
                                                    <fixVersion>0.6</fixVersion>
                                    <component>jcr</component>
                        <due></due>
                            <votes>0</votes>
                                    <watches>2</watches>
                                                                                                                <comments>
                            <comment id="13504737" author="alex.parvulescu" created="Tue, 27 Nov 2012 16:35:37 +0000"  >&lt;p&gt;attaching test case&lt;/p&gt;</comment>
                            <comment id="13507368" author="mduerig" created="Fri, 30 Nov 2012 15:09:02 +0000"  >&lt;p&gt;Resolved at revision 1415669.&lt;/p&gt;</comment>
                            <comment id="13507456" author="alex.parvulescu" created="Fri, 30 Nov 2012 17:08:59 +0000"  >&lt;p&gt;I think there is still something missing, I&apos;ll attach a new testcase, maybe you can take a look&lt;/p&gt;</comment>
                            <comment id="13507458" author="alex.parvulescu" created="Fri, 30 Nov 2012 17:09:53 +0000"  >&lt;p&gt;Attaching a new test case, very similar to the previous one, I&apos;m not sure why it doesn&apos;t pass.&lt;/p&gt;

&lt;p&gt;The error should be similar to the previous case, a &lt;tt&gt;ConstraintViolationException&lt;/tt&gt;, but it falls back to a &lt;tt&gt;RepositoryException&lt;/tt&gt;&lt;/p&gt;

&lt;p&gt;Trace&lt;/p&gt;
&lt;div class=&quot;code panel&quot; style=&quot;border-width: 1px;&quot;&gt;&lt;div class=&quot;codeContent panelContent&quot;&gt;
&lt;pre class=&quot;code-java&quot;&gt;illegalAddNodeWithProps(org.apache.jackrabbit.oak.jcr.nodetype.NodeTypeTest)
java.lang.Exception: Unexpected exception, expected&amp;lt;javax.jcr.nodetype.ConstraintViolationException&amp;gt; but was&amp;lt;javax.jcr.RepositoryException&amp;gt;
	at org.junit.internal.runners.statements.ExpectException.evaluate(ExpectException.java:31)
	at org.junit.internal.runners.statements.RunBefores.evaluate(RunBefores.java:28)
	at org.junit.internal.runners.statements.RunAfters.evaluate(RunAfters.java:30)
	at org.junit.runners.ParentRunner.runLeaf(ParentRunner.java:263)
	at org.junit.runners.BlockJUnit4ClassRunner.runChild(BlockJUnit4ClassRunner.java:68)
	at org.junit.runners.BlockJUnit4ClassRunner.runChild(BlockJUnit4ClassRunner.java:47)
	at org.junit.runners.ParentRunner$3.run(ParentRunner.java:231)
	at org.junit.runners.ParentRunner$1.schedule(ParentRunner.java:60)
	at org.junit.runners.ParentRunner.runChildren(ParentRunner.java:229)
	at org.junit.runners.ParentRunner.access$000(ParentRunner.java:50)
	at org.junit.runners.ParentRunner$2.evaluate(ParentRunner.java:222)
	at org.junit.runners.ParentRunner.run(ParentRunner.java:300)
	at org.eclipse.jdt.internal.junit4.runner.JUnit4TestReference.run(JUnit4TestReference.java:50)
	at org.eclipse.jdt.internal.junit.runner.TestExecution.run(TestExecution.java:38)
	at org.eclipse.jdt.internal.junit.runner.RemoteTestRunner.runTests(RemoteTestRunner.java:467)
	at org.eclipse.jdt.internal.junit.runner.RemoteTestRunner.runTests(RemoteTestRunner.java:683)
	at org.eclipse.jdt.internal.junit.runner.RemoteTestRunner.run(RemoteTestRunner.java:390)
	at org.eclipse.jdt.internal.junit.runner.RemoteTestRunner.main(RemoteTestRunner.java:197)
Caused by: javax.jcr.RepositoryException: No matching node definition found &lt;span class=&quot;code-keyword&quot;&gt;for&lt;/span&gt; q2
	at org.apache.jackrabbit.oak.plugins.nodetype.ReadOnlyNodeTypeManager.getDefinition(ReadOnlyNodeTypeManager.java:361)
	at org.apache.jackrabbit.oak.jcr.NodeImpl.getDefinition(NodeImpl.java:967)
	at org.apache.jackrabbit.oak.jcr.ItemImpl.checkProtected(ItemImpl.java:172)
	at org.apache.jackrabbit.oak.jcr.NodeImpl.internalSetProperty(NodeImpl.java:1460)
	at org.apache.jackrabbit.oak.jcr.NodeImpl.setProperty(NodeImpl.java:312)
	at org.apache.jackrabbit.oak.jcr.nodetype.NodeTypeTest.illegalAddNodeWithProps(NodeTypeTest.java:54)

&lt;/pre&gt;
&lt;/div&gt;&lt;/div&gt;</comment>
                            <comment id="13507461" author="mduerig" created="Fri, 30 Nov 2012 17:13:26 +0000"  >&lt;p&gt;Probably the same reason. This time for properties. I&apos;ll have a look.&lt;/p&gt;</comment>
                            <comment id="13507487" author="mduerig" created="Fri, 30 Nov 2012 17:43:44 +0000"  >&lt;p&gt;Fixed at revision 1415757.&lt;/p&gt;</comment>
                    </comments>
                    <attachments>
                            <attachment id="12555532" name="OAK-479-newtest.patch" size="1355" author="stillalex" created="Fri, 30 Nov 2012 17:09:53 +0000"/>
                            <attachment id="12555029" name="OAK-479.patch" size="2034" author="stillalex" created="Tue, 27 Nov 2012 16:35:37 +0000"/>
                    </attachments>
                <subtasks>
                    </subtasks>
                <customfields>
                                                                            <customfield id="customfield_12310310" key="com.atlassian.jira.toolkit:attachments">
                        <customfieldname>Attachment count</customfieldname>
                        <customfieldvalues>
                            <customfieldvalue>2.0</customfieldvalue>
                        </customfieldvalues>
                    </customfield>
                                                                                                                                                                                                                                                                                                                                                                                                                                                                                                                                                                                                                                                                                                        <customfield id="customfield_12314020" key="com.atlassian.jira.plugins.jira-development-integration-plugin:devsummary">
                        <customfieldname>Development</customfieldname>
                        <customfieldvalues>
                            
                        </customfieldvalues>
                    </customfield>
                                                                                                                        <customfield id="customfield_12313422" key="com.atlassian.jirafisheyeplugin:jobcheckbox">
                        <customfieldname>Enable Automatic Patch Review</customfieldname>
                        <customfieldvalues>
                            <customfieldvalue><![CDATA[false]]></customfieldvalue>

                        </customfieldvalues>
                    </customfield>
                                                                                                                                                                                                                                                                                                                                                                                                                                                                                                                                                                                                                                                <customfield id="customfield_12310420" key="com.pyxis.greenhopper.jira:gh-global-rank">
                        <customfieldname>Global Rank</customfieldname>
                        <customfieldvalues>
                            <customfieldvalue>292386</customfieldvalue>
                        </customfieldvalues>
                    </customfield>
                                                                                                                                                                                                                                        <customfield id="customfield_12312521" key="com.atlassian.jira.toolkit:LastCommentDate">
                        <customfieldname>Last public comment date</customfieldname>
                        <customfieldvalues>
                            12 years, 51 weeks, 1 day ago
                        </customfieldvalues>
                    </customfield>
                                                                                                                                                                                                                                                                                                <customfield id="customfield_12311820" key="com.pyxis.greenhopper.jira:gh-lexo-rank">
                        <customfieldname>Rank</customfieldname>
                        <customfieldvalues>
                            <customfieldvalue>0|i0rxlr:</customfieldvalue>

                        </customfieldvalues>
                    </customfield>
                                                                <customfield id="customfield_12310920" key="com.pyxis.greenhopper.jira:gh-global-rank">
                        <customfieldname>Rank (Obsolete)</customfieldname>
                        <customfieldvalues>
                            <customfieldvalue>161088</customfieldvalue>
                        </customfieldvalues>
                    </customfield>
                                                                                                                                                                                                                                                                                                                                                                                                                                                                                                                                                                                                                                                                                                                                                                                            </customfields>
    </item>
</channel>
</rss>