<!-- 
RSS generated by JIRA (8.20.10#820010-sha1:ace47f9899e9ee25d7157d59aa17ab06aee30d3d) at Sat Nov 08 18:52:32 UTC 2025

It is possible to restrict the fields that are returned in this document by specifying the 'field' parameter in your request.
For example, to request only the issue key and summary append 'field=key&field=summary' to the URL of your request.
-->
<rss version="0.92" >
<channel>
    <title>ASF JIRA</title>
    <link>https://issues.apache.org/jira</link>
    <description>This file is an XML representation of an issue</description>
    <language>en-uk</language>    <build-info>
        <version>8.20.10</version>
        <build-number>820010</build-number>
        <build-date>22-06-2022</build-date>
    </build-info>


<item>
            <title>[OAK-5624] Test failure: org.apache.jackrabbit.oak.cache.ConcurrentTest.testLoaderBlock</title>
                <link>https://issues.apache.org/jira/browse/OAK-5624</link>
                <project id="12313221" key="OAK">Jackrabbit Oak</project>
                    <description>&lt;p&gt;Jenkins Windows CI failure: &lt;a href=&quot;https://builds.apache.org/job/Oak-Win/&quot; class=&quot;external-link&quot; target=&quot;_blank&quot; rel=&quot;nofollow noopener&quot;&gt;https://builds.apache.org/job/Oak-Win/&lt;/a&gt;&lt;/p&gt;

&lt;p&gt;The build Oak-Win/Windows slaves=Windows,jdk=JDK 1.7 (unlimited security) 64-bit Windows only,nsfixtures=DOCUMENT_NS,profile=unittesting #445 has failed.&lt;br/&gt;
First failed run: &lt;a href=&quot;https://builds.apache.org/job/Oak-Win/Windows%20slaves=Windows,jdk=JDK%201.7%20(unlimited%20security)%2064-bit%20Windows%20only,nsfixtures=DOCUMENT_NS,profile=unittesting/445/&quot; class=&quot;external-link&quot; target=&quot;_blank&quot; rel=&quot;nofollow noopener&quot;&gt;Oak-Win/Windows slaves=Windows,jdk=JDK 1.7 (unlimited security) 64-bit Windows only,nsfixtures=DOCUMENT_NS,profile=unittesting #445&lt;/a&gt; &lt;a href=&quot;https://builds.apache.org/job/Oak-Win/Windows%20slaves=Windows,jdk=JDK%201.7%20(unlimited%20security)%2064-bit%20Windows%20only,nsfixtures=DOCUMENT_NS,profile=unittesting/445/console&quot; class=&quot;external-link&quot; target=&quot;_blank&quot; rel=&quot;nofollow noopener&quot;&gt;console log&lt;/a&gt;&lt;/p&gt;</description>
                <environment></environment>
        <key id="13041869">OAK-5624</key>
            <summary>Test failure: org.apache.jackrabbit.oak.cache.ConcurrentTest.testLoaderBlock</summary>
                <type id="1" iconUrl="https://issues.apache.org/jira/secure/viewavatar?size=xsmall&amp;avatarId=21133&amp;avatarType=issuetype">Bug</type>
                                            <priority id="3" iconUrl="https://issues.apache.org/jira/images/icons/priorities/major.svg">Major</priority>
                        <status id="6" iconUrl="https://issues.apache.org/jira/images/icons/statuses/closed.png" description="The issue is considered finished, the resolution is correct. Issues which are not closed can be reopened.">Closed</status>
                    <statusCategory id="3" key="done" colorName="green"/>
                                    <resolution id="1">Fixed</resolution>
                                        <assignee username="thomasm">Thomas Mueller</assignee>
                                    <reporter username="hudson">Hudson</reporter>
                        <labels>
                            <label>test-failure</label>
                            <label>windows</label>
                    </labels>
                <created>Thu, 9 Feb 2017 22:40:58 +0000</created>
                <updated>Tue, 28 Mar 2017 11:21:24 +0000</updated>
                            <resolved>Wed, 22 Feb 2017 10:22:04 +0000</resolved>
                                    <version>1.0.36</version>
                    <version>1.4.13</version>
                                    <fixVersion>1.0.38</fixVersion>
                    <fixVersion>1.8.0</fixVersion>
                                    <component>continuous integration</component>
                    <component>core</component>
                        <due></due>
                            <votes>0</votes>
                                    <watches>5</watches>
                                                                                                                <comments>
                            <comment id="15860646" author="amitjain" created="Fri, 10 Feb 2017 03:55:29 +0000"  >&lt;p&gt;Build 445 logs attached.&lt;/p&gt;
&lt;div class=&quot;preformatted panel&quot; style=&quot;border-width: 1px;&quot;&gt;&lt;div class=&quot;preformattedContent panelContent&quot;&gt;
&lt;pre&gt;Error Message

Had to wait unexpectedly long for other threads: 2775
Stacktrace

java.lang.AssertionError: Had to wait unexpectedly long for other threads: 2775
	at org.junit.Assert.fail(Assert.java:88)
	at org.junit.Assert.assertTrue(Assert.java:41)
	at org.apache.jackrabbit.oak.cache.ConcurrentTest.testLoaderBlock(ConcurrentTest.java:102)
	at sun.reflect.NativeMethodAccessorImpl.invoke0(Native Method)
	at sun.reflect.NativeMethodAccessorImpl.invoke(NativeMethodAccessorImpl.java:57)
	at sun.reflect.DelegatingMethodAccessorImpl.invoke(DelegatingMethodAccessorImpl.java:43)
	at java.lang.reflect.Method.invoke(Method.java:606)
	at org.junit.runners.model.FrameworkMethod$1.runReflectiveCall(FrameworkMethod.java:50)
	at org.junit.internal.runners.model.ReflectiveCallable.run(ReflectiveCallable.java:12)
	at org.junit.runners.model.FrameworkMethod.invokeExplosively(FrameworkMethod.java:47)
	at org.junit.internal.runners.statements.InvokeMethod.evaluate(InvokeMethod.java:17)
	at org.junit.runners.ParentRunner.runLeaf(ParentRunner.java:325)
	at org.junit.runners.BlockJUnit4ClassRunner.runChild(BlockJUnit4ClassRunner.java:78)
	at org.junit.runners.BlockJUnit4ClassRunner.runChild(BlockJUnit4ClassRunner.java:57)
	at org.junit.runners.ParentRunner$3.run(ParentRunner.java:290)
	at org.junit.runners.ParentRunner$1.schedule(ParentRunner.java:71)
	at org.junit.runners.ParentRunner.runChildren(ParentRunner.java:288)
	at org.junit.runners.ParentRunner.access$000(ParentRunner.java:58)
	at org.junit.runners.ParentRunner$2.evaluate(ParentRunner.java:268)
	at org.junit.runners.ParentRunner.run(ParentRunner.java:363)
	at org.apache.maven.surefire.junit4.JUnit4Provider.execute(JUnit4Provider.java:252)
	at org.apache.maven.surefire.junit4.JUnit4Provider.executeTestSet(JUnit4Provider.java:141)
	at org.apache.maven.surefire.junit4.JUnit4Provider.invoke(JUnit4Provider.java:112)
	at sun.reflect.NativeMethodAccessorImpl.invoke0(Native Method)
	at sun.reflect.NativeMethodAccessorImpl.invoke(NativeMethodAccessorImpl.java:57)
	at sun.reflect.DelegatingMethodAccessorImpl.invoke(DelegatingMethodAccessorImpl.java:43)
	at java.lang.reflect.Method.invoke(Method.java:606)
	at org.apache.maven.surefire.util.ReflectionUtils.invokeMethodWithArray(ReflectionUtils.java:189)
	at org.apache.maven.surefire.booter.ProviderFactory$ProviderProxy.invoke(ProviderFactory.java:165)
	at org.apache.maven.surefire.booter.ProviderFactory.invokeProvider(ProviderFactory.java:85)
	at org.apache.maven.surefire.booter.ForkedBooter.runSuitesInProcess(ForkedBooter.java:115)
	at org.apache.maven.surefire.booter.ForkedBooter.main(ForkedBooter.java:75)
&lt;/pre&gt;
&lt;/div&gt;&lt;/div&gt;</comment>
                            <comment id="15861974" author="hudson" created="Fri, 10 Feb 2017 23:04:57 +0000"  >&lt;p&gt;Previously failing build now is OK.&lt;br/&gt;
 Passed run: &lt;a href=&quot;https://builds.apache.org/job/Oak-Win/Windows%20slaves=Windows,jdk=JDK%201.7%20(unlimited%20security)%2064-bit%20Windows%20only,nsfixtures=DOCUMENT_NS,profile=unittesting/446/&quot; class=&quot;external-link&quot; target=&quot;_blank&quot; rel=&quot;nofollow noopener&quot;&gt;Oak-Win/Windows slaves=Windows,jdk=JDK 1.7 (unlimited security) 64-bit Windows only,nsfixtures=DOCUMENT_NS,profile=unittesting #446&lt;/a&gt; &lt;a href=&quot;https://builds.apache.org/job/Oak-Win/Windows%20slaves=Windows,jdk=JDK%201.7%20(unlimited%20security)%2064-bit%20Windows%20only,nsfixtures=DOCUMENT_NS,profile=unittesting/446/console&quot; class=&quot;external-link&quot; target=&quot;_blank&quot; rel=&quot;nofollow noopener&quot;&gt;console log&lt;/a&gt;&lt;/p&gt;</comment>
                            <comment id="15862259" author="hudson" created="Sat, 11 Feb 2017 06:31:02 +0000"  >&lt;p&gt;Previously failing build now is OK.&lt;br/&gt;
 Passed run: &lt;a href=&quot;https://builds.apache.org/job/Oak-Win/Windows%20slaves=Windows,jdk=JDK%201.7%20(unlimited%20security)%2064-bit%20Windows%20only,nsfixtures=DOCUMENT_NS,profile=unittesting/447/&quot; class=&quot;external-link&quot; target=&quot;_blank&quot; rel=&quot;nofollow noopener&quot;&gt;Oak-Win/Windows slaves=Windows,jdk=JDK 1.7 (unlimited security) 64-bit Windows only,nsfixtures=DOCUMENT_NS,profile=unittesting #447&lt;/a&gt; &lt;a href=&quot;https://builds.apache.org/job/Oak-Win/Windows%20slaves=Windows,jdk=JDK%201.7%20(unlimited%20security)%2064-bit%20Windows%20only,nsfixtures=DOCUMENT_NS,profile=unittesting/447/console&quot; class=&quot;external-link&quot; target=&quot;_blank&quot; rel=&quot;nofollow noopener&quot;&gt;console log&lt;/a&gt;&lt;/p&gt;</comment>
                            <comment id="15864391" author="hudson" created="Mon, 13 Feb 2017 20:46:22 +0000"  >&lt;p&gt;Previously failing build now is OK.&lt;br/&gt;
 Passed run: &lt;a href=&quot;https://builds.apache.org/job/Oak-Win/Windows%20slaves=Windows,jdk=JDK%201.7%20(unlimited%20security)%2064-bit%20Windows%20only,nsfixtures=DOCUMENT_NS,profile=unittesting/448/&quot; class=&quot;external-link&quot; target=&quot;_blank&quot; rel=&quot;nofollow noopener&quot;&gt;Oak-Win/Windows slaves=Windows,jdk=JDK 1.7 (unlimited security) 64-bit Windows only,nsfixtures=DOCUMENT_NS,profile=unittesting #448&lt;/a&gt; &lt;a href=&quot;https://builds.apache.org/job/Oak-Win/Windows%20slaves=Windows,jdk=JDK%201.7%20(unlimited%20security)%2064-bit%20Windows%20only,nsfixtures=DOCUMENT_NS,profile=unittesting/448/console&quot; class=&quot;external-link&quot; target=&quot;_blank&quot; rel=&quot;nofollow noopener&quot;&gt;console log&lt;/a&gt;&lt;/p&gt;</comment>
                            <comment id="15864593" author="hudson" created="Mon, 13 Feb 2017 22:31:13 +0000"  >&lt;p&gt;Previously failing build now is OK.&lt;br/&gt;
 Passed run: &lt;a href=&quot;https://builds.apache.org/job/Oak-Win/Windows%20slaves=Windows,jdk=JDK%201.7%20(unlimited%20security)%2064-bit%20Windows%20only,nsfixtures=DOCUMENT_NS,profile=unittesting/449/&quot; class=&quot;external-link&quot; target=&quot;_blank&quot; rel=&quot;nofollow noopener&quot;&gt;Oak-Win/Windows slaves=Windows,jdk=JDK 1.7 (unlimited security) 64-bit Windows only,nsfixtures=DOCUMENT_NS,profile=unittesting #449&lt;/a&gt; &lt;a href=&quot;https://builds.apache.org/job/Oak-Win/Windows%20slaves=Windows,jdk=JDK%201.7%20(unlimited%20security)%2064-bit%20Windows%20only,nsfixtures=DOCUMENT_NS,profile=unittesting/449/console&quot; class=&quot;external-link&quot; target=&quot;_blank&quot; rel=&quot;nofollow noopener&quot;&gt;console log&lt;/a&gt;&lt;/p&gt;</comment>
                            <comment id="15866804" author="hudson" created="Tue, 14 Feb 2017 22:10:35 +0000"  >&lt;p&gt;Previously failing build now is OK.&lt;br/&gt;
 Passed run: &lt;a href=&quot;https://builds.apache.org/job/Oak-Win/Windows%20slaves=Windows,jdk=JDK%201.7%20(unlimited%20security)%2064-bit%20Windows%20only,nsfixtures=DOCUMENT_NS,profile=unittesting/450/&quot; class=&quot;external-link&quot; target=&quot;_blank&quot; rel=&quot;nofollow noopener&quot;&gt;Oak-Win/Windows slaves=Windows,jdk=JDK 1.7 (unlimited security) 64-bit Windows only,nsfixtures=DOCUMENT_NS,profile=unittesting #450&lt;/a&gt; &lt;a href=&quot;https://builds.apache.org/job/Oak-Win/Windows%20slaves=Windows,jdk=JDK%201.7%20(unlimited%20security)%2064-bit%20Windows%20only,nsfixtures=DOCUMENT_NS,profile=unittesting/450/console&quot; class=&quot;external-link&quot; target=&quot;_blank&quot; rel=&quot;nofollow noopener&quot;&gt;console log&lt;/a&gt;&lt;/p&gt;</comment>
                            <comment id="15867057" author="hudson" created="Wed, 15 Feb 2017 01:21:21 +0000"  >&lt;p&gt;Previously failing build now is OK.&lt;br/&gt;
 Passed run: &lt;a href=&quot;https://builds.apache.org/job/Oak-Win/Windows%20slaves=Windows,jdk=JDK%201.7%20(unlimited%20security)%2064-bit%20Windows%20only,nsfixtures=DOCUMENT_NS,profile=unittesting/451/&quot; class=&quot;external-link&quot; target=&quot;_blank&quot; rel=&quot;nofollow noopener&quot;&gt;Oak-Win/Windows slaves=Windows,jdk=JDK 1.7 (unlimited security) 64-bit Windows only,nsfixtures=DOCUMENT_NS,profile=unittesting #451&lt;/a&gt; &lt;a href=&quot;https://builds.apache.org/job/Oak-Win/Windows%20slaves=Windows,jdk=JDK%201.7%20(unlimited%20security)%2064-bit%20Windows%20only,nsfixtures=DOCUMENT_NS,profile=unittesting/451/console&quot; class=&quot;external-link&quot; target=&quot;_blank&quot; rel=&quot;nofollow noopener&quot;&gt;console log&lt;/a&gt;&lt;/p&gt;</comment>
                            <comment id="15868612" author="hudson" created="Wed, 15 Feb 2017 21:38:42 +0000"  >&lt;p&gt;Previously failing build now is OK.&lt;br/&gt;
 Passed run: &lt;a href=&quot;https://builds.apache.org/job/Oak-Win/Windows%20slaves=Windows,jdk=JDK%201.7%20(unlimited%20security)%2064-bit%20Windows%20only,nsfixtures=DOCUMENT_NS,profile=unittesting/452/&quot; class=&quot;external-link&quot; target=&quot;_blank&quot; rel=&quot;nofollow noopener&quot;&gt;Oak-Win/Windows slaves=Windows,jdk=JDK 1.7 (unlimited security) 64-bit Windows only,nsfixtures=DOCUMENT_NS,profile=unittesting #452&lt;/a&gt; &lt;a href=&quot;https://builds.apache.org/job/Oak-Win/Windows%20slaves=Windows,jdk=JDK%201.7%20(unlimited%20security)%2064-bit%20Windows%20only,nsfixtures=DOCUMENT_NS,profile=unittesting/452/console&quot; class=&quot;external-link&quot; target=&quot;_blank&quot; rel=&quot;nofollow noopener&quot;&gt;console log&lt;/a&gt;&lt;/p&gt;</comment>
                            <comment id="15868827" author="hudson" created="Wed, 15 Feb 2017 23:47:59 +0000"  >&lt;p&gt;Previously failing build now is OK.&lt;br/&gt;
 Passed run: &lt;a href=&quot;https://builds.apache.org/job/Oak-Win/Windows%20slaves=Windows,jdk=JDK%201.7%20(unlimited%20security)%2064-bit%20Windows%20only,nsfixtures=DOCUMENT_NS,profile=unittesting/453/&quot; class=&quot;external-link&quot; target=&quot;_blank&quot; rel=&quot;nofollow noopener&quot;&gt;Oak-Win/Windows slaves=Windows,jdk=JDK 1.7 (unlimited security) 64-bit Windows only,nsfixtures=DOCUMENT_NS,profile=unittesting #453&lt;/a&gt; &lt;a href=&quot;https://builds.apache.org/job/Oak-Win/Windows%20slaves=Windows,jdk=JDK%201.7%20(unlimited%20security)%2064-bit%20Windows%20only,nsfixtures=DOCUMENT_NS,profile=unittesting/453/console&quot; class=&quot;external-link&quot; target=&quot;_blank&quot; rel=&quot;nofollow noopener&quot;&gt;console log&lt;/a&gt;&lt;/p&gt;</comment>
                            <comment id="15869037" author="hudson" created="Thu, 16 Feb 2017 03:03:33 +0000"  >&lt;p&gt;Previously failing build now is OK.&lt;br/&gt;
 Passed run: &lt;a href=&quot;https://builds.apache.org/job/Oak-Win/Windows%20slaves=Windows,jdk=JDK%201.7%20(unlimited%20security)%2064-bit%20Windows%20only,nsfixtures=DOCUMENT_NS,profile=unittesting/454/&quot; class=&quot;external-link&quot; target=&quot;_blank&quot; rel=&quot;nofollow noopener&quot;&gt;Oak-Win/Windows slaves=Windows,jdk=JDK 1.7 (unlimited security) 64-bit Windows only,nsfixtures=DOCUMENT_NS,profile=unittesting #454&lt;/a&gt; &lt;a href=&quot;https://builds.apache.org/job/Oak-Win/Windows%20slaves=Windows,jdk=JDK%201.7%20(unlimited%20security)%2064-bit%20Windows%20only,nsfixtures=DOCUMENT_NS,profile=unittesting/454/console&quot; class=&quot;external-link&quot; target=&quot;_blank&quot; rel=&quot;nofollow noopener&quot;&gt;console log&lt;/a&gt;&lt;/p&gt;</comment>
                            <comment id="15869198" author="hudson" created="Thu, 16 Feb 2017 05:09:03 +0000"  >&lt;p&gt;Previously failing build now is OK.&lt;br/&gt;
 Passed run: &lt;a href=&quot;https://builds.apache.org/job/Oak-Win/Windows%20slaves=Windows,jdk=JDK%201.7%20(unlimited%20security)%2064-bit%20Windows%20only,nsfixtures=DOCUMENT_NS,profile=unittesting/455/&quot; class=&quot;external-link&quot; target=&quot;_blank&quot; rel=&quot;nofollow noopener&quot;&gt;Oak-Win/Windows slaves=Windows,jdk=JDK 1.7 (unlimited security) 64-bit Windows only,nsfixtures=DOCUMENT_NS,profile=unittesting #455&lt;/a&gt; &lt;a href=&quot;https://builds.apache.org/job/Oak-Win/Windows%20slaves=Windows,jdk=JDK%201.7%20(unlimited%20security)%2064-bit%20Windows%20only,nsfixtures=DOCUMENT_NS,profile=unittesting/455/console&quot; class=&quot;external-link&quot; target=&quot;_blank&quot; rel=&quot;nofollow noopener&quot;&gt;console log&lt;/a&gt;&lt;/p&gt;</comment>
                            <comment id="15874393" author="alex.parvulescu" created="Mon, 20 Feb 2017 11:18:55 +0000"  >&lt;p&gt;failed in build #463&lt;/p&gt;
&lt;div class=&quot;preformatted panel&quot; style=&quot;border-width: 1px;&quot;&gt;&lt;div class=&quot;preformattedContent panelContent&quot;&gt;
&lt;pre&gt;testLoaderBlock(org.apache.jackrabbit.oak.cache.ConcurrentTest)  Time elapsed: 1.1 sec  &amp;lt;&amp;lt;&amp;lt; FAILURE!
java.lang.AssertionError: Had to wait unexpectedly long for other threads: 1118
	at org.junit.Assert.fail(Assert.java:88)
	at org.junit.Assert.assertTrue(Assert.java:41)
	at org.apache.jackrabbit.oak.cache.ConcurrentTest.testLoaderBlock(ConcurrentTest.java:102)
	at sun.reflect.NativeMethodAccessorImpl.invoke0(Native Method)
	at sun.reflect.NativeMethodAccessorImpl.invoke(NativeMethodAccessorImpl.java:62)
	at sun.reflect.DelegatingMethodAccessorImpl.invoke(DelegatingMethodAccessorImpl.java:43)
	at java.lang.reflect.Method.invoke(Method.java:498)
	at org.junit.runners.model.FrameworkMethod$1.runReflectiveCall(FrameworkMethod.java:50)
	at org.junit.internal.runners.model.ReflectiveCallable.run(ReflectiveCallable.java:12)
	at org.junit.runners.model.FrameworkMethod.invokeExplosively(FrameworkMethod.java:47)
	at org.junit.internal.runners.statements.InvokeMethod.evaluate(InvokeMethod.java:17)
	at org.junit.runners.ParentRunner.runLeaf(ParentRunner.java:325)
	at org.junit.runners.BlockJUnit4ClassRunner.runChild(BlockJUnit4ClassRunner.java:78)
	at org.junit.runners.BlockJUnit4ClassRunner.runChild(BlockJUnit4ClassRunner.java:57)
	at org.junit.runners.ParentRunner$3.run(ParentRunner.java:290)
	at org.junit.runners.ParentRunner$1.schedule(ParentRunner.java:71)
	at org.junit.runners.ParentRunner.runChildren(ParentRunner.java:288)
	at org.junit.runners.ParentRunner.access$000(ParentRunner.java:58)
	at org.junit.runners.ParentRunner$2.evaluate(ParentRunner.java:268)
	at org.junit.runners.ParentRunner.run(ParentRunner.java:363)
	at org.apache.maven.surefire.junit4.JUnit4Provider.execute(JUnit4Provider.java:252)
	at org.apache.maven.surefire.junit4.JUnit4Provider.executeTestSet(JUnit4Provider.java:141)
	at org.apache.maven.surefire.junit4.JUnit4Provider.invoke(JUnit4Provider.java:112)
	at sun.reflect.NativeMethodAccessorImpl.invoke0(Native Method)
	at sun.reflect.NativeMethodAccessorImpl.invoke(NativeMethodAccessorImpl.java:62)
	at sun.reflect.DelegatingMethodAccessorImpl.invoke(DelegatingMethodAccessorImpl.java:43)
	at java.lang.reflect.Method.invoke(Method.java:498)
	at org.apache.maven.surefire.util.ReflectionUtils.invokeMethodWithArray(ReflectionUtils.java:189)
	at org.apache.maven.surefire.booter.ProviderFactory$ProviderProxy.invoke(ProviderFactory.java:165)
	at org.apache.maven.surefire.booter.ProviderFactory.invokeProvider(ProviderFactory.java:85)
	at org.apache.maven.surefire.booter.ForkedBooter.runSuitesInProcess(ForkedBooter.java:115)
	at org.apache.maven.surefire.booter.ForkedBooter.main(ForkedBooter.java:75)
&lt;/pre&gt;
&lt;/div&gt;&lt;/div&gt;</comment>
                            <comment id="15874405" author="alex.parvulescu" created="Mon, 20 Feb 2017 11:27:20 +0000"  >&lt;p&gt;failed on build 461 windows, trunk:&lt;/p&gt;
&lt;div class=&quot;preformatted panel&quot; style=&quot;border-width: 1px;&quot;&gt;&lt;div class=&quot;preformattedContent panelContent&quot;&gt;
&lt;pre&gt;java.lang.AssertionError: Had to wait unexpectedly long for other threads: 2119
	at org.junit.Assert.fail(Assert.java:88)
	at org.junit.Assert.assertTrue(Assert.java:41)
	at org.apache.jackrabbit.oak.cache.ConcurrentTest.testLoaderBlock(ConcurrentTest.java:102)
&lt;/pre&gt;
&lt;/div&gt;&lt;/div&gt;</comment>
                            <comment id="15877925" author="tmueller" created="Wed, 22 Feb 2017 10:21:54 +0000"  >&lt;p&gt;Increased timeout from 1 second to 30 seconds:&lt;/p&gt;

&lt;p&gt;&lt;a href=&quot;http://svn.apache.org/r1784004&quot; class=&quot;external-link&quot; target=&quot;_blank&quot; rel=&quot;nofollow noopener&quot;&gt;http://svn.apache.org/r1784004&lt;/a&gt; (trunk)&lt;br/&gt;
&lt;a href=&quot;http://svn.apache.org/r1784005&quot; class=&quot;external-link&quot; target=&quot;_blank&quot; rel=&quot;nofollow noopener&quot;&gt;http://svn.apache.org/r1784005&lt;/a&gt; (1.0 branch)&lt;br/&gt;
&lt;a href=&quot;http://svn.apache.org/r1784006&quot; class=&quot;external-link&quot; target=&quot;_blank&quot; rel=&quot;nofollow noopener&quot;&gt;http://svn.apache.org/r1784006&lt;/a&gt; (1.2 branch)&lt;br/&gt;
&lt;a href=&quot;http://svn.apache.org/r1784007&quot; class=&quot;external-link&quot; target=&quot;_blank&quot; rel=&quot;nofollow noopener&quot;&gt;http://svn.apache.org/r1784007&lt;/a&gt; (1.4 branch)&lt;br/&gt;
&lt;a href=&quot;http://svn.apache.org/r1784008&quot; class=&quot;external-link&quot; target=&quot;_blank&quot; rel=&quot;nofollow noopener&quot;&gt;http://svn.apache.org/r1784008&lt;/a&gt; (1.6 branch)&lt;/p&gt;</comment>
                            <comment id="15944971" author="dominique.jaeggi" created="Tue, 28 Mar 2017 11:21:24 +0000"  >&lt;p&gt;bulk close 1.0.38&lt;/p&gt;</comment>
                    </comments>
                <issuelinks>
                            <issuelinktype id="12310000">
                    <name>Duplicate</name>
                                                                <inwardlinks description="is duplicated by">
                                        <issuelink>
            <issuekey id="13043091">OAK-5658</issuekey>
        </issuelink>
            <issuelink>
            <issuekey id="13043409">OAK-5669</issuekey>
        </issuelink>
            <issuelink>
            <issuekey id="13043790">OAK-5696</issuekey>
        </issuelink>
            <issuelink>
            <issuekey id="13044333">OAK-5714</issuekey>
        </issuelink>
            <issuelink>
            <issuekey id="13044376">OAK-5715</issuekey>
        </issuelink>
            <issuelink>
            <issuekey id="13044396">OAK-5717</issuekey>
        </issuelink>
            <issuelink>
            <issuekey id="13045196">OAK-5755</issuekey>
        </issuelink>
                            </inwardlinks>
                                    </issuelinktype>
                    </issuelinks>
                <attachments>
                            <attachment id="12851982" name="unit-tests.log" size="6588013" author="amitjain" created="Fri, 10 Feb 2017 03:55:29 +0000"/>
                    </attachments>
                <subtasks>
                    </subtasks>
                <customfields>
                                                                            <customfield id="customfield_12310310" key="com.atlassian.jira.toolkit:attachments">
                        <customfieldname>Attachment count</customfieldname>
                        <customfieldvalues>
                            <customfieldvalue>1.0</customfieldvalue>
                        </customfieldvalues>
                    </customfield>
                                                                                                                                                                                                                                                                                                                                                                                                                                                                                                                                                                                                                                                                                                        <customfield id="customfield_12314020" key="com.atlassian.jira.plugins.jira-development-integration-plugin:devsummary">
                        <customfieldname>Development</customfieldname>
                        <customfieldvalues>
                            
                        </customfieldvalues>
                    </customfield>
                                                                                                                        <customfield id="customfield_12313422" key="com.atlassian.jirafisheyeplugin:jobcheckbox">
                        <customfieldname>Enable Automatic Patch Review</customfieldname>
                        <customfieldvalues>
                            <customfieldvalue><![CDATA[false]]></customfieldvalue>

                        </customfieldvalues>
                    </customfield>
                                                                                                                                                                                                                                                                                                                                                                                                                                                                                                                                                                                                                                                <customfield id="customfield_12310420" key="com.pyxis.greenhopper.jira:gh-global-rank">
                        <customfieldname>Global Rank</customfieldname>
                        <customfieldvalues>
                            <customfieldvalue>9223372036854775807</customfieldvalue>
                        </customfieldvalues>
                    </customfield>
                                                                                                                                                                                                                                        <customfield id="customfield_12312521" key="com.atlassian.jira.toolkit:LastCommentDate">
                        <customfieldname>Last public comment date</customfieldname>
                        <customfieldvalues>
                            8 years, 33 weeks, 4 days ago
                        </customfieldvalues>
                    </customfield>
                                                                                                                                                                                                                                                                                                <customfield id="customfield_12311820" key="com.pyxis.greenhopper.jira:gh-lexo-rank">
                        <customfieldname>Rank</customfieldname>
                        <customfieldvalues>
                            <customfieldvalue>0|i39vj3:</customfieldvalue>

                        </customfieldvalues>
                    </customfield>
                                                                <customfield id="customfield_12310920" key="com.pyxis.greenhopper.jira:gh-global-rank">
                        <customfieldname>Rank (Obsolete)</customfieldname>
                        <customfieldvalues>
                            <customfieldvalue>9223372036854775807</customfieldvalue>
                        </customfieldvalues>
                    </customfield>
                                                                                                                                                                                                                                                                                                                                                                                                                                                                                                                                                                                                                                                                                                                                                                                            </customfields>
    </item>
</channel>
</rss>