<!-- 
RSS generated by JIRA (8.20.10#820010-sha1:ace47f9899e9ee25d7157d59aa17ab06aee30d3d) at Wed Nov 12 07:57:54 UTC 2025

It is possible to restrict the fields that are returned in this document by specifying the 'field' parameter in your request.
For example, to request only the issue key and summary append 'field=key&field=summary' to the URL of your request.
-->
<rss version="0.92" >
<channel>
    <title>ASF Jira</title>
    <link>https://issues.apache.org/jira</link>
    <description>This file is an XML representation of an issue</description>
    <language>en-uk</language>    <build-info>
        <version>8.20.10</version>
        <build-number>820010</build-number>
        <build-date>22-06-2022</build-date>
    </build-info>


<item>
            <title>[THRIFT-852] Missing newline causes many compiler warnings</title>
                <link>https://issues.apache.org/jira/browse/THRIFT-852</link>
                <project id="12310800" key="THRIFT">Thrift</project>
                    <description>&lt;p&gt;When compiling with -Wall, I see a lot of these&lt;/p&gt;

&lt;p&gt;gmake&lt;span class=&quot;error&quot;&gt;&amp;#91;3&amp;#93;&lt;/span&gt;: Entering directory `/home/molinaro/thrift-0.4.0/compiler/cpp&apos;&lt;br/&gt;
g++ -DHAVE_CONFIG_H -I. -I../..   -I/usr/local/include -Wall -I./src -I/usr/include -g -O3 -funroll-loops -I/usr/local/include -MT thrift-thrifty.o -MD -MP -MF .deps/thrift-thrifty.Tpo -c -o thrift-thrifty.o `test -f &apos;thrifty.cc&apos; || echo &apos;./&apos;`thrifty.cc&lt;br/&gt;
In file included from ./src/parse/t_program.h:41,&lt;br/&gt;
                 from thrifty.yy:35:&lt;br/&gt;
./src/generate/t_generator_registry.h:103:7: warning: no newline at end of file&lt;/p&gt;

&lt;p&gt;Which is easily fixed with the attached patch.&lt;/p&gt;</description>
                <environment></environment>
        <key id="12471623">THRIFT-852</key>
            <summary>Missing newline causes many compiler warnings</summary>
                <type id="1" iconUrl="https://issues.apache.org/jira/secure/viewavatar?size=xsmall&amp;avatarId=21133&amp;avatarType=issuetype">Bug</type>
                                            <priority id="3" iconUrl="https://issues.apache.org/jira/images/icons/priorities/major.svg">Major</priority>
                        <status id="6" iconUrl="https://issues.apache.org/jira/images/icons/statuses/closed.png" description="The issue is considered finished, the resolution is correct. Issues which are not closed can be reopened.">Closed</status>
                    <statusCategory id="3" key="done" colorName="green"/>
                                    <resolution id="1">Fixed</resolution>
                                        <assignee username="djnym">Anthony Molinaro</assignee>
                                    <reporter username="djnym">Anthony Molinaro</reporter>
                        <labels>
                    </labels>
                <created>Sat, 14 Aug 2010 21:19:57 +0000</created>
                <updated>Tue, 28 Sep 2010 03:52:08 +0000</updated>
                            <resolved>Sun, 15 Aug 2010 22:59:14 +0000</resolved>
                                    <version>0.4</version>
                    <version>0.5</version>
                                    <fixVersion>0.5</fixVersion>
                                    <component>Compiler (General)</component>
                        <due></due>
                            <votes>0</votes>
                                    <watches>0</watches>
                                                                                                                <comments>
                            <comment id="12898762" author="bryanduxbury" created="Sun, 15 Aug 2010 22:59:14 +0000"  >&lt;p&gt;I just commtted this to trunk.&lt;/p&gt;</comment>
                            <comment id="12915591" author="patilsa@missouri.edu" created="Tue, 28 Sep 2010 02:09:38 +0000"  >&lt;p&gt;  Hello Anthony,&lt;/p&gt;

&lt;p&gt;I am facing a similar issue. I am trying to compile thrift-0.4.0 on &lt;br/&gt;
Centos 5.5.  Could you please suggest a work around? Here is the output &lt;br/&gt;
that I get :&lt;/p&gt;

&lt;p&gt;/&lt;span class=&quot;error&quot;&gt;&amp;#91;hadoop@localhost thrift&amp;#93;&lt;/span&gt;$ make &amp;gt; make.output&lt;br/&gt;
In file included from ./src/parse/t_program.h:41,&lt;br/&gt;
                  from src/thrifty.yy:35:&lt;br/&gt;
./src/generate/t_generator_registry.h:103:7: warning: no newline at end &lt;br/&gt;
of file&lt;br/&gt;
In file included from ./src/parse/t_program.h:41,&lt;br/&gt;
                  from src/thriftl.ll:33:&lt;br/&gt;
./src/generate/t_generator_registry.h:103:7: warning: no newline at end &lt;br/&gt;
of file&lt;br/&gt;
thriftl.cc: In function &apos;int yylex()&apos;:&lt;br/&gt;
thriftl.cc:1479: warning: label &apos;find_rule&apos; defined but not used&lt;br/&gt;
thriftl.cc: At global scope:&lt;br/&gt;
thriftl.cc:2752: warning: &apos;void yyunput(int, char*)&apos; defined but not used&lt;br/&gt;
thriftl.cc:3239: warning: &apos;int yy_flex_strlen(const char*)&apos; defined but &lt;br/&gt;
not used&lt;br/&gt;
In file included from src/parse/t_program.h:41,&lt;br/&gt;
                  from src/main.cc:49:&lt;br/&gt;
./src/generate/t_generator_registry.h:103:7: warning: no newline at end &lt;br/&gt;
of file&lt;br/&gt;
In file included from src/generate/t_generator.h:29,&lt;br/&gt;
                  from src/main.cc:51:&lt;br/&gt;
src/generate/t_generator_registry.h:103:7: warning: no newline at end of &lt;br/&gt;
file&lt;br/&gt;
In file included from ./src/parse/t_program.h:41,&lt;br/&gt;
                  from src/generate/t_generator.h:27,&lt;br/&gt;
                  from src/generate/t_generator.cc:20:&lt;br/&gt;
./src/generate/t_generator_registry.h:103:7: warning: no newline at end &lt;br/&gt;
of file&lt;br/&gt;
In file included from src/generate/t_generator.h:29,&lt;br/&gt;
                  from src/generate/t_generator.cc:20:&lt;br/&gt;
src/generate/t_generator_registry.h:103:7: warning: no newline at end of &lt;br/&gt;
file&lt;br/&gt;
In file included from ./src/parse/t_program.h:41,&lt;br/&gt;
                  from src/generate/t_generator.h:27,&lt;br/&gt;
                  from src/generate/t_oop_generator.h:27,&lt;br/&gt;
                  from src/generate/t_cpp_generator.cc:35:&lt;br/&gt;
./src/generate/t_generator_registry.h:103:7: warning: no newline at end &lt;br/&gt;
of file&lt;br/&gt;
In file included from src/generate/t_generator.h:29,&lt;br/&gt;
                  from src/generate/t_oop_generator.h:27,&lt;br/&gt;
                  from src/generate/t_cpp_generator.cc:35:&lt;br/&gt;
src/generate/t_generator_registry.h:103:7: warning: no newline at end of &lt;br/&gt;
file&lt;br/&gt;
In file included from ./src/parse/t_program.h:41,&lt;br/&gt;
                  from src/generate/t_generator.h:27,&lt;br/&gt;
                  from src/generate/t_oop_generator.h:27,&lt;br/&gt;
                  from src/generate/t_java_generator.cc:31:&lt;br/&gt;
./src/generate/t_generator_registry.h:103:7: warning: no newline at end &lt;br/&gt;
of file&lt;br/&gt;
In file included from src/generate/t_generator.h:29,&lt;br/&gt;
                  from src/generate/t_oop_generator.h:27,&lt;br/&gt;
                  from src/generate/t_java_generator.cc:31:&lt;br/&gt;
src/generate/t_generator_registry.h:103:7: warning: no newline at end of &lt;br/&gt;
file&lt;br/&gt;
src/generate/t_java_generator.cc: In member function &apos;void &lt;br/&gt;
t_java_generator::generate_java_struct_clear(std::ofstream&amp;amp;, t_struct*)&apos;:&lt;br/&gt;
src/generate/t_java_generator.cc:3887: warning: enumeration value &lt;br/&gt;
&apos;TYPE_VOID&apos; not handled in switch&lt;br/&gt;
src/generate/t_java_generator.cc:3887: warning: enumeration value &lt;br/&gt;
&apos;TYPE_STRING&apos; not handled in switch&lt;br/&gt;
In file included from ./src/parse/t_program.h:41,&lt;br/&gt;
                  from src/generate/t_generator.h:27,&lt;br/&gt;
                  from src/generate/t_oop_generator.h:27,&lt;br/&gt;
                  from src/generate/t_as3_generator.cc:31:&lt;br/&gt;
./src/generate/t_generator_registry.h:103:7: warning: no newline at end &lt;br/&gt;
of file&lt;br/&gt;
In file included from src/generate/t_generator.h:29,&lt;br/&gt;
                  from src/generate/t_oop_generator.h:27,&lt;br/&gt;
                  from src/generate/t_as3_generator.cc:31:&lt;br/&gt;
src/generate/t_generator_registry.h:103:7: warning: no newline at end of &lt;br/&gt;
file&lt;br/&gt;
In file included from ./src/parse/t_program.h:41,&lt;br/&gt;
                  from src/generate/t_generator.h:27,&lt;br/&gt;
                  from src/generate/t_oop_generator.h:27,&lt;br/&gt;
                  from src/generate/t_csharp_generator.cc:34:&lt;br/&gt;
./src/generate/t_generator_registry.h:103:7: warning: no newline at end &lt;br/&gt;
of file&lt;br/&gt;
In file included from src/generate/t_generator.h:29,&lt;br/&gt;
                  from src/generate/t_oop_generator.h:27,&lt;br/&gt;
                  from src/generate/t_csharp_generator.cc:34:&lt;br/&gt;
src/generate/t_generator_registry.h:103:7: warning: no newline at end of &lt;br/&gt;
file&lt;br/&gt;
In file included from ./src/parse/t_program.h:41,&lt;br/&gt;
                  from src/generate/t_generator.h:27,&lt;br/&gt;
                  from src/generate/t_py_generator.cc:30:&lt;br/&gt;
./src/generate/t_generator_registry.h:103:7: warning: no newline at end &lt;br/&gt;
of file&lt;br/&gt;
In file included from src/generate/t_generator.h:29,&lt;br/&gt;
                  from src/generate/t_py_generator.cc:30:&lt;br/&gt;
src/generate/t_generator_registry.h:103:7: warning: no newline at end of &lt;br/&gt;
file&lt;br/&gt;
In file included from ./src/parse/t_program.h:41,&lt;br/&gt;
                  from src/generate/t_generator.h:27,&lt;br/&gt;
                  from src/generate/t_oop_generator.h:27,&lt;br/&gt;
                  from src/generate/t_rb_generator.cc:36:&lt;br/&gt;
./src/generate/t_generator_registry.h:103:7: warning: no newline at end &lt;br/&gt;
of file&lt;br/&gt;
In file included from src/generate/t_generator.h:29,&lt;br/&gt;
                  from src/generate/t_oop_generator.h:27,&lt;br/&gt;
                  from src/generate/t_rb_generator.cc:36:&lt;br/&gt;
src/generate/t_generator_registry.h:103:7: warning: no newline at end of &lt;br/&gt;
file&lt;br/&gt;
In file included from ./src/parse/t_program.h:41,&lt;br/&gt;
                  from src/generate/t_generator.h:27,&lt;br/&gt;
                  from src/generate/t_oop_generator.h:27,&lt;br/&gt;
                  from src/generate/t_perl_generator.cc:29:&lt;br/&gt;
./src/generate/t_generator_registry.h:103:7: warning: no newline at end &lt;br/&gt;
of file&lt;br/&gt;
In file included from src/generate/t_generator.h:29,&lt;br/&gt;
                  from src/generate/t_oop_generator.h:27,&lt;br/&gt;
                  from src/generate/t_perl_generator.cc:29:&lt;br/&gt;
src/generate/t_generator_registry.h:103:7: warning: no newline at end of &lt;br/&gt;
file&lt;br/&gt;
In file included from ./src/parse/t_program.h:41,&lt;br/&gt;
                  from src/generate/t_generator.h:27,&lt;br/&gt;
                  from src/generate/t_oop_generator.h:27,&lt;br/&gt;
                  from src/generate/t_php_generator.cc:28:&lt;br/&gt;
./src/generate/t_generator_registry.h:103:7: warning: no newline at end &lt;br/&gt;
of file&lt;br/&gt;
In file included from src/generate/t_generator.h:29,&lt;br/&gt;
                  from src/generate/t_oop_generator.h:27,&lt;br/&gt;
                  from src/generate/t_php_generator.cc:28:&lt;br/&gt;
src/generate/t_generator_registry.h:103:7: warning: no newline at end of &lt;br/&gt;
file&lt;br/&gt;
In file included from ./src/parse/t_program.h:41,&lt;br/&gt;
                  from src/generate/t_generator.h:27,&lt;br/&gt;
                  from src/generate/t_erl_generator.cc:29:&lt;br/&gt;
./src/generate/t_generator_registry.h:103:7: warning: no newline at end &lt;br/&gt;
of file&lt;br/&gt;
In file included from src/generate/t_generator.h:29,&lt;br/&gt;
                  from src/generate/t_erl_generator.cc:29:&lt;br/&gt;
src/generate/t_generator_registry.h:103:7: warning: no newline at end of &lt;br/&gt;
file&lt;br/&gt;
In file included from ./src/parse/t_program.h:41,&lt;br/&gt;
                  from src/generate/t_generator.h:27,&lt;br/&gt;
                  from src/generate/t_oop_generator.h:27,&lt;br/&gt;
                  from src/generate/t_cocoa_generator.cc:28:&lt;br/&gt;
./src/generate/t_generator_registry.h:103:7: warning: no newline at end &lt;br/&gt;
of file&lt;br/&gt;
In file included from src/generate/t_generator.h:29,&lt;br/&gt;
                  from src/generate/t_oop_generator.h:27,&lt;br/&gt;
                  from src/generate/t_cocoa_generator.cc:28:&lt;br/&gt;
src/generate/t_generator_registry.h:103:7: warning: no newline at end of &lt;br/&gt;
file&lt;br/&gt;
In file included from ./src/parse/t_program.h:41,&lt;br/&gt;
                  from src/generate/t_generator.h:27,&lt;br/&gt;
                  from src/generate/t_oop_generator.h:27,&lt;br/&gt;
                  from src/generate/t_st_generator.cc:36:&lt;br/&gt;
./src/generate/t_generator_registry.h:103:7: warning: no newline at end &lt;br/&gt;
of file&lt;br/&gt;
In file included from src/generate/t_generator.h:29,&lt;br/&gt;
                  from src/generate/t_oop_generator.h:27,&lt;br/&gt;
                  from src/generate/t_st_generator.cc:36:&lt;br/&gt;
src/generate/t_generator_registry.h:103:7: warning: no newline at end of &lt;br/&gt;
file&lt;br/&gt;
In file included from ./src/parse/t_program.h:41,&lt;br/&gt;
                  from src/generate/t_generator.h:27,&lt;br/&gt;
                  from src/generate/t_oop_generator.h:27,&lt;br/&gt;
                  from src/generate/t_ocaml_generator.cc:29:&lt;br/&gt;
./src/generate/t_generator_registry.h:103:7: warning: no newline at end &lt;br/&gt;
of file&lt;br/&gt;
In file included from src/generate/t_generator.h:29,&lt;br/&gt;
                  from src/generate/t_oop_generator.h:27,&lt;br/&gt;
                  from src/generate/t_ocaml_generator.cc:29:&lt;br/&gt;
src/generate/t_generator_registry.h:103:7: warning: no newline at end of &lt;br/&gt;
file&lt;br/&gt;
In file included from ./src/parse/t_program.h:41,&lt;br/&gt;
                  from src/generate/t_generator.h:27,&lt;br/&gt;
                  from src/generate/t_oop_generator.h:27,&lt;br/&gt;
                  from src/generate/t_hs_generator.cc:29:&lt;br/&gt;
./src/generate/t_generator_registry.h:103:7: warning: no newline at end &lt;br/&gt;
of file&lt;br/&gt;
In file included from src/generate/t_generator.h:29,&lt;br/&gt;
                  from src/generate/t_oop_generator.h:27,&lt;br/&gt;
                  from src/generate/t_hs_generator.cc:29:&lt;br/&gt;
src/generate/t_generator_registry.h:103:7: warning: no newline at end of &lt;br/&gt;
file&lt;br/&gt;
In file included from ./src/parse/t_program.h:41,&lt;br/&gt;
                  from src/generate/t_generator.h:27,&lt;br/&gt;
                  from src/generate/t_xsd_generator.cc:27:&lt;br/&gt;
./src/generate/t_generator_registry.h:103:7: warning: no newline at end &lt;br/&gt;
of file&lt;br/&gt;
In file included from src/generate/t_generator.h:29,&lt;br/&gt;
                  from src/generate/t_xsd_generator.cc:27:&lt;br/&gt;
src/generate/t_generator_registry.h:103:7: warning: no newline at end of &lt;br/&gt;
file&lt;br/&gt;
In file included from ./src/parse/t_program.h:41,&lt;br/&gt;
                  from src/generate/t_generator.h:27,&lt;br/&gt;
                  from src/generate/t_html_generator.cc:29:&lt;br/&gt;
./src/generate/t_generator_registry.h:103:7: warning: no newline at end &lt;br/&gt;
of file&lt;br/&gt;
In file included from src/generate/t_generator.h:29,&lt;br/&gt;
                  from src/generate/t_html_generator.cc:29:&lt;br/&gt;
src/generate/t_generator_registry.h:103:7: warning: no newline at end of &lt;br/&gt;
file&lt;br/&gt;
In file included from ./src/parse/t_program.h:41,&lt;br/&gt;
                  from src/generate/t_generator.h:27,&lt;br/&gt;
                  from src/generate/t_oop_generator.h:27,&lt;br/&gt;
                  from src/generate/t_js_generator.cc:33:&lt;br/&gt;
./src/generate/t_generator_registry.h:103:7: warning: no newline at end &lt;br/&gt;
of file&lt;br/&gt;
In file included from src/generate/t_generator.h:29,&lt;br/&gt;
                  from src/generate/t_oop_generator.h:27,&lt;br/&gt;
                  from src/generate/t_js_generator.cc:33:&lt;br/&gt;
src/generate/t_generator_registry.h:103:7: warning: no newline at end of &lt;br/&gt;
file&lt;br/&gt;
src/protocol/TDebugProtocol.cpp: In member function &apos;virtual uint32_t &lt;br/&gt;
apache::thrift::protocol::TDebugProtocol::writeMessageBegin(const &lt;br/&gt;
std::string&amp;amp;, apache::thrift::protocol::TMessageType, int32_t)&apos;:&lt;br/&gt;
src/protocol/TDebugProtocol.cpp:152: warning: enumeration value &lt;br/&gt;
&apos;T_ONEWAY&apos; not handled in switch&lt;br/&gt;
src/protocol/fastbinary.c:20:20: error: Python.h: No such file or directory&lt;br/&gt;
src/protocol/fastbinary.c:21:23: error: cStringIO.h: No such file or &lt;br/&gt;
directory&lt;br/&gt;
src/protocol/fastbinary.c:123: error: expected specifier-qualifier-list &lt;br/&gt;
before &apos;PyObject&apos;&lt;br/&gt;
src/protocol/fastbinary.c:133: error: expected specifier-qualifier-list &lt;br/&gt;
before &apos;PyObject&apos;&lt;br/&gt;
src/protocol/fastbinary.c:142: error: expected specifier-qualifier-list &lt;br/&gt;
before &apos;PyObject&apos;&lt;br/&gt;
src/protocol/fastbinary.c:153: error: expected specifier-qualifier-list &lt;br/&gt;
before &apos;PyObject&apos;&lt;br/&gt;
src/protocol/fastbinary.c:163: error: expected specifier-qualifier-list &lt;br/&gt;
before &apos;PyObject&apos;&lt;br/&gt;
src/protocol/fastbinary.c:168: error: expected &apos;=&apos;, &apos;,&apos;, &apos;;&apos;, &apos;asm&apos; or &lt;br/&gt;
&apos;_&lt;em&gt;attribute&lt;/em&gt;_&apos; before &apos;*&apos; token&lt;br/&gt;
src/protocol/fastbinary.c:170: error: expected &apos;=&apos;, &apos;,&apos;, &apos;;&apos;, &apos;asm&apos; or &lt;br/&gt;
&apos;_&lt;em&gt;attribute&lt;/em&gt;_&apos; before &apos;*&apos; token&lt;br/&gt;
src/protocol/fastbinary.c: In function &apos;check_ssize_t_32&apos;:&lt;br/&gt;
src/protocol/fastbinary.c:175: warning: implicit declaration of function &lt;br/&gt;
&apos;PyErr_Occurred&apos;&lt;br/&gt;
src/protocol/fastbinary.c:179: warning: implicit declaration of function &lt;br/&gt;
&apos;PyErr_SetString&apos;&lt;br/&gt;
src/protocol/fastbinary.c:179: error: &apos;PyExc_OverflowError&apos; undeclared &lt;br/&gt;
(first use in this function)&lt;br/&gt;
src/protocol/fastbinary.c:179: error: (Each undeclared identifier is &lt;br/&gt;
reported only once&lt;br/&gt;
src/protocol/fastbinary.c:179: error: for each function it appears in.)&lt;br/&gt;
src/protocol/fastbinary.c: At top level:&lt;br/&gt;
src/protocol/fastbinary.c:186: error: expected &apos;)&apos; before &apos;*&apos; token&lt;br/&gt;
src/protocol/fastbinary.c:205: error: expected declaration specifiers or &lt;br/&gt;
&apos;...&apos; before &apos;PyObject&apos;&lt;br/&gt;
src/protocol/fastbinary.c: In function &apos;parse_set_list_args&apos;:&lt;br/&gt;
src/protocol/fastbinary.c:206: warning: implicit declaration of function &lt;br/&gt;
&apos;PyTuple_Size&apos;&lt;br/&gt;
src/protocol/fastbinary.c:206: error: &apos;typeargs&apos; undeclared (first use &lt;br/&gt;
in this function)&lt;br/&gt;
src/protocol/fastbinary.c:207: error: &apos;PyExc_TypeError&apos; undeclared &lt;br/&gt;
(first use in this function)&lt;br/&gt;
src/protocol/fastbinary.c:211: warning: implicit declaration of function &lt;br/&gt;
&apos;PyInt_AsLong&apos;&lt;br/&gt;
src/protocol/fastbinary.c:211: warning: implicit declaration of function &lt;br/&gt;
&apos;PyTuple_GET_ITEM&apos;&lt;br/&gt;
src/protocol/fastbinary.c:216: error: &apos;SetListTypeArgs&apos; has no member &lt;br/&gt;
named &apos;typeargs&apos;&lt;br/&gt;
src/protocol/fastbinary.c: At top level:&lt;br/&gt;
src/protocol/fastbinary.c:222: error: expected declaration specifiers or &lt;br/&gt;
&apos;...&apos; before &apos;PyObject&apos;&lt;br/&gt;
src/protocol/fastbinary.c: In function &apos;parse_map_args&apos;:&lt;br/&gt;
src/protocol/fastbinary.c:223: error: &apos;typeargs&apos; undeclared (first use &lt;br/&gt;
in this function)&lt;br/&gt;
src/protocol/fastbinary.c:224: error: &apos;PyExc_TypeError&apos; undeclared &lt;br/&gt;
(first use in this function)&lt;br/&gt;
src/protocol/fastbinary.c:238: error: &apos;MapTypeArgs&apos; has no member named &lt;br/&gt;
&apos;ktypeargs&apos;&lt;br/&gt;
src/protocol/fastbinary.c:239: error: &apos;MapTypeArgs&apos; has no member named &lt;br/&gt;
&apos;vtypeargs&apos;&lt;br/&gt;
src/protocol/fastbinary.c: At top level:&lt;br/&gt;
src/protocol/fastbinary.c:245: error: expected declaration specifiers or &lt;br/&gt;
&apos;...&apos; before &apos;PyObject&apos;&lt;br/&gt;
src/protocol/fastbinary.c: In function &apos;parse_struct_args&apos;:&lt;br/&gt;
src/protocol/fastbinary.c:246: error: &apos;typeargs&apos; undeclared (first use &lt;br/&gt;
in this function)&lt;br/&gt;
src/protocol/fastbinary.c:247: error: &apos;PyExc_TypeError&apos; undeclared &lt;br/&gt;
(first use in this function)&lt;br/&gt;
src/protocol/fastbinary.c:251: error: &apos;StructTypeArgs&apos; has no member &lt;br/&gt;
named &apos;klass&apos;&lt;br/&gt;
src/protocol/fastbinary.c:252: error: &apos;StructTypeArgs&apos; has no member &lt;br/&gt;
named &apos;spec&apos;&lt;br/&gt;
src/protocol/fastbinary.c: At top level:&lt;br/&gt;
src/protocol/fastbinary.c:258: error: expected declaration specifiers or &lt;br/&gt;
&apos;...&apos; before &apos;PyObject&apos;&lt;br/&gt;
src/protocol/fastbinary.c: In function &apos;parse_struct_item_spec&apos;:&lt;br/&gt;
src/protocol/fastbinary.c:261: error: &apos;spec_tuple&apos; undeclared (first use &lt;br/&gt;
in this function)&lt;br/&gt;
src/protocol/fastbinary.c:262: error: &apos;PyExc_TypeError&apos; undeclared &lt;br/&gt;
(first use in this function)&lt;br/&gt;
src/protocol/fastbinary.c:276: error: &apos;StructItemSpec&apos; has no member &lt;br/&gt;
named &apos;attrname&apos;&lt;br/&gt;
src/protocol/fastbinary.c:277: error: &apos;StructItemSpec&apos; has no member &lt;br/&gt;
named &apos;typeargs&apos;&lt;br/&gt;
src/protocol/fastbinary.c:278: error: &apos;StructItemSpec&apos; has no member &lt;br/&gt;
named &apos;defval&apos;&lt;br/&gt;
src/protocol/fastbinary.c: At top level:&lt;br/&gt;
src/protocol/fastbinary.c:289: error: expected &apos;)&apos; before &apos;*&apos; token&lt;br/&gt;
src/protocol/fastbinary.c:294: error: expected &apos;)&apos; before &apos;*&apos; token&lt;br/&gt;
src/protocol/fastbinary.c:299: error: expected &apos;)&apos; before &apos;*&apos; token&lt;br/&gt;
src/protocol/fastbinary.c:304: error: expected &apos;)&apos; before &apos;*&apos; token&lt;br/&gt;
src/protocol/fastbinary.c:309: error: expected &apos;)&apos; before &apos;*&apos; token&lt;br/&gt;
src/protocol/fastbinary.c:323: error: expected &apos;)&apos; before &apos;*&apos; token&lt;br/&gt;
src/protocol/fastbinary.c:569: error: expected &apos;=&apos;, &apos;,&apos;, &apos;;&apos;, &apos;asm&apos; or &lt;br/&gt;
&apos;_&lt;em&gt;attribute&lt;/em&gt;_&apos; before &apos;*&apos; token&lt;br/&gt;
src/protocol/fastbinary.c: In function &apos;free_decodebuf&apos;:&lt;br/&gt;
src/protocol/fastbinary.c:598: warning: implicit declaration of function &lt;br/&gt;
&apos;Py_XDECREF&apos;&lt;br/&gt;
src/protocol/fastbinary.c:598: error: &apos;DecodeBuffer&apos; has no member named &lt;br/&gt;
&apos;stringiobuf&apos;&lt;br/&gt;
src/protocol/fastbinary.c:599: error: &apos;DecodeBuffer&apos; has no member named &lt;br/&gt;
&apos;refill_callable&apos;&lt;br/&gt;
src/protocol/fastbinary.c: At top level:&lt;br/&gt;
src/protocol/fastbinary.c:603: error: expected declaration specifiers or &lt;br/&gt;
&apos;...&apos; before &apos;PyObject&apos;&lt;br/&gt;
src/protocol/fastbinary.c: In function &apos;decode_buffer_from_obj&apos;:&lt;br/&gt;
src/protocol/fastbinary.c:604: error: &apos;DecodeBuffer&apos; has no member named &lt;br/&gt;
&apos;stringiobuf&apos;&lt;br/&gt;
src/protocol/fastbinary.c:604: warning: implicit declaration of function &lt;br/&gt;
&apos;PyObject_GetAttr&apos;&lt;br/&gt;
src/protocol/fastbinary.c:604: error: &apos;obj&apos; undeclared (first use in &lt;br/&gt;
this function)&lt;br/&gt;
src/protocol/fastbinary.c:604: error: &apos;_intern_cstringio_buf&apos; undeclared &lt;br/&gt;
(first use in this function)&lt;br/&gt;
src/protocol/fastbinary.c:605: error: &apos;DecodeBuffer&apos; has no member named &lt;br/&gt;
&apos;stringiobuf&apos;&lt;br/&gt;
src/protocol/fastbinary.c:609: warning: implicit declaration of function &lt;br/&gt;
&apos;PycStringIO_InputCheck&apos;&lt;br/&gt;
src/protocol/fastbinary.c:609: error: &apos;DecodeBuffer&apos; has no member named &lt;br/&gt;
&apos;stringiobuf&apos;&lt;br/&gt;
src/protocol/fastbinary.c:611: error: &apos;PyExc_TypeError&apos; undeclared &lt;br/&gt;
(first use in this function)&lt;br/&gt;
src/protocol/fastbinary.c:615: error: &apos;DecodeBuffer&apos; has no member named &lt;br/&gt;
&apos;refill_callable&apos;&lt;br/&gt;
src/protocol/fastbinary.c:615: error: &apos;_intern_cstringio_refill&apos; &lt;br/&gt;
undeclared (first use in this function)&lt;br/&gt;
src/protocol/fastbinary.c:617: error: &apos;DecodeBuffer&apos; has no member named &lt;br/&gt;
&apos;refill_callable&apos;&lt;br/&gt;
src/protocol/fastbinary.c:622: warning: implicit declaration of function &lt;br/&gt;
&apos;PyCallable_Check&apos;&lt;br/&gt;
src/protocol/fastbinary.c:622: error: &apos;DecodeBuffer&apos; has no member named &lt;br/&gt;
&apos;refill_callable&apos;&lt;br/&gt;
src/protocol/fastbinary.c: In function &apos;readBytes&apos;:&lt;br/&gt;
src/protocol/fastbinary.c:638: error: &apos;PycStringIO&apos; undeclared (first &lt;br/&gt;
use in this function)&lt;br/&gt;
src/protocol/fastbinary.c:638: error: &apos;DecodeBuffer&apos; has no member named &lt;br/&gt;
&apos;stringiobuf&apos;&lt;br/&gt;
src/protocol/fastbinary.c:645: error: &apos;PyObject&apos; undeclared (first use &lt;br/&gt;
in this function)&lt;br/&gt;
src/protocol/fastbinary.c:645: error: &apos;newiobuf&apos; undeclared (first use &lt;br/&gt;
in this function)&lt;br/&gt;
src/protocol/fastbinary.c:648: warning: implicit declaration of function &lt;br/&gt;
&apos;PyObject_CallFunction&apos;&lt;br/&gt;
src/protocol/fastbinary.c:649: error: &apos;DecodeBuffer&apos; has no member named &lt;br/&gt;
&apos;refill_callable&apos;&lt;br/&gt;
src/protocol/fastbinary.c:655: warning: implicit declaration of function &lt;br/&gt;
&apos;Py_CLEAR&apos;&lt;br/&gt;
src/protocol/fastbinary.c:655: error: &apos;DecodeBuffer&apos; has no member named &lt;br/&gt;
&apos;stringiobuf&apos;&lt;br/&gt;
src/protocol/fastbinary.c:656: error: &apos;DecodeBuffer&apos; has no member named &lt;br/&gt;
&apos;stringiobuf&apos;&lt;br/&gt;
src/protocol/fastbinary.c:658: error: &apos;DecodeBuffer&apos; has no member named &lt;br/&gt;
&apos;stringiobuf&apos;&lt;br/&gt;
src/protocol/fastbinary.c:666: error: &apos;PyExc_TypeError&apos; undeclared &lt;br/&gt;
(first use in this function)&lt;br/&gt;
src/protocol/fastbinary.c: In function &apos;checkTypeByte&apos;:&lt;br/&gt;
src/protocol/fastbinary.c:730: error: &apos;PyExc_TypeError&apos; undeclared &lt;br/&gt;
(first use in this function)&lt;br/&gt;
src/protocol/fastbinary.c: In function &apos;skip&apos;:&lt;br/&gt;
src/protocol/fastbinary.c:842: error: &apos;PyExc_TypeError&apos; undeclared &lt;br/&gt;
(first use in this function)&lt;br/&gt;
src/protocol/fastbinary.c: At top level:&lt;br/&gt;
src/protocol/fastbinary.c:855: error: expected &apos;=&apos;, &apos;,&apos;, &apos;;&apos;, &apos;asm&apos; or &lt;br/&gt;
&apos;_&lt;em&gt;attribute&lt;/em&gt;_&apos; before &apos;*&apos; token&lt;br/&gt;
src/protocol/fastbinary.c:859: error: expected declaration specifiers or &lt;br/&gt;
&apos;...&apos; before &apos;PyObject&apos;&lt;br/&gt;
src/protocol/fastbinary.c:859: error: expected declaration specifiers or &lt;br/&gt;
&apos;...&apos; before &apos;PyObject&apos;&lt;br/&gt;
src/protocol/fastbinary.c: In function &apos;decode_struct&apos;:&lt;br/&gt;
src/protocol/fastbinary.c:860: error: &apos;spec_seq&apos; undeclared (first use &lt;br/&gt;
in this function)&lt;br/&gt;
src/protocol/fastbinary.c:868: error: &apos;PyObject&apos; undeclared (first use &lt;br/&gt;
in this function)&lt;br/&gt;
src/protocol/fastbinary.c:868: error: &apos;item_spec&apos; undeclared (first use &lt;br/&gt;
in this function)&lt;br/&gt;
src/protocol/fastbinary.c:869: error: &apos;fieldval&apos; undeclared (first use &lt;br/&gt;
in this function)&lt;br/&gt;
src/protocol/fastbinary.c:886: error: &apos;Py_None&apos; undeclared (first use in &lt;br/&gt;
this function)&lt;br/&gt;
src/protocol/fastbinary.c:897: error: too many arguments to function &lt;br/&gt;
&apos;parse_struct_item_spec&apos;&lt;br/&gt;
src/protocol/fastbinary.c:902: error: &apos;PyExc_TypeError&apos; undeclared &lt;br/&gt;
(first use in this function)&lt;br/&gt;
src/protocol/fastbinary.c:909: warning: implicit declaration of function &lt;br/&gt;
&apos;decode_val&apos;&lt;br/&gt;
src/protocol/fastbinary.c:909: error: &apos;StructItemSpec&apos; has no member &lt;br/&gt;
named &apos;typeargs&apos;&lt;br/&gt;
src/protocol/fastbinary.c:914: warning: implicit declaration of function &lt;br/&gt;
&apos;PyObject_SetAttr&apos;&lt;br/&gt;
src/protocol/fastbinary.c:914: error: &apos;output&apos; undeclared (first use in &lt;br/&gt;
this function)&lt;br/&gt;
src/protocol/fastbinary.c:914: error: &apos;StructItemSpec&apos; has no member &lt;br/&gt;
named &apos;attrname&apos;&lt;br/&gt;
src/protocol/fastbinary.c:915: warning: implicit declaration of function &lt;br/&gt;
&apos;Py_DECREF&apos;&lt;br/&gt;
src/protocol/fastbinary.c: At top level:&lt;br/&gt;
src/protocol/fastbinary.c:927: error: expected &apos;=&apos;, &apos;,&apos;, &apos;;&apos;, &apos;asm&apos; or &lt;br/&gt;
&apos;_&lt;em&gt;attribute&lt;/em&gt;_&apos; before &apos;*&apos; token&lt;br/&gt;
src/protocol/fastbinary.c:1144: error: expected &apos;=&apos;, &apos;,&apos;, &apos;;&apos;, &apos;asm&apos; or &lt;br/&gt;
&apos;_&lt;em&gt;attribute&lt;/em&gt;_&apos; before &apos;*&apos; token&lt;br/&gt;
src/protocol/fastbinary.c:1179: error: expected &apos;=&apos;, &apos;,&apos;, &apos;;&apos;, &apos;asm&apos; or &lt;br/&gt;
&apos;_&lt;em&gt;attribute&lt;/em&gt;_&apos; before &apos;ThriftFastBinaryMethods&apos;&lt;br/&gt;
src/protocol/fastbinary.c:1188: error: expected &apos;=&apos;, &apos;,&apos;, &apos;;&apos;, &apos;asm&apos; or &lt;br/&gt;
&apos;_&lt;em&gt;attribute&lt;/em&gt;_&apos; before &apos;initfastbinary&apos;&lt;br/&gt;
error: command &apos;gcc&apos; failed with exit status 1&lt;br/&gt;
make&lt;span class=&quot;error&quot;&gt;&amp;#91;3&amp;#93;&lt;/span&gt;: *** &lt;span class=&quot;error&quot;&gt;&amp;#91;all-local&amp;#93;&lt;/span&gt; Error 1&lt;br/&gt;
make&lt;span class=&quot;error&quot;&gt;&amp;#91;2&amp;#93;&lt;/span&gt;: *** &lt;span class=&quot;error&quot;&gt;&amp;#91;all-recursive&amp;#93;&lt;/span&gt; Error 1&lt;br/&gt;
make&lt;span class=&quot;error&quot;&gt;&amp;#91;1&amp;#93;&lt;/span&gt;: *** &lt;span class=&quot;error&quot;&gt;&amp;#91;all-recursive&amp;#93;&lt;/span&gt; Error 1&lt;br/&gt;
make: *** &lt;span class=&quot;error&quot;&gt;&amp;#91;all&amp;#93;&lt;/span&gt; Error 2&lt;br/&gt;
&lt;span class=&quot;error&quot;&gt;&amp;#91;hadoop@localhost thrift&amp;#93;&lt;/span&gt;$&lt;br/&gt;
/&lt;/p&gt;
</comment>
                            <comment id="12915605" author="djnym" created="Tue, 28 Sep 2010 03:51:50 +0000"  >&lt;p&gt;Santosh, I believe your problem is &lt;/p&gt;

&lt;p&gt;src/protocol/fastbinary.c:20:20: error: Python.h: No such file or directory&lt;br/&gt;
src/protocol/fastbinary.c:21:23: error: cStringIO.h: No such file or &lt;br/&gt;
directory&lt;/p&gt;

&lt;p&gt;Everything up to that point is a warning.  You probably need to install python-devel.&lt;/p&gt;

&lt;p&gt;You might check this page&lt;/p&gt;

&lt;p&gt;&lt;a href=&quot;http://wiki.apache.org/thrift/GettingCentOS5Packages&quot; class=&quot;external-link&quot; target=&quot;_blank&quot; rel=&quot;nofollow noopener&quot;&gt;http://wiki.apache.org/thrift/GettingCentOS5Packages&lt;/a&gt;&lt;/p&gt;</comment>
                    </comments>
                    <attachments>
                            <attachment id="12452111" name="newline.patch" size="460" author="djnym" created="Sat, 14 Aug 2010 21:21:05 +0000"/>
                    </attachments>
                <subtasks>
                    </subtasks>
                <customfields>
                                                                            <customfield id="customfield_12310310" key="com.atlassian.jira.toolkit:attachments">
                        <customfieldname>Attachment count</customfieldname>
                        <customfieldvalues>
                            <customfieldvalue>1.0</customfieldvalue>
                        </customfieldvalues>
                    </customfield>
                                                                                                                                                                                                                                                                                                                                                                                                                                                                                                                                                                                                                                                                                                        <customfield id="customfield_12314020" key="com.atlassian.jira.plugins.jira-development-integration-plugin:devsummary">
                        <customfieldname>Development</customfieldname>
                        <customfieldvalues>
                            
                        </customfieldvalues>
                    </customfield>
                                                                                                                        <customfield id="customfield_12313422" key="com.atlassian.jirafisheyeplugin:jobcheckbox">
                        <customfieldname>Enable Automatic Patch Review</customfieldname>
                        <customfieldvalues>
                            <customfieldvalue><![CDATA[false]]></customfieldvalue>

                        </customfieldvalues>
                    </customfield>
                                                                                                                                                                                                                                                                                                                                                                                                                                                                                                                                                                                                                                                <customfield id="customfield_12310420" key="com.pyxis.greenhopper.jira:gh-global-rank">
                        <customfieldname>Global Rank</customfieldname>
                        <customfieldvalues>
                            <customfieldvalue>38728</customfieldvalue>
                        </customfieldvalues>
                    </customfield>
                                                                                                                                                                                                                                        <customfield id="customfield_12312521" key="com.atlassian.jira.toolkit:LastCommentDate">
                        <customfieldname>Last public comment date</customfieldname>
                        <customfieldvalues>
                            15 years, 9 weeks, 1 day ago
                        </customfieldvalues>
                    </customfield>
                                                                                                                                                                                                                                        <customfield id="customfield_12310041" key="com.atlassian.jira.plugin.system.customfieldtypes:multicheckboxes">
                        <customfieldname>Patch Info</customfieldname>
                        <customfieldvalues>
                                <customfieldvalue key="10042"><![CDATA[Patch Available]]></customfieldvalue>
    
                        </customfieldvalues>
                    </customfield>
                                                                                                                        <customfield id="customfield_12311820" key="com.pyxis.greenhopper.jira:gh-lexo-rank">
                        <customfieldname>Rank</customfieldname>
                        <customfieldvalues>
                            <customfieldvalue>0|i16dpb:</customfieldvalue>

                        </customfieldvalues>
                    </customfield>
                                                                <customfield id="customfield_12310920" key="com.pyxis.greenhopper.jira:gh-global-rank">
                        <customfieldname>Rank (Obsolete)</customfieldname>
                        <customfieldvalues>
                            <customfieldvalue>245352</customfieldvalue>
                        </customfieldvalues>
                    </customfield>
                                                                                                                                                                                                                                                                                                                                                                                                                                                                                                                                                                                                                                                                                                                                                                                            </customfields>
    </item>
</channel>
</rss>