<!-- 
RSS generated by JIRA (8.20.10#820010-sha1:ace47f9899e9ee25d7157d59aa17ab06aee30d3d) at Wed Nov 12 08:06:08 UTC 2025

It is possible to restrict the fields that are returned in this document by specifying the 'field' parameter in your request.
For example, to request only the issue key and summary append 'field=key&field=summary' to the URL of your request.
-->
<rss version="0.92" >
<channel>
    <title>ASF Jira</title>
    <link>https://issues.apache.org/jira</link>
    <description>This file is an XML representation of an issue</description>
    <language>en-uk</language>    <build-info>
        <version>8.20.10</version>
        <build-number>820010</build-number>
        <build-date>22-06-2022</build-date>
    </build-info>


<item>
            <title>[THRIFT-1796] TJSONProtocol is not functional</title>
                <link>https://issues.apache.org/jira/browse/THRIFT-1796</link>
                <project id="12310800" key="THRIFT">Thrift</project>
                    <description>&lt;p&gt;TJSONProtocol is checked in to the Python libs, but it doesn&apos;t work at all. PyDev highlights a number of glaring typos and when I add a test for TJSONProtocol to SerializationTest.py, I got a sea of errors (see below). &lt;/p&gt;


&lt;p&gt;~/workspace/thrift/test/py$ python SerializationTest.py &lt;br/&gt;
testBackwards (_&lt;em&gt;main&lt;/em&gt;_.NormalBinaryTest) ... ok&lt;br/&gt;
testBools (_&lt;em&gt;main&lt;/em&gt;_.NormalBinaryTest) ... ok&lt;br/&gt;
testCompactStruct (_&lt;em&gt;main&lt;/em&gt;_.NormalBinaryTest) ... ok&lt;br/&gt;
testForwards (_&lt;em&gt;main&lt;/em&gt;_.NormalBinaryTest) ... ok&lt;br/&gt;
testLargeDeltas (_&lt;em&gt;main&lt;/em&gt;_.NormalBinaryTest) ... ok&lt;br/&gt;
testListBonks (_&lt;em&gt;main&lt;/em&gt;_.NormalBinaryTest) ... ok&lt;br/&gt;
testNestedListsBonk (_&lt;em&gt;main&lt;/em&gt;_.NormalBinaryTest) ... ok&lt;br/&gt;
testNestedListsI32x2 (_&lt;em&gt;main&lt;/em&gt;_.NormalBinaryTest) ... ok&lt;br/&gt;
testNestedListsI32x3 (_&lt;em&gt;main&lt;/em&gt;_.NormalBinaryTest) ... ok&lt;br/&gt;
testNestedMixedx2 (_&lt;em&gt;main&lt;/em&gt;_.NormalBinaryTest) ... ok&lt;br/&gt;
testSerializeV1 (_&lt;em&gt;main&lt;/em&gt;_.NormalBinaryTest) ... ok&lt;br/&gt;
testSerializeV2 (_&lt;em&gt;main&lt;/em&gt;_.NormalBinaryTest) ... ok&lt;br/&gt;
testBackwards (_&lt;em&gt;main&lt;/em&gt;_.AcceleratedBinaryTest) ... ok&lt;br/&gt;
testBools (_&lt;em&gt;main&lt;/em&gt;_.AcceleratedBinaryTest) ... ok&lt;br/&gt;
testCompactStruct (_&lt;em&gt;main&lt;/em&gt;_.AcceleratedBinaryTest) ... ok&lt;br/&gt;
testForwards (_&lt;em&gt;main&lt;/em&gt;_.AcceleratedBinaryTest) ... ok&lt;br/&gt;
testLargeDeltas (_&lt;em&gt;main&lt;/em&gt;_.AcceleratedBinaryTest) ... ok&lt;br/&gt;
testListBonks (_&lt;em&gt;main&lt;/em&gt;_.AcceleratedBinaryTest) ... ok&lt;br/&gt;
testNestedListsBonk (_&lt;em&gt;main&lt;/em&gt;_.AcceleratedBinaryTest) ... ok&lt;br/&gt;
testNestedListsI32x2 (_&lt;em&gt;main&lt;/em&gt;_.AcceleratedBinaryTest) ... ok&lt;br/&gt;
testNestedListsI32x3 (_&lt;em&gt;main&lt;/em&gt;_.AcceleratedBinaryTest) ... ok&lt;br/&gt;
testNestedMixedx2 (_&lt;em&gt;main&lt;/em&gt;_.AcceleratedBinaryTest) ... ok&lt;br/&gt;
testSerializeV1 (_&lt;em&gt;main&lt;/em&gt;_.AcceleratedBinaryTest) ... ok&lt;br/&gt;
testSerializeV2 (_&lt;em&gt;main&lt;/em&gt;_.AcceleratedBinaryTest) ... ok&lt;br/&gt;
testBackwards (_&lt;em&gt;main&lt;/em&gt;_.CompactProtocolTest) ... ok&lt;br/&gt;
testBools (_&lt;em&gt;main&lt;/em&gt;_.CompactProtocolTest) ... ok&lt;br/&gt;
testCompactStruct (_&lt;em&gt;main&lt;/em&gt;_.CompactProtocolTest) ... ok&lt;br/&gt;
testForwards (_&lt;em&gt;main&lt;/em&gt;_.CompactProtocolTest) ... ok&lt;br/&gt;
testLargeDeltas (_&lt;em&gt;main&lt;/em&gt;_.CompactProtocolTest) ... ok&lt;br/&gt;
testListBonks (_&lt;em&gt;main&lt;/em&gt;_.CompactProtocolTest) ... ok&lt;br/&gt;
testNestedListsBonk (_&lt;em&gt;main&lt;/em&gt;_.CompactProtocolTest) ... ok&lt;br/&gt;
testNestedListsI32x2 (_&lt;em&gt;main&lt;/em&gt;_.CompactProtocolTest) ... ok&lt;br/&gt;
testNestedListsI32x3 (_&lt;em&gt;main&lt;/em&gt;_.CompactProtocolTest) ... ok&lt;br/&gt;
testNestedMixedx2 (_&lt;em&gt;main&lt;/em&gt;_.CompactProtocolTest) ... ok&lt;br/&gt;
testSerializeV1 (_&lt;em&gt;main&lt;/em&gt;_.CompactProtocolTest) ... ok&lt;br/&gt;
testSerializeV2 (_&lt;em&gt;main&lt;/em&gt;_.CompactProtocolTest) ... ok&lt;br/&gt;
testBackwards (_&lt;em&gt;main&lt;/em&gt;_.JSONProtocolTest) ... ERROR&lt;br/&gt;
testBools (_&lt;em&gt;main&lt;/em&gt;_.JSONProtocolTest) ... ERROR&lt;br/&gt;
testCompactStruct (_&lt;em&gt;main&lt;/em&gt;_.JSONProtocolTest) ... ERROR&lt;br/&gt;
testForwards (_&lt;em&gt;main&lt;/em&gt;_.JSONProtocolTest) ... ERROR&lt;br/&gt;
testLargeDeltas (_&lt;em&gt;main&lt;/em&gt;_.JSONProtocolTest) ... ERROR&lt;br/&gt;
testListBonks (_&lt;em&gt;main&lt;/em&gt;_.JSONProtocolTest) ... ERROR&lt;br/&gt;
testNestedListsBonk (_&lt;em&gt;main&lt;/em&gt;_.JSONProtocolTest) ... ERROR&lt;br/&gt;
testNestedListsI32x2 (_&lt;em&gt;main&lt;/em&gt;_.JSONProtocolTest) ... ERROR&lt;br/&gt;
testNestedListsI32x3 (_&lt;em&gt;main&lt;/em&gt;_.JSONProtocolTest) ... ERROR&lt;br/&gt;
testNestedMixedx2 (_&lt;em&gt;main&lt;/em&gt;_.JSONProtocolTest) ... ERROR&lt;br/&gt;
testSerializeV1 (_&lt;em&gt;main&lt;/em&gt;_.JSONProtocolTest) ... ERROR&lt;br/&gt;
testSerializeV2 (_&lt;em&gt;main&lt;/em&gt;_.JSONProtocolTest) ... ERROR&lt;br/&gt;
testSplit (_&lt;em&gt;main&lt;/em&gt;_.AcceleratedFramedTest)&lt;br/&gt;
Test FramedTransport and BinaryProtocolAccelerated ... ok&lt;br/&gt;
testSerializeThenDeserialize (_&lt;em&gt;main&lt;/em&gt;_.SerializersTest) ... ok&lt;/p&gt;

&lt;p&gt;======================================================================&lt;br/&gt;
ERROR: testBackwards (_&lt;em&gt;main&lt;/em&gt;_.JSONProtocolTest)&lt;br/&gt;
----------------------------------------------------------------------&lt;br/&gt;
Traceback (most recent call last):&lt;br/&gt;
  File &quot;SerializationTest.py&quot;, line 204, in testBackwards&lt;br/&gt;
    obj = self._deserialize(VersioningTestV1, self._serialize(self.v2obj))&lt;br/&gt;
  File &quot;SerializationTest.py&quot;, line 189, in _serialize&lt;br/&gt;
    obj.write(prot)&lt;br/&gt;
  File &quot;gen-py/ThriftTest/ttypes.py&quot;, line 1234, in write&lt;br/&gt;
    oprot.writeStructBegin(&apos;VersioningTestV2&apos;)&lt;br/&gt;
  File &quot;../../lib/py/build/lib.linux-i686-2.7/thrift/protocol/TJSONProtocol.py&quot;, line 384, in writeStructBegin&lt;br/&gt;
    self.writeJSONObjectStart()&lt;br/&gt;
  File &quot;../../lib/py/build/lib.linux-i686-2.7/thrift/protocol/TJSONProtocol.py&quot;, line 172, in writeJSONObjectStart&lt;br/&gt;
    self.context.write()&lt;br/&gt;
AttributeError: TJSONProtocol instance has no attribute &apos;context&apos;&lt;/p&gt;

&lt;p&gt;======================================================================&lt;br/&gt;
ERROR: testBools (_&lt;em&gt;main&lt;/em&gt;_.JSONProtocolTest)&lt;br/&gt;
----------------------------------------------------------------------&lt;br/&gt;
Traceback (most recent call last):&lt;br/&gt;
  File &quot;SerializationTest.py&quot;, line 219, in testBools&lt;br/&gt;
    obj = self._deserialize(Bools, self._serialize(self.bools))&lt;br/&gt;
  File &quot;SerializationTest.py&quot;, line 189, in _serialize&lt;br/&gt;
    obj.write(prot)&lt;br/&gt;
  File &quot;gen-py/ThriftTest/ttypes.py&quot;, line 166, in write&lt;br/&gt;
    oprot.writeStructBegin(&apos;Bools&apos;)&lt;br/&gt;
  File &quot;../../lib/py/build/lib.linux-i686-2.7/thrift/protocol/TJSONProtocol.py&quot;, line 384, in writeStructBegin&lt;br/&gt;
    self.writeJSONObjectStart()&lt;br/&gt;
  File &quot;../../lib/py/build/lib.linux-i686-2.7/thrift/protocol/TJSONProtocol.py&quot;, line 172, in writeJSONObjectStart&lt;br/&gt;
    self.context.write()&lt;br/&gt;
AttributeError: TJSONProtocol instance has no attribute &apos;context&apos;&lt;/p&gt;

&lt;p&gt;======================================================================&lt;br/&gt;
ERROR: testCompactStruct (_&lt;em&gt;main&lt;/em&gt;_.JSONProtocolTest)&lt;br/&gt;
----------------------------------------------------------------------&lt;br/&gt;
Traceback (most recent call last):&lt;br/&gt;
  File &quot;SerializationTest.py&quot;, line 265, in testCompactStruct&lt;br/&gt;
    obj = self._deserialize(CompactProtoTestStruct, self._serialize(self.compact_struct))&lt;br/&gt;
  File &quot;SerializationTest.py&quot;, line 189, in _serialize&lt;br/&gt;
    obj.write(prot)&lt;br/&gt;
  File &quot;gen-py/DebugProtoTest/ttypes.py&quot;, line 1864, in write&lt;br/&gt;
    oprot.writeStructBegin(&apos;CompactProtoTestStruct&apos;)&lt;br/&gt;
  File &quot;../../lib/py/build/lib.linux-i686-2.7/thrift/protocol/TJSONProtocol.py&quot;, line 384, in writeStructBegin&lt;br/&gt;
    self.writeJSONObjectStart()&lt;br/&gt;
  File &quot;../../lib/py/build/lib.linux-i686-2.7/thrift/protocol/TJSONProtocol.py&quot;, line 172, in writeJSONObjectStart&lt;br/&gt;
    self.context.write()&lt;br/&gt;
AttributeError: TJSONProtocol instance has no attribute &apos;context&apos;&lt;/p&gt;

&lt;p&gt;======================================================================&lt;br/&gt;
ERROR: testForwards (_&lt;em&gt;main&lt;/em&gt;_.JSONProtocolTest)&lt;br/&gt;
----------------------------------------------------------------------&lt;br/&gt;
Traceback (most recent call last):&lt;br/&gt;
  File &quot;SerializationTest.py&quot;, line 199, in testForwards&lt;br/&gt;
    obj = self._deserialize(VersioningTestV2, self._serialize(self.v1obj))&lt;br/&gt;
  File &quot;SerializationTest.py&quot;, line 189, in _serialize&lt;br/&gt;
    obj.write(prot)&lt;br/&gt;
  File &quot;gen-py/ThriftTest/ttypes.py&quot;, line 1061, in write&lt;br/&gt;
    oprot.writeStructBegin(&apos;VersioningTestV1&apos;)&lt;br/&gt;
  File &quot;../../lib/py/build/lib.linux-i686-2.7/thrift/protocol/TJSONProtocol.py&quot;, line 384, in writeStructBegin&lt;br/&gt;
    self.writeJSONObjectStart()&lt;br/&gt;
  File &quot;../../lib/py/build/lib.linux-i686-2.7/thrift/protocol/TJSONProtocol.py&quot;, line 172, in writeJSONObjectStart&lt;br/&gt;
    self.context.write()&lt;br/&gt;
AttributeError: TJSONProtocol instance has no attribute &apos;context&apos;&lt;/p&gt;

&lt;p&gt;======================================================================&lt;br/&gt;
ERROR: testLargeDeltas (_&lt;em&gt;main&lt;/em&gt;_.JSONProtocolTest)&lt;br/&gt;
----------------------------------------------------------------------&lt;br/&gt;
Traceback (most recent call last):&lt;br/&gt;
  File &quot;SerializationTest.py&quot;, line 228, in testLargeDeltas&lt;br/&gt;
    obj = self._deserialize(LargeDeltas, self._serialize(self.large_deltas))&lt;br/&gt;
  File &quot;SerializationTest.py&quot;, line 189, in _serialize&lt;br/&gt;
    obj.write(prot)&lt;br/&gt;
  File &quot;gen-py/ThriftTest/ttypes.py&quot;, line 5662, in write&lt;br/&gt;
    oprot.writeStructBegin(&apos;LargeDeltas&apos;)&lt;br/&gt;
  File &quot;../../lib/py/build/lib.linux-i686-2.7/thrift/protocol/TJSONProtocol.py&quot;, line 384, in writeStructBegin&lt;br/&gt;
    self.writeJSONObjectStart()&lt;br/&gt;
  File &quot;../../lib/py/build/lib.linux-i686-2.7/thrift/protocol/TJSONProtocol.py&quot;, line 172, in writeJSONObjectStart&lt;br/&gt;
    self.context.write()&lt;br/&gt;
AttributeError: TJSONProtocol instance has no attribute &apos;context&apos;&lt;/p&gt;

&lt;p&gt;======================================================================&lt;br/&gt;
ERROR: testListBonks (_&lt;em&gt;main&lt;/em&gt;_.JSONProtocolTest)&lt;br/&gt;
----------------------------------------------------------------------&lt;br/&gt;
Traceback (most recent call last):&lt;br/&gt;
  File &quot;SerializationTest.py&quot;, line 258, in testListBonks&lt;br/&gt;
    obj = self._deserialize(ListBonks, self._serialize(self.list_bonks))&lt;br/&gt;
  File &quot;SerializationTest.py&quot;, line 189, in _serialize&lt;br/&gt;
    obj.write(prot)&lt;br/&gt;
  File &quot;gen-py/ThriftTest/ttypes.py&quot;, line 6074, in write&lt;br/&gt;
    oprot.writeStructBegin(&apos;ListBonks&apos;)&lt;br/&gt;
  File &quot;../../lib/py/build/lib.linux-i686-2.7/thrift/protocol/TJSONProtocol.py&quot;, line 384, in writeStructBegin&lt;br/&gt;
    self.writeJSONObjectStart()&lt;br/&gt;
  File &quot;../../lib/py/build/lib.linux-i686-2.7/thrift/protocol/TJSONProtocol.py&quot;, line 172, in writeJSONObjectStart&lt;br/&gt;
    self.context.write()&lt;br/&gt;
AttributeError: TJSONProtocol instance has no attribute &apos;context&apos;&lt;/p&gt;

&lt;p&gt;======================================================================&lt;br/&gt;
ERROR: testNestedListsBonk (_&lt;em&gt;main&lt;/em&gt;_.JSONProtocolTest)&lt;br/&gt;
----------------------------------------------------------------------&lt;br/&gt;
Traceback (most recent call last):&lt;br/&gt;
  File &quot;SerializationTest.py&quot;, line 252, in testNestedListsBonk&lt;br/&gt;
    obj = self._deserialize(NestedListsBonk, self._serialize(self.nested_lists_bonk))&lt;br/&gt;
  File &quot;SerializationTest.py&quot;, line 189, in _serialize&lt;br/&gt;
    obj.write(prot)&lt;br/&gt;
  File &quot;gen-py/ThriftTest/ttypes.py&quot;, line 6153, in write&lt;br/&gt;
    oprot.writeStructBegin(&apos;NestedListsBonk&apos;)&lt;br/&gt;
  File &quot;../../lib/py/build/lib.linux-i686-2.7/thrift/protocol/TJSONProtocol.py&quot;, line 384, in writeStructBegin&lt;br/&gt;
    self.writeJSONObjectStart()&lt;br/&gt;
  File &quot;../../lib/py/build/lib.linux-i686-2.7/thrift/protocol/TJSONProtocol.py&quot;, line 172, in writeJSONObjectStart&lt;br/&gt;
    self.context.write()&lt;br/&gt;
AttributeError: TJSONProtocol instance has no attribute &apos;context&apos;&lt;/p&gt;

&lt;p&gt;======================================================================&lt;br/&gt;
ERROR: testNestedListsI32x2 (_&lt;em&gt;main&lt;/em&gt;_.JSONProtocolTest)&lt;br/&gt;
----------------------------------------------------------------------&lt;br/&gt;
Traceback (most recent call last):&lt;br/&gt;
  File &quot;SerializationTest.py&quot;, line 234, in testNestedListsI32x2&lt;br/&gt;
    obj = self._deserialize(NestedListsI32x2, self._serialize(self.nested_lists_i32x2))&lt;br/&gt;
  File &quot;SerializationTest.py&quot;, line 189, in _serialize&lt;br/&gt;
    obj.write(prot)&lt;br/&gt;
  File &quot;gen-py/ThriftTest/ttypes.py&quot;, line 5774, in write&lt;br/&gt;
    oprot.writeStructBegin(&apos;NestedListsI32x2&apos;)&lt;br/&gt;
  File &quot;../../lib/py/build/lib.linux-i686-2.7/thrift/protocol/TJSONProtocol.py&quot;, line 384, in writeStructBegin&lt;br/&gt;
    self.writeJSONObjectStart()&lt;br/&gt;
  File &quot;../../lib/py/build/lib.linux-i686-2.7/thrift/protocol/TJSONProtocol.py&quot;, line 172, in writeJSONObjectStart&lt;br/&gt;
    self.context.write()&lt;br/&gt;
AttributeError: TJSONProtocol instance has no attribute &apos;context&apos;&lt;/p&gt;

&lt;p&gt;======================================================================&lt;br/&gt;
ERROR: testNestedListsI32x3 (_&lt;em&gt;main&lt;/em&gt;_.JSONProtocolTest)&lt;br/&gt;
----------------------------------------------------------------------&lt;br/&gt;
Traceback (most recent call last):&lt;br/&gt;
  File &quot;SerializationTest.py&quot;, line 240, in testNestedListsI32x3&lt;br/&gt;
    obj = self._deserialize(NestedListsI32x3, self._serialize(self.nested_lists_i32x3))&lt;br/&gt;
  File &quot;SerializationTest.py&quot;, line 189, in _serialize&lt;br/&gt;
    obj.write(prot)&lt;br/&gt;
  File &quot;gen-py/ThriftTest/ttypes.py&quot;, line 5855, in write&lt;br/&gt;
    oprot.writeStructBegin(&apos;NestedListsI32x3&apos;)&lt;br/&gt;
  File &quot;../../lib/py/build/lib.linux-i686-2.7/thrift/protocol/TJSONProtocol.py&quot;, line 384, in writeStructBegin&lt;br/&gt;
    self.writeJSONObjectStart()&lt;br/&gt;
  File &quot;../../lib/py/build/lib.linux-i686-2.7/thrift/protocol/TJSONProtocol.py&quot;, line 172, in writeJSONObjectStart&lt;br/&gt;
    self.context.write()&lt;br/&gt;
AttributeError: TJSONProtocol instance has no attribute &apos;context&apos;&lt;/p&gt;

&lt;p&gt;======================================================================&lt;br/&gt;
ERROR: testNestedMixedx2 (_&lt;em&gt;main&lt;/em&gt;_.JSONProtocolTest)&lt;br/&gt;
----------------------------------------------------------------------&lt;br/&gt;
Traceback (most recent call last):&lt;br/&gt;
  File &quot;SerializationTest.py&quot;, line 246, in testNestedMixedx2&lt;br/&gt;
    obj = self._deserialize(NestedMixedx2, self._serialize(self.nested_mixedx2))&lt;br/&gt;
  File &quot;SerializationTest.py&quot;, line 189, in _serialize&lt;br/&gt;
    obj.write(prot)&lt;br/&gt;
  File &quot;gen-py/ThriftTest/ttypes.py&quot;, line 5977, in write&lt;br/&gt;
    oprot.writeStructBegin(&apos;NestedMixedx2&apos;)&lt;br/&gt;
  File &quot;../../lib/py/build/lib.linux-i686-2.7/thrift/protocol/TJSONProtocol.py&quot;, line 384, in writeStructBegin&lt;br/&gt;
    self.writeJSONObjectStart()&lt;br/&gt;
  File &quot;../../lib/py/build/lib.linux-i686-2.7/thrift/protocol/TJSONProtocol.py&quot;, line 172, in writeJSONObjectStart&lt;br/&gt;
    self.context.write()&lt;br/&gt;
AttributeError: TJSONProtocol instance has no attribute &apos;context&apos;&lt;/p&gt;

&lt;p&gt;======================================================================&lt;br/&gt;
ERROR: testSerializeV1 (_&lt;em&gt;main&lt;/em&gt;_.JSONProtocolTest)&lt;br/&gt;
----------------------------------------------------------------------&lt;br/&gt;
Traceback (most recent call last):&lt;br/&gt;
  File &quot;SerializationTest.py&quot;, line 209, in testSerializeV1&lt;br/&gt;
    obj = self._deserialize(VersioningTestV1, self._serialize(self.v1obj))&lt;br/&gt;
  File &quot;SerializationTest.py&quot;, line 189, in _serialize&lt;br/&gt;
    obj.write(prot)&lt;br/&gt;
  File &quot;gen-py/ThriftTest/ttypes.py&quot;, line 1061, in write&lt;br/&gt;
    oprot.writeStructBegin(&apos;VersioningTestV1&apos;)&lt;br/&gt;
  File &quot;../../lib/py/build/lib.linux-i686-2.7/thrift/protocol/TJSONProtocol.py&quot;, line 384, in writeStructBegin&lt;br/&gt;
    self.writeJSONObjectStart()&lt;br/&gt;
  File &quot;../../lib/py/build/lib.linux-i686-2.7/thrift/protocol/TJSONProtocol.py&quot;, line 172, in writeJSONObjectStart&lt;br/&gt;
    self.context.write()&lt;br/&gt;
AttributeError: TJSONProtocol instance has no attribute &apos;context&apos;&lt;/p&gt;

&lt;p&gt;======================================================================&lt;br/&gt;
ERROR: testSerializeV2 (_&lt;em&gt;main&lt;/em&gt;_.JSONProtocolTest)&lt;br/&gt;
----------------------------------------------------------------------&lt;br/&gt;
Traceback (most recent call last):&lt;br/&gt;
  File &quot;SerializationTest.py&quot;, line 213, in testSerializeV2&lt;br/&gt;
    obj = self._deserialize(VersioningTestV2, self._serialize(self.v2obj))&lt;br/&gt;
  File &quot;SerializationTest.py&quot;, line 189, in _serialize&lt;br/&gt;
    obj.write(prot)&lt;br/&gt;
  File &quot;gen-py/ThriftTest/ttypes.py&quot;, line 1234, in write&lt;br/&gt;
    oprot.writeStructBegin(&apos;VersioningTestV2&apos;)&lt;br/&gt;
  File &quot;../../lib/py/build/lib.linux-i686-2.7/thrift/protocol/TJSONProtocol.py&quot;, line 384, in writeStructBegin&lt;br/&gt;
    self.writeJSONObjectStart()&lt;br/&gt;
  File &quot;../../lib/py/build/lib.linux-i686-2.7/thrift/protocol/TJSONProtocol.py&quot;, line 172, in writeJSONObjectStart&lt;br/&gt;
    self.context.write()&lt;br/&gt;
AttributeError: TJSONProtocol instance has no attribute &apos;context&apos;&lt;/p&gt;

</description>
                <environment>&lt;p&gt;Ubuntu&lt;/p&gt;</environment>
        <key id="12624392">THRIFT-1796</key>
            <summary>TJSONProtocol is not functional</summary>
                <type id="1" iconUrl="https://issues.apache.org/jira/secure/viewavatar?size=xsmall&amp;avatarId=21133&amp;avatarType=issuetype">Bug</type>
                                            <priority id="3" iconUrl="https://issues.apache.org/jira/images/icons/priorities/major.svg">Major</priority>
                        <status id="6" iconUrl="https://issues.apache.org/jira/images/icons/statuses/closed.png" description="The issue is considered finished, the resolution is correct. Issues which are not closed can be reopened.">Closed</status>
                    <statusCategory id="3" key="done" colorName="green"/>
                                    <resolution id="1">Fixed</resolution>
                                        <assignee username="roger">Roger Meier</assignee>
                                    <reporter username="flamholz">Avi Flamholz</reporter>
                        <labels>
                            <label>patch</label>
                    </labels>
                <created>Tue, 18 Dec 2012 02:01:02 +0000</created>
                <updated>Sat, 20 Feb 2021 15:28:05 +0000</updated>
                            <resolved>Tue, 18 Dec 2012 20:03:50 +0000</resolved>
                                    <version>0.1</version>
                                                    <component>Python - Library</component>
                        <due></due>
                            <votes>0</votes>
                                    <watches>2</watches>
                                                                                                                <comments>
                            <comment id="13534589" author="flamholz" created="Tue, 18 Dec 2012 03:21:11 +0000"  >&lt;p&gt;Here is a patch that adds the test and fixes the bugs. Basically, the parsing context was not being initialized at construction time. I also fixed another 2 bugs:&lt;br/&gt;
1) Typo of ValueError.&lt;br/&gt;
2) Typo where the built-in method &quot;type&quot; was returned instead of the element type of a list.&lt;/p&gt;

&lt;p&gt;I also tried to limit the pervasive overloading of Python keywords in the files edited.&lt;/p&gt;</comment>
                            <comment id="13535250" author="roger.meier" created="Tue, 18 Dec 2012 20:03:50 +0000"  >&lt;p&gt;Thanks Avi!&lt;/p&gt;</comment>
                    </comments>
                    <attachments>
                            <attachment id="12561418" name="fix_py_json_protocol.patch" size="6641" author="flamholz" created="Tue, 18 Dec 2012 04:15:01 +0000"/>
                    </attachments>
                <subtasks>
                    </subtasks>
                <customfields>
                                                                            <customfield id="customfield_12310310" key="com.atlassian.jira.toolkit:attachments">
                        <customfieldname>Attachment count</customfieldname>
                        <customfieldvalues>
                            <customfieldvalue>1.0</customfieldvalue>
                        </customfieldvalues>
                    </customfield>
                                                                                                                                                                                                                                                                                                                                                                                                                                                                                                                                                                                                                                                                                                        <customfield id="customfield_12314020" key="com.atlassian.jira.plugins.jira-development-integration-plugin:devsummary">
                        <customfieldname>Development</customfieldname>
                        <customfieldvalues>
                            
                        </customfieldvalues>
                    </customfield>
                                                                                                                        <customfield id="customfield_12313422" key="com.atlassian.jirafisheyeplugin:jobcheckbox">
                        <customfieldname>Enable Automatic Patch Review</customfieldname>
                        <customfieldvalues>
                            <customfieldvalue><![CDATA[false]]></customfieldvalue>

                        </customfieldvalues>
                    </customfield>
                                                                                                                                                                                                                                                                                                                                                                                                                                                                                                                                                                                                                                                <customfield id="customfield_12310420" key="com.pyxis.greenhopper.jira:gh-global-rank">
                        <customfieldname>Global Rank</customfieldname>
                        <customfieldvalues>
                            <customfieldvalue>299231</customfieldvalue>
                        </customfieldvalues>
                    </customfield>
                                                                                                                                                                                                                                        <customfield id="customfield_12312521" key="com.atlassian.jira.toolkit:LastCommentDate">
                        <customfieldname>Last public comment date</customfieldname>
                        <customfieldvalues>
                            12 years, 49 weeks ago
                        </customfieldvalues>
                    </customfield>
                                                                                                                                                                                                                                        <customfield id="customfield_12310041" key="com.atlassian.jira.plugin.system.customfieldtypes:multicheckboxes">
                        <customfieldname>Patch Info</customfieldname>
                        <customfieldvalues>
                                <customfieldvalue key="10042"><![CDATA[Patch Available]]></customfieldvalue>
    
                        </customfieldvalues>
                    </customfield>
                                                                                                                        <customfield id="customfield_12311820" key="com.pyxis.greenhopper.jira:gh-lexo-rank">
                        <customfieldname>Rank</customfieldname>
                        <customfieldvalues>
                            <customfieldvalue>0|i160en:</customfieldvalue>

                        </customfieldvalues>
                    </customfield>
                                                                <customfield id="customfield_12310920" key="com.pyxis.greenhopper.jira:gh-global-rank">
                        <customfieldname>Rank (Obsolete)</customfieldname>
                        <customfieldvalues>
                            <customfieldvalue>243198</customfieldvalue>
                        </customfieldvalues>
                    </customfield>
                                                                                                                                                                                                                                                                                                                                                                                                                                                                                                                                                                                                                                                                                                                                                                                            </customfields>
    </item>
</channel>
</rss>