<!-- 
RSS generated by JIRA (8.20.10#820010-sha1:ace47f9899e9ee25d7157d59aa17ab06aee30d3d) at Wed Nov 12 08:10:20 UTC 2025

It is possible to restrict the fields that are returned in this document by specifying the 'field' parameter in your request.
For example, to request only the issue key and summary append 'field=key&field=summary' to the URL of your request.
-->
<rss version="0.92" >
<channel>
    <title>ASF Jira</title>
    <link>https://issues.apache.org/jira</link>
    <description>This file is an XML representation of an issue</description>
    <language>en-uk</language>    <build-info>
        <version>8.20.10</version>
        <build-number>820010</build-number>
        <build-date>22-06-2022</build-date>
    </build-info>


<item>
            <title>[THRIFT-2130] Thrift&apos;s D library/test: parts of &quot;make check&quot; code do not compile with recent dmd-2.062 through dmd-2.064alpha</title>
                <link>https://issues.apache.org/jira/browse/THRIFT-2130</link>
                <project id="12310800" key="THRIFT">Thrift</project>
                    <description>&lt;p&gt;make check for the D thrift bindings with recent dmd builds (2.062 - present) fails with errors. Full log after these two summaries.&lt;/p&gt;

&lt;p&gt;// first error message under dmd v2.064-devel-21b130d&lt;/p&gt;
&lt;div class=&quot;code panel&quot; style=&quot;border-width: 1px;&quot;&gt;&lt;div class=&quot;codeContent panelContent&quot;&gt;
&lt;pre class=&quot;code-java&quot;&gt;dmd -oflibthriftd.a -w -wi -Isrc -lib src/thrift/base.d src/thrift/async/base.d src/thrift/async/socket.d src/thrift/codegen/async_client.d src/thrift/codegen/async_client_pool.d src/thrift/codegen/base.d src/thrift/codegen/client.d src/thrift/codegen/client_pool.d src/thrift/codegen/idlgen.d src/thrift/codegen/processor.d src/thrift/protocol/base.d src/thrift/protocol/binary.d src/thrift/protocol/compact.d src/thrift/protocol/json.d src/thrift/protocol/processor.d src/thrift/server/base.d src/thrift/server/simple.d src/thrift/server/taskpool.d src/thrift/server/threaded.d src/thrift/server/transport/base.d src/thrift/server/transport/socket.d src/thrift/transport/base.d src/thrift/transport/buffered.d src/thrift/transport/file.d src/thrift/transport/framed.d src/thrift/transport/http.d src/thrift/transport/memory.d src/thrift/transport/piped.d src/thrift/transport/range.d src/thrift/transport/socket.d src/thrift/transport/zlib.d src/thrift/util/awaitable.d src/thrift/util/cancellation.d src/thrift/util/&lt;span class=&quot;code-keyword&quot;&gt;future&lt;/span&gt;.d src/thrift/util/hashset.d src/thrift/internal/algorithm.d src/thrift/internal/codegen.d src/thrift/internal/ctfe.d src/thrift/internal/endian.d src/thrift/internal/resource_pool.d src/thrift/internal/socket.d src/thrift/internal/traits.d src/thrift/internal/test/protocol.d src/thrift/internal/test/server.d
/home/you/pkg/dlang/dmd/dmd_from_src/2.062/install/include/d2/std/traits.d(1686): Error: unrecognized trait isNested
/home/you/pkg/dlang/dmd/dmd_from_src/2.062/install/include/d2/std/traits.d(1768): Error: template instance std.traits.isNested!(Duration) error instantiating
...
&lt;/pre&gt;
&lt;/div&gt;&lt;/div&gt;

&lt;p&gt;// first error message under dmd 2.062&lt;/p&gt;

&lt;div class=&quot;code panel&quot; style=&quot;border-width: 1px;&quot;&gt;&lt;div class=&quot;codeContent panelContent&quot;&gt;
&lt;pre class=&quot;code-java&quot;&gt;dmd -L-levent ../libthriftd-event.a  -w -wi -O -release -inline -I../../../lib/d/src -Igen-d ../../../lib/d/libthriftd.a -ofclient_pool_test client_pool_test.d
../../../lib/d/src/thrift/internal/codegen.d(185): Error: alias thrift.internal.codegen.FieldNames!(TArgsStruct!(ExTestService, &lt;span class=&quot;code-quote&quot;&gt;&quot;getPortInArray&quot;&lt;/span&gt;), &lt;span class=&quot;code-keyword&quot;&gt;null&lt;/span&gt;).FieldNames recursive alias declaration
...
&lt;/pre&gt;
&lt;/div&gt;&lt;/div&gt;

&lt;p&gt;full output of make check    &lt;/p&gt;
&lt;div class=&quot;code panel&quot; style=&quot;border-width: 1px;&quot;&gt;&lt;div class=&quot;codeContent panelContent&quot;&gt;
&lt;pre class=&quot;code-java&quot;&gt;                                   
##########
================= and &lt;span class=&quot;code-keyword&quot;&gt;for&lt;/span&gt; dmd 2.064alpha
DMD64 D &lt;span class=&quot;code-object&quot;&gt;Compiler&lt;/span&gt; v2.064-devel-21b130d

you@myhost:~/pkg/thrift/0.9.0/pkg/thrift-0.9.0/lib/d$ ls
d-make-problem-notes   libthriftd.a        Makefile     Makefile.in  src
d-make-problem-notes~  libthriftd-event.a  Makefile.am  README       test
you@myhost:~/pkg/thrift/0.9.0/pkg/thrift-0.9.0/lib/d$ make check
Making check in .
make[1]: Entering directory `/home/you/pkg/thrift/0.9.0/pkg/thrift-0.9.0/lib/d&apos;
make  check-TESTS
make[2]: Entering directory `/home/you/pkg/thrift/0.9.0/pkg/thrift-0.9.0/lib/d&apos;
mkdir -p unittest || exists unittest
touch unittest/.directory
dmd -gc -ofunittest/debug/thrift/base -unittest -w -wi -I../../lib/d/src -L-levent  src/thrift/base.d libthriftd-event.a libthriftd.a unittest/emptymain.d
dmd -gc -ofunittest/debug/thrift/async/base -unittest -w -wi -I../../lib/d/src -L-levent  src/thrift/async/base.d libthriftd-event.a libthriftd.a unittest/emptymain.d
dmd -gc -ofunittest/debug/thrift/async/libevent -unittest -w -wi -I../../lib/d/src -L-levent  src/thrift/async/libevent.d libthriftd-event.a libthriftd.a unittest/emptymain.d
dmd -gc -ofunittest/debug/thrift/async/socket -unittest -w -wi -I../../lib/d/src -L-levent  src/thrift/async/socket.d libthriftd-event.a libthriftd.a unittest/emptymain.d
dmd -gc -ofunittest/debug/thrift/codegen/async_client -unittest -w -wi -I../../lib/d/src -L-levent  src/thrift/codegen/async_client.d libthriftd-event.a libthriftd.a unittest/emptymain.d
dmd -gc -ofunittest/debug/thrift/codegen/async_client_pool -unittest -w -wi -I../../lib/d/src -L-levent  src/thrift/codegen/async_client_pool.d libthriftd-event.a libthriftd.a unittest/emptymain.d
dmd -gc -ofunittest/debug/thrift/codegen/base -unittest -w -wi -I../../lib/d/src -L-levent  src/thrift/codegen/base.d libthriftd-event.a libthriftd.a unittest/emptymain.d
dmd -gc -ofunittest/debug/thrift/codegen/client -unittest -w -wi -I../../lib/d/src -L-levent  src/thrift/codegen/client.d libthriftd-event.a libthriftd.a unittest/emptymain.d
dmd -gc -ofunittest/debug/thrift/codegen/client_pool -unittest -w -wi -I../../lib/d/src -L-levent  src/thrift/codegen/client_pool.d libthriftd-event.a libthriftd.a unittest/emptymain.d
dmd -gc -ofunittest/debug/thrift/codegen/idlgen -unittest -w -wi -I../../lib/d/src -L-levent  src/thrift/codegen/idlgen.d libthriftd-event.a libthriftd.a unittest/emptymain.d
dmd -gc -ofunittest/debug/thrift/codegen/processor -unittest -w -wi -I../../lib/d/src -L-levent  src/thrift/codegen/processor.d libthriftd-event.a libthriftd.a unittest/emptymain.d
dmd -gc -ofunittest/debug/thrift/protocol/base -unittest -w -wi -I../../lib/d/src -L-levent  src/thrift/protocol/base.d libthriftd-event.a libthriftd.a unittest/emptymain.d
dmd -gc -ofunittest/debug/thrift/protocol/binary -unittest -w -wi -I../../lib/d/src -L-levent  src/thrift/protocol/binary.d libthriftd-event.a libthriftd.a unittest/emptymain.d
dmd -gc -ofunittest/debug/thrift/protocol/compact -unittest -w -wi -I../../lib/d/src -L-levent  src/thrift/protocol/compact.d libthriftd-event.a libthriftd.a unittest/emptymain.d
dmd -gc -ofunittest/debug/thrift/protocol/json -unittest -w -wi -I../../lib/d/src -L-levent  src/thrift/protocol/json.d libthriftd-event.a libthriftd.a unittest/emptymain.d
src/thrift/protocol/json.d(524): Warning: explicit element-wise assignment (ch)[] = &lt;span class=&quot;code-keyword&quot;&gt;this&lt;/span&gt;.readJsonEscapeChar() is better than ch = &lt;span class=&quot;code-keyword&quot;&gt;this&lt;/span&gt;.readJsonEscapeChar()
src/thrift/protocol/json.d(531): Warning: explicit element-wise assignment (ch)[] = kEscapeCharVals[&lt;span class=&quot;code-keyword&quot;&gt;cast&lt;/span&gt;(ulong)pos] is better than ch = kEscapeCharVals[&lt;span class=&quot;code-keyword&quot;&gt;cast&lt;/span&gt;(ulong)pos]
src/thrift/protocol/json.d(524): Warning: explicit element-wise assignment (ch)[] = &lt;span class=&quot;code-keyword&quot;&gt;this&lt;/span&gt;.readJsonEscapeChar() is better than ch = &lt;span class=&quot;code-keyword&quot;&gt;this&lt;/span&gt;.readJsonEscapeChar()
src/thrift/protocol/json.d(531): Warning: explicit element-wise assignment (ch)[] = kEscapeCharVals[&lt;span class=&quot;code-keyword&quot;&gt;cast&lt;/span&gt;(ulong)pos] is better than ch = kEscapeCharVals[&lt;span class=&quot;code-keyword&quot;&gt;cast&lt;/span&gt;(ulong)pos]
dmd -gc -ofunittest/debug/thrift/protocol/processor -unittest -w -wi -I../../lib/d/src -L-levent  src/thrift/protocol/processor.d libthriftd-event.a libthriftd.a unittest/emptymain.d
dmd -gc -ofunittest/debug/thrift/server/base -unittest -w -wi -I../../lib/d/src -L-levent  src/thrift/server/base.d libthriftd-event.a libthriftd.a unittest/emptymain.d
dmd -gc -ofunittest/debug/thrift/server/simple -unittest -w -wi -I../../lib/d/src -L-levent  src/thrift/server/simple.d libthriftd-event.a libthriftd.a unittest/emptymain.d
dmd -gc -ofunittest/debug/thrift/server/nonblocking -unittest -w -wi -I../../lib/d/src -L-levent  src/thrift/server/nonblocking.d libthriftd-event.a libthriftd.a unittest/emptymain.d
src/thrift/server/nonblocking.d(1007): Warning: explicit element-wise assignment &lt;span class=&quot;code-keyword&quot;&gt;this&lt;/span&gt;.writeBuffer_[&lt;span class=&quot;code-keyword&quot;&gt;cast&lt;/span&gt;(ulong)0..&lt;span class=&quot;code-keyword&quot;&gt;cast&lt;/span&gt;(ulong)4] = (&lt;span class=&quot;code-keyword&quot;&gt;cast&lt;/span&gt;(ubyte[])&amp;amp; size[0LU..1LU])[] is better than &lt;span class=&quot;code-keyword&quot;&gt;this&lt;/span&gt;.writeBuffer_[&lt;span class=&quot;code-keyword&quot;&gt;cast&lt;/span&gt;(ulong)0..&lt;span class=&quot;code-keyword&quot;&gt;cast&lt;/span&gt;(ulong)4] = &lt;span class=&quot;code-keyword&quot;&gt;cast&lt;/span&gt;(ubyte[])&amp;amp; size[0LU..1LU]
dmd -gc -ofunittest/debug/thrift/server/taskpool -unittest -w -wi -I../../lib/d/src -L-levent  src/thrift/server/taskpool.d libthriftd-event.a libthriftd.a unittest/emptymain.d
dmd -gc -ofunittest/debug/thrift/server/threaded -unittest -w -wi -I../../lib/d/src -L-levent  src/thrift/server/threaded.d libthriftd-event.a libthriftd.a unittest/emptymain.d
dmd -gc -ofunittest/debug/thrift/server/transport/base -unittest -w -wi -I../../lib/d/src -L-levent  src/thrift/server/transport/base.d libthriftd-event.a libthriftd.a unittest/emptymain.d
dmd -gc -ofunittest/debug/thrift/server/transport/socket -unittest -w -wi -I../../lib/d/src -L-levent  src/thrift/server/transport/socket.d libthriftd-event.a libthriftd.a unittest/emptymain.d
dmd -gc -ofunittest/debug/thrift/transport/base -unittest -w -wi -I../../lib/d/src -L-levent  src/thrift/transport/base.d libthriftd-event.a libthriftd.a unittest/emptymain.d
dmd -gc -ofunittest/debug/thrift/transport/buffered -unittest -w -wi -I../../lib/d/src -L-levent  src/thrift/transport/buffered.d libthriftd-event.a libthriftd.a unittest/emptymain.d
src/thrift/transport/buffered.d(136): Warning: explicit element-wise assignment &lt;span class=&quot;code-keyword&quot;&gt;this&lt;/span&gt;.writeAvail_[&lt;span class=&quot;code-keyword&quot;&gt;cast&lt;/span&gt;(ulong)0..buf.length] = (buf)[] is better than &lt;span class=&quot;code-keyword&quot;&gt;this&lt;/span&gt;.writeAvail_[&lt;span class=&quot;code-keyword&quot;&gt;cast&lt;/span&gt;(ulong)0..buf.length] = buf
dmd -gc -ofunittest/debug/thrift/transport/file -unittest -w -wi -I../../lib/d/src -L-levent  src/thrift/transport/file.d libthriftd-event.a libthriftd.a unittest/emptymain.d
dmd -gc -ofunittest/debug/thrift/transport/framed -unittest -w -wi -I../../lib/d/src -L-levent  src/thrift/transport/framed.d libthriftd-event.a libthriftd.a unittest/emptymain.d
dmd -gc -ofunittest/debug/thrift/transport/http -unittest -w -wi -I../../lib/d/src -L-levent  src/thrift/transport/http.d libthriftd-event.a libthriftd.a unittest/emptymain.d
src/thrift/transport/http.d(161): Warning: explicit element-wise assignment &lt;span class=&quot;code-keyword&quot;&gt;this&lt;/span&gt;.httpBuf_[&lt;span class=&quot;code-keyword&quot;&gt;cast&lt;/span&gt;(ulong)0..&lt;span class=&quot;code-keyword&quot;&gt;this&lt;/span&gt;.httpBufRemaining_.length] = (&lt;span class=&quot;code-keyword&quot;&gt;this&lt;/span&gt;.httpBufRemaining_)[] is better than &lt;span class=&quot;code-keyword&quot;&gt;this&lt;/span&gt;.httpBuf_[&lt;span class=&quot;code-keyword&quot;&gt;cast&lt;/span&gt;(ulong)0..&lt;span class=&quot;code-keyword&quot;&gt;this&lt;/span&gt;.httpBufRemaining_.length] = &lt;span class=&quot;code-keyword&quot;&gt;this&lt;/span&gt;.httpBufRemaining_
dmd -gc -ofunittest/debug/thrift/transport/memory -unittest -w -wi -I../../lib/d/src -L-levent  src/thrift/transport/memory.d libthriftd-event.a libthriftd.a unittest/emptymain.d
dmd -gc -ofunittest/debug/thrift/transport/piped -unittest -w -wi -I../../lib/d/src -L-levent  src/thrift/transport/piped.d libthriftd-event.a libthriftd.a unittest/emptymain.d
dmd -gc -ofunittest/debug/thrift/transport/range -unittest -w -wi -I../../lib/d/src -L-levent  src/thrift/transport/range.d libthriftd-event.a libthriftd.a unittest/emptymain.d
dmd -gc -ofunittest/debug/thrift/transport/socket -unittest -w -wi -I../../lib/d/src -L-levent  src/thrift/transport/socket.d libthriftd-event.a libthriftd.a unittest/emptymain.d
dmd -gc -ofunittest/debug/thrift/transport/zlib -unittest -w -wi -I../../lib/d/src -L-levent  src/thrift/transport/zlib.d libthriftd-event.a libthriftd.a unittest/emptymain.d
dmd -gc -ofunittest/debug/thrift/util/awaitable -unittest -w -wi -I../../lib/d/src -L-levent  src/thrift/util/awaitable.d libthriftd-event.a libthriftd.a unittest/emptymain.d
dmd -gc -ofunittest/debug/thrift/util/cancellation -unittest -w -wi -I../../lib/d/src -L-levent  src/thrift/util/cancellation.d libthriftd-event.a libthriftd.a unittest/emptymain.d
dmd -gc -ofunittest/debug/thrift/util/&lt;span class=&quot;code-keyword&quot;&gt;future&lt;/span&gt; -unittest -w -wi -I../../lib/d/src -L-levent  src/thrift/util/&lt;span class=&quot;code-keyword&quot;&gt;future&lt;/span&gt;.d libthriftd-event.a libthriftd.a unittest/emptymain.d
dmd -gc -ofunittest/debug/thrift/util/hashset -unittest -w -wi -I../../lib/d/src -L-levent  src/thrift/util/hashset.d libthriftd-event.a libthriftd.a unittest/emptymain.d
dmd -gc -ofunittest/debug/thrift/internal/algorithm -unittest -w -wi -I../../lib/d/src -L-levent  src/thrift/internal/algorithm.d libthriftd-event.a libthriftd.a unittest/emptymain.d
dmd -gc -ofunittest/debug/thrift/internal/codegen -unittest -w -wi -I../../lib/d/src -L-levent  src/thrift/internal/codegen.d libthriftd-event.a libthriftd.a unittest/emptymain.d
dmd -gc -ofunittest/debug/thrift/internal/ctfe -unittest -w -wi -I../../lib/d/src -L-levent  src/thrift/internal/ctfe.d libthriftd-event.a libthriftd.a unittest/emptymain.d
dmd -gc -ofunittest/debug/thrift/internal/endian -unittest -w -wi -I../../lib/d/src -L-levent  src/thrift/internal/endian.d libthriftd-event.a libthriftd.a unittest/emptymain.d
dmd -gc -ofunittest/debug/thrift/internal/resource_pool -unittest -w -wi -I../../lib/d/src -L-levent  src/thrift/internal/resource_pool.d libthriftd-event.a libthriftd.a unittest/emptymain.d
dmd -gc -ofunittest/debug/thrift/internal/socket -unittest -w -wi -I../../lib/d/src -L-levent  src/thrift/internal/socket.d libthriftd-event.a libthriftd.a unittest/emptymain.d
dmd -gc -ofunittest/debug/thrift/internal/traits -unittest -w -wi -I../../lib/d/src -L-levent  src/thrift/internal/traits.d libthriftd-event.a libthriftd.a unittest/emptymain.d
dmd -gc -ofunittest/debug/thrift/internal/test/protocol -unittest -w -wi -I../../lib/d/src -L-levent  src/thrift/internal/test/protocol.d libthriftd-event.a libthriftd.a unittest/emptymain.d
dmd -gc -ofunittest/debug/thrift/internal/test/server -unittest -w -wi -I../../lib/d/src -L-levent  src/thrift/internal/test/server.d libthriftd-event.a libthriftd.a unittest/emptymain.d
dmd -O -release -ofunittest/release/thrift/base -unittest -w -wi -I../../lib/d/src -L-levent  src/thrift/base.d libthriftd-event.a libthriftd.a unittest/emptymain.d
dmd -O -release -ofunittest/release/thrift/async/base -unittest -w -wi -I../../lib/d/src -L-levent  src/thrift/async/base.d libthriftd-event.a libthriftd.a unittest/emptymain.d
dmd -O -release -ofunittest/release/thrift/async/libevent -unittest -w -wi -I../../lib/d/src -L-levent  src/thrift/async/libevent.d libthriftd-event.a libthriftd.a unittest/emptymain.d
dmd -O -release -ofunittest/release/thrift/async/socket -unittest -w -wi -I../../lib/d/src -L-levent  src/thrift/async/socket.d libthriftd-event.a libthriftd.a unittest/emptymain.d
dmd -O -release -ofunittest/release/thrift/codegen/async_client -unittest -w -wi -I../../lib/d/src -L-levent  src/thrift/codegen/async_client.d libthriftd-event.a libthriftd.a unittest/emptymain.d
dmd -O -release -ofunittest/release/thrift/codegen/async_client_pool -unittest -w -wi -I../../lib/d/src -L-levent  src/thrift/codegen/async_client_pool.d libthriftd-event.a libthriftd.a unittest/emptymain.d
dmd -O -release -ofunittest/release/thrift/codegen/base -unittest -w -wi -I../../lib/d/src -L-levent  src/thrift/codegen/base.d libthriftd-event.a libthriftd.a unittest/emptymain.d
dmd -O -release -ofunittest/release/thrift/codegen/client -unittest -w -wi -I../../lib/d/src -L-levent  src/thrift/codegen/client.d libthriftd-event.a libthriftd.a unittest/emptymain.d
dmd -O -release -ofunittest/release/thrift/codegen/client_pool -unittest -w -wi -I../../lib/d/src -L-levent  src/thrift/codegen/client_pool.d libthriftd-event.a libthriftd.a unittest/emptymain.d
dmd -O -release -ofunittest/release/thrift/codegen/idlgen -unittest -w -wi -I../../lib/d/src -L-levent  src/thrift/codegen/idlgen.d libthriftd-event.a libthriftd.a unittest/emptymain.d
dmd -O -release -ofunittest/release/thrift/codegen/processor -unittest -w -wi -I../../lib/d/src -L-levent  src/thrift/codegen/processor.d libthriftd-event.a libthriftd.a unittest/emptymain.d
dmd -O -release -ofunittest/release/thrift/protocol/base -unittest -w -wi -I../../lib/d/src -L-levent  src/thrift/protocol/base.d libthriftd-event.a libthriftd.a unittest/emptymain.d
dmd -O -release -ofunittest/release/thrift/protocol/binary -unittest -w -wi -I../../lib/d/src -L-levent  src/thrift/protocol/binary.d libthriftd-event.a libthriftd.a unittest/emptymain.d
dmd -O -release -ofunittest/release/thrift/protocol/compact -unittest -w -wi -I../../lib/d/src -L-levent  src/thrift/protocol/compact.d libthriftd-event.a libthriftd.a unittest/emptymain.d
dmd -O -release -ofunittest/release/thrift/protocol/json -unittest -w -wi -I../../lib/d/src -L-levent  src/thrift/protocol/json.d libthriftd-event.a libthriftd.a unittest/emptymain.d
src/thrift/protocol/json.d(524): Warning: explicit element-wise assignment (ch)[] = &lt;span class=&quot;code-keyword&quot;&gt;this&lt;/span&gt;.readJsonEscapeChar() is better than ch = &lt;span class=&quot;code-keyword&quot;&gt;this&lt;/span&gt;.readJsonEscapeChar()
src/thrift/protocol/json.d(531): Warning: explicit element-wise assignment (ch)[] = kEscapeCharVals[&lt;span class=&quot;code-keyword&quot;&gt;cast&lt;/span&gt;(ulong)pos] is better than ch = kEscapeCharVals[&lt;span class=&quot;code-keyword&quot;&gt;cast&lt;/span&gt;(ulong)pos]
src/thrift/protocol/json.d(524): Warning: explicit element-wise assignment (ch)[] = &lt;span class=&quot;code-keyword&quot;&gt;this&lt;/span&gt;.readJsonEscapeChar() is better than ch = &lt;span class=&quot;code-keyword&quot;&gt;this&lt;/span&gt;.readJsonEscapeChar()
src/thrift/protocol/json.d(531): Warning: explicit element-wise assignment (ch)[] = kEscapeCharVals[&lt;span class=&quot;code-keyword&quot;&gt;cast&lt;/span&gt;(ulong)pos] is better than ch = kEscapeCharVals[&lt;span class=&quot;code-keyword&quot;&gt;cast&lt;/span&gt;(ulong)pos]
dmd -O -release -ofunittest/release/thrift/protocol/processor -unittest -w -wi -I../../lib/d/src -L-levent  src/thrift/protocol/processor.d libthriftd-event.a libthriftd.a unittest/emptymain.d
dmd -O -release -ofunittest/release/thrift/server/base -unittest -w -wi -I../../lib/d/src -L-levent  src/thrift/server/base.d libthriftd-event.a libthriftd.a unittest/emptymain.d
dmd -O -release -ofunittest/release/thrift/server/simple -unittest -w -wi -I../../lib/d/src -L-levent  src/thrift/server/simple.d libthriftd-event.a libthriftd.a unittest/emptymain.d
dmd -O -release -ofunittest/release/thrift/server/nonblocking -unittest -w -wi -I../../lib/d/src -L-levent  src/thrift/server/nonblocking.d libthriftd-event.a libthriftd.a unittest/emptymain.d
src/thrift/server/nonblocking.d(1007): Warning: explicit element-wise assignment &lt;span class=&quot;code-keyword&quot;&gt;this&lt;/span&gt;.writeBuffer_[&lt;span class=&quot;code-keyword&quot;&gt;cast&lt;/span&gt;(ulong)0..&lt;span class=&quot;code-keyword&quot;&gt;cast&lt;/span&gt;(ulong)4] = (&lt;span class=&quot;code-keyword&quot;&gt;cast&lt;/span&gt;(ubyte[])&amp;amp; size[0LU..1LU])[] is better than &lt;span class=&quot;code-keyword&quot;&gt;this&lt;/span&gt;.writeBuffer_[&lt;span class=&quot;code-keyword&quot;&gt;cast&lt;/span&gt;(ulong)0..&lt;span class=&quot;code-keyword&quot;&gt;cast&lt;/span&gt;(ulong)4] = &lt;span class=&quot;code-keyword&quot;&gt;cast&lt;/span&gt;(ubyte[])&amp;amp; size[0LU..1LU]
dmd -O -release -ofunittest/release/thrift/server/taskpool -unittest -w -wi -I../../lib/d/src -L-levent  src/thrift/server/taskpool.d libthriftd-event.a libthriftd.a unittest/emptymain.d
dmd -O -release -ofunittest/release/thrift/server/threaded -unittest -w -wi -I../../lib/d/src -L-levent  src/thrift/server/threaded.d libthriftd-event.a libthriftd.a unittest/emptymain.d
dmd -O -release -ofunittest/release/thrift/server/transport/base -unittest -w -wi -I../../lib/d/src -L-levent  src/thrift/server/transport/base.d libthriftd-event.a libthriftd.a unittest/emptymain.d
dmd -O -release -ofunittest/release/thrift/server/transport/socket -unittest -w -wi -I../../lib/d/src -L-levent  src/thrift/server/transport/socket.d libthriftd-event.a libthriftd.a unittest/emptymain.d
t/release/thrift/util/awaitable
PASS: unittest/release/thrift/util/cancellation
PASS: unittest/release/thrift/util/&lt;span class=&quot;code-keyword&quot;&gt;future&lt;/span&gt;
PASS: unittest/release/thrift/util/hashset
PASS: unittest/release/thrift/internal/algorithm
PASS: unittest/release/thrift/internal/codegen
PASS: unittest/release/thrift/internal/ctfe
PASS: unittest/release/thrift/internal/endian
PASS: unittest/release/thrift/internal/resource_pool
PASS: unittest/release/thrift/internal/socket
PASS: unittest/release/thrift/internal/traits
PASS: unittest/release/thrift/internal/test/protocol
PASS: unittest/release/thrift/internal/test/server
===================
All 92 tests passed
===================
make[2]: Leaving directory `/home/you/pkg/thrift/0.9.0/pkg/thrift-0.9.0/lib/d&apos;
make[1]: Leaving directory `/home/you/pkg/thrift/0.9.0/pkg/thrift-0.9.0/lib/d&apos;
Making check in test
make[1]: Entering directory `/home/you/pkg/thrift/0.9.0/pkg/thrift-0.9.0/lib/d/test&apos;
make  check-TESTS check-local
make[2]: Entering directory `/home/you/pkg/thrift/0.9.0/pkg/thrift-0.9.0/lib/d/test&apos;
dmd -L-levent ../libthriftd-event.a  -w -wi -O -release -inline -I../../../lib/d/src -Igen-d ../../../lib/d/libthriftd.a -ofclient_pool_test client_pool_test.d
../../../lib/d/src/thrift/internal/codegen.d(185): Error: alias thrift.internal.codegen.FieldNames!(TArgsStruct!(ExTestService, &lt;span class=&quot;code-quote&quot;&gt;&quot;getPortInArray&quot;&lt;/span&gt;), &lt;span class=&quot;code-keyword&quot;&gt;null&lt;/span&gt;).FieldNames recursive alias declaration
../../../lib/d/src/thrift/internal/codegen.d(259): Error: template instance thrift.internal.codegen.Target!(TArgsStruct!(ExTestService, &lt;span class=&quot;code-quote&quot;&gt;&quot;getPortInArray&quot;&lt;/span&gt;), &lt;span class=&quot;code-quote&quot;&gt;&quot;opEquals&quot;&lt;/span&gt;) error instantiating
../../../lib/d/src/thrift/internal/codegen.d(348):        instantiated from here: Template!&lt;span class=&quot;code-quote&quot;&gt;&quot;opEquals&quot;&lt;/span&gt;
../../../lib/d/src/thrift/internal/codegen.d(367):        instantiated from here: Instantiate!(PApply, &lt;span class=&quot;code-quote&quot;&gt;&quot;opEquals&quot;&lt;/span&gt;)
../../../lib/d/src/thrift/internal/codegen.d(183):        instantiated from here: All!(PApply, PApply)
../../../lib/d/src/thrift/codegen/base.d(438):        ... (2 instantiations, -v to show) ...
../../../lib/d/src/thrift/codegen/processor.d(100):        instantiated from here: process_getPortInArray!(TProtocol, TProtocol)
client_pool_test.d(121):        instantiated from here: TServiceProcessor!(ExTestService)
../../../lib/d/src/thrift/internal/codegen.d(348): Error: template instance thrift.internal.codegen.PApply!(isValueMember, TArgsStruct!(ExTestService, &lt;span class=&quot;code-quote&quot;&gt;&quot;getPortInArray&quot;&lt;/span&gt;)).Template!&lt;span class=&quot;code-quote&quot;&gt;&quot;opEquals&quot;&lt;/span&gt; error instantiating
../../../lib/d/src/thrift/internal/codegen.d(367):        instantiated from here: Instantiate!(PApply, &lt;span class=&quot;code-quote&quot;&gt;&quot;opEquals&quot;&lt;/span&gt;)
../../../lib/d/src/thrift/internal/codegen.d(183):        instantiated from here: All!(PApply, PApply)
../../../lib/d/src/thrift/codegen/base.d(438):        instantiated from here: FieldNames!(TArgsStruct!(ExTestService, &lt;span class=&quot;code-quote&quot;&gt;&quot;getPortInArray&quot;&lt;/span&gt;), &lt;span class=&quot;code-keyword&quot;&gt;null&lt;/span&gt;)
../../../lib/d/src/thrift/codegen/processor.d(107):        ... (1 instantiations, -v to show) ...
../../../lib/d/src/thrift/codegen/processor.d(100):        instantiated from here: process_getPortInArray!(TProtocol, TProtocol)
client_pool_test.d(121):        instantiated from here: TServiceProcessor!(ExTestService)
../../../lib/d/src/thrift/internal/codegen.d(367): Error: template instance thrift.internal.codegen.Instantiate!(PApply, &lt;span class=&quot;code-quote&quot;&gt;&quot;opEquals&quot;&lt;/span&gt;) error instantiating
../../../lib/d/src/thrift/internal/codegen.d(183):        instantiated from here: All!(PApply, PApply)
../../../lib/d/src/thrift/codegen/base.d(438):        instantiated from here: FieldNames!(TArgsStruct!(ExTestService, &lt;span class=&quot;code-quote&quot;&gt;&quot;getPortInArray&quot;&lt;/span&gt;), &lt;span class=&quot;code-keyword&quot;&gt;null&lt;/span&gt;)
../../../lib/d/src/thrift/codegen/processor.d(107):        instantiated from here: TArgsStruct!(ExTestService, &lt;span class=&quot;code-quote&quot;&gt;&quot;getPortInArray&quot;&lt;/span&gt;)
../../../lib/d/src/thrift/codegen/processor.d(100):        instantiated from here: process_getPortInArray!(TProtocol, TProtocol)
client_pool_test.d(121):        instantiated from here: TServiceProcessor!(ExTestService)
../../../lib/d/src/thrift/internal/codegen.d(367): Error: expression Instantiate!(PApply, &lt;span class=&quot;code-quote&quot;&gt;&quot;opEquals&quot;&lt;/span&gt;) of type void does not have a &lt;span class=&quot;code-object&quot;&gt;boolean&lt;/span&gt; value
../../../lib/d/src/thrift/internal/codegen.d(367): Error: expression Instantiate!(PApply, &lt;span class=&quot;code-quote&quot;&gt;&quot;opEquals&quot;&lt;/span&gt;) of type void does not have a &lt;span class=&quot;code-object&quot;&gt;boolean&lt;/span&gt; value
../../../lib/d/src/thrift/internal/codegen.d(226): Error: template instance thrift.internal.codegen.All!(PApply, PApply).pred!&lt;span class=&quot;code-quote&quot;&gt;&quot;opEquals&quot;&lt;/span&gt; error instantiating
../../../lib/d/src/thrift/internal/codegen.d(226): Error: expression pred!&lt;span class=&quot;code-quote&quot;&gt;&quot;opEquals&quot;&lt;/span&gt; of type void does not have a &lt;span class=&quot;code-object&quot;&gt;boolean&lt;/span&gt; value
../../../lib/d/src/thrift/internal/codegen.d(226): Error: expression pred!&lt;span class=&quot;code-quote&quot;&gt;&quot;opEquals&quot;&lt;/span&gt; of type void does not have a &lt;span class=&quot;code-object&quot;&gt;boolean&lt;/span&gt; value
../../../lib/d/src/thrift/internal/codegen.d(229): Error: template instance thrift.internal.codegen.StaticFilter!(All, &lt;span class=&quot;code-quote&quot;&gt;&quot;opEquals&quot;&lt;/span&gt;, &lt;span class=&quot;code-quote&quot;&gt;&quot;thriftToStringImpl&quot;&lt;/span&gt;, &lt;span class=&quot;code-quote&quot;&gt;&quot;thriftOpEqualsImpl&quot;&lt;/span&gt;, &lt;span class=&quot;code-quote&quot;&gt;&quot;read&quot;&lt;/span&gt;, &lt;span class=&quot;code-quote&quot;&gt;&quot;write&quot;&lt;/span&gt;) error instantiating
../../../lib/d/src/thrift/internal/codegen.d(179):        9 recursive instantiations from here: StaticFilter!(All, &lt;span class=&quot;code-quote&quot;&gt;&quot;thrift&quot;&lt;/span&gt;, &lt;span class=&quot;code-quote&quot;&gt;&quot;This&quot;&lt;/span&gt;, &lt;span class=&quot;code-quote&quot;&gt;&quot;&quot;, &quot;&lt;/span&gt;fieldMeta&lt;span class=&quot;code-quote&quot;&gt;&quot;, &quot;&lt;/span&gt;set&lt;span class=&quot;code-quote&quot;&gt;&quot;, &quot;&lt;/span&gt;unset&lt;span class=&quot;code-quote&quot;&gt;&quot;, &quot;&lt;/span&gt;isSet&lt;span class=&quot;code-quote&quot;&gt;&quot;, &quot;&lt;/span&gt;toString&lt;span class=&quot;code-quote&quot;&gt;&quot;, &quot;&lt;/span&gt;opEquals&lt;span class=&quot;code-quote&quot;&gt;&quot;, &quot;&lt;/span&gt;thriftToStringImpl&lt;span class=&quot;code-quote&quot;&gt;&quot;, &quot;&lt;/span&gt;thriftOpEqualsImpl&lt;span class=&quot;code-quote&quot;&gt;&quot;, &quot;&lt;/span&gt;read&lt;span class=&quot;code-quote&quot;&gt;&quot;, &quot;&lt;/span&gt;write&quot;)
../../../lib/d/src/thrift/codegen/base.d(438):        instantiated from here: FieldNames!(TArgsStruct!(ExTestService, &lt;span class=&quot;code-quote&quot;&gt;&quot;getPortInArray&quot;&lt;/span&gt;), &lt;span class=&quot;code-keyword&quot;&gt;null&lt;/span&gt;)
../../../lib/d/src/thrift/codegen/processor.d(107):        instantiated from here: TArgsStruct!(ExTestService, &lt;span class=&quot;code-quote&quot;&gt;&quot;getPortInArray&quot;&lt;/span&gt;)
../../../lib/d/src/thrift/codegen/processor.d(100):        instantiated from here: process_getPortInArray!(TProtocol, TProtocol)
client_pool_test.d(121):        instantiated from here: TServiceProcessor!(ExTestService)
../../../lib/d/src/thrift/internal/codegen.d(229): Error: template instance thrift.internal.codegen.StaticFilter!(All, &lt;span class=&quot;code-quote&quot;&gt;&quot;toString&quot;&lt;/span&gt;, &lt;span class=&quot;code-quote&quot;&gt;&quot;opEquals&quot;&lt;/span&gt;, &lt;span class=&quot;code-quote&quot;&gt;&quot;thriftToStringImpl&quot;&lt;/span&gt;, &lt;span class=&quot;code-quote&quot;&gt;&quot;thriftOpEqualsImpl&quot;&lt;/span&gt;, &lt;span class=&quot;code-quote&quot;&gt;&quot;read&quot;&lt;/span&gt;, &lt;span class=&quot;code-quote&quot;&gt;&quot;write&quot;&lt;/span&gt;) error instantiating
../../../lib/d/src/thrift/internal/codegen.d(179):        8 recursive instantiations from here: StaticFilter!(All, &lt;span class=&quot;code-quote&quot;&gt;&quot;thrift&quot;&lt;/span&gt;, &lt;span class=&quot;code-quote&quot;&gt;&quot;This&quot;&lt;/span&gt;, &lt;span class=&quot;code-quote&quot;&gt;&quot;&quot;, &quot;&lt;/span&gt;fieldMeta&lt;span class=&quot;code-quote&quot;&gt;&quot;, &quot;&lt;/span&gt;set&lt;span class=&quot;code-quote&quot;&gt;&quot;, &quot;&lt;/span&gt;unset&lt;span class=&quot;code-quote&quot;&gt;&quot;, &quot;&lt;/span&gt;isSet&lt;span class=&quot;code-quote&quot;&gt;&quot;, &quot;&lt;/span&gt;toString&lt;span class=&quot;code-quote&quot;&gt;&quot;, &quot;&lt;/span&gt;opEquals&lt;span class=&quot;code-quote&quot;&gt;&quot;, &quot;&lt;/span&gt;thriftToStringImpl&lt;span class=&quot;code-quote&quot;&gt;&quot;, &quot;&lt;/span&gt;thriftOpEqualsImpl&lt;span class=&quot;code-quote&quot;&gt;&quot;, &quot;&lt;/span&gt;read&lt;span class=&quot;code-quote&quot;&gt;&quot;, &quot;&lt;/span&gt;write&quot;)
../../../lib/d/src/thrift/codegen/base.d(438):        instantiated from here: FieldNames!(TArgsStruct!(ExTestService, &lt;span class=&quot;code-quote&quot;&gt;&quot;getPortInArray&quot;&lt;/span&gt;), &lt;span class=&quot;code-keyword&quot;&gt;null&lt;/span&gt;)
../../../lib/d/src/thrift/codegen/processor.d(107):        instantiated from here: TArgsStruct!(ExTestService, &lt;span class=&quot;code-quote&quot;&gt;&quot;getPortInArray&quot;&lt;/span&gt;)
../../../lib/d/src/thrift/codegen/processor.d(100):        instantiated from here: process_getPortInArray!(TProtocol, TProtocol)
client_pool_test.d(121):        instantiated from here: TServiceProcessor!(ExTestService)
../../../lib/d/src/thrift/internal/codegen.d(229): Error: template instance thrift.internal.codegen.StaticFilter!(All, &lt;span class=&quot;code-quote&quot;&gt;&quot;isSet&quot;&lt;/span&gt;, &lt;span class=&quot;code-quote&quot;&gt;&quot;toString&quot;&lt;/span&gt;, &lt;span class=&quot;code-quote&quot;&gt;&quot;opEquals&quot;&lt;/span&gt;, &lt;span class=&quot;code-quote&quot;&gt;&quot;thriftToStringImpl&quot;&lt;/span&gt;, &lt;span class=&quot;code-quote&quot;&gt;&quot;thriftOpEqualsImpl&quot;&lt;/span&gt;, &lt;span class=&quot;code-quote&quot;&gt;&quot;read&quot;&lt;/span&gt;, &lt;span class=&quot;code-quote&quot;&gt;&quot;write&quot;&lt;/span&gt;) error instantiating
../../../lib/d/src/thrift/internal/codegen.d(179):        7 recursive instantiations from here: StaticFilter!(All, &lt;span class=&quot;code-quote&quot;&gt;&quot;thrift&quot;&lt;/span&gt;, &lt;span class=&quot;code-quote&quot;&gt;&quot;This&quot;&lt;/span&gt;, &lt;span class=&quot;code-quote&quot;&gt;&quot;&quot;, &quot;&lt;/span&gt;fieldMeta&lt;span class=&quot;code-quote&quot;&gt;&quot;, &quot;&lt;/span&gt;set&lt;span class=&quot;code-quote&quot;&gt;&quot;, &quot;&lt;/span&gt;unset&lt;span class=&quot;code-quote&quot;&gt;&quot;, &quot;&lt;/span&gt;isSet&lt;span class=&quot;code-quote&quot;&gt;&quot;, &quot;&lt;/span&gt;toString&lt;span class=&quot;code-quote&quot;&gt;&quot;, &quot;&lt;/span&gt;opEquals&lt;span class=&quot;code-quote&quot;&gt;&quot;, &quot;&lt;/span&gt;thriftToStringImpl&lt;span class=&quot;code-quote&quot;&gt;&quot;, &quot;&lt;/span&gt;thriftOpEqualsImpl&lt;span class=&quot;code-quote&quot;&gt;&quot;, &quot;&lt;/span&gt;read&lt;span class=&quot;code-quote&quot;&gt;&quot;, &quot;&lt;/span&gt;write&quot;)
../../../lib/d/src/thrift/codegen/base.d(438):        instantiated from here: FieldNames!(TArgsStruct!(ExTestService, &lt;span class=&quot;code-quote&quot;&gt;&quot;getPortInArray&quot;&lt;/span&gt;), &lt;span class=&quot;code-keyword&quot;&gt;null&lt;/span&gt;)
../../../lib/d/src/thrift/codegen/processor.d(107):        instantiated from here: TArgsStruct!(ExTestService, &lt;span class=&quot;code-quote&quot;&gt;&quot;getPortInArray&quot;&lt;/span&gt;)
../../../lib/d/src/thrift/codegen/processor.d(100):        instantiated from here: process_getPortInArray!(TProtocol, TProtocol)
client_pool_test.d(121):        instantiated from here: TServiceProcessor!(ExTestService)
../../../lib/d/src/thrift/internal/codegen.d(229): Error: template instance thrift.internal.codegen.StaticFilter!(All, &lt;span class=&quot;code-quote&quot;&gt;&quot;unset&quot;&lt;/span&gt;, &lt;span class=&quot;code-quote&quot;&gt;&quot;isSet&quot;&lt;/span&gt;, &lt;span class=&quot;code-quote&quot;&gt;&quot;toString&quot;&lt;/span&gt;, &lt;span class=&quot;code-quote&quot;&gt;&quot;opEquals&quot;&lt;/span&gt;, &lt;span class=&quot;code-quote&quot;&gt;&quot;thriftToStringImpl&quot;&lt;/span&gt;, &lt;span class=&quot;code-quote&quot;&gt;&quot;thriftOpEqualsImpl&quot;&lt;/span&gt;, &lt;span class=&quot;code-quote&quot;&gt;&quot;read&quot;&lt;/span&gt;, &lt;span class=&quot;code-quote&quot;&gt;&quot;write&quot;&lt;/span&gt;) error instantiating
../../../lib/d/src/thrift/internal/codegen.d(179):        6 recursive instantiations from here: StaticFilter!(All, &lt;span class=&quot;code-quote&quot;&gt;&quot;thrift&quot;&lt;/span&gt;, &lt;span class=&quot;code-quote&quot;&gt;&quot;This&quot;&lt;/span&gt;, &lt;span class=&quot;code-quote&quot;&gt;&quot;&quot;, &quot;&lt;/span&gt;fieldMeta&lt;span class=&quot;code-quote&quot;&gt;&quot;, &quot;&lt;/span&gt;set&lt;span class=&quot;code-quote&quot;&gt;&quot;, &quot;&lt;/span&gt;unset&lt;span class=&quot;code-quote&quot;&gt;&quot;, &quot;&lt;/span&gt;isSet&lt;span class=&quot;code-quote&quot;&gt;&quot;, &quot;&lt;/span&gt;toString&lt;span class=&quot;code-quote&quot;&gt;&quot;, &quot;&lt;/span&gt;opEquals&lt;span class=&quot;code-quote&quot;&gt;&quot;, &quot;&lt;/span&gt;thriftToStringImpl&lt;span class=&quot;code-quote&quot;&gt;&quot;, &quot;&lt;/span&gt;thriftOpEqualsImpl&lt;span class=&quot;code-quote&quot;&gt;&quot;, &quot;&lt;/span&gt;read&lt;span class=&quot;code-quote&quot;&gt;&quot;, &quot;&lt;/span&gt;write&quot;)
../../../lib/d/src/thrift/codegen/base.d(438):        instantiated from here: FieldNames!(TArgsStruct!(ExTestService, &lt;span class=&quot;code-quote&quot;&gt;&quot;getPortInArray&quot;&lt;/span&gt;), &lt;span class=&quot;code-keyword&quot;&gt;null&lt;/span&gt;)
../../../lib/d/src/thrift/codegen/processor.d(107):        instantiated from here: TArgsStruct!(ExTestService, &lt;span class=&quot;code-quote&quot;&gt;&quot;getPortInArray&quot;&lt;/span&gt;)
../../../lib/d/src/thrift/codegen/processor.d(100):        instantiated from here: process_getPortInArray!(TProtocol, TProtocol)
client_pool_test.d(121):        instantiated from here: TServiceProcessor!(ExTestService)
../../../lib/d/src/thrift/internal/codegen.d(229): Error: template instance thrift.internal.codegen.StaticFilter!(All, &lt;span class=&quot;code-quote&quot;&gt;&quot;set&quot;&lt;/span&gt;, &lt;span class=&quot;code-quote&quot;&gt;&quot;unset&quot;&lt;/span&gt;, &lt;span class=&quot;code-quote&quot;&gt;&quot;isSet&quot;&lt;/span&gt;, &lt;span class=&quot;code-quote&quot;&gt;&quot;toString&quot;&lt;/span&gt;, &lt;span class=&quot;code-quote&quot;&gt;&quot;opEquals&quot;&lt;/span&gt;, &lt;span class=&quot;code-quote&quot;&gt;&quot;thriftToStringImpl&quot;&lt;/span&gt;, &lt;span class=&quot;code-quote&quot;&gt;&quot;thriftOpEqualsImpl&quot;&lt;/span&gt;, &lt;span class=&quot;code-quote&quot;&gt;&quot;read&quot;&lt;/span&gt;, &lt;span class=&quot;code-quote&quot;&gt;&quot;write&quot;&lt;/span&gt;) error instantiating
../../../lib/d/src/thrift/internal/codegen.d(179):        5 recursive instantiations from here: StaticFilter!(All, &lt;span class=&quot;code-quote&quot;&gt;&quot;thrift&quot;&lt;/span&gt;, &lt;span class=&quot;code-quote&quot;&gt;&quot;This&quot;&lt;/span&gt;, &lt;span class=&quot;code-quote&quot;&gt;&quot;&quot;, &quot;&lt;/span&gt;fieldMeta&lt;span class=&quot;code-quote&quot;&gt;&quot;, &quot;&lt;/span&gt;set&lt;span class=&quot;code-quote&quot;&gt;&quot;, &quot;&lt;/span&gt;unset&lt;span class=&quot;code-quote&quot;&gt;&quot;, &quot;&lt;/span&gt;isSet&lt;span class=&quot;code-quote&quot;&gt;&quot;, &quot;&lt;/span&gt;toString&lt;span class=&quot;code-quote&quot;&gt;&quot;, &quot;&lt;/span&gt;opEquals&lt;span class=&quot;code-quote&quot;&gt;&quot;, &quot;&lt;/span&gt;thriftToStringImpl&lt;span class=&quot;code-quote&quot;&gt;&quot;, &quot;&lt;/span&gt;thriftOpEqualsImpl&lt;span class=&quot;code-quote&quot;&gt;&quot;, &quot;&lt;/span&gt;read&lt;span class=&quot;code-quote&quot;&gt;&quot;, &quot;&lt;/span&gt;write&quot;)
../../../lib/d/src/thrift/codegen/base.d(438):        instantiated from here: FieldNames!(TArgsStruct!(ExTestService, &lt;span class=&quot;code-quote&quot;&gt;&quot;getPortInArray&quot;&lt;/span&gt;), &lt;span class=&quot;code-keyword&quot;&gt;null&lt;/span&gt;)
../../../lib/d/src/thrift/codegen/processor.d(107):        instantiated from here: TArgsStruct!(ExTestService, &lt;span class=&quot;code-quote&quot;&gt;&quot;getPortInArray&quot;&lt;/span&gt;)
../../../lib/d/src/thrift/codegen/processor.d(100):        instantiated from here: process_getPortInArray!(TProtocol, TProtocol)
client_pool_test.d(121):        instantiated from here: TServiceProcessor!(ExTestService)
../../../lib/d/src/thrift/internal/codegen.d(229): Error: template instance thrift.internal.codegen.StaticFilter!(All, &lt;span class=&quot;code-quote&quot;&gt;&quot;fieldMeta&quot;&lt;/span&gt;, &lt;span class=&quot;code-quote&quot;&gt;&quot;set&quot;&lt;/span&gt;, &lt;span class=&quot;code-quote&quot;&gt;&quot;unset&quot;&lt;/span&gt;, &lt;span class=&quot;code-quote&quot;&gt;&quot;isSet&quot;&lt;/span&gt;, &lt;span class=&quot;code-quote&quot;&gt;&quot;toString&quot;&lt;/span&gt;, &lt;span class=&quot;code-quote&quot;&gt;&quot;opEquals&quot;&lt;/span&gt;, &lt;span class=&quot;code-quote&quot;&gt;&quot;thriftToStringImpl&quot;&lt;/span&gt;, &lt;span class=&quot;code-quote&quot;&gt;&quot;thriftOpEqualsImpl&quot;&lt;/span&gt;, &lt;span class=&quot;code-quote&quot;&gt;&quot;read&quot;&lt;/span&gt;, &lt;span class=&quot;code-quote&quot;&gt;&quot;write&quot;&lt;/span&gt;) error instantiating
../../../lib/d/src/thrift/internal/codegen.d(179):        4 recursive instantiations from here: StaticFilter!(All, &lt;span class=&quot;code-quote&quot;&gt;&quot;thrift&quot;&lt;/span&gt;, &lt;span class=&quot;code-quote&quot;&gt;&quot;This&quot;&lt;/span&gt;, &lt;span class=&quot;code-quote&quot;&gt;&quot;&quot;, &quot;&lt;/span&gt;fieldMeta&lt;span class=&quot;code-quote&quot;&gt;&quot;, &quot;&lt;/span&gt;set&lt;span class=&quot;code-quote&quot;&gt;&quot;, &quot;&lt;/span&gt;unset&lt;span class=&quot;code-quote&quot;&gt;&quot;, &quot;&lt;/span&gt;isSet&lt;span class=&quot;code-quote&quot;&gt;&quot;, &quot;&lt;/span&gt;toString&lt;span class=&quot;code-quote&quot;&gt;&quot;, &quot;&lt;/span&gt;opEquals&lt;span class=&quot;code-quote&quot;&gt;&quot;, &quot;&lt;/span&gt;thriftToStringImpl&lt;span class=&quot;code-quote&quot;&gt;&quot;, &quot;&lt;/span&gt;thriftOpEqualsImpl&lt;span class=&quot;code-quote&quot;&gt;&quot;, &quot;&lt;/span&gt;read&lt;span class=&quot;code-quote&quot;&gt;&quot;, &quot;&lt;/span&gt;write&quot;)
../../../lib/d/src/thrift/codegen/base.d(438):        instantiated from here: FieldNames!(TArgsStruct!(ExTestService, &lt;span class=&quot;code-quote&quot;&gt;&quot;getPortInArray&quot;&lt;/span&gt;), &lt;span class=&quot;code-keyword&quot;&gt;null&lt;/span&gt;)
../../../lib/d/src/thrift/codegen/processor.d(107):        instantiated from here: TArgsStruct!(ExTestService, &lt;span class=&quot;code-quote&quot;&gt;&quot;getPortInArray&quot;&lt;/span&gt;)
../../../lib/d/src/thrift/codegen/processor.d(100):        instantiated from here: process_getPortInArray!(TProtocol, TProtocol)
client_pool_test.d(121):        instantiated from here: TServiceProcessor!(ExTestService)
../../../lib/d/src/thrift/internal/codegen.d(229): Error: template instance thrift.internal.codegen.StaticFilter!(All, &lt;span class=&quot;code-quote&quot;&gt;&quot;&quot;, &quot;&lt;/span&gt;fieldMeta&lt;span class=&quot;code-quote&quot;&gt;&quot;, &quot;&lt;/span&gt;set&lt;span class=&quot;code-quote&quot;&gt;&quot;, &quot;&lt;/span&gt;unset&lt;span class=&quot;code-quote&quot;&gt;&quot;, &quot;&lt;/span&gt;isSet&lt;span class=&quot;code-quote&quot;&gt;&quot;, &quot;&lt;/span&gt;toString&lt;span class=&quot;code-quote&quot;&gt;&quot;, &quot;&lt;/span&gt;opEquals&lt;span class=&quot;code-quote&quot;&gt;&quot;, &quot;&lt;/span&gt;thriftToStringImpl&lt;span class=&quot;code-quote&quot;&gt;&quot;, &quot;&lt;/span&gt;thriftOpEqualsImpl&lt;span class=&quot;code-quote&quot;&gt;&quot;, &quot;&lt;/span&gt;read&lt;span class=&quot;code-quote&quot;&gt;&quot;, &quot;&lt;/span&gt;write&quot;) error instantiating
../../../lib/d/src/thrift/internal/codegen.d(179):        3 recursive instantiations from here: StaticFilter!(All, &lt;span class=&quot;code-quote&quot;&gt;&quot;thrift&quot;&lt;/span&gt;, &lt;span class=&quot;code-quote&quot;&gt;&quot;This&quot;&lt;/span&gt;, &lt;span class=&quot;code-quote&quot;&gt;&quot;&quot;, &quot;&lt;/span&gt;fieldMeta&lt;span class=&quot;code-quote&quot;&gt;&quot;, &quot;&lt;/span&gt;set&lt;span class=&quot;code-quote&quot;&gt;&quot;, &quot;&lt;/span&gt;unset&lt;span class=&quot;code-quote&quot;&gt;&quot;, &quot;&lt;/span&gt;isSet&lt;span class=&quot;code-quote&quot;&gt;&quot;, &quot;&lt;/span&gt;toString&lt;span class=&quot;code-quote&quot;&gt;&quot;, &quot;&lt;/span&gt;opEquals&lt;span class=&quot;code-quote&quot;&gt;&quot;, &quot;&lt;/span&gt;thriftToStringImpl&lt;span class=&quot;code-quote&quot;&gt;&quot;, &quot;&lt;/span&gt;thriftOpEqualsImpl&lt;span class=&quot;code-quote&quot;&gt;&quot;, &quot;&lt;/span&gt;read&lt;span class=&quot;code-quote&quot;&gt;&quot;, &quot;&lt;/span&gt;write&quot;)
../../../lib/d/src/thrift/codegen/base.d(438):        instantiated from here: FieldNames!(TArgsStruct!(ExTestService, &lt;span class=&quot;code-quote&quot;&gt;&quot;getPortInArray&quot;&lt;/span&gt;), &lt;span class=&quot;code-keyword&quot;&gt;null&lt;/span&gt;)
../../../lib/d/src/thrift/codegen/processor.d(107):        instantiated from here: TArgsStruct!(ExTestService, &lt;span class=&quot;code-quote&quot;&gt;&quot;getPortInArray&quot;&lt;/span&gt;)
../../../lib/d/src/thrift/codegen/processor.d(100):        instantiated from here: process_getPortInArray!(TProtocol, TProtocol)
client_pool_test.d(121):        instantiated from here: TServiceProcessor!(ExTestService)
../../../lib/d/src/thrift/internal/codegen.d(229): Error: template instance thrift.internal.codegen.StaticFilter!(All, &lt;span class=&quot;code-quote&quot;&gt;&quot;This&quot;&lt;/span&gt;, &lt;span class=&quot;code-quote&quot;&gt;&quot;&quot;, &quot;&lt;/span&gt;fieldMeta&lt;span class=&quot;code-quote&quot;&gt;&quot;, &quot;&lt;/span&gt;set&lt;span class=&quot;code-quote&quot;&gt;&quot;, &quot;&lt;/span&gt;unset&lt;span class=&quot;code-quote&quot;&gt;&quot;, &quot;&lt;/span&gt;isSet&lt;span class=&quot;code-quote&quot;&gt;&quot;, &quot;&lt;/span&gt;toString&lt;span class=&quot;code-quote&quot;&gt;&quot;, &quot;&lt;/span&gt;opEquals&lt;span class=&quot;code-quote&quot;&gt;&quot;, &quot;&lt;/span&gt;thriftToStringImpl&lt;span class=&quot;code-quote&quot;&gt;&quot;, &quot;&lt;/span&gt;thriftOpEqualsImpl&lt;span class=&quot;code-quote&quot;&gt;&quot;, &quot;&lt;/span&gt;read&lt;span class=&quot;code-quote&quot;&gt;&quot;, &quot;&lt;/span&gt;write&quot;) error instantiating
../../../lib/d/src/thrift/internal/codegen.d(179):        instantiated from here: StaticFilter!(All, &lt;span class=&quot;code-quote&quot;&gt;&quot;thrift&quot;&lt;/span&gt;, &lt;span class=&quot;code-quote&quot;&gt;&quot;This&quot;&lt;/span&gt;, &lt;span class=&quot;code-quote&quot;&gt;&quot;&quot;, &quot;&lt;/span&gt;fieldMeta&lt;span class=&quot;code-quote&quot;&gt;&quot;, &quot;&lt;/span&gt;set&lt;span class=&quot;code-quote&quot;&gt;&quot;, &quot;&lt;/span&gt;unset&lt;span class=&quot;code-quote&quot;&gt;&quot;, &quot;&lt;/span&gt;isSet&lt;span class=&quot;code-quote&quot;&gt;&quot;, &quot;&lt;/span&gt;toString&lt;span class=&quot;code-quote&quot;&gt;&quot;, &quot;&lt;/span&gt;opEquals&lt;span class=&quot;code-quote&quot;&gt;&quot;, &quot;&lt;/span&gt;thriftToStringImpl&lt;span class=&quot;code-quote&quot;&gt;&quot;, &quot;&lt;/span&gt;thriftOpEqualsImpl&lt;span class=&quot;code-quote&quot;&gt;&quot;, &quot;&lt;/span&gt;read&lt;span class=&quot;code-quote&quot;&gt;&quot;, &quot;&lt;/span&gt;write&quot;)
../../../lib/d/src/thrift/codegen/base.d(438):        instantiated from here: FieldNames!(TArgsStruct!(ExTestService, &lt;span class=&quot;code-quote&quot;&gt;&quot;getPortInArray&quot;&lt;/span&gt;), &lt;span class=&quot;code-keyword&quot;&gt;null&lt;/span&gt;)
../../../lib/d/src/thrift/codegen/processor.d(107):        instantiated from here: TArgsStruct!(ExTestService, &lt;span class=&quot;code-quote&quot;&gt;&quot;getPortInArray&quot;&lt;/span&gt;)
../../../lib/d/src/thrift/codegen/processor.d(100):        instantiated from here: process_getPortInArray!(TProtocol, TProtocol)
client_pool_test.d(121):        instantiated from here: TServiceProcessor!(ExTestService)
../../../lib/d/src/thrift/internal/codegen.d(179): Error: template instance thrift.internal.codegen.StaticFilter!(All, &lt;span class=&quot;code-quote&quot;&gt;&quot;thrift&quot;&lt;/span&gt;, &lt;span class=&quot;code-quote&quot;&gt;&quot;This&quot;&lt;/span&gt;, &lt;span class=&quot;code-quote&quot;&gt;&quot;&quot;, &quot;&lt;/span&gt;fieldMeta&lt;span class=&quot;code-quote&quot;&gt;&quot;, &quot;&lt;/span&gt;set&lt;span class=&quot;code-quote&quot;&gt;&quot;, &quot;&lt;/span&gt;unset&lt;span class=&quot;code-quote&quot;&gt;&quot;, &quot;&lt;/span&gt;isSet&lt;span class=&quot;code-quote&quot;&gt;&quot;, &quot;&lt;/span&gt;toString&lt;span class=&quot;code-quote&quot;&gt;&quot;, &quot;&lt;/span&gt;opEquals&lt;span class=&quot;code-quote&quot;&gt;&quot;, &quot;&lt;/span&gt;thriftToStringImpl&lt;span class=&quot;code-quote&quot;&gt;&quot;, &quot;&lt;/span&gt;thriftOpEqualsImpl&lt;span class=&quot;code-quote&quot;&gt;&quot;, &quot;&lt;/span&gt;read&lt;span class=&quot;code-quote&quot;&gt;&quot;, &quot;&lt;/span&gt;write&quot;) error instantiating
../../../lib/d/src/thrift/codegen/base.d(438):        instantiated from here: FieldNames!(TArgsStruct!(ExTestService, &lt;span class=&quot;code-quote&quot;&gt;&quot;getPortInArray&quot;&lt;/span&gt;), &lt;span class=&quot;code-keyword&quot;&gt;null&lt;/span&gt;)
../../../lib/d/src/thrift/codegen/processor.d(107):        instantiated from here: TArgsStruct!(ExTestService, &lt;span class=&quot;code-quote&quot;&gt;&quot;getPortInArray&quot;&lt;/span&gt;)
../../../lib/d/src/thrift/codegen/processor.d(100):        instantiated from here: process_getPortInArray!(TProtocol, TProtocol)
client_pool_test.d(121):        instantiated from here: TServiceProcessor!(ExTestService)
../../../lib/d/src/thrift/codegen/base.d(438): Error: template instance thrift.internal.codegen.FieldNames!(TArgsStruct!(ExTestService, &lt;span class=&quot;code-quote&quot;&gt;&quot;getPortInArray&quot;&lt;/span&gt;), &lt;span class=&quot;code-keyword&quot;&gt;null&lt;/span&gt;) error instantiating
../../../lib/d/src/thrift/codegen/processor.d(107):        instantiated from here: TArgsStruct!(ExTestService, &lt;span class=&quot;code-quote&quot;&gt;&quot;getPortInArray&quot;&lt;/span&gt;)
../../../lib/d/src/thrift/codegen/processor.d(100):        instantiated from here: process_getPortInArray!(TProtocol, TProtocol)
client_pool_test.d(121):        instantiated from here: TServiceProcessor!(ExTestService)
../../../lib/d/src/thrift/codegen/base.d(450): Error: CTFE failed because of previous errors in __lambda2828
../../../lib/d/src/thrift/codegen/processor.d(107): Error: template instance thrift.codegen.processor.TArgsStruct!(ExTestService, &lt;span class=&quot;code-quote&quot;&gt;&quot;getPortInArray&quot;&lt;/span&gt;) error instantiating
make[2]: *** [client_pool_test] Error 1
make[2]: Leaving directory `/home/you/pkg/thrift/0.9.0/pkg/thrift-0.9.0/lib/d/test&apos;
make[1]: *** [check-am] Error 2
make[1]: Leaving directory `/home/you/pkg/thrift/0.9.0/pkg/thrift-0.9.0/lib/d/test&apos;
make: *** [check-recursive] Error 1
you@myhost:~/pkg/thrift/0.9.0/pkg/thrift-0.9.0/lib/d$ 



============ ##### &lt;span class=&quot;code-keyword&quot;&gt;for&lt;/span&gt; dmd 2.062

root@myhost:/home/you/pkg/thrift/0.9.0/pkg/thrift-0.9.0/lib/d# make
Making all in .
make[1]: Entering directory `/home/you/pkg/thrift/0.9.0/pkg/thrift-0.9.0/lib/d&apos;
dmd -oflibthriftd-event.a -w -wi -Isrc -lib src/thrift/async/libevent.d src/thrift/server/nonblocking.d
dmd -oflibthriftd.a -w -wi -Isrc -lib src/thrift/base.d src/thrift/async/base.d src/thrift/async/socket.d src/thrift/codegen/async_client.d src/thrift/codegen/async_client_pool.d src/thrift/codegen/base.d src/thrift/codegen/client.d src/thrift/codegen/client_pool.d src/thrift/codegen/idlgen.d src/thrift/codegen/processor.d src/thrift/protocol/base.d src/thrift/protocol/binary.d src/thrift/protocol/compact.d src/thrift/protocol/json.d src/thrift/protocol/processor.d src/thrift/server/base.d src/thrift/server/simple.d src/thrift/server/taskpool.d src/thrift/server/threaded.d src/thrift/server/transport/base.d src/thrift/server/transport/socket.d src/thrift/transport/base.d src/thrift/transport/buffered.d src/thrift/transport/file.d src/thrift/transport/framed.d src/thrift/transport/http.d src/thrift/transport/memory.d src/thrift/transport/piped.d src/thrift/transport/range.d src/thrift/transport/socket.d src/thrift/transport/zlib.d src/thrift/util/awaitable.d src/thrift/util/cancellation.d src/thrift/util/&lt;span class=&quot;code-keyword&quot;&gt;future&lt;/span&gt;.d src/thrift/util/hashset.d src/thrift/internal/algorithm.d src/thrift/internal/codegen.d src/thrift/internal/ctfe.d src/thrift/internal/endian.d src/thrift/internal/resource_pool.d src/thrift/internal/socket.d src/thrift/internal/traits.d src/thrift/internal/test/protocol.d src/thrift/internal/test/server.d
/home/you/pkg/dlang/dmd/dmd_from_src/2.062/install/include/d2/std/traits.d(1686): Error: unrecognized trait isNested
/home/you/pkg/dlang/dmd/dmd_from_src/2.062/install/include/d2/std/traits.d(1768): Error: template instance std.traits.isNested!(Duration) error instantiating
/home/you/pkg/dlang/dmd/dmd_from_src/2.062/install/include/d2/std/traits.d(1928):        instantiated from here: FieldTypeTuple!(Duration)
/home/you/pkg/dlang/dmd/dmd_from_src/2.062/install/include/d2/std/traits.d(2197):        instantiated from here: RepresentationTypeTuple!(Duration)
/home/you/pkg/dlang/dmd/dmd_from_src/2.062/install/include/d2/std/traits.d(2641):        instantiated from here: hasRawUnsharedAliasing!(Duration)
/home/you/pkg/dlang/dmd/dmd_from_src/2.062/install/include/d2/std/concurrency.d(85):        ... (4 instantiations, -v to show) ...
/home/you/pkg/dlang/dmd/dmd_from_src/2.062/install/include/d2/std/concurrency.d(458):        instantiated from here: hasLocalAliasing!(string, ulong, ulong, Duration, Duration)
src/thrift/transport/file.d(622):        instantiated from here: spawn!(void function(string path, ulong chunkSize, ulong maxFlushBytes, Duration maxFlushInterval, Duration ioErrorSleepDuration), string,ulong,ulong,Duration,Duration)
/home/you/pkg/dlang/dmd/dmd_from_src/2.062/install/include/d2/std/traits.d(1928): Error: template instance std.traits.FieldTypeTuple!(Duration) error instantiating
/home/you/pkg/dlang/dmd/dmd_from_src/2.062/install/include/d2/std/traits.d(2197):        instantiated from here: RepresentationTypeTuple!(Duration)
/home/you/pkg/dlang/dmd/dmd_from_src/2.062/install/include/d2/std/traits.d(2641):        instantiated from here: hasRawUnsharedAliasing!(Duration)
/home/you/pkg/dlang/dmd/dmd_from_src/2.062/install/include/d2/std/concurrency.d(85):        instantiated from here: hasLocalAliasing!(Duration)
/home/you/pkg/dlang/dmd/dmd_from_src/2.062/install/include/d2/std/concurrency.d(458):        5 recursive instantiations from here: hasLocalAliasing!(string, ulong, ulong, Duration, Duration)
src/thrift/transport/file.d(622):        instantiated from here: spawn!(void function(string path, ulong chunkSize, ulong maxFlushBytes, Duration maxFlushInterval, Duration ioErrorSleepDuration), string,ulong,ulong,Duration,Duration)
/home/you/pkg/dlang/dmd/dmd_from_src/2.062/install/include/d2/std/traits.d(2197): Error: template instance std.traits.RepresentationTypeTuple!(Duration) error instantiating
/home/you/pkg/dlang/dmd/dmd_from_src/2.062/install/include/d2/std/traits.d(2641):        instantiated from here: hasRawUnsharedAliasing!(Duration)
/home/you/pkg/dlang/dmd/dmd_from_src/2.062/install/include/d2/std/concurrency.d(85):        instantiated from here: hasLocalAliasing!(Duration)
/home/you/pkg/dlang/dmd/dmd_from_src/2.062/install/include/d2/std/concurrency.d(458):        5 recursive instantiations from here: hasLocalAliasing!(string, ulong, ulong, Duration, Duration)
src/thrift/transport/file.d(622):        instantiated from here: spawn!(void function(string path, ulong chunkSize, ulong maxFlushBytes, Duration maxFlushInterval, Duration ioErrorSleepDuration), string,ulong,ulong,Duration,Duration)
/home/you/pkg/dlang/dmd/dmd_from_src/2.062/install/include/d2/std/traits.d(2188): Error: template instance isAssociativeArray!(Impl!(_error_)) isAssociativeArray!(Impl!(_error_)) does not match template declaration isAssociativeArray(T)
/home/you/pkg/dlang/dmd/dmd_from_src/2.062/install/include/d2/std/traits.d(2188): Error: expression isAssociativeArray!(Impl!(_error_)) of type void does not have a &lt;span class=&quot;code-object&quot;&gt;boolean&lt;/span&gt; value
/home/you/pkg/dlang/dmd/dmd_from_src/2.062/install/include/d2/std/traits.d(2188): Error: expression isAssociativeArray!(Impl!(_error_)) of type void does not have a &lt;span class=&quot;code-object&quot;&gt;boolean&lt;/span&gt; value
/home/you/pkg/dlang/dmd/dmd_from_src/2.062/install/include/d2/std/traits.d(2197): Error: template instance std.traits.hasRawUnsharedAliasing!(Duration).Impl!(Impl!(_error_)) error instantiating
/home/you/pkg/dlang/dmd/dmd_from_src/2.062/install/include/d2/std/traits.d(2641):        instantiated from here: hasRawUnsharedAliasing!(Duration)
/home/you/pkg/dlang/dmd/dmd_from_src/2.062/install/include/d2/std/concurrency.d(85):        instantiated from here: hasLocalAliasing!(Duration)
/home/you/pkg/dlang/dmd/dmd_from_src/2.062/install/include/d2/std/concurrency.d(458):        5 recursive instantiations from here: hasLocalAliasing!(string, ulong, ulong, Duration, Duration)
src/thrift/transport/file.d(622):        instantiated from here: spawn!(void function(string path, ulong chunkSize, ulong maxFlushBytes, Duration maxFlushInterval, Duration ioErrorSleepDuration), string,ulong,ulong,Duration,Duration)
/home/you/pkg/dlang/dmd/dmd_from_src/2.062/install/include/d2/std/traits.d(2641): Error: template instance std.traits.hasRawUnsharedAliasing!(Duration) error instantiating
/home/you/pkg/dlang/dmd/dmd_from_src/2.062/install/include/d2/std/concurrency.d(85):        instantiated from here: hasLocalAliasing!(Duration)
/home/you/pkg/dlang/dmd/dmd_from_src/2.062/install/include/d2/std/concurrency.d(458):        5 recursive instantiations from here: hasLocalAliasing!(string, ulong, ulong, Duration, Duration)
src/thrift/transport/file.d(622):        instantiated from here: spawn!(void function(string path, ulong chunkSize, ulong maxFlushBytes, Duration maxFlushInterval, Duration ioErrorSleepDuration), string,ulong,ulong,Duration,Duration)
/home/you/pkg/dlang/dmd/dmd_from_src/2.062/install/include/d2/std/typetuple.d(617): Error: template instance F!(Impl!(_error_)) F!(Impl!(_error_)) does not match template declaration unsharedDelegate(T)
/home/you/pkg/dlang/dmd/dmd_from_src/2.062/install/include/d2/std/traits.d(2642): Error: template instance std.typetuple.anySatisfy!(unsharedDelegate, Impl!(_error_)) error instantiating
/home/you/pkg/dlang/dmd/dmd_from_src/2.062/install/include/d2/std/concurrency.d(85):        instantiated from here: hasLocalAliasing!(Duration)
/home/you/pkg/dlang/dmd/dmd_from_src/2.062/install/include/d2/std/concurrency.d(458):        5 recursive instantiations from here: hasLocalAliasing!(string, ulong, ulong, Duration, Duration)
src/thrift/transport/file.d(622):        instantiated from here: spawn!(void function(string path, ulong chunkSize, ulong maxFlushBytes, Duration maxFlushInterval, Duration ioErrorSleepDuration), string,ulong,ulong,Duration,Duration)
/home/you/pkg/dlang/dmd/dmd_from_src/2.062/install/include/d2/std/concurrency.d(85): Error: template instance std.traits.hasLocalAliasing!(Duration) error instantiating
/home/you/pkg/dlang/dmd/dmd_from_src/2.062/install/include/d2/std/concurrency.d(86):        instantiated from here: hasLocalAliasing!(Duration, Duration)
/home/you/pkg/dlang/dmd/dmd_from_src/2.062/install/include/d2/std/concurrency.d(86):        instantiated from here: hasLocalAliasing!(ulong, Duration, Duration)
/home/you/pkg/dlang/dmd/dmd_from_src/2.062/install/include/d2/std/concurrency.d(86):        instantiated from here: hasLocalAliasing!(ulong, ulong, Duration, Duration)
/home/you/pkg/dlang/dmd/dmd_from_src/2.062/install/include/d2/std/concurrency.d(458):        instantiated from here: hasLocalAliasing!(string, ulong, ulong, Duration, Duration)
src/thrift/transport/file.d(622):        instantiated from here: spawn!(void function(string path, ulong chunkSize, ulong maxFlushBytes, Duration maxFlushInterval, Duration ioErrorSleepDuration), string,ulong,ulong,Duration,Duration)
/home/you/pkg/dlang/dmd/dmd_from_src/2.062/install/include/d2/std/concurrency.d(86): Error: template instance std.concurrency.hasLocalAliasing!(Duration, Duration) error instantiating
/home/you/pkg/dlang/dmd/dmd_from_src/2.062/install/include/d2/std/concurrency.d(86):        instantiated from here: hasLocalAliasing!(ulong, Duration, Duration)
/home/you/pkg/dlang/dmd/dmd_from_src/2.062/install/include/d2/std/concurrency.d(86):        instantiated from here: hasLocalAliasing!(ulong, ulong, Duration, Duration)
/home/you/pkg/dlang/dmd/dmd_from_src/2.062/install/include/d2/std/concurrency.d(458):        instantiated from here: hasLocalAliasing!(string, ulong, ulong, Duration, Duration)
src/thrift/transport/file.d(622):        instantiated from here: spawn!(void function(string path, ulong chunkSize, ulong maxFlushBytes, Duration maxFlushInterval, Duration ioErrorSleepDuration), string,ulong,ulong,Duration,Duration)
/home/you/pkg/dlang/dmd/dmd_from_src/2.062/install/include/d2/std/concurrency.d(86): Error: template instance std.concurrency.hasLocalAliasing!(ulong, Duration, Duration) error instantiating
/home/you/pkg/dlang/dmd/dmd_from_src/2.062/install/include/d2/std/concurrency.d(86):        instantiated from here: hasLocalAliasing!(ulong, ulong, Duration, Duration)
/home/you/pkg/dlang/dmd/dmd_from_src/2.062/install/include/d2/std/concurrency.d(458):        instantiated from here: hasLocalAliasing!(string, ulong, ulong, Duration, Duration)
src/thrift/transport/file.d(622):        instantiated from here: spawn!(void function(string path, ulong chunkSize, ulong maxFlushBytes, Duration maxFlushInterval, Duration ioErrorSleepDuration), string,ulong,ulong,Duration,Duration)
/home/you/pkg/dlang/dmd/dmd_from_src/2.062/install/include/d2/std/concurrency.d(86): Error: template instance std.concurrency.hasLocalAliasing!(ulong, ulong, Duration, Duration) error instantiating
/home/you/pkg/dlang/dmd/dmd_from_src/2.062/install/include/d2/std/concurrency.d(458):        instantiated from here: hasLocalAliasing!(string, ulong, ulong, Duration, Duration)
src/thrift/transport/file.d(622):        instantiated from here: spawn!(void function(string path, ulong chunkSize, ulong maxFlushBytes, Duration maxFlushInterval, Duration ioErrorSleepDuration), string,ulong,ulong,Duration,Duration)
/home/you/pkg/dlang/dmd/dmd_from_src/2.062/install/include/d2/std/concurrency.d(458): Error: template instance std.concurrency.hasLocalAliasing!(string, ulong, ulong, Duration, Duration) error instantiating
src/thrift/transport/file.d(622):        instantiated from here: spawn!(void function(string path, ulong chunkSize, ulong maxFlushBytes, Duration maxFlushInterval, Duration ioErrorSleepDuration), string,ulong,ulong,Duration,Duration)
src/thrift/transport/file.d(622): Error: template instance std.concurrency.spawn!(void function(string path, ulong chunkSize, ulong maxFlushBytes, Duration maxFlushInterval, Duration ioErrorSleepDuration), string,ulong,ulong,Duration,Duration) error instantiating
/home/you/pkg/dlang/dmd/dmd_from_src/2.062/install/include/d2/std/traits.d(1686): Error: unrecognized trait isNested
/home/you/pkg/dlang/dmd/dmd_from_src/2.062/install/include/d2/std/traits.d(1768): Error: template instance std.traits.isNested!(ShutdownMessage) error instantiating
/home/you/pkg/dlang/dmd/dmd_from_src/2.062/install/include/d2/std/traits.d(1928):        instantiated from here: FieldTypeTuple!(ShutdownMessage)
/home/you/pkg/dlang/dmd/dmd_from_src/2.062/install/include/d2/std/traits.d(2197):        instantiated from here: RepresentationTypeTuple!(ShutdownMessage)
/home/you/pkg/dlang/dmd/dmd_from_src/2.062/install/include/d2/std/traits.d(2641):        instantiated from here: hasRawUnsharedAliasing!(ShutdownMessage)
/home/you/pkg/dlang/dmd/dmd_from_src/2.062/install/include/d2/std/concurrency.d(85):        ... (1 instantiations, -v to show) ...
/home/you/pkg/dlang/dmd/dmd_from_src/2.062/install/include/d2/std/concurrency.d(583):        instantiated from here: hasLocalAliasing!(ShutdownMessage, Tid)
src/thrift/transport/file.d(640):        instantiated from here: prioritySend!(ShutdownMessage,Tid)
/home/you/pkg/dlang/dmd/dmd_from_src/2.062/install/include/d2/std/traits.d(1928): Error: template instance std.traits.FieldTypeTuple!(ShutdownMessage) error instantiating
/home/you/pkg/dlang/dmd/dmd_from_src/2.062/install/include/d2/std/traits.d(2197):        instantiated from here: RepresentationTypeTuple!(ShutdownMessage)
/home/you/pkg/dlang/dmd/dmd_from_src/2.062/install/include/d2/std/traits.d(2641):        instantiated from here: hasRawUnsharedAliasing!(ShutdownMessage)
/home/you/pkg/dlang/dmd/dmd_from_src/2.062/install/include/d2/std/concurrency.d(85):        instantiated from here: hasLocalAliasing!(ShutdownMessage)
/home/you/pkg/dlang/dmd/dmd_from_src/2.062/install/include/d2/std/concurrency.d(583):        instantiated from here: hasLocalAliasing!(ShutdownMessage, Tid)
src/thrift/transport/file.d(640):        instantiated from here: prioritySend!(ShutdownMessage,Tid)
/home/you/pkg/dlang/dmd/dmd_from_src/2.062/install/include/d2/std/traits.d(2197): Error: template instance std.traits.RepresentationTypeTuple!(ShutdownMessage) error instantiating
make[1]: *** [libthriftd.a] Error 1
make[1]: Leaving directory `/home/you/pkg/thrift/0.9.0/pkg/thrift-0.9.0/lib/d&apos;
make: *** [all-recursive] Error 1
root@myhost:/home/you/pkg/thrift/0.9.0/pkg/thrift-0.9.0/lib/d# 
../../lib/d/src -L-levent  src/thrift/internal/traits.d libthriftd-event.a libthriftd.a unittest/emptymain.d
dmd -O -release -ofunittest/release/thrift/internal/test/protocol -unittest -w -wi -I../../lib/d/src -L-levent  src/thrift/internal/test/protocol.d libthriftd-event.a libthriftd.a unittest/emptymain.d
dmd -O -release -ofunittest/release/thrift/internal/test/server -unittest -w -wi -I../../lib/d/src -L-levent  src/thrift/internal/test/server.d libthriftd-event.a libthriftd.a unittest/emptymain.d
PASS: unittest/debug/thrift/base
PASS: unittest/debug/thrift/async/base
PASS: unittest/debug/thrift/async/libevent
PASS: unittest/debug/thrift/async/socket
PASS: unittest/debug/thrift/codegen/async_client
PASS: unittest/debug/thrift/codegen/async_client_pool
PASS: unittest/debug/thrift/codegen/base
PASS: unittest/debug/thrift/codegen/client
PASS: unittest/debug/thrift/codegen/client_pool
PASS: unittest/debug/thrift/codegen/idlgen
PASS: unittest/debug/thrift/codegen/processor
PASS: unittest/debug/thrift/protocol/base
PASS: unittest/debug/thrift/protocol/binary
PASS: unittest/debug/thrift/protocol/compact
PASS: unittest/debug/thrift/protocol/json
PASS: unittest/debug/thrift/protocol/processor
PASS: unittest/debug/thrift/server/base
PASS: unittest/debug/thrift/server/simple
PASS: unittest/debug/thrift/server/nonblocking
PASS: unittest/debug/thrift/server/taskpool
PASS: unittest/debug/thrift/server/threaded
PASS: unittest/debug/thrift/server/transport/base
PASS: unittest/debug/thrift/server/transport/socket
PASS: unittest/debug/thrift/transport/base
PASS: unittest/debug/thrift/transport/buffered
PASS: unittest/debug/thrift/transport/file
PASS: unittest/debug/thrift/transport/framed
PASS: unittest/debug/thrift/transport/http
PASS: unittest/debug/thrift/transport/memory
PASS: unittest/debug/thrift/transport/piped
PASS: unittest/debug/thrift/transport/range
PASS: unittest/debug/thrift/transport/socket
PASS: unittest/debug/thrift/transport/zlib
PASS: unittest/debug/thrift/util/awaitable
PASS: unittest/debug/thrift/util/cancellation
PASS: unittest/debug/thrift/util/&lt;span class=&quot;code-keyword&quot;&gt;future&lt;/span&gt;
PASS: unittest/debug/thrift/util/hashset
PASS: unittest/debug/thrift/internal/algorithm
PASS: unittest/debug/thrift/internal/codegen
PASS: unittest/debug/thrift/internal/ctfe
PASS: unittest/debug/thrift/internal/endian
PASS: unittest/debug/thrift/internal/resource_pool
PASS: unittest/debug/thrift/internal/socket
PASS: unittest/debug/thrift/internal/traits
PASS: unittest/debug/thrift/internal/test/protocol
PASS: unittest/debug/thrift/internal/test/server
PASS: unittest/release/thrift/base
PASS: unittest/release/thrift/async/base
PASS: unittest/release/thrift/async/libevent
PASS: unittest/release/thrift/async/socket
PASS: unittest/release/thrift/codegen/async_client
PASS: unittest/release/thrift/codegen/async_client_pool
PASS: unittest/release/thrift/codegen/base
PASS: unittest/release/thrift/codegen/client
PASS: unittest/release/thrift/codegen/client_pool
PASS: unittest/release/thrift/codegen/idlgen
PASS: unittest/release/thrift/codegen/processor
PASS: unittest/release/thrift/protocol/base
PASS: unittest/release/thrift/protocol/binary
PASS: unittest/release/thrift/protocol/compact
PASS: unittest/release/thrift/protocol/json
PASS: unittest/release/thrift/protocol/processor
PASS: unittest/release/thrift/server/base
PASS: unittest/release/thrift/server/simple
PASS: unittest/release/thrift/server/nonblocking
PASS: unittest/release/thrift/server/taskpool
PASS: unittest/release/thrift/server/threaded
PASS: unittest/release/thrift/server/transport/base
PASS: unittest/release/thrift/server/transport/socket
PASS: unittest/release/thrift/transport/base
PASS: unittest/release/thrift/transport/buffered
PASS: unittest/release/thrift/transport/file
PASS: unittest/release/thrift/transport/framed
PASS: unittest/release/thrift/transport/http
PASS: unittest/release/thrift/transport/memory
PASS: unittest/release/thrift/transport/piped
PASS: unittest/release/thrift/transport/range
PASS: unittest/release/thrift/transport/socket
PASS: unittest/release/thrift/transport/zlib
PASS: unittesdmd -O -release -ofunittest/release/thrift/transport/base -unittest -w -wi -I../../lib/d/src -L-levent  src/thrift/transport/base.d libthriftd-event.a libthriftd.a unittest/emptymain.d
dmd -O -release -ofunittest/release/thrift/transport/buffered -unittest -w -wi -I../../lib/d/src -L-levent  src/thrift/transport/buffered.d libthriftd-event.a libthriftd.a unittest/emptymain.d
src/thrift/transport/buffered.d(136): Warning: explicit element-wise assignment &lt;span class=&quot;code-keyword&quot;&gt;this&lt;/span&gt;.writeAvail_[&lt;span class=&quot;code-keyword&quot;&gt;cast&lt;/span&gt;(ulong)0..buf.length] = (buf)[] is better than &lt;span class=&quot;code-keyword&quot;&gt;this&lt;/span&gt;.writeAvail_[&lt;span class=&quot;code-keyword&quot;&gt;cast&lt;/span&gt;(ulong)0..buf.length] = buf
dmd -O -release -ofunittest/release/thrift/transport/file -unittest -w -wi -I../../lib/d/src -L-levent  src/thrift/transport/file.d libthriftd-event.a libthriftd.a unittest/emptymain.d
dmd -O -release -ofunittest/release/thrift/transport/framed -unittest -w -wi -I../../lib/d/src -L-levent  src/thrift/transport/framed.d libthriftd-event.a libthriftd.a unittest/emptymain.d
dmd -O -release -ofunittest/release/thrift/transport/http -unittest -w -wi -I../../lib/d/src -L-levent  src/thrift/transport/http.d libthriftd-event.a libthriftd.a unittest/emptymain.d
src/thrift/transport/http.d(161): Warning: explicit element-wise assignment &lt;span class=&quot;code-keyword&quot;&gt;this&lt;/span&gt;.httpBuf_[&lt;span class=&quot;code-keyword&quot;&gt;cast&lt;/span&gt;(ulong)0..&lt;span class=&quot;code-keyword&quot;&gt;this&lt;/span&gt;.httpBufRemaining_.length] = (&lt;span class=&quot;code-keyword&quot;&gt;this&lt;/span&gt;.httpBufRemaining_)[] is better than &lt;span class=&quot;code-keyword&quot;&gt;this&lt;/span&gt;.httpBuf_[&lt;span class=&quot;code-keyword&quot;&gt;cast&lt;/span&gt;(ulong)0..&lt;span class=&quot;code-keyword&quot;&gt;this&lt;/span&gt;.httpBufRemaining_.length] = &lt;span class=&quot;code-keyword&quot;&gt;this&lt;/span&gt;.httpBufRemaining_
dmd -O -release -ofunittest/release/thrift/transport/memory -unittest -w -wi -I../../lib/d/src -L-levent  src/thrift/transport/memory.d libthriftd-event.a libthriftd.a unittest/emptymain.d
dmd -O -release -ofunittest/release/thrift/transport/piped -unittest -w -wi -I../../lib/d/src -L-levent  src/thrift/transport/piped.d libthriftd-event.a libthriftd.a unittest/emptymain.d
dmd -O -release -ofunittest/release/thrift/transport/range -unittest -w -wi -I../../lib/d/src -L-levent  src/thrift/transport/range.d libthriftd-event.a libthriftd.a unittest/emptymain.d
dmd -O -release -ofunittest/release/thrift/transport/socket -unittest -w -wi -I../../lib/d/src -L-levent  src/thrift/transport/socket.d libthriftd-event.a libthriftd.a unittest/emptymain.d
dmd -O -release -ofunittest/release/thrift/transport/zlib -unittest -w -wi -I../../lib/d/src -L-levent  src/thrift/transport/zlib.d libthriftd-event.a libthriftd.a unittest/emptymain.d
dmd -O -release -ofunittest/release/thrift/util/awaitable -unittest -w -wi -I../../lib/d/src -L-levent  src/thrift/util/awaitable.d libthriftd-event.a libthriftd.a unittest/emptymain.d
dmd -O -release -ofunittest/release/thrift/util/cancellation -unittest -w -wi -I../../lib/d/src -L-levent  src/thrift/util/cancellation.d libthriftd-event.a libthriftd.a unittest/emptymain.d
dmd -O -release -ofunittest/release/thrift/util/&lt;span class=&quot;code-keyword&quot;&gt;future&lt;/span&gt; -unittest -w -wi -I../../lib/d/src -L-levent  src/thrift/util/&lt;span class=&quot;code-keyword&quot;&gt;future&lt;/span&gt;.d libthriftd-event.a libthriftd.a unittest/emptymain.d
dmd -O -release -ofunittest/release/thrift/util/hashset -unittest -w -wi -I../../lib/d/src -L-levent  src/thrift/util/hashset.d libthriftd-event.a libthriftd.a unittest/emptymain.d
dmd -O -release -ofunittest/release/thrift/internal/algorithm -unittest -w -wi -I../../lib/d/src -L-levent  src/thrift/internal/algorithm.d libthriftd-event.a libthriftd.a unittest/emptymain.d
dmd -O -release -ofunittest/release/thrift/internal/codegen -unittest -w -wi -I../../lib/d/src -L-levent  src/thrift/internal/codegen.d libthriftd-event.a libthriftd.a unittest/emptymain.d
dmd -O -release -ofunittest/release/thrift/internal/ctfe -unittest -w -wi -I../../lib/d/src -L-levent  src/thrift/internal/ctfe.d libthriftd-event.a libthriftd.a unittest/emptymain.d
dmd -O -release -ofunittest/release/thrift/internal/endian -unittest -w -wi -I../../lib/d/src -L-levent  src/thrift/internal/endian.d libthriftd-event.a libthriftd.a unittest/emptymain.d
dmd -O -release -ofunittest/release/thrift/internal/resource_pool -unittest -w -wi -I../../lib/d/src -L-levent  src/thrift/internal/resource_pool.d libthriftd-event.a libthriftd.a unittest/emptymain.d
dmd -O -release -ofunittest/release/thrift/internal/socket -unittest -w -wi -I../../lib/d/src -L-levent  src/thrift/internal/socket.d libthriftd-event.a libthriftd.a unittest/emptymain.d
dmd -O -release -ofunittest/release/thrift/internal/traits -unittest -w -wi -I
&lt;/pre&gt;
&lt;/div&gt;&lt;/div&gt;</description>
                <environment></environment>
        <key id="12664147">THRIFT-2130</key>
            <summary>Thrift&apos;s D library/test: parts of &quot;make check&quot; code do not compile with recent dmd-2.062 through dmd-2.064alpha</summary>
                <type id="1" iconUrl="https://issues.apache.org/jira/secure/viewavatar?size=xsmall&amp;avatarId=21133&amp;avatarType=issuetype">Bug</type>
                                            <priority id="2" iconUrl="https://issues.apache.org/jira/images/icons/priorities/critical.svg">Critical</priority>
                        <status id="6" iconUrl="https://issues.apache.org/jira/images/icons/statuses/closed.png" description="The issue is considered finished, the resolution is correct. Issues which are not closed can be reopened.">Closed</status>
                    <statusCategory id="3" key="done" colorName="green"/>
                                    <resolution id="1">Fixed</resolution>
                                        <assignee username="roger">Roger Meier</assignee>
                                    <reporter username="drcode410">David Riley Coderon</reporter>
                        <labels>
                    </labels>
                <created>Fri, 16 Aug 2013 21:43:07 +0000</created>
                <updated>Wed, 15 Jan 2014 02:59:52 +0000</updated>
                            <resolved>Sun, 12 Jan 2014 19:01:49 +0000</resolved>
                                    <version>0.9</version>
                                    <fixVersion>0.9.2</fixVersion>
                                    <component>D - Library</component>
                        <due></due>
                            <votes>0</votes>
                                    <watches>4</watches>
                                                                                                                <comments>
                            <comment id="13743166" author="klickverbot" created="Sun, 18 Aug 2013 06:59:32 +0000"  >&lt;p&gt;The 2.064-devel error message you posted is actually unrelated (you had the 2.062 std/ on your path), but I can confirm it doesn&apos;t work with current DMD Git master.&lt;/p&gt;</comment>
                            <comment id="13856942" author="klickverbot" created="Thu, 26 Dec 2013 17:13:41 +0000"  >&lt;p&gt;The attached patches should fix test suite compilation with 2.064, please commit.&lt;/p&gt;</comment>
                            <comment id="13869115" author="roger.meier" created="Sun, 12 Jan 2014 19:01:49 +0000"  >&lt;p&gt;committed&lt;br/&gt;
;-r&lt;/p&gt;</comment>
                            <comment id="13869123" author="hudson" created="Sun, 12 Jan 2014 19:53:13 +0000"  >&lt;p&gt;SUCCESS: Integrated in Thrift #996 (See &lt;a href=&quot;https://builds.apache.org/job/Thrift/996/&quot; class=&quot;external-link&quot; target=&quot;_blank&quot; rel=&quot;nofollow noopener&quot;&gt;https://builds.apache.org/job/Thrift/996/&lt;/a&gt;)&lt;br/&gt;
&lt;a href=&quot;https://issues.apache.org/jira/browse/THRIFT-2130&quot; title=&quot;Thrift&amp;#39;s D library/test: parts of &amp;quot;make check&amp;quot; code do not compile with recent dmd-2.062 through dmd-2.064alpha&quot; class=&quot;issue-link&quot; data-issue-key=&quot;THRIFT-2130&quot;&gt;&lt;del&gt;THRIFT-2130&lt;/del&gt;&lt;/a&gt; D library/test: parts of &quot;make check&quot; code do not compile with recent dmd-2.062 through dmd-2.064alpha (roger: rev 623201412a36471f5bd92b16290028fc03a2b88d)&lt;/p&gt;
&lt;ul&gt;
	&lt;li&gt;lib/d/src/thrift/codegen/base.d&lt;/li&gt;
	&lt;li&gt;lib/d/src/thrift/util/hashset.d&lt;/li&gt;
	&lt;li&gt;lib/d/src/thrift/internal/codegen.d&lt;/li&gt;
&lt;/ul&gt;
</comment>
                    </comments>
                    <attachments>
                            <attachment id="12620513" name="0001-D-Use-empty-struct-instead-of-void-0.patch" size="1516" author="klickverbot" created="Thu, 26 Dec 2013 17:13:41 +0000"/>
                            <attachment id="12620514" name="0002-D-Work-around-forward-reference-regression-in-DMD-2..patch" size="1845" author="klickverbot" created="Thu, 26 Dec 2013 17:13:41 +0000"/>
                            <attachment id="12620515" name="0003-D-Avoid-deprecated-canFind-overload-make-use-of-stat.patch" size="1860" author="klickverbot" created="Thu, 26 Dec 2013 17:13:41 +0000"/>
                    </attachments>
                <subtasks>
                    </subtasks>
                <customfields>
                                                                            <customfield id="customfield_12310310" key="com.atlassian.jira.toolkit:attachments">
                        <customfieldname>Attachment count</customfieldname>
                        <customfieldvalues>
                            <customfieldvalue>3.0</customfieldvalue>
                        </customfieldvalues>
                    </customfield>
                                                                                                                                                                                                                                                                                                                                                                                                                                                                                                                                                                                                                                                                                                        <customfield id="customfield_12314020" key="com.atlassian.jira.plugins.jira-development-integration-plugin:devsummary">
                        <customfieldname>Development</customfieldname>
                        <customfieldvalues>
                            
                        </customfieldvalues>
                    </customfield>
                                                                                                                        <customfield id="customfield_12313422" key="com.atlassian.jirafisheyeplugin:jobcheckbox">
                        <customfieldname>Enable Automatic Patch Review</customfieldname>
                        <customfieldvalues>
                            <customfieldvalue><![CDATA[false]]></customfieldvalue>

                        </customfieldvalues>
                    </customfield>
                                                                                                                                                                                                                                                                                                                                                                                                                                                                                                                                                                                                                                                <customfield id="customfield_12310420" key="com.pyxis.greenhopper.jira:gh-global-rank">
                        <customfieldname>Global Rank</customfieldname>
                        <customfieldvalues>
                            <customfieldvalue>344148</customfieldvalue>
                        </customfieldvalues>
                    </customfield>
                                                                                                                                                                                                                                        <customfield id="customfield_12312521" key="com.atlassian.jira.toolkit:LastCommentDate">
                        <customfieldname>Last public comment date</customfieldname>
                        <customfieldvalues>
                            11 years, 45 weeks, 2 days ago
                        </customfieldvalues>
                    </customfield>
                                                                                                                                                                                                                                        <customfield id="customfield_12310041" key="com.atlassian.jira.plugin.system.customfieldtypes:multicheckboxes">
                        <customfieldname>Patch Info</customfieldname>
                        <customfieldvalues>
                                <customfieldvalue key="10042"><![CDATA[Patch Available]]></customfieldvalue>
    
                        </customfieldvalues>
                    </customfield>
                                                                                                                        <customfield id="customfield_12311820" key="com.pyxis.greenhopper.jira:gh-lexo-rank">
                        <customfieldname>Rank</customfieldname>
                        <customfieldvalues>
                            <customfieldvalue>0|i1nckn:</customfieldvalue>

                        </customfieldvalues>
                    </customfield>
                                                                <customfield id="customfield_12310920" key="com.pyxis.greenhopper.jira:gh-global-rank">
                        <customfieldname>Rank (Obsolete)</customfieldname>
                        <customfieldvalues>
                            <customfieldvalue>344450</customfieldvalue>
                        </customfieldvalues>
                    </customfield>
                                                                                                                                                                                                                                                                                                                                                                                                                                                                                                                                                                                                                                                                                                                                                                                            </customfields>
    </item>
</channel>
</rss>