<!-- 
RSS generated by JIRA (8.20.10#820010-sha1:ace47f9899e9ee25d7157d59aa17ab06aee30d3d) at Tue Nov 11 23:14:30 UTC 2025

It is possible to restrict the fields that are returned in this document by specifying the 'field' parameter in your request.
For example, to request only the issue key and summary append 'field=key&field=summary' to the URL of your request.
-->
<rss version="0.92" >
<channel>
    <title>ASF JIRA</title>
    <link>https://issues.apache.org/jira</link>
    <description>This file is an XML representation of an issue</description>
    <language>en-uk</language>    <build-info>
        <version>8.20.10</version>
        <build-number>820010</build-number>
        <build-date>22-06-2022</build-date>
    </build-info>


<item>
            <title>[CASSANDRA-15508] Failing jvm dtest: FailingRepairTest.testFailingMessage</title>
                <link>https://issues.apache.org/jira/browse/CASSANDRA-15508</link>
                <project id="12310865" key="CASSANDRA">Apache Cassandra</project>
                    <description>&lt;p&gt;It seems we can&apos;t run parameterized unit tests with &lt;tt&gt;ant testsome&lt;/tt&gt;:&lt;/p&gt;

&lt;div class=&quot;code panel&quot; style=&quot;border-width: 1px;&quot;&gt;&lt;div class=&quot;codeContent panelContent&quot;&gt;
&lt;pre class=&quot;code-java&quot;&gt;
$ ant testsome -Dtest.name=org.apache.cassandra.distributed.test.FailingRepairTest -Dtest.methods=testFailingMessage
....
[junit-timeout] Testcase: initializationError(org.junit.runner.manipulation.Filter):    Caused an ERROR
[junit-timeout] No tests found matching Method testFailingMessage(org.apache.cassandra.distributed.test.FailingRepairTest) from org.junit.internal.requests.ClassRequest@4d95d2a2
[junit-timeout] java.lang.Exception: No tests found matching Method testFailingMessage(org.apache.cassandra.distributed.test.FailingRepairTest) from org.junit.internal.requests.ClassRequest@4d95d2a2
[junit-timeout]         at java.lang.reflect.Constructor.newInstance(Constructor.java:423)
&lt;/pre&gt;
&lt;/div&gt;&lt;/div&gt;</description>
                <environment></environment>
        <key id="13279941">CASSANDRA-15508</key>
            <summary>Failing jvm dtest: FailingRepairTest.testFailingMessage</summary>
                <type id="1" iconUrl="https://issues.apache.org/jira/secure/viewavatar?size=xsmall&amp;avatarId=21133&amp;avatarType=issuetype">Bug</type>
                                            <priority id="10002" iconUrl="https://issues.apache.org/jira/images/icons/priorities/minor.svg">Normal</priority>
                        <status id="5" iconUrl="https://issues.apache.org/jira/images/icons/statuses/resolved.png" description="A resolution has been taken, and it is awaiting verification by reporter. From here issues are either reopened, or are closed.">Resolved</status>
                    <statusCategory id="3" key="done" colorName="green"/>
                                    <resolution id="1">Fixed</resolution>
                                        <assignee username="dcapwell">David Capwell</assignee>
                                    <reporter username="marcuse">Marcus Eriksson</reporter>
                        <labels>
                            <label>pull-request-available</label>
                    </labels>
                <created>Thu, 16 Jan 2020 17:33:35 +0000</created>
                <updated>Fri, 15 May 2020 08:53:54 +0000</updated>
                            <resolved>Wed, 29 Jan 2020 08:47:01 +0000</resolved>
                                        <fixVersion>2.2.16</fixVersion>
                    <fixVersion>3.0.20</fixVersion>
                    <fixVersion>3.11.6</fixVersion>
                    <fixVersion>4.0-alpha3</fixVersion>
                    <fixVersion>4.0</fixVersion>
                                    <component>Test/unit</component>
                        <due></due>
                            <votes>0</votes>
                                    <watches>3</watches>
                                                    <progress percentage="100">
                                    <originalProgress>
                                                    <row percentage="0" backgroundColor="#89afd7"/>
                                                    <row percentage="100" backgroundColor="transparent"/>
                                            </originalProgress>
                                                    <currentProgress>
                                                    <row percentage="100" backgroundColor="#51a825"/>
                                                    <row percentage="0" backgroundColor="#ec8e00"/>
                                            </currentProgress>
                            </progress>
                                    <aggregateprogress percentage="100">
                                    <originalProgress>
                                                    <row percentage="0" backgroundColor="#89afd7"/>
                                                    <row percentage="100" backgroundColor="transparent"/>
                                            </originalProgress>
                                                    <currentProgress>
                                                    <row percentage="100" backgroundColor="#51a825"/>
                                                    <row percentage="0" backgroundColor="#ec8e00"/>
                                            </currentProgress>
                            </aggregateprogress>
                                            <timeestimate seconds="0">0h</timeestimate>
                            <timespent seconds="4800">1h 20m</timespent>
                                <comments>
                            <comment id="17017368" author="dcapwell" created="Thu, 16 Jan 2020 18:11:36 +0000"  >&lt;p&gt;This kinda makes sense since the test is parameterized. &lt;a href=&quot;https://issues.apache.org/jira/secure/ViewProfile.jspa?name=marcuse&quot; class=&quot;user-hover&quot; rel=&quot;marcuse&quot;&gt;marcuse&lt;/a&gt; do you have a link to a build which is failing because of this? Last I saw circle uses test-jvm-dtest and I use testclasslist when running it&lt;/p&gt;

&lt;div class=&quot;code panel&quot; style=&quot;border-width: 1px;&quot;&gt;&lt;div class=&quot;codeContent panelContent&quot;&gt;
&lt;pre class=&quot;code-java&quot;&gt;
$ ant testclasslist -Dtest.classlistfile=&amp;lt;(echo org/apache/cassandra/distributed/test/FailingRepairTest.java) -Dtest.classlistprefix=distributed
 ...
 testclasslist:
 [testparallelhelper] Warning: Nashorn engine is planned to be removed from a &lt;span class=&quot;code-keyword&quot;&gt;future&lt;/span&gt; JDK release
 [echo] &lt;span class=&quot;code-object&quot;&gt;Number&lt;/span&gt; of test runners: 1
 [junit-timeout] OpenJDK 64-Bit Server VM warning: Option UseConcMarkSweepGC was deprecated in version 9.0 and will likely be removed in a &lt;span class=&quot;code-keyword&quot;&gt;future&lt;/span&gt; release.
 [junit-timeout] Testsuite: org.apache.cassandra.distributed.test.FailingRepairTest
 [junit-timeout] Testsuite: org.apache.cassandra.distributed.test.FailingRepairTest Tests run: 6, Failures: 0, Errors: 0, Skipped: 0, Time elapsed: 17.205 sec
 [junit-timeout]
 [junitreport] Processing /Users/dcapwell/src/github/apache/cassandra/build/test/TESTS-TestSuites.xml to /&lt;span class=&quot;code-keyword&quot;&gt;var&lt;/span&gt;/folders/cm/08cddl2s25j7fq3jdb76gh4r0000gn/T/null108561510
 [junitreport] Loading stylesheet jar:[file:/usr/local/Cellar/ant/1.10.7/libexec/lib/ant-junit.jar!/org/apache/tools/ant/taskdefs/optional/junit/xsl/junit-frames.xsl|file:&lt;span class=&quot;code-comment&quot;&gt;///usr/local/Cellar/ant/1.10.7/libexec/lib/ant-junit.jar!/org/apache/tools/ant/taskdefs/optional/junit/xsl/junit-frames.xsl]
&lt;/span&gt; [junitreport] Transform time: 389ms
 [junitreport] Deleting: /&lt;span class=&quot;code-keyword&quot;&gt;var&lt;/span&gt;/folders/cm/08cddl2s25j7fq3jdb76gh4r0000gn/T/null108561510

BUILD SUCCESSFUL
 Total time: 22 seconds
&lt;/pre&gt;
&lt;/div&gt;&lt;/div&gt;</comment>
                            <comment id="17017376" author="krummas" created="Thu, 16 Jan 2020 18:17:30 +0000"  >&lt;p&gt;&lt;a href=&quot;https://circleci.com/gh/krummas/cassandra/2684&quot; class=&quot;external-link&quot; target=&quot;_blank&quot; rel=&quot;nofollow noopener&quot;&gt;https://circleci.com/gh/krummas/cassandra/2684&lt;/a&gt;&lt;/p&gt;</comment>
                            <comment id="17017394" author="dcapwell" created="Thu, 16 Jan 2020 18:32:06 +0000"  >&lt;p&gt;Thanks!  Replicated locally&lt;/p&gt;

&lt;div class=&quot;code panel&quot; style=&quot;border-width: 1px;&quot;&gt;&lt;div class=&quot;codeContent panelContent&quot;&gt;
&lt;pre class=&quot;code-java&quot;&gt;
$ ant test-jvm-dtest-forking
...
     [exec] testsome:
     [exec] [junit-timeout] OpenJDK 64-Bit Server VM warning: Option UseConcMarkSweepGC was deprecated in version 9.0 and will likely be removed in a &lt;span class=&quot;code-keyword&quot;&gt;future&lt;/span&gt; release.
     [exec] [junit-timeout] Testsuite: org.apache.cassandra.distributed.test.FailingRepairTest
     [exec] [junit-timeout] Testsuite: org.apache.cassandra.distributed.test.FailingRepairTest Tests run: 1, Failures: 0, Errors: 1, Skipped: 0, Time elapsed: 0.086 sec
     [exec] [junit-timeout]
     [exec] [junit-timeout] Testcase: initializationError(org.junit.runner.manipulation.Filter):        Caused an ERROR
     [exec] [junit-timeout] No tests found matching Method testFailingMessage(org.apache.cassandra.distributed.test.FailingRepairTest) from org.junit.internal.requests.ClassRequest@481a996b
     [exec] [junit-timeout] java.lang.Exception: No tests found matching Method testFailingMessage(org.apache.cassandra.distributed.test.FailingRepairTest) from org.junit.internal.requests.ClassRequest@481a996b
     [exec] [junit-timeout]     at java.base/jdk.internal.reflect.NativeConstructorAccessorImpl.newInstance0(Native Method)
     [exec] [junit-timeout]     at java.base/jdk.internal.reflect.NativeConstructorAccessorImpl.newInstance(NativeConstructorAccessorImpl.java:62)
     [exec] [junit-timeout]     at java.base/jdk.internal.reflect.DelegatingConstructorAccessorImpl.newInstance(DelegatingConstructorAccessorImpl.java:45)
     [exec] [junit-timeout]     at java.base/java.lang.reflect.Constructor.newInstance(Constructor.java:490)
     [exec] [junit-timeout]
     [exec] [junit-timeout]
     [exec] [junit-timeout] Test org.apache.cassandra.distributed.test.FailingRepairTest FAILED
     [exec] [junitreport] Processing /Users/dcapwell/src/github/apache/cassandra/build/test/TESTS-TestSuites.xml to /&lt;span class=&quot;code-keyword&quot;&gt;var&lt;/span&gt;/folders/cm/08cddl2s25j7fq3jdb76gh4r0000gn/T/null1366232332
     [exec] [junitreport] Loading stylesheet jar:file:/usr/local/Cellar/ant/1.10.7/libexec/lib/ant-junit.jar!/org/apache/tools/ant/taskdefs/optional/junit/xsl/junit-frames.xsl
     [exec]
     [exec] BUILD FAILED
     [exec] /Users/davidcapwell/src/github/apache/cassandra/build.xml:1517: The following error occurred &lt;span class=&quot;code-keyword&quot;&gt;while&lt;/span&gt; executing &lt;span class=&quot;code-keyword&quot;&gt;this&lt;/span&gt; line:
     [exec] /Users/davidcapwell/src/github/apache/cassandra/build.xml:1803: Some test(s) failed.
     [exec]
     [exec] Total time: 5 seconds
     [exec] [junitreport] Transform time: 943ms
     [exec] [junitreport] Deleting: /&lt;span class=&quot;code-keyword&quot;&gt;var&lt;/span&gt;/folders/cm/08cddl2s25j7fq3jdb76gh4r0000gn/T/null1366232332
     [exec] Picked up _JAVA_OPTIONS: -Djava.net.preferIPv4Stack=&lt;span class=&quot;code-keyword&quot;&gt;true&lt;/span&gt;
     [exec] Buildfile: /Users/davidcapwell/src/github/apache/cassandra/build.xml
     [exec]    [script] Warning: Nashorn engine is planned to be removed from a &lt;span class=&quot;code-keyword&quot;&gt;future&lt;/span&gt; JDK release
&lt;/pre&gt;
&lt;/div&gt;&lt;/div&gt;

&lt;p&gt;This looks caused by the fact test-jvm-dtest-forking is implemented on top of testsome.  The tests run faster with testclasslist and would let circle run multiple instance in parallel; is there any issue with changing circle to use that and let testsome keep breaking?&lt;/p&gt;</comment>
                            <comment id="17017419" author="dcapwell" created="Thu, 16 Jan 2020 19:09:57 +0000"  >&lt;p&gt;I&apos;ll try changing j?_jvm_dtests to do testclasslist&lt;/p&gt;</comment>
                            <comment id="17017524" author="dcapwell" created="Thu, 16 Jan 2020 22:11:20 +0000"  >&lt;p&gt;&lt;a href=&quot;https://issues.apache.org/jira/secure/ViewProfile.jspa?name=ifesdjeen&quot; class=&quot;user-hover&quot; rel=&quot;ifesdjeen&quot;&gt;ifesdjeen&lt;/a&gt; &lt;a href=&quot;https://issues.apache.org/jira/secure/ViewProfile.jspa?name=marcuse&quot; class=&quot;user-hover&quot; rel=&quot;marcuse&quot;&gt;marcuse&lt;/a&gt; could you two review?  This modifies &lt;a href=&quot;https://issues.apache.org/jira/browse/CASSANDRA-15506&quot; title=&quot;Run in-jvm upgrade dtests in circleci&quot; class=&quot;issue-link&quot; data-issue-key=&quot;CASSANDRA-15506&quot;&gt;&lt;del&gt;CASSANDRA-15506&lt;/del&gt;&lt;/a&gt; so we always run upgrade and upgrade and jvm dtest are not separated (same build).&lt;/p&gt;</comment>
                            <comment id="17017851" author="krummas" created="Fri, 17 Jan 2020 09:43:30 +0000"  >&lt;p&gt;the reason I separated them and had the dtest jar build as &quot;type: approval&quot; was to avoid rebuilding cassandra 5 extra times on every commit&lt;/p&gt;

&lt;p&gt;what has changed since &lt;a href=&quot;https://issues.apache.org/jira/browse/CASSANDRA-15014&quot; title=&quot;Unit tests failure on trunk&quot; class=&quot;issue-link&quot; data-issue-key=&quot;CASSANDRA-15014&quot;&gt;&lt;del&gt;CASSANDRA-15014&lt;/del&gt;&lt;/a&gt; to make &lt;tt&gt;ant testclasslist&lt;/tt&gt; work now?&lt;/p&gt;</comment>
                            <comment id="17018117" author="dcapwell" created="Fri, 17 Jan 2020 15:27:02 +0000"  >&lt;p&gt;That&#8217;s fair; my Main thoughts were that I hope it&#8217;s short term (there is a Jira to publish the jars), and it simplifies the build.  If it&#8217;s desired I can keep it the same way (two builds)&lt;/p&gt;

&lt;p&gt;No idea what has changed, but testclasslist is how I run jvm dtests so know it works for 3.0 and trunk.&lt;/p&gt;</comment>
                            <comment id="17018223" author="dcapwell" created="Fri, 17 Jan 2020 18:06:56 +0000"  >&lt;p&gt;spoke with &lt;a href=&quot;https://issues.apache.org/jira/secure/ViewProfile.jspa?name=marcuse&quot; class=&quot;user-hover&quot; rel=&quot;marcuse&quot;&gt;marcuse&lt;/a&gt; and one issue with this patch is that his patch he is working on (upgrade tests) fails.  Ill try to rework this so it works with his patch; ill also keep upgrade as separate and move to its own runner so it can use different resources than normal jvm dtest.&lt;/p&gt;</comment>
                            <comment id="17018433" author="dcapwell" created="Sat, 18 Jan 2020 00:24:20 +0000"  >&lt;p&gt;Ok, after diving through ant implementation and looking at which processes get forked; here is a dump of what I see.&lt;/p&gt;

&lt;p&gt;&#160;&lt;/p&gt;

&lt;p&gt;1) testclasslist creates a new JVM for each class. &#160;&lt;/p&gt;

&lt;p&gt;2) unless you override -Dtest.runner the default is 1; testclasslist runs with 1 runner so no concurrent tests (in the same container)&lt;/p&gt;

&lt;p&gt;3) current model creates a JVM for each method, but does not support paramaiterized tests (same method has different names)&lt;/p&gt;

&lt;p&gt;4) the test Marcus is working on had one test fail to gossip then the second test couldn&apos;t start since the port was still open; this looks like a resource leak within a single test class.&lt;/p&gt;

&lt;p&gt;&#160;&lt;/p&gt;

&lt;p&gt;Given this, I do feel that its fair to say that in-jvm dtest tests are expected to run within a single JVM for all the tests in a single class; this is also how unit tests run. &#160;By also having this requirement, we simplify the build since we don&apos;t need the in-jvm tasks, since you can just say&#160;-Dtest.classlistprefix=distributed; this means we don&apos;t fragment the build.&lt;/p&gt;

&lt;p&gt;&#160;&lt;/p&gt;

&lt;p&gt;Without looking at the code, this is what I changed circle ci to do&lt;/p&gt;

&lt;p&gt;&#160;&lt;/p&gt;

&lt;div class=&quot;code panel&quot; style=&quot;border-width: 1px;&quot;&gt;&lt;div class=&quot;codeContent panelContent&quot;&gt;
&lt;pre class=&quot;code-java&quot;&gt;

ant testclasslist -Dtest.classlistfile=&amp;lt;( echo &lt;span class=&quot;code-quote&quot;&gt;&quot;org/apache/cassandra/distributed/test/ReadRepairTest.java&quot;&lt;/span&gt; ) -Dtest.classlistprefix=distributed

&lt;/pre&gt;
&lt;/div&gt;&lt;/div&gt;

&lt;p&gt;&#160;&lt;/p&gt;

&lt;p&gt;this means that the split and run commands in circle ci can be shared by unit, distributed, long, and burn.&lt;/p&gt;</comment>
                            <comment id="17018442" author="dcapwell" created="Sat, 18 Jan 2020 00:52:26 +0000"  >&lt;p&gt;Pushed the change so that upgrade tests are their own build and still require approval; I think the only real change here is that the approval button is now top level so I can trigger the dtest builds at the same time as building trunk.&lt;/p&gt;</comment>
                            <comment id="17018449" author="dcapwell" created="Sat, 18 Jan 2020 01:03:19 +0000"  >&lt;p&gt;FYI &lt;a href=&quot;https://issues.apache.org/jira/secure/ViewProfile.jspa?name=mck&quot; class=&quot;user-hover&quot; rel=&quot;mck&quot;&gt;mck&lt;/a&gt;; trying to change circle ci build for in-jvm dtests.&lt;/p&gt;</comment>
                            <comment id="17021377" author="ifesdjeen" created="Wed, 22 Jan 2020 18:41:27 +0000"  >&lt;p&gt;+1&lt;/p&gt;</comment>
                            <comment id="17021380" author="krummas" created="Wed, 22 Jan 2020 18:49:04 +0000"  >&lt;p&gt;+1, I&apos;ll commit tomorrow&lt;/p&gt;</comment>
                            <comment id="17021850" author="krummas" created="Thu, 23 Jan 2020 08:19:36 +0000"  >&lt;p&gt;realised we want to commit this to all the branches (2.2, 3.0, 3.11, trunk) - could you provide patches for them as well &lt;a href=&quot;https://issues.apache.org/jira/secure/ViewProfile.jspa?name=dcapwell&quot; class=&quot;user-hover&quot; rel=&quot;dcapwell&quot;&gt;dcapwell&lt;/a&gt;?&lt;/p&gt;</comment>
                            <comment id="17022582" author="dcapwell" created="Thu, 23 Jan 2020 23:07:52 +0000"  >&lt;p&gt;Sure, I&apos;ll provide a set of patches.  I have a feeling 3.0 will start to fail... lets see!&lt;/p&gt;</comment>
                            <comment id="17022599" author="dcapwell" created="Fri, 24 Jan 2020 00:09:21 +0000"  >&lt;p&gt;Ok, working on 2.2 and noticed that generate.sh causes a lot of changes... looking at the history it seems that not everything was controlled by .circleci/config-2_1.yml&lt;/p&gt;

&lt;p&gt;ill see about making this clear in the history.&lt;/p&gt;

&lt;p&gt;smithed to 2.2 without my change, ran generate.sh and get the following&lt;/p&gt;
&lt;div class=&quot;code panel&quot; style=&quot;border-width: 1px;&quot;&gt;&lt;div class=&quot;codeContent panelContent&quot;&gt;
&lt;pre class=&quot;code-java&quot;&gt;
$ git diff | wc -l
    1072
&lt;/pre&gt;
&lt;/div&gt;&lt;/div&gt;

&lt;p&gt;this is 0 on trunk.&lt;/p&gt;</comment>
                            <comment id="17022623" author="dcapwell" created="Fri, 24 Jan 2020 01:01:43 +0000"  >&lt;p&gt;2.2&lt;br/&gt;
src: &lt;a href=&quot;https://github.com/apache/cassandra/pull/430&quot; class=&quot;external-link&quot; target=&quot;_blank&quot; rel=&quot;nofollow noopener&quot;&gt;https://github.com/apache/cassandra/pull/430&lt;/a&gt; - 3 commits so its clear what changed what.&lt;br/&gt;
tests: &lt;a href=&quot;https://circleci.com/gh/dcapwell/cassandra/tree/cleanHistory-2.2&quot; class=&quot;external-link&quot; target=&quot;_blank&quot; rel=&quot;nofollow noopener&quot;&gt;https://circleci.com/gh/dcapwell/cassandra/tree/cleanHistory-2.2&lt;/a&gt;&lt;/p&gt;</comment>
                            <comment id="17022633" author="dcapwell" created="Fri, 24 Jan 2020 01:24:32 +0000"  >&lt;p&gt;3.0&lt;br/&gt;
src: &lt;a href=&quot;https://github.com/apache/cassandra/pull/431&quot; class=&quot;external-link&quot; target=&quot;_blank&quot; rel=&quot;nofollow noopener&quot;&gt;https://github.com/apache/cassandra/pull/431&lt;/a&gt; - 2 commits, same reason&lt;br/&gt;
tests: &lt;a href=&quot;https://circleci.com/gh/dcapwell/cassandra/tree/cleanHistory-3.0&quot; class=&quot;external-link&quot; target=&quot;_blank&quot; rel=&quot;nofollow noopener&quot;&gt;https://circleci.com/gh/dcapwell/cassandra/tree/cleanHistory-3.0&lt;/a&gt;&lt;/p&gt;</comment>
                            <comment id="17022638" author="dcapwell" created="Fri, 24 Jan 2020 01:32:14 +0000"  >&lt;p&gt;3.11 is missing things...&lt;/p&gt;

&lt;div class=&quot;code panel&quot; style=&quot;border-width: 1px;&quot;&gt;&lt;div class=&quot;codeContent panelContent&quot;&gt;
&lt;pre class=&quot;code-java&quot;&gt;
$ git diff trunk config-2_1.yml | wc -l
     396
&lt;/pre&gt;
&lt;/div&gt;&lt;/div&gt;

&lt;p&gt;Ill just rewrite for this branch since patch doesn&apos;t work =(&lt;/p&gt;</comment>
                            <comment id="17022666" author="dcapwell" created="Fri, 24 Jan 2020 03:28:06 +0000"  >&lt;p&gt;ok, I have something which compiles for 3.11&lt;/p&gt;

&lt;p&gt;3.11&lt;br/&gt;
src: &lt;a href=&quot;https://github.com/dcapwell/cassandra/pull/new/cleanHistory-3.11&quot; class=&quot;external-link&quot; target=&quot;_blank&quot; rel=&quot;nofollow noopener&quot;&gt;https://github.com/dcapwell/cassandra/pull/new/cleanHistory-3.11&lt;/a&gt;&lt;br/&gt;
tests: &lt;a href=&quot;https://circleci.com/gh/dcapwell/cassandra/tree/cleanHistory-3.11&quot; class=&quot;external-link&quot; target=&quot;_blank&quot; rel=&quot;nofollow noopener&quot;&gt;https://circleci.com/gh/dcapwell/cassandra/tree/cleanHistory-3.11&lt;/a&gt;&lt;/p&gt;</comment>
                            <comment id="17022670" author="dcapwell" created="Fri, 24 Jan 2020 03:50:21 +0000"  >&lt;p&gt;hold off, the builds (though green) look off.  ill say when done.&lt;/p&gt;</comment>
                            <comment id="17022672" author="dcapwell" created="Fri, 24 Jan 2020 04:05:11 +0000"  >&lt;p&gt;ok, so for some reason circle ci put all my jobs in &quot;not running&quot; state even though the pipeline is running (and nothing else is running); given this can&apos;t validate in the UI.&lt;/p&gt;

&lt;p&gt;Looking at the YAML, all the branches look ok.  &lt;a href=&quot;https://issues.apache.org/jira/secure/ViewProfile.jspa?name=marcuse&quot; class=&quot;user-hover&quot; rel=&quot;marcuse&quot;&gt;marcuse&lt;/a&gt; should be good.&lt;/p&gt;</comment>
                            <comment id="17023102" author="dcapwell" created="Fri, 24 Jan 2020 16:55:59 +0000"  >&lt;p&gt;3.0 ran last night and verified it did the right thing for dtests.  trying to trigger a 3.11 to confirm.&lt;/p&gt;</comment>
                            <comment id="17024205" author="krummas" created="Mon, 27 Jan 2020 09:59:54 +0000"  >&lt;p&gt;looks like the 3.11 in-jvm upgrade dtests fail with: &lt;tt&gt;java.lang.RuntimeException: No v22 versions found&lt;/tt&gt;&lt;/p&gt;

&lt;p&gt;also the 3.0 and 3.11 workflows don&apos;t have &lt;tt&gt;start_jvm_upgrade_dtest&lt;/tt&gt; in the top level like trunk does?&lt;/p&gt;</comment>
                            <comment id="17024550" author="dcapwell" created="Mon, 27 Jan 2020 18:27:42 +0000"  >&lt;p&gt;ill look closer&lt;/p&gt;</comment>
                            <comment id="17024555" author="dcapwell" created="Mon, 27 Jan 2020 18:39:24 +0000"  >&lt;blockquote&gt;&lt;p&gt;also the 3.0 and 3.11 workflows don&apos;t have start_jvm_upgrade_dtest in the top level like trunk does?&lt;/p&gt;&lt;/blockquote&gt;

&lt;p&gt;3.0: &lt;a href=&quot;https://circleci.com/workflow-run/1145e096-8b8b-4519-bd47-81655b6cedfe&quot; class=&quot;external-link&quot; target=&quot;_blank&quot; rel=&quot;nofollow noopener&quot;&gt;https://circleci.com/workflow-run/1145e096-8b8b-4519-bd47-81655b6cedfe&lt;/a&gt;&lt;br/&gt;
3.0 w/ my patch: &lt;a href=&quot;https://circleci.com/workflow-run/0d06171e-3056-4976-b9db-c3e950e686bc&quot; class=&quot;external-link&quot; target=&quot;_blank&quot; rel=&quot;nofollow noopener&quot;&gt;https://circleci.com/workflow-run/0d06171e-3056-4976-b9db-c3e950e686bc&lt;/a&gt;&lt;br/&gt;
3.11: &lt;a href=&quot;https://circleci.com/workflow-run/8988cc5c-736d-4d1b-b811-c9df5544cb9c&quot; class=&quot;external-link&quot; target=&quot;_blank&quot; rel=&quot;nofollow noopener&quot;&gt;https://circleci.com/workflow-run/8988cc5c-736d-4d1b-b811-c9df5544cb9c&lt;/a&gt;&lt;br/&gt;
3.11 w/ my patch: &lt;a href=&quot;https://circleci.com/workflow-run/2da5d802-8a3c-42eb-9ab4-7e44fcf4a70b&quot; class=&quot;external-link&quot; target=&quot;_blank&quot; rel=&quot;nofollow noopener&quot;&gt;https://circleci.com/workflow-run/2da5d802-8a3c-42eb-9ab4-7e44fcf4a70b&lt;/a&gt;&lt;/p&gt;

&lt;p&gt;the shape looks the same to me&lt;/p&gt;

&lt;p&gt;What I saw when applying the patch was that I had to rewrite this for 2.2, 3.0, and 3.11 since the patch couldn&apos;t cleanly apply; this implies to me there are other differences but I have not looked into that.&lt;/p&gt;

&lt;p&gt;Trying to look closer at the 3.11 failing test now.&lt;/p&gt;</comment>
                            <comment id="17024562" author="dcapwell" created="Mon, 27 Jan 2020 18:43:59 +0000"  >&lt;p&gt;Sorry, I get the comment now.&lt;/p&gt;

&lt;p&gt;The patch I wrote for trunk moved the approval command to the top, but that was lost when I rewrote for 3.0 and 3.11; ill add it back.&lt;/p&gt;</comment>
                            <comment id="17024577" author="dcapwell" created="Mon, 27 Jan 2020 18:59:53 +0000"  >&lt;p&gt;pushed changes to 3.0 and 3.11 to also move the approval to top level;&lt;/p&gt;

&lt;p&gt;3.0: &lt;a href=&quot;https://circleci.com/workflow-run/79a284c3-3b71-4a8a-9f19-6a3ed6e0bebd&quot; class=&quot;external-link&quot; target=&quot;_blank&quot; rel=&quot;nofollow noopener&quot;&gt;https://circleci.com/workflow-run/79a284c3-3b71-4a8a-9f19-6a3ed6e0bebd&lt;/a&gt;&lt;br/&gt;
3.11: &lt;a href=&quot;https://circleci.com/workflow-run/a0b6cb07-eef5-4758-b39f-bc605dfdad8c&quot; class=&quot;external-link&quot; target=&quot;_blank&quot; rel=&quot;nofollow noopener&quot;&gt;https://circleci.com/workflow-run/a0b6cb07-eef5-4758-b39f-bc605dfdad8c&lt;/a&gt;&lt;/p&gt;


&lt;p&gt;Ill update once I start looking at the 3.11 failure&lt;/p&gt;</comment>
                            <comment id="17024583" author="dcapwell" created="Mon, 27 Jan 2020 19:08:08 +0000"  >&lt;p&gt;3.11 had a test failure in jvm dtest &lt;a href=&quot;https://app.circleci.com/jobs/github/dcapwell/cassandra/393/tests&quot; class=&quot;external-link&quot; target=&quot;_blank&quot; rel=&quot;nofollow noopener&quot;&gt;https://app.circleci.com/jobs/github/dcapwell/cassandra/393/tests&lt;/a&gt;&lt;br/&gt;
The test didn&apos;t fail in 3.11, but had the same error in a different test, and had another error as well. &lt;a href=&quot;https://app.circleci.com/jobs/github/dcapwell/cassandra/381/tests&quot; class=&quot;external-link&quot; target=&quot;_blank&quot; rel=&quot;nofollow noopener&quot;&gt;https://app.circleci.com/jobs/github/dcapwell/cassandra/381/tests&lt;/a&gt;&lt;/p&gt;

&lt;p&gt;This looks flaky so will attempt to rerun to get a green build.&lt;/p&gt;</comment>
                            <comment id="17024628" author="dcapwell" created="Mon, 27 Jan 2020 20:07:36 +0000"  >&lt;p&gt;ok think I fixed 3.11.  I forgot to include the copy dtest jars bit into the parallel Junit runner so no jars were found.  Pushed a fix for this, waiting on circle now.&lt;/p&gt;

&lt;p&gt;Latest 3.11: &lt;a href=&quot;https://circleci.com/workflow-run/0440a3e8-bcc8-4a15-b99d-c06fe8aa078b&quot; class=&quot;external-link&quot; target=&quot;_blank&quot; rel=&quot;nofollow noopener&quot;&gt;https://circleci.com/workflow-run/0440a3e8-bcc8-4a15-b99d-c06fe8aa078b&lt;/a&gt;&lt;/p&gt;</comment>
                            <comment id="17024674" author="dcapwell" created="Mon, 27 Jan 2020 21:21:29 +0000"  >&lt;p&gt;3.11 is passing now.&lt;/p&gt;

&lt;p&gt;&lt;a href=&quot;https://issues.apache.org/jira/secure/ViewProfile.jspa?name=marcuse&quot; class=&quot;user-hover&quot; rel=&quot;marcuse&quot;&gt;marcuse&lt;/a&gt; the dag layout match, and tests are all passing.  Can you look again?&lt;/p&gt;</comment>
                            <comment id="17024771" author="dcapwell" created="Mon, 27 Jan 2020 23:59:01 +0000"  >&lt;p&gt;&lt;a href=&quot;https://issues.apache.org/jira/browse/CASSANDRA-15463&quot; title=&quot;Fix in-jvm dtest java 11 compatibility&quot; class=&quot;issue-link&quot; data-issue-key=&quot;CASSANDRA-15463&quot;&gt;&lt;del&gt;CASSANDRA-15463&lt;/del&gt;&lt;/a&gt; adds jvm dtests running on java 11, so get a merge conflict with this.  If that goes in first, will need to rebase trunk.&lt;/p&gt;</comment>
                            <comment id="17024783" author="dcapwell" created="Tue, 28 Jan 2020 00:29:27 +0000"  >&lt;p&gt;Rebased against master and rewrote the j11 changes to match the new model; here is the java 11 pipeline &lt;a href=&quot;https://app.circleci.com/github/dcapwell/cassandra/pipelines/af287bdf-41b3-4231-b1bf-095dc91803fa/workflows/bffb62c8-997c-4461-af4c-66b9f725528c&quot; class=&quot;external-link&quot; target=&quot;_blank&quot; rel=&quot;nofollow noopener&quot;&gt;https://app.circleci.com/github/dcapwell/cassandra/pipelines/af287bdf-41b3-4231-b1bf-095dc91803fa/workflows/bffb62c8-997c-4461-af4c-66b9f725528c&lt;/a&gt;&lt;/p&gt;</comment>
                            <comment id="17025164" author="krummas" created="Tue, 28 Jan 2020 14:34:26 +0000"  >&lt;div class=&apos;table-wrap&apos;&gt;
&lt;table class=&apos;confluenceTable&apos;&gt;&lt;tbody&gt;
&lt;tr&gt;
&lt;th class=&apos;confluenceTh&apos;&gt;branch&lt;/th&gt;
&lt;th class=&apos;confluenceTh&apos;&gt;circle &lt;/th&gt;
&lt;th class=&apos;confluenceTh&apos;&gt; patch &lt;/th&gt;
&lt;/tr&gt;
&lt;tr&gt;
&lt;td class=&apos;confluenceTd&apos;&gt;2.2 &lt;/td&gt;
&lt;td class=&apos;confluenceTd&apos;&gt; &lt;a href=&quot;https://circleci.com/workflow-run/09f08975-1d84-49bb-88be-52612bdbf71e&quot; class=&quot;external-link&quot; target=&quot;_blank&quot; rel=&quot;nofollow noopener&quot;&gt;lowres&lt;/a&gt;, &lt;a href=&quot;https://circleci.com/workflow-run/d0bd3809-3acf-4b2f-b5df-7c6db8abbd6d&quot; class=&quot;external-link&quot; target=&quot;_blank&quot; rel=&quot;nofollow noopener&quot;&gt;highres&lt;/a&gt; &lt;/td&gt;
&lt;td class=&apos;confluenceTd&apos;&gt; &lt;a href=&quot;https://github.com/krummas/cassandra/commits/david/15508-2.2&quot; class=&quot;external-link&quot; target=&quot;_blank&quot; rel=&quot;nofollow noopener&quot;&gt;patch&lt;/a&gt; &lt;/td&gt;
&lt;/tr&gt;
&lt;tr&gt;
&lt;td class=&apos;confluenceTd&apos;&gt;3.0 &lt;/td&gt;
&lt;td class=&apos;confluenceTd&apos;&gt; &lt;a href=&quot;https://circleci.com/workflow-run/1fd6b99d-844c-490b-b19d-1faff3e286d1&quot; class=&quot;external-link&quot; target=&quot;_blank&quot; rel=&quot;nofollow noopener&quot;&gt;lowres&lt;/a&gt;, &lt;a href=&quot;https://circleci.com/workflow-run/e10706d5-2e18-478a-8d0b-296b189e9f17&quot; class=&quot;external-link&quot; target=&quot;_blank&quot; rel=&quot;nofollow noopener&quot;&gt;highres&lt;/a&gt; &lt;/td&gt;
&lt;td class=&apos;confluenceTd&apos;&gt; &lt;a href=&quot;https://github.com/krummas/cassandra/commits/david/15508-3.0&quot; class=&quot;external-link&quot; target=&quot;_blank&quot; rel=&quot;nofollow noopener&quot;&gt;patch&lt;/a&gt; &lt;/td&gt;
&lt;/tr&gt;
&lt;tr&gt;
&lt;td class=&apos;confluenceTd&apos;&gt;3.11&lt;/td&gt;
&lt;td class=&apos;confluenceTd&apos;&gt; &lt;a href=&quot;https://circleci.com/workflow-run/1fd6b99d-844c-490b-b19d-1faff3e286d1&quot; class=&quot;external-link&quot; target=&quot;_blank&quot; rel=&quot;nofollow noopener&quot;&gt;lowres&lt;/a&gt;, &lt;a href=&quot;https://circleci.com/workflow-run/0762d0d1-1ced-404f-bb10-a1f2ed181fad&quot; class=&quot;external-link&quot; target=&quot;_blank&quot; rel=&quot;nofollow noopener&quot;&gt;highres&lt;/a&gt; &lt;/td&gt;
&lt;td class=&apos;confluenceTd&apos;&gt; &lt;a href=&quot;https://github.com/krummas/cassandra/commits/david/15508-3.11&quot; class=&quot;external-link&quot; target=&quot;_blank&quot; rel=&quot;nofollow noopener&quot;&gt;patch&lt;/a&gt; &lt;/td&gt;
&lt;/tr&gt;
&lt;tr&gt;
&lt;td class=&apos;confluenceTd&apos;&gt;trunk &lt;/td&gt;
&lt;td class=&apos;confluenceTd&apos;&gt; &lt;a href=&quot;https://circleci.com/workflow-run/4031a9f8-cd7f-4e93-8811-4dca3bcf857a&quot; class=&quot;external-link&quot; target=&quot;_blank&quot; rel=&quot;nofollow noopener&quot;&gt;j8 lowres&lt;/a&gt;, &lt;a href=&quot;https://circleci.com/workflow-run/b0582f3e-f7cf-4aef-8ca9-8f8cff89df9b&quot; class=&quot;external-link&quot; target=&quot;_blank&quot; rel=&quot;nofollow noopener&quot;&gt;j11 lowres&lt;/a&gt;, &lt;a href=&quot;https://circleci.com/workflow-run/8e2ed311-b74a-41d1-8025-36c6efe8d90f&quot; class=&quot;external-link&quot; target=&quot;_blank&quot; rel=&quot;nofollow noopener&quot;&gt;j8 highres&lt;/a&gt;, &lt;a href=&quot;https://circleci.com/workflow-run/1225ff39-0666-40b9-8a4d-0f77c058d41f&quot; class=&quot;external-link&quot; target=&quot;_blank&quot; rel=&quot;nofollow noopener&quot;&gt;j11 highres&lt;/a&gt; &lt;/td&gt;
&lt;td class=&apos;confluenceTd&apos;&gt; &lt;a href=&quot;https://github.com/krummas/cassandra/commits/david/15508-trunk&quot; class=&quot;external-link&quot; target=&quot;_blank&quot; rel=&quot;nofollow noopener&quot;&gt;patch&lt;/a&gt; &lt;/td&gt;
&lt;/tr&gt;
&lt;/tbody&gt;&lt;/table&gt;
&lt;/div&gt;


&lt;p&gt;trunk j8 highres in-jvm upgrade tests seem to fail with &lt;tt&gt;No timing found for ...&lt;/tt&gt;&lt;/p&gt;</comment>
                            <comment id="17025312" author="dcapwell" created="Tue, 28 Jan 2020 17:31:33 +0000"  >&lt;p&gt;Link to the j8 higher jvm upgrade test &lt;a href=&quot;https://app.circleci.com/jobs/github/krummas/cassandra/2847&quot; class=&quot;external-link&quot; target=&quot;_blank&quot; rel=&quot;nofollow noopener&quot;&gt;https://app.circleci.com/jobs/github/krummas/cassandra/2847&lt;/a&gt;&lt;/p&gt;

&lt;div class=&quot;code panel&quot; style=&quot;border-width: 1px;&quot;&gt;&lt;div class=&quot;codeContent panelContent&quot;&gt;
&lt;pre class=&quot;code-java&quot;&gt;
No timing found &lt;span class=&quot;code-keyword&quot;&gt;for&lt;/span&gt; &lt;span class=&quot;code-quote&quot;&gt;&quot;/home/cassandra/cassandra/test/distributed/org/apache/cassandra/io/sstable/format/ForwardingSSTableReader.java&quot;&lt;/span&gt;
&lt;/pre&gt;
&lt;/div&gt;&lt;/div&gt;

&lt;p&gt;This is common given the flow of the finding (list all files, sort by timing, filter; since the filter is after the sort by timing we see this a lot, it shouldn&apos;t impact a normal run).&lt;/p&gt;

&lt;p&gt;I believe that the failure is this line&lt;/p&gt;

&lt;div class=&quot;code panel&quot; style=&quot;border-width: 1px;&quot;&gt;&lt;div class=&quot;codeContent panelContent&quot;&gt;
&lt;pre class=&quot;code-java&quot;&gt;
set -eo pipefail &amp;amp;&amp;amp; cat /tmp/java_tests_${CIRCLE_NODE_INDEX}.txt | sed &lt;span class=&quot;code-quote&quot;&gt;&quot;s;^/home/cassandra/cassandra/test/distributed/;;g&quot;&lt;/span&gt; | grep &lt;span class=&quot;code-quote&quot;&gt;&quot;Test\.java$&quot;&lt;/span&gt; | grep upgrade &amp;gt; /tmp/java_tests_${CIRCLE_NODE_INDEX}_final.txt
&lt;/pre&gt;
&lt;/div&gt;&lt;/div&gt;

&lt;p&gt;The reason for this is that the next line is an echo which isn&apos;t in the logs and the line before it is what logs the no timing message.  This is weird to me since if I apply that line to the output in the logs I get &lt;/p&gt;

&lt;div class=&quot;code panel&quot; style=&quot;border-width: 1px;&quot;&gt;&lt;div class=&quot;codeContent panelContent&quot;&gt;
&lt;pre class=&quot;code-java&quot;&gt;
org/apache/cassandra/distributed/upgrade/MixedModeReadRepairTest.java
org/apache/cassandra/distributed/upgrade/UpgradeTest.java
&lt;/pre&gt;
&lt;/div&gt;&lt;/div&gt;

&lt;p&gt;Ill try to dig into this.&lt;/p&gt;</comment>
                            <comment id="17025314" author="dcapwell" created="Tue, 28 Jan 2020 17:33:22 +0000"  >&lt;p&gt;ohhhhhhhh I see the problem!  2 nodes pass, 2 fail.  We currently don&apos;t have enough tests to justify 4 nodes so it fails (only 2 tests, so 2/4 == 0 on 2 nodes).&lt;/p&gt;

&lt;p&gt;Fixing the higher files now.&lt;/p&gt;</comment>
                            <comment id="17025323" author="dcapwell" created="Tue, 28 Jan 2020 17:43:05 +0000"  >&lt;p&gt;Sorry for all the back and forth.  I will update all the branches and have a higher/lower test run linked here next time.&lt;/p&gt;</comment>
                            <comment id="17025374" author="dcapwell" created="Tue, 28 Jan 2020 19:01:01 +0000"  >&lt;div class=&apos;table-wrap&apos;&gt;
&lt;table class=&apos;confluenceTable&apos;&gt;&lt;tbody&gt;
&lt;tr&gt;
&lt;th class=&apos;confluenceTh&apos;&gt; Branch &lt;/th&gt;
&lt;th class=&apos;confluenceTh&apos;&gt; j8 LOWER &lt;/th&gt;
&lt;th class=&apos;confluenceTh&apos;&gt; j11 LOWER &lt;/th&gt;
&lt;th class=&apos;confluenceTh&apos;&gt; j8 HIGHER &lt;/th&gt;
&lt;th class=&apos;confluenceTh&apos;&gt; j11 HIGHER &lt;/th&gt;
&lt;th class=&apos;confluenceTh&apos;&gt; Status &lt;/th&gt;
&lt;/tr&gt;
&lt;tr&gt;
&lt;td class=&apos;confluenceTd&apos;&gt; trunk  &lt;/td&gt;
&lt;td class=&apos;confluenceTd&apos;&gt; &lt;a href=&quot;https://circleci.com/workflow-run/7d7effd3-fb31-4492-809c-a728d9fa64b4&quot; class=&quot;external-link&quot; target=&quot;_blank&quot; rel=&quot;nofollow noopener&quot;&gt;circle&lt;/a&gt; &lt;/td&gt;
&lt;td class=&apos;confluenceTd&apos;&gt; &lt;a href=&quot;https://circleci.com/workflow-run/357d79a9-388c-4179-b906-1c814eae5068&quot; class=&quot;external-link&quot; target=&quot;_blank&quot; rel=&quot;nofollow noopener&quot;&gt;circle&lt;/a&gt; &lt;/td&gt;
&lt;td class=&apos;confluenceTd&apos;&gt; &lt;a href=&quot;https://circleci.com/workflow-run/0aac61bf-b796-4f2b-a1df-f816d6d25141&quot; class=&quot;external-link&quot; target=&quot;_blank&quot; rel=&quot;nofollow noopener&quot;&gt;circle&lt;/a&gt; &lt;/td&gt;
&lt;td class=&apos;confluenceTd&apos;&gt; &lt;a href=&quot;https://circleci.com/workflow-run/3f6f8cc8-c76c-4da9-8ca7-0f6a717f57ca&quot; class=&quot;external-link&quot; target=&quot;_blank&quot; rel=&quot;nofollow noopener&quot;&gt;circle&lt;/a&gt; &lt;/td&gt;
&lt;td class=&apos;confluenceTd&apos;&gt; green (some unit tests failed but look flaky) &lt;/td&gt;
&lt;/tr&gt;
&lt;tr&gt;
&lt;td class=&apos;confluenceTd&apos;&gt; 3.11  &lt;/td&gt;
&lt;td class=&apos;confluenceTd&apos;&gt; &lt;a href=&quot;https://circleci.com/workflow-run/177bd574-d3d8-4383-a950-2370ae95434e&quot; class=&quot;external-link&quot; target=&quot;_blank&quot; rel=&quot;nofollow noopener&quot;&gt;circle&lt;/a&gt; &lt;/td&gt;
&lt;td class=&apos;confluenceTd&apos;&gt; NA &lt;/td&gt;
&lt;td class=&apos;confluenceTd&apos;&gt; &lt;a href=&quot;https://circleci.com/workflow-run/58236772-59af-45be-88f9-d7aaa26eca54&quot; class=&quot;external-link&quot; target=&quot;_blank&quot; rel=&quot;nofollow noopener&quot;&gt;circle&lt;/a&gt; &lt;/td&gt;
&lt;td class=&apos;confluenceTd&apos;&gt; NA &lt;/td&gt;
&lt;td class=&apos;confluenceTd&apos;&gt; Some tests were flaky on HIGHER, &lt;a href=&quot;https://circleci.com/workflow-run/21f47971-de1a-4972-bb80-7b9f26924b72&quot; class=&quot;external-link&quot; target=&quot;_blank&quot; rel=&quot;nofollow noopener&quot;&gt;reran on circle&lt;/a&gt; and green &lt;/td&gt;
&lt;/tr&gt;
&lt;tr&gt;
&lt;td class=&apos;confluenceTd&apos;&gt; 3.0  &lt;/td&gt;
&lt;td class=&apos;confluenceTd&apos;&gt; &lt;a href=&quot;https://circleci.com/workflow-run/3d5df26f-d764-48e0-9a34-4de858760d01&quot; class=&quot;external-link&quot; target=&quot;_blank&quot; rel=&quot;nofollow noopener&quot;&gt;circle&lt;/a&gt; &lt;/td&gt;
&lt;td class=&apos;confluenceTd&apos;&gt; NA &lt;/td&gt;
&lt;td class=&apos;confluenceTd&apos;&gt; &lt;a href=&quot;https://circleci.com/workflow-run/75137ab1-7b22-4759-891b-243a7b92beb0&quot; class=&quot;external-link&quot; target=&quot;_blank&quot; rel=&quot;nofollow noopener&quot;&gt;circle&lt;/a&gt; &lt;/td&gt;
&lt;td class=&apos;confluenceTd&apos;&gt; NA &lt;/td&gt;
&lt;td class=&apos;confluenceTd&apos;&gt; Green &lt;/td&gt;
&lt;/tr&gt;
&lt;tr&gt;
&lt;td class=&apos;confluenceTd&apos;&gt; 2.2  &lt;/td&gt;
&lt;td class=&apos;confluenceTd&apos;&gt; &lt;a href=&quot;https://circleci.com/workflow-run/245e115d-703f-44ce-a031-0803c346f50b&quot; class=&quot;external-link&quot; target=&quot;_blank&quot; rel=&quot;nofollow noopener&quot;&gt;circle&lt;/a&gt; &lt;/td&gt;
&lt;td class=&apos;confluenceTd&apos;&gt; NA &lt;/td&gt;
&lt;td class=&apos;confluenceTd&apos;&gt; &lt;a href=&quot;https://circleci.com/workflow-run/daa0495b-748f-4781-879c-3c9b404fb600&quot; class=&quot;external-link&quot; target=&quot;_blank&quot; rel=&quot;nofollow noopener&quot;&gt;circle&lt;/a&gt; &lt;/td&gt;
&lt;td class=&apos;confluenceTd&apos;&gt; NA &lt;/td&gt;
&lt;td class=&apos;confluenceTd&apos;&gt; some unit tests failed but look flaky.  Higher didn&apos;t schedule anything so canceled and &lt;a href=&quot;https://circleci.com/workflow-run/e486f41d-1119-42c6-b424-41625c0a30d4&quot; class=&quot;external-link&quot; target=&quot;_blank&quot; rel=&quot;nofollow noopener&quot;&gt;submitted a new workflow&lt;/a&gt; unit tests failed as well, but jvm dtest is green&lt;/td&gt;
&lt;/tr&gt;
&lt;/tbody&gt;&lt;/table&gt;
&lt;/div&gt;
</comment>
                            <comment id="17025440" author="dcapwell" created="Tue, 28 Jan 2020 21:02:58 +0000"  >&lt;p&gt;&lt;a href=&quot;https://issues.apache.org/jira/secure/ViewProfile.jspa?name=marcuse&quot; class=&quot;user-hover&quot; rel=&quot;marcuse&quot;&gt;marcuse&lt;/a&gt; sorry again for all the back and forth.&lt;/p&gt;

&lt;p&gt;I made sure that each branch had for LOWER small=1 medium=1 and HIGHER small=2 medium=2.  &lt;br/&gt;
I made sure to run the builds for both LOWER and HIGHER in each branch (links above).&lt;/p&gt;

&lt;p&gt;There are test failures, but they were unit.  If there were test failures for jvm dtest I linked the rerun.&lt;br/&gt;
3.11 and before do not run jvm dtests in java 11, so marked NA in the table.&lt;/p&gt;</comment>
                            <comment id="17025695" author="krummas" created="Wed, 29 Jan 2020 08:45:12 +0000"  >&lt;p&gt;lgtm, will commit with a small change to keep 2.2 utests_long running with xlarge resource class: &lt;a href=&quot;https://github.com/krummas/cassandra/commit/37240814111fad75ce0785b55722056586737766&quot; class=&quot;external-link&quot; target=&quot;_blank&quot; rel=&quot;nofollow noopener&quot;&gt;https://github.com/krummas/cassandra/commit/37240814111fad75ce0785b55722056586737766&lt;/a&gt;&lt;/p&gt;</comment>
                            <comment id="17025696" author="krummas" created="Wed, 29 Jan 2020 08:47:01 +0000"  >&lt;p&gt;and committed, thanks&lt;/p&gt;</comment>
                    </comments>
                <issuelinks>
                            <issuelinktype id="10030">
                    <name>Reference</name>
                                                                <inwardlinks description="is related to">
                                        <issuelink>
            <issuekey id="13214436">CASSANDRA-15014</issuekey>
        </issuelink>
            <issuelink>
            <issuekey id="13275606">CASSANDRA-15463</issuekey>
        </issuelink>
                            </inwardlinks>
                                    </issuelinktype>
                            <issuelinktype id="12310050">
                    <name>Regression</name>
                                            <outwardlinks description="breaks">
                                        <issuelink>
            <issuekey id="13291476">CASSANDRA-15639</issuekey>
        </issuelink>
                            </outwardlinks>
                                                        </issuelinktype>
                    </issuelinks>
                <attachments>
                            <attachment id="12991272" name="Screen Shot 2020-01-17 at 4.51.17 PM.png" size="64276" author="dcapwell" created="Sat, 18 Jan 2020 00:53:04 +0000"/>
                    </attachments>
                <subtasks>
                    </subtasks>
                <customfields>
                                                                            <customfield id="customfield_12310310" key="com.atlassian.jira.toolkit:attachments">
                        <customfieldname>Attachment count</customfieldname>
                        <customfieldvalues>
                            <customfieldvalue>1.0</customfieldvalue>
                        </customfieldvalues>
                    </customfield>
                                                                <customfield id="customfield_12313920" key="com.atlassian.jira.plugin.system.customfieldtypes:multiuserpicker">
                        <customfieldname>Authors</customfieldname>
                        <customfieldvalues>
                                    <customfieldvalue><![CDATA[dcapwell]]></customfieldvalue>
    
                        </customfieldvalues>
                    </customfield>
                                                                                                                                                                                                                                                                                                                                                                                    <customfield id="customfield_12313825" key="com.atlassian.jira.plugin.system.customfieldtypes:cascadingselect">
                        <customfieldname>Bug Category</customfieldname>
                        <customfieldvalues>
                                                    <customfieldvalue key="13163" cascade-level=""><![CDATA[Code]]></customfieldvalue>
                                <customfieldvalue key="13164" cascade-level="1"><![CDATA[Bug - Unclear Impact]]></customfieldvalue>
            
                        </customfieldvalues>
                    </customfield>
                                                                                                                                                                                                                                                                                                <customfield id="customfield_12313821" key="com.atlassian.jira.plugin.system.customfieldtypes:select">
                        <customfieldname>Complexity</customfieldname>
                        <customfieldvalues>
                                <customfieldvalue key="12964"><![CDATA[Low Hanging Fruit]]></customfieldvalue>

                        </customfieldvalues>
                    </customfield>
                                                                <customfield id="customfield_12314020" key="com.atlassian.jira.plugins.jira-development-integration-plugin:devsummary">
                        <customfieldname>Development</customfieldname>
                        <customfieldvalues>
                            
                        </customfieldvalues>
                    </customfield>
                                                                <customfield id="customfield_12313822" key="com.atlassian.jira.plugin.system.customfieldtypes:select">
                        <customfieldname>Discovered By</customfieldname>
                        <customfieldvalues>
                                <customfieldvalue key="12970"><![CDATA[Unit Test]]></customfieldvalue>

                        </customfieldvalues>
                    </customfield>
                                                                                            <customfield id="customfield_12313422" key="com.atlassian.jirafisheyeplugin:jobcheckbox">
                        <customfieldname>Enable Automatic Patch Review</customfieldname>
                        <customfieldvalues>
                            <customfieldvalue><![CDATA[false]]></customfieldvalue>

                        </customfieldvalues>
                    </customfield>
                                                                                                                                                                                                                                                                                                                                                                                                                                                                                                                                                                                                                                                <customfield id="customfield_12310420" key="com.pyxis.greenhopper.jira:gh-global-rank">
                        <customfieldname>Global Rank</customfieldname>
                        <customfieldvalues>
                            <customfieldvalue>9223372036854775807</customfieldvalue>
                        </customfieldvalues>
                    </customfield>
                                                                                                                                                    <customfield id="customfield_12313922" key="jira.plugin.projectspecificselectfield.jpssf:multicftype">
                        <customfieldname>Impacts</customfieldname>
                        <customfieldvalues>
                                <customfieldvalue key="13100"><![CDATA[None]]></customfieldvalue>
    
                        </customfieldvalues>
                    </customfield>
                                                                                                                                                    <customfield id="customfield_12312521" key="com.atlassian.jira.toolkit:LastCommentDate">
                        <customfieldname>Last public comment date</customfieldname>
                        <customfieldvalues>
                            5 years, 41 weeks, 6 days ago
                        </customfieldvalues>
                    </customfield>
                                                                                                                                                                                                                                        <customfield id="customfield_12313921" key="jira.plugin.projectspecificselectfield.jpssf:multicftype">
                        <customfieldname>Platform</customfieldname>
                        <customfieldvalues>
                                <customfieldvalue key="13076"><![CDATA[All]]></customfieldvalue>
    
                        </customfieldvalues>
                    </customfield>
                                                                                                                        <customfield id="customfield_12311820" key="com.pyxis.greenhopper.jira:gh-lexo-rank">
                        <customfieldname>Rank</customfieldname>
                        <customfieldvalues>
                            <customfieldvalue>0|z0al2o:</customfieldvalue>

                        </customfieldvalues>
                    </customfield>
                                                                <customfield id="customfield_12310920" key="com.pyxis.greenhopper.jira:gh-global-rank">
                        <customfieldname>Rank (Obsolete)</customfieldname>
                        <customfieldvalues>
                            <customfieldvalue>9223372036854775807</customfieldvalue>
                        </customfieldvalues>
                    </customfield>
                                                                                                                                                                                                                                                                                                <customfield id="customfield_12313420" key="com.atlassian.jira.plugin.system.customfieldtypes:multiuserpicker">
                        <customfieldname>Reviewers</customfieldname>
                        <customfieldvalues>
                                    <customfieldvalue><![CDATA[ifesdjeen]]></customfieldvalue>
        <customfieldvalue><![CDATA[marcuse]]></customfieldvalue>
    
                        </customfieldvalues>
                    </customfield>
                                                                                            <customfield id="customfield_12313820" key="com.atlassian.jira.plugin.system.customfieldtypes:select">
                        <customfieldname>Severity</customfieldname>
                        <customfieldvalues>
                                <customfieldvalue key="12961"><![CDATA[Low]]></customfieldvalue>

                        </customfieldvalues>
                    </customfield>
                                                                <customfield id="customfield_12311420" key="com.atlassian.jira.plugin.system.customfieldtypes:version">
                        <customfieldname>Since Version</customfieldname>
                        <customfieldvalues>
                                <customfieldvalue id="12332983">2.2.0</customfieldvalue>
    
                        </customfieldvalues>
                    </customfield>
                                                                                                                        <customfield id="customfield_12313924" key="com.atlassian.jira.plugin.system.customfieldtypes:textfield">
                        <customfieldname>Source Control Link</customfieldname>
                        <customfieldvalues>
                            <customfieldvalue>&lt;p&gt;&lt;a href=&quot;https://github.com/apache/cassandra/commit/6e3bf545793dd786138213d334599e533de4ec28&quot; class=&quot;external-link&quot; target=&quot;_blank&quot; rel=&quot;nofollow noopener&quot;&gt;https://github.com/apache/cassandra/commit/6e3bf545793dd786138213d334599e533de4ec28&lt;/a&gt;&lt;/p&gt;</customfieldvalue>

                        </customfieldvalues>
                    </customfield>
                                                                                                                                                                                                                                                                                                                                                        <customfield id="customfield_12313823" key="com.atlassian.jira.plugin.system.customfieldtypes:textarea">
                        <customfieldname>Test and Documentation Plan</customfieldname>
                        <customfieldvalues>
                            <customfieldvalue>&lt;p&gt;&lt;a href=&quot;https://github.com/apache/cassandra/pull/426&quot; class=&quot;external-link&quot; target=&quot;_blank&quot; rel=&quot;nofollow noopener&quot;&gt;code&lt;/a&gt;&lt;/p&gt;

&lt;p&gt;&lt;a href=&quot;https://circleci.com/gh/dcapwell/workflows/cassandra/tree/jvmDtestParallelRun&quot; class=&quot;external-link&quot; target=&quot;_blank&quot; rel=&quot;nofollow noopener&quot;&gt;tests&lt;/a&gt;&lt;/p&gt;</customfieldvalue>

                        </customfieldvalues>
                    </customfield>
                                                                                                                                                                                </customfields>
    </item>
</channel>
</rss>