diff --git a/phpunit.xsd b/phpunit.xsd
index ad9211bce..7ecb5bdfe 100644
--- a/phpunit.xsd
+++ b/phpunit.xsd
@@ -202,6 +202,7 @@
     <xs:attribute name="processIsolation" type="xs:boolean" default="false"/>
     <xs:attribute name="stopOnError" type="xs:boolean" default="false"/>
     <xs:attribute name="stopOnFailure" type="xs:boolean" default="false"/>
+    <xs:attribute name="stopOnWarning" type="xs:boolean" default="false"/>
     <xs:attribute name="stopOnIncomplete" type="xs:boolean" default="false"/>
     <xs:attribute name="stopOnRisky" type="xs:boolean" default="false"/>
     <xs:attribute name="stopOnSkipped" type="xs:boolean" default="false"/>
diff --git a/src/Extensions/TicketListener.php b/src/Extensions/TicketListener.php
index 5c1d11f4d..63aecea4d 100644
--- a/src/Extensions/TicketListener.php
+++ b/src/Extensions/TicketListener.php
@@ -109,7 +109,7 @@ public function endTestSuite(PHPUnit_Framework_TestSuite $suite)
      */
     public function startTest(PHPUnit_Framework_Test $test)
     {
-        if (!$test instanceof PHPUnit_Framework_Warning) {
+        if (!$test instanceof PHPUnit_Framework_WarningTestCase) {
             if ($this->ran) {
                 return;
             }
@@ -133,7 +133,7 @@ public function startTest(PHPUnit_Framework_Test $test)
      */
     public function endTest(PHPUnit_Framework_Test $test, $time)
     {
-        if (!$test instanceof PHPUnit_Framework_Warning) {
+        if (!$test instanceof PHPUnit_Framework_WarningTestCase) {
             if ($test->getStatus() == PHPUnit_Runner_BaseTestRunner::STATUS_PASSED) {
                 $ifStatus   = ['assigned', 'new', 'reopened'];
                 $newStatus  = 'closed';
diff --git a/src/Framework/BaseTestListener.php b/src/Framework/BaseTestListener.php
index bf8d062a5..d8b83b56e 100644
--- a/src/Framework/BaseTestListener.php
+++ b/src/Framework/BaseTestListener.php
@@ -21,6 +21,10 @@ public function addError(PHPUnit_Framework_Test $test, Exception $e, $time)
     {
     }
 
+    public function addWarning(PHPUnit_Framework_Test $test, PHPUnit_Framework_Warning $e, $time)
+    {
+    }
+
     public function addFailure(PHPUnit_Framework_Test $test, PHPUnit_Framework_AssertionFailedError $e, $time)
     {
     }
diff --git a/src/Framework/TestCase.php b/src/Framework/TestCase.php
index ca6b04b4a..d2311559f 100644
--- a/src/Framework/TestCase.php
+++ b/src/Framework/TestCase.php
@@ -594,7 +594,7 @@ public function run(PHPUnit_Framework_TestResult $result = null)
             $result = $this->createResult();
         }
 
-        if (!$this instanceof PHPUnit_Framework_Warning) {
+        if (!$this instanceof PHPUnit_Framework_WarningTestCase) {
             $this->setTestResultObject($result);
             $this->setUseErrorHandlerFromAnnotation();
         }
@@ -604,7 +604,7 @@ public function run(PHPUnit_Framework_TestResult $result = null)
             $result->convertErrorsToExceptions($this->useErrorHandler);
         }
 
-        if (!$this instanceof PHPUnit_Framework_Warning && !$this->handleDependencies()) {
+        if (!$this instanceof PHPUnit_Framework_WarningTestCase && !$this->handleDependencies()) {
             return;
         }
 
@@ -757,6 +757,9 @@ public function runBare()
         } catch (PHPUnit_Framework_SkippedTest $e) {
             $this->status        = PHPUnit_Runner_BaseTestRunner::STATUS_SKIPPED;
             $this->statusMessage = $e->getMessage();
+        } catch (PHPUnit_Framework_Warning $e) {
+            $this->status        = PHPUnit_Runner_BaseTestRunner::STATUS_WARNING;
+            $this->statusMessage = $e->getMessage();
         } catch (PHPUnit_Framework_AssertionFailedError $e) {
             $this->status        = PHPUnit_Runner_BaseTestRunner::STATUS_FAILURE;
             $this->statusMessage = $e->getMessage();
diff --git a/src/Framework/TestListener.php b/src/Framework/TestListener.php
index 056cab35b..aeb3f4ed6 100644
--- a/src/Framework/TestListener.php
+++ b/src/Framework/TestListener.php
@@ -24,6 +24,16 @@ interface PHPUnit_Framework_TestListener
      */
     public function addError(PHPUnit_Framework_Test $test, Exception $e, $time);
 
+    /**
+     * A warning occurred.
+     *
+     * @param PHPUnit_Framework_Test    $test
+     * @param PHPUnit_Framework_Warning $e
+     * @param float                     $time
+     * @since Method available since Release 5.1.0
+     */
+    public function addWarning(PHPUnit_Framework_Test $test, PHPUnit_Framework_Warning $e, $time);
+
     /**
      * A failure occurred.
      *
diff --git a/src/Framework/TestResult.php b/src/Framework/TestResult.php
index df4f44021..c014bc445 100644
--- a/src/Framework/TestResult.php
+++ b/src/Framework/TestResult.php
@@ -32,6 +32,11 @@ class PHPUnit_Framework_TestResult implements Countable
      */
     protected $failures = [];
 
+    /**
+     * @var array
+     */
+    protected $warnings = [];
+
     /**
      * @var array
      */
@@ -94,6 +99,11 @@ class PHPUnit_Framework_TestResult implements Countable
      */
     protected $stopOnFailure = false;
 
+    /**
+     * @var bool
+     */
+    protected $stopOnWarning = false;
+
     /**
      * @var bool
      */
@@ -239,6 +249,30 @@ public function addError(PHPUnit_Framework_Test $test, Exception $e, $time)
         $this->time          += $time;
     }
 
+    /**
+     * Adds a warning to the list of warnings.
+     * The passed in exception caused the warning.
+     *
+     * @param PHPUnit_Framework_Test    $test
+     * @param PHPUnit_Framework_Warning $e
+     * @param float                     $time
+     * @since Method available since Release 5.1.0
+     */
+    public function addWarning(PHPUnit_Framework_Test $test, PHPUnit_Framework_Warning $e, $time) 
+    {
+        if ($this->stopOnWarning) {
+            $this->stop();
+        }
+
+        $this->warnings[] = new PHPUnit_Framework_TestFailure($test, $e);
+
+        foreach ($this->listeners as $listener) {
+            $listener->addWarning($test, $e, $time);
+        }
+
+        $this->time += $time;
+    }
+
     /**
      * Adds a failure to the list of failures.
      * The passed in exception caused the failure.
@@ -497,6 +531,28 @@ public function failures()
         return $this->failures;
     }
 
+    /**
+     * Gets the number of detected warnings.
+     *
+     * @return int
+     * @since  Method available since Release 5.1.0
+     */
+    public function warningCount()
+    {
+        return count($this->warnings);
+    }
+
+    /**
+     * Returns an Enumeration for the warnings.
+     *
+     * @return array
+     * @since  Method available since Release 5.1.0
+     */
+    public function warnings()
+    {
+        return $this->warnings;
+    }
+
     /**
      * Returns the names of the tests that have passed.
      *
@@ -541,6 +597,7 @@ public function run(PHPUnit_Framework_Test $test)
 
         $error      = false;
         $failure    = false;
+        $warning    = false;
         $incomplete = false;
         $risky      = false;
         $skipped    = false;
@@ -564,7 +621,7 @@ public function run(PHPUnit_Framework_Test $test)
 
         $collectCodeCoverage = $this->codeCoverage !== null &&
                                !$test instanceof PHPUnit_Extensions_SeleniumTestCase &&
-                               !$test instanceof PHPUnit_Framework_Warning;
+                               !$test instanceof PHPUnit_Framework_WarningTestCase;
 
         if ($collectCodeCoverage) {
             // We need to blacklist test source files when no whitelist is used.
@@ -582,7 +639,7 @@ public function run(PHPUnit_Framework_Test $test)
         }
 
         $monitorFunctions = $this->beStrictAboutResourceUsageDuringSmallTests &&
-                            !$test instanceof PHPUnit_Framework_Warning &&
+                            !$test instanceof PHPUnit_Framework_WarningTestCase &&
                             $test->getSize() == PHPUnit_Util_Test::SMALL &&
                             function_exists('xdebug_start_function_monitor');
 
@@ -593,7 +650,7 @@ function_exists('xdebug_start_function_monitor');
         PHP_Timer::start();
 
         try {
-            if (!$test instanceof PHPUnit_Framework_Warning &&
+            if (!$test instanceof PHPUnit_Framework_WarningTestCase &&
                 $test->getSize() != PHPUnit_Util_Test::UNKNOWN &&
                 $this->enforceTimeLimit &&
                 extension_loaded('pcntl') && class_exists('PHP_Invoker')) {
@@ -626,6 +683,8 @@ function_exists('xdebug_start_function_monitor');
             } elseif ($e instanceof PHPUnit_Framework_SkippedTestError) {
                 $skipped = true;
             }
+        } catch (PHPUnit_Framework_Warning $e) {
+            $warning = true;
         } catch (PHPUnit_Framework_Exception $e) {
             $error = true;
         } catch (Throwable $e) {
@@ -724,6 +783,8 @@ function_exists('xdebug_start_function_monitor');
             $this->addError($test, $e, $time);
         } elseif ($failure === true) {
             $this->addFailure($test, $e, $time);
+        } elseif ($warning === true) {
+            $this->addWarning($test, $e, $time);
         } elseif ($this->beStrictAboutTestsThatDoNotTestAnything &&
                  $test->getNumAssertions() == 0) {
             $this->addFailure(
@@ -870,6 +931,22 @@ public function stopOnFailure($flag)
         $this->stopOnFailure = $flag;
     }
 
+    /**
+     * Enables or disables the stopping when a warning occurs.
+     *
+     * @param  bool                        $flag
+     * @throws PHPUnit_Framework_Exception
+     * @since  Method available since Release 5.1.0
+     */
+    public function stopOnWarning($flag)
+    {
+        if (!is_bool($flag)) {
+            throw PHPUnit_Util_InvalidArgumentHelper::factory(1, 'boolean');
+        }
+
+        $this->stopOnWarning = $flag;
+    }
+
     /**
      * @param  bool                        $flag
      * @throws PHPUnit_Framework_Exception
@@ -1050,7 +1127,7 @@ public function time()
      */
     public function wasSuccessful()
     {
-        return empty($this->errors) && empty($this->failures);
+        return empty($this->errors) && empty($this->failures) && empty($this->warnings);
     }
 
     /**
diff --git a/src/Framework/TestSuite.php b/src/Framework/TestSuite.php
index 36c982449..600ffc421 100644
--- a/src/Framework/TestSuite.php
+++ b/src/Framework/TestSuite.php
@@ -304,7 +304,7 @@ public function addTestSuite($testClass)
      * as well as the separate import statements for the user's convenience.
      *
      * If the named file cannot be read or there are no new tests that can be
-     * added, a <code>PHPUnit_Framework_Warning</code> will be created instead,
+     * added, a <code>PHPUnit_Framework_WarningTestCase</code> will be created instead,
      * leaving the current test run untouched.
      *
      * @param  string                      $filename
@@ -538,7 +538,7 @@ public static function createTest(ReflectionClass $theClass, $name)
 
                     $groups = PHPUnit_Util_Test::getGroups($className, $name);
 
-                    if ($data instanceof PHPUnit_Framework_Warning ||
+                    if ($data instanceof PHPUnit_Framework_WarningTestCase ||
                         $data instanceof PHPUnit_Framework_SkippedTestCase ||
                         $data instanceof PHPUnit_Framework_IncompleteTestCase) {
                         $test->addTest($data, $groups);
@@ -892,12 +892,12 @@ public static function isTestMethod(ReflectionMethod $method)
     }
 
     /**
-     * @param  string                    $message
-     * @return PHPUnit_Framework_Warning
+     * @param  string                            $message
+     * @return PHPUnit_Framework_WarningTestCase
      */
     protected static function warning($message)
     {
-        return new PHPUnit_Framework_Warning($message);
+        return new PHPUnit_Framework_WarningTestCase($message);
     }
 
     /**
diff --git a/src/Framework/Warning.php b/src/Framework/Warning.php
index 6ac3cdc3c..1b36f26e2 100644
--- a/src/Framework/Warning.php
+++ b/src/Framework/Warning.php
@@ -9,71 +9,19 @@
  */
 
 /**
- * A warning.
+ * Thrown when an there is a warning.
  *
- * @since Class available since Release 2.0.0
+ * @since Class available since Release 5.0.0
  */
-class PHPUnit_Framework_Warning extends PHPUnit_Framework_TestCase
+class PHPUnit_Framework_Warning extends PHPUnit_Framework_Exception implements PHPUnit_Framework_SelfDescribing
 {
     /**
-     * @var string
-     */
-    protected $message = '';
-
-    /**
-     * @var bool
-     */
-    protected $backupGlobals = false;
-
-    /**
-     * @var bool
-     */
-    protected $backupStaticAttributes = false;
-
-    /**
-     * @var bool
-     */
-    protected $runTestInSeparateProcess = false;
-
-    /**
-     * @var bool
-     */
-    protected $useErrorHandler = false;
-
-    /**
-     * @param string $message
-     */
-    public function __construct($message = '')
-    {
-        $this->message = $message;
-        parent::__construct('Warning');
-    }
-
-    /**
-     * @throws PHPUnit_Framework_Exception
-     */
-    protected function runTest()
-    {
-        $this->fail($this->message);
-    }
-
-    /**
-     * @return string
-     * @since  Method available since Release 3.0.0
-     */
-    public function getMessage()
-    {
-        return $this->message;
-    }
-
-    /**
-     * Returns a string representation of the test case.
+     * Wrapper for getMessage() which is declared as final.
      *
      * @return string
-     * @since  Method available since Release 3.4.0
      */
     public function toString()
     {
-        return 'Warning';
+        return $this->getMessage();
     }
 }
diff --git a/src/Framework/WarningTestCase.php b/src/Framework/WarningTestCase.php
new file mode 100644
index 000000000..63a47e012
--- /dev/null
+++ b/src/Framework/WarningTestCase.php
@@ -0,0 +1,79 @@
+<?php
+/*
+ * This file is part of PHPUnit.
+ *
+ * (c) Sebastian Bergmann <sebastian@phpunit.de>
+ *
+ * For the full copyright and license information, please view the LICENSE
+ * file that was distributed with this source code.
+ */
+
+/**
+ * A warning.
+ *
+ * @since Class available since Release 2.0.0
+ */
+class PHPUnit_Framework_WarningTestCase extends PHPUnit_Framework_TestCase
+{
+    /**
+     * @var string
+     */
+    protected $message = '';
+
+    /**
+     * @var bool
+     */
+    protected $backupGlobals = false;
+
+    /**
+     * @var bool
+     */
+    protected $backupStaticAttributes = false;
+
+    /**
+     * @var bool
+     */
+    protected $runTestInSeparateProcess = false;
+
+    /**
+     * @var bool
+     */
+    protected $useErrorHandler = false;
+
+    /**
+     * @param string $message
+     */
+    public function __construct($message = '')
+    {
+        $this->message = $message;
+        parent::__construct('Warning');
+    }
+
+    /**
+     * @throws PHPUnit_Framework_Exception
+     */
+    protected function runTest()
+    {
+        throw new PHPUnit_Framework_Warning($this->message);
+    }
+
+    /**
+     * @return string
+     * @since  Method available since Release 3.0.0
+     */
+    public function getMessage()
+    {
+        return $this->message;
+    }
+
+    /**
+     * Returns a string representation of the test case.
+     *
+     * @return string
+     * @since  Method available since Release 3.4.0
+     */
+    public function toString()
+    {
+        return 'Warning';
+    }
+}
diff --git a/src/Runner/BaseTestRunner.php b/src/Runner/BaseTestRunner.php
index f839cd02c..36dde0e76 100644
--- a/src/Runner/BaseTestRunner.php
+++ b/src/Runner/BaseTestRunner.php
@@ -21,6 +21,7 @@ abstract class PHPUnit_Runner_BaseTestRunner
     const STATUS_FAILURE    = 3;
     const STATUS_ERROR      = 4;
     const STATUS_RISKY      = 5;
+    const STATUS_WARNING    = 6;
     const SUITE_METHODNAME  = 'suite';
 
     /**
diff --git a/src/TextUI/Command.php b/src/TextUI/Command.php
index e107e3db2..689cd1cf3 100644
--- a/src/TextUI/Command.php
+++ b/src/TextUI/Command.php
@@ -71,6 +71,7 @@ class PHPUnit_TextUI_Command
         'stderr'                  => null,
         'stop-on-error'           => null,
         'stop-on-failure'         => null,
+        'stop-on-warning'         => null,
         'stop-on-incomplete'      => null,
         'stop-on-risky'           => null,
         'stop-on-skipped'         => null,
@@ -389,6 +390,10 @@ protected function handleArguments(array $argv)
                     $this->arguments['stopOnFailure'] = true;
                     break;
 
+                case '--stop-on-warning':
+                    $this->arguments['stopOnWarning'] = true;
+                    break;
+
                 case '--stop-on-incomplete':
                     $this->arguments['stopOnIncomplete'] = true;
                     break;
@@ -910,6 +915,7 @@ protected function showHelp()
   --stderr                  Write to STDERR instead of STDOUT.
   --stop-on-error           Stop execution upon first error.
   --stop-on-failure         Stop execution upon first error or failure.
+  --stop-on-warning         Stop execution upon first warning.
   --stop-on-risky           Stop execution upon first risky test.
   --stop-on-skipped         Stop execution upon first skipped test.
   --stop-on-incomplete      Stop execution upon first incomplete test.
diff --git a/src/TextUI/ResultPrinter.php b/src/TextUI/ResultPrinter.php
index a6a219700..395b71273 100644
--- a/src/TextUI/ResultPrinter.php
+++ b/src/TextUI/ResultPrinter.php
@@ -179,13 +179,19 @@ public function printResult(PHPUnit_Framework_TestResult $result)
 
         $this->printErrors($result);
         $printSeparator = $result->errorCount() > 0;
+        $hasFailures    = $result->failureCount() > 0;
+        $hasWarnings    = $result->warningCount() > 0;
 
-        if ($printSeparator && $result->failureCount() > 0) {
+        if ($printSeparator && ($hasFailures || $hasWarnings)) {
             $this->write("\n--\n\n");
         }
 
-        $printSeparator = $printSeparator || $result->failureCount() > 0;
-        $this->printFailures($result);
+        $printSeparator = $printSeparator || $hasFailures || $hasWarnings;
+        if ($hasWarnings){
+            $this->printWarnings($result);
+        } else {
+            $this->printFailures($result);
+        }
 
         if ($this->verbose) {
             if ($printSeparator && $result->riskyCount() > 0) {
@@ -303,6 +309,14 @@ protected function printFailures(PHPUnit_Framework_TestResult $result)
         $this->printDefects($result->failures(), 'failure');
     }
 
+    /**
+     * @param PHPUnit_Framework_TestResult $result
+     */
+    protected function printWarnings(PHPUnit_Framework_TestResult $result)
+    {
+        $this->printDefects($result->warnings(), 'warning');
+    }
+
     /**
      * @param PHPUnit_Framework_TestResult $result
      */
@@ -371,16 +385,32 @@ protected function printFooter(PHPUnit_Framework_TestResult $result)
                     'OK, but incomplete, skipped, or risky tests!'
                 );
             } else {
-                $color = 'fg-white, bg-red';
+                $showFailures = (
+                    $result->errors() ||
+                    $result->failures() ||
+                    $result->skipped() ||
+                    $result->notImplemented() ||
+                    $result->risky()) &&
+                    !$result->warnings()
+                ;
+
+                if ($showFailures){
+                    $color = 'fg-white, bg-red';
+                    $text  = 'FAILURES!';
+                } else {
+                    $color = 'fg-black, bg-yellow';
+                    $text  = 'WARNINGS!';
+                }
 
                 $this->write("\n");
-                $this->writeWithColor($color, 'FAILURES!');
+                $this->writeWithColor($color, $text);
             }
 
             $this->writeCountString(count($result), 'Tests', $color, true);
             $this->writeCountString($this->numAssertions, 'Assertions', $color, true);
             $this->writeCountString($result->errorCount(), 'Errors', $color);
             $this->writeCountString($result->failureCount(), 'Failures', $color);
+            $this->writeCountString($result->warningCount(), 'Warnings', $color);
             $this->writeCountString($result->skippedCount(), 'Skipped', $color);
             $this->writeCountString($result->notImplementedCount(), 'Incomplete', $color);
             $this->writeCountString($result->riskyCount(), 'Risky', $color);
@@ -421,6 +451,20 @@ public function addFailure(PHPUnit_Framework_Test $test, PHPUnit_Framework_Asser
         $this->lastTestFailed = true;
     }
 
+    /**
+     * A warning occurred.
+     *
+     * @param PHPUnit_Framework_Test    $test
+     * @param PHPUnit_Framework_Warning $e
+     * @param float                     $time
+     * @since Method available since Release 5.1.0
+     */
+    public function addWarning(PHPUnit_Framework_Test $test, PHPUnit_Framework_Warning $e, $time)
+    {
+        $this->writeProgressWithColor('fg-yellow, bold', 'W');
+        $this->lastTestFailed = true;
+    }
+
     /**
      * Incomplete test.
      *
diff --git a/src/TextUI/TestRunner.php b/src/TextUI/TestRunner.php
index f9f030abb..c3c88f733 100644
--- a/src/TextUI/TestRunner.php
+++ b/src/TextUI/TestRunner.php
@@ -195,6 +195,10 @@ public function doRun(PHPUnit_Framework_Test $suite, array $arguments = [])
             $result->stopOnFailure(true);
         }
 
+        if ($arguments['stopOnWarning']) {
+            $result->stopOnWarning(true);
+        }
+
         if ($arguments['stopOnIncomplete']) {
             $result->stopOnIncomplete(true);
         }
@@ -658,6 +662,11 @@ protected function handleConfiguration(array &$arguments)
                 $arguments['stopOnFailure'] = $phpunitConfiguration['stopOnFailure'];
             }
 
+            if (isset($phpunitConfiguration['stopOnWarning']) &&
+                !isset($arguments['stopOnWarning'])) {
+                $arguments['stopOnWarning'] = $phpunitConfiguration['stopOnWarning'];
+            }
+
             if (isset($phpunitConfiguration['stopOnIncomplete']) &&
                 !isset($arguments['stopOnIncomplete'])) {
                 $arguments['stopOnIncomplete'] = $phpunitConfiguration['stopOnIncomplete'];
@@ -961,6 +970,7 @@ protected function handleConfiguration(array &$arguments)
         $arguments['crap4jThreshold']                            = isset($arguments['crap4jThreshold'])                            ? $arguments['crap4jThreshold']                            : 30;
         $arguments['stopOnError']                                = isset($arguments['stopOnError'])                                ? $arguments['stopOnError']                                : false;
         $arguments['stopOnFailure']                              = isset($arguments['stopOnFailure'])                              ? $arguments['stopOnFailure']                              : false;
+        $arguments['stopOnWarning']                              = isset($arguments['stopOnWarning'])                              ? $arguments['stopOnWarning']                              : false;
         $arguments['stopOnIncomplete']                           = isset($arguments['stopOnIncomplete'])                           ? $arguments['stopOnIncomplete']                           : false;
         $arguments['stopOnRisky']                                = isset($arguments['stopOnRisky'])                                ? $arguments['stopOnRisky']                                : false;
         $arguments['stopOnSkipped']                              = isset($arguments['stopOnSkipped'])                              ? $arguments['stopOnSkipped']                              : false;
diff --git a/src/Util/Configuration.php b/src/Util/Configuration.php
index 3baf78032..19922c4c9 100644
--- a/src/Util/Configuration.php
+++ b/src/Util/Configuration.php
@@ -31,6 +31,7 @@
  *          processIsolation="false"
  *          stopOnError="false"
  *          stopOnFailure="false"
+ *          stopOnWarning="false"
  *          stopOnIncomplete="false"
  *          stopOnRisky="false"
  *          stopOnSkipped="false"
@@ -654,6 +655,13 @@ public function getPHPUnitConfiguration()
             );
         }
 
+        if ($root->hasAttribute('stopOnWarning')) {
+            $result['stopOnWarning'] = $this->getBoolean(
+                (string) $root->getAttribute('stopOnWarning'),
+                false
+            );
+        }
+
         if ($root->hasAttribute('stopOnIncomplete')) {
             $result['stopOnIncomplete'] = $this->getBoolean(
                 (string) $root->getAttribute('stopOnIncomplete'),
diff --git a/src/Util/Log/JSON.php b/src/Util/Log/JSON.php
index 20c0b076a..bd5b9ef7d 100644
--- a/src/Util/Log/JSON.php
+++ b/src/Util/Log/JSON.php
@@ -50,6 +50,27 @@ public function addError(PHPUnit_Framework_Test $test, Exception $e, $time)
         $this->currentTestPass = false;
     }
 
+    /**
+     * A warning occurred.
+     *
+     * @param PHPUnit_Framework_Test    $test
+     * @param PHPUnit_Framework_Warning $e
+     * @param float                     $time
+     * @since Method available since Release 5.1.0
+     */
+    public function addWarning(PHPUnit_Framework_Test $test, PHPUnit_Framework_Warning $e, $time)
+    {
+        $this->writeCase(
+            'warning',
+            $time,
+            PHPUnit_Util_Filter::getFilteredStacktrace($e, false),
+            $e->getMessage(),
+            $test
+        );
+
+        $this->currentTestPass = false;
+    }
+
     /**
      * A failure occurred.
      *
diff --git a/src/Util/Log/JUnit.php b/src/Util/Log/JUnit.php
index 0f740a512..00cc6af07 100644
--- a/src/Util/Log/JUnit.php
+++ b/src/Util/Log/JUnit.php
@@ -126,6 +126,20 @@ public function addError(PHPUnit_Framework_Test $test, Exception $e, $time)
         $this->testSuiteErrors[$this->testSuiteLevel]++;
     }
 
+    /**
+     * A warning occurred.
+     *
+     * @param PHPUnit_Framework_Test    $test
+     * @param PHPUnit_Framework_Warning $e
+     * @param float                     $time
+     * @since Method available since Release 5.1.0
+     */
+    public function addWarning(PHPUnit_Framework_Test $test, PHPUnit_Framework_Warning $e, $time)
+    {
+        $this->doAddFault($test, $e, $time, 'warning');
+        $this->testSuiteFailures[$this->testSuiteLevel]++;
+    }
+
     /**
      * A failure occurred.
      *
diff --git a/src/Util/Log/TAP.php b/src/Util/Log/TAP.php
index 0a26b268d..4cd691131 100644
--- a/src/Util/Log/TAP.php
+++ b/src/Util/Log/TAP.php
@@ -56,6 +56,19 @@ public function addError(PHPUnit_Framework_Test $test, Exception $e, $time)
         $this->writeNotOk($test, 'Error');
     }
 
+    /**
+     * A warning occurred.
+     *
+     * @param PHPUnit_Framework_Test    $test
+     * @param PHPUnit_Framework_Warning $e
+     * @param float                     $time
+     * @since Method available since Release 5.1.0
+     */
+    public function addWarning(PHPUnit_Framework_Test $test, PHPUnit_Framework_Warning $e, $time)
+    {
+        $this->writeNotOk($test, 'Warning');
+    }
+
     /**
      * A failure occurred.
      *
diff --git a/src/Util/TestDox/ResultPrinter.php b/src/Util/TestDox/ResultPrinter.php
index 865132d6f..0f1416c74 100644
--- a/src/Util/TestDox/ResultPrinter.php
+++ b/src/Util/TestDox/ResultPrinter.php
@@ -40,6 +40,11 @@ abstract class PHPUnit_Util_TestDox_ResultPrinter extends PHPUnit_Util_Printer i
      */
     protected $successful = 0;
 
+    /**
+     * @var int
+     */
+    protected $warned = 0;
+
     /**
      * @var int
      */
@@ -111,6 +116,24 @@ public function addError(PHPUnit_Framework_Test $test, Exception $e, $time)
         $this->failed++;
     }
 
+    /**
+     * A warning occurred.
+     *
+     * @param PHPUnit_Framework_Test    $test
+     * @param PHPUnit_Framework_Warning $e
+     * @param float                     $time
+     * @since Method available since Release 5.1.0
+     */
+    public function addWarning(PHPUnit_Framework_Test $test, PHPUnit_Framework_Warning $e, $time)
+    {
+        if (!$this->isOfInterest($test)) {
+            return;
+        }
+
+        $this->testStatus = PHPUnit_Runner_BaseTestRunner::STATUS_WARNING;
+        $this->warned++;
+    }
+
     /**
      * A failure occurred.
      *
@@ -330,6 +353,6 @@ protected function endRun()
 
     private function isOfInterest(PHPUnit_Framework_Test $test)
     {
-        return $test instanceof PHPUnit_Framework_TestCase && get_class($test) != 'PHPUnit_Framework_Warning';
+        return $test instanceof PHPUnit_Framework_TestCase && get_class($test) != 'PHPUnit_Framework_WarningTestCase';
     }
 }
diff --git a/tests/Framework/SuiteTest.php b/tests/Framework/SuiteTest.php
index e3f58b3d3..5d61285cd 100644
--- a/tests/Framework/SuiteTest.php
+++ b/tests/Framework/SuiteTest.php
@@ -90,7 +90,8 @@ public function testNoTestCases()
         $suite->run($this->result);
 
         $this->assertTrue(!$this->result->wasSuccessful());
-        $this->assertEquals(1, $this->result->failureCount());
+        $this->assertEquals(0, $this->result->failureCount());
+        $this->assertEquals(1, $this->result->warningCount());
         $this->assertEquals(1, count($this->result));
     }
 
diff --git a/tests/Framework/TestListenerTest.php b/tests/Framework/TestListenerTest.php
index 589741bfd..98b63c747 100644
--- a/tests/Framework/TestListenerTest.php
+++ b/tests/Framework/TestListenerTest.php
@@ -17,6 +17,7 @@ class Framework_TestListenerTest extends PHPUnit_Framework_TestCase implements P
     protected $endCount;
     protected $errorCount;
     protected $failureCount;
+    protected $warningCount;
     protected $notImplementedCount;
     protected $riskyCount;
     protected $skippedCount;
@@ -28,6 +29,11 @@ public function addError(PHPUnit_Framework_Test $test, Exception $e, $time)
         $this->errorCount++;
     }
 
+    public function addWarning(PHPUnit_Framework_Test $test, PHPUnit_Framework_Warning $e, $time)
+    {
+        $this->warningCount++;
+    }
+
     public function addFailure(PHPUnit_Framework_Test $test, PHPUnit_Framework_AssertionFailedError $e, $time)
     {
         $this->failureCount++;
diff --git a/tests/Regression/684.phpt b/tests/Regression/684.phpt
index bb0d8fc34..e22643009 100644
--- a/tests/Regression/684.phpt
+++ b/tests/Regression/684.phpt
@@ -12,14 +12,14 @@ PHPUnit_TextUI_Command::main();
 --EXPECTF--
 PHPUnit %s by Sebastian Bergmann and contributors.
 
-F                                                                   1 / 1 (100%)
+W                                                                   1 / 1 (100%)
 
 Time: %s, Memory: %sMb
 
-There was 1 failure:
+There was 1 warning:
 
 1) Warning
 No tests found in class "Foo_Bar_Issue684Test".
 
-FAILURES!
-Tests: 1, Assertions: 0, Failures: 1.
+WARNINGS!
+Tests: 1, Assertions: 0, Warnings: 1.
diff --git a/tests/Regression/GitHub/498.phpt b/tests/Regression/GitHub/498.phpt
index 858307def..4e1348176 100644
--- a/tests/Regression/GitHub/498.phpt
+++ b/tests/Regression/GitHub/498.phpt
@@ -15,15 +15,15 @@ PHPUnit_TextUI_Command::main();
 --EXPECTF--
 PHPUnit %s by Sebastian Bergmann and contributors.
 
-F                                                                   1 / 1 (100%)
+W                                                                   1 / 1 (100%)
 
 Time: %s, Memory: %sMb
 
-There was 1 failure:
+There was 1 warning:
 
 1) Warning
 The data provider specified for Issue498Test::shouldBeFalse is invalid.
 Can't create the data
 
-FAILURES!
-Tests: 1, Assertions: 0, Failures: 1.
+WARNINGS!
+Tests: 1, Assertions: 0, Warnings: 1.
diff --git a/tests/Regression/GitHub/765.phpt b/tests/Regression/GitHub/765.phpt
index 85939f46d..2583500c3 100644
--- a/tests/Regression/GitHub/765.phpt
+++ b/tests/Regression/GitHub/765.phpt
@@ -13,14 +13,14 @@ PHPUnit_TextUI_Command::main();
 --EXPECTF--
 PHPUnit %s by Sebastian Bergmann and contributors.
 
-.F                                                                  2 / 2 (100%)
+.W                                                                  2 / 2 (100%)
 
 Time: %s, Memory: %sMb
 
-There was 1 failure:
+There was 1 warning:
 
 1) Warning
 The data provider specified for Issue765Test::testDependent is invalid.
 
-FAILURES!
-Tests: 2, Assertions: 1, Failures: 1.
+WARNINGS!
+Tests: 2, Assertions: 1, Warnings: 1.
diff --git a/tests/TextUI/abstract-test-class.phpt b/tests/TextUI/abstract-test-class.phpt
index 604b0c304..1ce9ab682 100644
--- a/tests/TextUI/abstract-test-class.phpt
+++ b/tests/TextUI/abstract-test-class.phpt
@@ -12,14 +12,14 @@ PHPUnit_TextUI_Command::main();
 --EXPECTF--
 PHPUnit %s by Sebastian Bergmann and contributors.
 
-F                                                                   1 / 1 (100%)
+W                                                                   1 / 1 (100%)
 
 Time: %s, Memory: %sMb
 
-There was 1 failure:
+There was 1 warning:
 
 1) Warning
 Cannot instantiate class "AbstractTest".
 
-FAILURES!
-Tests: 1, Assertions: 0, Failures: 1.
+WARNINGS!
+Tests: 1, Assertions: 0, Warnings: 1.
diff --git a/tests/TextUI/empty-testcase.phpt b/tests/TextUI/empty-testcase.phpt
index 1392dad55..0731f270f 100644
--- a/tests/TextUI/empty-testcase.phpt
+++ b/tests/TextUI/empty-testcase.phpt
@@ -12,14 +12,14 @@ PHPUnit_TextUI_Command::main();
 --EXPECTF--
 PHPUnit %s by Sebastian Bergmann and contributors.
 
-F                                                                   1 / 1 (100%)
+W                                                                   1 / 1 (100%)
 
 Time: %s, Memory: %sMb
 
-There was 1 failure:
+There was 1 warning:
 
 1) Warning
 No tests found in class "EmptyTestCaseTest".
 
-FAILURES!
-Tests: 1, Assertions: 0, Failures: 1.
+WARNINGS!
+Tests: 1, Assertions: 0, Warnings: 1.
diff --git a/tests/TextUI/help.phpt b/tests/TextUI/help.phpt
index bd6f63d5b..4ddfe7800 100644
--- a/tests/TextUI/help.phpt
+++ b/tests/TextUI/help.phpt
@@ -62,6 +62,7 @@ Test Execution Options:
   --stderr                  Write to STDERR instead of STDOUT.
   --stop-on-error           Stop execution upon first error.
   --stop-on-failure         Stop execution upon first error or failure.
+  --stop-on-warning         Stop execution upon first warning.
   --stop-on-risky           Stop execution upon first risky test.
   --stop-on-skipped         Stop execution upon first skipped test.
   --stop-on-incomplete      Stop execution upon first incomplete test.
diff --git a/tests/TextUI/help2.phpt b/tests/TextUI/help2.phpt
index c9955ed21..55dc9872b 100644
--- a/tests/TextUI/help2.phpt
+++ b/tests/TextUI/help2.phpt
@@ -63,6 +63,7 @@ Test Execution Options:
   --stderr                  Write to STDERR instead of STDOUT.
   --stop-on-error           Stop execution upon first error.
   --stop-on-failure         Stop execution upon first error or failure.
+  --stop-on-warning         Stop execution upon first warning.
   --stop-on-risky           Stop execution upon first risky test.
   --stop-on-skipped         Stop execution upon first skipped test.
   --stop-on-incomplete      Stop execution upon first incomplete test.
diff --git a/tests/TextUI/stop-on-warning-via-cli.phpt b/tests/TextUI/stop-on-warning-via-cli.phpt
new file mode 100644
index 000000000..5151ebe5e
--- /dev/null
+++ b/tests/TextUI/stop-on-warning-via-cli.phpt
@@ -0,0 +1,26 @@
+--TEST--
+phpunit --stop-on-warning StopOnWarningTestSuite ./tests/_files/StopOnWarningTestSuite.php
+--FILE--
+<?php
+$_SERVER['argv'][1] = '--no-configuration';
+$_SERVER['argv'][2] = '--stop-on-warning';
+$_SERVER['argv'][3] = 'StopOnWarningTestSuite';
+$_SERVER['argv'][4] = dirname(dirname(__FILE__)) . '/_files/StopOnWarningTestSuite.php';
+
+require __DIR__ . '/../bootstrap.php';
+PHPUnit_TextUI_Command::main();
+?>
+--EXPECTF--
+PHPUnit %s by Sebastian Bergmann and contributors.
+
+W
+
+Time: %s, Memory: %sMb
+
+There was 1 warning:
+
+1) Warning
+No tests found in class "NoTestCases".
+
+WARNINGS!
+Tests: 1, Assertions: 0, Warnings: 1.
\ No newline at end of file
diff --git a/tests/TextUI/stop-on-warning-via-config.phpt b/tests/TextUI/stop-on-warning-via-config.phpt
new file mode 100644
index 000000000..7b9c96bf6
--- /dev/null
+++ b/tests/TextUI/stop-on-warning-via-config.phpt
@@ -0,0 +1,27 @@
+--TEST--
+phpunit -c ../_files/configuration_stop_on_warning.xml --stop-on-warning StopOnWarningTestSuite ./tests/_files/StopOnWarningTestSuite.php
+--FILE--
+<?php
+$_SERVER['argv'][1] = '-c';
+$_SERVER['argv'][2] = dirname(__FILE__).'/../_files/configuration_stop_on_warning.xml';
+$_SERVER['argv'][3] = '--stop-on-warning';
+$_SERVER['argv'][4] = 'StopOnWarningTestSuite';
+$_SERVER['argv'][5] = dirname(dirname(__FILE__)) . '/_files/StopOnWarningTestSuite.php';
+
+require __DIR__ . '/../bootstrap.php';
+PHPUnit_TextUI_Command::main();
+?>
+--EXPECTF--
+PHPUnit %s by Sebastian Bergmann and contributors.
+
+W
+
+Time: %s, Memory: %sMb
+
+There was 1 warning:
+
+1) Warning
+No tests found in class "NoTestCases".
+
+WARNINGS!
+Tests: 1, Assertions: 0, Warnings: 1.
\ No newline at end of file
diff --git a/tests/Util/ConfigurationTest.php b/tests/Util/ConfigurationTest.php
index b4417825d..4fd803b60 100644
--- a/tests/Util/ConfigurationTest.php
+++ b/tests/Util/ConfigurationTest.php
@@ -359,6 +359,7 @@ public function testPHPUnitConfigurationIsReadCorrectly()
             'mapTestClassNameToCoveredClassName'         => false,
             'printerClass'                               => 'PHPUnit_TextUI_ResultPrinter',
             'stopOnFailure'                              => false,
+            'stopOnWarning'                              => false,
             'reportUselessTests'                         => false,
             'strictCoverage'                             => false,
             'disallowTestOutput'                         => false,
diff --git a/tests/_files/StopOnWarningTestSuite.php b/tests/_files/StopOnWarningTestSuite.php
new file mode 100644
index 000000000..8910a3fef
--- /dev/null
+++ b/tests/_files/StopOnWarningTestSuite.php
@@ -0,0 +1,13 @@
+<?php
+class StopOnWarningTestSuite
+{
+    public static function suite()
+    {
+        $suite = new PHPUnit_Framework_TestSuite('Test Warnings');
+
+        $suite->addTestSuite('NoTestCases');
+        $suite->addTestSuite('CoverageClassTest');
+
+        return $suite;
+    }
+}
diff --git a/tests/_files/StopsOnWarningTest.php b/tests/_files/StopsOnWarningTest.php
new file mode 100644
index 000000000..1608e670d
--- /dev/null
+++ b/tests/_files/StopsOnWarningTest.php
@@ -0,0 +1,7 @@
+<?php
+class StopsOnWarningTest extends PHPUnit_Framework_TestCase
+{
+    public function testOne()
+    {
+    }
+}
diff --git a/tests/_files/configuration.xml b/tests/_files/configuration.xml
index e7b0c423e..5242e5ca8 100644
--- a/tests/_files/configuration.xml
+++ b/tests/_files/configuration.xml
@@ -14,6 +14,7 @@
          mapTestClassNameToCoveredClassName="false"
          printerClass="PHPUnit_TextUI_ResultPrinter"
          stopOnFailure="false"
+         stopOnWarning="false"
          testSuiteLoaderClass="PHPUnit_Runner_StandardTestSuiteLoader"
          beStrictAboutChangesToGlobalState="false"
          beStrictAboutOutputDuringTests="false"
diff --git a/tests/_files/configuration_stop_on_warning.xml b/tests/_files/configuration_stop_on_warning.xml
new file mode 100644
index 000000000..8bcd06a18
--- /dev/null
+++ b/tests/_files/configuration_stop_on_warning.xml
@@ -0,0 +1,2 @@
+<?xml version="1.0" encoding="UTF-8"?>
+<phpunit stopOnWarning="true" />
\ No newline at end of file
diff --git a/tests/_files/configuration_xinclude.xml b/tests/_files/configuration_xinclude.xml
index a31da7a27..755bc2311 100644
--- a/tests/_files/configuration_xinclude.xml
+++ b/tests/_files/configuration_xinclude.xml
@@ -14,6 +14,7 @@
          mapTestClassNameToCoveredClassName="false"
          printerClass="PHPUnit_TextUI_ResultPrinter"
          stopOnFailure="false"
+         stopOnWarning="false"
          testSuiteLoaderClass="PHPUnit_Runner_StandardTestSuiteLoader"
          beStrictAboutChangesToGlobalState="false"
          beStrictAboutOutputDuringTests="false"
