diff --git a/ChangeLog-5.2.md b/ChangeLog-5.2.md
index f5e257e03..c4fd0465b 100644
--- a/ChangeLog-5.2.md
+++ b/ChangeLog-5.2.md
@@ -7,6 +7,7 @@ All notable changes of the PHPUnit 5.2 release series are documented in this fil
 ### Added
 
 * Implemented [#1902](https://github.com/sebastianbergmann/phpunit/issues/1902): Mark a tests as risky when it performs an assertion on a test double
+* Implemented [#1905](https://github.com/sebastianbergmann/phpunit/issues/1905): Implement `--fail-on-risky` and `--fail-on-warning` commandline options as well as `failOnRisky` and `failOnWarning` configuration options
 
 [5.2.0]: https://github.com/sebastianbergmann/phpunit/compare/5.1...5.2.0
 
diff --git a/src/TextUI/Command.php b/src/TextUI/Command.php
index 2104a3020..c4894bc90 100644
--- a/src/TextUI/Command.php
+++ b/src/TextUI/Command.php
@@ -77,6 +77,8 @@ class PHPUnit_TextUI_Command
         'stop-on-incomplete'      => null,
         'stop-on-risky'           => null,
         'stop-on-skipped'         => null,
+        'fail-on-warning'         => null,
+        'fail-on-risky'           => null,
         'strict-coverage'         => null,
         'strict-global-state'     => null,
         'tap'                     => null,
@@ -151,24 +153,20 @@ public function run(array $argv, $exit = true)
         unset($this->arguments['testFile']);
 
         try {
-            $result = $runner->doRun($suite, $this->arguments);
+            $result = $runner->doRun($suite, $this->arguments, $exit);
         } catch (PHPUnit_Framework_Exception $e) {
             print $e->getMessage() . "\n";
         }
 
-        $ret = PHPUnit_TextUI_TestRunner::FAILURE_EXIT;
+        $return = PHPUnit_TextUI_TestRunner::FAILURE_EXIT;
 
         if (isset($result) && $result->wasSuccessful()) {
-            $ret = PHPUnit_TextUI_TestRunner::SUCCESS_EXIT;
+            $return = PHPUnit_TextUI_TestRunner::SUCCESS_EXIT;
         } elseif (!isset($result) || $result->errorCount() > 0) {
-            $ret = PHPUnit_TextUI_TestRunner::EXCEPTION_EXIT;
+            $return = PHPUnit_TextUI_TestRunner::EXCEPTION_EXIT;
         }
 
-        if ($exit) {
-            exit($ret);
-        } else {
-            return $ret;
-        }
+        return $return;
     }
 
     /**
@@ -414,6 +412,14 @@ protected function handleArguments(array $argv)
                     $this->arguments['stopOnSkipped'] = true;
                     break;
 
+                case '--fail-on-warning':
+                    $this->arguments['failOnWarning'] = true;
+                    break;
+
+                case '--fail-on-risky':
+                    $this->arguments['failOnRisky'] = true;
+                    break;
+
                 case '--tap':
                     $this->arguments['printer'] = 'PHPUnit_Util_Log_TAP';
                     break;
@@ -944,6 +950,8 @@ protected function showHelp()
   --stop-on-risky           Stop execution upon first risky test.
   --stop-on-skipped         Stop execution upon first skipped test.
   --stop-on-incomplete      Stop execution upon first incomplete test.
+  --fail-on-warning         Treat tests with warnings as failures.
+  --fail-on-risky           Treat risky tests as failures.
   -v|--verbose              Output more verbose information.
   --debug                   Display debugging information during test execution.
 
diff --git a/src/TextUI/TestRunner.php b/src/TextUI/TestRunner.php
index 6b06ec9a5..53b33cc84 100644
--- a/src/TextUI/TestRunner.php
+++ b/src/TextUI/TestRunner.php
@@ -138,9 +138,10 @@ private function processSuiteFilters(PHPUnit_Framework_TestSuite $suite, array $
     /**
      * @param  PHPUnit_Framework_Test       $suite
      * @param  array                        $arguments
+     * @param  bool                         $exit
      * @return PHPUnit_Framework_TestResult
      */
-    public function doRun(PHPUnit_Framework_Test $suite, array $arguments = [])
+    public function doRun(PHPUnit_Framework_Test $suite, array $arguments = [], $exit)
     {
         if (isset($arguments['configuration'])) {
             $GLOBALS['__PHPUNIT_CONFIGURATION_FILE'] = $arguments['configuration'];
@@ -524,6 +525,28 @@ class_exists($arguments['printer'], false)) {
             }
         }
 
+        if ($exit) {
+            if ($result->wasSuccessful()) {
+                if ($arguments['failOnRisky'] && !$result->allHarmless()) {
+                    exit(self::FAILURE_EXIT);
+                }
+
+                if ($arguments['failOnWarning'] && $result->warningCount() > 0) {
+                    exit(self::FAILURE_EXIT);
+                }
+
+                exit(self::SUCCESS_EXIT);
+            }
+
+            if ($result->errorCount() > 0) {
+                exit(self::EXCEPTION_EXIT);
+            }
+
+            if ($result->failureCount() > 0) {
+                exit(self::FAILURE_EXIT);
+            }
+        }
+
         return $result;
     }
 
@@ -681,6 +704,16 @@ protected function handleConfiguration(array &$arguments)
                 $arguments['stopOnSkipped'] = $phpunitConfiguration['stopOnSkipped'];
             }
 
+            if (isset($phpunitConfiguration['failOnWarning']) &&
+                !isset($arguments['failOnWarning'])) {
+                $arguments['failOnWarning'] = $phpunitConfiguration['failOnWarning'];
+            }
+
+            if (isset($phpunitConfiguration['failOnRisky']) &&
+                !isset($arguments['failOnRisky'])) {
+                $arguments['failOnRisky'] = $phpunitConfiguration['failOnRisky'];
+            }
+
             if (isset($phpunitConfiguration['timeoutForSmallTests']) &&
                 !isset($arguments['timeoutForSmallTests'])) {
                 $arguments['timeoutForSmallTests'] = $phpunitConfiguration['timeoutForSmallTests'];
@@ -949,6 +982,8 @@ protected function handleConfiguration(array &$arguments)
         $arguments['stopOnIncomplete']                           = isset($arguments['stopOnIncomplete'])                           ? $arguments['stopOnIncomplete']                           : false;
         $arguments['stopOnRisky']                                = isset($arguments['stopOnRisky'])                                ? $arguments['stopOnRisky']                                : false;
         $arguments['stopOnSkipped']                              = isset($arguments['stopOnSkipped'])                              ? $arguments['stopOnSkipped']                              : false;
+        $arguments['failOnWarning']                              = isset($arguments['failOnWarning'])                              ? $arguments['failOnWarning']                              : false;
+        $arguments['failOnRisky']                                = isset($arguments['failOnRisky'])                                ? $arguments['failOnRisky']                                : false;
         $arguments['timeoutForSmallTests']                       = isset($arguments['timeoutForSmallTests'])                       ? $arguments['timeoutForSmallTests']                       : 1;
         $arguments['timeoutForMediumTests']                      = isset($arguments['timeoutForMediumTests'])                      ? $arguments['timeoutForMediumTests']                      : 10;
         $arguments['timeoutForLargeTests']                       = isset($arguments['timeoutForLargeTests'])                       ? $arguments['timeoutForLargeTests']                       : 60;
diff --git a/src/Util/Configuration.php b/src/Util/Configuration.php
index 10cbec75a..dd05d02c4 100644
--- a/src/Util/Configuration.php
+++ b/src/Util/Configuration.php
@@ -35,6 +35,8 @@
  *          stopOnIncomplete="false"
  *          stopOnRisky="false"
  *          stopOnSkipped="false"
+ *          failOnWarning="false"
+ *          failOnRisky="false"
  *          testSuiteLoaderClass="PHPUnit_Runner_StandardTestSuiteLoader"
  *          beStrictAboutChangesToGlobalState="false"
  *          beStrictAboutOutputDuringTests="false"
@@ -658,6 +660,20 @@ public function getPHPUnitConfiguration()
             );
         }
 
+        if ($root->hasAttribute('failOnWarning')) {
+            $result['failOnWarning'] = $this->getBoolean(
+                (string) $root->getAttribute('failOnWarning'),
+                false
+            );
+        }
+
+        if ($root->hasAttribute('failOnRisky')) {
+            $result['failOnRisky'] = $this->getBoolean(
+                (string) $root->getAttribute('failOnRisky'),
+                false
+            );
+        }
+
         if ($root->hasAttribute('testSuiteLoaderClass')) {
             $result['testSuiteLoaderClass'] = (string) $root->getAttribute(
                 'testSuiteLoaderClass'
diff --git a/tests/TextUI/help.phpt b/tests/TextUI/help.phpt
index b8b4b976b..0963200d8 100644
--- a/tests/TextUI/help.phpt
+++ b/tests/TextUI/help.phpt
@@ -68,6 +68,8 @@ Test Execution Options:
   --stop-on-risky           Stop execution upon first risky test.
   --stop-on-skipped         Stop execution upon first skipped test.
   --stop-on-incomplete      Stop execution upon first incomplete test.
+  --fail-on-warning         Treat tests with warnings as failures.
+  --fail-on-risky           Treat risky tests as failures.
   -v|--verbose              Output more verbose information.
   --debug                   Display debugging information during test execution.
 
diff --git a/tests/TextUI/help2.phpt b/tests/TextUI/help2.phpt
index 7e0c4c643..f8b6bb6cc 100644
--- a/tests/TextUI/help2.phpt
+++ b/tests/TextUI/help2.phpt
@@ -69,6 +69,8 @@ Test Execution Options:
   --stop-on-risky           Stop execution upon first risky test.
   --stop-on-skipped         Stop execution upon first skipped test.
   --stop-on-incomplete      Stop execution upon first incomplete test.
+  --fail-on-warning         Treat tests with warnings as failures.
+  --fail-on-risky           Treat risky tests as failures.
   -v|--verbose              Output more verbose information.
   --debug                   Display debugging information during test execution.
 
diff --git a/tests/Util/ConfigurationTest.php b/tests/Util/ConfigurationTest.php
index 545430112..145cbb81e 100644
--- a/tests/Util/ConfigurationTest.php
+++ b/tests/Util/ConfigurationTest.php
@@ -333,7 +333,9 @@ public function testPHPUnitConfigurationIsReadCorrectly()
             'timeoutForMediumTests'                      => 10,
             'timeoutForLargeTests'                       => 60,
             'beStrictAboutResourceUsageDuringSmallTests' => false,
-            'disallowTodoAnnotatedTests'                 => false
+            'disallowTodoAnnotatedTests'                 => false,
+            'failOnWarning'                              => false,
+            'failOnRisky'                                => false
             ],
             $this->configuration->getPHPUnitConfiguration()
         );
diff --git a/tests/_files/configuration.xml b/tests/_files/configuration.xml
index b8b6b2be0..80372d8d3 100644
--- a/tests/_files/configuration.xml
+++ b/tests/_files/configuration.xml
@@ -15,6 +15,8 @@
          printerClass="PHPUnit_TextUI_ResultPrinter"
          stopOnFailure="false"
          stopOnWarning="false"
+         failOnWarning="false"
+         failOnRisky="false"
          testSuiteLoaderClass="PHPUnit_Runner_StandardTestSuiteLoader"
          beStrictAboutChangesToGlobalState="false"
          beStrictAboutOutputDuringTests="false"
diff --git a/tests/_files/configuration_xinclude.xml b/tests/_files/configuration_xinclude.xml
index 755bc2311..cdc20d1bb 100644
--- a/tests/_files/configuration_xinclude.xml
+++ b/tests/_files/configuration_xinclude.xml
@@ -15,6 +15,8 @@
          printerClass="PHPUnit_TextUI_ResultPrinter"
          stopOnFailure="false"
          stopOnWarning="false"
+         failOnWarning="false"
+         failOnRisky="false"
          testSuiteLoaderClass="PHPUnit_Runner_StandardTestSuiteLoader"
          beStrictAboutChangesToGlobalState="false"
          beStrictAboutOutputDuringTests="false"
