diff --git a/ChangeLog-6.0.md b/ChangeLog-6.0.md
index 43acd3d20..74497ee68 100644
--- a/ChangeLog-6.0.md
+++ b/ChangeLog-6.0.md
@@ -4,8 +4,13 @@ All notable changes of the PHPUnit 6.0 release series are documented in this fil
 
 ## [6.0.0] - 2017-02-03
 
+### Added
+
+* Added the `--dont-report-useless-tests` commandline option
+
 ### Changed
 
+* PHPUnit is now strict about useless tests by default
 * `PHPUnit\Framework\Assert::fail()` now increments the assertion counter
 * `setUpBeforeClass()` is now invoked after all methods annotated with `@beforeClass`
 * `setUp()` is now invoked after all methods annotated with `@before`
@@ -22,6 +27,7 @@ All notable changes of the PHPUnit 6.0 release series are documented in this fil
 * Removed `PHPUnit\Framework\TestCase::hasPerformedExpectationsOnOutput()` (deprecated in PHPUnit 4.3)
 * Removed the `checkForUnintentionallyCoveredCode` configuration setting (deprecated in PHPUnit 5.2)
 * Removed the `--self-update` and `--self-upgrade` commandline options
+* Removed the `--report-useless-tests` commandline option
 * PHPUnit is no longer supported on PHP 5.6
 
 [6.0.0]: https://github.com/sebastianbergmann/phpunit/compare/5.7...6.0.0
diff --git a/src/Framework/TestResult.php b/src/Framework/TestResult.php
index be0c82bcf..ba895b5ce 100644
--- a/src/Framework/TestResult.php
+++ b/src/Framework/TestResult.php
@@ -112,7 +112,7 @@ class PHPUnit_Framework_TestResult implements Countable
     /**
      * @var bool
      */
-    protected $beStrictAboutTestsThatDoNotTestAnything = false;
+    protected $beStrictAboutTestsThatDoNotTestAnything = true;
 
     /**
      * @var bool
diff --git a/src/TextUI/Command.php b/src/TextUI/Command.php
index 116f237b2..36e765b51 100644
--- a/src/TextUI/Command.php
+++ b/src/TextUI/Command.php
@@ -35,69 +35,69 @@ class PHPUnit_TextUI_Command
      * @var array
      */
     protected $longOptions = [
-        'atleast-version='        => null,
-        'bootstrap='              => null,
-        'colors=='                => null,
-        'columns='                => null,
-        'configuration='          => null,
-        'coverage-clover='        => null,
-        'coverage-crap4j='        => null,
-        'coverage-html='          => null,
-        'coverage-php='           => null,
-        'coverage-text=='         => null,
-        'coverage-xml='           => null,
-        'debug'                   => null,
-        'disallow-test-output'    => null,
-        'disallow-resource-usage' => null,
-        'disallow-todo-tests'     => null,
-        'enforce-time-limit'      => null,
-        'exclude-group='          => null,
-        'filter='                 => null,
-        'generate-configuration'  => null,
-        'group='                  => null,
-        'help'                    => null,
-        'include-path='           => null,
-        'list-groups'             => null,
-        'list-suites'             => null,
-        'loader='                 => null,
-        'log-json='               => null,
-        'log-junit='              => null,
-        'log-tap='                => null,
-        'log-teamcity='           => null,
-        'no-configuration'        => null,
-        'no-coverage'             => null,
-        'no-globals-backup'       => null,
-        'printer='                => null,
-        'process-isolation'       => null,
-        'repeat='                 => null,
-        'report-useless-tests'    => null,
-        'reverse-list'            => null,
-        'static-backup'           => null,
-        'stderr'                  => null,
-        'stop-on-error'           => null,
-        'stop-on-failure'         => null,
-        'stop-on-warning'         => null,
-        'stop-on-incomplete'      => null,
-        'stop-on-risky'           => null,
-        'stop-on-skipped'         => null,
-        'fail-on-warning'         => null,
-        'fail-on-risky'           => null,
-        'strict-coverage'         => null,
-        'disable-coverage-ignore' => null,
-        'strict-global-state'     => null,
-        'tap'                     => null,
-        'teamcity'                => null,
-        'testdox'                 => null,
-        'testdox-group='          => null,
-        'testdox-exclude-group='  => null,
-        'testdox-html='           => null,
-        'testdox-text='           => null,
-        'testdox-xml='            => null,
-        'test-suffix='            => null,
-        'testsuite='              => null,
-        'verbose'                 => null,
-        'version'                 => null,
-        'whitelist='              => null
+        'atleast-version='           => null,
+        'bootstrap='                 => null,
+        'colors=='                   => null,
+        'columns='                   => null,
+        'configuration='             => null,
+        'coverage-clover='           => null,
+        'coverage-crap4j='           => null,
+        'coverage-html='             => null,
+        'coverage-php='              => null,
+        'coverage-text=='            => null,
+        'coverage-xml='              => null,
+        'debug'                      => null,
+        'disallow-test-output'       => null,
+        'disallow-resource-usage'    => null,
+        'disallow-todo-tests'        => null,
+        'enforce-time-limit'         => null,
+        'exclude-group='             => null,
+        'filter='                    => null,
+        'generate-configuration'     => null,
+        'group='                     => null,
+        'help'                       => null,
+        'include-path='              => null,
+        'list-groups'                => null,
+        'list-suites'                => null,
+        'loader='                    => null,
+        'log-json='                  => null,
+        'log-junit='                 => null,
+        'log-tap='                   => null,
+        'log-teamcity='              => null,
+        'no-configuration'           => null,
+        'no-coverage'                => null,
+        'no-globals-backup'          => null,
+        'printer='                   => null,
+        'process-isolation'          => null,
+        'repeat='                    => null,
+        'dont-report-useless-tests' => null,
+        'reverse-list'               => null,
+        'static-backup'              => null,
+        'stderr'                     => null,
+        'stop-on-error'              => null,
+        'stop-on-failure'            => null,
+        'stop-on-warning'            => null,
+        'stop-on-incomplete'         => null,
+        'stop-on-risky'              => null,
+        'stop-on-skipped'            => null,
+        'fail-on-warning'            => null,
+        'fail-on-risky'              => null,
+        'strict-coverage'            => null,
+        'disable-coverage-ignore'    => null,
+        'strict-global-state'        => null,
+        'tap'                        => null,
+        'teamcity'                   => null,
+        'testdox'                    => null,
+        'testdox-group='             => null,
+        'testdox-exclude-group='     => null,
+        'testdox-html='              => null,
+        'testdox-text='              => null,
+        'testdox-xml='               => null,
+        'test-suffix='               => null,
+        'testsuite='                 => null,
+        'verbose'                    =>    null,
+        'version'                    => null,
+        'whitelist='                 => null
     ];
 
     /**
@@ -572,8 +572,8 @@ protected function handleArguments(array $argv)
                     exit(PHPUnit_TextUI_TestRunner::SUCCESS_EXIT);
                     break;
 
-                case '--report-useless-tests':
-                    $this->arguments['reportUselessTests'] = true;
+                case '--dont-report-useless-tests':
+                    $this->arguments['reportUselessTests'] = false;
                     break;
 
                 case '--strict-coverage':
@@ -924,96 +924,96 @@ protected function showHelp()
 
 Code Coverage Options:
 
-  --coverage-clover <file>  Generate code coverage report in Clover XML format.
-  --coverage-crap4j <file>  Generate code coverage report in Crap4J XML format.
-  --coverage-html <dir>     Generate code coverage report in HTML format.
-  --coverage-php <file>     Export PHP_CodeCoverage object to file.
-  --coverage-text=<file>    Generate code coverage report in text format.
-                            Default: Standard output.
-  --coverage-xml <dir>      Generate code coverage report in PHPUnit XML format.
-  --whitelist <dir>         Whitelist <dir> for code coverage analysis.
-  --disable-coverage-ignore Disable annotations for ignoring code coverage.
+  --coverage-clover <file>    Generate code coverage report in Clover XML format.
+  --coverage-crap4j <file>    Generate code coverage report in Crap4J XML format.
+  --coverage-html <dir>       Generate code coverage report in HTML format.
+  --coverage-php <file>       Export PHP_CodeCoverage object to file.
+  --coverage-text=<file>      Generate code coverage report in text format.
+                              Default: Standard output.
+  --coverage-xml <dir>        Generate code coverage report in PHPUnit XML format.
+  --whitelist <dir>           Whitelist <dir> for code coverage analysis.
+  --disable-coverage-ignore   Disable annotations for ignoring code coverage.
 
 Logging Options:
 
-  --log-junit <file>        Log test execution in JUnit XML format to file.
-  --log-tap <file>          Log test execution in TAP format to file.
-  --log-teamcity <file>     Log test execution in TeamCity format to file.
-  --log-json <file>         Log test execution in JSON format.
-  --testdox-html <file>     Write agile documentation in HTML format to file.
-  --testdox-text <file>     Write agile documentation in Text format to file.
-  --testdox-xml <file>      Write agile documentation in XML format to file.
-  --reverse-list            Print defects in reverse order
+  --log-junit <file>          Log test execution in JUnit XML format to file.
+  --log-tap <file>            Log test execution in TAP format to file.
+  --log-teamcity <file>       Log test execution in TeamCity format to file.
+  --log-json <file>           Log test execution in JSON format.
+  --testdox-html <file>       Write agile documentation in HTML format to file.
+  --testdox-text <file>       Write agile documentation in Text format to file.
+  --testdox-xml <file>        Write agile documentation in XML format to file.
+  --reverse-list              Print defects in reverse order
 
 Test Selection Options:
 
-  --filter <pattern>        Filter which tests to run.
-  --testsuite <pattern>     Filter which testsuite to run.
-  --group ...               Only runs tests from the specified group(s).
-  --exclude-group ...       Exclude tests from the specified group(s).
-  --list-groups             List available test groups.
-  --list-suites             List available test suites.
-  --test-suffix ...         Only search for test in files with specified
-                            suffix(es). Default: Test.php,.phpt
+  --filter <pattern>          Filter which tests to run.
+  --testsuite <pattern>       Filter which testsuite to run.
+  --group ...                 Only runs tests from the specified group(s).
+  --exclude-group ...         Exclude tests from the specified group(s).
+  --list-groups               List available test groups.
+  --list-suites               List available test suites.
+  --test-suffix ...           Only search for test in files with specified
+                              suffix(es). Default: Test.php,.phpt
 
 Test Execution Options:
 
-  --report-useless-tests    Be strict about tests that do not test anything.
-  --strict-coverage         Be strict about @covers annotation usage.
-  --strict-global-state     Be strict about changes to global state
-  --disallow-test-output    Be strict about output during tests.
-  --disallow-resource-usage Be strict about resource usage during small tests.
-  --enforce-time-limit      Enforce time limit based on test size.
-  --disallow-todo-tests     Disallow @todo-annotated tests.
-
-  --process-isolation       Run each test in a separate PHP process.
-  --no-globals-backup       Do not backup and restore \$GLOBALS for each test.
-  --static-backup           Backup and restore static attributes for each test.
-
-  --colors=<flag>           Use colors in output ("never", "auto" or "always").
-  --columns <n>             Number of columns to use for progress output.
-  --columns max             Use maximum number of columns for progress output.
-  --stderr                  Write to STDERR instead of STDOUT.
-  --stop-on-error           Stop execution upon first error.
-  --stop-on-failure         Stop execution upon first error or failure.
-  --stop-on-warning         Stop execution upon first warning.
-  --stop-on-risky           Stop execution upon first risky test.
-  --stop-on-skipped         Stop execution upon first skipped test.
-  --stop-on-incomplete      Stop execution upon first incomplete test.
-  --fail-on-warning         Treat tests with warnings as failures.
-  --fail-on-risky           Treat risky tests as failures.
-  -v|--verbose              Output more verbose information.
-  --debug                   Display debugging information during test execution.
-
-  --loader <loader>         TestSuiteLoader implementation to use.
-  --repeat <times>          Runs the test(s) repeatedly.
-  --tap                     Report test execution progress in TAP format.
-  --teamcity                Report test execution progress in TeamCity format.
-  --testdox                 Report test execution progress in TestDox format.
-  --testdox-group           Only include tests from the specified group(s).
-  --testdox-exclude-group   Exclude tests from the specified group(s).
-  --printer <printer>       TestListener implementation to use.
+  --dont-report-useless-tests Be strict about tests that do not test anything.
+  --strict-coverage           Be strict about @covers annotation usage.
+  --strict-global-state       Be strict about changes to global state
+  --disallow-test-output      Be strict about output during tests.
+  --disallow-resource-usage   Be strict about resource usage during small tests.
+  --enforce-time-limit        Enforce time limit based on test size.
+  --disallow-todo-tests       Disallow @todo-annotated tests.
+
+  --process-isolation         Run each test in a separate PHP process.
+  --no-globals-backup         Do not backup and restore \$GLOBALS for each test.
+  --static-backup             Backup and restore static attributes for each test.
+
+  --colors=<flag>             Use colors in output ("never", "auto" or "always").
+  --columns <n>               Number of columns to use for progress output.
+  --columns max               Use maximum number of columns for progress output.
+  --stderr                    Write to STDERR instead of STDOUT.
+  --stop-on-error             Stop execution upon first error.
+  --stop-on-failure           Stop execution upon first error or failure.
+  --stop-on-warning           Stop execution upon first warning.
+  --stop-on-risky             Stop execution upon first risky test.
+  --stop-on-skipped           Stop execution upon first skipped test.
+  --stop-on-incomplete        Stop execution upon first incomplete test.
+  --fail-on-warning           Treat tests with warnings as failures.
+  --fail-on-risky             Treat risky tests as failures.
+  -v|--verbose                Output more verbose information.
+  --debug                     Display debugging information.
+
+  --loader <loader>           TestSuiteLoader implementation to use.
+  --repeat <times>            Runs the test(s) repeatedly.
+  --tap                       Report test execution progress in TAP format.
+  --teamcity                  Report test execution progress in TeamCity format.
+  --testdox                   Report test execution progress in TestDox format.
+  --testdox-group             Only include tests from the specified group(s).
+  --testdox-exclude-group     Exclude tests from the specified group(s).
+  --printer <printer>         TestListener implementation to use.
 
 Configuration Options:
 
-  --bootstrap <file>        A "bootstrap" PHP file that is run before the tests.
-  -c|--configuration <file> Read configuration from XML file.
-  --no-configuration        Ignore default configuration file (phpunit.xml).
-  --no-coverage             Ignore code coverage configuration.
-  --include-path <path(s)>  Prepend PHP's include_path with given path(s).
-  -d key[=value]            Sets a php.ini value.
-  --generate-configuration  Generate configuration file with suggested settings.
+  --bootstrap <file>          A "bootstrap" PHP file that is run before the tests.
+  -c|--configuration <file>   Read configuration from XML file.
+  --no-configuration          Ignore default configuration file (phpunit.xml).
+  --no-coverage               Ignore code coverage configuration.
+  --include-path <path(s)>    Prepend PHP's include_path with given path(s).
+  -d key[=value]              Sets a php.ini value.
+  --generate-configuration    Generate configuration file with suggested settings.
 
 Miscellaneous Options:
 
-  -h|--help                 Prints this usage information.
-  --version                 Prints the version and exits.
-  --atleast-version <min>   Checks that version is greater than min and exits.
+  -h|--help                   Prints this usage information.
+  --version                   Prints the version and exits.
+  --atleast-version <min>     Checks that version is greater than min and exits.
 
 EOT;
 
         if (defined('__PHPUNIT_PHAR__')) {
-            print "\n  --check-version           Check whether PHPUnit is the latest version.";
+            print "\n  --check-version             Check whether PHPUnit is the latest version.";
         }
     }
 
diff --git a/src/TextUI/TestRunner.php b/src/TextUI/TestRunner.php
index c6a1fe5cf..60729b47b 100644
--- a/src/TextUI/TestRunner.php
+++ b/src/TextUI/TestRunner.php
@@ -1057,7 +1057,7 @@ protected function handleConfiguration(array &$arguments)
         $arguments['timeoutForSmallTests']                            = isset($arguments['timeoutForSmallTests'])                            ? $arguments['timeoutForSmallTests']                            : 1;
         $arguments['timeoutForMediumTests']                           = isset($arguments['timeoutForMediumTests'])                           ? $arguments['timeoutForMediumTests']                           : 10;
         $arguments['timeoutForLargeTests']                            = isset($arguments['timeoutForLargeTests'])                            ? $arguments['timeoutForLargeTests']                            : 60;
-        $arguments['reportUselessTests']                              = isset($arguments['reportUselessTests'])                              ? $arguments['reportUselessTests']                              : false;
+        $arguments['reportUselessTests']                              = isset($arguments['reportUselessTests'])                              ? $arguments['reportUselessTests']                              : true;
         $arguments['strictCoverage']                                  = isset($arguments['strictCoverage'])                                  ? $arguments['strictCoverage']                                  : false;
         $arguments['disallowTestOutput']                              = isset($arguments['disallowTestOutput'])                              ? $arguments['disallowTestOutput']                              : false;
         $arguments['enforceTimeLimit']                                = isset($arguments['enforceTimeLimit'])                                ? $arguments['enforceTimeLimit']                                : false;
diff --git a/src/Util/Configuration.php b/src/Util/Configuration.php
index c87f722ca..8686069db 100644
--- a/src/Util/Configuration.php
+++ b/src/Util/Configuration.php
@@ -755,7 +755,7 @@ public function getPHPUnitConfiguration()
         if ($root->hasAttribute('beStrictAboutTestsThatDoNotTestAnything')) {
             $result['reportUselessTests'] = $this->getBoolean(
                 (string) $root->getAttribute('beStrictAboutTestsThatDoNotTestAnything'),
-                false
+                true
             );
         }
 
diff --git a/tests/Framework/TestCaseTest.php b/tests/Framework/TestCaseTest.php
index b20d4ed3e..f391bfc6a 100644
--- a/tests/Framework/TestCaseTest.php
+++ b/tests/Framework/TestCaseTest.php
@@ -30,9 +30,6 @@ class Framework_TestCaseTest extends PHPUnit_Framework_TestCase
 {
     protected $backupGlobalsBlacklist = ['i', 'singleton'];
 
-    /**
-     * Used be testStaticAttributesBackupPre
-     */
     protected static $_testStatic = 0;
 
     public function testCaseToString()
diff --git a/tests/Regression/GitHub/1348.phpt b/tests/Regression/GitHub/1348.phpt
index 4da3448f6..3bb83f73a 100644
--- a/tests/Regression/GitHub/1348.phpt
+++ b/tests/Regression/GitHub/1348.phpt
@@ -9,7 +9,6 @@ if (defined('HHVM_VERSION')) {
 --FILE--
 <?php
 $_SERVER['argv'][1] = '--no-configuration';
-$_SERVER['argv'][]  = '--report-useless-tests';
 $_SERVER['argv'][]  = '--process-isolation';
 $_SERVER['argv'][]  = 'Issue1348Test';
 $_SERVER['argv'][]  = __DIR__ . '/1348/Issue1348Test.php';
diff --git a/tests/Regression/GitHub/322.phpt b/tests/Regression/GitHub/322.phpt
index c69e215b7..6eaa29f36 100644
--- a/tests/Regression/GitHub/322.phpt
+++ b/tests/Regression/GitHub/322.phpt
@@ -23,4 +23,4 @@ Starting test 'Issue322Test::testOne'.
 
 Time: %s, Memory: %s
 
-OK (1 test, 0 assertions)
+OK (1 test, 1 assertion)
diff --git a/tests/Regression/GitHub/322/Issue322Test.php b/tests/Regression/GitHub/322/Issue322Test.php
index 618bcaa19..420205ea9 100644
--- a/tests/Regression/GitHub/322/Issue322Test.php
+++ b/tests/Regression/GitHub/322/Issue322Test.php
@@ -6,6 +6,7 @@ class Issue322Test extends PHPUnit_Framework_TestCase
      */
     public function testOne()
     {
+        $this->assertTrue(true);
     }
 
     /**
@@ -13,5 +14,6 @@ public function testOne()
      */
     public function testTwo()
     {
+        $this->assertTrue(true);
     }
 }
diff --git a/tests/Regression/Trac/1021.phpt b/tests/Regression/Trac/1021.phpt
index 9f652392b..9bfb6cdad 100644
--- a/tests/Regression/Trac/1021.phpt
+++ b/tests/Regression/Trac/1021.phpt
@@ -16,4 +16,4 @@ PHPUnit %s by Sebastian Bergmann and contributors.
 
 Time: %s, Memory: %s
 
-OK (2 tests, 1 assertion)
+OK (2 tests, 2 assertions)
diff --git a/tests/Regression/Trac/1021/Issue1021Test.php b/tests/Regression/Trac/1021/Issue1021Test.php
index c8fa4c79b..b712768ae 100644
--- a/tests/Regression/Trac/1021/Issue1021Test.php
+++ b/tests/Regression/Trac/1021/Issue1021Test.php
@@ -14,6 +14,7 @@ public function testSomething($data)
      */
     public function testSomethingElse()
     {
+        $this->assertTrue(true);
     }
 
     public function provider()
diff --git a/tests/Regression/Trac/783.phpt b/tests/Regression/Trac/783.phpt
index 260ca06fa..eca592ca8 100644
--- a/tests/Regression/Trac/783.phpt
+++ b/tests/Regression/Trac/783.phpt
@@ -18,4 +18,4 @@ PHPUnit %s by Sebastian Bergmann and contributors.
 
 Time: %s, Memory: %s
 
-OK (2 tests, 0 assertions)
+OK (2 tests, 2 assertions)
diff --git a/tests/Regression/Trac/783/OneTest.php b/tests/Regression/Trac/783/OneTest.php
index 71951582e..bf883bd8d 100644
--- a/tests/Regression/Trac/783/OneTest.php
+++ b/tests/Regression/Trac/783/OneTest.php
@@ -6,5 +6,6 @@ class OneTest extends PHPUnit_Framework_TestCase
 {
     public function testSomething()
     {
+        $this->assertTrue(true);
     }
 }
diff --git a/tests/Regression/Trac/783/TwoTest.php b/tests/Regression/Trac/783/TwoTest.php
index 580246ce9..372e12220 100644
--- a/tests/Regression/Trac/783/TwoTest.php
+++ b/tests/Regression/Trac/783/TwoTest.php
@@ -6,5 +6,6 @@ class TwoTest extends PHPUnit_Framework_TestCase
 {
     public function testSomething()
     {
+        $this->assertTrue(true);
     }
 }
diff --git a/tests/TextUI/concrete-test-class.phpt b/tests/TextUI/concrete-test-class.phpt
index 85e9243b8..5b536f52e 100644
--- a/tests/TextUI/concrete-test-class.phpt
+++ b/tests/TextUI/concrete-test-class.phpt
@@ -15,4 +15,4 @@ PHPUnit %s by Sebastian Bergmann and contributors.
 
 Time: %s, Memory: %s
 
-OK (2 tests, 0 assertions)
+OK (2 tests, 2 assertions)
diff --git a/tests/TextUI/dependencies-clone.phpt b/tests/TextUI/dependencies-clone.phpt
index a7ca51d0a..21c7f25ab 100644
--- a/tests/TextUI/dependencies-clone.phpt
+++ b/tests/TextUI/dependencies-clone.phpt
@@ -18,5 +18,5 @@ Runtime:       %s
 
 Time: %s, Memory: %s
 
-OK (4 tests, 3 assertions)
+OK (4 tests, 4 assertions)
 
diff --git a/tests/TextUI/dependencies-isolation.phpt b/tests/TextUI/dependencies-isolation.phpt
index 0922a58e7..804d7f67e 100644
--- a/tests/TextUI/dependencies-isolation.phpt
+++ b/tests/TextUI/dependencies-isolation.phpt
@@ -39,4 +39,4 @@ This test depends on "DependencyFailureTest::testTwo" to pass.
 This test depends on "DependencyFailureTest::testOne" to pass.
 
 FAILURES!
-Tests: 4, Assertions: 0, Failures: 1, Skipped: 3.
+Tests: 4, Assertions: 4, Failures: 1, Skipped: 3.
diff --git a/tests/TextUI/dependencies.phpt b/tests/TextUI/dependencies.phpt
index 3208f3aee..805cf5e2f 100644
--- a/tests/TextUI/dependencies.phpt
+++ b/tests/TextUI/dependencies.phpt
@@ -38,4 +38,4 @@ This test depends on "DependencyFailureTest::testTwo" to pass.
 This test depends on "DependencyFailureTest::testOne" to pass.
 
 FAILURES!
-Tests: 4, Assertions: 0, Failures: 1, Skipped: 3.
+Tests: 4, Assertions: 4, Failures: 1, Skipped: 3.
diff --git a/tests/TextUI/dependencies3-isolation.phpt b/tests/TextUI/dependencies3-isolation.phpt
index 30fee4d03..22d51de85 100644
--- a/tests/TextUI/dependencies3-isolation.phpt
+++ b/tests/TextUI/dependencies3-isolation.phpt
@@ -16,4 +16,4 @@ PHPUnit %s by Sebastian Bergmann and contributors.
 
 Time: %s, Memory: %s
 
-OK (3 tests, 2 assertions)
+OK (3 tests, 4 assertions)
diff --git a/tests/TextUI/dependencies3.phpt b/tests/TextUI/dependencies3.phpt
index c2b0fe813..6a2f99c49 100644
--- a/tests/TextUI/dependencies3.phpt
+++ b/tests/TextUI/dependencies3.phpt
@@ -16,4 +16,4 @@ PHPUnit %s by Sebastian Bergmann and contributors.
 
 Time: %s, Memory: %s
 
-OK (3 tests, 2 assertions)
+OK (3 tests, 4 assertions)
diff --git a/tests/TextUI/help.phpt b/tests/TextUI/help.phpt
index 01462e784..df9b08c20 100644
--- a/tests/TextUI/help.phpt
+++ b/tests/TextUI/help.phpt
@@ -14,88 +14,88 @@ Usage: phpunit [options] UnitTest [UnitTest.php]
 
 Code Coverage Options:
 
-  --coverage-clover <file>  Generate code coverage report in Clover XML format.
-  --coverage-crap4j <file>  Generate code coverage report in Crap4J XML format.
-  --coverage-html <dir>     Generate code coverage report in HTML format.
-  --coverage-php <file>     Export PHP_CodeCoverage object to file.
-  --coverage-text=<file>    Generate code coverage report in text format.
-                            Default: Standard output.
-  --coverage-xml <dir>      Generate code coverage report in PHPUnit XML format.
-  --whitelist <dir>         Whitelist <dir> for code coverage analysis.
-  --disable-coverage-ignore Disable annotations for ignoring code coverage.
+  --coverage-clover <file>    Generate code coverage report in Clover XML format.
+  --coverage-crap4j <file>    Generate code coverage report in Crap4J XML format.
+  --coverage-html <dir>       Generate code coverage report in HTML format.
+  --coverage-php <file>       Export PHP_CodeCoverage object to file.
+  --coverage-text=<file>      Generate code coverage report in text format.
+                              Default: Standard output.
+  --coverage-xml <dir>        Generate code coverage report in PHPUnit XML format.
+  --whitelist <dir>           Whitelist <dir> for code coverage analysis.
+  --disable-coverage-ignore   Disable annotations for ignoring code coverage.
 
 Logging Options:
 
-  --log-junit <file>        Log test execution in JUnit XML format to file.
-  --log-tap <file>          Log test execution in TAP format to file.
-  --log-teamcity <file>     Log test execution in TeamCity format to file.
-  --log-json <file>         Log test execution in JSON format.
-  --testdox-html <file>     Write agile documentation in HTML format to file.
-  --testdox-text <file>     Write agile documentation in Text format to file.
-  --testdox-xml <file>      Write agile documentation in XML format to file.
-  --reverse-list            Print defects in reverse order
+  --log-junit <file>          Log test execution in JUnit XML format to file.
+  --log-tap <file>            Log test execution in TAP format to file.
+  --log-teamcity <file>       Log test execution in TeamCity format to file.
+  --log-json <file>           Log test execution in JSON format.
+  --testdox-html <file>       Write agile documentation in HTML format to file.
+  --testdox-text <file>       Write agile documentation in Text format to file.
+  --testdox-xml <file>        Write agile documentation in XML format to file.
+  --reverse-list              Print defects in reverse order
 
 Test Selection Options:
 
-  --filter <pattern>        Filter which tests to run.
-  --testsuite <pattern>     Filter which testsuite to run.
-  --group ...               Only runs tests from the specified group(s).
-  --exclude-group ...       Exclude tests from the specified group(s).
-  --list-groups             List available test groups.
-  --list-suites             List available test suites.
-  --test-suffix ...         Only search for test in files with specified
-                            suffix(es). Default: Test.php,.phpt
+  --filter <pattern>          Filter which tests to run.
+  --testsuite <pattern>       Filter which testsuite to run.
+  --group ...                 Only runs tests from the specified group(s).
+  --exclude-group ...         Exclude tests from the specified group(s).
+  --list-groups               List available test groups.
+  --list-suites               List available test suites.
+  --test-suffix ...           Only search for test in files with specified
+                              suffix(es). Default: Test.php,.phpt
 
 Test Execution Options:
 
-  --report-useless-tests    Be strict about tests that do not test anything.
-  --strict-coverage         Be strict about @covers annotation usage.
-  --strict-global-state     Be strict about changes to global state
-  --disallow-test-output    Be strict about output during tests.
-  --disallow-resource-usage Be strict about resource usage during small tests.
-  --enforce-time-limit      Enforce time limit based on test size.
-  --disallow-todo-tests     Disallow @todo-annotated tests.
-
-  --process-isolation       Run each test in a separate PHP process.
-  --no-globals-backup       Do not backup and restore $GLOBALS for each test.
-  --static-backup           Backup and restore static attributes for each test.
-
-  --colors=<flag>           Use colors in output ("never", "auto" or "always").
-  --columns <n>             Number of columns to use for progress output.
-  --columns max             Use maximum number of columns for progress output.
-  --stderr                  Write to STDERR instead of STDOUT.
-  --stop-on-error           Stop execution upon first error.
-  --stop-on-failure         Stop execution upon first error or failure.
-  --stop-on-warning         Stop execution upon first warning.
-  --stop-on-risky           Stop execution upon first risky test.
-  --stop-on-skipped         Stop execution upon first skipped test.
-  --stop-on-incomplete      Stop execution upon first incomplete test.
-  --fail-on-warning         Treat tests with warnings as failures.
-  --fail-on-risky           Treat risky tests as failures.
-  -v|--verbose              Output more verbose information.
-  --debug                   Display debugging information during test execution.
-
-  --loader <loader>         TestSuiteLoader implementation to use.
-  --repeat <times>          Runs the test(s) repeatedly.
-  --tap                     Report test execution progress in TAP format.
-  --teamcity                Report test execution progress in TeamCity format.
-  --testdox                 Report test execution progress in TestDox format.
-  --testdox-group           Only include tests from the specified group(s).
-  --testdox-exclude-group   Exclude tests from the specified group(s).
-  --printer <printer>       TestListener implementation to use.
+  --dont-report-useless-tests Be strict about tests that do not test anything.
+  --strict-coverage           Be strict about @covers annotation usage.
+  --strict-global-state       Be strict about changes to global state
+  --disallow-test-output      Be strict about output during tests.
+  --disallow-resource-usage   Be strict about resource usage during small tests.
+  --enforce-time-limit        Enforce time limit based on test size.
+  --disallow-todo-tests       Disallow @todo-annotated tests.
+
+  --process-isolation         Run each test in a separate PHP process.
+  --no-globals-backup         Do not backup and restore $GLOBALS for each test.
+  --static-backup             Backup and restore static attributes for each test.
+
+  --colors=<flag>             Use colors in output ("never", "auto" or "always").
+  --columns <n>               Number of columns to use for progress output.
+  --columns max               Use maximum number of columns for progress output.
+  --stderr                    Write to STDERR instead of STDOUT.
+  --stop-on-error             Stop execution upon first error.
+  --stop-on-failure           Stop execution upon first error or failure.
+  --stop-on-warning           Stop execution upon first warning.
+  --stop-on-risky             Stop execution upon first risky test.
+  --stop-on-skipped           Stop execution upon first skipped test.
+  --stop-on-incomplete        Stop execution upon first incomplete test.
+  --fail-on-warning           Treat tests with warnings as failures.
+  --fail-on-risky             Treat risky tests as failures.
+  -v|--verbose                Output more verbose information.
+  --debug                     Display debugging information.
+
+  --loader <loader>           TestSuiteLoader implementation to use.
+  --repeat <times>            Runs the test(s) repeatedly.
+  --tap                       Report test execution progress in TAP format.
+  --teamcity                  Report test execution progress in TeamCity format.
+  --testdox                   Report test execution progress in TestDox format.
+  --testdox-group             Only include tests from the specified group(s).
+  --testdox-exclude-group     Exclude tests from the specified group(s).
+  --printer <printer>         TestListener implementation to use.
 
 Configuration Options:
 
-  --bootstrap <file>        A "bootstrap" PHP file that is run before the tests.
-  -c|--configuration <file> Read configuration from XML file.
-  --no-configuration        Ignore default configuration file (phpunit.xml).
-  --no-coverage             Ignore code coverage configuration.
-  --include-path <path(s)>  Prepend PHP's include_path with given path(s).
-  -d key[=value]            Sets a php.ini value.
-  --generate-configuration  Generate configuration file with suggested settings.
+  --bootstrap <file>          A "bootstrap" PHP file that is run before the tests.
+  -c|--configuration <file>   Read configuration from XML file.
+  --no-configuration          Ignore default configuration file (phpunit.xml).
+  --no-coverage               Ignore code coverage configuration.
+  --include-path <path(s)>    Prepend PHP's include_path with given path(s).
+  -d key[=value]              Sets a php.ini value.
+  --generate-configuration    Generate configuration file with suggested settings.
 
 Miscellaneous Options:
 
-  -h|--help                 Prints this usage information.
-  --version                 Prints the version and exits.
-  --atleast-version <min>   Checks that version is greater than min and exits.
+  -h|--help                   Prints this usage information.
+  --version                   Prints the version and exits.
+  --atleast-version <min>     Checks that version is greater than min and exits.
diff --git a/tests/TextUI/help2.phpt b/tests/TextUI/help2.phpt
index 9ce2f5597..4f7b994db 100644
--- a/tests/TextUI/help2.phpt
+++ b/tests/TextUI/help2.phpt
@@ -15,88 +15,88 @@ Usage: phpunit [options] UnitTest [UnitTest.php]
 
 Code Coverage Options:
 
-  --coverage-clover <file>  Generate code coverage report in Clover XML format.
-  --coverage-crap4j <file>  Generate code coverage report in Crap4J XML format.
-  --coverage-html <dir>     Generate code coverage report in HTML format.
-  --coverage-php <file>     Export PHP_CodeCoverage object to file.
-  --coverage-text=<file>    Generate code coverage report in text format.
-                            Default: Standard output.
-  --coverage-xml <dir>      Generate code coverage report in PHPUnit XML format.
-  --whitelist <dir>         Whitelist <dir> for code coverage analysis.
-  --disable-coverage-ignore Disable annotations for ignoring code coverage.
+  --coverage-clover <file>    Generate code coverage report in Clover XML format.
+  --coverage-crap4j <file>    Generate code coverage report in Crap4J XML format.
+  --coverage-html <dir>       Generate code coverage report in HTML format.
+  --coverage-php <file>       Export PHP_CodeCoverage object to file.
+  --coverage-text=<file>      Generate code coverage report in text format.
+                              Default: Standard output.
+  --coverage-xml <dir>        Generate code coverage report in PHPUnit XML format.
+  --whitelist <dir>           Whitelist <dir> for code coverage analysis.
+  --disable-coverage-ignore   Disable annotations for ignoring code coverage.
 
 Logging Options:
 
-  --log-junit <file>        Log test execution in JUnit XML format to file.
-  --log-tap <file>          Log test execution in TAP format to file.
-  --log-teamcity <file>     Log test execution in TeamCity format to file.
-  --log-json <file>         Log test execution in JSON format.
-  --testdox-html <file>     Write agile documentation in HTML format to file.
-  --testdox-text <file>     Write agile documentation in Text format to file.
-  --testdox-xml <file>      Write agile documentation in XML format to file.
-  --reverse-list            Print defects in reverse order
+  --log-junit <file>          Log test execution in JUnit XML format to file.
+  --log-tap <file>            Log test execution in TAP format to file.
+  --log-teamcity <file>       Log test execution in TeamCity format to file.
+  --log-json <file>           Log test execution in JSON format.
+  --testdox-html <file>       Write agile documentation in HTML format to file.
+  --testdox-text <file>       Write agile documentation in Text format to file.
+  --testdox-xml <file>        Write agile documentation in XML format to file.
+  --reverse-list              Print defects in reverse order
 
 Test Selection Options:
 
-  --filter <pattern>        Filter which tests to run.
-  --testsuite <pattern>     Filter which testsuite to run.
-  --group ...               Only runs tests from the specified group(s).
-  --exclude-group ...       Exclude tests from the specified group(s).
-  --list-groups             List available test groups.
-  --list-suites             List available test suites.
-  --test-suffix ...         Only search for test in files with specified
-                            suffix(es). Default: Test.php,.phpt
+  --filter <pattern>          Filter which tests to run.
+  --testsuite <pattern>       Filter which testsuite to run.
+  --group ...                 Only runs tests from the specified group(s).
+  --exclude-group ...         Exclude tests from the specified group(s).
+  --list-groups               List available test groups.
+  --list-suites               List available test suites.
+  --test-suffix ...           Only search for test in files with specified
+                              suffix(es). Default: Test.php,.phpt
 
 Test Execution Options:
 
-  --report-useless-tests    Be strict about tests that do not test anything.
-  --strict-coverage         Be strict about @covers annotation usage.
-  --strict-global-state     Be strict about changes to global state
-  --disallow-test-output    Be strict about output during tests.
-  --disallow-resource-usage Be strict about resource usage during small tests.
-  --enforce-time-limit      Enforce time limit based on test size.
-  --disallow-todo-tests     Disallow @todo-annotated tests.
-
-  --process-isolation       Run each test in a separate PHP process.
-  --no-globals-backup       Do not backup and restore $GLOBALS for each test.
-  --static-backup           Backup and restore static attributes for each test.
-
-  --colors=<flag>           Use colors in output ("never", "auto" or "always").
-  --columns <n>             Number of columns to use for progress output.
-  --columns max             Use maximum number of columns for progress output.
-  --stderr                  Write to STDERR instead of STDOUT.
-  --stop-on-error           Stop execution upon first error.
-  --stop-on-failure         Stop execution upon first error or failure.
-  --stop-on-warning         Stop execution upon first warning.
-  --stop-on-risky           Stop execution upon first risky test.
-  --stop-on-skipped         Stop execution upon first skipped test.
-  --stop-on-incomplete      Stop execution upon first incomplete test.
-  --fail-on-warning         Treat tests with warnings as failures.
-  --fail-on-risky           Treat risky tests as failures.
-  -v|--verbose              Output more verbose information.
-  --debug                   Display debugging information during test execution.
-
-  --loader <loader>         TestSuiteLoader implementation to use.
-  --repeat <times>          Runs the test(s) repeatedly.
-  --tap                     Report test execution progress in TAP format.
-  --teamcity                Report test execution progress in TeamCity format.
-  --testdox                 Report test execution progress in TestDox format.
-  --testdox-group           Only include tests from the specified group(s).
-  --testdox-exclude-group   Exclude tests from the specified group(s).
-  --printer <printer>       TestListener implementation to use.
+  --dont-report-useless-tests Be strict about tests that do not test anything.
+  --strict-coverage           Be strict about @covers annotation usage.
+  --strict-global-state       Be strict about changes to global state
+  --disallow-test-output      Be strict about output during tests.
+  --disallow-resource-usage   Be strict about resource usage during small tests.
+  --enforce-time-limit        Enforce time limit based on test size.
+  --disallow-todo-tests       Disallow @todo-annotated tests.
+
+  --process-isolation         Run each test in a separate PHP process.
+  --no-globals-backup         Do not backup and restore $GLOBALS for each test.
+  --static-backup             Backup and restore static attributes for each test.
+
+  --colors=<flag>             Use colors in output ("never", "auto" or "always").
+  --columns <n>               Number of columns to use for progress output.
+  --columns max               Use maximum number of columns for progress output.
+  --stderr                    Write to STDERR instead of STDOUT.
+  --stop-on-error             Stop execution upon first error.
+  --stop-on-failure           Stop execution upon first error or failure.
+  --stop-on-warning           Stop execution upon first warning.
+  --stop-on-risky             Stop execution upon first risky test.
+  --stop-on-skipped           Stop execution upon first skipped test.
+  --stop-on-incomplete        Stop execution upon first incomplete test.
+  --fail-on-warning           Treat tests with warnings as failures.
+  --fail-on-risky             Treat risky tests as failures.
+  -v|--verbose                Output more verbose information.
+  --debug                     Display debugging information.
+
+  --loader <loader>           TestSuiteLoader implementation to use.
+  --repeat <times>            Runs the test(s) repeatedly.
+  --tap                       Report test execution progress in TAP format.
+  --teamcity                  Report test execution progress in TeamCity format.
+  --testdox                   Report test execution progress in TestDox format.
+  --testdox-group             Only include tests from the specified group(s).
+  --testdox-exclude-group     Exclude tests from the specified group(s).
+  --printer <printer>         TestListener implementation to use.
 
 Configuration Options:
 
-  --bootstrap <file>        A "bootstrap" PHP file that is run before the tests.
-  -c|--configuration <file> Read configuration from XML file.
-  --no-configuration        Ignore default configuration file (phpunit.xml).
-  --no-coverage             Ignore code coverage configuration.
-  --include-path <path(s)>  Prepend PHP's include_path with given path(s).
-  -d key[=value]            Sets a php.ini value.
-  --generate-configuration  Generate configuration file with suggested settings.
+  --bootstrap <file>          A "bootstrap" PHP file that is run before the tests.
+  -c|--configuration <file>   Read configuration from XML file.
+  --no-configuration          Ignore default configuration file (phpunit.xml).
+  --no-coverage               Ignore code coverage configuration.
+  --include-path <path(s)>    Prepend PHP's include_path with given path(s).
+  -d key[=value]              Sets a php.ini value.
+  --generate-configuration    Generate configuration file with suggested settings.
 
 Miscellaneous Options:
 
-  -h|--help                 Prints this usage information.
-  --version                 Prints the version and exits.
-  --atleast-version <min>   Checks that version is greater than min and exits.
+  -h|--help                   Prints this usage information.
+  --version                   Prints the version and exits.
+  --atleast-version <min>     Checks that version is greater than min and exits.
diff --git a/tests/TextUI/report-useless-tests-incomplete.phpt b/tests/TextUI/report-useless-tests-incomplete.phpt
index 3d12cfd95..32889bd7a 100644
--- a/tests/TextUI/report-useless-tests-incomplete.phpt
+++ b/tests/TextUI/report-useless-tests-incomplete.phpt
@@ -1,11 +1,10 @@
 --TEST--
-phpunit --report-useless-tests IncompleteTest ../_files/IncompleteTest.php
+phpunit IncompleteTest ../_files/IncompleteTest.php
 --FILE--
 <?php
 $_SERVER['argv'][1] = '--no-configuration';
-$_SERVER['argv'][2] = '--report-useless-tests';
-$_SERVER['argv'][3] = 'IncompleteTest';
-$_SERVER['argv'][4] = __DIR__ . '/../_files/IncompleteTest.php';
+$_SERVER['argv'][2] = 'IncompleteTest';
+$_SERVER['argv'][3] = __DIR__ . '/../_files/IncompleteTest.php';
 
 require __DIR__ . '/../bootstrap.php';
 PHPUnit_TextUI_Command::main();
diff --git a/tests/TextUI/report-useless-tests-isolation.phpt b/tests/TextUI/report-useless-tests-isolation.phpt
index 5d4f1ea18..bd5571f89 100644
--- a/tests/TextUI/report-useless-tests-isolation.phpt
+++ b/tests/TextUI/report-useless-tests-isolation.phpt
@@ -1,12 +1,11 @@
 --TEST--
-phpunit --report-useless-tests --process-isolation IncompleteTest ../_files/IncompleteTest.php
+phpunit --process-isolation IncompleteTest ../_files/IncompleteTest.php
 --FILE--
 <?php
 $_SERVER['argv'][1] = '--no-configuration';
-$_SERVER['argv'][2] = '--report-useless-tests';
-$_SERVER['argv'][3] = '--process-isolation';
-$_SERVER['argv'][4] = 'NothingTest';
-$_SERVER['argv'][5] = __DIR__ . '/../_files/NothingTest.php';
+$_SERVER['argv'][2] = '--process-isolation';
+$_SERVER['argv'][3] = 'NothingTest';
+$_SERVER['argv'][4] = __DIR__ . '/../_files/NothingTest.php';
 
 require __DIR__ . '/../bootstrap.php';
 PHPUnit_TextUI_Command::main();
diff --git a/tests/TextUI/report-useless-tests.phpt b/tests/TextUI/report-useless-tests.phpt
index 8b2ad017c..f312841c3 100644
--- a/tests/TextUI/report-useless-tests.phpt
+++ b/tests/TextUI/report-useless-tests.phpt
@@ -1,11 +1,10 @@
 --TEST--
-phpunit --report-useless-tests NothingTest ../_files/NothingTest.php
+phpunit NothingTest ../_files/NothingTest.php
 --FILE--
 <?php
 $_SERVER['argv'][1] = '--no-configuration';
-$_SERVER['argv'][2] = '--report-useless-tests';
-$_SERVER['argv'][3] = 'NothingTest';
-$_SERVER['argv'][4] = __DIR__ . '/../_files/NothingTest.php';
+$_SERVER['argv'][2] = 'NothingTest';
+$_SERVER['argv'][3] = __DIR__ . '/../_files/NothingTest.php';
 
 require __DIR__ . '/../bootstrap.php';
 PHPUnit_TextUI_Command::main();
diff --git a/tests/TextUI/test-suffix-multiple.phpt b/tests/TextUI/test-suffix-multiple.phpt
index ae7da52b2..36b3cd568 100644
--- a/tests/TextUI/test-suffix-multiple.phpt
+++ b/tests/TextUI/test-suffix-multiple.phpt
@@ -16,4 +16,4 @@ PHPUnit %s by Sebastian Bergmann and contributors.
 
 Time: %s, Memory: %s
 
-OK (5 tests, 3 assertions)
+OK (5 tests, 5 assertions)
diff --git a/tests/TextUI/testdox-exclude-group.phpt b/tests/TextUI/testdox-exclude-group.phpt
index 8724c8ae0..79a11a615 100644
--- a/tests/TextUI/testdox-exclude-group.phpt
+++ b/tests/TextUI/testdox-exclude-group.phpt
@@ -22,4 +22,4 @@ PHPUnit %s by Sebastian Bergmann and contributors.
 
 Time: %s, Memory: %s
 
-OK (2 tests, 0 assertions)
+OK (2 tests, 2 assertions)
diff --git a/tests/TextUI/testdox-group.phpt b/tests/TextUI/testdox-group.phpt
index 407559f35..5015e02c0 100644
--- a/tests/TextUI/testdox-group.phpt
+++ b/tests/TextUI/testdox-group.phpt
@@ -22,4 +22,4 @@ DoxGroup
 
 Time: %s, Memory: %s
 
-OK (2 tests, 0 assertions)
+OK (2 tests, 2 assertions)
diff --git a/tests/_files/AbstractTest.php b/tests/_files/AbstractTest.php
index 556e7dbc0..87a50cc8a 100644
--- a/tests/_files/AbstractTest.php
+++ b/tests/_files/AbstractTest.php
@@ -3,5 +3,6 @@ abstract class AbstractTest extends PHPUnit_Framework_TestCase
 {
     public function testOne()
     {
+        $this->assertTrue(true);
     }
 }
diff --git a/tests/_files/ClonedDependencyTest.php b/tests/_files/ClonedDependencyTest.php
index ce3b04dbe..1a0f92210 100644
--- a/tests/_files/ClonedDependencyTest.php
+++ b/tests/_files/ClonedDependencyTest.php
@@ -10,6 +10,8 @@ public static function setUpBeforeClass()
 
     public function testOne()
     {
+        $this->assertTrue(true);
+
         return self::$dependency;
     }
 
diff --git a/tests/_files/ConcreteTest.my.php b/tests/_files/ConcreteTest.my.php
index fe01ceed5..c795db550 100644
--- a/tests/_files/ConcreteTest.my.php
+++ b/tests/_files/ConcreteTest.my.php
@@ -3,5 +3,6 @@ class ConcreteWithMyCustomExtensionTest extends AbstractTest
 {
     public function testTwo()
     {
+        $this->assertTrue(true);
     }
 }
diff --git a/tests/_files/ConcreteTest.php b/tests/_files/ConcreteTest.php
index 4f51a1800..cccfb6a62 100644
--- a/tests/_files/ConcreteTest.php
+++ b/tests/_files/ConcreteTest.php
@@ -3,5 +3,6 @@ class ConcreteTest extends AbstractTest
 {
     public function testTwo()
     {
+        $this->assertTrue(true);
     }
 }
diff --git a/tests/_files/DataProviderTestDoxTest.php b/tests/_files/DataProviderTestDoxTest.php
index e64fbbb39..f9d4a0b52 100644
--- a/tests/_files/DataProviderTestDoxTest.php
+++ b/tests/_files/DataProviderTestDoxTest.php
@@ -7,6 +7,7 @@ class DataProviderTestDoxTest extends PHPUnit_Framework_TestCase
      */
     public function testOne()
     {
+        $this->assertTrue(true);
     }
 
     /**
@@ -14,6 +15,7 @@ public function testOne()
      */
     public function testDoesSomethingElseWith()
     {
+        $this->assertTrue(true);
     }
 
     public function provider()
diff --git a/tests/_files/DependencyFailureTest.php b/tests/_files/DependencyFailureTest.php
index 43cbd8f38..25c92dd47 100644
--- a/tests/_files/DependencyFailureTest.php
+++ b/tests/_files/DependencyFailureTest.php
@@ -11,6 +11,7 @@ public function testOne()
      */
     public function testTwo()
     {
+        $this->assertTrue(true);
     }
 
     /**
@@ -18,6 +19,7 @@ public function testTwo()
      */
     public function testThree()
     {
+        $this->assertTrue(true);
     }
 
     /**
@@ -25,5 +27,6 @@ public function testThree()
      */
     public function testFour()
     {
+        $this->assertTrue(true);
     }
 }
diff --git a/tests/_files/DependencySuccessTest.php b/tests/_files/DependencySuccessTest.php
index 0e4b5ddeb..00bb5a85f 100644
--- a/tests/_files/DependencySuccessTest.php
+++ b/tests/_files/DependencySuccessTest.php
@@ -3,6 +3,7 @@ class DependencySuccessTest extends PHPUnit_Framework_TestCase
 {
     public function testOne()
     {
+        $this->assertTrue(true);
     }
 
     /**
@@ -10,6 +11,7 @@ public function testOne()
      */
     public function testTwo()
     {
+        $this->assertTrue(true);
     }
 
     /**
@@ -17,5 +19,6 @@ public function testTwo()
      */
     public function testThree()
     {
+        $this->assertTrue(true);
     }
 }
diff --git a/tests/_files/MultiDependencyTest.php b/tests/_files/MultiDependencyTest.php
index 886a80964..f7dbdabfb 100644
--- a/tests/_files/MultiDependencyTest.php
+++ b/tests/_files/MultiDependencyTest.php
@@ -3,11 +3,15 @@ class MultiDependencyTest extends PHPUnit_Framework_TestCase
 {
     public function testOne()
     {
+        $this->assertTrue(true);
+
         return 'foo';
     }
 
     public function testTwo()
     {
+        $this->assertTrue(true);
+
         return 'bar';
     }
 
diff --git a/tests/_files/TestDoxGroupTest.php b/tests/_files/TestDoxGroupTest.php
index 68bf321c0..6e7b15bb1 100644
--- a/tests/_files/TestDoxGroupTest.php
+++ b/tests/_files/TestDoxGroupTest.php
@@ -7,6 +7,7 @@ class TestDoxGroupTest extends PHPUnit_Framework_TestCase
      */
     public function testOne()
     {
+        $this->assertTrue(true);
     }
 
     /**
@@ -14,5 +15,6 @@ public function testOne()
      */
     public function testTwo()
     {
+        $this->assertTrue(true);
     }
 }
