diff --git a/tests/Regression/GitHub/2591-separate-function-no-preserve-no-bootstrap-php73.phpt b/tests/Regression/GitHub/2591-separate-function-no-preserve-no-bootstrap-php73.phpt
new file mode 100644
index 000000000..401a76daf
--- /dev/null
+++ b/tests/Regression/GitHub/2591-separate-function-no-preserve-no-bootstrap-php73.phpt
@@ -0,0 +1,47 @@
+--TEST--
+GH-2591: Test method process isolation without preserving global state and without loaded bootstrap.
+Expected result is to have an error, because of no classes loaded.
+--SKIPIF--
+<?php
+if (extension_loaded('xdebug')) {
+    print 'skip: xdebug loaded';
+} elseif (version_compare(PHP_VERSION, '7.3.0-dev', '<')) {
+    print 'skip: PHP 7.3 required';
+}
+--FILE--
+<?php
+
+$_SERVER['argv'][1] = '--no-configuration';
+$_SERVER['argv'][2] = '--bootstrap';
+$_SERVER['argv'][3] = __DIR__ . '/2591/bootstrapNoBootstrap.php';
+$_SERVER['argv'][4] = __DIR__ . '/2591/SeparateFunctionNoPreserveTest.php';
+
+require __DIR__ . '/../../bootstrap.php';
+PHPUnit\TextUI\Command::main();
+--EXPECTF--
+PHPUnit %s by Sebastian Bergmann and contributors.
+
+EE                                                                  2 / 2 (100%)
+
+Time: 47 ms, Memory: 4.00MB
+
+There were 2 errors:
+
+1) Issue2591_SeparateFunctionNoPreserveTest::testChangedGlobalString
+PHPUnit\Framework\Exception: PHP Fatal error:  Uncaught Error: Class 'PHPUnit\Framework\TestCase' not found in %s/SeparateFunctionNoPreserveTest.php:%d
+Stack trace:
+#0 Standard input code(31): require_once()
+#1 Standard input code(110): __phpunit_run_isolated_test()
+#2 {main}
+  thrown in %s on line %d
+
+2) Issue2591_SeparateFunctionNoPreserveTest::testGlobalString
+PHPUnit\Framework\Exception: PHP Fatal error:  Uncaught Error: Class 'PHPUnit\Framework\TestCase' not found in %s:%d
+Stack trace:
+#0 Standard input code(31): require_once()
+#1 Standard input code(110): __phpunit_run_isolated_test()
+#2 {main}
+  thrown in %s on line %d
+
+ERRORS!
+Tests: 2, Assertions: 0, Errors: 2.
\ No newline at end of file
diff --git a/tests/Regression/GitHub/2591-separate-function-no-preserve-no-bootstrap.phpt b/tests/Regression/GitHub/2591-separate-function-no-preserve-no-bootstrap.phpt
index 82c3e981b..465004db7 100644
--- a/tests/Regression/GitHub/2591-separate-function-no-preserve-no-bootstrap.phpt
+++ b/tests/Regression/GitHub/2591-separate-function-no-preserve-no-bootstrap.phpt
@@ -5,6 +5,8 @@ Expected result is to have an error, because of no classes loaded.
 <?php
 if (extension_loaded('xdebug')) {
     print 'skip: xdebug loaded';
+} elseif (version_compare(PHP_VERSION, '7.3.0-dev', '>=')) {
+    print 'skip: PHP < 7.3 required';
 }
 --FILE--
 <?php
