diff --git a/ChangeLog-9.1.md b/ChangeLog-9.1.md
index df1f29c79..38c6e41d2 100644
--- a/ChangeLog-9.1.md
+++ b/ChangeLog-9.1.md
@@ -16,6 +16,7 @@ All notable changes of the PHPUnit 9.1 release series are documented in this fil
 * Implemented [#4082](https://github.com/sebastianbergmann/phpunit/issues/4082): Implement `assertFileIsNotWritable()` as alternative for `assertFileNotIsWritable()` with a more readable name
 * Implemented [#4085](https://github.com/sebastianbergmann/phpunit/issues/4085): Implement `assertMatchesRegularExpression()` as alternative for `assertRegExp()` with a more readable name
 * Implemented [#4088](https://github.com/sebastianbergmann/phpunit/issues/4088): Implement `assertDoesNotMatchRegularExpression()` as alternative for `assertNotRegExp()` with a more readable name
+* Implemented [#4100](https://github.com/sebastianbergmann/phpunit/issues/4100): Implement `failOnIncomplete` and `failOnSkipped` configuration options as well as `--fail-on-incomplete` and `--fail-on-skipped` commandline options 
 
 ### Changed
 
diff --git a/phpunit.xsd b/phpunit.xsd
index 6db04c097..b10d30b46 100644
--- a/phpunit.xsd
+++ b/phpunit.xsd
@@ -258,7 +258,9 @@
         <xs:attribute name="stopOnIncomplete" type="xs:boolean" default="false"/>
         <xs:attribute name="stopOnRisky" type="xs:boolean" default="false"/>
         <xs:attribute name="stopOnSkipped" type="xs:boolean" default="false"/>
+        <xs:attribute name="failOnIncomplete" type="xs:boolean" default="false"/>
         <xs:attribute name="failOnRisky" type="xs:boolean" default="false"/>
+        <xs:attribute name="failOnSkipped" type="xs:boolean" default="false"/>
         <xs:attribute name="failOnWarning" type="xs:boolean" default="false"/>
         <xs:attribute name="beStrictAboutChangesToGlobalState" type="xs:boolean" default="false"/>
         <xs:attribute name="beStrictAboutOutputDuringTests" type="xs:boolean" default="false"/>
diff --git a/src/TextUI/Command.php b/src/TextUI/Command.php
index 67a9e77fa..cd89b6707 100644
--- a/src/TextUI/Command.php
+++ b/src/TextUI/Command.php
@@ -127,8 +127,10 @@ class Command
         'stop-on-incomplete'        => null,
         'stop-on-risky'             => null,
         'stop-on-skipped'           => null,
-        'fail-on-warning'           => null,
+        'fail-on-incomplete'        => null,
         'fail-on-risky'             => null,
+        'fail-on-skipped'           => null,
+        'fail-on-warning'           => null,
         'strict-coverage'           => null,
         'disable-coverage-ignore'   => null,
         'strict-global-state'       => null,
@@ -560,8 +562,8 @@ protected function handleArguments(array $argv): void
 
                     break;
 
-                case '--fail-on-warning':
-                    $this->arguments['failOnWarning'] = true;
+                case '--fail-on-incomplete':
+                    $this->arguments['failOnIncomplete'] = true;
 
                     break;
 
@@ -570,6 +572,16 @@ protected function handleArguments(array $argv): void
 
                     break;
 
+                case '--fail-on-skipped':
+                    $this->arguments['failOnSkipped'] = true;
+
+                    break;
+
+                case '--fail-on-warning':
+                    $this->arguments['failOnWarning'] = true;
+
+                    break;
+
                 case '--teamcity':
                     $this->arguments['printer'] = TeamCity::class;
 
diff --git a/src/TextUI/Configuration/Loader.php b/src/TextUI/Configuration/Loader.php
index 648f55e25..c7cd0df83 100644
--- a/src/TextUI/Configuration/Loader.php
+++ b/src/TextUI/Configuration/Loader.php
@@ -705,8 +705,10 @@ private function phpunit(string $filename, \DOMDocument $document): PHPUnit
             $this->getBooleanAttribute($document->documentElement, 'disableCodeCoverageIgnore', false),
             $bootstrap,
             $this->getBooleanAttribute($document->documentElement, 'processIsolation', false),
-            $this->getBooleanAttribute($document->documentElement, 'failOnWarning', false),
+            $this->getBooleanAttribute($document->documentElement, 'failOnIncomplete', false),
             $this->getBooleanAttribute($document->documentElement, 'failOnRisky', false),
+            $this->getBooleanAttribute($document->documentElement, 'failOnSkipped', false),
+            $this->getBooleanAttribute($document->documentElement, 'failOnWarning', false),
             $this->getBooleanAttribute($document->documentElement, 'stopOnDefect', false),
             $this->getBooleanAttribute($document->documentElement, 'stopOnError', false),
             $this->getBooleanAttribute($document->documentElement, 'stopOnFailure', false),
diff --git a/src/TextUI/Configuration/PHPUnit/PHPUnit.php b/src/TextUI/Configuration/PHPUnit/PHPUnit.php
index 57eee9e99..6505640e8 100644
--- a/src/TextUI/Configuration/PHPUnit/PHPUnit.php
+++ b/src/TextUI/Configuration/PHPUnit/PHPUnit.php
@@ -108,13 +108,23 @@ final class PHPUnit
     /**
      * @var bool
      */
-    private $failOnWarning;
+    private $failOnIncomplete;
 
     /**
      * @var bool
      */
     private $failOnRisky;
 
+    /**
+     * @var bool
+     */
+    private $failOnSkipped;
+
+    /**
+     * @var bool
+     */
+    private $failOnWarning;
+
     /**
      * @var bool
      */
@@ -274,7 +284,7 @@ final class PHPUnit
      */
     private $conflictBetweenPrinterClassAndTestdox;
 
-    public function __construct(bool $cacheResult, ?string $cacheResultFile, bool $cacheTokens, $columns, string $colors, bool $stderr, bool $noInteraction, bool $verbose, bool $reverseDefectList, bool $convertDeprecationsToExceptions, bool $convertErrorsToExceptions, bool $convertNoticesToExceptions, bool $convertWarningsToExceptions, bool $forceCoversAnnotation, bool $ignoreDeprecatedCodeUnitsFromCodeCoverage, bool $disableCodeCoverageIgnore, ?string $bootstrap, bool $processIsolation, bool $failOnWarning, bool $failOnRisky, bool $stopOnDefect, bool $stopOnError, bool $stopOnFailure, bool $stopOnWarning, bool $stopOnIncomplete, bool $stopOnRisky, bool $stopOnSkipped, ?string $extensionsDirectory, ?string $testSuiteLoaderClass, ?string $testSuiteLoaderFile, ?string $printerClass, ?string $printerFile, bool $beStrictAboutChangesToGlobalState, bool $beStrictAboutOutputDuringTests, bool $beStrictAboutResourceUsageDuringSmallTests, bool $beStrictAboutTestsThatDoNotTestAnything, bool $beStrictAboutTodoAnnotatedTests, bool $beStrictAboutCoversAnnotation, bool $enforceTimeLimit, int $defaultTimeLimit, int $timeoutForSmallTests, int $timeoutForMediumTests, int $timeoutForLargeTests, ?string $defaultTestSuite, int $executionOrder, bool $resolveDependencies, bool $defectsFirst, bool $backupGlobals, bool $backupStaticAttributes, bool $registerMockObjectsFromTestArgumentsRecursively, bool $conflictBetweenPrinterClassAndTestdox)
+    public function __construct(bool $cacheResult, ?string $cacheResultFile, bool $cacheTokens, $columns, string $colors, bool $stderr, bool $noInteraction, bool $verbose, bool $reverseDefectList, bool $convertDeprecationsToExceptions, bool $convertErrorsToExceptions, bool $convertNoticesToExceptions, bool $convertWarningsToExceptions, bool $forceCoversAnnotation, bool $ignoreDeprecatedCodeUnitsFromCodeCoverage, bool $disableCodeCoverageIgnore, ?string $bootstrap, bool $processIsolation, bool $failOnIncomplete, bool $failOnRisky, bool $failOnSkipped, bool $failOnWarning, bool $stopOnDefect, bool $stopOnError, bool $stopOnFailure, bool $stopOnWarning, bool $stopOnIncomplete, bool $stopOnRisky, bool $stopOnSkipped, ?string $extensionsDirectory, ?string $testSuiteLoaderClass, ?string $testSuiteLoaderFile, ?string $printerClass, ?string $printerFile, bool $beStrictAboutChangesToGlobalState, bool $beStrictAboutOutputDuringTests, bool $beStrictAboutResourceUsageDuringSmallTests, bool $beStrictAboutTestsThatDoNotTestAnything, bool $beStrictAboutTodoAnnotatedTests, bool $beStrictAboutCoversAnnotation, bool $enforceTimeLimit, int $defaultTimeLimit, int $timeoutForSmallTests, int $timeoutForMediumTests, int $timeoutForLargeTests, ?string $defaultTestSuite, int $executionOrder, bool $resolveDependencies, bool $defectsFirst, bool $backupGlobals, bool $backupStaticAttributes, bool $registerMockObjectsFromTestArgumentsRecursively, bool $conflictBetweenPrinterClassAndTestdox)
     {
         $this->cacheResult                                     = $cacheResult;
         $this->cacheResultFile                                 = $cacheResultFile;
@@ -294,8 +304,10 @@ public function __construct(bool $cacheResult, ?string $cacheResultFile, bool $c
         $this->disableCodeCoverageIgnore                       = $disableCodeCoverageIgnore;
         $this->bootstrap                                       = $bootstrap;
         $this->processIsolation                                = $processIsolation;
-        $this->failOnWarning                                   = $failOnWarning;
+        $this->failOnIncomplete                                = $failOnIncomplete;
         $this->failOnRisky                                     = $failOnRisky;
+        $this->failOnSkipped                                   = $failOnSkipped;
+        $this->failOnWarning                                   = $failOnWarning;
         $this->stopOnDefect                                    = $stopOnDefect;
         $this->stopOnError                                     = $stopOnError;
         $this->stopOnFailure                                   = $stopOnFailure;
@@ -443,9 +455,9 @@ public function processIsolation(): bool
         return $this->processIsolation;
     }
 
-    public function failOnWarning(): bool
+    public function failOnIncomplete(): bool
     {
-        return $this->failOnWarning;
+        return $this->failOnIncomplete;
     }
 
     public function failOnRisky(): bool
@@ -453,6 +465,16 @@ public function failOnRisky(): bool
         return $this->failOnRisky;
     }
 
+    public function failOnSkipped(): bool
+    {
+        return $this->failOnSkipped;
+    }
+
+    public function failOnWarning(): bool
+    {
+        return $this->failOnWarning;
+    }
+
     public function stopOnDefect(): bool
     {
         return $this->stopOnDefect;
diff --git a/src/TextUI/Help.php b/src/TextUI/Help.php
index a5fb8e853..3edfd4f7a 100644
--- a/src/TextUI/Help.php
+++ b/src/TextUI/Help.php
@@ -85,8 +85,10 @@ final class Help
             ['arg'    => '--stop-on-risky', 'desc' => 'Stop execution upon first risky test'],
             ['arg'    => '--stop-on-skipped', 'desc' => 'Stop execution upon first skipped test'],
             ['arg'    => '--stop-on-incomplete', 'desc' => 'Stop execution upon first incomplete test'],
-            ['arg'    => '--fail-on-warning', 'desc' => 'Treat tests with warnings as failures'],
+            ['arg'    => '--fail-on-incomplete', 'desc' => 'Treat incomplete tests as failures'],
             ['arg'    => '--fail-on-risky', 'desc' => 'Treat risky tests as failures'],
+            ['arg'    => '--fail-on-skipped', 'desc' => 'Treat skipped tests as failures'],
+            ['arg'    => '--fail-on-warning', 'desc' => 'Treat tests with warnings as failures'],
             ['arg'    => '-v|--verbose', 'desc' => 'Output more verbose information'],
             ['arg'    => '--debug', 'desc' => 'Display debugging information'],
             ['spacer' => ''],
diff --git a/src/TextUI/TestRunner.php b/src/TextUI/TestRunner.php
index a7180d29a..d86211d93 100644
--- a/src/TextUI/TestRunner.php
+++ b/src/TextUI/TestRunner.php
@@ -764,6 +764,14 @@ public function run(Test $suite, array $arguments = [], bool $exit = true): Test
                     exit(self::FAILURE_EXIT);
                 }
 
+                if ($arguments['failOnIncomplete'] && $result->notImplementedCount() > 0) {
+                    exit(self::FAILURE_EXIT);
+                }
+
+                if ($arguments['failOnSkipped'] && $result->skippedCount() > 0) {
+                    exit(self::FAILURE_EXIT);
+                }
+
                 exit(self::SUCCESS_EXIT);
             }
 
@@ -862,8 +870,10 @@ private function handleConfiguration(array &$arguments): void
             $arguments['stopOnIncomplete']                                = $arguments['stopOnIncomplete'] ?? $phpunitConfiguration->stopOnIncomplete();
             $arguments['stopOnRisky']                                     = $arguments['stopOnRisky'] ?? $phpunitConfiguration->stopOnRisky();
             $arguments['stopOnSkipped']                                   = $arguments['stopOnSkipped'] ?? $phpunitConfiguration->stopOnSkipped();
-            $arguments['failOnWarning']                                   = $arguments['failOnWarning'] ?? $phpunitConfiguration->failOnWarning();
+            $arguments['failOnIncomplete']                                = $arguments['failOnIncomplete'] ?? $phpunitConfiguration->failOnIncomplete();
             $arguments['failOnRisky']                                     = $arguments['failOnRisky'] ?? $phpunitConfiguration->failOnRisky();
+            $arguments['failOnSkipped']                                   = $arguments['failOnSkipped'] ?? $phpunitConfiguration->failOnSkipped();
+            $arguments['failOnWarning']                                   = $arguments['failOnWarning'] ?? $phpunitConfiguration->failOnWarning();
             $arguments['enforceTimeLimit']                                = $arguments['enforceTimeLimit'] ?? $phpunitConfiguration->enforceTimeLimit();
             $arguments['defaultTimeLimit']                                = $arguments['defaultTimeLimit'] ?? $phpunitConfiguration->defaultTimeLimit();
             $arguments['timeoutForSmallTests']                            = $arguments['timeoutForSmallTests'] ?? $phpunitConfiguration->timeoutForSmallTests();
@@ -1023,7 +1033,9 @@ private function handleConfiguration(array &$arguments): void
         $arguments['excludeGroups']                                   = $arguments['excludeGroups'] ?? [];
         $arguments['executionOrder']                                  = $arguments['executionOrder'] ?? TestSuiteSorter::ORDER_DEFAULT;
         $arguments['executionOrderDefects']                           = $arguments['executionOrderDefects'] ?? TestSuiteSorter::ORDER_DEFAULT;
+        $arguments['failOnIncomplete']                                = $arguments['failOnIncomplete'] ?? false;
         $arguments['failOnRisky']                                     = $arguments['failOnRisky'] ?? false;
+        $arguments['failOnSkipped']                                   = $arguments['failOnSkipped'] ?? false;
         $arguments['failOnWarning']                                   = $arguments['failOnWarning'] ?? false;
         $arguments['groups']                                          = $arguments['groups'] ?? [];
         $arguments['noInteraction']                                   = $arguments['noInteraction'] ?? false;
diff --git a/tests/_files/configuration.xml b/tests/_files/configuration.xml
index 3e50f4a3d..4585c3182 100644
--- a/tests/_files/configuration.xml
+++ b/tests/_files/configuration.xml
@@ -13,8 +13,10 @@
          forceCoversAnnotation="false"
          stopOnFailure="false"
          stopOnWarning="false"
-         failOnWarning="false"
+         failOnIncomplete="false"
          failOnRisky="false"
+         failOnSkipped="false"
+         failOnWarning="false"
          extensionsDirectory="/tmp"
          printerClass="PHPUnit\TextUI\DefaultResultPrinter"
          testSuiteLoaderClass="PHPUnit\Runner\StandardTestSuiteLoader"
diff --git a/tests/end-to-end/cli/_files/output-cli-help-color.txt b/tests/end-to-end/cli/_files/output-cli-help-color.txt
index 6945c190d..52c75b2c3 100644
--- a/tests/end-to-end/cli/_files/output-cli-help-color.txt
+++ b/tests/end-to-end/cli/_files/output-cli-help-color.txt
@@ -82,8 +82,10 @@
   [32m--stop-on-risky            [0m Stop execution upon first risky test
   [32m--stop-on-skipped          [0m Stop execution upon first skipped test
   [32m--stop-on-incomplete       [0m Stop execution upon first incomplete test
-  [32m--fail-on-warning          [0m Treat tests with warnings as failures
+  [32m--fail-on-incomplete       [0m Treat incomplete tests as failures
   [32m--fail-on-risky            [0m Treat risky tests as failures
+  [32m--fail-on-skipped          [0m Treat skipped tests as failures
+  [32m--fail-on-warning          [0m Treat tests with warnings as failures
   [32m-v|--verbose               [0m Output more verbose information
   [32m--debug                    [0m Display debugging information
 
diff --git a/tests/end-to-end/cli/_files/output-cli-usage.txt b/tests/end-to-end/cli/_files/output-cli-usage.txt
index 62fb749d8..864fcd1b5 100644
--- a/tests/end-to-end/cli/_files/output-cli-usage.txt
+++ b/tests/end-to-end/cli/_files/output-cli-usage.txt
@@ -64,8 +64,10 @@ Test Execution Options:
   --stop-on-risky             Stop execution upon first risky test
   --stop-on-skipped           Stop execution upon first skipped test
   --stop-on-incomplete        Stop execution upon first incomplete test
-  --fail-on-warning           Treat tests with warnings as failures
+  --fail-on-incomplete        Treat incomplete tests as failures
   --fail-on-risky             Treat risky tests as failures
+  --fail-on-skipped           Treat skipped tests as failures
+  --fail-on-warning           Treat tests with warnings as failures
   -v|--verbose                Output more verbose information
   --debug                     Display debugging information
 
diff --git a/tests/unit/Util/ConfigurationTest.php b/tests/unit/Util/ConfigurationTest.php
index 3ff54a06b..9d0e56fb9 100644
--- a/tests/unit/Util/ConfigurationTest.php
+++ b/tests/unit/Util/ConfigurationTest.php
@@ -561,8 +561,10 @@ public function testPHPUnitConfigurationIsReadCorrectly(): void
         $this->assertSame(60, $configuration->timeoutForLargeTests());
         $this->assertFalse($configuration->beStrictAboutResourceUsageDuringSmallTests());
         $this->assertFalse($configuration->beStrictAboutTodoAnnotatedTests());
-        $this->assertFalse($configuration->failOnWarning());
+        $this->assertFalse($configuration->failOnIncomplete());
         $this->assertFalse($configuration->failOnRisky());
+        $this->assertFalse($configuration->failOnSkipped());
+        $this->assertFalse($configuration->failOnWarning());
         $this->assertFalse($configuration->ignoreDeprecatedCodeUnitsFromCodeCoverage());
         $this->assertSame(TestSuiteSorter::ORDER_DEFAULT, $configuration->executionOrder());
         $this->assertFalse($configuration->defectsFirst());
