diff --git a/ChangeLog-10.0.md b/ChangeLog-10.0.md
index ba508d8bc..103e1559e 100644
--- a/ChangeLog-10.0.md
+++ b/ChangeLog-10.0.md
@@ -2,6 +2,12 @@
 
 All notable changes of the PHPUnit 10.0 release series are documented in this file using the [Keep a CHANGELOG](https://keepachangelog.com/) principles.
 
+## [10.0.17] - 2023-MM-DD
+
+### Changed
+
+* [#5285](https://github.com/sebastianbergmann/phpunit/issues/5285): Print complete test result (outcome and issues) when `--teamcity` is used
+
 ## [10.0.16] - 2023-03-13
 
 ### Added
@@ -261,6 +267,7 @@ All notable changes of the PHPUnit 10.0 release series are documented in this fi
 * PHP 7.3, PHP 7.4, and PHP 8.0 are no longer supported
 * `phpunit/php-code-coverage` [no longer supports PHPDBG and Xdebug 2](https://github.com/sebastianbergmann/php-code-coverage/blob/10.0.0/ChangeLog.md#1000---2023-02-03)
 
+[10.0.17]: https://github.com/sebastianbergmann/phpunit/compare/10.0.16...10.0
 [10.0.16]: https://github.com/sebastianbergmann/phpunit/compare/10.0.15...10.0.16
 [10.0.15]: https://github.com/sebastianbergmann/phpunit/compare/10.0.14...10.0.15
 [10.0.14]: https://github.com/sebastianbergmann/phpunit/compare/10.0.13...10.0.14
diff --git a/src/TextUI/Output/Facade.php b/src/TextUI/Output/Facade.php
index 753c9b5b9..b63985b62 100644
--- a/src/TextUI/Output/Facade.php
+++ b/src/TextUI/Output/Facade.php
@@ -179,7 +179,7 @@ private static function createResultPrinter(Configuration $configuration): void
     {
         assert(self::$printer !== null);
 
-        if ($configuration->outputIsTeamCity() || $configuration->outputIsTestDox()) {
+        if ($configuration->outputIsTestDox()) {
             self::$defaultResultPrinter = new DefaultResultPrinter(
                 self::$printer,
                 true,
diff --git a/tests/end-to-end/logging/teamcity-directory.phpt b/tests/end-to-end/logging/teamcity-directory.phpt
index 218887468..22e01c1e6 100644
--- a/tests/end-to-end/logging/teamcity-directory.phpt
+++ b/tests/end-to-end/logging/teamcity-directory.phpt
@@ -119,5 +119,61 @@ Runtime: %s
 ##teamcity[testSuiteFinished name='%stests/end-to-end/_files/basic/unit' flowId='%d']
 Time: %s, Memory: %s
 
+There were 5 errors:
+
+1) PHPUnit\SelfTest\Basic\SetUpBeforeClassTest
+Exception: forcing an Exception in setUpBeforeClass()
+
+%s/SetUpBeforeClassTest.php:%d
+
+2) PHPUnit\SelfTest\Basic\SetUpTest::testOneWithSetUpException
+RuntimeException: throw exception in setUp
+
+%s/SetUpTest.php:%d
+
+3) PHPUnit\SelfTest\Basic\SetUpTest::testTwoWithSetUpException
+RuntimeException: throw exception in setUp
+
+%s/SetUpTest.php:%d
+
+4) PHPUnit\SelfTest\Basic\StatusTest::testError
+RuntimeException: 
+
+%s/StatusTest.php:%d
+
+5) PHPUnit\SelfTest\Basic\StatusTest::testErrorWithMessage
+RuntimeException: error with custom message
+
+%s/StatusTest.php:%d
+
+--
+
+There were 2 failures:
+
+1) PHPUnit\SelfTest\Basic\StatusTest::testFailure
+Failed asserting that false is true.
+
+%s/StatusTest.php:%d
+
+2) PHPUnit\SelfTest\Basic\StatusTest::testFailureWithMessage
+failure with custom message
+Failed asserting that false is true.
+
+%s/StatusTest.php:%d
+
+--
+
+There were 2 risky tests:
+
+1) PHPUnit\SelfTest\Basic\StatusTest::testRisky
+This test did not perform any assertions
+
+%s/StatusTest.php:%d
+
+2) PHPUnit\SelfTest\Basic\StatusTest::testRiskyWithMessage
+This test did not perform any assertions
+
+%s/StatusTest.php:%d
+
 ERRORS!
 Tests: 18, Assertions: 6, Errors: 5, Failures: 2, Skipped: 3, Incomplete: 2, Risky: 2.
diff --git a/tests/end-to-end/logging/teamcity-file.phpt b/tests/end-to-end/logging/teamcity-file.phpt
index 47457dccc..de4ea10c7 100644
--- a/tests/end-to-end/logging/teamcity-file.phpt
+++ b/tests/end-to-end/logging/teamcity-file.phpt
@@ -93,5 +93,46 @@ Runtime: %s
 ##teamcity[testSuiteFinished name='PHPUnit\SelfTest\Basic\StatusTest' flowId='%d']
 Time: %s, Memory: %s
 
+There were 2 errors:
+
+1) PHPUnit\SelfTest\Basic\StatusTest::testError
+RuntimeException: 
+
+%s/StatusTest.php:%d
+
+2) PHPUnit\SelfTest\Basic\StatusTest::testErrorWithMessage
+RuntimeException: error with custom message
+
+%s/StatusTest.php:%d
+
+--
+
+There were 2 failures:
+
+1) PHPUnit\SelfTest\Basic\StatusTest::testFailure
+Failed asserting that false is true.
+
+%s/StatusTest.php:%d
+
+2) PHPUnit\SelfTest\Basic\StatusTest::testFailureWithMessage
+failure with custom message
+Failed asserting that false is true.
+
+%s/StatusTest.php:%d
+
+--
+
+There were 2 risky tests:
+
+1) PHPUnit\SelfTest\Basic\StatusTest::testRisky
+This test did not perform any assertions
+
+%s/StatusTest.php:%d
+
+2) PHPUnit\SelfTest\Basic\StatusTest::testRiskyWithMessage
+This test did not perform any assertions
+
+%s/StatusTest.php:%d
+
 ERRORS!
 Tests: 13, Assertions: 4, Errors: 2, Failures: 2, Skipped: 3, Incomplete: 2, Risky: 2.
