diff --git a/ChangeLog-10.2.md b/ChangeLog-10.2.md
index 5ef24f3ad..acfc0ddfd 100644
--- a/ChangeLog-10.2.md
+++ b/ChangeLog-10.2.md
@@ -2,6 +2,12 @@
 
 All notable changes of the PHPUnit 10.2 release series are documented in this file using the [Keep a CHANGELOG](https://keepachangelog.com/) principles.
 
+## [10.2.5] - 2023-MM-DD
+
+* [#5443](https://github.com/sebastianbergmann/phpunit/issues/5443): Restore behaviour that tests are not considered risky when they errored before an assertion was performed
+
+### Changed
+
 ## [10.2.4] - 2023-07-10
 
 ### Fixed
@@ -50,6 +56,7 @@ All notable changes of the PHPUnit 10.2 release series are documented in this fi
 * [#5366](https://github.com/sebastianbergmann/phpunit/issues/5366): `PHPUnit\Event\TestSuite\Loaded` event has incomplete `PHPUnit\Event\TestSuite\TestSuite` value object
 * Always use `X.Y.Z` version number (and not just `X.Y`) of PHPUnit's version when checking whether a PHAR-distributed extension is compatible
 
+[10.2.5]: https://github.com/sebastianbergmann/phpunit/compare/10.2.3...10.2
 [10.2.4]: https://github.com/sebastianbergmann/phpunit/compare/10.2.3...10.2.4
 [10.2.3]: https://github.com/sebastianbergmann/phpunit/compare/10.2.2...10.2.3
 [10.2.2]: https://github.com/sebastianbergmann/phpunit/compare/10.2.1...10.2.2
diff --git a/src/Framework/TestRunner.php b/src/Framework/TestRunner.php
index 1d676bada..a6b6b415b 100644
--- a/src/Framework/TestRunner.php
+++ b/src/Framework/TestRunner.php
@@ -194,7 +194,8 @@ public function run(TestCase $test): void
 
         ErrorHandler::instance()->disable();
 
-        if (!$incomplete &&
+        if (!$error &&
+            !$incomplete &&
             !$skipped &&
             $this->configuration->reportUselessTests() &&
             !$test->doesNotPerformAssertions() &&
diff --git a/tests/end-to-end/cli/stop-on/stop-on-defect-for-error.phpt b/tests/end-to-end/cli/stop-on/stop-on-defect-for-error.phpt
index 3762f2ebf..90a7aebd1 100644
--- a/tests/end-to-end/cli/stop-on/stop-on-defect-for-error.phpt
+++ b/tests/end-to-end/cli/stop-on/stop-on-defect-for-error.phpt
@@ -37,8 +37,6 @@ Test Preparation Started (PHPUnit\TestFixture\TestRunnerStopping\ErrorTest::test
 Test Prepared (PHPUnit\TestFixture\TestRunnerStopping\ErrorTest::testOne)
 Test Errored (PHPUnit\TestFixture\TestRunnerStopping\ErrorTest::testOne)
 message
-Test Considered Risky (PHPUnit\TestFixture\TestRunnerStopping\ErrorTest::testOne)
-This test did not perform any assertions
 Test Finished (PHPUnit\TestFixture\TestRunnerStopping\ErrorTest::testOne)
 Test Runner Execution Aborted
 Test Suite Finished (PHPUnit\TestFixture\TestRunnerStopping\ErrorTest, 2 tests)
diff --git a/tests/end-to-end/cli/stop-on/stop-on-error.phpt b/tests/end-to-end/cli/stop-on/stop-on-error.phpt
index 7ce06bb9b..4882ad277 100644
--- a/tests/end-to-end/cli/stop-on/stop-on-error.phpt
+++ b/tests/end-to-end/cli/stop-on/stop-on-error.phpt
@@ -37,8 +37,6 @@ Test Preparation Started (PHPUnit\TestFixture\TestRunnerStopping\ErrorTest::test
 Test Prepared (PHPUnit\TestFixture\TestRunnerStopping\ErrorTest::testOne)
 Test Errored (PHPUnit\TestFixture\TestRunnerStopping\ErrorTest::testOne)
 message
-Test Considered Risky (PHPUnit\TestFixture\TestRunnerStopping\ErrorTest::testOne)
-This test did not perform any assertions
 Test Finished (PHPUnit\TestFixture\TestRunnerStopping\ErrorTest::testOne)
 Test Runner Execution Aborted
 Test Suite Finished (PHPUnit\TestFixture\TestRunnerStopping\ErrorTest, 2 tests)
diff --git a/tests/end-to-end/event/exception-in-setup.phpt b/tests/end-to-end/event/exception-in-setup.phpt
index c08dd4fd5..2a897cfdb 100644
--- a/tests/end-to-end/event/exception-in-setup.phpt
+++ b/tests/end-to-end/event/exception-in-setup.phpt
@@ -37,8 +37,6 @@ Before Test Method Called (PHPUnit\TestFixture\Event\ExceptionInSetUpTest::setUp
 Before Test Method Finished:
 - PHPUnit\TestFixture\Event\ExceptionInSetUpTest::setUp
 Test Errored (PHPUnit\TestFixture\Event\ExceptionInSetUpTest::testOne)
-Test Considered Risky (PHPUnit\TestFixture\Event\ExceptionInSetUpTest::testOne)
-This test did not perform any assertions
 Test Suite Finished (PHPUnit\TestFixture\Event\ExceptionInSetUpTest, 1 test)
 Test Runner Execution Finished
 Test Runner Finished
diff --git a/tests/end-to-end/event/process-isolation-fatal.phpt b/tests/end-to-end/event/process-isolation-fatal.phpt
index a271dda93..e116c66d4 100644
--- a/tests/end-to-end/event/process-isolation-fatal.phpt
+++ b/tests/end-to-end/event/process-isolation-fatal.phpt
@@ -37,8 +37,6 @@ Test Preparation Started (PHPUnit\TestFixture\Event\FatalTest::testOne)
 Test Prepared (PHPUnit\TestFixture\Event\FatalTest::testOne)
 Test Errored (PHPUnit\TestFixture\Event\FatalTest::testOne)
 Call to undefined function PHPUnit\TestFixture\Event\doesNotExist()
-Test Considered Risky (PHPUnit\TestFixture\Event\FatalTest::testOne)
-This test did not perform any assertions
 Test Finished (PHPUnit\TestFixture\Event\FatalTest::testOne)
 Test Suite Finished (PHPUnit\TestFixture\Event\FatalTest, 1 test)
 Test Runner Execution Finished
diff --git a/tests/end-to-end/event/test-error.phpt b/tests/end-to-end/event/test-error.phpt
index adf72a594..19fc8e9bb 100644
--- a/tests/end-to-end/event/test-error.phpt
+++ b/tests/end-to-end/event/test-error.phpt
@@ -36,8 +36,6 @@ Test Preparation Started (PHPUnit\TestFixture\Event\ErrorTest::testError)
 Test Prepared (PHPUnit\TestFixture\Event\ErrorTest::testError)
 Test Errored (PHPUnit\TestFixture\Event\ErrorTest::testError)
 message
-Test Considered Risky (PHPUnit\TestFixture\Event\ErrorTest::testError)
-This test did not perform any assertions
 Test Finished (PHPUnit\TestFixture\Event\ErrorTest::testError)
 Test Suite Finished (PHPUnit\TestFixture\Event\ErrorTest, 1 test)
 Test Runner Execution Finished
diff --git a/tests/end-to-end/event/test-registered-failure-interface.phpt b/tests/end-to-end/event/test-registered-failure-interface.phpt
index e59551794..9ae71e111 100644
--- a/tests/end-to-end/event/test-registered-failure-interface.phpt
+++ b/tests/end-to-end/event/test-registered-failure-interface.phpt
@@ -42,8 +42,6 @@ Test Preparation Started (PHPUnit\TestFixture\Event\CustomFailureInterfaceTest::
 Test Prepared (PHPUnit\TestFixture\Event\CustomFailureInterfaceTest::testTwo)
 Test Errored (PHPUnit\TestFixture\Event\CustomFailureInterfaceTest::testTwo)
 this should be treated as an error
-Test Considered Risky (PHPUnit\TestFixture\Event\CustomFailureInterfaceTest::testTwo)
-This test did not perform any assertions
 Test Finished (PHPUnit\TestFixture\Event\CustomFailureInterfaceTest::testTwo)
 Test Suite Finished (PHPUnit\TestFixture\Event\CustomFailureInterfaceTest, 2 tests)
 Test Runner Execution Finished
diff --git a/tests/end-to-end/generic/outcome-and-issues.phpt b/tests/end-to-end/generic/outcome-and-issues.phpt
index 4df45eaa6..3b56f48b0 100644
--- a/tests/end-to-end/generic/outcome-and-issues.phpt
+++ b/tests/end-to-end/generic/outcome-and-issues.phpt
@@ -61,28 +61,13 @@ Failed asserting that false is true.
 
 --
 
-There were 4 risky tests:
+There was 1 risky test:
 
 1) PHPUnit\TestFixture\OutcomesAndIssuesTest::testSuccessWithRisky
 This test did not perform any assertions
 
 %sOutcomesAndIssuesTest.php:%d
 
-2) PHPUnit\TestFixture\OutcomesAndIssuesTest::testErrorWithDeprecation
-This test did not perform any assertions
-
-%sOutcomesAndIssuesTest.php:%d
-
-3) PHPUnit\TestFixture\OutcomesAndIssuesTest::testErrorWithNotice
-This test did not perform any assertions
-
-%sOutcomesAndIssuesTest.php:%d
-
-4) PHPUnit\TestFixture\OutcomesAndIssuesTest::testErrorWithWarning
-This test did not perform any assertions
-
-%sOutcomesAndIssuesTest.php:%d
-
 --
 
 There were 3 incomplete tests:
@@ -218,4 +203,4 @@ deprecation message
 %sOutcomesAndIssuesTest.php:%d
 
 ERRORS!
-Tests: 17, Assertions: 7, Errors: 3, Failures: 3, Warnings: 5, Deprecations: 5, Notices: 5, Skipped: 3, Incomplete: 3, Risky: 4.
+Tests: 17, Assertions: 7, Errors: 3, Failures: 3, Warnings: 5, Deprecations: 5, Notices: 5, Skipped: 3, Incomplete: 3, Risky: 1.
diff --git a/tests/end-to-end/logging/log-teamcity.phpt b/tests/end-to-end/logging/log-teamcity.phpt
index 7a6bf1b2c..297230aeb 100644
--- a/tests/end-to-end/logging/log-teamcity.phpt
+++ b/tests/end-to-end/logging/log-teamcity.phpt
@@ -31,8 +31,6 @@ require_once __DIR__ . '/../../bootstrap.php';
 
 ##teamcity[testFailed name='testError' message='RuntimeException' details='%sStatusTest.php:%d|n' duration='%d' flowId='%d']
 
-##teamcity[testFailed name='testError' message='This test did not perform any assertions' details='' duration='%d' flowId='%d']
-
 ##teamcity[testFinished name='testError' duration='%d' flowId='%d']
 
 ##teamcity[testStarted name='testIncomplete' locationHint='php_qn://%sStatusTest.php::\PHPUnit\SelfTest\Basic\StatusTest::testIncomplete' flowId='%d']
@@ -67,8 +65,6 @@ require_once __DIR__ . '/../../bootstrap.php';
 
 ##teamcity[testFailed name='testErrorWithMessage' message='RuntimeException: error with custom message' details='%sStatusTest.php:%d|n' duration='%d' flowId='%d']
 
-##teamcity[testFailed name='testErrorWithMessage' message='This test did not perform any assertions' details='' duration='%d' flowId='%d']
-
 ##teamcity[testFinished name='testErrorWithMessage' duration='%d' flowId='%d']
 
 ##teamcity[testStarted name='testIncompleteWithMessage' locationHint='php_qn://%sStatusTest.php::\PHPUnit\SelfTest\Basic\StatusTest::testIncompleteWithMessage' flowId='%d']
diff --git a/tests/end-to-end/logging/teamcity-directory.phpt b/tests/end-to-end/logging/teamcity-directory.phpt
index e2466fc00..22e01c1e6 100644
--- a/tests/end-to-end/logging/teamcity-directory.phpt
+++ b/tests/end-to-end/logging/teamcity-directory.phpt
@@ -26,12 +26,8 @@ Runtime: %s
 
 ##teamcity[testFailed name='testOneWithSetUpException' message='RuntimeException: throw exception in setUp' details='%stests/end-to-end/_files/basic/unit/SetUpTest.php:%d|n' duration='%d' flowId='%d']
 
-##teamcity[testFailed name='testOneWithSetUpException' message='This test did not perform any assertions' details='' duration='%d' flowId='%d']
-
 ##teamcity[testFailed name='testTwoWithSetUpException' message='RuntimeException: throw exception in setUp' details='%stests/end-to-end/_files/basic/unit/SetUpTest.php:%d|n' duration='%d' flowId='%d']
 
-##teamcity[testFailed name='testTwoWithSetUpException' message='This test did not perform any assertions' details='' duration='%d' flowId='%d']
-
 ##teamcity[testSuiteFinished name='PHPUnit\SelfTest\Basic\SetUpTest' flowId='%d']
 
 ##teamcity[testSuiteStarted name='PHPUnit\SelfTest\Basic\StatusTest' locationHint='php_qn://%stests/end-to-end/_files/basic/unit/StatusTest.php::\PHPUnit\SelfTest\Basic\StatusTest' flowId='%d']
@@ -50,8 +46,6 @@ Runtime: %s
 
 ##teamcity[testFailed name='testError' message='RuntimeException' details='%stests/end-to-end/_files/basic/unit/StatusTest.php:%d|n' duration='%d' flowId='%d']
 
-##teamcity[testFailed name='testError' message='This test did not perform any assertions' details='' duration='%d' flowId='%d']
-
 ##teamcity[testFinished name='testError' duration='%d' flowId='%d']
 
 ##teamcity[testStarted name='testIncomplete' locationHint='php_qn://%stests/end-to-end/_files/basic/unit/StatusTest.php::\PHPUnit\SelfTest\Basic\StatusTest::testIncomplete' flowId='%d']
@@ -86,8 +80,6 @@ Runtime: %s
 
 ##teamcity[testFailed name='testErrorWithMessage' message='RuntimeException: error with custom message' details='%stests/end-to-end/_files/basic/unit/StatusTest.php:%d|n' duration='%d' flowId='%d']
 
-##teamcity[testFailed name='testErrorWithMessage' message='This test did not perform any assertions' details='' duration='%d' flowId='%d']
-
 ##teamcity[testFinished name='testErrorWithMessage' duration='%d' flowId='%d']
 
 ##teamcity[testStarted name='testIncompleteWithMessage' locationHint='php_qn://%stests/end-to-end/_files/basic/unit/StatusTest.php::\PHPUnit\SelfTest\Basic\StatusTest::testIncompleteWithMessage' flowId='%d']
@@ -171,37 +163,17 @@ Failed asserting that false is true.
 
 --
 
-There were 6 risky tests:
-
-1) PHPUnit\SelfTest\Basic\SetUpTest::testOneWithSetUpException
-This test did not perform any assertions
+There were 2 risky tests:
 
-%s/SetUpTest.php:%d
-
-2) PHPUnit\SelfTest\Basic\SetUpTest::testTwoWithSetUpException
-This test did not perform any assertions
-
-%s/SetUpTest.php:%d
-
-3) PHPUnit\SelfTest\Basic\StatusTest::testError
-This test did not perform any assertions
-
-%s/StatusTest.php:%d
-
-4) PHPUnit\SelfTest\Basic\StatusTest::testRisky
-This test did not perform any assertions
-
-%s/StatusTest.php:%d
-
-5) PHPUnit\SelfTest\Basic\StatusTest::testErrorWithMessage
+1) PHPUnit\SelfTest\Basic\StatusTest::testRisky
 This test did not perform any assertions
 
 %s/StatusTest.php:%d
 
-6) PHPUnit\SelfTest\Basic\StatusTest::testRiskyWithMessage
+2) PHPUnit\SelfTest\Basic\StatusTest::testRiskyWithMessage
 This test did not perform any assertions
 
 %s/StatusTest.php:%d
 
 ERRORS!
-Tests: 18, Assertions: 6, Errors: 5, Failures: 2, Skipped: 3, Incomplete: 2, Risky: 6.
+Tests: 18, Assertions: 6, Errors: 5, Failures: 2, Skipped: 3, Incomplete: 2, Risky: 2.
diff --git a/tests/end-to-end/logging/teamcity-file.phpt b/tests/end-to-end/logging/teamcity-file.phpt
index 0d95a5898..de4ea10c7 100644
--- a/tests/end-to-end/logging/teamcity-file.phpt
+++ b/tests/end-to-end/logging/teamcity-file.phpt
@@ -34,8 +34,6 @@ Runtime: %s
 
 ##teamcity[testFailed name='testError' message='RuntimeException' details='%sStatusTest.php:%d|n' duration='%d' flowId='%d']
 
-##teamcity[testFailed name='testError' message='This test did not perform any assertions' details='' duration='%d' flowId='%d']
-
 ##teamcity[testFinished name='testError' duration='%d' flowId='%d']
 
 ##teamcity[testStarted name='testIncomplete' locationHint='php_qn://%sStatusTest.php::\PHPUnit\SelfTest\Basic\StatusTest::testIncomplete' flowId='%d']
@@ -70,8 +68,6 @@ Runtime: %s
 
 ##teamcity[testFailed name='testErrorWithMessage' message='RuntimeException: error with custom message' details='%sStatusTest.php:%d|n' duration='%d' flowId='%d']
 
-##teamcity[testFailed name='testErrorWithMessage' message='This test did not perform any assertions' details='' duration='%d' flowId='%d']
-
 ##teamcity[testFinished name='testErrorWithMessage' duration='%d' flowId='%d']
 
 ##teamcity[testStarted name='testIncompleteWithMessage' locationHint='php_qn://%sStatusTest.php::\PHPUnit\SelfTest\Basic\StatusTest::testIncompleteWithMessage' flowId='%d']
@@ -126,27 +122,17 @@ Failed asserting that false is true.
 
 --
 
-There were 4 risky tests:
-
-1) PHPUnit\SelfTest\Basic\StatusTest::testError
-This test did not perform any assertions
-
-%s/StatusTest.php:%d
-
-2) PHPUnit\SelfTest\Basic\StatusTest::testRisky
-This test did not perform any assertions
-
-%s/StatusTest.php:%d
+There were 2 risky tests:
 
-3) PHPUnit\SelfTest\Basic\StatusTest::testErrorWithMessage
+1) PHPUnit\SelfTest\Basic\StatusTest::testRisky
 This test did not perform any assertions
 
 %s/StatusTest.php:%d
 
-4) PHPUnit\SelfTest\Basic\StatusTest::testRiskyWithMessage
+2) PHPUnit\SelfTest\Basic\StatusTest::testRiskyWithMessage
 This test did not perform any assertions
 
 %s/StatusTest.php:%d
 
 ERRORS!
-Tests: 13, Assertions: 4, Errors: 2, Failures: 2, Skipped: 3, Incomplete: 2, Risky: 4.
+Tests: 13, Assertions: 4, Errors: 2, Failures: 2, Skipped: 3, Incomplete: 2, Risky: 2.
