diff --git a/ChangeLog-10.5.md b/ChangeLog-10.5.md
index c0208482a..82a2d8f4a 100644
--- a/ChangeLog-10.5.md
+++ b/ChangeLog-10.5.md
@@ -6,7 +6,8 @@ All notable changes of the PHPUnit 10.5 release series are documented in this fi
 
 ### Added
 
-* [#6239](https://github.com/sebastianbergmann/phpunit/issues/6239): `--do-not-fail-on-deprecation`, `--do-not-fail-on-phpunit-deprecation`, `--do-not-fail-on-empty-test-suite`, `--do-not-fail-on-incomplete`, `--do-not-fail-on-notice`, `--do-not-fail-on-risky`, `--do-not-fail-on-skipped`, and `--do-not-fail-on-warning` CLI options
+* [#6236](https://github.com/sebastianbergmann/phpunit/issues/6236): `failOnPhpunitWarning` attribute on the `<phpunit>` element of the XML configuration file and `--fail-on-phpunit-warning` CLI option for controlling whether PHPUnit should fail on PHPUnit warnings (default: `true`)
+* [#6239](https://github.com/sebastianbergmann/phpunit/issues/6239): `--do-not-fail-on-deprecation`, `--do-not-fail-on-phpunit-warning`, --do-not-fail-on-phpunit-deprecation`, `--do-not-fail-on-empty-test-suite`, `--do-not-fail-on-incomplete`, `--do-not-fail-on-notice`, `--do-not-fail-on-risky`, `--do-not-fail-on-skipped`, and `--do-not-fail-on-warning` CLI options
 * `--do-not-report-useless-tests` CLI option as a replacement for `--dont-report-useless-tests`
 
 ### Deprecated
diff --git a/phpunit.xsd b/phpunit.xsd
index a08f88590..04c77212b 100644
--- a/phpunit.xsd
+++ b/phpunit.xsd
@@ -180,6 +180,7 @@
         <xs:attribute name="failOnAllIssues" type="xs:boolean" default="false"/>
         <xs:attribute name="failOnDeprecation" type="xs:boolean" default="false"/>
         <xs:attribute name="failOnPhpunitDeprecation" type="xs:boolean" default="false"/>
+        <xs:attribute name="failOnPhpunitWarning" type="xs:boolean" default="true"/>
         <xs:attribute name="failOnEmptyTestSuite" type="xs:boolean" default="false"/>
         <xs:attribute name="failOnIncomplete" type="xs:boolean" default="false"/>
         <xs:attribute name="failOnNotice" type="xs:boolean" default="false"/>
diff --git a/src/Runner/TestResult/TestResult.php b/src/Runner/TestResult/TestResult.php
index 5feb94359..52bf78e1c 100644
--- a/src/Runner/TestResult/TestResult.php
+++ b/src/Runner/TestResult/TestResult.php
@@ -387,17 +387,10 @@ public function hasTestRunnerTriggeredWarningEvents(): bool
     }
 
     public function wasSuccessful(): bool
-    {
-        return $this->wasSuccessfulIgnoringPhpunitWarnings() &&
-               !$this->hasTestTriggeredPhpunitErrorEvents() &&
-               !$this->hasTestRunnerTriggeredWarningEvents() &&
-               !$this->hasTestTriggeredPhpunitWarningEvents();
-    }
-
-    public function wasSuccessfulIgnoringPhpunitWarnings(): bool
     {
         return !$this->hasTestErroredEvents() &&
-               !$this->hasTestFailedEvents();
+               !$this->hasTestFailedEvents() &&
+               !$this->hasTestTriggeredPhpunitErrorEvents();
     }
 
     public function wasSuccessfulAndNoTestHasIssues(): bool
@@ -405,6 +398,12 @@ public function wasSuccessfulAndNoTestHasIssues(): bool
         return $this->wasSuccessful() && !$this->hasTestsWithIssues();
     }
 
+    public function hasIssues(): bool
+    {
+        return $this->hasTestsWithIssues() ||
+               $this->hasTestRunnerTriggeredWarningEvents();
+    }
+
     public function hasTestsWithIssues(): bool
     {
         return $this->hasRiskyTests() ||
@@ -412,7 +411,8 @@ public function hasTestsWithIssues(): bool
                $this->hasDeprecations() ||
                !empty($this->errors) ||
                $this->hasNotices() ||
-               $this->hasWarnings();
+               $this->hasWarnings() ||
+               $this->hasPhpunitWarnings();
     }
 
     /**
@@ -515,6 +515,17 @@ public function numberOfPhpunitDeprecations(): int
                count($this->testRunnerTriggeredDeprecationEvents);
     }
 
+    public function hasPhpunitWarnings(): bool
+    {
+        return $this->numberOfPhpunitWarnings() > 0;
+    }
+
+    public function numberOfPhpunitWarnings(): int
+    {
+        return count($this->testTriggeredPhpunitWarningEvents) +
+               count($this->testRunnerTriggeredWarningEvents);
+    }
+
     public function numberOfDeprecations(): int
     {
         return count($this->deprecations) +
@@ -542,9 +553,7 @@ public function hasWarnings(): bool
     public function numberOfWarnings(): int
     {
         return count($this->warnings) +
-               count($this->phpWarnings) +
-               count($this->testTriggeredPhpunitWarningEvents) +
-               count($this->testRunnerTriggeredWarningEvents);
+               count($this->phpWarnings);
     }
 
     public function hasIncompleteTests(): bool
diff --git a/src/TextUI/Configuration/Cli/Builder.php b/src/TextUI/Configuration/Cli/Builder.php
index b01b72283..b77df8afc 100644
--- a/src/TextUI/Configuration/Cli/Builder.php
+++ b/src/TextUI/Configuration/Cli/Builder.php
@@ -106,6 +106,7 @@ final class Builder
         'fail-on-all-issues',
         'fail-on-deprecation',
         'fail-on-phpunit-deprecation',
+        'fail-on-phpunit-warning',
         'fail-on-empty-test-suite',
         'fail-on-incomplete',
         'fail-on-notice',
@@ -114,6 +115,7 @@ final class Builder
         'fail-on-warning',
         'do-not-fail-on-deprecation',
         'do-not-fail-on-phpunit-deprecation',
+        'do-not-fail-on-phpunit-warning',
         'do-not-fail-on-empty-test-suite',
         'do-not-fail-on-incomplete',
         'do-not-fail-on-notice',
@@ -213,6 +215,7 @@ public function fromParameters(array $parameters): Configuration
         $failOnAllIssues                   = null;
         $failOnDeprecation                 = null;
         $failOnPhpunitDeprecation          = null;
+        $failOnPhpunitWarning              = null;
         $failOnEmptyTestSuite              = null;
         $failOnIncomplete                  = null;
         $failOnNotice                      = null;
@@ -221,6 +224,7 @@ public function fromParameters(array $parameters): Configuration
         $failOnWarning                     = null;
         $doNotFailOnDeprecation            = null;
         $doNotFailOnPhpunitDeprecation     = null;
+        $doNotFailOnPhpunitWarning         = null;
         $doNotFailOnEmptyTestSuite         = null;
         $doNotFailOnIncomplete             = null;
         $doNotFailOnNotice                 = null;
@@ -616,6 +620,17 @@ public function fromParameters(array $parameters): Configuration
 
                     break;
 
+                case '--fail-on-phpunit-warning':
+                    $this->warnWhenOptionsConflict(
+                        $doNotFailOnPhpunitWarning,
+                        '--fail-on-phpunit-warning',
+                        '--do-not-fail-on-phpunit-warning',
+                    );
+
+                    $failOnPhpunitWarning = true;
+
+                    break;
+
                 case '--fail-on-empty-test-suite':
                     $this->warnWhenOptionsConflict(
                         $doNotFailOnEmptyTestSuite,
@@ -704,6 +719,17 @@ public function fromParameters(array $parameters): Configuration
 
                     break;
 
+                case '--do-not-fail-on-phpunit-warning':
+                    $this->warnWhenOptionsConflict(
+                        $failOnPhpunitWarning,
+                        '--do-not-fail-on-phpunit-warning',
+                        '--fail-on-phpunit-warning',
+                    );
+
+                    $doNotFailOnPhpunitWarning = true;
+
+                    break;
+
                 case '--do-not-fail-on-empty-test-suite':
                     $this->warnWhenOptionsConflict(
                         $failOnEmptyTestSuite,
@@ -1095,6 +1121,7 @@ public function fromParameters(array $parameters): Configuration
             $failOnAllIssues,
             $failOnDeprecation,
             $failOnPhpunitDeprecation,
+            $failOnPhpunitWarning,
             $failOnEmptyTestSuite,
             $failOnIncomplete,
             $failOnNotice,
@@ -1103,6 +1130,7 @@ public function fromParameters(array $parameters): Configuration
             $failOnWarning,
             $doNotFailOnDeprecation,
             $doNotFailOnPhpunitDeprecation,
+            $doNotFailOnPhpunitWarning,
             $doNotFailOnEmptyTestSuite,
             $doNotFailOnIncomplete,
             $doNotFailOnNotice,
diff --git a/src/TextUI/Configuration/Cli/Configuration.php b/src/TextUI/Configuration/Cli/Configuration.php
index 377376dcd..7c850e896 100644
--- a/src/TextUI/Configuration/Cli/Configuration.php
+++ b/src/TextUI/Configuration/Cli/Configuration.php
@@ -57,6 +57,7 @@ final class Configuration
     private readonly ?bool $failOnAllIssues;
     private readonly ?bool $failOnDeprecation;
     private readonly ?bool $failOnPhpunitDeprecation;
+    private readonly ?bool $failOnPhpunitWarning;
     private readonly ?bool $failOnEmptyTestSuite;
     private readonly ?bool $failOnIncomplete;
     private readonly ?bool $failOnNotice;
@@ -65,6 +66,7 @@ final class Configuration
     private readonly ?bool $failOnWarning;
     private readonly ?bool $doNotFailOnDeprecation;
     private readonly ?bool $doNotFailOnPhpunitDeprecation;
+    private readonly ?bool $doNotFailOnPhpunitWarning;
     private readonly ?bool $doNotFailOnEmptyTestSuite;
     private readonly ?bool $doNotFailOnIncomplete;
     private readonly ?bool $doNotFailOnNotice;
@@ -140,7 +142,7 @@ final class Configuration
      * @psalm-param list<non-empty-string> $arguments
      * @psalm-param ?non-empty-list<non-empty-string> $testSuffixes
      */
-    public function __construct(array $arguments, ?string $atLeastVersion, ?bool $backupGlobals, ?bool $backupStaticProperties, ?bool $beStrictAboutChangesToGlobalState, ?string $bootstrap, ?string $cacheDirectory, ?bool $cacheResult, ?string $cacheResultFile, bool $checkVersion, ?string $colors, null|int|string $columns, ?string $configurationFile, ?string $coverageClover, ?string $coverageCobertura, ?string $coverageCrap4J, ?string $coverageHtml, ?string $coveragePhp, ?string $coverageText, ?bool $coverageTextShowUncoveredFiles, ?bool $coverageTextShowOnlySummary, ?string $coverageXml, ?bool $pathCoverage, ?string $coverageCacheDirectory, bool $warmCoverageCache, ?int $defaultTimeLimit, ?bool $disableCodeCoverageIgnore, ?bool $disallowTestOutput, ?bool $enforceTimeLimit, ?array $excludeGroups, ?int $executionOrder, ?int $executionOrderDefects, ?bool $failOnAllIssues, ?bool $failOnDeprecation, ?bool $failOnPhpunitDeprecation, ?bool $failOnEmptyTestSuite, ?bool $failOnIncomplete, ?bool $failOnNotice, ?bool $failOnRisky, ?bool $failOnSkipped, ?bool $failOnWarning, ?bool $doNotFailOnDeprecation, ?bool $doNotFailOnPhpunitDeprecation, ?bool $doNotFailOnEmptyTestSuite, ?bool $doNotFailOnIncomplete, ?bool $doNotFailOnNotice, ?bool $doNotFailOnRisky, ?bool $doNotFailOnSkipped, ?bool $doNotFailOnWarning, ?bool $stopOnDefect, ?bool $stopOnDeprecation, ?bool $stopOnError, ?bool $stopOnFailure, ?bool $stopOnIncomplete, ?bool $stopOnNotice, ?bool $stopOnRisky, ?bool $stopOnSkipped, ?bool $stopOnWarning, ?string $filter, ?string $generateBaseline, ?string $useBaseline, bool $ignoreBaseline, bool $generateConfiguration, bool $migrateConfiguration, ?array $groups, ?array $testsCovering, ?array $testsUsing, bool $help, ?string $includePath, ?array $iniSettings, ?string $junitLogfile, bool $listGroups, bool $listSuites, bool $listTests, ?string $listTestsXml, ?bool $noCoverage, ?bool $noExtensions, ?bool $noOutput, ?bool $noProgress, ?bool $noResults, ?bool $noLogging, ?bool $processIsolation, ?int $randomOrderSeed, ?bool $reportUselessTests, ?bool $resolveDependencies, ?bool $reverseList, ?bool $stderr, ?bool $strictCoverage, ?string $teamcityLogfile, ?string $testdoxHtmlFile, ?string $testdoxTextFile, ?array $testSuffixes, ?string $testSuite, ?string $excludeTestSuite, bool $useDefaultConfiguration, ?bool $displayDetailsOnAllIssues, ?bool $displayDetailsOnIncompleteTests, ?bool $displayDetailsOnSkippedTests, ?bool $displayDetailsOnTestsThatTriggerDeprecations, ?bool $displayDetailsOnPhpunitDeprecations, ?bool $displayDetailsOnTestsThatTriggerErrors, ?bool $displayDetailsOnTestsThatTriggerNotices, ?bool $displayDetailsOnTestsThatTriggerWarnings, bool $version, ?array $coverageFilter, ?string $logEventsText, ?string $logEventsVerboseText, ?bool $printerTeamCity, ?bool $printerTestDox, bool $debug)
+    public function __construct(array $arguments, ?string $atLeastVersion, ?bool $backupGlobals, ?bool $backupStaticProperties, ?bool $beStrictAboutChangesToGlobalState, ?string $bootstrap, ?string $cacheDirectory, ?bool $cacheResult, ?string $cacheResultFile, bool $checkVersion, ?string $colors, null|int|string $columns, ?string $configurationFile, ?string $coverageClover, ?string $coverageCobertura, ?string $coverageCrap4J, ?string $coverageHtml, ?string $coveragePhp, ?string $coverageText, ?bool $coverageTextShowUncoveredFiles, ?bool $coverageTextShowOnlySummary, ?string $coverageXml, ?bool $pathCoverage, ?string $coverageCacheDirectory, bool $warmCoverageCache, ?int $defaultTimeLimit, ?bool $disableCodeCoverageIgnore, ?bool $disallowTestOutput, ?bool $enforceTimeLimit, ?array $excludeGroups, ?int $executionOrder, ?int $executionOrderDefects, ?bool $failOnAllIssues, ?bool $failOnDeprecation, ?bool $failOnPhpunitDeprecation, ?bool $failOnPhpunitWarning, ?bool $failOnEmptyTestSuite, ?bool $failOnIncomplete, ?bool $failOnNotice, ?bool $failOnRisky, ?bool $failOnSkipped, ?bool $failOnWarning, ?bool $doNotFailOnDeprecation, ?bool $doNotFailOnPhpunitDeprecation, ?bool $doNotFailOnPhpunitWarning, ?bool $doNotFailOnEmptyTestSuite, ?bool $doNotFailOnIncomplete, ?bool $doNotFailOnNotice, ?bool $doNotFailOnRisky, ?bool $doNotFailOnSkipped, ?bool $doNotFailOnWarning, ?bool $stopOnDefect, ?bool $stopOnDeprecation, ?bool $stopOnError, ?bool $stopOnFailure, ?bool $stopOnIncomplete, ?bool $stopOnNotice, ?bool $stopOnRisky, ?bool $stopOnSkipped, ?bool $stopOnWarning, ?string $filter, ?string $generateBaseline, ?string $useBaseline, bool $ignoreBaseline, bool $generateConfiguration, bool $migrateConfiguration, ?array $groups, ?array $testsCovering, ?array $testsUsing, bool $help, ?string $includePath, ?array $iniSettings, ?string $junitLogfile, bool $listGroups, bool $listSuites, bool $listTests, ?string $listTestsXml, ?bool $noCoverage, ?bool $noExtensions, ?bool $noOutput, ?bool $noProgress, ?bool $noResults, ?bool $noLogging, ?bool $processIsolation, ?int $randomOrderSeed, ?bool $reportUselessTests, ?bool $resolveDependencies, ?bool $reverseList, ?bool $stderr, ?bool $strictCoverage, ?string $teamcityLogfile, ?string $testdoxHtmlFile, ?string $testdoxTextFile, ?array $testSuffixes, ?string $testSuite, ?string $excludeTestSuite, bool $useDefaultConfiguration, ?bool $displayDetailsOnAllIssues, ?bool $displayDetailsOnIncompleteTests, ?bool $displayDetailsOnSkippedTests, ?bool $displayDetailsOnTestsThatTriggerDeprecations, ?bool $displayDetailsOnPhpunitDeprecations, ?bool $displayDetailsOnTestsThatTriggerErrors, ?bool $displayDetailsOnTestsThatTriggerNotices, ?bool $displayDetailsOnTestsThatTriggerWarnings, bool $version, ?array $coverageFilter, ?string $logEventsText, ?string $logEventsVerboseText, ?bool $printerTeamCity, ?bool $printerTestDox, bool $debug)
     {
         $this->arguments                                    = $arguments;
         $this->atLeastVersion                               = $atLeastVersion;
@@ -178,6 +180,7 @@ public function __construct(array $arguments, ?string $atLeastVersion, ?bool $ba
         $this->failOnAllIssues                              = $failOnAllIssues;
         $this->failOnDeprecation                            = $failOnDeprecation;
         $this->failOnPhpunitDeprecation                     = $failOnPhpunitDeprecation;
+        $this->failOnPhpunitWarning                         = $failOnPhpunitWarning;
         $this->failOnEmptyTestSuite                         = $failOnEmptyTestSuite;
         $this->failOnIncomplete                             = $failOnIncomplete;
         $this->failOnNotice                                 = $failOnNotice;
@@ -186,6 +189,7 @@ public function __construct(array $arguments, ?string $atLeastVersion, ?bool $ba
         $this->failOnWarning                                = $failOnWarning;
         $this->doNotFailOnDeprecation                       = $doNotFailOnDeprecation;
         $this->doNotFailOnPhpunitDeprecation                = $doNotFailOnPhpunitDeprecation;
+        $this->doNotFailOnPhpunitWarning                    = $doNotFailOnPhpunitWarning;
         $this->doNotFailOnEmptyTestSuite                    = $doNotFailOnEmptyTestSuite;
         $this->doNotFailOnIncomplete                        = $doNotFailOnIncomplete;
         $this->doNotFailOnNotice                            = $doNotFailOnNotice;
@@ -940,6 +944,26 @@ public function failOnPhpunitDeprecation(): bool
         return $this->failOnPhpunitDeprecation;
     }
 
+    /**
+     * @psalm-assert-if-true !null $this->failOnPhpunitWarning
+     */
+    public function hasFailOnPhpunitWarning(): bool
+    {
+        return $this->failOnPhpunitWarning !== null;
+    }
+
+    /**
+     * @throws Exception
+     */
+    public function failOnPhpunitWarning(): bool
+    {
+        if (!$this->hasFailOnPhpunitWarning()) {
+            throw new Exception;
+        }
+
+        return $this->failOnPhpunitWarning;
+    }
+
     /**
      * @psalm-assert-if-true !null $this->failOnEmptyTestSuite
      */
@@ -1100,6 +1124,26 @@ public function doNotFailOnPhpunitDeprecation(): bool
         return $this->doNotFailOnPhpunitDeprecation;
     }
 
+    /**
+     * @psalm-assert-if-true !null $this->doNotFailOnPhpunitWarning
+     */
+    public function hasDoNotFailOnPhpunitWarning(): bool
+    {
+        return $this->doNotFailOnPhpunitWarning !== null;
+    }
+
+    /**
+     * @throws Exception
+     */
+    public function doNotFailOnPhpunitWarning(): bool
+    {
+        if (!$this->hasDoNotFailOnPhpunitWarning()) {
+            throw new Exception;
+        }
+
+        return $this->doNotFailOnPhpunitWarning;
+    }
+
     /**
      * @psalm-assert-if-true !null $this->doNotFailOnEmptyTestSuite
      */
diff --git a/src/TextUI/Configuration/Configuration.php b/src/TextUI/Configuration/Configuration.php
index 34d281a81..210f2cac0 100644
--- a/src/TextUI/Configuration/Configuration.php
+++ b/src/TextUI/Configuration/Configuration.php
@@ -56,6 +56,7 @@ final class Configuration
     private readonly bool $failOnAllIssues;
     private readonly bool $failOnDeprecation;
     private readonly bool $failOnPhpunitDeprecation;
+    private readonly bool $failOnPhpunitWarning;
     private readonly bool $failOnEmptyTestSuite;
     private readonly bool $failOnIncomplete;
     private readonly bool $failOnNotice;
@@ -64,6 +65,7 @@ final class Configuration
     private readonly bool $failOnWarning;
     private readonly bool $doNotFailOnDeprecation;
     private readonly bool $doNotFailOnPhpunitDeprecation;
+    private readonly bool $doNotFailOnPhpunitWarning;
     private readonly bool $doNotFailOnEmptyTestSuite;
     private readonly bool $doNotFailOnIncomplete;
     private readonly bool $doNotFailOnNotice;
@@ -158,7 +160,7 @@ final class Configuration
      * @psalm-param non-empty-list<non-empty-string> $testSuffixes
      * @psalm-param list<array{className: class-string, parameters: array<string, string>}> $extensionBootstrappers
      */
-    public function __construct(array $cliArguments, ?string $configurationFile, ?string $bootstrap, bool $cacheResult, ?string $cacheDirectory, ?string $coverageCacheDirectory, Source $source, string $testResultCacheFile, ?string $coverageClover, ?string $coverageCobertura, ?string $coverageCrap4j, int $coverageCrap4jThreshold, ?string $coverageHtml, int $coverageHtmlLowUpperBound, int $coverageHtmlHighLowerBound, string $coverageHtmlColorSuccessLow, string $coverageHtmlColorSuccessMedium, string $coverageHtmlColorSuccessHigh, string $coverageHtmlColorWarning, string $coverageHtmlColorDanger, ?string $coverageHtmlCustomCssFile, ?string $coveragePhp, ?string $coverageText, bool $coverageTextShowUncoveredFiles, bool $coverageTextShowOnlySummary, ?string $coverageXml, bool $pathCoverage, bool $ignoreDeprecatedCodeUnitsFromCodeCoverage, bool $disableCodeCoverageIgnore, bool $failOnAllIssues, bool $failOnDeprecation, bool $failOnPhpunitDeprecation, bool $failOnEmptyTestSuite, bool $failOnIncomplete, bool $failOnNotice, bool $failOnRisky, bool $failOnSkipped, bool $failOnWarning, bool $doNotFailOnDeprecation, bool $doNotFailOnPhpunitDeprecation, bool $doNotFailOnEmptyTestSuite, bool $doNotFailOnIncomplete, bool $doNotFailOnNotice, bool $doNotFailOnRisky, bool $doNotFailOnSkipped, bool $doNotFailOnWarning, bool $stopOnDefect, bool $stopOnDeprecation, bool $stopOnError, bool $stopOnFailure, bool $stopOnIncomplete, bool $stopOnNotice, bool $stopOnRisky, bool $stopOnSkipped, bool $stopOnWarning, bool $outputToStandardErrorStream, int|string $columns, bool $noExtensions, ?string $pharExtensionDirectory, array $extensionBootstrappers, bool $backupGlobals, bool $backupStaticProperties, bool $beStrictAboutChangesToGlobalState, bool $colors, bool $processIsolation, bool $enforceTimeLimit, int $defaultTimeLimit, int $timeoutForSmallTests, int $timeoutForMediumTests, int $timeoutForLargeTests, bool $reportUselessTests, bool $strictCoverage, bool $disallowTestOutput, bool $displayDetailsOnAllIssues, bool $displayDetailsOnIncompleteTests, bool $displayDetailsOnSkippedTests, bool $displayDetailsOnTestsThatTriggerDeprecations, bool $displayDetailsOnPhpunitDeprecations, bool $displayDetailsOnTestsThatTriggerErrors, bool $displayDetailsOnTestsThatTriggerNotices, bool $displayDetailsOnTestsThatTriggerWarnings, bool $reverseDefectList, bool $requireCoverageMetadata, bool $registerMockObjectsFromTestArgumentsRecursively, bool $noProgress, bool $noResults, bool $noOutput, int $executionOrder, int $executionOrderDefects, bool $resolveDependencies, ?string $logfileTeamcity, ?string $logfileJunit, ?string $logfileTestdoxHtml, ?string $logfileTestdoxText, ?string $logEventsText, ?string $logEventsVerboseText, bool $teamCityOutput, bool $testDoxOutput, ?array $testsCovering, ?array $testsUsing, ?string $filter, ?array $groups, ?array $excludeGroups, int $randomOrderSeed, bool $includeUncoveredFiles, TestSuiteCollection $testSuite, string $includeTestSuite, string $excludeTestSuite, ?string $defaultTestSuite, array $testSuffixes, Php $php, bool $controlGarbageCollector, int $numberOfTestsBeforeGarbageCollection, ?string $generateBaseline, bool $debug)
+    public function __construct(array $cliArguments, ?string $configurationFile, ?string $bootstrap, bool $cacheResult, ?string $cacheDirectory, ?string $coverageCacheDirectory, Source $source, string $testResultCacheFile, ?string $coverageClover, ?string $coverageCobertura, ?string $coverageCrap4j, int $coverageCrap4jThreshold, ?string $coverageHtml, int $coverageHtmlLowUpperBound, int $coverageHtmlHighLowerBound, string $coverageHtmlColorSuccessLow, string $coverageHtmlColorSuccessMedium, string $coverageHtmlColorSuccessHigh, string $coverageHtmlColorWarning, string $coverageHtmlColorDanger, ?string $coverageHtmlCustomCssFile, ?string $coveragePhp, ?string $coverageText, bool $coverageTextShowUncoveredFiles, bool $coverageTextShowOnlySummary, ?string $coverageXml, bool $pathCoverage, bool $ignoreDeprecatedCodeUnitsFromCodeCoverage, bool $disableCodeCoverageIgnore, bool $failOnAllIssues, bool $failOnDeprecation, bool $failOnPhpunitDeprecation, bool $failOnPhpunitWarning, bool $failOnEmptyTestSuite, bool $failOnIncomplete, bool $failOnNotice, bool $failOnRisky, bool $failOnSkipped, bool $failOnWarning, bool $doNotFailOnDeprecation, bool $doNotFailOnPhpunitDeprecation, bool $doNotFailOnPhpunitWarning, bool $doNotFailOnEmptyTestSuite, bool $doNotFailOnIncomplete, bool $doNotFailOnNotice, bool $doNotFailOnRisky, bool $doNotFailOnSkipped, bool $doNotFailOnWarning, bool $stopOnDefect, bool $stopOnDeprecation, bool $stopOnError, bool $stopOnFailure, bool $stopOnIncomplete, bool $stopOnNotice, bool $stopOnRisky, bool $stopOnSkipped, bool $stopOnWarning, bool $outputToStandardErrorStream, int|string $columns, bool $noExtensions, ?string $pharExtensionDirectory, array $extensionBootstrappers, bool $backupGlobals, bool $backupStaticProperties, bool $beStrictAboutChangesToGlobalState, bool $colors, bool $processIsolation, bool $enforceTimeLimit, int $defaultTimeLimit, int $timeoutForSmallTests, int $timeoutForMediumTests, int $timeoutForLargeTests, bool $reportUselessTests, bool $strictCoverage, bool $disallowTestOutput, bool $displayDetailsOnAllIssues, bool $displayDetailsOnIncompleteTests, bool $displayDetailsOnSkippedTests, bool $displayDetailsOnTestsThatTriggerDeprecations, bool $displayDetailsOnPhpunitDeprecations, bool $displayDetailsOnTestsThatTriggerErrors, bool $displayDetailsOnTestsThatTriggerNotices, bool $displayDetailsOnTestsThatTriggerWarnings, bool $reverseDefectList, bool $requireCoverageMetadata, bool $registerMockObjectsFromTestArgumentsRecursively, bool $noProgress, bool $noResults, bool $noOutput, int $executionOrder, int $executionOrderDefects, bool $resolveDependencies, ?string $logfileTeamcity, ?string $logfileJunit, ?string $logfileTestdoxHtml, ?string $logfileTestdoxText, ?string $logEventsText, ?string $logEventsVerboseText, bool $teamCityOutput, bool $testDoxOutput, ?array $testsCovering, ?array $testsUsing, ?string $filter, ?array $groups, ?array $excludeGroups, int $randomOrderSeed, bool $includeUncoveredFiles, TestSuiteCollection $testSuite, string $includeTestSuite, string $excludeTestSuite, ?string $defaultTestSuite, array $testSuffixes, Php $php, bool $controlGarbageCollector, int $numberOfTestsBeforeGarbageCollection, ?string $generateBaseline, bool $debug)
     {
         $this->cliArguments                                    = $cliArguments;
         $this->configurationFile                               = $configurationFile;
@@ -192,6 +194,7 @@ public function __construct(array $cliArguments, ?string $configurationFile, ?st
         $this->failOnAllIssues                                 = $failOnAllIssues;
         $this->failOnDeprecation                               = $failOnDeprecation;
         $this->failOnPhpunitDeprecation                        = $failOnPhpunitDeprecation;
+        $this->failOnPhpunitWarning                            = $failOnPhpunitWarning;
         $this->failOnEmptyTestSuite                            = $failOnEmptyTestSuite;
         $this->failOnIncomplete                                = $failOnIncomplete;
         $this->failOnNotice                                    = $failOnNotice;
@@ -200,6 +203,7 @@ public function __construct(array $cliArguments, ?string $configurationFile, ?st
         $this->failOnWarning                                   = $failOnWarning;
         $this->doNotFailOnDeprecation                          = $doNotFailOnDeprecation;
         $this->doNotFailOnPhpunitDeprecation                   = $doNotFailOnPhpunitDeprecation;
+        $this->doNotFailOnPhpunitWarning                       = $doNotFailOnPhpunitWarning;
         $this->doNotFailOnEmptyTestSuite                       = $doNotFailOnEmptyTestSuite;
         $this->doNotFailOnIncomplete                           = $doNotFailOnIncomplete;
         $this->doNotFailOnNotice                               = $doNotFailOnNotice;
@@ -729,6 +733,11 @@ public function failOnPhpunitDeprecation(): bool
         return $this->failOnPhpunitDeprecation;
     }
 
+    public function failOnPhpunitWarning(): bool
+    {
+        return $this->failOnPhpunitWarning;
+    }
+
     public function failOnEmptyTestSuite(): bool
     {
         return $this->failOnEmptyTestSuite;
@@ -769,6 +778,11 @@ public function doNotFailOnPhpunitDeprecation(): bool
         return $this->doNotFailOnPhpunitDeprecation;
     }
 
+    public function doNotFailOnPhpunitWarning(): bool
+    {
+        return $this->doNotFailOnPhpunitWarning;
+    }
+
     public function doNotFailOnEmptyTestSuite(): bool
     {
         return $this->doNotFailOnEmptyTestSuite;
diff --git a/src/TextUI/Configuration/Merger.php b/src/TextUI/Configuration/Merger.php
index 8eab94faf..3768ff3b8 100644
--- a/src/TextUI/Configuration/Merger.php
+++ b/src/TextUI/Configuration/Merger.php
@@ -131,6 +131,12 @@ public function merge(CliConfiguration $cliConfiguration, XmlConfiguration $xmlC
             $failOnPhpunitDeprecation = $xmlConfiguration->phpunit()->failOnPhpunitDeprecation();
         }
 
+        if ($cliConfiguration->hasFailOnPhpunitWarning()) {
+            $failOnPhpunitWarning = $cliConfiguration->failOnPhpunitWarning();
+        } else {
+            $failOnPhpunitWarning = $xmlConfiguration->phpunit()->failOnPhpunitWarning();
+        }
+
         if ($cliConfiguration->hasFailOnEmptyTestSuite()) {
             $failOnEmptyTestSuite = $cliConfiguration->failOnEmptyTestSuite();
         } else {
@@ -179,6 +185,12 @@ public function merge(CliConfiguration $cliConfiguration, XmlConfiguration $xmlC
             $doNotFailOnPhpunitDeprecation = $cliConfiguration->doNotFailOnPhpunitDeprecation();
         }
 
+        $doNotFailOnPhpunitWarning = false;
+
+        if ($cliConfiguration->hasDoNotFailOnPhpunitWarning()) {
+            $doNotFailOnPhpunitWarning = $cliConfiguration->doNotFailOnPhpunitWarning();
+        }
+
         $doNotFailOnEmptyTestSuite = false;
 
         if ($cliConfiguration->hasDoNotFailOnEmptyTestSuite()) {
@@ -849,6 +861,7 @@ public function merge(CliConfiguration $cliConfiguration, XmlConfiguration $xmlC
             $failOnAllIssues,
             $failOnDeprecation,
             $failOnPhpunitDeprecation,
+            $failOnPhpunitWarning,
             $failOnEmptyTestSuite,
             $failOnIncomplete,
             $failOnNotice,
@@ -857,6 +870,7 @@ public function merge(CliConfiguration $cliConfiguration, XmlConfiguration $xmlC
             $failOnWarning,
             $doNotFailOnDeprecation,
             $doNotFailOnPhpunitDeprecation,
+            $doNotFailOnPhpunitWarning,
             $doNotFailOnEmptyTestSuite,
             $doNotFailOnIncomplete,
             $doNotFailOnNotice,
diff --git a/src/TextUI/Configuration/Xml/DefaultConfiguration.php b/src/TextUI/Configuration/Xml/DefaultConfiguration.php
index 81f56d856..aa9b8fc96 100644
--- a/src/TextUI/Configuration/Xml/DefaultConfiguration.php
+++ b/src/TextUI/Configuration/Xml/DefaultConfiguration.php
@@ -118,6 +118,7 @@ public static function create(): self
                 false,
                 false,
                 false,
+                true,
                 false,
                 false,
                 false,
diff --git a/src/TextUI/Configuration/Xml/Loader.php b/src/TextUI/Configuration/Xml/Loader.php
index 9bbe9cbff..bc7b420c9 100644
--- a/src/TextUI/Configuration/Xml/Loader.php
+++ b/src/TextUI/Configuration/Xml/Loader.php
@@ -830,6 +830,7 @@ private function phpunit(string $filename, DOMDocument $document): PHPUnit
             $this->getBooleanAttribute($document->documentElement, 'failOnAllIssues', false),
             $this->getBooleanAttribute($document->documentElement, 'failOnDeprecation', false),
             $this->getBooleanAttribute($document->documentElement, 'failOnPhpunitDeprecation', false),
+            $this->getBooleanAttribute($document->documentElement, 'failOnPhpunitWarning', true),
             $this->getBooleanAttribute($document->documentElement, 'failOnEmptyTestSuite', false),
             $this->getBooleanAttribute($document->documentElement, 'failOnIncomplete', false),
             $this->getBooleanAttribute($document->documentElement, 'failOnNotice', false),
diff --git a/src/TextUI/Configuration/Xml/PHPUnit.php b/src/TextUI/Configuration/Xml/PHPUnit.php
index 27751a082..bd01989e8 100644
--- a/src/TextUI/Configuration/Xml/PHPUnit.php
+++ b/src/TextUI/Configuration/Xml/PHPUnit.php
@@ -39,6 +39,7 @@ final class PHPUnit
     private readonly bool $failOnAllIssues;
     private readonly bool $failOnDeprecation;
     private readonly bool $failOnPhpunitDeprecation;
+    private readonly bool $failOnPhpunitWarning;
     private readonly bool $failOnEmptyTestSuite;
     private readonly bool $failOnIncomplete;
     private readonly bool $failOnNotice;
@@ -82,7 +83,7 @@ final class PHPUnit
     /**
      * @psalm-param ?non-empty-string $extensionsDirectory
      */
-    public function __construct(?string $cacheDirectory, bool $cacheResult, ?string $cacheResultFile, int|string $columns, string $colors, bool $stderr, bool $displayDetailsOnAllIssues, bool $displayDetailsOnIncompleteTests, bool $displayDetailsOnSkippedTests, bool $displayDetailsOnTestsThatTriggerDeprecations, bool $displayDetailsOnPhpunitDeprecations, bool $displayDetailsOnTestsThatTriggerErrors, bool $displayDetailsOnTestsThatTriggerNotices, bool $displayDetailsOnTestsThatTriggerWarnings, bool $reverseDefectList, bool $requireCoverageMetadata, ?string $bootstrap, bool $processIsolation, bool $failOnAllIssues, bool $failOnDeprecation, bool $failOnPhpunitDeprecation, bool $failOnEmptyTestSuite, bool $failOnIncomplete, bool $failOnNotice, bool $failOnRisky, bool $failOnSkipped, bool $failOnWarning, bool $stopOnDefect, bool $stopOnDeprecation, bool $stopOnError, bool $stopOnFailure, bool $stopOnIncomplete, bool $stopOnNotice, bool $stopOnRisky, bool $stopOnSkipped, bool $stopOnWarning, ?string $extensionsDirectory, bool $beStrictAboutChangesToGlobalState, bool $beStrictAboutOutputDuringTests, bool $beStrictAboutTestsThatDoNotTestAnything, bool $beStrictAboutCoverageMetadata, bool $enforceTimeLimit, int $defaultTimeLimit, int $timeoutForSmallTests, int $timeoutForMediumTests, int $timeoutForLargeTests, ?string $defaultTestSuite, int $executionOrder, bool $resolveDependencies, bool $defectsFirst, bool $backupGlobals, bool $backupStaticProperties, bool $registerMockObjectsFromTestArgumentsRecursively, bool $testdoxPrinter, bool $controlGarbageCollector, int $numberOfTestsBeforeGarbageCollection)
+    public function __construct(?string $cacheDirectory, bool $cacheResult, ?string $cacheResultFile, int|string $columns, string $colors, bool $stderr, bool $displayDetailsOnAllIssues, bool $displayDetailsOnIncompleteTests, bool $displayDetailsOnSkippedTests, bool $displayDetailsOnTestsThatTriggerDeprecations, bool $displayDetailsOnPhpunitDeprecations, bool $displayDetailsOnTestsThatTriggerErrors, bool $displayDetailsOnTestsThatTriggerNotices, bool $displayDetailsOnTestsThatTriggerWarnings, bool $reverseDefectList, bool $requireCoverageMetadata, ?string $bootstrap, bool $processIsolation, bool $failOnAllIssues, bool $failOnDeprecation, bool $failOnPhpunitDeprecation, bool $failOnPhpunitWarning, bool $failOnEmptyTestSuite, bool $failOnIncomplete, bool $failOnNotice, bool $failOnRisky, bool $failOnSkipped, bool $failOnWarning, bool $stopOnDefect, bool $stopOnDeprecation, bool $stopOnError, bool $stopOnFailure, bool $stopOnIncomplete, bool $stopOnNotice, bool $stopOnRisky, bool $stopOnSkipped, bool $stopOnWarning, ?string $extensionsDirectory, bool $beStrictAboutChangesToGlobalState, bool $beStrictAboutOutputDuringTests, bool $beStrictAboutTestsThatDoNotTestAnything, bool $beStrictAboutCoverageMetadata, bool $enforceTimeLimit, int $defaultTimeLimit, int $timeoutForSmallTests, int $timeoutForMediumTests, int $timeoutForLargeTests, ?string $defaultTestSuite, int $executionOrder, bool $resolveDependencies, bool $defectsFirst, bool $backupGlobals, bool $backupStaticProperties, bool $registerMockObjectsFromTestArgumentsRecursively, bool $testdoxPrinter, bool $controlGarbageCollector, int $numberOfTestsBeforeGarbageCollection)
     {
         $this->cacheDirectory                                  = $cacheDirectory;
         $this->cacheResult                                     = $cacheResult;
@@ -105,6 +106,7 @@ public function __construct(?string $cacheDirectory, bool $cacheResult, ?string
         $this->failOnAllIssues                                 = $failOnAllIssues;
         $this->failOnDeprecation                               = $failOnDeprecation;
         $this->failOnPhpunitDeprecation                        = $failOnPhpunitDeprecation;
+        $this->failOnPhpunitWarning                            = $failOnPhpunitWarning;
         $this->failOnEmptyTestSuite                            = $failOnEmptyTestSuite;
         $this->failOnIncomplete                                = $failOnIncomplete;
         $this->failOnNotice                                    = $failOnNotice;
@@ -296,6 +298,11 @@ public function failOnPhpunitDeprecation(): bool
         return $this->failOnPhpunitDeprecation;
     }
 
+    public function failOnPhpunitWarning(): bool
+    {
+        return $this->failOnPhpunitWarning;
+    }
+
     public function failOnEmptyTestSuite(): bool
     {
         return $this->failOnEmptyTestSuite;
diff --git a/src/TextUI/Help.php b/src/TextUI/Help.php
index bcbd093c9..e91f365f1 100644
--- a/src/TextUI/Help.php
+++ b/src/TextUI/Help.php
@@ -213,6 +213,7 @@ private function elements(): array
                 ['arg'    => '--fail-on-risky', 'desc' => 'Signal failure using shell exit code when a test was considered risky'],
                 ['arg'    => '--fail-on-deprecation', 'desc' => 'Signal failure using shell exit code when a deprecation was triggered'],
                 ['arg'    => '--fail-on-phpunit-deprecation', 'desc' => 'Signal failure using shell exit code when a PHPUnit deprecation was triggered'],
+                ['arg'    => '--fail-on-phpunit-warning', 'desc' => 'Signal failure using shell exit code when a PHPUnit warning was triggered'],
                 ['arg'    => '--fail-on-notice', 'desc' => 'Signal failure using shell exit code when a notice was triggered'],
                 ['arg'    => '--fail-on-skipped', 'desc' => 'Signal failure using shell exit code when a test was skipped'],
                 ['arg'    => '--fail-on-incomplete', 'desc' => 'Signal failure using shell exit code when a test was marked incomplete'],
@@ -224,6 +225,7 @@ private function elements(): array
                 ['arg'    => '--do-not-fail-on-risky', 'desc' => 'Do not signal failure using shell exit code when a test was considered risky'],
                 ['arg'    => '--do-not-fail-on-deprecation', 'desc' => 'Do not signal failure using shell exit code when a deprecation was triggered'],
                 ['arg'    => '--do-not-fail-on-phpunit-deprecation', 'desc' => 'Do not signal failure using shell exit code when a PHPUnit deprecation was triggered'],
+                ['arg'    => '--do-not-fail-on-phpunit-warning', 'desc' => 'Do not signal failure using shell exit code when a PHPUnit warning was triggered'],
                 ['arg'    => '--do-not-fail-on-notice', 'desc' => 'Do not signal failure using shell exit code when a notice was triggered'],
                 ['arg'    => '--do-not-fail-on-skipped', 'desc' => 'Do not signal failure using shell exit code when a test was skipped'],
                 ['arg'    => '--do-not-fail-on-incomplete', 'desc' => 'Do not signal failure using shell exit code when a test was marked incomplete'],
diff --git a/src/TextUI/Output/SummaryPrinter.php b/src/TextUI/Output/SummaryPrinter.php
index 0c540bb50..7ca6cdff6 100644
--- a/src/TextUI/Output/SummaryPrinter.php
+++ b/src/TextUI/Output/SummaryPrinter.php
@@ -42,7 +42,8 @@ public function print(TestResult $result): void
             return;
         }
 
-        if ($result->wasSuccessfulAndNoTestHasIssues() &&
+        if ($result->wasSuccessful() &&
+            !$result->hasIssues() &&
             !$result->hasTestSuiteSkippedEvents() &&
             !$result->hasTestSkippedEvents()) {
             $this->printWithColor(
@@ -64,15 +65,15 @@ public function print(TestResult $result): void
         $color = 'fg-black, bg-yellow';
 
         if ($result->wasSuccessful()) {
-            if (!$result->hasTestsWithIssues()) {
+            if ($result->hasIssues()) {
                 $this->printWithColor(
                     $color,
-                    'OK, but some tests were skipped!',
+                    'OK, but there were issues!',
                 );
             } else {
                 $this->printWithColor(
                     $color,
-                    'OK, but there were issues!',
+                    'OK, but some tests were skipped!',
                 );
             }
         } else {
@@ -90,21 +91,6 @@ public function print(TestResult $result): void
                     $color,
                     'FAILURES!',
                 );
-            } elseif ($result->hasWarnings()) {
-                $this->printWithColor(
-                    $color,
-                    'WARNINGS!',
-                );
-            } elseif ($result->hasDeprecations()) {
-                $this->printWithColor(
-                    $color,
-                    'DEPRECATIONS!',
-                );
-            } elseif ($result->hasNotices()) {
-                $this->printWithColor(
-                    $color,
-                    'NOTICES!',
-                );
             }
         }
 
@@ -112,6 +98,7 @@ public function print(TestResult $result): void
         $this->printCountString($result->numberOfAssertions(), 'Assertions', $color, true);
         $this->printCountString($result->numberOfErrors(), 'Errors', $color);
         $this->printCountString($result->numberOfTestFailedEvents(), 'Failures', $color);
+        $this->printCountString($result->numberOfPhpunitWarnings(), 'PHPUnit Warnings', $color);
         $this->printCountString($result->numberOfWarnings(), 'Warnings', $color);
         $this->printCountString($result->numberOfPhpOrUserDeprecations(), 'Deprecations', $color);
         $this->printCountString($result->numberOfPhpunitDeprecations(), 'PHPUnit Deprecations', $color);
diff --git a/src/TextUI/ShellExitCodeCalculator.php b/src/TextUI/ShellExitCodeCalculator.php
index e2b67ae10..1c133ca70 100644
--- a/src/TextUI/ShellExitCodeCalculator.php
+++ b/src/TextUI/ShellExitCodeCalculator.php
@@ -27,6 +27,7 @@ public function calculate(Configuration $configuration, TestResult $result): int
     {
         $failOnDeprecation        = false;
         $failOnPhpunitDeprecation = false;
+        $failOnPhpunitWarning     = false;
         $failOnEmptyTestSuite     = false;
         $failOnIncomplete         = false;
         $failOnNotice             = false;
@@ -37,6 +38,7 @@ public function calculate(Configuration $configuration, TestResult $result): int
         if ($configuration->failOnAllIssues()) {
             $failOnDeprecation        = true;
             $failOnPhpunitDeprecation = true;
+            $failOnPhpunitWarning     = false;
             $failOnEmptyTestSuite     = true;
             $failOnIncomplete         = true;
             $failOnNotice             = true;
@@ -61,6 +63,14 @@ public function calculate(Configuration $configuration, TestResult $result): int
             $failOnPhpunitDeprecation = false;
         }
 
+        if ($configuration->failOnPhpunitWarning()) {
+            $failOnPhpunitWarning = true;
+        }
+
+        if ($configuration->doNotFailOnPhpunitWarning()) {
+            $failOnPhpunitWarning = false;
+        }
+
         if ($configuration->failOnEmptyTestSuite()) {
             $failOnEmptyTestSuite = true;
         }
@@ -119,34 +129,36 @@ public function calculate(Configuration $configuration, TestResult $result): int
             $returnCode = self::FAILURE_EXIT;
         }
 
-        if ($result->wasSuccessfulIgnoringPhpunitWarnings()) {
-            if ($failOnDeprecation && $result->hasPhpOrUserDeprecations()) {
-                $returnCode = self::FAILURE_EXIT;
-            }
+        if ($failOnDeprecation && $result->hasPhpOrUserDeprecations()) {
+            $returnCode = self::FAILURE_EXIT;
+        }
+
+        if ($failOnPhpunitDeprecation && $result->hasPhpunitDeprecations()) {
+            $returnCode = self::FAILURE_EXIT;
+        }
 
-            if ($failOnPhpunitDeprecation && $result->hasPhpunitDeprecations()) {
-                $returnCode = self::FAILURE_EXIT;
-            }
+        if ($failOnPhpunitWarning && $result->hasPhpunitWarnings()) {
+            $returnCode = self::FAILURE_EXIT;
+        }
 
-            if ($failOnIncomplete && $result->hasIncompleteTests()) {
-                $returnCode = self::FAILURE_EXIT;
-            }
+        if ($failOnIncomplete && $result->hasIncompleteTests()) {
+            $returnCode = self::FAILURE_EXIT;
+        }
 
-            if ($failOnNotice && $result->hasNotices()) {
-                $returnCode = self::FAILURE_EXIT;
-            }
+        if ($failOnNotice && $result->hasNotices()) {
+            $returnCode = self::FAILURE_EXIT;
+        }
 
-            if ($failOnRisky && $result->hasRiskyTests()) {
-                $returnCode = self::FAILURE_EXIT;
-            }
+        if ($failOnRisky && $result->hasRiskyTests()) {
+            $returnCode = self::FAILURE_EXIT;
+        }
 
-            if ($failOnSkipped && $result->hasSkippedTests()) {
-                $returnCode = self::FAILURE_EXIT;
-            }
+        if ($failOnSkipped && $result->hasSkippedTests()) {
+            $returnCode = self::FAILURE_EXIT;
+        }
 
-            if ($failOnWarning && $result->hasWarnings()) {
-                $returnCode = self::FAILURE_EXIT;
-            }
+        if ($failOnWarning && $result->hasWarnings()) {
+            $returnCode = self::FAILURE_EXIT;
         }
 
         if ($result->hasErrors()) {
diff --git a/tests/end-to-end/_files/do-not-fail-on/tests/IssueTest.php b/tests/end-to-end/_files/do-not-fail-on/tests/IssueTest.php
index 722074d58..d56ab788e 100644
--- a/tests/end-to-end/_files/do-not-fail-on/tests/IssueTest.php
+++ b/tests/end-to-end/_files/do-not-fail-on/tests/IssueTest.php
@@ -13,10 +13,31 @@
 use const E_USER_NOTICE;
 use const E_USER_WARNING;
 use function trigger_error;
+use PHPUnit\Event\Facade as EventFacade;
 use PHPUnit\Framework\TestCase;
 
 final class IssueTest extends TestCase
 {
+    public function testThatTriggersPhpunitDeprecation(): void
+    {
+        EventFacade::emitter()->testTriggeredPhpunitDeprecation(
+            $this->valueObjectForEvents(),
+            'message',
+        );
+
+        $this->assertTrue(true);
+    }
+
+    public function testThatTriggersPhpunitWarning(): void
+    {
+        EventFacade::emitter()->testTriggeredPhpunitWarning(
+            $this->valueObjectForEvents(),
+            'message',
+        );
+
+        $this->assertTrue(true);
+    }
+
     public function testThatTriggersDeprecation(): void
     {
         trigger_error('message', E_USER_DEPRECATED);
diff --git a/tests/end-to-end/_files/output-cli-help-color.txt b/tests/end-to-end/_files/output-cli-help-color.txt
index dfd60d4a8..3d91de6bc 100644
--- a/tests/end-to-end/_files/output-cli-help-color.txt
+++ b/tests/end-to-end/_files/output-cli-help-color.txt
@@ -83,6 +83,8 @@
                                        when a deprecation was triggered
   [32m--fail-on-phpunit-deprecation       [0m Signal failure using shell exit code
                                        when a PHPUnit deprecation was triggered
+  [32m--fail-on-phpunit-warning           [0m Signal failure using shell exit code
+                                       when a PHPUnit warning was triggered
   [32m--fail-on-notice                    [0m Signal failure using shell exit code
                                        when a notice was triggered
   [32m--fail-on-skipped                   [0m Signal failure using shell exit code
@@ -103,6 +105,9 @@
   [32m--do-not-fail-on-phpunit-deprecation[0m Do not signal failure using shell exit
                                        code when a PHPUnit deprecation was
                                        triggered
+  [32m--do-not-fail-on-phpunit-warning    [0m Do not signal failure using shell exit
+                                       code when a PHPUnit warning was
+                                       triggered
   [32m--do-not-fail-on-notice             [0m Do not signal failure using shell exit
                                        code when a notice was triggered
   [32m--do-not-fail-on-skipped            [0m Do not signal failure using shell exit
diff --git a/tests/end-to-end/_files/output-cli-usage.txt b/tests/end-to-end/_files/output-cli-usage.txt
index 09d7209f3..3b997f79f 100644
--- a/tests/end-to-end/_files/output-cli-usage.txt
+++ b/tests/end-to-end/_files/output-cli-usage.txt
@@ -61,6 +61,7 @@ Execution:
   --fail-on-risky                      Signal failure using shell exit code when a test was considered risky
   --fail-on-deprecation                Signal failure using shell exit code when a deprecation was triggered
   --fail-on-phpunit-deprecation        Signal failure using shell exit code when a PHPUnit deprecation was triggered
+  --fail-on-phpunit-warning            Signal failure using shell exit code when a PHPUnit warning was triggered
   --fail-on-notice                     Signal failure using shell exit code when a notice was triggered
   --fail-on-skipped                    Signal failure using shell exit code when a test was skipped
   --fail-on-incomplete                 Signal failure using shell exit code when a test was marked incomplete
@@ -71,6 +72,7 @@ Execution:
   --do-not-fail-on-risky               Do not signal failure using shell exit code when a test was considered risky
   --do-not-fail-on-deprecation         Do not signal failure using shell exit code when a deprecation was triggered
   --do-not-fail-on-phpunit-deprecation Do not signal failure using shell exit code when a PHPUnit deprecation was triggered
+  --do-not-fail-on-phpunit-warning     Do not signal failure using shell exit code when a PHPUnit warning was triggered
   --do-not-fail-on-notice              Do not signal failure using shell exit code when a notice was triggered
   --do-not-fail-on-skipped             Do not signal failure using shell exit code when a test was skipped
   --do-not-fail-on-incomplete          Do not signal failure using shell exit code when a test was marked incomplete
diff --git a/tests/end-to-end/baseline/baseline-does-not-exist.phpt b/tests/end-to-end/baseline/baseline-does-not-exist.phpt
index 913cec63d..6f2cacefc 100644
--- a/tests/end-to-end/baseline/baseline-does-not-exist.phpt
+++ b/tests/end-to-end/baseline/baseline-does-not-exist.phpt
@@ -25,5 +25,5 @@ There was 1 PHPUnit test runner warning:
 
 1) Cannot read baseline %sdoes-not-exist.xml, file does not exist
 
-WARNINGS!
-Tests: 1, Assertions: 1, Warnings: 1, Deprecations: 1.
+OK, but there were issues!
+Tests: 1, Assertions: 1, PHPUnit Warnings: 1, Deprecations: 1.
diff --git a/tests/end-to-end/baseline/baseline-invalid-xml.phpt b/tests/end-to-end/baseline/baseline-invalid-xml.phpt
index d0a2e1013..8b83f063e 100644
--- a/tests/end-to-end/baseline/baseline-invalid-xml.phpt
+++ b/tests/end-to-end/baseline/baseline-invalid-xml.phpt
@@ -25,5 +25,5 @@ There was 1 PHPUnit test runner warning:
 
 %snd%sag%s
 
-WARNINGS!
-Tests: 1, Assertions: 1, Warnings: 1, Deprecations: 1.
+OK, but there were issues!
+Tests: 1, Assertions: 1, PHPUnit Warnings: 1, Deprecations: 1.
diff --git a/tests/end-to-end/baseline/unsupported-baseline.phpt b/tests/end-to-end/baseline/unsupported-baseline.phpt
index 75c59c282..246c602df 100644
--- a/tests/end-to-end/baseline/unsupported-baseline.phpt
+++ b/tests/end-to-end/baseline/unsupported-baseline.phpt
@@ -23,5 +23,5 @@ There was 1 PHPUnit test runner warning:
 
 1) Cannot read baseline %sbaseline.xml, version 0 is not supported
 
-WARNINGS!
-Tests: 1, Assertions: 1, Warnings: 1, Deprecations: 1.
+OK, but there were issues!
+Tests: 1, Assertions: 1, PHPUnit Warnings: 1, Deprecations: 1.
diff --git a/tests/end-to-end/cli/columns/columns-too-few.phpt b/tests/end-to-end/cli/columns/columns-too-few.phpt
index 4d32dc8ca..2dc69db0d 100644
--- a/tests/end-to-end/cli/columns/columns-too-few.phpt
+++ b/tests/end-to-end/cli/columns/columns-too-few.phpt
@@ -23,5 +23,5 @@ There was 1 PHPUnit test runner warning:
 
 1) Less than 16 columns requested, number of columns set to 16
 
-WARNINGS!
-Tests: 3, Assertions: 3, Warnings: 1.
+OK, but there were issues!
+Tests: 3, Assertions: 3, PHPUnit Warnings: 1.
diff --git a/tests/end-to-end/cli/do-not-fail-on/do-not-fail-on-deprecation.phpt b/tests/end-to-end/cli/do-not-fail-on/do-not-fail-on-deprecation.phpt
index 32564d66d..5a2c42bca 100644
--- a/tests/end-to-end/cli/do-not-fail-on/do-not-fail-on-deprecation.phpt
+++ b/tests/end-to-end/cli/do-not-fail-on/do-not-fail-on-deprecation.phpt
@@ -16,7 +16,7 @@ require __DIR__ . '/../../../bootstrap.php';
 --EXPECTF--
 PHPUnit Started (%s)
 Test Runner Configured
-Test Suite Loaded (6 tests)
+Test Suite Loaded (8 tests)
 Event Facade Sealed
 Test Runner Started
 Test Suite Sorted
diff --git a/tests/end-to-end/cli/do-not-fail-on/do-not-fail-on-incomplete.phpt b/tests/end-to-end/cli/do-not-fail-on/do-not-fail-on-incomplete.phpt
index c657d103c..06c5c7fe4 100644
--- a/tests/end-to-end/cli/do-not-fail-on/do-not-fail-on-incomplete.phpt
+++ b/tests/end-to-end/cli/do-not-fail-on/do-not-fail-on-incomplete.phpt
@@ -16,7 +16,7 @@ require __DIR__ . '/../../../bootstrap.php';
 --EXPECTF--
 PHPUnit Started (%s)
 Test Runner Configured
-Test Suite Loaded (6 tests)
+Test Suite Loaded (8 tests)
 Event Facade Sealed
 Test Runner Started
 Test Suite Sorted
diff --git a/tests/end-to-end/cli/do-not-fail-on/do-not-fail-on-notice.phpt b/tests/end-to-end/cli/do-not-fail-on/do-not-fail-on-notice.phpt
index cafc7490a..08866e380 100644
--- a/tests/end-to-end/cli/do-not-fail-on/do-not-fail-on-notice.phpt
+++ b/tests/end-to-end/cli/do-not-fail-on/do-not-fail-on-notice.phpt
@@ -16,7 +16,7 @@ require __DIR__ . '/../../../bootstrap.php';
 --EXPECTF--
 PHPUnit Started (%s)
 Test Runner Configured
-Test Suite Loaded (6 tests)
+Test Suite Loaded (8 tests)
 Event Facade Sealed
 Test Runner Started
 Test Suite Sorted
diff --git a/tests/end-to-end/cli/do-not-fail-on/do-not-fail-on-phpunit-deprecation.phpt b/tests/end-to-end/cli/do-not-fail-on/do-not-fail-on-phpunit-deprecation.phpt
new file mode 100644
index 000000000..277ea6aad
--- /dev/null
+++ b/tests/end-to-end/cli/do-not-fail-on/do-not-fail-on-phpunit-deprecation.phpt
@@ -0,0 +1,40 @@
+--TEST--
+todo
+--FILE--
+<?php declare(strict_types=1);
+$_SERVER['argv'][] = '--do-not-cache-result';
+$_SERVER['argv'][] = '--debug';
+$_SERVER['argv'][] = '--do-not-fail-on-phpunit-deprecation';
+$_SERVER['argv'][] = '--configuration';
+$_SERVER['argv'][] = __DIR__ . '/../../_files/do-not-fail-on/phpunit.xml';
+$_SERVER['argv'][] = '--filter';
+$_SERVER['argv'][] = 'testThatTriggersPhpunitDeprecation';
+
+require __DIR__ . '/../../../bootstrap.php';
+
+(new PHPUnit\TextUI\Application)->run($_SERVER['argv']);
+--EXPECTF--
+PHPUnit Started (%s)
+Test Runner Configured
+Test Suite Loaded (8 tests)
+Event Facade Sealed
+Test Runner Started
+Test Suite Sorted
+Test Suite Filtered (1 test)
+Test Runner Execution Started (1 test)
+Test Suite Started (%sphpunit.xml, 1 test)
+Test Suite Started (default, 1 test)
+Test Suite Started (PHPUnit\TestFixture\DoNotFailOn\IssueTest, 1 test)
+Test Preparation Started (PHPUnit\TestFixture\DoNotFailOn\IssueTest::testThatTriggersPhpunitDeprecation)
+Test Prepared (PHPUnit\TestFixture\DoNotFailOn\IssueTest::testThatTriggersPhpunitDeprecation)
+Test Triggered PHPUnit Deprecation (PHPUnit\TestFixture\DoNotFailOn\IssueTest::testThatTriggersPhpunitDeprecation)
+message
+Assertion Succeeded (Constraint: is true, Value: true)
+Test Passed (PHPUnit\TestFixture\DoNotFailOn\IssueTest::testThatTriggersPhpunitDeprecation)
+Test Finished (PHPUnit\TestFixture\DoNotFailOn\IssueTest::testThatTriggersPhpunitDeprecation)
+Test Suite Finished (PHPUnit\TestFixture\DoNotFailOn\IssueTest, 1 test)
+Test Suite Finished (default, 1 test)
+Test Suite Finished (%sphpunit.xml, 1 test)
+Test Runner Execution Finished
+Test Runner Finished
+PHPUnit Finished (Shell Exit Code: 0)
diff --git a/tests/end-to-end/cli/do-not-fail-on/do-not-fail-on-phpunit-warning.phpt b/tests/end-to-end/cli/do-not-fail-on/do-not-fail-on-phpunit-warning.phpt
new file mode 100644
index 000000000..ed5179b9e
--- /dev/null
+++ b/tests/end-to-end/cli/do-not-fail-on/do-not-fail-on-phpunit-warning.phpt
@@ -0,0 +1,40 @@
+--TEST--
+todo
+--FILE--
+<?php declare(strict_types=1);
+$_SERVER['argv'][] = '--do-not-cache-result';
+$_SERVER['argv'][] = '--debug';
+$_SERVER['argv'][] = '--do-not-fail-on-phpunit-warning';
+$_SERVER['argv'][] = '--configuration';
+$_SERVER['argv'][] = __DIR__ . '/../../_files/do-not-fail-on/phpunit.xml';
+$_SERVER['argv'][] = '--filter';
+$_SERVER['argv'][] = 'testThatTriggersPhpunitWarning';
+
+require __DIR__ . '/../../../bootstrap.php';
+
+(new PHPUnit\TextUI\Application)->run($_SERVER['argv']);
+--EXPECTF--
+PHPUnit Started (%s)
+Test Runner Configured
+Test Suite Loaded (8 tests)
+Event Facade Sealed
+Test Runner Started
+Test Suite Sorted
+Test Suite Filtered (1 test)
+Test Runner Execution Started (1 test)
+Test Suite Started (%sphpunit.xml, 1 test)
+Test Suite Started (default, 1 test)
+Test Suite Started (PHPUnit\TestFixture\DoNotFailOn\IssueTest, 1 test)
+Test Preparation Started (PHPUnit\TestFixture\DoNotFailOn\IssueTest::testThatTriggersPhpunitWarning)
+Test Prepared (PHPUnit\TestFixture\DoNotFailOn\IssueTest::testThatTriggersPhpunitWarning)
+Test Triggered PHPUnit Warning (PHPUnit\TestFixture\DoNotFailOn\IssueTest::testThatTriggersPhpunitWarning)
+message
+Assertion Succeeded (Constraint: is true, Value: true)
+Test Passed (PHPUnit\TestFixture\DoNotFailOn\IssueTest::testThatTriggersPhpunitWarning)
+Test Finished (PHPUnit\TestFixture\DoNotFailOn\IssueTest::testThatTriggersPhpunitWarning)
+Test Suite Finished (PHPUnit\TestFixture\DoNotFailOn\IssueTest, 1 test)
+Test Suite Finished (default, 1 test)
+Test Suite Finished (%sphpunit.xml, 1 test)
+Test Runner Execution Finished
+Test Runner Finished
+PHPUnit Finished (Shell Exit Code: 0)
diff --git a/tests/end-to-end/cli/do-not-fail-on/do-not-fail-on-risky.phpt b/tests/end-to-end/cli/do-not-fail-on/do-not-fail-on-risky.phpt
index 07ebc04d4..55409e53e 100644
--- a/tests/end-to-end/cli/do-not-fail-on/do-not-fail-on-risky.phpt
+++ b/tests/end-to-end/cli/do-not-fail-on/do-not-fail-on-risky.phpt
@@ -16,7 +16,7 @@ require __DIR__ . '/../../../bootstrap.php';
 --EXPECTF--
 PHPUnit Started (%s)
 Test Runner Configured
-Test Suite Loaded (6 tests)
+Test Suite Loaded (8 tests)
 Event Facade Sealed
 Test Runner Started
 Test Suite Sorted
diff --git a/tests/end-to-end/cli/do-not-fail-on/do-not-fail-on-skipped.phpt b/tests/end-to-end/cli/do-not-fail-on/do-not-fail-on-skipped.phpt
index 915c0f1ef..373cc80f9 100644
--- a/tests/end-to-end/cli/do-not-fail-on/do-not-fail-on-skipped.phpt
+++ b/tests/end-to-end/cli/do-not-fail-on/do-not-fail-on-skipped.phpt
@@ -16,7 +16,7 @@ require __DIR__ . '/../../../bootstrap.php';
 --EXPECTF--
 PHPUnit Started (%s)
 Test Runner Configured
-Test Suite Loaded (6 tests)
+Test Suite Loaded (8 tests)
 Event Facade Sealed
 Test Runner Started
 Test Suite Sorted
diff --git a/tests/end-to-end/cli/do-not-fail-on/do-not-fail-on-warning.phpt b/tests/end-to-end/cli/do-not-fail-on/do-not-fail-on-warning.phpt
index eddf225c5..a2e963886 100644
--- a/tests/end-to-end/cli/do-not-fail-on/do-not-fail-on-warning.phpt
+++ b/tests/end-to-end/cli/do-not-fail-on/do-not-fail-on-warning.phpt
@@ -16,7 +16,7 @@ require __DIR__ . '/../../../bootstrap.php';
 --EXPECTF--
 PHPUnit Started (%s)
 Test Runner Configured
-Test Suite Loaded (6 tests)
+Test Suite Loaded (8 tests)
 Event Facade Sealed
 Test Runner Started
 Test Suite Sorted
diff --git a/tests/end-to-end/extension/class-does-not-exist.phpt b/tests/end-to-end/extension/class-does-not-exist.phpt
index 1c968b363..910e121fc 100644
--- a/tests/end-to-end/extension/class-does-not-exist.phpt
+++ b/tests/end-to-end/extension/class-does-not-exist.phpt
@@ -23,5 +23,5 @@ There was 1 PHPUnit test runner warning:
 
 1) Cannot bootstrap extension because class Does\Not\Exist does not exist
 
-WARNINGS!
-Tests: 1, Assertions: 1, Warnings: 1.
+OK, but there were issues!
+Tests: 1, Assertions: 1, PHPUnit Warnings: 1.
diff --git a/tests/end-to-end/extension/class-does-not-implement-interface.phpt b/tests/end-to-end/extension/class-does-not-implement-interface.phpt
index 17d4a84a3..3be29058d 100644
--- a/tests/end-to-end/extension/class-does-not-implement-interface.phpt
+++ b/tests/end-to-end/extension/class-does-not-implement-interface.phpt
@@ -23,5 +23,5 @@ There was 1 PHPUnit test runner warning:
 
 1) Cannot bootstrap extension because class PHPUnit\TestFixture\Event\MyExtension\MyExtensionBootstrap does not implement interface PHPUnit\Runner\Extension\Extension
 
-WARNINGS!
-Tests: 1, Assertions: 1, Warnings: 1.
+OK, but there were issues!
+Tests: 1, Assertions: 1, PHPUnit Warnings: 1.
diff --git a/tests/end-to-end/extension/exception-in-extension-bootstrap-method.phpt b/tests/end-to-end/extension/exception-in-extension-bootstrap-method.phpt
index 1deed4efa..672a4256a 100644
--- a/tests/end-to-end/extension/exception-in-extension-bootstrap-method.phpt
+++ b/tests/end-to-end/extension/exception-in-extension-bootstrap-method.phpt
@@ -24,5 +24,5 @@ There was 1 PHPUnit test runner warning:
 1) Bootstrapping of extension PHPUnit\TestFixture\Event\MyExtension\MyExtensionBootstrap failed: message
 %A
 
-WARNINGS!
-Tests: 1, Assertions: 1, Warnings: 1.
+OK, but there were issues!
+Tests: 1, Assertions: 1, PHPUnit Warnings: 1.
diff --git a/tests/end-to-end/extension/exception-in-extension-constructor.phpt b/tests/end-to-end/extension/exception-in-extension-constructor.phpt
index 4d95ed686..168f28b65 100644
--- a/tests/end-to-end/extension/exception-in-extension-constructor.phpt
+++ b/tests/end-to-end/extension/exception-in-extension-constructor.phpt
@@ -24,5 +24,5 @@ There was 1 PHPUnit test runner warning:
 1) Bootstrapping of extension PHPUnit\TestFixture\Event\MyExtension\MyExtensionBootstrap failed: message
 %A
 
-WARNINGS!
-Tests: 1, Assertions: 1, Warnings: 1.
+OK, but there were issues!
+Tests: 1, Assertions: 1, PHPUnit Warnings: 1.
diff --git a/tests/end-to-end/extension/exception-in-extension-subscriber.phpt b/tests/end-to-end/extension/exception-in-extension-subscriber.phpt
index 3e5313718..99884e600 100644
--- a/tests/end-to-end/extension/exception-in-extension-subscriber.phpt
+++ b/tests/end-to-end/extension/exception-in-extension-subscriber.phpt
@@ -24,5 +24,5 @@ There was 1 PHPUnit test runner warning:
 1) Exception in third-party event subscriber: message
 %A
 
-WARNINGS!
-Tests: 1, Assertions: 1, Warnings: 1.
+OK, but there were issues!
+Tests: 1, Assertions: 1, PHPUnit Warnings: 1.
diff --git a/tests/end-to-end/generic/abstract-test-class/directory-with-concrete-test-class-and-abstract-test-class-with-test-suffix.phpt b/tests/end-to-end/generic/abstract-test-class/directory-with-concrete-test-class-and-abstract-test-class-with-test-suffix.phpt
index bdf27f01c..e461db6b5 100644
--- a/tests/end-to-end/generic/abstract-test-class/directory-with-concrete-test-class-and-abstract-test-class-with-test-suffix.phpt
+++ b/tests/end-to-end/generic/abstract-test-class/directory-with-concrete-test-class-and-abstract-test-class-with-test-suffix.phpt
@@ -21,5 +21,5 @@ There was 1 PHPUnit test runner warning:
 
 1) Class PHPUnit\TestFixture\AbstractTest declared in %sAbstractTest.php is abstract
 
-WARNINGS!
-Tests: 1, Assertions: 1, Warnings: 1.
+OK, but there were issues!
+Tests: 1, Assertions: 1, PHPUnit Warnings: 1.
diff --git a/tests/end-to-end/generic/invalid-requirements.phpt b/tests/end-to-end/generic/invalid-requirements.phpt
index 0758d2a6f..b70947ce7 100644
--- a/tests/end-to-end/generic/invalid-requirements.phpt
+++ b/tests/end-to-end/generic/invalid-requirements.phpt
@@ -24,5 +24,5 @@ There were 2 PHPUnit test runner warnings:
 
 2) Method PHPUnit\TestFixture\InvalidRequirementsTest::testInvalidVersionConstraint is annotated using an invalid version requirement: Version constraint ~~9.0 is not supported.
 
-WARNINGS!
-Tests: 1, Assertions: 1, Warnings: 2.
+OK, but there were issues!
+Tests: 1, Assertions: 1, PHPUnit Warnings: 2.
diff --git a/tests/end-to-end/logging/junit/invalid-path.phpt b/tests/end-to-end/logging/junit/invalid-path.phpt
index 970506851..3d990bd7c 100644
--- a/tests/end-to-end/logging/junit/invalid-path.phpt
+++ b/tests/end-to-end/logging/junit/invalid-path.phpt
@@ -24,5 +24,5 @@ There was 1 PHPUnit test runner warning:
 
 1) Cannot log test results in JUnit XML format to "": Directory "" does not exist and could not be created
 
-WARNINGS!
-Tests: 1, Assertions: 1, Warnings: 1.
+OK, but there were issues!
+Tests: 1, Assertions: 1, PHPUnit Warnings: 1.
diff --git a/tests/end-to-end/logging/junit/invalid-socket.phpt b/tests/end-to-end/logging/junit/invalid-socket.phpt
index f52243ce7..207f32dc7 100644
--- a/tests/end-to-end/logging/junit/invalid-socket.phpt
+++ b/tests/end-to-end/logging/junit/invalid-socket.phpt
@@ -24,5 +24,5 @@ There was 1 PHPUnit test runner warning:
 
 1) Cannot log test results in JUnit XML format to "socket://hostname:port:wrong": "socket://hostname:port:wrong" does not match "socket://hostname:port" format
 
-WARNINGS!
-Tests: 1, Assertions: 1, Warnings: 1.
+OK, but there were issues!
+Tests: 1, Assertions: 1, PHPUnit Warnings: 1.
diff --git a/tests/end-to-end/logging/teamcity/log-teamcity-invalid-path.phpt b/tests/end-to-end/logging/teamcity/log-teamcity-invalid-path.phpt
index 9ac9fe8d5..262a9d9bc 100644
--- a/tests/end-to-end/logging/teamcity/log-teamcity-invalid-path.phpt
+++ b/tests/end-to-end/logging/teamcity/log-teamcity-invalid-path.phpt
@@ -24,5 +24,5 @@ There was 1 PHPUnit test runner warning:
 
 1) Cannot log test results in TeamCity format to "": Directory "" does not exist and could not be created
 
-WARNINGS!
-Tests: 1, Assertions: 1, Warnings: 1.
+OK, but there were issues!
+Tests: 1, Assertions: 1, PHPUnit Warnings: 1.
diff --git a/tests/end-to-end/logging/teamcity/log-teamcity-invalid-socket.phpt b/tests/end-to-end/logging/teamcity/log-teamcity-invalid-socket.phpt
index 56364addb..259039b2f 100644
--- a/tests/end-to-end/logging/teamcity/log-teamcity-invalid-socket.phpt
+++ b/tests/end-to-end/logging/teamcity/log-teamcity-invalid-socket.phpt
@@ -24,5 +24,5 @@ There was 1 PHPUnit test runner warning:
 
 1) Cannot log test results in TeamCity format to "socket://hostname:port:wrong": "socket://hostname:port:wrong" does not match "socket://hostname:port" format
 
-WARNINGS!
-Tests: 1, Assertions: 1, Warnings: 1.
+OK, but there were issues!
+Tests: 1, Assertions: 1, PHPUnit Warnings: 1.
diff --git a/tests/end-to-end/logging/teamcity/teamcity-warning.phpt b/tests/end-to-end/logging/teamcity/teamcity-warning.phpt
index 4c00bb70f..6ec0cd946 100644
--- a/tests/end-to-end/logging/teamcity/teamcity-warning.phpt
+++ b/tests/end-to-end/logging/teamcity/teamcity-warning.phpt
@@ -35,5 +35,5 @@ There was 1 PHPUnit test runner warning:
   - Element 'foo': This element is not expected.
 
 
-WARNINGS!
-Tests: 1, Assertions: 1, Warnings: 1.
+OK, but there were issues!
+Tests: 1, Assertions: 1, PHPUnit Warnings: 1.
diff --git a/tests/end-to-end/logging/testdox/testdox-html-invalid-path.phpt b/tests/end-to-end/logging/testdox/testdox-html-invalid-path.phpt
index 61cbef595..c9586fd5f 100644
--- a/tests/end-to-end/logging/testdox/testdox-html-invalid-path.phpt
+++ b/tests/end-to-end/logging/testdox/testdox-html-invalid-path.phpt
@@ -24,5 +24,5 @@ There was 1 PHPUnit test runner warning:
 
 1) Cannot log test results in TestDox HTML format to "": Directory "" does not exist and could not be created
 
-WARNINGS!
-Tests: 1, Assertions: 1, Warnings: 1.
+OK, but there were issues!
+Tests: 1, Assertions: 1, PHPUnit Warnings: 1.
diff --git a/tests/end-to-end/logging/testdox/testdox-html-invalid-socket.phpt b/tests/end-to-end/logging/testdox/testdox-html-invalid-socket.phpt
index 597bbb6ac..60c404f6c 100644
--- a/tests/end-to-end/logging/testdox/testdox-html-invalid-socket.phpt
+++ b/tests/end-to-end/logging/testdox/testdox-html-invalid-socket.phpt
@@ -24,5 +24,5 @@ There was 1 PHPUnit test runner warning:
 
 1) Cannot log test results in TestDox HTML format to "socket://hostname:port:wrong": "socket://hostname:port:wrong" does not match "socket://hostname:port" format
 
-WARNINGS!
-Tests: 1, Assertions: 1, Warnings: 1.
+OK, but there were issues!
+Tests: 1, Assertions: 1, PHPUnit Warnings: 1.
diff --git a/tests/end-to-end/logging/testdox/testdox-text-invalid-path.phpt b/tests/end-to-end/logging/testdox/testdox-text-invalid-path.phpt
index 0a957628d..aaaeff072 100644
--- a/tests/end-to-end/logging/testdox/testdox-text-invalid-path.phpt
+++ b/tests/end-to-end/logging/testdox/testdox-text-invalid-path.phpt
@@ -24,5 +24,5 @@ There was 1 PHPUnit test runner warning:
 
 1) Cannot log test results in TestDox plain text format to "": Directory "" does not exist and could not be created
 
-WARNINGS!
-Tests: 1, Assertions: 1, Warnings: 1.
+OK, but there were issues!
+Tests: 1, Assertions: 1, PHPUnit Warnings: 1.
diff --git a/tests/end-to-end/logging/testdox/testdox-text-invalid-socket.phpt b/tests/end-to-end/logging/testdox/testdox-text-invalid-socket.phpt
index 15dd577c2..f8c558aee 100644
--- a/tests/end-to-end/logging/testdox/testdox-text-invalid-socket.phpt
+++ b/tests/end-to-end/logging/testdox/testdox-text-invalid-socket.phpt
@@ -24,5 +24,5 @@ There was 1 PHPUnit test runner warning:
 
 1) Cannot log test results in TestDox plain text format to "socket://hostname:port:wrong": "socket://hostname:port:wrong" does not match "socket://hostname:port" format
 
-WARNINGS!
-Tests: 1, Assertions: 1, Warnings: 1.
+OK, but there were issues!
+Tests: 1, Assertions: 1, PHPUnit Warnings: 1.
diff --git a/tests/end-to-end/regression/5364.phpt b/tests/end-to-end/regression/5364.phpt
index 28b2281bd..9561ed456 100644
--- a/tests/end-to-end/regression/5364.phpt
+++ b/tests/end-to-end/regression/5364.phpt
@@ -21,5 +21,5 @@ There was 1 PHPUnit test runner warning:
 
 1) Class PHPUnit\TestFixture\Issue5364\BarTest declared in %sBarTest.php does not extend PHPUnit\Framework\TestCase
 
-WARNINGS!
-Tests: 1, Assertions: 1, Warnings: 1.
+OK, but there were issues!
+Tests: 1, Assertions: 1, PHPUnit Warnings: 1.
diff --git a/tests/unit/TextUI/Configuration/Cli/BuilderTest.php b/tests/unit/TextUI/Configuration/Cli/BuilderTest.php
index 98b9faf7b..776b65951 100644
--- a/tests/unit/TextUI/Configuration/Cli/BuilderTest.php
+++ b/tests/unit/TextUI/Configuration/Cli/BuilderTest.php
@@ -1287,6 +1287,26 @@ public function testFailOnPhpunitDeprecationMayNotBeConfigured(): void
         $configuration->failOnPhpunitDeprecation();
     }
 
+    #[TestDox('--fail-on-phpunit-warning')]
+    public function testFailOnPhpunitWarning(): void
+    {
+        $configuration = (new Builder)->fromParameters(['--fail-on-phpunit-warning']);
+
+        $this->assertTrue($configuration->hasFailOnPhpunitWarning());
+        $this->assertTrue($configuration->failOnPhpunitWarning());
+    }
+
+    public function testFailOnPhpunitWarningMayNotBeConfigured(): void
+    {
+        $configuration = (new Builder)->fromParameters([]);
+
+        $this->assertFalse($configuration->hasFailOnPhpunitWarning());
+
+        $this->expectException(Exception::class);
+
+        $configuration->failOnPhpunitWarning();
+    }
+
     #[TestDox('--fail-on-empty-test-suite')]
     public function testFailOnEmptyTestSuite(): void
     {
diff --git a/tests/unit/TextUI/Output/Default/expectations/successful_test_with_phpunit_warning.txt b/tests/unit/TextUI/Output/Default/expectations/successful_test_with_phpunit_warning.txt
index 62396acdb..393fea23a 100644
--- a/tests/unit/TextUI/Output/Default/expectations/successful_test_with_phpunit_warning.txt
+++ b/tests/unit/TextUI/Output/Default/expectations/successful_test_with_phpunit_warning.txt
@@ -5,5 +5,5 @@ message
 
 %s:%i
 
-WARNINGS!
-Tests: 1, Assertions: 1, Warnings: 1.
+OK, but there were issues!
+Tests: 1, Assertions: 1, PHPUnit Warnings: 1.
