diff --git a/js/tc39/breaking_test_errors.json b/js/tc39/breaking_test_errors.json
index 2addcbf54..b91299caf 100644
--- a/js/tc39/breaking_test_errors.json
+++ b/js/tc39/breaking_test_errors.json
@@ -30,7 +30,7 @@
   "test/built-ins/RegExp/unicode_restricted_quantifiable_assertion.js-strict:true": "test/built-ins/RegExp/unicode_restricted_quantifiable_assertion.js: Test262Error: RegExp(\"(?=.)*\", \"u\"):  Expected a SyntaxError to be thrown but no exception was thrown at all <at omitted>",
   "test/built-ins/TypedArrayConstructors/BigUint64Array/is-a-constructor.js-strict:true": "test/built-ins/TypedArrayConstructors/BigUint64Array/is-a-constructor.js: ReferenceError: BigUint64Array is not defined <at omitted>",
   "test/language/comments/hashbang/function-constructor.js-strict:true": "test/language/comments/hashbang/function-constructor.js: SyntaxError: test/language/comments/hashbang/function-constructor.js: Unexpected token (17:47)\n  15 | const AsyncFunction = (async function (){}).constructor;\n  16 | const GeneratorFunction = (function *(){}).constructor;\n> 17 | const AsyncGeneratorFunction = (async function *(){}).constructor;\n     |                                                ^\n  18 | for (const ctor of [\n  19 |   Function,\n  20 |   AsyncFunction, <at omitted>",
-  "test/language/comments/hashbang/module.js-strict:false": "test/language/comments/hashbang/module.js: //TestTC39/test262/test/language/comments/hashbang/module.js: Line 2:1 Unexpected token ILLEGAL (and 2 more errors)",
+  "test/language/comments/hashbang/module.js-strict:false": "test/language/comments/hashbang/module.js: file://TestTC39/test262/test/language/comments/hashbang/module.js: Line 2:1 Unexpected token ILLEGAL (and 2 more errors)",
   "test/language/destructuring/binding/syntax/destructuring-array-parameters-function-arguments-length.js-strict:true": "test/language/destructuring/binding/syntax/destructuring-array-parameters-function-arguments-length.js: SyntaxError: test/language/destructuring/binding/syntax/destructuring-array-parameters-function-arguments-length.js: Unexpected token (35:33)\n  33 | assert.sameValue((async ([a,b]) => {}).length, 1);\n  34 | assert.sameValue((async function([a,b]) {}).length, 1);\n> 35 | assert.sameValue((async function * ([a,b]) {}).length, 1);\n     |                                  ^\n  36 | \n  37 |  <at omitted>",
   "test/language/destructuring/binding/syntax/destructuring-object-parameters-function-arguments-length.js-strict:true": "test/language/destructuring/binding/syntax/destructuring-object-parameters-function-arguments-length.js: SyntaxError: test/language/destructuring/binding/syntax/destructuring-object-parameters-function-arguments-length.js: Unexpected token (35:33)\n  33 | assert.sameValue((async ({a,b}) => {}).length, 1);\n  34 | assert.sameValue((async function({a,b}) {}).length, 1);\n> 35 | assert.sameValue((async function * ({a,b}) {}).length, 1);\n     |                                  ^\n  36 | \n  37 |  <at omitted>",
   "test/language/export/escaped-as-export-specifier.js-strict:true": "test/language/export/escaped-as-export-specifier.js: error is not an object (Test262: This statement should not be evaluated.)",
@@ -42,7 +42,7 @@
   "test/language/expressions/class/cpn-class-expr-computed-property-name-from-integer-separators.js-strict:true": "test/language/expressions/class/cpn-class-expr-computed-property-name-from-integer-separators.js: SyntaxError: test/language/expressions/class/cpn-class-expr-computed-property-name-from-integer-separators.js: Identifier directly after number (40:4)\n  38 | \n  39 | let C = class {\n> 40 |   [1_2_3_4_5_6_7_8]() {\n     |     ^\n  41 |     return 1_2_3_4_5_6_7_8;\n  42 |   }\n  43 |   static [1_2_3_4_5_6_7_8]() { <at omitted>",
   "test/language/expressions/class/cpn-class-expr-fields-computed-property-name-from-integer-separators.js-strict:true": "test/language/expressions/class/cpn-class-expr-fields-computed-property-name-from-integer-separators.js: SyntaxError: test/language/expressions/class/cpn-class-expr-fields-computed-property-name-from-integer-separators.js: Identifier directly after number (40:4)\n  38 | \n  39 | let C = class {\n> 40 |   [1_2_3_4_5_6_7_8] = 1_2_3_4_5_6_7_8;\n     |     ^\n  41 | \n  42 |   static [1_2_3_4_5_6_7_8] = 1_2_3_4_5_6_7_8;\n  43 | }; <at omitted>",
   "test/language/expressions/class/cpn-class-expr-fields-methods-computed-property-name-from-integer-separators.js-strict:true": "test/language/expressions/class/cpn-class-expr-fields-methods-computed-property-name-from-integer-separators.js: SyntaxError: test/language/expressions/class/cpn-class-expr-fields-methods-computed-property-name-from-integer-separators.js: Identifier directly after number (40:4)\n  38 | \n  39 | let C = class {\n> 40 |   [1_2_3_4_5_6_7_8] = () => {\n     |     ^\n  41 |     return 1_2_3_4_5_6_7_8;\n  42 |   };\n  43 |  <at omitted>",
-  "test/language/expressions/class/elements/class-name-static-initializer-default-export.js-strict:true": "test/language/expressions/class/elements/class-name-static-initializer-default-export.js: SyntaxError: //TestTC39/test262/test/language/expressions/class/elements/class-name-static-initializer-default-export.js: Unexpected token (25:13)\n  23 | \n  24 | export default class {\n> 25 |     static f = (className = this.name);\n     |              ^\n  26 | }\n  27 | \n  28 | assert.sameValue(className, \"default\"); <at omitted>",
+  "test/language/expressions/class/elements/class-name-static-initializer-default-export.js-strict:true": "test/language/expressions/class/elements/class-name-static-initializer-default-export.js: SyntaxError: file://TestTC39/test262/test/language/expressions/class/elements/class-name-static-initializer-default-export.js: Unexpected token (25:13)\n  23 | \n  24 | export default class {\n> 25 |     static f = (className = this.name);\n     |              ^\n  26 | }\n  27 | \n  28 | assert.sameValue(className, \"default\"); <at omitted>",
   "test/language/expressions/class/elements/private-getter-is-not-a-own-property.js-strict:true": "test/language/expressions/class/elements/private-getter-is-not-a-own-property.js: TypeError: Object has no member '__lookupGetter__' <at omitted>",
   "test/language/expressions/class/elements/private-setter-is-not-a-own-property.js-strict:true": "test/language/expressions/class/elements/private-setter-is-not-a-own-property.js: TypeError: Object has no member '__lookupSetter__' <at omitted>",
   "test/language/expressions/object/cpn-obj-lit-computed-property-name-from-integer-separators.js-strict:true": "test/language/expressions/object/cpn-obj-lit-computed-property-name-from-integer-separators.js: SyntaxError: test/language/expressions/object/cpn-obj-lit-computed-property-name-from-integer-separators.js: Identifier directly after number (29:4)\n  27 | \n  28 | let o = {\n> 29 |   [1_2_3_4_5_6_7_8]: 1_2_3_4_5_6_7_8\n     |     ^\n  30 | };\n  31 | \n  32 | assert.sameValue( <at omitted>",
@@ -89,23 +89,23 @@
   "test/language/module-code/eval-export-dflt-expr-cls-anon.js-strict:true": "test/language/module-code/eval-export-dflt-expr-cls-anon.js: Test262Error: correct name is assigned Expected SameValue(«», «default») to be true <at omitted>",
   "test/language/module-code/eval-export-dflt-expr-fn-anon.js-strict:true": "test/language/module-code/eval-export-dflt-expr-fn-anon.js: Test262Error: correct name is assigned Expected SameValue(«», «default») to be true <at omitted>",
   "test/language/module-code/eval-export-dflt-expr-gen-anon.js-strict:true": "test/language/module-code/eval-export-dflt-expr-gen-anon.js: Test262Error: correct name is assigned Expected SameValue(«», «default») to be true <at omitted>",
-  "test/language/module-code/eval-rqstd-once.js-strict:true": "test/language/module-code/eval-rqstd-once.js: SyntaxError: //TestTC39/test262/test/language/module-code/eval-rqstd-once.js: Unexpected token (27:9)\n  25 | import dflt2, {} from './eval-rqstd-once_FIXTURE.js';\n  26 | export * from './eval-rqstd-once_FIXTURE.js';\n> 27 | export * as ns2 from './eval-rqstd-once_FIXTURE.js';\n     |          ^\n  28 | export * as class from './eval-rqstd-once_FIXTURE.js';\n  29 | import dflt3, * as ns3 from './eval-rqstd-once_FIXTURE.js';\n  30 | export default null; <at omitted>",
-  "test/language/module-code/eval-rqstd-order.js-strict:true": "test/language/module-code/eval-rqstd-order.js: SyntaxError: //TestTC39/test262/test/language/module-code/eval-rqstd-order.js: Unexpected token (41:9)\n  39 | import dflt3, * as ns2 from './eval-rqstd-order-8_FIXTURE.js';\n  40 | \n> 41 | export * as ns3 from './eval-rqstd-order-9_FIXTURE.js';\n     |          ^\n  42 |  <at omitted>",
-  "test/language/module-code/eval-self-once.js-strict:true": "test/language/module-code/eval-self-once.js: SyntaxError: //TestTC39/test262/test/language/module-code/eval-self-once.js: Unexpected token (36:9)\n  34 | import dflt2, {} from './eval-self-once.js';\n  35 | export * from './eval-self-once.js';\n> 36 | export * as ns2 from './eval-self-once.js';\n     |          ^\n  37 | import dflt3, * as ns from './eval-self-once.js';\n  38 | export default null;\n  39 |  <at omitted>",
+  "test/language/module-code/eval-rqstd-once.js-strict:true": "test/language/module-code/eval-rqstd-once.js: SyntaxError: file://TestTC39/test262/test/language/module-code/eval-rqstd-once.js: Unexpected token (27:9)\n  25 | import dflt2, {} from './eval-rqstd-once_FIXTURE.js';\n  26 | export * from './eval-rqstd-once_FIXTURE.js';\n> 27 | export * as ns2 from './eval-rqstd-once_FIXTURE.js';\n     |          ^\n  28 | export * as class from './eval-rqstd-once_FIXTURE.js';\n  29 | import dflt3, * as ns3 from './eval-rqstd-once_FIXTURE.js';\n  30 | export default null; <at omitted>",
+  "test/language/module-code/eval-rqstd-order.js-strict:true": "test/language/module-code/eval-rqstd-order.js: SyntaxError: file://TestTC39/test262/test/language/module-code/eval-rqstd-order.js: Unexpected token (41:9)\n  39 | import dflt3, * as ns2 from './eval-rqstd-order-8_FIXTURE.js';\n  40 | \n> 41 | export * as ns3 from './eval-rqstd-order-9_FIXTURE.js';\n     |          ^\n  42 |  <at omitted>",
+  "test/language/module-code/eval-self-once.js-strict:true": "test/language/module-code/eval-self-once.js: SyntaxError: file://TestTC39/test262/test/language/module-code/eval-self-once.js: Unexpected token (36:9)\n  34 | import dflt2, {} from './eval-self-once.js';\n  35 | export * from './eval-self-once.js';\n> 36 | export * as ns2 from './eval-self-once.js';\n     |          ^\n  37 | import dflt3, * as ns from './eval-self-once.js';\n  38 | export default null;\n  39 |  <at omitted>",
   "test/language/module-code/eval-this.js-strict:true": "test/language/module-code/eval-this.js: Test262Error: Expected SameValue(«[object Object]», «undefined») to be true <at omitted>",
   "test/language/module-code/export-default-asyncfunction-declaration-binding-exists.js-strict:true": "test/language/module-code/export-default-asyncfunction-declaration-binding-exists.js: error is not an object (Test262: This statement should not be evaluated.)",
   "test/language/module-code/export-default-asyncfunction-declaration-binding.js-strict:true": "test/language/module-code/export-default-asyncfunction-declaration-binding.js: ReferenceError: A is not defined <at omitted>",
-  "test/language/module-code/export-default-asyncgenerator-declaration-binding.js-strict:true": "test/language/module-code/export-default-asyncgenerator-declaration-binding.js: SyntaxError: //TestTC39/test262/test/language/module-code/export-default-asyncgenerator-declaration-binding.js: Unexpected token (18:30)\n  16 | ---*/\n  17 | \n> 18 | export default async function * AG() {}\n     |                               ^\n  19 | AG.foo = '';\n  20 |  <at omitted>",
-  "test/language/module-code/export-expname-binding-index.js-strict:true": "test/language/module-code/export-expname-binding-index.js: SyntaxError: /TestTC39/test262/test/language/module-code/export-expname-binding-index_FIXTURE.js: Unexpected token (6:14)\n  4 | var a = 0;\n  5 | var b = 1;\n> 6 | export { a as \"0\", b as \"1\" };\n    |               ^\n  7 |  <at omitted>",
-  "test/language/module-code/export-expname-binding-string.js-strict:true": "test/language/module-code/export-expname-binding-string.js: SyntaxError: /TestTC39/test262/test/language/module-code/export-expname_FIXTURE.js: Unexpected token (4:29)\n  2 | // This code is governed by the BSD license found in the LICENSE file.\n  3 | \n> 4 | export { Mercury, Mercury as \"☿\" };\n    |                              ^\n  5 | function Mercury() {}\n  6 | globalThis.Mercury = Mercury;\n  7 |  <at omitted>",
-  "test/language/module-code/export-expname-from-binding-string.js-strict:true": "test/language/module-code/export-expname-from-binding-string.js: SyntaxError: //TestTC39/test262/test/language/module-code/export-expname-from-binding-string.js: Unexpected token (21:20)\n  19 | ---*/\n  20 | import * as Scouts from \"./export-expname-from-binding-string.js\";\n> 21 | export { Mercury as \"☿\" } from \"./export-expname_FIXTURE.js\";\n     |                     ^\n  22 | \n  23 | assert.sameValue(Scouts.Mercury, undefined);\n  24 | assert.sameValue(Scouts[\"☿\"], globalThis.Mercury); <at omitted>",
-  "test/language/module-code/export-expname-from-star-string.js-strict:true": "test/language/module-code/export-expname-from-star-string.js: SyntaxError: //TestTC39/test262/test/language/module-code/export-expname-from-star-string.js: Unexpected token (18:9)\n  16 | ---*/\n  17 | import * as Scouts from \"./export-expname-from-star-string.js\";\n> 18 | export * as \"All\" from \"./export-expname_FIXTURE.js\";\n     |          ^\n  19 | \n  20 | assert.sameValue(Scouts[\"☿\"], undefined);\n  21 | assert.sameValue(Scouts.All[\"☿\"], globalThis.Mercury); <at omitted>",
-  "test/language/module-code/export-expname-from-star.js-strict:true": "test/language/module-code/export-expname-from-star.js: SyntaxError: /TestTC39/test262/test/language/module-code/export-expname_FIXTURE.js: Unexpected token (4:29)\n  2 | // This code is governed by the BSD license found in the LICENSE file.\n  3 | \n> 4 | export { Mercury, Mercury as \"☿\" };\n    |                              ^\n  5 | function Mercury() {}\n  6 | globalThis.Mercury = Mercury;\n  7 |  <at omitted>",
-  "test/language/module-code/export-expname-from-string-binding.js-strict:true": "test/language/module-code/export-expname-from-string-binding.js: SyntaxError: //TestTC39/test262/test/language/module-code/export-expname-from-string-binding.js: Unexpected token (19:9)\n  17 | ---*/\n  18 | import * as Scouts from \"./export-expname-from-string-binding.js\";\n> 19 | export { \"☿\" as Ami } from \"./export-expname_FIXTURE.js\";\n     |          ^\n  20 | \n  21 | assert.sameValue(Scouts[\"☿\"], undefined);\n  22 | assert.sameValue(Scouts.Ami, globalThis.Mercury); <at omitted>",
-  "test/language/module-code/export-expname-from-string-string.js-strict:true": "test/language/module-code/export-expname-from-string-string.js: SyntaxError: //TestTC39/test262/test/language/module-code/export-expname-from-string-string.js: Unexpected token (19:9)\n  17 | ---*/\n  18 | import * as Scouts from \"./export-expname-from-string-string.js\";\n> 19 | export { \"☿\" as \"Ami\" } from \"./export-expname_FIXTURE.js\";\n     |          ^\n  20 | \n  21 | assert.sameValue(Scouts[\"☿\"], undefined);\n  22 | assert.sameValue(Scouts.Ami, globalThis.Mercury); <at omitted>",
-  "test/language/module-code/export-expname-from-string.js-strict:true": "test/language/module-code/export-expname-from-string.js: SyntaxError: //TestTC39/test262/test/language/module-code/export-expname-from-string.js: Unexpected token (21:9)\n  19 | ---*/\n  20 | import * as Scouts from \"./export-expname-from-string.js\";\n> 21 | export { \"☿\" } from \"./export-expname_FIXTURE.js\";\n     |          ^\n  22 | \n  23 | assert.sameValue(typeof Scouts[\"☿\"], \"function\");\n  24 |  <at omitted>",
-  "test/language/module-code/export-expname-import-string-binding.js-strict:true": "test/language/module-code/export-expname-import-string-binding.js: SyntaxError: //TestTC39/test262/test/language/module-code/export-expname-import-string-binding.js: Unexpected token (16:9)\n  14 | features: [arbitrary-module-namespace-names]\n  15 | ---*/\n> 16 | import { \"☿\" as Ami } from \"./export-expname_FIXTURE.js\";\n     |          ^\n  17 | \n  18 | assert.sameValue(Ami, globalThis.Mercury);\n  19 |  <at omitted>",
-  "test/language/module-code/export-star-as-dflt.js-strict:true": "test/language/module-code/export-star-as-dflt.js: SyntaxError: //TestTC39/test262/test/language/module-code/export-star-as-dflt.js: Unexpected token (22:9)\n  20 | ---*/\n  21 | \n> 22 | export * as default from './export-star-as-dflt_FIXTURE.js';\n     |          ^\n  23 | import Self from './export-star-as-dflt.js';\n  24 | import { default as named } from './export-star-as-dflt.js';\n  25 | import * as ns from './export-star-as-dflt.js'; <at omitted>",
+  "test/language/module-code/export-default-asyncgenerator-declaration-binding.js-strict:true": "test/language/module-code/export-default-asyncgenerator-declaration-binding.js: SyntaxError: file://TestTC39/test262/test/language/module-code/export-default-asyncgenerator-declaration-binding.js: Unexpected token (18:30)\n  16 | ---*/\n  17 | \n> 18 | export default async function * AG() {}\n     |                               ^\n  19 | AG.foo = '';\n  20 |  <at omitted>",
+  "test/language/module-code/export-expname-binding-index.js-strict:true": "test/language/module-code/export-expname-binding-index.js: SyntaxError: file:///TestTC39/test262/test/language/module-code/export-expname-binding-index_FIXTURE.js: Unexpected token (6:14)\n  4 | var a = 0;\n  5 | var b = 1;\n> 6 | export { a as \"0\", b as \"1\" };\n    |               ^\n  7 |  <at omitted>",
+  "test/language/module-code/export-expname-binding-string.js-strict:true": "test/language/module-code/export-expname-binding-string.js: SyntaxError: file:///TestTC39/test262/test/language/module-code/export-expname_FIXTURE.js: Unexpected token (4:29)\n  2 | // This code is governed by the BSD license found in the LICENSE file.\n  3 | \n> 4 | export { Mercury, Mercury as \"☿\" };\n    |                              ^\n  5 | function Mercury() {}\n  6 | globalThis.Mercury = Mercury;\n  7 |  <at omitted>",
+  "test/language/module-code/export-expname-from-binding-string.js-strict:true": "test/language/module-code/export-expname-from-binding-string.js: SyntaxError: file://TestTC39/test262/test/language/module-code/export-expname-from-binding-string.js: Unexpected token (21:20)\n  19 | ---*/\n  20 | import * as Scouts from \"./export-expname-from-binding-string.js\";\n> 21 | export { Mercury as \"☿\" } from \"./export-expname_FIXTURE.js\";\n     |                     ^\n  22 | \n  23 | assert.sameValue(Scouts.Mercury, undefined);\n  24 | assert.sameValue(Scouts[\"☿\"], globalThis.Mercury); <at omitted>",
+  "test/language/module-code/export-expname-from-star-string.js-strict:true": "test/language/module-code/export-expname-from-star-string.js: SyntaxError: file://TestTC39/test262/test/language/module-code/export-expname-from-star-string.js: Unexpected token (18:9)\n  16 | ---*/\n  17 | import * as Scouts from \"./export-expname-from-star-string.js\";\n> 18 | export * as \"All\" from \"./export-expname_FIXTURE.js\";\n     |          ^\n  19 | \n  20 | assert.sameValue(Scouts[\"☿\"], undefined);\n  21 | assert.sameValue(Scouts.All[\"☿\"], globalThis.Mercury); <at omitted>",
+  "test/language/module-code/export-expname-from-star.js-strict:true": "test/language/module-code/export-expname-from-star.js: SyntaxError: file:///TestTC39/test262/test/language/module-code/export-expname_FIXTURE.js: Unexpected token (4:29)\n  2 | // This code is governed by the BSD license found in the LICENSE file.\n  3 | \n> 4 | export { Mercury, Mercury as \"☿\" };\n    |                              ^\n  5 | function Mercury() {}\n  6 | globalThis.Mercury = Mercury;\n  7 |  <at omitted>",
+  "test/language/module-code/export-expname-from-string-binding.js-strict:true": "test/language/module-code/export-expname-from-string-binding.js: SyntaxError: file://TestTC39/test262/test/language/module-code/export-expname-from-string-binding.js: Unexpected token (19:9)\n  17 | ---*/\n  18 | import * as Scouts from \"./export-expname-from-string-binding.js\";\n> 19 | export { \"☿\" as Ami } from \"./export-expname_FIXTURE.js\";\n     |          ^\n  20 | \n  21 | assert.sameValue(Scouts[\"☿\"], undefined);\n  22 | assert.sameValue(Scouts.Ami, globalThis.Mercury); <at omitted>",
+  "test/language/module-code/export-expname-from-string-string.js-strict:true": "test/language/module-code/export-expname-from-string-string.js: SyntaxError: file://TestTC39/test262/test/language/module-code/export-expname-from-string-string.js: Unexpected token (19:9)\n  17 | ---*/\n  18 | import * as Scouts from \"./export-expname-from-string-string.js\";\n> 19 | export { \"☿\" as \"Ami\" } from \"./export-expname_FIXTURE.js\";\n     |          ^\n  20 | \n  21 | assert.sameValue(Scouts[\"☿\"], undefined);\n  22 | assert.sameValue(Scouts.Ami, globalThis.Mercury); <at omitted>",
+  "test/language/module-code/export-expname-from-string.js-strict:true": "test/language/module-code/export-expname-from-string.js: SyntaxError: file://TestTC39/test262/test/language/module-code/export-expname-from-string.js: Unexpected token (21:9)\n  19 | ---*/\n  20 | import * as Scouts from \"./export-expname-from-string.js\";\n> 21 | export { \"☿\" } from \"./export-expname_FIXTURE.js\";\n     |          ^\n  22 | \n  23 | assert.sameValue(typeof Scouts[\"☿\"], \"function\");\n  24 |  <at omitted>",
+  "test/language/module-code/export-expname-import-string-binding.js-strict:true": "test/language/module-code/export-expname-import-string-binding.js: SyntaxError: file://TestTC39/test262/test/language/module-code/export-expname-import-string-binding.js: Unexpected token (16:9)\n  14 | features: [arbitrary-module-namespace-names]\n  15 | ---*/\n> 16 | import { \"☿\" as Ami } from \"./export-expname_FIXTURE.js\";\n     |          ^\n  17 | \n  18 | assert.sameValue(Ami, globalThis.Mercury);\n  19 |  <at omitted>",
+  "test/language/module-code/export-star-as-dflt.js-strict:true": "test/language/module-code/export-star-as-dflt.js: SyntaxError: file://TestTC39/test262/test/language/module-code/export-star-as-dflt.js: Unexpected token (22:9)\n  20 | ---*/\n  21 | \n> 22 | export * as default from './export-star-as-dflt_FIXTURE.js';\n     |          ^\n  23 | import Self from './export-star-as-dflt.js';\n  24 | import { default as named } from './export-star-as-dflt.js';\n  25 | import * as ns from './export-star-as-dflt.js'; <at omitted>",
   "test/language/module-code/instn-iee-bndng-cls.js-strict:true": "test/language/module-code/instn-iee-bndng-cls.js: Test262Error: binding is created but not initialized Expected a ReferenceError to be thrown but no exception was thrown at all <at omitted>",
   "test/language/module-code/instn-iee-bndng-const.js-strict:true": "test/language/module-code/instn-iee-bndng-const.js: Test262Error: binding is created but not initialized Expected a ReferenceError to be thrown but no exception was thrown at all <at omitted>",
   "test/language/module-code/instn-iee-bndng-fun.js-strict:true": "test/language/module-code/instn-iee-bndng-fun.js: TypeError: Value is not an object: undefined <at omitted>",
@@ -141,23 +141,23 @@
   "test/language/module-code/instn-named-err-not-found-dflt.js-strict:true": "test/language/module-code/instn-named-err-not-found-dflt.js: Expected error: <nil>",
   "test/language/module-code/instn-named-err-not-found.js-strict:true": "test/language/module-code/instn-named-err-not-found.js: Expected error: <nil>",
   "test/language/module-code/instn-named-iee-cycle.js-strict:true": "test/language/module-code/instn-named-iee-cycle.js: Test262Error: Expected SameValue(«undefined», «23») to be true <at omitted>",
-  "test/language/module-code/instn-once.js-strict:true": "test/language/module-code/instn-once.js: SyntaxError: //TestTC39/test262/test/language/module-code/instn-once.js: Unexpected token (35:9)\n  33 | import dflt2, {} from './instn-once.js';\n  34 | export * from './instn-once.js';\n> 35 | export * as ns2 from './instn-once.js';\n     |          ^\n  36 | import dflt3, * as ns from './instn-once.js';\n  37 | export default null;\n  38 |  <at omitted>",
+  "test/language/module-code/instn-once.js-strict:true": "test/language/module-code/instn-once.js: SyntaxError: file://TestTC39/test262/test/language/module-code/instn-once.js: Unexpected token (35:9)\n  33 | import dflt2, {} from './instn-once.js';\n  34 | export * from './instn-once.js';\n> 35 | export * as ns2 from './instn-once.js';\n     |          ^\n  36 | import dflt3, * as ns from './instn-once.js';\n  37 | export default null;\n  38 |  <at omitted>",
   "test/language/module-code/instn-star-ambiguous.js-strict:true": "test/language/module-code/instn-star-ambiguous.js: TypeError: Cannot redefine property: both <at omitted>",
-  "test/language/module-code/instn-star-as-props-dflt-skip.js-strict:true": "test/language/module-code/instn-star-as-props-dflt-skip.js: SyntaxError: /TestTC39/test262/test/language/module-code/instn-star-props-dflt-skip-star-as-named_FIXTURE.js: Unexpected token (4:9)\n  2 | // This code is governed by the BSD license found in the LICENSE file.\n  3 | \n> 4 | export * as named from './instn-star-props-dflt-skip-star-as-named-end_FIXTURE.js';\n    |          ^\n  5 |  <at omitted>",
+  "test/language/module-code/instn-star-as-props-dflt-skip.js-strict:true": "test/language/module-code/instn-star-as-props-dflt-skip.js: SyntaxError: file:///TestTC39/test262/test/language/module-code/instn-star-props-dflt-skip-star-as-named_FIXTURE.js: Unexpected token (4:9)\n  2 | // This code is governed by the BSD license found in the LICENSE file.\n  3 | \n> 4 | export * as named from './instn-star-props-dflt-skip-star-as-named-end_FIXTURE.js';\n    |          ^\n  5 |  <at omitted>",
   "test/language/module-code/instn-star-binding.js-strict:true": "test/language/module-code/instn-star-binding.js: Test262Error: binding rejects assignment Expected a TypeError to be thrown but no exception was thrown at all <at omitted>",
   "test/language/module-code/instn-star-equality.js-strict:true": "test/language/module-code/instn-star-equality.js: Test262Error: Local namespace objects from consecutive declarations Expected SameValue(«[object Object]», «[object Object]») to be true <at omitted>",
   "test/language/module-code/instn-star-err-not-found.js-strict:true": "test/language/module-code/instn-star-err-not-found.js: Expected error: <nil>",
   "test/language/module-code/instn-star-iee-cycle.js-strict:true": "test/language/module-code/instn-star-iee-cycle.js: Test262Error: Expected SameValue(«undefined», «23») to be true <at omitted>",
   "test/language/module-code/instn-star-props-circular.js-strict:true": "test/language/module-code/instn-star-props-circular.js: Test262Error: entry for binding from \"a\" in namespace of module B <at omitted>",
-  "test/language/module-code/instn-star-props-nrml.js-strict:true": "test/language/module-code/instn-star-props-nrml.js: SyntaxError: /TestTC39/test262/test/language/module-code/instn-star-props-nrml-1_FIXTURE.js: Unexpected token (23:9)\n  21 | export { indirectIdName } from './instn-star-props-nrml-indirect_FIXTURE.js';\n  22 | export { indirectIdName as indirectIdName2 } from './instn-star-props-nrml-indirect_FIXTURE.js';\n> 23 | export * as namespaceBinding from './instn-star-props-nrml-indirect_FIXTURE.js';\n     |          ^\n  24 | \n  25 | export * from './instn-star-props-nrml-star_FIXTURE.js';\n  26 |  <at omitted>",
+  "test/language/module-code/instn-star-props-nrml.js-strict:true": "test/language/module-code/instn-star-props-nrml.js: SyntaxError: file:///TestTC39/test262/test/language/module-code/instn-star-props-nrml-1_FIXTURE.js: Unexpected token (23:9)\n  21 | export { indirectIdName } from './instn-star-props-nrml-indirect_FIXTURE.js';\n  22 | export { indirectIdName as indirectIdName2 } from './instn-star-props-nrml-indirect_FIXTURE.js';\n> 23 | export * as namespaceBinding from './instn-star-props-nrml-indirect_FIXTURE.js';\n     |          ^\n  24 | \n  25 | export * from './instn-star-props-nrml-star_FIXTURE.js';\n  26 |  <at omitted>",
   "test/language/module-code/namespace/Symbol.toStringTag.js-strict:true": "test/language/module-code/namespace/Symbol.toStringTag.js: Test262Error: Expected SameValue(«undefined», «Module») to be true <at omitted>",
   "test/language/module-code/namespace/internals/define-own-property.js-strict:true": "test/language/module-code/namespace/internals/define-own-property.js: Test262Error: Reflect.defineProperty: local2 Expected SameValue(«true», «false») to be true <at omitted>",
   "test/language/module-code/namespace/internals/delete-exported-init.js-strict:true": "test/language/module-code/namespace/internals/delete-exported-init.js: Test262Error: delete: local1 Expected a TypeError to be thrown but no exception was thrown at all <at omitted>",
   "test/language/module-code/namespace/internals/delete-exported-uninit.js-strict:true": "test/language/module-code/namespace/internals/delete-exported-uninit.js: Test262Error: delete: local1 Expected a TypeError to be thrown but no exception was thrown at all <at omitted>",
   "test/language/module-code/namespace/internals/delete-non-exported.js-strict:true": "test/language/module-code/namespace/internals/delete-non-exported.js: Test262Error: delete: Symbol.toStringTag Expected a TypeError to be thrown but no exception was thrown at all <at omitted>",
   "test/language/module-code/namespace/internals/enumerate-binding-uninit.js-strict:true": "test/language/module-code/namespace/internals/enumerate-binding-uninit.js: Test262Error: Expected a ReferenceError to be thrown but no exception was thrown at all <at omitted>",
-  "test/language/module-code/namespace/internals/get-nested-namespace-dflt-skip.js-strict:true": "test/language/module-code/namespace/internals/get-nested-namespace-dflt-skip.js: SyntaxError: /TestTC39/test262/test/language/module-code/namespace/internals/get-nested-namespace-dflt-skip-named_FIXTURE.js: Unexpected token (4:9)\n  2 | // This code is governed by the BSD license found in the LICENSE file.\n  3 | \n> 4 | export * as namedns2 from './get-nested-namespace-dflt-skip-named-end_FIXTURE.js';\n    |          ^\n  5 |  <at omitted>",
-  "test/language/module-code/namespace/internals/get-nested-namespace-props-nrml.js-strict:true": "test/language/module-code/namespace/internals/get-nested-namespace-props-nrml.js: SyntaxError: /TestTC39/test262/test/language/module-code/namespace/internals/get-nested-namespace-props-nrml-1_FIXTURE.js: Unexpected token (4:9)\n  2 | // This code is governed by the BSD license found in the LICENSE file.\n  3 | \n> 4 | export * as exportns from './get-nested-namespace-props-nrml-2_FIXTURE.js';\n    |          ^\n  5 |  <at omitted>",
+  "test/language/module-code/namespace/internals/get-nested-namespace-dflt-skip.js-strict:true": "test/language/module-code/namespace/internals/get-nested-namespace-dflt-skip.js: SyntaxError: file:///TestTC39/test262/test/language/module-code/namespace/internals/get-nested-namespace-dflt-skip-named_FIXTURE.js: Unexpected token (4:9)\n  2 | // This code is governed by the BSD license found in the LICENSE file.\n  3 | \n> 4 | export * as namedns2 from './get-nested-namespace-dflt-skip-named-end_FIXTURE.js';\n    |          ^\n  5 |  <at omitted>",
+  "test/language/module-code/namespace/internals/get-nested-namespace-props-nrml.js-strict:true": "test/language/module-code/namespace/internals/get-nested-namespace-props-nrml.js: SyntaxError: file:///TestTC39/test262/test/language/module-code/namespace/internals/get-nested-namespace-props-nrml-1_FIXTURE.js: Unexpected token (4:9)\n  2 | // This code is governed by the BSD license found in the LICENSE file.\n  3 | \n> 4 | export * as exportns from './get-nested-namespace-props-nrml-2_FIXTURE.js';\n    |          ^\n  5 |  <at omitted>",
   "test/language/module-code/namespace/internals/get-own-property-str-found-init.js-strict:true": "test/language/module-code/namespace/internals/get-own-property-str-found-init.js: Test262Error: local1 configurable Expected SameValue(«true», «false») to be true <at omitted>",
   "test/language/module-code/namespace/internals/get-own-property-str-found-uninit.js-strict:true": "test/language/module-code/namespace/internals/get-own-property-str-found-uninit.js: Test262Error: hasOwnProperty: local1 Expected a ReferenceError to be thrown but no exception was thrown at all <at omitted>",
   "test/language/module-code/namespace/internals/get-own-property-sym.js-strict:true": "test/language/module-code/namespace/internals/get-own-property-sym.js: Test262Error: Expected SameValue(«false», «true») to be true <at omitted>",
diff --git a/js/tc39/tc39_test.go b/js/tc39/tc39_test.go
index bbff2651f..42a516e88 100644
--- a/js/tc39/tc39_test.go
+++ b/js/tc39/tc39_test.go
@@ -697,7 +697,7 @@ func (ctx *tc39TestCtx) runTC39Module(name, src string, includes []string, vm *g
 			return fs.ReadFile(currentFS, specifier.Path[1:])
 		},
 		comp)
-	u := &url.URL{Path: path.Join(ctx.base, name)}
+	u := &url.URL{Scheme: "file", Path: path.Join(ctx.base, name)}
 
 	base := u.JoinPath("..")
 	ms := modules.NewModuleSystem(mr, moduleRuntime.VU)
diff --git a/lib/old_archive_test.go b/lib/old_archive_test.go
index f235f92ca..ad700968f 100644
--- a/lib/old_archive_test.go
+++ b/lib/old_archive_test.go
@@ -63,7 +63,7 @@ func TestOldArchive(t *testing.T) {
 	testCases := map[string]string{
 		// map of filename to data for each main file tested
 		"github.com/k6io/k6/samples/example.js": `github file`,
-		"cdnjs.com/packages/Faker":              `faker file`,
+		"cdnjs.com/libraries/Faker":             `faker file`,
 		"C:/something/path2":                    `windows script`,
 		"/absolulte/path2":                      `unix script`,
 	}
@@ -75,14 +75,14 @@ func TestOldArchive(t *testing.T) {
 			fs := makeMemMapFs(t, map[string][]byte{
 				// files
 				"/files/github.com/k6io/k6/samples/example.js": []byte(`github file`),
-				"/files/cdnjs.com/packages/Faker":              []byte(`faker file`),
+				"/files/cdnjs.com/libraries/Faker":             []byte(`faker file`),
 				"/files/example.com/path/to.js":                []byte(`example.com file`),
 				"/files/_/C/something/path":                    []byte(`windows file`),
 				"/files/_/absolulte/path":                      []byte(`unix file`),
 
 				// scripts
 				"/scripts/github.com/k6io/k6/samples/example.js2": []byte(`github script`),
-				"/scripts/cdnjs.com/packages/Faker2":              []byte(`faker script`),
+				"/scripts/cdnjs.com/libraries/Faker2":             []byte(`faker script`),
 				"/scripts/example.com/path/too.js":                []byte(`example.com script`),
 				"/scripts/_/C/something/path2":                    []byte(`windows script`),
 				"/scripts/_/absolulte/path2":                      []byte(`unix script`),
@@ -104,9 +104,9 @@ func TestOldArchive(t *testing.T) {
 					"/example.com/path/to.js":                 []byte(`example.com file`),
 					"/example.com/path/too.js":                []byte(`example.com script`),
 					"/github.com/k6io/k6/samples/example.js":  []byte(`github file`),
-					"/cdnjs.com/packages/Faker":               []byte(`faker file`),
+					"/cdnjs.com/libraries/Faker":              []byte(`faker file`),
 					"/github.com/k6io/k6/samples/example.js2": []byte(`github script`),
-					"/cdnjs.com/packages/Faker2":              []byte(`faker script`),
+					"/cdnjs.com/libraries/Faker2":             []byte(`faker script`),
 				}),
 			}
 
@@ -157,12 +157,6 @@ func TestFilenamePwdResolve(t *testing.T) {
 			expectedFilenameURL: &url.URL{Opaque: "cdnjs.com/libraries/Faker"},
 			expectedPwdURL:      &url.URL{Scheme: "file", Path: "/home/nobody"},
 		},
-		{
-			Filename:            "example.com/something/dot.js",
-			Pwd:                 "example.com/something/",
-			expectedFilenameURL: &url.URL{Host: "example.com", Scheme: "", Path: "/something/dot.js"},
-			expectedPwdURL:      &url.URL{Host: "example.com", Scheme: "", Path: "/something"},
-		},
 		{
 			Filename:            "https://example.com/something/dot.js",
 			Pwd:                 "https://example.com/something",
diff --git a/loader/loader.go b/loader/loader.go
index 6e7c3360b..7fbabd683 100644
--- a/loader/loader.go
+++ b/loader/loader.go
@@ -37,6 +37,10 @@ var (
 		{"cdnjs", cdnjs, regexp.MustCompile(`^cdnjs\.com/libraries/([^/]+)(?:/([(\d\.)]+-?[^/]*))?(?:/(.*))?$`)},
 		{"github", github, regexp.MustCompile(`^github\.com/([^/]+)/([^/]+)/(.*)$`)},
 	}
+	errNoLoaderMatched = errors.New("no loader matched")
+)
+
+const (
 	httpsSchemeCouldntBeLoadedMsg = `The moduleSpecifier "%s" couldn't be retrieved from` +
 		` the resolved url "%s". Error : "%s"`
 	fileSchemeCouldntBeLoadedMsg = `The moduleSpecifier "%s" couldn't be found on ` +
@@ -46,30 +50,13 @@ var (
 		`your script and modules so that they're accessible by k6 from ` +
 		`inside of the container, see ` +
 		`https://k6.io/docs/using-k6/modules#using-local-modules-with-docker.`
-	nothingWorkedLoadedMsg = fileSchemeCouldntBeLoadedMsg +
-		` Additionally it was tried to be loaded as remote module by prepending "https://" to it, ` +
-		`which also didn't work. Remote resolution error: "%s"`
-	errNoLoaderMatched = errors.New("no loader matched")
 )
 
-// noSchemeRemoteModuleResolutionError is returned when a url with no scheme was tried to be
-// resolved and errored out
-type noSchemeRemoteModuleResolutionError struct {
-	err             error // original error
-	moduleSpecifier string
-}
+type unresolvableURLError string
 
-func (n noSchemeRemoteModuleResolutionError) Error() string {
-	return fmt.Sprintf(
-		`Module specifier "%s" was tried to be loaded as remote module by prepending "https://" to it, `+
-			`which didn't work. If you are trying to import a nodejs module, this is not supported `+
-			`as k6 is _not_ nodejs based. Please read https://k6.io/docs/using-k6/modules for more information. `+
-			`Remote resolution error: "%s"`, n.moduleSpecifier, n.err)
-}
-
-// Unwrap returns the wrapped error.
-func (n noSchemeRemoteModuleResolutionError) Unwrap() error {
-	return n.err
+func (u unresolvableURLError) Error() string {
+	// TODO potentially add more things about what k6 supports if users report being confused.
+	return fmt.Sprintf(`The moduleSpecifier %q couldn't be recognised as something k6 supports.`, (string)(u))
 }
 
 // Resolve a relative path to an absolute one.
@@ -97,18 +84,14 @@ func Resolve(pwd *url.URL, moduleSpecifier string) (*url.URL, error) {
 		}
 		return u, err
 	}
-	// here we only care if a loader is pickable, if it is and later there is an error in the loading
-	// from it we don't want to try another resolve
 	_, loader, _ := pickLoader(moduleSpecifier)
-	if loader == nil {
-		u, err := url.Parse("https://" + moduleSpecifier)
-		if err != nil {
-			return nil, noSchemeRemoteModuleResolutionError{err: err, moduleSpecifier: moduleSpecifier}
-		}
-		u.Scheme = ""
-		return u, nil
+	if loader != nil {
+		// here we only care if a loader is pickable, if it is and later there is an error in the loading
+		// from it we don't want to try another resolve
+		return &url.URL{Opaque: moduleSpecifier}, nil
 	}
-	return &url.URL{Opaque: moduleSpecifier}, nil
+
+	return nil, unresolvableURLError(moduleSpecifier)
 }
 
 func resolveFilePath(pwd *url.URL, moduleSpecifier string) (*url.URL, error) {
@@ -172,6 +155,10 @@ func Load(
 	}
 	scheme := moduleSpecifier.Scheme
 	if scheme == "" {
+		if moduleSpecifier.Opaque == "" {
+			//nolint:stylecheck
+			return nil, fmt.Errorf(fileSchemeCouldntBeLoadedMsg, originalModuleSpecifier)
+		}
 		scheme = "https"
 	}
 
@@ -188,43 +175,32 @@ func Load(
 	if !errors.Is(err, fs.ErrNotExist) {
 		return nil, err
 	}
-	if scheme == "https" {
-		finalModuleSpecifierURL := &url.URL{}
-
-		switch {
-		case moduleSpecifier.Opaque != "": // This is loader
-			finalModuleSpecifierURL, err = resolveUsingLoaders(logger, moduleSpecifier.Opaque)
-			if err != nil {
-				return nil, err
-			}
-		case moduleSpecifier.Scheme == "":
-			logger.Warningf(`The moduleSpecifier "%s" has no scheme but we will try to resolve it as remote module. `+
-				`This is deprecated and will be removed in v0.48.0 - all remote modules will `+
-				`need to explicitly be prepended with "https://".`, originalModuleSpecifier)
-			*finalModuleSpecifierURL = *moduleSpecifier
-			finalModuleSpecifierURL.Scheme = scheme
-		default:
-			finalModuleSpecifierURL = moduleSpecifier
-		}
-		var result *SourceData
-		result, err = loadRemoteURL(logger, finalModuleSpecifierURL)
-		if err == nil {
-			result.URL = moduleSpecifier
-			// TODO maybe make an fsext.Fs which makes request directly and than use CacheOnReadFs
-			// on top of as with the `file` scheme fs
-			_ = fsext.WriteFile(filesystems[scheme], pathOnFs, result.Data, 0o644)
-			return result, nil
-		}
+	if scheme != "https" {
+		//nolint:stylecheck
+		return nil, fmt.Errorf(fileSchemeCouldntBeLoadedMsg, originalModuleSpecifier)
+	}
+
+	finalModuleSpecifierURL := moduleSpecifier
 
-		if moduleSpecifier.Scheme == "" && moduleSpecifier.Opaque == "" {
-			// we have an error and we did remote module resolution without a scheme
-			// let's write the coolest error message to try to help the lost soul who got to here
-			return nil, noSchemeRemoteModuleResolutionError{err: err, moduleSpecifier: originalModuleSpecifier}
+	if moduleSpecifier.Opaque != "" { // This is a loader
+		finalModuleSpecifierURL, err = resolveUsingLoaders(logger, moduleSpecifier.Opaque)
+		if err != nil {
+			return nil, err
 		}
+	}
+
+	var result *SourceData
+	result, err = loadRemoteURL(logger, finalModuleSpecifierURL)
+	if err != nil {
+		//nolint:stylecheck
 		return nil, fmt.Errorf(httpsSchemeCouldntBeLoadedMsg, originalModuleSpecifier, finalModuleSpecifierURL, err)
 	}
+	result.URL = moduleSpecifier
+	// TODO maybe make an fsext.Fs which makes request directly and than use CacheOnReadFs
+	// on top of as with the `file` scheme fs
+	_ = fsext.WriteFile(filesystems[scheme], pathOnFs, result.Data, 0o644)
 
-	return nil, fmt.Errorf(fileSchemeCouldntBeLoadedMsg, originalModuleSpecifier)
+	return result, nil
 }
 
 func resolveUsingLoaders(logger logrus.FieldLogger, name string) (*url.URL, error) {
diff --git a/loader/loader_test.go b/loader/loader_test.go
index 1e3aa109c..8c626c3ee 100644
--- a/loader/loader_test.go
+++ b/loader/loader_test.go
@@ -49,9 +49,8 @@ func TestResolve(t *testing.T) {
 		t.Run("Missing", func(t *testing.T) {
 			t.Parallel()
 			u, err := loader.Resolve(root, "example.com/html")
-			require.NoError(t, err)
-			assert.Equal(t, u.String(), "//example.com/html")
-			// TODO: check that warning will be emitted if Loaded
+			require.ErrorContains(t, err, "The moduleSpecifier \"example.com/html\" couldn't be recognised as something k6 supports")
+			require.Nil(t, u)
 		})
 		t.Run("WS", func(t *testing.T) {
 			t.Parallel()
@@ -245,18 +244,11 @@ func TestLoad(t *testing.T) {
 		root, err := url.Parse("file:///")
 		require.NoError(t, err)
 
-		t.Run("IP URL", func(t *testing.T) {
-			t.Parallel()
-			_, err := loader.Resolve(root, "192.168.0.%31")
-			require.Error(t, err)
-			require.Contains(t, err.Error(), `invalid URL escape "%31"`)
-		})
-
 		testData := [...]struct {
 			name, moduleSpecifier string
 		}{
 			{"URL", sr("HTTPSBIN_URL/invalid")},
-			{"HOST", "some-path-that-doesnt-exist.js"},
+			{"HOST", "https://some-path-that-doesnt-exist.js"},
 		}
 
 		filesystems := map[string]fsext.Fs{"https": fsext.NewMemMapFs()}
diff --git a/loader/readsource.go b/loader/readsource.go
index 3c4f2c19a..e28a8b3d7 100644
--- a/loader/readsource.go
+++ b/loader/readsource.go
@@ -46,19 +46,12 @@ func ReadSource(
 	pwdURL := &url.URL{Scheme: "file", Path: filepath.ToSlash(filepath.Clean(pwd)) + "/"}
 	srcURL, err := Resolve(pwdURL, filepath.ToSlash(src))
 	if err != nil {
-		var noSchemeError noSchemeRemoteModuleResolutionError
-		if errors.As(err, &noSchemeError) {
-			// TODO maybe try to wrap the original error here as well, without butchering the message
-			return nil, fmt.Errorf(nothingWorkedLoadedMsg, noSchemeError.moduleSpecifier, noSchemeError.err)
+		var unresolvedError unresolvableURLError
+		if errors.As(err, &unresolvedError) {
+			//nolint:stylecheck
+			return nil, fmt.Errorf(fileSchemeCouldntBeLoadedMsg, (string)(unresolvedError))
 		}
 		return nil, err
 	}
-	result, err := Load(logger, filesystems, srcURL, src)
-	var noSchemeError noSchemeRemoteModuleResolutionError
-	if errors.As(err, &noSchemeError) {
-		// TODO maybe try to wrap the original error here as well, without butchering the message
-		return nil, fmt.Errorf(nothingWorkedLoadedMsg, noSchemeError.moduleSpecifier, noSchemeError.err)
-	}
-
-	return result, err
+	return Load(logger, filesystems, srcURL, src)
 }
