<!-- 
RSS generated by JIRA (8.20.10#820010-sha1:ace47f9899e9ee25d7157d59aa17ab06aee30d3d) at Wed Nov 12 04:17:39 UTC 2025

It is possible to restrict the fields that are returned in this document by specifying the 'field' parameter in your request.
For example, to request only the issue key and summary append 'field=key&field=summary' to the URL of your request.
-->
<rss version="0.92" >
<channel>
    <title>ASF JIRA</title>
    <link>https://issues.apache.org/jira</link>
    <description>This file is an XML representation of an issue</description>
    <language>en-uk</language>    <build-info>
        <version>8.20.10</version>
        <build-number>820010</build-number>
        <build-date>22-06-2022</build-date>
    </build-info>


<item>
            <title>[SOLR-5344] SpellCheckCollatorTest.testEstimatedHitCounts fails in jenkins from time to time</title>
                <link>https://issues.apache.org/jira/browse/SOLR-5344</link>
                <project id="12310230" key="SOLR">Solr</project>
                    <description>&lt;p&gt;Doesn&apos;t happen very often, but maybe one I can fix. I&apos;ll look into it.&lt;/p&gt;</description>
                <environment></environment>
        <key id="12673620">SOLR-5344</key>
            <summary>SpellCheckCollatorTest.testEstimatedHitCounts fails in jenkins from time to time</summary>
                <type id="1" iconUrl="https://issues.apache.org/jira/secure/viewavatar?size=xsmall&amp;avatarId=21133&amp;avatarType=issuetype">Bug</type>
                                            <priority id="3" iconUrl="https://issues.apache.org/jira/images/icons/priorities/major.svg">Major</priority>
                        <status id="5" iconUrl="https://issues.apache.org/jira/images/icons/statuses/resolved.png" description="A resolution has been taken, and it is awaiting verification by reporter. From here issues are either reopened, or are closed.">Resolved</status>
                    <statusCategory id="3" key="done" colorName="green"/>
                                    <resolution id="10101">Abandoned</resolution>
                                        <assignee username="jdyer">James Dyer</assignee>
                                    <reporter username="rcmuir">Robert Muir</reporter>
                        <labels>
                    </labels>
                <created>Sun, 13 Oct 2013 19:04:33 +0000</created>
                <updated>Wed, 20 Nov 2019 21:05:58 +0000</updated>
                            <resolved>Wed, 20 Nov 2019 21:05:58 +0000</resolved>
                                                                        <due></due>
                            <votes>0</votes>
                                    <watches>3</watches>
                                                                                                                <comments>
                            <comment id="14709496" author="steve_rowe" created="Mon, 24 Aug 2015 15:52:50 +0000"  >&lt;p&gt;My Jenkins found a seed on the 5.3 release branch with Java8 &lt;a href=&quot;http://jenkins.sarowe.net/job/Lucene-Solr-tests-5.3-Java8/222/&quot; class=&quot;external-link&quot; target=&quot;_blank&quot; rel=&quot;nofollow noopener&quot;&gt;http://jenkins.sarowe.net/job/Lucene-Solr-tests-5.3-Java8/222/&lt;/a&gt;, reproduces for me on OS X on lucene_solr_5_3, branch_5x and trunk with Java8 (all three branches at r1697441): &lt;/p&gt;

&lt;div class=&quot;preformatted panel&quot; style=&quot;border-width: 1px;&quot;&gt;&lt;div class=&quot;preformattedContent panelContent&quot;&gt;
&lt;pre&gt;   [junit4]   2&amp;gt; NOTE: reproduce with: ant test  -Dtestcase=SpellCheckCollatorTest -Dtests.method=testEstimatedHitCounts -Dtests.seed=9F0E3D70573DAFC9 -Dtests.slow=true -Dtests.locale=en_CA -Dtests.timezone=America/Dawson_Creek -Dtests.asserts=true -Dtests.file.encoding=UTF-8
   [junit4] ERROR   0.71s | SpellCheckCollatorTest.testEstimatedHitCounts &amp;lt;&amp;lt;&amp;lt;
   [junit4]    &amp;gt; Throwable #1: java.lang.RuntimeException: Exception during query
   [junit4]    &amp;gt; 	at __randomizedtesting.SeedInfo.seed([9F0E3D70573DAFC9:AEB58345F202BF19]:0)
   [junit4]    &amp;gt; 	at org.apache.solr.SolrTestCaseJ4.assertQ(SolrTestCaseJ4.java:765)
   [junit4]    &amp;gt; 	at org.apache.solr.SolrTestCaseJ4.assertQ(SolrTestCaseJ4.java:732)
   [junit4]    &amp;gt; 	at org.apache.solr.spelling.SpellCheckCollatorTest.testEstimatedHitCounts(SpellCheckCollatorTest.java:530)
   [junit4]    &amp;gt; 	at java.lang.Thread.run(Thread.java:745)
   [junit4]    &amp;gt; Caused by: java.lang.RuntimeException: REQUEST FAILED: xpath=//lst[@name=&apos;spellcheck&apos;]/lst[@name=&apos;collations&apos;]/lst[@name=&apos;collation&apos;]/int[@name=&apos;hits&apos; and 6 &amp;lt;= . and . &amp;lt;= 10]
   [junit4]    &amp;gt; 	xml response was: &amp;lt;?xml version=&quot;1.0&quot; encoding=&quot;UTF-8&quot;?&amp;gt;
   [junit4]    &amp;gt; &amp;lt;response&amp;gt;
   [junit4]    &amp;gt; &amp;lt;lst name=&quot;responseHeader&quot;&amp;gt;&amp;lt;int name=&quot;status&quot;&amp;gt;0&amp;lt;/int&amp;gt;&amp;lt;int name=&quot;QTime&quot;&amp;gt;10&amp;lt;/int&amp;gt;&amp;lt;/lst&amp;gt;&amp;lt;result name=&quot;response&quot; numFound=&quot;0&quot; start=&quot;0&quot;&amp;gt;&amp;lt;/result&amp;gt;&amp;lt;lst name=&quot;spellcheck&quot;&amp;gt;&amp;lt;lst name=&quot;suggestions&quot;&amp;gt;&amp;lt;lst name=&quot;everother&quot;&amp;gt;&amp;lt;int name=&quot;numFound&quot;&amp;gt;1&amp;lt;/int&amp;gt;&amp;lt;int name=&quot;startOffset&quot;&amp;gt;9&amp;lt;/int&amp;gt;&amp;lt;int name=&quot;endOffset&quot;&amp;gt;18&amp;lt;/int&amp;gt;&amp;lt;arr name=&quot;suggestion&quot;&amp;gt;&amp;lt;str&amp;gt;everyother&amp;lt;/str&amp;gt;&amp;lt;/arr&amp;gt;&amp;lt;/lst&amp;gt;&amp;lt;/lst&amp;gt;&amp;lt;lst name=&quot;collations&quot;&amp;gt;&amp;lt;lst name=&quot;collation&quot;&amp;gt;&amp;lt;str name=&quot;collationQuery&quot;&amp;gt;teststop:everyother&amp;lt;/str&amp;gt;&amp;lt;int name=&quot;hits&quot;&amp;gt;12&amp;lt;/int&amp;gt;&amp;lt;lst name=&quot;misspellingsAndCorrections&quot;&amp;gt;&amp;lt;str name=&quot;everother&quot;&amp;gt;everyother&amp;lt;/str&amp;gt;&amp;lt;/lst&amp;gt;&amp;lt;/lst&amp;gt;&amp;lt;/lst&amp;gt;&amp;lt;/lst&amp;gt;
   [junit4]    &amp;gt; &amp;lt;/response&amp;gt;
   [junit4]    &amp;gt; 	request was:spellcheck=true&amp;amp;spellcheck.dictionary=direct&amp;amp;spellcheck.count=1&amp;amp;spellcheck.collate=true&amp;amp;spellcheck.maxCollationTries=1&amp;amp;spellcheck.maxCollations=1&amp;amp;spellcheck.collateExtendedResults=true&amp;amp;qt=spellCheckCompRH&amp;amp;q=teststop%3Aeverother&amp;amp;spellcheck.collateMaxCollectDocs=5
   [junit4]    &amp;gt; 	at org.apache.solr.SolrTestCaseJ4.assertQ(SolrTestCaseJ4.java:758)
   [junit4]    &amp;gt; 	... 41 more
&lt;/pre&gt;
&lt;/div&gt;&lt;/div&gt;</comment>
                            <comment id="14723609" author="steve_rowe" created="Mon, 31 Aug 2015 16:12:55 +0000"  >&lt;p&gt;Another fail that reproduces for me, this time on branch_5x, from Policeman Jenkins &lt;a href=&quot;http://jenkins.thetaphi.de/job/Lucene-Solr-5.x-Linux/13781/&quot; class=&quot;external-link&quot; target=&quot;_blank&quot; rel=&quot;nofollow noopener&quot;&gt;http://jenkins.thetaphi.de/job/Lucene-Solr-5.x-Linux/13781/&lt;/a&gt;:&lt;/p&gt;

&lt;div class=&quot;preformatted panel&quot; style=&quot;border-width: 1px;&quot;&gt;&lt;div class=&quot;preformattedContent panelContent&quot;&gt;
&lt;pre&gt;   [junit4]   2&amp;gt; NOTE: reproduce with: ant test  -Dtestcase=SpellCheckCollatorTest -Dtests.method=testEstimatedHitCounts -Dtests.seed=27DE05F9C4F2FFCE -Dtests.multiplier=3 -Dtests.slow=true -Dtests.locale=no_NO -Dtests.timezone=Canada/Eastern -Dtests.asserts=true -Dtests.file.encoding=UTF-8
   [junit4] ERROR   0.30s J1 | SpellCheckCollatorTest.testEstimatedHitCounts &amp;lt;&amp;lt;&amp;lt;
   [junit4]    &amp;gt; Throwable #1: java.lang.RuntimeException: Exception during query
   [junit4]    &amp;gt; 	at __randomizedtesting.SeedInfo.seed([27DE05F9C4F2FFCE:1665BBCC61CDEF1E]:0)
   [junit4]    &amp;gt; 	at org.apache.solr.SolrTestCaseJ4.assertQ(SolrTestCaseJ4.java:765)
   [junit4]    &amp;gt; 	at org.apache.solr.SolrTestCaseJ4.assertQ(SolrTestCaseJ4.java:732)
   [junit4]    &amp;gt; 	at org.apache.solr.spelling.SpellCheckCollatorTest.testEstimatedHitCounts(SpellCheckCollatorTest.java:530)
   [junit4]    &amp;gt; 	at java.lang.Thread.run(Thread.java:745)
   [junit4]    &amp;gt; Caused by: java.lang.RuntimeException: REQUEST FAILED: xpath=//lst[@name=&apos;spellcheck&apos;]/lst[@name=&apos;collations&apos;]/lst[@name=&apos;collation&apos;]/int[@name=&apos;hits&apos; and 6 &amp;lt;= . and . &amp;lt;= 10]
   [junit4]    &amp;gt; 	xml response was: &amp;lt;?xml version=&quot;1.0&quot; encoding=&quot;UTF-8&quot;?&amp;gt;
   [junit4]    &amp;gt; &amp;lt;response&amp;gt;
   [junit4]    &amp;gt; &amp;lt;lst name=&quot;responseHeader&quot;&amp;gt;&amp;lt;int name=&quot;status&quot;&amp;gt;0&amp;lt;/int&amp;gt;&amp;lt;int name=&quot;QTime&quot;&amp;gt;4&amp;lt;/int&amp;gt;&amp;lt;/lst&amp;gt;&amp;lt;result name=&quot;response&quot; numFound=&quot;0&quot; start=&quot;0&quot;&amp;gt;&amp;lt;/result&amp;gt;&amp;lt;lst name=&quot;spellcheck&quot;&amp;gt;&amp;lt;lst name=&quot;suggestions&quot;&amp;gt;&amp;lt;lst name=&quot;everother&quot;&amp;gt;&amp;lt;int name=&quot;numFound&quot;&amp;gt;1&amp;lt;/int&amp;gt;&amp;lt;int name=&quot;startOffset&quot;&amp;gt;9&amp;lt;/int&amp;gt;&amp;lt;int name=&quot;endOffset&quot;&amp;gt;18&amp;lt;/int&amp;gt;&amp;lt;arr name=&quot;suggestion&quot;&amp;gt;&amp;lt;str&amp;gt;everyother&amp;lt;/str&amp;gt;&amp;lt;/arr&amp;gt;&amp;lt;/lst&amp;gt;&amp;lt;/lst&amp;gt;&amp;lt;lst name=&quot;collations&quot;&amp;gt;&amp;lt;lst name=&quot;collation&quot;&amp;gt;&amp;lt;str name=&quot;collationQuery&quot;&amp;gt;teststop:everyother&amp;lt;/str&amp;gt;&amp;lt;int name=&quot;hits&quot;&amp;gt;14&amp;lt;/int&amp;gt;&amp;lt;lst name=&quot;misspellingsAndCorrections&quot;&amp;gt;&amp;lt;str name=&quot;everother&quot;&amp;gt;everyother&amp;lt;/str&amp;gt;&amp;lt;/lst&amp;gt;&amp;lt;/lst&amp;gt;&amp;lt;/lst&amp;gt;&amp;lt;/lst&amp;gt;
   [junit4]    &amp;gt; &amp;lt;/response&amp;gt;
   [junit4]    &amp;gt; 	request was:spellcheck=true&amp;amp;spellcheck.dictionary=direct&amp;amp;spellcheck.count=1&amp;amp;spellcheck.collate=true&amp;amp;spellcheck.maxCollationTries=1&amp;amp;spellcheck.maxCollations=1&amp;amp;spellcheck.collateExtendedResults=true&amp;amp;qt=spellCheckCompRH&amp;amp;q=teststop%3Aeverother&amp;amp;spellcheck.collateMaxCollectDocs=5
   [junit4]    &amp;gt; 	at org.apache.solr.SolrTestCaseJ4.assertQ(SolrTestCaseJ4.java:758)
   [junit4]    &amp;gt; 	... 41 more
[...]
   [junit4]   2&amp;gt; NOTE: leaving temporary files on disk at: /home/jenkins/workspace/Lucene-Solr-5.x-Linux/solr/build/solr-core/test/J1/temp/solr.spelling.SpellCheckCollatorTest_27DE05F9C4F2FFCE-001
   [junit4]   2&amp;gt; NOTE: test params are: codec=Asserting(Lucene53): {start1=Lucene50(blocksize=128), range_facet_l_dv=Lucene50(blocksize=128), lowerfilt1=Lucene50(blocksize=128), multiDefault=PostingsFormat(name=LuceneVarGapFixedInterval), teststop=PostingsFormat(name=LuceneVarGapFixedInterval), intDefault=PostingsFormat(name=LuceneVarGapDocFreqInterval), range_facet_l=PostingsFormat(name=LuceneVarGapDocFreqInterval), lowerfilt1and2=PostingsFormat(name=LuceneVarGapFixedInterval), end4=Lucene50(blocksize=128), end3=PostingsFormat(name=LuceneVarGapFixedInterval), end2=Lucene50(blocksize=128), end1=PostingsFormat(name=LuceneVarGapDocFreqInterval), lowerfilt=PostingsFormat(name=LuceneVarGapFixedInterval), gram1=PostingsFormat(name=LuceneVarGapDocFreqInterval), id=Lucene50(blocksize=128), range_facet_i_dv=PostingsFormat(name=LuceneVarGapDocFreqInterval), gram2=Lucene50(blocksize=128), gram3=PostingsFormat(name=LuceneVarGapFixedInterval), start3=Lucene50(blocksize=128), gram4=Lucene50(blocksize=128), start2=PostingsFormat(name=LuceneVarGapFixedInterval), word=PostingsFormat(name=LuceneVarGapDocFreqInterval), timestamp=PostingsFormat(name=LuceneVarGapDocFreqInterval), start4=PostingsFormat(name=LuceneVarGapDocFreqInterval)}, docValues:{range_facet_l_dv=DocValuesFormat(name=Direct), range_facet_i_dv=DocValuesFormat(name=Lucene50), timestamp=DocValuesFormat(name=Lucene50)}, sim=DefaultSimilarity, locale=no_NO, timezone=Canada/Eastern
   [junit4]   2&amp;gt; NOTE: Linux 3.19.0-26-generic i386/Oracle Corporation 1.8.0_60 (32-bit)/cpus=12,threads=1,free=154911392,total=536870912
   [junit4]   2&amp;gt; NOTE: All tests run in this JVM: [TermVectorComponentTest, TestConfigSetsAPIExclusivity, SliceStateTest, DateRangeFieldTest, TestHashQParserPlugin, NotRequiredUniqueKeyTest, CollectionsAPIDistributedZkTest, TestSolrConfigHandlerCloud, VMParamsZkACLAndCredentialsProvidersTest, TestFieldSortValues, EnumFieldTest, CollectionStateFormat2Test, TestPartialUpdateDeduplication, TestNonDefinedSimilarityFactory, DistribJoinFromCollectionTest, TestNoOpRegenerator, TestQueryUtils, RequestLoggingTest, TestCrossCoreJoin, BasicFunctionalityTest, HdfsSyncSliceTest, CSVRequestHandlerTest, CoreAdminCreateDiscoverTest, SpellCheckCollatorTest]
   [junit4] Completed [111/536] on J1 in 2.54s, 9 tests, 1 error &amp;lt;&amp;lt;&amp;lt; FAILURES!
&lt;/pre&gt;
&lt;/div&gt;&lt;/div&gt;</comment>
                            <comment id="15391132" author="steve_rowe" created="Sun, 24 Jul 2016 18:19:40 +0000"  >&lt;p&gt;Reproducing failure on master, from Policeman Jenkins &lt;a href=&quot;http://jenkins.thetaphi.de/job/Lucene-Solr-master-Linux/17353/&quot; class=&quot;external-link&quot; target=&quot;_blank&quot; rel=&quot;nofollow noopener&quot;&gt;http://jenkins.thetaphi.de/job/Lucene-Solr-master-Linux/17353/&lt;/a&gt;:&lt;/p&gt;

&lt;div class=&quot;preformatted panel&quot; style=&quot;border-width: 1px;&quot;&gt;&lt;div class=&quot;preformattedContent panelContent&quot;&gt;
&lt;pre&gt;Checking out Revision 85a585c51698edd823769a159856524407cf6456 (refs/remotes/origin/master)
[...]
   [junit4]   2&amp;gt; NOTE: reproduce with: ant test  -Dtestcase=SpellCheckCollatorTest -Dtests.method=testEstimatedHitCounts -Dtests.seed=5905E11FF6DDFCFD -Dtests.multiplier=3 -Dtests.slow=true -Dtests.locale=es-PA -Dtests.timezone=Pacific/Honolulu -Dtests.asserts=true -Dtests.file.encoding=ISO-8859-1
   [junit4] ERROR   0.19s J1 | SpellCheckCollatorTest.testEstimatedHitCounts &amp;lt;&amp;lt;&amp;lt;
   [junit4]    &amp;gt; Throwable #1: java.lang.RuntimeException: Exception during query
   [junit4]    &amp;gt; 	at __randomizedtesting.SeedInfo.seed([5905E11FF6DDFCFD:68BE5F2A53E2EC2D]:0)
   [junit4]    &amp;gt; 	at org.apache.solr.SolrTestCaseJ4.assertQ(SolrTestCaseJ4.java:782)
   [junit4]    &amp;gt; 	at org.apache.solr.SolrTestCaseJ4.assertQ(SolrTestCaseJ4.java:749)
   [junit4]    &amp;gt; 	at org.apache.solr.spelling.SpellCheckCollatorTest.testEstimatedHitCounts(SpellCheckCollatorTest.java:562)
   [junit4]    &amp;gt; 	at java.lang.Thread.run(Thread.java:745)
   [junit4]    &amp;gt; Caused by: java.lang.RuntimeException: REQUEST FAILED: xpath=//lst[@name=&apos;spellcheck&apos;]/lst[@name=&apos;collations&apos;]/lst[@name=&apos;collation&apos;]/int[@name=&apos;hits&apos; and 6 &amp;lt;= . and . &amp;lt;= 10]
   [junit4]    &amp;gt; 	xml response was: &amp;lt;?xml version=&quot;1.0&quot; encoding=&quot;UTF-8&quot;?&amp;gt;
   [junit4]    &amp;gt; &amp;lt;response&amp;gt;
   [junit4]    &amp;gt; &amp;lt;lst name=&quot;responseHeader&quot;&amp;gt;&amp;lt;int name=&quot;status&quot;&amp;gt;0&amp;lt;/int&amp;gt;&amp;lt;int name=&quot;QTime&quot;&amp;gt;3&amp;lt;/int&amp;gt;&amp;lt;/lst&amp;gt;&amp;lt;result name=&quot;response&quot; numFound=&quot;0&quot; start=&quot;0&quot;&amp;gt;&amp;lt;/result&amp;gt;&amp;lt;lst name=&quot;spellcheck&quot;&amp;gt;&amp;lt;lst name=&quot;suggestions&quot;&amp;gt;&amp;lt;lst name=&quot;everother&quot;&amp;gt;&amp;lt;int name=&quot;numFound&quot;&amp;gt;1&amp;lt;/int&amp;gt;&amp;lt;int name=&quot;startOffset&quot;&amp;gt;9&amp;lt;/int&amp;gt;&amp;lt;int name=&quot;endOffset&quot;&amp;gt;18&amp;lt;/int&amp;gt;&amp;lt;arr name=&quot;suggestion&quot;&amp;gt;&amp;lt;str&amp;gt;everyother&amp;lt;/str&amp;gt;&amp;lt;/arr&amp;gt;&amp;lt;/lst&amp;gt;&amp;lt;/lst&amp;gt;&amp;lt;lst name=&quot;collations&quot;&amp;gt;&amp;lt;lst name=&quot;collation&quot;&amp;gt;&amp;lt;str name=&quot;collationQuery&quot;&amp;gt;teststop:everyother&amp;lt;/str&amp;gt;&amp;lt;int name=&quot;hits&quot;&amp;gt;12&amp;lt;/int&amp;gt;&amp;lt;lst name=&quot;misspellingsAndCorrections&quot;&amp;gt;&amp;lt;str name=&quot;everother&quot;&amp;gt;everyother&amp;lt;/str&amp;gt;&amp;lt;/lst&amp;gt;&amp;lt;/lst&amp;gt;&amp;lt;/lst&amp;gt;&amp;lt;/lst&amp;gt;
   [junit4]    &amp;gt; &amp;lt;/response&amp;gt;
   [junit4]    &amp;gt; 	request was:spellcheck=true&amp;amp;spellcheck.dictionary=direct&amp;amp;spellcheck.count=1&amp;amp;spellcheck.collate=true&amp;amp;spellcheck.maxCollationTries=1&amp;amp;spellcheck.maxCollations=1&amp;amp;spellcheck.collateExtendedResults=true&amp;amp;qt=spellCheckCompRH&amp;amp;q=teststop:everother&amp;amp;spellcheck.collateMaxCollectDocs=5
   [junit4]    &amp;gt; 	at org.apache.solr.SolrTestCaseJ4.assertQ(SolrTestCaseJ4.java:775)
   [junit4]    &amp;gt; 	... 41 more
&lt;/pre&gt;
&lt;/div&gt;&lt;/div&gt;</comment>
                            <comment id="15539023" author="romseygeek" created="Sat, 1 Oct 2016 19:09:57 +0000"  >&lt;p&gt;The tests are failing because the estimated hits for a collation are too high (12 or 14 in most cases, where the test is expecting between 6 and 10).  I&apos;ve tried to trace through the code, and it always ends up in SpellCheckCollector#L152, after an EarlyTerminatingCollectorException has been raised.  I don&apos;t follow what the estimation calculation is actually supposed to be doing here, though - is this a real bug, or should we just relax the constraints on the test a bit?  &lt;a href=&quot;https://issues.apache.org/jira/secure/ViewProfile.jspa?name=hossman&quot; class=&quot;user-hover&quot; rel=&quot;hossman&quot;&gt;hossman&lt;/a&gt; &lt;a href=&quot;https://issues.apache.org/jira/secure/ViewProfile.jspa?name=jdyer&quot; class=&quot;user-hover&quot; rel=&quot;jdyer&quot;&gt;jdyer&lt;/a&gt; you were last in this code (albeit three years ago!) - what do you think?&lt;/p&gt;</comment>
                            <comment id="15629832" author="jdyer" created="Wed, 2 Nov 2016 17:56:23 +0000"  >&lt;p&gt;ok, I think I know what&apos;s going here.  This feature is supposed to estimate hit counts for spelling corrections for cases where the client doesn&apos;t care about the exact # of hits, only that a partcular collation, if re-queried, would return something.  To gets estimates, you tell it the max # of documents you would like it to collect before quitting.  It then estimates how many hits it would have counted with this:&lt;/p&gt;

&lt;div class=&quot;preformatted panel&quot; style=&quot;border-width: 1px;&quot;&gt;&lt;div class=&quot;preformattedContent panelContent&quot;&gt;
&lt;pre&gt;maximum-doc-id * number-of-docs-collected / (# visited docs + last-doc-id + 1)
&lt;/pre&gt;
&lt;/div&gt;&lt;/div&gt;

&lt;p&gt;In the failing test, we ask it to collect between 5 and 20 documents.  The max-doc-id is always 17 (there are 17 documents and no deletions).&lt;/p&gt;

&lt;p&gt;But the denominator is controlled by the # of visited documents, and also the doc id of the one that happened to be visited last.  But in the face of randomized testing and release-specific index behavior, I think the best we can hope for is a worse-case scenario, between 2 and 15.  The actual correct value is 8.&lt;/p&gt;

&lt;p&gt;So unless there are objections, I am going to relax the requirement of 6 &amp;lt;= hits &amp;lt;= 10 , and use 2 &amp;lt;= hits &amp;lt;= 15.  Maybe we could do better than this, but I would think anyone using this feature probably does not need to know more than whether or not hits can be produced, or the relative # between several collations returned.&lt;/p&gt;</comment>
                            <comment id="15632739" author="jira-bot" created="Thu, 3 Nov 2016 13:39:43 +0000"  >&lt;p&gt;Commit 213a2a1791e4557afd2542a25e94eec65e29a42d in lucene-solr&apos;s branch refs/heads/master from jdyer1&lt;br/&gt;
[ &lt;a href=&quot;https://git-wip-us.apache.org/repos/asf?p=lucene-solr.git;h=213a2a1&quot; class=&quot;external-link&quot; target=&quot;_blank&quot; rel=&quot;nofollow noopener&quot;&gt;https://git-wip-us.apache.org/repos/asf?p=lucene-solr.git;h=213a2a1&lt;/a&gt; ]&lt;/p&gt;

&lt;p&gt;&lt;a href=&quot;https://issues.apache.org/jira/browse/SOLR-5344&quot; title=&quot;SpellCheckCollatorTest.testEstimatedHitCounts fails in jenkins from time to time&quot; class=&quot;issue-link&quot; data-issue-key=&quot;SOLR-5344&quot;&gt;&lt;del&gt;SOLR-5344&lt;/del&gt;&lt;/a&gt;: relax the test requirements for estimated hit counts&lt;/p&gt;</comment>
                            <comment id="15632740" author="jira-bot" created="Thu, 3 Nov 2016 13:40:26 +0000"  >&lt;p&gt;Commit b11e12606573e79ee0a48693cf96979d4615b1ed in lucene-solr&apos;s branch refs/heads/branch_6x from jdyer1&lt;br/&gt;
[ &lt;a href=&quot;https://git-wip-us.apache.org/repos/asf?p=lucene-solr.git;h=b11e126&quot; class=&quot;external-link&quot; target=&quot;_blank&quot; rel=&quot;nofollow noopener&quot;&gt;https://git-wip-us.apache.org/repos/asf?p=lucene-solr.git;h=b11e126&lt;/a&gt; ]&lt;/p&gt;

&lt;p&gt;&lt;a href=&quot;https://issues.apache.org/jira/browse/SOLR-5344&quot; title=&quot;SpellCheckCollatorTest.testEstimatedHitCounts fails in jenkins from time to time&quot; class=&quot;issue-link&quot; data-issue-key=&quot;SOLR-5344&quot;&gt;&lt;del&gt;SOLR-5344&lt;/del&gt;&lt;/a&gt;: relax the test requirements for estimated hit counts&lt;/p&gt;</comment>
                            <comment id="15632743" author="jdyer" created="Thu, 3 Nov 2016 13:41:07 +0000"  >&lt;p&gt;test fix only, no CHANGES.txt entry.&lt;/p&gt;</comment>
                            <comment id="15847556" author="steve_rowe" created="Tue, 31 Jan 2017 21:41:29 +0000"  >&lt;p&gt;There&apos;s a new reproducing failure on ASF Jenkins: &lt;a href=&quot;https://builds.apache.org/job/Lucene-Solr-NightlyTests-master/1227&quot; class=&quot;external-link&quot; target=&quot;_blank&quot; rel=&quot;nofollow noopener&quot;&gt;https://builds.apache.org/job/Lucene-Solr-NightlyTests-master/1227&lt;/a&gt; - the expected hit count range is &lt;span class=&quot;error&quot;&gt;&amp;#91;3,13&amp;#93;&lt;/span&gt; while the actual is 14:&lt;/p&gt;

&lt;div class=&quot;preformatted panel&quot; style=&quot;border-width: 1px;&quot;&gt;&lt;div class=&quot;preformattedContent panelContent&quot;&gt;
&lt;pre&gt;Checking out Revision d8d61ff61d1d798f5e3853ef66bc485d0d403f18 (refs/remotes/origin/master)
[...]
   [junit4]   2&amp;gt; NOTE: reproduce with: ant test  -Dtestcase=SpellCheckCollatorTest -Dtests.method=testEstimatedHitCounts -Dtests.seed=F75C4ADA09152961 -Dtests.multiplier=2 -Dtests.nightly=true -Dtests.slow=true -Dtests.linedocsfile=/home/jenkins/jenkins-slave/workspace/Lucene-Solr-NightlyTests-master/test-data/enwiki.random.lines.txt -Dtests.locale=lt-LT -Dtests.timezone=CNT -Dtests.asserts=true -Dtests.file.encoding=UTF-8
   [junit4] ERROR   0.33s J2 | SpellCheckCollatorTest.testEstimatedHitCounts &amp;lt;&amp;lt;&amp;lt;
   [junit4]    &amp;gt; Throwable #1: java.lang.RuntimeException: Exception during query
   [junit4]    &amp;gt; 	at __randomizedtesting.SeedInfo.seed([F75C4ADA09152961:C6E7F4EFAC2A39B1]:0)
   [junit4]    &amp;gt; 	at org.apache.solr.SolrTestCaseJ4.assertQ(SolrTestCaseJ4.java:857)
   [junit4]    &amp;gt; 	at org.apache.solr.SolrTestCaseJ4.assertQ(SolrTestCaseJ4.java:824)
   [junit4]    &amp;gt; 	at org.apache.solr.spelling.SpellCheckCollatorTest.testEstimatedHitCounts(SpellCheckCollatorTest.java:569)
   [junit4]    &amp;gt; 	at java.lang.Thread.run(Thread.java:745)
   [junit4]    &amp;gt; Caused by: java.lang.RuntimeException: REQUEST FAILED: xpath=//lst[@name=&apos;spellcheck&apos;]/lst[@name=&apos;collations&apos;]/lst[@name=&apos;collation&apos;]/int[@name=&apos;hits&apos; and 3 &amp;lt;= . and . &amp;lt;= 13]
   [junit4]    &amp;gt; 	xml response was: &amp;lt;?xml version=&quot;1.0&quot; encoding=&quot;UTF-8&quot;?&amp;gt;
   [junit4]    &amp;gt; &amp;lt;response&amp;gt;
   [junit4]    &amp;gt; &amp;lt;lst name=&quot;responseHeader&quot;&amp;gt;&amp;lt;int name=&quot;status&quot;&amp;gt;0&amp;lt;/int&amp;gt;&amp;lt;int name=&quot;QTime&quot;&amp;gt;2&amp;lt;/int&amp;gt;&amp;lt;/lst&amp;gt;&amp;lt;result name=&quot;response&quot; numFound=&quot;0&quot; start=&quot;0&quot;&amp;gt;&amp;lt;/result&amp;gt;&amp;lt;lst name=&quot;spellcheck&quot;&amp;gt;&amp;lt;lst name=&quot;suggestions&quot;&amp;gt;&amp;lt;lst name=&quot;everother&quot;&amp;gt;&amp;lt;int name=&quot;numFound&quot;&amp;gt;1&amp;lt;/int&amp;gt;&amp;lt;int name=&quot;startOffset&quot;&amp;gt;9&amp;lt;/int&amp;gt;&amp;lt;int name=&quot;endOffset&quot;&amp;gt;18&amp;lt;/int&amp;gt;&amp;lt;arr name=&quot;suggestion&quot;&amp;gt;&amp;lt;str&amp;gt;everyother&amp;lt;/str&amp;gt;&amp;lt;/arr&amp;gt;&amp;lt;/lst&amp;gt;&amp;lt;/lst&amp;gt;&amp;lt;lst name=&quot;collations&quot;&amp;gt;&amp;lt;lst name=&quot;collation&quot;&amp;gt;&amp;lt;str name=&quot;collationQuery&quot;&amp;gt;teststop:everyother&amp;lt;/str&amp;gt;&amp;lt;int name=&quot;hits&quot;&amp;gt;14&amp;lt;/int&amp;gt;&amp;lt;lst name=&quot;misspellingsAndCorrections&quot;&amp;gt;&amp;lt;str name=&quot;everother&quot;&amp;gt;everyother&amp;lt;/str&amp;gt;&amp;lt;/lst&amp;gt;&amp;lt;/lst&amp;gt;&amp;lt;/lst&amp;gt;&amp;lt;/lst&amp;gt;
   [junit4]    &amp;gt; &amp;lt;/response&amp;gt;
   [junit4]    &amp;gt; 	request was:spellcheck=true&amp;amp;spellcheck.dictionary=direct&amp;amp;spellcheck.count=1&amp;amp;spellcheck.collate=true&amp;amp;spellcheck.maxCollationTries=1&amp;amp;spellcheck.maxCollations=1&amp;amp;spellcheck.collateExtendedResults=true&amp;amp;qt=spellCheckCompRH&amp;amp;q=teststop:everother&amp;amp;spellcheck.collateMaxCollectDocs=5
   [junit4]    &amp;gt; 	at org.apache.solr.SolrTestCaseJ4.assertQ(SolrTestCaseJ4.java:850)
   [junit4]    &amp;gt; 	... 41 more
[...]
   [junit4]   2&amp;gt; NOTE: test params are: codec=Asserting(Lucene70): {start1=Lucene50(blocksize=128), range_facet_l_dv=PostingsFormat(name=MockRandom), lowerfilt1=Lucene50(blocksize=128), multiDefault=TestBloomFilteredLucenePostings(BloomFilteringPostingsFormat(Lucene50(blocksize=128))), teststop=TestBloomFilteredLucenePostings(BloomFilteringPostingsFormat(Lucene50(blocksize=128))), intDefault=PostingsFormat(name=Memory), range_facet_l=PostingsFormat(name=Memory), lowerfilt1and2=TestBloomFilteredLucenePostings(BloomFilteringPostingsFormat(Lucene50(blocksize=128))), end4=Lucene50(blocksize=128), end3=TestBloomFilteredLucenePostings(BloomFilteringPostingsFormat(Lucene50(blocksize=128))), end2=PostingsFormat(name=MockRandom), end1=PostingsFormat(name=Memory), lowerfilt=TestBloomFilteredLucenePostings(BloomFilteringPostingsFormat(Lucene50(blocksize=128))), gram1=PostingsFormat(name=Memory), id=PostingsFormat(name=MockRandom), range_facet_i_dv=PostingsFormat(name=Memory), gram2=PostingsFormat(name=MockRandom), gram3=TestBloomFilteredLucenePostings(BloomFilteringPostingsFormat(Lucene50(blocksize=128))), start3=PostingsFormat(name=MockRandom), gram4=Lucene50(blocksize=128), start2=TestBloomFilteredLucenePostings(BloomFilteringPostingsFormat(Lucene50(blocksize=128))), word=PostingsFormat(name=Memory), timestamp=PostingsFormat(name=Memory), start4=PostingsFormat(name=Memory)}, docValues:{range_facet_l_dv=DocValuesFormat(name=Asserting), range_facet_i_dv=DocValuesFormat(name=Lucene70), intDvoDefault=DocValuesFormat(name=Direct), timestamp=DocValuesFormat(name=Lucene70)}, maxPointsInLeafNode=549, maxMBSortInHeap=6.553211483764787, sim=RandomSimilarity(queryNorm=false): {}, locale=lt-LT, timezone=CNT
   [junit4]   2&amp;gt; NOTE: Linux 3.13.0-85-generic amd64/Oracle Corporation 1.8.0_102 (64-bit)/cpus=4,threads=1,free=254106768,total=532152320
&lt;/pre&gt;
&lt;/div&gt;&lt;/div&gt;</comment>
                            <comment id="16342647" author="steve_rowe" created="Sun, 28 Jan 2018 16:58:07 +0000"  >&lt;p&gt;Another reproducing failure, on branch_7x, from my Jenkins:&lt;/p&gt;

&lt;div class=&quot;preformatted panel&quot; style=&quot;border-width: 1px;&quot;&gt;&lt;div class=&quot;preformattedContent panelContent&quot;&gt;
&lt;pre&gt;Checking out Revision a29c2915c79641fc117cc56044d07134f26e8fd7 (refs/remotes/origin/branch_7x)
[...]
   [junit4]   2&amp;gt; NOTE: reproduce with: ant test  -Dtestcase=SpellCheckCollatorTest -Dtests.method=testEstimatedHitCounts -Dtests.seed=405327DF2F689C38 -Dtests.slow=true -Dtests.locale=zh-HK -Dtests.timezone=Asia/Irkutsk -Dtests.asserts=true -Dtests.file.encoding=ISO-8859-1
   [junit4] ERROR   0.24s J0  | SpellCheckCollatorTest.testEstimatedHitCounts &amp;lt;&amp;lt;&amp;lt;
   [junit4]    &amp;gt; Throwable #1: java.lang.RuntimeException: Exception during query
   [junit4]    &amp;gt; 	at __randomizedtesting.SeedInfo.seed([405327DF2F689C38:71E899EA8A578CE8]:0)
   [junit4]    &amp;gt; 	at org.apache.solr.SolrTestCaseJ4.assertQ(SolrTestCaseJ4.java:902)
   [junit4]    &amp;gt; 	at org.apache.solr.SolrTestCaseJ4.assertQ(SolrTestCaseJ4.java:862)
   [junit4]    &amp;gt; 	at org.apache.solr.spelling.SpellCheckCollatorTest.testEstimatedHitCounts(SpellCheckCollatorTest.java:569)
   [junit4]    &amp;gt; 	at java.lang.Thread.run(Thread.java:748)
   [junit4]    &amp;gt; Caused by: java.lang.RuntimeException: REQUEST FAILED: xpath=//lst[@name=&apos;spellcheck&apos;]/lst[@name=&apos;collations&apos;]/lst[@name=&apos;collation&apos;]/long[@name=&apos;hits&apos; and 3 &amp;lt;= . and . &amp;lt;= 13]
   [junit4]    &amp;gt; 	xml response was: &amp;lt;?xml version=&quot;1.0&quot; encoding=&quot;UTF-8&quot;?&amp;gt;
   [junit4]    &amp;gt; &amp;lt;response&amp;gt;
   [junit4]    &amp;gt; &amp;lt;lst name=&quot;responseHeader&quot;&amp;gt;&amp;lt;int name=&quot;status&quot;&amp;gt;0&amp;lt;/int&amp;gt;&amp;lt;int name=&quot;QTime&quot;&amp;gt;11&amp;lt;/int&amp;gt;&amp;lt;/lst&amp;gt;&amp;lt;result name=&quot;response&quot; numFound=&quot;0&quot; start=&quot;0&quot;&amp;gt;&amp;lt;/result&amp;gt;&amp;lt;lst name=&quot;spellcheck&quot;&amp;gt;&amp;lt;lst name=&quot;suggestions&quot;&amp;gt;&amp;lt;lst name=&quot;everother&quot;&amp;gt;&amp;lt;int name=&quot;numFound&quot;&amp;gt;1&amp;lt;/int&amp;gt;&amp;lt;int name=&quot;startOffset&quot;&amp;gt;9&amp;lt;/int&amp;gt;&amp;lt;int name=&quot;endOffset&quot;&amp;gt;18&amp;lt;/int&amp;gt;&amp;lt;arr name=&quot;suggestion&quot;&amp;gt;&amp;lt;str&amp;gt;everyother&amp;lt;/str&amp;gt;&amp;lt;/arr&amp;gt;&amp;lt;/lst&amp;gt;&amp;lt;/lst&amp;gt;&amp;lt;lst name=&quot;collations&quot;&amp;gt;&amp;lt;lst name=&quot;collation&quot;&amp;gt;&amp;lt;str name=&quot;collationQuery&quot;&amp;gt;teststop:everyother&amp;lt;/str&amp;gt;&amp;lt;long name=&quot;hits&quot;&amp;gt;14&amp;lt;/long&amp;gt;&amp;lt;lst name=&quot;misspellingsAndCorrections&quot;&amp;gt;&amp;lt;str name=&quot;everother&quot;&amp;gt;everyother&amp;lt;/str&amp;gt;&amp;lt;/lst&amp;gt;&amp;lt;/lst&amp;gt;&amp;lt;/lst&amp;gt;&amp;lt;/lst&amp;gt;
   [junit4]    &amp;gt; &amp;lt;/response&amp;gt;
   [junit4]    &amp;gt; 	request was:spellcheck=true&amp;amp;spellcheck.dictionary=direct&amp;amp;spellcheck.count=1&amp;amp;spellcheck.collate=true&amp;amp;spellcheck.maxCollationTries=1&amp;amp;spellcheck.maxCollations=1&amp;amp;spellcheck.collateExtendedResults=true&amp;amp;qt=/spellCheckCompRH&amp;amp;q=teststop:everother&amp;amp;spellcheck.collateMaxCollectDocs=5
   [junit4]    &amp;gt; 	at org.apache.solr.SolrTestCaseJ4.assertQ(SolrTestCaseJ4.java:895)
   [junit4]    &amp;gt; 	... 41 more
[...]
   [junit4]   2&amp;gt; NOTE: test params are: codec=Lucene70, sim=RandomSimilarity(queryNorm=true): {}, locale=zh-HK, timezone=Asia/Irkutsk
   [junit4]   2&amp;gt; NOTE: Linux 4.1.0-custom2-amd64 amd64/Oracle Corporation 1.8.0_151 (64-bit)/cpus=16,threads=1,free=345100920,total=530055168
&lt;/pre&gt;
&lt;/div&gt;&lt;/div&gt;</comment>
                            <comment id="16397012" author="steve_rowe" created="Tue, 13 Mar 2018 14:25:55 +0000"  >&lt;p&gt;Another reproducing failure from &lt;a href=&quot;https://jenkins.thetaphi.de/job/Lucene-Solr-master-Linux/21631/&quot; class=&quot;external-link&quot; target=&quot;_blank&quot; rel=&quot;nofollow noopener&quot;&gt;https://jenkins.thetaphi.de/job/Lucene-Solr-master-Linux/21631/&lt;/a&gt;:&lt;/p&gt;

&lt;div class=&quot;preformatted panel&quot; style=&quot;border-width: 1px;&quot;&gt;&lt;div class=&quot;preformattedContent panelContent&quot;&gt;
&lt;pre&gt;Checking out Revision 0cd9f7f35af84ce769a37a2ef1afe8990c5b061a (refs/remotes/origin/master)
[...]
   [junit4]   2&amp;gt; NOTE: reproduce with: ant test  -Dtestcase=SpellCheckCollatorTest -Dtests.method=testEstimatedHitCounts -Dtests.seed=93BE88EEF2ACCD40 -Dtests.multiplier=3 -Dtests.slow=true -Dtests.locale=sah -Dtests.timezone=America/Winnipeg -Dtests.asserts=true -Dtests.file.encoding=UTF-8
   [junit4] ERROR   0.10s J0 | SpellCheckCollatorTest.testEstimatedHitCounts &amp;lt;&amp;lt;&amp;lt;
   [junit4]    &amp;gt; Throwable #1: java.lang.RuntimeException: Exception during query
   [junit4]    &amp;gt; 	at __randomizedtesting.SeedInfo.seed([93BE88EEF2ACCD40:A20536DB5793DD90]:0)
   [junit4]    &amp;gt; 	at org.apache.solr.SolrTestCaseJ4.assertQ(SolrTestCaseJ4.java:908)
   [junit4]    &amp;gt; 	at org.apache.solr.SolrTestCaseJ4.assertQ(SolrTestCaseJ4.java:868)
   [junit4]    &amp;gt; 	at org.apache.solr.spelling.SpellCheckCollatorTest.testEstimatedHitCounts(SpellCheckCollatorTest.java:569)
   [junit4]    &amp;gt; 	at java.base/jdk.internal.reflect.NativeMethodAccessorImpl.invoke0(Native Method)
   [junit4]    &amp;gt; 	at java.base/jdk.internal.reflect.NativeMethodAccessorImpl.invoke(NativeMethodAccessorImpl.java:62)
   [junit4]    &amp;gt; 	at java.base/jdk.internal.reflect.DelegatingMethodAccessorImpl.invoke(DelegatingMethodAccessorImpl.java:43)
   [junit4]    &amp;gt; 	at java.base/java.lang.reflect.Method.invoke(Method.java:564)
   [junit4]    &amp;gt; 	at java.base/java.lang.Thread.run(Thread.java:844)
   [junit4]    &amp;gt; Caused by: java.lang.RuntimeException: REQUEST FAILED: xpath=//lst[@name=&apos;spellcheck&apos;]/lst[@name=&apos;collations&apos;]/lst[@name=&apos;collation&apos;]/long[@name=&apos;hits&apos; and 3 &amp;lt;= . and . &amp;lt;= 13]
   [junit4]    &amp;gt; 	xml response was: &amp;lt;?xml version=&quot;1.0&quot; encoding=&quot;UTF-8&quot;?&amp;gt;
   [junit4]    &amp;gt; &amp;lt;response&amp;gt;
   [junit4]    &amp;gt; &amp;lt;lst name=&quot;responseHeader&quot;&amp;gt;&amp;lt;int name=&quot;status&quot;&amp;gt;0&amp;lt;/int&amp;gt;&amp;lt;int name=&quot;QTime&quot;&amp;gt;2&amp;lt;/int&amp;gt;&amp;lt;/lst&amp;gt;&amp;lt;result name=&quot;response&quot; numFound=&quot;0&quot; start=&quot;0&quot;&amp;gt;&amp;lt;/result&amp;gt;&amp;lt;lst name=&quot;spellcheck&quot;&amp;gt;&amp;lt;lst name=&quot;suggestions&quot;&amp;gt;&amp;lt;lst name=&quot;everother&quot;&amp;gt;&amp;lt;int name=&quot;numFound&quot;&amp;gt;1&amp;lt;/int&amp;gt;&amp;lt;int name=&quot;startOffset&quot;&amp;gt;9&amp;lt;/int&amp;gt;&amp;lt;int name=&quot;endOffset&quot;&amp;gt;18&amp;lt;/int&amp;gt;&amp;lt;arr name=&quot;suggestion&quot;&amp;gt;&amp;lt;str&amp;gt;everyother&amp;lt;/str&amp;gt;&amp;lt;/arr&amp;gt;&amp;lt;/lst&amp;gt;&amp;lt;/lst&amp;gt;&amp;lt;lst name=&quot;collations&quot;&amp;gt;&amp;lt;lst name=&quot;collation&quot;&amp;gt;&amp;lt;str name=&quot;collationQuery&quot;&amp;gt;teststop:everyother&amp;lt;/str&amp;gt;&amp;lt;long name=&quot;hits&quot;&amp;gt;14&amp;lt;/long&amp;gt;&amp;lt;lst name=&quot;misspellingsAndCorrections&quot;&amp;gt;&amp;lt;str name=&quot;everother&quot;&amp;gt;everyother&amp;lt;/str&amp;gt;&amp;lt;/lst&amp;gt;&amp;lt;/lst&amp;gt;&amp;lt;/lst&amp;gt;&amp;lt;/lst&amp;gt;
   [junit4]    &amp;gt; &amp;lt;/response&amp;gt;
   [junit4]    &amp;gt; 	request was:spellcheck=true&amp;amp;spellcheck.dictionary=direct&amp;amp;spellcheck.count=1&amp;amp;spellcheck.collate=true&amp;amp;spellcheck.maxCollationTries=1&amp;amp;spellcheck.maxCollations=1&amp;amp;spellcheck.collateExtendedResults=true&amp;amp;qt=/spellCheckCompRH&amp;amp;q=teststop:everother&amp;amp;spellcheck.collateMaxCollectDocs=5
   [junit4]    &amp;gt; 	at org.apache.solr.SolrTestCaseJ4.assertQ(SolrTestCaseJ4.java:901)
   [junit4]    &amp;gt; 	... 40 more
[...]
   [junit4]   2&amp;gt; NOTE: test params are: codec=Asserting(Lucene70): {start1=FST50, lowerfilt1=PostingsFormat(name=LuceneVarGapFixedInterval), multiDefault=PostingsFormat(name=Memory), teststop=PostingsFormat(name=Memory), lowerfilt1and2=PostingsFormat(name=Memory), end4=PostingsFormat(name=LuceneVarGapFixedInterval), end3=PostingsFormat(name=LuceneVarGapDocFreqInterval), end2=FST50, end1=PostingsFormat(name=Memory), lowerfilt=PostingsFormat(name=Memory), gram1=PostingsFormat(name=Memory), id=FST50, gram2=FST50, gram3=PostingsFormat(name=LuceneVarGapDocFreqInterval), start3=PostingsFormat(name=LuceneVarGapFixedInterval), gram4=PostingsFormat(name=LuceneVarGapFixedInterval), start2=PostingsFormat(name=Memory), word=PostingsFormat(name=Memory), start4=PostingsFormat(name=LuceneVarGapDocFreqInterval)}, docValues:{range_facet_l_dv=DocValuesFormat(name=Asserting), range_facet_i_dv=DocValuesFormat(name=Lucene70), intDvoDefault=DocValuesFormat(name=Asserting), timestamp=DocValuesFormat(name=Lucene70)}, maxPointsInLeafNode=111, maxMBSortInHeap=6.299971512535449, sim=Asserting(org.apache.lucene.search.similarities.AssertingSimilarity@496f23b6), locale=sah, timezone=America/Winnipeg
   [junit4]   2&amp;gt; NOTE: Linux 4.13.0-36-generic amd64/Oracle Corporation 9.0.4 (64-bit)/cpus=8,threads=1,free=128212720,total=518979584
&lt;/pre&gt;
&lt;/div&gt;&lt;/div&gt;</comment>
                            <comment id="16415714" author="steve_rowe" created="Tue, 27 Mar 2018 14:28:25 +0000"  >&lt;p&gt;Another reproducing failure from &lt;a href=&quot;https://jenkins.thetaphi.de/job/Lucene-Solr-7.3-Windows/19/&quot; class=&quot;external-link&quot; target=&quot;_blank&quot; rel=&quot;nofollow noopener&quot;&gt;https://jenkins.thetaphi.de/job/Lucene-Solr-7.3-Windows/19/&lt;/a&gt;:&lt;/p&gt;

&lt;div class=&quot;preformatted panel&quot; style=&quot;border-width: 1px;&quot;&gt;&lt;div class=&quot;preformattedContent panelContent&quot;&gt;
&lt;pre&gt;Checking out Revision fa7f702545469a092fbe4f32022a8f60750a2163 (refs/remotes/origin/branch_7_3)
[...]
   [junit4]   2&amp;gt; NOTE: reproduce with: ant test  -Dtestcase=SpellCheckCollatorTest -Dtests.method=testEstimatedHitCounts -Dtests.seed=370F75B066E182E5 -Dtests.slow=true -Dtests.locale=ca-ES -Dtests.timezone=Mexico/BajaNorte -Dtests.asserts=true -Dtests.file.encoding=UTF-8
   [junit4] ERROR   0.05s J1 | SpellCheckCollatorTest.testEstimatedHitCounts &amp;lt;&amp;lt;&amp;lt;
   [junit4]    &amp;gt; Throwable #1: java.lang.RuntimeException: Exception during query
   [junit4]    &amp;gt; 	at __randomizedtesting.SeedInfo.seed([370F75B066E182E5:6B4CB85C3DE9235]:0)
   [junit4]    &amp;gt; 	at org.apache.solr.SolrTestCaseJ4.assertQ(SolrTestCaseJ4.java:913)
   [junit4]    &amp;gt; 	at org.apache.solr.SolrTestCaseJ4.assertQ(SolrTestCaseJ4.java:873)
   [junit4]    &amp;gt; 	at org.apache.solr.spelling.SpellCheckCollatorTest.testEstimatedHitCounts(SpellCheckCollatorTest.java:569)
   [junit4]    &amp;gt; 	at java.lang.Thread.run(Thread.java:748)
   [junit4]    &amp;gt; Caused by: java.lang.RuntimeException: REQUEST FAILED: xpath=//lst[@name=&apos;spellcheck&apos;]/lst[@name=&apos;collations&apos;]/lst[@name=&apos;collation&apos;]/long[@name=&apos;hits&apos; and 3 &amp;lt;= . and . &amp;lt;= 13]
   [junit4]    &amp;gt; 	xml response was: &amp;lt;?xml version=&quot;1.0&quot; encoding=&quot;UTF-8&quot;?&amp;gt;
   [junit4]    &amp;gt; &amp;lt;response&amp;gt;
   [junit4]    &amp;gt; &amp;lt;lst name=&quot;responseHeader&quot;&amp;gt;&amp;lt;int name=&quot;status&quot;&amp;gt;0&amp;lt;/int&amp;gt;&amp;lt;int name=&quot;QTime&quot;&amp;gt;1&amp;lt;/int&amp;gt;&amp;lt;/lst&amp;gt;&amp;lt;result name=&quot;response&quot; numFound=&quot;0&quot; start=&quot;0&quot;&amp;gt;&amp;lt;/result&amp;gt;&amp;lt;lst name=&quot;spellcheck&quot;&amp;gt;&amp;lt;lst name=&quot;suggestions&quot;&amp;gt;&amp;lt;lst name=&quot;everother&quot;&amp;gt;&amp;lt;int name=&quot;numFound&quot;&amp;gt;1&amp;lt;/int&amp;gt;&amp;lt;int name=&quot;startOffset&quot;&amp;gt;9&amp;lt;/int&amp;gt;&amp;lt;int name=&quot;endOffset&quot;&amp;gt;18&amp;lt;/int&amp;gt;&amp;lt;arr name=&quot;suggestion&quot;&amp;gt;&amp;lt;str&amp;gt;everyother&amp;lt;/str&amp;gt;&amp;lt;/arr&amp;gt;&amp;lt;/lst&amp;gt;&amp;lt;/lst&amp;gt;&amp;lt;lst name=&quot;collations&quot;&amp;gt;&amp;lt;lst name=&quot;collation&quot;&amp;gt;&amp;lt;str name=&quot;collationQuery&quot;&amp;gt;teststop:everyother&amp;lt;/str&amp;gt;&amp;lt;long name=&quot;hits&quot;&amp;gt;14&amp;lt;/long&amp;gt;&amp;lt;lst name=&quot;misspellingsAndCorrections&quot;&amp;gt;&amp;lt;str name=&quot;everother&quot;&amp;gt;everyother&amp;lt;/str&amp;gt;&amp;lt;/lst&amp;gt;&amp;lt;/lst&amp;gt;&amp;lt;/lst&amp;gt;&amp;lt;/lst&amp;gt;
   [junit4]    &amp;gt; &amp;lt;/response&amp;gt;
   [junit4]    &amp;gt; 	request was:spellcheck=true&amp;amp;spellcheck.dictionary=direct&amp;amp;spellcheck.count=1&amp;amp;spellcheck.collate=true&amp;amp;spellcheck.maxCollationTries=1&amp;amp;spellcheck.maxCollations=1&amp;amp;spellcheck.collateExtendedResults=true&amp;amp;qt=/spellCheckCompRH&amp;amp;q=teststop:everother&amp;amp;spellcheck.collateMaxCollectDocs=5
   [junit4]    &amp;gt; 	at org.apache.solr.SolrTestCaseJ4.assertQ(SolrTestCaseJ4.java:906)
   [junit4]    &amp;gt; 	... 41 more
[...]
   [junit4]   2&amp;gt; NOTE: test params are: codec=Asserting(Lucene70): {start1=PostingsFormat(name=LuceneVarGapFixedInterval), lowerfilt1=PostingsFormat(name=LuceneVarGapFixedInterval), multiDefault=FST50, teststop=FST50, lowerfilt1and2=FST50, end4=PostingsFormat(name=LuceneVarGapFixedInterval), end3=FST50, end2=Lucene50(blocksize=128), end1=PostingsFormat(name=Memory), lowerfilt=FST50, gram1=PostingsFormat(name=Memory), id=Lucene50(blocksize=128), gram2=Lucene50(blocksize=128), gram3=FST50, start3=Lucene50(blocksize=128), gram4=PostingsFormat(name=LuceneVarGapFixedInterval), start2=FST50, word=PostingsFormat(name=Memory), start4=PostingsFormat(name=Memory)}, docValues:{range_facet_l_dv=DocValuesFormat(name=Memory), range_facet_i_dv=DocValuesFormat(name=Lucene70), intDvoDefault=DocValuesFormat(name=Lucene70), timestamp=DocValuesFormat(name=Lucene70)}, maxPointsInLeafNode=1606, maxMBSortInHeap=7.2099562710611895, sim=RandomSimilarity(queryNorm=true): {}, locale=ca-ES, timezone=Mexico/BajaNorte
   [junit4]   2&amp;gt; NOTE: Windows 10 10.0 x86/Oracle Corporation 1.8.0_144 (32-bit)/cpus=3,threads=1,free=288755144,total=536870912
&lt;/pre&gt;
&lt;/div&gt;&lt;/div&gt;</comment>
                            <comment id="16553232" author="steve_rowe" created="Mon, 23 Jul 2018 18:33:37 +0000"  >&lt;p&gt;Another reproducing failure from &lt;a href=&quot;https://jenkins.thetaphi.de/job/Lucene-Solr-master-Linux/22495/&quot; class=&quot;external-link&quot; target=&quot;_blank&quot; rel=&quot;nofollow noopener&quot;&gt;https://jenkins.thetaphi.de/job/Lucene-Solr-master-Linux/22495/&lt;/a&gt;:&lt;/p&gt;

&lt;div class=&quot;preformatted panel&quot; style=&quot;border-width: 1px;&quot;&gt;&lt;div class=&quot;preformattedContent panelContent&quot;&gt;
&lt;pre&gt;  [junit4]   2&amp;gt; NOTE: reproduce with: ant test  -Dtestcase=SpellCheckCollatorTest -Dtests.method=testEstimatedHitCounts -Dtests.seed=F93E32DC896C6016 -Dtests.multiplier=3 -Dtests.slow=true -Dtests.locale=mer -Dtests.timezone=SystemV/PST8PDT -Dtests.asserts=true -Dtests.file.encoding=UTF-8
  [junit4] ERROR   0.34s J0 | SpellCheckCollatorTest.testEstimatedHitCounts &amp;lt;&amp;lt;&amp;lt;
  [junit4]    &amp;gt; Throwable #1: java.lang.RuntimeException: Exception during query
  [junit4]    &amp;gt; 	at __randomizedtesting.SeedInfo.seed([F93E32DC896C6016:C8858CE92C5370C6]:0)
  [junit4]    &amp;gt; 	at org.apache.solr.SolrTestCaseJ4.assertQ(SolrTestCaseJ4.java:917)
  [junit4]    &amp;gt; 	at org.apache.solr.SolrTestCaseJ4.assertQ(SolrTestCaseJ4.java:877)
  [junit4]    &amp;gt; 	at org.apache.solr.spelling.SpellCheckCollatorTest.testEstimatedHitCounts(SpellCheckCollatorTest.java:569)
  [junit4]    &amp;gt; 	at java.base/jdk.internal.reflect.NativeMethodAccessorImpl.invoke0(Native Method)
  [junit4]    &amp;gt; 	at java.base/jdk.internal.reflect.NativeMethodAccessorImpl.invoke(NativeMethodAccessorImpl.java:62)
  [junit4]    &amp;gt; 	at java.base/jdk.internal.reflect.DelegatingMethodAccessorImpl.invoke(DelegatingMethodAccessorImpl.java:43)
  [junit4]    &amp;gt; 	at java.base/java.lang.reflect.Method.invoke(Method.java:564)
  [junit4]    &amp;gt; 	at java.base/java.lang.Thread.run(Thread.java:844)
  [junit4]    &amp;gt; Caused by: java.lang.RuntimeException: REQUEST FAILED: xpath=//lst[@name=&apos;spellcheck&apos;]/lst[@name=&apos;collations&apos;]/lst[@name=&apos;collation&apos;]/long[@name=&apos;hits&apos; and 3 &amp;lt;= . and . &amp;lt;= 13]
  [junit4]    &amp;gt; 	xml response was: &amp;lt;?xml version=&quot;1.0&quot; encoding=&quot;UTF-8&quot;?&amp;gt;
  [junit4]    &amp;gt; &amp;lt;response&amp;gt;
  [junit4]    &amp;gt; &amp;lt;lst name=&quot;responseHeader&quot;&amp;gt;&amp;lt;int name=&quot;status&quot;&amp;gt;0&amp;lt;/int&amp;gt;&amp;lt;int name=&quot;QTime&quot;&amp;gt;4&amp;lt;/int&amp;gt;&amp;lt;/lst&amp;gt;&amp;lt;result name=&quot;response&quot; numFound=&quot;0&quot; start=&quot;0&quot;&amp;gt;&amp;lt;/result&amp;gt;&amp;lt;lst name=&quot;spellcheck&quot;&amp;gt;&amp;lt;lst name=&quot;suggestions&quot;&amp;gt;&amp;lt;lst name=&quot;everother&quot;&amp;gt;&amp;lt;int name=&quot;numFound&quot;&amp;gt;1&amp;lt;/int&amp;gt;&amp;lt;int name=&quot;startOffset&quot;&amp;gt;9&amp;lt;/int&amp;gt;&amp;lt;int name=&quot;endOffset&quot;&amp;gt;18&amp;lt;/int&amp;gt;&amp;lt;arr name=&quot;suggestion&quot;&amp;gt;&amp;lt;str&amp;gt;everyother&amp;lt;/str&amp;gt;&amp;lt;/arr&amp;gt;&amp;lt;/lst&amp;gt;&amp;lt;/lst&amp;gt;&amp;lt;lst name=&quot;collations&quot;&amp;gt;&amp;lt;lst name=&quot;collation&quot;&amp;gt;&amp;lt;str name=&quot;collationQuery&quot;&amp;gt;teststop:everyother&amp;lt;/str&amp;gt;&amp;lt;long name=&quot;hits&quot;&amp;gt;14&amp;lt;/long&amp;gt;&amp;lt;lst name=&quot;misspellingsAndCorrections&quot;&amp;gt;&amp;lt;str name=&quot;everother&quot;&amp;gt;everyother&amp;lt;/str&amp;gt;&amp;lt;/lst&amp;gt;&amp;lt;/lst&amp;gt;&amp;lt;/lst&amp;gt;&amp;lt;/lst&amp;gt;
  [junit4]    &amp;gt; &amp;lt;/response&amp;gt;
  [junit4]    &amp;gt; 	request was:spellcheck=true&amp;amp;spellcheck.dictionary=direct&amp;amp;spellcheck.count=1&amp;amp;spellcheck.collate=true&amp;amp;spellcheck.maxCollationTries=1&amp;amp;spellcheck.maxCollations=1&amp;amp;spellcheck.collateExtendedResults=true&amp;amp;qt=/spellCheckCompRH&amp;amp;q=teststop:everother&amp;amp;spellcheck.collateMaxCollectDocs=5
  [junit4]    &amp;gt; 	at org.apache.solr.SolrTestCaseJ4.assertQ(SolrTestCaseJ4.java:910)
  [junit4]    &amp;gt; 	... 40 more
[...]
  [junit4]   2&amp;gt; NOTE: test params are: codec=Asserting(Lucene70): {start1=PostingsFormat(name=LuceneVarGapFixedInterval), lowerfilt1=PostingsFormat(name=LuceneVarGapFixedInterval), multiDefault=FST50, teststop=FST50, lowerfilt1and2=FST50, end4=PostingsFormat(name=LuceneVarGapFixedInterval), end3=FST50, end2=BlockTreeOrds(blocksize=128), end1=PostingsFormat(name=LuceneVarGapDocFreqInterval), lowerfilt=FST50, gram1=PostingsFormat(name=LuceneVarGapDocFreqInterval), id=BlockTreeOrds(blocksize=128), gram2=BlockTreeOrds(blocksize=128), gram3=FST50, start3=BlockTreeOrds(blocksize=128), gram4=PostingsFormat(name=LuceneVarGapFixedInterval), start2=FST50, word=PostingsFormat(name=LuceneVarGapDocFreqInterval), start4=PostingsFormat(name=LuceneVarGapDocFreqInterval)}, docValues:{range_facet_l_dv=DocValuesFormat(name=Lucene70), intDefault=DocValuesFormat(name=Lucene70), id_i1=DocValuesFormat(name=Direct), range_facet_i_dv=DocValuesFormat(name=Lucene70), intDvoDefault=DocValuesFormat(name=Asserting), range_facet_l=DocValuesFormat(name=Lucene70), timestamp=DocValuesFormat(name=Lucene70)}, maxPointsInLeafNode=1509, maxMBSortInHeap=7.059537584202553, sim=Asserting(org.apache.lucene.search.similarities.AssertingSimilarity@5e51d18f), locale=mer, timezone=SystemV/PST8PDT
  [junit4]   2&amp;gt; NOTE: Linux 4.15.0-24-generic amd64/Oracle Corporation 10.0.1 (64-bit)/cpus=8,threads=1,free=105400800,total=532152320
&lt;/pre&gt;
&lt;/div&gt;&lt;/div&gt;</comment>
                            <comment id="16642347" author="steve_rowe" created="Mon, 8 Oct 2018 19:17:35 +0000"  >&lt;p&gt;Another reproducing failure from &lt;a href=&quot;https://jenkins.thetaphi.de/job/Lucene-Solr-7.x-Linux/2880/&quot; class=&quot;external-link&quot; target=&quot;_blank&quot; rel=&quot;nofollow noopener&quot;&gt;https://jenkins.thetaphi.de/job/Lucene-Solr-7.x-Linux/2880/&lt;/a&gt;:&lt;/p&gt;

&lt;div class=&quot;preformatted panel&quot; style=&quot;border-width: 1px;&quot;&gt;&lt;div class=&quot;preformattedContent panelContent&quot;&gt;
&lt;pre&gt;Checking out Revision 688fe19d5a76596b1d45a9644af5f7f9ba246e84 (refs/remotes/origin/branch_7x)
[...]
   [junit4]   2&amp;gt; NOTE: reproduce with: ant test  -Dtestcase=SpellCheckCollatorTest -Dtests.method=testEstimatedHitCounts -Dtests.seed=E24A64F535A759FA -Dtests.multiplier=3 -Dtests.slow=true -Dtests.locale=mzn -Dtests.timezone=Antarctica/Vostok -Dtests.asserts=true -Dtests.file.encoding=UTF-8
   [junit4] ERROR   0.36s J0 | SpellCheckCollatorTest.testEstimatedHitCounts &amp;lt;&amp;lt;&amp;lt;
   [junit4]    &amp;gt; Throwable #1: java.lang.RuntimeException: Exception during query
   [junit4]    &amp;gt; 	at __randomizedtesting.SeedInfo.seed([E24A64F535A759FA:D3F1DAC09098492A]:0)
   [junit4]    &amp;gt; 	at org.apache.solr.SolrTestCaseJ4.assertQ(SolrTestCaseJ4.java:917)
   [junit4]    &amp;gt; 	at org.apache.solr.SolrTestCaseJ4.assertQ(SolrTestCaseJ4.java:877)
   [junit4]    &amp;gt; 	at org.apache.solr.spelling.SpellCheckCollatorTest.testEstimatedHitCounts(SpellCheckCollatorTest.java:569)
   [junit4]    &amp;gt; 	at java.base/jdk.internal.reflect.NativeMethodAccessorImpl.invoke0(Native Method)
   [junit4]    &amp;gt; 	at java.base/jdk.internal.reflect.NativeMethodAccessorImpl.invoke(NativeMethodAccessorImpl.java:62)
   [junit4]    &amp;gt; 	at java.base/jdk.internal.reflect.DelegatingMethodAccessorImpl.invoke(DelegatingMethodAccessorImpl.java:43)
   [junit4]    &amp;gt; 	at java.base/java.lang.reflect.Method.invoke(Method.java:566)
   [junit4]    &amp;gt; 	at java.base/java.lang.Thread.run(Thread.java:835)
   [junit4]    &amp;gt; Caused by: java.lang.RuntimeException: REQUEST FAILED: xpath=//lst[@name=&apos;spellcheck&apos;]/lst[@name=&apos;collations&apos;]/lst[@name=&apos;collation&apos;]/long[@name=&apos;hits&apos; and 3 &amp;lt;= . and . &amp;lt;= 13]
   [junit4]    &amp;gt; 	xml response was: &amp;lt;?xml version=&quot;1.0&quot; encoding=&quot;UTF-8&quot;?&amp;gt;
   [junit4]    &amp;gt; &amp;lt;response&amp;gt;
   [junit4]    &amp;gt; &amp;lt;lst name=&quot;responseHeader&quot;&amp;gt;&amp;lt;int name=&quot;status&quot;&amp;gt;0&amp;lt;/int&amp;gt;&amp;lt;int name=&quot;QTime&quot;&amp;gt;3&amp;lt;/int&amp;gt;&amp;lt;/lst&amp;gt;&amp;lt;result name=&quot;response&quot; numFound=&quot;0&quot; start=&quot;0&quot;&amp;gt;&amp;lt;/result&amp;gt;&amp;lt;lst name=&quot;spellcheck&quot;&amp;gt;&amp;lt;lst name=&quot;suggestions&quot;&amp;gt;&amp;lt;lst name=&quot;everother&quot;&amp;gt;&amp;lt;int name=&quot;numFound&quot;&amp;gt;1&amp;lt;/int&amp;gt;&amp;lt;int name=&quot;startOffset&quot;&amp;gt;9&amp;lt;/int&amp;gt;&amp;lt;int name=&quot;endOffset&quot;&amp;gt;18&amp;lt;/int&amp;gt;&amp;lt;arr name=&quot;suggestion&quot;&amp;gt;&amp;lt;str&amp;gt;everyother&amp;lt;/str&amp;gt;&amp;lt;/arr&amp;gt;&amp;lt;/lst&amp;gt;&amp;lt;/lst&amp;gt;&amp;lt;lst name=&quot;collations&quot;&amp;gt;&amp;lt;lst name=&quot;collation&quot;&amp;gt;&amp;lt;str name=&quot;collationQuery&quot;&amp;gt;teststop:everyother&amp;lt;/str&amp;gt;&amp;lt;long name=&quot;hits&quot;&amp;gt;14&amp;lt;/long&amp;gt;&amp;lt;lst name=&quot;misspellingsAndCorrections&quot;&amp;gt;&amp;lt;str name=&quot;everother&quot;&amp;gt;everyother&amp;lt;/str&amp;gt;&amp;lt;/lst&amp;gt;&amp;lt;/lst&amp;gt;&amp;lt;/lst&amp;gt;&amp;lt;/lst&amp;gt;
   [junit4]    &amp;gt; &amp;lt;/response&amp;gt;
   [junit4]    &amp;gt; 	request was:spellcheck=true&amp;amp;spellcheck.dictionary=direct&amp;amp;spellcheck.count=1&amp;amp;spellcheck.collate=true&amp;amp;spellcheck.maxCollationTries=1&amp;amp;spellcheck.maxCollations=1&amp;amp;spellcheck.collateExtendedResults=true&amp;amp;qt=/spellCheckCompRH&amp;amp;q=teststop:everother&amp;amp;spellcheck.collateMaxCollectDocs=5
   [junit4]    &amp;gt; 	at org.apache.solr.SolrTestCaseJ4.assertQ(SolrTestCaseJ4.java:910)
   [junit4]    &amp;gt; 	... 40 more
[...]
   [junit4]   2&amp;gt; NOTE: test params are: codec=Asserting(Lucene70): {start1=PostingsFormat(name=Memory), lowerfilt1=PostingsFormat(name=Memory), multiDefault=TestBloomFilteredLucenePostings(BloomFilteringPostingsFormat(Lucene50(blocksize=128))), teststop=TestBloomFilteredLucenePostings(BloomFilteringPostingsFormat(Lucene50(blocksize=128))), lowerfilt1and2=TestBloomFilteredLucenePostings(BloomFilteringPostingsFormat(Lucene50(blocksize=128))), end4=PostingsFormat(name=Memory), end3=TestBloomFilteredLucenePostings(BloomFilteringPostingsFormat(Lucene50(blocksize=128))), end2=PostingsFormat(name=Asserting), end1=PostingsFormat(name=MockRandom), lowerfilt=TestBloomFilteredLucenePostings(BloomFilteringPostingsFormat(Lucene50(blocksize=128))), gram1=PostingsFormat(name=MockRandom), id=PostingsFormat(name=Asserting), gram2=PostingsFormat(name=Asserting), gram3=TestBloomFilteredLucenePostings(BloomFilteringPostingsFormat(Lucene50(blocksize=128))), start3=PostingsFormat(name=Asserting), gram4=PostingsFormat(name=Memory), start2=TestBloomFilteredLucenePostings(BloomFilteringPostingsFormat(Lucene50(blocksize=128))), word=PostingsFormat(name=MockRandom), start4=PostingsFormat(name=MockRandom)}, docValues:{range_facet_l_dv=DocValuesFormat(name=Lucene70), range_facet_i_dv=DocValuesFormat(name=Memory), intDvoDefault=DocValuesFormat(name=Asserting), timestamp=DocValuesFormat(name=Memory)}, maxPointsInLeafNode=750, maxMBSortInHeap=6.055347638060191, sim=RandomSimilarity(queryNorm=false): {}, locale=mzn, timezone=Antarctica/Vostok
   [junit4]   2&amp;gt; NOTE: Linux 4.15.0-36-generic amd64/Oracle Corporation 12-ea (64-bit)/cpus=8,threads=1,free=161239760,total=492830720
&lt;/pre&gt;
&lt;/div&gt;&lt;/div&gt;</comment>
                            <comment id="16978731" author="hossman" created="Wed, 20 Nov 2019 21:05:58 +0000"  >&lt;p&gt;Resolving this issue as &quot;abandoned&quot; and linking as superceeded by &lt;a href=&quot;https://issues.apache.org/jira/browse/SOLR-13946&quot; title=&quot;SpellCheckCollatorTest.testEstimatedHitCounts reproducing failure seed&quot; class=&quot;issue-link&quot; data-issue-key=&quot;SOLR-13946&quot;&gt;&lt;del&gt;SOLR-13946&lt;/del&gt;&lt;/a&gt;&lt;/p&gt;</comment>
                    </comments>
                <issuelinks>
                            <issuelinktype id="12310051">
                    <name>Supercedes</name>
                                                                <inwardlinks description="is superceded by">
                                        <issuelink>
            <issuekey id="13269431">SOLR-13946</issuekey>
        </issuelink>
                            </inwardlinks>
                                    </issuelinktype>
                    </issuelinks>
                <attachments>
                            <attachment id="12836625" name="SOLR-5344.patch" size="1790" author="jdyer" created="Wed, 2 Nov 2016 18:14:08 +0000"/>
                    </attachments>
                <subtasks>
                    </subtasks>
                <customfields>
                                                                            <customfield id="customfield_12310310" key="com.atlassian.jira.toolkit:attachments">
                        <customfieldname>Attachment count</customfieldname>
                        <customfieldvalues>
                            <customfieldvalue>1.0</customfieldvalue>
                        </customfieldvalues>
                    </customfield>
                                                                                                                                                                                                                                                                                                                                                                                                                                                                                                                                                                                                                                                                                                        <customfield id="customfield_12314020" key="com.atlassian.jira.plugins.jira-development-integration-plugin:devsummary">
                        <customfieldname>Development</customfieldname>
                        <customfieldvalues>
                            
                        </customfieldvalues>
                    </customfield>
                                                                                                                        <customfield id="customfield_12313422" key="com.atlassian.jirafisheyeplugin:jobcheckbox">
                        <customfieldname>Enable Automatic Patch Review</customfieldname>
                        <customfieldvalues>
                            <customfieldvalue><![CDATA[false]]></customfieldvalue>

                        </customfieldvalues>
                    </customfield>
                                                                                                                                                                                                                                                                                                                                                                                                                                                                                                                                                                                                                                                <customfield id="customfield_12310420" key="com.pyxis.greenhopper.jira:gh-global-rank">
                        <customfieldname>Global Rank</customfieldname>
                        <customfieldvalues>
                            <customfieldvalue>353243</customfieldvalue>
                        </customfieldvalues>
                    </customfield>
                                                                                                                                                                                                                                        <customfield id="customfield_12312521" key="com.atlassian.jira.toolkit:LastCommentDate">
                        <customfieldname>Last public comment date</customfieldname>
                        <customfieldvalues>
                            5 years, 51 weeks, 6 days ago
                        </customfieldvalues>
                    </customfield>
                                                                                                                                                                                                                                                                                                <customfield id="customfield_12311820" key="com.pyxis.greenhopper.jira:gh-lexo-rank">
                        <customfieldname>Rank</customfieldname>
                        <customfieldvalues>
                            <customfieldvalue>0|i1owif:</customfieldvalue>

                        </customfieldvalues>
                    </customfield>
                                                                <customfield id="customfield_12310920" key="com.pyxis.greenhopper.jira:gh-global-rank">
                        <customfieldname>Rank (Obsolete)</customfieldname>
                        <customfieldvalues>
                            <customfieldvalue>353536</customfieldvalue>
                        </customfieldvalues>
                    </customfield>
                                                                                                                                                                                                                                                                                                                                                        <customfield id="customfield_12313321" key="com.atlassian.jira.toolkit:message">
                        <customfieldname>Solr Mailing List Info</customfieldname>
                        <customfieldvalues>
                            
                        </customfieldvalues>
                    </customfield>
                                                                                                                                                                                                                                                                                                                                                                                                                                                                                                    </customfields>
    </item>
</channel>
</rss>