<!-- 
RSS generated by JIRA (8.20.10#820010-sha1:ace47f9899e9ee25d7157d59aa17ab06aee30d3d) at Wed Nov 12 03:28:10 UTC 2025

It is possible to restrict the fields that are returned in this document by specifying the 'field' parameter in your request.
For example, to request only the issue key and summary append 'field=key&field=summary' to the URL of your request.
-->
<rss version="0.92" >
<channel>
    <title>ASF JIRA</title>
    <link>https://issues.apache.org/jira</link>
    <description>This file is an XML representation of an issue</description>
    <language>en-uk</language>    <build-info>
        <version>8.20.10</version>
        <build-number>820010</build-number>
        <build-date>22-06-2022</build-date>
    </build-info>


<item>
            <title>[SOLR-3461] TestRealTimeGet.testStressRecovery() is sometimes very slow on Windows, using al CPUs</title>
                <link>https://issues.apache.org/jira/browse/SOLR-3461</link>
                <project id="12310230" key="SOLR">Solr</project>
                    <description>&lt;p&gt;I already noticed that on my local machine (Thinkpad Laptop with SSD), but&lt;br/&gt;
I was thinking it might be my slow IO system (thanks Robert for this&lt;br/&gt;
running-gag). But when reviewing test times on the new Jenkins Windows&lt;br/&gt;
build server, this test takes very long (around 30 minutes, which is half&lt;br/&gt;
of the complete time when running with 1 test runner on 2 cores).&lt;/p&gt;

&lt;p&gt;There must be something that makes this test very slow on Windows:&lt;br/&gt;
&lt;a href=&quot;http://goo.gl/irDVw&quot; class=&quot;external-link&quot; target=&quot;_blank&quot; rel=&quot;nofollow noopener&quot;&gt;http://goo.gl/irDVw&lt;/a&gt;&lt;/p&gt;

&lt;p&gt;The method taking so long is actually &quot;testStressRecovery&quot;, I would like&lt;br/&gt;
to @Ignore it until it is fixed. It makes running Solr tests in Windows&lt;br/&gt;
take ages and stops me from running them at all &lt;img class=&quot;emoticon&quot; src=&quot;https://issues.apache.org/jira/images/icons/emoticons/sad.png&quot; height=&quot;16&quot; width=&quot;16&quot; align=&quot;absmiddle&quot; alt=&quot;&quot; border=&quot;0&quot;/&gt;&lt;/p&gt;</description>
                <environment></environment>
        <key id="12556048">SOLR-3461</key>
            <summary>TestRealTimeGet.testStressRecovery() is sometimes very slow on Windows, using al CPUs</summary>
                <type id="1" iconUrl="https://issues.apache.org/jira/secure/viewavatar?size=xsmall&amp;avatarId=21133&amp;avatarType=issuetype">Bug</type>
                                            <priority id="3" iconUrl="https://issues.apache.org/jira/images/icons/priorities/major.svg">Major</priority>
                        <status id="1" iconUrl="https://issues.apache.org/jira/images/icons/statuses/open.png" description="The issue is open and ready for the assignee to start work on it.">Open</status>
                    <statusCategory id="2" key="new" colorName="blue-gray"/>
                                    <resolution id="-1">Unresolved</resolution>
                                        <assignee username="-1">Unassigned</assignee>
                                    <reporter username="uschindler">Uwe Schindler</reporter>
                        <labels>
                    </labels>
                <created>Wed, 16 May 2012 14:52:37 +0000</created>
                <updated>Sun, 20 May 2012 12:12:44 +0000</updated>
                                            <version>4.0-ALPHA</version>
                                                    <component>update</component>
                        <due></due>
                            <votes>0</votes>
                                    <watches>4</watches>
                                                                                                                <comments>
                            <comment id="13276777" author="thetaphi" created="Wed, 16 May 2012 14:54:42 +0000"  >&lt;p&gt;I investigated:&lt;br/&gt;
It is not related to Codecs or something like that, testStressRecovery uses Solr&apos;s API and not Lucene&apos;s API. It sometimes is very slow, this cannot always reproduced with the seed. So there must be some Windows-only deadlock/starvation-like problem, or maybe related to 2 cores like on the Jenkins Windows machine or my local laptop.&lt;/p&gt;

&lt;p&gt;I added an assumeFalse(Constants.WINDOWS) for now.&lt;/p&gt;</comment>
                            <comment id="13276779" author="thetaphi" created="Wed, 16 May 2012 14:55:28 +0000"  >&lt;p&gt;Committed test supression on windows at revision: 1339209&lt;/p&gt;</comment>
                            <comment id="13277230" author="jkrupan" created="Wed, 16 May 2012 22:53:01 +0000"  >&lt;p&gt;It runs reasonably on my Windows 7 i5-based notebook PC:&lt;/p&gt;

&lt;p&gt;   &lt;span class=&quot;error&quot;&gt;&amp;#91;junit4&amp;#93;&lt;/span&gt; Suite: org.apache.solr.search.TestRealTimeGet&lt;br/&gt;
   &lt;span class=&quot;error&quot;&gt;&amp;#91;junit4&amp;#93;&lt;/span&gt; Completed on J1 in 130.37s, 8 tests&lt;/p&gt;</comment>
                            <comment id="13277269" author="jkrupan" created="Wed, 16 May 2012 23:48:00 +0000"  >&lt;p&gt;With the change, the test went from 130 seconds to 20. Even though 130 sec is nowhere near as slow as your 30 minutes, 2 minutes is still a long time. It was taking 10 seconds in the nightly build yesterday.&lt;/p&gt;

&lt;p&gt;From my latest local test run:&lt;/p&gt;

&lt;p&gt;   &lt;span class=&quot;error&quot;&gt;&amp;#91;junit4&amp;#93;&lt;/span&gt; Suite: org.apache.solr.search.TestRealTimeGet&lt;br/&gt;
   &lt;span class=&quot;error&quot;&gt;&amp;#91;junit4&amp;#93;&lt;/span&gt; IGNOR/A 0.04s J1 | TestRealTimeGet.testStressRecovery&lt;br/&gt;
   &lt;span class=&quot;error&quot;&gt;&amp;#91;junit4&amp;#93;&lt;/span&gt;    &amp;gt; Assumption #1: FIXME: This test is horribly slow sometimes on Windows!&lt;br/&gt;
   &lt;span class=&quot;error&quot;&gt;&amp;#91;junit4&amp;#93;&lt;/span&gt; Completed on J1 in 19.24s, 8 tests, 1 skipped&lt;/p&gt;</comment>
                            <comment id="13277687" author="thetaphi" created="Thu, 17 May 2012 09:22:06 +0000"  >&lt;p&gt;It is not always slow, but I have seen the 30 minute runs now on 3 different PCs running:&lt;/p&gt;

&lt;ul class=&quot;alternate&quot; type=&quot;square&quot;&gt;
	&lt;li&gt;64 bit Java 1.6.0_32 or 1.7.0_u4 Server JVM&lt;/li&gt;
	&lt;li&gt;Windows 7 Professional&lt;/li&gt;
	&lt;li&gt;&amp;gt;= 2 CPUs&lt;/li&gt;
&lt;/ul&gt;


&lt;p&gt;So this needs fixing, sorry. Maybe you don&apos;t see the issue there is still something wrong.&lt;/p&gt;</comment>
                            <comment id="13277688" author="thetaphi" created="Thu, 17 May 2012 09:23:48 +0000"  >&lt;p&gt;It is slow in 80% of all cases for the following test seed:&lt;/p&gt;

&lt;p&gt;ant test -Dtests.seed=4877EC7806E56AF3&lt;/p&gt;</comment>
                            <comment id="13279472" author="dweiss" created="Sat, 19 May 2012 07:33:44 +0000"  >&lt;p&gt;I ran the above 20 times (windows 7, 64 bit, 4 ht cores (8 logical)).&lt;/p&gt;

&lt;p&gt;All times were sensible:&lt;/p&gt;
&lt;div class=&quot;preformatted panel&quot; style=&quot;border-width: 1px;&quot;&gt;&lt;div class=&quot;preformattedContent panelContent&quot;&gt;
&lt;pre&gt;Total time: 3 minutes 50 seconds
Total time: 3 minutes 43 seconds
Total time: 3 minutes 49 seconds
Total time: 3 minutes 45 seconds
Total time: 3 minutes 27 seconds
Total time: 3 minutes 50 seconds
Total time: 4 minutes 9 seconds
Total time: 3 minutes 42 seconds
Total time: 3 minutes 35 seconds
Total time: 3 minutes 55 seconds
Total time: 3 minutes 36 seconds
Total time: 3 minutes 42 seconds
Total time: 4 minutes 8 seconds
Total time: 3 minutes 54 seconds
Total time: 3 minutes 15 seconds
Total time: 4 minutes 2 seconds
Total time: 3 minutes 48 seconds
Total time: 3 minutes 57 seconds
Total time: 3 minutes 49 seconds
Total time: 3 minutes 44 seconds
&lt;/pre&gt;
&lt;/div&gt;&lt;/div&gt;

&lt;p&gt;I did encounter two failures though:&lt;/p&gt;

&lt;div class=&quot;preformatted panel&quot; style=&quot;border-width: 1px;&quot;&gt;&lt;div class=&quot;preformattedContent panelContent&quot;&gt;
&lt;pre&gt;
   [junit4] Suite: org.apache.solr.cloud.OverseerTest
   [junit4]    &amp;gt; (@BeforeClass output)
   [junit4]   2&amp;gt; Creating dataDir: c:\Work\lucene-solr\solr\build\solr-core\test\J2\.\solrtest-OverseerTest-1337375903710
   [junit4]   2&amp;gt; 
   [junit4] FAILURE 16.5s J2 | OverseerTest.testShardLeaderChange
   [junit4]    &amp;gt; Throwable #1: org.junit.ComparisonFailure: Unexpected shard leader coll:collection1 shard:shard1 expected:&amp;lt;core[1]&amp;gt; but was:&amp;lt;core[4]&amp;gt;
   [junit4]    &amp;gt; 	at __randomizedtesting.SeedInfo.seed([4877EC7806E56AF3:96246B8F1C7D9F02]:0)
   [junit4]    &amp;gt; 	at org.junit.Assert.assertEquals(Assert.java:125)
   [junit4]    &amp;gt; 	at org.apache.solr.cloud.OverseerTest.verifyShardLeader(OverseerTest.java:550)
   [junit4]    &amp;gt; 	at org.apache.solr.cloud.OverseerTest.testShardLeaderChange(OverseerTest.java:709)
   [junit4]    &amp;gt; 	at sun.reflect.NativeMethodAccessorImpl.invoke0(Native Method)
   [junit4]    &amp;gt; 	at sun.reflect.NativeMethodAccessorImpl.invoke(NativeMethodAccessorImpl.java:57)
   [junit4]    &amp;gt; 	at sun.reflect.DelegatingMethodAccessorImpl.invoke(DelegatingMethodAccessorImpl.java:43)
   [junit4]    &amp;gt; 	at java.lang.reflect.Method.invoke(Method.java:601)
   [junit4]    &amp;gt; 	at com.carrotsearch.randomizedtesting.RandomizedRunner.invoke(RandomizedRunner.java:1969)
   [junit4]    &amp;gt; 	at com.carrotsearch.randomizedtesting.RandomizedRunner.access$1100(RandomizedRunner.java:132)
   [junit4]    &amp;gt; 	at com.carrotsearch.randomizedtesting.RandomizedRunner$6.evaluate(RandomizedRunner.java:814)
   [junit4]    &amp;gt; 	at com.carrotsearch.randomizedtesting.RandomizedRunner$7.evaluate(RandomizedRunner.java:875)
   [junit4]    &amp;gt; 	at com.carrotsearch.randomizedtesting.RandomizedRunner$8.evaluate(RandomizedRunner.java:889)
   [junit4]    &amp;gt; 	at com.carrotsearch.randomizedtesting.rules.SystemPropertiesRestoreRule$1.evaluate(SystemPropertiesRestoreRule.java:53)
   [junit4]    &amp;gt; 	at org.apache.lucene.util.TestRuleSetupTeardownChained$1.evaluate(TestRuleSetupTeardownChained.java:50)
   [junit4]    &amp;gt; 	at org.apache.lucene.util.TestRuleFieldCacheSanity$1.evaluate(TestRuleFieldCacheSanity.java:32)
   [junit4]    &amp;gt; 	at org.apache.lucene.util.AbstractBeforeAfterRule$1.evaluate(AbstractBeforeAfterRule.java:45)
   [junit4]    &amp;gt; 	at com.carrotsearch.randomizedtesting.rules.SystemPropertiesInvariantRule$1.evaluate(SystemPropertiesInvariantRule.java:55)
   [junit4]    &amp;gt; 	at org.apache.lucene.util.TestRuleReportUncaughtExceptions$1.evaluate(TestRuleReportUncaughtExceptions.java:68)
   [junit4]    &amp;gt; 	at org.apache.lucene.util.TestRuleThreadAndTestName$1.evaluate(TestRuleThreadAndTestName.java:48)
   [junit4]    &amp;gt; 	at org.apache.lucene.util.TestRuleMarkFailure$1.evaluate(TestRuleMarkFailure.java:48)
   [junit4]    &amp;gt; 	at com.carrotsearch.randomizedtesting.RandomizedRunner.runSingleTest(RandomizedRunner.java:821)
   [junit4]    &amp;gt; 	at com.carrotsearch.randomizedtesting.RandomizedRunner.access$700(RandomizedRunner.java:132)
   [junit4]    &amp;gt; 	at com.carrotsearch.randomizedtesting.RandomizedRunner$3$1.run(RandomizedRunner.java:669)
   [junit4]    &amp;gt; 	at com.carrotsearch.randomizedtesting.RandomizedRunner$3.evaluate(RandomizedRunner.java:695)
   [junit4]    &amp;gt; 	at com.carrotsearch.randomizedtesting.RandomizedRunner$4.evaluate(RandomizedRunner.java:734)
   [junit4]    &amp;gt; 	at com.carrotsearch.randomizedtesting.RandomizedRunner$5.evaluate(RandomizedRunner.java:745)
   [junit4]    &amp;gt; 	at com.carrotsearch.randomizedtesting.rules.SystemPropertiesRestoreRule$1.evaluate(SystemPropertiesRestoreRule.java:53)
   [junit4]    &amp;gt; 	at org.apache.lucene.util.AbstractBeforeAfterRule$1.evaluate(AbstractBeforeAfterRule.java:45)
   [junit4]    &amp;gt; 	at org.apache.lucene.util.TestRuleReportUncaughtExceptions$1.evaluate(TestRuleReportUncaughtExceptions.java:68)
   [junit4]    &amp;gt; 	at org.apache.lucene.util.TestRuleStoreClassName$1.evaluate(TestRuleStoreClassName.java:38)
   [junit4]    &amp;gt; 	at org.apache.lucene.util.TestRuleIcuHack$1.evaluate(TestRuleIcuHack.java:51)
   [junit4]    &amp;gt; 	at com.carrotsearch.randomizedtesting.rules.SystemPropertiesInvariantRule$1.evaluate(SystemPropertiesInvariantRule.java:55)
   [junit4]    &amp;gt; 	at org.apache.lucene.util.TestRuleNoInstanceHooksOverrides$1.evaluate(TestRuleNoInstanceHooksOverrides.java:53)
   [junit4]    &amp;gt; 	at org.apache.lucene.util.TestRuleNoStaticHooksShadowing$1.evaluate(TestRuleNoStaticHooksShadowing.java:52)
   [junit4]    &amp;gt; 	at org.apache.lucene.util.TestRuleAssertionsRequired$1.evaluate(TestRuleAssertionsRequired.java:36)
   [junit4]    &amp;gt; 	at org.apache.lucene.util.TestRuleMarkFailure$1.evaluate(TestRuleMarkFailure.java:48)
   [junit4]    &amp;gt; 	at org.apache.lucene.util.TestRuleIgnoreTestSuites$1.evaluate(TestRuleIgnoreTestSuites.java:56)
   [junit4]    &amp;gt; 	at com.carrotsearch.randomizedtesting.RandomizedRunner.runSuite(RandomizedRunner.java:605)
   [junit4]    &amp;gt; 	at com.carrotsearch.randomizedtesting.RandomizedRunner.access$400(RandomizedRunner.java:132)
   [junit4]    &amp;gt; 	at com.carrotsearch.randomizedtesting.RandomizedRunner$2.run(RandomizedRunner.java:551)
   [junit4]    &amp;gt; 
   [junit4]   2&amp;gt; 44476 T3 oasc.CoreContainer.finalize SEVERE CoreContainer was not shutdown prior to finalize(), indicates a bug -- POSSIBLE RESOURCE LEAK!!!  instance=1604799699
   [junit4]   2&amp;gt; NOTE: reproduce with: ant test -Dtestcase=OverseerTest -Dtests.method=testShardLeaderChange -Dtests.seed=4877EC7806E56AF3 -Dtests.locale=ms -Dtests.timezone=Turkey -Dargs=&quot;-Dfile.encoding=Cp1252&quot;
   [junit4]   2&amp;gt;
   [junit4]    &amp;gt; (@AfterClass output)
   [junit4]   2&amp;gt; NOTE: test params are: codec=Lucene40, sim=DefaultSimilarity, locale=ms, timezone=Turkey
   [junit4]   2&amp;gt; NOTE: Windows 7 6.1 amd64/Oracle Corporation 1.7.0_03 (64-bit)/cpus=8,threads=2,free=205266912,total=237568000
   [junit4]   2&amp;gt; NOTE: All tests run in this JVM: [LeaderElectionIntegrationTest, ResourceLoaderTest, TestSwedishLightStemFilterFactory, TestNGramFilters, TestElisionFilterFactory, RequestHandlersTest, SpatialFilterTest, JSONWriterTest, TestLFUCache, UniqFieldsUpdateProcessorFactoryTest, DistanceFunctionTest, TestRecovery, TestEnglishMinimalStemFilterFactory, DirectSolrConnectionTest, BadComponentTest, TestIBSimilarityFactory, TestCoreContainer, BinaryUpdateRequestHandlerTest, OverseerTest]
   [junit4]   2&amp;gt; 
   [junit4] Completed on J2 in 56.89s, 7 tests, 1 failure &amp;lt;&amp;lt;&amp;lt; FAILURES!
&lt;/pre&gt;
&lt;/div&gt;&lt;/div&gt;

&lt;p&gt;This one does not reproduce. And another one:&lt;/p&gt;

&lt;div class=&quot;preformatted panel&quot; style=&quot;border-width: 1px;&quot;&gt;&lt;div class=&quot;preformattedContent panelContent&quot;&gt;
&lt;pre&gt;
   [junit4] Suite: org.apache.solr.spelling.suggest.SuggesterWFSTTest
   [junit4]    &amp;gt; (@BeforeClass output)
   [junit4]   2&amp;gt; Creating dataDir: c:\Work\lucene-solr\solr\build\solr-core\test\J1\.\solrtest-SuggesterWFSTTest-1337378283624
   [junit4]   2&amp;gt; 
   [junit4] ERROR   0.10s J1 | SuggesterWFSTTest.testRebuild
   [junit4]    &amp;gt; Throwable #1: java.lang.RuntimeException: Exception during query
   [junit4]    &amp;gt; 	at __randomizedtesting.SeedInfo.seed([4877EC7806E56AF3:13524E3B32E51069]:0)
   [junit4]    &amp;gt; 	at org.apache.solr.SolrTestCaseJ4.assertQ(SolrTestCaseJ4.java:454)
   [junit4]    &amp;gt; 	at org.apache.solr.SolrTestCaseJ4.assertQ(SolrTestCaseJ4.java:421)
   [junit4]    &amp;gt; 	at org.apache.solr.spelling.suggest.SuggesterTest.testRebuild(SuggesterTest.java:105)
   [junit4]    &amp;gt; 	at sun.reflect.NativeMethodAccessorImpl.invoke0(Native Method)
   [junit4]    &amp;gt; 	at sun.reflect.NativeMethodAccessorImpl.invoke(NativeMethodAccessorImpl.java:57)
   [junit4]    &amp;gt; 	at sun.reflect.DelegatingMethodAccessorImpl.invoke(DelegatingMethodAccessorImpl.java:43)
   [junit4]    &amp;gt; 	at java.lang.reflect.Method.invoke(Method.java:601)
   [junit4]    &amp;gt; 	at com.carrotsearch.randomizedtesting.RandomizedRunner.invoke(RandomizedRunner.java:1969)
   [junit4]    &amp;gt; 	at com.carrotsearch.randomizedtesting.RandomizedRunner.access$1100(RandomizedRunner.java:132)
   [junit4]    &amp;gt; 	at com.carrotsearch.randomizedtesting.RandomizedRunner$6.evaluate(RandomizedRunner.java:814)
   [junit4]    &amp;gt; 	at com.carrotsearch.randomizedtesting.RandomizedRunner$7.evaluate(RandomizedRunner.java:875)
   [junit4]    &amp;gt; 	at com.carrotsearch.randomizedtesting.RandomizedRunner$8.evaluate(RandomizedRunner.java:889)
   [junit4]    &amp;gt; 	at com.carrotsearch.randomizedtesting.rules.SystemPropertiesRestoreRule$1.evaluate(SystemPropertiesRestoreRule.java:53)
   [junit4]    &amp;gt; 	at org.apache.lucene.util.TestRuleSetupTeardownChained$1.evaluate(TestRuleSetupTeardownChained.java:50)
   [junit4]    &amp;gt; 	at org.apache.lucene.util.TestRuleFieldCacheSanity$1.evaluate(TestRuleFieldCacheSanity.java:32)
   [junit4]    &amp;gt; 	at org.apache.lucene.util.AbstractBeforeAfterRule$1.evaluate(AbstractBeforeAfterRule.java:45)
   [junit4]    &amp;gt; 	at com.carrotsearch.randomizedtesting.rules.SystemPropertiesInvariantRule$1.evaluate(SystemPropertiesInvariantRule.java:55)
   [junit4]    &amp;gt; 	at org.apache.lucene.util.TestRuleReportUncaughtExceptions$1.evaluate(TestRuleReportUncaughtExceptions.java:68)
   [junit4]    &amp;gt; 	at org.apache.lucene.util.TestRuleThreadAndTestName$1.evaluate(TestRuleThreadAndTestName.java:48)
   [junit4]    &amp;gt; 	at org.apache.lucene.util.TestRuleMarkFailure$1.evaluate(TestRuleMarkFailure.java:48)
   [junit4]    &amp;gt; 	at com.carrotsearch.randomizedtesting.RandomizedRunner.runSingleTest(RandomizedRunner.java:821)
   [junit4]    &amp;gt; 	at com.carrotsearch.randomizedtesting.RandomizedRunner.access$700(RandomizedRunner.java:132)
   [junit4]    &amp;gt; 	at com.carrotsearch.randomizedtesting.RandomizedRunner$3$1.run(RandomizedRunner.java:669)
   [junit4]    &amp;gt; 	at com.carrotsearch.randomizedtesting.RandomizedRunner$3.evaluate(RandomizedRunner.java:695)
   [junit4]    &amp;gt; 	at com.carrotsearch.randomizedtesting.RandomizedRunner$4.evaluate(RandomizedRunner.java:734)
   [junit4]    &amp;gt; 	at com.carrotsearch.randomizedtesting.RandomizedRunner$5.evaluate(RandomizedRunner.java:745)
   [junit4]    &amp;gt; 	at com.carrotsearch.randomizedtesting.rules.SystemPropertiesRestoreRule$1.evaluate(SystemPropertiesRestoreRule.java:53)
   [junit4]    &amp;gt; 	at org.apache.lucene.util.AbstractBeforeAfterRule$1.evaluate(AbstractBeforeAfterRule.java:45)
   [junit4]    &amp;gt; 	at org.apache.lucene.util.TestRuleReportUncaughtExceptions$1.evaluate(TestRuleReportUncaughtExceptions.java:68)
   [junit4]    &amp;gt; 	at org.apache.lucene.util.TestRuleStoreClassName$1.evaluate(TestRuleStoreClassName.java:38)
   [junit4]    &amp;gt; 	at org.apache.lucene.util.TestRuleIcuHack$1.evaluate(TestRuleIcuHack.java:51)
   [junit4]    &amp;gt; 	at com.carrotsearch.randomizedtesting.rules.SystemPropertiesInvariantRule$1.evaluate(SystemPropertiesInvariantRule.java:55)
   [junit4]    &amp;gt; 	at org.apache.lucene.util.TestRuleNoInstanceHooksOverrides$1.evaluate(TestRuleNoInstanceHooksOverrides.java:53)
   [junit4]    &amp;gt; 	at org.apache.lucene.util.TestRuleNoStaticHooksShadowing$1.evaluate(TestRuleNoStaticHooksShadowing.java:52)
   [junit4]    &amp;gt; 	at org.apache.lucene.util.TestRuleAssertionsRequired$1.evaluate(TestRuleAssertionsRequired.java:36)
   [junit4]    &amp;gt; 	at org.apache.lucene.util.TestRuleMarkFailure$1.evaluate(TestRuleMarkFailure.java:48)
   [junit4]    &amp;gt; 	at org.apache.lucene.util.TestRuleIgnoreTestSuites$1.evaluate(TestRuleIgnoreTestSuites.java:56)
   [junit4]    &amp;gt; 	at com.carrotsearch.randomizedtesting.RandomizedRunner.runSuite(RandomizedRunner.java:605)
   [junit4]    &amp;gt; 	at com.carrotsearch.randomizedtesting.RandomizedRunner.access$400(RandomizedRunner.java:132)
   [junit4]    &amp;gt; 	at com.carrotsearch.randomizedtesting.RandomizedRunner$2.run(RandomizedRunner.java:551)
   [junit4]    &amp;gt; Caused by: java.lang.NullPointerException
   [junit4]    &amp;gt; 	at org.apache.lucene.search.suggest.fst.WFSTCompletionLookup.lookupPrefix(WFSTCompletionLookup.java:193)
   [junit4]    &amp;gt; 	at org.apache.lucene.search.suggest.fst.WFSTCompletionLookup.lookup(WFSTCompletionLookup.java:155)
   [junit4]    &amp;gt; 	at org.apache.solr.spelling.suggest.Suggester.getSuggestions(Suggester.java:187)
   [junit4]    &amp;gt; 	at org.apache.solr.handler.component.SpellCheckComponent.process(SpellCheckComponent.java:150)
   [junit4]    &amp;gt; 	at org.apache.solr.handler.component.SearchHandler.handleRequestBody(SearchHandler.java:204)
   [junit4]    &amp;gt; 	at org.apache.solr.handler.RequestHandlerBase.handleRequest(RequestHandlerBase.java:129)
   [junit4]    &amp;gt; 	at org.apache.solr.core.SolrCore.execute(SolrCore.java:1555)
   [junit4]    &amp;gt; 	at org.apache.solr.util.TestHarness.query(TestHarness.java:357)
   [junit4]    &amp;gt; 	at org.apache.solr.util.TestHarness.query(TestHarness.java:340)
   [junit4]    &amp;gt; 	at org.apache.solr.SolrTestCaseJ4.assertQ(SolrTestCaseJ4.java:428)
   [junit4]    &amp;gt; 	... 39 more
   [junit4]    &amp;gt; 
   [junit4]   2&amp;gt; 110 T581 oashc.SpellCheckComponent$SpellCheckerListener.newSearcher SEVERE Exception in reloading spell check index for spellchecker: suggest java.io.FileNotFoundException: c:\Work\lucene-solr\solr\build\solr-core\test\J1\.\solrtest-SuggesterWFSTTest-1337378283624\suggest\jaspell.dat (The system cannot find the file specified)
   [junit4]   2&amp;gt; 	at java.io.FileInputStream.open(Native Method)
   [junit4]   2&amp;gt; 	at java.io.FileInputStream.&amp;lt;init&amp;gt;(FileInputStream.java:138)
   [junit4]   2&amp;gt; 	at org.apache.solr.spelling.suggest.Suggester.reload(Suggester.java:163)
   [junit4]   2&amp;gt; 	at org.apache.solr.handler.component.SpellCheckComponent$SpellCheckerListener.newSearcher(SpellCheckComponent.java:607)
   [junit4]   2&amp;gt; 	at org.apache.solr.core.SolrCore$3.call(SolrCore.java:1335)
   [junit4]   2&amp;gt; 	at java.util.concurrent.FutureTask$Sync.innerRun(FutureTask.java:334)
   [junit4]   2&amp;gt; 	at java.util.concurrent.FutureTask.run(FutureTask.java:166)
   [junit4]   2&amp;gt; 	at java.util.concurrent.ThreadPoolExecutor.runWorker(ThreadPoolExecutor.java:1110)
   [junit4]   2&amp;gt; 	at java.util.concurrent.ThreadPoolExecutor$Worker.run(ThreadPoolExecutor.java:603)
   [junit4]   2&amp;gt; 	at java.lang.Thread.run(Thread.java:722)
   [junit4]   2&amp;gt; 
   [junit4]   2&amp;gt; 135 T581 oashc.SpellCheckComponent$SpellCheckerListener.newSearcher SEVERE Exception in reloading spell check index for spellchecker: suggest_tst java.io.FileNotFoundException: c:\Work\lucene-solr\solr\build\solr-core\test\J1\.\solrtest-SuggesterWFSTTest-1337378283624\suggest_tst\tst.dat (The system cannot find the file specified)
   [junit4]   2&amp;gt; 	at java.io.FileInputStream.open(Native Method)
   [junit4]   2&amp;gt; 	at java.io.FileInputStream.&amp;lt;init&amp;gt;(FileInputStream.java:138)
   [junit4]   2&amp;gt; 	at org.apache.solr.spelling.suggest.Suggester.reload(Suggester.java:163)
   [junit4]   2&amp;gt; 	at org.apache.solr.handler.component.SpellCheckComponent$SpellCheckerListener.newSearcher(SpellCheckComponent.java:607)
   [junit4]   2&amp;gt; 	at org.apache.solr.core.SolrCore$3.call(SolrCore.java:1335)
   [junit4]   2&amp;gt; 	at java.util.concurrent.FutureTask$Sync.innerRun(FutureTask.java:334)
   [junit4]   2&amp;gt; 	at java.util.concurrent.FutureTask.run(FutureTask.java:166)
   [junit4]   2&amp;gt; 	at java.util.concurrent.ThreadPoolExecutor.runWorker(ThreadPoolExecutor.java:1110)
   [junit4]   2&amp;gt; 	at java.util.concurrent.ThreadPoolExecutor$Worker.run(ThreadPoolExecutor.java:603)
   [junit4]   2&amp;gt; 	at java.lang.Thread.run(Thread.java:722)
   [junit4]   2&amp;gt; 
   [junit4]   2&amp;gt; 135 T581 oashc.SpellCheckComponent$SpellCheckerListener.newSearcher SEVERE Exception in reloading spell check index for spellchecker: suggest_fst java.io.FileNotFoundException: c:\Work\lucene-solr\solr\build\solr-core\test\J1\.\solrtest-SuggesterWFSTTest-1337378283624\suggest_fst\fst.bin (The system cannot find the file specified)
   [junit4]   2&amp;gt; 	at java.io.FileInputStream.open(Native Method)
   [junit4]   2&amp;gt; 	at java.io.FileInputStream.&amp;lt;init&amp;gt;(FileInputStream.java:138)
   [junit4]   2&amp;gt; 	at org.apache.solr.spelling.suggest.Suggester.reload(Suggester.java:163)
   [junit4]   2&amp;gt; 	at org.apache.solr.handler.component.SpellCheckComponent$SpellCheckerListener.newSearcher(SpellCheckComponent.java:607)
   [junit4]   2&amp;gt; 	at org.apache.solr.core.SolrCore$3.call(SolrCore.java:1335)
   [junit4]   2&amp;gt; 	at java.util.concurrent.FutureTask$Sync.innerRun(FutureTask.java:334)
   [junit4]   2&amp;gt; 	at java.util.concurrent.FutureTask.run(FutureTask.java:166)
   [junit4]   2&amp;gt; 	at java.util.concurrent.ThreadPoolExecutor.runWorker(ThreadPoolExecutor.java:1110)
   [junit4]   2&amp;gt; 	at java.util.concurrent.ThreadPoolExecutor$Worker.run(ThreadPoolExecutor.java:603)
   [junit4]   2&amp;gt; 	at java.lang.Thread.run(Thread.java:722)
   [junit4]   2&amp;gt; 
   [junit4]   2&amp;gt; 136 T581 oashc.SpellCheckComponent$SpellCheckerListener.newSearcher SEVERE Exception in reloading spell check index for spellchecker: suggest_wfst java.io.FileNotFoundException: c:\Work\lucene-solr\solr\build\solr-core\test\J1\.\solrtest-SuggesterWFSTTest-1337378283624\suggest_wfst\wfst.bin (The system cannot find the file specified)
   [junit4]   2&amp;gt; 	at java.io.FileInputStream.open(Native Method)
   [junit4]   2&amp;gt; 	at java.io.FileInputStream.&amp;lt;init&amp;gt;(FileInputStream.java:138)
   [junit4]   2&amp;gt; 	at org.apache.solr.spelling.suggest.Suggester.reload(Suggester.java:163)
   [junit4]   2&amp;gt; 	at org.apache.solr.handler.component.SpellCheckComponent$SpellCheckerListener.newSearcher(SpellCheckComponent.java:607)
   [junit4]   2&amp;gt; 	at org.apache.solr.core.SolrCore$3.call(SolrCore.java:1335)
   [junit4]   2&amp;gt; 	at java.util.concurrent.FutureTask$Sync.innerRun(FutureTask.java:334)
   [junit4]   2&amp;gt; 	at java.util.concurrent.FutureTask.run(FutureTask.java:166)
   [junit4]   2&amp;gt; 	at java.util.concurrent.ThreadPoolExecutor.runWorker(ThreadPoolExecutor.java:1110)
   [junit4]   2&amp;gt; 	at java.util.concurrent.ThreadPoolExecutor$Worker.run(ThreadPoolExecutor.java:603)
   [junit4]   2&amp;gt; 	at java.lang.Thread.run(Thread.java:722)
   [junit4]   2&amp;gt; 
   [junit4]   2&amp;gt; ASYNC  NEW_CORE C1 name=collection1 org.apache.solr.core.SolrCore@f4bae25
   [junit4]   2&amp;gt; 139 T580 C1 oasc.SolrException.log SEVERE java.lang.NullPointerException
   [junit4]   2&amp;gt; 		at org.apache.lucene.search.suggest.fst.WFSTCompletionLookup.lookupPrefix(WFSTCompletionLookup.java:193)
   [junit4]   2&amp;gt; 		at org.apache.lucene.search.suggest.fst.WFSTCompletionLookup.lookup(WFSTCompletionLookup.java:155)
   [junit4]   2&amp;gt; 		at org.apache.solr.spelling.suggest.Suggester.getSuggestions(Suggester.java:187)
   [junit4]   2&amp;gt; 		at org.apache.solr.handler.component.SpellCheckComponent.process(SpellCheckComponent.java:150)
   [junit4]   2&amp;gt; 		at org.apache.solr.handler.component.SearchHandler.handleRequestBody(SearchHandler.java:204)
   [junit4]   2&amp;gt; 		at org.apache.solr.handler.RequestHandlerBase.handleRequest(RequestHandlerBase.java:129)
   [junit4]   2&amp;gt; 		at org.apache.solr.core.SolrCore.execute(SolrCore.java:1555)
   [junit4]   2&amp;gt; 		at org.apache.solr.util.TestHarness.query(TestHarness.java:357)
   [junit4]   2&amp;gt; 		at org.apache.solr.util.TestHarness.query(TestHarness.java:340)
   [junit4]   2&amp;gt; 		at org.apache.solr.SolrTestCaseJ4.assertQ(SolrTestCaseJ4.java:428)
   [junit4]   2&amp;gt; 		at org.apache.solr.SolrTestCaseJ4.assertQ(SolrTestCaseJ4.java:421)
   [junit4]   2&amp;gt; 		at org.apache.solr.spelling.suggest.SuggesterTest.testRebuild(SuggesterTest.java:105)
   [junit4]   2&amp;gt; 		at sun.reflect.NativeMethodAccessorImpl.invoke0(Native Method)
   [junit4]   2&amp;gt; 		at sun.reflect.NativeMethodAccessorImpl.invoke(NativeMethodAccessorImpl.java:57)
   [junit4]   2&amp;gt; 		at sun.reflect.DelegatingMethodAccessorImpl.invoke(DelegatingMethodAccessorImpl.java:43)
   [junit4]   2&amp;gt; 		at java.lang.reflect.Method.invoke(Method.java:601)
   [junit4]   2&amp;gt; 		at com.carrotsearch.randomizedtesting.RandomizedRunner.invoke(RandomizedRunner.java:1969)
   [junit4]   2&amp;gt; 		at com.carrotsearch.randomizedtesting.RandomizedRunner.access$1100(RandomizedRunner.java:132)
   [junit4]   2&amp;gt; 		at com.carrotsearch.randomizedtesting.RandomizedRunner$6.evaluate(RandomizedRunner.java:814)
   [junit4]   2&amp;gt; 		at com.carrotsearch.randomizedtesting.RandomizedRunner$7.evaluate(RandomizedRunner.java:875)
   [junit4]   2&amp;gt; 		at com.carrotsearch.randomizedtesting.RandomizedRunner$8.evaluate(RandomizedRunner.java:889)
   [junit4]   2&amp;gt; 		at com.carrotsearch.randomizedtesting.rules.SystemPropertiesRestoreRule$1.evaluate(SystemPropertiesRestoreRule.java:53)
   [junit4]   2&amp;gt; 		at org.apache.lucene.util.TestRuleSetupTeardownChained$1.evaluate(TestRuleSetupTeardownChained.java:50)
   [junit4]   2&amp;gt; 		at org.apache.lucene.util.TestRuleFieldCacheSanity$1.evaluate(TestRuleFieldCacheSanity.java:32)
   [junit4]   2&amp;gt; 		at org.apache.lucene.util.AbstractBeforeAfterRule$1.evaluate(AbstractBeforeAfterRule.java:45)
   [junit4]   2&amp;gt; 		at com.carrotsearch.randomizedtesting.rules.SystemPropertiesInvariantRule$1.evaluate(SystemPropertiesInvariantRule.java:55)
   [junit4]   2&amp;gt; 		at org.apache.lucene.util.TestRuleReportUncaughtExceptions$1.evaluate(TestRuleReportUncaughtExceptions.java:68)
   [junit4]   2&amp;gt; 		at org.apache.lucene.util.TestRuleThreadAndTestName$1.evaluate(TestRuleThreadAndTestName.java:48)
   [junit4]   2&amp;gt; 		at org.apache.lucene.util.TestRuleMarkFailure$1.evaluate(TestRuleMarkFailure.java:48)
   [junit4]   2&amp;gt; 		at com.carrotsearch.randomizedtesting.RandomizedRunner.runSingleTest(RandomizedRunner.java:821)
   [junit4]   2&amp;gt; 		at com.carrotsearch.randomizedtesting.RandomizedRunner.access$700(RandomizedRunner.java:132)
   [junit4]   2&amp;gt; 		at com.carrotsearch.randomizedtesting.RandomizedRunner$3$1.run(RandomizedRunner.java:669)
   [junit4]   2&amp;gt; 		at com.carrotsearch.randomizedtesting.RandomizedRunner$3.evaluate(RandomizedRunner.java:695)
   [junit4]   2&amp;gt; 		at com.carrotsearch.randomizedtesting.RandomizedRunner$4.evaluate(RandomizedRunner.java:734)
   [junit4]   2&amp;gt; 		at com.carrotsearch.randomizedtesting.RandomizedRunner$5.evaluate(RandomizedRunner.java:745)
   [junit4]   2&amp;gt; 		at com.carrotsearch.randomizedtesting.rules.SystemPropertiesRestoreRule$1.evaluate(SystemPropertiesRestoreRule.java:53)
   [junit4]   2&amp;gt; 		at org.apache.lucene.util.AbstractBeforeAfterRule$1.evaluate(AbstractBeforeAfterRule.java:45)
   [junit4]   2&amp;gt; 		at org.apache.lucene.util.TestRuleReportUncaughtExceptions$1.evaluate(TestRuleReportUncaughtExceptions.java:68)
   [junit4]   2&amp;gt; 		at org.apache.lucene.util.TestRuleStoreClassName$1.evaluate(TestRuleStoreClassName.java:38)
   [junit4]   2&amp;gt; 		at org.apache.lucene.util.TestRuleIcuHack$1.evaluate(TestRuleIcuHack.java:51)
   [junit4]   2&amp;gt; 		at com.carrotsearch.randomizedtesting.rules.SystemPropertiesInvariantRule$1.evaluate(SystemPropertiesInvariantRule.java:55)
   [junit4]   2&amp;gt; 		at org.apache.lucene.util.TestRuleNoInstanceHooksOverrides$1.evaluate(TestRuleNoInstanceHooksOverrides.java:53)
   [junit4]   2&amp;gt; 		at org.apache.lucene.util.TestRuleNoStaticHooksShadowing$1.evaluate(TestRuleNoStaticHooksShadowing.java:52)
   [junit4]   2&amp;gt; 		at org.apache.lucene.util.TestRuleAssertionsRequired$1.evaluate(TestRuleAssertionsRequired.java:36)
   [junit4]   2&amp;gt; 		at org.apache.lucene.util.TestRuleMarkFailure$1.evaluate(TestRuleMarkFailure.java:48)
   [junit4]   2&amp;gt; 		at org.apache.lucene.util.TestRuleIgnoreTestSuites$1.evaluate(TestRuleIgnoreTestSuites.java:56)
   [junit4]   2&amp;gt; 		at com.carrotsearch.randomizedtesting.RandomizedRunner.runSuite(RandomizedRunner.java:605)
   [junit4]   2&amp;gt; 		at com.carrotsearch.randomizedtesting.RandomizedRunner.access$400(RandomizedRunner.java:132)
   [junit4]   2&amp;gt; 		at com.carrotsearch.randomizedtesting.RandomizedRunner$2.run(RandomizedRunner.java:551)
   [junit4]   2&amp;gt; 	
   [junit4]   2&amp;gt; 142 T580 oasc.SolrException.log SEVERE REQUEST FAILED: q=ac&amp;amp;spellcheck.count=2&amp;amp;qt=/suggest_wfst&amp;amp;spellcheck.onlyMorePopular=true:java.lang.NullPointerException
   [junit4]   2&amp;gt; 		at org.apache.lucene.search.suggest.fst.WFSTCompletionLookup.lookupPrefix(WFSTCompletionLookup.java:193)
   [junit4]   2&amp;gt; 		at org.apache.lucene.search.suggest.fst.WFSTCompletionLookup.lookup(WFSTCompletionLookup.java:155)
   [junit4]   2&amp;gt; 		at org.apache.solr.spelling.suggest.Suggester.getSuggestions(Suggester.java:187)
   [junit4]   2&amp;gt; 		at org.apache.solr.handler.component.SpellCheckComponent.process(SpellCheckComponent.java:150)
   [junit4]   2&amp;gt; 		at org.apache.solr.handler.component.SearchHandler.handleRequestBody(SearchHandler.java:204)
   [junit4]   2&amp;gt; 		at org.apache.solr.handler.RequestHandlerBase.handleRequest(RequestHandlerBase.java:129)
   [junit4]   2&amp;gt; 		at org.apache.solr.core.SolrCore.execute(SolrCore.java:1555)
   [junit4]   2&amp;gt; 		at org.apache.solr.util.TestHarness.query(TestHarness.java:357)
   [junit4]   2&amp;gt; 		at org.apache.solr.util.TestHarness.query(TestHarness.java:340)
   [junit4]   2&amp;gt; 		at org.apache.solr.SolrTestCaseJ4.assertQ(SolrTestCaseJ4.java:428)
   [junit4]   2&amp;gt; 		at org.apache.solr.SolrTestCaseJ4.assertQ(SolrTestCaseJ4.java:421)
   [junit4]   2&amp;gt; 		at org.apache.solr.spelling.suggest.SuggesterTest.testRebuild(SuggesterTest.java:105)
   [junit4]   2&amp;gt; 		at sun.reflect.NativeMethodAccessorImpl.invoke0(Native Method)
   [junit4]   2&amp;gt; 		at sun.reflect.NativeMethodAccessorImpl.invoke(NativeMethodAccessorImpl.java:57)
   [junit4]   2&amp;gt; 		at sun.reflect.DelegatingMethodAccessorImpl.invoke(DelegatingMethodAccessorImpl.java:43)
   [junit4]   2&amp;gt; 		at java.lang.reflect.Method.invoke(Method.java:601)
   [junit4]   2&amp;gt; 		at com.carrotsearch.randomizedtesting.RandomizedRunner.invoke(RandomizedRunner.java:1969)
   [junit4]   2&amp;gt; 		at com.carrotsearch.randomizedtesting.RandomizedRunner.access$1100(RandomizedRunner.java:132)
   [junit4]   2&amp;gt; 		at com.carrotsearch.randomizedtesting.RandomizedRunner$6.evaluate(RandomizedRunner.java:814)
   [junit4]   2&amp;gt; 		at com.carrotsearch.randomizedtesting.RandomizedRunner$7.evaluate(RandomizedRunner.java:875)
   [junit4]   2&amp;gt; 		at com.carrotsearch.randomizedtesting.RandomizedRunner$8.evaluate(RandomizedRunner.java:889)
   [junit4]   2&amp;gt; 		at com.carrotsearch.randomizedtesting.rules.SystemPropertiesRestoreRule$1.evaluate(SystemPropertiesRestoreRule.java:53)
   [junit4]   2&amp;gt; 		at org.apache.lucene.util.TestRuleSetupTeardownChained$1.evaluate(TestRuleSetupTeardownChained.java:50)
   [junit4]   2&amp;gt; 		at org.apache.lucene.util.TestRuleFieldCacheSanity$1.evaluate(TestRuleFieldCacheSanity.java:32)
   [junit4]   2&amp;gt; 		at org.apache.lucene.util.AbstractBeforeAfterRule$1.evaluate(AbstractBeforeAfterRule.java:45)
   [junit4]   2&amp;gt; 		at com.carrotsearch.randomizedtesting.rules.SystemPropertiesInvariantRule$1.evaluate(SystemPropertiesInvariantRule.java:55)
   [junit4]   2&amp;gt; 		at org.apache.lucene.util.TestRuleReportUncaughtExceptions$1.evaluate(TestRuleReportUncaughtExceptions.java:68)
   [junit4]   2&amp;gt; 		at org.apache.lucene.util.TestRuleThreadAndTestName$1.evaluate(TestRuleThreadAndTestName.java:48)
   [junit4]   2&amp;gt; 		at org.apache.lucene.util.TestRuleMarkFailure$1.evaluate(TestRuleMarkFailure.java:48)
   [junit4]   2&amp;gt; 		at com.carrotsearch.randomizedtesting.RandomizedRunner.runSingleTest(RandomizedRunner.java:821)
   [junit4]   2&amp;gt; 		at com.carrotsearch.randomizedtesting.RandomizedRunner.access$700(RandomizedRunner.java:132)
   [junit4]   2&amp;gt; 		at com.carrotsearch.randomizedtesting.RandomizedRunner$3$1.run(RandomizedRunner.java:669)
   [junit4]   2&amp;gt; 		at com.carrotsearch.randomizedtesting.RandomizedRunner$3.evaluate(RandomizedRunner.java:695)
   [junit4]   2&amp;gt; 		at com.carrotsearch.randomizedtesting.RandomizedRunner$4.evaluate(RandomizedRunner.java:734)
   [junit4]   2&amp;gt; 		at com.carrotsearch.randomizedtesting.RandomizedRunner$5.evaluate(RandomizedRunner.java:745)
   [junit4]   2&amp;gt; 		at com.carrotsearch.randomizedtesting.rules.SystemPropertiesRestoreRule$1.evaluate(SystemPropertiesRestoreRule.java:53)
   [junit4]   2&amp;gt; 		at org.apache.lucene.util.AbstractBeforeAfterRule$1.evaluate(AbstractBeforeAfterRule.java:45)
   [junit4]   2&amp;gt; 		at org.apache.lucene.util.TestRuleReportUncaughtExceptions$1.evaluate(TestRuleReportUncaughtExceptions.java:68)
   [junit4]   2&amp;gt; 		at org.apache.lucene.util.TestRuleStoreClassName$1.evaluate(TestRuleStoreClassName.java:38)
   [junit4]   2&amp;gt; 		at org.apache.lucene.util.TestRuleIcuHack$1.evaluate(TestRuleIcuHack.java:51)
   [junit4]   2&amp;gt; 		at com.carrotsearch.randomizedtesting.rules.SystemPropertiesInvariantRule$1.evaluate(SystemPropertiesInvariantRule.java:55)
   [junit4]   2&amp;gt; 		at org.apache.lucene.util.TestRuleNoInstanceHooksOverrides$1.evaluate(TestRuleNoInstanceHooksOverrides.java:53)
   [junit4]   2&amp;gt; 		at org.apache.lucene.util.TestRuleNoStaticHooksShadowing$1.evaluate(TestRuleNoStaticHooksShadowing.java:52)
   [junit4]   2&amp;gt; 		at org.apache.lucene.util.TestRuleAssertionsRequired$1.evaluate(TestRuleAssertionsRequired.java:36)
   [junit4]   2&amp;gt; 		at org.apache.lucene.util.TestRuleMarkFailure$1.evaluate(TestRuleMarkFailure.java:48)
   [junit4]   2&amp;gt; 		at org.apache.lucene.util.TestRuleIgnoreTestSuites$1.evaluate(TestRuleIgnoreTestSuites.java:56)
   [junit4]   2&amp;gt; 		at com.carrotsearch.randomizedtesting.RandomizedRunner.runSuite(RandomizedRunner.java:605)
   [junit4]   2&amp;gt; 		at com.carrotsearch.randomizedtesting.RandomizedRunner.access$400(RandomizedRunner.java:132)
   [junit4]   2&amp;gt; 		at com.carrotsearch.randomizedtesting.RandomizedRunner$2.run(RandomizedRunner.java:551)
   [junit4]   2&amp;gt; 	
   [junit4]   2&amp;gt; NOTE: reproduce with: ant test -Dtestcase=SuggesterWFSTTest -Dtests.method=testRebuild -Dtests.seed=4877EC7806E56AF3 -Dtests.locale=ar_IQ -Dtests.timezone=Asia/Kuwait -Dargs=&quot;-Dfile.encoding=Cp1252&quot;
   [junit4]   2&amp;gt;
   [junit4]    &amp;gt; (@AfterClass output)
   [junit4]   2&amp;gt; NOTE: test params are: codec=Lucene40, sim=RandomSimilarityProvider(queryNorm=false,coord=false): {}, locale=ar_IQ, timezone=Asia/Kuwait
   [junit4]   2&amp;gt; NOTE: Windows 7 6.1 amd64/Oracle Corporation 1.7.0_03 (64-bit)/cpus=8,threads=1,free=176206808,total=260833280
   [junit4]   2&amp;gt; NOTE: All tests run in this JVM: [ZkSolrClientTest, TestBadConfig, PolyFieldTest, TestPortugueseLightStemFilterFactory, TestGermanMinimalStemFilterFactory, TestArbitraryIndexDir, TestRealTimeGet, TestFiltering, SortByFunctionTest, SolrPluginUtilsTest, SpellCheckCollatorTest, TestDefaultSimilarityFactory, TestGreekLowerCaseFilterFactory, SolrIndexConfigTest, SuggesterFSTTest, XsltUpdateRequestHandlerTest, TestCollationField, DistributedSpellCheckComponentTest, PluginInfoTest, TestKStemFilterFactory, DateMathParserTest, TestQueryTypes, TestSlowSynonymFilter, TestNumberUtils, TestKeywordMarkerFilterFactory, TestQuerySenderNoQuery, TestPersianNormalizationFilterFactory, StatsComponentTest, EchoParamsTest, TestChineseFilterFactory, ShowFileRequestHandlerTest, DirectUpdateHandlerOptimizeTest, MultiTermTest, TestRangeQuery, SolrRequestParserTest, TestBM25SimilarityFactory, DOMUtilTest, RAMDirectoryFactoryTest, SearchHandlerTest, SpellingQueryConverterTest, TestIndonesianStemFilterFactory, TestGermanLightStemFilterFactory, TestHashPartitioner, TestTurkishLowerCaseFilterFactory, TestPHPSerializedResponseWriter, TermVectorComponentTest, NodeStateWatcherTest, DoubleMetaphoneFilterFactoryTest, CommonGramsFilterFactoryTest, TestPortugueseMinimalStemFilterFactory, TestFoldingMultitermQuery, TestDistributedSearch, SimpleFacetsTest, LukeRequestHandlerTest, SuggesterWFSTTest]
   [junit4]   2&amp;gt; 
   [junit4] Completed on J1 in 0.78s, 4 tests, 1 error &amp;lt;&amp;lt;&amp;lt; FAILURES!
&lt;/pre&gt;
&lt;/div&gt;&lt;/div&gt;

&lt;p&gt;Also doesn&apos;t reproduce with this seed. I looked in the code but it&apos;s weird &amp;#8211; looks like the index was not created at all (file not found when trying to open suggesters).&lt;/p&gt;</comment>
                            <comment id="13279514" author="thetaphi" created="Sat, 19 May 2012 10:14:15 +0000"  >&lt;p&gt;Hi Dawid,&lt;br/&gt;
it looks like this test is slow on Windows (maybe also Linux) systems with 2 CPU cores. This is why I said some starvation or whatever. For me it reproduces to be slow in lots of cases on 3 different Windows 7 machines (2 Laptops and one VirtualBOX), each with 2 CPUs. I can almost always reproduce it here locally.&lt;/p&gt;

&lt;p&gt;I dont understand the whole test so that is all I can say!&lt;/p&gt;

&lt;p&gt;I will later try to reproduce it in Linux using another VirtualBOX, also with 2 cores!&lt;/p&gt;</comment>
                            <comment id="13279515" author="thetaphi" created="Sat, 19 May 2012 10:15:27 +0000"  >&lt;p&gt;The sugester bugs also happened on the new Jenkins VM.&lt;/p&gt;</comment>
                            <comment id="13279678" author="dweiss" created="Sun, 20 May 2012 06:34:42 +0000"  >&lt;p&gt;Thanks Uwe. I&apos;ll try to dig on a vm in a spare minute to rule out any test framework interference (although I doubt it&apos;s the cause).&lt;/p&gt;</comment>
                    </comments>
                <issuelinks>
                            <issuelinktype id="12310010">
                    <name>Incorporates</name>
                                                                <inwardlinks description="is part of">
                                        <issuelink>
            <issuekey id="12556585">SOLR-3471</issuekey>
        </issuelink>
                            </inwardlinks>
                                    </issuelinktype>
                    </issuelinks>
                <attachments>
                    </attachments>
                <subtasks>
                    </subtasks>
                <customfields>
                                                                            <customfield id="customfield_12310310" key="com.atlassian.jira.toolkit:attachments">
                        <customfieldname>Attachment count</customfieldname>
                        <customfieldvalues>
                            <customfieldvalue>0.0</customfieldvalue>
                        </customfieldvalues>
                    </customfield>
                                                                                                                                                                                                                                                                                                                                                                                                                                                                                                                                                                                                                                                                                                        <customfield id="customfield_12314020" key="com.atlassian.jira.plugins.jira-development-integration-plugin:devsummary">
                        <customfieldname>Development</customfieldname>
                        <customfieldvalues>
                            
                        </customfieldvalues>
                    </customfield>
                                                                                                                        <customfield id="customfield_12313422" key="com.atlassian.jirafisheyeplugin:jobcheckbox">
                        <customfieldname>Enable Automatic Patch Review</customfieldname>
                        <customfieldvalues>
                            <customfieldvalue><![CDATA[false]]></customfieldvalue>

                        </customfieldvalues>
                    </customfield>
                                                                                                                                                                                                                                                                                                                                                                                                                                                                                                                                                                                                                                                <customfield id="customfield_12310420" key="com.pyxis.greenhopper.jira:gh-global-rank">
                        <customfieldname>Global Rank</customfieldname>
                        <customfieldvalues>
                            <customfieldvalue>243513</customfieldvalue>
                        </customfieldvalues>
                    </customfield>
                                                                                                                                                                                                                                        <customfield id="customfield_12312521" key="com.atlassian.jira.toolkit:LastCommentDate">
                        <customfieldname>Last public comment date</customfieldname>
                        <customfieldvalues>
                            13 years, 27 weeks, 2 days ago
                        </customfieldvalues>
                    </customfield>
                                                                                                                                                                                                                                                                                                <customfield id="customfield_12311820" key="com.pyxis.greenhopper.jira:gh-lexo-rank">
                        <customfieldname>Rank</customfieldname>
                        <customfieldvalues>
                            <customfieldvalue>0|i03ejr:</customfieldvalue>

                        </customfieldvalues>
                    </customfield>
                                                                <customfield id="customfield_12310920" key="com.pyxis.greenhopper.jira:gh-global-rank">
                        <customfieldname>Rank (Obsolete)</customfieldname>
                        <customfieldvalues>
                            <customfieldvalue>17790</customfieldvalue>
                        </customfieldvalues>
                    </customfield>
                                                                                                                                                                                                                                                                                                                                                        <customfield id="customfield_12313321" key="com.atlassian.jira.toolkit:message">
                        <customfieldname>Solr Mailing List Info</customfieldname>
                        <customfieldvalues>
                            
                        </customfieldvalues>
                    </customfield>
                                                                                                                                                                                                                                                                                                                                                                                                                                                                                                    </customfields>
    </item>
</channel>
</rss>