diff --git a/surefire-its/src/test/java/org/apache/maven/surefire/its/JUnitPlatformEnginesIT.java b/surefire-its/src/test/java/org/apache/maven/surefire/its/JUnitPlatformEnginesIT.java
index f0cf023bd..fe43aa314 100644
--- a/surefire-its/src/test/java/org/apache/maven/surefire/its/JUnitPlatformEnginesIT.java
+++ b/surefire-its/src/test/java/org/apache/maven/surefire/its/JUnitPlatformEnginesIT.java
@@ -32,13 +32,17 @@
 import java.util.ArrayList;
 import java.util.List;
 
+import static java.nio.charset.StandardCharsets.UTF_8;
 import static org.apache.maven.surefire.its.fixture.HelperAssertions.assumeJavaVersion;
 import static org.apache.maven.surefire.its.fixture.IsRegex.regex;
 import static org.fest.assertions.Assertions.assertThat;
 import static org.fest.util.Collections.set;
 import static org.hamcrest.CoreMatchers.allOf;
+import static org.hamcrest.CoreMatchers.is;
+import static org.hamcrest.CoreMatchers.not;
 import static org.hamcrest.CoreMatchers.startsWith;
 import static org.junit.Assert.assertThat;
+import static org.junit.Assume.assumeThat;
 
 /**
  *
@@ -47,6 +51,11 @@
 @SuppressWarnings( "checkstyle:magicnumber" )
 public class JUnitPlatformEnginesIT extends SurefireJUnit4IntegrationTestCase
 {
+    private static final String XML_TESTSUITE_FRAGMENT =
+            "<testsuite xmlns:xsi=\"http://www.w3.org/2001/XMLSchema-instance\" xsi:noNamespaceSchemaLocation="
+                    + "\"https://maven.apache.org/surefire/maven-surefire-plugin/xsd/surefire-test-report-3.0.xsd\" "
+                    + "version=\"3.0\" name=\"&lt;&lt; ✨ &gt;&gt;\"";
+
     @Parameter
     @SuppressWarnings( "checkstyle:visibilitymodifier" )
     public String platform;
@@ -156,6 +165,92 @@ public void platform() throws VerificationException
                 regex( toRegex( "*junit-platform-launcher-" + platform + ".jar*" ) ) ) );
     }
 
+    @Test
+    public void testJupiterEngine()
+    {
+        unpack( "junit-platform-engine-jupiter", "-" + jupiter )
+                .setTestToRun( "Basic*Test" )
+                .sysProp( "junit5.version", jupiter )
+                .executeTest()
+                .verifyErrorFree( 5 );
+    }
+
+    @Test
+    public void failingBeforeAllMethod()
+    {
+        OutputValidator validator = unpack( "surefire-1688", "-" + jupiter )
+                .setTestToRun( "FailingBeforeAllJupiterTest" )
+                .sysProp( "junit5.version", jupiter )
+                .maven()
+                .withFailure()
+                .executeTest()
+                .verifyTextInLog( "oneTimeSetUp() failed" )
+                .assertTestSuiteResults( 1, 0, 1, 0 );
+
+        validator.getSurefireReportsFile( "jira1688.FailingBeforeAllJupiterTest.txt", UTF_8 )
+                .assertContainsText( "oneTimeSetUp() failed" );
+    }
+
+    @Test
+    public void testJupiterEngineWithDisplayNames()
+    {
+        OutputValidator validator = unpack( "junit-platform-engine-jupiter", "-" + jupiter )
+                .sysProp( "junit5.version", jupiter )
+                .executeTest()
+                .verifyErrorFree( 7 );
+
+        validator.getSurefireReportsFile( "junitplatformenginejupiter.DisplayNameTest.txt", UTF_8 )
+                .assertContainsText( "<< ✨ >>" );
+
+        validator.getSurefireReportsFile( "junitplatformenginejupiter.DisplayNameTest.txt", UTF_8 )
+                .assertContainsText( "Test set: << ✨ >>" );
+
+        validator.getSurefireReportsFile( "junitplatformenginejupiter.DisplayNameTest.txt", UTF_8 )
+                .assertContainsText( " - in << ✨ >>" );
+
+
+        validator.getSurefireReportsFile( "junitplatformenginejupiter.DisplayNameTest-output.txt", UTF_8 )
+                .assertContainsText( "<< ✨ >>" );
+
+        validator.getSurefireReportsFile( "junitplatformenginejupiter.DisplayNameTest-output.txt", UTF_8 )
+                .assertContainsText( "73$71 ✔" );
+
+        validator.getSurefireReportsFile( "junitplatformenginejupiter.DisplayNameTest-output.txt", UTF_8 )
+                .assertContainsText( "73$72 ✔" );
+
+
+        validator.getSurefireReportsFile( "TEST-junitplatformenginejupiter.DisplayNameTest.xml", UTF_8 )
+                .assertContainsText( "testcase name=\"73$71 ✔\" classname=\"&lt;&lt; ✨ &gt;&gt;\"" )
+                .assertContainsText( "testcase name=\"73$72 ✔\" classname=\"&lt;&lt; ✨ &gt;&gt;\"" )
+                .assertContainsText( XML_TESTSUITE_FRAGMENT );
+
+
+        validator.getSurefireReportsFile( "TEST-junitplatformenginejupiter.BasicJupiterTest.xml", UTF_8 )
+                .assertContainsText( "<testcase name=\"test(TestInfo)\" "
+                        + "classname=\"junitplatformenginejupiter.BasicJupiterTest\"" )
+                .assertContainsText( "<testcase name=\"0 + 1 = 1\" "
+                        + "classname=\"junitplatformenginejupiter.BasicJupiterTest\"" )
+                .assertContainsText( "<testcase name=\"1 + 2 = 3\" "
+                        + "classname=\"junitplatformenginejupiter.BasicJupiterTest\"" )
+                .assertContainsText( "<testcase name=\"49 + 51 = 100\" "
+                        + "classname=\"junitplatformenginejupiter.BasicJupiterTest\"" )
+                .assertContainsText( "<testcase name=\"1 + 100 = 101\" "
+                        + "classname=\"junitplatformenginejupiter.BasicJupiterTest\"" );
+    }
+
+    @Test
+    public void testTags()
+    {
+        // [don't & !forced] not supported in 5.0.3 as it seems
+        // PreconditionViolationException: Tag name [don't & !forced] must be syntactically valid
+        assumeThat( jupiter, is( not( "5.0.3" ) ) );
+
+        unpack( "junit-platform-tags", "-" + jupiter )
+                .sysProp( "junit5.version", jupiter )
+                .executeTest()
+                .verifyErrorFree( 2 );
+    }
+
     private static String toRegex( String text )
     {
         return text.replaceAll( "\\.", "\\\\." )
diff --git a/surefire-its/src/test/java/org/apache/maven/surefire/its/JUnitPlatformIT.java b/surefire-its/src/test/java/org/apache/maven/surefire/its/JUnitPlatformIT.java
index 765d1a71a..0c69f0c37 100644
--- a/surefire-its/src/test/java/org/apache/maven/surefire/its/JUnitPlatformIT.java
+++ b/surefire-its/src/test/java/org/apache/maven/surefire/its/JUnitPlatformIT.java
@@ -41,11 +41,6 @@
 public class JUnitPlatformIT
         extends SurefireJUnit4IntegrationTestCase
 {
-    private static final String XML_TESTSUITE_FRAGMENT =
-            "<testsuite xmlns:xsi=\"http://www.w3.org/2001/XMLSchema-instance\" xsi:noNamespaceSchemaLocation="
-                    + "\"https://maven.apache.org/surefire/maven-surefire-plugin/xsd/surefire-test-report-3.0.xsd\" "
-                    + "version=\"3.0\" name=\"&lt;&lt; ✨ &gt;&gt;\"";
-
     @Parameter
     @SuppressWarnings( "checkstyle:visibilitymodifier" )
     public String junit5Version;
@@ -76,65 +71,6 @@ public void setUp()
         assumeJavaVersion( 1.8d );
     }
 
-    @Test
-    public void testJupiterEngine()
-    {
-        unpack( "junit-platform-engine-jupiter", "-" + junit5Version + "-" + jqwikVersion )
-                .setTestToRun( "Basic*Test" )
-                .sysProp( "junit5.version", junit5Version )
-                .sysProp( "jqwik.version", jqwikVersion )
-                .executeTest()
-                .verifyErrorFree( 5 );
-    }
-
-    @Test
-    public void testJupiterEngineWithDisplayNames()
-    {
-        OutputValidator validator = unpack( "junit-platform-engine-jupiter", "-" + junit5Version + "-" + jqwikVersion )
-                .sysProp( "junit5.version", junit5Version )
-                .sysProp( "jqwik.version", jqwikVersion )
-                .executeTest()
-                .verifyErrorFree( 7 );
-
-        validator.getSurefireReportsFile( "junitplatformenginejupiter.DisplayNameTest.txt", UTF_8 )
-                 .assertContainsText( "<< ✨ >>" );
-
-        validator.getSurefireReportsFile( "junitplatformenginejupiter.DisplayNameTest.txt", UTF_8 )
-                .assertContainsText( "Test set: << ✨ >>" );
-
-        validator.getSurefireReportsFile( "junitplatformenginejupiter.DisplayNameTest.txt", UTF_8 )
-                .assertContainsText( " - in << ✨ >>" );
-
-
-        validator.getSurefireReportsFile( "junitplatformenginejupiter.DisplayNameTest-output.txt", UTF_8 )
-                .assertContainsText( "<< ✨ >>" );
-
-        validator.getSurefireReportsFile( "junitplatformenginejupiter.DisplayNameTest-output.txt", UTF_8 )
-                .assertContainsText( "73$71 ✔" );
-
-        validator.getSurefireReportsFile( "junitplatformenginejupiter.DisplayNameTest-output.txt", UTF_8 )
-                .assertContainsText( "73$72 ✔" );
-
-
-        validator.getSurefireReportsFile( "TEST-junitplatformenginejupiter.DisplayNameTest.xml", UTF_8 )
-                .assertContainsText( "testcase name=\"73$71 ✔\" classname=\"&lt;&lt; ✨ &gt;&gt;\"" )
-                .assertContainsText( "testcase name=\"73$72 ✔\" classname=\"&lt;&lt; ✨ &gt;&gt;\"" )
-                .assertContainsText( XML_TESTSUITE_FRAGMENT );
-
-
-        validator.getSurefireReportsFile( "TEST-junitplatformenginejupiter.BasicJupiterTest.xml", UTF_8 )
-                .assertContainsText( "<testcase name=\"test(TestInfo)\" "
-                        + "classname=\"junitplatformenginejupiter.BasicJupiterTest\"" )
-                .assertContainsText( "<testcase name=\"0 + 1 = 1\" "
-                        + "classname=\"junitplatformenginejupiter.BasicJupiterTest\"" )
-                .assertContainsText( "<testcase name=\"1 + 2 = 3\" "
-                        + "classname=\"junitplatformenginejupiter.BasicJupiterTest\"" )
-                .assertContainsText( "<testcase name=\"49 + 51 = 100\" "
-                        + "classname=\"junitplatformenginejupiter.BasicJupiterTest\"" )
-                .assertContainsText( "<testcase name=\"1 + 100 = 101\" "
-                        + "classname=\"junitplatformenginejupiter.BasicJupiterTest\"" );
-    }
-
     @Test
     public void testVintageEngine()
     {
@@ -178,13 +114,4 @@ public void testMultipleEngines()
                 .assertContainsText( "<testcase name=\"add(int, int, int)[4]\" "
                         + "classname=\"junitplatformenginejupiter.BasicJupiterTest\"" );
     }
-
-    @Test
-    public void testTags()
-    {
-        unpack( "junit-platform-tags", "-" + junit5Version + "-" + jqwikVersion )
-                .sysProp( "junit5.version", junit5Version )
-                .executeTest()
-                .verifyErrorFree( 2 );
-    }
 }
diff --git a/surefire-its/src/test/resources/junit-platform-tags/src/test/java/tags/JUnitPlatformWithTagsTest.java b/surefire-its/src/test/resources/junit-platform-tags/src/test/java/tags/JUnitPlatformWithTagsTest.java
index 41d985799..789c9e2fb 100644
--- a/surefire-its/src/test/resources/junit-platform-tags/src/test/java/tags/JUnitPlatformWithTagsTest.java
+++ b/surefire-its/src/test/resources/junit-platform-tags/src/test/java/tags/JUnitPlatformWithTagsTest.java
@@ -38,7 +38,7 @@ void run()
     @Tag("run")
     void dontRun()
     {
-        fail();
+        fail( "unexpected to call" );
     }
 
     @Test
@@ -52,8 +52,6 @@ void doRun()
     @Test
     void tagless()
     {
-        fail();
+        fail( "unexpected to call" );
     }
-
-
 }
diff --git a/surefire-its/src/test/resources/surefire-1688/pom.xml b/surefire-its/src/test/resources/surefire-1688/pom.xml
new file mode 100644
index 000000000..ac7c8f116
--- /dev/null
+++ b/surefire-its/src/test/resources/surefire-1688/pom.xml
@@ -0,0 +1,68 @@
+<?xml version="1.0" encoding="UTF-8"?>
+<!--
+  ~ Licensed to the Apache Software Foundation (ASF) under one
+  ~ or more contributor license agreements.  See the NOTICE file
+  ~ distributed with this work for additional information
+  ~ regarding copyright ownership.  The ASF licenses this file
+  ~ to you under the Apache License, Version 2.0 (the
+  ~ "License"); you may not use this file except in compliance
+  ~ with the License.  You may obtain a copy of the License at
+  ~
+  ~     http://www.apache.org/licenses/LICENSE-2.0
+  ~
+  ~ Unless required by applicable law or agreed to in writing,
+  ~ software distributed under the License is distributed on an
+  ~ "AS IS" BASIS, WITHOUT WARRANTIES OR CONDITIONS OF ANY
+  ~ KIND, either express or implied.  See the License for the
+  ~ specific language governing permissions and limitations
+  ~ under the License.
+  -->
+
+<project xmlns="http://maven.apache.org/POM/4.0.0"
+         xmlns:xsi="http://www.w3.org/2001/XMLSchema-instance"
+         xsi:schemaLocation="http://maven.apache.org/POM/4.0.0 http://maven.apache.org/xsd/maven-4.0.0.xsd">
+    <modelVersion>4.0.0</modelVersion>
+
+    <groupId>org.apache.maven.plugins.surefire</groupId>
+    <artifactId>junit-platform-engine-jupiter</artifactId>
+    <version>1.0</version>
+    <name>Test for JUnit 5: Platform + Jupiter</name>
+
+    <properties>
+        <maven.compiler.source>${java.specification.version}</maven.compiler.source>
+        <maven.compiler.target>${java.specification.version}</maven.compiler.target>
+        <project.reporting.outputEncoding>UTF-8</project.reporting.outputEncoding>
+    </properties>
+
+    <dependencies>
+        <dependency>
+            <groupId>org.junit.jupiter</groupId>
+            <artifactId>junit-jupiter-engine</artifactId>
+            <version>${junit5.version}</version>
+            <scope>test</scope>
+        </dependency>
+        <dependency>
+            <groupId>org.junit.jupiter</groupId>
+            <artifactId>junit-jupiter-params</artifactId>
+            <version>${junit5.version}</version>
+            <scope>test</scope>
+        </dependency>
+    </dependencies>
+
+    <build>
+        <plugins>
+            <plugin>
+                <artifactId>maven-compiler-plugin</artifactId>
+                <version>3.8.1</version>
+                <configuration>
+                    <encoding>UTF-8</encoding>
+                </configuration>
+            </plugin>
+            <plugin>
+                <groupId>org.apache.maven.plugins</groupId>
+                <artifactId>maven-surefire-plugin</artifactId>
+                <version>${surefire.version}</version>
+            </plugin>
+        </plugins>
+    </build>
+</project>
diff --git a/surefire-its/src/test/resources/surefire-1688/src/test/java/jira1688/FailingBeforeAllJupiterTest.java b/surefire-its/src/test/resources/surefire-1688/src/test/java/jira1688/FailingBeforeAllJupiterTest.java
new file mode 100644
index 000000000..2159a5213
--- /dev/null
+++ b/surefire-its/src/test/resources/surefire-1688/src/test/java/jira1688/FailingBeforeAllJupiterTest.java
@@ -0,0 +1,39 @@
+package jira1688;
+
+/*
+ * Licensed to the Apache Software Foundation (ASF) under one
+ * or more contributor license agreements.  See the NOTICE file
+ * distributed with this work for additional information
+ * regarding copyright ownership.  The ASF licenses this file
+ * to you under the Apache License, Version 2.0 (the
+ * "License"); you may not use this file except in compliance
+ * with the License.  You may obtain a copy of the License at
+ *
+ *     http://www.apache.org/licenses/LICENSE-2.0
+ *
+ * Unless required by applicable law or agreed to in writing,
+ * software distributed under the License is distributed on an
+ * "AS IS" BASIS, WITHOUT WARRANTIES OR CONDITIONS OF ANY
+ * KIND, either express or implied.  See the License for the
+ * specific language governing permissions and limitations
+ * under the License.
+ */
+
+import static org.junit.jupiter.api.Assertions.fail;
+
+import org.junit.jupiter.api.BeforeAll;
+import org.junit.jupiter.api.Test;
+
+class FailingBeforeAllJupiterTest
+{
+    @BeforeAll
+    static void oneTimeSetUp()
+    {
+        fail( "oneTimeSetUp() failed" );
+    }
+
+    @Test
+    void test()
+    {
+    }
+}
diff --git a/surefire-providers/surefire-junit-platform/src/main/java/org/apache/maven/surefire/junitplatform/RunListenerAdapter.java b/surefire-providers/surefire-junit-platform/src/main/java/org/apache/maven/surefire/junitplatform/RunListenerAdapter.java
index 5e1e631af..bdcca6b34 100644
--- a/surefire-providers/surefire-junit-platform/src/main/java/org/apache/maven/surefire/junitplatform/RunListenerAdapter.java
+++ b/surefire-providers/surefire-junit-platform/src/main/java/org/apache/maven/surefire/junitplatform/RunListenerAdapter.java
@@ -118,7 +118,8 @@ public void executionFinished( TestIdentifier testIdentifier, TestExecutionResul
                 case FAILED:
                     if ( !isTest )
                     {
-                        runListener.testSetCompleted( createReportEntry( testIdentifier, testExecutionResult,
+                        runListener.testFailed( createReportEntry( testIdentifier, testExecutionResult, elapsed ) );
+                        runListener.testSetCompleted( createReportEntry( testIdentifier, null,
                                 systemProps(), null, elapsed ) );
                     }
                     else if ( testExecutionResult.getThrowable()
diff --git a/surefire-providers/surefire-junit-platform/src/test/java/org/apache/maven/surefire/junitplatform/JUnitPlatformProviderTest.java b/surefire-providers/surefire-junit-platform/src/test/java/org/apache/maven/surefire/junitplatform/JUnitPlatformProviderTest.java
index 16a7343a9..0af28341a 100644
--- a/surefire-providers/surefire-junit-platform/src/test/java/org/apache/maven/surefire/junitplatform/JUnitPlatformProviderTest.java
+++ b/surefire-providers/surefire-junit-platform/src/test/java/org/apache/maven/surefire/junitplatform/JUnitPlatformProviderTest.java
@@ -29,12 +29,14 @@
 import static org.junit.jupiter.api.Assertions.assertNull;
 import static org.junit.jupiter.api.Assertions.assertThrows;
 import static org.junit.jupiter.api.Assertions.assertTrue;
+import static org.junit.jupiter.api.Assertions.fail;
 import static org.junit.jupiter.api.Assumptions.assumeFalse;
 import static org.junit.jupiter.api.Assumptions.assumeTrue;
 import static org.mockito.ArgumentMatchers.any;
 import static org.mockito.ArgumentMatchers.eq;
 import static org.mockito.Mockito.inOrder;
 import static org.mockito.Mockito.mock;
+import static org.mockito.Mockito.never;
 import static org.mockito.Mockito.times;
 import static org.mockito.Mockito.verify;
 import static org.mockito.Mockito.when;
@@ -56,6 +58,7 @@
 import org.apache.maven.surefire.report.ReporterFactory;
 import org.apache.maven.surefire.report.RunListener;
 import org.apache.maven.surefire.report.SimpleReportEntry;
+import org.apache.maven.surefire.report.TestSetReportEntry;
 import org.apache.maven.surefire.testset.TestListResolver;
 import org.apache.maven.surefire.testset.TestRequest;
 import org.apache.maven.surefire.testset.TestSetFailedException;
@@ -64,6 +67,7 @@
 import org.apache.maven.surefire.util.TestsToRun;
 import org.fest.assertions.Assertions;
 import org.junit.Test;
+import org.junit.jupiter.api.BeforeAll;
 import org.junit.jupiter.api.Disabled;
 import org.junit.jupiter.api.DisplayName;
 import org.junit.platform.launcher.Launcher;
@@ -83,6 +87,52 @@
  */
 public class JUnitPlatformProviderTest
 {
+    @Test
+    public void shouldFailClassOnBeforeAll()
+            throws Exception
+    {
+        Launcher launcher = LauncherFactory.create();
+        JUnitPlatformProvider provider = new JUnitPlatformProvider( providerParametersMock(), launcher );
+        RunListener listener = mock( RunListener.class );
+
+        ArgumentCaptor<ReportEntry> testCaptor = ArgumentCaptor.forClass( ReportEntry.class );
+        ArgumentCaptor<TestSetReportEntry> testSetCaptor = ArgumentCaptor.forClass( TestSetReportEntry.class );
+
+        RunListenerAdapter adapter = new RunListenerAdapter( listener );
+        launcher.registerTestExecutionListeners( adapter );
+
+        TestsToRun testsToRun = newTestsToRun( FailingBeforeAllJupiterTest.class );
+        invokeProvider( provider, testsToRun );
+        InOrder inOrder = inOrder( listener );
+        inOrder.verify( listener, times( 1 ) ).testSetStarting( testSetCaptor.capture() );
+        inOrder.verify( listener, never() ).testStarting( any( ReportEntry.class ) );
+        inOrder.verify( listener, times( 1 ) ).testFailed( testCaptor.capture() );
+        inOrder.verify( listener, times( 1 ) ).testSetCompleted( testSetCaptor.capture() );
+
+        assertThat( testSetCaptor.getAllValues() )
+                .hasSize( 2 );
+
+        assertThat( testSetCaptor.getAllValues().get( 0 ).getSourceName() )
+                .isEqualTo( FailingBeforeAllJupiterTest.class.getName() );
+
+        assertThat( testSetCaptor.getAllValues().get( 0 ).getName() )
+                .isNull();
+
+        assertThat( testCaptor.getAllValues() )
+                .hasSize( 1 );
+
+        assertThat( testCaptor.getValue().getSourceName() )
+                .isEqualTo( FailingBeforeAllJupiterTest.class.getName() );
+
+        assertThat( testCaptor.getValue().getName() )
+                .isNull();
+
+        assertThat( testSetCaptor.getAllValues().get( 1 ).getSourceName() )
+                .isEqualTo( FailingBeforeAllJupiterTest.class.getName() );
+
+        assertThat( testSetCaptor.getAllValues().get( 1 ).getName() )
+                .isNull();
+    }
 
     @Test
     public void getSuitesReturnsScannedClasses()
@@ -1034,4 +1084,20 @@ void test1()
         {
         }
     }
+
+    static class FailingBeforeAllJupiterTest
+    {
+
+        @BeforeAll
+        static void oneTimeSetUp()
+        {
+            fail( "oneTimeSetUp() failed" );
+        }
+
+        @org.junit.jupiter.api.Test
+        void test()
+        {
+        }
+
+    }
 }
diff --git a/surefire-providers/surefire-junit-platform/src/test/java/org/apache/maven/surefire/junitplatform/RunListenerAdapterTest.java b/surefire-providers/surefire-junit-platform/src/test/java/org/apache/maven/surefire/junitplatform/RunListenerAdapterTest.java
index 6e9eeeb6c..efafc0345 100644
--- a/surefire-providers/surefire-junit-platform/src/test/java/org/apache/maven/surefire/junitplatform/RunListenerAdapterTest.java
+++ b/surefire-providers/surefire-junit-platform/src/test/java/org/apache/maven/surefire/junitplatform/RunListenerAdapterTest.java
@@ -50,7 +50,6 @@
 import org.apache.maven.surefire.report.RunListener;
 import org.apache.maven.surefire.report.SimpleReportEntry;
 import org.apache.maven.surefire.report.StackTraceWriter;
-import org.apache.maven.surefire.report.TestSetReportEntry;
 import org.junit.Before;
 import org.junit.Test;
 import org.junit.jupiter.api.DisplayName;
@@ -439,13 +438,13 @@ public void notifiedWhenMethodExecutionFailedWithError()
     @Test
     public void notifiedWithCorrectNamesWhenClassExecutionFailed()
     {
-        ArgumentCaptor<TestSetReportEntry> entryCaptor = ArgumentCaptor.forClass( TestSetReportEntry.class );
+        ArgumentCaptor<ReportEntry> entryCaptor = ArgumentCaptor.forClass( ReportEntry.class );
         TestPlan testPlan = TestPlan.from( singletonList( new EngineDescriptor( newId(), "Luke's Plan" ) ) );
         adapter.testPlanExecutionStarted( testPlan );
 
         adapter.executionFinished( identifiersAsParentOnTestPlan( testPlan, newClassDescriptor() ),
                 failed( new AssertionError() ) );
-        verify( listener ).testSetCompleted( entryCaptor.capture() );
+        verify( listener ).testFailed( entryCaptor.capture() );
 
         ReportEntry entry = entryCaptor.getValue();
         assertEquals( MyTestClass.class.getTypeName(), entry.getSourceName() );
