diff --git a/surefire-its/src/test/java/org/apache/maven/surefire/its/JUnitPlatformEnginesIT.java b/surefire-its/src/test/java/org/apache/maven/surefire/its/JUnitPlatformEnginesIT.java
index fe43aa314..505494d92 100644
--- a/surefire-its/src/test/java/org/apache/maven/surefire/its/JUnitPlatformEnginesIT.java
+++ b/surefire-its/src/test/java/org/apache/maven/surefire/its/JUnitPlatformEnginesIT.java
@@ -191,6 +191,118 @@ public void failingBeforeAllMethod()
                 .assertContainsText( "oneTimeSetUp() failed" );
     }
 
+    @Test
+    public void errorInBeforeAllMethod()
+    {
+        OutputValidator validator = unpack( "surefire-1741", "-" + jupiter )
+                .setTestToRun( "ErrorInBeforeAllJupiterTest" )
+                .sysProp( "junit5.version", jupiter )
+                .maven()
+                .withFailure()
+                .executeTest()
+                .verifyTextInLog( "oneTimeSetUp() encountered an error" )
+                .assertTestSuiteResults( 1, 1, 0, 0 );
+
+        validator.getSurefireReportsFile( "jira1741.ErrorInBeforeAllJupiterTest.txt", UTF_8 )
+                .assertContainsText( "oneTimeSetUp() encountered an error" );
+    }
+
+    @Test
+    public void testJupiterEngineWithErrorInParameterizedSource()
+    {
+        OutputValidator validator = unpack( "surefire-1741", "-" + jupiter )
+                .setTestToRun( "ErrorInParameterizedSourceJupiterTest" )
+                .sysProp( "junit5.version", jupiter )
+                .maven()
+                .withFailure()
+                .executeTest()
+                .verifyTextInLog( "args() method source encountered an error" )
+                .assertTestSuiteResults( 1, 1, 0, 0 );
+
+        validator.getSurefireReportsFile( "jira1741.ErrorInParameterizedSourceJupiterTest.txt", UTF_8 )
+                .assertContainsText( "args() method source encountered an error" );
+    }
+
+    @Test
+    public void testJupiterEngineWithFailureInParameterizedSource()
+    {
+        OutputValidator validator = unpack( "surefire-1741", "-" + jupiter )
+                .setTestToRun( "FailureInParameterizedSourceJupiterTest" )
+                .sysProp( "junit5.version", jupiter )
+                .maven()
+                .withFailure()
+                .executeTest()
+                .verifyTextInLog( "args() method source failed" )
+                .assertTestSuiteResults( 1, 0, 1, 0 );
+
+        validator.getSurefireReportsFile( "jira1741.FailureInParameterizedSourceJupiterTest.txt", UTF_8 )
+                .assertContainsText( "args() method source failed" );
+    }
+
+    @Test
+    public void testJupiterEngineWithErrorInTestFactory()
+    {
+        OutputValidator validator = unpack( "surefire-1727", "-" + jupiter )
+                .setTestToRun( "ErrorInTestFactoryJupiterTest" )
+                .sysProp( "junit5.version", jupiter )
+                .maven()
+                .withFailure()
+                .executeTest()
+                .verifyTextInLog( "Encountered error in TestFactory testFactory()" )
+                .assertTestSuiteResults( 1, 1, 0, 0 );
+
+        validator.getSurefireReportsFile( "jira1727.ErrorInTestFactoryJupiterTest.txt", UTF_8 )
+                .assertContainsText( "Encountered error in TestFactory testFactory()" );
+    }
+
+    @Test
+    public void testJupiterEngineWithFailureInTestFactory()
+    {
+        OutputValidator validator = unpack( "surefire-1727", "-" + jupiter )
+                .setTestToRun( "FailureInTestFactoryJupiterTest" )
+                .sysProp( "junit5.version", jupiter )
+                .maven()
+                .withFailure()
+                .executeTest()
+                .verifyTextInLog( "Encountered failure in TestFactory testFactory()" )
+                .assertTestSuiteResults( 1, 0, 1, 0 );
+
+        validator.getSurefireReportsFile( "jira1727.FailureInTestFactoryJupiterTest.txt", UTF_8 )
+                .assertContainsText( "Encountered failure in TestFactory testFactory()" );
+    }
+
+    @Test
+    public void testJupiterEngineWithErrorInTestTemplateProvider()
+    {
+        OutputValidator validator = unpack( "surefire-1727", "-" + jupiter )
+                .setTestToRun( "ErrorInTestTemplateProviderTest" )
+                .sysProp( "junit5.version", jupiter )
+                .maven()
+                .withFailure()
+                .executeTest()
+                .verifyTextInLog( "Encountered error in TestTemplate provideTestTemplateInvocationContexts()" )
+                .assertTestSuiteResults( 1, 1, 0, 0 );
+
+        validator.getSurefireReportsFile( "jira1727.ErrorInTestTemplateProviderTest.txt", UTF_8 )
+                .assertContainsText( "Encountered error in TestTemplate provideTestTemplateInvocationContexts()" );
+    }
+
+    @Test
+    public void testJupiterEngineWithFailureInTestTemplateProvider()
+    {
+        OutputValidator validator = unpack( "surefire-1727", "-" + jupiter )
+                .setTestToRun( "FailureInTestTemplateProviderTest" )
+                .sysProp( "junit5.version", jupiter )
+                .maven()
+                .withFailure()
+                .executeTest()
+                .verifyTextInLog( "Encountered failure in TestTemplate provideTestTemplateInvocationContexts()" )
+                .assertTestSuiteResults( 1, 0, 1, 0 );
+
+        validator.getSurefireReportsFile( "jira1727.FailureInTestTemplateProviderTest.txt", UTF_8 )
+                .assertContainsText( "Encountered failure in TestTemplate provideTestTemplateInvocationContexts()" );
+    }
+
     @Test
     public void testJupiterEngineWithDisplayNames()
     {
diff --git a/surefire-its/src/test/resources/surefire-1727/pom.xml b/surefire-its/src/test/resources/surefire-1727/pom.xml
new file mode 100644
index 000000000..ac7c8f116
--- /dev/null
+++ b/surefire-its/src/test/resources/surefire-1727/pom.xml
@@ -0,0 +1,68 @@
+<?xml version="1.0" encoding="UTF-8"?>
+<!--
+  ~ Licensed to the Apache Software Foundation (ASF) under one
+  ~ or more contributor license agreements.  See the NOTICE file
+  ~ distributed with this work for additional information
+  ~ regarding copyright ownership.  The ASF licenses this file
+  ~ to you under the Apache License, Version 2.0 (the
+  ~ "License"); you may not use this file except in compliance
+  ~ with the License.  You may obtain a copy of the License at
+  ~
+  ~     http://www.apache.org/licenses/LICENSE-2.0
+  ~
+  ~ Unless required by applicable law or agreed to in writing,
+  ~ software distributed under the License is distributed on an
+  ~ "AS IS" BASIS, WITHOUT WARRANTIES OR CONDITIONS OF ANY
+  ~ KIND, either express or implied.  See the License for the
+  ~ specific language governing permissions and limitations
+  ~ under the License.
+  -->
+
+<project xmlns="http://maven.apache.org/POM/4.0.0"
+         xmlns:xsi="http://www.w3.org/2001/XMLSchema-instance"
+         xsi:schemaLocation="http://maven.apache.org/POM/4.0.0 http://maven.apache.org/xsd/maven-4.0.0.xsd">
+    <modelVersion>4.0.0</modelVersion>
+
+    <groupId>org.apache.maven.plugins.surefire</groupId>
+    <artifactId>junit-platform-engine-jupiter</artifactId>
+    <version>1.0</version>
+    <name>Test for JUnit 5: Platform + Jupiter</name>
+
+    <properties>
+        <maven.compiler.source>${java.specification.version}</maven.compiler.source>
+        <maven.compiler.target>${java.specification.version}</maven.compiler.target>
+        <project.reporting.outputEncoding>UTF-8</project.reporting.outputEncoding>
+    </properties>
+
+    <dependencies>
+        <dependency>
+            <groupId>org.junit.jupiter</groupId>
+            <artifactId>junit-jupiter-engine</artifactId>
+            <version>${junit5.version}</version>
+            <scope>test</scope>
+        </dependency>
+        <dependency>
+            <groupId>org.junit.jupiter</groupId>
+            <artifactId>junit-jupiter-params</artifactId>
+            <version>${junit5.version}</version>
+            <scope>test</scope>
+        </dependency>
+    </dependencies>
+
+    <build>
+        <plugins>
+            <plugin>
+                <artifactId>maven-compiler-plugin</artifactId>
+                <version>3.8.1</version>
+                <configuration>
+                    <encoding>UTF-8</encoding>
+                </configuration>
+            </plugin>
+            <plugin>
+                <groupId>org.apache.maven.plugins</groupId>
+                <artifactId>maven-surefire-plugin</artifactId>
+                <version>${surefire.version}</version>
+            </plugin>
+        </plugins>
+    </build>
+</project>
diff --git a/surefire-its/src/test/resources/surefire-1727/src/test/java/jira1727/ErrorInTestFactoryJupiterTest.java b/surefire-its/src/test/resources/surefire-1727/src/test/java/jira1727/ErrorInTestFactoryJupiterTest.java
new file mode 100644
index 000000000..97f5f0de2
--- /dev/null
+++ b/surefire-its/src/test/resources/surefire-1727/src/test/java/jira1727/ErrorInTestFactoryJupiterTest.java
@@ -0,0 +1,33 @@
+package jira1727;
+
+/*
+ * Licensed to the Apache Software Foundation (ASF) under one
+ * or more contributor license agreements.  See the NOTICE file
+ * distributed with this work for additional information
+ * regarding copyright ownership.  The ASF licenses this file
+ * to you under the Apache License, Version 2.0 (the
+ * "License"); you may not use this file except in compliance
+ * with the License.  You may obtain a copy of the License at
+ *
+ *     http://www.apache.org/licenses/LICENSE-2.0
+ *
+ * Unless required by applicable law or agreed to in writing,
+ * software distributed under the License is distributed on an
+ * "AS IS" BASIS, WITHOUT WARRANTIES OR CONDITIONS OF ANY
+ * KIND, either express or implied.  See the License for the
+ * specific language governing permissions and limitations
+ * under the License.
+ */
+
+import org.junit.jupiter.api.DynamicTest;
+import org.junit.jupiter.api.TestFactory;
+
+import java.util.stream.Stream;
+
+class ErrorInTestFactoryJupiterTest
+{
+    @TestFactory
+    Stream<DynamicTest> testFactory() {
+        throw new RuntimeException( "Encountered error in TestFactory testFactory()" );
+    }
+}
diff --git a/surefire-its/src/test/resources/surefire-1727/src/test/java/jira1727/ErrorInTestProvider.java b/surefire-its/src/test/resources/surefire-1727/src/test/java/jira1727/ErrorInTestProvider.java
new file mode 100644
index 000000000..a2134265b
--- /dev/null
+++ b/surefire-its/src/test/resources/surefire-1727/src/test/java/jira1727/ErrorInTestProvider.java
@@ -0,0 +1,41 @@
+package jira1727;
+
+/*
+ * Licensed to the Apache Software Foundation (ASF) under one
+ * or more contributor license agreements.  See the NOTICE file
+ * distributed with this work for additional information
+ * regarding copyright ownership.  The ASF licenses this file
+ * to you under the Apache License, Version 2.0 (the
+ * "License"); you may not use this file except in compliance
+ * with the License.  You may obtain a copy of the License at
+ *
+ *     http://www.apache.org/licenses/LICENSE-2.0
+ *
+ * Unless required by applicable law or agreed to in writing,
+ * software distributed under the License is distributed on an
+ * "AS IS" BASIS, WITHOUT WARRANTIES OR CONDITIONS OF ANY
+ * KIND, either express or implied.  See the License for the
+ * specific language governing permissions and limitations
+ * under the License.
+ */
+
+import org.junit.jupiter.api.extension.ExtensionContext;
+import org.junit.jupiter.api.extension.TestTemplateInvocationContext;
+import org.junit.jupiter.api.extension.TestTemplateInvocationContextProvider;
+
+import java.util.stream.Stream;
+
+class ErrorInTestProvider
+    implements TestTemplateInvocationContextProvider
+{
+    @Override
+    public boolean supportsTestTemplate(ExtensionContext context) {
+        return true;
+    }
+
+    @Override
+    public Stream<TestTemplateInvocationContext> provideTestTemplateInvocationContexts(
+            ExtensionContext context) {
+        throw new RuntimeException( "Encountered error in TestTemplate provideTestTemplateInvocationContexts()" );
+    }
+}
diff --git a/surefire-its/src/test/resources/surefire-1727/src/test/java/jira1727/ErrorInTestTemplateProviderTest.java b/surefire-its/src/test/resources/surefire-1727/src/test/java/jira1727/ErrorInTestTemplateProviderTest.java
new file mode 100644
index 000000000..21dcef1db
--- /dev/null
+++ b/surefire-its/src/test/resources/surefire-1727/src/test/java/jira1727/ErrorInTestTemplateProviderTest.java
@@ -0,0 +1,31 @@
+package jira1727;
+
+/*
+ * Licensed to the Apache Software Foundation (ASF) under one
+ * or more contributor license agreements.  See the NOTICE file
+ * distributed with this work for additional information
+ * regarding copyright ownership.  The ASF licenses this file
+ * to you under the Apache License, Version 2.0 (the
+ * "License"); you may not use this file except in compliance
+ * with the License.  You may obtain a copy of the License at
+ *
+ *     http://www.apache.org/licenses/LICENSE-2.0
+ *
+ * Unless required by applicable law or agreed to in writing,
+ * software distributed under the License is distributed on an
+ * "AS IS" BASIS, WITHOUT WARRANTIES OR CONDITIONS OF ANY
+ * KIND, either express or implied.  See the License for the
+ * specific language governing permissions and limitations
+ * under the License.
+ */
+
+import org.junit.jupiter.api.TestTemplate;
+import org.junit.jupiter.api.extension.ExtendWith;
+
+@ExtendWith(ErrorInTestProvider.class)
+class ErrorInTestTemplateProviderTest
+{
+    @TestTemplate
+    void templatedTest() {
+    }
+}
diff --git a/surefire-its/src/test/resources/surefire-1727/src/test/java/jira1727/FailureInTestFactoryJupiterTest.java b/surefire-its/src/test/resources/surefire-1727/src/test/java/jira1727/FailureInTestFactoryJupiterTest.java
new file mode 100644
index 000000000..bd9c292b7
--- /dev/null
+++ b/surefire-its/src/test/resources/surefire-1727/src/test/java/jira1727/FailureInTestFactoryJupiterTest.java
@@ -0,0 +1,36 @@
+package jira1727;
+
+/*
+ * Licensed to the Apache Software Foundation (ASF) under one
+ * or more contributor license agreements.  See the NOTICE file
+ * distributed with this work for additional information
+ * regarding copyright ownership.  The ASF licenses this file
+ * to you under the Apache License, Version 2.0 (the
+ * "License"); you may not use this file except in compliance
+ * with the License.  You may obtain a copy of the License at
+ *
+ *     http://www.apache.org/licenses/LICENSE-2.0
+ *
+ * Unless required by applicable law or agreed to in writing,
+ * software distributed under the License is distributed on an
+ * "AS IS" BASIS, WITHOUT WARRANTIES OR CONDITIONS OF ANY
+ * KIND, either express or implied.  See the License for the
+ * specific language governing permissions and limitations
+ * under the License.
+ */
+
+import org.junit.jupiter.api.DynamicTest;
+import org.junit.jupiter.api.TestFactory;
+
+import java.util.stream.Stream;
+
+import static org.junit.jupiter.api.Assertions.fail;
+
+class FailureInTestFactoryJupiterTest
+{
+    @TestFactory
+    Stream<DynamicTest> testFactory() {
+        fail( "Encountered failure in TestFactory testFactory()" );
+        return Stream.of();
+    }
+}
diff --git a/surefire-its/src/test/resources/surefire-1727/src/test/java/jira1727/FailureInTestProvider.java b/surefire-its/src/test/resources/surefire-1727/src/test/java/jira1727/FailureInTestProvider.java
new file mode 100644
index 000000000..7a76e9739
--- /dev/null
+++ b/surefire-its/src/test/resources/surefire-1727/src/test/java/jira1727/FailureInTestProvider.java
@@ -0,0 +1,44 @@
+package jira1727;
+
+/*
+ * Licensed to the Apache Software Foundation (ASF) under one
+ * or more contributor license agreements.  See the NOTICE file
+ * distributed with this work for additional information
+ * regarding copyright ownership.  The ASF licenses this file
+ * to you under the Apache License, Version 2.0 (the
+ * "License"); you may not use this file except in compliance
+ * with the License.  You may obtain a copy of the License at
+ *
+ *     http://www.apache.org/licenses/LICENSE-2.0
+ *
+ * Unless required by applicable law or agreed to in writing,
+ * software distributed under the License is distributed on an
+ * "AS IS" BASIS, WITHOUT WARRANTIES OR CONDITIONS OF ANY
+ * KIND, either express or implied.  See the License for the
+ * specific language governing permissions and limitations
+ * under the License.
+ */
+
+import org.junit.jupiter.api.extension.ExtensionContext;
+import org.junit.jupiter.api.extension.TestTemplateInvocationContext;
+import org.junit.jupiter.api.extension.TestTemplateInvocationContextProvider;
+
+import java.util.stream.Stream;
+
+import static org.junit.jupiter.api.Assertions.fail;
+
+class FailureInTestProvider
+    implements TestTemplateInvocationContextProvider
+{
+    @Override
+    public boolean supportsTestTemplate(ExtensionContext context) {
+        return true;
+    }
+
+    @Override
+    public Stream<TestTemplateInvocationContext> provideTestTemplateInvocationContexts(
+            ExtensionContext context) {
+        fail( "Encountered failure in TestTemplate provideTestTemplateInvocationContexts()" );
+        return Stream.of();
+    }
+}
diff --git a/surefire-its/src/test/resources/surefire-1727/src/test/java/jira1727/FailureInTestTemplateProviderTest.java b/surefire-its/src/test/resources/surefire-1727/src/test/java/jira1727/FailureInTestTemplateProviderTest.java
new file mode 100644
index 000000000..5ef3da07a
--- /dev/null
+++ b/surefire-its/src/test/resources/surefire-1727/src/test/java/jira1727/FailureInTestTemplateProviderTest.java
@@ -0,0 +1,31 @@
+package jira1727;
+
+/*
+ * Licensed to the Apache Software Foundation (ASF) under one
+ * or more contributor license agreements.  See the NOTICE file
+ * distributed with this work for additional information
+ * regarding copyright ownership.  The ASF licenses this file
+ * to you under the Apache License, Version 2.0 (the
+ * "License"); you may not use this file except in compliance
+ * with the License.  You may obtain a copy of the License at
+ *
+ *     http://www.apache.org/licenses/LICENSE-2.0
+ *
+ * Unless required by applicable law or agreed to in writing,
+ * software distributed under the License is distributed on an
+ * "AS IS" BASIS, WITHOUT WARRANTIES OR CONDITIONS OF ANY
+ * KIND, either express or implied.  See the License for the
+ * specific language governing permissions and limitations
+ * under the License.
+ */
+
+import org.junit.jupiter.api.TestTemplate;
+import org.junit.jupiter.api.extension.ExtendWith;
+
+@ExtendWith(FailureInTestProvider.class)
+class FailureInTestTemplateProviderTest
+{
+    @TestTemplate
+    void templatedTest() {
+    }
+}
diff --git a/surefire-its/src/test/resources/surefire-1741/pom.xml b/surefire-its/src/test/resources/surefire-1741/pom.xml
new file mode 100644
index 000000000..ac7c8f116
--- /dev/null
+++ b/surefire-its/src/test/resources/surefire-1741/pom.xml
@@ -0,0 +1,68 @@
+<?xml version="1.0" encoding="UTF-8"?>
+<!--
+  ~ Licensed to the Apache Software Foundation (ASF) under one
+  ~ or more contributor license agreements.  See the NOTICE file
+  ~ distributed with this work for additional information
+  ~ regarding copyright ownership.  The ASF licenses this file
+  ~ to you under the Apache License, Version 2.0 (the
+  ~ "License"); you may not use this file except in compliance
+  ~ with the License.  You may obtain a copy of the License at
+  ~
+  ~     http://www.apache.org/licenses/LICENSE-2.0
+  ~
+  ~ Unless required by applicable law or agreed to in writing,
+  ~ software distributed under the License is distributed on an
+  ~ "AS IS" BASIS, WITHOUT WARRANTIES OR CONDITIONS OF ANY
+  ~ KIND, either express or implied.  See the License for the
+  ~ specific language governing permissions and limitations
+  ~ under the License.
+  -->
+
+<project xmlns="http://maven.apache.org/POM/4.0.0"
+         xmlns:xsi="http://www.w3.org/2001/XMLSchema-instance"
+         xsi:schemaLocation="http://maven.apache.org/POM/4.0.0 http://maven.apache.org/xsd/maven-4.0.0.xsd">
+    <modelVersion>4.0.0</modelVersion>
+
+    <groupId>org.apache.maven.plugins.surefire</groupId>
+    <artifactId>junit-platform-engine-jupiter</artifactId>
+    <version>1.0</version>
+    <name>Test for JUnit 5: Platform + Jupiter</name>
+
+    <properties>
+        <maven.compiler.source>${java.specification.version}</maven.compiler.source>
+        <maven.compiler.target>${java.specification.version}</maven.compiler.target>
+        <project.reporting.outputEncoding>UTF-8</project.reporting.outputEncoding>
+    </properties>
+
+    <dependencies>
+        <dependency>
+            <groupId>org.junit.jupiter</groupId>
+            <artifactId>junit-jupiter-engine</artifactId>
+            <version>${junit5.version}</version>
+            <scope>test</scope>
+        </dependency>
+        <dependency>
+            <groupId>org.junit.jupiter</groupId>
+            <artifactId>junit-jupiter-params</artifactId>
+            <version>${junit5.version}</version>
+            <scope>test</scope>
+        </dependency>
+    </dependencies>
+
+    <build>
+        <plugins>
+            <plugin>
+                <artifactId>maven-compiler-plugin</artifactId>
+                <version>3.8.1</version>
+                <configuration>
+                    <encoding>UTF-8</encoding>
+                </configuration>
+            </plugin>
+            <plugin>
+                <groupId>org.apache.maven.plugins</groupId>
+                <artifactId>maven-surefire-plugin</artifactId>
+                <version>${surefire.version}</version>
+            </plugin>
+        </plugins>
+    </build>
+</project>
diff --git a/surefire-its/src/test/resources/surefire-1741/src/test/java/jira1741/ErrorInBeforeAllJupiterTest.java b/surefire-its/src/test/resources/surefire-1741/src/test/java/jira1741/ErrorInBeforeAllJupiterTest.java
new file mode 100644
index 000000000..09e022272
--- /dev/null
+++ b/surefire-its/src/test/resources/surefire-1741/src/test/java/jira1741/ErrorInBeforeAllJupiterTest.java
@@ -0,0 +1,37 @@
+package jira1741;
+
+/*
+ * Licensed to the Apache Software Foundation (ASF) under one
+ * or more contributor license agreements.  See the NOTICE file
+ * distributed with this work for additional information
+ * regarding copyright ownership.  The ASF licenses this file
+ * to you under the Apache License, Version 2.0 (the
+ * "License"); you may not use this file except in compliance
+ * with the License.  You may obtain a copy of the License at
+ *
+ *     http://www.apache.org/licenses/LICENSE-2.0
+ *
+ * Unless required by applicable law or agreed to in writing,
+ * software distributed under the License is distributed on an
+ * "AS IS" BASIS, WITHOUT WARRANTIES OR CONDITIONS OF ANY
+ * KIND, either express or implied.  See the License for the
+ * specific language governing permissions and limitations
+ * under the License.
+ */
+
+import org.junit.jupiter.api.BeforeAll;
+import org.junit.jupiter.api.Test;
+
+class ErrorInBeforeAllJupiterTest
+{
+    @BeforeAll
+    static void oneTimeSetUp()
+    {
+        throw new RuntimeException( "oneTimeSetUp() encountered an error" );
+    }
+
+    @Test
+    void test()
+    {
+    }
+}
diff --git a/surefire-its/src/test/resources/surefire-1741/src/test/java/jira1741/ErrorInParameterizedSourceJupiterTest.java b/surefire-its/src/test/resources/surefire-1741/src/test/java/jira1741/ErrorInParameterizedSourceJupiterTest.java
new file mode 100644
index 000000000..17902e6c9
--- /dev/null
+++ b/surefire-its/src/test/resources/surefire-1741/src/test/java/jira1741/ErrorInParameterizedSourceJupiterTest.java
@@ -0,0 +1,37 @@
+package jira1741;
+
+/*
+ * Licensed to the Apache Software Foundation (ASF) under one
+ * or more contributor license agreements.  See the NOTICE file
+ * distributed with this work for additional information
+ * regarding copyright ownership.  The ASF licenses this file
+ * to you under the Apache License, Version 2.0 (the
+ * "License"); you may not use this file except in compliance
+ * with the License.  You may obtain a copy of the License at
+ *
+ *     http://www.apache.org/licenses/LICENSE-2.0
+ *
+ * Unless required by applicable law or agreed to in writing,
+ * software distributed under the License is distributed on an
+ * "AS IS" BASIS, WITHOUT WARRANTIES OR CONDITIONS OF ANY
+ * KIND, either express or implied.  See the License for the
+ * specific language governing permissions and limitations
+ * under the License.
+ */
+
+import java.util.stream.Stream;
+import org.junit.jupiter.params.ParameterizedTest;
+import org.junit.jupiter.params.provider.MethodSource;
+import org.junit.jupiter.params.provider.Arguments;
+
+class ErrorInParameterizedSourceJupiterTest
+{
+    static Stream<Arguments> args() {
+        throw new RuntimeException( "args() method source encountered an error" );
+    }
+
+    @ParameterizedTest
+    @MethodSource("args")
+    void doTest() {
+    }
+}
diff --git a/surefire-its/src/test/resources/surefire-1741/src/test/java/jira1741/FailureInParameterizedSourceJupiterTest.java b/surefire-its/src/test/resources/surefire-1741/src/test/java/jira1741/FailureInParameterizedSourceJupiterTest.java
new file mode 100644
index 000000000..4232c783c
--- /dev/null
+++ b/surefire-its/src/test/resources/surefire-1741/src/test/java/jira1741/FailureInParameterizedSourceJupiterTest.java
@@ -0,0 +1,40 @@
+package jira1741;
+
+/*
+ * Licensed to the Apache Software Foundation (ASF) under one
+ * or more contributor license agreements.  See the NOTICE file
+ * distributed with this work for additional information
+ * regarding copyright ownership.  The ASF licenses this file
+ * to you under the Apache License, Version 2.0 (the
+ * "License"); you may not use this file except in compliance
+ * with the License.  You may obtain a copy of the License at
+ *
+ *     http://www.apache.org/licenses/LICENSE-2.0
+ *
+ * Unless required by applicable law or agreed to in writing,
+ * software distributed under the License is distributed on an
+ * "AS IS" BASIS, WITHOUT WARRANTIES OR CONDITIONS OF ANY
+ * KIND, either express or implied.  See the License for the
+ * specific language governing permissions and limitations
+ * under the License.
+ */
+
+import java.util.stream.Stream;
+import org.junit.jupiter.params.ParameterizedTest;
+import org.junit.jupiter.params.provider.MethodSource;
+import org.junit.jupiter.params.provider.Arguments;
+
+import static org.junit.jupiter.api.Assertions.fail;
+
+class FailureInParameterizedSourceJupiterTest
+{
+    static Stream<Arguments> args() {
+        fail( "args() method source failed" );
+        return Stream.of();
+    }
+
+    @ParameterizedTest
+    @MethodSource("args")
+    void doTest() {
+    }
+}
diff --git a/surefire-providers/surefire-junit-platform/src/main/java/org/apache/maven/surefire/junitplatform/RunListenerAdapter.java b/surefire-providers/surefire-junit-platform/src/main/java/org/apache/maven/surefire/junitplatform/RunListenerAdapter.java
index f8fd3bc41..870c392a2 100644
--- a/surefire-providers/surefire-junit-platform/src/main/java/org/apache/maven/surefire/junitplatform/RunListenerAdapter.java
+++ b/surefire-providers/surefire-junit-platform/src/main/java/org/apache/maven/surefire/junitplatform/RunListenerAdapter.java
@@ -22,6 +22,7 @@
 import static java.util.Collections.emptyMap;
 import static java.util.stream.Collectors.joining;
 import static org.apache.maven.surefire.util.internal.ObjectUtils.systemProps;
+import static org.junit.platform.engine.TestExecutionResult.Status.FAILED;
 
 import java.util.Map;
 import java.util.Objects;
@@ -97,7 +98,14 @@ public void executionFinished( TestIdentifier testIdentifier, TestExecutionResul
 
         boolean isTest = testIdentifier.isTest();
 
-        if ( isClass || isTest )
+        boolean failed = testExecutionResult.getStatus() == FAILED;
+
+        boolean isAssertionError = testExecutionResult.getThrowable()
+                .filter( AssertionError.class::isInstance ).isPresent();
+
+        boolean isRootContainer = testIdentifier.isContainer() && !testIdentifier.getParentId().isPresent();
+
+        if ( failed || isClass || isTest )
         {
             Integer elapsed = computeElapsedTime( testIdentifier );
             switch ( testExecutionResult.getStatus() )
@@ -115,14 +123,7 @@ public void executionFinished( TestIdentifier testIdentifier, TestExecutionResul
                     }
                     break;
                 case FAILED:
-                    if ( !isTest )
-                    {
-                        runListener.testFailed( createReportEntry( testIdentifier, testExecutionResult, elapsed ) );
-                        runListener.testSetCompleted( createReportEntry( testIdentifier, null,
-                                systemProps(), null, elapsed ) );
-                    }
-                    else if ( testExecutionResult.getThrowable()
-                            .filter( AssertionError.class::isInstance ).isPresent() )
+                    if ( isAssertionError )
                     {
                         runListener.testFailed( createReportEntry( testIdentifier, testExecutionResult, elapsed ) );
                     }
@@ -130,6 +131,11 @@ else if ( testExecutionResult.getThrowable()
                     {
                         runListener.testError( createReportEntry( testIdentifier, testExecutionResult, elapsed ) );
                     }
+                    if ( isClass || isRootContainer )
+                    {
+                        runListener.testSetCompleted( createReportEntry( testIdentifier, null,
+                                systemProps(), null, elapsed ) );
+                    }
                     failures.put( testIdentifier, testExecutionResult );
                     break;
                 default:
@@ -173,8 +179,9 @@ private SimpleReportEntry createReportEntry( TestIdentifier testIdentifier,
         {
             classText = null;
         }
-        String methodName = testIdentifier.isTest() ? classMethodName[2] : null;
-        String methodText = testIdentifier.isTest() ? classMethodName[3] : null;
+        boolean failed = testExecutionResult != null && testExecutionResult.getStatus() == FAILED;
+        String methodName = failed || testIdentifier.isTest() ? classMethodName[2] : null;
+        String methodText = failed || testIdentifier.isTest() ? classMethodName[3] : null;
         if ( Objects.equals( methodName, methodText ) )
         {
             methodText = null;
diff --git a/surefire-providers/surefire-junit-platform/src/test/java/org/apache/maven/surefire/junitplatform/JUnitPlatformProviderTest.java b/surefire-providers/surefire-junit-platform/src/test/java/org/apache/maven/surefire/junitplatform/JUnitPlatformProviderTest.java
index 0ca547849..c3fe7c505 100644
--- a/surefire-providers/surefire-junit-platform/src/test/java/org/apache/maven/surefire/junitplatform/JUnitPlatformProviderTest.java
+++ b/surefire-providers/surefire-junit-platform/src/test/java/org/apache/maven/surefire/junitplatform/JUnitPlatformProviderTest.java
@@ -134,6 +134,53 @@ public void shouldFailClassOnBeforeAll()
                 .isNull();
     }
 
+    @Test
+    public void shouldErrorClassOnBeforeAll()
+            throws Exception
+    {
+        Launcher launcher = LauncherFactory.create();
+        JUnitPlatformProvider provider = new JUnitPlatformProvider( providerParametersMock(), launcher );
+        RunListener listener = mock( RunListener.class );
+
+        ArgumentCaptor<ReportEntry> testCaptor = ArgumentCaptor.forClass( ReportEntry.class );
+        ArgumentCaptor<TestSetReportEntry> testSetCaptor = ArgumentCaptor.forClass( TestSetReportEntry.class );
+
+        RunListenerAdapter adapter = new RunListenerAdapter( listener );
+        launcher.registerTestExecutionListeners( adapter );
+
+        TestsToRun testsToRun = newTestsToRun( FailingWithErrorBeforeAllJupiterTest.class );
+        invokeProvider( provider, testsToRun );
+        InOrder inOrder = inOrder( listener );
+        inOrder.verify( listener, times( 1 ) ).testSetStarting( testSetCaptor.capture() );
+        inOrder.verify( listener, never() ).testStarting( any( ReportEntry.class ) );
+        inOrder.verify( listener, times( 1 ) ).testError( testCaptor.capture() );
+        inOrder.verify( listener, times( 1 ) ).testSetCompleted( testSetCaptor.capture() );
+
+        assertThat( testSetCaptor.getAllValues() )
+                .hasSize( 2 );
+
+        assertThat( testSetCaptor.getAllValues().get( 0 ).getSourceName() )
+                .isEqualTo( FailingWithErrorBeforeAllJupiterTest.class.getName() );
+
+        assertThat( testSetCaptor.getAllValues().get( 0 ).getName() )
+                .isNull();
+
+        assertThat( testCaptor.getAllValues() )
+                .hasSize( 1 );
+
+        assertThat( testCaptor.getValue().getSourceName() )
+                .isEqualTo( FailingWithErrorBeforeAllJupiterTest.class.getName() );
+
+        assertThat( testCaptor.getValue().getName() )
+                .isNull();
+
+        assertThat( testSetCaptor.getAllValues().get( 1 ).getSourceName() )
+                .isEqualTo( FailingWithErrorBeforeAllJupiterTest.class.getName() );
+
+        assertThat( testSetCaptor.getAllValues().get( 1 ).getName() )
+                .isNull();
+    }
+
     @Test
     public void getSuitesReturnsScannedClasses()
     {
@@ -396,6 +443,82 @@ public void runDisplayNameTest() throws Exception
         assertEquals( "73$71 ✔", reportEntries.get( 0 ).getNameText() );
     }
 
+    @Test
+    public void detectErroredParameterized()
+        throws Exception
+    {
+        Launcher launcher = LauncherFactory.create();
+        ProviderParameters parameters = providerParametersMock();
+
+        JUnitPlatformProvider provider = new JUnitPlatformProvider( parameters, launcher );
+
+        TestPlanSummaryListener executionListener = new TestPlanSummaryListener();
+
+        RunListener listener = mock( RunListener.class );
+        ArgumentCaptor<ReportEntry> entryCaptor = ArgumentCaptor.forClass( ReportEntry.class );
+        RunListenerAdapter adapter = new RunListenerAdapter( listener );
+
+        launcher.registerTestExecutionListeners( executionListener, adapter );
+
+        invokeProvider( provider, TestClass8.class );
+
+        assertThat( executionListener.summaries ).hasSize( 1 );
+
+        verify( listener, times( 1 ) ).testSetCompleted( any() );
+        verify( listener, times( 1 ) ).testError( entryCaptor.capture() );
+        List<ReportEntry> reportEntries = entryCaptor.getAllValues();
+
+        assertEquals( TestClass8.class.getName(), reportEntries.get( 0 ).getSourceName() );
+        assertNull( reportEntries.get( 0 ).getSourceText() );
+        assertEquals( "testParameterizedTestCases", reportEntries.get( 0 ).getName() );
+        assertNull( reportEntries.get( 0 ).getNameText() );
+
+        TestExecutionSummary summary = executionListener.summaries.get( 0 );
+        assertEquals( 0, summary.getTestsFoundCount() );
+        assertEquals( 1, summary.getContainersFailedCount() );
+        assertEquals( 0, summary.getTestsStartedCount() );
+        assertEquals( 0, summary.getTestsSucceededCount() );
+        assertEquals( 0, summary.getTestsFailedCount() );
+    }
+
+    @Test
+    public void detectFailedParameterized()
+            throws Exception
+    {
+        Launcher launcher = LauncherFactory.create();
+        ProviderParameters parameters = providerParametersMock();
+
+        JUnitPlatformProvider provider = new JUnitPlatformProvider( parameters, launcher );
+
+        TestPlanSummaryListener executionListener = new TestPlanSummaryListener();
+
+        RunListener listener = mock( RunListener.class );
+        ArgumentCaptor<ReportEntry> entryCaptor = ArgumentCaptor.forClass( ReportEntry.class );
+        RunListenerAdapter adapter = new RunListenerAdapter( listener );
+
+        launcher.registerTestExecutionListeners( executionListener, adapter );
+
+        invokeProvider( provider, TestClass9.class );
+
+        assertThat( executionListener.summaries ).hasSize( 1 );
+
+        verify( listener, times( 1 ) ).testSetCompleted( any() );
+        verify( listener, times( 1 ) ).testFailed( entryCaptor.capture() );
+        List<ReportEntry> reportEntries = entryCaptor.getAllValues();
+
+        assertEquals( TestClass9.class.getName(), reportEntries.get( 0 ).getSourceName() );
+        assertNull( reportEntries.get( 0 ).getSourceText() );
+        assertEquals( "testParameterizedTestCases", reportEntries.get( 0 ).getName() );
+        assertNull( reportEntries.get( 0 ).getNameText() );
+
+        TestExecutionSummary summary = executionListener.summaries.get( 0 );
+        assertEquals( 0, summary.getTestsFoundCount() );
+        assertEquals( 1, summary.getContainersFailedCount() );
+        assertEquals( 0, summary.getTestsStartedCount() );
+        assertEquals( 0, summary.getTestsSucceededCount() );
+        assertEquals( 0, summary.getTestsFailedCount() );
+    }
+
     @Test
     public void rerunParameterized()
             throws Exception
@@ -1116,6 +1239,35 @@ void testParameterizedTestCases( String testName, boolean value )
         }
     }
 
+    static class TestClass8
+    {
+        static List<Object[]> params()
+        {
+            throw new RuntimeException();
+        }
+
+        @org.junit.jupiter.params.ParameterizedTest
+        @org.junit.jupiter.params.provider.MethodSource( "params" )
+        void testParameterizedTestCases()
+        {
+        }
+    }
+
+    static class TestClass9
+    {
+        static List<Object[]> params()
+        {
+            assertTrue( false );
+            return new ArrayList<>();
+        }
+
+        @org.junit.jupiter.params.ParameterizedTest
+        @org.junit.jupiter.params.provider.MethodSource( "params" )
+        void testParameterizedTestCases()
+        {
+        }
+    }
+
     @DisplayName( "<< ✨ >>" )
     static class DisplayNameTest
     {
@@ -1141,4 +1293,20 @@ void test()
         }
 
     }
+
+    static class FailingWithErrorBeforeAllJupiterTest
+    {
+
+        @BeforeAll
+        static void oneTimeSetUp()
+        {
+            throw new RuntimeException( "oneTimeSetUp() threw an exception" );
+        }
+
+        @org.junit.jupiter.api.Test
+        void test()
+        {
+        }
+
+    }
 }
diff --git a/surefire-providers/surefire-junit-platform/src/test/java/org/apache/maven/surefire/junitplatform/RunListenerAdapterTest.java b/surefire-providers/surefire-junit-platform/src/test/java/org/apache/maven/surefire/junitplatform/RunListenerAdapterTest.java
index efafc0345..58893becb 100644
--- a/surefire-providers/surefire-junit-platform/src/test/java/org/apache/maven/surefire/junitplatform/RunListenerAdapterTest.java
+++ b/surefire-providers/surefire-junit-platform/src/test/java/org/apache/maven/surefire/junitplatform/RunListenerAdapterTest.java
@@ -55,6 +55,7 @@
 import org.junit.jupiter.api.DisplayName;
 import org.junit.jupiter.engine.descriptor.ClassTestDescriptor;
 import org.junit.jupiter.engine.descriptor.TestMethodTestDescriptor;
+import org.junit.jupiter.engine.descriptor.TestTemplateTestDescriptor;
 import org.junit.platform.engine.ConfigurationParameters;
 import org.junit.platform.engine.TestDescriptor;
 import org.junit.platform.engine.TestSource;
@@ -419,6 +420,22 @@ public void notifiedWhenClassExecutionAborted()
                 .isEqualTo( stw );
     }
 
+    @Test
+    public void notifiedOfContainerFailureWhenErrored()
+                    throws Exception
+    {
+        adapter.executionFinished( newContainerIdentifier(), failed( new RuntimeException() ) );
+        verify( listener ).testError( any() );
+    }
+
+    @Test
+    public void notifiedOfContainerFailureWhenFailed()
+                    throws Exception
+    {
+        adapter.executionFinished( newContainerIdentifier(), failed( new AssertionError() ) );
+        verify( listener ).testFailed( any() );
+    }
+
     @Test
     public void notifiedWhenMethodExecutionFailed()
                     throws Exception
@@ -455,6 +472,46 @@ public void notifiedWithCorrectNamesWhenClassExecutionFailed()
                 .isInstanceOf( AssertionError.class );
     }
 
+    @Test
+    public void notifiedWithCorrectNamesWhenClassExecutionErrored()
+    {
+        ArgumentCaptor<ReportEntry> entryCaptor = ArgumentCaptor.forClass( ReportEntry.class );
+        TestPlan testPlan = TestPlan.from( singletonList( new EngineDescriptor( newId(), "Luke's Plan" ) ) );
+        adapter.testPlanExecutionStarted( testPlan );
+
+        adapter.executionFinished( identifiersAsParentOnTestPlan( testPlan, newClassDescriptor() ),
+                failed( new RuntimeException() ) );
+        verify( listener ).testError( entryCaptor.capture() );
+
+        ReportEntry entry = entryCaptor.getValue();
+        assertEquals( MyTestClass.class.getTypeName(), entry.getSourceName() );
+        assertNull( entry.getName() );
+        assertNotNull( entry.getStackTraceWriter() );
+        assertNotNull( entry.getStackTraceWriter().getThrowable() );
+        assertThat( entry.getStackTraceWriter().getThrowable().getTarget() )
+                .isInstanceOf( RuntimeException.class );
+    }
+
+    @Test
+    public void notifiedWithCorrectNamesWhenContainerFailed()
+                    throws Exception
+    {
+        ArgumentCaptor<ReportEntry> entryCaptor = ArgumentCaptor.forClass( ReportEntry.class );
+        TestPlan testPlan = TestPlan.from( singletonList( new EngineDescriptor( newId(), "Luke's Plan" ) ) );
+        adapter.testPlanExecutionStarted( testPlan );
+
+        adapter.executionFinished( newContainerIdentifier(), failed( new RuntimeException() ) );
+        verify( listener ).testError( entryCaptor.capture() );
+
+        ReportEntry entry = entryCaptor.getValue();
+        assertEquals( MyTestClass.class.getTypeName(), entry.getSourceName() );
+        assertEquals( MY_TEST_METHOD_NAME, entry.getName() );
+        assertNotNull( entry.getStackTraceWriter() );
+        assertNotNull( entry.getStackTraceWriter().getThrowable() );
+        assertThat( entry.getStackTraceWriter().getThrowable().getTarget() )
+                .isInstanceOf( RuntimeException.class );
+    }
+
     @Test
     public void notifiedWhenMethodExecutionSucceeded()
                     throws Exception
@@ -649,6 +706,15 @@ private static TestIdentifier newSourcelessChildIdentifierWithParent(
         return childId;
     }
 
+    private static TestIdentifier newContainerIdentifier()
+        throws Exception
+    {
+        return TestIdentifier.from(
+                new TestTemplateTestDescriptor( UniqueId.forEngine( "method" ),
+                    MyTestClass.class,
+                    MyTestClass.class.getDeclaredMethod( MY_TEST_METHOD_NAME ) ) );
+    }
+
     private static TestIdentifier newEngineIdentifier()
     {
         TestDescriptor testDescriptor = newEngineDescriptor();
