diff --git a/surefire-its/src/test/java/org/apache/maven/surefire/its/jiras/Surefire2032NestedSkippedIT.java b/surefire-its/src/test/java/org/apache/maven/surefire/its/jiras/Surefire2032NestedSkippedIT.java
new file mode 100644
index 000000000..4d537ad45
--- /dev/null
+++ b/surefire-its/src/test/java/org/apache/maven/surefire/its/jiras/Surefire2032NestedSkippedIT.java
@@ -0,0 +1,78 @@
+package org.apache.maven.surefire.its.jiras;
+
+/*
+ * Licensed to the Apache Software Foundation (ASF) under one
+ * or more contributor license agreements.  See the NOTICE file
+ * distributed with this work for additional information
+ * regarding copyright ownership.  The ASF licenses this file
+ * to you under the Apache License, Version 2.0 (the
+ * "License"); you may not use this file except in compliance
+ * with the License.  You may obtain a copy of the License at
+ *
+ *     http://www.apache.org/licenses/LICENSE-2.0
+ *
+ * Unless required by applicable law or agreed to in writing,
+ * software distributed under the License is distributed on an
+ * "AS IS" BASIS, WITHOUT WARRANTIES OR CONDITIONS OF ANY
+ * KIND, either express or implied.  See the License for the
+ * specific language governing permissions and limitations
+ * under the License.
+ */
+
+import static java.nio.charset.StandardCharsets.UTF_8;
+import static org.assertj.core.api.Assertions.assertThat;
+
+import java.util.Arrays;
+import java.util.List;
+
+import org.apache.maven.surefire.its.fixture.OutputValidator;
+import org.apache.maven.surefire.its.fixture.SurefireJUnit4IntegrationTestCase;
+import org.junit.Test;
+
+/**
+ * Integration Test for SUREFIRE-2032
+ */
+@SuppressWarnings( "checkstyle:magicnumber" )
+public class Surefire2032NestedSkippedIT extends SurefireJUnit4IntegrationTestCase
+{
+    @Test
+    public void testXmlReport()
+    {
+        OutputValidator validator = unpack( "surefire-2032-nested-test-class-skipped" )
+                .executeTest()
+                .assertTestSuiteResults( 4, 0, 0, 2 );
+
+        String redXmlReport = validator
+                .getSurefireReportsFile( "TEST-jira2032.DisabledNestedTest$RedTaggedEnabledTest.xml", UTF_8 )
+                .readFileToString();
+
+        // Enabled nested subclass
+        List<String> redTestCaseResults = Arrays.asList(
+                redXmlReport.substring( redXmlReport.indexOf( "<testcase " ),
+                                        redXmlReport.indexOf( "</testsuite>" ) )
+                        .split( ".(?=<testcase )" ) );
+
+        assertThat( redTestCaseResults ).hasSize( 2 )
+                .filteredOn( testCaseResult -> testCaseResult.contains( "<skipped" ) )
+                .isEmpty();
+
+        // Disabled nested subclass
+        String orangeXmlReport = validator
+                .getSurefireReportsFile( "TEST-jira2032.DisabledNestedTest$OrangeTaggedDisabledTest.xml", UTF_8 )
+                .readFileToString();
+
+        List<String> orangeTestCaseResults = Arrays.asList(
+                orangeXmlReport.substring( orangeXmlReport.indexOf( "<testcase " ),
+                                           orangeXmlReport.indexOf( "</testsuite>" ) )
+                        .split( ".(?=<testcase )" ) );
+
+        assertThat( orangeTestCaseResults )
+                .hasSize( 2 )
+                .filteredOn( testCaseResult -> testCaseResult.contains( "<skipped" ) )
+                .map( testCaseResult -> testCaseResult.substring( 0, testCaseResult.indexOf( "classname" ) ) )
+                .containsExactlyInAnyOrder(
+                        "<testcase name=\"test1\" ",
+                        "<testcase name=\"test2\" " );
+    }
+
+}
diff --git a/surefire-its/src/test/java/org/apache/maven/surefire/its/jiras/Surefire2143ParameterizedSkippedIT.java b/surefire-its/src/test/java/org/apache/maven/surefire/its/jiras/Surefire2143ParameterizedSkippedIT.java
new file mode 100644
index 000000000..9b94eccc7
--- /dev/null
+++ b/surefire-its/src/test/java/org/apache/maven/surefire/its/jiras/Surefire2143ParameterizedSkippedIT.java
@@ -0,0 +1,102 @@
+package org.apache.maven.surefire.its.jiras;
+
+/*
+ * Licensed to the Apache Software Foundation (ASF) under one
+ * or more contributor license agreements.  See the NOTICE file
+ * distributed with this work for additional information
+ * regarding copyright ownership.  The ASF licenses this file
+ * to you under the Apache License, Version 2.0 (the
+ * "License"); you may not use this file except in compliance
+ * with the License.  You may obtain a copy of the License at
+ *
+ *     http://www.apache.org/licenses/LICENSE-2.0
+ *
+ * Unless required by applicable law or agreed to in writing,
+ * software distributed under the License is distributed on an
+ * "AS IS" BASIS, WITHOUT WARRANTIES OR CONDITIONS OF ANY
+ * KIND, either express or implied.  See the License for the
+ * specific language governing permissions and limitations
+ * under the License.
+ */
+
+import static java.nio.charset.StandardCharsets.UTF_8;
+import static org.assertj.core.api.Assertions.assertThat;
+import static org.hamcrest.Matchers.matchesRegex;
+
+import java.util.Arrays;
+import java.util.List;
+
+import org.apache.maven.surefire.its.fixture.OutputValidator;
+import org.apache.maven.surefire.its.fixture.SurefireJUnit4IntegrationTestCase;
+import org.junit.Test;
+
+/**
+ * Integration Test for SUREFIRE-2143
+ */
+@SuppressWarnings( "checkstyle:magicnumber" )
+public class Surefire2143ParameterizedSkippedIT extends SurefireJUnit4IntegrationTestCase
+{
+    @Test
+    public void junit5ParameterizedSkipped()
+    {
+        OutputValidator validator = unpack( "surefire-2143-junit5-parameterized-test-skipped" )
+                .executeTest()
+                .assertTestSuiteResults( 5, 0, 0, 2 );
+
+        String xmlReport = validator
+                .getSurefireReportsFile( "TEST-jira2143.DisabledParameterizedTest.xml", UTF_8 )
+                .readFileToString();
+
+        List<String> testCaseResults = Arrays.asList(
+                xmlReport.substring( xmlReport.indexOf( "<testcase " ),
+                                     xmlReport.indexOf( "</testsuite>" ) )
+                        .split( ".(?=<testcase )" ) );
+
+        assertThat( testCaseResults )
+                .hasSize( 5 )
+                .filteredOn( testCaseResult -> testCaseResult.contains( "<skipped" ) )
+                .map( testCaseResult -> testCaseResult.substring( 0, testCaseResult.indexOf( "classname" ) ) )
+                .containsExactlyInAnyOrder(
+                        "<testcase name=\"disabledParameterized(String)\" ",
+                        "<testcase name=\"disabledNonParameterized\" " );
+
+        validator.getSurefireReportsFile( "TEST-jira2143.DisabledParameterizedTest.xml", UTF_8 )
+                .assertContainsText( "<testcase name=\"disabledParameterized(String)\" "
+                        + "classname=\"jira2143.DisabledParameterizedTest\"" )
+                .assertContainsText( "<testcase name=\"disabledNonParameterized\" "
+                        + "classname=\"jira2143.DisabledParameterizedTest\"" )
+                .assertContainsText( matchesRegex( ".*<skipped [^>]*disabledParameterized.*" ) )
+                .assertContainsText( matchesRegex( ".*<skipped [^>]*disabledNonParameterized.*" ) )
+                .assertContainsText( "<testcase name=\"enabledParameterized(String)[1]\"" )
+                .assertContainsText( "<testcase name=\"enabledParameterized(String)[2]\"" )
+                .assertContainsText( "<testcase name=\"enabledNonParameterized\"" )
+                .assertNotContainsText( matchesRegex( ".*<skipped [^>]*enabledParameterized.*" ) )
+                .assertNotContainsText( matchesRegex( ".*<skipped [^>]*enabledNonParameterized.*" ) );
+    }
+
+    @Test
+    public void junit4ParameterizedSkipped()
+    {
+        OutputValidator validator = unpack( "surefire-2143-junit4-parameterized-test-skipped" )
+                .executeTest()
+                .assertTestSuiteResults( 4, 0, 0, 2 );
+
+        String xmlReport = validator
+                .getSurefireReportsFile( "TEST-jira2143.IgnoredParameterizedTest.xml", UTF_8 )
+                .readFileToString();
+
+        List<String> testCaseResults = Arrays.asList(
+                xmlReport.substring( xmlReport.indexOf( "<testcase " ),
+                                     xmlReport.indexOf( "</testsuite>" ) )
+                        .split( ".(?=<testcase )" ) );
+
+        assertThat( testCaseResults )
+                .hasSize( 4 )
+                .filteredOn( testCaseResult -> testCaseResult.contains( "<skipped" ) )
+                .map( testCaseResult -> testCaseResult.substring( 0, testCaseResult.indexOf( "classname" ) ) )
+                .containsExactlyInAnyOrder(
+                        "<testcase name=\"ignoredParameterized[0]\" ",
+                        "<testcase name=\"ignoredParameterized[1]\" " );
+    }
+
+}
diff --git a/surefire-its/src/test/resources/surefire-2032-nested-test-class-skipped/pom.xml b/surefire-its/src/test/resources/surefire-2032-nested-test-class-skipped/pom.xml
new file mode 100644
index 000000000..101a7aead
--- /dev/null
+++ b/surefire-its/src/test/resources/surefire-2032-nested-test-class-skipped/pom.xml
@@ -0,0 +1,80 @@
+<?xml version="1.0" encoding="UTF-8"?>
+<!--
+  ~ Licensed to the Apache Software Foundation (ASF) under one
+  ~ or more contributor license agreements.  See the NOTICE file
+  ~ distributed with this work for additional information
+  ~ regarding copyright ownership.  The ASF licenses this file
+  ~ to you under the Apache License, Version 2.0 (the
+  ~ "License"); you may not use this file except in compliance
+  ~ with the License.  You may obtain a copy of the License at
+  ~
+  ~     http://www.apache.org/licenses/LICENSE-2.0
+  ~
+  ~ Unless required by applicable law or agreed to in writing,
+  ~ software distributed under the License is distributed on an
+  ~ "AS IS" BASIS, WITHOUT WARRANTIES OR CONDITIONS OF ANY
+  ~ KIND, either express or implied.  See the License for the
+  ~ specific language governing permissions and limitations
+  ~ under the License.
+  -->
+
+<project xmlns="http://maven.apache.org/POM/4.0.0"
+         xmlns:xsi="http://www.w3.org/2001/XMLSchema-instance"
+         xsi:schemaLocation="http://maven.apache.org/POM/4.0.0 http://maven.apache.org/xsd/maven-4.0.0.xsd">
+    <modelVersion>4.0.0</modelVersion>
+
+    <groupId>org.apache.maven.plugins.surefire</groupId>
+    <artifactId>surefire-2032-nested-test-class-skipped</artifactId>
+    <version>1.0</version>
+    <name>Test for: RunListenerAdapter, Nested and Disabled</name>
+
+    <properties>
+        <maven.compiler.source>1.8</maven.compiler.source>
+        <maven.compiler.target>1.8</maven.compiler.target>
+        <project.reporting.outputEncoding>UTF-8</project.reporting.outputEncoding>
+        <junit5.version>5.9.1</junit5.version>
+    </properties>
+
+    <!--
+        Declare "junit-jupiter-engine" dependency because the
+        Jupiter Engine is needed at test runtime. Artifacts
+        needed for test compilation, like "junit-jupiter-api",
+        are pulled-in via transitive dependency resolution.
+    -->
+    <dependencies>
+        <dependency>
+            <groupId>org.junit.jupiter</groupId>
+            <artifactId>junit-jupiter-engine</artifactId>
+            <version>${junit5.version}</version>
+            <scope>test</scope>
+        </dependency>
+        <dependency>
+            <groupId>org.junit.jupiter</groupId>
+            <artifactId>junit-jupiter-params</artifactId>
+            <version>${junit5.version}</version>
+            <scope>test</scope>
+        </dependency>
+    </dependencies>
+
+    <build>
+        <plugins>
+            <plugin>
+                <artifactId>maven-compiler-plugin</artifactId>
+                <version>3.8.0</version>
+                <configuration>
+                    <encoding>UTF-8</encoding>
+                </configuration>
+            </plugin>
+            <plugin>
+                <groupId>org.apache.maven.plugins</groupId>
+                <artifactId>maven-surefire-plugin</artifactId>
+                <version>${surefire.version}</version>
+                <configuration>
+                    <forkCount>1.0C</forkCount>
+                    <redirectTestOutputToFile>true</redirectTestOutputToFile>
+                </configuration>
+            </plugin>
+        </plugins>
+    </build>
+
+</project>
diff --git a/surefire-its/src/test/resources/surefire-2032-nested-test-class-skipped/src/test/java/jira2032/DisabledNestedTest.java b/surefire-its/src/test/resources/surefire-2032-nested-test-class-skipped/src/test/java/jira2032/DisabledNestedTest.java
new file mode 100644
index 000000000..96e90c060
--- /dev/null
+++ b/surefire-its/src/test/resources/surefire-2032-nested-test-class-skipped/src/test/java/jira2032/DisabledNestedTest.java
@@ -0,0 +1,56 @@
+package jira2032;
+
+import org.junit.jupiter.api.Disabled;
+import org.junit.jupiter.api.Nested;
+import org.junit.jupiter.api.Tag;
+import org.junit.jupiter.api.Test;
+import org.junit.jupiter.params.ParameterizedTest;
+import org.junit.jupiter.params.provider.ValueSource;
+
+/*
+ * Licensed to the Apache Software Foundation (ASF) under one
+ * or more contributor license agreements.  See the NOTICE file
+ * distributed with this work for additional information
+ * regarding copyright ownership.  The ASF licenses this file
+ * to you under the Apache License, Version 2.0 (the
+ * "License"); you may not use this file except in compliance
+ * with the License.  You may obtain a copy of the License at
+ *
+ *     http://www.apache.org/licenses/LICENSE-2.0
+ *
+ * Unless required by applicable law or agreed to in writing,
+ * software distributed under the License is distributed on an
+ * "AS IS" BASIS, WITHOUT WARRANTIES OR CONDITIONS OF ANY
+ * KIND, either express or implied.  See the License for the
+ * specific language governing permissions and limitations
+ * under the License.
+ */
+
+class DisabledNestedTest
+{
+    @Tag("red")
+    @Nested
+    public class RedTaggedEnabledTest extends TagTest {
+    }
+
+    @Disabled
+    @Tag("orange")
+    @Nested
+    public class OrangeTaggedDisabledTest extends TagTest {
+    }
+
+    abstract class TagTest {
+
+        @Test
+        public void test1() {
+            // Do Nothing
+        }
+
+        @Test
+        public void test2() {
+            // Do Nothing
+        }
+
+    }
+
+}
diff --git a/surefire-its/src/test/resources/surefire-2143-junit4-parameterized-test-skipped/pom.xml b/surefire-its/src/test/resources/surefire-2143-junit4-parameterized-test-skipped/pom.xml
new file mode 100644
index 000000000..8e9bca85d
--- /dev/null
+++ b/surefire-its/src/test/resources/surefire-2143-junit4-parameterized-test-skipped/pom.xml
@@ -0,0 +1,74 @@
+<?xml version="1.0" encoding="UTF-8"?>
+<!--
+  ~ Licensed to the Apache Software Foundation (ASF) under one
+  ~ or more contributor license agreements.  See the NOTICE file
+  ~ distributed with this work for additional information
+  ~ regarding copyright ownership.  The ASF licenses this file
+  ~ to you under the Apache License, Version 2.0 (the
+  ~ "License"); you may not use this file except in compliance
+  ~ with the License.  You may obtain a copy of the License at
+  ~
+  ~     http://www.apache.org/licenses/LICENSE-2.0
+  ~
+  ~ Unless required by applicable law or agreed to in writing,
+  ~ software distributed under the License is distributed on an
+  ~ "AS IS" BASIS, WITHOUT WARRANTIES OR CONDITIONS OF ANY
+  ~ KIND, either express or implied.  See the License for the
+  ~ specific language governing permissions and limitations
+  ~ under the License.
+  -->
+
+<project xmlns="http://maven.apache.org/POM/4.0.0"
+         xmlns:xsi="http://www.w3.org/2001/XMLSchema-instance"
+         xsi:schemaLocation="http://maven.apache.org/POM/4.0.0 http://maven.apache.org/xsd/maven-4.0.0.xsd">
+    <modelVersion>4.0.0</modelVersion>
+
+    <groupId>org.apache.maven.plugins.surefire</groupId>
+    <artifactId>surefire-2143-parameterized-test-skipped</artifactId>
+    <version>1.0</version>
+    <name>Test for: RunListenerAdapter, Parameterized and Ignore</name>
+
+    <properties>
+        <maven.compiler.source>1.8</maven.compiler.source>
+        <maven.compiler.target>1.8</maven.compiler.target>
+        <project.reporting.outputEncoding>UTF-8</project.reporting.outputEncoding>
+        <junit5.version>5.9.1</junit5.version>
+    </properties>
+
+    <!--
+        Declare "junit-jupiter-engine" dependency because the
+        Jupiter Engine is needed at test runtime. Artifacts
+        needed for test compilation, like "junit-jupiter-api",
+        are pulled-in via transitive dependency resolution.
+    -->
+    <dependencies>
+      <dependency>
+        <groupId>org.junit.vintage</groupId>
+        <artifactId>junit-vintage-engine</artifactId>
+        <version>${junit5.version}</version>
+        <scope>test</scope>
+      </dependency>
+    </dependencies>
+
+    <build>
+        <plugins>
+            <plugin>
+                <artifactId>maven-compiler-plugin</artifactId>
+                <version>3.8.0</version>
+                <configuration>
+                    <encoding>UTF-8</encoding>
+                </configuration>
+            </plugin>
+            <plugin>
+                <groupId>org.apache.maven.plugins</groupId>
+                <artifactId>maven-surefire-plugin</artifactId>
+                <version>${surefire.version}</version>
+                <configuration>
+                    <forkCount>1.0C</forkCount>
+                    <redirectTestOutputToFile>true</redirectTestOutputToFile>
+                </configuration>
+            </plugin>
+        </plugins>
+    </build>
+
+</project>
diff --git a/surefire-its/src/test/resources/surefire-2143-junit4-parameterized-test-skipped/src/test/java/jira2143/IgnoredParameterizedTest.java b/surefire-its/src/test/resources/surefire-2143-junit4-parameterized-test-skipped/src/test/java/jira2143/IgnoredParameterizedTest.java
new file mode 100644
index 000000000..94978ae79
--- /dev/null
+++ b/surefire-its/src/test/resources/surefire-2143-junit4-parameterized-test-skipped/src/test/java/jira2143/IgnoredParameterizedTest.java
@@ -0,0 +1,55 @@
+package jira2143;
+
+import java.util.Arrays;
+import java.util.List;
+
+import org.junit.Ignore;
+import org.junit.Test;
+import org.junit.runner.RunWith;
+import org.junit.runners.Parameterized;
+
+/*
+ * Licensed to the Apache Software Foundation (ASF) under one
+ * or more contributor license agreements.  See the NOTICE file
+ * distributed with this work for additional information
+ * regarding copyright ownership.  The ASF licenses this file
+ * to you under the Apache License, Version 2.0 (the
+ * "License"); you may not use this file except in compliance
+ * with the License.  You may obtain a copy of the License at
+ *
+ *     http://www.apache.org/licenses/LICENSE-2.0
+ *
+ * Unless required by applicable law or agreed to in writing,
+ * software distributed under the License is distributed on an
+ * "AS IS" BASIS, WITHOUT WARRANTIES OR CONDITIONS OF ANY
+ * KIND, either express or implied.  See the License for the
+ * specific language governing permissions and limitations
+ * under the License.
+ */
+
+@RunWith(Parameterized.class)
+public class IgnoredParameterizedTest
+{
+    @Parameterized.Parameters
+    public static List<Integer> parameters() throws Exception
+    {
+        return Arrays.asList( 0, 1 );
+    }
+
+    @Parameterized.Parameter(0)
+    public int expected;
+
+    @Test
+    @Ignore
+    public void ignoredParameterized()
+    {
+        //always successful
+    }
+
+    @Test
+    public void nonIgnoredParameterized()
+    {
+        //always successful
+    }
+
+}
diff --git a/surefire-its/src/test/resources/surefire-2143-junit5-parameterized-test-skipped/pom.xml b/surefire-its/src/test/resources/surefire-2143-junit5-parameterized-test-skipped/pom.xml
new file mode 100644
index 000000000..6d1bc4770
--- /dev/null
+++ b/surefire-its/src/test/resources/surefire-2143-junit5-parameterized-test-skipped/pom.xml
@@ -0,0 +1,80 @@
+<?xml version="1.0" encoding="UTF-8"?>
+<!--
+  ~ Licensed to the Apache Software Foundation (ASF) under one
+  ~ or more contributor license agreements.  See the NOTICE file
+  ~ distributed with this work for additional information
+  ~ regarding copyright ownership.  The ASF licenses this file
+  ~ to you under the Apache License, Version 2.0 (the
+  ~ "License"); you may not use this file except in compliance
+  ~ with the License.  You may obtain a copy of the License at
+  ~
+  ~     http://www.apache.org/licenses/LICENSE-2.0
+  ~
+  ~ Unless required by applicable law or agreed to in writing,
+  ~ software distributed under the License is distributed on an
+  ~ "AS IS" BASIS, WITHOUT WARRANTIES OR CONDITIONS OF ANY
+  ~ KIND, either express or implied.  See the License for the
+  ~ specific language governing permissions and limitations
+  ~ under the License.
+  -->
+
+<project xmlns="http://maven.apache.org/POM/4.0.0"
+         xmlns:xsi="http://www.w3.org/2001/XMLSchema-instance"
+         xsi:schemaLocation="http://maven.apache.org/POM/4.0.0 http://maven.apache.org/xsd/maven-4.0.0.xsd">
+    <modelVersion>4.0.0</modelVersion>
+
+    <groupId>org.apache.maven.plugins.surefire</groupId>
+    <artifactId>surefire-2143-junit4-parameterized-test-skipped</artifactId>
+    <version>1.0</version>
+    <name>Test for: RunListenerAdapter, ParameterizedTest and Disabled</name>
+
+    <properties>
+        <maven.compiler.source>1.8</maven.compiler.source>
+        <maven.compiler.target>1.8</maven.compiler.target>
+        <project.reporting.outputEncoding>UTF-8</project.reporting.outputEncoding>
+        <junit5.version>5.9.1</junit5.version>
+    </properties>
+
+    <!--
+        Declare "junit-jupiter-engine" dependency because the
+        Jupiter Engine is needed at test runtime. Artifacts
+        needed for test compilation, like "junit-jupiter-api",
+        are pulled-in via transitive dependency resolution.
+    -->
+    <dependencies>
+      <dependency>
+        <groupId>org.junit.jupiter</groupId>
+        <artifactId>junit-jupiter-engine</artifactId>
+        <version>${junit5.version}</version>
+        <scope>test</scope>
+      </dependency>
+      <dependency>
+        <groupId>org.junit.jupiter</groupId>
+        <artifactId>junit-jupiter-params</artifactId>
+        <version>${junit5.version}</version>
+        <scope>test</scope>
+      </dependency>
+    </dependencies>
+
+    <build>
+        <plugins>
+            <plugin>
+                <artifactId>maven-compiler-plugin</artifactId>
+                <version>3.8.0</version>
+                <configuration>
+                    <encoding>UTF-8</encoding>
+                </configuration>
+            </plugin>
+            <plugin>
+                <groupId>org.apache.maven.plugins</groupId>
+                <artifactId>maven-surefire-plugin</artifactId>
+                <version>${surefire.version}</version>
+                <configuration>
+                    <forkCount>1.0C</forkCount>
+                    <redirectTestOutputToFile>true</redirectTestOutputToFile>
+                </configuration>
+            </plugin>
+        </plugins>
+    </build>
+
+</project>
diff --git a/surefire-its/src/test/resources/surefire-2143-junit5-parameterized-test-skipped/src/test/java/jira2143/DisabledParameterizedTest.java b/surefire-its/src/test/resources/surefire-2143-junit5-parameterized-test-skipped/src/test/java/jira2143/DisabledParameterizedTest.java
new file mode 100644
index 000000000..455d7b72d
--- /dev/null
+++ b/surefire-its/src/test/resources/surefire-2143-junit5-parameterized-test-skipped/src/test/java/jira2143/DisabledParameterizedTest.java
@@ -0,0 +1,57 @@
+package jira2143;
+
+import org.junit.jupiter.api.Disabled;
+import org.junit.jupiter.api.Test;
+import org.junit.jupiter.params.ParameterizedTest;
+import org.junit.jupiter.params.provider.ValueSource;
+
+/*
+ * Licensed to the Apache Software Foundation (ASF) under one
+ * or more contributor license agreements.  See the NOTICE file
+ * distributed with this work for additional information
+ * regarding copyright ownership.  The ASF licenses this file
+ * to you under the Apache License, Version 2.0 (the
+ * "License"); you may not use this file except in compliance
+ * with the License.  You may obtain a copy of the License at
+ *
+ *     http://www.apache.org/licenses/LICENSE-2.0
+ *
+ * Unless required by applicable law or agreed to in writing,
+ * software distributed under the License is distributed on an
+ * "AS IS" BASIS, WITHOUT WARRANTIES OR CONDITIONS OF ANY
+ * KIND, either express or implied.  See the License for the
+ * specific language governing permissions and limitations
+ * under the License.
+ */
+
+class DisabledParameterizedTest
+{
+    @ParameterizedTest
+    @ValueSource( strings = { "1", "2" } )
+    @Disabled
+    void disabledParameterized(String param)
+    {
+        //always successful
+    }
+
+    @ParameterizedTest
+    @ValueSource( strings = { "1", "2" } )
+    void enabledParameterized(String param)
+    {
+        //always successful
+    }
+
+    @Test
+    @Disabled
+    void disabledNonParameterized()
+    {
+        //always successful
+    }
+
+    @Test
+    void enabledNonParameterized()
+    {
+        //always successful
+    }
+
+}
diff --git a/surefire-providers/surefire-junit-platform/src/main/java/org/apache/maven/surefire/junitplatform/RunListenerAdapter.java b/surefire-providers/surefire-junit-platform/src/main/java/org/apache/maven/surefire/junitplatform/RunListenerAdapter.java
index 3c519d437..cafc934d0 100644
--- a/surefire-providers/surefire-junit-platform/src/main/java/org/apache/maven/surefire/junitplatform/RunListenerAdapter.java
+++ b/surefire-providers/surefire-junit-platform/src/main/java/org/apache/maven/surefire/junitplatform/RunListenerAdapter.java
@@ -212,7 +212,8 @@ public void executionSkipped( TestIdentifier testIdentifier, String reason )
     {
         boolean isClass = testIdentifier.isContainer()
             && testIdentifier.getSource().filter( ClassSource.class::isInstance ).isPresent();
-        boolean isTest = testIdentifier.isTest();
+
+        testStartTime.remove( testIdentifier );
 
         if ( isClass )
         {
@@ -224,9 +225,8 @@ public void executionSkipped( TestIdentifier testIdentifier, String reason )
             }
             runListener.testSetCompleted( report );
         }
-        else if ( isTest )
+        else
         {
-            testStartTime.remove( testIdentifier );
             runListener.testSkipped( createReportEntry( testIdentifier, null, emptyMap(), reason, null ) );
         }
     }
@@ -244,7 +244,7 @@ private SimpleReportEntry createReportEntry( TestIdentifier testIdentifier,
         {
             classText = null;
         }
-        boolean failed = testExecutionResult != null && testExecutionResult.getStatus() == FAILED;
+        boolean failed = testExecutionResult == null || testExecutionResult.getStatus() == FAILED;
         String methodName = failed || testIdentifier.isTest() ? classMethodName[2] : null;
         String methodText = failed || testIdentifier.isTest() ? classMethodName[3] : null;
         if ( Objects.equals( methodName, methodText ) )
diff --git a/surefire-providers/surefire-junit-platform/src/test/java/org/apache/maven/surefire/junitplatform/JUnitPlatformProviderTest.java b/surefire-providers/surefire-junit-platform/src/test/java/org/apache/maven/surefire/junitplatform/JUnitPlatformProviderTest.java
index 9e376cc06..b909b2c43 100644
--- a/surefire-providers/surefire-junit-platform/src/test/java/org/apache/maven/surefire/junitplatform/JUnitPlatformProviderTest.java
+++ b/surefire-providers/surefire-junit-platform/src/test/java/org/apache/maven/surefire/junitplatform/JUnitPlatformProviderTest.java
@@ -487,6 +487,49 @@ public void runNestingTest() throws Exception
         assertNull( reportEntries.get( 1 ).getNameText() );
     }
 
+    @Test
+    public void detectSkippedParameterized() throws Exception
+    {
+        Launcher launcher = LauncherFactory.create();
+        ProviderParameters parameters = providerParametersMock();
+
+        JUnitPlatformProvider provider = new JUnitPlatformProvider( parameters, launcher );
+
+        TestPlanSummaryListener executionListener = new TestPlanSummaryListener();
+
+        TestReportListener<TestOutputReportEntry> listener = mock( TestReportListener.class );
+        ArgumentCaptor<ReportEntry> entryCaptor = ArgumentCaptor.forClass( ReportEntry.class );
+        RunListenerAdapter adapter = new RunListenerAdapter( listener );
+        adapter.setRunMode( NORMAL_RUN );
+
+        launcher.registerTestExecutionListeners( executionListener, adapter );
+
+        invokeProvider( provider, DisabledParameterizedTest.class );
+
+        assertThat( executionListener.summaries ).hasSize( 1 );
+
+        verify( listener, times( 1 ) ).testSetCompleted( any() );
+        verify( listener, times( 1 ) ).testSkipped( entryCaptor.capture() );
+        List<ReportEntry> reportEntries = entryCaptor.getAllValues();
+
+        assertEquals( DisabledParameterizedTest.class.getName(), reportEntries.get( 0 ).getSourceName() );
+        assertNull( reportEntries.get( 0 ).getSourceText() );
+        assertEquals( "disabledParameterized(String)", reportEntries.get( 0 ).getName() );
+        assertNull( reportEntries.get( 0 ).getNameText() );
+
+        TestExecutionSummary summary = executionListener.summaries.get( 0 );
+        assertEquals( 0, summary.getTestsFoundCount() );
+        assertEquals( 0, summary.getTestsStartedCount() );
+        assertEquals( 0, summary.getTestsSucceededCount() );
+        assertEquals( 0, summary.getTestsFailedCount() );
+        assertEquals( 0, summary.getTestsSkippedCount() );
+        assertEquals( 3, summary.getContainersFoundCount() );
+        assertEquals( 2, summary.getContainersStartedCount() );
+        assertEquals( 2, summary.getContainersSucceededCount() );
+        assertEquals( 0, summary.getContainersFailedCount() );
+        assertEquals( 1, summary.getContainersSkippedCount() );
+    }
+
     @Test
     public void detectErroredParameterized()
         throws Exception
@@ -1483,6 +1526,16 @@ void level2test()
         }
     }
 
+    static class DisabledParameterizedTest
+    {
+        @org.junit.jupiter.params.ParameterizedTest
+        @org.junit.jupiter.params.provider.ValueSource( strings = { "1", "2" } )
+        @Disabled
+        void disabledParameterized( String param )
+        {
+        }
+    }
+
     static class FailingBeforeAllJupiterTest
     {
 
