diff --git a/surefire-api/src/main/java/org/apache/maven/surefire/report/PojoStackTraceWriter.java b/surefire-api/src/main/java/org/apache/maven/surefire/report/PojoStackTraceWriter.java
index 6115bace1..58cd5eb4c 100644
--- a/surefire-api/src/main/java/org/apache/maven/surefire/report/PojoStackTraceWriter.java
+++ b/surefire-api/src/main/java/org/apache/maven/surefire/report/PojoStackTraceWriter.java
@@ -61,12 +61,18 @@ public String writeTrimmedTraceToString()
 
         String[] lines = StringUtils.split( text, "\n" );
         int lastLine = lines.length - 1;
+        int causedByLine = -1;
         // skip first
         for ( int i = 1; i < lines.length; i++ )
         {
-            if ( lines[i].trim().startsWith( marker ) )
+            String line = lines[i].trim();
+            if ( line.startsWith( marker ) )
             {
                 lastLine = i;
+            } else if ( line.startsWith( "Caused by" ) ) 
+            {
+                causedByLine = i;
+                break;
             }
         }
 
@@ -77,21 +83,14 @@ public String writeTrimmedTraceToString()
             trace.append( "\n" );
         }
 
-        for ( int i = lastLine; i < lines.length; i++ )
+        if ( causedByLine != -1 )
         {
-            if ( lines[i].trim().startsWith( "Caused by" ) )
+            for ( int i = causedByLine; i < lines.length; i++ )
             {
-                lastLine = i;
-                break;
+                trace.append( lines[i] );
+                trace.append( "\n" );
             }
         }
-
-        for ( int i = lastLine; i < lines.length; i++ )
-        {
-            trace.append( lines[i] );
-            trace.append( "\n" );
-        }
-
         return trace.toString();
     }
 
diff --git a/surefire-api/src/test/java/org/apache/maven/surefire/report/PojoStackTraceWriterTest.java b/surefire-api/src/test/java/org/apache/maven/surefire/report/PojoStackTraceWriterTest.java
new file mode 100644
index 000000000..9458357bb
--- /dev/null
+++ b/surefire-api/src/test/java/org/apache/maven/surefire/report/PojoStackTraceWriterTest.java
@@ -0,0 +1,114 @@
+package org.apache.maven.surefire.report;
+
+import java.io.PrintWriter;
+
+import junit.framework.TestCase;
+
+public class PojoStackTraceWriterTest
+    extends TestCase
+{
+
+    public void testWriteTrimmedTraceToString()
+    {
+        String stackTrace = "junit.framework.AssertionFailedError: blah\n" + 
+        "    at junit.framework.Assert.fail(Assert.java:47)\n" + 
+        "    at TestSurefire3.testQuote(TestSurefire3.java:23)\n" + 
+        "    at sun.reflect.NativeMethodAccessorImpl.invoke0(Native Method)\n" + 
+        "    at sun.reflect.NativeMethodAccessorImpl.invoke(NativeMethodAccessorImpl.java:39)\n" + 
+        "    at sun.reflect.DelegatingMethodAccessorImpl.invoke(DelegatingMethodAccessorImpl.java:25)\n" + 
+        "    at java.lang.reflect.Method.invoke(Method.java:585)\n" + 
+        "    at junit.framework.TestCase.runTest(TestCase.java:154)\n" + 
+        "    at junit.framework.TestCase.runBare(TestCase.java:127)\n" + 
+        "    at junit.framework.TestResult$1.protect(TestResult.java:106)\n" + 
+        "    at junit.framework.TestResult.runProtected(TestResult.java:124)\n" + 
+        "    at junit.framework.TestResult.run(TestResult.java:109)\n" + 
+        "    at junit.framework.TestCase.run(TestCase.java:118)\n" + 
+        "    at junit.framework.TestSuite.runTest(TestSuite.java:208)\n" + 
+        "    at junit.framework.TestSuite.run(TestSuite.java:203)\n" + 
+        "    at sun.reflect.NativeMethodAccessorImpl.invoke0(Native Method)\n" + 
+        "    at sun.reflect.NativeMethodAccessorImpl.invoke(NativeMethodAccessorImpl.java:39)\n" + 
+        "    at sun.reflect.DelegatingMethodAccessorImpl.invoke(DelegatingMethodAccessorImpl.java:25)\n" + 
+        "    at java.lang.reflect.Method.invoke(Method.java:585)\n" + 
+        "    at org.apache.maven.surefire.junit.JUnitTestSet.execute(JUnitTestSet.java:213)\n" + 
+        "    at org.apache.maven.surefire.suite.AbstractDirectoryTestSuite.executeTestSet(AbstractDirectoryTestSuite.java:140)\n" + 
+        "    at org.apache.maven.surefire.suite.AbstractDirectoryTestSuite.execute(AbstractDirectoryTestSuite.java:127)\n" + 
+        "    at org.apache.maven.surefire.Surefire.run(Surefire.java:132)\n" + 
+        "    at sun.reflect.NativeMethodAccessorImpl.invoke0(Native Method)\n" + 
+        "    at sun.reflect.NativeMethodAccessorImpl.invoke(NativeMethodAccessorImpl.java:39)\n" + 
+        "    at sun.reflect.DelegatingMethodAccessorImpl.invoke(DelegatingMethodAccessorImpl.java:25)\n" + 
+        "    at java.lang.reflect.Method.invoke(Method.java:585)\n" + 
+        "    at org.apache.maven.surefire.booter.SurefireBooter.runSuitesInProcess(SurefireBooter.java:318)\n" + 
+        "    at org.apache.maven.surefire.booter.SurefireBooter.main(SurefireBooter.java:956)\n";
+        MockThrowable t = new MockThrowable(stackTrace);
+        PojoStackTraceWriter w = new PojoStackTraceWriter("TestSurefire3", "testQuote", t);
+        String out = w.writeTrimmedTraceToString();
+        String expected = "junit.framework.AssertionFailedError: blah\n" + 
+        		"    at junit.framework.Assert.fail(Assert.java:47)\n" + 
+        		"    at TestSurefire3.testQuote(TestSurefire3.java:23)\n";
+        assertEquals( expected, out );
+    }
+
+    public void testCausedBy() {
+        String stackTrace = "java.lang.RuntimeException: blah\n" + 
+        "    at TestSurefire3.testBlah(TestSurefire3.java:45)\n" + 
+        "    at sun.reflect.NativeMethodAccessorImpl.invoke0(Native Method)\n" + 
+        "    at sun.reflect.NativeMethodAccessorImpl.invoke(NativeMethodAccessorImpl.java:39)\n" + 
+        "    at sun.reflect.DelegatingMethodAccessorImpl.invoke(DelegatingMethodAccessorImpl.java:25)\n" + 
+        "    at java.lang.reflect.Method.invoke(Method.java:585)\n" + 
+        "    at junit.framework.TestCase.runTest(TestCase.java:154)\n" + 
+        "    at junit.framework.TestCase.runBare(TestCase.java:127)\n" + 
+        "    at junit.framework.TestResult$1.protect(TestResult.java:106)\n" + 
+        "    at junit.framework.TestResult.runProtected(TestResult.java:124)\n" + 
+        "    at junit.framework.TestResult.run(TestResult.java:109)\n" + 
+        "    at junit.framework.TestCase.run(TestCase.java:118)\n" + 
+        "    at junit.framework.TestSuite.runTest(TestSuite.java:208)\n" + 
+        "    at junit.framework.TestSuite.run(TestSuite.java:203)\n" + 
+        "    at sun.reflect.NativeMethodAccessorImpl.invoke0(Native Method)\n" + 
+        "    at sun.reflect.NativeMethodAccessorImpl.invoke(NativeMethodAccessorImpl.java:39)\n" + 
+        "    at sun.reflect.DelegatingMethodAccessorImpl.invoke(DelegatingMethodAccessorImpl.java:25)\n" + 
+        "    at java.lang.reflect.Method.invoke(Method.java:585)\n" + 
+        "    at org.apache.maven.surefire.junit.JUnitTestSet.execute(JUnitTestSet.java:213)\n" + 
+        "    at org.apache.maven.surefire.suite.AbstractDirectoryTestSuite.executeTestSet(AbstractDirectoryTestSuite.java:140)\n" + 
+        "    at org.apache.maven.surefire.suite.AbstractDirectoryTestSuite.execute(AbstractDirectoryTestSuite.java:127)\n" + 
+        "    at org.apache.maven.surefire.Surefire.run(Surefire.java:132)\n" + 
+        "    at sun.reflect.NativeMethodAccessorImpl.invoke0(Native Method)\n" + 
+        "    at sun.reflect.NativeMethodAccessorImpl.invoke(NativeMethodAccessorImpl.java:39)\n" + 
+        "    at sun.reflect.DelegatingMethodAccessorImpl.invoke(DelegatingMethodAccessorImpl.java:25)\n" + 
+        "    at java.lang.reflect.Method.invoke(Method.java:585)\n" + 
+        "    at org.apache.maven.surefire.booter.SurefireBooter.runSuitesInProcess(SurefireBooter.java:318)\n" + 
+        "    at org.apache.maven.surefire.booter.SurefireBooter.main(SurefireBooter.java:956)\n" + 
+        "Caused by: junit.framework.AssertionFailedError: \"\n" + 
+        "    at junit.framework.Assert.fail(Assert.java:47)\n" + 
+        "    at TestSurefire3.testQuote(TestSurefire3.java:23)\n" + 
+        "    at TestSurefire3.testBlah(TestSurefire3.java:43)\n" + 
+        "    at TestSurefire3.testBlah(TestSurefire3.java:43)\n" + 
+        "    ... 26 more\n";
+        MockThrowable t = new MockThrowable(stackTrace);
+        PojoStackTraceWriter w = new PojoStackTraceWriter("TestSurefire3", "testBlah", t);
+        String out = w.writeTrimmedTraceToString();
+        String expected = "java.lang.RuntimeException: blah\n" + 
+        "    at TestSurefire3.testBlah(TestSurefire3.java:45)\n" + 
+        "Caused by: junit.framework.AssertionFailedError: \"\n" + 
+        "    at junit.framework.Assert.fail(Assert.java:47)\n" + 
+        "    at TestSurefire3.testQuote(TestSurefire3.java:23)\n" + 
+        "    at TestSurefire3.testBlah(TestSurefire3.java:43)\n" + 
+        "    at TestSurefire3.testBlah(TestSurefire3.java:43)\n" + 
+        "    ... 26 more\n";
+        assertEquals( expected, out );
+    }
+    
+    class MockThrowable extends Throwable {
+        private static final long serialVersionUID = 1L;
+        private String stackTrace;
+        
+        public MockThrowable(String stackTrace) {
+            this.stackTrace = stackTrace;
+        }
+        
+        public void printStackTrace( PrintWriter s )
+        {
+            s.write( stackTrace );
+        }
+    }
+
+}
diff --git a/surefire-providers/surefire-testng/src/main/java/org/apache/maven/surefire/testng/TestNGReporter.java b/surefire-providers/surefire-testng/src/main/java/org/apache/maven/surefire/testng/TestNGReporter.java
index edb4af9e9..6514de1cd 100644
--- a/surefire-providers/surefire-testng/src/main/java/org/apache/maven/surefire/testng/TestNGReporter.java
+++ b/surefire-providers/surefire-testng/src/main/java/org/apache/maven/surefire/testng/TestNGReporter.java
@@ -22,6 +22,7 @@
 import java.util.ResourceBundle;
 
 import org.apache.maven.surefire.Surefire;
+import org.apache.maven.surefire.report.PojoStackTraceWriter;
 import org.apache.maven.surefire.report.ReportEntry;
 import org.apache.maven.surefire.report.ReporterException;
 import org.apache.maven.surefire.report.ReporterManager;
@@ -95,7 +96,8 @@ public void onTestFailure( ITestResult result )
         String rawString = bundle.getString( "executeException" );
 
         ReportEntry report = new ReportEntry( source, getUserFriendlyTestName( result ), rawString,
-                                              new TestNGStackTraceWriter( result ) );
+            new PojoStackTraceWriter( result.getTestClass().getRealClass().getName(),
+            result.getMethod().getMethodName(), result.getThrowable() ) );
 
         reportManager.testFailed( report );
     }
@@ -118,8 +120,10 @@ public void onTestFailedButWithinSuccessPercentage( ITestResult result )
     {
         String rawString = bundle.getString( "executeException" );
 
-        ReportEntry report = new ReportEntry( source, getUserFriendlyTestName( result ), rawString,
-                                              new TestNGStackTraceWriter( result ) );
+        ReportEntry report =
+            new ReportEntry( source, getUserFriendlyTestName( result ), rawString,
+                new PojoStackTraceWriter( result.getTestClass().getRealClass().getName(),
+                result.getMethod().getMethodName(), result.getThrowable() ) );
 
         reportManager.testError( report );
     }
diff --git a/surefire-providers/surefire-testng/src/main/java/org/apache/maven/surefire/testng/TestNGStackTraceWriter.java b/surefire-providers/surefire-testng/src/main/java/org/apache/maven/surefire/testng/TestNGStackTraceWriter.java
deleted file mode 100644
index 0b5ec7f3b..000000000
--- a/surefire-providers/surefire-testng/src/main/java/org/apache/maven/surefire/testng/TestNGStackTraceWriter.java
+++ /dev/null
@@ -1,70 +0,0 @@
-package org.apache.maven.surefire.testng;
-
-/*
- * Licensed to the Apache Software Foundation (ASF) under one
- * or more contributor license agreements.  See the NOTICE file
- * distributed with this work for additional information
- * regarding copyright ownership.  The ASF licenses this file
- * to you under the Apache License, Version 2.0 (the
- * "License"); you may not use this file except in compliance
- * with the License.  You may obtain a copy of the License at
- *
- *     http://www.apache.org/licenses/LICENSE-2.0
- *
- * Unless required by applicable law or agreed to in writing,
- * software distributed under the License is distributed on an
- * "AS IS" BASIS, WITHOUT WARRANTIES OR CONDITIONS OF ANY
- * KIND, either express or implied.  See the License for the
- * specific language governing permissions and limitations
- * under the License.
- */
-
-import org.apache.maven.surefire.report.PojoStackTraceWriter;
-import org.codehaus.plexus.util.StringUtils;
-import org.testng.ITestResult;
-
-/**
- * Write out stack traces for TestNG.
- *
- * @author <a href="mailto:brett@apache.org">Brett Porter</a>
- */
-public class TestNGStackTraceWriter
-    extends PojoStackTraceWriter
-{
-    public TestNGStackTraceWriter( ITestResult result )
-    {
-        super( result.getTestClass().getRealClass().getName(), result.getMethod().getMethodName(),
-               result.getThrowable() );
-    }
-
-    public String writeTrimmedTraceToString()
-    {
-        String text = writeTraceToString();
-
-        String marker = "at " + testClass + "." + testMethod;
-
-        String[] lines = StringUtils.split( text, "\n" );
-        int lastLine = lines.length - 1;
-        // skip first
-        for ( int i = 1; i < lines.length; i++ )
-        {
-            if ( lines[i].trim().startsWith( marker ) )
-            {
-                lastLine = i;
-            }
-        }
-
-        StringBuffer trace = new StringBuffer();
-        for ( int i = 0; i <= lastLine; i++ )
-        {
-            // if you call assertions from JUnit tests in TestNG, it ends up at the top of the trace
-            if ( !lines[i].trim().startsWith( "at junit.framework.Assert" ) )
-            {
-                trace.append( lines[i] );
-                trace.append( "\n" );
-            }
-        }
-
-        return trace.toString();
-    }
-}
