<!-- 
RSS generated by JIRA (8.20.10#820010-sha1:ace47f9899e9ee25d7157d59aa17ab06aee30d3d) at Wed Nov 12 13:37:42 UTC 2025

It is possible to restrict the fields that are returned in this document by specifying the 'field' parameter in your request.
For example, to request only the issue key and summary append 'field=key&field=summary' to the URL of your request.
-->
<rss version="0.92" >
<channel>
    <title>ASF Jira</title>
    <link>https://issues.apache.org/jira</link>
    <description>This file is an XML representation of an issue</description>
    <language>en-uk</language>    <build-info>
        <version>8.20.10</version>
        <build-number>820010</build-number>
        <build-date>22-06-2022</build-date>
    </build-info>


<item>
            <title>[DERBY-2716] lang.CollationTest2 failures on WEME 6.1</title>
                <link>https://issues.apache.org/jira/browse/DERBY-2716</link>
                <project id="10594" key="DERBY">Derby</project>
                    <description>&lt;p&gt;The following failures were seen on J2ME WEME 6.1.&lt;br/&gt;
Mike said he would take a look &lt;/p&gt;

&lt;p&gt;1) testDefaultCollation(org.apache.derbyTesting.functionTests.tests.lang.CollationTest2)java.lang.NumberFormatException: J2ME Foundation Specification v1&lt;br/&gt;
	at java.lang.Integer.parse(Integer.java:348)&lt;br/&gt;
	at java.lang.Integer.parseInt(Integer.java:340)&lt;br/&gt;
	at java.lang.Integer.parseInt(Integer.java:311)&lt;br/&gt;
	at org.apache.derbyTesting.functionTests.tests.lang.CollationTest2.is142JVM(CollationTest2.java:371)&lt;br/&gt;
	at org.apache.derbyTesting.functionTests.tests.lang.CollationTest2.runDERBY_2703(CollationTest2.java:394)&lt;br/&gt;
	at org.apache.derbyTesting.functionTests.tests.lang.CollationTest2.runTestIter(CollationTest2.java:1398)&lt;br/&gt;
	at org.apache.derbyTesting.functionTests.tests.lang.CollationTest2.testDefaultCollation(CollationTest2.java:1424)&lt;br/&gt;
	at java.lang.reflect.AccessibleObject.invokeV(AccessibleObject.java:205)&lt;br/&gt;
	at &amp;lt;unknown class&amp;gt;.&amp;lt;unknown method&amp;gt;(Unknown Source)&lt;br/&gt;
	at org.apache.derbyTesting.junit.BaseTestCase.runBare(BaseTestCase.java:88)&lt;br/&gt;
	at junit.extensions.TestDecorator.basicRun(TestDecorator.java:22)&lt;br/&gt;
	at junit.extensions.TestSetup$1.protect(TestSetup.java:19)&lt;br/&gt;
	at junit.extensions.TestSetup.run(TestSetup.java:23)&lt;br/&gt;
	at junit.extensions.TestDecorator.basicRun(TestDecorator.java:22)&lt;br/&gt;
	at junit.extensions.TestSetup$1.protect(TestSetup.java:19)&lt;br/&gt;
	at junit.extensions.TestSetup.run(TestSetup.java:23)&lt;br/&gt;
	at org.apache.derbyTesting.junit.BaseTestSetup.run(BaseTestSetup.java:57)&lt;br/&gt;
	at junit.extensions.TestDecorator.basicRun(TestDecorator.java:22)&lt;br/&gt;
	at junit.extensions.TestSetup$1.protect(TestSetup.java:19)&lt;br/&gt;
	at junit.extensions.TestSetup.run(TestSetup.java:23)&lt;br/&gt;
	at junit.extensions.TestDecorator.basicRun(TestDecorator.java:22)&lt;br/&gt;
	at junit.extensions.TestSetup$1.protect(TestSetup.java:19)&lt;br/&gt;
	at junit.extensions.TestSetup.run(TestSetup.java:23)&lt;br/&gt;
	at org.apache.derbyTesting.junit.BaseTestSetup.run(BaseTestSetup.java:57)&lt;br/&gt;
	at junit.extensions.TestDecorator.basicRun(TestDecorator.java:22)&lt;br/&gt;
	at junit.extensions.TestSetup$1.protect(TestSetup.java:19)&lt;br/&gt;
	at junit.extensions.TestSetup.run(TestSetup.java:23)&lt;br/&gt;
	at junit.extensions.TestDecorator.basicRun(TestDecorator.java:22)&lt;br/&gt;
	at junit.extensions.TestSetup$1.protect(TestSetup.java:19)&lt;br/&gt;
	at junit.extensions.TestSetup.run(TestSetup.java:23)&lt;br/&gt;
	at org.apache.derbyTesting.junit.BaseTestSetup.run(BaseTestSetup.java:57)&lt;br/&gt;
	at junit.extensions.TestDecorator.basicRun(TestDecorator.java:22)&lt;br/&gt;
	at junit.extensions.TestSetup$1.protect(TestSetup.java:19)&lt;br/&gt;
	at junit.extensions.TestSetup.run(TestSetup.java:23)&lt;br/&gt;
	at junit.extensions.TestDecorator.basicRun(TestDecorator.java:22)&lt;br/&gt;
	at junit.extensions.TestSetup$1.protect(TestSetup.java:19)&lt;br/&gt;
	at junit.extensions.TestSetup.run(TestSetup.java:23)&lt;br/&gt;
	at org.apache.derbyTesting.junit.BaseTestSetup.run(BaseTestSetup.java:57)&lt;br/&gt;
	at junit.extensions.TestDecorator.basicRun(TestDecorator.java:22)&lt;br/&gt;
	at junit.extensions.TestSetup$1.protect(TestSetup.java:19)&lt;br/&gt;
	at junit.extensions.TestSetup.run(TestSetup.java:23)&lt;br/&gt;
	at junit.extensions.TestDecorator.basicRun(TestDecorator.java:22)&lt;br/&gt;
	at junit.extensions.TestSetup$1.protect(TestSetup.java:19)&lt;br/&gt;
	at junit.extensions.TestSetup.run(TestSetup.java:23)&lt;br/&gt;
	at org.apache.derbyTesting.junit.BaseTestSetup.run(BaseTestSetup.java:57)&lt;br/&gt;
	at junit.extensions.TestDecorator.basicRun(TestDecorator.java:22)&lt;br/&gt;
	at junit.extensions.TestSetup$1.protect(TestSetup.java:19)&lt;br/&gt;
	at junit.extensions.TestSetup.run(TestSetup.java:23)&lt;br/&gt;
2) testEnglishCollation(org.apache.derbyTesting.functionTests.tests.lang.CollationTest2)java.lang.NumberFormatException: J2ME Foundation Specification v1&lt;br/&gt;
	at java.lang.Integer.parse(Integer.java:348)&lt;br/&gt;
	at java.lang.Integer.parseInt(Integer.java:340)&lt;br/&gt;
	at java.lang.Integer.parseInt(Integer.java:311)&lt;br/&gt;
	at org.apache.derbyTesting.functionTests.tests.lang.CollationTest2.is142JVM(CollationTest2.java:371)&lt;br/&gt;
	at org.apache.derbyTesting.functionTests.tests.lang.CollationTest2.runDERBY_2703(CollationTest2.java:394)&lt;br/&gt;
	at org.apache.derbyTesting.functionTests.tests.lang.CollationTest2.runTestIter(CollationTest2.java:1398)&lt;br/&gt;
	at org.apache.derbyTesting.functionTests.tests.lang.CollationTest2.testEnglishCollation(CollationTest2.java:1430)&lt;br/&gt;
	at java.lang.reflect.AccessibleObject.invokeV(AccessibleObject.java:205)&lt;br/&gt;
	at &amp;lt;unknown class&amp;gt;.&amp;lt;unknown method&amp;gt;(Unknown Source)&lt;br/&gt;
	at org.apache.derbyTesting.junit.BaseTestCase.runBare(BaseTestCase.java:88)&lt;br/&gt;
	at junit.extensions.TestDecorator.basicRun(TestDecorator.java:22)&lt;br/&gt;
	at junit.extensions.TestSetup$1.protect(TestSetup.java:19)&lt;br/&gt;
	at junit.extensions.TestSetup.run(TestSetup.java:23)&lt;br/&gt;
	at junit.extensions.TestDecorator.basicRun(TestDecorator.java:22)&lt;br/&gt;
	at junit.extensions.TestSetup$1.protect(TestSetup.java:19)&lt;br/&gt;
	at junit.extensions.TestSetup.run(TestSetup.java:23)&lt;br/&gt;
	at org.apache.derbyTesting.junit.BaseTestSetup.run(BaseTestSetup.java:57)&lt;br/&gt;
	at junit.extensions.TestDecorator.basicRun(TestDecorator.java:22)&lt;br/&gt;
	at junit.extensions.TestSetup$1.protect(TestSetup.java:19)&lt;br/&gt;
	at junit.extensions.TestSetup.run(TestSetup.java:23)&lt;br/&gt;
	at junit.extensions.TestDecorator.basicRun(TestDecorator.java:22)&lt;br/&gt;
	at junit.extensions.TestSetup$1.protect(TestSetup.java:19)&lt;br/&gt;
	at junit.extensions.TestSetup.run(TestSetup.java:23)&lt;br/&gt;
	at org.apache.derbyTesting.junit.BaseTestSetup.run(BaseTestSetup.java:57)&lt;br/&gt;
	at junit.extensions.TestDecorator.basicRun(TestDecorator.java:22)&lt;br/&gt;
	at junit.extensions.TestSetup$1.protect(TestSetup.java:19)&lt;br/&gt;
	at junit.extensions.TestSetup.run(TestSetup.java:23)&lt;br/&gt;
	at junit.extensions.TestDecorator.basicRun(TestDecorator.java:22)&lt;br/&gt;
	at junit.extensions.TestSetup$1.protect(TestSetup.java:19)&lt;br/&gt;
	at junit.extensions.TestSetup.run(TestSetup.java:23)&lt;br/&gt;
	at org.apache.derbyTesting.junit.BaseTestSetup.run(BaseTestSetup.java:57)&lt;br/&gt;
	at junit.extensions.TestDecorator.basicRun(TestDecorator.java:22)&lt;br/&gt;
	at junit.extensions.TestSetup$1.protect(TestSetup.java:19)&lt;br/&gt;
	at junit.extensions.TestSetup.run(TestSetup.java:23)&lt;br/&gt;
	at junit.extensions.TestDecorator.basicRun(TestDecorator.java:22)&lt;br/&gt;
	at junit.extensions.TestSetup$1.protect(TestSetup.java:19)&lt;br/&gt;
	at junit.extensions.TestSetup.run(TestSetup.java:23)&lt;br/&gt;
	at org.apache.derbyTesting.junit.BaseTestSetup.run(BaseTestSetup.java:57)&lt;br/&gt;
	at junit.extensions.TestDecorator.basicRun(TestDecorator.java:22)&lt;br/&gt;
	at junit.extensions.TestSetup$1.protect(TestSetup.java:19)&lt;br/&gt;
	at junit.extensions.TestSetup.run(TestSetup.java:23)&lt;br/&gt;
	at junit.extensions.TestDecorator.basicRun(TestDecorator.java:22)&lt;br/&gt;
	at junit.extensions.TestSetup$1.protect(TestSetup.java:19)&lt;br/&gt;
	at junit.extensions.TestSetup.run(TestSetup.java:23)&lt;br/&gt;
	at org.apache.derbyTesting.junit.BaseTestSetup.run(BaseTestSetup.java:57)&lt;br/&gt;
	at junit.extensions.TestDecorator.basicRun(TestDecorator.java:22)&lt;br/&gt;
	at junit.extensions.TestSetup$1.protect(TestSetup.java:19)&lt;br/&gt;
	at junit.extensions.TestSetup.run(TestSetup.java:23)&lt;br/&gt;
3) testPolishCollation(org.apache.derbyTesting.functionTests.tests.lang.CollationTest2)java.lang.NumberFormatException: J2ME Foundation Specification v1&lt;br/&gt;
	at java.lang.Integer.parse(Integer.java:348)&lt;br/&gt;
	at java.lang.Integer.parseInt(Integer.java:340)&lt;br/&gt;
	at java.lang.Integer.parseInt(Integer.java:311)&lt;br/&gt;
	at org.apache.derbyTesting.functionTests.tests.lang.CollationTest2.is142JVM(CollationTest2.java:371)&lt;br/&gt;
	at org.apache.derbyTesting.functionTests.tests.lang.CollationTest2.runDERBY_2703(CollationTest2.java:394)&lt;br/&gt;
	at org.apache.derbyTesting.functionTests.tests.lang.CollationTest2.runTestIter(CollationTest2.java:1398)&lt;br/&gt;
	at org.apache.derbyTesting.functionTests.tests.lang.CollationTest2.testPolishCollation(CollationTest2.java:1436)&lt;br/&gt;
	at java.lang.reflect.AccessibleObject.invokeV(AccessibleObject.java:205)&lt;br/&gt;
	at &amp;lt;unknown class&amp;gt;.&amp;lt;unknown method&amp;gt;(Unknown Source)&lt;br/&gt;
	at org.apache.derbyTesting.junit.BaseTestCase.runBare(BaseTestCase.java:88)&lt;br/&gt;
	at junit.extensions.TestDecorator.basicRun(TestDecorator.java:22)&lt;br/&gt;
	at junit.extensions.TestSetup$1.protect(TestSetup.java:19)&lt;br/&gt;
	at junit.extensions.TestSetup.run(TestSetup.java:23)&lt;br/&gt;
	at junit.extensions.TestDecorator.basicRun(TestDecorator.java:22)&lt;br/&gt;
	at junit.extensions.TestSetup$1.protect(TestSetup.java:19)&lt;br/&gt;
	at junit.extensions.TestSetup.run(TestSetup.java:23)&lt;br/&gt;
	at org.apache.derbyTesting.junit.BaseTestSetup.run(BaseTestSetup.java:57)&lt;br/&gt;
	at junit.extensions.TestDecorator.basicRun(TestDecorator.java:22)&lt;br/&gt;
	at junit.extensions.TestSetup$1.protect(TestSetup.java:19)&lt;br/&gt;
	at junit.extensions.TestSetup.run(TestSetup.java:23)&lt;br/&gt;
	at junit.extensions.TestDecorator.basicRun(TestDecorator.java:22)&lt;br/&gt;
	at junit.extensions.TestSetup$1.protect(TestSetup.java:19)&lt;br/&gt;
	at junit.extensions.TestSetup.run(TestSetup.java:23)&lt;br/&gt;
	at org.apache.derbyTesting.junit.BaseTestSetup.run(BaseTestSetup.java:57)&lt;br/&gt;
	at junit.extensions.TestDecorator.basicRun(TestDecorator.java:22)&lt;br/&gt;
	at junit.extensions.TestSetup$1.protect(TestSetup.java:19)&lt;br/&gt;
	at junit.extensions.TestSetup.run(TestSetup.java:23)&lt;br/&gt;
	at junit.extensions.TestDecorator.basicRun(TestDecorator.java:22)&lt;br/&gt;
	at junit.extensions.TestSetup$1.protect(TestSetup.java:19)&lt;br/&gt;
	at junit.extensions.TestSetup.run(TestSetup.java:23)&lt;br/&gt;
	at org.apache.derbyTesting.junit.BaseTestSetup.run(BaseTestSetup.java:57)&lt;br/&gt;
	at junit.extensions.TestDecorator.basicRun(TestDecorator.java:22)&lt;br/&gt;
	at junit.extensions.TestSetup$1.protect(TestSetup.java:19)&lt;br/&gt;
	at junit.extensions.TestSetup.run(TestSetup.java:23)&lt;br/&gt;
	at junit.extensions.TestDecorator.basicRun(TestDecorator.java:22)&lt;br/&gt;
	at junit.extensions.TestSetup$1.protect(TestSetup.java:19)&lt;br/&gt;
	at junit.extensions.TestSetup.run(TestSetup.java:23)&lt;br/&gt;
	at org.apache.derbyTesting.junit.BaseTestSetup.run(BaseTestSetup.java:57)&lt;br/&gt;
	at junit.extensions.TestDecorator.basicRun(TestDecorator.java:22)&lt;br/&gt;
	at junit.extensions.TestSetup$1.protect(TestSetup.java:19)&lt;br/&gt;
	at junit.extensions.TestSetup.run(TestSetup.java:23)&lt;br/&gt;
	at junit.extensions.TestDecorator.basicRun(TestDecorator.java:22)&lt;br/&gt;
	at junit.extensions.TestSetup$1.protect(TestSetup.java:19)&lt;br/&gt;
	at junit.extensions.TestSetup.run(TestSetup.java:23)&lt;br/&gt;
	at org.apache.derbyTesting.junit.BaseTestSetup.run(BaseTestSetup.java:57)&lt;br/&gt;
	at junit.extensions.TestDecorator.basicRun(TestDecorator.java:22)&lt;br/&gt;
	at junit.extensions.TestSetup$1.protect(TestSetup.java:19)&lt;br/&gt;
	at junit.extensions.TestSetup.run(TestSetup.java:23)&lt;br/&gt;
4) testNorwayCollation(org.apache.derbyTesting.functionTests.tests.lang.CollationTest2)java.lang.NumberFormatException: J2ME Foundation Specification v1&lt;br/&gt;
	at java.lang.Integer.parse(Integer.java:348)&lt;br/&gt;
	at java.lang.Integer.parseInt(Integer.java:340)&lt;br/&gt;
	at java.lang.Integer.parseInt(Integer.java:311)&lt;br/&gt;
	at org.apache.derbyTesting.functionTests.tests.lang.CollationTest2.is142JVM(CollationTest2.java:371)&lt;br/&gt;
	at org.apache.derbyTesting.functionTests.tests.lang.CollationTest2.runDERBY_2703(CollationTest2.java:394)&lt;br/&gt;
	at org.apache.derbyTesting.functionTests.tests.lang.CollationTest2.runTestIter(CollationTest2.java:1398)&lt;br/&gt;
	at org.apache.derbyTesting.functionTests.tests.lang.CollationTest2.testNorwayCollation(CollationTest2.java:1442)&lt;br/&gt;
	at java.lang.reflect.AccessibleObject.invokeV(AccessibleObject.java:205)&lt;br/&gt;
	at &amp;lt;unknown class&amp;gt;.&amp;lt;unknown method&amp;gt;(Unknown Source)&lt;br/&gt;
	at org.apache.derbyTesting.junit.BaseTestCase.runBare(BaseTestCase.java:88)&lt;br/&gt;
	at junit.extensions.TestDecorator.basicRun(TestDecorator.java:22)&lt;br/&gt;
	at junit.extensions.TestSetup$1.protect(TestSetup.java:19)&lt;br/&gt;
	at junit.extensions.TestSetup.run(TestSetup.java:23)&lt;br/&gt;
	at junit.extensions.TestDecorator.basicRun(TestDecorator.java:22)&lt;br/&gt;
	at junit.extensions.TestSetup$1.protect(TestSetup.java:19)&lt;br/&gt;
	at junit.extensions.TestSetup.run(TestSetup.java:23)&lt;br/&gt;
	at org.apache.derbyTesting.junit.BaseTestSetup.run(BaseTestSetup.java:57)&lt;br/&gt;
	at junit.extensions.TestDecorator.basicRun(TestDecorator.java:22)&lt;br/&gt;
	at junit.extensions.TestSetup$1.protect(TestSetup.java:19)&lt;br/&gt;
	at junit.extensions.TestSetup.run(TestSetup.java:23)&lt;br/&gt;
	at junit.extensions.TestDecorator.basicRun(TestDecorator.java:22)&lt;br/&gt;
	at junit.extensions.TestSetup$1.protect(TestSetup.java:19)&lt;br/&gt;
	at junit.extensions.TestSetup.run(TestSetup.java:23)&lt;br/&gt;
	at org.apache.derbyTesting.junit.BaseTestSetup.run(BaseTestSetup.java:57)&lt;br/&gt;
	at junit.extensions.TestDecorator.basicRun(TestDecorator.java:22)&lt;br/&gt;
	at junit.extensions.TestSetup$1.protect(TestSetup.java:19)&lt;br/&gt;
	at junit.extensions.TestSetup.run(TestSetup.java:23)&lt;br/&gt;
	at junit.extensions.TestDecorator.basicRun(TestDecorator.java:22)&lt;br/&gt;
	at junit.extensions.TestSetup$1.protect(TestSetup.java:19)&lt;br/&gt;
	at junit.extensions.TestSetup.run(TestSetup.java:23)&lt;br/&gt;
	at org.apache.derbyTesting.junit.BaseTestSetup.run(BaseTestSetup.java:57)&lt;br/&gt;
	at junit.extensions.TestDecorator.basicRun(TestDecorator.java:22)&lt;br/&gt;
	at junit.extensions.TestSetup$1.protect(TestSetup.java:19)&lt;br/&gt;
	at junit.extensions.TestSetup.run(TestSetup.java:23)&lt;br/&gt;
	at junit.extensions.TestDecorator.basicRun(TestDecorator.java:22)&lt;br/&gt;
	at junit.extensions.TestSetup$1.protect(TestSetup.java:19)&lt;br/&gt;
	at junit.extensions.TestSetup.run(TestSetup.java:23)&lt;br/&gt;
	at org.apache.derbyTesting.junit.BaseTestSetup.run(BaseTestSetup.java:57)&lt;br/&gt;
	at junit.extensions.TestDecorator.basicRun(TestDecorator.java:22)&lt;br/&gt;
	at junit.extensions.TestSetup$1.protect(TestSetup.java:19)&lt;br/&gt;
	at junit.extensions.TestSetup.run(TestSetup.java:23)&lt;br/&gt;
	at junit.extensions.TestDecorator.basicRun(TestDecorator.java:22)&lt;br/&gt;
	at junit.extensions.TestSetup$1.protect(TestSetup.java:19)&lt;br/&gt;
	at junit.extensions.TestSetup.run(TestSetup.java:23)&lt;br/&gt;
	at org.apache.derbyTesting.junit.BaseTestSetup.run(BaseTestSetup.java:57)&lt;br/&gt;
	at junit.extensions.TestDecorator.basicRun(TestDecorator.java:22)&lt;br/&gt;
	at junit.extensions.TestSetup$1.protect(TestSetup.java:19)&lt;br/&gt;
	at junit.extensions.TestSetup.run(TestSetup.java:23)&lt;br/&gt;
5) testDefaultJVMTerritoryCollation(org.apache.derbyTesting.functionTests.tests.lang.CollationTest2)java.lang.NumberFormatException: J2ME Foundation Specification v1&lt;br/&gt;
	at java.lang.Integer.parse(Integer.java:348)&lt;br/&gt;
	at java.lang.Integer.parseInt(Integer.java:340)&lt;br/&gt;
	at java.lang.Integer.parseInt(Integer.java:311)&lt;br/&gt;
	at org.apache.derbyTesting.functionTests.tests.lang.CollationTest2.is142JVM(CollationTest2.java:371)&lt;br/&gt;
	at org.apache.derbyTesting.functionTests.tests.lang.CollationTest2.runDERBY_2703(CollationTest2.java:394)&lt;br/&gt;
	at org.apache.derbyTesting.functionTests.tests.lang.CollationTest2.runTestIter(CollationTest2.java:1398)&lt;br/&gt;
	at org.apache.derbyTesting.functionTests.tests.lang.CollationTest2.testDefaultJVMTerritoryCollation(CollationTest2.java:1473)&lt;br/&gt;
	at java.lang.reflect.AccessibleObject.invokeV(AccessibleObject.java:205)&lt;br/&gt;
	at &amp;lt;unknown class&amp;gt;.&amp;lt;unknown method&amp;gt;(Unknown Source)&lt;br/&gt;
	at org.apache.derbyTesting.junit.BaseTestCase.runBare(BaseTestCase.java:88)&lt;br/&gt;
	at junit.extensions.TestDecorator.basicRun(TestDecorator.java:22)&lt;br/&gt;
	at junit.extensions.TestSetup$1.protect(TestSetup.java:19)&lt;br/&gt;
	at junit.extensions.TestSetup.run(TestSetup.java:23)&lt;br/&gt;
	at junit.extensions.TestDecorator.basicRun(TestDecorator.java:22)&lt;br/&gt;
	at junit.extensions.TestSetup$1.protect(TestSetup.java:19)&lt;br/&gt;
	at junit.extensions.TestSetup.run(TestSetup.java:23)&lt;br/&gt;
	at org.apache.derbyTesting.junit.BaseTestSetup.run(BaseTestSetup.java:57)&lt;br/&gt;
	at junit.extensions.TestDecorator.basicRun(TestDecorator.java:22)&lt;br/&gt;
	at junit.extensions.TestSetup$1.protect(TestSetup.java:19)&lt;br/&gt;
	at junit.extensions.TestSetup.run(TestSetup.java:23)&lt;br/&gt;
	at junit.extensions.TestDecorator.basicRun(TestDecorator.java:22)&lt;br/&gt;
	at junit.extensions.TestSetup$1.protect(TestSetup.java:19)&lt;br/&gt;
	at junit.extensions.TestSetup.run(TestSetup.java:23)&lt;br/&gt;
	at org.apache.derbyTesting.junit.BaseTestSetup.run(BaseTestSetup.java:57)&lt;br/&gt;
	at junit.extensions.TestDecorator.basicRun(TestDecorator.java:22)&lt;br/&gt;
	at junit.extensions.TestSetup$1.protect(TestSetup.java:19)&lt;br/&gt;
	at junit.extensions.TestSetup.run(TestSetup.java:23)&lt;br/&gt;
	at junit.extensions.TestDecorator.basicRun(TestDecorator.java:22)&lt;br/&gt;
	at junit.extensions.TestSetup$1.protect(TestSetup.java:19)&lt;br/&gt;
	at junit.extensions.TestSetup.run(TestSetup.java:23)&lt;br/&gt;
	at org.apache.derbyTesting.junit.BaseTestSetup.run(BaseTestSetup.java:57)&lt;br/&gt;
	at junit.extensions.TestDecorator.basicRun(TestDecorator.java:22)&lt;br/&gt;
	at junit.extensions.TestSetup$1.protect(TestSetup.java:19)&lt;br/&gt;
	at junit.extensions.TestSetup.run(TestSetup.java:23)&lt;br/&gt;
	at junit.extensions.TestDecorator.basicRun(TestDecorator.java:22)&lt;br/&gt;
	at junit.extensions.TestSetup$1.protect(TestSetup.java:19)&lt;br/&gt;
	at junit.extensions.TestSetup.run(TestSetup.java:23)&lt;br/&gt;
	at org.apache.derbyTesting.junit.BaseTestSetup.run(BaseTestSetup.java:57)&lt;br/&gt;
	at junit.extensions.TestDecorator.basicRun(TestDecorator.java:22)&lt;br/&gt;
	at junit.extensions.TestSetup$1.protect(TestSetup.java:19)&lt;br/&gt;
	at junit.extensions.TestSetup.run(TestSetup.java:23)&lt;br/&gt;
	at junit.extensions.TestDecorator.basicRun(TestDecorator.java:22)&lt;br/&gt;
	at junit.extensions.TestSetup$1.protect(TestSetup.java:19)&lt;br/&gt;
	at junit.extensions.TestSetup.run(TestSetup.java:23)&lt;br/&gt;
	at org.apache.derbyTesting.junit.BaseTestSetup.run(BaseTestSetup.java:57)&lt;br/&gt;
	at junit.extensions.TestDecorator.basicRun(TestDecorator.java:22)&lt;br/&gt;
	at junit.extensions.TestSetup$1.protect(TestSetup.java:19)&lt;br/&gt;
	at junit.extensions.TestSetup.run(TestSetup.java:23)&lt;/p&gt;</description>
                <environment></environment>
        <key id="12370458">DERBY-2716</key>
            <summary>lang.CollationTest2 failures on WEME 6.1</summary>
                <type id="1" iconUrl="https://issues.apache.org/jira/secure/viewavatar?size=xsmall&amp;avatarId=21133&amp;avatarType=issuetype">Bug</type>
                                            <priority id="3" iconUrl="https://issues.apache.org/jira/images/icons/priorities/major.svg">Major</priority>
                        <status id="6" iconUrl="https://issues.apache.org/jira/images/icons/statuses/closed.png" description="The issue is considered finished, the resolution is correct. Issues which are not closed can be reopened.">Closed</status>
                    <statusCategory id="3" key="done" colorName="green"/>
                                    <resolution id="1">Fixed</resolution>
                                        <assignee username="mikem">Mike Matrigali</assignee>
                                    <reporter username="kmarsden">Katherine Marsden</reporter>
                        <labels>
                    </labels>
                <created>Tue, 29 May 2007 17:19:27 +0000</created>
                <updated>Mon, 29 Jun 2009 22:43:01 +0000</updated>
                            <resolved>Tue, 29 May 2007 23:32:32 +0000</resolved>
                                    <version>10.3.1.4</version>
                                    <fixVersion>10.3.1.4</fixVersion>
                                    <component>SQL</component>
                        <due></due>
                            <votes>0</votes>
                                    <watches>0</watches>
                                                                                                                <comments>
                            <comment id="12499977" author="mikem" created="Wed, 30 May 2007 00:12:39 +0000"  >&lt;p&gt;committed fix for this test bug, and determined that this environment also needed to be skipped:&lt;/p&gt;

&lt;p&gt;&lt;a href=&quot;https://issues.apache.org/jira/browse/DERBY-2716&quot; title=&quot;lang.CollationTest2 failures on WEME 6.1&quot; class=&quot;issue-link&quot; data-issue-key=&quot;DERBY-2716&quot;&gt;&lt;del&gt;DERBY-2716&lt;/del&gt;&lt;/a&gt;&lt;/p&gt;

&lt;p&gt;fixed bad parsing of java version argument. In the process also discovered&lt;br/&gt;
that J2ME environment also reproduces &lt;a href=&quot;https://issues.apache.org/jira/browse/DERBY-2703&quot; title=&quot;calling DatabaseMetaData.getColumns() with % for matching column character in a territory based collated db does not work in 1.4.2 jvms&quot; class=&quot;issue-link&quot; data-issue-key=&quot;DERBY-2703&quot;&gt;&lt;del&gt;DERBY-2703&lt;/del&gt;&lt;/a&gt;, so changed the test case&lt;br/&gt;
to also not run in this enviroment. I just brute forced the java version&lt;br/&gt;
check, hopefully 2703 will get fixed before needing to add more jvm&apos;s to&lt;br/&gt;
ignore.&lt;/p&gt;</comment>
                    </comments>
                <issuelinks>
                            <issuelinktype id="10030">
                    <name>Reference</name>
                                                                <inwardlinks description="is related to">
                                        <issuelink>
            <issuekey id="12370337">DERBY-2703</issuekey>
        </issuelink>
                            </inwardlinks>
                                    </issuelinktype>
                    </issuelinks>
                <attachments>
                    </attachments>
                <subtasks>
                    </subtasks>
                <customfields>
                                                                            <customfield id="customfield_12310310" key="com.atlassian.jira.toolkit:attachments">
                        <customfieldname>Attachment count</customfieldname>
                        <customfieldvalues>
                            <customfieldvalue>0.0</customfieldvalue>
                        </customfieldvalues>
                    </customfield>
                                                                                                                                                                                                                                                                                                                                                                                                                                            <customfield id="customfield_12310200" key="com.atlassian.jira.plugin.system.customfieldtypes:multicheckboxes">
                        <customfieldname>Bug behavior facts</customfieldname>
                        <customfieldvalues>
                                <customfieldvalue key="10369"><![CDATA[Regression Test Failure]]></customfieldvalue>
    
                        </customfieldvalues>
                    </customfield>
                                                                                                                                                                                                                                                                                                                            <customfield id="customfield_12314020" key="com.atlassian.jira.plugins.jira-development-integration-plugin:devsummary">
                        <customfieldname>Development</customfieldname>
                        <customfieldvalues>
                            
                        </customfieldvalues>
                    </customfield>
                                                                                                                        <customfield id="customfield_12313422" key="com.atlassian.jirafisheyeplugin:jobcheckbox">
                        <customfieldname>Enable Automatic Patch Review</customfieldname>
                        <customfieldvalues>
                            <customfieldvalue><![CDATA[false]]></customfieldvalue>

                        </customfieldvalues>
                    </customfield>
                                                                                                                                                                                                                                                                                                                                                                                                                                                                                                                                                                                                                    <customfield id="customfield_12310420" key="com.pyxis.greenhopper.jira:gh-global-rank">
                        <customfieldname>Global Rank</customfieldname>
                        <customfieldvalues>
                            <customfieldvalue>23200</customfieldvalue>
                        </customfieldvalues>
                    </customfield>
                                                                                                                                                                                                                                                                    <customfield id="customfield_12312521" key="com.atlassian.jira.toolkit:LastCommentDate">
                        <customfieldname>Last public comment date</customfieldname>
                        <customfieldvalues>
                            18 years, 27 weeks ago
                        </customfieldvalues>
                    </customfield>
                                                                                                                                                                                                                                                                                                <customfield id="customfield_12311820" key="com.pyxis.greenhopper.jira:gh-lexo-rank">
                        <customfieldname>Rank</customfieldname>
                        <customfieldvalues>
                            <customfieldvalue>0|i071lb:</customfieldvalue>

                        </customfieldvalues>
                    </customfield>
                                                                <customfield id="customfield_12310920" key="com.pyxis.greenhopper.jira:gh-global-rank">
                        <customfieldname>Rank (Obsolete)</customfieldname>
                        <customfieldvalues>
                            <customfieldvalue>39024</customfieldvalue>
                        </customfieldvalues>
                    </customfield>
                                                                                                                                                                                                                                                                                                                                                                                                                                                                                                                                                                                                                                                                                                                                                                                                                        </customfields>
    </item>
</channel>
</rss>