<!-- 
RSS generated by JIRA (8.20.10#820010-sha1:ace47f9899e9ee25d7157d59aa17ab06aee30d3d) at Wed Nov 12 14:48:17 UTC 2025

It is possible to restrict the fields that are returned in this document by specifying the 'field' parameter in your request.
For example, to request only the issue key and summary append 'field=key&field=summary' to the URL of your request.
-->
<rss version="0.92" >
<channel>
    <title>ASF Jira</title>
    <link>https://issues.apache.org/jira</link>
    <description>This file is an XML representation of an issue</description>
    <language>en-uk</language>    <build-info>
        <version>8.20.10</version>
        <build-number>820010</build-number>
        <build-date>22-06-2022</build-date>
    </build-info>


<item>
            <title>[DERBY-6699] Error in PredicatePushdownTest.test_predicatePushdown</title>
                <link>https://issues.apache.org/jira/browse/DERBY-6699</link>
                <project id="10594" key="DERBY">Derby</project>
                    <description>&lt;p&gt;The following error was seen in the nightly tests on the 10.11 branch on Solaris_sparc_jdk8: &lt;a href=&quot;http://download.java.net/javadesktop/derby/request_5594365/&quot; class=&quot;external-link&quot; target=&quot;_blank&quot; rel=&quot;nofollow noopener&quot;&gt;http://download.java.net/javadesktop/derby/request_5594365/&lt;/a&gt;&lt;/p&gt;

&lt;div class=&quot;preformatted panel&quot; style=&quot;border-width: 1px;&quot;&gt;&lt;div class=&quot;preformattedContent panelContent&quot;&gt;
&lt;pre&gt;    java.sql.SQLException: Java exception: &apos;ASSERT FAILED ByteCode Conditional then/else stack depths differ then:1 else: 2: org.apache.derby.shared.common.sanity.AssertFailure&apos;.
	at org.apache.derby.impl.jdbc.SQLExceptionFactory.getSQLException(SQLExceptionFactory.java:107)
	at org.apache.derby.impl.jdbc.SQLExceptionFactory.getSQLException(SQLExceptionFactory.java:133)
	at org.apache.derby.impl.jdbc.Util.seeNextException(Util.java:255)
	at org.apache.derby.impl.jdbc.Util.javaException(Util.java:277)
	at org.apache.derby.impl.jdbc.TransactionResourceImpl.wrapInSQLException(TransactionResourceImpl.java:437)
	at org.apache.derby.impl.jdbc.TransactionResourceImpl.handleException(TransactionResourceImpl.java:353)
	at org.apache.derby.impl.jdbc.EmbedConnection.handleException(EmbedConnection.java:2396)
	at org.apache.derby.impl.jdbc.ConnectionChild.handleException(ConnectionChild.java:82)
	at org.apache.derby.impl.jdbc.EmbedStatement.execute(EmbedStatement.java:691)
	at org.apache.derby.impl.jdbc.EmbedStatement.executeQuery(EmbedStatement.java:147)
	at org.apache.derbyTesting.functionTests.tests.lang.PredicatePushdownTest.test_predicatePushdown(PredicatePushdownTest.java:770)
	at org.apache.derbyTesting.junit.BaseTestCase.runBare(BaseTestCase.java:118)
	at org.apache.derbyTesting.junit.BaseJDBCTestCase.runBareOverridable(BaseJDBCTestCase.java:440)
	at org.apache.derbyTesting.junit.BaseJDBCTestCase.runBare(BaseJDBCTestCase.java:457)
	at junit.extensions.TestDecorator.basicRun(TestDecorator.java:24)
	at junit.extensions.TestSetup$1.protect(TestSetup.java:21)
	at junit.extensions.TestSetup.run(TestSetup.java:25)
	at org.apache.derbyTesting.junit.BaseTestSetup.run(BaseTestSetup.java:57)
	at junit.extensions.TestDecorator.basicRun(TestDecorator.java:24)
	at junit.extensions.TestSetup$1.protect(TestSetup.java:21)
	at junit.extensions.TestSetup.run(TestSetup.java:25)
Caused by: ERROR XJ001: Java exception: &apos;ASSERT FAILED ByteCode Conditional then/else stack depths differ then:1 else: 2: org.apache.derby.shared.common.sanity.AssertFailure&apos;.
	at org.apache.derby.iapi.error.StandardException.newException(StandardException.java:290)
	at org.apache.derby.impl.jdbc.SQLExceptionFactory.wrapArgsForTransportAcrossDRDA(SQLExceptionFactory.java:162)
	at org.apache.derby.impl.jdbc.SQLExceptionFactory.getSQLException(SQLExceptionFactory.java:74)
Caused by: org.apache.derby.shared.common.sanity.AssertFailure: ASSERT FAILED ByteCode Conditional then/else stack depths differ then:1 else: 2
	at org.apache.derby.shared.common.sanity.SanityManager.THROWASSERT(SanityManager.java:162)
	at org.apache.derby.shared.common.sanity.SanityManager.THROWASSERT(SanityManager.java:147)
	at org.apache.derby.impl.services.bytecode.Conditional.end(Conditional.java:210)
	at org.apache.derby.impl.services.bytecode.BCMethod.completeConditional(BCMethod.java:1055)
	at org.apache.derby.impl.sql.compile.StaticMethodCallNode.generateExpression(StaticMethodCallNode.java:1334)
	at org.apache.derby.impl.sql.compile.JavaToSQLValueNode.generateExpression(JavaToSQLValueNode.java:160)
	at org.apache.derby.impl.sql.compile.ResultColumn.generateExpression(ResultColumn.java:1061)
	at org.apache.derby.impl.sql.compile.ResultColumnList.generateEvaluatedRow(ResultColumnList.java:1458)
	at org.apache.derby.impl.sql.compile.ResultColumnList.generateCore(ResultColumnList.java:1195)
	at org.apache.derby.impl.sql.compile.ProjectRestrictNode.generateMinion(ProjectRestrictNode.java:1539)
	at org.apache.derby.impl.sql.compile.ProjectRestrictNode.generate(ProjectRestrictNode.java:1319)
	at org.apache.derby.impl.sql.compile.UnionNode.generate(UnionNode.java:654)
	at org.apache.derby.impl.sql.compile.NormalizeResultSetNode.generate(NormalizeResultSetNode.java:644)
	at org.apache.derby.impl.sql.compile.ProjectRestrictNode.generateMinion(ProjectRestrictNode.java:1367)
	at org.apache.derby.impl.sql.compile.ProjectRestrictNode.generate(ProjectRestrictNode.java:1319)
	at org.apache.derby.impl.sql.compile.DistinctNode.generate(DistinctNode.java:288)
	at org.apache.derby.impl.sql.compile.ProjectRestrictNode.generateMinion(ProjectRestrictNode.java:1464)
	at org.apache.derby.impl.sql.compile.ProjectRestrictNode.generate(ProjectRestrictNode.java:1319)
	at org.apache.derby.impl.sql.compile.ProjectRestrictNode.generateMinion(ProjectRestrictNode.java:1367)
	at org.apache.derby.impl.sql.compile.ProjectRestrictNode.generate(ProjectRestrictNode.java:1319)
	at org.apache.derby.impl.sql.compile.JoinNode.getJoinArguments(JoinNode.java:1648)
	at org.apache.derby.impl.sql.compile.JoinNode.generateCore(JoinNode.java:1624)
	at org.apache.derby.impl.sql.compile.JoinNode.generateCore(JoinNode.java:1561)
	at org.apache.derby.impl.sql.compile.HalfOuterJoinNode.generate(HalfOuterJoinNode.java:786)
	at org.apache.derby.impl.sql.compile.ProjectRestrictNode.generateMinion(ProjectRestrictNode.java:1367)
	at org.apache.derby.impl.sql.compile.ProjectRestrictNode.generate(ProjectRestrictNode.java:1319)
	at org.apache.derby.impl.sql.compile.ProjectRestrictNode.generateMinion(ProjectRestrictNode.java:1464)
	at org.apache.derby.impl.sql.compile.ProjectRestrictNode.generate(ProjectRestrictNode.java:1319)
	at org.apache.derby.impl.sql.compile.ScrollInsensitiveResultSetNode.generate(ScrollInsensitiveResultSetNode.java:86)
	at org.apache.derby.impl.sql.compile.CursorNode.generate(CursorNode.java:640)
	at org.apache.derby.impl.sql.compile.StatementNode.generate(StatementNode.java:317)
	at org.apache.derby.impl.sql.GenericStatement.prepMinion(GenericStatement.java:549)
	at org.apache.derby.impl.sql.GenericStatement.prepare(GenericStatement.java:99)
	at org.apache.derby.impl.sql.conn.GenericLanguageConnectionContext.prepareInternalStatement(GenericLanguageConnectionContext.java:1114)
	at org.apache.derby.impl.jdbc.EmbedStatement.execute(EmbedStatement.java:683)
&lt;/pre&gt;
&lt;/div&gt;&lt;/div&gt;</description>
                <environment></environment>
        <key id="12732816">DERBY-6699</key>
            <summary>Error in PredicatePushdownTest.test_predicatePushdown</summary>
                <type id="1" iconUrl="https://issues.apache.org/jira/secure/viewavatar?size=xsmall&amp;avatarId=21133&amp;avatarType=issuetype">Bug</type>
                                            <priority id="3" iconUrl="https://issues.apache.org/jira/images/icons/priorities/major.svg">Major</priority>
                        <status id="1" iconUrl="https://issues.apache.org/jira/images/icons/statuses/open.png" description="The issue is open and ready for the assignee to start work on it.">Open</status>
                    <statusCategory id="2" key="new" colorName="blue-gray"/>
                                    <resolution id="-1">Unresolved</resolution>
                                        <assignee username="-1">Unassigned</assignee>
                                    <reporter username="rhillegas">Richard N. Hillegas</reporter>
                        <labels>
                    </labels>
                <created>Fri, 8 Aug 2014 12:09:36 +0000</created>
                <updated>Tue, 16 Sep 2014 08:56:48 +0000</updated>
                                            <version>10.11.1.1</version>
                                                    <component>Test</component>
                        <due></due>
                            <votes>0</votes>
                                    <watches>5</watches>
                                                                                                                <comments>
                            <comment id="14090696" author="rhillegas" created="Fri, 8 Aug 2014 12:14:08 +0000"  >&lt;p&gt;This looks similar to &lt;a href=&quot;https://issues.apache.org/jira/browse/DERBY-6694&quot; title=&quot;Error in DatabaseMetaDataTest.testNumericFunctions&quot; class=&quot;issue-link&quot; data-issue-key=&quot;DERBY-6694&quot;&gt;&lt;del&gt;DERBY-6694&lt;/del&gt;&lt;/a&gt;, which was seen on the same platform on the 10.11 branch.&lt;/p&gt;</comment>
                            <comment id="14090698" author="rhillegas" created="Fri, 8 Aug 2014 12:16:42 +0000"  >&lt;p&gt;A similar error appears later in the test run in GrantRevokeDDLTest.testGrantRevokeDDL and GrantRevokeDDLTest.testGrantRevokeDDL2&lt;/p&gt;</comment>
                            <comment id="14090874" author="dagw" created="Fri, 8 Aug 2014 15:29:45 +0000"  >&lt;p&gt;Uploading a diagnostics patch for this issue to be able to see what&apos;s on the stacks when this happens. &lt;span class=&quot;nobr&quot;&gt;&lt;a href=&quot;https://issues.apache.org/jira/secure/attachment/12660641/12660641_derby-6699-diagnostics.diff&quot; title=&quot;derby-6699-diagnostics.diff attached to DERBY-6699&quot;&gt;derby-6699-diagnostics.diff&lt;sup&gt;&lt;img class=&quot;rendericon&quot; src=&quot;https://issues.apache.org/jira/images/icons/link_attachment_7.gif&quot; height=&quot;7&quot; width=&quot;7&quot; align=&quot;absmiddle&quot; alt=&quot;&quot; border=&quot;0&quot;/&gt;&lt;/sup&gt;&lt;/a&gt;&lt;/span&gt;.&lt;/p&gt;</comment>
                            <comment id="14090890" author="jira-bot" created="Fri, 8 Aug 2014 15:47:45 +0000"  >&lt;p&gt;Commit 1616807 from &lt;a href=&quot;https://issues.apache.org/jira/secure/ViewProfile.jspa?name=dagw&quot; class=&quot;user-hover&quot; rel=&quot;dagw&quot;&gt;dagw&lt;/a&gt; in branch &apos;code/trunk&apos;&lt;br/&gt;
[ &lt;a href=&quot;https://svn.apache.org/r1616807&quot; class=&quot;external-link&quot; target=&quot;_blank&quot; rel=&quot;nofollow noopener&quot;&gt;https://svn.apache.org/r1616807&lt;/a&gt; ]&lt;/p&gt;

&lt;p&gt;&lt;a href=&quot;https://issues.apache.org/jira/browse/DERBY-6699&quot; title=&quot;Error in PredicatePushdownTest.test_predicatePushdown&quot; class=&quot;issue-link&quot; data-issue-key=&quot;DERBY-6699&quot;&gt;DERBY-6699&lt;/a&gt; Error in PredicatePushdownTest.test_predicatePushdown&lt;/p&gt;

&lt;p&gt;Patch derby-6699-diagnostics makes the sane build print information about the contents&lt;br/&gt;
of the two stacks when the ASSERT fails. Since this error is intermittent it may&lt;br/&gt;
help debug the issue.&lt;/p&gt;</comment>
                            <comment id="14093473" author="dagw" created="Mon, 11 Aug 2014 22:54:05 +0000"  >&lt;p&gt;Data point: I tried to run the entire JUnit test on the machine which saw this error (sthsparc39vm1), but it didn&apos;t reproduce.&lt;/p&gt;</comment>
                            <comment id="14093957" author="knutanders" created="Tue, 12 Aug 2014 10:58:51 +0000"  >&lt;p&gt;The failures we&apos;ve seen so far have all happened with Java SE 8u5 on Solaris 11 for SPARC. The test rig was recently upgraded to 8u11. It hasn&apos;t failed after the upgrade, but it&apos;s too early to tell if the problem is actually gone.&lt;/p&gt;</comment>
                            <comment id="14135109" author="knutanders" created="Tue, 16 Sep 2014 07:45:21 +0000"  >&lt;p&gt;Happened again, now on JDK 8u20 (still on Solaris for SPARC).&lt;/p&gt;

&lt;p&gt;&lt;a href=&quot;http://download.java.net/javadesktop/derby/request_5596167/javadb-task-3933860.html&quot; class=&quot;external-link&quot; target=&quot;_blank&quot; rel=&quot;nofollow noopener&quot;&gt;http://download.java.net/javadesktop/derby/request_5596167/javadb-task-3933860.html&lt;/a&gt;&lt;/p&gt;

&lt;div class=&quot;preformatted panel&quot; style=&quot;border-width: 1px;&quot;&gt;&lt;div class=&quot;preformattedContent panelContent&quot;&gt;
&lt;pre&gt;Failed Statement is: update UPGRADE_tab2 set name = &apos;Another name&apos; , description = 1
org.apache.derby.shared.common.sanity.AssertFailure: ASSERT FAILED ByteCode Conditional then/else stack depths differ then:3 else: 4
if stack:
[org.apache.derby.iapi.sql.execute.ExecRow, 7, Lorg/apache/derby/iapi/sql/execute/ExecRow;, org/apache/derby/iapi/sql/execute/ExecRow]
[int, 2, I, I]
[org.apache.derby.iapi.types.UserDataValue, 7, Lorg/apache/derby/iapi/types/UserDataValue;, org/apache/derby/iapi/types/UserDataValue]
else stack:
[org.apache.derby.iapi.sql.execute.ExecRow, 7, Lorg/apache/derby/iapi/sql/execute/ExecRow;, org/apache/derby/iapi/sql/execute/ExecRow]
[int, 2, I, I]
[org.apache.derby.iapi.types.UserDataValue, 7, Lorg/apache/derby/iapi/types/UserDataValue;, org/apache/derby/iapi/types/UserDataValue]
[org.apache.derby.iapi.types.UserDataValue, 7, Lorg/apache/derby/iapi/types/UserDataValue;, org/apache/derby/iapi/types/UserDataValue]

	at org.apache.derby.shared.common.sanity.SanityManager.THROWASSERT(SanityManager.java:162)
	at org.apache.derby.shared.common.sanity.SanityManager.THROWASSERT(SanityManager.java:147)
	at org.apache.derby.impl.services.bytecode.Conditional.end(Conditional.java:227)
	at org.apache.derby.impl.services.bytecode.BCMethod.completeConditional(BCMethod.java:1055)
	at org.apache.derby.impl.sql.compile.JavaToSQLValueNode.generateExpression(JavaToSQLValueNode.java:172)
	at org.apache.derby.impl.sql.compile.CastNode.generateExpression(CastNode.java:885)
	at org.apache.derby.impl.sql.compile.ResultColumn.generateExpression(ResultColumn.java:1061)
	at org.apache.derby.impl.sql.compile.ResultColumnList.generateEvaluatedRow(ResultColumnList.java:1458)
	at org.apache.derby.impl.sql.compile.ResultColumnList.generateCore(ResultColumnList.java:1195)
	at org.apache.derby.impl.sql.compile.ResultColumnList.generate(ResultColumnList.java:1149)
	at org.apache.derby.impl.sql.compile.RowResultSetNode.generate(RowResultSetNode.java:878)
	at org.apache.derby.impl.sql.compile.InsertNode.generate(InsertNode.java:977)
	at org.apache.derby.impl.sql.compile.StatementNode.generate(StatementNode.java:317)
	at org.apache.derby.impl.sql.GenericStatement.prepMinion(GenericStatement.java:549)
	at org.apache.derby.impl.sql.GenericStatement.prepareStorable(GenericStatement.java:687)
	at org.apache.derby.iapi.sql.dictionary.SPSDescriptor.compileStatement(SPSDescriptor.java:373)
	at org.apache.derby.iapi.sql.dictionary.SPSDescriptor.prepareAndRelease(SPSDescriptor.java:264)
	at org.apache.derby.iapi.sql.dictionary.SPSDescriptor.getPreparedStatement(SPSDescriptor.java:739)
	at org.apache.derby.iapi.sql.dictionary.SPSDescriptor.getPreparedStatement(SPSDescriptor.java:655)
	at org.apache.derby.impl.sql.execute.GenericTriggerExecutor.executeSPS(GenericTriggerExecutor.java:171)
	at org.apache.derby.impl.sql.execute.GenericTriggerExecutor.executeWhenClauseAndAction(GenericTriggerExecutor.java:346)
	at org.apache.derby.impl.sql.execute.RowTriggerExecutor.fireTrigger(RowTriggerExecutor.java:113)
	at org.apache.derby.impl.sql.execute.TriggerEventActivator.notifyEvent(TriggerEventActivator.java:272)
	at org.apache.derby.impl.sql.execute.UpdateResultSet.fireAfterTriggers(UpdateResultSet.java:831)
	at org.apache.derby.impl.sql.execute.UpdateResultSet.open(UpdateResultSet.java:282)
	at org.apache.derby.impl.sql.GenericPreparedStatement.executeStmt(GenericPreparedStatement.java:470)
	at org.apache.derby.impl.sql.GenericPreparedStatement.execute(GenericPreparedStatement.java:349)
	at org.apache.derby.impl.jdbc.EmbedStatement.executeStatement(EmbedStatement.java:1338)
	at org.apache.derby.impl.jdbc.EmbedStatement.execute(EmbedStatement.java:704)
	at org.apache.derby.impl.jdbc.EmbedStatement.execute(EmbedStatement.java:631)
	at org.apache.derbyTesting.functionTests.tests.upgradeTests.BasicSetup.testDERBY5121TriggerDataCorruption(BasicSetup.java:1235)
	at sun.reflect.GeneratedMethodAccessor5724.invoke(Unknown Source)
	at sun.reflect.DelegatingMethodAccessorImpl.invoke(DelegatingMethodAccessorImpl.java:43)
	at java.lang.reflect.Method.invoke(Method.java:483)
	at junit.framework.TestCase.runTest(TestCase.java:164)
	at junit.framework.TestCase.runBare(TestCase.java:130)
	at org.apache.derbyTesting.junit.BaseTestCase.runBare(BaseTestCase.java:119)
	at org.apache.derbyTesting.junit.BaseJDBCTestCase.runBareOverridable(BaseJDBCTestCase.java:440)
	at org.apache.derbyTesting.junit.BaseJDBCTestCase.runBare(BaseJDBCTestCase.java:457)
	at junit.framework.TestResult$1.protect(TestResult.java:106)
	at junit.framework.TestResult.runProtected(TestResult.java:124)
	at junit.framework.TestResult.run(TestResult.java:109)
	at junit.framework.TestCase.run(TestCase.java:120)
	at junit.framework.TestSuite.runTest(TestSuite.java:230)
	at junit.framework.TestSuite.run(TestSuite.java:225)
	at junit.framework.TestSuite.runTest(TestSuite.java:230)
	at junit.framework.TestSuite.run(TestSuite.java:225)
	at junit.framework.TestSuite.runTest(TestSuite.java:230)
	at junit.framework.TestSuite.run(TestSuite.java:225)
	at junit.extensions.TestDecorator.basicRun(TestDecorator.java:24)
	at junit.extensions.TestSetup$1.protect(TestSetup.java:21)
	at junit.framework.TestResult.runProtected(TestResult.java:124)
	at junit.extensions.TestSetup.run(TestSetup.java:25)
	at junit.extensions.TestDecorator.basicRun(TestDecorator.java:24)
	at junit.extensions.TestSetup$1.protect(TestSetup.java:21)
	at junit.framework.TestResult.runProtected(TestResult.java:124)
	at junit.extensions.TestSetup.run(TestSetup.java:25)
	at org.apache.derbyTesting.junit.BaseTestSetup.run(BaseTestSetup.java:58)
	at junit.framework.TestSuite.runTest(TestSuite.java:230)
	at junit.framework.TestSuite.run(TestSuite.java:225)
	at junit.extensions.TestDecorator.basicRun(TestDecorator.java:24)
	at junit.extensions.TestSetup$1.protect(TestSetup.java:21)
	at junit.framework.TestResult.runProtected(TestResult.java:124)
	at junit.extensions.TestSetup.run(TestSetup.java:25)
	at org.apache.derbyTesting.junit.BaseTestSetup.run(BaseTestSetup.java:58)
	at junit.extensions.TestDecorator.basicRun(TestDecorator.java:24)
	at junit.extensions.TestSetup$1.protect(TestSetup.java:21)
	at junit.framework.TestResult.runProtected(TestResult.java:124)
	at junit.extensions.TestSetup.run(TestSetup.java:25)
	at junit.extensions.TestDecorator.basicRun(TestDecorator.java:24)
	at junit.extensions.TestSetup$1.protect(TestSetup.java:21)
	at junit.framework.TestResult.runProtected(TestResult.java:124)
	at junit.extensions.TestSetup.run(TestSetup.java:25)
	at org.apache.derbyTesting.junit.BaseTestSetup.run(BaseTestSetup.java:58)
	at junit.extensions.TestDecorator.basicRun(TestDecorator.java:24)
	at junit.extensions.TestSetup$1.protect(TestSetup.java:21)
	at junit.framework.TestResult.runProtected(TestResult.java:124)
	at junit.extensions.TestSetup.run(TestSetup.java:25)
	at junit.extensions.TestDecorator.basicRun(TestDecorator.java:24)
	at junit.extensions.TestSetup$1.protect(TestSetup.java:21)
	at junit.framework.TestResult.runProtected(TestResult.java:124)
	at junit.extensions.TestSetup.run(TestSetup.java:25)
	at org.apache.derbyTesting.junit.BaseTestSetup.run(BaseTestSetup.java:58)
	at junit.extensions.TestDecorator.basicRun(TestDecorator.java:24)
	at junit.extensions.TestSetup$1.protect(TestSetup.java:21)
	at junit.framework.TestResult.runProtected(TestResult.java:124)
	at junit.extensions.TestSetup.run(TestSetup.java:25)
	at junit.extensions.TestDecorator.basicRun(TestDecorator.java:24)
	at junit.extensions.TestSetup$1.protect(TestSetup.java:21)
	at junit.framework.TestResult.runProtected(TestResult.java:124)
	at junit.extensions.TestSetup.run(TestSetup.java:25)
	at org.apache.derbyTesting.junit.BaseTestSetup.run(BaseTestSetup.java:58)
	at junit.extensions.TestDecorator.basicRun(TestDecorator.java:24)
	at junit.extensions.TestSetup$1.protect(TestSetup.java:21)
	at junit.framework.TestResult.runProtected(TestResult.java:124)
	at junit.extensions.TestSetup.run(TestSetup.java:25)
	at junit.extensions.TestDecorator.basicRun(TestDecorator.java:24)
	at junit.extensions.TestSetup$1.protect(TestSetup.java:21)
	at junit.framework.TestResult.runProtected(TestResult.java:124)
	at junit.extensions.TestSetup.run(TestSetup.java:25)
	at org.apache.derbyTesting.junit.BaseTestSetup.run(BaseTestSetup.java:58)
	at junit.extensions.TestDecorator.basicRun(TestDecorator.java:24)
	at junit.extensions.TestSetup$1.protect(TestSetup.java:21)
	at junit.framework.TestResult.runProtected(TestResult.java:124)
	at junit.extensions.TestSetup.run(TestSetup.java:25)
	at junit.extensions.TestDecorator.basicRun(TestDecorator.java:24)
	at junit.extensions.TestSetup$1.protect(TestSetup.java:21)
	at junit.framework.TestResult.runProtected(TestResult.java:124)
	at junit.extensions.TestSetup.run(TestSetup.java:25)
	at org.apache.derbyTesting.junit.BaseTestSetup.run(BaseTestSetup.java:58)
	at junit.extensions.TestDecorator.basicRun(TestDecorator.java:24)
	at junit.extensions.TestSetup$1.protect(TestSetup.java:21)
	at junit.framework.TestResult.runProtected(TestResult.java:124)
	at junit.extensions.TestSetup.run(TestSetup.java:25)
	at junit.extensions.TestDecorator.basicRun(TestDecorator.java:24)
	at junit.extensions.TestSetup$1.protect(TestSetup.java:21)
	at junit.framework.TestResult.runProtected(TestResult.java:124)
	at junit.extensions.TestSetup.run(TestSetup.java:25)
	at org.apache.derbyTesting.junit.BaseTestSetup.run(BaseTestSetup.java:58)
	at junit.extensions.TestDecorator.basicRun(TestDecorator.java:24)
	at junit.extensions.TestSetup$1.protect(TestSetup.java:21)
	at junit.framework.TestResult.runProtected(TestResult.java:124)
	at junit.extensions.TestSetup.run(TestSetup.java:25)
	at junit.extensions.TestDecorator.basicRun(TestDecorator.java:24)
	at junit.extensions.TestSetup$1.protect(TestSetup.java:21)
	at junit.framework.TestResult.runProtected(TestResult.java:124)
	at junit.extensions.TestSetup.run(TestSetup.java:25)
	at junit.extensions.TestDecorator.basicRun(TestDecorator.java:24)
	at junit.extensions.TestSetup$1.protect(TestSetup.java:21)
	at junit.framework.TestResult.runProtected(TestResult.java:124)
	at junit.extensions.TestSetup.run(TestSetup.java:25)
	at junit.framework.TestSuite.runTest(TestSuite.java:230)
	at junit.framework.TestSuite.run(TestSuite.java:225)
	at junit.framework.TestSuite.runTest(TestSuite.java:230)
	at junit.framework.TestSuite.run(TestSuite.java:225)
	at junit.framework.TestSuite.runTest(TestSuite.java:230)
	at junit.framework.TestSuite.run(TestSuite.java:225)
	at org.apache.tools.ant.taskdefs.optional.junit.JUnitTestRunner.run(JUnitTestRunner.java:532)
	at org.apache.tools.ant.taskdefs.optional.junit.JUnitTestRunner.launch(JUnitTestRunner.java:1179)
	at org.apache.tools.ant.taskdefs.optional.junit.JUnitTestRunner.main(JUnitTestRunner.java:1030)
&lt;/pre&gt;
&lt;/div&gt;&lt;/div&gt;</comment>
                            <comment id="14135158" author="knutanders" created="Tue, 16 Sep 2014 08:56:48 +0000"  >&lt;p&gt;There were some other similar test failures in the same test run:&lt;/p&gt;

&lt;div class=&quot;preformatted panel&quot; style=&quot;border-width: 1px;&quot;&gt;&lt;div class=&quot;preformattedContent panelContent&quot;&gt;
&lt;pre&gt;Failed Statement is: update media set name = &apos;Mon Liza&apos;, description = &apos;Something snarky.&apos; where mediaID = 1
org.apache.derby.shared.common.sanity.AssertFailure: ASSERT FAILED ByteCode Conditional then/else stack depths differ then:3 else: 4
if stack:
[org.apache.derby.iapi.sql.execute.ExecRow, 7, Lorg/apache/derby/iapi/sql/execute/ExecRow;, org/apache/derby/iapi/sql/execute/ExecRow]
[int, 2, I, I]
[org.apache.derby.iapi.types.UserDataValue, 7, Lorg/apache/derby/iapi/types/UserDataValue;, org/apache/derby/iapi/types/UserDataValue]
else stack:
[org.apache.derby.iapi.sql.execute.ExecRow, 7, Lorg/apache/derby/iapi/sql/execute/ExecRow;, org/apache/derby/iapi/sql/execute/ExecRow]
[int, 2, I, I]
[org.apache.derby.iapi.types.UserDataValue, 7, Lorg/apache/derby/iapi/types/UserDataValue;, org/apache/derby/iapi/types/UserDataValue]
[org.apache.derby.iapi.types.UserDataValue, 7, Lorg/apache/derby/iapi/types/UserDataValue;, org/apache/derby/iapi/types/UserDataValue]

	at org.apache.derby.shared.common.sanity.SanityManager.THROWASSERT(SanityManager.java:162)
	at org.apache.derby.shared.common.sanity.SanityManager.THROWASSERT(SanityManager.java:147)
	at org.apache.derby.impl.services.bytecode.Conditional.end(Conditional.java:227)
	at org.apache.derby.impl.services.bytecode.BCMethod.completeConditional(BCMethod.java:1055)
	at org.apache.derby.impl.sql.compile.JavaToSQLValueNode.generateExpression(JavaToSQLValueNode.java:172)
	at org.apache.derby.impl.sql.compile.CastNode.generateExpression(CastNode.java:885)
	at org.apache.derby.impl.sql.compile.ResultColumn.generateExpression(ResultColumn.java:1061)
	at org.apache.derby.impl.sql.compile.ResultColumnList.generateEvaluatedRow(ResultColumnList.java:1458)
	at org.apache.derby.impl.sql.compile.ResultColumnList.generateCore(ResultColumnList.java:1195)
	at org.apache.derby.impl.sql.compile.ResultColumnList.generate(ResultColumnList.java:1149)
	at org.apache.derby.impl.sql.compile.RowResultSetNode.generate(RowResultSetNode.java:878)
	at org.apache.derby.impl.sql.compile.ScrollInsensitiveResultSetNode.generate(ScrollInsensitiveResultSetNode.java:86)
	at org.apache.derby.impl.sql.compile.CursorNode.generate(CursorNode.java:640)
	at org.apache.derby.impl.sql.compile.StatementNode.generate(StatementNode.java:317)
	at org.apache.derby.impl.sql.GenericStatement.prepMinion(GenericStatement.java:549)
	at org.apache.derby.impl.sql.GenericStatement.prepareStorable(GenericStatement.java:687)
	at org.apache.derby.iapi.sql.dictionary.SPSDescriptor.compileStatement(SPSDescriptor.java:373)
	at org.apache.derby.iapi.sql.dictionary.SPSDescriptor.prepareAndRelease(SPSDescriptor.java:264)
	at org.apache.derby.iapi.sql.dictionary.SPSDescriptor.getPreparedStatement(SPSDescriptor.java:739)
	at org.apache.derby.iapi.sql.dictionary.SPSDescriptor.getPreparedStatement(SPSDescriptor.java:655)
	at org.apache.derby.impl.sql.execute.GenericTriggerExecutor.executeSPS(GenericTriggerExecutor.java:171)
	at org.apache.derby.impl.sql.execute.GenericTriggerExecutor.executeWhenClauseAndAction(GenericTriggerExecutor.java:346)
	at org.apache.derby.impl.sql.execute.RowTriggerExecutor.fireTrigger(RowTriggerExecutor.java:113)
	at org.apache.derby.impl.sql.execute.TriggerEventActivator.notifyEvent(TriggerEventActivator.java:272)
	at org.apache.derby.impl.sql.execute.UpdateResultSet.fireAfterTriggers(UpdateResultSet.java:831)
	at org.apache.derby.impl.sql.execute.UpdateResultSet.open(UpdateResultSet.java:282)
	at org.apache.derby.impl.sql.GenericPreparedStatement.executeStmt(GenericPreparedStatement.java:470)
	at org.apache.derby.impl.sql.GenericPreparedStatement.execute(GenericPreparedStatement.java:349)
	at org.apache.derby.impl.jdbc.EmbedStatement.executeStatement(EmbedStatement.java:1338)
	at org.apache.derby.impl.jdbc.EmbedStatement.execute(EmbedStatement.java:704)
	at org.apache.derby.impl.jdbc.EmbedStatement.executeLargeUpdate(EmbedStatement.java:181)
	at org.apache.derby.impl.jdbc.EmbedStatement.executeUpdate(EmbedStatement.java:170)
	at org.apache.derbyTesting.functionTests.tests.upgradeTests.BasicSetup.testDERBY5121TriggerTest2(BasicSetup.java:386)
&lt;/pre&gt;
&lt;/div&gt;&lt;/div&gt;

&lt;div class=&quot;preformatted panel&quot; style=&quot;border-width: 1px;&quot;&gt;&lt;div class=&quot;preformattedContent panelContent&quot;&gt;
&lt;pre&gt;org.apache.derby.shared.common.sanity.AssertFailure: ASSERT FAILED ByteCode Conditional then/else stack depths differ then:1 else: 2
if stack:
[org.apache.derby.iapi.types.UserDataValue, 7, Lorg/apache/derby/iapi/types/UserDataValue;, org/apache/derby/iapi/types/UserDataValue]
else stack:
[org.apache.derby.iapi.types.UserDataValue, 7, Lorg/apache/derby/iapi/types/UserDataValue;, org/apache/derby/iapi/types/UserDataValue]
[org.apache.derby.iapi.types.UserDataValue, 7, Lorg/apache/derby/iapi/types/UserDataValue;, org/apache/derby/iapi/types/UserDataValue]

	at org.apache.derby.shared.common.sanity.SanityManager.THROWASSERT(SanityManager.java:162)
	at org.apache.derby.shared.common.sanity.SanityManager.THROWASSERT(SanityManager.java:147)
	at org.apache.derby.impl.services.bytecode.Conditional.end(Conditional.java:227)
	at org.apache.derby.impl.services.bytecode.BCMethod.completeConditional(BCMethod.java:1055)
	at org.apache.derby.impl.sql.compile.JavaToSQLValueNode.generateExpression(JavaToSQLValueNode.java:172)
	at org.apache.derby.impl.sql.compile.CastNode.generateExpression(CastNode.java:885)
	at org.apache.derby.impl.sql.compile.BinaryRelationalOperatorNode.generateQualMethod(BinaryRelationalOperatorNode.java:890)
	at org.apache.derby.impl.sql.compile.PredicateList.generateSingleQualifierCode(PredicateList.java:2807)
	at org.apache.derby.impl.sql.compile.PredicateList.generateQualifiers(PredicateList.java:3073)
	at org.apache.derby.impl.sql.compile.BaseJoinStrategy.fillInScanArgs1(BaseJoinStrategy.java:106)
	at org.apache.derby.impl.sql.compile.NestedLoopJoinStrategy.getScanArgs(NestedLoopJoinStrategy.java:256)
	at org.apache.derby.impl.sql.compile.FromBaseTable.getScanArguments(FromBaseTable.java:3808)
	at org.apache.derby.impl.sql.compile.FromBaseTable.generateResultSet(FromBaseTable.java:3498)
	at org.apache.derby.impl.sql.compile.FromBaseTable.generate(FromBaseTable.java:3425)
	at org.apache.derby.impl.sql.compile.ProjectRestrictNode.generateMinion(ProjectRestrictNode.java:1367)
	at org.apache.derby.impl.sql.compile.ProjectRestrictNode.generate(ProjectRestrictNode.java:1319)
	at org.apache.derby.impl.sql.compile.ProjectRestrictNode.generateMinion(ProjectRestrictNode.java:1464)
	at org.apache.derby.impl.sql.compile.ProjectRestrictNode.generate(ProjectRestrictNode.java:1319)
	at org.apache.derby.impl.sql.compile.UpdateNode.generate(UpdateNode.java:1028)
	at org.apache.derby.impl.sql.compile.StatementNode.generate(StatementNode.java:317)
	at org.apache.derby.impl.sql.GenericStatement.prepMinion(GenericStatement.java:549)
	at org.apache.derby.impl.sql.GenericStatement.prepareStorable(GenericStatement.java:687)
	at org.apache.derby.iapi.sql.dictionary.SPSDescriptor.compileStatement(SPSDescriptor.java:373)
	at org.apache.derby.iapi.sql.dictionary.SPSDescriptor.prepareAndRelease(SPSDescriptor.java:264)
	at org.apache.derby.iapi.sql.dictionary.SPSDescriptor.getPreparedStatement(SPSDescriptor.java:739)
	at org.apache.derby.iapi.sql.dictionary.SPSDescriptor.getPreparedStatement(SPSDescriptor.java:655)
	at org.apache.derby.impl.sql.execute.GenericTriggerExecutor.executeSPS(GenericTriggerExecutor.java:171)
	at org.apache.derby.impl.sql.execute.GenericTriggerExecutor.executeWhenClauseAndAction(GenericTriggerExecutor.java:346)
	at org.apache.derby.impl.sql.execute.RowTriggerExecutor.fireTrigger(RowTriggerExecutor.java:113)
	at org.apache.derby.impl.sql.execute.TriggerEventActivator.notifyEvent(TriggerEventActivator.java:272)
	at org.apache.derby.impl.sql.execute.UpdateResultSet.fireAfterTriggers(UpdateResultSet.java:831)
	at org.apache.derby.impl.sql.execute.UpdateResultSet.open(UpdateResultSet.java:282)
	at org.apache.derby.impl.sql.GenericPreparedStatement.executeStmt(GenericPreparedStatement.java:470)
	at org.apache.derby.impl.sql.GenericPreparedStatement.execute(GenericPreparedStatement.java:349)
	at org.apache.derby.impl.jdbc.EmbedStatement.executeStatement(EmbedStatement.java:1338)
	at org.apache.derby.impl.jdbc.EmbedStatement.execute(EmbedStatement.java:704)
	at org.apache.derby.impl.jdbc.EmbedStatement.executeLargeUpdate(EmbedStatement.java:181)
	at org.apache.derby.impl.jdbc.EmbedStatement.executeUpdate(EmbedStatement.java:170)
	at org.apache.derbyTesting.functionTests.tests.upgradeTests.BasicSetup.testDERBY5289TriggerUpgradeFormat(BasicSetup.java:1923)
&lt;/pre&gt;
&lt;/div&gt;&lt;/div&gt;

&lt;div class=&quot;preformatted panel&quot; style=&quot;border-width: 1px;&quot;&gt;&lt;div class=&quot;preformattedContent panelContent&quot;&gt;
&lt;pre&gt;Failed Statement is: create trigger d534_tr1 after insert on d534_t1 referencing new as new for each row mode db2sql when (new.x &amp;lt;&amp;gt; 2) insert into d534_t2 values new.x
org.apache.derby.shared.common.sanity.AssertFailure: ASSERT FAILED ByteCode Conditional then/else stack depths differ then:5 else: 6
if stack:
[org.apache.derby.iapi.sql.execute.ExecRow, 7, Lorg/apache/derby/iapi/sql/execute/ExecRow;, org/apache/derby/iapi/sql/execute/ExecRow]
[int, 2, I, I]
[org.apache.derby.iapi.types.DataValueDescriptor, 7, Lorg/apache/derby/iapi/types/DataValueDescriptor;, org/apache/derby/iapi/types/DataValueDescriptor]
[org.apache.derby.iapi.types.DataValueDescriptor, 7, Lorg/apache/derby/iapi/types/DataValueDescriptor;, org/apache/derby/iapi/types/DataValueDescriptor]
[org.apache.derby.iapi.types.UserDataValue, 7, Lorg/apache/derby/iapi/types/UserDataValue;, org/apache/derby/iapi/types/UserDataValue]
else stack:
[org.apache.derby.iapi.sql.execute.ExecRow, 7, Lorg/apache/derby/iapi/sql/execute/ExecRow;, org/apache/derby/iapi/sql/execute/ExecRow]
[int, 2, I, I]
[org.apache.derby.iapi.types.DataValueDescriptor, 7, Lorg/apache/derby/iapi/types/DataValueDescriptor;, org/apache/derby/iapi/types/DataValueDescriptor]
[org.apache.derby.iapi.types.DataValueDescriptor, 7, Lorg/apache/derby/iapi/types/DataValueDescriptor;, org/apache/derby/iapi/types/DataValueDescriptor]
[org.apache.derby.iapi.types.UserDataValue, 7, Lorg/apache/derby/iapi/types/UserDataValue;, org/apache/derby/iapi/types/UserDataValue]
[org.apache.derby.iapi.types.UserDataValue, 7, Lorg/apache/derby/iapi/types/UserDataValue;, org/apache/derby/iapi/types/UserDataValue]

	at org.apache.derby.shared.common.sanity.SanityManager.THROWASSERT(SanityManager.java:162)
	at org.apache.derby.shared.common.sanity.SanityManager.THROWASSERT(SanityManager.java:147)
	at org.apache.derby.impl.services.bytecode.Conditional.end(Conditional.java:227)
	at org.apache.derby.impl.services.bytecode.BCMethod.completeConditional(BCMethod.java:1055)
	at org.apache.derby.impl.sql.compile.JavaToSQLValueNode.generateExpression(JavaToSQLValueNode.java:172)
	at org.apache.derby.impl.sql.compile.CastNode.generateExpression(CastNode.java:885)
	at org.apache.derby.impl.sql.compile.BinaryOperatorNode.generateExpression(BinaryOperatorNode.java:577)
	at org.apache.derby.impl.sql.compile.ResultColumn.generateExpression(ResultColumn.java:1061)
	at org.apache.derby.impl.sql.compile.ResultColumnList.generateEvaluatedRow(ResultColumnList.java:1458)
	at org.apache.derby.impl.sql.compile.ResultColumnList.generateCore(ResultColumnList.java:1195)
	at org.apache.derby.impl.sql.compile.ResultColumnList.generate(ResultColumnList.java:1149)
	at org.apache.derby.impl.sql.compile.RowResultSetNode.generate(RowResultSetNode.java:878)
	at org.apache.derby.impl.sql.compile.ScrollInsensitiveResultSetNode.generate(ScrollInsensitiveResultSetNode.java:86)
	at org.apache.derby.impl.sql.compile.CursorNode.generate(CursorNode.java:640)
	at org.apache.derby.impl.sql.compile.StatementNode.generate(StatementNode.java:317)
	at org.apache.derby.impl.sql.GenericStatement.prepMinion(GenericStatement.java:549)
	at org.apache.derby.impl.sql.GenericStatement.prepareStorable(GenericStatement.java:687)
	at org.apache.derby.iapi.sql.dictionary.SPSDescriptor.compileStatement(SPSDescriptor.java:373)
	at org.apache.derby.iapi.sql.dictionary.SPSDescriptor.prepareAndRelease(SPSDescriptor.java:264)
	at org.apache.derby.iapi.sql.dictionary.SPSDescriptor.prepareAndRelease(SPSDescriptor.java:292)
	at org.apache.derby.impl.sql.execute.CreateTriggerConstantAction.createSPS(CreateTriggerConstantAction.java:423)
	at org.apache.derby.impl.sql.execute.CreateTriggerConstantAction.executeConstantAction(CreateTriggerConstantAction.java:340)
	at org.apache.derby.impl.sql.execute.MiscResultSet.open(MiscResultSet.java:61)
	at org.apache.derby.impl.sql.GenericPreparedStatement.executeStmt(GenericPreparedStatement.java:470)
	at org.apache.derby.impl.sql.GenericPreparedStatement.execute(GenericPreparedStatement.java:349)
	at org.apache.derby.impl.jdbc.EmbedStatement.executeStatement(EmbedStatement.java:1338)
	at org.apache.derby.impl.jdbc.EmbedStatement.execute(EmbedStatement.java:704)
	at org.apache.derby.impl.jdbc.EmbedStatement.execute(EmbedStatement.java:631)
	at org.apache.derbyTesting.functionTests.tests.upgradeTests.Changes10_11.testTriggerWhenClause(Changes10_11.java:110)
&lt;/pre&gt;
&lt;/div&gt;&lt;/div&gt;

&lt;p&gt;All of these failures seem to have in common that the top of the if stack has one UserDataValue and the top of the else stack has two UserDataValues.&lt;/p&gt;

&lt;p&gt;All of these failures happened when compiling trigger actions. That was not the case in the originally reported incidence here or in &lt;a href=&quot;https://issues.apache.org/jira/browse/DERBY-6694&quot; title=&quot;Error in DatabaseMetaDataTest.testNumericFunctions&quot; class=&quot;issue-link&quot; data-issue-key=&quot;DERBY-6694&quot;&gt;&lt;del&gt;DERBY-6694&lt;/del&gt;&lt;/a&gt;.&lt;/p&gt;

&lt;p&gt;All of these failures happened in JavaToSQLValueNode.generateExpression() called from CastNode.generateExpression(). That was not the case in the previously reported incidents here or in &lt;a href=&quot;https://issues.apache.org/jira/browse/DERBY-6694&quot; title=&quot;Error in DatabaseMetaDataTest.testNumericFunctions&quot; class=&quot;issue-link&quot; data-issue-key=&quot;DERBY-6694&quot;&gt;&lt;del&gt;DERBY-6694&lt;/del&gt;&lt;/a&gt;, where it happened in StaticMethodCallNode.generateExpression() called from JavaToSQLValueNode.generateExpression().&lt;/p&gt;</comment>
                    </comments>
                <issuelinks>
                            <issuelinktype id="12310000">
                    <name>Duplicate</name>
                                                                <inwardlinks description="is duplicated by">
                                        <issuelink>
            <issuekey id="12732572">DERBY-6694</issuekey>
        </issuelink>
                            </inwardlinks>
                                    </issuelinktype>
                    </issuelinks>
                <attachments>
                            <attachment id="12660641" name="derby-6699-diagnostics.diff" size="2224" author="dagw" created="Fri, 8 Aug 2014 15:40:06 +0000"/>
                    </attachments>
                <subtasks>
                    </subtasks>
                <customfields>
                                                                            <customfield id="customfield_12310310" key="com.atlassian.jira.toolkit:attachments">
                        <customfieldname>Attachment count</customfieldname>
                        <customfieldvalues>
                            <customfieldvalue>1.0</customfieldvalue>
                        </customfieldvalues>
                    </customfield>
                                                                                                                                                                                                                                                                                                                                                                                                                                            <customfield id="customfield_12310200" key="com.atlassian.jira.plugin.system.customfieldtypes:multicheckboxes">
                        <customfieldname>Bug behavior facts</customfieldname>
                        <customfieldvalues>
                                <customfieldvalue key="10369"><![CDATA[Regression Test Failure]]></customfieldvalue>
    
                        </customfieldvalues>
                    </customfield>
                                                                                                                                                                                                                                                                                                                            <customfield id="customfield_12314020" key="com.atlassian.jira.plugins.jira-development-integration-plugin:devsummary">
                        <customfieldname>Development</customfieldname>
                        <customfieldvalues>
                            
                        </customfieldvalues>
                    </customfield>
                                                                                                                        <customfield id="customfield_12313422" key="com.atlassian.jirafisheyeplugin:jobcheckbox">
                        <customfieldname>Enable Automatic Patch Review</customfieldname>
                        <customfieldvalues>
                            <customfieldvalue><![CDATA[false]]></customfieldvalue>

                        </customfieldvalues>
                    </customfield>
                                                                                                                                                                                                                                                                                                                                                                                                                                                                                                                                                                                                                    <customfield id="customfield_12310420" key="com.pyxis.greenhopper.jira:gh-global-rank">
                        <customfieldname>Global Rank</customfieldname>
                        <customfieldvalues>
                            <customfieldvalue>410844</customfieldvalue>
                        </customfieldvalues>
                    </customfield>
                                                                                                                                                                                                                                                                    <customfield id="customfield_12312521" key="com.atlassian.jira.toolkit:LastCommentDate">
                        <customfieldname>Last public comment date</customfieldname>
                        <customfieldvalues>
                            11 years, 10 weeks, 1 day ago
                        </customfieldvalues>
                    </customfield>
                                                                                                                                                                                                                                                                                                <customfield id="customfield_12311820" key="com.pyxis.greenhopper.jira:gh-lexo-rank">
                        <customfieldname>Rank</customfieldname>
                        <customfieldvalues>
                            <customfieldvalue>0|i1yon3:</customfieldvalue>

                        </customfieldvalues>
                    </customfield>
                                                                <customfield id="customfield_12310920" key="com.pyxis.greenhopper.jira:gh-global-rank">
                        <customfieldname>Rank (Obsolete)</customfieldname>
                        <customfieldvalues>
                            <customfieldvalue>410837</customfieldvalue>
                        </customfieldvalues>
                    </customfield>
                                                                                                                                                                                                                                                                                                                                                                                                                                                                                                                                                                                                                                                                                                                                                                <customfield id="customfield_12310050" key="com.atlassian.jira.plugin.system.customfieldtypes:select">
                        <customfieldname>Urgency</customfieldname>
                        <customfieldvalues>
                                <customfieldvalue key="10052"><![CDATA[Normal]]></customfieldvalue>

                        </customfieldvalues>
                    </customfield>
                                                                                            </customfields>
    </item>
</channel>
</rss>