<!-- 
RSS generated by JIRA (8.20.10#820010-sha1:ace47f9899e9ee25d7157d59aa17ab06aee30d3d) at Wed Nov 12 14:51:07 UTC 2025

It is possible to restrict the fields that are returned in this document by specifying the 'field' parameter in your request.
For example, to request only the issue key and summary append 'field=key&field=summary' to the URL of your request.
-->
<rss version="0.92" >
<channel>
    <title>ASF Jira</title>
    <link>https://issues.apache.org/jira</link>
    <description>This file is an XML representation of an issue</description>
    <language>en-uk</language>    <build-info>
        <version>8.20.10</version>
        <build-number>820010</build-number>
        <build-date>22-06-2022</build-date>
    </build-info>


<item>
            <title>[DERBY-3181] isNullable on ResultSetMetaData from DatabaseMetaData.getBestRowIdentifier values are opposite when there is no rows in ResultSet vs. when there is a row.</title>
                <link>https://issues.apache.org/jira/browse/DERBY-3181</link>
                <project id="10594" key="DERBY">Derby</project>
                    <description>&lt;p&gt;With code like the following: &lt;/p&gt;

&lt;p&gt;           DatabaseMetaData dmd = conn.getMetaData(); &lt;br/&gt;
            ResultSet rs = dmd.getBestRowIdentifier(null,&quot;APP&quot;,&quot;a&quot;,3,true);&lt;br/&gt;
            ResultSetMetaData rsmd = rs.getMetaData(); &lt;br/&gt;
            int actualCols = rsmd.getColumnCount(); &lt;br/&gt;
            for (int i = 0; i &amp;lt; actualCols; i++) &lt;/p&gt;
            { 
                 System.out.print(&quot;getColumnName: &quot; + rsmd.getColumnName(i+1) + &quot;, isNullable: &quot;); 
                 System.out.println(rsmd.isNullable(i+1)); 
            } 
&lt;p&gt;The printed values for isNullable returned are opposite of what they are when the getBestRowIdentifier call looks like this:&lt;br/&gt;
            ResultSet rs = dmd.getBestRowIdentifier(null,&quot;APP&quot;,&quot;a&quot;,1,true);&lt;/p&gt;

&lt;p&gt;In the latter case, the values are:&lt;br/&gt;
getColumnName: SCOPE, isNullable: 0&lt;br/&gt;
getColumnName: COLUMN_NAME, isNullable: 1&lt;br/&gt;
getColumnName: DATA_TYPE, isNullable: 0&lt;br/&gt;
getColumnName: TYPE_NAME, isNullable: 1&lt;br/&gt;
getColumnName: COLUMN_SIZE, isNullable: 0&lt;br/&gt;
getColumnName: BUFFER_LENGTH, isNullable: 0&lt;br/&gt;
getColumnName: DECIMAL_DIGITS, isNullable: 0&lt;br/&gt;
getColumnName: PSEUDO_COLUMN, isNullable: 0&lt;/p&gt;

&lt;p&gt;In the first case, the values are:&lt;br/&gt;
getColumnName: SCOPE, isNullable: 1&lt;br/&gt;
getColumnName: COLUMN_NAME, isNullable: 0&lt;br/&gt;
getColumnName: DATA_TYPE, isNullable: 1&lt;br/&gt;
getColumnName: TYPE_NAME, isNullable: 1&lt;br/&gt;
getColumnName: COLUMN_SIZE, isNullable: 1&lt;br/&gt;
getColumnName: BUFFER_LENGTH, isNullable: 1&lt;br/&gt;
getColumnName: DECIMAL_DIGITS, isNullable: 1&lt;br/&gt;
getColumnName: PSEUDO_COLUMN, isNullable: 1&lt;/p&gt;

&lt;p&gt;The isNullable value should be stable. &lt;br/&gt;
It&apos;s probably worthwhile verifying what the value &lt;b&gt;should&lt;/b&gt; be in the first place.&lt;/p&gt;</description>
                <environment></environment>
        <key id="12381968">DERBY-3181</key>
            <summary>isNullable on ResultSetMetaData from DatabaseMetaData.getBestRowIdentifier values are opposite when there is no rows in ResultSet vs. when there is a row.</summary>
                <type id="1" iconUrl="https://issues.apache.org/jira/secure/viewavatar?size=xsmall&amp;avatarId=21133&amp;avatarType=issuetype">Bug</type>
                                            <priority id="5" iconUrl="https://issues.apache.org/jira/images/icons/priorities/trivial.svg">Trivial</priority>
                        <status id="5" iconUrl="https://issues.apache.org/jira/images/icons/statuses/resolved.png" description="A resolution has been taken, and it is awaiting verification by reporter. From here issues are either reopened, or are closed.">Resolved</status>
                    <statusCategory id="3" key="done" colorName="green"/>
                                    <resolution id="1">Fixed</resolution>
                                        <assignee username="Dnj">Danoja Dias</assignee>
                                    <reporter username="myrna">Myrna van Lunteren</reporter>
                        <labels>
                            <label>derby_triage10_5_2</label>
                    </labels>
                <created>Tue, 6 Nov 2007 23:23:26 +0000</created>
                <updated>Mon, 1 Aug 2016 06:23:30 +0000</updated>
                            <resolved>Wed, 1 Jun 2016 17:07:35 +0000</resolved>
                                    <version>10.4.1.3</version>
                                    <fixVersion>10.13.1.0</fixVersion>
                                    <component>JDBC</component>
                        <due></due>
                            <votes>0</votes>
                                    <watches>5</watches>
                                                                                                                <comments>
                            <comment id="12727586" author="kmarsden" created="Mon, 6 Jul 2009 15:31:12 +0000"  >&lt;p&gt;Triaged for 10.5.2. Set urgency to normal&lt;/p&gt;</comment>
                            <comment id="15268140" author="dnj" created="Tue, 3 May 2016 05:31:18 +0000"  >&lt;p&gt;the argument scope of getBestRowIdentifier(String catalog,String schema,String table,int scope,boolean nullable) method must be 0 or 1 or 2. If not it is not a valid argument and It returns an empty resultset. &lt;br/&gt;
In the latter part of repro.java, scope is 3 and it execute the following prepared query in metadata.properties file.&lt;br/&gt;
 getBestRowIdentifierEmpty=\&lt;br/&gt;
	SELECT SCOPE, COLUMN_NAME, DATA_TYPE, TYPE_NAME, COLUMN_SIZE, \&lt;br/&gt;
		BUFFER_LENGTH, DECIMAL_DIGITS, PSEUDO_COLUMN \&lt;br/&gt;
	FROM (VALUES \&lt;br/&gt;
		(CAST (2  AS SMALLINT), \&lt;br/&gt;
		 CAST (&apos;&apos; AS VARCHAR(128)), \&lt;br/&gt;
		 0, \&lt;br/&gt;
		 CAST (&apos;INT&apos; AS VARCHAR(128)), \&lt;br/&gt;
		 0, \&lt;br/&gt;
		 0,	\&lt;br/&gt;
		 CAST (0 AS SMALLINT), \&lt;br/&gt;
		 CAST (0 AS SMALLINT)) \&lt;br/&gt;
		) AS BESTROWIDENTIFIER( \&lt;br/&gt;
		SCOPE, COLUMN_NAME, DATA_TYPE, TYPE_NAME, COLUMN_SIZE, BUFFER_LENGTH, \&lt;br/&gt;
		DECIMAL_DIGITS, PSEUDO_COLUMN) \&lt;br/&gt;
	WHERE (1=0)&lt;/p&gt;

&lt;p&gt;I think the bug occurs according to the resultset thst returns here.&lt;/p&gt;</comment>
                            <comment id="15270231" author="dnj" created="Wed, 4 May 2016 07:20:03 +0000"  >&lt;p&gt;In the first case of repro.java &lt;br/&gt;
it runs following query for getBestRowIdentifier method,&lt;br/&gt;
getBestRowIdentifierAllColumns=\&lt;br/&gt;
	SELECT \&lt;br/&gt;
		CAST (java.sql.DatabaseMetaData::bestRowSession AS SMALLINT) AS SCOPE, \&lt;br/&gt;
		COLS.COLUMNNAME AS COLUMN_NAME, \&lt;br/&gt;
		COLS.COLUMNDATATYPE.getJDBCTypeId() AS DATA_TYPE, \&lt;br/&gt;
		CAST (COLS.COLUMNDATATYPE.getTypeName() AS VARCHAR(128)) AS TYPE_NAME, \&lt;br/&gt;
		COLS.COLUMNDATATYPE.getMaximumWidth() AS COLUMN_SIZE, \&lt;br/&gt;
		CAST (NULL AS INT) AS BUFFER_LENGTH, \&lt;br/&gt;
		CAST ((CASE WHEN (COLS.COLUMNDATATYPE.getJDBCTypeId() IN ( \&lt;br/&gt;
			java.sql.Types::DECIMAL, java.sql.Types::NUMERIC, \&lt;br/&gt;
			java.sql.Types::INTEGER, java.sql.Types::SMALLINT, \&lt;br/&gt;
			java.sql.Types::TINYINT, java.sql.Types::BIGINT, \&lt;br/&gt;
			java.sql.Types::DATE, java.sql.Types::TIME, \&lt;br/&gt;
			java.sql.Types::TIMESTAMP)) \&lt;br/&gt;
				THEN COLS.COLUMNDATATYPE.getPrecision() \&lt;br/&gt;
				ELSE CAST (NULL AS SMALLINT) END) AS SMALLINT) \&lt;br/&gt;
			AS DECIMAL_DIGITS, \&lt;br/&gt;
		CAST (java.sql.DatabaseMetaData::bestRowNotPseudo AS SMALLINT) AS PSEUDO_COLUMN \&lt;br/&gt;
	FROM SYS.SYSSCHEMAS SCHEMAS, SYS.SYSTABLES TABS,  \&lt;br/&gt;
		SYS.SYSCOLUMNS COLS  \&lt;br/&gt;
	WHERE COLS.REFERENCEID = TABS.TABLEID  \&lt;br/&gt;
	  AND TABS.SCHEMAID = SCHEMAS.SCHEMAID  \&lt;br/&gt;
	  AND ((1=1) OR % IS NOT NULL)  \&lt;br/&gt;
	  AND (SCHEMAS.SCHEMANAME LIKE APP)  \&lt;br/&gt;
	  AND (TABS.TABLENAME=a) \&lt;br/&gt;
	  AND 1 BETWEEN 0 AND 2  \&lt;br/&gt;
	  AND (1&amp;lt;&amp;gt;0 OR NOT COLS.COLUMNDATATYPE.isNullable())&lt;/p&gt;</comment>
                            <comment id="15271696" author="bryanpendleton" created="Thu, 5 May 2016 00:25:43 +0000"  >&lt;p&gt;I had completely misunderstood that this job involved the behavior when&lt;br/&gt;
the &quot;scope&quot; argument was invalid &amp;#8211; thanks for pointing that out!&lt;/p&gt;

&lt;p&gt;Frankly, I don&apos;t understand why we are returning a ResultSet at all&lt;br/&gt;
when the scope is invalid. Why not throw a SQLException instead?&lt;/p&gt;

&lt;p&gt;I looked through the Subversion history, and that behavior of&lt;br/&gt;
getBestRowIdentifier is present in the original version of EmbedDatabaseMetaData.java&lt;br/&gt;
in the original contribution from IBM.&lt;/p&gt;

&lt;p&gt;So this is very old behavior.&lt;/p&gt;

&lt;p&gt;It would be interesting, though, to try this experiment:&lt;br/&gt;
1) Try changing EmbedDatabaseMetaData.getBestRowIdentifier to&lt;br/&gt;
    throw a SQLException if the scope is out of range, rather than&lt;br/&gt;
   executing getBestRowIdentifierEmpty&lt;br/&gt;
2) Run all the regression tests (ant junit-core) and see if any&lt;br/&gt;
   of the regression tests fails due to this change&lt;/p&gt;

&lt;p&gt;That might give us some clues about which sorts of applications, if any,&lt;br/&gt;
depend on being able to call getBestRowIdentifier with an invalid scope value.&lt;/p&gt;</comment>
                            <comment id="15273627" author="dnj" created="Fri, 6 May 2016 04:42:46 +0000"  >&lt;p&gt;Hi Bryan,&lt;/p&gt;

&lt;p&gt;I attached the diff file.&lt;br/&gt;
I changed to throw an exception when scope argument is invalid. I think this is enough to check whether there is any depend on being able to call getBestRowIdentifier with an invalid scope value. &lt;/p&gt;

&lt;p&gt;Should I improve the way it throws the exception. &lt;/p&gt;</comment>
                            <comment id="15273637" author="bryanpendleton" created="Fri, 6 May 2016 05:08:43 +0000"  >&lt;p&gt;This looks great. I will run some tests on my system, &lt;br/&gt;
and let you know what I see, so you can compare to your results.&lt;/p&gt;</comment>
                            <comment id="15273923" author="dnj" created="Fri, 6 May 2016 11:15:33 +0000"  >&lt;p&gt;Hi Bryan,&lt;/p&gt;

&lt;p&gt;It failed here. Still running. What happened in yours?&lt;/p&gt;</comment>
                            <comment id="15274121" author="bryanpendleton" created="Fri, 6 May 2016 14:35:33 +0000"  >&lt;p&gt;With your change applied, I ran &apos;ant junit-core&apos; and saw some test diffs:&lt;/p&gt;

&lt;p&gt;junit-core:&lt;br/&gt;
    &lt;span class=&quot;error&quot;&gt;&amp;#91;junit&amp;#93;&lt;/span&gt; Running org.apache.derbyTesting.junit.EnvTest&lt;br/&gt;
    &lt;span class=&quot;error&quot;&gt;&amp;#91;junit&amp;#93;&lt;/span&gt; Tests run: 18, Failures: 0, Errors: 0, Skipped: 0, Time elapsed: 0.296 sec&lt;br/&gt;
    &lt;span class=&quot;error&quot;&gt;&amp;#91;junit&amp;#93;&lt;/span&gt; Running org.apache.derbyTesting.functionTests.tests.derbynet._Suite&lt;br/&gt;
    &lt;span class=&quot;error&quot;&gt;&amp;#91;junit&amp;#93;&lt;/span&gt; Tests run: 330, Failures: 0, Errors: 0, Skipped: 0, Time elapsed: 102.169 sec&lt;br/&gt;
    &lt;span class=&quot;error&quot;&gt;&amp;#91;junit&amp;#93;&lt;/span&gt; Running org.apache.derbyTesting.functionTests.tests.tools._Suite&lt;br/&gt;
    &lt;span class=&quot;error&quot;&gt;&amp;#91;junit&amp;#93;&lt;/span&gt; Tests run: 127, Failures: 0, Errors: 0, Skipped: 0, Time elapsed: 92.221 sec&lt;br/&gt;
    &lt;span class=&quot;error&quot;&gt;&amp;#91;junit&amp;#93;&lt;/span&gt; Running org.apache.derbyTesting.functionTests.tests.demo._Suite&lt;br/&gt;
    &lt;span class=&quot;error&quot;&gt;&amp;#91;junit&amp;#93;&lt;/span&gt; Tests run: 2, Failures: 0, Errors: 0, Skipped: 0, Time elapsed: 28.37 sec&lt;br/&gt;
    &lt;span class=&quot;error&quot;&gt;&amp;#91;junit&amp;#93;&lt;/span&gt; Running org.apache.derbyTesting.functionTests.tests.lang._Suite&lt;br/&gt;
    &lt;span class=&quot;error&quot;&gt;&amp;#91;junit&amp;#93;&lt;/span&gt; Tests run: 3225, Failures: 0, Errors: 14, Skipped: 0, Time elapsed: 2,976.494 sec&lt;br/&gt;
    &lt;span class=&quot;error&quot;&gt;&amp;#91;junit&amp;#93;&lt;/span&gt; Test org.apache.derbyTesting.functionTests.tests.lang._Suite FAILED&lt;br/&gt;
    &lt;span class=&quot;error&quot;&gt;&amp;#91;junit&amp;#93;&lt;/span&gt; Running org.apache.derbyTesting.functionTests.tests.jdbcapi._Suite&lt;br/&gt;
    &lt;span class=&quot;error&quot;&gt;&amp;#91;junit&amp;#93;&lt;/span&gt; Tests run: 7881, Failures: 0, Errors: 7, Skipped: 0, Time elapsed: 1,526.023 sec&lt;br/&gt;
    &lt;span class=&quot;error&quot;&gt;&amp;#91;junit&amp;#93;&lt;/span&gt; Test org.apache.derbyTesting.functionTests.tests.jdbcapi._Suite FAILED&lt;br/&gt;
    &lt;span class=&quot;error&quot;&gt;&amp;#91;junit&amp;#93;&lt;/span&gt; Running org.apache.derbyTesting.functionTests.tests.store._Suite&lt;br/&gt;
    &lt;span class=&quot;error&quot;&gt;&amp;#91;junit&amp;#93;&lt;/span&gt; Tests run: 346, Failures: 0, Errors: 0, Skipped: 0, Time elapsed: 1,026.574 sec&lt;br/&gt;
    &lt;span class=&quot;error&quot;&gt;&amp;#91;junit&amp;#93;&lt;/span&gt; Running org.apache.derbyTesting.functionTests.tests.engine._Suite&lt;br/&gt;
    &lt;span class=&quot;error&quot;&gt;&amp;#91;junit&amp;#93;&lt;/span&gt; Tests run: 39, Failures: 0, Errors: 0, Skipped: 0, Time elapsed: 96.724 sec&lt;br/&gt;
    &lt;span class=&quot;error&quot;&gt;&amp;#91;junit&amp;#93;&lt;/span&gt; Running org.apache.derbyTesting.functionTests.tests.replicationTests.ReplicationSuite&lt;br/&gt;
    &lt;span class=&quot;error&quot;&gt;&amp;#91;junit&amp;#93;&lt;/span&gt; Tests run: 23, Failures: 0, Errors: 0, Skipped: 0, Time elapsed: 635.49 sec&lt;br/&gt;
    &lt;span class=&quot;error&quot;&gt;&amp;#91;junit&amp;#93;&lt;/span&gt; Running org.apache.derbyTesting.unitTests.junit._Suite&lt;br/&gt;
    &lt;span class=&quot;error&quot;&gt;&amp;#91;junit&amp;#93;&lt;/span&gt; Tests run: 166, Failures: 0, Errors: 0, Skipped: 0, Time elapsed: 1.923 sec&lt;br/&gt;
    &lt;span class=&quot;error&quot;&gt;&amp;#91;junit&amp;#93;&lt;/span&gt; Running org.apache.derbyTesting.functionTests.tests.upgradeTests._Suite&lt;br/&gt;
    &lt;span class=&quot;error&quot;&gt;&amp;#91;junit&amp;#93;&lt;/span&gt; Tests run: 6439, Failures: 14, Errors: 138, Skipped: 0, Time elapsed: 2,170.677 sec&lt;br/&gt;
    &lt;span class=&quot;error&quot;&gt;&amp;#91;junit&amp;#93;&lt;/span&gt; Test org.apache.derbyTesting.functionTests.tests.upgradeTests._Suite FAILED&lt;br/&gt;
    &lt;span class=&quot;error&quot;&gt;&amp;#91;junit&amp;#93;&lt;/span&gt; Running org.apache.derbyTesting.functionTests.suites.EncryptionSuite&lt;br/&gt;
    &lt;span class=&quot;error&quot;&gt;&amp;#91;junit&amp;#93;&lt;/span&gt; Tests run: 203, Failures: 0, Errors: 0, Skipped: 0, Time elapsed: 65.194 sec&lt;/p&gt;

&lt;p&gt;But when I looked at the actual test failures, it turned out that it was&lt;br/&gt;
just the same test, jdbcapi/DatabaseMetaDataTest.java, which was&lt;br/&gt;
failing &amp;#8211; the test suites run that test multiple times, in multiple different&lt;br/&gt;
configurations.&lt;/p&gt;

&lt;p&gt;DatabaseMetaDataTest calls getBestRowIdentifier with an invalid&lt;br/&gt;
scope, intentionally, in order to test it, but was not expecting an exception.&lt;/p&gt;

&lt;p&gt;I changed the test to catch the expected exception for the invalid scope&lt;br/&gt;
(see the testChange.diff patch), and now the tests are running clean.&lt;/p&gt;

&lt;p&gt;Can you try applying the testChange.diff patch to your system and&lt;br/&gt;
see if the test results are improved for you?&lt;/p&gt;</comment>
                            <comment id="15275239" author="dnj" created="Sat, 7 May 2016 13:34:57 +0000"  >&lt;p&gt;Hi Bryan,&lt;/p&gt;

&lt;p&gt;Are they running clean?&lt;br/&gt;
But I got something like this after adding the patch.&lt;/p&gt;

&lt;p&gt;junit-core:&lt;br/&gt;
    &lt;span class=&quot;error&quot;&gt;&amp;#91;junit&amp;#93;&lt;/span&gt; Running org.apache.derbyTesting.junit.EnvTest&lt;br/&gt;
    &lt;span class=&quot;error&quot;&gt;&amp;#91;junit&amp;#93;&lt;/span&gt; Tests run: 18, Failures: 0, Errors: 0, Skipped: 0, Time elapsed: 0.987 sec&lt;br/&gt;
    &lt;span class=&quot;error&quot;&gt;&amp;#91;junit&amp;#93;&lt;/span&gt; Running org.apache.derbyTesting.functionTests.tests.derbynet._Suite&lt;br/&gt;
    &lt;span class=&quot;error&quot;&gt;&amp;#91;junit&amp;#93;&lt;/span&gt; Tests run: 339, Failures: 0, Errors: 0, Skipped: 0, Time elapsed: 863.906 sec&lt;br/&gt;
    &lt;span class=&quot;error&quot;&gt;&amp;#91;junit&amp;#93;&lt;/span&gt; Running org.apache.derbyTesting.functionTests.tests.tools._Suite&lt;br/&gt;
    &lt;span class=&quot;error&quot;&gt;&amp;#91;junit&amp;#93;&lt;/span&gt; Tests run: 127, Failures: 0, Errors: 0, Skipped: 0, Time elapsed: 200.987 sec&lt;br/&gt;
    &lt;span class=&quot;error&quot;&gt;&amp;#91;junit&amp;#93;&lt;/span&gt; Running org.apache.derbyTesting.functionTests.tests.demo._Suite&lt;br/&gt;
    &lt;span class=&quot;error&quot;&gt;&amp;#91;junit&amp;#93;&lt;/span&gt; Tests run: 2, Failures: 0, Errors: 0, Skipped: 0, Time elapsed: 25.368 sec&lt;br/&gt;
    &lt;span class=&quot;error&quot;&gt;&amp;#91;junit&amp;#93;&lt;/span&gt; Running org.apache.derbyTesting.functionTests.tests.lang._Suite&lt;br/&gt;
    &lt;span class=&quot;error&quot;&gt;&amp;#91;junit&amp;#93;&lt;/span&gt; Tests run: 3226, Failures: 0, Errors: 0, Skipped: 0, Time elapsed: 11,455.151 sec&lt;br/&gt;
    &lt;span class=&quot;error&quot;&gt;&amp;#91;junit&amp;#93;&lt;/span&gt; Running org.apache.derbyTesting.functionTests.tests.jdbcapi._Suite&lt;br/&gt;
    &lt;span class=&quot;error&quot;&gt;&amp;#91;junit&amp;#93;&lt;/span&gt; Tests run: 7881, Failures: 0, Errors: 0, Skipped: 0, Time elapsed: 5,330.829 sec&lt;br/&gt;
    &lt;span class=&quot;error&quot;&gt;&amp;#91;junit&amp;#93;&lt;/span&gt; Running org.apache.derbyTesting.functionTests.tests.store._Suite&lt;br/&gt;
    &lt;span class=&quot;error&quot;&gt;&amp;#91;junit&amp;#93;&lt;/span&gt; Tests run: 346, Failures: 0, Errors: 0, Skipped: 0, Time elapsed: 3,127.492 sec&lt;br/&gt;
    &lt;span class=&quot;error&quot;&gt;&amp;#91;junit&amp;#93;&lt;/span&gt; Running org.apache.derbyTesting.functionTests.tests.engine._Suite&lt;br/&gt;
    &lt;span class=&quot;error&quot;&gt;&amp;#91;junit&amp;#93;&lt;/span&gt; Tests run: 39, Failures: 0, Errors: 0, Skipped: 0, Time elapsed: 197.515 sec&lt;br/&gt;
    &lt;span class=&quot;error&quot;&gt;&amp;#91;junit&amp;#93;&lt;/span&gt; Running org.apache.derbyTesting.functionTests.tests.replicationTests.ReplicationSuite&lt;br/&gt;
    &lt;span class=&quot;error&quot;&gt;&amp;#91;junit&amp;#93;&lt;/span&gt; Tests run: 23, Failures: 0, Errors: 0, Skipped: 0, Time elapsed: 1,306.592 sec&lt;br/&gt;
    &lt;span class=&quot;error&quot;&gt;&amp;#91;junit&amp;#93;&lt;/span&gt; Running org.apache.derbyTesting.unitTests.junit._Suite&lt;br/&gt;
    &lt;span class=&quot;error&quot;&gt;&amp;#91;junit&amp;#93;&lt;/span&gt; Tests run: 170, Failures: 0, Errors: 0, Skipped: 0, Time elapsed: 47.173 sec&lt;br/&gt;
    &lt;span class=&quot;error&quot;&gt;&amp;#91;junit&amp;#93;&lt;/span&gt; Running org.apache.derbyTesting.functionTests.tests.upgradeTests._Suite&lt;br/&gt;
    &lt;span class=&quot;error&quot;&gt;&amp;#91;junit&amp;#93;&lt;/span&gt; Tests run: 6439, Failures: 152, Errors: 35, Skipped: 0, Time elapsed: 8,246.18 sec&lt;br/&gt;
    &lt;span class=&quot;error&quot;&gt;&amp;#91;junit&amp;#93;&lt;/span&gt; Test org.apache.derbyTesting.functionTests.tests.upgradeTests._Suite FAILED&lt;br/&gt;
    &lt;span class=&quot;error&quot;&gt;&amp;#91;junit&amp;#93;&lt;/span&gt; Running org.apache.derbyTesting.functionTests.suites.EncryptionSuite&lt;br/&gt;
    &lt;span class=&quot;error&quot;&gt;&amp;#91;junit&amp;#93;&lt;/span&gt; Tests run: 203, Failures: 0, Errors: 0, Skipped: 0, Time elapsed: 199.743 sec&lt;/p&gt;</comment>
                            <comment id="15275261" author="bryanpendleton" created="Sat, 7 May 2016 14:48:43 +0000"  >&lt;p&gt;Indeed, it looks like I am still seeing some problems in the upgradeTests, too.&lt;br/&gt;
But my results are not the same as yours. Can you look in your results?&lt;br/&gt;
You should have a directory named &quot;junit_YYYYMMDD_HHMM&quot; in your trunk&lt;br/&gt;
directory, and in there should be all the results of your testing. There&lt;br/&gt;
should be a file named TEST-org.apache.derbyTesting.functionTests.tests.upgradeTests._Suite.xml&lt;br/&gt;
and that file should have information about each test failure. In that&lt;br/&gt;
file, use your text editor to search for the strings &apos;error message=&apos; and&lt;br/&gt;
&apos;failure message=&apos; to see information about each error and each test failure.&lt;/p&gt;

&lt;p&gt;In my case, my results were:&lt;br/&gt;
    &lt;span class=&quot;error&quot;&gt;&amp;#91;junit&amp;#93;&lt;/span&gt; Tests run: 6439, Failures: 14, Errors: 0, Skipped: 0, Time elapsed: 2,491.535 sec&lt;br/&gt;
    &lt;span class=&quot;error&quot;&gt;&amp;#91;junit&amp;#93;&lt;/span&gt; Test org.apache.derbyTesting.functionTests.tests.upgradeTests._Suite FAILED&lt;/p&gt;

&lt;p&gt;and in my XML file I see only one failure, but the same failure occurred&lt;br/&gt;
all 14 times:&lt;br/&gt;
  &amp;lt;testcase classname=&quot;org.apache.derbyTesting.functionTests.tests.jdbcapi.DatabaseMetaDataTest&quot; name=&quot;testGetTypeInfo&quot; time=&quot;0.147&quot;&amp;gt;&lt;br/&gt;
    &amp;lt;failure message=&quot;Unexpected type DATE&quot; type=&quot;junit.framework.AssertionFailedError&quot;&amp;gt;junit.framework.AssertionFailedError: Unexpected type DATE&lt;br/&gt;
        at org.apache.derbyTesting.functionTests.tests.jdbcapi.DatabaseMetaDataTest.testGetTypeInfo(DatabaseMetaDataTest.java:2346)&lt;br/&gt;
        at org.apache.derbyTesting.junit.BaseTestCase.runBare(BaseTestCase.java:120)&lt;br/&gt;
...&lt;/p&gt;

&lt;p&gt;I will have to study this some more; I am not sure what is causing this&lt;br/&gt;
particular test to fail, and why it occurs only during the upgrade testing.&lt;/p&gt;

&lt;p&gt;What do your errors and failures look like?+&lt;/p&gt;</comment>
                            <comment id="15275333" author="bryanpendleton" created="Sat, 7 May 2016 18:30:12 +0000"  >&lt;p&gt;Hi Danoja, it appears that my test failures are actually caused by &lt;a href=&quot;https://issues.apache.org/jira/browse/DERBY-6856&quot; title=&quot;Make it possible to build Derby using JDK 9&quot; class=&quot;issue-link&quot; data-issue-key=&quot;DERBY-6856&quot;&gt;&lt;del&gt;DERBY-6856&lt;/del&gt;&lt;/a&gt;, and are not related to our work on this issue. If you are&lt;br/&gt;
getting &quot;Unexpected type DATE&quot; in your upgrade tests, it is because&lt;br/&gt;
of &lt;a href=&quot;https://issues.apache.org/jira/browse/DERBY-6856&quot; title=&quot;Make it possible to build Derby using JDK 9&quot; class=&quot;issue-link&quot; data-issue-key=&quot;DERBY-6856&quot;&gt;&lt;del&gt;DERBY-6856&lt;/del&gt;&lt;/a&gt;. I will work on that problem separately.&lt;/p&gt;</comment>
                            <comment id="15275839" author="dnj" created="Mon, 9 May 2016 01:29:06 +0000"  >&lt;p&gt;Hi Bryan,&lt;/p&gt;

&lt;p&gt;I am getting many failures like following. I have not added all of them here.  Why do they differ from you?&lt;/p&gt;

&lt;p&gt;&amp;lt;testcase classname=&quot;org.apache.derbyTesting.functionTests.tests.upgradeTests.BasicSetup&quot; name=&quot;testOldVersion&quot; time=&quot;0.035&quot;&amp;gt;&lt;br/&gt;
    &amp;lt;failure message=&quot;Old minor (driver):  expected:&amp;lt;1&amp;gt; but was:&amp;lt;13&amp;gt;&quot; type=&quot;junit.framework.AssertionFailedError&quot;&amp;gt;junit.framework.AssertionFailedError: Old minor (driver):  expected:&amp;lt;1&amp;gt; but was:&amp;lt;13&amp;gt;&lt;/p&gt;


&lt;p&gt;&amp;lt;testcase classname=&quot;org.apache.derbyTesting.functionTests.tests.upgradeTests.Changes10_2&quot; name=&quot;testDatabaseOwnerChange&quot; time=&quot;0.042&quot;&amp;gt;&lt;br/&gt;
    &amp;lt;failure message=&quot;AUTHORIZATIONID not valid for SYSIBM expected:&amp;lt;&lt;span class=&quot;error&quot;&gt;&amp;#91;DBA&amp;#93;&lt;/span&gt;&amp;gt; but was:&amp;lt;&lt;span class=&quot;error&quot;&gt;&amp;#91;APP&amp;#93;&lt;/span&gt;&amp;gt;&quot; type=&quot;junit.framework.ComparisonFailure&quot;&amp;gt;junit.framework.ComparisonFailure: AUTHORIZATIONID not valid for SYSIBM expected:&amp;lt;&lt;span class=&quot;error&quot;&gt;&amp;#91;DBA&amp;#93;&lt;/span&gt;&amp;gt; but was:&amp;lt;&lt;span class=&quot;error&quot;&gt;&amp;#91;APP&amp;#93;&lt;/span&gt;&amp;gt;&lt;/p&gt;



&lt;p&gt;  &amp;lt;testcase classname=&quot;org.apache.derbyTesting.functionTests.tests.upgradeTests.Changes10_4&quot; name=&quot;testErrorMessage&quot; time=&quot;0.327&quot;&amp;gt;&lt;br/&gt;
    &amp;lt;failure message=&quot;expected error while creating unique constraint over nullable column&quot; type=&quot;junit.framework.AssertionFailedError&quot;&amp;gt;junit.framework.AssertionFailedError: expected error while creating unique constraint over nullable column&lt;/p&gt;</comment>
                            <comment id="15294841" author="dnj" created="Sat, 21 May 2016 08:23:02 +0000"  >&lt;p&gt;Hi Bryan,&lt;br/&gt;
I ran the test again after updating the repositary. Then no failures found. &lt;br/&gt;
Test result is like this.&lt;br/&gt;
junit-core:&lt;br/&gt;
    &lt;span class=&quot;error&quot;&gt;&amp;#91;junit&amp;#93;&lt;/span&gt; Running org.apache.derbyTesting.junit.EnvTest&lt;br/&gt;
    &lt;span class=&quot;error&quot;&gt;&amp;#91;junit&amp;#93;&lt;/span&gt; Tests run: 18, Failures: 0, Errors: 0, Skipped: 0, Time elapsed: 0.314 sec&lt;br/&gt;
    &lt;span class=&quot;error&quot;&gt;&amp;#91;junit&amp;#93;&lt;/span&gt; Running org.apache.derbyTesting.functionTests.tests.derbynet._Suite&lt;br/&gt;
    &lt;span class=&quot;error&quot;&gt;&amp;#91;junit&amp;#93;&lt;/span&gt; Tests run: 339, Failures: 0, Errors: 0, Skipped: 0, Time elapsed: 565.378 sec&lt;br/&gt;
    &lt;span class=&quot;error&quot;&gt;&amp;#91;junit&amp;#93;&lt;/span&gt; Running org.apache.derbyTesting.functionTests.tests.tools._Suite&lt;br/&gt;
    &lt;span class=&quot;error&quot;&gt;&amp;#91;junit&amp;#93;&lt;/span&gt; Tests run: 127, Failures: 0, Errors: 0, Skipped: 0, Time elapsed: 202.549 sec&lt;br/&gt;
    &lt;span class=&quot;error&quot;&gt;&amp;#91;junit&amp;#93;&lt;/span&gt; Running org.apache.derbyTesting.functionTests.tests.demo._Suite&lt;br/&gt;
    &lt;span class=&quot;error&quot;&gt;&amp;#91;junit&amp;#93;&lt;/span&gt; Tests run: 2, Failures: 0, Errors: 0, Skipped: 0, Time elapsed: 28.831 sec&lt;br/&gt;
    &lt;span class=&quot;error&quot;&gt;&amp;#91;junit&amp;#93;&lt;/span&gt; Running org.apache.derbyTesting.functionTests.tests.lang._Suite&lt;br/&gt;
    &lt;span class=&quot;error&quot;&gt;&amp;#91;junit&amp;#93;&lt;/span&gt; Tests run: 3226, Failures: 0, Errors: 0, Skipped: 0, Time elapsed: 9,402.799 sec&lt;br/&gt;
    &lt;span class=&quot;error&quot;&gt;&amp;#91;junit&amp;#93;&lt;/span&gt; Running org.apache.derbyTesting.functionTests.tests.jdbcapi._Suite&lt;br/&gt;
    &lt;span class=&quot;error&quot;&gt;&amp;#91;junit&amp;#93;&lt;/span&gt; Tests run: 7881, Failures: 0, Errors: 0, Skipped: 0, Time elapsed: 3,496.768 sec&lt;br/&gt;
    &lt;span class=&quot;error&quot;&gt;&amp;#91;junit&amp;#93;&lt;/span&gt; Running org.apache.derbyTesting.functionTests.tests.store._Suite&lt;br/&gt;
    &lt;span class=&quot;error&quot;&gt;&amp;#91;junit&amp;#93;&lt;/span&gt; Tests run: 346, Failures: 0, Errors: 0, Skipped: 0, Time elapsed: 2,802.678 sec&lt;br/&gt;
    &lt;span class=&quot;error&quot;&gt;&amp;#91;junit&amp;#93;&lt;/span&gt; Running org.apache.derbyTesting.functionTests.tests.engine._Suite&lt;br/&gt;
    &lt;span class=&quot;error&quot;&gt;&amp;#91;junit&amp;#93;&lt;/span&gt; Tests run: 39, Failures: 0, Errors: 0, Skipped: 0, Time elapsed: 202.396 sec&lt;br/&gt;
    &lt;span class=&quot;error&quot;&gt;&amp;#91;junit&amp;#93;&lt;/span&gt; Running org.apache.derbyTesting.functionTests.tests.replicationTests.ReplicationSuite&lt;br/&gt;
    &lt;span class=&quot;error&quot;&gt;&amp;#91;junit&amp;#93;&lt;/span&gt; Tests run: 23, Failures: 0, Errors: 0, Skipped: 0, Time elapsed: 1,391.063 sec&lt;br/&gt;
    &lt;span class=&quot;error&quot;&gt;&amp;#91;junit&amp;#93;&lt;/span&gt; Running org.apache.derbyTesting.unitTests.junit._Suite&lt;br/&gt;
    &lt;span class=&quot;error&quot;&gt;&amp;#91;junit&amp;#93;&lt;/span&gt; Tests run: 170, Failures: 0, Errors: 0, Skipped: 0, Time elapsed: 48.206 sec&lt;br/&gt;
    &lt;span class=&quot;error&quot;&gt;&amp;#91;junit&amp;#93;&lt;/span&gt; Running org.apache.derbyTesting.functionTests.tests.upgradeTests._Suite&lt;br/&gt;
    &lt;span class=&quot;error&quot;&gt;&amp;#91;junit&amp;#93;&lt;/span&gt; Tests run: 6439, Failures: 0, Errors: 0, Skipped: 0, Time elapsed: 8,327.352 sec&lt;br/&gt;
    &lt;span class=&quot;error&quot;&gt;&amp;#91;junit&amp;#93;&lt;/span&gt; Running org.apache.derbyTesting.functionTests.suites.EncryptionSuite&lt;br/&gt;
    &lt;span class=&quot;error&quot;&gt;&amp;#91;junit&amp;#93;&lt;/span&gt; Tests run: 203, Failures: 0, Errors: 0, Skipped: 0, Time elapsed: 203.698 sec&lt;/p&gt;

&lt;p&gt;Can we do the commits and change the status to resolved?&lt;/p&gt;</comment>
                            <comment id="15295090" author="bryanpendleton" created="Sat, 21 May 2016 15:55:59 +0000"  >&lt;p&gt;Hi Danoja, it is great to hear that the tests are working better now in your environment.&lt;/p&gt;

&lt;p&gt;I think that, to move ahead with this change, we need to improve our patch slightly&lt;br/&gt;
so that we use a real Derby message for this error, rather than the hard-coded&lt;br/&gt;
&quot;Invalid scope&quot; string in the experimental patch we&apos;ve been testing.&lt;/p&gt;

&lt;p&gt;This is a good chance to learn how we add a new error message to Derby.&lt;/p&gt;

&lt;p&gt;So this means:&lt;/p&gt;

&lt;p&gt;1) Modify java/shared/org/apache/derby/shared/common/reference/SQLState.java&lt;br/&gt;
    to define a new SQL state value for this error condition. I think you can just&lt;br/&gt;
    follow the pattern that is already in that file; try going to around line 950 in&lt;br/&gt;
   that file, pick a new unused SQLState code (e.g., 42XAT, perhaps?), and give&lt;br/&gt;
   it a friendly name, like LANG_INVALID_ROWID_SCOPE&lt;/p&gt;

&lt;p&gt; 2) Modify java/engine/org/apache/derby/loc/messages.xml to add your message text.&lt;br/&gt;
    Just go to the corresponding location in that file (that is, where your SQLState&lt;br/&gt;
    lines up with the other SQLStates in its range), and add a XML text block that&lt;br/&gt;
    provides a message about the invalid scope value.&lt;/p&gt;

&lt;p&gt;   I think that our error message should take the scope value as an argument, so&lt;br/&gt;
   something like: &quot;Invalid row identifier scope: &lt;/p&gt;
{0}
&lt;p&gt;&quot;&lt;/p&gt;

&lt;p&gt; 3) Then, we want our test code in DatabaseMetaDataTest.java to do more than&lt;br/&gt;
   just catch-and-ignore the SQLException for invalid scope; we want it to check&lt;br/&gt;
   that it got the right message in this case, so we need the catch block to say&lt;br/&gt;
   assertSQLState( ...), like we do elsewhere in those tests (see around lines 3585, say)&lt;/p&gt;

&lt;p&gt;After I add a new message, I always do a complete rebuild by doing&lt;/p&gt;

&lt;p&gt;    ant clobber cleanjars&lt;br/&gt;
   ant all &lt;/p&gt;

&lt;p&gt;Once you think you&apos;ve got your proposed patch all tidied up, and you&apos;ve checked&lt;br/&gt;
that the tests are still passing, please post your proposed final patch for review.&lt;/p&gt;

&lt;p&gt;Thanks!&lt;/p&gt;</comment>
                            <comment id="15297942" author="dnj" created="Tue, 24 May 2016 09:15:58 +0000"  >&lt;p&gt;Hi Bryan,&lt;br/&gt;
I did changes. all tests passed. diff file is attached.&lt;/p&gt;

&lt;p&gt;Thanks&lt;/p&gt;</comment>
                            <comment id="15298153" author="bryanpendleton" created="Tue, 24 May 2016 13:19:39 +0000"  >&lt;p&gt;The patch looks great, thanks for adding the new message! I ran the new&lt;br/&gt;
code with a &apos;sqle.printStackTrace&apos; in the exception block and verified that&lt;br/&gt;
the new message looks fine and has the expected argument value when&lt;br/&gt;
it is thrown. I think we&apos;re good to go with this change; I&apos;ll do a bit more&lt;br/&gt;
testing and commit the change later today.&lt;/p&gt;</comment>
                            <comment id="15298196" author="bryanpendleton" created="Tue, 24 May 2016 13:55:36 +0000"  >&lt;p&gt;It seems like we maybe don&apos;t need the &quot;getBestRowIdentifierEmpty&quot; query&lt;br/&gt;
in org.apache.derby.impl.jdbc.metadata.properties anymore? I think it was&lt;br/&gt;
only referenced by the call to getPreparedQuery() at line 2160 of&lt;br/&gt;
EmbedDatabaseMetaData.java, which now throws the exception instead.&lt;/p&gt;

&lt;p&gt;I think that we could file a separate, new JIRA, which is linked to this bug,&lt;br/&gt;
and which states that we could remove that system query from metadata.properties.&lt;/p&gt;

&lt;p&gt;Or, we could do that as part of this issue.&lt;/p&gt;

&lt;p&gt;Which way would be better?&lt;/p&gt;</comment>
                            <comment id="15298292" author="dnj" created="Tue, 24 May 2016 14:48:52 +0000"  >
&lt;p&gt;I think we should remove from line 887 to line 908 from org.apache.derby.impl.jdbc.metadata.properties. Is there any more to remove that query? If not I think we can do it as a part of this issue. &lt;/p&gt;</comment>
                            <comment id="15299241" author="jira-bot" created="Wed, 25 May 2016 00:36:00 +0000"  >&lt;p&gt;Commit 1745414 from &lt;a href=&quot;https://issues.apache.org/jira/secure/ViewProfile.jspa?name=bryanpendleton&quot; class=&quot;user-hover&quot; rel=&quot;bryanpendleton&quot;&gt;bryanpendleton&lt;/a&gt; in branch &apos;code/trunk&apos;&lt;br/&gt;
[ &lt;a href=&quot;https://svn.apache.org/r1745414&quot; class=&quot;external-link&quot; target=&quot;_blank&quot; rel=&quot;nofollow noopener&quot;&gt;https://svn.apache.org/r1745414&lt;/a&gt; ]&lt;/p&gt;

&lt;p&gt;&lt;a href=&quot;https://issues.apache.org/jira/browse/DERBY-3181&quot; title=&quot;isNullable on ResultSetMetaData from DatabaseMetaData.getBestRowIdentifier values are opposite when there is no rows in ResultSet vs. when there is a row.&quot; class=&quot;issue-link&quot; data-issue-key=&quot;DERBY-3181&quot;&gt;&lt;del&gt;DERBY-3181&lt;/del&gt;&lt;/a&gt;: DatabaseMetaData.getBestRowIdentifier behavior with invalid scope&lt;/p&gt;

&lt;p&gt;This patch was contributed by Danoja Dias (danojadias at gmail dot com)&lt;/p&gt;

&lt;p&gt;The DatabaseMetaData.getBestRowIdentifier method takes a number of arguments,&lt;br/&gt;
including &quot;scope&quot;, which is supposed to be one of the enumerated values:&lt;br/&gt;
bestRowTemporary, bestRowTransaction, and bestRowSession.&lt;/p&gt;

&lt;p&gt;If an invalid scope argument was passed to this method, Derby was returning&lt;br/&gt;
a hard-coded &quot;empty&quot; row identifier, which was slightly different, in detail,&lt;br/&gt;
to the row identifier that is returned for a valid scope argument.&lt;/p&gt;

&lt;p&gt;Since JDBC does not require that we return such a row identifier for an&lt;br/&gt;
invalid scope argument, it seems cleaner and more useful to throw an&lt;br/&gt;
exception with a message indicating that an invalid scope argument was&lt;br/&gt;
passed. The caller can then correct their application to make the call with&lt;br/&gt;
a valid scope argument, and will then receive a valid row identifier.&lt;/p&gt;</comment>
                            <comment id="15299244" author="bryanpendleton" created="Wed, 25 May 2016 00:38:07 +0000"  >&lt;p&gt;I think that &lt;b&gt;should&lt;/b&gt; be all we need to do, but I am not certain.&lt;/p&gt;

&lt;p&gt;Can you please try removing that section as an experiment, and maybe&lt;br/&gt;
do a clean build and some tests, to see if you encounter any problems?&lt;/p&gt;

&lt;p&gt;In the meantime, I think that your existing patch is a clear&lt;br/&gt;
improvement over the current behavior, so I have committed it.&lt;/p&gt;

&lt;p&gt;I suggest that we leave this issue open while you investigate&lt;br/&gt;
whether the query definition can be removed from the properties&lt;br/&gt;
file, or whether it is not as simple as that.&lt;/p&gt;</comment>
                            <comment id="15301623" author="dnj" created="Thu, 26 May 2016 06:38:35 +0000"  >&lt;p&gt;metadata.properties file is changed and all tests passed.&lt;br/&gt;
I attached the diff file. &lt;/p&gt;</comment>
                            <comment id="15310639" author="jira-bot" created="Wed, 1 Jun 2016 16:59:10 +0000"  >&lt;p&gt;Commit 1746487 from &lt;a href=&quot;https://issues.apache.org/jira/secure/ViewProfile.jspa?name=bryanpendleton&quot; class=&quot;user-hover&quot; rel=&quot;bryanpendleton&quot;&gt;bryanpendleton&lt;/a&gt; in branch &apos;code/trunk&apos;&lt;br/&gt;
[ &lt;a href=&quot;https://svn.apache.org/r1746487&quot; class=&quot;external-link&quot; target=&quot;_blank&quot; rel=&quot;nofollow noopener&quot;&gt;https://svn.apache.org/r1746487&lt;/a&gt; ]&lt;/p&gt;

&lt;p&gt;&lt;a href=&quot;https://issues.apache.org/jira/browse/DERBY-3181&quot; title=&quot;isNullable on ResultSetMetaData from DatabaseMetaData.getBestRowIdentifier values are opposite when there is no rows in ResultSet vs. when there is a row.&quot; class=&quot;issue-link&quot; data-issue-key=&quot;DERBY-3181&quot;&gt;&lt;del&gt;DERBY-3181&lt;/del&gt;&lt;/a&gt;: DatabaseMetaData.getBestRowIdentifier behavior with invalid scope&lt;/p&gt;

&lt;p&gt;This patch was contributed by Danoja Dias (danojadias at gmail dot com)&lt;/p&gt;

&lt;p&gt;This change is a follow-on to revision 1745414, and removes the&lt;br/&gt;
getBestRowIdentifierEmpty query definition from the queries in&lt;br/&gt;
metadata.properties.&lt;/p&gt;</comment>
                            <comment id="15310655" author="bryanpendleton" created="Wed, 1 Jun 2016 17:07:35 +0000"  >&lt;p&gt;We&apos;ve completed the intended work for this issue; resolving.&lt;/p&gt;</comment>
                    </comments>
                <issuelinks>
                            <issuelinktype id="10001">
                    <name>dependent</name>
                                                                <inwardlinks description="is depended upon by">
                                        <issuelink>
            <issuekey id="12939001">DERBY-6870</issuekey>
        </issuelink>
                            </inwardlinks>
                                    </issuelinktype>
                    </issuelinks>
                <attachments>
                            <attachment id="12802603" name="Derby-3181.diff" size="630" author="Dnj" created="Fri, 6 May 2016 04:44:43 +0000"/>
                            <attachment id="12805840" name="Derby3181.diff" size="3548" author="Dnj" created="Tue, 24 May 2016 09:16:48 +0000"/>
                            <attachment id="12806304" name="deleteQuery.diff" size="1090" author="Dnj" created="Thu, 26 May 2016 06:39:21 +0000"/>
                            <attachment id="12369062" name="repro.java" size="4782" author="myrna" created="Tue, 6 Nov 2007 23:24:27 +0000"/>
                            <attachment id="12802686" name="testChange.diff" size="1109" author="bryanpendleton" created="Fri, 6 May 2016 14:35:33 +0000"/>
                    </attachments>
                <subtasks>
                    </subtasks>
                <customfields>
                                                                            <customfield id="customfield_12310310" key="com.atlassian.jira.toolkit:attachments">
                        <customfieldname>Attachment count</customfieldname>
                        <customfieldvalues>
                            <customfieldvalue>5.0</customfieldvalue>
                        </customfieldvalues>
                    </customfield>
                                                                                                                                                                                                                                                                                                                                                                                                                                                                                                                                                                                                                                                                                                                                    <customfield id="customfield_12314020" key="com.atlassian.jira.plugins.jira-development-integration-plugin:devsummary">
                        <customfieldname>Development</customfieldname>
                        <customfieldvalues>
                            
                        </customfieldvalues>
                    </customfield>
                                                                                                                        <customfield id="customfield_12313422" key="com.atlassian.jirafisheyeplugin:jobcheckbox">
                        <customfieldname>Enable Automatic Patch Review</customfieldname>
                        <customfieldvalues>
                            <customfieldvalue><![CDATA[false]]></customfieldvalue>

                        </customfieldvalues>
                    </customfield>
                                                                                                                                                                                                                                                                                                                                                                                                                                                                                                                                                                                                                    <customfield id="customfield_12310420" key="com.pyxis.greenhopper.jira:gh-global-rank">
                        <customfieldname>Global Rank</customfieldname>
                        <customfieldvalues>
                            <customfieldvalue>23483</customfieldvalue>
                        </customfieldvalues>
                    </customfield>
                                                                                                                                                                                <customfield id="customfield_12310090" key="com.atlassian.jira.plugin.system.customfieldtypes:multicheckboxes">
                        <customfieldname>Issue &amp; fix info</customfieldname>
                        <customfieldvalues>
                                <customfieldvalue key="10423"><![CDATA[Newcomer]]></customfieldvalue>
    <customfieldvalue key="10424"><![CDATA[Repro attached]]></customfieldvalue>
    
                        </customfieldvalues>
                    </customfield>
                                                                                                                        <customfield id="customfield_12312521" key="com.atlassian.jira.toolkit:LastCommentDate">
                        <customfieldname>Last public comment date</customfieldname>
                        <customfieldvalues>
                            9 years, 24 weeks, 6 days ago
                        </customfieldvalues>
                    </customfield>
                                                                                                                                                                                                                                                                                                <customfield id="customfield_12311820" key="com.pyxis.greenhopper.jira:gh-lexo-rank">
                        <customfieldname>Rank</customfieldname>
                        <customfieldvalues>
                            <customfieldvalue>0|i06o73:</customfieldvalue>

                        </customfieldvalues>
                    </customfield>
                                                                <customfield id="customfield_12310920" key="com.pyxis.greenhopper.jira:gh-global-rank">
                        <customfieldname>Rank (Obsolete)</customfieldname>
                        <customfieldvalues>
                            <customfieldvalue>36854</customfieldvalue>
                        </customfieldvalues>
                    </customfield>
                                                                                                                                                                                                                                                                                                                                                                                                                                                                                                                                                                                                                                                                                                                                                                <customfield id="customfield_12310050" key="com.atlassian.jira.plugin.system.customfieldtypes:select">
                        <customfieldname>Urgency</customfieldname>
                        <customfieldvalues>
                                <customfieldvalue key="10052"><![CDATA[Normal]]></customfieldvalue>

                        </customfieldvalues>
                    </customfield>
                                                                                            </customfields>
    </item>
</channel>
</rss>