diff --git a/system_test/mirror_maker_testsuite/mirror_maker_test.py b/system_test/mirror_maker_testsuite/mirror_maker_test.py
index c0117c64cb..48f9ff6b28 100644
--- a/system_test/mirror_maker_testsuite/mirror_maker_test.py
+++ b/system_test/mirror_maker_testsuite/mirror_maker_test.py
@@ -315,6 +315,7 @@ class MirrorMakerTest(ReplicationUtils, SetupUtils):
             except Exception as e:
                 self.log_message("Exception while running test {0}".format(e))
                 traceback.print_exc()
+                self.testcaseEnv.validationStatusDict["Test completed"] = "FAILED"
 
             finally:
                 if not skipThisTestCase and not self.systemTestEnv.printTestDescriptionsOnly:
diff --git a/system_test/offset_management_testsuite/offset_management_test.py b/system_test/offset_management_testsuite/offset_management_test.py
index 12b5cd2514..aa389105aa 100644
--- a/system_test/offset_management_testsuite/offset_management_test.py
+++ b/system_test/offset_management_testsuite/offset_management_test.py
@@ -290,6 +290,7 @@ class OffsetManagementTest(ReplicationUtils, SetupUtils):
             except Exception as e:
                 self.log_message("Exception while running test {0}".format(e))
                 traceback.print_exc()
+                self.testcaseEnv.validationStatusDict["Test completed"] = "FAILED"
 
             finally:
                 if not skipThisTestCase and not self.systemTestEnv.printTestDescriptionsOnly:
diff --git a/system_test/replication_testsuite/replica_basic_test.py b/system_test/replication_testsuite/replica_basic_test.py
index 660006cc25..16a24a4070 100644
--- a/system_test/replication_testsuite/replica_basic_test.py
+++ b/system_test/replication_testsuite/replica_basic_test.py
@@ -451,6 +451,8 @@ class ReplicaBasicTest(ReplicationUtils, SetupUtils):
             except Exception as e:
                 self.log_message("Exception while running test {0}".format(e))
                 traceback.print_exc()
+                self.testcaseEnv.validationStatusDict["Test completed"] = "FAILED"
+
 
             finally:
                 if not skipThisTestCase and not self.systemTestEnv.printTestDescriptionsOnly:
diff --git a/system_test/system_test_runner.py b/system_test/system_test_runner.py
index ee7aa25233..5078d4479f 100644
--- a/system_test/system_test_runner.py
+++ b/system_test/system_test_runner.py
@@ -199,6 +199,6 @@ def main():
 # main entry point
 # =========================
 
-main()
+sys.exit(main())
 
 
diff --git a/system_test/utils/kafka_system_test_utils.py b/system_test/utils/kafka_system_test_utils.py
index 1093b660eb..41d511cbc3 100644
--- a/system_test/utils/kafka_system_test_utils.py
+++ b/system_test/utils/kafka_system_test_utils.py
@@ -2400,6 +2400,9 @@ def validate_index_log(systemTestEnv, testcaseEnv, clusterName="source"):
                                 logger.debug("#### error found [" + line + "]", extra=d)
                                 failureCount += 1
                                 showMismatchedIndexOffset = True
+                        if subproc.wait() != 0:
+                            logger.debug("#### error found [DumpLogSegments exited abnormally]", extra=d)
+                            failureCount += 1
 
     if failureCount == 0:
         validationStatusDict["Validate index log in cluster [" + clusterName + "]"] = "PASSED"
