<!-- 
RSS generated by JIRA (8.20.10#820010-sha1:ace47f9899e9ee25d7157d59aa17ab06aee30d3d) at Tue Nov 11 10:57:47 UTC 2025

It is possible to restrict the fields that are returned in this document by specifying the 'field' parameter in your request.
For example, to request only the issue key and summary append 'field=key&field=summary' to the URL of your request.
-->
<rss version="0.92" >
<channel>
    <title>ASF JIRA</title>
    <link>https://issues.apache.org/jira</link>
    <description>This file is an XML representation of an issue</description>
    <language>en-uk</language>    <build-info>
        <version>8.20.10</version>
        <build-number>820010</build-number>
        <build-date>22-06-2022</build-date>
    </build-info>


<item>
            <title>[BEAM-7063] Stage Dataflow runner harness in Dataflow FnApi Python test suites that run using an unreleased SDK.</title>
                <link>https://issues.apache.org/jira/browse/BEAM-7063</link>
                <project id="12319527" key="BEAM">Beam</project>
                    <description>&lt;p&gt;Seems like this was the first&#160;post-commit failure:&#160;&lt;a href=&quot;https://builds.apache.org/view/A-D/view/Beam/view/PostCommit/job/beam_PostCommit_Python_Verify/7855/&quot; class=&quot;external-link&quot; target=&quot;_blank&quot; rel=&quot;nofollow noopener&quot;&gt;https://builds.apache.org/view/A-D/view/Beam/view/PostCommit/job/beam_PostCommit_Python_Verify/7855/&lt;/a&gt;&lt;/p&gt;

&lt;p&gt;(the one before this also failed but that looks like a flake)&lt;/p&gt;

&lt;p&gt;&#160;&lt;/p&gt;

&lt;p&gt;&#160;&lt;/p&gt;

&lt;p&gt;Looking at failed tests I noticed that some of the were due to failed Dataflow jobs. I noticed&#160;three issues.&lt;/p&gt;

&lt;p&gt;(1)&#160;Error in Dataflow jobs &quot;This handler is only capable of dealing with urn:beam:sideinput:materialization:multimap:0.1 materializations but was asked to handle beam:side_input:multimap:v1 for PCollectionView with tag side0-FilterOutSpammers.&quot;&lt;/p&gt;

&lt;p&gt;&lt;a href=&quot;https://pantheon.corp.google.com/dataflow/jobsDetail/locations/us-central1/jobs/2019-04-08_17_57_01-16397932959358575026?project=apache-beam-testing&quot; class=&quot;external-link&quot; target=&quot;_blank&quot; rel=&quot;nofollow noopener&quot;&gt;https://pantheon.corp.google.com/dataflow/jobsDetail/locations/us-central1/jobs/2019-04-08_17_57_01-16397932959358575026?project=apache-beam-testing&lt;/a&gt;&lt;/p&gt;

&lt;p&gt;&lt;a href=&quot;https://pantheon.corp.google.com/dataflow/jobsDetail/locations/us-central1/jobs/2019-04-08_18_07_11-1342017143600540529?project=apache-beam-testing&quot; class=&quot;external-link&quot; target=&quot;_blank&quot; rel=&quot;nofollow noopener&quot;&gt;https://pantheon.corp.google.com/dataflow/jobsDetail/locations/us-central1/jobs/2019-04-08_18_07_11-1342017143600540529?project=apache-beam-testing&lt;/a&gt;&lt;/p&gt;

&lt;p&gt;&#160;&lt;/p&gt;

&lt;p&gt;(2)&#160; BigQuery job failures (possibly this is transient)&lt;/p&gt;

&lt;p&gt;&lt;a href=&quot;https://pantheon.corp.google.com/dataflow/jobsDetail/locations/us-central1/jobs/2019-04-08_18_25_22-16437560120793921616?project=apache-beam-testing&quot; class=&quot;external-link&quot; target=&quot;_blank&quot; rel=&quot;nofollow noopener&quot;&gt;https://pantheon.corp.google.com/dataflow/jobsDetail/locations/us-central1/jobs/2019-04-08_18_25_22-16437560120793921616?project=apache-beam-testing&lt;/a&gt;&lt;/p&gt;

&lt;p&gt;&#160;&lt;/p&gt;

&lt;p&gt;(3) Some batch Dataflow jobs timed out and were cancelled (possibly also transient).&lt;/p&gt;

&lt;p&gt;&#160;&lt;/p&gt;

&lt;p&gt;(1) is probably due to&#160;&lt;a href=&quot;https://github.com/apache/beam/commit/684f8130284a7c7979773300d04e5473ca0ac8f3&quot; class=&quot;external-link&quot; target=&quot;_blank&quot; rel=&quot;nofollow noopener&quot;&gt;https://github.com/apache/beam/commit/684f8130284a7c7979773300d04e5473ca0ac8f3&lt;/a&gt;&#160;&lt;/p&gt;

&lt;p&gt;&#160;&lt;/p&gt;

&lt;p&gt;cc: &lt;a href=&quot;https://issues.apache.org/jira/secure/ViewProfile.jspa?name=altay&quot; class=&quot;user-hover&quot; rel=&quot;altay&quot;&gt;altay&lt;/a&gt; &lt;a href=&quot;https://issues.apache.org/jira/secure/ViewProfile.jspa?name=lostluck&quot; class=&quot;user-hover&quot; rel=&quot;lostluck&quot;&gt;lostluck&lt;/a&gt; &lt;a href=&quot;https://issues.apache.org/jira/secure/ViewProfile.jspa?name=alanmyrvold&quot; class=&quot;user-hover&quot; rel=&quot;alanmyrvold&quot;&gt;alanmyrvold&lt;/a&gt;&lt;/p&gt;</description>
                <environment></environment>
        <key id="13227575">BEAM-7063</key>
            <summary>Stage Dataflow runner harness in Dataflow FnApi Python test suites that run using an unreleased SDK.</summary>
                <type id="1" iconUrl="https://issues.apache.org/jira/secure/viewavatar?size=xsmall&amp;avatarId=21133&amp;avatarType=issuetype">Bug</type>
                                            <priority id="10102" iconUrl="https://issues.apache.org/jira/images/icons/priorities/major.svg">P2</priority>
                        <status id="5" iconUrl="https://issues.apache.org/jira/images/icons/statuses/resolved.png" description="A resolution has been taken, and it is awaiting verification by reporter. From here issues are either reopened, or are closed.">Resolved</status>
                    <statusCategory id="3" key="done" colorName="green"/>
                                    <resolution id="1">Fixed</resolution>
                                        <assignee username="tvalentyn">Valentyn Tymofieiev</assignee>
                                    <reporter username="chamikara">Chamikara Madhusanka Jayalath</reporter>
                        <labels>
                            <label>stale-assigned</label>
                    </labels>
                <created>Thu, 11 Apr 2019 23:09:13 +0000</created>
                <updated>Tue, 2 Jun 2020 16:41:28 +0000</updated>
                            <resolved>Tue, 2 Jun 2020 16:41:28 +0000</resolved>
                                                    <fixVersion>Not applicable</fixVersion>
                                    <component>sdk-py-core</component>
                    <component>test-failures</component>
                        <due></due>
                            <votes>0</votes>
                                    <watches>4</watches>
                                                    <progress percentage="100">
                                    <originalProgress>
                                                    <row percentage="0" backgroundColor="#89afd7"/>
                                                    <row percentage="100" backgroundColor="transparent"/>
                                            </originalProgress>
                                                    <currentProgress>
                                                    <row percentage="100" backgroundColor="#51a825"/>
                                                    <row percentage="0" backgroundColor="#ec8e00"/>
                                            </currentProgress>
                            </progress>
                                    <aggregateprogress percentage="100">
                                    <originalProgress>
                                                    <row percentage="0" backgroundColor="#89afd7"/>
                                                    <row percentage="100" backgroundColor="transparent"/>
                                            </originalProgress>
                                                    <currentProgress>
                                                    <row percentage="100" backgroundColor="#51a825"/>
                                                    <row percentage="0" backgroundColor="#ec8e00"/>
                                            </currentProgress>
                            </aggregateprogress>
                                            <timeestimate seconds="0">0h</timeestimate>
                            <timespent seconds="20400">5h 40m</timespent>
                                <comments>
                            <comment id="16818467" author="lcwik" created="Mon, 15 Apr 2019 23:40:46 +0000"  >&lt;p&gt;PR has been merged, example passing run in &lt;a href=&quot;https://builds.apache.org/job/beam_PostCommit_Py_VR_Dataflow_PR/70/&quot; class=&quot;external-link&quot; target=&quot;_blank&quot; rel=&quot;nofollow noopener&quot;&gt;https://builds.apache.org/job/beam_PostCommit_Py_VR_Dataflow_PR/70/&lt;/a&gt;&lt;/p&gt;</comment>
                            <comment id="16819309" author="chamikara" created="Tue, 16 Apr 2019 17:28:29 +0000"  >&lt;p&gt;Looks like one test of postCommit is still failing.&lt;/p&gt;

&lt;p&gt;&lt;a href=&quot;https://builds.apache.org/view/A-D/view/Beam/view/PostCommit/job/beam_PostCommit_Python3_Verify/562/&quot; class=&quot;external-link&quot; target=&quot;_blank&quot; rel=&quot;nofollow noopener&quot;&gt;https://builds.apache.org/view/A-D/view/Beam/view/PostCommit/job/beam_PostCommit_Python3_Verify/562/&lt;/a&gt;&lt;/p&gt;

&lt;p&gt;&lt;a href=&quot;https://scans.gradle.com/s/2jqz3qlygliv4/console-log?task=:beam-sdks-python-test-suites-dataflow-py3:postCommitIT#L29&quot; class=&quot;external-link&quot; target=&quot;_blank&quot; rel=&quot;nofollow noopener&quot;&gt;https://scans.gradle.com/s/2jqz3qlygliv4/console-log?task=:beam-sdks-python-test-suites-dataflow-py3:postCommitIT#L29&lt;/a&gt;&lt;/p&gt;

&lt;p&gt;test_wordcount_fnapi_it (apache_beam.examples.wordcount_it_test.WordCountIT) ... ERROR&lt;/p&gt;

&lt;p&gt;apache_beam.runners.dataflow.dataflow_runner.DataflowRuntimeException: Dataflow pipeline failed. State: FAILED, Error:&lt;br/&gt;
java.lang.IllegalArgumentException: This handler is only capable of dealing with urn:beam:sideinput:materialization:multimap:0.1 materializations but was asked to handle beam:side_input:multimap:v1 for PCollectionView with tag side0-write/Write/WriteImpl/WriteBundles.&lt;br/&gt;
 at org.apache.beam.vendor.guava.v20_0.com.google.common.base.Preconditions.checkArgument(Preconditions.java:399)&lt;br/&gt;
 at org.apache.beam.runners.dataflow.worker.graph.RegisterNodeFunction.transformSideInputForRunner(RegisterNodeFunc&lt;br/&gt;
tion.java:506)&lt;br/&gt;
 at org.apache.beam.runners.dataflow.worker.graph.RegisterNodeFunction.apply(RegisterNodeFunction.java:327)&lt;br/&gt;
 at org.apache.beam.runners.dataflow.worker.graph.RegisterNodeFunction.apply(RegisterNodeFunction.java:97)&lt;br/&gt;
 at java.util.function.Function.lambda$andThen$1(Function.java:88)&lt;br/&gt;
 at org.apache.beam.runners.dataflow.worker.graph.CreateRegisterFnOperationFunction.apply(CreateRegisterFnOperationFunction.java:208)&lt;br/&gt;
 at org.apache.beam.runners.dataflow.worker.graph.CreateRegisterFnOperationFunction.apply(CreateRegisterFnOperationFunction.java:75)&lt;br/&gt;
 at java.util.function.Function.lambda$andThen$1(Function.java:88)&lt;br/&gt;
 at java.util.function.Function.lambda$andThen$1(Function.java:88)&lt;br/&gt;
 at org.apache.beam.runners.dataflow.worker.BatchDataflowWorker.doWork(BatchDataflowWorker.java:347)&lt;br/&gt;
 at org.apache.beam.runners.dataflow.worker.BatchDataflowWorker.getAndPerformWork(BatchDataflowWorker.java:306)&lt;br/&gt;
 at org.apache.beam.runners.dataflow.worker.DataflowRunnerHarness.start(DataflowRunnerHarness.java:195)&lt;br/&gt;
 at org.apache.beam.runners.dataflow.worker.DataflowRunnerHarness.main(DataflowRunnerHarness.java:123)&lt;/p&gt;</comment>
                            <comment id="16819448" author="chamikara" created="Tue, 16 Apr 2019 20:02:32 +0000"  >&lt;p&gt;&lt;a href=&quot;https://issues.apache.org/jira/secure/ViewProfile.jspa?name=tvalentyn&quot; class=&quot;user-hover&quot; rel=&quot;tvalentyn&quot;&gt;tvalentyn&lt;/a&gt; since failing tests seems to be a Python 3 test.&lt;/p&gt;</comment>
                            <comment id="16821531" author="tvalentyn" created="Thu, 18 Apr 2019 22:27:19 +0000"  >&lt;p&gt;Postcommit indeed look red, and PY3 wordcount seems consistently failing, looking what caused the breakage.&lt;/p&gt;</comment>
                            <comment id="16821542" author="tvalentyn" created="Thu, 18 Apr 2019 22:35:23 +0000"  >&lt;p&gt;First precommit failure that includes this faliure: &lt;br/&gt;
&lt;a href=&quot;https://builds.apache.org/job/beam_PostCommit_Python3_Verify/493/consoleFull&quot; class=&quot;external-link&quot; target=&quot;_blank&quot; rel=&quot;nofollow noopener&quot;&gt;https://builds.apache.org/job/beam_PostCommit_Python3_Verify/493/consoleFull&lt;/a&gt;&lt;/p&gt;</comment>
                            <comment id="16821545" author="tvalentyn" created="Thu, 18 Apr 2019 22:39:00 +0000"  >&lt;p&gt;Looking at changes section (&lt;a href=&quot;https://builds.apache.org/job/beam_PostCommit_Python3_Verify/493/&quot; class=&quot;external-link&quot; target=&quot;_blank&quot; rel=&quot;nofollow noopener&quot;&gt;https://builds.apache.org/job/beam_PostCommit_Python3_Verify/493/&lt;/a&gt;) the following commits likely caused the breakage:&lt;/p&gt;

&lt;p&gt;&lt;a href=&quot;https://github.com/apache/beam/commit/684f8130284a7c7979773300d04e5473ca0ac8f3&quot; class=&quot;external-link&quot; target=&quot;_blank&quot; rel=&quot;nofollow noopener&quot;&gt;https://github.com/apache/beam/commit/684f8130284a7c7979773300d04e5473ca0ac8f3&lt;/a&gt;&lt;br/&gt;
&lt;a href=&quot;https://github.com/apache/beam/commit/7d6b7b89f5832d5d375059f9c1980181b443835b&quot; class=&quot;external-link&quot; target=&quot;_blank&quot; rel=&quot;nofollow noopener&quot;&gt;https://github.com/apache/beam/commit/7d6b7b89f5832d5d375059f9c1980181b443835b&lt;/a&gt; &lt;/p&gt;</comment>
                            <comment id="16821549" author="tvalentyn" created="Thu, 18 Apr 2019 22:49:22 +0000"  >&lt;p&gt;I think the next step here is to replicate gradle changes from: &lt;a href=&quot;https://github.com/apache/beam/pull/8313/commits/8bf870ea8803e425cd8fdcf691b7be3f84a4e64e&quot; class=&quot;external-link&quot; target=&quot;_blank&quot; rel=&quot;nofollow noopener&quot;&gt;https://github.com/apache/beam/pull/8313/commits/8bf870ea8803e425cd8fdcf691b7be3f84a4e64e&lt;/a&gt; to the gradle configuration bits responsible for Py3 test suite.&lt;/p&gt;</comment>
                            <comment id="16821624" author="tvalentyn" created="Fri, 19 Apr 2019 02:26:36 +0000"  >&lt;p&gt;Working on a PR to fix this.&lt;/p&gt;</comment>
                            <comment id="16821632" author="tvalentyn" created="Fri, 19 Apr 2019 03:00:30 +0000"  >&lt;p&gt;&lt;a href=&quot;https://github.com/apache/beam/pull/8352&quot; class=&quot;external-link&quot; target=&quot;_blank&quot; rel=&quot;nofollow noopener&quot;&gt;https://github.com/apache/beam/pull/8352&lt;/a&gt; running tests.&lt;/p&gt;</comment>
                            <comment id="16821991" author="udim" created="Fri, 19 Apr 2019 15:20:07 +0000"  >&lt;p&gt;apache_beam.examples.wordcount_it_test.WordCountIT failure on TestDirectRunner is being tracked in &lt;a href=&quot;https://issues.apache.org/jira/browse/BEAM-7111&quot; class=&quot;external-link&quot; rel=&quot;nofollow&quot;&gt;https://issues.apache.org/jira/browse/BEAM-7111&lt;/a&gt;&lt;/p&gt;</comment>
                            <comment id="16822105" author="tvalentyn" created="Fri, 19 Apr 2019 18:13:41 +0000"  >&lt;p&gt;Additional AIs here:&lt;/p&gt;
&lt;ul class=&quot;alternate&quot; type=&quot;square&quot;&gt;
	&lt;li&gt;We need to fix ValidatesContainer suite as well.&lt;/li&gt;
	&lt;li&gt;Postcommit tests running on Release Branches should NOT stage DF worker jar, &lt;a href=&quot;https://issues.apache.org/jira/secure/ViewProfile.jspa?name=lcwik&quot; class=&quot;user-hover&quot; rel=&quot;lcwik&quot;&gt;lcwik&lt;/a&gt; pointed me to isRelease function that we may be able to use to handle this: &lt;a href=&quot;https://github.com/apache/beam/blob/9edd37c8c83731e0158782faae6697b1bbc594c5/buildSrc/src/main/groovy/org/apache/beam/gradle/BeamModulePlugin.groovy#L278&quot; class=&quot;external-link&quot; target=&quot;_blank&quot; rel=&quot;nofollow noopener&quot;&gt;https://github.com/apache/beam/blob/9edd37c8c83731e0158782faae6697b1bbc594c5/buildSrc/src/main/groovy/org/apache/beam/gradle/BeamModulePlugin.groovy#L278&lt;/a&gt;&lt;/li&gt;
&lt;/ul&gt;
</comment>
                            <comment id="16823534" author="chamikara" created="Mon, 22 Apr 2019 22:44:22 +0000"  >&lt;p&gt;Seems like test suite is passing now. Resolving.&lt;/p&gt;

&lt;p&gt;&#160;&lt;/p&gt;

&lt;p&gt;Thanks everyone.&lt;/p&gt;</comment>
                            <comment id="16823540" author="tvalentyn" created="Mon, 22 Apr 2019 22:53:29 +0000"  >&lt;p&gt;We should still fix ValidatesContainer suite, and remove staging jars for suites running on release branch. &lt;/p&gt;</comment>
                            <comment id="16823559" author="chamikara" created="Mon, 22 Apr 2019 23:20:27 +0000"  >&lt;p&gt;Ah OK. Thanks. This bug was opened for post-commit failure but I see now that the title has changed.&lt;/p&gt;</comment>
                            <comment id="16837707" author="angoenka" created="Fri, 10 May 2019 23:57:31 +0000"  >&lt;p&gt;Can we move this to 2.14&lt;/p&gt;</comment>
                            <comment id="16837708" author="tvalentyn" created="Sat, 11 May 2019 00:00:59 +0000"  >&lt;p&gt;I removed &quot;fix version&quot; as after conversations with few folks we believe the risk for the release is low.&lt;/p&gt;</comment>
                            <comment id="17122064" author="kenn" created="Tue, 2 Jun 2020 04:00:24 +0000"  >&lt;p&gt;This issue is assigned but has not received an update in 30 days so it has been labeled &quot;stale-assigned&quot;. If you are still working on the issue, please give an update and remove the label. If you are no longer working on the issue, please unassign so someone else may work on it. In 7 days the issue will be automatically unassigned.&lt;/p&gt;</comment>
                            <comment id="17124033" author="lcwik" created="Tue, 2 Jun 2020 16:41:28 +0000"  >&lt;p&gt;I believe we pass the --dataflowWorkerJar everywhere now and have been for a while.&lt;/p&gt;</comment>
                    </comments>
                <issuelinks>
                            <issuelinktype id="10032">
                    <name>Blocker</name>
                                            <outwardlinks description="blocks">
                                        <issuelink>
            <issuekey id="13240944">BEAM-7619</issuekey>
        </issuelink>
                            </outwardlinks>
                                                        </issuelinktype>
                    </issuelinks>
                <attachments>
                    </attachments>
                <subtasks>
                    </subtasks>
                <customfields>
                                                                            <customfield id="customfield_12310310" key="com.atlassian.jira.toolkit:attachments">
                        <customfieldname>Attachment count</customfieldname>
                        <customfieldvalues>
                            <customfieldvalue>0.0</customfieldvalue>
                        </customfieldvalues>
                    </customfield>
                                                                                                                                                                                                                                                                                                                                                                                                                                                                                                                                                                                                                                                                                                        <customfield id="customfield_12314020" key="com.atlassian.jira.plugins.jira-development-integration-plugin:devsummary">
                        <customfieldname>Development</customfieldname>
                        <customfieldvalues>
                            
                        </customfieldvalues>
                    </customfield>
                                                                                                                        <customfield id="customfield_12313422" key="com.atlassian.jirafisheyeplugin:jobcheckbox">
                        <customfieldname>Enable Automatic Patch Review</customfieldname>
                        <customfieldvalues>
                            <customfieldvalue><![CDATA[no_permission]]></customfieldvalue>

                        </customfieldvalues>
                    </customfield>
                                                                                                                                                                                                                                                                                                                                                                                                                                                                                                                                                                                                                    <customfield id="customfield_12310420" key="com.pyxis.greenhopper.jira:gh-global-rank">
                        <customfieldname>Global Rank</customfieldname>
                        <customfieldvalues>
                            <customfieldvalue>9223372036854775807</customfieldvalue>
                        </customfieldvalues>
                    </customfield>
                                                                                                                                                                                                                                        <customfield id="customfield_12312521" key="com.atlassian.jira.toolkit:LastCommentDate">
                        <customfieldname>Last public comment date</customfieldname>
                        <customfieldvalues>
                            5 years, 23 weeks, 6 days ago
                        </customfieldvalues>
                    </customfield>
                                                                                                                                                                                                                                                                                                <customfield id="customfield_12311820" key="com.pyxis.greenhopper.jira:gh-lexo-rank">
                        <customfieldname>Rank</customfieldname>
                        <customfieldvalues>
                            <customfieldvalue>0|z01pf4:</customfieldvalue>

                        </customfieldvalues>
                    </customfield>
                                                                <customfield id="customfield_12310920" key="com.pyxis.greenhopper.jira:gh-global-rank">
                        <customfieldname>Rank (Obsolete)</customfieldname>
                        <customfieldvalues>
                            <customfieldvalue>9223372036854775807</customfieldvalue>
                        </customfieldvalues>
                    </customfield>
                                                                                                                                                                                                                                                                                                                                                                                                                                                                                                                                                                                                                                                                                                                                                                                            </customfields>
    </item>
</channel>
</rss>