<!-- 
RSS generated by JIRA (8.20.10#820010-sha1:ace47f9899e9ee25d7157d59aa17ab06aee30d3d) at Tue Nov 11 11:00:07 UTC 2025

It is possible to restrict the fields that are returned in this document by specifying the 'field' parameter in your request.
For example, to request only the issue key and summary append 'field=key&field=summary' to the URL of your request.
-->
<rss version="0.92" >
<channel>
    <title>ASF JIRA</title>
    <link>https://issues.apache.org/jira</link>
    <description>This file is an XML representation of an issue</description>
    <language>en-uk</language>    <build-info>
        <version>8.20.10</version>
        <build-number>820010</build-number>
        <build-date>22-06-2022</build-date>
    </build-info>


<item>
            <title>[BEAM-7548] test_approximate_unique_global_by_error is flaky</title>
                <link>https://issues.apache.org/jira/browse/BEAM-7548</link>
                <project id="12319527" key="BEAM">Beam</project>
                    <description>&lt;p&gt;The error happened on Jenkins in Python 3.5 suite, which currently uses Python 3.5.2 interpreter:&lt;/p&gt;

&lt;div class=&quot;preformatted panel&quot; style=&quot;border-width: 1px;&quot;&gt;&lt;div class=&quot;preformattedContent panelContent&quot;&gt;
&lt;pre&gt;11:57:47 ======================================================================
11:57:47 ERROR: test_approximate_unique_global_by_error (apache_beam.transforms.stats_test.ApproximateUniqueTest)
11:57:47 ----------------------------------------------------------------------
11:57:47 Traceback (most recent call last):
11:57:47   File &quot;/home/jenkins/jenkins-slave/workspace/beam_PreCommit_Python_Commit/src/sdks/python/test-suites/tox/py35/build/srcs/sdks/python/apache_beam/transforms/stats_test.py&quot;, line 236, in test_approximate_unique_global_by_error
11:57:47     pipeline.run()
11:57:47   File &quot;/home/jenkins/jenkins-slave/workspace/beam_PreCommit_Python_Commit/src/sdks/python/test-suites/tox/py35/build/srcs/sdks/python/apache_beam/testing/test_pipeline.py&quot;, line 107, in run
11:57:47     else test_runner_api))
11:57:47   File &quot;/home/jenkins/jenkins-slave/workspace/beam_PreCommit_Python_Commit/src/sdks/python/test-suites/tox/py35/build/srcs/sdks/python/apache_beam/pipeline.py&quot;, line 406, in run
11:57:47     self._options).run(False)
11:57:47   File &quot;/home/jenkins/jenkins-slave/workspace/beam_PreCommit_Python_Commit/src/sdks/python/test-suites/tox/py35/build/srcs/sdks/python/apache_beam/pipeline.py&quot;, line 419, in run
11:57:47     return self.runner.run_pipeline(self, self._options)
11:57:47   File &quot;/home/jenkins/jenkins-slave/workspace/beam_PreCommit_Python_Commit/src/sdks/python/test-suites/tox/py35/build/srcs/sdks/python/apache_beam/runners/direct/direct_runner.py&quot;, line 128, in run_pipeline
11:57:47     return runner.run_pipeline(pipeline, options)
11:57:47   File &quot;/home/jenkins/jenkins-slave/workspace/beam_PreCommit_Python_Commit/src/sdks/python/test-suites/tox/py35/build/srcs/sdks/python/apache_beam/runners/portability/fn_api_runner.py&quot;, line 289, in run_pipeline
11:57:47     default_environment=self._default_environment))
11:57:47   File &quot;/home/jenkins/jenkins-slave/workspace/beam_PreCommit_Python_Commit/src/sdks/python/test-suites/tox/py35/build/srcs/sdks/python/apache_beam/runners/portability/fn_api_runner.py&quot;, line 293, in run_via_runner_api
11:57:47     return self.run_stages(*self.create_stages(pipeline_proto))
11:57:47   File &quot;/home/jenkins/jenkins-slave/workspace/beam_PreCommit_Python_Commit/src/sdks/python/test-suites/tox/py35/build/srcs/sdks/python/apache_beam/runners/portability/fn_api_runner.py&quot;, line 369, in run_stages
11:57:47     stage_context.safe_coders)
11:57:47   File &quot;/home/jenkins/jenkins-slave/workspace/beam_PreCommit_Python_Commit/src/sdks/python/test-suites/tox/py35/build/srcs/sdks/python/apache_beam/runners/portability/fn_api_runner.py&quot;, line 531, in run_stage
11:57:47     data_input, data_output)
11:57:47   File &quot;/home/jenkins/jenkins-slave/workspace/beam_PreCommit_Python_Commit/src/sdks/python/test-suites/tox/py35/build/srcs/sdks/python/apache_beam/runners/portability/fn_api_runner.py&quot;, line 1235, in process_bundle
11:57:47     result_future = self._controller.control_handler.push(process_bundle)
11:57:47   File &quot;/home/jenkins/jenkins-slave/workspace/beam_PreCommit_Python_Commit/src/sdks/python/test-suites/tox/py35/build/srcs/sdks/python/apache_beam/runners/portability/fn_api_runner.py&quot;, line 851, in push
11:57:47     response = self.worker.do_instruction(request)
11:57:47   File &quot;/home/jenkins/jenkins-slave/workspace/beam_PreCommit_Python_Commit/src/sdks/python/test-suites/tox/py35/build/srcs/sdks/python/apache_beam/runners/worker/sdk_worker.py&quot;, line 342, in do_instruction
11:57:47     request.instruction_id)
11:57:47   File &quot;/home/jenkins/jenkins-slave/workspace/beam_PreCommit_Python_Commit/src/sdks/python/test-suites/tox/py35/build/srcs/sdks/python/apache_beam/runners/worker/sdk_worker.py&quot;, line 368, in process_bundle
11:57:47     bundle_processor.process_bundle(instruction_id))
11:57:47   File &quot;/home/jenkins/jenkins-slave/workspace/beam_PreCommit_Python_Commit/src/sdks/python/test-suites/tox/py35/build/srcs/sdks/python/apache_beam/runners/worker/bundle_processor.py&quot;, line 595, in process_bundle
11:57:47     data.ptransform_id].process_encoded(data.data)
11:57:47   File &quot;/home/jenkins/jenkins-slave/workspace/beam_PreCommit_Python_Commit/src/sdks/python/test-suites/tox/py35/build/srcs/sdks/python/apache_beam/runners/worker/bundle_processor.py&quot;, line 143, in process_encoded
11:57:47     self.output(decoded_value)
11:57:47   File &quot;/home/jenkins/jenkins-slave/workspace/beam_PreCommit_Python_Commit/src/sdks/python/test-suites/tox/py35/build/srcs/sdks/python/apache_beam/runners/worker/operations.py&quot;, line 256, in output
11:57:47     cython.cast(Receiver, self.receivers[output_index]).receive(windowed_value)
11:57:47   File &quot;/home/jenkins/jenkins-slave/workspace/beam_PreCommit_Python_Commit/src/sdks/python/test-suites/tox/py35/build/srcs/sdks/python/apache_beam/runners/worker/operations.py&quot;, line 143, in receive
11:57:47     self.consumer.process(windowed_value)
11:57:47   File &quot;/home/jenkins/jenkins-slave/workspace/beam_PreCommit_Python_Commit/src/sdks/python/test-suites/tox/py35/build/srcs/sdks/python/apache_beam/runners/worker/operations.py&quot;, line 594, in process
11:57:47     delayed_application = self.dofn_receiver.receive(o)
11:57:47   File &quot;/home/jenkins/jenkins-slave/workspace/beam_PreCommit_Python_Commit/src/sdks/python/test-suites/tox/py35/build/srcs/sdks/python/apache_beam/runners/common.py&quot;, line 778, in receive
11:57:47     self.process(windowed_value)
11:57:47   File &quot;/home/jenkins/jenkins-slave/workspace/beam_PreCommit_Python_Commit/src/sdks/python/test-suites/tox/py35/build/srcs/sdks/python/apache_beam/runners/common.py&quot;, line 784, in process
11:57:47     self._reraise_augmented(exn)
11:57:47   File &quot;/home/jenkins/jenkins-slave/workspace/beam_PreCommit_Python_Commit/src/sdks/python/test-suites/tox/py35/build/srcs/sdks/python/apache_beam/runners/common.py&quot;, line 782, in process
11:57:47     return self.do_fn_invoker.invoke_process(windowed_value)
11:57:47   File &quot;/home/jenkins/jenkins-slave/workspace/beam_PreCommit_Python_Commit/src/sdks/python/test-suites/tox/py35/build/srcs/sdks/python/apache_beam/runners/common.py&quot;, line 595, in invoke_process
11:57:47     windowed_value, additional_args, additional_kwargs, output_processor)
11:57:47   File &quot;/home/jenkins/jenkins-slave/workspace/beam_PreCommit_Python_Commit/src/sdks/python/test-suites/tox/py35/build/srcs/sdks/python/apache_beam/runners/common.py&quot;, line 666, in _invoke_process_per_window
11:57:47     windowed_value, self.process_method(*args_for_process))
11:57:47   File &quot;/home/jenkins/jenkins-slave/workspace/beam_PreCommit_Python_Commit/src/sdks/python/test-suites/tox/py35/build/srcs/sdks/python/apache_beam/runners/common.py&quot;, line 921, in process_outputs
11:57:47     self.main_receivers.receive(windowed_value)
11:57:47   File &quot;/home/jenkins/jenkins-slave/workspace/beam_PreCommit_Python_Commit/src/sdks/python/test-suites/tox/py35/build/srcs/sdks/python/apache_beam/runners/worker/operations.py&quot;, line 143, in receive
11:57:47     self.consumer.process(windowed_value)
11:57:47   File &quot;/home/jenkins/jenkins-slave/workspace/beam_PreCommit_Python_Commit/src/sdks/python/test-suites/tox/py35/build/srcs/sdks/python/apache_beam/runners/worker/operations.py&quot;, line 594, in process
11:57:47     delayed_application = self.dofn_receiver.receive(o)
11:57:47   File &quot;/home/jenkins/jenkins-slave/workspace/beam_PreCommit_Python_Commit/src/sdks/python/test-suites/tox/py35/build/srcs/sdks/python/apache_beam/runners/common.py&quot;, line 778, in receive
11:57:47     self.process(windowed_value)
11:57:47   File &quot;/home/jenkins/jenkins-slave/workspace/beam_PreCommit_Python_Commit/src/sdks/python/test-suites/tox/py35/build/srcs/sdks/python/apache_beam/runners/common.py&quot;, line 784, in process
11:57:47     self._reraise_augmented(exn)
11:57:47   File &quot;/home/jenkins/jenkins-slave/workspace/beam_PreCommit_Python_Commit/src/sdks/python/test-suites/tox/py35/build/srcs/sdks/python/apache_beam/runners/common.py&quot;, line 782, in process
11:57:47     return self.do_fn_invoker.invoke_process(windowed_value)
11:57:47   File &quot;/home/jenkins/jenkins-slave/workspace/beam_PreCommit_Python_Commit/src/sdks/python/test-suites/tox/py35/build/srcs/sdks/python/apache_beam/runners/common.py&quot;, line 454, in invoke_process
11:57:47     windowed_value, self.process_method(windowed_value.value))
11:57:47   File &quot;/home/jenkins/jenkins-slave/workspace/beam_PreCommit_Python_Commit/src/sdks/python/test-suites/tox/py35/build/srcs/sdks/python/apache_beam/runners/common.py&quot;, line 921, in process_outputs
11:57:47     self.main_receivers.receive(windowed_value)
11:57:47   File &quot;/home/jenkins/jenkins-slave/workspace/beam_PreCommit_Python_Commit/src/sdks/python/test-suites/tox/py35/build/srcs/sdks/python/apache_beam/runners/worker/operations.py&quot;, line 143, in receive
11:57:47     self.consumer.process(windowed_value)
11:57:47   File &quot;/home/jenkins/jenkins-slave/workspace/beam_PreCommit_Python_Commit/src/sdks/python/test-suites/tox/py35/build/srcs/sdks/python/apache_beam/runners/worker/operations.py&quot;, line 594, in process
11:57:47     delayed_application = self.dofn_receiver.receive(o)
11:57:47   File &quot;/home/jenkins/jenkins-slave/workspace/beam_PreCommit_Python_Commit/src/sdks/python/test-suites/tox/py35/build/srcs/sdks/python/apache_beam/runners/common.py&quot;, line 778, in receive
11:57:47     self.process(windowed_value)
11:57:47   File &quot;/home/jenkins/jenkins-slave/workspace/beam_PreCommit_Python_Commit/src/sdks/python/test-suites/tox/py35/build/srcs/sdks/python/apache_beam/runners/common.py&quot;, line 784, in process
11:57:47     self._reraise_augmented(exn)
11:57:47   File &quot;/home/jenkins/jenkins-slave/workspace/beam_PreCommit_Python_Commit/src/sdks/python/test-suites/tox/py35/build/srcs/sdks/python/apache_beam/runners/common.py&quot;, line 851, in _reraise_augmented
11:57:47     raise_with_traceback(new_exn)
11:57:47   File &quot;/home/jenkins/jenkins-slave/workspace/beam_PreCommit_Python_Commit/src/sdks/python/test-suites/tox/py35/build/srcs/sdks/python/target/.tox-py35/py35/lib/python3.5/site-packages/future/utils/__init__.py&quot;, line 419, in raise_with_traceback
11:57:47     raise exc.with_traceback(traceback)
11:57:47   File &quot;/home/jenkins/jenkins-slave/workspace/beam_PreCommit_Python_Commit/src/sdks/python/test-suites/tox/py35/build/srcs/sdks/python/apache_beam/runners/common.py&quot;, line 782, in process
11:57:47     return self.do_fn_invoker.invoke_process(windowed_value)
11:57:47   File &quot;/home/jenkins/jenkins-slave/workspace/beam_PreCommit_Python_Commit/src/sdks/python/test-suites/tox/py35/build/srcs/sdks/python/apache_beam/runners/common.py&quot;, line 454, in invoke_process
11:57:47     windowed_value, self.process_method(windowed_value.value))
11:57:47   File &quot;/home/jenkins/jenkins-slave/workspace/beam_PreCommit_Python_Commit/src/sdks/python/test-suites/tox/py35/build/srcs/sdks/python/apache_beam/transforms/core.py&quot;, line 1293, in &amp;lt;lambda&amp;gt;
11:57:47     wrapper = lambda x: [fn(x)]
11:57:47   File &quot;/home/jenkins/jenkins-slave/workspace/beam_PreCommit_Python_Commit/src/sdks/python/test-suites/tox/py35/build/srcs/sdks/python/apache_beam/testing/util.py&quot;, line 130, in _equal
11:57:47     &apos;Failed assert: %r == %r&apos; % (sorted_expected, sorted_actual))
11:57:47 apache_beam.testing.util.BeamAssertException: Failed assert: [True] == [False] [while running &apos;assert:global_by_error/Match&apos;]
&lt;/pre&gt;
&lt;/div&gt;&lt;/div&gt;</description>
                <environment></environment>
        <key id="13239137">BEAM-7548</key>
            <summary>test_approximate_unique_global_by_error is flaky</summary>
                <type id="1" iconUrl="https://issues.apache.org/jira/secure/viewavatar?size=xsmall&amp;avatarId=21133&amp;avatarType=issuetype">Bug</type>
                                            <priority id="10102" iconUrl="https://issues.apache.org/jira/images/icons/priorities/major.svg">P2</priority>
                        <status id="5" iconUrl="https://issues.apache.org/jira/images/icons/statuses/resolved.png" description="A resolution has been taken, and it is awaiting verification by reporter. From here issues are either reopened, or are closed.">Resolved</status>
                    <statusCategory id="3" key="done" colorName="green"/>
                                    <resolution id="1">Fixed</resolution>
                                        <assignee username="hannahjiang">Hannah Jiang</assignee>
                                    <reporter username="tvalentyn">Valentyn Tymofieiev</reporter>
                        <labels>
                    </labels>
                <created>Wed, 12 Jun 2019 22:54:25 +0000</created>
                <updated>Sat, 16 May 2020 13:42:28 +0000</updated>
                            <resolved>Thu, 11 Jul 2019 22:15:07 +0000</resolved>
                                                    <fixVersion>2.14.0</fixVersion>
                                    <component>sdk-py-core</component>
                    <component>test-failures</component>
                        <due></due>
                            <votes>0</votes>
                                    <watches>1</watches>
                                                    <progress percentage="100">
                                    <originalProgress>
                                                    <row percentage="0" backgroundColor="#89afd7"/>
                                                    <row percentage="100" backgroundColor="transparent"/>
                                            </originalProgress>
                                                    <currentProgress>
                                                    <row percentage="100" backgroundColor="#51a825"/>
                                                    <row percentage="0" backgroundColor="#ec8e00"/>
                                            </currentProgress>
                            </progress>
                                    <aggregateprogress percentage="100">
                                    <originalProgress>
                                                    <row percentage="0" backgroundColor="#89afd7"/>
                                                    <row percentage="100" backgroundColor="transparent"/>
                                            </originalProgress>
                                                    <currentProgress>
                                                    <row percentage="100" backgroundColor="#51a825"/>
                                                    <row percentage="0" backgroundColor="#ec8e00"/>
                                            </currentProgress>
                            </aggregateprogress>
                                            <timeestimate seconds="0">0h</timeestimate>
                            <timespent seconds="33000">9h 10m</timespent>
                                <comments>
                            <comment id="16862540" author="tvalentyn" created="Wed, 12 Jun 2019 23:15:48 +0000"  >&lt;p&gt;I think the rootcause is non-determinism of hash() in Python. We may want to consider this test as inherently flaky and a retry decorator akin to  &lt;a href=&quot;https://github.com/apache/beam/blob/2f9d7112bc03b94c419eb48805972f7792d57b7d/sdks/python/apache_beam/runners/worker/statesampler_test.py#L41&quot; class=&quot;external-link&quot; target=&quot;_blank&quot; rel=&quot;nofollow noopener&quot;&gt;https://github.com/apache/beam/blob/2f9d7112bc03b94c419eb48805972f7792d57b7d/sdks/python/apache_beam/runners/worker/statesampler_test.py#L41&lt;/a&gt;. Alternatively, tests should supply a deterministic hash function to ApproximateUniqueTest.&lt;/p&gt;</comment>
                            <comment id="16867884" author="tvalentyn" created="Wed, 19 Jun 2019 18:19:23 +0000"  >&lt;p&gt;test_approximate_unique_global_by_sample_size is also flaky:&lt;/p&gt;


&lt;div class=&quot;preformatted panel&quot; style=&quot;border-width: 1px;&quot;&gt;&lt;div class=&quot;preformattedContent panelContent&quot;&gt;
&lt;pre&gt;08:00:40 ======================================================================
08:00:40 ERROR: test_approximate_unique_global_by_sample_size (apache_beam.transforms.stats_test.ApproximateUniqueTest)
08:00:40 ----------------------------------------------------------------------
08:00:40 Traceback (most recent call last):
08:00:40   File &quot;/home/jenkins/jenkins-slave/workspace/beam_PreCommit_Python_Phrase/src/sdks/python/test-suites/tox/py37/build/srcs/sdks/python/apache_beam/transforms/stats_test.py&quot;, line 177, in test_approximate_unique_global_by_sample_size
08:00:40     pipeline.run()
08:00:40   File &quot;/home/jenkins/jenkins-slave/workspace/beam_PreCommit_Python_Phrase/src/sdks/python/test-suites/tox/py37/build/srcs/sdks/python/apache_beam/testing/test_pipeline.py&quot;, line 107, in run
08:00:40     else test_runner_api))
08:00:40   File &quot;/home/jenkins/jenkins-slave/workspace/beam_PreCommit_Python_Phrase/src/sdks/python/test-suites/tox/py37/build/srcs/sdks/python/apache_beam/pipeline.py&quot;, line 406, in run
08:00:40     self._options).run(False)
08:00:40   File &quot;/home/jenkins/jenkins-slave/workspace/beam_PreCommit_Python_Phrase/src/sdks/python/test-suites/tox/py37/build/srcs/sdks/python/apache_beam/pipeline.py&quot;, line 419, in run
08:00:40     return self.runner.run_pipeline(self, self._options)
08:00:40   File &quot;/home/jenkins/jenkins-slave/workspace/beam_PreCommit_Python_Phrase/src/sdks/python/test-suites/tox/py37/build/srcs/sdks/python/apache_beam/runners/direct/direct_runner.py&quot;, line 128, in run_pipeline
08:00:40     return runner.run_pipeline(pipeline, options)
08:00:40   File &quot;/home/jenkins/jenkins-slave/workspace/beam_PreCommit_Python_Phrase/src/sdks/python/test-suites/tox/py37/build/srcs/sdks/python/apache_beam/runners/portability/fn_api_runner.py&quot;, line 294, in run_pipeline
08:00:40     default_environment=self._default_environment))
08:00:40   File &quot;/home/jenkins/jenkins-slave/workspace/beam_PreCommit_Python_Phrase/src/sdks/python/test-suites/tox/py37/build/srcs/sdks/python/apache_beam/runners/portability/fn_api_runner.py&quot;, line 301, in run_via_runner_api
08:00:40     return self.run_stages(stage_context, stages)
08:00:40   File &quot;/home/jenkins/jenkins-slave/workspace/beam_PreCommit_Python_Phrase/src/sdks/python/test-suites/tox/py37/build/srcs/sdks/python/apache_beam/runners/portability/fn_api_runner.py&quot;, line 383, in run_stages
08:00:40     stage_context.safe_coders)
08:00:40   File &quot;/home/jenkins/jenkins-slave/workspace/beam_PreCommit_Python_Phrase/src/sdks/python/test-suites/tox/py37/build/srcs/sdks/python/apache_beam/runners/portability/fn_api_runner.py&quot;, line 655, in _run_stage
08:00:40     result, splits = bundle_manager.process_bundle(data_input, data_output)
08:00:40   File &quot;/home/jenkins/jenkins-slave/workspace/beam_PreCommit_Python_Phrase/src/sdks/python/test-suites/tox/py37/build/srcs/sdks/python/apache_beam/runners/portability/fn_api_runner.py&quot;, line 1471, in process_bundle
08:00:40     result_future = self._controller.control_handler.push(process_bundle_req)
08:00:40   File &quot;/home/jenkins/jenkins-slave/workspace/beam_PreCommit_Python_Phrase/src/sdks/python/test-suites/tox/py37/build/srcs/sdks/python/apache_beam/runners/portability/fn_api_runner.py&quot;, line 990, in push
08:00:40     response = self.worker.do_instruction(request)
08:00:40   File &quot;/home/jenkins/jenkins-slave/workspace/beam_PreCommit_Python_Phrase/src/sdks/python/test-suites/tox/py37/build/srcs/sdks/python/apache_beam/runners/worker/sdk_worker.py&quot;, line 342, in do_instruction
08:00:40     request.instruction_id)
08:00:40   File &quot;/home/jenkins/jenkins-slave/workspace/beam_PreCommit_Python_Phrase/src/sdks/python/test-suites/tox/py37/build/srcs/sdks/python/apache_beam/runners/worker/sdk_worker.py&quot;, line 368, in process_bundle
08:00:40     bundle_processor.process_bundle(instruction_id))
08:00:40   File &quot;/home/jenkins/jenkins-slave/workspace/beam_PreCommit_Python_Phrase/src/sdks/python/test-suites/tox/py37/build/srcs/sdks/python/apache_beam/runners/worker/bundle_processor.py&quot;, line 593, in process_bundle
08:00:40     data.ptransform_id].process_encoded(data.data)
08:00:40   File &quot;/home/jenkins/jenkins-slave/workspace/beam_PreCommit_Python_Phrase/src/sdks/python/test-suites/tox/py37/build/srcs/sdks/python/apache_beam/runners/worker/bundle_processor.py&quot;, line 143, in process_encoded
08:00:40     self.output(decoded_value)
08:00:40   File &quot;/home/jenkins/jenkins-slave/workspace/beam_PreCommit_Python_Phrase/src/sdks/python/test-suites/tox/py37/build/srcs/sdks/python/apache_beam/runners/worker/operations.py&quot;, line 256, in output
08:00:40     cython.cast(Receiver, self.receivers[output_index]).receive(windowed_value)
08:00:40   File &quot;/home/jenkins/jenkins-slave/workspace/beam_PreCommit_Python_Phrase/src/sdks/python/test-suites/tox/py37/build/srcs/sdks/python/apache_beam/runners/worker/operations.py&quot;, line 143, in receive
08:00:40     self.consumer.process(windowed_value)
08:00:40   File &quot;/home/jenkins/jenkins-slave/workspace/beam_PreCommit_Python_Phrase/src/sdks/python/test-suites/tox/py37/build/srcs/sdks/python/apache_beam/runners/worker/operations.py&quot;, line 594, in process
08:00:40     delayed_application = self.dofn_receiver.receive(o)
08:00:40   File &quot;/home/jenkins/jenkins-slave/workspace/beam_PreCommit_Python_Phrase/src/sdks/python/test-suites/tox/py37/build/srcs/sdks/python/apache_beam/runners/common.py&quot;, line 778, in receive
08:00:40     self.process(windowed_value)
08:00:40   File &quot;/home/jenkins/jenkins-slave/workspace/beam_PreCommit_Python_Phrase/src/sdks/python/test-suites/tox/py37/build/srcs/sdks/python/apache_beam/runners/common.py&quot;, line 784, in process
08:00:40     self._reraise_augmented(exn)
08:00:40   File &quot;/home/jenkins/jenkins-slave/workspace/beam_PreCommit_Python_Phrase/src/sdks/python/test-suites/tox/py37/build/srcs/sdks/python/apache_beam/runners/common.py&quot;, line 782, in process
08:00:40     return self.do_fn_invoker.invoke_process(windowed_value)
08:00:40   File &quot;/home/jenkins/jenkins-slave/workspace/beam_PreCommit_Python_Phrase/src/sdks/python/test-suites/tox/py37/build/srcs/sdks/python/apache_beam/runners/common.py&quot;, line 595, in invoke_process
08:00:40     windowed_value, additional_args, additional_kwargs, output_processor)
08:00:40   File &quot;/home/jenkins/jenkins-slave/workspace/beam_PreCommit_Python_Phrase/src/sdks/python/test-suites/tox/py37/build/srcs/sdks/python/apache_beam/runners/common.py&quot;, line 666, in _invoke_process_per_window
08:00:40     windowed_value, self.process_method(*args_for_process))
08:00:40   File &quot;/home/jenkins/jenkins-slave/workspace/beam_PreCommit_Python_Phrase/src/sdks/python/test-suites/tox/py37/build/srcs/sdks/python/apache_beam/runners/common.py&quot;, line 921, in process_outputs
08:00:40     self.main_receivers.receive(windowed_value)
08:00:40   File &quot;/home/jenkins/jenkins-slave/workspace/beam_PreCommit_Python_Phrase/src/sdks/python/test-suites/tox/py37/build/srcs/sdks/python/apache_beam/runners/worker/operations.py&quot;, line 143, in receive
08:00:40     self.consumer.process(windowed_value)
08:00:40   File &quot;/home/jenkins/jenkins-slave/workspace/beam_PreCommit_Python_Phrase/src/sdks/python/test-suites/tox/py37/build/srcs/sdks/python/apache_beam/runners/worker/operations.py&quot;, line 594, in process
08:00:40     delayed_application = self.dofn_receiver.receive(o)
08:00:40   File &quot;/home/jenkins/jenkins-slave/workspace/beam_PreCommit_Python_Phrase/src/sdks/python/test-suites/tox/py37/build/srcs/sdks/python/apache_beam/runners/common.py&quot;, line 778, in receive
08:00:40     self.process(windowed_value)
08:00:40   File &quot;/home/jenkins/jenkins-slave/workspace/beam_PreCommit_Python_Phrase/src/sdks/python/test-suites/tox/py37/build/srcs/sdks/python/apache_beam/runners/common.py&quot;, line 784, in process
08:00:40     self._reraise_augmented(exn)
08:00:40   File &quot;/home/jenkins/jenkins-slave/workspace/beam_PreCommit_Python_Phrase/src/sdks/python/test-suites/tox/py37/build/srcs/sdks/python/apache_beam/runners/common.py&quot;, line 782, in process
08:00:40     return self.do_fn_invoker.invoke_process(windowed_value)
08:00:40   File &quot;/home/jenkins/jenkins-slave/workspace/beam_PreCommit_Python_Phrase/src/sdks/python/test-suites/tox/py37/build/srcs/sdks/python/apache_beam/runners/common.py&quot;, line 454, in invoke_process
08:00:40     windowed_value, self.process_method(windowed_value.value))
08:00:40   File &quot;/home/jenkins/jenkins-slave/workspace/beam_PreCommit_Python_Phrase/src/sdks/python/test-suites/tox/py37/build/srcs/sdks/python/apache_beam/runners/common.py&quot;, line 921, in process_outputs
08:00:40     self.main_receivers.receive(windowed_value)
08:00:40   File &quot;/home/jenkins/jenkins-slave/workspace/beam_PreCommit_Python_Phrase/src/sdks/python/test-suites/tox/py37/build/srcs/sdks/python/apache_beam/runners/worker/operations.py&quot;, line 143, in receive
08:00:40     self.consumer.process(windowed_value)
08:00:40   File &quot;/home/jenkins/jenkins-slave/workspace/beam_PreCommit_Python_Phrase/src/sdks/python/test-suites/tox/py37/build/srcs/sdks/python/apache_beam/runners/worker/operations.py&quot;, line 594, in process
08:00:40     delayed_application = self.dofn_receiver.receive(o)
08:00:40   File &quot;/home/jenkins/jenkins-slave/workspace/beam_PreCommit_Python_Phrase/src/sdks/python/test-suites/tox/py37/build/srcs/sdks/python/apache_beam/runners/common.py&quot;, line 778, in receive
08:00:40     self.process(windowed_value)
08:00:40   File &quot;/home/jenkins/jenkins-slave/workspace/beam_PreCommit_Python_Phrase/src/sdks/python/test-suites/tox/py37/build/srcs/sdks/python/apache_beam/runners/common.py&quot;, line 784, in process
08:00:40     self._reraise_augmented(exn)
08:00:40   File &quot;/home/jenkins/jenkins-slave/workspace/beam_PreCommit_Python_Phrase/src/sdks/python/test-suites/tox/py37/build/srcs/sdks/python/apache_beam/runners/common.py&quot;, line 851, in _reraise_augmented
08:00:40     raise_with_traceback(new_exn)
08:00:40   File &quot;/home/jenkins/jenkins-slave/workspace/beam_PreCommit_Python_Phrase/src/sdks/python/test-suites/tox/py37/build/srcs/sdks/python/target/.tox-py37-gcp/py37-gcp/lib/python3.7/site-packages/future/utils/__init__.py&quot;, line 419, in raise_with_traceback
08:00:40     raise exc.with_traceback(traceback)
08:00:40   File &quot;/home/jenkins/jenkins-slave/workspace/beam_PreCommit_Python_Phrase/src/sdks/python/test-suites/tox/py37/build/srcs/sdks/python/apache_beam/runners/common.py&quot;, line 782, in process
08:00:40     return self.do_fn_invoker.invoke_process(windowed_value)
08:00:40   File &quot;/home/jenkins/jenkins-slave/workspace/beam_PreCommit_Python_Phrase/src/sdks/python/test-suites/tox/py37/build/srcs/sdks/python/apache_beam/runners/common.py&quot;, line 454, in invoke_process
08:00:40     windowed_value, self.process_method(windowed_value.value))
08:00:40   File &quot;/home/jenkins/jenkins-slave/workspace/beam_PreCommit_Python_Phrase/src/sdks/python/test-suites/tox/py37/build/srcs/sdks/python/apache_beam/transforms/core.py&quot;, line 1293, in &amp;lt;lambda&amp;gt;
08:00:40     wrapper = lambda x: [fn(x)]
08:00:40   File &quot;/home/jenkins/jenkins-slave/workspace/beam_PreCommit_Python_Phrase/src/sdks/python/test-suites/tox/py37/build/srcs/sdks/python/apache_beam/testing/util.py&quot;, line 130, in _equal
08:00:40     &apos;Failed assert: %r == %r&apos; % (sorted_expected, sorted_actual))
08:00:40 apache_beam.testing.util.BeamAssertException: Failed assert: [True] == [False] [while running &apos;assert:global_by_size/Match&apos;]
&lt;/pre&gt;
&lt;/div&gt;&lt;/div&gt;</comment>
                    </comments>
                    <attachments>
                    </attachments>
                <subtasks>
                    </subtasks>
                <customfields>
                                                                            <customfield id="customfield_12310310" key="com.atlassian.jira.toolkit:attachments">
                        <customfieldname>Attachment count</customfieldname>
                        <customfieldvalues>
                            <customfieldvalue>0.0</customfieldvalue>
                        </customfieldvalues>
                    </customfield>
                                                                                                                                                                                                                                                                                                                                                                                                                                                                                                                                                                                                                                                                                                        <customfield id="customfield_12314020" key="com.atlassian.jira.plugins.jira-development-integration-plugin:devsummary">
                        <customfieldname>Development</customfieldname>
                        <customfieldvalues>
                            
                        </customfieldvalues>
                    </customfield>
                                                                                                                        <customfield id="customfield_12313422" key="com.atlassian.jirafisheyeplugin:jobcheckbox">
                        <customfieldname>Enable Automatic Patch Review</customfieldname>
                        <customfieldvalues>
                            <customfieldvalue><![CDATA[no_permission]]></customfieldvalue>

                        </customfieldvalues>
                    </customfield>
                                                                                                                                                                                                                                                                                                                                                                                                                                                                                                                                                                                                                    <customfield id="customfield_12310420" key="com.pyxis.greenhopper.jira:gh-global-rank">
                        <customfieldname>Global Rank</customfieldname>
                        <customfieldvalues>
                            <customfieldvalue>9223372036854775807</customfieldvalue>
                        </customfieldvalues>
                    </customfield>
                                                                                                                                                                                                                                        <customfield id="customfield_12312521" key="com.atlassian.jira.toolkit:LastCommentDate">
                        <customfieldname>Last public comment date</customfieldname>
                        <customfieldvalues>
                            6 years, 21 weeks, 5 days ago
                        </customfieldvalues>
                    </customfield>
                                                                                                                                                                                                                                                                                                <customfield id="customfield_12311820" key="com.pyxis.greenhopper.jira:gh-lexo-rank">
                        <customfieldname>Rank</customfieldname>
                        <customfieldvalues>
                            <customfieldvalue>0|z03ol4:</customfieldvalue>

                        </customfieldvalues>
                    </customfield>
                                                                <customfield id="customfield_12310920" key="com.pyxis.greenhopper.jira:gh-global-rank">
                        <customfieldname>Rank (Obsolete)</customfieldname>
                        <customfieldvalues>
                            <customfieldvalue>9223372036854775807</customfieldvalue>
                        </customfieldvalues>
                    </customfield>
                                                                                                                                                                                                                                                                                                                                                                                                                                                                                                                                                                                                                                                                                                                                                                                            </customfields>
    </item>
</channel>
</rss>