<!-- 
RSS generated by JIRA (8.20.10#820010-sha1:ace47f9899e9ee25d7157d59aa17ab06aee30d3d) at Tue Nov 11 11:03:44 UTC 2025

It is possible to restrict the fields that are returned in this document by specifying the 'field' parameter in your request.
For example, to request only the issue key and summary append 'field=key&field=summary' to the URL of your request.
-->
<rss version="0.92" >
<channel>
    <title>ASF JIRA</title>
    <link>https://issues.apache.org/jira</link>
    <description>This file is an XML representation of an issue</description>
    <language>en-uk</language>    <build-info>
        <version>8.20.10</version>
        <build-number>820010</build-number>
        <build-date>22-06-2022</build-date>
    </build-info>


<item>
            <title>[BEAM-7594] test_read_from_text_with_file_name_file_pattern is flaky</title>
                <link>https://issues.apache.org/jira/browse/BEAM-7594</link>
                <project id="12319527" key="BEAM">Beam</project>
                    <description>&lt;p&gt;cc: &lt;a href=&quot;https://issues.apache.org/jira/secure/ViewProfile.jspa?name=lcaggio&quot; class=&quot;user-hover&quot; rel=&quot;lcaggio&quot;&gt;lcaggio&lt;/a&gt; &lt;a href=&quot;https://issues.apache.org/jira/secure/ViewProfile.jspa?name=chamikara&quot; class=&quot;user-hover&quot; rel=&quot;chamikara&quot;&gt;chamikara&lt;/a&gt;&lt;/p&gt;

&lt;div class=&quot;preformatted panel&quot; style=&quot;border-width: 1px;&quot;&gt;&lt;div class=&quot;preformattedContent panelContent&quot;&gt;
&lt;pre&gt;22:05:08 ======================================================================
22:05:08 ERROR: test_read_from_text_with_file_name_file_pattern (apache_beam.io.textio_test.TextSourceTest)
22:05:08 ----------------------------------------------------------------------
22:05:08 Traceback (most recent call last):
22:05:08   File &quot;/home/jenkins/jenkins-slave/workspace/beam_PreCommit_Python_Phrase/src/sdks/python/test-suites/tox/py37/build/srcs/sdks/python/apache_beam/io/textio_test.py&quot;, line 517, in test_read_from_text_with_file_name_file_pattern
22:05:08     pipeline.run()
22:05:08   File &quot;/home/jenkins/jenkins-slave/workspace/beam_PreCommit_Python_Phrase/src/sdks/python/test-suites/tox/py37/build/srcs/sdks/python/apache_beam/testing/test_pipeline.py&quot;, line 107, in run
22:05:08     else test_runner_api))
22:05:08   File &quot;/home/jenkins/jenkins-slave/workspace/beam_PreCommit_Python_Phrase/src/sdks/python/test-suites/tox/py37/build/srcs/sdks/python/apache_beam/pipeline.py&quot;, line 406, in run
22:05:08     self._options).run(False)
22:05:08   File &quot;/home/jenkins/jenkins-slave/workspace/beam_PreCommit_Python_Phrase/src/sdks/python/test-suites/tox/py37/build/srcs/sdks/python/apache_beam/pipeline.py&quot;, line 419, in run
22:05:08     return self.runner.run_pipeline(self, self._options)
22:05:08   File &quot;/home/jenkins/jenkins-slave/workspace/beam_PreCommit_Python_Phrase/src/sdks/python/test-suites/tox/py37/build/srcs/sdks/python/apache_beam/runners/direct/direct_runner.py&quot;, line 128, in run_pipeline
22:05:08     return runner.run_pipeline(pipeline, options)
22:05:08   File &quot;/home/jenkins/jenkins-slave/workspace/beam_PreCommit_Python_Phrase/src/sdks/python/test-suites/tox/py37/build/srcs/sdks/python/apache_beam/runners/portability/fn_api_runner.py&quot;, line 294, in run_pipeline
22:05:08     default_environment=self._default_environment))
22:05:08   File &quot;/home/jenkins/jenkins-slave/workspace/beam_PreCommit_Python_Phrase/src/sdks/python/test-suites/tox/py37/build/srcs/sdks/python/apache_beam/runners/portability/fn_api_runner.py&quot;, line 301, in run_via_runner_api
22:05:08     return self.run_stages(stage_context, stages)
22:05:08   File &quot;/home/jenkins/jenkins-slave/workspace/beam_PreCommit_Python_Phrase/src/sdks/python/test-suites/tox/py37/build/srcs/sdks/python/apache_beam/runners/portability/fn_api_runner.py&quot;, line 383, in run_stages
22:05:08     stage_context.safe_coders)
22:05:08   File &quot;/home/jenkins/jenkins-slave/workspace/beam_PreCommit_Python_Phrase/src/sdks/python/test-suites/tox/py37/build/srcs/sdks/python/apache_beam/runners/portability/fn_api_runner.py&quot;, line 655, in _run_stage
22:05:08     result, splits = bundle_manager.process_bundle(data_input, data_output)
22:05:08   File &quot;/home/jenkins/jenkins-slave/workspace/beam_PreCommit_Python_Phrase/src/sdks/python/test-suites/tox/py37/build/srcs/sdks/python/apache_beam/runners/portability/fn_api_runner.py&quot;, line 1471, in process_bundle
22:05:08     result_future = self._controller.control_handler.push(process_bundle_req)
22:05:08   File &quot;/home/jenkins/jenkins-slave/workspace/beam_PreCommit_Python_Phrase/src/sdks/python/test-suites/tox/py37/build/srcs/sdks/python/apache_beam/runners/portability/fn_api_runner.py&quot;, line 990, in push
22:05:08     response = self.worker.do_instruction(request)
22:05:08   File &quot;/home/jenkins/jenkins-slave/workspace/beam_PreCommit_Python_Phrase/src/sdks/python/test-suites/tox/py37/build/srcs/sdks/python/apache_beam/runners/worker/sdk_worker.py&quot;, line 342, in do_instruction
22:05:08     request.instruction_id)
22:05:08   File &quot;/home/jenkins/jenkins-slave/workspace/beam_PreCommit_Python_Phrase/src/sdks/python/test-suites/tox/py37/build/srcs/sdks/python/apache_beam/runners/worker/sdk_worker.py&quot;, line 368, in process_bundle
22:05:08     bundle_processor.process_bundle(instruction_id))
22:05:08   File &quot;/home/jenkins/jenkins-slave/workspace/beam_PreCommit_Python_Phrase/src/sdks/python/test-suites/tox/py37/build/srcs/sdks/python/apache_beam/runners/worker/bundle_processor.py&quot;, line 593, in process_bundle
22:05:08     data.ptransform_id].process_encoded(data.data)
22:05:08   File &quot;/home/jenkins/jenkins-slave/workspace/beam_PreCommit_Python_Phrase/src/sdks/python/test-suites/tox/py37/build/srcs/sdks/python/apache_beam/runners/worker/bundle_processor.py&quot;, line 143, in process_encoded
22:05:08     self.output(decoded_value)
22:05:08   File &quot;apache_beam/runners/worker/operations.py&quot;, line 255, in apache_beam.runners.worker.operations.Operation.output
22:05:08     def output(self, windowed_value, output_index=0):
22:05:08   File &quot;apache_beam/runners/worker/operations.py&quot;, line 256, in apache_beam.runners.worker.operations.Operation.output
22:05:08     cython.cast(Receiver, self.receivers[output_index]).receive(windowed_value)
22:05:08   File &quot;apache_beam/runners/worker/operations.py&quot;, line 143, in apache_beam.runners.worker.operations.SingletonConsumerSet.receive
22:05:08     self.consumer.process(windowed_value)
22:05:08   File &quot;apache_beam/runners/worker/operations.py&quot;, line 593, in apache_beam.runners.worker.operations.DoOperation.process
22:05:08     with self.scoped_process_state:
22:05:08   File &quot;apache_beam/runners/worker/operations.py&quot;, line 594, in apache_beam.runners.worker.operations.DoOperation.process
22:05:08     delayed_application = self.dofn_receiver.receive(o)
22:05:08   File &quot;apache_beam/runners/common.py&quot;, line 778, in apache_beam.runners.common.DoFnRunner.receive
22:05:08     self.process(windowed_value)
22:05:08   File &quot;apache_beam/runners/common.py&quot;, line 784, in apache_beam.runners.common.DoFnRunner.process
22:05:08     self._reraise_augmented(exn)
22:05:08   File &quot;apache_beam/runners/common.py&quot;, line 836, in apache_beam.runners.common.DoFnRunner._reraise_augmented
22:05:08     raise
22:05:08   File &quot;apache_beam/runners/common.py&quot;, line 782, in apache_beam.runners.common.DoFnRunner.process
22:05:08     return self.do_fn_invoker.invoke_process(windowed_value)
22:05:08   File &quot;apache_beam/runners/common.py&quot;, line 594, in apache_beam.runners.common.PerWindowInvoker.invoke_process
22:05:08     self._invoke_process_per_window(
22:05:08   File &quot;apache_beam/runners/common.py&quot;, line 665, in apache_beam.runners.common.PerWindowInvoker._invoke_process_per_window
22:05:08     output_processor.process_outputs(
22:05:08   File &quot;apache_beam/runners/common.py&quot;, line 882, in apache_beam.runners.common._OutputProcessor.process_outputs
22:05:08     def process_outputs(self, windowed_input_element, results):
22:05:08   File &quot;apache_beam/runners/common.py&quot;, line 921, in apache_beam.runners.common._OutputProcessor.process_outputs
22:05:08     self.main_receivers.receive(windowed_value)
22:05:08   File &quot;apache_beam/runners/worker/operations.py&quot;, line 143, in apache_beam.runners.worker.operations.SingletonConsumerSet.receive
22:05:08     self.consumer.process(windowed_value)
22:05:08   File &quot;apache_beam/runners/worker/operations.py&quot;, line 593, in apache_beam.runners.worker.operations.DoOperation.process
22:05:08     with self.scoped_process_state:
22:05:08   File &quot;apache_beam/runners/worker/operations.py&quot;, line 594, in apache_beam.runners.worker.operations.DoOperation.process
22:05:08     delayed_application = self.dofn_receiver.receive(o)
22:05:08   File &quot;apache_beam/runners/common.py&quot;, line 778, in apache_beam.runners.common.DoFnRunner.receive
22:05:08     self.process(windowed_value)
22:05:08   File &quot;apache_beam/runners/common.py&quot;, line 784, in apache_beam.runners.common.DoFnRunner.process
22:05:08     self._reraise_augmented(exn)
22:05:08   File &quot;apache_beam/runners/common.py&quot;, line 836, in apache_beam.runners.common.DoFnRunner._reraise_augmented
22:05:08     raise
22:05:08   File &quot;apache_beam/runners/common.py&quot;, line 782, in apache_beam.runners.common.DoFnRunner.process
22:05:08     return self.do_fn_invoker.invoke_process(windowed_value)
22:05:08   File &quot;apache_beam/runners/common.py&quot;, line 453, in apache_beam.runners.common.SimpleInvoker.invoke_process
22:05:08     output_processor.process_outputs(
22:05:08   File &quot;apache_beam/runners/common.py&quot;, line 921, in apache_beam.runners.common._OutputProcessor.process_outputs
22:05:08     self.main_receivers.receive(windowed_value)
22:05:08   File &quot;apache_beam/runners/worker/operations.py&quot;, line 143, in apache_beam.runners.worker.operations.SingletonConsumerSet.receive
22:05:08     self.consumer.process(windowed_value)
22:05:08   File &quot;apache_beam/runners/worker/operations.py&quot;, line 593, in apache_beam.runners.worker.operations.DoOperation.process
22:05:08     with self.scoped_process_state:
22:05:08   File &quot;apache_beam/runners/worker/operations.py&quot;, line 594, in apache_beam.runners.worker.operations.DoOperation.process
22:05:08     delayed_application = self.dofn_receiver.receive(o)
22:05:08   File &quot;apache_beam/runners/common.py&quot;, line 778, in apache_beam.runners.common.DoFnRunner.receive
22:05:08     self.process(windowed_value)
22:05:08   File &quot;apache_beam/runners/common.py&quot;, line 784, in apache_beam.runners.common.DoFnRunner.process
22:05:08     self._reraise_augmented(exn)
22:05:08   File &quot;apache_beam/runners/common.py&quot;, line 851, in apache_beam.runners.common.DoFnRunner._reraise_augmented
22:05:08     raise_with_traceback(new_exn)
22:05:08   File &quot;/home/jenkins/jenkins-slave/workspace/beam_PreCommit_Python_Phrase/src/sdks/python/test-suites/tox/py37/build/srcs/sdks/python/target/.tox-py37-cython/py37-cython/lib/python3.7/site-packages/future/utils/__init__.py&quot;, line 419, in raise_with_traceback
22:05:08     raise exc.with_traceback(traceback)
22:05:08   File &quot;apache_beam/runners/common.py&quot;, line 782, in apache_beam.runners.common.DoFnRunner.process
22:05:08     return self.do_fn_invoker.invoke_process(windowed_value)
22:05:08   File &quot;apache_beam/runners/common.py&quot;, line 454, in apache_beam.runners.common.SimpleInvoker.invoke_process
22:05:08     windowed_value, self.process_method(windowed_value.value))
22:05:08   File &quot;/home/jenkins/jenkins-slave/workspace/beam_PreCommit_Python_Phrase/src/sdks/python/test-suites/tox/py37/build/srcs/sdks/python/apache_beam/transforms/core.py&quot;, line 1293, in &amp;lt;lambda&amp;gt;
22:05:08     wrapper = lambda x: [fn(x)]
22:05:08   File &quot;/home/jenkins/jenkins-slave/workspace/beam_PreCommit_Python_Phrase/src/sdks/python/test-suites/tox/py37/build/srcs/sdks/python/apache_beam/testing/util.py&quot;, line 130, in _equal
22:05:08     &apos;Failed assert: %r == %r&apos; % (sorted_expected, sorted_actual))
22:05:08 apache_beam.testing.util.BeamAssertException: Failed assert: [(&apos;/tmp/201906190459575wsvf9fb&apos;, &apos;line0&apos;), (&apos;/tmp/201906190459575wsvf9fb&apos;, &apos;line1&apos;), (&apos;/tmp/201906190459575wsvf9fb&apos;, &apos;line2&apos;), (&apos;/tmp/201906190459575wsvf9fb&apos;, &apos;line3&apos;), (&apos;/tmp/201906190459575wsvf9fb&apos;, &apos;line4&apos;), (&apos;/tmp/20190619045957b06j5eks&apos;, &apos;line0&apos;), (&apos;/tmp/20190619045957b06j5eks&apos;, &apos;line1&apos;), (&apos;/tmp/20190619045957b06j5eks&apos;, &apos;line2&apos;), (&apos;/tmp/20190619045957b06j5eks&apos;, &apos;line3&apos;), (&apos;/tmp/20190619045957b06j5eks&apos;, &apos;line4&apos;)] == [(&apos;/tmp/201906190459570_h6i4fs&apos;, &apos;line0&apos;), (&apos;/tmp/201906190459570_h6i4fs&apos;, &apos;line1&apos;), (&apos;/tmp/201906190459570_h6i4fs&apos;, &apos;line2&apos;), (&apos;/tmp/201906190459570_h6i4fs&apos;, &apos;line3&apos;), (&apos;/tmp/201906190459570_h6i4fs&apos;, &apos;line4&apos;), (&apos;/tmp/201906190459575wsvf9fb&apos;, &apos;line0&apos;), (&apos;/tmp/201906190459575wsvf9fb&apos;, &apos;line1&apos;), (&apos;/tmp/201906190459575wsvf9fb&apos;, &apos;line2&apos;), (&apos;/tmp/201906190459575wsvf9fb&apos;, &apos;line3&apos;), (&apos;/tmp/201906190459575wsvf9fb&apos;, &apos;line4&apos;), (&apos;/tmp/20190619045957b06j5eks&apos;, &apos;line0&apos;), (&apos;/tmp/20190619045957b06j5eks&apos;, &apos;line1&apos;), (&apos;/tmp/20190619045957b06j5eks&apos;, &apos;line2&apos;), (&apos;/tmp/20190619045957b06j5eks&apos;, &apos;line3&apos;), (&apos;/tmp/20190619045957b06j5eks&apos;, &apos;line4&apos;), (&apos;/tmp/20190619045957bde47oq8&apos;, &apos;line0&apos;), (&apos;/tmp/20190619045957bde47oq8&apos;, &apos;line1&apos;), (&apos;/tmp/20190619045957bde47oq8&apos;, &apos;line2&apos;), (&apos;/tmp/20190619045957bde47oq8&apos;, &apos;line3&apos;), (&apos;/tmp/20190619045957bde47oq8&apos;, &apos;line4&apos;)] [while running &apos;assert_that/Match&apos;]
&lt;/pre&gt;
&lt;/div&gt;&lt;/div&gt;</description>
                <environment></environment>
        <key id="13240438">BEAM-7594</key>
            <summary>test_read_from_text_with_file_name_file_pattern is flaky</summary>
                <type id="1" iconUrl="https://issues.apache.org/jira/secure/viewavatar?size=xsmall&amp;avatarId=21133&amp;avatarType=issuetype">Bug</type>
                                            <priority id="10101" iconUrl="https://issues.apache.org/jira/images/icons/priorities/critical.svg">P1</priority>
                        <status id="5" iconUrl="https://issues.apache.org/jira/images/icons/statuses/resolved.png" description="A resolution has been taken, and it is awaiting verification by reporter. From here issues are either reopened, or are closed.">Resolved</status>
                    <statusCategory id="3" key="done" colorName="green"/>
                                    <resolution id="1">Fixed</resolution>
                                        <assignee username="udim">Udi Meiri</assignee>
                                    <reporter username="tvalentyn">Valentyn Tymofieiev</reporter>
                        <labels>
                            <label>currently-failing</label>
                            <label>flake</label>
                    </labels>
                <created>Wed, 19 Jun 2019 14:43:08 +0000</created>
                <updated>Fri, 24 Jul 2020 19:53:28 +0000</updated>
                            <resolved>Mon, 16 Dec 2019 23:56:50 +0000</resolved>
                                                    <fixVersion>Not applicable</fixVersion>
                                    <component>sdk-py-core</component>
                    <component>test-failures</component>
                        <due></due>
                            <votes>0</votes>
                                    <watches>2</watches>
                                                    <progress percentage="100">
                                    <originalProgress>
                                                    <row percentage="0" backgroundColor="#89afd7"/>
                                                    <row percentage="100" backgroundColor="transparent"/>
                                            </originalProgress>
                                                    <currentProgress>
                                                    <row percentage="100" backgroundColor="#51a825"/>
                                                    <row percentage="0" backgroundColor="#ec8e00"/>
                                            </currentProgress>
                            </progress>
                                    <aggregateprogress percentage="100">
                                    <originalProgress>
                                                    <row percentage="0" backgroundColor="#89afd7"/>
                                                    <row percentage="100" backgroundColor="transparent"/>
                                            </originalProgress>
                                                    <currentProgress>
                                                    <row percentage="100" backgroundColor="#51a825"/>
                                                    <row percentage="0" backgroundColor="#ec8e00"/>
                                            </currentProgress>
                            </aggregateprogress>
                                            <timeestimate seconds="0">0h</timeestimate>
                            <timespent seconds="6000">1h 40m</timespent>
                                <comments>
                            <comment id="16867887" author="tvalentyn" created="Wed, 19 Jun 2019 18:22:22 +0000"  >&lt;p&gt;Hey &lt;a href=&quot;https://issues.apache.org/jira/secure/ViewProfile.jspa?name=lcaggio&quot; class=&quot;user-hover&quot; rel=&quot;lcaggio&quot;&gt;lcaggio&lt;/a&gt;, would you have time to look into this failure since you are most familiar with this test?&lt;/p&gt;</comment>
                            <comment id="16868044" author="lcaggio" created="Wed, 19 Jun 2019 22:09:43 +0000"  >&lt;p&gt;I can&apos;t replicate the issue. I created a new env, cloned the repo and run the test 1000 times with no failures.&lt;/p&gt;

&lt;p&gt;If you can reproduce it, can you share details on the way to reproduce it?&lt;/p&gt;

&lt;p&gt;Closing the issue for the moment.&lt;/p&gt;</comment>
                            <comment id="16868045" author="lcaggio" created="Wed, 19 Jun 2019 22:12:37 +0000"  >&lt;p&gt;Closing as not reproducible.&lt;/p&gt;</comment>
                            <comment id="16957244" author="udim" created="Tue, 22 Oct 2019 17:53:54 +0000"  >&lt;p&gt;Found another instance of this:&lt;/p&gt;
&lt;div class=&quot;code panel&quot; style=&quot;border-width: 1px;&quot;&gt;&lt;div class=&quot;codeContent panelContent&quot;&gt;
&lt;pre class=&quot;code-java&quot;&gt;
05:35:15 ======================================================================
05:35:15 ERROR: test_read_from_text_with_file_name_file_pattern (apache_beam.io.textio_test.TextSourceTest)
05:35:15 ----------------------------------------------------------------------
05:35:15 Traceback (most recent call last):
05:35:15   File &lt;span class=&quot;code-quote&quot;&gt;&quot;/home/jenkins/jenkins-slave/workspace/beam_PreCommit_Python_Cron/src/sdks/python/test-suites/tox/py36/build/srcs/sdks/python/apache_beam/io/textio_test.py&quot;&lt;/span&gt;, line 517, in test_read_from_text_with_file_name_file_pattern
05:35:15     pipeline.run()
05:35:15   File &lt;span class=&quot;code-quote&quot;&gt;&quot;/home/jenkins/jenkins-slave/workspace/beam_PreCommit_Python_Cron/src/sdks/python/test-suites/tox/py36/build/srcs/sdks/python/apache_beam/testing/test_pipeline.py&quot;&lt;/span&gt;, line 112, in run
05:35:15     &lt;span class=&quot;code-keyword&quot;&gt;else&lt;/span&gt; test_runner_api))
05:35:15   File &lt;span class=&quot;code-quote&quot;&gt;&quot;/home/jenkins/jenkins-slave/workspace/beam_PreCommit_Python_Cron/src/sdks/python/test-suites/tox/py36/build/srcs/sdks/python/apache_beam/pipeline.py&quot;&lt;/span&gt;, line 407, in run
05:35:15     self._options).run(False)
05:35:15   File &lt;span class=&quot;code-quote&quot;&gt;&quot;/home/jenkins/jenkins-slave/workspace/beam_PreCommit_Python_Cron/src/sdks/python/test-suites/tox/py36/build/srcs/sdks/python/apache_beam/pipeline.py&quot;&lt;/span&gt;, line 420, in run
05:35:15     &lt;span class=&quot;code-keyword&quot;&gt;return&lt;/span&gt; self.runner.run_pipeline(self, self._options)
05:35:15   File &lt;span class=&quot;code-quote&quot;&gt;&quot;/home/jenkins/jenkins-slave/workspace/beam_PreCommit_Python_Cron/src/sdks/python/test-suites/tox/py36/build/srcs/sdks/python/apache_beam/runners/direct/direct_runner.py&quot;&lt;/span&gt;, line 129, in run_pipeline
05:35:15     &lt;span class=&quot;code-keyword&quot;&gt;return&lt;/span&gt; runner.run_pipeline(pipeline, options)
05:35:15   File &lt;span class=&quot;code-quote&quot;&gt;&quot;/home/jenkins/jenkins-slave/workspace/beam_PreCommit_Python_Cron/src/sdks/python/test-suites/tox/py36/build/srcs/sdks/python/apache_beam/runners/portability/fn_api_runner.py&quot;&lt;/span&gt;, line 381, in run_pipeline
05:35:15     default_environment=self._default_environment))
05:35:15   File &lt;span class=&quot;code-quote&quot;&gt;&quot;/home/jenkins/jenkins-slave/workspace/beam_PreCommit_Python_Cron/src/sdks/python/test-suites/tox/py36/build/srcs/sdks/python/apache_beam/runners/portability/fn_api_runner.py&quot;&lt;/span&gt;, line 388, in run_via_runner_api
05:35:15     &lt;span class=&quot;code-keyword&quot;&gt;return&lt;/span&gt; self.run_stages(stage_context, stages)
05:35:15   File &lt;span class=&quot;code-quote&quot;&gt;&quot;/home/jenkins/jenkins-slave/workspace/beam_PreCommit_Python_Cron/src/sdks/python/test-suites/tox/py36/build/srcs/sdks/python/apache_beam/runners/portability/fn_api_runner.py&quot;&lt;/span&gt;, line 470, in run_stages
05:35:15     stage_context.safe_coders)
05:35:15   File &lt;span class=&quot;code-quote&quot;&gt;&quot;/home/jenkins/jenkins-slave/workspace/beam_PreCommit_Python_Cron/src/sdks/python/test-suites/tox/py36/build/srcs/sdks/python/apache_beam/runners/portability/fn_api_runner.py&quot;&lt;/span&gt;, line 753, in _run_stage
05:35:15     result, splits = bundle_manager.process_bundle(data_input, data_output)
05:35:15   File &lt;span class=&quot;code-quote&quot;&gt;&quot;/home/jenkins/jenkins-slave/workspace/beam_PreCommit_Python_Cron/src/sdks/python/test-suites/tox/py36/build/srcs/sdks/python/apache_beam/runners/portability/fn_api_runner.py&quot;&lt;/span&gt;, line 1801, in process_bundle
05:35:15     part, expected_outputs), part_inputs):
05:35:15   File &lt;span class=&quot;code-quote&quot;&gt;&quot;/usr/lib/python3.6/concurrent/futures/_base.py&quot;&lt;/span&gt;, line 586, in result_iterator
05:35:15     yield fs.pop().result()
05:35:15   File &lt;span class=&quot;code-quote&quot;&gt;&quot;/usr/lib/python3.6/concurrent/futures/_base.py&quot;&lt;/span&gt;, line 432, in result
05:35:15     &lt;span class=&quot;code-keyword&quot;&gt;return&lt;/span&gt; self.__get_result()
05:35:15   File &lt;span class=&quot;code-quote&quot;&gt;&quot;/usr/lib/python3.6/concurrent/futures/_base.py&quot;&lt;/span&gt;, line 384, in __get_result
05:35:15     raise self._exception
05:35:15   File &lt;span class=&quot;code-quote&quot;&gt;&quot;/usr/lib/python3.6/concurrent/futures/thread.py&quot;&lt;/span&gt;, line 56, in run
05:35:15     result = self.fn(*self.args, **self.kwargs)
05:35:15   File &lt;span class=&quot;code-quote&quot;&gt;&quot;/home/jenkins/jenkins-slave/workspace/beam_PreCommit_Python_Cron/src/sdks/python/test-suites/tox/py36/build/srcs/sdks/python/apache_beam/runners/portability/fn_api_runner.py&quot;&lt;/span&gt;, line 1801, in &amp;lt;lambda&amp;gt;
05:35:15     part, expected_outputs), part_inputs):
05:35:15   File &lt;span class=&quot;code-quote&quot;&gt;&quot;/home/jenkins/jenkins-slave/workspace/beam_PreCommit_Python_Cron/src/sdks/python/test-suites/tox/py36/build/srcs/sdks/python/apache_beam/runners/portability/fn_api_runner.py&quot;&lt;/span&gt;, line 1737, in process_bundle
05:35:15     result_future = self._worker_handler.control_conn.push(process_bundle_req)
05:35:15   File &lt;span class=&quot;code-quote&quot;&gt;&quot;/home/jenkins/jenkins-slave/workspace/beam_PreCommit_Python_Cron/src/sdks/python/test-suites/tox/py36/build/srcs/sdks/python/apache_beam/runners/portability/fn_api_runner.py&quot;&lt;/span&gt;, line 1150, in push
05:35:15     response = self.worker.do_instruction(request)
05:35:15   File &lt;span class=&quot;code-quote&quot;&gt;&quot;/home/jenkins/jenkins-slave/workspace/beam_PreCommit_Python_Cron/src/sdks/python/test-suites/tox/py36/build/srcs/sdks/python/apache_beam/runners/worker/sdk_worker.py&quot;&lt;/span&gt;, line 360, in do_instruction
05:35:15     request.instruction_id)
05:35:15   File &lt;span class=&quot;code-quote&quot;&gt;&quot;/home/jenkins/jenkins-slave/workspace/beam_PreCommit_Python_Cron/src/sdks/python/test-suites/tox/py36/build/srcs/sdks/python/apache_beam/runners/worker/sdk_worker.py&quot;&lt;/span&gt;, line 386, in process_bundle
05:35:15     bundle_processor.process_bundle(instruction_id))
05:35:15   File &lt;span class=&quot;code-quote&quot;&gt;&quot;/home/jenkins/jenkins-slave/workspace/beam_PreCommit_Python_Cron/src/sdks/python/test-suites/tox/py36/build/srcs/sdks/python/apache_beam/runners/worker/bundle_processor.py&quot;&lt;/span&gt;, line 663, in process_bundle
05:35:15     data.transform_id].process_encoded(data.data)
05:35:15   File &lt;span class=&quot;code-quote&quot;&gt;&quot;/home/jenkins/jenkins-slave/workspace/beam_PreCommit_Python_Cron/src/sdks/python/test-suites/tox/py36/build/srcs/sdks/python/apache_beam/runners/worker/bundle_processor.py&quot;&lt;/span&gt;, line 143, in process_encoded
05:35:15     self.output(decoded_value)
05:35:15   File &lt;span class=&quot;code-quote&quot;&gt;&quot;/home/jenkins/jenkins-slave/workspace/beam_PreCommit_Python_Cron/src/sdks/python/test-suites/tox/py36/build/srcs/sdks/python/apache_beam/runners/worker/operations.py&quot;&lt;/span&gt;, line 256, in output
05:35:15     cython.&lt;span class=&quot;code-keyword&quot;&gt;cast&lt;/span&gt;(Receiver, self.receivers[output_index]).receive(windowed_value)
05:35:15   File &lt;span class=&quot;code-quote&quot;&gt;&quot;/home/jenkins/jenkins-slave/workspace/beam_PreCommit_Python_Cron/src/sdks/python/test-suites/tox/py36/build/srcs/sdks/python/apache_beam/runners/worker/operations.py&quot;&lt;/span&gt;, line 143, in receive
05:35:15     self.consumer.process(windowed_value)
05:35:15   File &lt;span class=&quot;code-quote&quot;&gt;&quot;/home/jenkins/jenkins-slave/workspace/beam_PreCommit_Python_Cron/src/sdks/python/test-suites/tox/py36/build/srcs/sdks/python/apache_beam/runners/worker/operations.py&quot;&lt;/span&gt;, line 594, in process
05:35:15     delayed_application = self.dofn_receiver.receive(o)
05:35:15   File &lt;span class=&quot;code-quote&quot;&gt;&quot;/home/jenkins/jenkins-slave/workspace/beam_PreCommit_Python_Cron/src/sdks/python/test-suites/tox/py36/build/srcs/sdks/python/apache_beam/runners/common.py&quot;&lt;/span&gt;, line 776, in receive
05:35:15     self.process(windowed_value)
05:35:15   File &lt;span class=&quot;code-quote&quot;&gt;&quot;/home/jenkins/jenkins-slave/workspace/beam_PreCommit_Python_Cron/src/sdks/python/test-suites/tox/py36/build/srcs/sdks/python/apache_beam/runners/common.py&quot;&lt;/span&gt;, line 782, in process
05:35:15     self._reraise_augmented(exn)
05:35:15   File &lt;span class=&quot;code-quote&quot;&gt;&quot;/home/jenkins/jenkins-slave/workspace/beam_PreCommit_Python_Cron/src/sdks/python/test-suites/tox/py36/build/srcs/sdks/python/apache_beam/runners/common.py&quot;&lt;/span&gt;, line 780, in process
05:35:15     &lt;span class=&quot;code-keyword&quot;&gt;return&lt;/span&gt; self.do_fn_invoker.invoke_process(windowed_value)
05:35:15   File &lt;span class=&quot;code-quote&quot;&gt;&quot;/home/jenkins/jenkins-slave/workspace/beam_PreCommit_Python_Cron/src/sdks/python/test-suites/tox/py36/build/srcs/sdks/python/apache_beam/runners/common.py&quot;&lt;/span&gt;, line 588, in invoke_process
05:35:15     windowed_value, additional_args, additional_kwargs, output_processor)
05:35:15   File &lt;span class=&quot;code-quote&quot;&gt;&quot;/home/jenkins/jenkins-slave/workspace/beam_PreCommit_Python_Cron/src/sdks/python/test-suites/tox/py36/build/srcs/sdks/python/apache_beam/runners/common.py&quot;&lt;/span&gt;, line 660, in _invoke_process_per_window
05:35:15     windowed_value, self.process_method(*args_for_process))
05:35:15   File &lt;span class=&quot;code-quote&quot;&gt;&quot;/home/jenkins/jenkins-slave/workspace/beam_PreCommit_Python_Cron/src/sdks/python/test-suites/tox/py36/build/srcs/sdks/python/apache_beam/runners/common.py&quot;&lt;/span&gt;, line 919, in process_outputs
05:35:15     self.main_receivers.receive(windowed_value)
05:35:15   File &lt;span class=&quot;code-quote&quot;&gt;&quot;/home/jenkins/jenkins-slave/workspace/beam_PreCommit_Python_Cron/src/sdks/python/test-suites/tox/py36/build/srcs/sdks/python/apache_beam/runners/worker/operations.py&quot;&lt;/span&gt;, line 143, in receive
05:35:15     self.consumer.process(windowed_value)
05:35:15   File &lt;span class=&quot;code-quote&quot;&gt;&quot;/home/jenkins/jenkins-slave/workspace/beam_PreCommit_Python_Cron/src/sdks/python/test-suites/tox/py36/build/srcs/sdks/python/apache_beam/runners/worker/operations.py&quot;&lt;/span&gt;, line 594, in process
05:35:15     delayed_application = self.dofn_receiver.receive(o)
05:35:15   File &lt;span class=&quot;code-quote&quot;&gt;&quot;/home/jenkins/jenkins-slave/workspace/beam_PreCommit_Python_Cron/src/sdks/python/test-suites/tox/py36/build/srcs/sdks/python/apache_beam/runners/common.py&quot;&lt;/span&gt;, line 776, in receive
05:35:15     self.process(windowed_value)
05:35:15   File &lt;span class=&quot;code-quote&quot;&gt;&quot;/home/jenkins/jenkins-slave/workspace/beam_PreCommit_Python_Cron/src/sdks/python/test-suites/tox/py36/build/srcs/sdks/python/apache_beam/runners/common.py&quot;&lt;/span&gt;, line 782, in process
05:35:15     self._reraise_augmented(exn)
05:35:15   File &lt;span class=&quot;code-quote&quot;&gt;&quot;/home/jenkins/jenkins-slave/workspace/beam_PreCommit_Python_Cron/src/sdks/python/test-suites/tox/py36/build/srcs/sdks/python/apache_beam/runners/common.py&quot;&lt;/span&gt;, line 780, in process
05:35:15     &lt;span class=&quot;code-keyword&quot;&gt;return&lt;/span&gt; self.do_fn_invoker.invoke_process(windowed_value)
05:35:15   File &lt;span class=&quot;code-quote&quot;&gt;&quot;/home/jenkins/jenkins-slave/workspace/beam_PreCommit_Python_Cron/src/sdks/python/test-suites/tox/py36/build/srcs/sdks/python/apache_beam/runners/common.py&quot;&lt;/span&gt;, line 441, in invoke_process
05:35:15     windowed_value, self.process_method(windowed_value.value))
05:35:15   File &lt;span class=&quot;code-quote&quot;&gt;&quot;/home/jenkins/jenkins-slave/workspace/beam_PreCommit_Python_Cron/src/sdks/python/test-suites/tox/py36/build/srcs/sdks/python/apache_beam/runners/common.py&quot;&lt;/span&gt;, line 919, in process_outputs
05:35:15     self.main_receivers.receive(windowed_value)
05:35:15   File &lt;span class=&quot;code-quote&quot;&gt;&quot;/home/jenkins/jenkins-slave/workspace/beam_PreCommit_Python_Cron/src/sdks/python/test-suites/tox/py36/build/srcs/sdks/python/apache_beam/runners/worker/operations.py&quot;&lt;/span&gt;, line 143, in receive
05:35:15     self.consumer.process(windowed_value)
05:35:15   File &lt;span class=&quot;code-quote&quot;&gt;&quot;/home/jenkins/jenkins-slave/workspace/beam_PreCommit_Python_Cron/src/sdks/python/test-suites/tox/py36/build/srcs/sdks/python/apache_beam/runners/worker/operations.py&quot;&lt;/span&gt;, line 594, in process
05:35:15     delayed_application = self.dofn_receiver.receive(o)
05:35:15   File &lt;span class=&quot;code-quote&quot;&gt;&quot;/home/jenkins/jenkins-slave/workspace/beam_PreCommit_Python_Cron/src/sdks/python/test-suites/tox/py36/build/srcs/sdks/python/apache_beam/runners/common.py&quot;&lt;/span&gt;, line 776, in receive
05:35:15     self.process(windowed_value)
05:35:15   File &lt;span class=&quot;code-quote&quot;&gt;&quot;/home/jenkins/jenkins-slave/workspace/beam_PreCommit_Python_Cron/src/sdks/python/test-suites/tox/py36/build/srcs/sdks/python/apache_beam/runners/common.py&quot;&lt;/span&gt;, line 782, in process
05:35:15     self._reraise_augmented(exn)
05:35:15   File &lt;span class=&quot;code-quote&quot;&gt;&quot;/home/jenkins/jenkins-slave/workspace/beam_PreCommit_Python_Cron/src/sdks/python/test-suites/tox/py36/build/srcs/sdks/python/apache_beam/runners/common.py&quot;&lt;/span&gt;, line 849, in _reraise_augmented
05:35:15     raise_with_traceback(new_exn)
05:35:15   File &lt;span class=&quot;code-quote&quot;&gt;&quot;/home/jenkins/jenkins-slave/workspace/beam_PreCommit_Python_Cron/src/sdks/python/test-suites/tox/py36/build/srcs/sdks/python/target/.tox-py36-gcp/py36-gcp/lib/python3.6/site-packages/&lt;span class=&quot;code-keyword&quot;&gt;future&lt;/span&gt;/utils/__init__.py&quot;&lt;/span&gt;, line 419, in raise_with_traceback
05:35:15     raise exc.with_traceback(traceback)
05:35:15   File &lt;span class=&quot;code-quote&quot;&gt;&quot;/home/jenkins/jenkins-slave/workspace/beam_PreCommit_Python_Cron/src/sdks/python/test-suites/tox/py36/build/srcs/sdks/python/apache_beam/runners/common.py&quot;&lt;/span&gt;, line 780, in process
05:35:15     &lt;span class=&quot;code-keyword&quot;&gt;return&lt;/span&gt; self.do_fn_invoker.invoke_process(windowed_value)
05:35:15   File &lt;span class=&quot;code-quote&quot;&gt;&quot;/home/jenkins/jenkins-slave/workspace/beam_PreCommit_Python_Cron/src/sdks/python/test-suites/tox/py36/build/srcs/sdks/python/apache_beam/runners/common.py&quot;&lt;/span&gt;, line 441, in invoke_process
05:35:15     windowed_value, self.process_method(windowed_value.value))
05:35:15   File &lt;span class=&quot;code-quote&quot;&gt;&quot;/home/jenkins/jenkins-slave/workspace/beam_PreCommit_Python_Cron/src/sdks/python/test-suites/tox/py36/build/srcs/sdks/python/apache_beam/transforms/core.py&quot;&lt;/span&gt;, line 1358, in &amp;lt;lambda&amp;gt;
05:35:15     wrapper = lambda x: [fn(x)]
05:35:15   File &lt;span class=&quot;code-quote&quot;&gt;&quot;/home/jenkins/jenkins-slave/workspace/beam_PreCommit_Python_Cron/src/sdks/python/test-suites/tox/py36/build/srcs/sdks/python/apache_beam/testing/util.py&quot;&lt;/span&gt;, line 144, in _equal
05:35:15     &lt;span class=&quot;code-quote&quot;&gt;&apos;Failed &lt;span class=&quot;code-keyword&quot;&gt;assert&lt;/span&gt;: %r == %r&apos;&lt;/span&gt; % (expected, actual))
05:35:15 apache_beam.testing.util.BeamAssertException: Failed &lt;span class=&quot;code-keyword&quot;&gt;assert&lt;/span&gt;: [(&lt;span class=&quot;code-quote&quot;&gt;&apos;/tmp/20191022122258o70t5kbm&apos;&lt;/span&gt;, &lt;span class=&quot;code-quote&quot;&gt;&apos;line0&apos;&lt;/span&gt;), (&lt;span class=&quot;code-quote&quot;&gt;&apos;/tmp/20191022122258o70t5kbm&apos;&lt;/span&gt;, &lt;span class=&quot;code-quote&quot;&gt;&apos;line1&apos;&lt;/span&gt;), (&lt;span class=&quot;code-quote&quot;&gt;&apos;/tmp/20191022122258o70t5kbm&apos;&lt;/span&gt;, &lt;span class=&quot;code-quote&quot;&gt;&apos;line2&apos;&lt;/span&gt;), (&lt;span class=&quot;code-quote&quot;&gt;&apos;/tmp/20191022122258o70t5kbm&apos;&lt;/span&gt;, &lt;span class=&quot;code-quote&quot;&gt;&apos;line3&apos;&lt;/span&gt;), (&lt;span class=&quot;code-quote&quot;&gt;&apos;/tmp/20191022122258o70t5kbm&apos;&lt;/span&gt;, &lt;span class=&quot;code-quote&quot;&gt;&apos;line4&apos;&lt;/span&gt;), (&lt;span class=&quot;code-quote&quot;&gt;&apos;/tmp/20191022122258779xrrg8&apos;&lt;/span&gt;, &lt;span class=&quot;code-quote&quot;&gt;&apos;line0&apos;&lt;/span&gt;), (&lt;span class=&quot;code-quote&quot;&gt;&apos;/tmp/20191022122258779xrrg8&apos;&lt;/span&gt;, &lt;span class=&quot;code-quote&quot;&gt;&apos;line1&apos;&lt;/span&gt;), (&lt;span class=&quot;code-quote&quot;&gt;&apos;/tmp/20191022122258779xrrg8&apos;&lt;/span&gt;, &lt;span class=&quot;code-quote&quot;&gt;&apos;line2&apos;&lt;/span&gt;), (&lt;span class=&quot;code-quote&quot;&gt;&apos;/tmp/20191022122258779xrrg8&apos;&lt;/span&gt;, &lt;span class=&quot;code-quote&quot;&gt;&apos;line3&apos;&lt;/span&gt;), (&lt;span class=&quot;code-quote&quot;&gt;&apos;/tmp/20191022122258779xrrg8&apos;&lt;/span&gt;, &lt;span class=&quot;code-quote&quot;&gt;&apos;line4&apos;&lt;/span&gt;)] == [(&lt;span class=&quot;code-quote&quot;&gt;&apos;/tmp/20191022122258es0cit0f&apos;&lt;/span&gt;, &lt;span class=&quot;code-quote&quot;&gt;&apos;line0&apos;&lt;/span&gt;), (&lt;span class=&quot;code-quote&quot;&gt;&apos;/tmp/20191022122258es0cit0f&apos;&lt;/span&gt;, &lt;span class=&quot;code-quote&quot;&gt;&apos;line1&apos;&lt;/span&gt;), (&lt;span class=&quot;code-quote&quot;&gt;&apos;/tmp/20191022122258es0cit0f&apos;&lt;/span&gt;, &lt;span class=&quot;code-quote&quot;&gt;&apos;line2&apos;&lt;/span&gt;), (&lt;span class=&quot;code-quote&quot;&gt;&apos;/tmp/20191022122258es0cit0f&apos;&lt;/span&gt;, &lt;span class=&quot;code-quote&quot;&gt;&apos;line3&apos;&lt;/span&gt;), (&lt;span class=&quot;code-quote&quot;&gt;&apos;/tmp/20191022122258es0cit0f&apos;&lt;/span&gt;, &lt;span class=&quot;code-quote&quot;&gt;&apos;line4&apos;&lt;/span&gt;), (&lt;span class=&quot;code-quote&quot;&gt;&apos;/tmp/20191022122258779xrrg8&apos;&lt;/span&gt;, &lt;span class=&quot;code-quote&quot;&gt;&apos;line0&apos;&lt;/span&gt;), (&lt;span class=&quot;code-quote&quot;&gt;&apos;/tmp/20191022122258779xrrg8&apos;&lt;/span&gt;, &lt;span class=&quot;code-quote&quot;&gt;&apos;line1&apos;&lt;/span&gt;), (&lt;span class=&quot;code-quote&quot;&gt;&apos;/tmp/20191022122258779xrrg8&apos;&lt;/span&gt;, &lt;span class=&quot;code-quote&quot;&gt;&apos;line2&apos;&lt;/span&gt;), (&lt;span class=&quot;code-quote&quot;&gt;&apos;/tmp/20191022122258779xrrg8&apos;&lt;/span&gt;, &lt;span class=&quot;code-quote&quot;&gt;&apos;line3&apos;&lt;/span&gt;), (&lt;span class=&quot;code-quote&quot;&gt;&apos;/tmp/20191022122258779xrrg8&apos;&lt;/span&gt;, &lt;span class=&quot;code-quote&quot;&gt;&apos;line4&apos;&lt;/span&gt;), (&lt;span class=&quot;code-quote&quot;&gt;&apos;/tmp/20191022122258_lubt5l0&apos;&lt;/span&gt;, &lt;span class=&quot;code-quote&quot;&gt;&apos;line0&apos;&lt;/span&gt;), (&lt;span class=&quot;code-quote&quot;&gt;&apos;/tmp/20191022122258_lubt5l0&apos;&lt;/span&gt;, &lt;span class=&quot;code-quote&quot;&gt;&apos;line1&apos;&lt;/span&gt;), (&lt;span class=&quot;code-quote&quot;&gt;&apos;/tmp/20191022122258_lubt5l0&apos;&lt;/span&gt;, &lt;span class=&quot;code-quote&quot;&gt;&apos;line2&apos;&lt;/span&gt;), (&lt;span class=&quot;code-quote&quot;&gt;&apos;/tmp/20191022122258_lubt5l0&apos;&lt;/span&gt;, &lt;span class=&quot;code-quote&quot;&gt;&apos;line3&apos;&lt;/span&gt;), (&lt;span class=&quot;code-quote&quot;&gt;&apos;/tmp/20191022122258_lubt5l0&apos;&lt;/span&gt;, &lt;span class=&quot;code-quote&quot;&gt;&apos;line4&apos;&lt;/span&gt;), (&lt;span class=&quot;code-quote&quot;&gt;&apos;/tmp/20191022122258o70t5kbm&apos;&lt;/span&gt;, &lt;span class=&quot;code-quote&quot;&gt;&apos;line0&apos;&lt;/span&gt;), (&lt;span class=&quot;code-quote&quot;&gt;&apos;/tmp/20191022122258o70t5kbm&apos;&lt;/span&gt;, &lt;span class=&quot;code-quote&quot;&gt;&apos;line1&apos;&lt;/span&gt;), (&lt;span class=&quot;code-quote&quot;&gt;&apos;/tmp/20191022122258o70t5kbm&apos;&lt;/span&gt;, &lt;span class=&quot;code-quote&quot;&gt;&apos;line2&apos;&lt;/span&gt;), (&lt;span class=&quot;code-quote&quot;&gt;&apos;/tmp/20191022122258o70t5kbm&apos;&lt;/span&gt;, &lt;span class=&quot;code-quote&quot;&gt;&apos;line3&apos;&lt;/span&gt;), (&lt;span class=&quot;code-quote&quot;&gt;&apos;/tmp/20191022122258o70t5kbm&apos;&lt;/span&gt;, &lt;span class=&quot;code-quote&quot;&gt;&apos;line4&apos;&lt;/span&gt;)] [&lt;span class=&quot;code-keyword&quot;&gt;while&lt;/span&gt; running &lt;span class=&quot;code-quote&quot;&gt;&apos;assert_that/Match&apos;&lt;/span&gt;]
05:35:15 -------------------- &amp;gt;&amp;gt; begin captured logging &amp;lt;&amp;lt; --------------------
05:35:15 root: INFO: Missing pipeline option (runner). Executing pipeline using the &lt;span class=&quot;code-keyword&quot;&gt;default&lt;/span&gt; runner: DirectRunner.
05:35:15 apache_beam.io.filesystem: DEBUG: Changed prefix_or_dir &lt;span class=&quot;code-quote&quot;&gt;&apos;/tmp/20191022122258&apos;&lt;/span&gt; -&amp;gt; &lt;span class=&quot;code-quote&quot;&gt;&apos;/tmp&apos;&lt;/span&gt;
05:35:15 apache_beam.io.filesystem: DEBUG: Listing files in &lt;span class=&quot;code-quote&quot;&gt;&apos;/tmp&apos;&lt;/span&gt;
05:35:15 apache_beam.io.filesystem: DEBUG: translate_pattern: &lt;span class=&quot;code-quote&quot;&gt;&apos;/tmp/20191022122258*&apos;&lt;/span&gt; -&amp;gt; &lt;span class=&quot;code-quote&quot;&gt;&apos;\\/tmp\\/20191022122258[^/\\\\]*&apos;&lt;/span&gt;
05:35:15 root: DEBUG: Unhandled type_constraint: Union[]
05:35:15 root: DEBUG: Unhandled type_constraint: Union[]
05:35:15 root: DEBUG: Unhandled type_constraint: Union[]
05:35:15 root: INFO: ==================== &amp;lt;function annotate_downstream_side_inputs at 0x7fa296defbf8&amp;gt; ====================
05:35:15 root: DEBUG: 11 [1, 1, 1, 1, 1, 1, 1, 1, 1, 1, 1]
05:35:15 root: DEBUG: Stages: [&lt;span class=&quot;code-quote&quot;&gt;&apos;ref_AppliedPTransform_Read/Read_3\n  Read/Read:beam:transform:read:v1\n  must follow: \n  downstream_side_inputs: &apos;&lt;/span&gt;, &lt;span class=&quot;code-quote&quot;&gt;&apos;ref_AppliedPTransform_assert_that/Create/Read_6\n  assert_that/Create/Read:beam:transform:read:v1\n  must follow: \n  downstream_side_inputs: &apos;&lt;/span&gt;, &lt;span class=&quot;code-quote&quot;&gt;&apos;ref_AppliedPTransform_assert_that/WindowInto(WindowIntoFn)_7\n  assert_that/WindowInto(WindowIntoFn):beam:transform:window_into:v1\n  must follow: \n  downstream_side_inputs: &apos;&lt;/span&gt;, &lt;span class=&quot;code-quote&quot;&gt;&apos;ref_AppliedPTransform_assert_that/ToVoidKey_8\n  assert_that/ToVoidKey:beam:transform:pardo:v1\n  must follow: \n  downstream_side_inputs: &apos;&lt;/span&gt;, &lt;span class=&quot;code-quote&quot;&gt;&apos;ref_AppliedPTransform_assert_that/Group/pair_with_0_10\n  assert_that/Group/pair_with_0:beam:transform:pardo:v1\n  must follow: \n  downstream_side_inputs: &apos;&lt;/span&gt;, &lt;span class=&quot;code-quote&quot;&gt;&apos;ref_AppliedPTransform_assert_that/Group/pair_with_1_11\n  assert_that/Group/pair_with_1:beam:transform:pardo:v1\n  must follow: \n  downstream_side_inputs: &apos;&lt;/span&gt;, &lt;span class=&quot;code-quote&quot;&gt;&apos;ref_AppliedPTransform_assert_that/Group/Flatten_12\n  assert_that/Group/Flatten:beam:transform:flatten:v1\n  must follow: \n  downstream_side_inputs: &apos;&lt;/span&gt;, &lt;span class=&quot;code-quote&quot;&gt;&apos;ref_AppliedPTransform_assert_that/Group/GroupByKey_13\n  assert_that/Group/GroupByKey:beam:transform:group_by_key:v1\n  must follow: \n  downstream_side_inputs: &apos;&lt;/span&gt;, &lt;span class=&quot;code-quote&quot;&gt;&apos;ref_AppliedPTransform_assert_that/Group/Map(_merge_tagged_vals_under_key)_17\n  assert_that/Group/Map(_merge_tagged_vals_under_key):beam:transform:pardo:v1\n  must follow: \n  downstream_side_inputs: &apos;&lt;/span&gt;, &lt;span class=&quot;code-quote&quot;&gt;&apos;ref_AppliedPTransform_assert_that/Unkey_18\n  assert_that/Unkey:beam:transform:pardo:v1\n  must follow: \n  downstream_side_inputs: &apos;&lt;/span&gt;, &lt;span class=&quot;code-quote&quot;&gt;&apos;ref_AppliedPTransform_assert_that/Match_19\n  assert_that/Match:beam:transform:pardo:v1\n  must follow: \n  downstream_side_inputs: &apos;&lt;/span&gt;]
05:35:15 root: INFO: ==================== &amp;lt;function fix_side_input_pcoll_coders at 0x7fa296defd08&amp;gt; ====================
05:35:15 root: DEBUG: 11 [1, 1, 1, 1, 1, 1, 1, 1, 1, 1, 1]
05:35:15 root: DEBUG: Stages: [&lt;span class=&quot;code-quote&quot;&gt;&apos;ref_AppliedPTransform_Read/Read_3\n  Read/Read:beam:transform:read:v1\n  must follow: \n  downstream_side_inputs: &apos;&lt;/span&gt;, &lt;span class=&quot;code-quote&quot;&gt;&apos;ref_AppliedPTransform_assert_that/Create/Read_6\n  assert_that/Create/Read:beam:transform:read:v1\n  must follow: \n  downstream_side_inputs: &apos;&lt;/span&gt;, &lt;span class=&quot;code-quote&quot;&gt;&apos;ref_AppliedPTransform_assert_that/WindowInto(WindowIntoFn)_7\n  assert_that/WindowInto(WindowIntoFn):beam:transform:window_into:v1\n  must follow: \n  downstream_side_inputs: &apos;&lt;/span&gt;, &lt;span class=&quot;code-quote&quot;&gt;&apos;ref_AppliedPTransform_assert_that/ToVoidKey_8\n  assert_that/ToVoidKey:beam:transform:pardo:v1\n  must follow: \n  downstream_side_inputs: &apos;&lt;/span&gt;, &lt;span class=&quot;code-quote&quot;&gt;&apos;ref_AppliedPTransform_assert_that/Group/pair_with_0_10\n  assert_that/Group/pair_with_0:beam:transform:pardo:v1\n  must follow: \n  downstream_side_inputs: &apos;&lt;/span&gt;, &lt;span class=&quot;code-quote&quot;&gt;&apos;ref_AppliedPTransform_assert_that/Group/pair_with_1_11\n  assert_that/Group/pair_with_1:beam:transform:pardo:v1\n  must follow: \n  downstream_side_inputs: &apos;&lt;/span&gt;, &lt;span class=&quot;code-quote&quot;&gt;&apos;ref_AppliedPTransform_assert_that/Group/Flatten_12\n  assert_that/Group/Flatten:beam:transform:flatten:v1\n  must follow: \n  downstream_side_inputs: &apos;&lt;/span&gt;, &lt;span class=&quot;code-quote&quot;&gt;&apos;ref_AppliedPTransform_assert_that/Group/GroupByKey_13\n  assert_that/Group/GroupByKey:beam:transform:group_by_key:v1\n  must follow: \n  downstream_side_inputs: &apos;&lt;/span&gt;, &lt;span class=&quot;code-quote&quot;&gt;&apos;ref_AppliedPTransform_assert_that/Group/Map(_merge_tagged_vals_under_key)_17\n  assert_that/Group/Map(_merge_tagged_vals_under_key):beam:transform:pardo:v1\n  must follow: \n  downstream_side_inputs: &apos;&lt;/span&gt;, &lt;span class=&quot;code-quote&quot;&gt;&apos;ref_AppliedPTransform_assert_that/Unkey_18\n  assert_that/Unkey:beam:transform:pardo:v1\n  must follow: \n  downstream_side_inputs: &apos;&lt;/span&gt;, &lt;span class=&quot;code-quote&quot;&gt;&apos;ref_AppliedPTransform_assert_that/Match_19\n  assert_that/Match:beam:transform:pardo:v1\n  must follow: \n  downstream_side_inputs: &apos;&lt;/span&gt;]
05:35:15 root: INFO: ==================== &amp;lt;function lift_combiners at 0x7fa296defd90&amp;gt; ====================
05:35:15 root: DEBUG: 11 [1, 1, 1, 1, 1, 1, 1, 1, 1, 1, 1]
05:35:15 root: DEBUG: Stages: [&lt;span class=&quot;code-quote&quot;&gt;&apos;ref_AppliedPTransform_Read/Read_3\n  Read/Read:beam:transform:read:v1\n  must follow: \n  downstream_side_inputs: &apos;&lt;/span&gt;, &lt;span class=&quot;code-quote&quot;&gt;&apos;ref_AppliedPTransform_assert_that/Create/Read_6\n  assert_that/Create/Read:beam:transform:read:v1\n  must follow: \n  downstream_side_inputs: &apos;&lt;/span&gt;, &lt;span class=&quot;code-quote&quot;&gt;&apos;ref_AppliedPTransform_assert_that/WindowInto(WindowIntoFn)_7\n  assert_that/WindowInto(WindowIntoFn):beam:transform:window_into:v1\n  must follow: \n  downstream_side_inputs: &apos;&lt;/span&gt;, &lt;span class=&quot;code-quote&quot;&gt;&apos;ref_AppliedPTransform_assert_that/ToVoidKey_8\n  assert_that/ToVoidKey:beam:transform:pardo:v1\n  must follow: \n  downstream_side_inputs: &apos;&lt;/span&gt;, &lt;span class=&quot;code-quote&quot;&gt;&apos;ref_AppliedPTransform_assert_that/Group/pair_with_0_10\n  assert_that/Group/pair_with_0:beam:transform:pardo:v1\n  must follow: \n  downstream_side_inputs: &apos;&lt;/span&gt;, &lt;span class=&quot;code-quote&quot;&gt;&apos;ref_AppliedPTransform_assert_that/Group/pair_with_1_11\n  assert_that/Group/pair_with_1:beam:transform:pardo:v1\n  must follow: \n  downstream_side_inputs: &apos;&lt;/span&gt;, &lt;span class=&quot;code-quote&quot;&gt;&apos;ref_AppliedPTransform_assert_that/Group/Flatten_12\n  assert_that/Group/Flatten:beam:transform:flatten:v1\n  must follow: \n  downstream_side_inputs: &apos;&lt;/span&gt;, &lt;span class=&quot;code-quote&quot;&gt;&apos;ref_AppliedPTransform_assert_that/Group/GroupByKey_13\n  assert_that/Group/GroupByKey:beam:transform:group_by_key:v1\n  must follow: \n  downstream_side_inputs: &apos;&lt;/span&gt;, &lt;span class=&quot;code-quote&quot;&gt;&apos;ref_AppliedPTransform_assert_that/Group/Map(_merge_tagged_vals_under_key)_17\n  assert_that/Group/Map(_merge_tagged_vals_under_key):beam:transform:pardo:v1\n  must follow: \n  downstream_side_inputs: &apos;&lt;/span&gt;, &lt;span class=&quot;code-quote&quot;&gt;&apos;ref_AppliedPTransform_assert_that/Unkey_18\n  assert_that/Unkey:beam:transform:pardo:v1\n  must follow: \n  downstream_side_inputs: &apos;&lt;/span&gt;, &lt;span class=&quot;code-quote&quot;&gt;&apos;ref_AppliedPTransform_assert_that/Match_19\n  assert_that/Match:beam:transform:pardo:v1\n  must follow: \n  downstream_side_inputs: &apos;&lt;/span&gt;]
05:35:15 root: INFO: ==================== &amp;lt;function expand_sdf at 0x7fa296defe18&amp;gt; ====================
05:35:15 root: DEBUG: 11 [1, 1, 1, 1, 1, 1, 1, 1, 1, 1, 1]
05:35:15 root: DEBUG: Stages: [&lt;span class=&quot;code-quote&quot;&gt;&apos;ref_AppliedPTransform_Read/Read_3\n  Read/Read:beam:transform:read:v1\n  must follow: \n  downstream_side_inputs: &apos;&lt;/span&gt;, &lt;span class=&quot;code-quote&quot;&gt;&apos;ref_AppliedPTransform_assert_that/Create/Read_6\n  assert_that/Create/Read:beam:transform:read:v1\n  must follow: \n  downstream_side_inputs: &apos;&lt;/span&gt;, &lt;span class=&quot;code-quote&quot;&gt;&apos;ref_AppliedPTransform_assert_that/WindowInto(WindowIntoFn)_7\n  assert_that/WindowInto(WindowIntoFn):beam:transform:window_into:v1\n  must follow: \n  downstream_side_inputs: &apos;&lt;/span&gt;, &lt;span class=&quot;code-quote&quot;&gt;&apos;ref_AppliedPTransform_assert_that/ToVoidKey_8\n  assert_that/ToVoidKey:beam:transform:pardo:v1\n  must follow: \n  downstream_side_inputs: &apos;&lt;/span&gt;, &lt;span class=&quot;code-quote&quot;&gt;&apos;ref_AppliedPTransform_assert_that/Group/pair_with_0_10\n  assert_that/Group/pair_with_0:beam:transform:pardo:v1\n  must follow: \n  downstream_side_inputs: &apos;&lt;/span&gt;, &lt;span class=&quot;code-quote&quot;&gt;&apos;ref_AppliedPTransform_assert_that/Group/pair_with_1_11\n  assert_that/Group/pair_with_1:beam:transform:pardo:v1\n  must follow: \n  downstream_side_inputs: &apos;&lt;/span&gt;, &lt;span class=&quot;code-quote&quot;&gt;&apos;ref_AppliedPTransform_assert_that/Group/Flatten_12\n  assert_that/Group/Flatten:beam:transform:flatten:v1\n  must follow: \n  downstream_side_inputs: &apos;&lt;/span&gt;, &lt;span class=&quot;code-quote&quot;&gt;&apos;ref_AppliedPTransform_assert_that/Group/GroupByKey_13\n  assert_that/Group/GroupByKey:beam:transform:group_by_key:v1\n  must follow: \n  downstream_side_inputs: &apos;&lt;/span&gt;, &lt;span class=&quot;code-quote&quot;&gt;&apos;ref_AppliedPTransform_assert_that/Group/Map(_merge_tagged_vals_under_key)_17\n  assert_that/Group/Map(_merge_tagged_vals_under_key):beam:transform:pardo:v1\n  must follow: \n  downstream_side_inputs: &apos;&lt;/span&gt;, &lt;span class=&quot;code-quote&quot;&gt;&apos;ref_AppliedPTransform_assert_that/Unkey_18\n  assert_that/Unkey:beam:transform:pardo:v1\n  must follow: \n  downstream_side_inputs: &apos;&lt;/span&gt;, &lt;span class=&quot;code-quote&quot;&gt;&apos;ref_AppliedPTransform_assert_that/Match_19\n  assert_that/Match:beam:transform:pardo:v1\n  must follow: \n  downstream_side_inputs: &apos;&lt;/span&gt;]
05:35:15 root: INFO: ==================== &amp;lt;function expand_gbk at 0x7fa296defea0&amp;gt; ====================
05:35:15 root: DEBUG: 12 [1, 1, 1, 1, 1, 1, 1, 1, 1, 1, 1, 1]
05:35:15 root: DEBUG: Stages: [&lt;span class=&quot;code-quote&quot;&gt;&apos;ref_AppliedPTransform_Read/Read_3\n  Read/Read:beam:transform:read:v1\n  must follow: \n  downstream_side_inputs: &apos;&lt;/span&gt;, &lt;span class=&quot;code-quote&quot;&gt;&apos;ref_AppliedPTransform_assert_that/Create/Read_6\n  assert_that/Create/Read:beam:transform:read:v1\n  must follow: \n  downstream_side_inputs: &apos;&lt;/span&gt;, &lt;span class=&quot;code-quote&quot;&gt;&apos;ref_AppliedPTransform_assert_that/WindowInto(WindowIntoFn)_7\n  assert_that/WindowInto(WindowIntoFn):beam:transform:window_into:v1\n  must follow: \n  downstream_side_inputs: &apos;&lt;/span&gt;, &lt;span class=&quot;code-quote&quot;&gt;&apos;ref_AppliedPTransform_assert_that/ToVoidKey_8\n  assert_that/ToVoidKey:beam:transform:pardo:v1\n  must follow: \n  downstream_side_inputs: &apos;&lt;/span&gt;, &lt;span class=&quot;code-quote&quot;&gt;&apos;ref_AppliedPTransform_assert_that/Group/pair_with_0_10\n  assert_that/Group/pair_with_0:beam:transform:pardo:v1\n  must follow: \n  downstream_side_inputs: &apos;&lt;/span&gt;, &lt;span class=&quot;code-quote&quot;&gt;&apos;ref_AppliedPTransform_assert_that/Group/pair_with_1_11\n  assert_that/Group/pair_with_1:beam:transform:pardo:v1\n  must follow: \n  downstream_side_inputs: &apos;&lt;/span&gt;, &lt;span class=&quot;code-quote&quot;&gt;&apos;ref_AppliedPTransform_assert_that/Group/Flatten_12\n  assert_that/Group/Flatten:beam:transform:flatten:v1\n  must follow: \n  downstream_side_inputs: &apos;&lt;/span&gt;, &lt;span class=&quot;code-quote&quot;&gt;&apos;assert_that/Group/GroupByKey/Write\n  assert_that/Group/GroupByKey/Write:beam:sink:runner:0.1\n  must follow: \n  downstream_side_inputs: &apos;&lt;/span&gt;, &lt;span class=&quot;code-quote&quot;&gt;&apos;assert_that/Group/GroupByKey/Read\n  assert_that/Group/GroupByKey/Read:beam:source:runner:0.1\n  must follow: assert_that/Group/GroupByKey/Write\n  downstream_side_inputs: &apos;&lt;/span&gt;, &lt;span class=&quot;code-quote&quot;&gt;&apos;ref_AppliedPTransform_assert_that/Group/Map(_merge_tagged_vals_under_key)_17\n  assert_that/Group/Map(_merge_tagged_vals_under_key):beam:transform:pardo:v1\n  must follow: \n  downstream_side_inputs: &apos;&lt;/span&gt;, &lt;span class=&quot;code-quote&quot;&gt;&apos;ref_AppliedPTransform_assert_that/Unkey_18\n  assert_that/Unkey:beam:transform:pardo:v1\n  must follow: \n  downstream_side_inputs: &apos;&lt;/span&gt;, &lt;span class=&quot;code-quote&quot;&gt;&apos;ref_AppliedPTransform_assert_that/Match_19\n  assert_that/Match:beam:transform:pardo:v1\n  must follow: \n  downstream_side_inputs: &apos;&lt;/span&gt;]
05:35:15 root: INFO: ==================== &amp;lt;function sink_flattens at 0x7fa296dfd048&amp;gt; ====================
05:35:15 root: DEBUG: 16 [1, 1, 1, 1, 1, 1, 1, 1, 1, 1, 1, 1, 1, 1, 1, 1]
05:35:15 root: DEBUG: Stages: [&lt;span class=&quot;code-quote&quot;&gt;&apos;ref_AppliedPTransform_Read/Read_3\n  Read/Read:beam:transform:read:v1\n  must follow: \n  downstream_side_inputs: &apos;&lt;/span&gt;, &lt;span class=&quot;code-quote&quot;&gt;&apos;ref_AppliedPTransform_assert_that/Create/Read_6\n  assert_that/Create/Read:beam:transform:read:v1\n  must follow: \n  downstream_side_inputs: &apos;&lt;/span&gt;, &lt;span class=&quot;code-quote&quot;&gt;&apos;ref_AppliedPTransform_assert_that/WindowInto(WindowIntoFn)_7\n  assert_that/WindowInto(WindowIntoFn):beam:transform:window_into:v1\n  must follow: \n  downstream_side_inputs: &apos;&lt;/span&gt;, &lt;span class=&quot;code-quote&quot;&gt;&apos;ref_AppliedPTransform_assert_that/ToVoidKey_8\n  assert_that/ToVoidKey:beam:transform:pardo:v1\n  must follow: \n  downstream_side_inputs: &apos;&lt;/span&gt;, &lt;span class=&quot;code-quote&quot;&gt;&apos;ref_AppliedPTransform_assert_that/Group/pair_with_0_10\n  assert_that/Group/pair_with_0:beam:transform:pardo:v1\n  must follow: \n  downstream_side_inputs: &apos;&lt;/span&gt;, &lt;span class=&quot;code-quote&quot;&gt;&apos;ref_AppliedPTransform_assert_that/Group/pair_with_1_11\n  assert_that/Group/pair_with_1:beam:transform:pardo:v1\n  must follow: \n  downstream_side_inputs: &apos;&lt;/span&gt;, &lt;span class=&quot;code-quote&quot;&gt;&apos;assert_that/Group/Flatten/Transcode/1\n  assert_that/Group/Flatten/Transcode/1:beam:dofn:identity:0.1\n  must follow: \n  downstream_side_inputs: &apos;&lt;/span&gt;, &lt;span class=&quot;code-quote&quot;&gt;&apos;assert_that/Group/Flatten/Transcode/0\n  assert_that/Group/Flatten/Transcode/0:beam:dofn:identity:0.1\n  must follow: \n  downstream_side_inputs: &apos;&lt;/span&gt;, &lt;span class=&quot;code-quote&quot;&gt;&apos;assert_that/Group/Flatten/Write/1\n  assert_that/Group/Flatten/Write/1:beam:sink:runner:0.1\n  must follow: \n  downstream_side_inputs: &apos;&lt;/span&gt;, &lt;span class=&quot;code-quote&quot;&gt;&apos;assert_that/Group/Flatten/Write/0\n  assert_that/Group/Flatten/Write/0:beam:sink:runner:0.1\n  must follow: \n  downstream_side_inputs: &apos;&lt;/span&gt;, &lt;span class=&quot;code-quote&quot;&gt;&apos;assert_that/Group/Flatten/Read\n  assert_that/Group/Flatten/Read:beam:source:runner:0.1\n  must follow: assert_that/Group/Flatten/Write/0, assert_that/Group/Flatten/Write/1\n  downstream_side_inputs: &apos;&lt;/span&gt;, &lt;span class=&quot;code-quote&quot;&gt;&apos;assert_that/Group/GroupByKey/Write\n  assert_that/Group/GroupByKey/Write:beam:sink:runner:0.1\n  must follow: \n  downstream_side_inputs: &apos;&lt;/span&gt;, &lt;span class=&quot;code-quote&quot;&gt;&apos;assert_that/Group/GroupByKey/Read\n  assert_that/Group/GroupByKey/Read:beam:source:runner:0.1\n  must follow: assert_that/Group/GroupByKey/Write\n  downstream_side_inputs: &apos;&lt;/span&gt;, &lt;span class=&quot;code-quote&quot;&gt;&apos;ref_AppliedPTransform_assert_that/Group/Map(_merge_tagged_vals_under_key)_17\n  assert_that/Group/Map(_merge_tagged_vals_under_key):beam:transform:pardo:v1\n  must follow: \n  downstream_side_inputs: &apos;&lt;/span&gt;, &lt;span class=&quot;code-quote&quot;&gt;&apos;ref_AppliedPTransform_assert_that/Unkey_18\n  assert_that/Unkey:beam:transform:pardo:v1\n  must follow: \n  downstream_side_inputs: &apos;&lt;/span&gt;, &lt;span class=&quot;code-quote&quot;&gt;&apos;ref_AppliedPTransform_assert_that/Match_19\n  assert_that/Match:beam:transform:pardo:v1\n  must follow: \n  downstream_side_inputs: &apos;&lt;/span&gt;]
05:35:15 root: INFO: ==================== &amp;lt;function greedily_fuse at 0x7fa296dfd0d0&amp;gt; ====================
05:35:15 root: DEBUG: 4 [4, 4, 6, 2]
05:35:15 root: DEBUG: Stages: [&lt;span class=&quot;code-quote&quot;&gt;&apos;(((ref_AppliedPTransform_assert_that/Create/Read_6)+(ref_AppliedPTransform_assert_that/Group/pair_with_0_10))+(assert_that/Group/Flatten/Transcode/0))+(assert_that/Group/Flatten/Write/0)\n  assert_that/Create/Read:beam:transform:read:v1\nassert_that/Group/pair_with_0:beam:transform:pardo:v1\nassert_that/Group/Flatten/Transcode/0:beam:dofn:identity:0.1\nassert_that/Group/Flatten/Write/0:beam:sink:runner:0.1\n  must follow: \n  downstream_side_inputs: &apos;&lt;/span&gt;, &lt;span class=&quot;code-quote&quot;&gt;&apos;(((assert_that/Group/GroupByKey/Read)+(ref_AppliedPTransform_assert_that/Group/Map(_merge_tagged_vals_under_key)_17))+(ref_AppliedPTransform_assert_that/Unkey_18))+(ref_AppliedPTransform_assert_that/Match_19)\n  assert_that/Group/GroupByKey/Read:beam:source:runner:0.1\nassert_that/Group/Map(_merge_tagged_vals_under_key):beam:transform:pardo:v1\nassert_that/Unkey:beam:transform:pardo:v1\nassert_that/Match:beam:transform:pardo:v1\n  must follow: (assert_that/Group/Flatten/Read)+(assert_that/Group/GroupByKey/Write)\n  downstream_side_inputs: &apos;&lt;/span&gt;, &lt;span class=&quot;code-quote&quot;&gt;&apos;(((((ref_AppliedPTransform_Read/Read_3)+(ref_AppliedPTransform_assert_that/WindowInto(WindowIntoFn)_7))+(ref_AppliedPTransform_assert_that/ToVoidKey_8))+(ref_AppliedPTransform_assert_that/Group/pair_with_1_11))+(assert_that/Group/Flatten/Transcode/1))+(assert_that/Group/Flatten/Write/1)\n  Read/Read:beam:transform:read:v1\nassert_that/WindowInto(WindowIntoFn):beam:transform:window_into:v1\nassert_that/ToVoidKey:beam:transform:pardo:v1\nassert_that/Group/pair_with_1:beam:transform:pardo:v1\nassert_that/Group/Flatten/Transcode/1:beam:dofn:identity:0.1\nassert_that/Group/Flatten/Write/1:beam:sink:runner:0.1\n  must follow: \n  downstream_side_inputs: &apos;&lt;/span&gt;, &lt;span class=&quot;code-quote&quot;&gt;&apos;(assert_that/Group/Flatten/Read)+(assert_that/Group/GroupByKey/Write)\n  assert_that/Group/Flatten/Read:beam:source:runner:0.1\nassert_that/Group/GroupByKey/Write:beam:sink:runner:0.1\n  must follow: (((ref_AppliedPTransform_assert_that/Create/Read_6)+(ref_AppliedPTransform_assert_that/Group/pair_with_0_10))+(assert_that/Group/Flatten/Transcode/0))+(assert_that/Group/Flatten/Write/0), (((((ref_AppliedPTransform_Read/Read_3)+(ref_AppliedPTransform_assert_that/WindowInto(WindowIntoFn)_7))+(ref_AppliedPTransform_assert_that/ToVoidKey_8))+(ref_AppliedPTransform_assert_that/Group/pair_with_1_11))+(assert_that/Group/Flatten/Transcode/1))+(assert_that/Group/Flatten/Write/1)\n  downstream_side_inputs: &apos;&lt;/span&gt;]
05:35:15 root: INFO: ==================== &amp;lt;function read_to_impulse at 0x7fa296dfd158&amp;gt; ====================
05:35:15 root: DEBUG: 4 [5, 4, 7, 2]
05:35:15 root: DEBUG: Stages: [&lt;span class=&quot;code-quote&quot;&gt;&apos;(((ref_AppliedPTransform_assert_that/Create/Read_6)+(ref_AppliedPTransform_assert_that/Group/pair_with_0_10))+(assert_that/Group/Flatten/Transcode/0))+(assert_that/Group/Flatten/Write/0)\n  assert_that/Group/pair_with_0:beam:transform:pardo:v1\nassert_that/Group/Flatten/Transcode/0:beam:dofn:identity:0.1\nassert_that/Group/Flatten/Write/0:beam:sink:runner:0.1\nassert_that/Create/Read/Impulse:beam:transform:impulse:v1\nassert_that/Create/Read:beam:transform:read_from_impulse_python:v1\n  must follow: \n  downstream_side_inputs: &apos;&lt;/span&gt;, &lt;span class=&quot;code-quote&quot;&gt;&apos;(((assert_that/Group/GroupByKey/Read)+(ref_AppliedPTransform_assert_that/Group/Map(_merge_tagged_vals_under_key)_17))+(ref_AppliedPTransform_assert_that/Unkey_18))+(ref_AppliedPTransform_assert_that/Match_19)\n  assert_that/Group/GroupByKey/Read:beam:source:runner:0.1\nassert_that/Group/Map(_merge_tagged_vals_under_key):beam:transform:pardo:v1\nassert_that/Unkey:beam:transform:pardo:v1\nassert_that/Match:beam:transform:pardo:v1\n  must follow: (assert_that/Group/Flatten/Read)+(assert_that/Group/GroupByKey/Write)\n  downstream_side_inputs: &apos;&lt;/span&gt;, &lt;span class=&quot;code-quote&quot;&gt;&apos;(((((ref_AppliedPTransform_Read/Read_3)+(ref_AppliedPTransform_assert_that/WindowInto(WindowIntoFn)_7))+(ref_AppliedPTransform_assert_that/ToVoidKey_8))+(ref_AppliedPTransform_assert_that/Group/pair_with_1_11))+(assert_that/Group/Flatten/Transcode/1))+(assert_that/Group/Flatten/Write/1)\n  assert_that/WindowInto(WindowIntoFn):beam:transform:window_into:v1\nassert_that/ToVoidKey:beam:transform:pardo:v1\nassert_that/Group/pair_with_1:beam:transform:pardo:v1\nassert_that/Group/Flatten/Transcode/1:beam:dofn:identity:0.1\nassert_that/Group/Flatten/Write/1:beam:sink:runner:0.1\nRead/Read/Impulse:beam:transform:impulse:v1\nRead/Read:beam:transform:read_from_impulse_python:v1\n  must follow: \n  downstream_side_inputs: &apos;&lt;/span&gt;, &lt;span class=&quot;code-quote&quot;&gt;&apos;(assert_that/Group/Flatten/Read)+(assert_that/Group/GroupByKey/Write)\n  assert_that/Group/Flatten/Read:beam:source:runner:0.1\nassert_that/Group/GroupByKey/Write:beam:sink:runner:0.1\n  must follow: (((ref_AppliedPTransform_assert_that/Create/Read_6)+(ref_AppliedPTransform_assert_that/Group/pair_with_0_10))+(assert_that/Group/Flatten/Transcode/0))+(assert_that/Group/Flatten/Write/0), (((((ref_AppliedPTransform_Read/Read_3)+(ref_AppliedPTransform_assert_that/WindowInto(WindowIntoFn)_7))+(ref_AppliedPTransform_assert_that/ToVoidKey_8))+(ref_AppliedPTransform_assert_that/Group/pair_with_1_11))+(assert_that/Group/Flatten/Transcode/1))+(assert_that/Group/Flatten/Write/1)\n  downstream_side_inputs: &apos;&lt;/span&gt;]
05:35:15 root: INFO: ==================== &amp;lt;function impulse_to_input at 0x7fa296dfd1e0&amp;gt; ====================
05:35:15 root: DEBUG: 4 [5, 4, 7, 2]
05:35:15 root: DEBUG: Stages: [&lt;span class=&quot;code-quote&quot;&gt;&apos;(((ref_AppliedPTransform_assert_that/Create/Read_6)+(ref_AppliedPTransform_assert_that/Group/pair_with_0_10))+(assert_that/Group/Flatten/Transcode/0))+(assert_that/Group/Flatten/Write/0)\n  assert_that/Group/pair_with_0:beam:transform:pardo:v1\nassert_that/Group/Flatten/Transcode/0:beam:dofn:identity:0.1\nassert_that/Group/Flatten/Write/0:beam:sink:runner:0.1\nassert_that/Create/Read:beam:transform:read_from_impulse_python:v1\nassert_that/Create/Read/Impulse:beam:source:runner:0.1\n  must follow: \n  downstream_side_inputs: &apos;&lt;/span&gt;, &lt;span class=&quot;code-quote&quot;&gt;&apos;(((assert_that/Group/GroupByKey/Read)+(ref_AppliedPTransform_assert_that/Group/Map(_merge_tagged_vals_under_key)_17))+(ref_AppliedPTransform_assert_that/Unkey_18))+(ref_AppliedPTransform_assert_that/Match_19)\n  assert_that/Group/GroupByKey/Read:beam:source:runner:0.1\nassert_that/Group/Map(_merge_tagged_vals_under_key):beam:transform:pardo:v1\nassert_that/Unkey:beam:transform:pardo:v1\nassert_that/Match:beam:transform:pardo:v1\n  must follow: (assert_that/Group/Flatten/Read)+(assert_that/Group/GroupByKey/Write)\n  downstream_side_inputs: &apos;&lt;/span&gt;, &lt;span class=&quot;code-quote&quot;&gt;&apos;(((((ref_AppliedPTransform_Read/Read_3)+(ref_AppliedPTransform_assert_that/WindowInto(WindowIntoFn)_7))+(ref_AppliedPTransform_assert_that/ToVoidKey_8))+(ref_AppliedPTransform_assert_that/Group/pair_with_1_11))+(assert_that/Group/Flatten/Transcode/1))+(assert_that/Group/Flatten/Write/1)\n  assert_that/WindowInto(WindowIntoFn):beam:transform:window_into:v1\nassert_that/ToVoidKey:beam:transform:pardo:v1\nassert_that/Group/pair_with_1:beam:transform:pardo:v1\nassert_that/Group/Flatten/Transcode/1:beam:dofn:identity:0.1\nassert_that/Group/Flatten/Write/1:beam:sink:runner:0.1\nRead/Read:beam:transform:read_from_impulse_python:v1\nRead/Read/Impulse:beam:source:runner:0.1\n  must follow: \n  downstream_side_inputs: &apos;&lt;/span&gt;, &lt;span class=&quot;code-quote&quot;&gt;&apos;(assert_that/Group/Flatten/Read)+(assert_that/Group/GroupByKey/Write)\n  assert_that/Group/Flatten/Read:beam:source:runner:0.1\nassert_that/Group/GroupByKey/Write:beam:sink:runner:0.1\n  must follow: (((ref_AppliedPTransform_assert_that/Create/Read_6)+(ref_AppliedPTransform_assert_that/Group/pair_with_0_10))+(assert_that/Group/Flatten/Transcode/0))+(assert_that/Group/Flatten/Write/0), (((((ref_AppliedPTransform_Read/Read_3)+(ref_AppliedPTransform_assert_that/WindowInto(WindowIntoFn)_7))+(ref_AppliedPTransform_assert_that/ToVoidKey_8))+(ref_AppliedPTransform_assert_that/Group/pair_with_1_11))+(assert_that/Group/Flatten/Transcode/1))+(assert_that/Group/Flatten/Write/1)\n  downstream_side_inputs: &apos;&lt;/span&gt;]
05:35:15 root: INFO: ==================== &amp;lt;function inject_timer_pcollections at 0x7fa296dfd378&amp;gt; ====================
05:35:15 root: DEBUG: 4 [5, 4, 7, 2]
05:35:15 root: DEBUG: Stages: [&lt;span class=&quot;code-quote&quot;&gt;&apos;(((ref_AppliedPTransform_assert_that/Create/Read_6)+(ref_AppliedPTransform_assert_that/Group/pair_with_0_10))+(assert_that/Group/Flatten/Transcode/0))+(assert_that/Group/Flatten/Write/0)\n  assert_that/Group/pair_with_0:beam:transform:pardo:v1\nassert_that/Group/Flatten/Transcode/0:beam:dofn:identity:0.1\nassert_that/Group/Flatten/Write/0:beam:sink:runner:0.1\nassert_that/Create/Read:beam:transform:read_from_impulse_python:v1\nassert_that/Create/Read/Impulse:beam:source:runner:0.1\n  must follow: \n  downstream_side_inputs: &apos;&lt;/span&gt;, &lt;span class=&quot;code-quote&quot;&gt;&apos;(((assert_that/Group/GroupByKey/Read)+(ref_AppliedPTransform_assert_that/Group/Map(_merge_tagged_vals_under_key)_17))+(ref_AppliedPTransform_assert_that/Unkey_18))+(ref_AppliedPTransform_assert_that/Match_19)\n  assert_that/Group/GroupByKey/Read:beam:source:runner:0.1\nassert_that/Group/Map(_merge_tagged_vals_under_key):beam:transform:pardo:v1\nassert_that/Unkey:beam:transform:pardo:v1\nassert_that/Match:beam:transform:pardo:v1\n  must follow: (assert_that/Group/Flatten/Read)+(assert_that/Group/GroupByKey/Write)\n  downstream_side_inputs: &apos;&lt;/span&gt;, &lt;span class=&quot;code-quote&quot;&gt;&apos;(((((ref_AppliedPTransform_Read/Read_3)+(ref_AppliedPTransform_assert_that/WindowInto(WindowIntoFn)_7))+(ref_AppliedPTransform_assert_that/ToVoidKey_8))+(ref_AppliedPTransform_assert_that/Group/pair_with_1_11))+(assert_that/Group/Flatten/Transcode/1))+(assert_that/Group/Flatten/Write/1)\n  assert_that/WindowInto(WindowIntoFn):beam:transform:window_into:v1\nassert_that/ToVoidKey:beam:transform:pardo:v1\nassert_that/Group/pair_with_1:beam:transform:pardo:v1\nassert_that/Group/Flatten/Transcode/1:beam:dofn:identity:0.1\nassert_that/Group/Flatten/Write/1:beam:sink:runner:0.1\nRead/Read:beam:transform:read_from_impulse_python:v1\nRead/Read/Impulse:beam:source:runner:0.1\n  must follow: \n  downstream_side_inputs: &apos;&lt;/span&gt;, &lt;span class=&quot;code-quote&quot;&gt;&apos;(assert_that/Group/Flatten/Read)+(assert_that/Group/GroupByKey/Write)\n  assert_that/Group/Flatten/Read:beam:source:runner:0.1\nassert_that/Group/GroupByKey/Write:beam:sink:runner:0.1\n  must follow: (((ref_AppliedPTransform_assert_that/Create/Read_6)+(ref_AppliedPTransform_assert_that/Group/pair_with_0_10))+(assert_that/Group/Flatten/Transcode/0))+(assert_that/Group/Flatten/Write/0), (((((ref_AppliedPTransform_Read/Read_3)+(ref_AppliedPTransform_assert_that/WindowInto(WindowIntoFn)_7))+(ref_AppliedPTransform_assert_that/ToVoidKey_8))+(ref_AppliedPTransform_assert_that/Group/pair_with_1_11))+(assert_that/Group/Flatten/Transcode/1))+(assert_that/Group/Flatten/Write/1)\n  downstream_side_inputs: &apos;&lt;/span&gt;]
05:35:15 root: INFO: ==================== &amp;lt;function sort_stages at 0x7fa296dfd400&amp;gt; ====================
05:35:15 root: DEBUG: 4 [5, 7, 2, 4]
05:35:15 root: DEBUG: Stages: [&lt;span class=&quot;code-quote&quot;&gt;&apos;(((ref_AppliedPTransform_assert_that/Create/Read_6)+(ref_AppliedPTransform_assert_that/Group/pair_with_0_10))+(assert_that/Group/Flatten/Transcode/0))+(assert_that/Group/Flatten/Write/0)\n  assert_that/Group/pair_with_0:beam:transform:pardo:v1\nassert_that/Group/Flatten/Transcode/0:beam:dofn:identity:0.1\nassert_that/Group/Flatten/Write/0:beam:sink:runner:0.1\nassert_that/Create/Read:beam:transform:read_from_impulse_python:v1\nassert_that/Create/Read/Impulse:beam:source:runner:0.1\n  must follow: \n  downstream_side_inputs: &apos;&lt;/span&gt;, &lt;span class=&quot;code-quote&quot;&gt;&apos;(((((ref_AppliedPTransform_Read/Read_3)+(ref_AppliedPTransform_assert_that/WindowInto(WindowIntoFn)_7))+(ref_AppliedPTransform_assert_that/ToVoidKey_8))+(ref_AppliedPTransform_assert_that/Group/pair_with_1_11))+(assert_that/Group/Flatten/Transcode/1))+(assert_that/Group/Flatten/Write/1)\n  assert_that/WindowInto(WindowIntoFn):beam:transform:window_into:v1\nassert_that/ToVoidKey:beam:transform:pardo:v1\nassert_that/Group/pair_with_1:beam:transform:pardo:v1\nassert_that/Group/Flatten/Transcode/1:beam:dofn:identity:0.1\nassert_that/Group/Flatten/Write/1:beam:sink:runner:0.1\nRead/Read:beam:transform:read_from_impulse_python:v1\nRead/Read/Impulse:beam:source:runner:0.1\n  must follow: \n  downstream_side_inputs: &apos;&lt;/span&gt;, &lt;span class=&quot;code-quote&quot;&gt;&apos;(assert_that/Group/Flatten/Read)+(assert_that/Group/GroupByKey/Write)\n  assert_that/Group/Flatten/Read:beam:source:runner:0.1\nassert_that/Group/GroupByKey/Write:beam:sink:runner:0.1\n  must follow: (((ref_AppliedPTransform_assert_that/Create/Read_6)+(ref_AppliedPTransform_assert_that/Group/pair_with_0_10))+(assert_that/Group/Flatten/Transcode/0))+(assert_that/Group/Flatten/Write/0), (((((ref_AppliedPTransform_Read/Read_3)+(ref_AppliedPTransform_assert_that/WindowInto(WindowIntoFn)_7))+(ref_AppliedPTransform_assert_that/ToVoidKey_8))+(ref_AppliedPTransform_assert_that/Group/pair_with_1_11))+(assert_that/Group/Flatten/Transcode/1))+(assert_that/Group/Flatten/Write/1)\n  downstream_side_inputs: &apos;&lt;/span&gt;, &lt;span class=&quot;code-quote&quot;&gt;&apos;(((assert_that/Group/GroupByKey/Read)+(ref_AppliedPTransform_assert_that/Group/Map(_merge_tagged_vals_under_key)_17))+(ref_AppliedPTransform_assert_that/Unkey_18))+(ref_AppliedPTransform_assert_that/Match_19)\n  assert_that/Group/GroupByKey/Read:beam:source:runner:0.1\nassert_that/Group/Map(_merge_tagged_vals_under_key):beam:transform:pardo:v1\nassert_that/Unkey:beam:transform:pardo:v1\nassert_that/Match:beam:transform:pardo:v1\n  must follow: (assert_that/Group/Flatten/Read)+(assert_that/Group/GroupByKey/Write)\n  downstream_side_inputs: &apos;&lt;/span&gt;]
05:35:15 root: INFO: ==================== &amp;lt;function window_pcollection_coders at 0x7fa296dfd488&amp;gt; ====================
05:35:15 root: DEBUG: 4 [5, 7, 2, 4]
05:35:15 root: DEBUG: Stages: [&lt;span class=&quot;code-quote&quot;&gt;&apos;(((ref_AppliedPTransform_assert_that/Create/Read_6)+(ref_AppliedPTransform_assert_that/Group/pair_with_0_10))+(assert_that/Group/Flatten/Transcode/0))+(assert_that/Group/Flatten/Write/0)\n  assert_that/Group/pair_with_0:beam:transform:pardo:v1\nassert_that/Group/Flatten/Transcode/0:beam:dofn:identity:0.1\nassert_that/Group/Flatten/Write/0:beam:sink:runner:0.1\nassert_that/Create/Read:beam:transform:read_from_impulse_python:v1\nassert_that/Create/Read/Impulse:beam:source:runner:0.1\n  must follow: \n  downstream_side_inputs: &apos;&lt;/span&gt;, &lt;span class=&quot;code-quote&quot;&gt;&apos;(((((ref_AppliedPTransform_Read/Read_3)+(ref_AppliedPTransform_assert_that/WindowInto(WindowIntoFn)_7))+(ref_AppliedPTransform_assert_that/ToVoidKey_8))+(ref_AppliedPTransform_assert_that/Group/pair_with_1_11))+(assert_that/Group/Flatten/Transcode/1))+(assert_that/Group/Flatten/Write/1)\n  assert_that/WindowInto(WindowIntoFn):beam:transform:window_into:v1\nassert_that/ToVoidKey:beam:transform:pardo:v1\nassert_that/Group/pair_with_1:beam:transform:pardo:v1\nassert_that/Group/Flatten/Transcode/1:beam:dofn:identity:0.1\nassert_that/Group/Flatten/Write/1:beam:sink:runner:0.1\nRead/Read:beam:transform:read_from_impulse_python:v1\nRead/Read/Impulse:beam:source:runner:0.1\n  must follow: \n  downstream_side_inputs: &apos;&lt;/span&gt;, &lt;span class=&quot;code-quote&quot;&gt;&apos;(assert_that/Group/Flatten/Read)+(assert_that/Group/GroupByKey/Write)\n  assert_that/Group/Flatten/Read:beam:source:runner:0.1\nassert_that/Group/GroupByKey/Write:beam:sink:runner:0.1\n  must follow: (((ref_AppliedPTransform_assert_that/Create/Read_6)+(ref_AppliedPTransform_assert_that/Group/pair_with_0_10))+(assert_that/Group/Flatten/Transcode/0))+(assert_that/Group/Flatten/Write/0), (((((ref_AppliedPTransform_Read/Read_3)+(ref_AppliedPTransform_assert_that/WindowInto(WindowIntoFn)_7))+(ref_AppliedPTransform_assert_that/ToVoidKey_8))+(ref_AppliedPTransform_assert_that/Group/pair_with_1_11))+(assert_that/Group/Flatten/Transcode/1))+(assert_that/Group/Flatten/Write/1)\n  downstream_side_inputs: &apos;&lt;/span&gt;, &lt;span class=&quot;code-quote&quot;&gt;&apos;(((assert_that/Group/GroupByKey/Read)+(ref_AppliedPTransform_assert_that/Group/Map(_merge_tagged_vals_under_key)_17))+(ref_AppliedPTransform_assert_that/Unkey_18))+(ref_AppliedPTransform_assert_that/Match_19)\n  assert_that/Group/GroupByKey/Read:beam:source:runner:0.1\nassert_that/Group/Map(_merge_tagged_vals_under_key):beam:transform:pardo:v1\nassert_that/Unkey:beam:transform:pardo:v1\nassert_that/Match:beam:transform:pardo:v1\n  must follow: (assert_that/Group/Flatten/Read)+(assert_that/Group/GroupByKey/Write)\n  downstream_side_inputs: &apos;&lt;/span&gt;]
05:35:15 root: INFO: Creating state cache with size 100
05:35:15 root: INFO: Created Worker handler &amp;lt;apache_beam.runners.portability.fn_api_runner.EmbeddedWorkerHandler object at 0x7fa2b6d80e80&amp;gt; &lt;span class=&quot;code-keyword&quot;&gt;for&lt;/span&gt; environment urn: &lt;span class=&quot;code-quote&quot;&gt;&quot;beam:env:embedded_python:v1&quot;&lt;/span&gt;
05:35:15 
05:35:15 root: INFO: Running (((ref_AppliedPTransform_assert_that/Create/Read_6)+(ref_AppliedPTransform_assert_that/Group/pair_with_0_10))+(assert_that/Group/Flatten/Transcode/0))+(assert_that/Group/Flatten/Write/0)
05:35:15 root: DEBUG: start &amp;lt;DataOutputOperation &amp;gt;
05:35:15 root: DEBUG: start &amp;lt;FlattenOperation assert_that/Group/Flatten/Transcode/0 receivers=[SingletonConsumerSet[assert_that/Group/Flatten/Transcode/0.out0, coder=WindowedValueCoder[TupleCoder[LengthPrefixCoder[FastPrimitivesCoder], LengthPrefixCoder[FastPrimitivesCoder]]], len(consumers)=1]]&amp;gt;
05:35:15 root: DEBUG: start &amp;lt;DoOperation assert_that/Group/pair_with_0 output_tags=[&lt;span class=&quot;code-quote&quot;&gt;&apos;out&apos;&lt;/span&gt;], receivers=[SingletonConsumerSet[assert_that/Group/pair_with_0.out0, coder=WindowedValueCoder[FastPrimitivesCoder], len(consumers)=1]]&amp;gt;
05:35:15 root: DEBUG: start &amp;lt;ImpulseReadOperation receivers=[SingletonConsumerSet[assert_that/Create/Read.out0, coder=WindowedValueCoder[TupleCoder[FastPrimitivesCoder, FastPrimitivesCoder]], len(consumers)=1]]&amp;gt;
05:35:15 root: DEBUG: start &amp;lt;DataInputOperation receivers=[SingletonConsumerSet[assert_that/Create/Read/Impulse.out0, coder=WindowedValueCoder[BytesCoder], len(consumers)=1]]&amp;gt;
05:35:15 root: DEBUG: Processing [((None, (0, None)), MIN_TIMESTAMP, (GlobalWindow,), PaneInfo(first: True, last: True, timing: 3, index: 0, nonspeculative_index: 0))] in &amp;lt;FlattenOperation assert_that/Group/Flatten/Transcode/0 receivers=[SingletonConsumerSet[assert_that/Group/Flatten/Transcode/0.out0, coder=WindowedValueCoder[TupleCoder[LengthPrefixCoder[FastPrimitivesCoder], LengthPrefixCoder[FastPrimitivesCoder]]], len(consumers)=1]]&amp;gt;
05:35:15 root: DEBUG: finish &amp;lt;DataInputOperation receivers=[SingletonConsumerSet[assert_that/Create/Read/Impulse.out0, coder=WindowedValueCoder[BytesCoder], len(consumers)=1]]&amp;gt;
05:35:15 root: DEBUG: finish &amp;lt;ImpulseReadOperation receivers=[SingletonConsumerSet[assert_that/Create/Read.out0, coder=WindowedValueCoder[TupleCoder[FastPrimitivesCoder, FastPrimitivesCoder]], len(consumers)=1]]&amp;gt;
05:35:15 root: DEBUG: finish &amp;lt;DoOperation assert_that/Group/pair_with_0 output_tags=[&lt;span class=&quot;code-quote&quot;&gt;&apos;out&apos;&lt;/span&gt;], receivers=[SingletonConsumerSet[assert_that/Group/pair_with_0.out0, coder=WindowedValueCoder[FastPrimitivesCoder], len(consumers)=1]]&amp;gt;
05:35:15 root: DEBUG: finish &amp;lt;FlattenOperation assert_that/Group/Flatten/Transcode/0 receivers=[SingletonConsumerSet[assert_that/Group/Flatten/Transcode/0.out0, coder=WindowedValueCoder[TupleCoder[LengthPrefixCoder[FastPrimitivesCoder], LengthPrefixCoder[FastPrimitivesCoder]]], len(consumers)=1]]&amp;gt;
05:35:15 root: DEBUG: finish &amp;lt;DataOutputOperation &amp;gt;
05:35:15 root: DEBUG: Wait &lt;span class=&quot;code-keyword&quot;&gt;for&lt;/span&gt; the bundle bundle_1110 to finish.
05:35:15 root: INFO: Running (((((ref_AppliedPTransform_Read/Read_3)+(ref_AppliedPTransform_assert_that/WindowInto(WindowIntoFn)_7))+(ref_AppliedPTransform_assert_that/ToVoidKey_8))+(ref_AppliedPTransform_assert_that/Group/pair_with_1_11))+(assert_that/Group/Flatten/Transcode/1))+(assert_that/Group/Flatten/Write/1)
05:35:15 root: DEBUG: start &amp;lt;DataOutputOperation &amp;gt;
05:35:15 root: DEBUG: start &amp;lt;FlattenOperation assert_that/Group/Flatten/Transcode/1 receivers=[SingletonConsumerSet[assert_that/Group/Flatten/Transcode/1.out0, coder=WindowedValueCoder[TupleCoder[LengthPrefixCoder[FastPrimitivesCoder], LengthPrefixCoder[FastPrimitivesCoder]]], len(consumers)=1]]&amp;gt;
05:35:15 root: DEBUG: start &amp;lt;DoOperation assert_that/Group/pair_with_1 output_tags=[&lt;span class=&quot;code-quote&quot;&gt;&apos;out&apos;&lt;/span&gt;], receivers=[SingletonConsumerSet[assert_that/Group/pair_with_1.out0, coder=WindowedValueCoder[FastPrimitivesCoder], len(consumers)=1]]&amp;gt;
05:35:15 root: DEBUG: start &amp;lt;DoOperation assert_that/ToVoidKey output_tags=[&lt;span class=&quot;code-quote&quot;&gt;&apos;out&apos;&lt;/span&gt;], receivers=[SingletonConsumerSet[assert_that/ToVoidKey.out0, coder=WindowedValueCoder[TupleCoder[FastPrimitivesCoder, FastPrimitivesCoder]], len(consumers)=1]]&amp;gt;
05:35:15 root: DEBUG: start &amp;lt;DoOperation assert_that/WindowInto(WindowIntoFn) output_tags=[&lt;span class=&quot;code-quote&quot;&gt;&apos;out&apos;&lt;/span&gt;], receivers=[SingletonConsumerSet[assert_that/WindowInto(WindowIntoFn).out0, coder=WindowedValueCoder[FastPrimitivesCoder], len(consumers)=1]]&amp;gt;
05:35:15 root: DEBUG: start &amp;lt;ImpulseReadOperation receivers=[SingletonConsumerSet[Read/Read.out0, coder=WindowedValueCoder[FastPrimitivesCoder], len(consumers)=1]]&amp;gt;
05:35:15 root: DEBUG: start &amp;lt;DataInputOperation receivers=[SingletonConsumerSet[Read/Read/Impulse.out0, coder=WindowedValueCoder[BytesCoder], len(consumers)=1]]&amp;gt;
05:35:15 apache_beam.io.filesystem: DEBUG: Changed prefix_or_dir &lt;span class=&quot;code-quote&quot;&gt;&apos;/tmp/20191022122258&apos;&lt;/span&gt; -&amp;gt; &lt;span class=&quot;code-quote&quot;&gt;&apos;/tmp&apos;&lt;/span&gt;
05:35:15 apache_beam.io.filesystem: DEBUG: Listing files in &lt;span class=&quot;code-quote&quot;&gt;&apos;/tmp&apos;&lt;/span&gt;
05:35:15 apache_beam.io.filesystem: DEBUG: translate_pattern: &lt;span class=&quot;code-quote&quot;&gt;&apos;/tmp/20191022122258*&apos;&lt;/span&gt; -&amp;gt; &lt;span class=&quot;code-quote&quot;&gt;&apos;\\/tmp\\/20191022122258[^/\\\\]*&apos;&lt;/span&gt;
05:35:15 root: DEBUG: Processing [((None, (1, (&lt;span class=&quot;code-quote&quot;&gt;&apos;/tmp/20191022122258es0cit0f&apos;&lt;/span&gt;, &lt;span class=&quot;code-quote&quot;&gt;&apos;line0&apos;&lt;/span&gt;))), MIN_TIMESTAMP, [GlobalWindow], PaneInfo(first: True, last: True, timing: 3, index: 0, nonspeculative_index: 0))] in &amp;lt;FlattenOperation assert_that/Group/Flatten/Transcode/1 receivers=[SingletonConsumerSet[assert_that/Group/Flatten/Transcode/1.out0, coder=WindowedValueCoder[TupleCoder[LengthPrefixCoder[FastPrimitivesCoder], LengthPrefixCoder[FastPrimitivesCoder]]], len(consumers)=1]]&amp;gt;
05:35:15 root: DEBUG: Processing [((None, (1, (&lt;span class=&quot;code-quote&quot;&gt;&apos;/tmp/20191022122258es0cit0f&apos;&lt;/span&gt;, &lt;span class=&quot;code-quote&quot;&gt;&apos;line1&apos;&lt;/span&gt;))), MIN_TIMESTAMP, [GlobalWindow], PaneInfo(first: True, last: True, timing: 3, index: 0, nonspeculative_index: 0))] in &amp;lt;FlattenOperation assert_that/Group/Flatten/Transcode/1 receivers=[SingletonConsumerSet[assert_that/Group/Flatten/Transcode/1.out0, coder=WindowedValueCoder[TupleCoder[LengthPrefixCoder[FastPrimitivesCoder], LengthPrefixCoder[FastPrimitivesCoder]]], len(consumers)=1]]&amp;gt;
05:35:15 root: DEBUG: Processing [((None, (1, (&lt;span class=&quot;code-quote&quot;&gt;&apos;/tmp/20191022122258es0cit0f&apos;&lt;/span&gt;, &lt;span class=&quot;code-quote&quot;&gt;&apos;line2&apos;&lt;/span&gt;))), MIN_TIMESTAMP, [GlobalWindow], PaneInfo(first: True, last: True, timing: 3, index: 0, nonspeculative_index: 0))] in &amp;lt;FlattenOperation assert_that/Group/Flatten/Transcode/1 receivers=[SingletonConsumerSet[assert_that/Group/Flatten/Transcode/1.out0, coder=WindowedValueCoder[TupleCoder[LengthPrefixCoder[FastPrimitivesCoder], LengthPrefixCoder[FastPrimitivesCoder]]], len(consumers)=1]]&amp;gt;
05:35:15 root: DEBUG: Processing [((None, (1, (&lt;span class=&quot;code-quote&quot;&gt;&apos;/tmp/20191022122258es0cit0f&apos;&lt;/span&gt;, &lt;span class=&quot;code-quote&quot;&gt;&apos;line3&apos;&lt;/span&gt;))), MIN_TIMESTAMP, [GlobalWindow], PaneInfo(first: True, last: True, timing: 3, index: 0, nonspeculative_index: 0))] in &amp;lt;FlattenOperation assert_that/Group/Flatten/Transcode/1 receivers=[SingletonConsumerSet[assert_that/Group/Flatten/Transcode/1.out0, coder=WindowedValueCoder[TupleCoder[LengthPrefixCoder[FastPrimitivesCoder], LengthPrefixCoder[FastPrimitivesCoder]]], len(consumers)=1]]&amp;gt;
05:35:15 root: DEBUG: Processing [((None, (1, (&lt;span class=&quot;code-quote&quot;&gt;&apos;/tmp/20191022122258es0cit0f&apos;&lt;/span&gt;, &lt;span class=&quot;code-quote&quot;&gt;&apos;line4&apos;&lt;/span&gt;))), MIN_TIMESTAMP, [GlobalWindow], PaneInfo(first: True, last: True, timing: 3, index: 0, nonspeculative_index: 0))] in &amp;lt;FlattenOperation assert_that/Group/Flatten/Transcode/1 receivers=[SingletonConsumerSet[assert_that/Group/Flatten/Transcode/1.out0, coder=WindowedValueCoder[TupleCoder[LengthPrefixCoder[FastPrimitivesCoder], LengthPrefixCoder[FastPrimitivesCoder]]], len(consumers)=1]]&amp;gt;
05:35:15 root: DEBUG: Processing [((None, (1, (&lt;span class=&quot;code-quote&quot;&gt;&apos;/tmp/20191022122258779xrrg8&apos;&lt;/span&gt;, &lt;span class=&quot;code-quote&quot;&gt;&apos;line0&apos;&lt;/span&gt;))), MIN_TIMESTAMP, [GlobalWindow], PaneInfo(first: True, last: True, timing: 3, index: 0, nonspeculative_index: 0))] in &amp;lt;FlattenOperation assert_that/Group/Flatten/Transcode/1 receivers=[SingletonConsumerSet[assert_that/Group/Flatten/Transcode/1.out0, coder=WindowedValueCoder[TupleCoder[LengthPrefixCoder[FastPrimitivesCoder], LengthPrefixCoder[FastPrimitivesCoder]]], len(consumers)=1]]&amp;gt;
05:35:15 root: DEBUG: Processing [((None, (1, (&lt;span class=&quot;code-quote&quot;&gt;&apos;/tmp/20191022122258779xrrg8&apos;&lt;/span&gt;, &lt;span class=&quot;code-quote&quot;&gt;&apos;line1&apos;&lt;/span&gt;))), MIN_TIMESTAMP, [GlobalWindow], PaneInfo(first: True, last: True, timing: 3, index: 0, nonspeculative_index: 0))] in &amp;lt;FlattenOperation assert_that/Group/Flatten/Transcode/1 receivers=[SingletonConsumerSet[assert_that/Group/Flatten/Transcode/1.out0, coder=WindowedValueCoder[TupleCoder[LengthPrefixCoder[FastPrimitivesCoder], LengthPrefixCoder[FastPrimitivesCoder]]], len(consumers)=1]]&amp;gt;
05:35:15 root: DEBUG: Processing [((None, (1, (&lt;span class=&quot;code-quote&quot;&gt;&apos;/tmp/20191022122258779xrrg8&apos;&lt;/span&gt;, &lt;span class=&quot;code-quote&quot;&gt;&apos;line2&apos;&lt;/span&gt;))), MIN_TIMESTAMP, [GlobalWindow], PaneInfo(first: True, last: True, timing: 3, index: 0, nonspeculative_index: 0))] in &amp;lt;FlattenOperation assert_that/Group/Flatten/Transcode/1 receivers=[SingletonConsumerSet[assert_that/Group/Flatten/Transcode/1.out0, coder=WindowedValueCoder[TupleCoder[LengthPrefixCoder[FastPrimitivesCoder], LengthPrefixCoder[FastPrimitivesCoder]]], len(consumers)=1]]&amp;gt;
05:35:15 root: DEBUG: Processing [((None, (1, (&lt;span class=&quot;code-quote&quot;&gt;&apos;/tmp/20191022122258779xrrg8&apos;&lt;/span&gt;, &lt;span class=&quot;code-quote&quot;&gt;&apos;line3&apos;&lt;/span&gt;))), MIN_TIMESTAMP, [GlobalWindow], PaneInfo(first: True, last: True, timing: 3, index: 0, nonspeculative_index: 0))] in &amp;lt;FlattenOperation assert_that/Group/Flatten/Transcode/1 receivers=[SingletonConsumerSet[assert_that/Group/Flatten/Transcode/1.out0, coder=WindowedValueCoder[TupleCoder[LengthPrefixCoder[FastPrimitivesCoder], LengthPrefixCoder[FastPrimitivesCoder]]], len(consumers)=1]]&amp;gt;
05:35:15 root: DEBUG: Processing [((None, (1, (&lt;span class=&quot;code-quote&quot;&gt;&apos;/tmp/20191022122258779xrrg8&apos;&lt;/span&gt;, &lt;span class=&quot;code-quote&quot;&gt;&apos;line4&apos;&lt;/span&gt;))), MIN_TIMESTAMP, [GlobalWindow], PaneInfo(first: True, last: True, timing: 3, index: 0, nonspeculative_index: 0))] in &amp;lt;FlattenOperation assert_that/Group/Flatten/Transcode/1 receivers=[SingletonConsumerSet[assert_that/Group/Flatten/Transcode/1.out0, coder=WindowedValueCoder[TupleCoder[LengthPrefixCoder[FastPrimitivesCoder], LengthPrefixCoder[FastPrimitivesCoder]]], len(consumers)=1]]&amp;gt;
05:35:15 root: DEBUG: Processing [((None, (1, (&lt;span class=&quot;code-quote&quot;&gt;&apos;/tmp/20191022122258_lubt5l0&apos;&lt;/span&gt;, &lt;span class=&quot;code-quote&quot;&gt;&apos;line0&apos;&lt;/span&gt;))), MIN_TIMESTAMP, [GlobalWindow], PaneInfo(first: True, last: True, timing: 3, index: 0, nonspeculative_index: 0))] in &amp;lt;FlattenOperation assert_that/Group/Flatten/Transcode/1 receivers=[SingletonConsumerSet[assert_that/Group/Flatten/Transcode/1.out0, coder=WindowedValueCoder[TupleCoder[LengthPrefixCoder[FastPrimitivesCoder], LengthPrefixCoder[FastPrimitivesCoder]]], len(consumers)=1]]&amp;gt;
05:35:15 root: DEBUG: Processing [((None, (1, (&lt;span class=&quot;code-quote&quot;&gt;&apos;/tmp/20191022122258_lubt5l0&apos;&lt;/span&gt;, &lt;span class=&quot;code-quote&quot;&gt;&apos;line1&apos;&lt;/span&gt;))), MIN_TIMESTAMP, [GlobalWindow], PaneInfo(first: True, last: True, timing: 3, index: 0, nonspeculative_index: 0))] in &amp;lt;FlattenOperation assert_that/Group/Flatten/Transcode/1 receivers=[SingletonConsumerSet[assert_that/Group/Flatten/Transcode/1.out0, coder=WindowedValueCoder[TupleCoder[LengthPrefixCoder[FastPrimitivesCoder], LengthPrefixCoder[FastPrimitivesCoder]]], len(consumers)=1]]&amp;gt;
05:35:15 root: DEBUG: Processing [((None, (1, (&lt;span class=&quot;code-quote&quot;&gt;&apos;/tmp/20191022122258_lubt5l0&apos;&lt;/span&gt;, &lt;span class=&quot;code-quote&quot;&gt;&apos;line2&apos;&lt;/span&gt;))), MIN_TIMESTAMP, [GlobalWindow], PaneInfo(first: True, last: True, timing: 3, index: 0, nonspeculative_index: 0))] in &amp;lt;FlattenOperation assert_that/Group/Flatten/Transcode/1 receivers=[SingletonConsumerSet[assert_that/Group/Flatten/Transcode/1.out0, coder=WindowedValueCoder[TupleCoder[LengthPrefixCoder[FastPrimitivesCoder], LengthPrefixCoder[FastPrimitivesCoder]]], len(consumers)=1]]&amp;gt;
05:35:15 root: DEBUG: Processing [((None, (1, (&lt;span class=&quot;code-quote&quot;&gt;&apos;/tmp/20191022122258_lubt5l0&apos;&lt;/span&gt;, &lt;span class=&quot;code-quote&quot;&gt;&apos;line3&apos;&lt;/span&gt;))), MIN_TIMESTAMP, [GlobalWindow], PaneInfo(first: True, last: True, timing: 3, index: 0, nonspeculative_index: 0))] in &amp;lt;FlattenOperation assert_that/Group/Flatten/Transcode/1 receivers=[SingletonConsumerSet[assert_that/Group/Flatten/Transcode/1.out0, coder=WindowedValueCoder[TupleCoder[LengthPrefixCoder[FastPrimitivesCoder], LengthPrefixCoder[FastPrimitivesCoder]]], len(consumers)=1]]&amp;gt;
05:35:15 root: DEBUG: Processing [((None, (1, (&lt;span class=&quot;code-quote&quot;&gt;&apos;/tmp/20191022122258_lubt5l0&apos;&lt;/span&gt;, &lt;span class=&quot;code-quote&quot;&gt;&apos;line4&apos;&lt;/span&gt;))), MIN_TIMESTAMP, [GlobalWindow], PaneInfo(first: True, last: True, timing: 3, index: 0, nonspeculative_index: 0))] in &amp;lt;FlattenOperation assert_that/Group/Flatten/Transcode/1 receivers=[SingletonConsumerSet[assert_that/Group/Flatten/Transcode/1.out0, coder=WindowedValueCoder[TupleCoder[LengthPrefixCoder[FastPrimitivesCoder], LengthPrefixCoder[FastPrimitivesCoder]]], len(consumers)=1]]&amp;gt;
05:35:15 root: DEBUG: Processing [((None, (1, (&lt;span class=&quot;code-quote&quot;&gt;&apos;/tmp/20191022122258o70t5kbm&apos;&lt;/span&gt;, &lt;span class=&quot;code-quote&quot;&gt;&apos;line0&apos;&lt;/span&gt;))), MIN_TIMESTAMP, [GlobalWindow], PaneInfo(first: True, last: True, timing: 3, index: 0, nonspeculative_index: 0))] in &amp;lt;FlattenOperation assert_that/Group/Flatten/Transcode/1 receivers=[SingletonConsumerSet[assert_that/Group/Flatten/Transcode/1.out0, coder=WindowedValueCoder[TupleCoder[LengthPrefixCoder[FastPrimitivesCoder], LengthPrefixCoder[FastPrimitivesCoder]]], len(consumers)=1]]&amp;gt;
05:35:15 root: DEBUG: Processing [((None, (1, (&lt;span class=&quot;code-quote&quot;&gt;&apos;/tmp/20191022122258o70t5kbm&apos;&lt;/span&gt;, &lt;span class=&quot;code-quote&quot;&gt;&apos;line1&apos;&lt;/span&gt;))), MIN_TIMESTAMP, [GlobalWindow], PaneInfo(first: True, last: True, timing: 3, index: 0, nonspeculative_index: 0))] in &amp;lt;FlattenOperation assert_that/Group/Flatten/Transcode/1 receivers=[SingletonConsumerSet[assert_that/Group/Flatten/Transcode/1.out0, coder=WindowedValueCoder[TupleCoder[LengthPrefixCoder[FastPrimitivesCoder], LengthPrefixCoder[FastPrimitivesCoder]]], len(consumers)=1]]&amp;gt;
05:35:15 root: DEBUG: Processing [((None, (1, (&lt;span class=&quot;code-quote&quot;&gt;&apos;/tmp/20191022122258o70t5kbm&apos;&lt;/span&gt;, &lt;span class=&quot;code-quote&quot;&gt;&apos;line2&apos;&lt;/span&gt;))), MIN_TIMESTAMP, [GlobalWindow], PaneInfo(first: True, last: True, timing: 3, index: 0, nonspeculative_index: 0))] in &amp;lt;FlattenOperation assert_that/Group/Flatten/Transcode/1 receivers=[SingletonConsumerSet[assert_that/Group/Flatten/Transcode/1.out0, coder=WindowedValueCoder[TupleCoder[LengthPrefixCoder[FastPrimitivesCoder], LengthPrefixCoder[FastPrimitivesCoder]]], len(consumers)=1]]&amp;gt;
05:35:15 root: DEBUG: Processing [((None, (1, (&lt;span class=&quot;code-quote&quot;&gt;&apos;/tmp/20191022122258o70t5kbm&apos;&lt;/span&gt;, &lt;span class=&quot;code-quote&quot;&gt;&apos;line3&apos;&lt;/span&gt;))), MIN_TIMESTAMP, [GlobalWindow], PaneInfo(first: True, last: True, timing: 3, index: 0, nonspeculative_index: 0))] in &amp;lt;FlattenOperation assert_that/Group/Flatten/Transcode/1 receivers=[SingletonConsumerSet[assert_that/Group/Flatten/Transcode/1.out0, coder=WindowedValueCoder[TupleCoder[LengthPrefixCoder[FastPrimitivesCoder], LengthPrefixCoder[FastPrimitivesCoder]]], len(consumers)=1]]&amp;gt;
05:35:15 root: DEBUG: Processing [((None, (1, (&lt;span class=&quot;code-quote&quot;&gt;&apos;/tmp/20191022122258o70t5kbm&apos;&lt;/span&gt;, &lt;span class=&quot;code-quote&quot;&gt;&apos;line4&apos;&lt;/span&gt;))), MIN_TIMESTAMP, [GlobalWindow], PaneInfo(first: True, last: True, timing: 3, index: 0, nonspeculative_index: 0))] in &amp;lt;FlattenOperation assert_that/Group/Flatten/Transcode/1 receivers=[SingletonConsumerSet[assert_that/Group/Flatten/Transcode/1.out0, coder=WindowedValueCoder[TupleCoder[LengthPrefixCoder[FastPrimitivesCoder], LengthPrefixCoder[FastPrimitivesCoder]]], len(consumers)=1]]&amp;gt;
05:35:15 root: DEBUG: finish &amp;lt;DataInputOperation receivers=[SingletonConsumerSet[Read/Read/Impulse.out0, coder=WindowedValueCoder[BytesCoder], len(consumers)=1]]&amp;gt;
05:35:15 root: DEBUG: finish &amp;lt;ImpulseReadOperation receivers=[SingletonConsumerSet[Read/Read.out0, coder=WindowedValueCoder[FastPrimitivesCoder], len(consumers)=1]]&amp;gt;
05:35:15 root: DEBUG: finish &amp;lt;DoOperation assert_that/WindowInto(WindowIntoFn) output_tags=[&lt;span class=&quot;code-quote&quot;&gt;&apos;out&apos;&lt;/span&gt;], receivers=[SingletonConsumerSet[assert_that/WindowInto(WindowIntoFn).out0, coder=WindowedValueCoder[FastPrimitivesCoder], len(consumers)=1]]&amp;gt;
05:35:15 root: DEBUG: finish &amp;lt;DoOperation assert_that/ToVoidKey output_tags=[&lt;span class=&quot;code-quote&quot;&gt;&apos;out&apos;&lt;/span&gt;], receivers=[SingletonConsumerSet[assert_that/ToVoidKey.out0, coder=WindowedValueCoder[TupleCoder[FastPrimitivesCoder, FastPrimitivesCoder]], len(consumers)=1]]&amp;gt;
05:35:15 root: DEBUG: finish &amp;lt;DoOperation assert_that/Group/pair_with_1 output_tags=[&lt;span class=&quot;code-quote&quot;&gt;&apos;out&apos;&lt;/span&gt;], receivers=[SingletonConsumerSet[assert_that/Group/pair_with_1.out0, coder=WindowedValueCoder[FastPrimitivesCoder], len(consumers)=1]]&amp;gt;
05:35:15 root: DEBUG: finish &amp;lt;FlattenOperation assert_that/Group/Flatten/Transcode/1 receivers=[SingletonConsumerSet[assert_that/Group/Flatten/Transcode/1.out0, coder=WindowedValueCoder[TupleCoder[LengthPrefixCoder[FastPrimitivesCoder], LengthPrefixCoder[FastPrimitivesCoder]]], len(consumers)=1]]&amp;gt;
05:35:15 root: DEBUG: finish &amp;lt;DataOutputOperation &amp;gt;
05:35:15 root: DEBUG: Wait &lt;span class=&quot;code-keyword&quot;&gt;for&lt;/span&gt; the bundle bundle_1111 to finish.
05:35:15 root: INFO: Running (assert_that/Group/Flatten/Read)+(assert_that/Group/GroupByKey/Write)
05:35:15 root: DEBUG: start &amp;lt;DataOutputOperation &amp;gt;
05:35:15 root: DEBUG: start &amp;lt;DataInputOperation receivers=[SingletonConsumerSet[assert_that/Group/Flatten/Read.out0, coder=WindowedValueCoder[TupleCoder[LengthPrefixCoder[FastPrimitivesCoder], LengthPrefixCoder[FastPrimitivesCoder]]], len(consumers)=1]]&amp;gt;
05:35:15 root: DEBUG: finish &amp;lt;DataInputOperation receivers=[SingletonConsumerSet[assert_that/Group/Flatten/Read.out0, coder=WindowedValueCoder[TupleCoder[LengthPrefixCoder[FastPrimitivesCoder], LengthPrefixCoder[FastPrimitivesCoder]]], len(consumers)=1]]&amp;gt;
05:35:15 root: DEBUG: finish &amp;lt;DataOutputOperation &amp;gt;
05:35:15 root: DEBUG: Wait &lt;span class=&quot;code-keyword&quot;&gt;for&lt;/span&gt; the bundle bundle_1112 to finish.
05:35:15 root: INFO: Running (((assert_that/Group/GroupByKey/Read)+(ref_AppliedPTransform_assert_that/Group/Map(_merge_tagged_vals_under_key)_17))+(ref_AppliedPTransform_assert_that/Unkey_18))+(ref_AppliedPTransform_assert_that/Match_19)
05:35:15 root: DEBUG: start &amp;lt;DoOperation assert_that/Match output_tags=[&lt;span class=&quot;code-quote&quot;&gt;&apos;out&apos;&lt;/span&gt;], receivers=[ConsumerSet[assert_that/Match.out0, coder=WindowedValueCoder[FastPrimitivesCoder], len(consumers)=0]]&amp;gt;
05:35:15 root: DEBUG: start &amp;lt;DoOperation assert_that/Unkey output_tags=[&lt;span class=&quot;code-quote&quot;&gt;&apos;out&apos;&lt;/span&gt;], receivers=[SingletonConsumerSet[assert_that/Unkey.out0, coder=WindowedValueCoder[FastPrimitivesCoder], len(consumers)=1]]&amp;gt;
05:35:15 root: DEBUG: start &amp;lt;DoOperation assert_that/Group/Map(_merge_tagged_vals_under_key) output_tags=[&lt;span class=&quot;code-quote&quot;&gt;&apos;out&apos;&lt;/span&gt;], receivers=[SingletonConsumerSet[assert_that/Group/Map(_merge_tagged_vals_under_key).out0, coder=WindowedValueCoder[FastPrimitivesCoder], len(consumers)=1]]&amp;gt;
05:35:15 root: DEBUG: start &amp;lt;DataInputOperation receivers=[SingletonConsumerSet[assert_that/Group/GroupByKey/Read.out0, coder=WindowedValueCoder[TupleCoder[LengthPrefixCoder[FastPrimitivesCoder], IterableCoder[LengthPrefixCoder[FastPrimitivesCoder]]]], len(consumers)=1]]&amp;gt;
05:35:15 --------------------- &amp;gt;&amp;gt; end captured logging &amp;lt;&amp;lt; ---------------------
&lt;/pre&gt;
&lt;/div&gt;&lt;/div&gt;
&lt;p&gt;&lt;a href=&quot;https://builds.apache.org/job/beam_PreCommit_Python_Cron/1944/consoleFull&quot; class=&quot;external-link&quot; target=&quot;_blank&quot; rel=&quot;nofollow noopener&quot;&gt;https://builds.apache.org/job/beam_PreCommit_Python_Cron/1944/consoleFull&lt;/a&gt;&lt;/p&gt;</comment>
                            <comment id="16959851" author="tvalentyn" created="Fri, 25 Oct 2019 15:21:03 +0000"  >&lt;p&gt;Failed twice today in a precommit test, on Py35 and Py36: &lt;a href=&quot;https://builds.apache.org/job/beam_PreCommit_Python_Commit/9145&quot; class=&quot;external-link&quot; target=&quot;_blank&quot; rel=&quot;nofollow noopener&quot;&gt;https://builds.apache.org/job/beam_PreCommit_Python_Commit/9145&lt;/a&gt;&lt;/p&gt;

&lt;div class=&quot;preformatted panel&quot; style=&quot;border-width: 1px;&quot;&gt;&lt;div class=&quot;preformattedContent panelContent&quot;&gt;
&lt;pre&gt;======================================================================
ERROR: test_read_from_text_with_file_name_file_pattern (apache_beam.io.textio_test.TextSourceTest)
----------------------------------------------------------------------
Traceback (most recent call last):
  File &quot;/home/jenkins/jenkins-slave/workspace/beam_PreCommit_Python_Commit/src/sdks/python/test-suites/tox/py36/build/srcs/sdks/python/apache_beam/io/textio_test.py&quot;, line 517, in test_read_from_text_with_file_name_file_pattern
    pipeline.run()
  File &quot;/home/jenkins/jenkins-slave/workspace/beam_PreCommit_Python_Commit/src/sdks/python/test-suites/tox/py36/build/srcs/sdks/python/apache_beam/testing/test_pipeline.py&quot;, line 112, in run
    else test_runner_api))
  File &quot;/home/jenkins/jenkins-slave/workspace/beam_PreCommit_Python_Commit/src/sdks/python/test-suites/tox/py36/build/srcs/sdks/python/apache_beam/pipeline.py&quot;, line 438, in run
    interactive=self.interactive)
  File &quot;/home/jenkins/jenkins-slave/workspace/beam_PreCommit_Python_Commit/src/sdks/python/test-suites/tox/py36/build/srcs/sdks/python/apache_beam/pipeline.py&quot;, line 451, in run
    return runner_in_use.run_pipeline(self, options_in_use)
  File &quot;/home/jenkins/jenkins-slave/workspace/beam_PreCommit_Python_Commit/src/sdks/python/test-suites/tox/py36/build/srcs/sdks/python/apache_beam/runners/direct/direct_runner.py&quot;, line 132, in run_pipeline
    return runner.run_pipeline(pipeline, options)
  File &quot;/home/jenkins/jenkins-slave/workspace/beam_PreCommit_Python_Commit/src/sdks/python/test-suites/tox/py36/build/srcs/sdks/python/apache_beam/runners/portability/fn_api_runner.py&quot;, line 381, in run_pipeline
    default_environment=self._default_environment))
  File &quot;/home/jenkins/jenkins-slave/workspace/beam_PreCommit_Python_Commit/src/sdks/python/test-suites/tox/py36/build/srcs/sdks/python/apache_beam/runners/portability/fn_api_runner.py&quot;, line 388, in run_via_runner_api
    return self.run_stages(stage_context, stages)
  File &quot;/home/jenkins/jenkins-slave/workspace/beam_PreCommit_Python_Commit/src/sdks/python/test-suites/tox/py36/build/srcs/sdks/python/apache_beam/runners/portability/fn_api_runner.py&quot;, line 470, in run_stages
    stage_context.safe_coders)
  File &quot;/home/jenkins/jenkins-slave/workspace/beam_PreCommit_Python_Commit/src/sdks/python/test-suites/tox/py36/build/srcs/sdks/python/apache_beam/runners/portability/fn_api_runner.py&quot;, line 753, in _run_stage
    result, splits = bundle_manager.process_bundle(data_input, data_output)
  File &quot;/home/jenkins/jenkins-slave/workspace/beam_PreCommit_Python_Commit/src/sdks/python/test-suites/tox/py36/build/srcs/sdks/python/apache_beam/runners/portability/fn_api_runner.py&quot;, line 1801, in process_bundle
    part, expected_outputs), part_inputs):
  File &quot;/usr/lib/python3.6/concurrent/futures/_base.py&quot;, line 586, in result_iterator
    yield fs.pop().result()
  File &quot;/usr/lib/python3.6/concurrent/futures/_base.py&quot;, line 432, in result
    return self.__get_result()
  File &quot;/usr/lib/python3.6/concurrent/futures/_base.py&quot;, line 384, in __get_result
    raise self._exception
  File &quot;/usr/lib/python3.6/concurrent/futures/thread.py&quot;, line 56, in run
    result = self.fn(*self.args, **self.kwargs)
  File &quot;/home/jenkins/jenkins-slave/workspace/beam_PreCommit_Python_Commit/src/sdks/python/test-suites/tox/py36/build/srcs/sdks/python/apache_beam/runners/portability/fn_api_runner.py&quot;, line 1801, in &amp;amp;lt;lambda&amp;amp;gt;
    part, expected_outputs), part_inputs):
  File &quot;/home/jenkins/jenkins-slave/workspace/beam_PreCommit_Python_Commit/src/sdks/python/test-suites/tox/py36/build/srcs/sdks/python/apache_beam/runners/portability/fn_api_runner.py&quot;, line 1737, in process_bundle
    result_future = self._worker_handler.control_conn.push(process_bundle_req)
  File &quot;/home/jenkins/jenkins-slave/workspace/beam_PreCommit_Python_Commit/src/sdks/python/test-suites/tox/py36/build/srcs/sdks/python/apache_beam/runners/portability/fn_api_runner.py&quot;, line 1150, in push
    response = self.worker.do_instruction(request)
  File &quot;/home/jenkins/jenkins-slave/workspace/beam_PreCommit_Python_Commit/src/sdks/python/test-suites/tox/py36/build/srcs/sdks/python/apache_beam/runners/worker/sdk_worker.py&quot;, line 360, in do_instruction
    request.instruction_id)
  File &quot;/home/jenkins/jenkins-slave/workspace/beam_PreCommit_Python_Commit/src/sdks/python/test-suites/tox/py36/build/srcs/sdks/python/apache_beam/runners/worker/sdk_worker.py&quot;, line 386, in process_bundle
    bundle_processor.process_bundle(instruction_id))
  File &quot;/home/jenkins/jenkins-slave/workspace/beam_PreCommit_Python_Commit/src/sdks/python/test-suites/tox/py36/build/srcs/sdks/python/apache_beam/runners/worker/bundle_processor.py&quot;, line 663, in process_bundle
    data.transform_id].process_encoded(data.data)
  File &quot;/home/jenkins/jenkins-slave/workspace/beam_PreCommit_Python_Commit/src/sdks/python/test-suites/tox/py36/build/srcs/sdks/python/apache_beam/runners/worker/bundle_processor.py&quot;, line 143, in process_encoded
    self.output(decoded_value)
  File &quot;/home/jenkins/jenkins-slave/workspace/beam_PreCommit_Python_Commit/src/sdks/python/test-suites/tox/py36/build/srcs/sdks/python/apache_beam/runners/worker/operations.py&quot;, line 256, in output
    cython.cast(Receiver, self.receivers[output_index]).receive(windowed_value)
  File &quot;/home/jenkins/jenkins-slave/workspace/beam_PreCommit_Python_Commit/src/sdks/python/test-suites/tox/py36/build/srcs/sdks/python/apache_beam/runners/worker/operations.py&quot;, line 143, in receive
    self.consumer.process(windowed_value)
  File &quot;/home/jenkins/jenkins-slave/workspace/beam_PreCommit_Python_Commit/src/sdks/python/test-suites/tox/py36/build/srcs/sdks/python/apache_beam/runners/worker/operations.py&quot;, line 594, in process
    delayed_application = self.dofn_receiver.receive(o)
  File &quot;/home/jenkins/jenkins-slave/workspace/beam_PreCommit_Python_Commit/src/sdks/python/test-suites/tox/py36/build/srcs/sdks/python/apache_beam/runners/common.py&quot;, line 776, in receive
    self.process(windowed_value)
  File &quot;/home/jenkins/jenkins-slave/workspace/beam_PreCommit_Python_Commit/src/sdks/python/test-suites/tox/py36/build/srcs/sdks/python/apache_beam/runners/common.py&quot;, line 782, in process
    self._reraise_augmented(exn)
  File &quot;/home/jenkins/jenkins-slave/workspace/beam_PreCommit_Python_Commit/src/sdks/python/test-suites/tox/py36/build/srcs/sdks/python/apache_beam/runners/common.py&quot;, line 780, in process
    return self.do_fn_invoker.invoke_process(windowed_value)
  File &quot;/home/jenkins/jenkins-slave/workspace/beam_PreCommit_Python_Commit/src/sdks/python/test-suites/tox/py36/build/srcs/sdks/python/apache_beam/runners/common.py&quot;, line 588, in invoke_process
    windowed_value, additional_args, additional_kwargs, output_processor)
  File &quot;/home/jenkins/jenkins-slave/workspace/beam_PreCommit_Python_Commit/src/sdks/python/test-suites/tox/py36/build/srcs/sdks/python/apache_beam/runners/common.py&quot;, line 660, in _invoke_process_per_window
    windowed_value, self.process_method(*args_for_process))
  File &quot;/home/jenkins/jenkins-slave/workspace/beam_PreCommit_Python_Commit/src/sdks/python/test-suites/tox/py36/build/srcs/sdks/python/apache_beam/runners/common.py&quot;, line 919, in process_outputs
    self.main_receivers.receive(windowed_value)
  File &quot;/home/jenkins/jenkins-slave/workspace/beam_PreCommit_Python_Commit/src/sdks/python/test-suites/tox/py36/build/srcs/sdks/python/apache_beam/runners/worker/operations.py&quot;, line 143, in receive
    self.consumer.process(windowed_value)
  File &quot;/home/jenkins/jenkins-slave/workspace/beam_PreCommit_Python_Commit/src/sdks/python/test-suites/tox/py36/build/srcs/sdks/python/apache_beam/runners/worker/operations.py&quot;, line 594, in process
    delayed_application = self.dofn_receiver.receive(o)
  File &quot;/home/jenkins/jenkins-slave/workspace/beam_PreCommit_Python_Commit/src/sdks/python/test-suites/tox/py36/build/srcs/sdks/python/apache_beam/runners/common.py&quot;, line 776, in receive
    self.process(windowed_value)
  File &quot;/home/jenkins/jenkins-slave/workspace/beam_PreCommit_Python_Commit/src/sdks/python/test-suites/tox/py36/build/srcs/sdks/python/apache_beam/runners/common.py&quot;, line 782, in process
    self._reraise_augmented(exn)
  File &quot;/home/jenkins/jenkins-slave/workspace/beam_PreCommit_Python_Commit/src/sdks/python/test-suites/tox/py36/build/srcs/sdks/python/apache_beam/runners/common.py&quot;, line 780, in process
    return self.do_fn_invoker.invoke_process(windowed_value)
  File &quot;/home/jenkins/jenkins-slave/workspace/beam_PreCommit_Python_Commit/src/sdks/python/test-suites/tox/py36/build/srcs/sdks/python/apache_beam/runners/common.py&quot;, line 441, in invoke_process
    windowed_value, self.process_method(windowed_value.value))
  File &quot;/home/jenkins/jenkins-slave/workspace/beam_PreCommit_Python_Commit/src/sdks/python/test-suites/tox/py36/build/srcs/sdks/python/apache_beam/runners/common.py&quot;, line 919, in process_outputs
    self.main_receivers.receive(windowed_value)
  File &quot;/home/jenkins/jenkins-slave/workspace/beam_PreCommit_Python_Commit/src/sdks/python/test-suites/tox/py36/build/srcs/sdks/python/apache_beam/runners/worker/operations.py&quot;, line 143, in receive
    self.consumer.process(windowed_value)
  File &quot;/home/jenkins/jenkins-slave/workspace/beam_PreCommit_Python_Commit/src/sdks/python/test-suites/tox/py36/build/srcs/sdks/python/apache_beam/runners/worker/operations.py&quot;, line 594, in process
    delayed_application = self.dofn_receiver.receive(o)
  File &quot;/home/jenkins/jenkins-slave/workspace/beam_PreCommit_Python_Commit/src/sdks/python/test-suites/tox/py36/build/srcs/sdks/python/apache_beam/runners/common.py&quot;, line 776, in receive
    self.process(windowed_value)
  File &quot;/home/jenkins/jenkins-slave/workspace/beam_PreCommit_Python_Commit/src/sdks/python/test-suites/tox/py36/build/srcs/sdks/python/apache_beam/runners/common.py&quot;, line 782, in process
    self._reraise_augmented(exn)
  File &quot;/home/jenkins/jenkins-slave/workspace/beam_PreCommit_Python_Commit/src/sdks/python/test-suites/tox/py36/build/srcs/sdks/python/apache_beam/runners/common.py&quot;, line 849, in _reraise_augmented
    raise_with_traceback(new_exn)
  File &quot;/home/jenkins/jenkins-slave/workspace/beam_PreCommit_Python_Commit/src/sdks/python/test-suites/tox/py36/build/srcs/sdks/python/target/.tox-py36-gcp/py36-gcp/lib/python3.6/site-packages/future/utils/__init__.py&quot;, line 419, in raise_with_traceback
    raise exc.with_traceback(traceback)
  File &quot;/home/jenkins/jenkins-slave/workspace/beam_PreCommit_Python_Commit/src/sdks/python/test-suites/tox/py36/build/srcs/sdks/python/apache_beam/runners/common.py&quot;, line 780, in process
    return self.do_fn_invoker.invoke_process(windowed_value)
  File &quot;/home/jenkins/jenkins-slave/workspace/beam_PreCommit_Python_Commit/src/sdks/python/test-suites/tox/py36/build/srcs/sdks/python/apache_beam/runners/common.py&quot;, line 441, in invoke_process
    windowed_value, self.process_method(windowed_value.value))
  File &quot;/home/jenkins/jenkins-slave/workspace/beam_PreCommit_Python_Commit/src/sdks/python/test-suites/tox/py36/build/srcs/sdks/python/apache_beam/transforms/core.py&quot;, line 1349, in &amp;amp;lt;lambda&amp;amp;gt;
    wrapper = lambda x: [fn(x)]
  File &quot;/home/jenkins/jenkins-slave/workspace/beam_PreCommit_Python_Commit/src/sdks/python/test-suites/tox/py36/build/srcs/sdks/python/apache_beam/testing/util.py&quot;, line 144, in _equal
    &apos;Failed assert: %r == %r&apos; % (expected, actual))
apache_beam.testing.util.BeamAssertException: Failed assert: [(&apos;/tmp/20191025015021uer0whaj&apos;, &apos;line0&apos;), (&apos;/tmp/20191025015021uer0whaj&apos;, &apos;line1&apos;), (&apos;/tmp/20191025015021uer0whaj&apos;, &apos;line2&apos;), (&apos;/tmp/20191025015021uer0whaj&apos;, &apos;line3&apos;), (&apos;/tmp/20191025015021uer0whaj&apos;, &apos;line4&apos;), (&apos;/tmp/20191025015021upbow_oq&apos;, &apos;line0&apos;), (&apos;/tmp/20191025015021upbow_oq&apos;, &apos;line1&apos;), (&apos;/tmp/20191025015021upbow_oq&apos;, &apos;line2&apos;), (&apos;/tmp/20191025015021upbow_oq&apos;, &apos;line3&apos;), (&apos;/tmp/20191025015021upbow_oq&apos;, &apos;line4&apos;)] == [(&apos;/tmp/20191025015021uer0whaj&apos;, &apos;line0&apos;), (&apos;/tmp/20191025015021uer0whaj&apos;, &apos;line1&apos;), (&apos;/tmp/20191025015021uer0whaj&apos;, &apos;line2&apos;), (&apos;/tmp/20191025015021uer0whaj&apos;, &apos;line3&apos;), (&apos;/tmp/20191025015021uer0whaj&apos;, &apos;line4&apos;), (&apos;/tmp/20191025015021upbow_oq&apos;, &apos;line0&apos;), (&apos;/tmp/20191025015021upbow_oq&apos;, &apos;line1&apos;), (&apos;/tmp/20191025015021upbow_oq&apos;, &apos;line2&apos;), (&apos;/tmp/20191025015021upbow_oq&apos;, &apos;line3&apos;), (&apos;/tmp/20191025015021upbow_oq&apos;, &apos;line4&apos;), (&apos;/tmp/20191025015021nst371u1&apos;, &apos;line0&apos;), (&apos;/tmp/20191025015021nst371u1&apos;, &apos;line1&apos;), (&apos;/tmp/20191025015021nst371u1&apos;, &apos;line2&apos;), (&apos;/tmp/20191025015021nst371u1&apos;, &apos;line3&apos;), (&apos;/tmp/20191025015021nst371u1&apos;, &apos;line4&apos;), (&apos;/tmp/20191025015021qf7a8hcr&apos;, &apos;line0&apos;), (&apos;/tmp/20191025015021qf7a8hcr&apos;, &apos;line1&apos;), (&apos;/tmp/20191025015021qf7a8hcr&apos;, &apos;line2&apos;), (&apos;/tmp/20191025015021qf7a8hcr&apos;, &apos;line3&apos;), (&apos;/tmp/20191025015021qf7a8hcr&apos;, &apos;line4&apos;)] [while running &apos;assert_that/Match&apos;]
&lt;/pre&gt;
&lt;/div&gt;&lt;/div&gt;</comment>
                            <comment id="16963275" author="tvalentyn" created="Wed, 30 Oct 2019 17:58:15 +0000"  >&lt;p&gt;This test keeps failing in precommits - do you think you may have some time to investigate this, &lt;a href=&quot;https://issues.apache.org/jira/secure/ViewProfile.jspa?name=lcaggio&quot; class=&quot;user-hover&quot; rel=&quot;lcaggio&quot;&gt;lcaggio&lt;/a&gt;?&lt;/p&gt;</comment>
                            <comment id="16963277" author="tvalentyn" created="Wed, 30 Oct 2019 17:58:53 +0000"  >&lt;p&gt;Failed yesterday in &lt;a href=&quot;https://github.com/apache/beam/pull/9933&quot; class=&quot;external-link&quot; target=&quot;_blank&quot; rel=&quot;nofollow noopener&quot;&gt;https://github.com/apache/beam/pull/9933&lt;/a&gt;.&lt;/p&gt;</comment>
                            <comment id="16965488" author="kenn" created="Sat, 2 Nov 2019 20:21:21 +0000"  >&lt;p&gt;Flaking tests are Critical/P1 issues per &lt;a href=&quot;https://beam.apache.org/contribute/postcommits-policies-details/index.html#flake_is_failing&quot; class=&quot;external-link&quot; target=&quot;_blank&quot; rel=&quot;nofollow noopener&quot;&gt;https://beam.apache.org/contribute/postcommits-policies-details/index.html#flake_is_failing&lt;/a&gt; and I&apos;ve also added the label &quot;flake&quot;.&lt;/p&gt;</comment>
                            <comment id="16965493" author="lcaggio" created="Sat, 2 Nov 2019 20:33:04 +0000"  >&lt;p&gt;Sorry, I can&apos;t take a look at the moment, much appreciated if someone can take a look.&lt;/p&gt;

&lt;p&gt;Last time, I tried to replicate it, but I was not able to reproduce the error.&#160;&lt;/p&gt;</comment>
                            <comment id="16979737" author="udim" created="Fri, 22 Nov 2019 00:51:33 +0000"  >&lt;p&gt;Another failure. This time I noticed that there 2 failures in 2 different tox environments (py35 and py36):&lt;/p&gt;
&lt;div class=&quot;code panel&quot; style=&quot;border-width: 1px;&quot;&gt;&lt;div class=&quot;codeContent panelContent&quot;&gt;
&lt;pre class=&quot;code-java&quot;&gt;
10:52:42   File &lt;span class=&quot;code-quote&quot;&gt;&quot;/home/jenkins/jenkins-slave/workspace/beam_PreCommit_Python_Cron/src/sdks/python/test-suites/tox/py35/build/srcs/sdks/python/apache_beam/testing/util.py&quot;&lt;/span&gt;, line 144, in _equal
10:52:42     &lt;span class=&quot;code-quote&quot;&gt;&apos;Failed &lt;span class=&quot;code-keyword&quot;&gt;assert&lt;/span&gt;: %r == %r&apos;&lt;/span&gt; % (expected, actual))
10:52:42 apache_beam.testing.util.BeamAssertException: Failed &lt;span class=&quot;code-keyword&quot;&gt;assert&lt;/span&gt;: [(&lt;span class=&quot;code-quote&quot;&gt;&apos;/tmp/20191121183751hhm9i89k&apos;&lt;/span&gt;, &lt;span class=&quot;code-quote&quot;&gt;&apos;line0&apos;&lt;/span&gt;), (&lt;span class=&quot;code-quote&quot;&gt;&apos;/tmp/20191121183751hhm9i89k&apos;&lt;/span&gt;, &lt;span class=&quot;code-quote&quot;&gt;&apos;line1&apos;&lt;/span&gt;), (&lt;span class=&quot;code-quote&quot;&gt;&apos;/tmp/20191121183751hhm9i89k&apos;&lt;/span&gt;, &lt;span class=&quot;code-quote&quot;&gt;&apos;line2&apos;&lt;/span&gt;), (&lt;span class=&quot;code-quote&quot;&gt;&apos;/tmp/20191121183751hhm9i89k&apos;&lt;/span&gt;, &lt;span class=&quot;code-quote&quot;&gt;&apos;line3&apos;&lt;/span&gt;), (&lt;span class=&quot;code-quote&quot;&gt;&apos;/tmp/20191121183751hhm9i89k&apos;&lt;/span&gt;, &lt;span class=&quot;code-quote&quot;&gt;&apos;line4&apos;&lt;/span&gt;), (&lt;span class=&quot;code-quote&quot;&gt;&apos;/tmp/20191121183751l7ue7cnm&apos;&lt;/span&gt;, &lt;span class=&quot;code-quote&quot;&gt;&apos;line0&apos;&lt;/span&gt;), (&lt;span class=&quot;code-quote&quot;&gt;&apos;/tmp/20191121183751l7ue7cnm&apos;&lt;/span&gt;, &lt;span class=&quot;code-quote&quot;&gt;&apos;line1&apos;&lt;/span&gt;), (&lt;span class=&quot;code-quote&quot;&gt;&apos;/tmp/20191121183751l7ue7cnm&apos;&lt;/span&gt;, &lt;span class=&quot;code-quote&quot;&gt;&apos;line2&apos;&lt;/span&gt;), (&lt;span class=&quot;code-quote&quot;&gt;&apos;/tmp/20191121183751l7ue7cnm&apos;&lt;/span&gt;, &lt;span class=&quot;code-quote&quot;&gt;&apos;line3&apos;&lt;/span&gt;), (&lt;span class=&quot;code-quote&quot;&gt;&apos;/tmp/20191121183751l7ue7cnm&apos;&lt;/span&gt;, &lt;span class=&quot;code-quote&quot;&gt;&apos;line4&apos;&lt;/span&gt;)] == [(&lt;span class=&quot;code-quote&quot;&gt;&apos;/tmp/20191121183751l7ue7cnm&apos;&lt;/span&gt;, &lt;span class=&quot;code-quote&quot;&gt;&apos;line0&apos;&lt;/span&gt;), (&lt;span class=&quot;code-quote&quot;&gt;&apos;/tmp/20191121183751l7ue7cnm&apos;&lt;/span&gt;, &lt;span class=&quot;code-quote&quot;&gt;&apos;line1&apos;&lt;/span&gt;), (&lt;span class=&quot;code-quote&quot;&gt;&apos;/tmp/20191121183751l7ue7cnm&apos;&lt;/span&gt;, &lt;span class=&quot;code-quote&quot;&gt;&apos;line2&apos;&lt;/span&gt;), (&lt;span class=&quot;code-quote&quot;&gt;&apos;/tmp/20191121183751l7ue7cnm&apos;&lt;/span&gt;, &lt;span class=&quot;code-quote&quot;&gt;&apos;line3&apos;&lt;/span&gt;), (&lt;span class=&quot;code-quote&quot;&gt;&apos;/tmp/20191121183751l7ue7cnm&apos;&lt;/span&gt;, &lt;span class=&quot;code-quote&quot;&gt;&apos;line4&apos;&lt;/span&gt;), (&lt;span class=&quot;code-quote&quot;&gt;&apos;/tmp/201911211837512aj0mm6o&apos;&lt;/span&gt;, &lt;span class=&quot;code-quote&quot;&gt;&apos;line0&apos;&lt;/span&gt;), (&lt;span class=&quot;code-quote&quot;&gt;&apos;/tmp/201911211837512aj0mm6o&apos;&lt;/span&gt;, &lt;span class=&quot;code-quote&quot;&gt;&apos;line1&apos;&lt;/span&gt;), (&lt;span class=&quot;code-quote&quot;&gt;&apos;/tmp/201911211837512aj0mm6o&apos;&lt;/span&gt;, &lt;span class=&quot;code-quote&quot;&gt;&apos;line2&apos;&lt;/span&gt;), (&lt;span class=&quot;code-quote&quot;&gt;&apos;/tmp/201911211837512aj0mm6o&apos;&lt;/span&gt;, &lt;span class=&quot;code-quote&quot;&gt;&apos;line3&apos;&lt;/span&gt;), (&lt;span class=&quot;code-quote&quot;&gt;&apos;/tmp/201911211837512aj0mm6o&apos;&lt;/span&gt;, &lt;span class=&quot;code-quote&quot;&gt;&apos;line4&apos;&lt;/span&gt;), (&lt;span class=&quot;code-quote&quot;&gt;&apos;/tmp/20191121183751ahzccono&apos;&lt;/span&gt;, &lt;span class=&quot;code-quote&quot;&gt;&apos;line0&apos;&lt;/span&gt;), (&lt;span class=&quot;code-quote&quot;&gt;&apos;/tmp/20191121183751ahzccono&apos;&lt;/span&gt;, &lt;span class=&quot;code-quote&quot;&gt;&apos;line1&apos;&lt;/span&gt;), (&lt;span class=&quot;code-quote&quot;&gt;&apos;/tmp/20191121183751ahzccono&apos;&lt;/span&gt;, &lt;span class=&quot;code-quote&quot;&gt;&apos;line2&apos;&lt;/span&gt;), (&lt;span class=&quot;code-quote&quot;&gt;&apos;/tmp/20191121183751ahzccono&apos;&lt;/span&gt;, &lt;span class=&quot;code-quote&quot;&gt;&apos;line3&apos;&lt;/span&gt;), (&lt;span class=&quot;code-quote&quot;&gt;&apos;/tmp/20191121183751ahzccono&apos;&lt;/span&gt;, &lt;span class=&quot;code-quote&quot;&gt;&apos;line4&apos;&lt;/span&gt;), (&lt;span class=&quot;code-quote&quot;&gt;&apos;/tmp/20191121183751hhm9i89k&apos;&lt;/span&gt;, &lt;span class=&quot;code-quote&quot;&gt;&apos;line0&apos;&lt;/span&gt;), (&lt;span class=&quot;code-quote&quot;&gt;&apos;/tmp/20191121183751hhm9i89k&apos;&lt;/span&gt;, &lt;span class=&quot;code-quote&quot;&gt;&apos;line1&apos;&lt;/span&gt;), (&lt;span class=&quot;code-quote&quot;&gt;&apos;/tmp/20191121183751hhm9i89k&apos;&lt;/span&gt;, &lt;span class=&quot;code-quote&quot;&gt;&apos;line2&apos;&lt;/span&gt;), (&lt;span class=&quot;code-quote&quot;&gt;&apos;/tmp/20191121183751hhm9i89k&apos;&lt;/span&gt;, &lt;span class=&quot;code-quote&quot;&gt;&apos;line3&apos;&lt;/span&gt;), (&lt;span class=&quot;code-quote&quot;&gt;&apos;/tmp/20191121183751hhm9i89k&apos;&lt;/span&gt;, &lt;span class=&quot;code-quote&quot;&gt;&apos;line4&apos;&lt;/span&gt;)] [&lt;span class=&quot;code-keyword&quot;&gt;while&lt;/span&gt; running &lt;span class=&quot;code-quote&quot;&gt;&apos;assert_that/Match&apos;&lt;/span&gt;]
&lt;/pre&gt;
&lt;/div&gt;&lt;/div&gt;
&lt;div class=&quot;code panel&quot; style=&quot;border-width: 1px;&quot;&gt;&lt;div class=&quot;codeContent panelContent&quot;&gt;
&lt;pre class=&quot;code-java&quot;&gt;
10:52:18   File &lt;span class=&quot;code-quote&quot;&gt;&quot;/home/jenkins/jenkins-slave/workspace/beam_PreCommit_Python_Cron/src/sdks/python/test-suites/tox/py36/build/srcs/sdks/python/apache_beam/testing/util.py&quot;&lt;/span&gt;, line 144, in _equal
10:52:18     &lt;span class=&quot;code-quote&quot;&gt;&apos;Failed &lt;span class=&quot;code-keyword&quot;&gt;assert&lt;/span&gt;: %r == %r&apos;&lt;/span&gt; % (expected, actual))
10:52:18 apache_beam.testing.util.BeamAssertException: Failed &lt;span class=&quot;code-keyword&quot;&gt;assert&lt;/span&gt;: [(&lt;span class=&quot;code-quote&quot;&gt;&apos;/tmp/20191121183751ahzccono&apos;&lt;/span&gt;, &lt;span class=&quot;code-quote&quot;&gt;&apos;line0&apos;&lt;/span&gt;), (&lt;span class=&quot;code-quote&quot;&gt;&apos;/tmp/20191121183751ahzccono&apos;&lt;/span&gt;, &lt;span class=&quot;code-quote&quot;&gt;&apos;line1&apos;&lt;/span&gt;), (&lt;span class=&quot;code-quote&quot;&gt;&apos;/tmp/20191121183751ahzccono&apos;&lt;/span&gt;, &lt;span class=&quot;code-quote&quot;&gt;&apos;line2&apos;&lt;/span&gt;), (&lt;span class=&quot;code-quote&quot;&gt;&apos;/tmp/20191121183751ahzccono&apos;&lt;/span&gt;, &lt;span class=&quot;code-quote&quot;&gt;&apos;line3&apos;&lt;/span&gt;), (&lt;span class=&quot;code-quote&quot;&gt;&apos;/tmp/20191121183751ahzccono&apos;&lt;/span&gt;, &lt;span class=&quot;code-quote&quot;&gt;&apos;line4&apos;&lt;/span&gt;), (&lt;span class=&quot;code-quote&quot;&gt;&apos;/tmp/201911211837512aj0mm6o&apos;&lt;/span&gt;, &lt;span class=&quot;code-quote&quot;&gt;&apos;line0&apos;&lt;/span&gt;), (&lt;span class=&quot;code-quote&quot;&gt;&apos;/tmp/201911211837512aj0mm6o&apos;&lt;/span&gt;, &lt;span class=&quot;code-quote&quot;&gt;&apos;line1&apos;&lt;/span&gt;), (&lt;span class=&quot;code-quote&quot;&gt;&apos;/tmp/201911211837512aj0mm6o&apos;&lt;/span&gt;, &lt;span class=&quot;code-quote&quot;&gt;&apos;line2&apos;&lt;/span&gt;), (&lt;span class=&quot;code-quote&quot;&gt;&apos;/tmp/201911211837512aj0mm6o&apos;&lt;/span&gt;, &lt;span class=&quot;code-quote&quot;&gt;&apos;line3&apos;&lt;/span&gt;), (&lt;span class=&quot;code-quote&quot;&gt;&apos;/tmp/201911211837512aj0mm6o&apos;&lt;/span&gt;, &lt;span class=&quot;code-quote&quot;&gt;&apos;line4&apos;&lt;/span&gt;)] == [(&lt;span class=&quot;code-quote&quot;&gt;&apos;/tmp/20191121183751l7ue7cnm&apos;&lt;/span&gt;, &lt;span class=&quot;code-quote&quot;&gt;&apos;line0&apos;&lt;/span&gt;), (&lt;span class=&quot;code-quote&quot;&gt;&apos;/tmp/20191121183751l7ue7cnm&apos;&lt;/span&gt;, &lt;span class=&quot;code-quote&quot;&gt;&apos;line1&apos;&lt;/span&gt;), (&lt;span class=&quot;code-quote&quot;&gt;&apos;/tmp/20191121183751l7ue7cnm&apos;&lt;/span&gt;, &lt;span class=&quot;code-quote&quot;&gt;&apos;line2&apos;&lt;/span&gt;), (&lt;span class=&quot;code-quote&quot;&gt;&apos;/tmp/20191121183751l7ue7cnm&apos;&lt;/span&gt;, &lt;span class=&quot;code-quote&quot;&gt;&apos;line3&apos;&lt;/span&gt;), (&lt;span class=&quot;code-quote&quot;&gt;&apos;/tmp/20191121183751l7ue7cnm&apos;&lt;/span&gt;, &lt;span class=&quot;code-quote&quot;&gt;&apos;line4&apos;&lt;/span&gt;), (&lt;span class=&quot;code-quote&quot;&gt;&apos;/tmp/201911211837512aj0mm6o&apos;&lt;/span&gt;, &lt;span class=&quot;code-quote&quot;&gt;&apos;line0&apos;&lt;/span&gt;), (&lt;span class=&quot;code-quote&quot;&gt;&apos;/tmp/201911211837512aj0mm6o&apos;&lt;/span&gt;, &lt;span class=&quot;code-quote&quot;&gt;&apos;line1&apos;&lt;/span&gt;), (&lt;span class=&quot;code-quote&quot;&gt;&apos;/tmp/201911211837512aj0mm6o&apos;&lt;/span&gt;, &lt;span class=&quot;code-quote&quot;&gt;&apos;line2&apos;&lt;/span&gt;), (&lt;span class=&quot;code-quote&quot;&gt;&apos;/tmp/201911211837512aj0mm6o&apos;&lt;/span&gt;, &lt;span class=&quot;code-quote&quot;&gt;&apos;line3&apos;&lt;/span&gt;), (&lt;span class=&quot;code-quote&quot;&gt;&apos;/tmp/201911211837512aj0mm6o&apos;&lt;/span&gt;, &lt;span class=&quot;code-quote&quot;&gt;&apos;line4&apos;&lt;/span&gt;), (&lt;span class=&quot;code-quote&quot;&gt;&apos;/tmp/20191121183751ahzccono&apos;&lt;/span&gt;, &lt;span class=&quot;code-quote&quot;&gt;&apos;line0&apos;&lt;/span&gt;), (&lt;span class=&quot;code-quote&quot;&gt;&apos;/tmp/20191121183751ahzccono&apos;&lt;/span&gt;, &lt;span class=&quot;code-quote&quot;&gt;&apos;line1&apos;&lt;/span&gt;), (&lt;span class=&quot;code-quote&quot;&gt;&apos;/tmp/20191121183751ahzccono&apos;&lt;/span&gt;, &lt;span class=&quot;code-quote&quot;&gt;&apos;line2&apos;&lt;/span&gt;), (&lt;span class=&quot;code-quote&quot;&gt;&apos;/tmp/20191121183751ahzccono&apos;&lt;/span&gt;, &lt;span class=&quot;code-quote&quot;&gt;&apos;line3&apos;&lt;/span&gt;), (&lt;span class=&quot;code-quote&quot;&gt;&apos;/tmp/20191121183751ahzccono&apos;&lt;/span&gt;, &lt;span class=&quot;code-quote&quot;&gt;&apos;line4&apos;&lt;/span&gt;), (&lt;span class=&quot;code-quote&quot;&gt;&apos;/tmp/20191121183751hhm9i89k&apos;&lt;/span&gt;, &lt;span class=&quot;code-quote&quot;&gt;&apos;line0&apos;&lt;/span&gt;), (&lt;span class=&quot;code-quote&quot;&gt;&apos;/tmp/20191121183751hhm9i89k&apos;&lt;/span&gt;, &lt;span class=&quot;code-quote&quot;&gt;&apos;line1&apos;&lt;/span&gt;), (&lt;span class=&quot;code-quote&quot;&gt;&apos;/tmp/20191121183751hhm9i89k&apos;&lt;/span&gt;, &lt;span class=&quot;code-quote&quot;&gt;&apos;line2&apos;&lt;/span&gt;), (&lt;span class=&quot;code-quote&quot;&gt;&apos;/tmp/20191121183751hhm9i89k&apos;&lt;/span&gt;, &lt;span class=&quot;code-quote&quot;&gt;&apos;line3&apos;&lt;/span&gt;), (&lt;span class=&quot;code-quote&quot;&gt;&apos;/tmp/20191121183751hhm9i89k&apos;&lt;/span&gt;, &lt;span class=&quot;code-quote&quot;&gt;&apos;line4&apos;&lt;/span&gt;)] [&lt;span class=&quot;code-keyword&quot;&gt;while&lt;/span&gt; running &lt;span class=&quot;code-quote&quot;&gt;&apos;assert_that/Match&apos;&lt;/span&gt;]
&lt;/pre&gt;
&lt;/div&gt;&lt;/div&gt;

&lt;p&gt;All the filenames above share the prefix: &apos;/tmp/20191121183751&apos;. The code for this prefix:&lt;/p&gt;
&lt;div class=&quot;code panel&quot; style=&quot;border-width: 1px;&quot;&gt;&lt;div class=&quot;codeContent panelContent&quot;&gt;
&lt;pre class=&quot;code-java&quot;&gt;
prefix = datetime.datetime.now().strftime(&lt;span class=&quot;code-quote&quot;&gt;&quot;%Y%m%d%H%M%S&quot;&lt;/span&gt;)
&lt;/pre&gt;
&lt;/div&gt;&lt;/div&gt;</comment>
                            <comment id="16997719" author="tvalentyn" created="Mon, 16 Dec 2019 23:56:40 +0000"  >&lt;p&gt;I haven&apos;t seen the error after  #10194 by &lt;a href=&quot;https://issues.apache.org/jira/secure/ViewProfile.jspa?name=udim&quot; class=&quot;user-hover&quot; rel=&quot;udim&quot;&gt;udim&lt;/a&gt;. Closing the issue, we can reopen if it still happening.&lt;/p&gt;</comment>
                    </comments>
                    <attachments>
                    </attachments>
                <subtasks>
                    </subtasks>
                <customfields>
                                                                            <customfield id="customfield_12310310" key="com.atlassian.jira.toolkit:attachments">
                        <customfieldname>Attachment count</customfieldname>
                        <customfieldvalues>
                            <customfieldvalue>0.0</customfieldvalue>
                        </customfieldvalues>
                    </customfield>
                                                                                                                                                                                                                                                                                                                                                                                                                                                                                                                                                                                                                                                                                                        <customfield id="customfield_12314020" key="com.atlassian.jira.plugins.jira-development-integration-plugin:devsummary">
                        <customfieldname>Development</customfieldname>
                        <customfieldvalues>
                            
                        </customfieldvalues>
                    </customfield>
                                                                                                                        <customfield id="customfield_12313422" key="com.atlassian.jirafisheyeplugin:jobcheckbox">
                        <customfieldname>Enable Automatic Patch Review</customfieldname>
                        <customfieldvalues>
                            <customfieldvalue><![CDATA[no_permission]]></customfieldvalue>

                        </customfieldvalues>
                    </customfield>
                                                                                                                                                                                                                                                                                                                                                                                                                                                                                                                                                                                                                    <customfield id="customfield_12310420" key="com.pyxis.greenhopper.jira:gh-global-rank">
                        <customfieldname>Global Rank</customfieldname>
                        <customfieldvalues>
                            <customfieldvalue>9223372036854775807</customfieldvalue>
                        </customfieldvalues>
                    </customfield>
                                                                                                                                                                                                                                        <customfield id="customfield_12312521" key="com.atlassian.jira.toolkit:LastCommentDate">
                        <customfieldname>Last public comment date</customfieldname>
                        <customfieldvalues>
                            5 years, 48 weeks ago
                        </customfieldvalues>
                    </customfield>
                                                                                                                                                                                                                                                                                                <customfield id="customfield_12311820" key="com.pyxis.greenhopper.jira:gh-lexo-rank">
                        <customfieldname>Rank</customfieldname>
                        <customfieldvalues>
                            <customfieldvalue>0|z03wko:</customfieldvalue>

                        </customfieldvalues>
                    </customfield>
                                                                <customfield id="customfield_12310920" key="com.pyxis.greenhopper.jira:gh-global-rank">
                        <customfieldname>Rank (Obsolete)</customfieldname>
                        <customfieldvalues>
                            <customfieldvalue>9223372036854775807</customfieldvalue>
                        </customfieldvalues>
                    </customfield>
                                                                                                                                                                                                                                                                                                                                                                                                                                                                                                                                                                                                                                                                                                                                                                                            </customfields>
    </item>
</channel>
</rss>