<!-- 
RSS generated by JIRA (8.20.10#820010-sha1:ace47f9899e9ee25d7157d59aa17ab06aee30d3d) at Wed Nov 12 07:10:18 UTC 2025

It is possible to restrict the fields that are returned in this document by specifying the 'field' parameter in your request.
For example, to request only the issue key and summary append 'field=key&field=summary' to the URL of your request.
-->
<rss version="0.92" >
<channel>
    <title>ASF Jira</title>
    <link>https://issues.apache.org/jira</link>
    <description>This file is an XML representation of an issue</description>
    <language>en-uk</language>    <build-info>
        <version>8.20.10</version>
        <build-number>820010</build-number>
        <build-date>22-06-2022</build-date>
    </build-info>


<item>
            <title>[SUREFIRE-827] Surefire 2.12 cannot run a single test, regression from 2.11</title>
                <link>https://issues.apache.org/jira/browse/SUREFIRE-827</link>
                <project id="12317927" key="SUREFIRE">Maven Surefire (Moved to GitHub Issues)</project>
                    <description>&lt;ol&gt;
	&lt;li&gt;Surefire 2.11&lt;br/&gt;
$ mvn test -Dtest=DataTest#testDataServerGetNonExistentFile&lt;br/&gt;
...&lt;br/&gt;
Tests run: 1, Failures: 0, Errors: 0, Skipped: 0&lt;/li&gt;
&lt;/ol&gt;


&lt;ol&gt;
	&lt;li&gt;Surefire 2.12&lt;br/&gt;
mvn test -Dtest=DataTest#testDataServerGetNonExistentFile&lt;br/&gt;
...&lt;br/&gt;
Tests run: 9, Failures: 0, Errors: 0, Skipped: 0&lt;/li&gt;
&lt;/ol&gt;
</description>
                <environment>Ubuntu 11.10</environment>
        <key id="12810332">SUREFIRE-827</key>
            <summary>Surefire 2.12 cannot run a single test, regression from 2.11</summary>
                <type id="1" iconUrl="https://issues.apache.org/jira/secure/viewavatar?size=xsmall&amp;avatarId=21133&amp;avatarType=issuetype">Bug</type>
                                            <priority id="3" iconUrl="https://issues.apache.org/jira/images/icons/priorities/major.svg">Major</priority>
                        <status id="6" iconUrl="https://issues.apache.org/jira/images/icons/statuses/closed.png" description="The issue is considered finished, the resolution is correct. Issues which are not closed can be reopened.">Closed</status>
                    <statusCategory id="3" key="done" colorName="green"/>
                                    <resolution id="1">Fixed</resolution>
                                        <assignee username="krosenvold">Kristian Rosenvold</assignee>
                                    <reporter username="gaul">Andrew Gaul</reporter>
                        <labels>
                    </labels>
                <created>Thu, 2 Feb 2012 18:48:42 +0000</created>
                <updated>Fri, 4 Jul 2025 07:17:50 +0000</updated>
                            <resolved>Sat, 21 Jul 2012 15:02:01 +0000</resolved>
                                    <version>2.12</version>
                                    <fixVersion>2.12.1</fixVersion>
                                    <component>Junit 4.7+ (parallel) support</component>
                        <due></due>
                            <votes>26</votes>
                                    <watches>29</watches>
                                                                                                                <comments>
                            <comment id="14455261" author="famod" created="Fri, 3 Feb 2012 02:52:27 +0000"  >&lt;p&gt;Similar problem here:&lt;/p&gt;

&lt;p&gt;-Dtest=SomeTest does not run any test an raises an error:&lt;/p&gt;

&lt;div class=&quot;code panel&quot; style=&quot;border-width: 1px;&quot;&gt;&lt;div class=&quot;codeContent panelContent&quot;&gt;
&lt;pre class=&quot;code-java&quot;&gt;...
Tests run: 0, Failures: 0, Errors: 0, Skipped: 0

[INFO] ------------------------------------------------------------------------
[INFO] BUILD FAILURE
[INFO] ------------------------------------------------------------------------
[INFO] Total time: 4:20.351s
[INFO] Finished at: Thu Feb 02 23:58:33 CET 2012
[INFO] Final Memory: 17M/981M
[INFO] ------------------------------------------------------------------------
[ERROR] Failed to execute goal org.apache.maven.plugins:maven-surefire-plugin:2.12:test (&lt;span class=&quot;code-keyword&quot;&gt;default&lt;/span&gt;-test) on project someproject: No tests were executed!  (Set -DfailIfNoTests=&lt;span class=&quot;code-keyword&quot;&gt;false&lt;/span&gt; to ignore &lt;span class=&quot;code-keyword&quot;&gt;this&lt;/span&gt; error.) -&amp;gt; [Help 1]
&lt;/pre&gt;
&lt;/div&gt;&lt;/div&gt;

&lt;p&gt;I tried to debug the problem bu got lost in ForkStarter.java which received a lot of changes since 2.11.&lt;/p&gt;

&lt;p&gt;Env: Java6 u29, Maven 3.0.4.&lt;/p&gt;</comment>
                            <comment id="14455278" author="olamy" created="Fri, 3 Feb 2012 07:48:20 +0000"  >&lt;p&gt;junit or testng ?&lt;/p&gt;</comment>
                            <comment id="14455333" author="famod" created="Fri, 3 Feb 2012 07:51:32 +0000"  >&lt;p&gt;Junit.&lt;/p&gt;</comment>
                            <comment id="14455307" author="h2o" created="Fri, 3 Feb 2012 16:27:33 +0000"  >&lt;p&gt;Confirmed with maven 3.0.4/surefire 2.12/junit-4.10. Switching to 2.11 immediately works.&lt;/p&gt;</comment>
                            <comment id="14455214" author="olamy" created="Sat, 4 Feb 2012 15:51:21 +0000"  >&lt;p&gt;I have tested a project with junit 4.8.2 and this feature works.&lt;br/&gt;
Do you have any sample project to reproduce ?&lt;/p&gt;</comment>
                            <comment id="14455177" author="gaul" created="Mon, 6 Feb 2012 13:27:28 +0000"  >&lt;p&gt;Oliver I believe that this is related to parallel tests and is a regression from &lt;a href=&quot;https://issues.apache.org/jira/browse/SUREFIRE-760&quot; title=&quot;mvn -Dtest=ClassName#methodName does not work with parallel tests&quot; class=&quot;issue-link&quot; data-issue-key=&quot;SUREFIRE-760&quot;&gt;&lt;del&gt;SUREFIRE-760&lt;/del&gt;&lt;/a&gt;.  Given an Apache commons-lang 3.1 project and setting the surefire version in the pom to ${surefire.version}, I get these results:&lt;/p&gt;

&lt;div class=&quot;preformatted panel&quot; style=&quot;border-width: 1px;&quot;&gt;&lt;div class=&quot;preformattedContent panelContent&quot;&gt;
&lt;pre&gt;$ mvn test -Dtest=ImmutablePairTest#testBasic -Dparallel=classes -Dsurefire.version=2.11
...
Tests run: 1, Failures: 0, Errors: 0, Skipped: 0

$ mvn test -Dtest=ImmutablePairTest#testBasic -Dparallel=classes -Dsurefire.version=2.12
...
Tests run: 6, Failures: 0, Errors: 0, Skipped: 0

$ mvn test -Dtest=ImmutablePairTest#testBasic -Dparallel=none -Dsurefire.version=2.11
...
Tests run: 1, Failures: 0, Errors: 0, Skipped: 0

$ mvn test -Dtest=ImmutablePairTest#testBasic -Dparallel=none -Dsurefire.version=2.12
...
Tests run: 1, Failures: 0, Errors: 0, Skipped: 0
&lt;/pre&gt;
&lt;/div&gt;&lt;/div&gt;

&lt;p&gt;I cannot speak to Falko&apos;s symptoms.&lt;/p&gt;</comment>
                            <comment id="14455367" author="fleiber" created="Mon, 13 Feb 2012 10:04:14 +0000"  >&lt;p&gt;We also have a big issue with surefire 2.12 (using default configuration, which means forkMode=once): the Junit tests of the first module pass perfectly, then we have a &quot;Z,0,BYE!&quot; in the log and the surefire plugin fails with:&lt;/p&gt;
&lt;div class=&quot;code panel&quot; style=&quot;border-width: 1px;&quot;&gt;&lt;div class=&quot;codeContent panelContent&quot;&gt;
&lt;pre class=&quot;code-java&quot;&gt;The forked VM terminated without saying properly goodbye. VM crash or &lt;span class=&quot;code-object&quot;&gt;System&lt;/span&gt;.exit called ?
        at org.apache.maven.plugin.surefire.booterclient.output.ForkClient.close(ForkClient.java:244)
&lt;/pre&gt;
&lt;/div&gt;&lt;/div&gt;

&lt;p&gt;If I check maven/surefire/trunk/surefire-booter/src/main/java/org/apache/maven/surefire/booter/ForkedBooter.java, I see the following lines:&lt;/p&gt;

&lt;div class=&quot;code panel&quot; style=&quot;border-width: 1px;&quot;&gt;&lt;div class=&quot;codeContent panelContent&quot;&gt;
&lt;pre class=&quot;code-java&quot;&gt; 	runSuitesInProcess( testSet, testClassLoader, startupConfiguration, providerConfiguration );
 	&lt;span class=&quot;code-comment&quot;&gt;// Say bye.
&lt;/span&gt; 	&lt;span class=&quot;code-object&quot;&gt;System&lt;/span&gt;.out.println(&lt;span class=&quot;code-quote&quot;&gt;&quot;Z,0,BYE!&quot;&lt;/span&gt;);
 	&lt;span class=&quot;code-object&quot;&gt;System&lt;/span&gt;.out.flush();
 	&lt;span class=&quot;code-comment&quot;&gt;// noinspection CallToSystemExit
&lt;/span&gt; 	&lt;span class=&quot;code-object&quot;&gt;System&lt;/span&gt;.exit( 0 );
&lt;/pre&gt;
&lt;/div&gt;&lt;/div&gt;

&lt;p&gt;Why is surefire surprised someone called System.exit() if he&apos;s the one who did it?&lt;/p&gt;</comment>
                            <comment id="14455280" author="deivid" created="Tue, 14 Feb 2012 02:41:44 +0000"  >&lt;p&gt;We have the same issue (-Dtest=test1,test2 doesn&apos;t run any test) as Falko (maven 3.0.3/surefire 2.12/junit-4.10) doesn&apos;t matter parallel=&apos;classes&apos; or parallel=&apos;none&apos;. Switching to 2.11 works.&lt;/p&gt;</comment>
                            <comment id="14455413" author="krosenvold" created="Tue, 14 Feb 2012 14:24:56 +0000"  >&lt;p&gt;Francois; This is a separate issue from what the others are reporting. &lt;/p&gt;

&lt;p&gt;The lines of code you have found are not the problem, but I am very interested in the actual issue. The code that seems to be failing is new for 2.12, so there would seem to be some kind of unforseen race condition or similar. If you file a separate issue on this one I&apos;d be very interested in your surefire configuration and maybe the log output from running with mvn -X . Does this failure happen all the time ?&lt;/p&gt;

&lt;p&gt;Please file a different ticket.&lt;/p&gt;</comment>
                            <comment id="14455264" author="fleiber" created="Wed, 15 Feb 2012 01:58:26 +0000"  >&lt;p&gt;You&apos;re right, I read the ticket title a bit quickly, I&apos;m creating another one (and yes, it happens all the time).&lt;/p&gt;</comment>
                            <comment id="14455415" author="famod" created="Mon, 20 Feb 2012 17:04:01 +0000"  >&lt;p&gt;This &lt;b&gt;very&lt;/b&gt; basic maven project can be used to reproduce the issue.&lt;/p&gt;

&lt;p&gt;It has one simple Test (surefire.bug_827.SomeTest) which runs just fine when executing &lt;tt&gt;mvn test&lt;/tt&gt;.&lt;/p&gt;

&lt;p&gt;But when &lt;tt&gt;mvn test -Dtest=SomeTest&lt;/tt&gt; is executed, surefire raises an error: &lt;tt&gt;No tests were executed!&lt;/tt&gt;&lt;/p&gt;

&lt;p&gt;Junit 4.10 is defined in the pom.xml.&lt;br/&gt;
I used Maven 3.0.4 and JDK6u29 on Win7 Home Premium x64.&lt;/p&gt;

&lt;p&gt;When going back to surefire 2.11, everything is fine!&lt;/p&gt;</comment>
                            <comment id="14455338" author="krosenvold" created="Tue, 21 Feb 2012 01:32:39 +0000"  >&lt;p&gt;The problem is reproduced and &quot;in progress&quot;, although not entirely trivial to solve.&lt;/p&gt;


&lt;p&gt;AFAIK this only applies when using the 4.7 JUnit provider, so unless someone has additional info, there is no need to report any more testcases.&lt;/p&gt;</comment>
                            <comment id="14455270" author="akuhtz" created="Wed, 21 Mar 2012 08:42:07 +0000"  >&lt;p&gt;Works with current 2.13-SNAPSHOT (maven-surefire-plugin-2.13-20120228.152623-12 ....) with testNG.&lt;/p&gt;</comment>
                            <comment id="14455302" author="gaul" created="Wed, 21 Mar 2012 13:27:46 +0000"  >&lt;p&gt;2.13-SNAPSHOT (2.13-20120228.152625-12) still broken with JUnit.&lt;/p&gt;</comment>
                            <comment id="14455482" author="sebb@apache.org" created="Mon, 16 Apr 2012 10:17:48 +0000"  >&lt;p&gt;I can confirm that the problem is &lt;b&gt;not&lt;/b&gt; related to the JUnit version.&lt;br/&gt;
SureFire 2.11 works fine with JUnit 4.7, 4.8, 4.9, 4.10 (and even 3.8.2)&lt;br/&gt;
SureFire 2.12 does not work with any of them.&lt;br/&gt;
For me, the -Dparallel setting makes no difference to 2.12.&lt;/p&gt;</comment>
                            <comment id="14455436" author="famod" created="Mon, 11 Jun 2012 04:47:24 +0000"  >&lt;p&gt;Any progress? In my opinion this is a showstopper (for 2.13).&lt;/p&gt;</comment>
                            <comment id="14455422" author="gcatania" created="Fri, 15 Jun 2012 08:02:12 +0000"  >&lt;p&gt;It works on my linux installation, but doesn&apos;t on my colleagues&apos; windows ones.&lt;/p&gt;

&lt;p&gt;we are using TestNG with surefire 2.12.&lt;/p&gt;</comment>
                            <comment id="14455226" author="krosenvold" created="Wed, 20 Jun 2012 00:42:24 +0000"  >&lt;p&gt;This issue was fixed by the fix for &lt;a href=&quot;https://issues.apache.org/jira/browse/SUREFIRE-824&quot; title=&quot;SpecificTestClassFilterTest currently fails on windows&quot; class=&quot;issue-link&quot; data-issue-key=&quot;SUREFIRE-824&quot;&gt;&lt;del&gt;SUREFIRE-824&lt;/del&gt;&lt;/a&gt;, which re-added support for redmond-based OS&apos;es.&lt;/p&gt;</comment>
                            <comment id="14455319" author="krosenvold" created="Wed, 20 Jun 2012 00:43:38 +0000"  >&lt;p&gt;ANd yes, it&apos;s fixed on trunk ATM even though 824 is still open.&lt;/p&gt;</comment>
                            <comment id="14455511" author="gaul" created="Fri, 22 Jun 2012 15:23:46 +0000"  >&lt;p&gt;This still fails for me with 2.13-20120620.212637-15 running on Ubuntu 12.04.&lt;/p&gt;</comment>
                            <comment id="14455348" author="famod" created="Mon, 2 Jul 2012 08:09:20 +0000"  >&lt;p&gt;Works on Windows 7 x64.&lt;/p&gt;</comment>
                            <comment id="14455515" author="krosenvold" created="Sun, 8 Jul 2012 14:26:35 +0000"  >&lt;p&gt;@Andrew; I am unable to reproduce this on my linux mint installation. Unless you can supply a mini test-project (maybe modify the one already attached) that demonstrates this I will close this issue as cannot reproduce.&lt;/p&gt;

&lt;p&gt;All the ms-windows users chiming in on this issue should note this has been fixed for windows.&lt;/p&gt;

&lt;p&gt;FWIW I tried this pom:&lt;/p&gt;

&lt;p&gt;&amp;lt;project xmlns=&quot;http://maven.apache.org/POM/4.0.0&quot; xmlns:xsi=&quot;http://www.w3.org/2001/XMLSchema-instance&quot;&lt;br/&gt;
    xsi:schemaLocation=&quot;http://maven.apache.org/POM/4.0.0 &lt;a href=&quot;http://maven.apache.org/xsd/maven-4.0.0.xsd&quot; class=&quot;external-link&quot; target=&quot;_blank&quot; rel=&quot;nofollow noopener&quot;&gt;http://maven.apache.org/xsd/maven-4.0.0.xsd&lt;/a&gt;&quot;&amp;gt;&lt;br/&gt;
    &amp;lt;modelVersion&amp;gt;4.0.0&amp;lt;/modelVersion&amp;gt;&lt;br/&gt;
    &amp;lt;groupId&amp;gt;SUREFIRE&amp;lt;/groupId&amp;gt;&lt;br/&gt;
    &amp;lt;artifactId&amp;gt;BUG-827&amp;lt;/artifactId&amp;gt;&lt;br/&gt;
    &amp;lt;version&amp;gt;0.0.1-SNAPSHOT&amp;lt;/version&amp;gt;&lt;br/&gt;
    &amp;lt;dependencies&amp;gt;&lt;br/&gt;
        &amp;lt;dependency&amp;gt;&lt;br/&gt;
            &amp;lt;groupId&amp;gt;junit&amp;lt;/groupId&amp;gt;&lt;br/&gt;
            &amp;lt;artifactId&amp;gt;junit&amp;lt;/artifactId&amp;gt;&lt;br/&gt;
            &amp;lt;version&amp;gt;4.10&amp;lt;/version&amp;gt;&lt;br/&gt;
        &amp;lt;/dependency&amp;gt;&lt;br/&gt;
    &amp;lt;/dependencies&amp;gt;&lt;br/&gt;
&amp;lt;properties&amp;gt;&amp;lt;surefire.version&amp;gt;2.12&amp;lt;/surefire.version&amp;gt;&amp;lt;/properties&amp;gt;&lt;br/&gt;
    &amp;lt;build&amp;gt;&lt;br/&gt;
        &amp;lt;pluginManagement&amp;gt;&lt;br/&gt;
            &amp;lt;plugins&amp;gt;&lt;br/&gt;
                &amp;lt;plugin&amp;gt;&lt;br/&gt;
                    &amp;lt;groupId&amp;gt;org.apache.maven.plugins&amp;lt;/groupId&amp;gt;&lt;br/&gt;
                    &amp;lt;artifactId&amp;gt;maven-surefire-plugin&amp;lt;/artifactId&amp;gt;&lt;br/&gt;
                    &amp;lt;version&amp;gt;${surefire.version}&amp;lt;/version&amp;gt;&lt;br/&gt;
&amp;lt;configuration&amp;gt;&lt;br/&gt;
&amp;lt;parallel&amp;gt;classes&amp;lt;/parallel&amp;gt;&lt;br/&gt;
&amp;lt;threadCount&amp;gt;2&amp;lt;/threadCount&amp;gt;&lt;br/&gt;
&amp;lt;/configuration&amp;gt;&lt;br/&gt;
                &amp;lt;/plugin&amp;gt;&lt;br/&gt;
            &amp;lt;/plugins&amp;gt;&lt;br/&gt;
        &amp;lt;/pluginManagement&amp;gt;&lt;br/&gt;
    &amp;lt;/build&amp;gt;&lt;br/&gt;
&amp;lt;/project&amp;gt;&lt;/p&gt;</comment>
                            <comment id="14455466" author="gaul" created="Mon, 9 Jul 2012 17:31:12 +0000"  >&lt;p&gt;Kristian, going back to my example on 06 Feb 2012 with Apache commons-lang 3.1:&lt;/p&gt;

&lt;p&gt;$ mvn test -Dtest=ImmutablePairTest#testBasic -Dparallel=classes -Dsurefire.version=2.11&lt;br/&gt;
...&lt;br/&gt;
Tests run: 1, Failures: 0, Errors: 0, Skipped: 0&lt;/p&gt;

&lt;p&gt;$ mvn test -Dtest=ImmutablePairTest#testBasic -Dparallel=classes -Dsurefire.version=2.12&lt;br/&gt;
...&lt;br/&gt;
Tests run: 6, Failures: 0, Errors: 0, Skipped: 0&lt;/p&gt;

&lt;p&gt;$ mvn test -Dtest=ImmutablePairTest#testBasic -Dparallel=classes -Dsurefire.version=2.13-SNAPSHOT&lt;br/&gt;
...&lt;br/&gt;
Tests run: 6, Failures: 0, Errors: 0, Skipped: 0&lt;/p&gt;

&lt;p&gt;Tested with maven-surefire-plugin-2.13-20120706.132117-19.jar .&lt;/p&gt;</comment>
                            <comment id="14455533" author="krosenvold" created="Sat, 21 Jul 2012 15:01:15 +0000"  >&lt;p&gt;This issue was caused by the ClassDemarcatingRunne introduced in &lt;a href=&quot;https://issues.apache.org/jira/browse/SUREFIRE-800&quot; title=&quot;redirectTestOutputToFile is not taken into account in all cases with JUnit47 provider&quot; class=&quot;issue-link&quot; data-issue-key=&quot;SUREFIRE-800&quot;&gt;&lt;del&gt;SUREFIRE-800&lt;/del&gt;&lt;/a&gt;, which cased a whole host of issues. Removed CDR&lt;/p&gt;</comment>
                            <comment id="14455405" author="krosenvold" created="Sat, 21 Jul 2012 15:02:02 +0000"  >&lt;p&gt;Fixed in r1364159&lt;/p&gt;</comment>
                            <comment id="14455517" author="gaul" created="Mon, 23 Jul 2012 16:45:42 +0000"  >&lt;p&gt;Verified fixed in r1364394.  Thank you for your persistence Kristian.&lt;/p&gt;</comment>
                            <comment id="15088974" author="quixsilver" created="Fri, 8 Jan 2016 09:43:30 +0000"  >&lt;p&gt;I&apos;m seeing the this behavior with surefire 2.19 and junit 4.12 (also 4.4):&lt;/p&gt;

&lt;p&gt;&lt;span class=&quot;error&quot;&gt;&amp;#91;INFO&amp;#93;&lt;/span&gt; &amp;#8212; maven-surefire-plugin:2.19:test (default-cli) @ *&lt;b&gt;removed&lt;/b&gt;* &amp;#8212;&lt;br/&gt;
No tests were executed!&lt;/p&gt;

&lt;p&gt;&lt;span class=&quot;error&quot;&gt;&amp;#91;INFO&amp;#93;&lt;/span&gt; &amp;#8212; maven-surefire-plugin:2.18.1:test (default-cli) @ *&lt;b&gt;removed&lt;/b&gt;* &amp;#8212;&lt;br/&gt;
Tests run: 1, Failures: 0, Errors: 0, Skipped: 0&lt;/p&gt;

&lt;p&gt;This is not a complex project, although it is part of a multiproject build.&lt;/p&gt;

&lt;p&gt;MacOSX 10.11.2&lt;br/&gt;
Maven 3.2.5&lt;br/&gt;
Java 1.7.0_71, oracle&lt;/p&gt;</comment>
                            <comment id="15089350" author="tibor17" created="Fri, 8 Jan 2016 15:35:40 +0000"  >&lt;p&gt;&lt;a href=&quot;https://issues.apache.org/jira/secure/ViewProfile.jspa?name=quixsilver&quot; class=&quot;user-hover&quot; rel=&quot;quixsilver&quot;&gt;quixsilver&lt;/a&gt;&lt;br/&gt;
Use version surefire 2.19.1. I can hardly tell you about your issue but you can always post a zip file to jira. Sometimes it is user error. Version 2.19.1 is stable and fixed such test filtering issues as well.&lt;/p&gt;</comment>
                            <comment id="15403628" author="jaroslav.zaruba@gmail.com" created="Tue, 2 Aug 2016 08:38:49 +0000"  >&lt;p&gt;Experiencing this with surefire 2.19.1 and junit 4.11&lt;br/&gt;
After switching to 2.11 tests are executed as they should&lt;/p&gt;</comment>
                            <comment id="16004375" author="houcem" created="Wed, 10 May 2017 09:27:47 +0000"  >&lt;p&gt;I&apos;m experiencing this on ubuntu 16.04 with &lt;br/&gt;
Maven 3.3.9&lt;br/&gt;
Java 1.8.0_131&lt;br/&gt;
Surefire 1.19.1 &amp;amp; 1.20&lt;br/&gt;
the tests don&apos;t pass, although they pass on a windows machine&lt;/p&gt;</comment>
                            <comment id="16004559" author="tibor17" created="Wed, 10 May 2017 12:07:24 +0000"  >&lt;p&gt;&lt;a href=&quot;https://issues.apache.org/jira/secure/ViewProfile.jspa?name=houcem&quot; class=&quot;user-hover&quot; rel=&quot;houcem&quot;&gt;houcem&lt;/a&gt;&lt;br/&gt;
Pls attach a small project to reproduce this issue including CLI commands you run.&lt;/p&gt;</comment>
                            <comment id="16006948" author="tibor17" created="Thu, 11 May 2017 18:23:10 +0000"  >&lt;p&gt;&lt;a href=&quot;https://issues.apache.org/jira/secure/ViewProfile.jspa?name=gaul&quot; class=&quot;user-hover&quot; rel=&quot;gaul&quot;&gt;gaul&lt;/a&gt;&lt;br/&gt;
&lt;a href=&quot;https://issues.apache.org/jira/secure/ViewProfile.jspa?name=houcem&quot; class=&quot;user-hover&quot; rel=&quot;houcem&quot;&gt;houcem&lt;/a&gt;&lt;br/&gt;
&lt;a href=&quot;https://issues.apache.org/jira/secure/ViewProfile.jspa?name=jaroslav.zaruba%40gmail.com&quot; class=&quot;user-hover&quot; rel=&quot;jaroslav.zaruba@gmail.com&quot;&gt;jaroslav.zaruba@gmail.com&lt;/a&gt;&lt;br/&gt;
&lt;a href=&quot;https://issues.apache.org/jira/secure/ViewProfile.jspa?name=quixsilver&quot; class=&quot;user-hover&quot; rel=&quot;quixsilver&quot;&gt;quixsilver&lt;/a&gt;&lt;br/&gt;
In previous Jira comments you said that filtering of test via &lt;tt&gt;-Dtest=...&lt;/tt&gt; does not work properly in Surefire.&lt;br/&gt;
I can help you and resolve this if you send me relevant data. This means a command you run in maven and bunch of tests or sample code attached in this Jira issue&lt;br/&gt;
&lt;a href=&quot;https://issues.apache.org/jira/browse/SUREFIRE-827&quot; class=&quot;external-link&quot; rel=&quot;nofollow&quot;&gt;https://issues.apache.org/jira/browse/SUREFIRE-827&lt;/a&gt; &lt;/p&gt;

&lt;p&gt;Current attachment &lt;span class=&quot;error&quot;&gt;&amp;#91;1&amp;#93;&lt;/span&gt; is incorrect because it does not contain expected class(es).&lt;/p&gt;

&lt;p&gt;&lt;span class=&quot;error&quot;&gt;&amp;#91;1&amp;#93;&lt;/span&gt; &lt;a href=&quot;https://issues.apache.org/jira/secure/attachment/12720135/BUG-827.zip&quot; class=&quot;external-link&quot; rel=&quot;nofollow&quot;&gt;https://issues.apache.org/jira/secure/attachment/12720135/BUG-827.zip&lt;/a&gt;&lt;/p&gt;

</comment>
                            <comment id="16850918" author="mnowotnik" created="Wed, 29 May 2019 14:46:42 +0000"  >&lt;p&gt;&lt;a href=&quot;https://issues.apache.org/jira/secure/ViewProfile.jspa?name=tibordigana&quot; class=&quot;user-hover&quot; rel=&quot;tibordigana&quot;&gt;tibordigana&lt;/a&gt; The path filtering with&#160;-Dtest=... also does not work properly for me with version 2.19.1.&lt;/p&gt;

&lt;p&gt;My CLI command:&lt;/p&gt;
&lt;div class=&quot;code panel&quot; style=&quot;border-width: 1px;&quot;&gt;&lt;div class=&quot;codeContent panelContent&quot;&gt;
&lt;pre class=&quot;code-java&quot;&gt;
mvn surefire:test &lt;span class=&quot;code-quote&quot;&gt;&quot;-Dtest=my_module&lt;span class=&quot;code-comment&quot;&gt;/**/&lt;/span&gt;MyTest.java&quot;&lt;/span&gt;&lt;/pre&gt;
&lt;/div&gt;&lt;/div&gt;
&lt;p&gt;It works with:&lt;/p&gt;
&lt;div class=&quot;code panel&quot; style=&quot;border-width: 1px;&quot;&gt;&lt;div class=&quot;codeContent panelContent&quot;&gt;
&lt;pre class=&quot;code-java&quot;&gt;
mvn surefire:test -Dtest=MyTest&lt;/pre&gt;
&lt;/div&gt;&lt;/div&gt;</comment>
                            <comment id="16853671" author="tibor17" created="Sat, 1 Jun 2019 11:31:38 +0000"  >&lt;p&gt;&lt;a href=&quot;https://issues.apache.org/jira/secure/ViewProfile.jspa?name=mnowotnik&quot; class=&quot;user-hover&quot; rel=&quot;mnowotnik&quot;&gt;mnowotnik&lt;/a&gt;&lt;br/&gt;
&lt;tt&gt;2.19.1&lt;/tt&gt; is very old version. Try to avoid &lt;tt&gt;my_module&lt;/tt&gt; in the pattern and use only &lt;tt&gt;mvn surefire:test &quot;-Dtest=**/MyTest.java&quot;&lt;/tt&gt; and you can of course use the latest version &lt;tt&gt;3.0.0-M3&lt;/tt&gt;. Notice that the patter uses directories of Java package. Do not use module name. In later version we will change the format of patter, and we will use a typically fully qualified class names which is very natural for Java developers.&lt;/p&gt;</comment>
                            <comment id="17994228" author="olamy" created="Fri, 4 Jul 2025 07:17:50 +0000"  >&lt;p&gt;This project has moved from Jira to GitHub Issues. This issue was migrated to &lt;a href=&quot;https://github.com/apache/maven-surefire/issues/1748&quot; class=&quot;external-link&quot; target=&quot;_blank&quot; rel=&quot;nofollow noopener&quot;&gt;apache/maven-surefire#1748&lt;/a&gt;. &lt;/p&gt;</comment>
                    </comments>
                <issuelinks>
                            <issuelinktype id="12310000">
                    <name>Duplicate</name>
                                                                <inwardlinks description="is duplicated by">
                                        <issuelink>
            <issuekey id="12810373">SUREFIRE-847</issuekey>
        </issuelink>
            <issuelink>
            <issuekey id="12810357">SUREFIRE-858</issuekey>
        </issuelink>
            <issuelink>
            <issuekey id="12809567">SUREFIRE-844</issuekey>
        </issuelink>
                            </inwardlinks>
                                    </issuelinktype>
                            <issuelinktype id="12310260">
                    <name>Related</name>
                                                                <inwardlinks description="is related to">
                                        <issuelink>
            <issuekey id="12810318">SUREFIRE-800</issuekey>
        </issuelink>
            <issuelink>
            <issuekey id="12810328">SUREFIRE-856</issuekey>
        </issuelink>
                            </inwardlinks>
                                    </issuelinktype>
                    </issuelinks>
                <attachments>
                            <attachment id="12720135" name="BUG-827.zip" size="2413" author="famod" created="Mon, 20 Feb 2012 17:04:01 +0000"/>
                    </attachments>
                <subtasks>
                    </subtasks>
                <customfields>
                                                                            <customfield id="customfield_12310310" key="com.atlassian.jira.toolkit:attachments">
                        <customfieldname>Attachment count</customfieldname>
                        <customfieldvalues>
                            <customfieldvalue>1.0</customfieldvalue>
                        </customfieldvalues>
                    </customfield>
                                                                                                                                                                                                                                                                                                                                                                                                                                                                                                                                                                                                                                                                                                        <customfield id="customfield_12314020" key="com.atlassian.jira.plugins.jira-development-integration-plugin:devsummary">
                        <customfieldname>Development</customfieldname>
                        <customfieldvalues>
                            
                        </customfieldvalues>
                    </customfield>
                                                                                                                        <customfield id="customfield_12313422" key="com.atlassian.jirafisheyeplugin:jobcheckbox">
                        <customfieldname>Enable Automatic Patch Review</customfieldname>
                        <customfieldvalues>
                            <customfieldvalue><![CDATA[no_permission]]></customfieldvalue>

                        </customfieldvalues>
                    </customfield>
                                                                                                                                                                                                                                                                                                                                                                                                                                                                                                                                                                                                                    <customfield id="customfield_12310420" key="com.pyxis.greenhopper.jira:gh-global-rank">
                        <customfieldname>Global Rank</customfieldname>
                        <customfieldvalues>
                            <customfieldvalue>9223372036854775807</customfieldvalue>
                        </customfieldvalues>
                    </customfield>
                                                                                                                                                                                                                                        <customfield id="customfield_12312521" key="com.atlassian.jira.toolkit:LastCommentDate">
                        <customfieldname>Last public comment date</customfieldname>
                        <customfieldvalues>
                            18 weeks, 4 days ago
                        </customfieldvalues>
                    </customfield>
                                                                                                                                                                                                                                                                                                <customfield id="customfield_12311820" key="com.pyxis.greenhopper.jira:gh-lexo-rank">
                        <customfieldname>Rank</customfieldname>
                        <customfieldvalues>
                            <customfieldvalue>0|i2bhbb:</customfieldvalue>

                        </customfieldvalues>
                    </customfield>
                                                                <customfield id="customfield_12310920" key="com.pyxis.greenhopper.jira:gh-global-rank">
                        <customfieldname>Rank (Obsolete)</customfieldname>
                        <customfieldvalues>
                            <customfieldvalue>9223372036854775807</customfieldvalue>
                        </customfieldvalues>
                    </customfield>
                                                                                                                                                                                                                                                                                                                                                                                                                                                                                                                                                                                                                                                                                                                                                                                            </customfields>
    </item>
</channel>
</rss>