<!-- 
RSS generated by JIRA (8.20.10#820010-sha1:ace47f9899e9ee25d7157d59aa17ab06aee30d3d) at Wed Nov 12 07:10:34 UTC 2025

It is possible to restrict the fields that are returned in this document by specifying the 'field' parameter in your request.
For example, to request only the issue key and summary append 'field=key&field=summary' to the URL of your request.
-->
<rss version="0.92" >
<channel>
    <title>ASF Jira</title>
    <link>https://issues.apache.org/jira</link>
    <description>This file is an XML representation of an issue</description>
    <language>en-uk</language>    <build-info>
        <version>8.20.10</version>
        <build-number>820010</build-number>
        <build-date>22-06-2022</build-date>
    </build-info>


<item>
            <title>[SUREFIRE-910] Surefire 2.12.1 fails with &quot;The forked VM terminated without saying properly goodbye&quot;</title>
                <link>https://issues.apache.org/jira/browse/SUREFIRE-910</link>
                <project id="12317927" key="SUREFIRE">Maven Surefire (Moved to GitHub Issues)</project>
                    <description>&lt;p&gt;Build fails with &quot;The forked VM terminated without saying properly goodbye&quot; message with no information about the source of the problem:&lt;/p&gt;
&lt;div class=&quot;code panel&quot; style=&quot;border-width: 1px;&quot;&gt;&lt;div class=&quot;codeContent panelContent&quot;&gt;
&lt;pre class=&quot;code-java&quot;&gt;Tests run: 1, Failures: 0, Errors: 0, Skipped: 0, Time elapsed: 3.125 sec
Running org.apache.hadoop.fs.viewfs.TestViewFsHdfs
Tests run: 42, Failures: 0, Errors: 0, Skipped: 0, Time elapsed: 14.149 sec
Running org.apache.hadoop.fs.TestFcHdfsSymlink
Tests run: 67, Failures: 0, Errors: 0, Skipped: 0, Time elapsed: 20.792 sec

Results :

Tests run: 1033, Failures: 0, Errors: 0, Skipped: 1

[INFO]                                                                         
[INFO] ------------------------------------------------------------------------
[INFO] Skipping Apache Hadoop HDFS Project
[INFO] This project has been banned from the build due to previous failures.
[INFO] ------------------------------------------------------------------------
[INFO]                                                                         
[INFO] ------------------------------------------------------------------------
[INFO] Skipping Apache Hadoop HDFS
[INFO] This project has been banned from the build due to previous failures.
[INFO] ------------------------------------------------------------------------
[INFO] ------------------------------------------------------------------------
[INFO] Reactor Summary:
[INFO] 
[INFO] Apache Hadoop HDFS ................................ FAILURE [1:06:10.415s]
[INFO] Apache Hadoop HttpFS .............................. SKIPPED
[INFO] Apache Hadoop HDFS Project ........................ SKIPPED
[INFO] ------------------------------------------------------------------------
[INFO] BUILD FAILURE
[INFO] ------------------------------------------------------------------------
[INFO] Total time: 1:06:11.188s
[INFO] Finished at: Wed Sep 05 12:01:46 MSK 2012
[INFO] Final Memory: 24M/394M
[INFO] ------------------------------------------------------------------------
[ERROR] Failed to execute goal org.apache.maven.plugins:maven-surefire-plugin:2.12.1:test (&lt;span class=&quot;code-keyword&quot;&gt;default&lt;/span&gt;-test) on project hadoop-hdfs: ExecutionException; nested exception is java.util.concurrent.ExecutionException: java.lang.RuntimeException: The forked VM terminated without saying properly goodbye. VM crash or &lt;span class=&quot;code-object&quot;&gt;System&lt;/span&gt;.exit called ? -&amp;gt; [Help 1]
org.apache.maven.lifecycle.LifecycleExecutionException: Failed to execute goal org.apache.maven.plugins:maven-surefire-plugin:2.12.1:test (&lt;span class=&quot;code-keyword&quot;&gt;default&lt;/span&gt;-test) on project hadoop-hdfs: ExecutionException; nested exception is java.util.concurrent.ExecutionException: java.lang.RuntimeException: The forked VM terminated without saying properly goodbye. VM crash or &lt;span class=&quot;code-object&quot;&gt;System&lt;/span&gt;.exit called ?
	at org.apache.maven.lifecycle.internal.MojoExecutor.execute(MojoExecutor.java:217)
	at org.apache.maven.lifecycle.internal.MojoExecutor.execute(MojoExecutor.java:153)
	at org.apache.maven.lifecycle.internal.MojoExecutor.execute(MojoExecutor.java:145)
	at org.apache.maven.lifecycle.internal.LifecycleModuleBuilder.buildProject(LifecycleModuleBuilder.java:84)
	at org.apache.maven.lifecycle.internal.LifecycleModuleBuilder.buildProject(LifecycleModuleBuilder.java:59)
	at org.apache.maven.lifecycle.internal.LifecycleStarter.singleThreadedBuild(LifecycleStarter.java:183)
	at org.apache.maven.lifecycle.internal.LifecycleStarter.execute(LifecycleStarter.java:161)
	at org.apache.maven.DefaultMaven.doExecute(DefaultMaven.java:320)
	at org.apache.maven.DefaultMaven.execute(DefaultMaven.java:156)
	at org.apache.maven.cli.MavenCli.execute(MavenCli.java:537)
	at org.apache.maven.cli.MavenCli.doMain(MavenCli.java:196)
	at org.apache.maven.cli.MavenCli.main(MavenCli.java:141)
	at sun.reflect.NativeMethodAccessorImpl.invoke0(Native Method)
	at sun.reflect.NativeMethodAccessorImpl.invoke(NativeMethodAccessorImpl.java:39)
	at sun.reflect.DelegatingMethodAccessorImpl.invoke(DelegatingMethodAccessorImpl.java:25)
	at java.lang.reflect.Method.invoke(Method.java:597)
	at org.codehaus.plexus.classworlds.launcher.Launcher.launchEnhanced(Launcher.java:290)
	at org.codehaus.plexus.classworlds.launcher.Launcher.launch(Launcher.java:230)
	at org.codehaus.plexus.classworlds.launcher.Launcher.mainWithExitCode(Launcher.java:409)
	at org.codehaus.plexus.classworlds.launcher.Launcher.main(Launcher.java:352)
&lt;/pre&gt;
&lt;/div&gt;&lt;/div&gt;

&lt;p&gt;It seems to be similar to &lt;a href=&quot;https://issues.apache.org/jira/browse/SUREFIRE-837&quot; title=&quot;Surefire 2.12 fails after first module&quot; class=&quot;issue-link&quot; data-issue-key=&quot;SUREFIRE-837&quot;&gt;&lt;del&gt;SUREFIRE-837&lt;/del&gt;&lt;/a&gt;, but it is not fixed 2.12.1.&lt;/p&gt;</description>
                <environment></environment>
        <key id="12809575">SUREFIRE-910</key>
            <summary>Surefire 2.12.1 fails with &quot;The forked VM terminated without saying properly goodbye&quot;</summary>
                <type id="1" iconUrl="https://issues.apache.org/jira/secure/viewavatar?size=xsmall&amp;avatarId=21133&amp;avatarType=issuetype">Bug</type>
                                            <priority id="3" iconUrl="https://issues.apache.org/jira/images/icons/priorities/major.svg">Major</priority>
                        <status id="6" iconUrl="https://issues.apache.org/jira/images/icons/statuses/closed.png" description="The issue is considered finished, the resolution is correct. Issues which are not closed can be reopened.">Closed</status>
                    <statusCategory id="3" key="done" colorName="green"/>
                                    <resolution id="1">Fixed</resolution>
                                        <assignee username="krosenvold">Kristian Rosenvold</assignee>
                                    <reporter username="ikatsov">Ilya Katsov</reporter>
                        <labels>
                    </labels>
                <created>Wed, 5 Sep 2012 08:24:16 +0000</created>
                <updated>Fri, 4 Jul 2025 07:19:15 +0000</updated>
                            <resolved>Sun, 2 Dec 2012 08:20:59 +0000</resolved>
                                                    <fixVersion>2.13</fixVersion>
                                    <component>Maven Surefire Plugin</component>
                        <due></due>
                            <votes>4</votes>
                                    <watches>10</watches>
                                                                                                                <comments>
                            <comment id="14455540" author="krosenvold" created="Fri, 14 Sep 2012 10:26:11 +0000"  >&lt;p&gt;Can you see anything in the logs/console logs ?&lt;/p&gt;</comment>
                            <comment id="14455602" author="dahel" created="Fri, 2 Nov 2012 08:13:15 +0000"  >&lt;p&gt;Hello,&lt;/p&gt;

&lt;p&gt;I have the same error with surefire 2.12.2&lt;br/&gt;
You can see my logs bellow.&lt;/p&gt;

&lt;p&gt;Tests run: 854, Failures: 10, Errors: 149, Skipped: 90&lt;/p&gt;


&lt;p&gt;&lt;span class=&quot;error&quot;&gt;&amp;#91;JENKINS&amp;#93;&lt;/span&gt; Recording test results&lt;br/&gt;
&lt;span class=&quot;error&quot;&gt;&amp;#91;JENKINS&amp;#93;&lt;/span&gt; Archiving xxx to yyy&lt;br/&gt;
&lt;span class=&quot;error&quot;&gt;&amp;#91;INFO&amp;#93;&lt;/span&gt; ------------------------------------------------------------------------&lt;br/&gt;
&lt;span class=&quot;error&quot;&gt;&amp;#91;INFO&amp;#93;&lt;/span&gt; BUILD FAILURE&lt;br/&gt;
&lt;span class=&quot;error&quot;&gt;&amp;#91;INFO&amp;#93;&lt;/span&gt; ------------------------------------------------------------------------&lt;br/&gt;
&lt;span class=&quot;error&quot;&gt;&amp;#91;INFO&amp;#93;&lt;/span&gt; Total time: 41:18.826s&lt;br/&gt;
&lt;span class=&quot;error&quot;&gt;&amp;#91;INFO&amp;#93;&lt;/span&gt; Finished at: Fri Nov 02 13:05:02 CET 2012&lt;br/&gt;
&lt;span class=&quot;error&quot;&gt;&amp;#91;INFO&amp;#93;&lt;/span&gt; Final Memory: 21M/247M&lt;br/&gt;
&lt;span class=&quot;error&quot;&gt;&amp;#91;INFO&amp;#93;&lt;/span&gt; ------------------------------------------------------------------------&lt;br/&gt;
Waiting for Jenkins to finish collecting data&lt;br/&gt;
mavenExecutionResult exceptions not empty&lt;br/&gt;
message : Failed to execute goal org.apache.maven.plugins:maven-surefire-plugin:2.12.2:test (default-test) on project eds-test-server: ExecutionException; nested exception is java.util.concurrent.ExecutionException: java.lang.RuntimeException: The forked VM terminated without saying properly goodbye. VM crash or System.exit called ?&lt;br/&gt;
cause : ExecutionException; nested exception is java.util.concurrent.ExecutionException: java.lang.RuntimeException: The forked VM terminated without saying properly goodbye. VM crash or System.exit called ?&lt;br/&gt;
Stack trace : &lt;br/&gt;
org.apache.maven.lifecycle.LifecycleExecutionException: Failed to execute goal org.apache.maven.plugins:maven-surefire-plugin:2.12.2:test (default-test) on project eds-test-server: ExecutionException; nested exception is java.util.concurrent.ExecutionException: java.lang.RuntimeException: The forked VM terminated without saying properly goodbye. VM crash or System.exit called ?&lt;br/&gt;
	at org.apache.maven.lifecycle.internal.MojoExecutor.execute(MojoExecutor.java:217)&lt;br/&gt;
	at org.apache.maven.lifecycle.internal.MojoExecutor.execute(MojoExecutor.java:153)&lt;br/&gt;
	at org.apache.maven.lifecycle.internal.MojoExecutor.execute(MojoExecutor.java:145)&lt;br/&gt;
	at org.apache.maven.lifecycle.internal.LifecycleModuleBuilder.buildProject(LifecycleModuleBuilder.java:84)&lt;br/&gt;
	at org.apache.maven.lifecycle.internal.LifecycleModuleBuilder.buildProject(LifecycleModuleBuilder.java:59)&lt;br/&gt;
	at org.apache.maven.lifecycle.internal.LifecycleStarter.singleThreadedBuild(LifecycleStarter.java:183)&lt;br/&gt;
	at org.apache.maven.lifecycle.internal.LifecycleStarter.execute(LifecycleStarter.java:161)&lt;br/&gt;
	at org.apache.maven.DefaultMaven.doExecute(DefaultMaven.java:319)&lt;br/&gt;
	at org.apache.maven.DefaultMaven.execute(DefaultMaven.java:156)&lt;br/&gt;
	at org.jvnet.hudson.maven3.launcher.Maven3Launcher.main(Maven3Launcher.java:79)&lt;br/&gt;
	at sun.reflect.NativeMethodAccessorImpl.invoke0(Native Method)&lt;br/&gt;
	at sun.reflect.NativeMethodAccessorImpl.invoke(NativeMethodAccessorImpl.java:39)&lt;br/&gt;
	at sun.reflect.DelegatingMethodAccessorImpl.invoke(DelegatingMethodAccessorImpl.java:25)&lt;br/&gt;
	at java.lang.reflect.Method.invoke(Method.java:597)&lt;br/&gt;
	at org.codehaus.plexus.classworlds.launcher.Launcher.launchStandard(Launcher.java:329)&lt;br/&gt;
	at org.codehaus.plexus.classworlds.launcher.Launcher.launch(Launcher.java:239)&lt;br/&gt;
	at org.jvnet.hudson.maven3.agent.Maven3Main.launch(Maven3Main.java:158)&lt;br/&gt;
	at hudson.maven.Maven3Builder.call(Maven3Builder.java:112)&lt;br/&gt;
	at hudson.maven.Maven3Builder.call(Maven3Builder.java:70)&lt;br/&gt;
	at hudson.remoting.UserRequest.perform(UserRequest.java:118)&lt;br/&gt;
	at hudson.remoting.UserRequest.perform(UserRequest.java:48)&lt;br/&gt;
	at hudson.remoting.Request$2.run(Request.java:287)&lt;br/&gt;
	at java.util.concurrent.Executors$RunnableAdapter.call(Executors.java:441)&lt;br/&gt;
	at java.util.concurrent.FutureTask$Sync.innerRun(FutureTask.java:303)&lt;br/&gt;
	at java.util.concurrent.FutureTask.run(FutureTask.java:138)&lt;br/&gt;
	at java.util.concurrent.ThreadPoolExecutor$Worker.runTask(ThreadPoolExecutor.java:886)&lt;br/&gt;
	at java.util.concurrent.ThreadPoolExecutor$Worker.run(ThreadPoolExecutor.java:908)&lt;br/&gt;
	at java.lang.Thread.run(Thread.java:662)&lt;br/&gt;
Caused by: org.apache.maven.plugin.MojoExecutionException: ExecutionException; nested exception is java.util.concurrent.ExecutionException: java.lang.RuntimeException: The forked VM terminated without saying properly goodbye. VM crash or System.exit called ?&lt;br/&gt;
	at org.apache.maven.plugin.surefire.SurefirePlugin.assertNoException(SurefirePlugin.java:168)&lt;br/&gt;
	at org.apache.maven.plugin.surefire.SurefirePlugin.handleSummary(SurefirePlugin.java:157)&lt;br/&gt;
	at org.apache.maven.plugin.surefire.AbstractSurefireMojo.executeAfterPreconditionsChecked(AbstractSurefireMojo.java:626)&lt;br/&gt;
	at org.apache.maven.plugin.surefire.AbstractSurefireMojo.execute(AbstractSurefireMojo.java:587)&lt;br/&gt;
	at org.apache.maven.plugin.DefaultBuildPluginManager.executeMojo(DefaultBuildPluginManager.java:101)&lt;br/&gt;
	at org.apache.maven.lifecycle.internal.MojoExecutor.execute(MojoExecutor.java:209)&lt;br/&gt;
	... 27 more&lt;br/&gt;
Caused by: org.apache.maven.surefire.booter.SurefireBooterForkException: ExecutionException; nested exception is java.util.concurrent.ExecutionException: java.lang.RuntimeException: The forked VM terminated without saying properly goodbye. VM crash or System.exit called ?&lt;br/&gt;
	at org.apache.maven.plugin.surefire.booterclient.ForkStarter.runSuitesForkPerTestSet(ForkStarter.java:189)&lt;br/&gt;
	at org.apache.maven.plugin.surefire.booterclient.ForkStarter.run(ForkStarter.java:120)&lt;br/&gt;
	at org.apache.maven.plugin.surefire.AbstractSurefireMojo.executeProvider(AbstractSurefireMojo.java:695)&lt;br/&gt;
	at org.apache.maven.plugin.surefire.AbstractSurefireMojo.executeAllProviders(AbstractSurefireMojo.java:666)&lt;br/&gt;
	at org.apache.maven.plugin.surefire.AbstractSurefireMojo.executeAfterPreconditionsChecked(AbstractSurefireMojo.java:624)&lt;br/&gt;
	... 30 more&lt;br/&gt;
Caused by: java.util.concurrent.ExecutionException: java.lang.RuntimeException: The forked VM terminated without saying properly goodbye. VM crash or System.exit called ?&lt;br/&gt;
	at java.util.concurrent.FutureTask$Sync.innerGet(FutureTask.java:222)&lt;br/&gt;
	at java.util.concurrent.FutureTask.get(FutureTask.java:83)&lt;br/&gt;
	at org.apache.maven.plugin.surefire.booterclient.ForkStarter.runSuitesForkPerTestSet(ForkStarter.java:173)&lt;br/&gt;
	... 34 more&lt;br/&gt;
Caused by: java.lang.RuntimeException: The forked VM terminated without saying properly goodbye. VM crash or System.exit called ?&lt;br/&gt;
	at org.apache.maven.plugin.surefire.booterclient.output.ForkClient.close(ForkClient.java:245)&lt;br/&gt;
	at org.apache.maven.plugin.surefire.booterclient.ForkStarter.fork(ForkStarter.java:282)&lt;br/&gt;
	at org.apache.maven.plugin.surefire.booterclient.ForkStarter.access$100(ForkStarter.java:72)&lt;br/&gt;
	at org.apache.maven.plugin.surefire.booterclient.ForkStarter$1.call(ForkStarter.java:161)&lt;br/&gt;
	at org.apache.maven.plugin.surefire.booterclient.ForkStarter$1.call(ForkStarter.java:158)&lt;br/&gt;
	... 5 more&lt;br/&gt;
Maven failed with error.&lt;/p&gt;

&lt;p&gt;Can we have any update ?&lt;/p&gt;</comment>
                            <comment id="14455477" author="krosenvold" created="Fri, 2 Nov 2012 11:43:19 +0000"  >&lt;p&gt;2.12.4 is the latest released version. Please test with that. &lt;/p&gt;

&lt;p&gt;And yes, if your tests or harnesses calls System.exit() you will get this message no matter what, I will consider improving messagt to indicate this.&lt;/p&gt;</comment>
                            <comment id="14455614" author="wild_oscar" created="Wed, 7 Nov 2012 05:27:16 +0000"  >&lt;p&gt;We also suffer from (apparently) random errors identical in our Jenkins server.&lt;/p&gt;

&lt;p&gt;My suspicion is that it might be caused by memory errors, or issues with the database. The problem is always the same:&lt;/p&gt;
&lt;ul class=&quot;alternate&quot; type=&quot;square&quot;&gt;
	&lt;li&gt;fresh start on Jenkins has no issues&lt;/li&gt;
	&lt;li&gt;few days later we get this error on the tests&lt;/li&gt;
	&lt;li&gt;subsequent job runs yield the same error. Server restart &quot;solves&quot; it.&lt;/li&gt;
&lt;/ul&gt;


&lt;p&gt;If I find anything relevant I&apos;ll post here.&lt;/p&gt;</comment>
                            <comment id="14455568" author="krosenvold" created="Wed, 7 Nov 2012 13:00:02 +0000"  >&lt;p&gt;I just added a faq entry about this issue, explaining what the situation is; the entry will appear in the faq once the site gets published, but can be seen here:&lt;/p&gt;

&lt;p&gt;&lt;a href=&quot;https://git-wip-us.apache.org/repos/asf?p=maven-surefire.git;a=commitdiff;h=0e900e3196f77d5b26b951731fc6ee1f28c2effd;hp=ec09dc90ed989a24f934bcd8b80713483a23bfc7&quot; class=&quot;external-link&quot; target=&quot;_blank&quot; rel=&quot;nofollow noopener&quot;&gt;https://git-wip-us.apache.org/repos/asf?p=maven-surefire.git;a=commitdiff;h=0e900e3196f77d5b26b951731fc6ee1f28c2effd;hp=ec09dc90ed989a24f934bcd8b80713483a23bfc7&lt;/a&gt;&lt;/p&gt;

&lt;p&gt;The morale here is that there&apos;s little hope in waiting for us to fix this, since there are no known cases when this issue happens within surefire itself. Unless the source of the issue is some resource leak from within surefire itself, this most likely some kind of leak within your code/libraries.&lt;/p&gt;

&lt;p&gt;Now there may be some failure conditions we should be picking up (dumped messages coming to the console), so I&apos;m keeping this issue open a little longer; but basically this is a &quot;cannot reproduce&quot;. &lt;/p&gt;
</comment>
                            <comment id="14455604" author="krosenvold" created="Wed, 14 Nov 2012 15:10:18 +0000"  >&lt;p&gt;While fixing &lt;a href=&quot;https://issues.apache.org/jira/browse/SUREFIRE-920&quot; title=&quot;-Dmaven.test.failure.ignore=true isn&amp;#39;t honored&quot; class=&quot;issue-link&quot; data-issue-key=&quot;SUREFIRE-920&quot;&gt;&lt;del&gt;SUREFIRE-920&lt;/del&gt;&lt;/a&gt;, I found out that this message would also come when a test with a timeout times out.&lt;/p&gt;

&lt;p&gt;This should be fixed on master wigth 920 and can be tested with 2.13-SNAPSHOT&lt;/p&gt;
</comment>
                            <comment id="14455456" author="krosenvold" created="Sun, 2 Dec 2012 08:20:59 +0000"  >&lt;p&gt;I&apos;m marking this as fixed for 2.13.&lt;/p&gt;</comment>
                            <comment id="14455583" author="krosenvold" created="Sun, 9 Dec 2012 04:41:24 +0000"  >&lt;p&gt;&lt;a href=&quot;https://issues.apache.org/jira/browse/SUREFIRE-931&quot; title=&quot;Surefire crashes if test depends on unknown group&quot; class=&quot;issue-link&quot; data-issue-key=&quot;SUREFIRE-931&quot;&gt;&lt;del&gt;SUREFIRE-931&lt;/del&gt;&lt;/a&gt; illustrated clearly that the error handling was insufficient and is the root cause of this message. Revised error handling completely in cd00d144a3abb0c4839106d383c0a6851f863da5, added several IT&apos;s&lt;/p&gt;</comment>
                            <comment id="14455997" author="hhuynh" created="Fri, 26 Jul 2013 12:05:40 +0000"  >&lt;p&gt;I&apos;m still seeing this error in latest surefire 2.15&lt;/p&gt;</comment>
                            <comment id="14455866" author="agudian" created="Fri, 26 Jul 2013 13:59:37 +0000"  >&lt;p&gt;@Hung Huynh: please check &lt;a href=&quot;http://maven.apache.org/surefire/maven-surefire-plugin/faq.html#vm-termination&quot; class=&quot;external-link&quot; target=&quot;_blank&quot; rel=&quot;nofollow noopener&quot;&gt;http://maven.apache.org/surefire/maven-surefire-plugin/faq.html#vm-termination&lt;/a&gt;&lt;/p&gt;</comment>
                            <comment id="14456017" author="hhuynh" created="Sat, 10 Aug 2013 21:44:03 +0000"  >&lt;p&gt;My project has 300+ unit tests that exercising quite a lot of 3rd party libraries. We&apos;re using Jenkins for CI. Now that the Jenkins job is failing with this error without an obvious JUnit report saying which test has failed. The console log is quite long and there is no obvious way to pinpoint which test is causing the problem. Before upgrading to surefire 2.15, there is at least a JUnit report with zero in length, but from the filename, we could at least deduct the test class name.&lt;/p&gt;

&lt;p&gt;Would it be possible to tell which test is causing the error from surefire code and print that out to surefire report?&lt;/p&gt;



</comment>
                            <comment id="17994304" author="olamy" created="Fri, 4 Jul 2025 07:19:15 +0000"  >&lt;p&gt;This project has moved from Jira to GitHub Issues. This issue was migrated to &lt;a href=&quot;https://github.com/apache/maven-surefire/issues/1681&quot; class=&quot;external-link&quot; target=&quot;_blank&quot; rel=&quot;nofollow noopener&quot;&gt;apache/maven-surefire#1681&lt;/a&gt;. &lt;/p&gt;</comment>
                    </comments>
                <issuelinks>
                            <issuelinktype id="12310260">
                    <name>Related</name>
                                                                <inwardlinks description="is related to">
                                        <issuelink>
            <issuekey id="12809569">SUREFIRE-931</issuekey>
        </issuelink>
                            </inwardlinks>
                                    </issuelinktype>
                    </issuelinks>
                <attachments>
                    </attachments>
                <subtasks>
                    </subtasks>
                <customfields>
                                                                            <customfield id="customfield_12310310" key="com.atlassian.jira.toolkit:attachments">
                        <customfieldname>Attachment count</customfieldname>
                        <customfieldvalues>
                            <customfieldvalue>0.0</customfieldvalue>
                        </customfieldvalues>
                    </customfield>
                                                                                                                                                                                                                                                                                                                                                                                                                                                                                                                                                                                                                                                                                                        <customfield id="customfield_12314020" key="com.atlassian.jira.plugins.jira-development-integration-plugin:devsummary">
                        <customfieldname>Development</customfieldname>
                        <customfieldvalues>
                            
                        </customfieldvalues>
                    </customfield>
                                                                                                                        <customfield id="customfield_12313422" key="com.atlassian.jirafisheyeplugin:jobcheckbox">
                        <customfieldname>Enable Automatic Patch Review</customfieldname>
                        <customfieldvalues>
                            <customfieldvalue><![CDATA[no_permission]]></customfieldvalue>

                        </customfieldvalues>
                    </customfield>
                                                                                                                                                                                                                                                                                                                                                                                                                                                                                                                                                                                                                    <customfield id="customfield_12310420" key="com.pyxis.greenhopper.jira:gh-global-rank">
                        <customfieldname>Global Rank</customfieldname>
                        <customfieldvalues>
                            <customfieldvalue>9223372036854775807</customfieldvalue>
                        </customfieldvalues>
                    </customfield>
                                                                                                                                                                                                                                        <customfield id="customfield_12312521" key="com.atlassian.jira.toolkit:LastCommentDate">
                        <customfieldname>Last public comment date</customfieldname>
                        <customfieldvalues>
                            18 weeks, 4 days ago
                        </customfieldvalues>
                    </customfield>
                                                                                                                                                                                                                                                                                                <customfield id="customfield_12311820" key="com.pyxis.greenhopper.jira:gh-lexo-rank">
                        <customfieldname>Rank</customfieldname>
                        <customfieldvalues>
                            <customfieldvalue>0|i2bap3:</customfieldvalue>

                        </customfieldvalues>
                    </customfield>
                                                                <customfield id="customfield_12310920" key="com.pyxis.greenhopper.jira:gh-global-rank">
                        <customfieldname>Rank (Obsolete)</customfieldname>
                        <customfieldvalues>
                            <customfieldvalue>9223372036854775807</customfieldvalue>
                        </customfieldvalues>
                    </customfield>
                                                                                                                                                                                                                                                                                                                                                                                                                                                                                                                                                                                                                                                                                                                                                                                            </customfields>
    </item>
</channel>
</rss>