<!-- 
RSS generated by JIRA (8.20.10#820010-sha1:ace47f9899e9ee25d7157d59aa17ab06aee30d3d) at Wed Nov 12 07:06:16 UTC 2025

It is possible to restrict the fields that are returned in this document by specifying the 'field' parameter in your request.
For example, to request only the issue key and summary append 'field=key&field=summary' to the URL of your request.
-->
<rss version="0.92" >
<channel>
    <title>ASF Jira</title>
    <link>https://issues.apache.org/jira</link>
    <description>This file is an XML representation of an issue</description>
    <language>en-uk</language>    <build-info>
        <version>8.20.10</version>
        <build-number>820010</build-number>
        <build-date>22-06-2022</build-date>
    </build-info>


<item>
            <title>[SUREFIRE-339] Surefire plugin error message does not indicate the source of the error.</title>
                <link>https://issues.apache.org/jira/browse/SUREFIRE-339</link>
                <project id="12317927" key="SUREFIRE">Maven Surefire (Moved to GitHub Issues)</project>
                    <description>&lt;p&gt;I have been getting test failures. But maven provides no hints as to the root cause of the failures. I have tried using the -X and the -e options, but all I get is this. I don&apos;t konw if this is a maven issue or a surefire plugin issue. But, the exceptions should have enough data on what tests failed. This has made it impossible for us to track down the issue.  This doesn&apos;t happend on developer machines. It only happens on teh build machine that we are trying to setup.&lt;/p&gt;

&lt;p&gt;The command we ran was:&lt;/p&gt;

&lt;p&gt;mvn -e clean test&lt;/p&gt;

&lt;p&gt;&lt;span class=&quot;error&quot;&gt;&amp;#91;ERROR&amp;#93;&lt;/span&gt; BUILD FAILURE&lt;br/&gt;
INFO] ------------------------------------------------------------------------&lt;br/&gt;
INFO] There are test failures.&lt;br/&gt;
INFO] ------------------------------------------------------------------------&lt;br/&gt;
INFO] Trace&lt;br/&gt;
rg.apache.maven.BuildFailureException: There are test failures.&lt;br/&gt;
       at org.apache.maven.lifecycle.DefaultLifecycleExecutor.executeGoals(DefaultLifecycleExecutor.java:560)&lt;br/&gt;
       at org.apache.maven.lifecycle.DefaultLifecycleExecutor.executeGoalWithLifecycle(DefaultLifecycleExecutor.java&lt;br/&gt;
       at org.apache.maven.lifecycle.DefaultLifecycleExecutor.executeGoal(DefaultLifecycleExecutor.java:459)&lt;br/&gt;
       at org.apache.maven.lifecycle.DefaultLifecycleExecutor.executeGoalAndHandleFailures(DefaultLifecycleExecutor.&lt;br/&gt;
       at org.apache.maven.lifecycle.DefaultLifecycleExecutor.executeTaskSegments(DefaultLifecycleExecutor.java:278)&lt;br/&gt;
       at org.apache.maven.lifecycle.DefaultLifecycleExecutor.execute(DefaultLifecycleExecutor.java:143)&lt;br/&gt;
       at org.apache.maven.DefaultMaven.doExecute(DefaultMaven.java:334)&lt;br/&gt;
       at org.apache.maven.DefaultMaven.execute(DefaultMaven.java:125)&lt;br/&gt;
       at org.apache.maven.cli.MavenCli.main(MavenCli.java:272)&lt;br/&gt;
       at sun.reflect.NativeMethodAccessorImpl.invoke0(Native Method)&lt;br/&gt;
       at sun.reflect.NativeMethodAccessorImpl.invoke(NativeMethodAccessorImpl.java:39)&lt;br/&gt;
       at sun.reflect.DelegatingMethodAccessorImpl.invoke(DelegatingMethodAccessorImpl.java:25)&lt;br/&gt;
       at java.lang.reflect.Method.invoke(Method.java:585)&lt;br/&gt;
       at org.codehaus.classworlds.Launcher.launchEnhanced(Launcher.java:315)&lt;br/&gt;
       at org.codehaus.classworlds.Launcher.launch(Launcher.java:255)&lt;br/&gt;
       at org.codehaus.classworlds.Launcher.mainWithExitCode(Launcher.java:430)&lt;br/&gt;
       at org.codehaus.classworlds.Launcher.main(Launcher.java:375)&lt;br/&gt;
aused by: org.apache.maven.plugin.MojoFailureException: There are test failures.&lt;br/&gt;
       at org.apache.maven.plugin.surefire.SurefirePlugin.execute(SurefirePlugin.java:425)&lt;br/&gt;
       at org.apache.maven.plugin.DefaultPluginManager.executeMojo(DefaultPluginManager.java:443)&lt;br/&gt;
       at org.apache.maven.lifecycle.DefaultLifecycleExecutor.executeGoals(DefaultLifecycleExecutor.java:539)&lt;br/&gt;
       ... 16 more&lt;/p&gt;</description>
                <environment>maven 2.0.6&lt;br/&gt;
jdk 1.5.0_08&lt;br/&gt;
Windows 2003</environment>
        <key id="12809766">SUREFIRE-339</key>
            <summary>Surefire plugin error message does not indicate the source of the error.</summary>
                <type id="1" iconUrl="https://issues.apache.org/jira/secure/viewavatar?size=xsmall&amp;avatarId=21133&amp;avatarType=issuetype">Bug</type>
                                            <priority id="3" iconUrl="https://issues.apache.org/jira/images/icons/priorities/major.svg">Major</priority>
                        <status id="6" iconUrl="https://issues.apache.org/jira/images/icons/statuses/closed.png" description="The issue is considered finished, the resolution is correct. Issues which are not closed can be reopened.">Closed</status>
                    <statusCategory id="3" key="done" colorName="green"/>
                                    <resolution id="1">Fixed</resolution>
                                        <assignee username="brett">Brett Porter</assignee>
                                    <reporter username="moizd">Moiz Dohadwala</reporter>
                        <labels>
                    </labels>
                <created>Thu, 14 Jun 2007 13:47:04 +0000</created>
                <updated>Fri, 4 Jul 2025 07:07:19 +0000</updated>
                            <resolved>Tue, 17 Jul 2007 03:59:51 +0000</resolved>
                                    <version>2.3</version>
                                    <fixVersion>2.3.1</fixVersion>
                                        <due></due>
                            <votes>0</votes>
                                    <watches>2</watches>
                                                                                                                <comments>
                            <comment id="14453897" author="barrett" created="Wed, 11 Jul 2007 10:10:20 +0000"  >&lt;p&gt;Have you looked at the files in target/surefire-reports?&lt;br/&gt;
All Continuous Integration servers should be able to gather those reports.&lt;/p&gt;</comment>
                            <comment id="14453777" author="brettporter" created="Sat, 14 Jul 2007 07:57:58 +0000"  >&lt;p&gt;we can add a hint to where to look&lt;/p&gt;</comment>
                            <comment id="14453840" author="moizd" created="Sat, 14 Jul 2007 17:48:03 +0000"  >&lt;p&gt;I looked in teh target/surefire-reports. Nothing in that directory had any additional information. &lt;/p&gt;

&lt;p&gt;Brett,&lt;br/&gt;
Hints to the root cause would go a long way towards debugging the issues. Thanks&lt;/p&gt;</comment>
                            <comment id="14453852" author="petrovg" created="Mon, 16 Jul 2007 04:52:20 +0000"  >&lt;p&gt;hey! I&apos;m getting the same thing, but it does not even create the surefire-reports directory. It says:&lt;/p&gt;

&lt;p&gt;&lt;span class=&quot;error&quot;&gt;&amp;#91;INFO&amp;#93;&lt;/span&gt; Surefire report directory: C:\......\target\surefire-reports&lt;br/&gt;
&lt;span class=&quot;error&quot;&gt;&amp;#91;INFO&amp;#93;&lt;/span&gt; ------------------------------------------------------------------------&lt;br/&gt;
&lt;span class=&quot;error&quot;&gt;&amp;#91;ERROR&amp;#93;&lt;/span&gt; BUILD FAILURE&lt;br/&gt;
&lt;span class=&quot;error&quot;&gt;&amp;#91;INFO&amp;#93;&lt;/span&gt; ------------------------------------------------------------------------&lt;br/&gt;
&lt;span class=&quot;error&quot;&gt;&amp;#91;INFO&amp;#93;&lt;/span&gt; There are test failures.&lt;br/&gt;
&lt;span class=&quot;error&quot;&gt;&amp;#91;INFO&amp;#93;&lt;/span&gt; ------------------------------------------------------------------------&lt;br/&gt;
&lt;span class=&quot;error&quot;&gt;&amp;#91;INFO&amp;#93;&lt;/span&gt; Trace&lt;br/&gt;
org.apache.maven.BuildFailureException: There are test failures.&lt;br/&gt;
        at org.apache.maven.lifecycle.DefaultLifecycleExecutor.executeGoals(DefaultLifecycleExecutor.java:555)&lt;br/&gt;
        at org.apache.maven.lifecycle.DefaultLifecycleExecutor.executeGoalWithLifecycle(DefaultLifecycleExecutor.java:475)&lt;br/&gt;
        at org.apache.maven.lifecycle.DefaultLifecycleExecutor.executeGoal(DefaultLifecycleExecutor.java:454)&lt;br/&gt;
        at org.apache.maven.lifecycle.DefaultLifecycleExecutor.executeGoalAndHandleFailures(DefaultLifecycleExecutor.java:306)&lt;br/&gt;
        at org.apache.maven.lifecycle.DefaultLifecycleExecutor.executeTaskSegments(DefaultLifecycleExecutor.java:273)&lt;br/&gt;
        at org.apache.maven.lifecycle.DefaultLifecycleExecutor.execute(DefaultLifecycleExecutor.java:140)&lt;br/&gt;
        at org.apache.maven.DefaultMaven.doExecute(DefaultMaven.java:322)&lt;br/&gt;
        at org.apache.maven.DefaultMaven.execute(DefaultMaven.java:115)&lt;br/&gt;
        at org.apache.maven.cli.MavenCli.main(MavenCli.java:256)&lt;br/&gt;
        at sun.reflect.NativeMethodAccessorImpl.invoke0(Native Method)&lt;br/&gt;
        at sun.reflect.NativeMethodAccessorImpl.invoke(NativeMethodAccessorImpl.java:39)&lt;br/&gt;
        at sun.reflect.DelegatingMethodAccessorImpl.invoke(DelegatingMethodAccessorImpl.java:25)&lt;br/&gt;
        at java.lang.reflect.Method.invoke(Method.java:585)&lt;br/&gt;
        at org.codehaus.classworlds.Launcher.launchEnhanced(Launcher.java:315)&lt;br/&gt;
        at org.codehaus.classworlds.Launcher.launch(Launcher.java:255)&lt;br/&gt;
        at org.codehaus.classworlds.Launcher.mainWithExitCode(Launcher.java:430)&lt;br/&gt;
        at org.codehaus.classworlds.Launcher.main(Launcher.java:375)&lt;br/&gt;
Caused by: org.apache.maven.plugin.MojoFailureException: There are test failures.&lt;br/&gt;
        at org.apache.maven.plugin.surefire.SurefirePlugin.execute(SurefirePlugin.java:425)&lt;br/&gt;
        at org.apache.maven.plugin.DefaultPluginManager.executeMojo(DefaultPluginManager.java:412)&lt;br/&gt;
        at org.apache.maven.lifecycle.DefaultLifecycleExecutor.executeGoals(DefaultLifecycleExecutor.java:534)&lt;br/&gt;
        ... 16 more&lt;/p&gt;

&lt;p&gt;But there&apos;s no more information and the directory it reports does not exist.&lt;/p&gt;</comment>
                            <comment id="14453898" author="petrovg" created="Mon, 16 Jul 2007 05:27:10 +0000"  >&lt;p&gt;If you run maven with -X and copy the command it issues to run surefire, namely, you get the error in &lt;a href=&quot;https://issues.apache.org/jira/browse/SUREFIRE-341&quot; title=&quot;Surefire fails with java.lang.ClassNotFoundException: org.apache.maven.surefire.Surefire&quot; class=&quot;issue-link&quot; data-issue-key=&quot;SUREFIRE-341&quot;&gt;&lt;del&gt;SUREFIRE-341&lt;/del&gt;&lt;/a&gt;&lt;/p&gt;
</comment>
                            <comment id="14453823" author="petrovg" created="Mon, 16 Jul 2007 09:21:54 +0000"  >&lt;p&gt;I gigured out what my problem was - I had forgotten to put any &amp;lt;includes&amp;gt; in my pom for the surefire plugin. Once I did that it stopped failing. Still, it would be nice if it gave me a bit more info on the nature of the failure.&lt;/p&gt;</comment>
                            <comment id="14453735" author="moizd" created="Wed, 22 Aug 2007 18:33:41 +0000"  >&lt;p&gt;where can I find the snapshot version of this plugin with the bug fix?&lt;/p&gt;</comment>
                            <comment id="14453947" author="moizd" created="Wed, 29 Aug 2007 01:00:55 +0000"  >&lt;p&gt;I would like this re-opened. I have tested using the 2.4-SNAPSHOT version of the plugin and i still get the same build failure exception. I have the command line from the debug output of maven:&lt;/p&gt;

&lt;p&gt;D:\projects\had\main&amp;gt;C:\Java\jdk1.5.0_08\jre\bin\java -classpath D:\java\maven\.m2\repository\org\codehaus\plexus\plexus-archiver\&lt;br/&gt;
1.0-alpha-7\plexus-archiver-1.0-alpha-7.jar;D:\java\maven\.m2\repository\org\codehaus\plexus\plexus-utils\1.4.5\plexus-utils-1.4.5.jar;D:\ja&lt;br/&gt;
va\maven\.m2\repository\junit\junit\3.8.1\junit-3.8.1.jar;D:\java\maven\.m2\repository\org\codehaus\plexus\plexus-container-default\1.0-alph&lt;br/&gt;
a-8\plexus-container-default-1.0-alpha-8.jar;D:\java\maven\.m2\repository\org\apache\maven\surefire\surefire-booter\2.4-SNAPSHOT\surefire-bo&lt;br/&gt;
oter-2.4-SNAPSHOT.jar;D:\java\maven\.m2\repository\classworlds\classworlds\1.1-alpha-2\classworlds-1.1-alpha-2.jar;D:\java\maven\.m2\reposit&lt;br/&gt;
ory\org\apache\maven\surefire\surefire-api\2.4-SNAPSHOT\surefire-api-2.4-SNAPSHOT.jar;D:\java\maven\.m2\repository\commons-lang\commons-lang&lt;br/&gt;
\2.1\commons-lang-2.1.jar org.apache.maven.surefire.booter.SurefireBooter C:\temp\surefire10121tmp C:\temp\surefire10122tmp&lt;br/&gt;
org.apache.maven.surefire.booter.SurefireExecutionException: Unable to instantiate and execute Surefire; nested exception is java.lang.Class&lt;br/&gt;
NotFoundException: org.apache.maven.surefire.Surefire&lt;br/&gt;
java.lang.ClassNotFoundException: org.apache.maven.surefire.Surefire&lt;br/&gt;
        at java.net.URLClassLoader$1.run(URLClassLoader.java:200)&lt;br/&gt;
        at java.security.AccessController.doPrivileged(Native Method)&lt;br/&gt;
        at java.net.URLClassLoader.findClass(URLClassLoader.java:188)&lt;br/&gt;
        at java.lang.ClassLoader.loadClass(ClassLoader.java:306)&lt;br/&gt;
        at java.lang.ClassLoader.loadClass(ClassLoader.java:251)&lt;br/&gt;
        at org.apache.maven.surefire.booter.IsolatedClassLoader.loadClass(IsolatedClassLoader.java:103)&lt;br/&gt;
        at org.apache.maven.surefire.booter.SurefireBooter.runSuitesInProcess(SurefireBooter.java:304)&lt;br/&gt;
        at org.apache.maven.surefire.booter.SurefireBooter.main(SurefireBooter.java:907)&lt;/p&gt;</comment>
                            <comment id="14453827" author="brettporter" created="Wed, 29 Aug 2007 01:05:35 +0000"  >&lt;p&gt;that seems to be a different problem - perhaps there is already an open surefire bug for that?&lt;/p&gt;

&lt;p&gt;The fix I put in pace for this is simply to say that the test failures can be found in &quot;target/surefire-reports&quot; (or other directory if that is configured)&lt;/p&gt;</comment>
                            <comment id="14453799" author="moizd" created="Wed, 29 Aug 2007 11:56:40 +0000"  >&lt;p&gt;There is, I believe &lt;a href=&quot;https://issues.apache.org/jira/browse/SUREFIRE-341&quot; title=&quot;Surefire fails with java.lang.ClassNotFoundException: org.apache.maven.surefire.Surefire&quot; class=&quot;issue-link&quot; data-issue-key=&quot;SUREFIRE-341&quot;&gt;&lt;del&gt;SUREFIRE-341&lt;/del&gt;&lt;/a&gt; covers that. But the issue is that that exception is swallowed. It is not apparent what the real problem is even after using the -e and -X options. One has to manually run the command line for surefire to figure out the problem. That should be available in the maven logs directly if either -e or -X is enabled.&lt;/p&gt;</comment>
                            <comment id="14453912" author="moizd" created="Wed, 29 Aug 2007 11:58:45 +0000"  >&lt;p&gt;The message about the test failures does not help. Because surefire doesn&apos;t even get as far as creating the &quot;target/surefire-reports&quot; folder (or any files in that folder.)&lt;/p&gt;</comment>
                            <comment id="17993677" author="olamy" created="Fri, 4 Jul 2025 07:07:19 +0000"  >&lt;p&gt;This project has moved from Jira to GitHub Issues. This issue was migrated to &lt;a href=&quot;https://github.com/apache/maven-surefire/issues/1388&quot; class=&quot;external-link&quot; target=&quot;_blank&quot; rel=&quot;nofollow noopener&quot;&gt;apache/maven-surefire#1388&lt;/a&gt;. &lt;/p&gt;</comment>
                    </comments>
                <issuelinks>
                            <issuelinktype id="12310260">
                    <name>Related</name>
                                            <outwardlinks description="relates to">
                                        <issuelink>
            <issuekey id="12809680">SUREFIRE-341</issuekey>
        </issuelink>
                            </outwardlinks>
                                                        </issuelinktype>
                    </issuelinks>
                <attachments>
                    </attachments>
                <subtasks>
                    </subtasks>
                <customfields>
                                                                            <customfield id="customfield_12310310" key="com.atlassian.jira.toolkit:attachments">
                        <customfieldname>Attachment count</customfieldname>
                        <customfieldvalues>
                            <customfieldvalue>0.0</customfieldvalue>
                        </customfieldvalues>
                    </customfield>
                                                                                                                                                                                                                                                                                                                                                                                                                                                                                                                                                                                                                                                                                                        <customfield id="customfield_12314020" key="com.atlassian.jira.plugins.jira-development-integration-plugin:devsummary">
                        <customfieldname>Development</customfieldname>
                        <customfieldvalues>
                            
                        </customfieldvalues>
                    </customfield>
                                                                                                                        <customfield id="customfield_12313422" key="com.atlassian.jirafisheyeplugin:jobcheckbox">
                        <customfieldname>Enable Automatic Patch Review</customfieldname>
                        <customfieldvalues>
                            <customfieldvalue><![CDATA[no_permission]]></customfieldvalue>

                        </customfieldvalues>
                    </customfield>
                                                                                                                                                                                                                                                                                                                                                                                                                                                                                                                                                                                                                    <customfield id="customfield_12310420" key="com.pyxis.greenhopper.jira:gh-global-rank">
                        <customfieldname>Global Rank</customfieldname>
                        <customfieldvalues>
                            <customfieldvalue>9223372036854775807</customfieldvalue>
                        </customfieldvalues>
                    </customfield>
                                                                                                                                                                                                                                        <customfield id="customfield_12312521" key="com.atlassian.jira.toolkit:LastCommentDate">
                        <customfieldname>Last public comment date</customfieldname>
                        <customfieldvalues>
                            18 weeks, 4 days ago
                        </customfieldvalues>
                    </customfield>
                                                                                                                                                                                                                                                                                                <customfield id="customfield_12311820" key="com.pyxis.greenhopper.jira:gh-lexo-rank">
                        <customfieldname>Rank</customfieldname>
                        <customfieldvalues>
                            <customfieldvalue>0|i2bgg7:</customfieldvalue>

                        </customfieldvalues>
                    </customfield>
                                                                <customfield id="customfield_12310920" key="com.pyxis.greenhopper.jira:gh-global-rank">
                        <customfieldname>Rank (Obsolete)</customfieldname>
                        <customfieldvalues>
                            <customfieldvalue>9223372036854775807</customfieldvalue>
                        </customfieldvalues>
                    </customfield>
                                                                                                                                                                                                                                                                                                                                                                                                                                                                                                                                                                                                                                                                                                                                                                                            </customfields>
    </item>
</channel>
</rss>