<!-- 
RSS generated by JIRA (8.20.10#820010-sha1:ace47f9899e9ee25d7157d59aa17ab06aee30d3d) at Wed Nov 12 07:14:00 UTC 2025

It is possible to restrict the fields that are returned in this document by specifying the 'field' parameter in your request.
For example, to request only the issue key and summary append 'field=key&field=summary' to the URL of your request.
-->
<rss version="0.92" >
<channel>
    <title>ASF Jira</title>
    <link>https://issues.apache.org/jira</link>
    <description>This file is an XML representation of an issue</description>
    <language>en-uk</language>    <build-info>
        <version>8.20.10</version>
        <build-number>820010</build-number>
        <build-date>22-06-2022</build-date>
    </build-info>


<item>
            <title>[SUREFIRE-1295] JVM crashes in forks do not log the name of the failing test</title>
                <link>https://issues.apache.org/jira/browse/SUREFIRE-1295</link>
                <project id="12317927" key="SUREFIRE">Maven Surefire (Moved to GitHub Issues)</project>
                    <description>&lt;p&gt;I am using Surefire to test code accessed through JNI. Sometimes this code will fail, crashing the JVM.&lt;/p&gt;

&lt;p&gt;We run these tests in parallel ( forkCount=1C and reuseForks=false ) and it&apos;s not always obvious from the logs, which test caused a JVM crash - and although a command line is printed out, the booter temp files are removed automatically.&lt;/p&gt;

&lt;p&gt;For example:&lt;/p&gt;

&lt;div class=&quot;code panel&quot; style=&quot;border-width: 1px;&quot;&gt;&lt;div class=&quot;codeContent panelContent&quot;&gt;
&lt;pre class=&quot;code-java&quot;&gt;[INFO] --- maven-surefire-plugin:2.19.1:test (&lt;span class=&quot;code-keyword&quot;&gt;default&lt;/span&gt;-test) @ crash-during-test ---

-------------------------------------------------------
 T E S T S
-------------------------------------------------------
Running junit44.environment.BasicTest

Results :

Tests run: 0, Failures: 0, Errors: 0, Skipped: 0

[INFO] ------------------------------------------------------------------------
[INFO] BUILD FAILURE
[INFO] ------------------------------------------------------------------------
[INFO] Total time: 1.337 s
[INFO] Finished at: 2016-10-26T21:56:45+01:00
[INFO] Final Memory: 19M/451M
[INFO] ------------------------------------------------------------------------
[ERROR] Failed to execute goal org.apache.maven.plugins:maven-surefire-plugin:2.19.1:test (&lt;span class=&quot;code-keyword&quot;&gt;default&lt;/span&gt;-test) on project crash-during-test: Execution &lt;span class=&quot;code-keyword&quot;&gt;default&lt;/span&gt;-test of goal org.apache.maven.plugins:maven-surefire-plugin:2.19.1:test failed: The forked VM terminated without properly saying goodbye. VM crash or &lt;span class=&quot;code-object&quot;&gt;System&lt;/span&gt;.exit called?
[ERROR] Command was /bin/sh -c cd /home/mtandy/Documents/surefire-vmcrash/maven-surefire/surefire-integration-tests/src/test/resources/crash-during-test &amp;amp;&amp;amp; /usr/lib/jvm/java-8-oracle/jre/bin/java -jar /home/mtandy/Documents/surefire-vmcrash/maven-surefire/surefire-integration-tests/src/test/resources/crash-during-test/target/surefire/surefirebooter5241184363018251498.jar /home/mtandy/Documents/surefire-vmcrash/maven-surefire/surefire-integration-tests/src/test/resources/crash-during-test/target/surefire/surefire8973747106178765373tmp /home/mtandy/Documents/surefire-vmcrash/maven-surefire/surefire-integration-tests/src/test/resources/crash-during-test/target/surefire/surefire_01102526888161398167tmp
[ERROR] -&amp;gt; [Help 1]
[ERROR] 
[ERROR] To see the full stack trace of the errors, re-run Maven with the -e &lt;span class=&quot;code-keyword&quot;&gt;switch&lt;/span&gt;.
[ERROR] Re-run Maven using the -X &lt;span class=&quot;code-keyword&quot;&gt;switch&lt;/span&gt; to enable full debug logging.
[ERROR] 
[ERROR] For more information about the errors and possible solutions, please read the following articles:
[ERROR] [Help 1] http:&lt;span class=&quot;code-comment&quot;&gt;//cwiki.apache.org/confluence/display/MAVEN/PluginExecutionException&lt;/span&gt;
&lt;/pre&gt;
&lt;/div&gt;&lt;/div&gt;

&lt;p&gt;The situation could be improved if such crashes more closely resembled other test errors - such as by logging the test that was in progress when the crash happened.&lt;/p&gt;</description>
                <environment></environment>
        <key id="13015589">SUREFIRE-1295</key>
            <summary>JVM crashes in forks do not log the name of the failing test</summary>
                <type id="1" iconUrl="https://issues.apache.org/jira/secure/viewavatar?size=xsmall&amp;avatarId=21133&amp;avatarType=issuetype">Bug</type>
                                            <priority id="3" iconUrl="https://issues.apache.org/jira/images/icons/priorities/major.svg">Major</priority>
                        <status id="6" iconUrl="https://issues.apache.org/jira/images/icons/statuses/closed.png" description="The issue is considered finished, the resolution is correct. Issues which are not closed can be reopened.">Closed</status>
                    <statusCategory id="3" key="done" colorName="green"/>
                                    <resolution id="1">Fixed</resolution>
                                        <assignee username="tibordigana">Tibor Digana</assignee>
                                    <reporter username="michaeltandy">Michael Tandy</reporter>
                        <labels>
                    </labels>
                <created>Wed, 26 Oct 2016 21:18:43 +0000</created>
                <updated>Fri, 4 Jul 2025 07:26:48 +0000</updated>
                            <resolved>Wed, 30 Nov 2016 22:25:38 +0000</resolved>
                                    <version>2.19.1</version>
                                    <fixVersion>2.20</fixVersion>
                                    <component>Maven Surefire Plugin</component>
                        <due></due>
                            <votes>0</votes>
                                    <watches>7</watches>
                                                                                                                <comments>
                            <comment id="15609865" author="githubbot" created="Wed, 26 Oct 2016 22:20:04 +0000"  >&lt;p&gt;GitHub user michaeltandy opened a pull request:&lt;/p&gt;

&lt;p&gt;    &lt;a href=&quot;https://github.com/apache/maven-surefire/pull/130&quot; class=&quot;external-link&quot; target=&quot;_blank&quot; rel=&quot;nofollow noopener&quot;&gt;https://github.com/apache/maven-surefire/pull/130&lt;/a&gt;&lt;/p&gt;

&lt;p&gt;    &lt;a href=&quot;https://issues.apache.org/jira/browse/SUREFIRE-1295&quot; title=&quot;JVM crashes in forks do not log the name of the failing test&quot; class=&quot;issue-link&quot; data-issue-key=&quot;SUREFIRE-1295&quot;&gt;&lt;del&gt;SUREFIRE-1295&lt;/del&gt;&lt;/a&gt; Attribute JVM crashes to tests&lt;/p&gt;

&lt;p&gt;    As explained in &lt;a href=&quot;https://issues.apache.org/jira/browse/SUREFIRE-1295&quot; title=&quot;JVM crashes in forks do not log the name of the failing test&quot; class=&quot;issue-link&quot; data-issue-key=&quot;SUREFIRE-1295&quot;&gt;&lt;del&gt;SUREFIRE-1295&lt;/del&gt;&lt;/a&gt;(&lt;a href=&quot;https://issues.apache.org/jira/browse/SUREFIRE-1295&quot; class=&quot;external-link&quot; rel=&quot;nofollow&quot;&gt;https://issues.apache.org/jira/browse/SUREFIRE-1295&lt;/a&gt;) it&apos;s a source of some inconvenience to me that, if a test crashes the forked JVM, there isn&apos;t clear logging of which test, if any, was running at the time of the crash.&lt;/p&gt;

&lt;p&gt;    This change makes JVM crash handling more like the handling of other errors, adding the JVM-crashing test to the count of Errors and the list of Tests in error.&lt;/p&gt;

&lt;p&gt;    Here&apos;s the log output before the patch, from version 2.19.1&lt;/p&gt;

&lt;p&gt;    ```&lt;br/&gt;
    &lt;span class=&quot;error&quot;&gt;&amp;#91;INFO&amp;#93;&lt;/span&gt; &amp;#8212; maven-surefire-plugin:2.19.1:test (default-test) @ crash-during-test &amp;#8212;&lt;/p&gt;

&lt;p&gt;    -------------------------------------------------------&lt;br/&gt;
     T E S T S&lt;br/&gt;
    -------------------------------------------------------&lt;br/&gt;
    Running junit44.environment.BasicTest&lt;br/&gt;
    Running junit44.environment.SomeOtherTest&lt;br/&gt;
    Tests run: 1, Failures: 0, Errors: 0, Skipped: 0, Time elapsed: 0.027 sec - in junit44.environment.SomeOtherTest&lt;/p&gt;

&lt;p&gt;    Results :&lt;/p&gt;

&lt;p&gt;    Tests run: 1, Failures: 0, Errors: 0, Skipped: 0&lt;/p&gt;

&lt;p&gt;    &lt;span class=&quot;error&quot;&gt;&amp;#91;INFO&amp;#93;&lt;/span&gt; ------------------------------------------------------------------------&lt;br/&gt;
    &lt;span class=&quot;error&quot;&gt;&amp;#91;INFO&amp;#93;&lt;/span&gt; BUILD FAILURE&lt;br/&gt;
    &lt;span class=&quot;error&quot;&gt;&amp;#91;INFO&amp;#93;&lt;/span&gt; ------------------------------------------------------------------------&lt;br/&gt;
    &lt;span class=&quot;error&quot;&gt;&amp;#91;INFO&amp;#93;&lt;/span&gt; Total time: 2.149 s&lt;br/&gt;
    &lt;span class=&quot;error&quot;&gt;&amp;#91;INFO&amp;#93;&lt;/span&gt; Finished at: 2016-10-26T23:12:07+01:00&lt;br/&gt;
    &lt;span class=&quot;error&quot;&gt;&amp;#91;INFO&amp;#93;&lt;/span&gt; Final Memory: 19M/454M&lt;br/&gt;
    &lt;span class=&quot;error&quot;&gt;&amp;#91;INFO&amp;#93;&lt;/span&gt; ------------------------------------------------------------------------&lt;br/&gt;
    &lt;span class=&quot;error&quot;&gt;&amp;#91;ERROR&amp;#93;&lt;/span&gt; Failed to execute goal org.apache.maven.plugins:maven-surefire-plugin:2.19.1:test (default-test) on project crash-during-test: ExecutionException The forked VM terminated without properly saying goodbye. VM crash or System.exit called?&lt;br/&gt;
    &lt;span class=&quot;error&quot;&gt;&amp;#91;ERROR&amp;#93;&lt;/span&gt; Command was /bin/sh -c cd /home/mtandy/Documents/surefire-vmcrash/maven-surefire/surefire-integration-tests/src/test/resources/crash-during-test &amp;amp;&amp;amp; /usr/lib/jvm/java-8-oracle/jre/bin/java -jar /home/mtandy/Documents/surefire-vmcrash/maven-surefire/surefire-integration-tests/src/test/resources/crash-during-test/target/surefire/surefirebooter1367113935938691280.jar /home/mtandy/Documents/surefire-vmcrash/maven-surefire/surefire-integration-tests/src/test/resources/crash-during-test/target/surefire/surefire6487093419506274719tmp /home/mtandy/Documents/surefire-vmcrash/maven-surefire/surefire-integration-tests/src/test/resources/crash-during-test/target/surefire/surefire_04459111308039624275tmp&lt;br/&gt;
    &lt;span class=&quot;error&quot;&gt;&amp;#91;ERROR&amp;#93;&lt;/span&gt; -&amp;gt; &lt;span class=&quot;error&quot;&gt;&amp;#91;Help 1&amp;#93;&lt;/span&gt;&lt;br/&gt;
    &lt;span class=&quot;error&quot;&gt;&amp;#91;ERROR&amp;#93;&lt;/span&gt; &lt;br/&gt;
    &lt;span class=&quot;error&quot;&gt;&amp;#91;ERROR&amp;#93;&lt;/span&gt; To see the full stack trace of the errors, re-run Maven with the -e switch.&lt;br/&gt;
    &lt;span class=&quot;error&quot;&gt;&amp;#91;ERROR&amp;#93;&lt;/span&gt; Re-run Maven using the -X switch to enable full debug logging.&lt;br/&gt;
    &lt;span class=&quot;error&quot;&gt;&amp;#91;ERROR&amp;#93;&lt;/span&gt; &lt;br/&gt;
    &lt;span class=&quot;error&quot;&gt;&amp;#91;ERROR&amp;#93;&lt;/span&gt; For more information about the errors and possible solutions, please read the following articles:&lt;br/&gt;
    &lt;span class=&quot;error&quot;&gt;&amp;#91;ERROR&amp;#93;&lt;/span&gt; &lt;span class=&quot;error&quot;&gt;&amp;#91;Help 1&amp;#93;&lt;/span&gt; &lt;a href=&quot;http://cwiki.apache.org/confluence/display/MAVEN/MojoFailureException&quot; class=&quot;external-link&quot; target=&quot;_blank&quot; rel=&quot;nofollow noopener&quot;&gt;http://cwiki.apache.org/confluence/display/MAVEN/MojoFailureException&lt;/a&gt;&lt;br/&gt;
    ```&lt;/p&gt;

&lt;p&gt;    Here is the log output for the same tests, after applying this patch:&lt;/p&gt;

&lt;p&gt;    ```&lt;br/&gt;
    &lt;span class=&quot;error&quot;&gt;&amp;#91;INFO&amp;#93;&lt;/span&gt; &amp;#8212; maven-surefire-plugin:2.19.2-SNAPSHOT:test (default-test) @ crash-during-test &amp;#8212;&lt;br/&gt;
    &lt;span class=&quot;error&quot;&gt;&amp;#91;INFO&amp;#93;&lt;/span&gt; &lt;br/&gt;
    &lt;span class=&quot;error&quot;&gt;&amp;#91;INFO&amp;#93;&lt;/span&gt; -------------------------------------------------------&lt;br/&gt;
    &lt;span class=&quot;error&quot;&gt;&amp;#91;INFO&amp;#93;&lt;/span&gt;  T E S T S&lt;br/&gt;
    &lt;span class=&quot;error&quot;&gt;&amp;#91;INFO&amp;#93;&lt;/span&gt; -------------------------------------------------------&lt;br/&gt;
    &lt;span class=&quot;error&quot;&gt;&amp;#91;INFO&amp;#93;&lt;/span&gt; Running junit44.environment.BasicTest&lt;br/&gt;
    &lt;span class=&quot;error&quot;&gt;&amp;#91;WARNING&amp;#93;&lt;/span&gt; Missing goodbye handling engaged.&lt;br/&gt;
    &lt;span class=&quot;error&quot;&gt;&amp;#91;ERROR&amp;#93;&lt;/span&gt; Tests run: 1, Failures: 0, Errors: 1, Skipped: 0, Time elapsed: 0.035 s &amp;lt;&amp;lt;&amp;lt; FAILURE! - in testCrashJvm(junit44.environment.BasicTest)&lt;br/&gt;
    &lt;span class=&quot;error&quot;&gt;&amp;#91;ERROR&amp;#93;&lt;/span&gt; testCrashJvm(junit44.environment.BasicTest)  Time elapsed: 0.018 s  &amp;lt;&amp;lt;&amp;lt; ERROR!&lt;br/&gt;
    null&lt;br/&gt;
    &lt;span class=&quot;error&quot;&gt;&amp;#91;ERROR&amp;#93;&lt;/span&gt; The forked VM terminated without properly saying goodbye. VM crash or System.exit called?&lt;br/&gt;
    Command was /bin/sh -c cd /home/mtandy/Documents/surefire-vmcrash/maven-surefire/surefire-integration-tests/src/test/resources/crash-during-test &amp;amp;&amp;amp; /usr/lib/jvm/java-8-oracle/jre/bin/java -jar /home/mtandy/Documents/surefire-vmcrash/maven-surefire/surefire-integration-tests/src/test/resources/crash-during-test/target/surefire/surefirebooter4848491891931563261.jar /home/mtandy/Documents/surefire-vmcrash/maven-surefire/surefire-integration-tests/src/test/resources/crash-during-test/target/surefire/surefire1002822166442627824tmp /home/mtandy/Documents/surefire-vmcrash/maven-surefire/surefire-integration-tests/src/test/resources/crash-during-test/target/surefire/surefire_07708768178699511150tmp&lt;br/&gt;
    Exit code was 66&lt;br/&gt;
    Tests were running at the time.&lt;br/&gt;
    &lt;span class=&quot;error&quot;&gt;&amp;#91;INFO&amp;#93;&lt;/span&gt; Running junit44.environment.SomeOtherTest&lt;br/&gt;
    &lt;span class=&quot;error&quot;&gt;&amp;#91;INFO&amp;#93;&lt;/span&gt; Tests run: 1, Failures: 0, Errors: 0, Skipped: 0, Time elapsed: 0.023 s - in junit44.environment.SomeOtherTest&lt;br/&gt;
    &lt;span class=&quot;error&quot;&gt;&amp;#91;INFO&amp;#93;&lt;/span&gt; &lt;br/&gt;
    &lt;span class=&quot;error&quot;&gt;&amp;#91;INFO&amp;#93;&lt;/span&gt; Results:&lt;br/&gt;
    &lt;span class=&quot;error&quot;&gt;&amp;#91;INFO&amp;#93;&lt;/span&gt; &lt;br/&gt;
    &lt;span class=&quot;error&quot;&gt;&amp;#91;ERROR&amp;#93;&lt;/span&gt; Tests in error: &lt;br/&gt;
    &lt;span class=&quot;error&quot;&gt;&amp;#91;ERROR&amp;#93;&lt;/span&gt;   junit44.environment.BasicTest.testCrashJvm(junit44.environment.BasicTest)&lt;br/&gt;
    &lt;span class=&quot;error&quot;&gt;&amp;#91;INFO&amp;#93;&lt;/span&gt; &lt;br/&gt;
    &lt;span class=&quot;error&quot;&gt;&amp;#91;ERROR&amp;#93;&lt;/span&gt; Tests run: 2, Failures: 0, Errors: 1, Skipped: 0&lt;br/&gt;
    &lt;span class=&quot;error&quot;&gt;&amp;#91;INFO&amp;#93;&lt;/span&gt; &lt;br/&gt;
    &lt;span class=&quot;error&quot;&gt;&amp;#91;INFO&amp;#93;&lt;/span&gt; ------------------------------------------------------------------------&lt;br/&gt;
    &lt;span class=&quot;error&quot;&gt;&amp;#91;INFO&amp;#93;&lt;/span&gt; BUILD FAILURE&lt;br/&gt;
    &lt;span class=&quot;error&quot;&gt;&amp;#91;INFO&amp;#93;&lt;/span&gt; ------------------------------------------------------------------------&lt;br/&gt;
    &lt;span class=&quot;error&quot;&gt;&amp;#91;INFO&amp;#93;&lt;/span&gt; Total time: 1.699 s&lt;br/&gt;
    &lt;span class=&quot;error&quot;&gt;&amp;#91;INFO&amp;#93;&lt;/span&gt; Finished at: 2016-10-26T23:15:11+01:00&lt;br/&gt;
    &lt;span class=&quot;error&quot;&gt;&amp;#91;INFO&amp;#93;&lt;/span&gt; Final Memory: 19M/446M&lt;br/&gt;
    &lt;span class=&quot;error&quot;&gt;&amp;#91;INFO&amp;#93;&lt;/span&gt; ------------------------------------------------------------------------&lt;br/&gt;
    &lt;span class=&quot;error&quot;&gt;&amp;#91;ERROR&amp;#93;&lt;/span&gt; Failed to execute goal org.apache.maven.plugins:maven-surefire-plugin:2.19.2-SNAPSHOT:test (default-test) on project crash-during-test: There are test failures.&lt;br/&gt;
    &lt;span class=&quot;error&quot;&gt;&amp;#91;ERROR&amp;#93;&lt;/span&gt; &lt;br/&gt;
    &lt;span class=&quot;error&quot;&gt;&amp;#91;ERROR&amp;#93;&lt;/span&gt; Please refer to /home/mtandy/Documents/surefire-vmcrash/maven-surefire/surefire-integration-tests/src/test/resources/crash-during-test/target/surefire-reports for the individual test results.&lt;br/&gt;
    &lt;span class=&quot;error&quot;&gt;&amp;#91;ERROR&amp;#93;&lt;/span&gt; -&amp;gt; &lt;span class=&quot;error&quot;&gt;&amp;#91;Help 1&amp;#93;&lt;/span&gt;&lt;br/&gt;
    &lt;span class=&quot;error&quot;&gt;&amp;#91;ERROR&amp;#93;&lt;/span&gt; &lt;br/&gt;
    &lt;span class=&quot;error&quot;&gt;&amp;#91;ERROR&amp;#93;&lt;/span&gt; To see the full stack trace of the errors, re-run Maven with the -e switch.&lt;br/&gt;
    &lt;span class=&quot;error&quot;&gt;&amp;#91;ERROR&amp;#93;&lt;/span&gt; Re-run Maven using the -X switch to enable full debug logging.&lt;br/&gt;
    &lt;span class=&quot;error&quot;&gt;&amp;#91;ERROR&amp;#93;&lt;/span&gt; &lt;br/&gt;
    &lt;span class=&quot;error&quot;&gt;&amp;#91;ERROR&amp;#93;&lt;/span&gt; For more information about the errors and possible solutions, please read the following articles:&lt;br/&gt;
    &lt;span class=&quot;error&quot;&gt;&amp;#91;ERROR&amp;#93;&lt;/span&gt; &lt;span class=&quot;error&quot;&gt;&amp;#91;Help 1&amp;#93;&lt;/span&gt; &lt;a href=&quot;http://cwiki.apache.org/confluence/display/MAVEN/MojoFailureException&quot; class=&quot;external-link&quot; target=&quot;_blank&quot; rel=&quot;nofollow noopener&quot;&gt;http://cwiki.apache.org/confluence/display/MAVEN/MojoFailureException&lt;/a&gt;&lt;br/&gt;
    ```&lt;/p&gt;

&lt;p&gt;You can merge this pull request into a Git repository by running:&lt;/p&gt;

&lt;p&gt;    $ git pull &lt;a href=&quot;https://github.com/michaeltandy/maven-surefire&quot; class=&quot;external-link&quot; target=&quot;_blank&quot; rel=&quot;nofollow noopener&quot;&gt;https://github.com/michaeltandy/maven-surefire&lt;/a&gt; attribute-jvm-crashes-to-tests&lt;/p&gt;

&lt;p&gt;Alternatively you can review and apply these changes as the patch at:&lt;/p&gt;

&lt;p&gt;    &lt;a href=&quot;https://github.com/apache/maven-surefire/pull/130.patch&quot; class=&quot;external-link&quot; target=&quot;_blank&quot; rel=&quot;nofollow noopener&quot;&gt;https://github.com/apache/maven-surefire/pull/130.patch&lt;/a&gt;&lt;/p&gt;

&lt;p&gt;To close this pull request, make a commit to your master/trunk branch&lt;br/&gt;
with (at least) the following in the commit message:&lt;/p&gt;

&lt;p&gt;    This closes #130&lt;/p&gt;

&lt;hr /&gt;
&lt;p&gt;commit bdfecaf38892b4b37b309f158e69e24a5e16d1cc&lt;br/&gt;
Author: mtandy &amp;lt;mtandy@mtandy-desktop&amp;gt;&lt;br/&gt;
Date:   2016-10-26T19:31:59Z&lt;/p&gt;

&lt;p&gt;    If the JVM crashes during a test, report which test was running at the time of the failure.&lt;/p&gt;

&lt;p&gt;commit af2504ff328b463ea2954bacbd0eeaa7a89c4a1b&lt;br/&gt;
Author: mtandy &amp;lt;mtandy@mtandy-desktop&amp;gt;&lt;br/&gt;
Date:   2016-10-26T20:48:40Z&lt;/p&gt;

&lt;p&gt;    Integration test for JVM crash attribution&lt;/p&gt;

&lt;p&gt;commit 98493ae91beee948d8f5cb0326e6c3e22c3c5471&lt;br/&gt;
Author: mtandy &amp;lt;mtandy@mtandy-desktop&amp;gt;&lt;br/&gt;
Date:   2016-10-26T21:12:37Z&lt;/p&gt;

&lt;p&gt;    Remove commented out code, re-enable style checkers&lt;/p&gt;

&lt;p&gt;commit 10ce092e1015486f7c838b2b320aaf3e5bde1edc&lt;br/&gt;
Author: mtandy &amp;lt;mtandy@mtandy-desktop&amp;gt;&lt;br/&gt;
Date:   2016-10-26T22:06:09Z&lt;/p&gt;

&lt;p&gt;    When forks aren&apos;t being reused, check other tests still run.&lt;/p&gt;

&lt;p&gt;commit 93d96f769dca5e12c15bb9b75e7452372e38811e&lt;br/&gt;
Author: mtandy &amp;lt;mtandy@mtandy-desktop&amp;gt;&lt;br/&gt;
Date:   2016-10-26T22:08:00Z&lt;/p&gt;

&lt;p&gt;    Merge remote-tracking branch &apos;origin/master&apos; into attribute-jvm-crashes-to-tests&lt;/p&gt;

&lt;hr /&gt;</comment>
                            <comment id="15609951" author="michaeltandy" created="Wed, 26 Oct 2016 22:56:27 +0000"  >&lt;p&gt;Setting patch flag, to reflect existence of github merge request.&lt;/p&gt;</comment>
                            <comment id="15671678" author="tibor17" created="Wed, 16 Nov 2016 21:21:24 +0000"  >&lt;p&gt;&lt;a href=&quot;https://issues.apache.org/jira/secure/ViewProfile.jspa?name=michaeltandy&quot; class=&quot;user-hover&quot; rel=&quot;michaeltandy&quot;&gt;michaeltandy&lt;/a&gt;&lt;br/&gt;
The PR is too big.&lt;br/&gt;
I would pay an attention to the PR #130 if it could be much smaller change with single commit.&lt;br/&gt;
Are your tests platform independent? The JVM report is not.&lt;/p&gt;</comment>
                            <comment id="15671978" author="michaeltandy" created="Wed, 16 Nov 2016 22:57:06 +0000"  >&lt;p&gt;Thanks for taking the time to look at my PR, &lt;a href=&quot;https://issues.apache.org/jira/secure/ViewProfile.jspa?name=tibor17&quot; class=&quot;user-hover&quot; rel=&quot;tibor17&quot;&gt;tibor17&lt;/a&gt;&lt;/p&gt;

&lt;p&gt;The tests should be platform-independent between Windows, OS X and Linux on x86. Naturally, you&apos;ll get a different reported command line and exit code.&lt;/p&gt;

&lt;p&gt;How would you suggest I make the PR smaller? Do you mean you want fewer lines or files? I could roll the tests up into CrashDetectionIT if you prefer.&lt;/p&gt;</comment>
                            <comment id="15703338" author="githubbot" created="Mon, 28 Nov 2016 22:29:36 +0000"  >&lt;p&gt;GitHub user Tibor17 opened a pull request:&lt;/p&gt;

&lt;p&gt;    &lt;a href=&quot;https://github.com/apache/maven-surefire/pull/136&quot; class=&quot;external-link&quot; target=&quot;_blank&quot; rel=&quot;nofollow noopener&quot;&gt;https://github.com/apache/maven-surefire/pull/136&lt;/a&gt;&lt;/p&gt;

&lt;p&gt;    &lt;a href=&quot;https://issues.apache.org/jira/browse/SUREFIRE-1295&quot; title=&quot;JVM crashes in forks do not log the name of the failing test&quot; class=&quot;issue-link&quot; data-issue-key=&quot;SUREFIRE-1295&quot;&gt;&lt;del&gt;SUREFIRE-1295&lt;/del&gt;&lt;/a&gt; Attribute JVM crashes to tests&lt;/p&gt;

&lt;p&gt;    I have 4 tests ATest.java .. DTest.java, and CTest fails like this:&lt;/p&gt;

&lt;p&gt;    ```&lt;br/&gt;
    @Test&lt;br/&gt;
        public void x() &lt;/p&gt;
{
            Runtime.getRuntime().halt( 0 );
        }
&lt;p&gt;    ```&lt;br/&gt;
    Here is the result, see &quot;Crashed tests&quot;.&lt;br/&gt;
    ```&lt;br/&gt;
    &lt;span class=&quot;error&quot;&gt;&amp;#91;ERROR&amp;#93;&lt;/span&gt; Failed to execute goal org.apache.maven.plugins:maven-surefire-plugin:2.19.2-SNAPSHOT:test (default-test) on project b: Execution default-test of goal org.apache.maven.plugins:maven-surefire-plugin:2.19.2-SNAPSHOT:test failed: The forked VM terminated without properly saying goodbye. VM crash or System.exit called?&lt;br/&gt;
    &lt;span class=&quot;error&quot;&gt;&amp;#91;ERROR&amp;#93;&lt;/span&gt; Command was cmd.exe /X /C &quot;&quot;D:\Program Files\Java\jdk1.8.0_112\jre\bin\java&quot; -jar D:\vcs\zmaz6\target\surefire\surefirebooter8109843199172464014.jar D:\vcs\zmaz6\target\surefire\surefire4550764212193522341tmp D:\vcs\zmaz6\target\surefire\surefire_07316673656092271862tmp&quot;&lt;br/&gt;
    &lt;span class=&quot;error&quot;&gt;&amp;#91;ERROR&amp;#93;&lt;/span&gt; Process Exit Code: 0&lt;br/&gt;
    &lt;span class=&quot;error&quot;&gt;&amp;#91;ERROR&amp;#93;&lt;/span&gt; Crashed tests:&lt;br/&gt;
    &lt;span class=&quot;error&quot;&gt;&amp;#91;ERROR&amp;#93;&lt;/span&gt; pkg.CTest&lt;br/&gt;
    &lt;span class=&quot;error&quot;&gt;&amp;#91;ERROR&amp;#93;&lt;/span&gt; -&amp;gt; &lt;span class=&quot;error&quot;&gt;&amp;#91;Help 1&amp;#93;&lt;/span&gt;&lt;br/&gt;
    ```&lt;/p&gt;

&lt;p&gt;You can merge this pull request into a Git repository by running:&lt;/p&gt;

&lt;p&gt;    $ git pull &lt;a href=&quot;https://github.com/Tibor17/maven-surefire&quot; class=&quot;external-link&quot; target=&quot;_blank&quot; rel=&quot;nofollow noopener&quot;&gt;https://github.com/Tibor17/maven-surefire&lt;/a&gt; &lt;a href=&quot;https://issues.apache.org/jira/browse/SUREFIRE-1295&quot; title=&quot;JVM crashes in forks do not log the name of the failing test&quot; class=&quot;issue-link&quot; data-issue-key=&quot;SUREFIRE-1295&quot;&gt;&lt;del&gt;SUREFIRE-1295&lt;/del&gt;&lt;/a&gt;&lt;/p&gt;

&lt;p&gt;Alternatively you can review and apply these changes as the patch at:&lt;/p&gt;

&lt;p&gt;    &lt;a href=&quot;https://github.com/apache/maven-surefire/pull/136.patch&quot; class=&quot;external-link&quot; target=&quot;_blank&quot; rel=&quot;nofollow noopener&quot;&gt;https://github.com/apache/maven-surefire/pull/136.patch&lt;/a&gt;&lt;/p&gt;

&lt;p&gt;To close this pull request, make a commit to your master/trunk branch&lt;br/&gt;
with (at least) the following in the commit message:&lt;/p&gt;

&lt;p&gt;    This closes #136&lt;/p&gt;

&lt;hr /&gt;
&lt;p&gt;commit 364b0c9e8ae56916f0b9aead2a26f07ed57befca&lt;br/&gt;
Author: Tibor17 &amp;lt;tibor17@lycos.com&amp;gt;&lt;br/&gt;
Date:   2016-11-28T22:16:20Z&lt;/p&gt;

&lt;p&gt;    &lt;a href=&quot;https://issues.apache.org/jira/browse/SUREFIRE-1295&quot; title=&quot;JVM crashes in forks do not log the name of the failing test&quot; class=&quot;issue-link&quot; data-issue-key=&quot;SUREFIRE-1295&quot;&gt;&lt;del&gt;SUREFIRE-1295&lt;/del&gt;&lt;/a&gt; Attribute JVM crashes to tests&lt;/p&gt;

&lt;hr /&gt;</comment>
                            <comment id="15703343" author="githubbot" created="Mon, 28 Nov 2016 22:30:53 +0000"  >&lt;p&gt;Github user Tibor17 commented on the issue:&lt;/p&gt;

&lt;p&gt;    &lt;a href=&quot;https://github.com/apache/maven-surefire/pull/130&quot; class=&quot;external-link&quot; target=&quot;_blank&quot; rel=&quot;nofollow noopener&quot;&gt;https://github.com/apache/maven-surefire/pull/130&lt;/a&gt;&lt;/p&gt;

&lt;p&gt;    @michaeltandy &lt;br/&gt;
    I was inspired by your PR. Can you make a code review &lt;a href=&quot;https://github.com/apache/maven-surefire/pull/136?&quot; class=&quot;external-link&quot; target=&quot;_blank&quot; rel=&quot;nofollow noopener&quot;&gt;https://github.com/apache/maven-surefire/pull/136?&lt;/a&gt;&lt;br/&gt;
    I would like to run all IT tests and include yours.&lt;/p&gt;</comment>
                            <comment id="15703484" author="githubbot" created="Mon, 28 Nov 2016 23:25:39 +0000"  >&lt;p&gt;Github user michaeltandy commented on the issue:&lt;/p&gt;

&lt;p&gt;    &lt;a href=&quot;https://github.com/apache/maven-surefire/pull/136&quot; class=&quot;external-link&quot; target=&quot;_blank&quot; rel=&quot;nofollow noopener&quot;&gt;https://github.com/apache/maven-surefire/pull/136&lt;/a&gt;&lt;/p&gt;

&lt;p&gt;    I&apos;ve checked this against my integration test, and it looks OK to me.&lt;/p&gt;

&lt;p&gt;    My change reported which test method was running at the time of the crash, rather than reporting only the class but for my application that doesn&apos;t matter as most of our test classes contain a single test method.&lt;/p&gt;

&lt;p&gt;    If you want to merge my integration test into this, I pushed it to &lt;a href=&quot;https://github.com/michaeltandy/maven-surefire/tree/SUREFIRE-1295-tests-for-Tibor17&quot; class=&quot;external-link&quot; target=&quot;_blank&quot; rel=&quot;nofollow noopener&quot;&gt;https://github.com/michaeltandy/maven-surefire/tree/SUREFIRE-1295-tests-for-Tibor17&lt;/a&gt;&lt;/p&gt;</comment>
                            <comment id="15708122" author="githubbot" created="Wed, 30 Nov 2016 10:03:20 +0000"  >&lt;p&gt;Github user Tibor17 commented on the issue:&lt;/p&gt;

&lt;p&gt;    &lt;a href=&quot;https://github.com/apache/maven-surefire/pull/136&quot; class=&quot;external-link&quot; target=&quot;_blank&quot; rel=&quot;nofollow noopener&quot;&gt;https://github.com/apache/maven-surefire/pull/136&lt;/a&gt;&lt;/p&gt;

&lt;p&gt;    @michaeltandy &lt;br/&gt;
    I will use your test but meanwhile I would like to avoid channelId used in ForckClient because channelId is obsolete and ForkClient is used per for/thread and therefore cannot use more than one channel.&lt;/p&gt;</comment>
                            <comment id="15708441" author="githubbot" created="Wed, 30 Nov 2016 12:23:41 +0000"  >&lt;p&gt;Github user michaeltandy commented on the issue:&lt;/p&gt;

&lt;p&gt;    &lt;a href=&quot;https://github.com/apache/maven-surefire/pull/136&quot; class=&quot;external-link&quot; target=&quot;_blank&quot; rel=&quot;nofollow noopener&quot;&gt;https://github.com/apache/maven-surefire/pull/136&lt;/a&gt;&lt;/p&gt;

&lt;p&gt;    Back when I wrote my patch I didn&apos;t realise channelId was obsolete. If you want to get rid of it that&apos;s fine with me - I&apos;m certainly not using it.&lt;/p&gt;</comment>
                            <comment id="15709990" author="githubbot" created="Wed, 30 Nov 2016 22:22:49 +0000"  >&lt;p&gt;Github user asfgit closed the pull request at:&lt;/p&gt;

&lt;p&gt;    &lt;a href=&quot;https://github.com/apache/maven-surefire/pull/136&quot; class=&quot;external-link&quot; target=&quot;_blank&quot; rel=&quot;nofollow noopener&quot;&gt;https://github.com/apache/maven-surefire/pull/136&lt;/a&gt;&lt;/p&gt;</comment>
                            <comment id="15710001" author="tibor17" created="Wed, 30 Nov 2016 22:25:38 +0000"  >&lt;p&gt;&lt;a href=&quot;https://git-wip-us.apache.org/repos/asf?p=maven-surefire.git;a=commit;h=364b0c9e8ae56916f0b9aead2a26f07ed57befca&quot; class=&quot;external-link&quot; target=&quot;_blank&quot; rel=&quot;nofollow noopener&quot;&gt;https://git-wip-us.apache.org/repos/asf?p=maven-surefire.git;a=commit;h=364b0c9e8ae56916f0b9aead2a26f07ed57befca&lt;/a&gt;&lt;/p&gt;

&lt;p&gt;&lt;a href=&quot;https://git-wip-us.apache.org/repos/asf?p=maven-surefire.git;a=commit;h=9272881e6e8228504b3a3bc35a2d3f0c9f171c35&quot; class=&quot;external-link&quot; target=&quot;_blank&quot; rel=&quot;nofollow noopener&quot;&gt;https://git-wip-us.apache.org/repos/asf?p=maven-surefire.git;a=commit;h=9272881e6e8228504b3a3bc35a2d3f0c9f171c35&lt;/a&gt;&lt;/p&gt;

&lt;p&gt;&lt;a href=&quot;https://git-wip-us.apache.org/repos/asf?p=maven-surefire.git;a=commit;h=648c967171bb94c262c15fc5393ba813c313cdfb&quot; class=&quot;external-link&quot; target=&quot;_blank&quot; rel=&quot;nofollow noopener&quot;&gt;https://git-wip-us.apache.org/repos/asf?p=maven-surefire.git;a=commit;h=648c967171bb94c262c15fc5393ba813c313cdfb&lt;/a&gt;&lt;/p&gt;</comment>
                            <comment id="15710146" author="hudson" created="Wed, 30 Nov 2016 23:10:04 +0000"  >&lt;p&gt;SUCCESS: Integrated in Jenkins build maven-surefire #1646 (See &lt;a href=&quot;https://builds.apache.org/job/maven-surefire/1646/&quot; class=&quot;external-link&quot; target=&quot;_blank&quot; rel=&quot;nofollow noopener&quot;&gt;https://builds.apache.org/job/maven-surefire/1646/&lt;/a&gt;)&lt;br/&gt;
&lt;a href=&quot;https://issues.apache.org/jira/browse/SUREFIRE-1295&quot; title=&quot;JVM crashes in forks do not log the name of the failing test&quot; class=&quot;issue-link&quot; data-issue-key=&quot;SUREFIRE-1295&quot;&gt;&lt;del&gt;SUREFIRE-1295&lt;/del&gt;&lt;/a&gt; Attribute JVM crashes to tests (tibor17: rev 364b0c9e8ae56916f0b9aead2a26f07ed57befca)&lt;/p&gt;
&lt;ul&gt;
	&lt;li&gt;(edit) maven-surefire-common/src/main/java/org/apache/maven/plugin/surefire/booterclient/ForkStarter.java&lt;/li&gt;
	&lt;li&gt;(edit) maven-surefire-common/src/main/java/org/apache/maven/plugin/surefire/booterclient/output/ForkClient.java&lt;/li&gt;
&lt;/ul&gt;
</comment>
                            <comment id="15713923" author="githubbot" created="Fri, 2 Dec 2016 03:46:40 +0000"  >&lt;p&gt;Github user Tibor17 commented on the issue:&lt;/p&gt;

&lt;p&gt;    &lt;a href=&quot;https://github.com/apache/maven-surefire/pull/130&quot; class=&quot;external-link&quot; target=&quot;_blank&quot; rel=&quot;nofollow noopener&quot;&gt;https://github.com/apache/maven-surefire/pull/130&lt;/a&gt;&lt;/p&gt;

&lt;p&gt;    @michaeltandy &lt;br/&gt;
    Thx for contributing. I committed your sources and included you github name in the IT class. Please close this PR.&lt;/p&gt;</comment>
                            <comment id="15716124" author="githubbot" created="Fri, 2 Dec 2016 19:59:43 +0000"  >&lt;p&gt;Github user michaeltandy closed the pull request at:&lt;/p&gt;

&lt;p&gt;    &lt;a href=&quot;https://github.com/apache/maven-surefire/pull/130&quot; class=&quot;external-link&quot; target=&quot;_blank&quot; rel=&quot;nofollow noopener&quot;&gt;https://github.com/apache/maven-surefire/pull/130&lt;/a&gt;&lt;/p&gt;</comment>
                            <comment id="16053763" author="dyaitskov" created="Mon, 19 Jun 2017 10:28:57 +0000"  >&lt;p&gt;I have the same issue with 2.20. I down graded to 2.18.1.&lt;/p&gt;</comment>
                            <comment id="16054805" author="tibor17" created="Mon, 19 Jun 2017 22:01:08 +0000"  >&lt;p&gt;&lt;a href=&quot;https://issues.apache.org/jira/secure/ViewProfile.jspa?name=dyaitskov&quot; class=&quot;user-hover&quot; rel=&quot;dyaitskov&quot;&gt;dyaitskov&lt;/a&gt;&lt;br/&gt;
I think you have a problem with &lt;a href=&quot;https://issues.apache.org/jira/browse/SUREFIRE-1302&quot; title=&quot;Surefire does not wait long enough for the forked VM and assumes it to be dead&quot; class=&quot;issue-link&quot; data-issue-key=&quot;SUREFIRE-1302&quot;&gt;&lt;del&gt;SUREFIRE-1302&lt;/del&gt;&lt;/a&gt;. This issue fixed printing tests which have not been yet completed.&lt;/p&gt;</comment>
                            <comment id="17994701" author="olamy" created="Fri, 4 Jul 2025 07:26:48 +0000"  >&lt;p&gt;This project has moved from Jira to GitHub Issues. This issue was migrated to &lt;a href=&quot;https://github.com/apache/maven-surefire/issues/2409&quot; class=&quot;external-link&quot; target=&quot;_blank&quot; rel=&quot;nofollow noopener&quot;&gt;apache/maven-surefire#2409&lt;/a&gt;. &lt;/p&gt;</comment>
                    </comments>
                <issuelinks>
                            <issuelinktype id="12310560">
                    <name>Problem/Incident</name>
                                            <outwardlinks description="causes">
                                        <issuelink>
            <issuekey id="13580831">SUREFIRE-2244</issuekey>
        </issuelink>
                            </outwardlinks>
                                                        </issuelinktype>
                    </issuelinks>
                <attachments>
                    </attachments>
                <subtasks>
                    </subtasks>
                <customfields>
                                                                            <customfield id="customfield_12310310" key="com.atlassian.jira.toolkit:attachments">
                        <customfieldname>Attachment count</customfieldname>
                        <customfieldvalues>
                            <customfieldvalue>0.0</customfieldvalue>
                        </customfieldvalues>
                    </customfield>
                                                                                                                                                                                                                                                                                                                                                                                                                                                                                                                                                                                                                                                                                                        <customfield id="customfield_12314020" key="com.atlassian.jira.plugins.jira-development-integration-plugin:devsummary">
                        <customfieldname>Development</customfieldname>
                        <customfieldvalues>
                            
                        </customfieldvalues>
                    </customfield>
                                                                                                                        <customfield id="customfield_12313422" key="com.atlassian.jirafisheyeplugin:jobcheckbox">
                        <customfieldname>Enable Automatic Patch Review</customfieldname>
                        <customfieldvalues>
                            <customfieldvalue><![CDATA[no_permission]]></customfieldvalue>

                        </customfieldvalues>
                    </customfield>
                                                                                                                                                                                                                                                                                                                                                        <customfield id="customfield_12310250" key="com.atlassian.jira.plugin.system.customfieldtypes:multicheckboxes">
                        <customfieldname>Flags</customfieldname>
                        <customfieldvalues>
                                <customfieldvalue key="10430"><![CDATA[Patch]]></customfieldvalue>
    
                        </customfieldvalues>
                    </customfield>
                                                                                                                                                                                                                                                                                                <customfield id="customfield_12310420" key="com.pyxis.greenhopper.jira:gh-global-rank">
                        <customfieldname>Global Rank</customfieldname>
                        <customfieldvalues>
                            <customfieldvalue>9223372036854775807</customfieldvalue>
                        </customfieldvalues>
                    </customfield>
                                                                                                                                                                                                                                        <customfield id="customfield_12312521" key="com.atlassian.jira.toolkit:LastCommentDate">
                        <customfieldname>Last public comment date</customfieldname>
                        <customfieldvalues>
                            18 weeks, 4 days ago
                        </customfieldvalues>
                    </customfield>
                                                                                                                                                                                                                                                                                                <customfield id="customfield_12311820" key="com.pyxis.greenhopper.jira:gh-lexo-rank">
                        <customfieldname>Rank</customfieldname>
                        <customfieldvalues>
                            <customfieldvalue>0|i35g5r:</customfieldvalue>

                        </customfieldvalues>
                    </customfield>
                                                                <customfield id="customfield_12310920" key="com.pyxis.greenhopper.jira:gh-global-rank">
                        <customfieldname>Rank (Obsolete)</customfieldname>
                        <customfieldvalues>
                            <customfieldvalue>9223372036854775807</customfieldvalue>
                        </customfieldvalues>
                    </customfield>
                                                                                                                                                                                                                                                                                                                                                                                                                                                                                                                                                                                                                                                                                                                                                                                            </customfields>
    </item>
</channel>
</rss>