<!-- 
RSS generated by JIRA (8.20.10#820010-sha1:ace47f9899e9ee25d7157d59aa17ab06aee30d3d) at Wed Nov 12 07:16:16 UTC 2025

It is possible to restrict the fields that are returned in this document by specifying the 'field' parameter in your request.
For example, to request only the issue key and summary append 'field=key&field=summary' to the URL of your request.
-->
<rss version="0.92" >
<channel>
    <title>ASF Jira</title>
    <link>https://issues.apache.org/jira</link>
    <description>This file is an XML representation of an issue</description>
    <language>en-uk</language>    <build-info>
        <version>8.20.10</version>
        <build-number>820010</build-number>
        <build-date>22-06-2022</build-date>
    </build-info>


<item>
            <title>[SUREFIRE-1568] Versions 2.21 and higher doesn&apos;t work with junit-platform for Java 9 module</title>
                <link>https://issues.apache.org/jira/browse/SUREFIRE-1568</link>
                <project id="12317927" key="SUREFIRE">Maven Surefire (Moved to GitHub Issues)</project>
                    <description>&lt;p&gt;I have a simple JPMS module. When I use the maven-surefire-plugin 2.20.1 everything is ok - my tests are executed:&lt;/p&gt;
&lt;div class=&quot;code panel&quot; style=&quot;border-width: 1px;&quot;&gt;&lt;div class=&quot;codeContent panelContent&quot;&gt;
&lt;pre class=&quot;code-java&quot;&gt;
&#160;&#160;&#160;&#160;&#160;&#160;&#160;&#160;&#160;&#160;&#160; &amp;lt;plugin&amp;gt;
&#160;&#160;&#160;&#160;&#160;&#160;&#160;&#160;&#160;&#160;&#160;&#160;&#160;&#160;&#160; &amp;lt;groupId&amp;gt;org.apache.maven.plugins&amp;lt;/groupId&amp;gt;
&#160;&#160;&#160;&#160;&#160;&#160;&#160;&#160;&#160;&#160;&#160;&#160;&#160;&#160;&#160; &amp;lt;artifactId&amp;gt;maven-surefire-plugin&amp;lt;/artifactId&amp;gt;
&#160;&#160;&#160;&#160;&#160;&#160;&#160;&#160;&#160;&#160;&#160;&#160;&#160;&#160;&#160; &amp;lt;version&amp;gt;2.20.1&amp;lt;/version&amp;gt;
&#160;&#160;&#160;&#160;&#160;&#160;&#160;&#160;&#160;&#160;&#160;&#160;&#160;&#160;&#160;&#160;&#160;&#160;&#160; &amp;lt;dependencies&amp;gt;
&#160;&#160;&#160;&#160;&#160;&#160;&#160;&#160;&#160;&#160;&#160;&#160;&#160;&#160;&#160;&#160;&#160;&#160;&#160;&#160;&#160;&#160;&#160; &amp;lt;dependency&amp;gt;
&#160;&#160;&#160;&#160;&#160;&#160;&#160;&#160;&#160;&#160;&#160;&#160;&#160;&#160;&#160;&#160;&#160;&#160;&#160;&#160;&#160;&#160;&#160;&#160;&#160;&#160;&#160; &amp;lt;groupId&amp;gt;org.junit.platform&amp;lt;/groupId&amp;gt;
&#160;&#160;&#160;&#160;&#160;&#160;&#160;&#160;&#160;&#160;&#160;&#160;&#160;&#160;&#160;&#160;&#160;&#160;&#160;&#160;&#160;&#160;&#160;&#160;&#160;&#160;&#160; &amp;lt;artifactId&amp;gt;junit-platform-surefire-provider&amp;lt;/artifactId&amp;gt;
&#160;&#160;&#160;&#160;&#160;&#160;&#160;&#160;&#160;&#160;&#160;&#160;&#160;&#160;&#160;&#160;&#160;&#160;&#160;&#160;&#160;&#160;&#160;&#160;&#160;&#160;&#160; &amp;lt;version&amp;gt;1.3.0&amp;lt;/version&amp;gt;
&#160;&#160;&#160;&#160;&#160;&#160;&#160;&#160;&#160;&#160;&#160;&#160;&#160;&#160;&#160;&#160;&#160;&#160;&#160;&#160;&#160;&#160;&#160; &amp;lt;/dependency&amp;gt;
&#160;&#160;&#160;&#160;&#160;&#160;&#160;&#160;&#160;&#160;&#160;&#160;&#160;&#160;&#160;&#160;&#160;&#160;&#160; &amp;lt;/dependencies&amp;gt;
&#160;&#160;&#160;&#160;&#160;&#160;&#160;&#160;&#160;&#160;&#160; &amp;lt;/plugin&amp;gt;&lt;/pre&gt;
&lt;/div&gt;&lt;/div&gt;
&lt;p&gt;However, when I want to use newer versions of surefire (2.21.0 or 2.22.0) I get the following:&lt;/p&gt;
&lt;div class=&quot;code panel&quot; style=&quot;border-width: 1px;&quot;&gt;&lt;div class=&quot;codeContent panelContent&quot;&gt;
&lt;pre class=&quot;code-java&quot;&gt;
&#160;&#160;&#160; Please refer to dump files (&lt;span class=&quot;code-keyword&quot;&gt;if&lt;/span&gt; any exist) [date]-jvmRun[N].dump, [date].dumpstream and [date]-jvmRun[N].dumpstream.
&#160;&#160;&#160; The forked VM terminated without properly saying goodbye. VM crash or &lt;span class=&quot;code-object&quot;&gt;System&lt;/span&gt;.exit called?
&#160;&#160;&#160; Command was /bin/sh -c cd &lt;span class=&quot;code-quote&quot;&gt;&quot;/home/project&quot;&lt;/span&gt; &amp;amp;&amp;amp; /opt/jdk-9/bin/java &lt;span class=&quot;code-quote&quot;&gt;&apos;@/home/project/target/surefire/surefireargs4438382394951202560&apos;&lt;/span&gt; &lt;span class=&quot;code-quote&quot;&gt;&apos;/home/project/target/surefire&apos;&lt;/span&gt; 2018-09-13T13-42-05_435-jvmRun1 surefire4870497011802680670tmp surefire_015850140770716473411tmp
&#160;&#160;&#160; Error occurred in starting fork, check output in log
&#160;&#160;&#160; &lt;span class=&quot;code-object&quot;&gt;Process&lt;/span&gt; Exit Code: 1
&#160;&#160;&#160; org.apache.maven.surefire.booter.SurefireBooterForkException: The forked VM terminated without properly saying goodbye. VM crash or &lt;span class=&quot;code-object&quot;&gt;System&lt;/span&gt;.exit called?
&#160;&#160;&#160; Command was /bin/sh -c cd &lt;span class=&quot;code-quote&quot;&gt;&quot;/home/project&quot;&lt;/span&gt; &amp;amp;&amp;amp; /opt/jdk-9/bin/java &lt;span class=&quot;code-quote&quot;&gt;&apos;@/home/project/target/surefire/surefireargs4438382394951202560&apos;&lt;/span&gt; &lt;span class=&quot;code-quote&quot;&gt;&apos;/home/project/target/surefire&apos;&lt;/span&gt; 2018-09-13T13-42-05_435-jvmRun1 surefire4870497011802680670tmp surefire_015850140770716473411tmp
&#160;&#160;&#160; Error occurred in starting fork, check output in log
&#160;&#160;&#160; &lt;span class=&quot;code-object&quot;&gt;Process&lt;/span&gt; Exit Code: 1
&#160;&#160;&#160; at org.apache.maven.plugin.surefire.booterclient.ForkStarter.fork(ForkStarter.java:671)
&#160;&#160;&#160; at org.apache.maven.plugin.surefire.booterclient.ForkStarter.fork(ForkStarter.java:533)
&#160;&#160;&#160; at org.apache.maven.plugin.surefire.booterclient.ForkStarter.run(ForkStarter.java:278)
&#160;&#160;&#160; at org.apache.maven.plugin.surefire.booterclient.ForkStarter.run(ForkStarter.java:244)
&#160;&#160;&#160; at org.apache.maven.plugin.surefire.AbstractSurefireMojo.executeProvider(AbstractSurefireMojo.java:1194)
&#160;&#160;&#160; at org.apache.maven.plugin.surefire.AbstractSurefireMojo.executeAfterPreconditionsChecked(AbstractSurefireMojo.java:1022)
&#160;&#160;&#160; at org.apache.maven.plugin.surefire.AbstractSurefireMojo.execute(AbstractSurefireMojo.java:868)
&#160;&#160;&#160; at org.apache.maven.plugin.DefaultBuildPluginManager.executeMojo(DefaultBuildPluginManager.java:134)
&#160;&#160;&#160; at org.apache.maven.lifecycle.internal.MojoExecutor.execute(MojoExecutor.java:207)
&#160;&#160;&#160; at org.apache.maven.lifecycle.internal.MojoExecutor.execute(MojoExecutor.java:153)
&#160;&#160;&#160; at org.apache.maven.lifecycle.internal.MojoExecutor.execute(MojoExecutor.java:145)
&#160;&#160;&#160; at org.apache.maven.lifecycle.internal.LifecycleModuleBuilder.buildProject(LifecycleModuleBuilder.java:116)
&#160;&#160;&#160; at org.apache.maven.lifecycle.internal.LifecycleModuleBuilder.buildProject(LifecycleModuleBuilder.java:80)
&#160;&#160;&#160; at org.apache.maven.lifecycle.internal.builder.singlethreaded.SingleThreadedBuilder.build(SingleThreadedBuilder.java:51)
&#160;&#160;&#160; at org.apache.maven.lifecycle.internal.LifecycleStarter.execute(LifecycleStarter.java:128)
&#160;&#160;&#160; at org.apache.maven.DefaultMaven.doExecute(DefaultMaven.java:307)
&#160;&#160;&#160; at org.apache.maven.DefaultMaven.doExecute(DefaultMaven.java:193)
&#160;&#160;&#160; at org.apache.maven.DefaultMaven.execute(DefaultMaven.java:106)
&#160;&#160;&#160; at org.apache.maven.cli.MavenCli.execute(MavenCli.java:863)
&#160;&#160;&#160; at org.apache.maven.cli.MavenCli.doMain(MavenCli.java:288)
&#160;&#160;&#160; at org.apache.maven.cli.MavenCli.main(MavenCli.java:199)
&#160;&#160;&#160; at java.base/jdk.internal.reflect.NativeMethodAccessorImpl.invoke0(Native Method)
&#160;&#160;&#160; at java.base/jdk.internal.reflect.NativeMethodAccessorImpl.invoke(NativeMethodAccessorImpl.java:62)
&#160;&#160;&#160; at java.base/jdk.internal.reflect.DelegatingMethodAccessorImpl.invoke(DelegatingMethodAccessorImpl.java:43)
&#160;&#160;&#160; at java.base/java.lang.reflect.Method.invoke(Method.java:564)
&#160;&#160;&#160; at org.codehaus.plexus.classworlds.launcher.Launcher.launchEnhanced(Launcher.java:289)
&#160;&#160;&#160; at org.codehaus.plexus.classworlds.launcher.Launcher.launch(Launcher.java:229)
&#160;&#160;&#160; at org.codehaus.plexus.classworlds.launcher.Launcher.mainWithExitCode(Launcher.java:415)
&#160;&#160;&#160; at org.codehaus.plexus.classworlds.launcher.Launcher.main(Launcher.java:356)
&#160;&#160;&#160; -&amp;gt; [Help 1]&lt;/pre&gt;
&lt;/div&gt;&lt;/div&gt;
&lt;p&gt;And in surefire-reports I see the following:&lt;/p&gt;
&lt;div class=&quot;code panel&quot; style=&quot;border-width: 1px;&quot;&gt;&lt;div class=&quot;codeContent panelContent&quot;&gt;
&lt;pre class=&quot;code-java&quot;&gt;
&#160;&#160;&#160; # Created at 2018-09-13T13:42:07.587
&#160;&#160;&#160; Error: Could not find or load main &lt;span class=&quot;code-keyword&quot;&gt;class &lt;/span&gt;Projects..home.project.m2.repository.org.eclipse.persistence.javax.persistence.2.2.0.javax.persistence-2.2.0.jar:.home.project..m2.repository.org.eclipse.persistence.org.eclipse.persistence.core.2.7.0.org.eclipse.persistence.core-2.7.0.jar:.home.project..m2.repository.org.slf4j.slf4j-api.1.7.25.slf4j-api-1.7.25.jar ...
&#160;&#160; &#160;
&#160;&#160;&#160; # Created at 2018-09-13T13:42:07.588
&#160;&#160;&#160; Caused by: java.lang.ClassNotFoundException: /home/project&lt;span class=&quot;code-comment&quot;&gt;//m2/repository/org/eclipse/persistence/javax/persistence/2/2/0/javax/persistence-2/2/0/jar:/home/project//m2/repository/org/eclipse/persistence/org/eclipse/persistence/core/2/7/0/org/eclipse/persistence/core-2/7/0/jar:/home/project//m2/repository/org/slf4j/slf4j-api/1/7/25/slf4j-api-1/7/25/jar ...&lt;/span&gt;&lt;/pre&gt;
&lt;/div&gt;&lt;/div&gt;
&lt;p&gt;I tried to use only Junit jupiter as explained here &lt;a href=&quot;https://maven.apache.org/surefire/maven-surefire-plugin/examples/junit-platform.html&quot; class=&quot;external-link&quot; target=&quot;_blank&quot; rel=&quot;nofollow noopener&quot;&gt;https://maven.apache.org/surefire/maven-surefire-plugin/examples/junit-platform.html&lt;/a&gt; but result is the same. Maybe the problem is that surefire builds wrong path? See&lt;/p&gt;
&lt;div class=&quot;code panel&quot; style=&quot;border-width: 1px;&quot;&gt;&lt;div class=&quot;codeContent panelContent&quot;&gt;
&lt;pre class=&quot;code-java&quot;&gt;
:/home/project&lt;span class=&quot;code-comment&quot;&gt;//m2/repository/org/slf4j/slf4j-api/1/7/25/slf4j-api-1/7/25/jar&lt;/span&gt;
&lt;/pre&gt;
&lt;/div&gt;&lt;/div&gt;
&lt;p&gt;As you see there are two slashes before m2. The question about this problem was asked also on SO &lt;a href=&quot;https://stackoverflow.com/questions/52312151/maven-surefire-plugin-with-junit-platform-surefire-provider-for-java-9-module&quot; class=&quot;external-link&quot; target=&quot;_blank&quot; rel=&quot;nofollow noopener&quot;&gt;https://stackoverflow.com/questions/52312151/maven-surefire-plugin-with-junit-platform-surefire-provider-for-java-9-module&lt;/a&gt;&lt;/p&gt;</description>
                <environment>Ubuntu</environment>
        <key id="13184883">SUREFIRE-1568</key>
            <summary>Versions 2.21 and higher doesn&apos;t work with junit-platform for Java 9 module</summary>
                <type id="1" iconUrl="https://issues.apache.org/jira/secure/viewavatar?size=xsmall&amp;avatarId=21133&amp;avatarType=issuetype">Bug</type>
                                            <priority id="3" iconUrl="https://issues.apache.org/jira/images/icons/priorities/major.svg">Major</priority>
                        <status id="6" iconUrl="https://issues.apache.org/jira/images/icons/statuses/closed.png" description="The issue is considered finished, the resolution is correct. Issues which are not closed can be reopened.">Closed</status>
                    <statusCategory id="3" key="done" colorName="green"/>
                                    <resolution id="1">Fixed</resolution>
                                        <assignee username="tibordigana">Tibor Digana</assignee>
                                    <reporter username="Pavel_K">Pavel_K</reporter>
                        <labels>
                    </labels>
                <created>Thu, 13 Sep 2018 12:28:15 +0000</created>
                <updated>Fri, 4 Jul 2025 07:31:57 +0000</updated>
                            <resolved>Tue, 27 Nov 2018 21:06:41 +0000</resolved>
                                    <version>2.21.0</version>
                                    <fixVersion>3.0.0-M2</fixVersion>
                                    <component>JUnit 5.x support</component>
                    <component>Maven Surefire Plugin</component>
                    <component>process forking</component>
                        <due></due>
                            <votes>0</votes>
                                    <watches>5</watches>
                                                                                                                <comments>
                            <comment id="16614714" author="pavel_k" created="Fri, 14 Sep 2018 12:14:31 +0000"  >&lt;p&gt;&#160;I found out the problem. Suppose I have maven project that is JPMS module and maven-surefire-plugin 2.22 is used with junit5. If I place this project in&lt;/p&gt;
&lt;div class=&quot;code panel&quot; style=&quot;border-width: 1px;&quot;&gt;&lt;div class=&quot;codeContent panelContent&quot;&gt;
&lt;pre class=&quot;code-java&quot;&gt;
 /home/Jim/Foo&lt;/pre&gt;
&lt;/div&gt;&lt;/div&gt;
&lt;p&gt;folder, and run `mvn install` then everything is ok.&#160; However, if I place this project in&lt;/p&gt;
&lt;div class=&quot;code panel&quot; style=&quot;border-width: 1px;&quot;&gt;&lt;div class=&quot;codeContent panelContent&quot;&gt;
&lt;pre class=&quot;code-java&quot;&gt;
/home/Jim/Foo Boo&lt;/pre&gt;
&lt;/div&gt;&lt;/div&gt;
&lt;p&gt;folder (note space between Foo and Boo) and run `mvn install` then I get the above error. So the problem is in path building.&lt;/p&gt;</comment>
                            <comment id="16614793" author="khmarbaise" created="Fri, 14 Sep 2018 12:51:36 +0000"  >&lt;p&gt;Which Maven Version, Java Version are you using? Plain command line? Or from inside Eclipse? Furthermore please make an example project which shows this behaviour....&lt;/p&gt;</comment>
                            <comment id="16614883" author="pavel_k" created="Fri, 14 Sep 2018 13:58:25 +0000"  >&lt;div class=&quot;code panel&quot; style=&quot;border-width: 1px;&quot;&gt;&lt;div class=&quot;codeContent panelContent&quot;&gt;
&lt;pre class=&quot;code-java&quot;&gt;
$ mvn -version
Apache Maven 3.3.9 (bb52d8502b132ec0a5a3f4c09453c07478323dc5; 2015-11-10T19:41:47+03:00)
Maven home: /usr/share/maven2
Java version: 9, vendor: Oracle Corporation
Java home: /opt/jdk-9
Default locale: en_US, platform encoding: UTF-8
OS name: &lt;span class=&quot;code-quote&quot;&gt;&quot;linux&quot;&lt;/span&gt;, version: &lt;span class=&quot;code-quote&quot;&gt;&quot;3.16.0-73-&lt;span class=&quot;code-keyword&quot;&gt;generic&lt;/span&gt;&quot;&lt;/span&gt;, arch: &lt;span class=&quot;code-quote&quot;&gt;&quot;amd64&quot;&lt;/span&gt;, family: &lt;span class=&quot;code-quote&quot;&gt;&quot;unix&quot;&lt;/span&gt;
&lt;/pre&gt;
&lt;/div&gt;&lt;/div&gt;
&lt;p&gt;Place the project (I attached to the issue) in folder /home/Jim/Foo after that:&lt;/p&gt;
&lt;div class=&quot;code panel&quot; style=&quot;border-width: 1px;&quot;&gt;&lt;div class=&quot;codeContent panelContent&quot;&gt;
&lt;pre class=&quot;code-java&quot;&gt;
/Foo/mavenproject19$ mvn test
[INFO] Scanning &lt;span class=&quot;code-keyword&quot;&gt;for&lt;/span&gt; projects...
[INFO]&#160;&#160;&#160;&#160;&#160;&#160;&#160;&#160;&#160;&#160;&#160;&#160;&#160;&#160;&#160;&#160;&#160;&#160;&#160;&#160;&#160;&#160;&#160;&#160;&#160;&#160;&#160;&#160;&#160;&#160;&#160;&#160;&#160;&#160;&#160;&#160;&#160;&#160;&#160;&#160;&#160;&#160;&#160;&#160;&#160;&#160;&#160;&#160;&#160;&#160;&#160;&#160;&#160;&#160;&#160;&#160;&#160;&#160;&#160;&#160;&#160;&#160;&#160;&#160;&#160;&#160;&#160;&#160;&#160;&#160;&#160; &#160;
[INFO] ------------------------------------------------------------------------
[INFO] Building mavenproject19 0.1.0-SNAPSHOT
[INFO] ------------------------------------------------------------------------
[INFO] 
[INFO] --- maven-resources-plugin:2.6:resources (&lt;span class=&quot;code-keyword&quot;&gt;default&lt;/span&gt;-resources) @ mavenproject19 ---
[INFO] Using &lt;span class=&quot;code-quote&quot;&gt;&apos;UTF-8&apos;&lt;/span&gt; encoding to copy filtered resources.
[INFO] Copying 0 resource
[INFO] 
[INFO] --- maven-compiler-plugin:3.8.0:compile (&lt;span class=&quot;code-keyword&quot;&gt;default&lt;/span&gt;-compile) @ mavenproject19 ---
[INFO] Required filename-based automodules detected. Please don&apos;t publish &lt;span class=&quot;code-keyword&quot;&gt;this&lt;/span&gt; project to a &lt;span class=&quot;code-keyword&quot;&gt;public&lt;/span&gt; artifact repository!
[INFO] Changes detected - recompiling the module!
[INFO] Compiling 2 source files to /home/Jim/Foo/mavenproject19/target/classes
[WARNING] /home/Jim/Foo/mavenproject19/src/main/java/module-info.java:[13,8] module name component Mavenproject19 should avoid terminal digits
[INFO] 
[INFO] --- maven-resources-plugin:2.6:testResources (&lt;span class=&quot;code-keyword&quot;&gt;default&lt;/span&gt;-testResources) @ mavenproject19 ---
[INFO] Using &lt;span class=&quot;code-quote&quot;&gt;&apos;UTF-8&apos;&lt;/span&gt; encoding to copy filtered resources.
[INFO] skip non existing resourceDirectory /home/Jim/Foo/mavenproject19/src/test/resources
[INFO] 
[INFO] --- maven-compiler-plugin:3.8.0:testCompile (&lt;span class=&quot;code-keyword&quot;&gt;default&lt;/span&gt;-testCompile) @ mavenproject19 ---
[INFO] Changes detected - recompiling the module!
[INFO] Compiling 1 source file to /home/Jim/Foo/mavenproject19/target/test-classes
[INFO] 
[INFO] --- maven-surefire-plugin:2.22.0:test (&lt;span class=&quot;code-keyword&quot;&gt;default&lt;/span&gt;-test) @ mavenproject19 ---
[INFO] 
[INFO] -------------------------------------------------------
[INFO]&#160; T E S T S
[INFO] -------------------------------------------------------
[INFO] Running me.pavel.mavenproject19.SimpleMathTest
SLF4J: Failed to load class &lt;span class=&quot;code-quote&quot;&gt;&quot;org.slf4j.impl.StaticLoggerBinder&quot;&lt;/span&gt;.
SLF4J: Defaulting to no-operation (NOP) logger implementation
SLF4J: See http:&lt;span class=&quot;code-comment&quot;&gt;//www.slf4j.org/codes.html#StaticLoggerBinder &lt;span class=&quot;code-keyword&quot;&gt;for&lt;/span&gt; further details.
&lt;/span&gt;[INFO] Tests run: 1, Failures: 0, Errors: 0, Skipped: 0, Time elapsed: 0.03 s - in me.pavel.mavenproject19.SimpleMathTest
[INFO] 
[INFO] Results:
[INFO] 
[INFO] Tests run: 1, Failures: 0, Errors: 0, Skipped: 0
[INFO] 
[INFO] ------------------------------------------------------------------------
[INFO] BUILD SUCCESS
[INFO] ------------------------------------------------------------------------
[INFO] Total time: 4.634 s
[INFO] Finished at: 2018-09-14T16:52:04+03:00
[INFO] Final Memory: 13M/45M
[INFO] ------------------------------------------------------------------------&lt;/pre&gt;
&lt;/div&gt;&lt;/div&gt;
&lt;p&gt;Now do the same but place project in `/home/Jim/Foo Boo`:&lt;/p&gt;
&lt;div class=&quot;code panel&quot; style=&quot;border-width: 1px;&quot;&gt;&lt;div class=&quot;codeContent panelContent&quot;&gt;
&lt;pre class=&quot;code-java&quot;&gt;
/Foo Boo/mavenproject19$ mvn test
[INFO] Scanning &lt;span class=&quot;code-keyword&quot;&gt;for&lt;/span&gt; projects...
[INFO]&#160;&#160;&#160;&#160;&#160;&#160;&#160;&#160;&#160;&#160;&#160;&#160;&#160;&#160;&#160;&#160;&#160;&#160;&#160;&#160;&#160;&#160;&#160;&#160;&#160;&#160;&#160;&#160;&#160;&#160;&#160;&#160;&#160;&#160;&#160;&#160;&#160;&#160;&#160;&#160;&#160;&#160;&#160;&#160;&#160;&#160;&#160;&#160;&#160;&#160;&#160;&#160;&#160;&#160;&#160;&#160;&#160;&#160;&#160;&#160;&#160;&#160;&#160;&#160;&#160;&#160;&#160;&#160;&#160;&#160;&#160; &#160;
[INFO] ------------------------------------------------------------------------
[INFO] Building mavenproject19 0.1.0-SNAPSHOT
[INFO] ------------------------------------------------------------------------
[INFO] 
[INFO] --- maven-resources-plugin:2.6:resources (&lt;span class=&quot;code-keyword&quot;&gt;default&lt;/span&gt;-resources) @ mavenproject19 ---
[INFO] Using &lt;span class=&quot;code-quote&quot;&gt;&apos;UTF-8&apos;&lt;/span&gt; encoding to copy filtered resources.
[INFO] Copying 0 resource
[INFO] 
[INFO] --- maven-compiler-plugin:3.8.0:compile (&lt;span class=&quot;code-keyword&quot;&gt;default&lt;/span&gt;-compile) @ mavenproject19 ---
[INFO] Required filename-based automodules detected. Please don&apos;t publish &lt;span class=&quot;code-keyword&quot;&gt;this&lt;/span&gt; project to a &lt;span class=&quot;code-keyword&quot;&gt;public&lt;/span&gt; artifact repository!
[INFO] Changes detected - recompiling the module!
[INFO] Compiling 2 source files to /home/Jim/Foo Boo/mavenproject19/target/classes
[WARNING] /home/Jim/Foo Boo/mavenproject19/src/main/java/module-info.java:[13,8] module name component Mavenproject19 should avoid terminal digits
[INFO] 
[INFO] --- maven-resources-plugin:2.6:testResources (&lt;span class=&quot;code-keyword&quot;&gt;default&lt;/span&gt;-testResources) @ mavenproject19 ---
[INFO] Using &lt;span class=&quot;code-quote&quot;&gt;&apos;UTF-8&apos;&lt;/span&gt; encoding to copy filtered resources.
[INFO] skip non existing resourceDirectory /home/Jim/Foo Boo/mavenproject19/src/test/resources
[INFO] 
[INFO] --- maven-compiler-plugin:3.8.0:testCompile (&lt;span class=&quot;code-keyword&quot;&gt;default&lt;/span&gt;-testCompile) @ mavenproject19 ---
[INFO] Changes detected - recompiling the module!
[INFO] Compiling 1 source file to /home/Jim/Foo Boo/mavenproject19/target/test-classes
[INFO] 
[INFO] --- maven-surefire-plugin:2.22.0:test (&lt;span class=&quot;code-keyword&quot;&gt;default&lt;/span&gt;-test) @ mavenproject19 ---
[INFO] 
[INFO] -------------------------------------------------------
[INFO]&#160; T E S T S
[INFO] -------------------------------------------------------
[INFO] 
[INFO] Results:
[INFO] 
[INFO] Tests run: 0, Failures: 0, Errors: 0, Skipped: 0
[INFO] 
[INFO] ------------------------------------------------------------------------
[INFO] BUILD FAILURE
[INFO] ------------------------------------------------------------------------
[INFO] Total time: 3.673 s
[INFO] Finished at: 2018-09-14T16:53:43+03:00
[INFO] Final Memory: 13M/45M
[INFO] ------------------------------------------------------------------------
[ERROR] Failed to execute goal org.apache.maven.plugins:maven-surefire-plugin:2.22.0:test (&lt;span class=&quot;code-keyword&quot;&gt;default&lt;/span&gt;-test) on project mavenproject19: There are test failures.
[ERROR] 
[ERROR] Please refer to /home/Jim/Foo Boo/mavenproject19/target/surefire-reports &lt;span class=&quot;code-keyword&quot;&gt;for&lt;/span&gt; the individual test results.
[ERROR] Please refer to dump files (&lt;span class=&quot;code-keyword&quot;&gt;if&lt;/span&gt; any exist) [date]-jvmRun[N].dump, [date].dumpstream and [date]-jvmRun[N].dumpstream.
[ERROR] The forked VM terminated without properly saying goodbye. VM crash or &lt;span class=&quot;code-object&quot;&gt;System&lt;/span&gt;.exit called?
[ERROR] Command was /bin/sh -c cd &lt;span class=&quot;code-quote&quot;&gt;&quot;/home/Jim/Foo Boo/mavenproject19&quot;&lt;/span&gt; &amp;amp;&amp;amp; /opt/jdk-9/bin/java &lt;span class=&quot;code-quote&quot;&gt;&apos;@/home/Jim/Foo Boo/mavenproject19/target/surefire/surefireargs4647087260922237551&apos;&lt;/span&gt; &lt;span class=&quot;code-quote&quot;&gt;&apos;/home/Jim/Foo Boo/mavenproject19/target/surefire&apos;&lt;/span&gt; 2018-09-14T16-53-43_054-jvmRun1 surefire4478496358020335503tmp surefire_012529440994284936256tmp
[ERROR] Error occurred in starting fork, check output in log
[ERROR] &lt;span class=&quot;code-object&quot;&gt;Process&lt;/span&gt; Exit Code: 1
[ERROR] org.apache.maven.surefire.booter.SurefireBooterForkException: The forked VM terminated without properly saying goodbye. VM crash or &lt;span class=&quot;code-object&quot;&gt;System&lt;/span&gt;.exit called?
[ERROR] Command was /bin/sh -c cd &lt;span class=&quot;code-quote&quot;&gt;&quot;/home/Jim/Foo Boo/mavenproject19&quot;&lt;/span&gt; &amp;amp;&amp;amp; /opt/jdk-9/bin/java &lt;span class=&quot;code-quote&quot;&gt;&apos;@/home/Jim/Foo Boo/mavenproject19/target/surefire/surefireargs4647087260922237551&apos;&lt;/span&gt; &lt;span class=&quot;code-quote&quot;&gt;&apos;/home/Jim/Foo Boo/mavenproject19/target/surefire&apos;&lt;/span&gt; 2018-09-14T16-53-43_054-jvmRun1 surefire4478496358020335503tmp surefire_012529440994284936256tmp
[ERROR] Error occurred in starting fork, check output in log
[ERROR] &lt;span class=&quot;code-object&quot;&gt;Process&lt;/span&gt; Exit Code: 1
[ERROR] at org.apache.maven.plugin.surefire.booterclient.ForkStarter.fork(ForkStarter.java:671)
[ERROR] at org.apache.maven.plugin.surefire.booterclient.ForkStarter.fork(ForkStarter.java:533)
[ERROR] at org.apache.maven.plugin.surefire.booterclient.ForkStarter.run(ForkStarter.java:278)
[ERROR] at org.apache.maven.plugin.surefire.booterclient.ForkStarter.run(ForkStarter.java:244)
[ERROR] at org.apache.maven.plugin.surefire.AbstractSurefireMojo.executeProvider(AbstractSurefireMojo.java:1194)
[ERROR] at org.apache.maven.plugin.surefire.AbstractSurefireMojo.executeAfterPreconditionsChecked(AbstractSurefireMojo.java:1022)
[ERROR] at org.apache.maven.plugin.surefire.AbstractSurefireMojo.execute(AbstractSurefireMojo.java:868)
[ERROR] at org.apache.maven.plugin.DefaultBuildPluginManager.executeMojo(DefaultBuildPluginManager.java:134)
[ERROR] at org.apache.maven.lifecycle.internal.MojoExecutor.execute(MojoExecutor.java:207)
[ERROR] at org.apache.maven.lifecycle.internal.MojoExecutor.execute(MojoExecutor.java:153)
[ERROR] at org.apache.maven.lifecycle.internal.MojoExecutor.execute(MojoExecutor.java:145)
[ERROR] at org.apache.maven.lifecycle.internal.LifecycleModuleBuilder.buildProject(LifecycleModuleBuilder.java:116)
[ERROR] at org.apache.maven.lifecycle.internal.LifecycleModuleBuilder.buildProject(LifecycleModuleBuilder.java:80)
[ERROR] at org.apache.maven.lifecycle.internal.builder.singlethreaded.SingleThreadedBuilder.build(SingleThreadedBuilder.java:51)
[ERROR] at org.apache.maven.lifecycle.internal.LifecycleStarter.execute(LifecycleStarter.java:128)
[ERROR] at org.apache.maven.DefaultMaven.doExecute(DefaultMaven.java:307)
[ERROR] at org.apache.maven.DefaultMaven.doExecute(DefaultMaven.java:193)
[ERROR] at org.apache.maven.DefaultMaven.execute(DefaultMaven.java:106)
[ERROR] at org.apache.maven.cli.MavenCli.execute(MavenCli.java:863)
[ERROR] at org.apache.maven.cli.MavenCli.doMain(MavenCli.java:288)
[ERROR] at org.apache.maven.cli.MavenCli.main(MavenCli.java:199)
[ERROR] at java.base/jdk.internal.reflect.NativeMethodAccessorImpl.invoke0(Native Method)
[ERROR] at java.base/jdk.internal.reflect.NativeMethodAccessorImpl.invoke(NativeMethodAccessorImpl.java:62)
[ERROR] at java.base/jdk.internal.reflect.DelegatingMethodAccessorImpl.invoke(DelegatingMethodAccessorImpl.java:43)
[ERROR] at java.base/java.lang.reflect.Method.invoke(Method.java:564)
[ERROR] at org.codehaus.plexus.classworlds.launcher.Launcher.launchEnhanced(Launcher.java:289)
[ERROR] at org.codehaus.plexus.classworlds.launcher.Launcher.launch(Launcher.java:229)
[ERROR] at org.codehaus.plexus.classworlds.launcher.Launcher.mainWithExitCode(Launcher.java:415)
[ERROR] at org.codehaus.plexus.classworlds.launcher.Launcher.main(Launcher.java:356)
[ERROR] -&amp;gt; [Help 1]
[ERROR] 
[ERROR] To see the full stack trace of the errors, re-run Maven with the -e &lt;span class=&quot;code-keyword&quot;&gt;switch&lt;/span&gt;.
[ERROR] Re-run Maven using the -X &lt;span class=&quot;code-keyword&quot;&gt;switch&lt;/span&gt; to enable full debug logging.
[ERROR] 
[ERROR] For more information about the errors and possible solutions, please read the following articles:
[ERROR] [Help 1] http:&lt;span class=&quot;code-comment&quot;&gt;//cwiki.apache.org/confluence/display/MAVEN/MojoExecutionException&lt;/span&gt;&lt;/pre&gt;
&lt;/div&gt;&lt;/div&gt;</comment>
                            <comment id="16615429" author="tibor17" created="Fri, 14 Sep 2018 21:44:20 +0000"  >&lt;p&gt;&lt;a href=&quot;https://issues.apache.org/jira/secure/ViewProfile.jspa?name=Pavel_K&quot; class=&quot;user-hover&quot; rel=&quot;Pavel_K&quot;&gt;Pavel_K&lt;/a&gt;&lt;br/&gt;
I think the problem is in manifest.&lt;br/&gt;
Try to grab *.jar files in /home/project/target/surefire but you have to be extremely fast because it crashes immediately.&lt;br/&gt;
I think we have a problem with escaped characters in Manifest but this s platform related and difficult to fix and verify.&lt;/p&gt;</comment>
                            <comment id="16615431" author="tibor17" created="Fri, 14 Sep 2018 21:45:23 +0000"  >&lt;p&gt;I think the *.jar is not deleted with &lt;tt&gt;mvn -X&lt;/tt&gt;.&lt;/p&gt;</comment>
                            <comment id="16616268" author="pavel_k" created="Sat, 15 Sep 2018 11:52:48 +0000"  >&lt;p&gt;All I could I did. I gave a very detailed example and can&apos;t do anything else as I don&apos;t know how this plugin works and its internal architecture. Could anyone as a little bonus answer this question &lt;a href=&quot;https://stackoverflow.com/questions/52344230/several-questions-about-maven-failsafe-plugin-2-22-for-testing-java-9-modules&quot; class=&quot;external-link&quot; target=&quot;_blank&quot; rel=&quot;nofollow noopener&quot;&gt;https://stackoverflow.com/questions/52344230/several-questions-about-maven-failsafe-plugin-2-22-for-testing-java-9-modules&lt;/a&gt; ?&lt;/p&gt;</comment>
                            <comment id="16616294" author="khmarbaise" created="Sat, 15 Sep 2018 13:28:32 +0000"  >&lt;p&gt;&lt;a href=&quot;https://issues.apache.org/jira/secure/ViewProfile.jspa?name=Pavel_K&quot; class=&quot;user-hover&quot; rel=&quot;Pavel_K&quot;&gt;Pavel_K&lt;/a&gt; This comment does not belong to this issue...Discussions should be done on users mailing list...&lt;/p&gt;</comment>
                            <comment id="16616295" author="pavel_k" created="Sat, 15 Sep 2018 13:31:54 +0000"  >&lt;p&gt;&lt;a href=&quot;https://issues.apache.org/jira/secure/ViewProfile.jspa?name=khmarbaise&quot; class=&quot;user-hover&quot; rel=&quot;khmarbaise&quot;&gt;khmarbaise&lt;/a&gt; I know. You idea were nice with one condition - if someone answered in mailing list. I send this question to mailing list too.&lt;/p&gt;</comment>
                            <comment id="16616305" author="tibor17" created="Sat, 15 Sep 2018 14:02:10 +0000"  >&lt;p&gt;&lt;a href=&quot;https://issues.apache.org/jira/secure/ViewProfile.jspa?name=Pavel_K&quot; class=&quot;user-hover&quot; rel=&quot;Pavel_K&quot;&gt;Pavel_K&lt;/a&gt;&lt;br/&gt;
&lt;a href=&quot;https://issues.apache.org/jira/secure/ViewProfile.jspa?name=khmarbaise&quot; class=&quot;user-hover&quot; rel=&quot;khmarbaise&quot;&gt;khmarbaise&lt;/a&gt;&lt;br/&gt;
Look, I am trying to find the root case and these discussions in ML do not help us and users and we only loose the time. Workarounds in users are not good and the materials in description do not help because I am missing the jar files from target/surefire. I guess this is Mac OS, right?&lt;br/&gt;
If it is Mac, it is hard to reproduce. So I need &lt;a href=&quot;https://issues.apache.org/jira/secure/ViewProfile.jspa?name=Pavel_K&quot; class=&quot;user-hover&quot; rel=&quot;Pavel_K&quot;&gt;Pavel_K&lt;/a&gt; and his help. Pls try with &lt;tt&gt;mvn -X&lt;/tt&gt; and find the jar file. Attach it to Jira and I will try to understand the root cause.&lt;/p&gt;</comment>
                            <comment id="16616308" author="pavel_k" created="Sat, 15 Sep 2018 14:13:51 +0000"  >&lt;p&gt;&lt;a href=&quot;https://issues.apache.org/jira/secure/ViewProfile.jspa?name=tibor17&quot; class=&quot;user-hover&quot; rel=&quot;tibor17&quot;&gt;tibor17&lt;/a&gt; No, I use Ubuntu 14.04. I run `mvn test -X` the ouput is in debug1.txt file.&lt;/p&gt;</comment>
                            <comment id="16616314" author="khmarbaise" created="Sat, 15 Sep 2018 14:18:18 +0000"  >&lt;p&gt;&lt;a href=&quot;https://issues.apache.org/jira/secure/ViewProfile.jspa?name=Pavel_K&quot; class=&quot;user-hover&quot; rel=&quot;Pavel_K&quot;&gt;Pavel_K&lt;/a&gt; Please help Tibor to find the issue and do not start discussions on different channels (mailing list, StackOverflow) and do not try to get attention via JIRA tracker cause the mailing list does not answer a question quick enough (from your point of view)...Concentrate your efforts to support Tibor so in the end everybody will benefit from it...&lt;/p&gt;</comment>
                            <comment id="16616316" author="pavel_k" created="Sat, 15 Sep 2018 14:21:33 +0000"  >&lt;p&gt;&lt;a href=&quot;https://issues.apache.org/jira/secure/ViewProfile.jspa?name=khmarbaise&quot; class=&quot;user-hover&quot; rel=&quot;khmarbaise&quot;&gt;khmarbaise&lt;/a&gt; Don&apos;t send any messages to me anymore. I will ignore them. Thanks.&lt;/p&gt;</comment>
                            <comment id="16616325" author="tibor17" created="Sat, 15 Sep 2018 14:35:50 +0000"  >&lt;p&gt;&lt;a href=&quot;https://issues.apache.org/jira/secure/ViewProfile.jspa?name=Pavel_K&quot; class=&quot;user-hover&quot; rel=&quot;Pavel_K&quot;&gt;Pavel_K&lt;/a&gt;&lt;br/&gt;
Let&apos;s start with simple things.&lt;br/&gt;
Pls use engine &lt;b&gt;5.2.0&lt;/b&gt; yet.&lt;br/&gt;
We have a known issue on classpath with your version &lt;tt&gt;5.3.0&lt;/tt&gt; that you have currently in your POM.&lt;br/&gt;
It is different kind of error outcome. Specifically our provider overrides user&apos;s transitive dependency of platform commons with provider&apos;s platform commons.&lt;br/&gt;
We already have a branch with partial fix, some ITs still fail, but we are working on it with &lt;a href=&quot;https://issues.apache.org/jira/secure/ViewProfile.jspa?name=sormuras%40gmx.de&quot; class=&quot;user-hover&quot; rel=&quot;sormuras@gmx.de&quot;&gt;sormuras@gmx.de&lt;/a&gt;.&lt;br/&gt;
We involved &lt;a href=&quot;https://issues.apache.org/jira/secure/ViewProfile.jspa?name=sormuras%40gmx.de&quot; class=&quot;user-hover&quot; rel=&quot;sormuras@gmx.de&quot;&gt;sormuras@gmx.de&lt;/a&gt; from OSS JUnit group, so we have the best on the board!&lt;/p&gt;</comment>
                            <comment id="16616331" author="pavel_k" created="Sat, 15 Sep 2018 14:42:31 +0000"  >&lt;p&gt;&lt;a href=&quot;https://issues.apache.org/jira/secure/ViewProfile.jspa?name=tibor17&quot; class=&quot;user-hover&quot; rel=&quot;tibor17&quot;&gt;tibor17&lt;/a&gt; I changed engine version. The output is in debug2.txt file.&lt;/p&gt;</comment>
                            <comment id="16616365" author="tibor17" created="Sat, 15 Sep 2018 15:45:16 +0000"  >&lt;p&gt;&lt;a href=&quot;https://issues.apache.org/jira/secure/ViewProfile.jspa?name=Pavel_K&quot; class=&quot;user-hover&quot; rel=&quot;Pavel_K&quot;&gt;Pavel_K&lt;/a&gt; Pls attach also the dump files &lt;tt&gt;2018-09-15T17-39-28_215-jvmRun1&lt;/tt&gt; located in &lt;tt&gt;target/surefire-reports&lt;/tt&gt;. Thx&lt;/p&gt;</comment>
                            <comment id="16616376" author="pavel_k" created="Sat, 15 Sep 2018 16:03:48 +0000"  >&lt;p&gt;&lt;a href=&quot;https://issues.apache.org/jira/secure/ViewProfile.jspa?name=tibor17&quot; class=&quot;user-hover&quot; rel=&quot;tibor17&quot;&gt;tibor17&lt;/a&gt; That file was deleted as I rerun multiple times. I run again and in target/surefire-report only one file - 2018-09-15T18-54-48_266.dumpstream. Pay attention to two facts :1) the absolute paths starts with Boo, but not `/home/Jim/Foo Boo/...`  2) there is double slash before m2.&lt;/p&gt;</comment>
                            <comment id="16616867" author="tibor17" created="Sun, 16 Sep 2018 19:24:21 +0000"  >&lt;p&gt;&lt;a href=&quot;https://issues.apache.org/jira/secure/ViewProfile.jspa?name=Pavel_K&quot; class=&quot;user-hover&quot; rel=&quot;Pavel_K&quot;&gt;Pavel_K&lt;/a&gt;&lt;br/&gt;
I used your project with JDK 9 and also JDK 8 and it worked on Windows.&lt;br/&gt;
I will try again with Ubuntu 16.04 tomorrow but ideal situation would be if you run the command in debug mode &lt;tt&gt;-X&lt;/tt&gt; and copy the content &lt;tt&gt;(3 files)&lt;/tt&gt; from &lt;tt&gt;target/surefire&lt;/tt&gt; to Jira.&lt;br/&gt;
I will try to reproduce it tomorrow but I cannot guarantee that my result will be identical.&lt;/p&gt;</comment>
                            <comment id="16616869" author="pavel_k" created="Sun, 16 Sep 2018 19:36:47 +0000"  >&lt;p&gt;&lt;a href=&quot;https://issues.apache.org/jira/secure/ViewProfile.jspa?name=tibor17&quot; class=&quot;user-hover&quot; rel=&quot;tibor17&quot;&gt;tibor17&lt;/a&gt; I uploaded full target folder and debug file (-X).&lt;/p&gt;</comment>
                            <comment id="16616872" author="tibor17" created="Sun, 16 Sep 2018 19:50:04 +0000"  >&lt;p&gt;&lt;a href=&quot;https://issues.apache.org/jira/secure/ViewProfile.jspa?name=Pavel_K&quot; class=&quot;user-hover&quot; rel=&quot;Pavel_K&quot;&gt;Pavel_K&lt;/a&gt;&lt;br/&gt;
&lt;a href=&quot;https://issues.apache.org/jira/secure/ViewProfile.jspa?name=rfscholte&quot; class=&quot;user-hover&quot; rel=&quot;rfscholte&quot;&gt;rfscholte&lt;/a&gt;&lt;br/&gt;
I compared the Jigsaw command argument for executing subprocess with mine and with your issue.&lt;br/&gt;
It looks like the bug is in the class &lt;tt&gt;ModularClasspathForkConfiguration&lt;/tt&gt;, escaped characters in the paths on the file system and especially &lt;tt&gt;--module-path&lt;/tt&gt;.&lt;br/&gt;
&lt;a href=&quot;https://issues.apache.org/jira/secure/ViewProfile.jspa?name=rfscholte&quot; class=&quot;user-hover&quot; rel=&quot;rfscholte&quot;&gt;rfscholte&lt;/a&gt;&lt;br/&gt;
What are recommendations to escape the characters of the path on Linux in case of Jigsaw?&lt;/p&gt;

&lt;div class=&quot;preformatted panel&quot; style=&quot;border-width: 1px;&quot;&gt;&lt;div class=&quot;preformattedContent panelContent&quot;&gt;
&lt;pre&gt;--module-path
/home/Pavel/Foo Boo/mavenproject19/target/classes:/home/Pavel/.m2/repository/org/slf4j/slf4j-api/1.7.25/slf4j-api-1.7.25.jar
--class-path
/home/Pavel/.m2/repository/org/apache/maven/surefire/surefire-booter/2.22.0/surefire-booter-2.22.0.jar:/home/Pavel/.m2/repository/org/apache/maven/surefire/surefire-api/2.22.0/surefire-api-2.22.0.jar:/home/Pavel/.m2/repository/org/apache/maven/surefire/surefire-logger-api/2.22.0/surefire-logger-api-2.22.0.jar:/home/Pavel/Foo Boo/mavenproject19/target/test-classes:/home/Pavel/.m2/repository/org/junit/jupiter/junit-jupiter-engine/5.2.0/junit-jupiter-engine-5.2.0.jar:/home/Pavel/.m2/repository/org/apiguardian/apiguardian-api/1.0.0/apiguardian-api-1.0.0.jar:/home/Pavel/.m2/repository/org/junit/platform/junit-platform-engine/1.2.0/junit-platform-engine-1.2.0.jar:/home/Pavel/.m2/repository/org/junit/platform/junit-platform-commons/1.2.0/junit-platform-commons-1.2.0.jar:/home/Pavel/.m2/repository/org/opentest4j/opentest4j/1.1.0/opentest4j-1.1.0.jar:/home/Pavel/.m2/repository/org/junit/jupiter/junit-jupiter-api/5.2.0/junit-jupiter-api-5.2.0.jar:/home/Pavel/.m2/repository/org/apache/maven/surefire/surefire-junit-platform/2.22.0/surefire-junit-platform-2.22.0.jar:/home/Pavel/.m2/repository/org/junit/platform/junit-platform-launcher/1.2.0/junit-platform-launcher-1.2.0.jar
--patch-module
Mavenproject19=/home/Pavel/Foo Boo/mavenproject19/target/test-classes
--add-exports
Mavenproject19/me.pavel.mavenproject19=ALL-UNNAMED
--add-modules
Mavenproject19
--add-reads
Mavenproject19=ALL-UNNAMED
org.apache.maven.surefire.booter.ForkedBooter

&lt;/pre&gt;
&lt;/div&gt;&lt;/div&gt;</comment>
                            <comment id="16619474" author="rfscholte" created="Tue, 18 Sep 2018 17:57:54 +0000"  >&lt;p&gt;&lt;a href=&quot;https://issues.apache.org/jira/secure/ViewProfile.jspa?name=tibor17&quot; class=&quot;user-hover&quot; rel=&quot;tibor17&quot;&gt;tibor17&lt;/a&gt; This is about the space in &lt;tt&gt;/home/Pavel/Foo Boo&lt;/tt&gt;? I would expect it to be &lt;tt&gt;/home/Pavel/Foo\ Boo&lt;/tt&gt;, but we should test that.&lt;/p&gt;</comment>
                            <comment id="16690857" author="tibor17" created="Sun, 18 Nov 2018 10:39:46 +0000"  >&lt;p&gt;This is Java 9 related. I will remove the label Junit5.&lt;br/&gt;
Since we have solved similar issue &lt;tt&gt;&lt;a href=&quot;https://issues.apache.org/jira/browse/SUREFIRE-1593&quot; title=&quot;3.0.0-M1 produces invalid code sources on Windows&quot; class=&quot;issue-link&quot; data-issue-key=&quot;SUREFIRE-1593&quot;&gt;&lt;del&gt;SUREFIRE-1593&lt;/del&gt;&lt;/a&gt;&lt;/tt&gt; in &lt;tt&gt;JarManifestForkConfiguration&lt;/tt&gt;  we should complete these fork configuration issues in one common version &lt;tt&gt;3.0.0-M2&lt;/tt&gt;.&lt;br/&gt;
Escaping the paths as &lt;a href=&quot;https://issues.apache.org/jira/secure/ViewProfile.jspa?name=rfscholte&quot; class=&quot;user-hover&quot; rel=&quot;rfscholte&quot;&gt;rfscholte&lt;/a&gt; proposed seems to be simple. I will check it out with given test project.&lt;/p&gt;</comment>
                            <comment id="16701033" author="tibor17" created="Tue, 27 Nov 2018 21:06:41 +0000"  >&lt;p&gt;&lt;a href=&quot;https://gitbox.apache.org/repos/asf?p=maven-surefire.git;a=commit;h=9b36828cc2ba65d17d3256c4f0c738a1ae7fe89d&quot; class=&quot;external-link&quot; target=&quot;_blank&quot; rel=&quot;nofollow noopener&quot;&gt;https://gitbox.apache.org/repos/asf?p=maven-surefire.git;a=commit;h=9b36828cc2ba65d17d3256c4f0c738a1ae7fe89d&lt;/a&gt;&lt;/p&gt;</comment>
                            <comment id="17994972" author="olamy" created="Fri, 4 Jul 2025 07:31:57 +0000"  >&lt;p&gt;This project has moved from Jira to GitHub Issues. This issue was migrated to &lt;a href=&quot;https://github.com/apache/maven-surefire/issues/2214&quot; class=&quot;external-link&quot; target=&quot;_blank&quot; rel=&quot;nofollow noopener&quot;&gt;apache/maven-surefire#2214&lt;/a&gt;. &lt;/p&gt;</comment>
                    </comments>
                    <attachments>
                            <attachment id="12939838" name="2018-09-15T18-54-48_266.dumpstream" size="376" author="Pavel_K" created="Sat, 15 Sep 2018 15:59:13 +0000"/>
                            <attachment id="12939831" name="debug1.txt" size="89310" author="Pavel_K" created="Sat, 15 Sep 2018 14:13:42 +0000"/>
                            <attachment id="12939835" name="debug2.txt" size="89033" author="Pavel_K" created="Sat, 15 Sep 2018 14:41:17 +0000"/>
                            <attachment id="12939836" name="mavenproject19.zip" size="4119" author="Pavel_K" created="Sat, 15 Sep 2018 14:47:00 +0000"/>
                            <attachment id="12939894" name="mavenproject19_target_and_debug.zip" size="19961" author="Pavel_K" created="Sun, 16 Sep 2018 19:37:06 +0000"/>
                    </attachments>
                <subtasks>
                    </subtasks>
                <customfields>
                                                                            <customfield id="customfield_12310310" key="com.atlassian.jira.toolkit:attachments">
                        <customfieldname>Attachment count</customfieldname>
                        <customfieldvalues>
                            <customfieldvalue>5.0</customfieldvalue>
                        </customfieldvalues>
                    </customfield>
                                                                                                                                                                                                                                                                                                                                                                                                                                                                                                                                                                                                                                                                                                        <customfield id="customfield_12314020" key="com.atlassian.jira.plugins.jira-development-integration-plugin:devsummary">
                        <customfieldname>Development</customfieldname>
                        <customfieldvalues>
                            
                        </customfieldvalues>
                    </customfield>
                                                                                                                        <customfield id="customfield_12313422" key="com.atlassian.jirafisheyeplugin:jobcheckbox">
                        <customfieldname>Enable Automatic Patch Review</customfieldname>
                        <customfieldvalues>
                            <customfieldvalue><![CDATA[no_permission]]></customfieldvalue>

                        </customfieldvalues>
                    </customfield>
                                                                                                                                                                                                                                                                                                                                                                                                                                                                                                                                                                                                                    <customfield id="customfield_12310420" key="com.pyxis.greenhopper.jira:gh-global-rank">
                        <customfieldname>Global Rank</customfieldname>
                        <customfieldvalues>
                            <customfieldvalue>9223372036854775807</customfieldvalue>
                        </customfieldvalues>
                    </customfield>
                                                                                                                                                                                                                                        <customfield id="customfield_12312521" key="com.atlassian.jira.toolkit:LastCommentDate">
                        <customfieldname>Last public comment date</customfieldname>
                        <customfieldvalues>
                            18 weeks, 4 days ago
                        </customfieldvalues>
                    </customfield>
                                                                                                                                                                                                                                                                                                <customfield id="customfield_12311820" key="com.pyxis.greenhopper.jira:gh-lexo-rank">
                        <customfieldname>Rank</customfieldname>
                        <customfieldvalues>
                            <customfieldvalue>0|i3y1zb:</customfieldvalue>

                        </customfieldvalues>
                    </customfield>
                                                                <customfield id="customfield_12310920" key="com.pyxis.greenhopper.jira:gh-global-rank">
                        <customfieldname>Rank (Obsolete)</customfieldname>
                        <customfieldvalues>
                            <customfieldvalue>9223372036854775807</customfieldvalue>
                        </customfieldvalues>
                    </customfield>
                                                                                                                                                                                                                                                                                                                                                                                                                                                                                                                                                                                                                                                                                                                                                                                            </customfields>
    </item>
</channel>
</rss>