<!-- 
RSS generated by JIRA (8.20.10#820010-sha1:ace47f9899e9ee25d7157d59aa17ab06aee30d3d) at Wed Nov 12 07:16:42 UTC 2025

It is possible to restrict the fields that are returned in this document by specifying the 'field' parameter in your request.
For example, to request only the issue key and summary append 'field=key&field=summary' to the URL of your request.
-->
<rss version="0.92" >
<channel>
    <title>ASF Jira</title>
    <link>https://issues.apache.org/jira</link>
    <description>This file is an XML representation of an issue</description>
    <language>en-uk</language>    <build-info>
        <version>8.20.10</version>
        <build-number>820010</build-number>
        <build-date>22-06-2022</build-date>
    </build-info>


<item>
            <title>[SUREFIRE-1688] Junit Platform test with failing @BeforeAll does not fail the build</title>
                <link>https://issues.apache.org/jira/browse/SUREFIRE-1688</link>
                <project id="12317927" key="SUREFIRE">Maven Surefire (Moved to GitHub Issues)</project>
                    <description>&lt;p&gt;When using Surefire &lt;tt&gt;3.0.0-SNAPSHOT&lt;/tt&gt; and JUnit Platform &lt;tt&gt;5.4.2&lt;/tt&gt; the following test does not fail the Maven build. &lt;/p&gt;

&lt;div class=&quot;code panel&quot; style=&quot;border-width: 1px;&quot;&gt;&lt;div class=&quot;codeContent panelContent&quot;&gt;
&lt;pre class=&quot;code-java&quot;&gt;
&lt;span class=&quot;code-keyword&quot;&gt;import&lt;/span&gt; org.junit.jupiter.api.Test;
&lt;span class=&quot;code-keyword&quot;&gt;import&lt;/span&gt; org.junit.jupiter.api.BeforeAll;
&lt;span class=&quot;code-keyword&quot;&gt;import&lt;/span&gt; org.junit.jupiter.api.Assertions;
&lt;span class=&quot;code-keyword&quot;&gt;public&lt;/span&gt; &lt;span class=&quot;code-keyword&quot;&gt;class &lt;/span&gt;Tests {

    @BeforeAll
    &lt;span class=&quot;code-keyword&quot;&gt;public&lt;/span&gt; &lt;span class=&quot;code-keyword&quot;&gt;static&lt;/span&gt; void beforeAll() { Assertions.fail(&lt;span class=&quot;code-quote&quot;&gt;&quot;BeforeAll fail&quot;&lt;/span&gt;); }

    @Test
    &lt;span class=&quot;code-keyword&quot;&gt;public&lt;/span&gt; void test() { Assertions.fail(&lt;span class=&quot;code-quote&quot;&gt;&quot;Test fail&quot;&lt;/span&gt;); }
}
&lt;/pre&gt;
&lt;/div&gt;&lt;/div&gt;

&lt;p&gt;And its output:&lt;/p&gt;

&lt;div class=&quot;code panel&quot; style=&quot;border-width: 1px;&quot;&gt;&lt;div class=&quot;codeContent panelContent&quot;&gt;
&lt;pre class=&quot;code-java&quot;&gt;
[INFO] --- maven-surefire-plugin:3.0.0-SNAPSHOT:test (&lt;span class=&quot;code-keyword&quot;&gt;default&lt;/span&gt;-test) @ top-level-project ---
[INFO] 
[INFO] -------------------------------------------------------
[INFO]  T E S T S
[INFO] -------------------------------------------------------
[INFO] Running Tests
[INFO] Tests run: 0, Failures: 0, Errors: 0, Skipped: 0, Time elapsed: 0.015 s - in Tests
[INFO] 
[INFO] Results:
[INFO] 
[INFO] Tests run: 0, Failures: 0, Errors: 0, Skipped: 0
[INFO] 
[INFO] ------------------------------------------------------------------------
[INFO] BUILD SUCCESS
[INFO] ------------------------------------------------------------------------
&lt;/pre&gt;
&lt;/div&gt;&lt;/div&gt;

&lt;p&gt;When removing the &lt;tt&gt;@BeforeAll&lt;/tt&gt; annotation/method it fails as expected. &lt;/p&gt;

&lt;p&gt;&lt;tt&gt;3.0.0-M3&lt;/tt&gt; version of Surefire works as expected:&lt;/p&gt;

&lt;div class=&quot;code panel&quot; style=&quot;border-width: 1px;&quot;&gt;&lt;div class=&quot;codeContent panelContent&quot;&gt;
&lt;pre class=&quot;code-java&quot;&gt;
[INFO] --- maven-surefire-plugin:3.0.0-M3:test (&lt;span class=&quot;code-keyword&quot;&gt;default&lt;/span&gt;-test) @ top-level-project ---
[INFO] 
[INFO] -------------------------------------------------------
[INFO]  T E S T S
[INFO] -------------------------------------------------------
[INFO] Running Tests
[ERROR] Tests run: 1, Failures: 1, Errors: 0, Skipped: 0, Time elapsed: 0.008 s &amp;lt;&amp;lt;&amp;lt; FAILURE! - in Tests
[ERROR] Tests  Time elapsed: 0.007 s  &amp;lt;&amp;lt;&amp;lt; FAILURE!
org.opentest4j.AssertionFailedError: BeforeAll fail
	at Tests.beforeAll(Tests.java:7)

[INFO] 
[INFO] Results:
[INFO] 
[ERROR] Failures: 
[ERROR]   Tests.beforeAll:7 BeforeAll fail
[INFO] 
[ERROR] Tests run: 1, Failures: 1, Errors: 0, Skipped: 0
[INFO] 
[INFO] ------------------------------------------------------------------------
[INFO] BUILD FAILURE
[INFO] ------------------------------------------------------------------------
[INFO] Total time:  2.373 s
[INFO] Finished at: 2019-08-20T16:20:16+02:00
[INFO] ------------------------------------------------------------------------
[ERROR] Failed to execute goal org.apache.maven.plugins:maven-surefire-plugin:3.0.0-M3:test (&lt;span class=&quot;code-keyword&quot;&gt;default&lt;/span&gt;-test) on project top-level-project: There are test failures.
&lt;/pre&gt;
&lt;/div&gt;&lt;/div&gt;

&lt;p&gt;For all the tests Maven 3.6.1 has been used.&lt;/p&gt;</description>
                <environment></environment>
        <key id="13251848">SUREFIRE-1688</key>
            <summary>Junit Platform test with failing @BeforeAll does not fail the build</summary>
                <type id="1" iconUrl="https://issues.apache.org/jira/secure/viewavatar?size=xsmall&amp;avatarId=21133&amp;avatarType=issuetype">Bug</type>
                                            <priority id="3" iconUrl="https://issues.apache.org/jira/images/icons/priorities/major.svg">Major</priority>
                        <status id="6" iconUrl="https://issues.apache.org/jira/images/icons/statuses/closed.png" description="The issue is considered finished, the resolution is correct. Issues which are not closed can be reopened.">Closed</status>
                    <statusCategory id="3" key="done" colorName="green"/>
                                    <resolution id="3">Duplicate</resolution>
                                        <assignee username="tibordigana">Tibor Digana</assignee>
                                    <reporter username="Brand">Guy Brand</reporter>
                        <labels>
                    </labels>
                <created>Tue, 20 Aug 2019 14:24:32 +0000</created>
                <updated>Fri, 4 Jul 2025 07:34:10 +0000</updated>
                            <resolved>Mon, 10 Feb 2020 21:48:13 +0000</resolved>
                                                                    <component>JUnit 5.x support</component>
                    <component>Maven Surefire Plugin</component>
                        <due></due>
                            <votes>1</votes>
                                    <watches>6</watches>
                                                    <progress percentage="100">
                                    <originalProgress>
                                                    <row percentage="0" backgroundColor="#89afd7"/>
                                                    <row percentage="100" backgroundColor="transparent"/>
                                            </originalProgress>
                                                    <currentProgress>
                                                    <row percentage="100" backgroundColor="#51a825"/>
                                                    <row percentage="0" backgroundColor="#ec8e00"/>
                                            </currentProgress>
                            </progress>
                                    <aggregateprogress percentage="100">
                                    <originalProgress>
                                                    <row percentage="0" backgroundColor="#89afd7"/>
                                                    <row percentage="100" backgroundColor="transparent"/>
                                            </originalProgress>
                                                    <currentProgress>
                                                    <row percentage="100" backgroundColor="#51a825"/>
                                                    <row percentage="0" backgroundColor="#ec8e00"/>
                                            </currentProgress>
                            </aggregateprogress>
                                            <timeestimate seconds="0">0h</timeestimate>
                            <timespent seconds="2400">40m</timespent>
                                <comments>
                            <comment id="16914062" author="tibor17" created="Fri, 23 Aug 2019 08:47:58 +0000"  >&lt;p&gt;&lt;a href=&quot;https://issues.apache.org/jira/secure/ViewProfile.jspa?name=Brand&quot; class=&quot;user-hover&quot; rel=&quot;Brand&quot;&gt;Brand&lt;/a&gt;&lt;br/&gt;
This is probably old status of 3.0.0-SNAPSHOT.&lt;br/&gt;
Can you provide a pull-request with integration test (a new method &lt;tt&gt;testBeforeAllFailed&lt;/tt&gt;)?&lt;br/&gt;
See the class &lt;tt&gt;JUnitPlatformIT&lt;/tt&gt;.&lt;br/&gt;
I think the test will fail as expected.&lt;/p&gt;</comment>
                            <comment id="16937436" author="brand" created="Wed, 25 Sep 2019 06:23:33 +0000"  >&lt;p&gt;With a newer snapshot after the one I tested while reporting the issue was not present anymore. Could you close it as explained? Thanks.&lt;/p&gt;</comment>
                            <comment id="16976535" author="marcphilipp" created="Mon, 18 Nov 2019 13:32:36 +0000"  >&lt;p&gt;This is still broken, even with 3.0.0-M4. Here&apos;s the requested test case:&#160;&lt;a href=&quot;https://github.com/apache/maven-surefire/pull/255&quot; class=&quot;external-link&quot; target=&quot;_blank&quot; rel=&quot;nofollow noopener&quot;&gt;https://github.com/apache/maven-surefire/pull/255&lt;/a&gt;&lt;/p&gt;

&lt;p&gt;&lt;a href=&quot;https://issues.apache.org/jira/secure/ViewProfile.jspa?name=tibordigana&quot; class=&quot;user-hover&quot; rel=&quot;tibordigana&quot;&gt;tibordigana&lt;/a&gt;&#160;Please reopen this issue.&lt;/p&gt;</comment>
                            <comment id="16976572" author="tibor17" created="Mon, 18 Nov 2019 13:49:21 +0000"  >&lt;p&gt;&lt;a href=&quot;https://issues.apache.org/jira/secure/ViewProfile.jspa?name=marcphilipp&quot; class=&quot;user-hover&quot; rel=&quot;marcphilipp&quot;&gt;marcphilipp&lt;/a&gt; First of all prove it in PR and provide a fix. Write integration test and fix it. We required integration tests in the early beginning when we adopted the project from the JUnit5. This did not happen.&lt;/p&gt;</comment>
                            <comment id="16976576" author="marcphilipp" created="Mon, 18 Nov 2019 13:55:30 +0000"  >&lt;p&gt;Well, now you have one. You&apos;re welcome!&lt;/p&gt;</comment>
                            <comment id="16976577" author="tibor17" created="Mon, 18 Nov 2019 13:58:57 +0000"  >&lt;p&gt;&lt;a href=&quot;https://issues.apache.org/jira/secure/ViewProfile.jspa?name=marcphilipp&quot; class=&quot;user-hover&quot; rel=&quot;marcphilipp&quot;&gt;marcphilipp&lt;/a&gt;&lt;br/&gt;
I don&apos;t need it but you as it seems.&lt;br/&gt;
&lt;a href=&quot;https://issues.apache.org/jira/secure/ViewProfile.jspa?name=Brand&quot; class=&quot;user-hover&quot; rel=&quot;Brand&quot;&gt;Brand&lt;/a&gt;&lt;br/&gt;
If you or Marc need to have a fix, i may help but feel free open a PR with the fix on GitHub. See the class &lt;tt&gt;RunListenerAdapter&lt;/tt&gt; and debug the events.&lt;/p&gt;</comment>
                            <comment id="16976618" author="marcphilipp" created="Mon, 18 Nov 2019 15:09:00 +0000"  >&lt;p&gt;I don&apos;t have time to work on a fix right now.&lt;/p&gt;

&lt;p&gt;&lt;a href=&quot;https://issues.apache.org/jira/secure/ViewProfile.jspa?name=tibordigana&quot; class=&quot;user-hover&quot; rel=&quot;tibordigana&quot;&gt;tibordigana&lt;/a&gt;&#160;Again, could you please reopen this issue?&lt;/p&gt;</comment>
                            <comment id="16976620" author="tibor17" created="Mon, 18 Nov 2019 15:11:26 +0000"  >&lt;p&gt;&lt;a href=&quot;https://issues.apache.org/jira/secure/ViewProfile.jspa?name=marcphilipp&quot; class=&quot;user-hover&quot; rel=&quot;marcphilipp&quot;&gt;marcphilipp&lt;/a&gt;&lt;br/&gt;
No, first provide the fix with the proofs. No reason to open something which does not want to be fixed by the contributor.&lt;/p&gt;</comment>
                            <comment id="16976628" author="eolivelli" created="Mon, 18 Nov 2019 15:20:13 +0000"  >&lt;p&gt;This is a real bug, I can&apos;t find a reason for closing the case.&lt;/p&gt;

&lt;p&gt;When someone has time to fix the problem we will get a fix.&lt;/p&gt;

&lt;p&gt;I find very useful the fact that &lt;a href=&quot;https://issues.apache.org/jira/secure/ViewProfile.jspa?name=marcphilipp&quot; class=&quot;user-hover&quot; rel=&quot;marcphilipp&quot;&gt;marcphilipp&lt;/a&gt;&#160;created the test case.&lt;/p&gt;

&lt;p&gt;&#160;&lt;/p&gt;</comment>
                            <comment id="16985200" author="tibor17" created="Fri, 29 Nov 2019 22:06:14 +0000"  >&lt;p&gt;&lt;a href=&quot;https://issues.apache.org/jira/secure/ViewProfile.jspa?name=eolivelli&quot; class=&quot;user-hover&quot; rel=&quot;eolivelli&quot;&gt;eolivelli&lt;/a&gt;&lt;br/&gt;
I had to rework the IT test case because it influenced the old test results. So there is a new one.&lt;br/&gt;
And i introduced one more unit test.&lt;/p&gt;</comment>
                            <comment id="16985201" author="tibor17" created="Fri, 29 Nov 2019 22:11:51 +0000"  >&lt;p&gt;&lt;a href=&quot;https://gitbox.apache.org/repos/asf?p=maven-surefire.git;a=commit;h=ae3e0acc235983923fe310ed5d4fe7a49f69012a&quot; class=&quot;external-link&quot; target=&quot;_blank&quot; rel=&quot;nofollow noopener&quot;&gt;https://gitbox.apache.org/repos/asf?p=maven-surefire.git;a=commit;h=ae3e0acc235983923fe310ed5d4fe7a49f69012a&lt;/a&gt;&lt;/p&gt;</comment>
                            <comment id="17033712" author="sor" created="Mon, 10 Feb 2020 15:55:14 +0000"  >&lt;blockquote&gt;&lt;p&gt;&lt;span class=&quot;error&quot;&gt;&amp;#91;DEBUG&amp;#93;&lt;/span&gt; &amp;#8211; end configuration &amp;#8211;&lt;br/&gt;
&lt;span class=&quot;error&quot;&gt;&amp;#91;DEBUG&amp;#93;&lt;/span&gt; Surefire report directory: /home/hheg/git/junit_fail/target/surefire-reports&lt;br/&gt;
&lt;span class=&quot;error&quot;&gt;&amp;#91;DEBUG&amp;#93;&lt;/span&gt; Setting system property &lt;span class=&quot;error&quot;&gt;&amp;#91;user.dir&amp;#93;&lt;/span&gt;=&lt;span class=&quot;error&quot;&gt;&amp;#91;/home/hheg/git/junit_fail&amp;#93;&lt;/span&gt;&lt;br/&gt;
&lt;span class=&quot;error&quot;&gt;&amp;#91;DEBUG&amp;#93;&lt;/span&gt; Setting system property &lt;span class=&quot;error&quot;&gt;&amp;#91;localRepository&amp;#93;&lt;/span&gt;=&lt;span class=&quot;error&quot;&gt;&amp;#91;/home/hheg/.m2/repository&amp;#93;&lt;/span&gt;&lt;br/&gt;
&lt;span class=&quot;error&quot;&gt;&amp;#91;DEBUG&amp;#93;&lt;/span&gt; Setting system property &lt;span class=&quot;error&quot;&gt;&amp;#91;basedir&amp;#93;&lt;/span&gt;=&lt;span class=&quot;error&quot;&gt;&amp;#91;/home/hheg/git/junit_fail&amp;#93;&lt;/span&gt;&lt;br/&gt;
&lt;span class=&quot;error&quot;&gt;&amp;#91;DEBUG&amp;#93;&lt;/span&gt; Using JVM: /usr/lib/jvm/adoptopenjdk-8-hotspot-amd64/jre/bin/java with Java version 1.8&lt;br/&gt;
&lt;span class=&quot;error&quot;&gt;&amp;#91;DEBUG&amp;#93;&lt;/span&gt; Adding to surefire booter test classpath: /home/hheg/.m2/repository/org/apache/maven/surefire/surefire-booter/3.0.0-M4/surefire-booter-3.0.0-M4.jar Scope: compile&lt;br/&gt;
&lt;span class=&quot;error&quot;&gt;&amp;#91;DEBUG&amp;#93;&lt;/span&gt; Adding to surefire booter test classpath: /home/hheg/.m2/repository/org/apache/maven/surefire/surefire-api/3.0.0-M4/surefire-api-3.0.0-M4.jar Scope: compile&lt;br/&gt;
&lt;span class=&quot;error&quot;&gt;&amp;#91;DEBUG&amp;#93;&lt;/span&gt; Adding to surefire booter test classpath: /home/hheg/.m2/repository/org/apache/maven/surefire/surefire-logger-api/3.0.0-M4/surefire-logger-api-3.0.0-M4.jar Scope: compile&lt;br/&gt;
&lt;span class=&quot;error&quot;&gt;&amp;#91;DEBUG&amp;#93;&lt;/span&gt; Adding to surefire test classpath: /home/hheg/.m2/repository/org/apache/maven/surefire/surefire-junit-platform/3.0.0-M4/surefire-junit-platform-3.0.0-M4.jar Scope: null&lt;br/&gt;
&lt;span class=&quot;error&quot;&gt;&amp;#91;DEBUG&amp;#93;&lt;/span&gt; Adding to surefire test classpath: /home/hheg/.m2/repository/org/apache/maven/surefire/common-java5/3.0.0-M4/common-java5-3.0.0-M4.jar Scope: compile&lt;br/&gt;
&lt;span class=&quot;error&quot;&gt;&amp;#91;DEBUG&amp;#93;&lt;/span&gt; Adding to surefire test classpath: /home/hheg/.m2/repository/org/apache/maven/surefire/surefire-api/3.0.0-M4/surefire-api-3.0.0-M4.jar Scope: compile&lt;br/&gt;
&lt;span class=&quot;error&quot;&gt;&amp;#91;DEBUG&amp;#93;&lt;/span&gt; Adding to surefire test classpath: /home/hheg/.m2/repository/org/apache/maven/surefire/surefire-logger-api/3.0.0-M4/surefire-logger-api-3.0.0-M4.jar Scope: compile&lt;br/&gt;
&lt;span class=&quot;error&quot;&gt;&amp;#91;DEBUG&amp;#93;&lt;/span&gt; Adding to surefire test classpath: /home/hheg/.m2/repository/org/junit/platform/junit-platform-launcher/1.3.2/junit-platform-launcher-1.3.2.jar Scope: compile&lt;br/&gt;
&lt;span class=&quot;error&quot;&gt;&amp;#91;DEBUG&amp;#93;&lt;/span&gt; Adding to surefire test classpath: /home/hheg/.m2/repository/org/apiguardian/apiguardian-api/1.0.0/apiguardian-api-1.0.0.jar Scope: compile&lt;br/&gt;
&lt;span class=&quot;error&quot;&gt;&amp;#91;DEBUG&amp;#93;&lt;/span&gt; Adding to surefire test classpath: /home/hheg/.m2/repository/org/junit/platform/junit-platform-engine/1.3.2/junit-platform-engine-1.3.2.jar Scope: compile&lt;br/&gt;
&lt;span class=&quot;error&quot;&gt;&amp;#91;DEBUG&amp;#93;&lt;/span&gt; Adding to surefire test classpath: /home/hheg/.m2/repository/org/junit/platform/junit-platform-commons/1.3.2/junit-platform-commons-1.3.2.jar Scope: compile&lt;br/&gt;
&lt;span class=&quot;error&quot;&gt;&amp;#91;DEBUG&amp;#93;&lt;/span&gt; Adding to surefire test classpath: /home/hheg/.m2/repository/org/opentest4j/opentest4j/1.1.1/opentest4j-1.1.1.jar Scope: compile&lt;br/&gt;
&lt;span class=&quot;error&quot;&gt;&amp;#91;DEBUG&amp;#93;&lt;/span&gt; Test dependencies contain org.junit.platform:junit-platform-engine&lt;br/&gt;
&lt;span class=&quot;error&quot;&gt;&amp;#91;DEBUG&amp;#93;&lt;/span&gt; Resolving artifact org.junit.platform:junit-platform-engine:1.6.0&lt;br/&gt;
&lt;span class=&quot;error&quot;&gt;&amp;#91;DEBUG&amp;#93;&lt;/span&gt; Resolved artifact org.junit.platform:junit-platform-engine:1.6.0 to &lt;span class=&quot;error&quot;&gt;&amp;#91;org.junit.platform:junit-platform-engine:jar:1.6.0, org.apiguardian:apiguardian-api:jar:1.1.0:compile, org.opentest4j:opentest4j:jar:1.2.0:compile, org.junit.platform:junit-platform-commons:jar:1.6.0:compile&amp;#93;&lt;/span&gt;&lt;br/&gt;
&lt;span class=&quot;error&quot;&gt;&amp;#91;DEBUG&amp;#93;&lt;/span&gt; Removed artifact org.junit.platform:junit-platform-engine:jar:1.6.0 from provider. Already appears in test classpath.&lt;br/&gt;
&lt;span class=&quot;error&quot;&gt;&amp;#91;DEBUG&amp;#93;&lt;/span&gt; Removed artifact org.apiguardian:apiguardian-api:jar:1.1.0:compile from provider. Already appears in test classpath.&lt;br/&gt;
&lt;span class=&quot;error&quot;&gt;&amp;#91;DEBUG&amp;#93;&lt;/span&gt; Removed artifact org.opentest4j:opentest4j:jar:1.2.0:compile from provider. Already appears in test classpath.&lt;br/&gt;
&lt;span class=&quot;error&quot;&gt;&amp;#91;DEBUG&amp;#93;&lt;/span&gt; Removed artifact org.junit.platform:junit-platform-commons:jar:1.6.0:compile from provider. Already appears in test classpath.&lt;br/&gt;
&lt;span class=&quot;error&quot;&gt;&amp;#91;DEBUG&amp;#93;&lt;/span&gt; Resolving artifact org.junit.platform:junit-platform-launcher:1.6.0&lt;br/&gt;
&lt;span class=&quot;error&quot;&gt;&amp;#91;DEBUG&amp;#93;&lt;/span&gt; Resolved artifact org.junit.platform:junit-platform-launcher:1.6.0 to &lt;span class=&quot;error&quot;&gt;&amp;#91;org.junit.platform:junit-platform-launcher:jar:1.6.0, org.apiguardian:apiguardian-api:jar:1.1.0:compile, org.junit.platform:junit-platform-engine:jar:1.6.0:compile, org.opentest4j:opentest4j:jar:1.2.0:compile, org.junit.platform:junit-platform-commons:jar:1.6.0:compile&amp;#93;&lt;/span&gt;&lt;br/&gt;
&lt;span class=&quot;error&quot;&gt;&amp;#91;DEBUG&amp;#93;&lt;/span&gt; test classpath: /home/hheg/git/junit_fail/target/test-classes /home/hheg/git/junit_fail/target/classes /home/hheg/.m2/repository/org/junit/jupiter/junit-jupiter-api/5.6.0/junit-jupiter-api-5.6.0.jar /home/hheg/.m2/repository/org/apiguardian/apiguardian-api/1.1.0/apiguardian-api-1.1.0.jar /home/hheg/.m2/repository/org/opentest4j/opentest4j/1.2.0/opentest4j-1.2.0.jar /home/hheg/.m2/repository/org/junit/platform/junit-platform-commons/1.6.0/junit-platform-commons-1.6.0.jar /home/hheg/.m2/repository/org/junit/jupiter/junit-jupiter-engine/5.6.0/junit-jupiter-engine-5.6.0.jar /home/hheg/.m2/repository/org/junit/platform/junit-platform-engine/1.6.0/junit-platform-engine-1.6.0.jar /home/hheg/.m2/repository/org/junit/platform/junit-platform-launcher/1.6.0/junit-platform-launcher-1.6.0.jar&lt;br/&gt;
&lt;span class=&quot;error&quot;&gt;&amp;#91;DEBUG&amp;#93;&lt;/span&gt; provider classpath: /home/hheg/.m2/repository/org/apache/maven/surefire/surefire-junit-platform/3.0.0-M4/surefire-junit-platform-3.0.0-M4.jar /home/hheg/.m2/repository/org/apache/maven/surefire/surefire-api/3.0.0-M4/surefire-api-3.0.0-M4.jar /home/hheg/.m2/repository/org/apache/maven/surefire/surefire-logger-api/3.0.0-M4/surefire-logger-api-3.0.0-M4.jar /home/hheg/.m2/repository/org/apache/maven/surefire/common-java5/3.0.0-M4/common-java5-3.0.0-M4.jar&lt;br/&gt;
&lt;span class=&quot;error&quot;&gt;&amp;#91;DEBUG&amp;#93;&lt;/span&gt; test(compact) classpath: test-classes classes junit-jupiter-api-5.6.0.jar apiguardian-api-1.1.0.jar opentest4j-1.2.0.jar junit-platform-commons-1.6.0.jar junit-jupiter-engine-5.6.0.jar junit-platform-engine-1.6.0.jar junit-platform-launcher-1.6.0.jar&lt;br/&gt;
&lt;span class=&quot;error&quot;&gt;&amp;#91;DEBUG&amp;#93;&lt;/span&gt; provider(compact) classpath: surefire-junit-platform-3.0.0-M4.jar surefire-api-3.0.0-M4.jar surefire-logger-api-3.0.0-M4.jar common-java5-3.0.0-M4.jar&lt;br/&gt;
&lt;span class=&quot;error&quot;&gt;&amp;#91;DEBUG&amp;#93;&lt;/span&gt; in-process classpath: /home/hheg/.m2/repository/org/apache/maven/surefire/surefire-junit-platform/3.0.0-M4/surefire-junit-platform-3.0.0-M4.jar /home/hheg/.m2/repository/org/apache/maven/surefire/surefire-api/3.0.0-M4/surefire-api-3.0.0-M4.jar /home/hheg/.m2/repository/org/apache/maven/surefire/surefire-logger-api/3.0.0-M4/surefire-logger-api-3.0.0-M4.jar /home/hheg/.m2/repository/org/apache/maven/surefire/common-java5/3.0.0-M4/common-java5-3.0.0-M4.jar /home/hheg/.m2/repository/org/apache/maven/surefire/maven-surefire-common/3.0.0-M4/maven-surefire-common-3.0.0-M4.jar /home/hheg/.m2/repository/org/apache/maven/surefire/surefire-extensions-api/3.0.0-M4/surefire-extensions-api-3.0.0-M4.jar&lt;br/&gt;
&lt;span class=&quot;error&quot;&gt;&amp;#91;DEBUG&amp;#93;&lt;/span&gt; in-process(compact) classpath: surefire-junit-platform-3.0.0-M4.jar surefire-api-3.0.0-M4.jar surefire-logger-api-3.0.0-M4.jar common-java5-3.0.0-M4.jar maven-surefire-common-3.0.0-M4.jar surefire-extensions-api-3.0.0-M4.jar&lt;br/&gt;
&lt;span class=&quot;error&quot;&gt;&amp;#91;INFO&amp;#93;&lt;/span&gt; &lt;br/&gt;
&lt;span class=&quot;error&quot;&gt;&amp;#91;INFO&amp;#93;&lt;/span&gt; -------------------------------------------------------&lt;br/&gt;
&lt;span class=&quot;error&quot;&gt;&amp;#91;INFO&amp;#93;&lt;/span&gt; T E S T S&lt;br/&gt;
&lt;span class=&quot;error&quot;&gt;&amp;#91;INFO&amp;#93;&lt;/span&gt; -------------------------------------------------------&lt;br/&gt;
&lt;span class=&quot;error&quot;&gt;&amp;#91;DEBUG&amp;#93;&lt;/span&gt; Determined Maven Process ID 12066&lt;br/&gt;
&lt;span class=&quot;error&quot;&gt;&amp;#91;DEBUG&amp;#93;&lt;/span&gt; boot classpath: /home/hheg/.m2/repository/org/apache/maven/surefire/surefire-booter/3.0.0-M4/surefire-booter-3.0.0-M4.jar /home/hheg/.m2/repository/org/apache/maven/surefire/surefire-api/3.0.0-M4/surefire-api-3.0.0-M4.jar /home/hheg/.m2/repository/org/apache/maven/surefire/surefire-logger-api/3.0.0-M4/surefire-logger-api-3.0.0-M4.jar /home/hheg/git/junit_fail/target/test-classes /home/hheg/git/junit_fail/target/classes /home/hheg/.m2/repository/org/junit/jupiter/junit-jupiter-api/5.6.0/junit-jupiter-api-5.6.0.jar /home/hheg/.m2/repository/org/apiguardian/apiguardian-api/1.1.0/apiguardian-api-1.1.0.jar /home/hheg/.m2/repository/org/opentest4j/opentest4j/1.2.0/opentest4j-1.2.0.jar /home/hheg/.m2/repository/org/junit/platform/junit-platform-commons/1.6.0/junit-platform-commons-1.6.0.jar /home/hheg/.m2/repository/org/junit/jupiter/junit-jupiter-engine/5.6.0/junit-jupiter-engine-5.6.0.jar /home/hheg/.m2/repository/org/junit/platform/junit-platform-engine/1.6.0/junit-platform-engine-1.6.0.jar /home/hheg/.m2/repository/org/junit/platform/junit-platform-launcher/1.6.0/junit-platform-launcher-1.6.0.jar /home/hheg/.m2/repository/org/apache/maven/surefire/surefire-junit-platform/3.0.0-M4/surefire-junit-platform-3.0.0-M4.jar /home/hheg/.m2/repository/org/apache/maven/surefire/common-java5/3.0.0-M4/common-java5-3.0.0-M4.jar&lt;br/&gt;
&lt;span class=&quot;error&quot;&gt;&amp;#91;DEBUG&amp;#93;&lt;/span&gt; boot(compact) classpath: surefire-booter-3.0.0-M4.jar surefire-api-3.0.0-M4.jar surefire-logger-api-3.0.0-M4.jar test-classes classes junit-jupiter-api-5.6.0.jar apiguardian-api-1.1.0.jar opentest4j-1.2.0.jar junit-platform-commons-1.6.0.jar junit-jupiter-engine-5.6.0.jar junit-platform-engine-1.6.0.jar junit-platform-launcher-1.6.0.jar surefire-junit-platform-3.0.0-M4.jar common-java5-3.0.0-M4.jar&lt;br/&gt;
&lt;span class=&quot;error&quot;&gt;&amp;#91;DEBUG&amp;#93;&lt;/span&gt; Forking command line: /bin/sh -c cd /home/hheg/git/junit_fail &amp;amp;&amp;amp; /usr/lib/jvm/adoptopenjdk-8-hotspot-amd64/jre/bin/java -jar /home/hheg/git/junit_fail/target/surefire/surefirebooter1335223135765781073.jar /home/hheg/git/junit_fail/target/surefire 2020-02-10T14-11-42_186-jvmRun1 surefire2241776508346597516tmp surefire_01062025114292542072tmp&lt;br/&gt;
&lt;span class=&quot;error&quot;&gt;&amp;#91;DEBUG&amp;#93;&lt;/span&gt; PpidChecker{ppid=12066, stopped=false, canExecuteLocalUnixPs=false, canExecuteStandardUnixPs=true}&lt;br/&gt;
&lt;span class=&quot;error&quot;&gt;&amp;#91;INFO&amp;#93;&lt;/span&gt; Running junit_fail.JunitFailTest&lt;br/&gt;
&lt;span class=&quot;error&quot;&gt;&amp;#91;INFO&amp;#93;&lt;/span&gt; Tests run: 0, Failures: 0, Errors: 0, Skipped: 0, Time elapsed: 0.015 s - in junit_fail.JunitFailTest&lt;/p&gt;&lt;/blockquote&gt;

&lt;p&gt;Seems like Surefire 3.0.0-M4 loaded JUnit Platform artifacts version 1.3.2 into it&apos;s classpath. That seems to conflict with the version 1.6.0 the user requested by using JUnit Jupiter 5.6.0&lt;/p&gt;

&lt;p&gt;See also: &lt;a href=&quot;https://github.com/junit-team/junit5/issues/2178&quot; class=&quot;external-link&quot; target=&quot;_blank&quot; rel=&quot;nofollow noopener&quot;&gt;https://github.com/junit-team/junit5/issues/2178&lt;/a&gt;&lt;/p&gt;</comment>
                            <comment id="17033714" author="sor" created="Mon, 10 Feb 2020 15:57:28 +0000"  >&lt;p&gt;Failing test case was offered by Marc Philipp and another user reported the same issue at &lt;a href=&quot;https://github.com/junit-team/junit5/issues/2178&quot; class=&quot;external-link&quot; target=&quot;_blank&quot; rel=&quot;nofollow noopener&quot;&gt;https://github.com/junit-team/junit5/issues/2178&lt;/a&gt;&lt;/p&gt;</comment>
                            <comment id="17033968" author="tibor17" created="Mon, 10 Feb 2020 21:46:00 +0000"  >&lt;p&gt;&lt;a href=&quot;https://issues.apache.org/jira/secure/ViewProfile.jspa?name=sor&quot; class=&quot;user-hover&quot; rel=&quot;sor&quot;&gt;sor&lt;/a&gt; You are talking about another issue. I remember that the issue you described with the resolution of JUnit Platform artifacts versions was investigated few months ago. I digged into it that time and I have to do it again. I do not remember the details anymore.&lt;/p&gt;</comment>
                            <comment id="17033969" author="tibor17" created="Mon, 10 Feb 2020 21:48:13 +0000"  >&lt;p&gt;&lt;a href=&quot;https://issues.apache.org/jira/secure/ViewProfile.jspa?name=Brand&quot; class=&quot;user-hover&quot; rel=&quot;Brand&quot;&gt;Brand&lt;/a&gt; We fixed this usecase, see &lt;a href=&quot;https://issues.apache.org/jira/browse/SUREFIRE-1741&quot; title=&quot;Exceptions in parameterized test sources are ignored&quot; class=&quot;issue-link&quot; data-issue-key=&quot;SUREFIRE-1741&quot;&gt;&lt;del&gt;SUREFIRE-1741&lt;/del&gt;&lt;/a&gt;, in master. Pls install the snapshot version in your local repo and verify the fix with the command &lt;tt&gt;mvn -nsu test&lt;/tt&gt;.&lt;/p&gt;</comment>
                            <comment id="17035272" author="brand" created="Wed, 12 Feb 2020 11:02:42 +0000"  >&lt;p&gt;We tested it with our integration tests and the latest snapshot of &lt;tt&gt;master&lt;/tt&gt; fixes it. Thanks for the fix!&lt;/p&gt;</comment>
                            <comment id="17035285" author="sor" created="Wed, 12 Feb 2020 11:14:12 +0000"  >&lt;p&gt;Sounds great.&lt;/p&gt;

&lt;p&gt;Thanks for clarifying, Tibor.&lt;br/&gt;
Thanks for verifying, Guy.&lt;/p&gt;</comment>
                            <comment id="17035296" author="tibor17" created="Wed, 12 Feb 2020 11:27:30 +0000"  >&lt;p&gt;&lt;a href=&quot;https://issues.apache.org/jira/secure/ViewProfile.jspa?name=sor&quot; class=&quot;user-hover&quot; rel=&quot;sor&quot;&gt;sor&lt;/a&gt;&lt;br/&gt;
I have reported the issue, as you described it using the log, in &lt;a href=&quot;https://issues.apache.org/jira/browse/SUREFIRE-1750&quot; title=&quot;Wrong resolution of JUnit5 Provider artifacts&quot; class=&quot;issue-link&quot; data-issue-key=&quot;SUREFIRE-1750&quot;&gt;&lt;del&gt;SUREFIRE-1750&lt;/del&gt;&lt;/a&gt;.&lt;/p&gt;</comment>
                            <comment id="17995087" author="olamy" created="Fri, 4 Jul 2025 07:34:10 +0000"  >&lt;p&gt;This project has moved from Jira to GitHub Issues. This issue was migrated to &lt;a href=&quot;https://github.com/apache/maven-surefire/issues/2078&quot; class=&quot;external-link&quot; target=&quot;_blank&quot; rel=&quot;nofollow noopener&quot;&gt;apache/maven-surefire#2078&lt;/a&gt;. &lt;/p&gt;</comment>
                    </comments>
                <issuelinks>
                            <issuelinktype id="12310000">
                    <name>Duplicate</name>
                                            <outwardlinks description="duplicates">
                                        <issuelink>
            <issuekey id="13276657">SUREFIRE-1741</issuekey>
        </issuelink>
                            </outwardlinks>
                                                                <inwardlinks description="is duplicated by">
                                        <issuelink>
            <issuekey id="13272037">SUREFIRE-1730</issuekey>
        </issuelink>
            <issuelink>
            <issuekey id="13284789">SUREFIRE-1750</issuekey>
        </issuelink>
                            </inwardlinks>
                                    </issuelinktype>
                    </issuelinks>
                <attachments>
                    </attachments>
                <subtasks>
                    </subtasks>
                <customfields>
                                                                            <customfield id="customfield_12310310" key="com.atlassian.jira.toolkit:attachments">
                        <customfieldname>Attachment count</customfieldname>
                        <customfieldvalues>
                            <customfieldvalue>0.0</customfieldvalue>
                        </customfieldvalues>
                    </customfield>
                                                                                                                                                                                                                                                                                                                                                                                                                                                                                                                                                                                                                                                                                                        <customfield id="customfield_12314020" key="com.atlassian.jira.plugins.jira-development-integration-plugin:devsummary">
                        <customfieldname>Development</customfieldname>
                        <customfieldvalues>
                            
                        </customfieldvalues>
                    </customfield>
                                                                                                                        <customfield id="customfield_12313422" key="com.atlassian.jirafisheyeplugin:jobcheckbox">
                        <customfieldname>Enable Automatic Patch Review</customfieldname>
                        <customfieldvalues>
                            <customfieldvalue><![CDATA[no_permission]]></customfieldvalue>

                        </customfieldvalues>
                    </customfield>
                                                                                                                                                                                                                                                                                                                                                                                                                                                                                                                                                                                                                    <customfield id="customfield_12310420" key="com.pyxis.greenhopper.jira:gh-global-rank">
                        <customfieldname>Global Rank</customfieldname>
                        <customfieldvalues>
                            <customfieldvalue>9223372036854775807</customfieldvalue>
                        </customfieldvalues>
                    </customfield>
                                                                                                                                                                                                                                        <customfield id="customfield_12312521" key="com.atlassian.jira.toolkit:LastCommentDate">
                        <customfieldname>Last public comment date</customfieldname>
                        <customfieldvalues>
                            18 weeks, 4 days ago
                        </customfieldvalues>
                    </customfield>
                                                                                                                                                                                                                                                                                                <customfield id="customfield_12311820" key="com.pyxis.greenhopper.jira:gh-lexo-rank">
                        <customfieldname>Rank</customfieldname>
                        <customfieldvalues>
                            <customfieldvalue>0|z05u7s:</customfieldvalue>

                        </customfieldvalues>
                    </customfield>
                                                                <customfield id="customfield_12310920" key="com.pyxis.greenhopper.jira:gh-global-rank">
                        <customfieldname>Rank (Obsolete)</customfieldname>
                        <customfieldvalues>
                            <customfieldvalue>9223372036854775807</customfieldvalue>
                        </customfieldvalues>
                    </customfield>
                                                                                                                                                                                                                                                                                                                                                                                                                                                                                                                                                                                                                                                                                                                                                                                            </customfields>
    </item>
</channel>
</rss>