<!-- 
RSS generated by JIRA (8.20.10#820010-sha1:ace47f9899e9ee25d7157d59aa17ab06aee30d3d) at Wed Nov 12 07:16:45 UTC 2025

It is possible to restrict the fields that are returned in this document by specifying the 'field' parameter in your request.
For example, to request only the issue key and summary append 'field=key&field=summary' to the URL of your request.
-->
<rss version="0.92" >
<channel>
    <title>ASF Jira</title>
    <link>https://issues.apache.org/jira</link>
    <description>This file is an XML representation of an issue</description>
    <language>en-uk</language>    <build-info>
        <version>8.20.10</version>
        <build-number>820010</build-number>
        <build-date>22-06-2022</build-date>
    </build-info>


<item>
            <title>[SUREFIRE-1741] Exceptions in parameterized test sources are ignored</title>
                <link>https://issues.apache.org/jira/browse/SUREFIRE-1741</link>
                <project id="12317927" key="SUREFIRE">Maven Surefire (Moved to GitHub Issues)</project>
                    <description>&lt;p&gt;Associated versions on my end at time of testing:&lt;/p&gt;
&lt;ul&gt;
	&lt;li&gt;JUnit Jupiter 5.5.1&lt;/li&gt;
	&lt;li&gt;JDK 11.0.5&lt;/li&gt;
	&lt;li&gt;Maven 3.6.1&lt;/li&gt;
&lt;/ul&gt;


&lt;p&gt;&#160;&lt;/p&gt;

&lt;p&gt;If the following code is run, either for Surefire or Failsafe, only two of the test methods are logged as having been detected at all. The third one is completely ignored as if it didn&apos;t exist.&lt;/p&gt;
&lt;div class=&quot;code panel&quot; style=&quot;border-width: 1px;&quot;&gt;&lt;div class=&quot;codeContent panelContent&quot;&gt;
&lt;pre class=&quot;code-java&quot;&gt;
&lt;span class=&quot;code-keyword&quot;&gt;public&lt;/span&gt; &lt;span class=&quot;code-keyword&quot;&gt;class &lt;/span&gt;ExampleTest {

  @Test
  &lt;span class=&quot;code-keyword&quot;&gt;public&lt;/span&gt; void shouldRunAndPassAsExpected() {
  }

  &lt;span class=&quot;code-keyword&quot;&gt;public&lt;/span&gt; &lt;span class=&quot;code-keyword&quot;&gt;static&lt;/span&gt; Stream&amp;lt;Arguments&amp;gt; nothing() {
    &lt;span class=&quot;code-keyword&quot;&gt;return&lt;/span&gt; Stream.of(Arguments.arguments());
  }

  @ParameterizedTest
  @MethodSource(&lt;span class=&quot;code-quote&quot;&gt;&quot;nothing&quot;&lt;/span&gt;)
  &lt;span class=&quot;code-keyword&quot;&gt;public&lt;/span&gt; void shouldRunAndFailAsExpected() {
    Assertions.fail();
  }

  &lt;span class=&quot;code-keyword&quot;&gt;static&lt;/span&gt; Stream&amp;lt;Arguments&amp;gt; throwException() {
    &lt;span class=&quot;code-keyword&quot;&gt;if&lt;/span&gt; (&lt;span class=&quot;code-keyword&quot;&gt;true&lt;/span&gt;) &lt;span class=&quot;code-keyword&quot;&gt;throw&lt;/span&gt; &lt;span class=&quot;code-keyword&quot;&gt;new&lt;/span&gt; RuntimeException(&lt;span class=&quot;code-quote&quot;&gt;&quot;Stop&quot;&lt;/span&gt;);
    &lt;span class=&quot;code-keyword&quot;&gt;return&lt;/span&gt; Stream.of(Arguments.arguments());
  }

  @ParameterizedTest
  @MethodSource(&lt;span class=&quot;code-quote&quot;&gt;&quot;throwException&quot;&lt;/span&gt;)
  void willNotBeLoggedAsFailingDespiteNotRunning() {
    Assertions.fail();
  }
}
&lt;/pre&gt;
&lt;/div&gt;&lt;/div&gt;
&lt;p&gt;This is particularly obvious if the first two test methods are commented out, as running mvn test will log that 0 tests were run.&lt;/p&gt;

&lt;p&gt;&#160;&lt;/p&gt;

&lt;p&gt;In case it helps, here&apos;s the output I&apos;m seeing when running it with the first two tests commented out:&lt;/p&gt;
&lt;div class=&quot;preformatted panel&quot; style=&quot;border-width: 1px;&quot;&gt;&lt;div class=&quot;preformattedContent panelContent&quot;&gt;
&lt;pre&gt;[INFO] -------------------------------------------------------
[INFO]  T E S T S
[INFO] -------------------------------------------------------
[INFO] Running ExampleIT
[INFO] Tests run: 0, Failures: 0, Errors: 0, Skipped: 0, Time elapsed: 0.02 s - in ExampleIT
[INFO] 
[INFO] Results:
[INFO] 
[INFO] Tests run: 0, Failures: 0, Errors: 0, Skipped: 0&lt;/pre&gt;
&lt;/div&gt;&lt;/div&gt;
&lt;p&gt;&#160;&lt;/p&gt;</description>
                <environment></environment>
        <key id="13276657">SUREFIRE-1741</key>
            <summary>Exceptions in parameterized test sources are ignored</summary>
                <type id="1" iconUrl="https://issues.apache.org/jira/secure/viewavatar?size=xsmall&amp;avatarId=21133&amp;avatarType=issuetype">Bug</type>
                                            <priority id="3" iconUrl="https://issues.apache.org/jira/images/icons/priorities/major.svg">Major</priority>
                        <status id="6" iconUrl="https://issues.apache.org/jira/images/icons/statuses/closed.png" description="The issue is considered finished, the resolution is correct. Issues which are not closed can be reopened.">Closed</status>
                    <statusCategory id="3" key="done" colorName="green"/>
                                    <resolution id="1">Fixed</resolution>
                                        <assignee username="tibordigana">Tibor Digana</assignee>
                                    <reporter username="ajohnston">Albert Johnston</reporter>
                        <labels>
                    </labels>
                <created>Fri, 27 Dec 2019 22:58:46 +0000</created>
                <updated>Fri, 4 Jul 2025 07:35:10 +0000</updated>
                            <resolved>Sat, 1 Feb 2020 01:20:05 +0000</resolved>
                                    <version>3.0.0-M4</version>
                                    <fixVersion>3.0.0-M5</fixVersion>
                                    <component>JUnit 5.x support</component>
                    <component>Maven Failsafe Plugin</component>
                    <component>Maven Surefire Plugin</component>
                        <due></due>
                            <votes>0</votes>
                                    <watches>4</watches>
                                                    <progress percentage="100">
                                    <originalProgress>
                                                    <row percentage="0" backgroundColor="#89afd7"/>
                                                    <row percentage="100" backgroundColor="transparent"/>
                                            </originalProgress>
                                                    <currentProgress>
                                                    <row percentage="100" backgroundColor="#51a825"/>
                                                    <row percentage="0" backgroundColor="#ec8e00"/>
                                            </currentProgress>
                            </progress>
                                    <aggregateprogress percentage="100">
                                    <originalProgress>
                                                    <row percentage="0" backgroundColor="#89afd7"/>
                                                    <row percentage="100" backgroundColor="transparent"/>
                                            </originalProgress>
                                                    <currentProgress>
                                                    <row percentage="100" backgroundColor="#51a825"/>
                                                    <row percentage="0" backgroundColor="#ec8e00"/>
                                            </currentProgress>
                            </aggregateprogress>
                                            <timeestimate seconds="0">0h</timeestimate>
                            <timespent seconds="1800">0.5h</timespent>
                                <comments>
                            <comment id="17004491" author="tibor17" created="Sat, 28 Dec 2019 14:39:04 +0000"  >&lt;p&gt;If you see zero tests in report, it does not mean that the tests were not executed.&lt;br/&gt;
Also it mey mean the same issue in JUnit5. I found two Jira issues reported against Surefire but it was closed as user error.&lt;br/&gt;
Try to write a project on Gihtub without Maven and execute the tests directly via junit5 engine. Pls prove the bug like this and invetigate the events &lt;tt&gt;org.junit.platform.launcher.TestExecutionListener&lt;/tt&gt; because there is a suspicion about the MethodSource. This would help us! Thx&lt;/p&gt;</comment>
                            <comment id="17005803" author="ajohnston" created="Mon, 30 Dec 2019 20:13:03 +0000"  >&lt;p&gt;&lt;a href=&quot;https://issues.apache.org/jira/secure/ViewProfile.jspa?name=tibordigana&quot; class=&quot;user-hover&quot; rel=&quot;tibordigana&quot;&gt;tibordigana&lt;/a&gt;&#160;I didn&apos;t set anything up with TestExecutionListener, let me know if that&apos;s necessary, but here&apos;s the code above running with just JUnit 5&apos;s console runner.&#160;&lt;/p&gt;

&lt;p&gt;&#160;&lt;/p&gt;

&lt;p&gt;&lt;a href=&quot;https://github.com/ajohnstonTE/JUnit5Test&quot; class=&quot;external-link&quot; target=&quot;_blank&quot; rel=&quot;nofollow noopener&quot;&gt;https://github.com/ajohnstonTE/JUnit5Test&lt;/a&gt;&lt;/p&gt;

&lt;p&gt;&#160;&lt;/p&gt;

&lt;p&gt;This is the output if you comment out everything except the exceptional test and its MethodSource, then run it:&lt;/p&gt;

&lt;p&gt;&#160;&lt;/p&gt;
&lt;div class=&quot;preformatted panel&quot; style=&quot;border-width: 1px;&quot;&gt;&lt;div class=&quot;preformattedContent panelContent&quot;&gt;
&lt;pre&gt;PS D:\development\JUnit5Test&amp;gt; javac -d out -cp junit-platform-console-standalone-1.6.0-M1.jar TestClass.java
&amp;gt;&amp;gt; java -jar junit-platform-console-standalone-1.6.0-M1.jar --class-path out --scan-class-path                          
Thanks for using JUnit! Support its development at https://junit.org/sponsoring�[36m.�[0m
�[36m+--�[0m �[36mJUnit Jupiter�[0m �[32m[OK]�[0m
�[36m| &apos;--�[0m �[36mTestClass�[0m �[32m[OK]�[0m
�[36m|   &apos;--�[0m �[31mwillNotBeLoggedAsFailingDespiteNotRunning()�[0m �[31m[X]�[0m �[31mStop�[0m
�[36m&apos;--�[0m �[36mJUnit Vintage�[0m �[32m[OK]�[0mFailures (1):
  JUnit Jupiter:TestClass:willNotBeLoggedAsFailingDespiteNotRunning()
    MethodSource [className = &apos;TestClass&apos;, methodName = &apos;willNotBeLoggedAsFailingDespiteNotRunning&apos;, methodParameterTypes = &apos;&apos;]
    =&amp;gt; java.lang.RuntimeException: Stop
       TestClass.throwException(TestClass.java:25)
       java.base/jdk.internal.reflect.NativeMethodAccessorImpl.invoke0(Native Method)
       java.base/jdk.internal.reflect.NativeMethodAccessorImpl.invoke(NativeMethodAccessorImpl.java:62)
       java.base/jdk.internal.reflect.DelegatingMethodAccessorImpl.invoke(DelegatingMethodAccessorImpl.java:43)
       java.base/java.lang.reflect.Method.invoke(Method.java:566)
       [...]
       Suppressed: org.junit.platform.commons.PreconditionViolationException: Configuration error: You must configure at least one set of arguments for this @ParameterizedTest
         org.junit.platform.commons.util.Preconditions.condition(Preconditions.java:281)
         org.junit.jupiter.params.ParameterizedTestExtension.lambda$provideTestTemplateInvocationContexts$6(ParameterizedTestExtension.java:90)
         java.base/java.util.stream.AbstractPipeline.close(AbstractPipeline.java:323)
         java.base/java.util.stream.ReferencePipeline$7$1.accept(ReferencePipeline.java:271)
         [...]Test run finished after 49 ms
[         4 containers found      ]
[         0 containers skipped    ]
[         4 containers started    ]
[         0 containers aborted    ]
[         3 containers successful ]
[         1 containers failed     ]
[         0 tests found           ]
[         0 tests skipped         ]
[         0 tests started         ]
[         0 tests aborted         ]
[         0 tests successful      ]
[         0 tests failed          ]&lt;/pre&gt;
&lt;/div&gt;&lt;/div&gt;
&lt;p&gt;Some of the output is a little wonky (this is in Powershell), but it otherwise seems to work fine. What&apos;s interesting is the fact that it says &quot;1 containers failed&quot;, but also &quot;0 tests failed&quot;. I&apos;ll skip posting another large chunk of logs, but when you run it with the other tests included, it still says &quot;1 containers failed&quot;, but with the correct (aside from the exceptional test) number of tests passing/failing.&lt;/p&gt;

&lt;p&gt;It seems like I should, but let me know if I should log this as a bug in JUnit instead.&lt;/p&gt;

&lt;p&gt;&#160;&lt;/p&gt;</comment>
                            <comment id="17009280" author="ajohnston" created="Tue, 7 Jan 2020 01:34:51 +0000"  >&lt;p&gt;&lt;a href=&quot;https://issues.apache.org/jira/secure/ViewProfile.jspa?name=tibordigana&quot; class=&quot;user-hover&quot; rel=&quot;tibordigana&quot;&gt;tibordigana&lt;/a&gt;&#160;Any updates on this?&lt;/p&gt;

&lt;p&gt;&#160;&lt;/p&gt;

&lt;p&gt;The output does actually recognize that the method had an exception, but it also outputs that 0 tests failed. Which is true from a certain perspective, but either way, I need to know if I should take this to the JUnit guys or if this is something Surefire/Failsafe needs to handle.&lt;/p&gt;</comment>
                            <comment id="17009650" author="tibor17" created="Tue, 7 Jan 2020 11:45:23 +0000"  >&lt;p&gt;&lt;a href=&quot;https://issues.apache.org/jira/secure/ViewProfile.jspa?name=ajohnston&quot; class=&quot;user-hover&quot; rel=&quot;ajohnston&quot;&gt;ajohnston&lt;/a&gt;&lt;br/&gt;
I would like to see a comparison of the surefire test result with &lt;b&gt;JUnit4&lt;/b&gt; parameterized test.&lt;br/&gt;
I hope it has something like this:&lt;br/&gt;
&lt;tt&gt;Tests run: 1, Failures: 0, Errors: 1, Skipped: 0, Time elapsed: 0.02 s - in ExampleIT&lt;/tt&gt;&lt;br/&gt;
Then we should reach the same outcome.&lt;br/&gt;
The code which determines this result is controlled by &lt;tt&gt;RunListenerAdapter#executionFinished()&lt;/tt&gt; in surefire.&lt;/p&gt;</comment>
                            <comment id="17010139" author="ajohnston" created="Tue, 7 Jan 2020 22:26:29 +0000"  >&lt;p&gt;Alright, JUnit4 did seem to handle this differently. Here&apos;s the repo.&#160;&lt;a href=&quot;https://github.com/ajohnstonTE/JUnit4Test&quot; class=&quot;external-link&quot; target=&quot;_blank&quot; rel=&quot;nofollow noopener&quot;&gt;https://github.com/ajohnstonTE/JUnit4Test&lt;/a&gt;&lt;/p&gt;

&lt;p&gt;&#160;&lt;/p&gt;

&lt;p&gt;When running the &quot;bundled&quot; version I provide in that repo, this is the result:&lt;/p&gt;

&lt;p&gt;&#160;&lt;/p&gt;
&lt;div class=&quot;preformatted panel&quot; style=&quot;border-width: 1px;&quot;&gt;&lt;div class=&quot;preformattedContent panelContent&quot;&gt;
&lt;pre&gt;&amp;gt; java -cp .;junit-4.12.jar;hamcrest-core-1.3.jar org.junit.runner.JUnitCore TestClass
JUnit version 4.12
.E.E.
Time: 0.003
There were 2 failures:
1) initializationError(TestClass$WillNotBeLoggedAsFailingDespiteNotRunningWithParametersTest)
java.lang.RuntimeException
        at TestClass$WillNotBeLoggedAsFailingDespiteNotRunningWithParametersTest.throwException(TestClass.java:37)
        ...(omitted)
2) test[0](TestClass$ShouldRunAndFailAsExpectedWithParametersTest)
java.lang.AssertionError
        at org.junit.Assert.fail(Assert.java:86)
        at org.junit.Assert.fail(Assert.java:95)
        at TestClass$ShouldRunAndFailAsExpectedWithParametersTest.test(TestClass.java:29)
        ...(omitted)

FAILURES!!!
Tests run: 3,  Failures: 2&lt;/pre&gt;
&lt;/div&gt;&lt;/div&gt;
&lt;p&gt;Note: I used the &quot;Enclosed&quot; class to bundle them into a single class/run command. But I also tried each test separately (also included in the repo), and the one with the exception in the parameters method still fails. Just so that there&apos;s at least a demonstration that truly only includes the stuff that needed to be tested.&lt;/p&gt;</comment>
                            <comment id="17010158" author="tibor17" created="Tue, 7 Jan 2020 23:08:10 +0000"  >&lt;p&gt;&lt;a href=&quot;https://issues.apache.org/jira/secure/ViewProfile.jspa?name=ajohnston&quot; class=&quot;user-hover&quot; rel=&quot;ajohnston&quot;&gt;ajohnston&lt;/a&gt;&lt;br/&gt;
I have noticed that we made a fix in &lt;a href=&quot;https://issues.apache.org/jira/browse/SUREFIRE-1688&quot; title=&quot;Junit Platform test with failing @BeforeAll does not fail the build&quot; class=&quot;issue-link&quot; data-issue-key=&quot;SUREFIRE-1688&quot;&gt;&lt;del&gt;SUREFIRE-1688&lt;/del&gt;&lt;/a&gt;. Now it looks to me that the version &lt;tt&gt;3.0.0-SNAPSHOT&lt;/tt&gt; may report failing test. Pls check it out with that and let us know how the test report looks like.&lt;/p&gt;</comment>
                            <comment id="17010189" author="ajohnston" created="Wed, 8 Jan 2020 00:09:39 +0000"  >&lt;p&gt;Ok, I tried it with a local project, so there are other tests, but I added the following test:&lt;/p&gt;

&lt;p&gt;&#160;&lt;/p&gt;
&lt;div class=&quot;code panel&quot; style=&quot;border-width: 1px;&quot;&gt;&lt;div class=&quot;codeContent panelContent&quot;&gt;
&lt;pre class=&quot;code-java&quot;&gt;
&lt;span class=&quot;code-keyword&quot;&gt;static&lt;/span&gt; Stream&amp;lt;Arguments&amp;gt; argsThrow() {
  &lt;span class=&quot;code-keyword&quot;&gt;if&lt;/span&gt; (&lt;span class=&quot;code-keyword&quot;&gt;true&lt;/span&gt;) &lt;span class=&quot;code-keyword&quot;&gt;throw&lt;/span&gt; &lt;span class=&quot;code-keyword&quot;&gt;new&lt;/span&gt; RuntimeException();
  &lt;span class=&quot;code-keyword&quot;&gt;return&lt;/span&gt; Stream.of(
      Arguments.arguments()
  );
}

@ParameterizedTest
@MethodSource(&lt;span class=&quot;code-quote&quot;&gt;&quot;argsThrow&quot;&lt;/span&gt;)
void testItThrow() {
  fail();
}
&lt;/pre&gt;
&lt;/div&gt;&lt;/div&gt;
&lt;p&gt;I targeted 3.0.0-SNAPSHOT, and when I tried it I got the same result as before.&lt;/p&gt;

&lt;p&gt;&#160;&lt;/p&gt;

&lt;p&gt;&#160;&lt;/p&gt;
&lt;div class=&quot;preformatted panel&quot; style=&quot;border-width: 1px;&quot;&gt;&lt;div class=&quot;preformattedContent panelContent&quot;&gt;
&lt;pre&gt;[INFO] ----------------&amp;lt; omitted:omitted &amp;gt;-----------------
[INFO] Building omitted 1.0-SNAPSHOT
[INFO] --------------------------------[ jar ]---------------------------------
[INFO]
[INFO] --- maven-resources-plugin:2.6:resources (default-resources) @ omitted ---
[INFO] Using &apos;UTF-8&apos; encoding to copy filtered resources.
[INFO] Copying 10 resources
[INFO]
[INFO] --- maven-compiler-plugin:3.1:compile (default-compile) @ omitted ---
[INFO] Nothing to compile - all classes are up to date
[INFO]
[INFO] --- maven-resources-plugin:2.6:testResources (default-testResources) @ omitted ---
[INFO] Using &apos;UTF-8&apos; encoding to copy filtered resources.
[INFO] Copying 15 resources
[INFO]
[INFO] --- maven-compiler-plugin:3.1:testCompile (default-testCompile) @ omitted ---
[INFO] Changes detected - recompiling the module!
[INFO] Compiling 18 source files to D:\development\omitted\target\test-classes
[INFO]
[INFO] --- maven-surefire-plugin:3.0.0-SNAPSHOT:test (default-test) @ omitted ---
[INFO]
[INFO] -------------------------------------------------------
[INFO]  T E S T S
[INFO] -------------------------------------------------------
[INFO] Running omitted.OmittedTest
[INFO] Tests run: 1, Failures: 0, Errors: 0, Skipped: 0, Time elapsed: 0.24 s - in omitted.OmittedTest
[INFO] Running omitted.OmittedOtherTest
[INFO] Tests run: 2, Failures: 0, Errors: 0, Skipped: 0, Time elapsed: 0.011 s - in omitted.OmittedOtherTest
[INFO]
[INFO] Results:
[INFO]
[INFO] Tests run: 3, Failures: 0, Errors: 0, Skipped: 0
[INFO]
[INFO] ------------------------------------------------------------------------
[INFO] BUILD SUCCESS
[INFO] ------------------------------------------------------------------------
[INFO] Total time:  4.106 s
[INFO] Finished at: 2020-01-07T16:07:17-08:00
[INFO] ------------------------------------------------------------------------&lt;/pre&gt;
&lt;/div&gt;&lt;/div&gt;
&lt;p&gt;So it doesn&apos;t seem to have fixed this issue. I can create a public repo to demonstrate this if necessary.&lt;/p&gt;

&lt;p&gt;&#160;&lt;/p&gt;</comment>
                            <comment id="17010601" author="tibor17" created="Wed, 8 Jan 2020 11:28:48 +0000"  >&lt;p&gt;&lt;a href=&quot;https://issues.apache.org/jira/secure/ViewProfile.jspa?name=ajohnston&quot; class=&quot;user-hover&quot; rel=&quot;ajohnston&quot;&gt;ajohnston&lt;/a&gt;&lt;br/&gt;
That&apos;s ok. The extra project is not necessary to have.&lt;br/&gt;
So the only problem is that we do not have &lt;tt&gt;Errors: 3&lt;/tt&gt;. In this snapshot version we got &lt;tt&gt;Tests run: 3&lt;/tt&gt; and not zero which is expected I would say.&lt;br/&gt;
Pls clone the surefire project from GH, write a new unit test in &lt;tt&gt;RunListenerAdapterTest&lt;/tt&gt; and debug the &lt;tt&gt;RunListenerAdapter#executionFinished()&lt;/tt&gt;. The fix has to be done right in the adapter. &lt;/p&gt;</comment>
                            <comment id="17023212" author="ajohnston" created="Fri, 24 Jan 2020 19:46:53 +0000"  >&lt;p&gt;I opened a PR with tests for the problem and a fix for it as well. But just before I opened the PR, I noticed there&apos;s already a PR open that fixes the same root problem, for a different Jira issue. And it does it better (it reports them as test errors rather than test failures, and one other thing that&apos;s harder to explain), and with less code. But for the sake of at least including the additional tests, I still opened my PR.&lt;/p&gt;

&lt;p&gt;&#160;&lt;/p&gt;

&lt;p&gt;My PR:&#160;&lt;a href=&quot;https://github.com/apache/maven-surefire/pull/267&quot; class=&quot;external-link&quot; target=&quot;_blank&quot; rel=&quot;nofollow noopener&quot;&gt;https://github.com/apache/maven-surefire/pull/267&lt;/a&gt;&lt;br/&gt;
Other PR:&#160;&lt;a href=&quot;https://github.com/apache/maven-surefire/pull/257&quot; class=&quot;external-link&quot; target=&quot;_blank&quot; rel=&quot;nofollow noopener&quot;&gt;https://github.com/apache/maven-surefire/pull/257&lt;/a&gt;&lt;br/&gt;
Other Issue:&#160;&lt;a href=&quot;https://issues.apache.org/jira/browse/SUREFIRE-1727&quot; class=&quot;external-link&quot; rel=&quot;nofollow&quot;&gt;https://issues.apache.org/jira/browse/SUREFIRE-1727&lt;/a&gt;&lt;/p&gt;</comment>
                            <comment id="17027922" author="tibor17" created="Sat, 1 Feb 2020 01:20:05 +0000"  >&lt;p&gt;&lt;a href=&quot;https://gitbox.apache.org/repos/asf?p=maven-surefire.git;a=commit;h=761851e5a58a38a3f87f1b71449a0fe452a79838&quot; class=&quot;external-link&quot; target=&quot;_blank&quot; rel=&quot;nofollow noopener&quot;&gt;https://gitbox.apache.org/repos/asf?p=maven-surefire.git;a=commit;h=761851e5a58a38a3f87f1b71449a0fe452a79838&lt;/a&gt;&lt;/p&gt;</comment>
                            <comment id="17181825" author="astubbs" created="Fri, 21 Aug 2020 11:22:42 +0000"  >&lt;p&gt;Related miss-reported as junit5 but:&#160;&lt;a href=&quot;https://github.com/junit-team/junit5/issues/2386#issuecomment-675676298&quot; class=&quot;external-link&quot; target=&quot;_blank&quot; rel=&quot;nofollow noopener&quot;&gt;https://github.com/junit-team/junit5/issues/2386#issuecomment-675676298&lt;/a&gt;&lt;/p&gt;</comment>
                            <comment id="17995140" author="olamy" created="Fri, 4 Jul 2025 07:35:10 +0000"  >&lt;p&gt;This project has moved from Jira to GitHub Issues. This issue was migrated to &lt;a href=&quot;https://github.com/apache/maven-surefire/issues/1994&quot; class=&quot;external-link&quot; target=&quot;_blank&quot; rel=&quot;nofollow noopener&quot;&gt;apache/maven-surefire#1994&lt;/a&gt;. &lt;/p&gt;</comment>
                    </comments>
                <issuelinks>
                            <issuelinktype id="12310000">
                    <name>Duplicate</name>
                                                                <inwardlinks description="is duplicated by">
                                        <issuelink>
            <issuekey id="13251848">SUREFIRE-1688</issuekey>
        </issuelink>
            <issuelink>
            <issuekey id="13270764">SUREFIRE-1727</issuekey>
        </issuelink>
            <issuelink>
            <issuekey id="13311410">SUREFIRE-1799</issuekey>
        </issuelink>
                            </inwardlinks>
                                    </issuelinktype>
                            <issuelinktype id="10030">
                    <name>Reference</name>
                                                                <inwardlinks description="is related to">
                                        <issuelink>
            <issuekey id="13275628">SUREFIRE-1739</issuekey>
        </issuelink>
                            </inwardlinks>
                                    </issuelinktype>
                    </issuelinks>
                <attachments>
                    </attachments>
                <subtasks>
                    </subtasks>
                <customfields>
                                                                            <customfield id="customfield_12310310" key="com.atlassian.jira.toolkit:attachments">
                        <customfieldname>Attachment count</customfieldname>
                        <customfieldvalues>
                            <customfieldvalue>0.0</customfieldvalue>
                        </customfieldvalues>
                    </customfield>
                                                                                                                                                                                                                                                                                                                                                                                                                                                                                                                                                                                                                                                                                                        <customfield id="customfield_12314020" key="com.atlassian.jira.plugins.jira-development-integration-plugin:devsummary">
                        <customfieldname>Development</customfieldname>
                        <customfieldvalues>
                            
                        </customfieldvalues>
                    </customfield>
                                                                                                                        <customfield id="customfield_12313422" key="com.atlassian.jirafisheyeplugin:jobcheckbox">
                        <customfieldname>Enable Automatic Patch Review</customfieldname>
                        <customfieldvalues>
                            <customfieldvalue><![CDATA[no_permission]]></customfieldvalue>

                        </customfieldvalues>
                    </customfield>
                                                                                                                                                                                                                                                                                                                                                                                                                                                                                                                                                                                                                    <customfield id="customfield_12310420" key="com.pyxis.greenhopper.jira:gh-global-rank">
                        <customfieldname>Global Rank</customfieldname>
                        <customfieldvalues>
                            <customfieldvalue>9223372036854775807</customfieldvalue>
                        </customfieldvalues>
                    </customfield>
                                                                                                                                                                                                                                        <customfield id="customfield_12312521" key="com.atlassian.jira.toolkit:LastCommentDate">
                        <customfieldname>Last public comment date</customfieldname>
                        <customfieldvalues>
                            18 weeks, 4 days ago
                        </customfieldvalues>
                    </customfield>
                                                                                                                                                                                                                                                                                                <customfield id="customfield_12311820" key="com.pyxis.greenhopper.jira:gh-lexo-rank">
                        <customfieldname>Rank</customfieldname>
                        <customfieldvalues>
                            <customfieldvalue>0|z0a1jk:</customfieldvalue>

                        </customfieldvalues>
                    </customfield>
                                                                <customfield id="customfield_12310920" key="com.pyxis.greenhopper.jira:gh-global-rank">
                        <customfieldname>Rank (Obsolete)</customfieldname>
                        <customfieldvalues>
                            <customfieldvalue>9223372036854775807</customfieldvalue>
                        </customfieldvalues>
                    </customfield>
                                                                                                                                                                                                                                                                                                                                                                                                                                                                                                                                                                                                                                                                                                                                                                                            </customfields>
    </item>
</channel>
</rss>