<!-- 
RSS generated by JIRA (8.20.10#820010-sha1:ace47f9899e9ee25d7157d59aa17ab06aee30d3d) at Wed Nov 12 07:17:05 UTC 2025

It is possible to restrict the fields that are returned in this document by specifying the 'field' parameter in your request.
For example, to request only the issue key and summary append 'field=key&field=summary' to the URL of your request.
-->
<rss version="0.92" >
<channel>
    <title>ASF Jira</title>
    <link>https://issues.apache.org/jira</link>
    <description>This file is an XML representation of an issue</description>
    <language>en-uk</language>    <build-info>
        <version>8.20.10</version>
        <build-number>820010</build-number>
        <build-date>22-06-2022</build-date>
    </build-info>


<item>
            <title>[SUREFIRE-1809] Differences between Oracle JDK and AdoptOpenJDK caused by JPMS</title>
                <link>https://issues.apache.org/jira/browse/SUREFIRE-1809</link>
                <project id="12317927" key="SUREFIRE">Maven Surefire (Moved to GitHub Issues)</project>
                    <description>&lt;p&gt;I was upgrading maven-surefire-plugin to 3.0.0-M5 in [camel-quarkus|&lt;a href=&quot;https://github.com/apache/camel-quarkus&quot; class=&quot;external-link&quot; target=&quot;_blank&quot; rel=&quot;nofollow noopener&quot;&gt;https://github.com/apache/camel-quarkus&lt;/a&gt;] project. Unfortunately there was a test which was failing on CI (using AdoptOpenJDK build 11.0.7+10) and there was no failure on my local machine (using Oracle &quot;11.0.7&quot; 2020-04-14 LTS).&lt;br/&gt;
Problem was caused by JPMS. On Orace JDK this was turned off by default. On AdoptOpenJDK it was turned on by default. Solution was to turn this feature off by configuration (&lt;a href=&quot;https://github.com/apache/camel-quarkus/pull/1383&quot; class=&quot;external-link&quot; target=&quot;_blank&quot; rel=&quot;nofollow noopener&quot;&gt;https://github.com/apache/camel-quarkus/pull/1383&lt;/a&gt;).&lt;/p&gt;

&lt;p&gt;It would be nice if default behavior was the same for different Java vendors.&lt;/p&gt;

&lt;p&gt;Difference seems to be coming from this line - &lt;a href=&quot;https://github.com/apache/maven-surefire/blob/master/maven-surefire-common/src/main/java/org/apache/maven/plugin/surefire/AbstractSurefireMojo.java#L1423&quot; class=&quot;external-link&quot; target=&quot;_blank&quot; rel=&quot;nofollow noopener&quot;&gt;https://github.com/apache/maven-surefire/blob/master/maven-surefire-common/src/main/java/org/apache/maven/plugin/surefire/AbstractSurefireMojo.java#L1423&lt;/a&gt;&lt;br/&gt;
On AdoptOpenJDK both 3 clausules are true. On Oracle JDK the last one is false.&lt;/p&gt;
</description>
                <environment></environment>
        <key id="13313427">SUREFIRE-1809</key>
            <summary>Differences between Oracle JDK and AdoptOpenJDK caused by JPMS</summary>
                <type id="1" iconUrl="https://issues.apache.org/jira/secure/viewavatar?size=xsmall&amp;avatarId=21133&amp;avatarType=issuetype">Bug</type>
                                            <priority id="3" iconUrl="https://issues.apache.org/jira/images/icons/priorities/major.svg">Major</priority>
                        <status id="6" iconUrl="https://issues.apache.org/jira/images/icons/statuses/closed.png" description="The issue is considered finished, the resolution is correct. Issues which are not closed can be reopened.">Closed</status>
                    <statusCategory id="3" key="done" colorName="green"/>
                                    <resolution id="1">Fixed</resolution>
                                        <assignee username="tibordigana">Tibor Digana</assignee>
                                    <reporter username="jondruse">Jiri Ondrusek</reporter>
                        <labels>
                    </labels>
                <created>Thu, 25 Jun 2020 11:43:30 +0000</created>
                <updated>Fri, 4 Jul 2025 07:36:36 +0000</updated>
                            <resolved>Wed, 8 Jul 2020 12:06:33 +0000</resolved>
                                    <version>3.0.0-M5</version>
                                    <fixVersion>3.0.0-M6</fixVersion>
                                    <component>Maven Failsafe Plugin</component>
                    <component>Maven Surefire Plugin</component>
                        <due></due>
                            <votes>0</votes>
                                    <watches>5</watches>
                                                                                                                <comments>
                            <comment id="17144959" author="tibor17" created="Thu, 25 Jun 2020 14:22:40 +0000"  >&lt;p&gt;&lt;a href=&quot;https://issues.apache.org/jira/secure/ViewProfile.jspa?name=jondruse&quot; class=&quot;user-hover&quot; rel=&quot;jondruse&quot;&gt;jondruse&lt;/a&gt; How you found the problem at the Line 1423? You was debugging the plugin?&lt;br/&gt;
If the problem refers to the place at the Line 1423, then we should debug the &lt;a href=&quot;https://github.com/apache/maven-surefire/blob/master/maven-surefire-common/src/main/java/org/apache/maven/plugin/surefire/AbstractSurefireMojo.java#L1398&quot; class=&quot;external-link&quot; target=&quot;_blank&quot; rel=&quot;nofollow noopener&quot;&gt;Line 1398&lt;/a&gt; .&lt;br/&gt;
Can you show me what test in Quarkus where you have discovered this issue?&lt;/p&gt;</comment>
                            <comment id="17144965" author="jondruse" created="Thu, 25 Jun 2020 14:30:35 +0000"  >&lt;p&gt;Hi &lt;a href=&quot;https://issues.apache.org/jira/secure/ViewProfile.jspa?name=tibordigana&quot; class=&quot;user-hover&quot; rel=&quot;tibordigana&quot;&gt;tibordigana&lt;/a&gt;,&lt;br/&gt;
yes, I was debugging plugin. But I don&apos;t know much about its architecture, so I&apos;ve found only difference against Oracle jdk and AdoptOpenJDK executions.&lt;br/&gt;
Test I was running was org.apache.camel.quarkus.main.CoreMainIT.testMainInstance in native mode.&lt;br/&gt;
I was running test by command: `mvn clean  verify -Pnative -f integration-tests/main`&lt;br/&gt;
If executed with AdoptOpenJDK there was 1 error. If executed with oracle JDK, there was no error.&lt;br/&gt;
(Just be sure, that this PR is not merged in your revision - it sets JPMS to false - &lt;a href=&quot;https://github.com/apache/camel-quarkus/pull/1383&quot; class=&quot;external-link&quot; target=&quot;_blank&quot; rel=&quot;nofollow noopener&quot;&gt;https://github.com/apache/camel-quarkus/pull/1383&lt;/a&gt;)&lt;/p&gt;</comment>
                            <comment id="17144970" author="jondruse" created="Thu, 25 Jun 2020 14:42:11 +0000"  >&lt;p&gt;And another thing. Version of surefire-plugin has to be changed to `3.0.0-M5` (here &lt;a href=&quot;https://github.com/apache/camel-quarkus/pull/1383/files#diff-600376dffeb79835ede4a0b285078036R120&quot; class=&quot;external-link&quot; target=&quot;_blank&quot; rel=&quot;nofollow noopener&quot;&gt;https://github.com/apache/camel-quarkus/pull/1383/files#diff-600376dffeb79835ede4a0b285078036R120&lt;/a&gt;)&lt;/p&gt;</comment>
                            <comment id="17145870" author="tibor17" created="Thu, 25 Jun 2020 21:42:13 +0000"  >&lt;p&gt;&lt;a href=&quot;https://issues.apache.org/jira/secure/ViewProfile.jspa?name=jondruse&quot; class=&quot;user-hover&quot; rel=&quot;jondruse&quot;&gt;jondruse&lt;/a&gt;&lt;br/&gt;
I am in contact with a developer of the project &lt;a href=&quot;https://github.com/Frawless/strimzi-kafka-operator&quot; class=&quot;external-link&quot; target=&quot;_blank&quot; rel=&quot;nofollow noopener&quot;&gt;strimzi-kafka-operator&lt;/a&gt;. It looks like we have a common problem in both projects. Please workaround this bug with &lt;tt&gt;&amp;lt;useModulePath&amp;gt;false&amp;lt;/useModulePath&amp;gt;&lt;/tt&gt;.&lt;/p&gt;</comment>
                            <comment id="17146040" author="jondruse" created="Fri, 26 Jun 2020 06:32:37 +0000"  >&lt;p&gt;&lt;a href=&quot;https://issues.apache.org/jira/secure/ViewProfile.jspa?name=tibordigana&quot; class=&quot;user-hover&quot; rel=&quot;tibordigana&quot;&gt;tibordigana&lt;/a&gt; yes. That&apos;s the way I used and it is working.&lt;/p&gt;</comment>
                            <comment id="17147385" author="tibor17" created="Sun, 28 Jun 2020 16:32:36 +0000"  >&lt;p&gt;&lt;a href=&quot;https://issues.apache.org/jira/secure/ViewProfile.jspa?name=jondruse&quot; class=&quot;user-hover&quot; rel=&quot;jondruse&quot;&gt;jondruse&lt;/a&gt;&lt;br/&gt;
I am downloading the HotSpot revision. There is another one OpenJ9&lt;br/&gt;
&lt;a href=&quot;https://adoptopenjdk.net/?variant=openjdk11&amp;amp;jvmVariant=hotspot&quot; class=&quot;external-link&quot; target=&quot;_blank&quot; rel=&quot;nofollow noopener&quot;&gt;https://adoptopenjdk.net/?variant=openjdk11&amp;amp;jvmVariant=hotspot&lt;/a&gt;&lt;br/&gt;
Can you print all details about the JVM?&lt;/p&gt;</comment>
                            <comment id="17147443" author="tibor17" created="Sun, 28 Jun 2020 21:23:19 +0000"  >&lt;p&gt;&lt;a href=&quot;https://issues.apache.org/jira/secure/ViewProfile.jspa?name=jondruse&quot; class=&quot;user-hover&quot; rel=&quot;jondruse&quot;&gt;jondruse&lt;/a&gt;&lt;br/&gt;
I am currently running the build (mvn -V install) from your &lt;a href=&quot;https://github.com/JiriOndrusek/camel-quarkus/tree/upgrading-maven-surefire-plugin&quot; class=&quot;external-link&quot; target=&quot;_blank&quot; rel=&quot;nofollow noopener&quot;&gt;branch&lt;/a&gt;.&lt;br/&gt;
This failed on Windows. Do you expect Linux to execute the build?&lt;br/&gt;
&lt;span class=&quot;error&quot;&gt;&amp;#91;ERROR&amp;#93;&lt;/span&gt; Failed to execute goal org.codehaus.gmaven:groovy-maven-plugin:2.1.1:execute (sanity-checks) on project camel-quarkus-build-parent: Execution sanity-checks of goal org.codehaus.gmaven:groovy-maven-plugin:2.1.1:execute failed: Impossible to read the text content from &lt;a href=&quot;file://C:/vcs/github/camel-quarkus/tooling/scripts/validate-dependencies.groovy:&quot; class=&quot;external-link&quot; target=&quot;_blank&quot; rel=&quot;nofollow noopener&quot;&gt;file://C:/vcs/github/camel-quarkus/tooling/scripts/validate-dependencies.groovy:&lt;/a&gt; Unknown host C -&amp;gt; &lt;span class=&quot;error&quot;&gt;&amp;#91;Help 1&amp;#93;&lt;/span&gt;&lt;/p&gt;</comment>
                            <comment id="17147445" author="ppalaga" created="Sun, 28 Jun 2020 21:29:33 +0000"  >&lt;blockquote&gt;&lt;p&gt;Do you expect Linux to execute the build?&lt;/p&gt;&lt;/blockquote&gt;

&lt;p&gt;It is not a requirement but you may well be the first one to try it on Windows. Sorry. &lt;/p&gt;

&lt;p&gt;Those sanity checks are not relevant for this issue and you can skip them by using `-Denforce=false`&lt;/p&gt;</comment>
                            <comment id="17147446" author="ppalaga" created="Sun, 28 Jun 2020 21:33:44 +0000"  >&lt;p&gt;I have filed &lt;a href=&quot;https://github.com/apache/camel-quarkus/issues/1429&quot; class=&quot;external-link&quot; target=&quot;_blank&quot; rel=&quot;nofollow noopener&quot;&gt;https://github.com/apache/camel-quarkus/issues/1429&lt;/a&gt;&lt;/p&gt;</comment>
                            <comment id="17148245" author="tibor17" created="Tue, 30 Jun 2020 01:43:06 +0000"  >&lt;p&gt;I&apos;ve got this error but i guess you expect another one.&lt;/p&gt;

&lt;div class=&quot;preformatted panel&quot; style=&quot;border-width: 1px;&quot;&gt;&lt;div class=&quot;preformattedContent panelContent&quot;&gt;
&lt;pre&gt;[ERROR] Failures:
[ERROR]   PathFilterTest.pathFilter:76 expected: &amp;lt;true&amp;gt; but was: &amp;lt;false&amp;gt;
[ERROR]   PathFilterTest.scanClassNames:123 array lengths differ, expected: &amp;lt;3&amp;gt; but was: &amp;lt;0&amp;gt;
[INFO]
[ERROR] Tests run: 13, Failures: 2, Errors: 0, Skipped: 0
&lt;/pre&gt;
&lt;/div&gt;&lt;/div&gt;</comment>
                            <comment id="17148378" author="ppalaga" created="Tue, 30 Jun 2020 07:11:42 +0000"  >&lt;p&gt;Sorry, apparently there was nobody before you to build this on Windows. Could you please try to build all modules skipping tests first with&lt;/p&gt;

&lt;div class=&quot;code panel&quot; style=&quot;border-width: 1px;&quot;&gt;&lt;div class=&quot;codeContent panelContent&quot;&gt;
&lt;pre class=&quot;code-java&quot;&gt;
mvn clean install -DskipTests -Denforce=&lt;span class=&quot;code-keyword&quot;&gt;false&lt;/span&gt; -Dquarkus.build.skip
&lt;/pre&gt;
&lt;/div&gt;&lt;/div&gt;

&lt;p&gt;and then run the problematic itest module&lt;/p&gt;

&lt;div class=&quot;code panel&quot; style=&quot;border-width: 1px;&quot;&gt;&lt;div class=&quot;codeContent panelContent&quot;&gt;
&lt;pre class=&quot;code-java&quot;&gt;
cd integration-tests/main
mvn clean test
&lt;/pre&gt;
&lt;/div&gt;&lt;/div&gt;</comment>
                            <comment id="17148960" author="tibor17" created="Tue, 30 Jun 2020 21:26:28 +0000"  >&lt;p&gt;We have a fix for these symptoms.&lt;br/&gt;
We have created the branch &lt;a href=&quot;https://github.com/apache/maven-surefire/tree/surefire-1809&quot; class=&quot;external-link&quot; target=&quot;_blank&quot; rel=&quot;nofollow noopener&quot;&gt;surefire-1809&lt;/a&gt; in the Surefire project. Pls install it on your local system &lt;tt&gt;mvn install -DskipTests&lt;/tt&gt; and use the surefire version &lt;tt&gt;3.0.0-M6-SNAPSHOT&lt;/tt&gt; in Camel-Quarkus project and use &lt;tt&gt;-nsu&lt;/tt&gt; in the command.&lt;/p&gt;</comment>
                            <comment id="17149168" author="jondruse" created="Wed, 1 Jul 2020 07:03:11 +0000"  >&lt;p&gt;&lt;a href=&quot;https://issues.apache.org/jira/secure/ViewProfile.jspa?name=tibordigana&quot; class=&quot;user-hover&quot; rel=&quot;tibordigana&quot;&gt;tibordigana&lt;/a&gt; I&apos;ll verify camel-quarkus with plugin from branch (with -nsu in command)&lt;/p&gt;</comment>
                            <comment id="17149429" author="jondruse" created="Wed, 1 Jul 2020 13:17:00 +0000"  >&lt;p&gt;&lt;a href=&quot;https://issues.apache.org/jira/secure/ViewProfile.jspa?name=tibordigana&quot; class=&quot;user-hover&quot; rel=&quot;tibordigana&quot;&gt;tibordigana&lt;/a&gt; I tested branch  &apos;surefire-1809&apos;  with the test I&apos;m referencing in the summary:&lt;/p&gt;
&lt;ul&gt;
	&lt;li&gt;unfortunately, I&apos;m not able to simulate successful run on oracle JDK with plugin 3.0.0-M5 (which I was using before - not sure why it is different now)&lt;/li&gt;
	&lt;li&gt;nevertheless I&apos;m able to test scenario with adopt JDK, without using  &amp;lt;useModulePath&amp;gt;false&amp;lt;/useModulePath&amp;gt;. Fix works.&lt;/li&gt;
&lt;/ul&gt;


&lt;p&gt;With plugin 3.0.0-M5 test fails, with 3.0.0-M6-SNAPSHOT is successful. From my POV branch fixes this issue.&lt;/p&gt;

&lt;p&gt;To be able to finally upgrade surefire plugin, there is an issue &lt;a href=&quot;https://issues.apache.org/jira/browse/SUREFIRE-1812&quot; class=&quot;external-link&quot; rel=&quot;nofollow&quot;&gt;https://issues.apache.org/jira/browse/SUREFIRE-1812&lt;/a&gt;, which causes that some ignored tests are not reported.&lt;/p&gt;</comment>
                            <comment id="17149479" author="tibor17" created="Wed, 1 Jul 2020 14:34:22 +0000"  >&lt;p&gt;We fixed our code, but there easily may be two bugs with same symptoms in another library.&lt;br/&gt;
Let&apos;s separate the issue &lt;a href=&quot;https://issues.apache.org/jira/browse/SUREFIRE-1812&quot; title=&quot;Skipped tests (by annotation @EnabledIfEnvironmentVariable on the test class) are not reported&quot; class=&quot;issue-link&quot; data-issue-key=&quot;SUREFIRE-1812&quot;&gt;SUREFIRE-1812&lt;/a&gt; since it has totally different root cause (fix will be done in the class RunListenerAdapter).&lt;/p&gt;

&lt;p&gt;As i have understood your two points:&lt;br/&gt;
1. The 3.0.0-M6-SNAPSHOT crashed on Oracle JDK. Before the build was successful. Can you be more concrete and explain what has changed in the behavior?&lt;br/&gt;
2. The plugin works on Adopt JDK. So this is fine.&lt;/p&gt;</comment>
                            <comment id="17149514" author="jondruse" created="Wed, 1 Jul 2020 15:14:06 +0000"  >&lt;p&gt;I&apos;ll try to add some logs tomorrow.&lt;br/&gt;
But shortly:&lt;br/&gt;
M-5: oracle jdk in native mode - was successful week ago (but it is failing now - don&apos;t now why, I&apos;m using the same revision - with the same error as adopt jdk))&lt;br/&gt;
M-5: adoptJdk in native mode fails with `java.lang.ClassNotFoundException: org.apache.camel.quarkus.main.CamelMainRoutesCollector`&lt;br/&gt;
M-6-SNAPSHOT: oracle jdk in native mode works&lt;br/&gt;
M-6-SNAPSHOT: adoptjdk in native mode works&lt;/p&gt;

&lt;p&gt;for both cases with M-5 there is a workaround to use  `&amp;lt;useModulePath&amp;gt;false&amp;lt;/useModulePath&amp;gt;`&lt;/p&gt;</comment>
                            <comment id="17151422" author="tibor17" created="Sat, 4 Jul 2020 21:02:17 +0000"  >&lt;p&gt;&lt;a href=&quot;https://issues.apache.org/jira/secure/ViewProfile.jspa?name=jondruse&quot; class=&quot;user-hover&quot; rel=&quot;jondruse&quot;&gt;jondruse&lt;/a&gt;&lt;br/&gt;
If there are no objections, i will close this ticket with the fix in the branch &lt;a href=&quot;https://github.com/apache/maven-surefire/tree/surefire-1809&quot; class=&quot;external-link&quot; target=&quot;_blank&quot; rel=&quot;nofollow noopener&quot;&gt;surefire-1809&lt;/a&gt;.&lt;/p&gt;</comment>
                            <comment id="17152539" author="jondruse" created="Tue, 7 Jul 2020 07:43:52 +0000"  >&lt;p&gt;Hi &lt;a href=&quot;https://issues.apache.org/jira/secure/ViewProfile.jspa?name=tibordigana&quot; class=&quot;user-hover&quot; rel=&quot;tibordigana&quot;&gt;tibordigana&lt;/a&gt; , I agree with closing this ticket by the fix in the branch surefire-1809.&lt;br/&gt;
Do I understand correctly, that the fix will be merged into master (to be part of M6)?&lt;/p&gt;</comment>
                            <comment id="17153293" author="tibor17" created="Wed, 8 Jul 2020 06:57:14 +0000"  >&lt;p&gt;&amp;gt;&amp;gt; Do I understand correctly, that the fix will be merged into master (to be part of M6)?&lt;/p&gt;

&lt;p&gt;yes&lt;/p&gt;</comment>
                            <comment id="17153539" author="tibor17" created="Wed, 8 Jul 2020 12:06:33 +0000"  >&lt;p&gt;&lt;a href=&quot;https://gitbox.apache.org/repos/asf?p=maven-surefire.git;a=commit;h=f9772370749cc9fa19638159f0b29e3be6794614&quot; class=&quot;external-link&quot; target=&quot;_blank&quot; rel=&quot;nofollow noopener&quot;&gt;https://gitbox.apache.org/repos/asf?p=maven-surefire.git;a=commit;h=f9772370749cc9fa19638159f0b29e3be6794614&lt;/a&gt;&lt;/p&gt;</comment>
                            <comment id="17995214" author="olamy" created="Fri, 4 Jul 2025 07:36:36 +0000"  >&lt;p&gt;This project has moved from Jira to GitHub Issues. This issue was migrated to &lt;a href=&quot;https://github.com/apache/maven-surefire/issues/3041&quot; class=&quot;external-link&quot; target=&quot;_blank&quot; rel=&quot;nofollow noopener&quot;&gt;apache/maven-surefire#3041&lt;/a&gt;. &lt;/p&gt;</comment>
                    </comments>
                <issuelinks>
                            <issuelinktype id="12310000">
                    <name>Duplicate</name>
                                                                <inwardlinks description="is duplicated by">
                                        <issuelink>
            <issuekey id="13322020">SUREFIRE-1831</issuekey>
        </issuelink>
            <issuelink>
            <issuekey id="13323020">SUREFIRE-1833</issuekey>
        </issuelink>
                            </inwardlinks>
                                    </issuelinktype>
                    </issuelinks>
                <attachments>
                    </attachments>
                <subtasks>
                    </subtasks>
                <customfields>
                                                                            <customfield id="customfield_12310310" key="com.atlassian.jira.toolkit:attachments">
                        <customfieldname>Attachment count</customfieldname>
                        <customfieldvalues>
                            <customfieldvalue>0.0</customfieldvalue>
                        </customfieldvalues>
                    </customfield>
                                                                                                                                                                                                                                                                                                                                                                                                                                                                                                                                                                                                                                                                                                        <customfield id="customfield_12314020" key="com.atlassian.jira.plugins.jira-development-integration-plugin:devsummary">
                        <customfieldname>Development</customfieldname>
                        <customfieldvalues>
                            
                        </customfieldvalues>
                    </customfield>
                                                                                                                        <customfield id="customfield_12313422" key="com.atlassian.jirafisheyeplugin:jobcheckbox">
                        <customfieldname>Enable Automatic Patch Review</customfieldname>
                        <customfieldvalues>
                            <customfieldvalue><![CDATA[no_permission]]></customfieldvalue>

                        </customfieldvalues>
                    </customfield>
                                                                                                                                                                                                                                                                                                                                                                                                                                                                                                                                                                                                                    <customfield id="customfield_12310420" key="com.pyxis.greenhopper.jira:gh-global-rank">
                        <customfieldname>Global Rank</customfieldname>
                        <customfieldvalues>
                            <customfieldvalue>9223372036854775807</customfieldvalue>
                        </customfieldvalues>
                    </customfield>
                                                                                                                                                                                                                                        <customfield id="customfield_12312521" key="com.atlassian.jira.toolkit:LastCommentDate">
                        <customfieldname>Last public comment date</customfieldname>
                        <customfieldvalues>
                            18 weeks, 4 days ago
                        </customfieldvalues>
                    </customfield>
                                                                                                                                                                                                                                                                                                <customfield id="customfield_12311820" key="com.pyxis.greenhopper.jira:gh-lexo-rank">
                        <customfieldname>Rank</customfieldname>
                        <customfieldvalues>
                            <customfieldvalue>0|z0g6u8:</customfieldvalue>

                        </customfieldvalues>
                    </customfield>
                                                                <customfield id="customfield_12310920" key="com.pyxis.greenhopper.jira:gh-global-rank">
                        <customfieldname>Rank (Obsolete)</customfieldname>
                        <customfieldvalues>
                            <customfieldvalue>9223372036854775807</customfieldvalue>
                        </customfieldvalues>
                    </customfield>
                                                                                                                                                                                                                                                                                                                                                                                                                                                                                                                                                                                                                                                                                                                                                                                            </customfields>
    </item>
</channel>
</rss>