<!-- 
RSS generated by JIRA (8.20.10#820010-sha1:ace47f9899e9ee25d7157d59aa17ab06aee30d3d) at Wed Nov 12 07:17:42 UTC 2025

It is possible to restrict the fields that are returned in this document by specifying the 'field' parameter in your request.
For example, to request only the issue key and summary append 'field=key&field=summary' to the URL of your request.
-->
<rss version="0.92" >
<channel>
    <title>ASF Jira</title>
    <link>https://issues.apache.org/jira</link>
    <description>This file is an XML representation of an issue</description>
    <language>en-uk</language>    <build-info>
        <version>8.20.10</version>
        <build-number>820010</build-number>
        <build-date>22-06-2022</build-date>
    </build-info>


<item>
            <title>[SUREFIRE-1426] Fork crash doesn&apos;t fail build with -Dmaven.test.failure.ignore=true</title>
                <link>https://issues.apache.org/jira/browse/SUREFIRE-1426</link>
                <project id="12317927" key="SUREFIRE">Maven Surefire (Moved to GitHub Issues)</project>
                    <description>&lt;p&gt;We have a reactor with many modules, and also a few random test failures. We want to run the tests of all the modules even if a test failed in the core module, so we use &lt;tt&gt;mvn -Dmaven.test.failure.ignore=true&lt;/tt&gt;. &lt;tt&gt;mvn --fail-at-end&lt;/tt&gt; only builds the modules that do not depend on the module with a failed test.&lt;/p&gt;

&lt;p&gt;The problem is that fork crashes like this one are written to the surefire reports, so Jenkins ignores them:&lt;/p&gt;

&lt;div class=&quot;preformatted panel&quot; style=&quot;border-width: 1px;&quot;&gt;&lt;div class=&quot;preformattedContent panelContent&quot;&gt;
&lt;pre&gt;org.apache.maven.surefire.booter.SurefireBooterForkException: There was an error in the forked process
Unable to load category: stress
	at org.apache.maven.plugin.surefire.booterclient.ForkStarter.fork(ForkStarter.java:665)
	at org.apache.maven.plugin.surefire.booterclient.ForkStarter.fork(ForkStarter.java:533)
	at org.apache.maven.plugin.surefire.booterclient.ForkStarter.run(ForkStarter.java:279)
	at org.apache.maven.plugin.surefire.booterclient.ForkStarter.run(ForkStarter.java:243)
	at org.apache.maven.plugin.surefire.AbstractSurefireMojo.executeProvider(AbstractSurefireMojo.java:1077)
	at org.apache.maven.plugin.surefire.AbstractSurefireMojo.executeAfterPreconditionsChecked(AbstractSurefireMojo.java:907)
	at org.apache.maven.plugin.surefire.AbstractSurefireMojo.execute(AbstractSurefireMojo.java:785)
	at org.apache.maven.plugin.DefaultBuildPluginManager.executeMojo(DefaultBuildPluginManager.java:134)
	at org.apache.maven.lifecycle.internal.MojoExecutor.execute(MojoExecutor.java:207)
	at org.apache.maven.lifecycle.internal.MojoExecutor.execute(MojoExecutor.java:153)
	at org.apache.maven.lifecycle.internal.MojoExecutor.execute(MojoExecutor.java:145)
	at org.apache.maven.lifecycle.internal.LifecycleModuleBuilder.buildProject(LifecycleModuleBuilder.java:116)
	at org.apache.maven.lifecycle.internal.LifecycleModuleBuilder.buildProject(LifecycleModuleBuilder.java:80)
	at org.apache.maven.lifecycle.internal.builder.singlethreaded.SingleThreadedBuilder.build(SingleThreadedBuilder.java:51)
	at org.apache.maven.lifecycle.internal.LifecycleStarter.execute(LifecycleStarter.java:128)
	at org.apache.maven.DefaultMaven.doExecute(DefaultMaven.java:307)
	at org.apache.maven.DefaultMaven.doExecute(DefaultMaven.java:193)
	at org.apache.maven.DefaultMaven.execute(DefaultMaven.java:106)
	at org.apache.maven.cli.MavenCli.execute(MavenCli.java:863)
	at org.apache.maven.cli.MavenCli.doMain(MavenCli.java:288)
	at org.apache.maven.cli.MavenCli.main(MavenCli.java:199)
	at sun.reflect.NativeMethodAccessorImpl.invoke0(Native Method)
	at sun.reflect.NativeMethodAccessorImpl.invoke(NativeMethodAccessorImpl.java:62)
	at sun.reflect.DelegatingMethodAccessorImpl.invoke(DelegatingMethodAccessorImpl.java:43)
	at java.lang.reflect.Method.invoke(Method.java:498)
	at org.codehaus.plexus.classworlds.launcher.Launcher.launchEnhanced(Launcher.java:289)
	at org.codehaus.plexus.classworlds.launcher.Launcher.launch(Launcher.java:229)
	at org.codehaus.plexus.classworlds.launcher.Launcher.mainWithExitCode(Launcher.java:415)
	at org.codehaus.plexus.classworlds.launcher.Launcher.main(Launcher.java:356)&lt;/pre&gt;
&lt;/div&gt;&lt;/div&gt;

</description>
                <environment></environment>
        <key id="13105991">SUREFIRE-1426</key>
            <summary>Fork crash doesn&apos;t fail build with -Dmaven.test.failure.ignore=true</summary>
                <type id="1" iconUrl="https://issues.apache.org/jira/secure/viewavatar?size=xsmall&amp;avatarId=21133&amp;avatarType=issuetype">Bug</type>
                                            <priority id="3" iconUrl="https://issues.apache.org/jira/images/icons/priorities/major.svg">Major</priority>
                        <status id="6" iconUrl="https://issues.apache.org/jira/images/icons/statuses/closed.png" description="The issue is considered finished, the resolution is correct. Issues which are not closed can be reopened.">Closed</status>
                    <statusCategory id="3" key="done" colorName="green"/>
                                    <resolution id="1">Fixed</resolution>
                                        <assignee username="tibordigana">Tibor Digana</assignee>
                                    <reporter username="dan.berindei">Dan Berindei</reporter>
                        <labels>
                    </labels>
                <created>Fri, 29 Sep 2017 09:48:43 +0000</created>
                <updated>Fri, 4 Jul 2025 07:29:17 +0000</updated>
                            <resolved>Fri, 25 Mar 2022 09:10:55 +0000</resolved>
                                                    <fixVersion>2.22.3</fixVersion>
                    <fixVersion>3.0.0-M6</fixVersion>
                                    <component>Maven Failsafe Plugin</component>
                    <component>Maven Surefire Plugin</component>
                    <component>process forking</component>
                        <due></due>
                            <votes>0</votes>
                                    <watches>6</watches>
                                                                                                                <comments>
                            <comment id="16187536" author="tibor17" created="Sun, 1 Oct 2017 21:03:31 +0000"  >&lt;p&gt;&lt;a href=&quot;https://issues.apache.org/jira/secure/ViewProfile.jspa?name=dan.berindei&quot; class=&quot;user-hover&quot; rel=&quot;dan.berindei&quot;&gt;dan.berindei&lt;/a&gt;&lt;br/&gt;
The description is unclear to me a bit. What is your expectation with &lt;tt&gt;mvn test -Dmaven.test.failure.ignore=true&lt;/tt&gt;?&lt;/p&gt;</comment>
                            <comment id="16188077" author="dan.berindei" created="Mon, 2 Oct 2017 14:05:21 +0000"  >&lt;p&gt;Sorry about that, let me try again...&lt;/p&gt;

&lt;p&gt;First of all, &quot;Unable to load category: stress&quot; is an error in our surefire configuration, not a test failure, so it should fail the build, ignoring the &lt;tt&gt;maven.test.failure.ignore&lt;/tt&gt; system property.&lt;/p&gt;

&lt;p&gt;Going further, if a fork crashes while one or more tests are running I would also like surefire to ignore &lt;tt&gt;maven.test.failure.ignore&lt;/tt&gt; and fail the build. However, it would also be ok if the build passed and the tests that were running at the time are marked as failed (and the tests that didn&apos;t run at all are marked as ignored) in the surefire reports. &lt;/p&gt;

&lt;p&gt;Basically I want fork errors to always be visible at the end of the reactor build, either as a non-zero exit code or as a &lt;tt&gt;&amp;lt;failure&amp;gt;&lt;/tt&gt; tag in the reports. Currently a fork error means no reports are written, and with &lt;tt&gt;-Dmaven.test.failure.ignore=true&lt;/tt&gt; the only way to find the failure is to scan the output of each module in the reactor.&lt;/p&gt;</comment>
                            <comment id="16188222" author="tibor17" created="Mon, 2 Oct 2017 14:50:12 +0000"  >&lt;p&gt;&lt;a href=&quot;https://issues.apache.org/jira/secure/ViewProfile.jspa?name=dan.berindei&quot; class=&quot;user-hover&quot; rel=&quot;dan.berindei&quot;&gt;dan.berindei&lt;/a&gt;&lt;br/&gt;
If a fork crashes it usually does not mean an internal error. It might be test error or failure.&lt;br/&gt;
The system property &lt;tt&gt;maven.test.failure.ignore&lt;/tt&gt; means that the build should succeed even if your test failed for any reason. This is a module related feature. It is not reactor related. &lt;/p&gt;

&lt;p&gt;Summary at the end of reactor does not exist at the moment and might be quite a nice feature to have in Maven but I think you have to ask in &lt;tt&gt;&lt;a href=&quot;https://issues.apache.org/jira/browse/MNG&quot; class=&quot;external-link&quot; rel=&quot;nofollow&quot;&gt;https://issues.apache.org/jira/browse/MNG&lt;/a&gt;&lt;/tt&gt; directly. Is this issue a duplicate to &lt;a href=&quot;#SUREFIRE-1142&quot; target=&quot;_blank&quot; rel=&quot;noopener&quot;&gt;SUREFIRE-1142&lt;/a&gt; ?&lt;br/&gt;
If you are interested in this feature like deploy plugin has, you may have to see the code of &lt;tt&gt;maven-deploy-plugin&lt;/tt&gt; and follow the parameter &lt;tt&gt;deployAtEnd&lt;/tt&gt; and maybe this would be an inspiration for Surefire; or contact Andreas in &lt;a href=&quot;https://issues.apache.org/jira/browse/SUREFIRE-1142&quot; title=&quot;Summarize at End in multimodule projects&quot; class=&quot;issue-link&quot; data-issue-key=&quot;SUREFIRE-1142&quot;&gt;&lt;del&gt;SUREFIRE-1142&lt;/del&gt;&lt;/a&gt; and finalize the feature together on GitHub.&lt;/p&gt;</comment>
                            <comment id="16188372" author="dan.berindei" created="Mon, 2 Oct 2017 16:17:04 +0000"  >&lt;p&gt;&lt;a href=&quot;https://issues.apache.org/jira/secure/ViewProfile.jspa?name=tibor17&quot; class=&quot;user-hover&quot; rel=&quot;tibor17&quot;&gt;tibor17&lt;/a&gt; maybe I wasn&apos;t clear, but when surefire logs the &lt;tt&gt;Unable to load category: stress&lt;/tt&gt; error, it doesn&apos;t run any tests in that module. You can reproduce it by running &lt;tt&gt;mvn test -Dmaven.test.failure.ignore=true&lt;/tt&gt; in the attached reactor project, &lt;/p&gt;

&lt;p&gt;I don&apos;t want any reactor-level features like &lt;a href=&quot;https://issues.apache.org/jira/browse/SUREFIRE-1142&quot; title=&quot;Summarize at End in multimodule projects&quot; class=&quot;issue-link&quot; data-issue-key=&quot;SUREFIRE-1142&quot;&gt;&lt;del&gt;SUREFIRE-1142&lt;/del&gt;&lt;/a&gt;, although it is an interesting proposal. I just want the module build to either a) finish writing the test execution reports or b) stop the build.&lt;/p&gt;</comment>
                            <comment id="16191446" author="tibor17" created="Wed, 4 Oct 2017 15:36:15 +0000"  >&lt;p&gt;&lt;a href=&quot;https://issues.apache.org/jira/secure/ViewProfile.jspa?name=dan.berindei&quot; class=&quot;user-hover&quot; rel=&quot;dan.berindei&quot;&gt;dan.berindei&lt;/a&gt;&lt;br/&gt;
The project suceeds if you use POM and Surefire and JUnit config correctly.&lt;br/&gt;
It does not matter if you use &lt;tt&gt;-Dmaven.test.failure.ignore=true&lt;/tt&gt; or not.&lt;br/&gt;
The most important is the difference between JUnit and TestNG in &lt;tt&gt;excludedGroups&lt;/tt&gt;.&lt;br/&gt;
TestNG has string group but JUnit has class or interface and &lt;tt&gt;&amp;lt;excludedGroups&amp;gt;bogusGroup&amp;lt;/excludedGroups&amp;gt;&lt;/tt&gt; has not such class in your project.&lt;br/&gt;
If you used any class, e.g. &lt;tt&gt;&amp;lt;excludedGroups&amp;gt;ATest&amp;lt;/excludedGroups&amp;gt;&lt;/tt&gt;, the group would not have effect because you do not use &lt;tt&gt;@Category&lt;/tt&gt; JUnit annotation but the build would be successful even if no test is to run.&lt;br/&gt;
The problem is that there is ClassNotFoundException or NoClassDefFoundError because there is no such class called &lt;tt&gt;bogusGroup&lt;/tt&gt;.&lt;/p&gt;</comment>
                            <comment id="16192582" author="dan.berindei" created="Thu, 5 Oct 2017 08:04:20 +0000"  >&lt;p&gt;&lt;a href=&quot;https://issues.apache.org/jira/secure/ViewProfile.jspa?name=tibor17&quot; class=&quot;user-hover&quot; rel=&quot;tibor17&quot;&gt;tibor17&lt;/a&gt; this bug is not about &lt;b&gt;why&lt;/b&gt; the fork fails, but about how that failure is handled. &lt;/p&gt;

&lt;p&gt;To give you another example, one of our build machines ran out of RAM and the Linux OOM killer killed the fork process. Surefire ignored that failure (with &lt;tt&gt;-Dmaven.test.failure.ignore=true&lt;/tt&gt;), and the only sign of a problem in Jenkins was a few thousand missing tests. Of course we should make sure the machine doesn&apos;t run out of RAM, but we can&apos;t do that if we don&apos;t know there was a problem.&lt;/p&gt;

&lt;div class=&quot;preformatted panel&quot; style=&quot;border-width: 1px;&quot;&gt;&lt;div class=&quot;preformattedContent panelContent&quot;&gt;
&lt;pre&gt;Oct  4 12:53:23 infinispan-ci-slave-2 kernel: Out of memory: Kill process 27307 (java) score 758 or sacrifice child
&lt;/pre&gt;
&lt;/div&gt;&lt;/div&gt;

&lt;div class=&quot;preformatted panel&quot; style=&quot;border-width: 1px;&quot;&gt;&lt;div class=&quot;preformattedContent panelContent&quot;&gt;
&lt;pre&gt;org.apache.maven.surefire.booter.SurefireBooterForkException: The forked VM terminated without properly saying goodbye. VM crash or System.exit called?
Command was /bin/sh -c cd /home/infinispan/workspace/Infinispan_PR-5492-DVBKEZA6P52ZLMXFPQEPNR2W2HTQK3RCXEOZVUR7NNW4WLFIF3KQ/query &amp;amp;&amp;amp; /usr/lib/jvm/java-1.8.0-openjdk-1.8.0.144-0.b01.el7_4.x86_64/jre/bin/java -javaagent:/home/infinispan/workspace/Infinispan_PR-5492-DVBKEZA6P52ZLMXFPQEPNR2W2HTQK3RCXEOZVUR7NNW4WLFIF3KQ/query/target/agents/byteman.jar=port:9091,boot:/home/infinispan/workspace/Infinispan_PR-5492-DVBKEZA6P52ZLMXFPQEPNR2W2HTQK3RCXEOZVUR7NNW4WLFIF3KQ/query/target/agents/byteman.jar -Xmx2G -jar /home/infinispan/workspace/Infinispan_PR-5492-DVBKEZA6P52ZLMXFPQEPNR2W2HTQK3RCXEOZVUR7NNW4WLFIF3KQ/query/target/surefire/surefirebooter2044542354484229757.jar /home/infinispan/workspace/Infinispan_PR-5492-DVBKEZA6P52ZLMXFPQEPNR2W2HTQK3RCXEOZVUR7NNW4WLFIF3KQ/query/target/surefire 2017-10-04T12-38-56_198-jvmRun1 surefire1069399596138004989tmp surefire_95078456212865687512tmp
Error occurred in starting fork, check output in log
Process Exit Code: 137
Crashed tests:
org.infinispan.query.affinity.AffinityTest
org.infinispan.query.affinity.ShardDistributionTest
org.infinispan.query.blackbox.ClusteredCacheWithAffinityIndexManagerTest
org.infinispan.query.blackbox.ClusteredCacheWithAffinityIndexManagerTxTest
org.infinispan.query.distributed.AffinityIndexManagerMassIndexTest
	at org.apache.maven.plugin.surefire.booterclient.ForkStarter.fork(ForkStarter.java:679)
	at org.apache.maven.plugin.surefire.booterclient.ForkStarter.fork(ForkStarter.java:533)
	at org.apache.maven.plugin.surefire.booterclient.ForkStarter.run(ForkStarter.java:279)
	at org.apache.maven.plugin.surefire.booterclient.ForkStarter.run(ForkStarter.java:243)
	at org.apache.maven.plugin.surefire.AbstractSurefireMojo.executeProvider(AbstractSurefireMojo.java:1077)
	at org.apache.maven.plugin.surefire.AbstractSurefireMojo.executeAfterPreconditionsChecked(AbstractSurefireMojo.java:907)
	at org.apache.maven.plugin.surefire.AbstractSurefireMojo.execute(AbstractSurefireMojo.java:785)
	at org.apache.maven.plugin.DefaultBuildPluginManager.executeMojo(DefaultBuildPluginManager.java:134)
	at org.apache.maven.lifecycle.internal.MojoExecutor.execute(MojoExecutor.java:207)
	at org.apache.maven.lifecycle.internal.MojoExecutor.execute(MojoExecutor.java:153)
	at org.apache.maven.lifecycle.internal.MojoExecutor.execute(MojoExecutor.java:145)
	at org.apache.maven.lifecycle.internal.LifecycleModuleBuilder.buildProject(LifecycleModuleBuilder.java:116)
	at org.apache.maven.lifecycle.internal.LifecycleModuleBuilder.buildProject(LifecycleModuleBuilder.java:80)
	at org.apache.maven.lifecycle.internal.builder.singlethreaded.SingleThreadedBuilder.build(SingleThreadedBuilder.java:51)
	at org.apache.maven.lifecycle.internal.LifecycleStarter.execute(LifecycleStarter.java:128)
	at org.apache.maven.DefaultMaven.doExecute(DefaultMaven.java:307)
	at org.apache.maven.DefaultMaven.doExecute(DefaultMaven.java:193)
	at org.apache.maven.DefaultMaven.execute(DefaultMaven.java:106)
	at org.apache.maven.cli.MavenCli.execute(MavenCli.java:863)
	at org.apache.maven.cli.MavenCli.doMain(MavenCli.java:288)
	at org.apache.maven.cli.MavenCli.main(MavenCli.java:199)
	at sun.reflect.NativeMethodAccessorImpl.invoke0(Native Method)
	at sun.reflect.NativeMethodAccessorImpl.invoke(NativeMethodAccessorImpl.java:62)
	at sun.reflect.DelegatingMethodAccessorImpl.invoke(DelegatingMethodAccessorImpl.java:43)
	at java.lang.reflect.Method.invoke(Method.java:498)
	at org.codehaus.plexus.classworlds.launcher.Launcher.launchEnhanced(Launcher.java:289)
	at org.codehaus.plexus.classworlds.launcher.Launcher.launch(Launcher.java:229)
	at org.codehaus.plexus.classworlds.launcher.Launcher.mainWithExitCode(Launcher.java:415)
	at org.codehaus.plexus.classworlds.launcher.Launcher.main(Launcher.java:356)
...
[INFO] BUILD SUCCESS
&lt;/pre&gt;
&lt;/div&gt;&lt;/div&gt;</comment>
                            <comment id="16192606" author="tibor17" created="Thu, 5 Oct 2017 08:31:44 +0000"  >&lt;p&gt;&lt;a href=&quot;https://issues.apache.org/jira/secure/ViewProfile.jspa?name=dan.berindei&quot; class=&quot;user-hover&quot; rel=&quot;dan.berindei&quot;&gt;dan.berindei&lt;/a&gt;&lt;br/&gt;
Again yesterday your problem was the USER ERROR &lt;tt&gt;Unable to load category: bogusGroup&lt;/tt&gt; because you did not read documentation properly and did not pass Java class to JUnit group.&lt;br/&gt;
Today you are coming with SYSTEM ERROR &lt;tt&gt;OOM&lt;/tt&gt;.&lt;br/&gt;
The system property &lt;tt&gt;maven.test.failure.ignore&lt;/tt&gt; is not about masking your user error nor system error. This is about ignoring events coming from JUnit reflecting exception like &lt;tt&gt;Assumption|AssertionError&lt;/tt&gt; or ordinal exception caught by JUnit thrown by you test code.&lt;br/&gt;
I am no more willing to mask &lt;tt&gt;OutOfMemoryError&lt;/tt&gt; and not to mask wrong configuration because otherwise running tests would not makes sense! Then why you executed &lt;tt&gt;mvn test&lt;/tt&gt; if you do not expect to run tests? And why you use &lt;tt&gt;maven.test.failure.ignore&lt;/tt&gt; which everybody knows that it is highly unrecommended in good s/w development and why you simply did not skip tests &lt;tt&gt;-DskipTests&lt;/tt&gt; if you do not like writing and maintaining tests and you do not like high quality of s/w?&lt;/p&gt;</comment>
                            <comment id="16192612" author="tibor17" created="Thu, 5 Oct 2017 08:38:51 +0000"  >&lt;p&gt;If this log did not happen in &lt;tt&gt;target/surefire-reports&lt;/tt&gt;, you would not know it and you would blindly think everything was okay but it was not. Then stop using &lt;tt&gt;-Dmaven.test.failure.ignore=true&lt;/tt&gt; and do not use &lt;tt&gt;Freestyle in Jenkins&lt;/tt&gt; because Jenkins job implicitly sets &lt;tt&gt;maven.test.failure.ignore&lt;/tt&gt; to &lt;tt&gt;true&lt;/tt&gt;. Pls set it to &lt;tt&gt;false&lt;/tt&gt;. Again it is highly unrecommended to use such property at all!&lt;/p&gt;</comment>
                            <comment id="16192616" author="tibor17" created="Thu, 5 Oct 2017 08:45:00 +0000"  >&lt;p&gt;When I had problems with Freestyle Jenkins I used &lt;tt&gt;-Dmaven.test.failure.ignore=false&lt;/tt&gt; (see how I set it explicitly to &lt;tt&gt;false&lt;/tt&gt;). Later I stopped using &lt;tt&gt;Freestyle&lt;/tt&gt; and used Pipelines instead and deprecated Freestyle jobs.&lt;br/&gt;
No more use Freestyle in Jenkins CI.&lt;br/&gt;
I switched to Multibranch Pipelines with Groovy Jenkinsfile script.&lt;/p&gt;</comment>
                            <comment id="16192678" author="dan.berindei" created="Thu, 5 Oct 2017 09:51:05 +0000"  >&lt;blockquote&gt;
&lt;p&gt;The system property maven.test.failure.ignore is not about masking your user error nor system error. This is about ignoring events coming from JUnit reflecting exception like Assumption|AssertionError or ordinal exception caught by JUnit thrown by you test code.&lt;/p&gt;&lt;/blockquote&gt;

&lt;p&gt;Then why does the build fail with &lt;tt&gt;-Dmaven.test.failure.ignore=false&lt;/tt&gt; and pass with &lt;tt&gt;-Dmaven.test.failure.ignore=true&lt;/tt&gt;?&lt;/p&gt;

&lt;blockquote&gt;
&lt;p&gt;I am no more willing to mask OutOfMemoryError and not to mask wrong configuration because otherwise running tests would not makes sense!&lt;/p&gt;&lt;/blockquote&gt;

&lt;p&gt;And yet Surefire &lt;b&gt;does&lt;/b&gt; mask an OutOfMemoryError in the fork, if it happens in the Surefire code and not in the user code.&lt;/p&gt;

&lt;blockquote&gt;
&lt;p&gt;Then why you executed mvn test if you do not expect to run tests?&lt;/p&gt;&lt;/blockquote&gt;

&lt;p&gt;That&apos;s exactly what I want, to run tests. But if I made a mistake and Surefire cannot run the tests, I want to know so I can fix that mistake.&lt;/p&gt;

&lt;blockquote&gt;
&lt;p&gt;And why you use maven.test.failure.ignore which everybody knows that it is highly unrecommended in good s/w development &lt;/p&gt;&lt;/blockquote&gt;

&lt;p&gt;Why exactly is &lt;tt&gt;-Dmaven.test.failure.ignore&lt;/tt&gt; so highly unrecommended? Could it be because it ignores all user and system errors, not just test failures?&lt;/p&gt;

&lt;p&gt;Jenkins can read test results from the XMLs and mark the build as unstable or failed, so &lt;tt&gt;-Dmaven.test.failure.ignore=false&lt;/tt&gt; would work perfectly well in this scenario &lt;b&gt;if&lt;/b&gt; it ignored only test failures and not all the errors that happen in the fork process.&lt;/p&gt;

&lt;blockquote&gt;
&lt;p&gt;and why you simply did not skip tests -DskipTests if you do not like writing and maintaining tests and you do not like high quality of s/w?&lt;/p&gt;&lt;/blockquote&gt;

&lt;p&gt;What did I say to make you draw that conclusion? The fact that in a build with 20k+ tests I want more information than &quot;no test failed&quot; vs &quot;at least one test failed&quot;?&lt;/p&gt;</comment>
                            <comment id="17441428" author="JIRAUSER279955" created="Tue, 9 Nov 2021 23:36:24 +0000"  >&lt;p&gt;I&apos;m not sure why it was closed but currently using surefire and maven.test.failure.ignore=true in case of forked JVM crash&#160; maven will return exit code 0. So it will be considered as &quot;green&quot; Ci pipeline.&lt;/p&gt;

&lt;div class=&quot;preformatted panel&quot; style=&quot;border-width: 1px;&quot;&gt;&lt;div class=&quot;preformattedContent panelContent&quot;&gt;
&lt;pre&gt;[ERROR] There are test failures.

Please refer to /Users/integration/target/failsafe-reports for the individual test results.
Please refer to dump files (if any exist) [date].dump, [date]-jvmRun[N].dump and [date].dumpstream.
org.apache.maven.surefire.booter.SurefireBooterForkException: There was an error in the forked process
Java heap space
&#160; &#160; at org.apache.maven.plugin.surefire.booterclient.ForkStarter.fork(ForkStarter.java:657)
&#160; &#160; at org.apache.maven.plugin.surefire.booterclient.ForkStarter.run(ForkStarter.java:283)
&#160; &#160; at org.apache.maven.plugin.surefire.booterclient.ForkStarter.run(ForkStarter.java:246)
&#160; &#160; at org.apache.maven.plugin.surefire.AbstractSurefireMojo.executeProvider(AbstractSurefireMojo.java:1161)
&#160; &#160; at org.apache.maven.plugin.surefire.AbstractSurefireMojo.executeAfterPreconditionsChecked(AbstractSurefireMojo.java:1002)
&#160; &#160; at org.apache.maven.plugin.surefire.AbstractSurefireMojo.execute(AbstractSurefireMojo.java:848)
&#160; &#160; at org.apache.maven.plugin.DefaultBuildPluginManager.executeMojo(DefaultBuildPluginManager.java:137)
&#160; &#160; at org.apache.maven.lifecycle.internal.MojoExecutor.execute(MojoExecutor.java:210)
&#160; &#160; at org.apache.maven.lifecycle.internal.MojoExecutor.execute(MojoExecutor.java:156)
&#160; &#160; at org.apache.maven.lifecycle.internal.MojoExecutor.execute(MojoExecutor.java:148)
&#160; &#160; at org.apache.maven.lifecycle.internal.LifecycleModuleBuilder.buildProject(LifecycleModuleBuilder.java:117)
&#160; &#160; at org.apache.maven.lifecycle.internal.LifecycleModuleBuilder.buildProject(LifecycleModuleBuilder.java:81)
&#160; &#160; at org.apache.maven.lifecycle.internal.builder.singlethreaded.SingleThreadedBuilder.build(SingleThreadedBuilder.java:56)
&#160; &#160; at org.apache.maven.lifecycle.internal.LifecycleStarter.execute(LifecycleStarter.java:128)
&#160; &#160; at org.apache.maven.DefaultMaven.doExecute(DefaultMaven.java:305)
&#160; &#160; at org.apache.maven.DefaultMaven.doExecute(DefaultMaven.java:192)
&#160; &#160; at org.apache.maven.DefaultMaven.execute(DefaultMaven.java:105)
&#160; &#160; at org.apache.maven.cli.MavenCli.execute(MavenCli.java:957)
&#160; &#160; at org.apache.maven.cli.MavenCli.doMain(MavenCli.java:289)
&#160; &#160; at org.apache.maven.cli.MavenCli.main(MavenCli.java:193)
&#160; &#160; at sun.reflect.NativeMethodAccessorImpl.invoke0(Native Method)
&#160; &#160; at sun.reflect.NativeMethodAccessorImpl.invoke(NativeMethodAccessorImpl.java:62)
&#160; &#160; at sun.reflect.DelegatingMethodAccessorImpl.invoke(DelegatingMethodAccessorImpl.java:43)
&#160; &#160; at java.lang.reflect.Method.invoke(Method.java:498)
&#160; &#160; at org.codehaus.plexus.classworlds.launcher.Launcher.launchEnhanced(Launcher.java:282)
&#160; &#160; at org.codehaus.plexus.classworlds.launcher.Launcher.launch(Launcher.java:225)
&#160; &#160; at org.codehaus.plexus.classworlds.launcher.Launcher.mainWithExitCode(Launcher.java:406)
&#160; &#160; at org.codehaus.plexus.classworlds.launcher.Launcher.main(Launcher.java:347)

[INFO] ------------------------------------------------------------------------
[INFO] BUILD SUCCESS
[INFO] ------------------------------------------------------------------------
[INFO] Total time: &#160;3.705 s
[INFO] Finished at: 2021-11-09T17:13:53-06:00
&lt;/pre&gt;
&lt;/div&gt;&lt;/div&gt;

&lt;p&gt;&#160;&lt;br/&gt;
It would be great to have a different exit code indicating that something was wrong with JVM.&lt;br/&gt;
It also might happen before any  report was generated so we can&apos;t rely on report XMLs&lt;/p&gt;</comment>
                            <comment id="17498365" author="olamy" created="Sat, 26 Feb 2022 00:14:58 +0000"  >&lt;p&gt;still a problem&#160;&lt;/p&gt;</comment>
                            <comment id="17498446" author="tibor17" created="Sat, 26 Feb 2022 13:30:07 +0000"  >&lt;p&gt;&lt;a href=&quot;https://issues.apache.org/jira/secure/ViewProfile.jspa?name=olamy&quot; class=&quot;user-hover&quot; rel=&quot;olamy&quot;&gt;olamy&lt;/a&gt;&lt;br/&gt;
Your problem with the ASF build is that you run JPMS on JDK8 and you want to compromise the behavior of &lt;tt&gt;maven.test.failure.ignore&lt;/tt&gt; and you want to make an exception so that the build would fail if you use JVM parameter which is unknown for the VM. This is questionary and can be discussed because always here can be two parties of people who may agree with you and who may disagree because the behavior of &lt;tt&gt;maven.test.failure.ignore&lt;/tt&gt; would not be so strick as so far. Some people may say that VM startup error is part of the test and this parameter should not fail the build. Some people may see unwanted but different behavior on &lt;tt&gt;maven.test.failure.ignore&lt;/tt&gt; if using &lt;tt&gt;forkCount=0&lt;/tt&gt; for in-plugin execution and other when &lt;tt&gt;forkCount &amp;gt; 0&lt;/tt&gt; and finally the resulting behavior would be different (bad for one party and expected by you). Some people may say that Maven has very similar option &lt;tt&gt;fail-never&lt;/tt&gt; and the natural question rises up, should we have strictly NOT to fail the build on illegal &lt;tt&gt;argLine&lt;/tt&gt; or should strictly fail the build? Another plugin Maven Compiler is also using forked JVM to compile sources and there the VM may fail which is similar situation to yours and the behavior should be similar.&lt;/p&gt;</comment>
                            <comment id="17498518" author="olamy" created="Sun, 27 Feb 2022 01:10:04 +0000"  >&lt;p&gt;&lt;a href=&quot;https://issues.apache.org/jira/secure/ViewProfile.jspa?name=tibordigana&quot; class=&quot;user-hover&quot; rel=&quot;tibordigana&quot;&gt;tibordigana&lt;/a&gt; you are doing a lot of confusions here.... This has nothing to do with ASF build or forkcount or whatever....&lt;/p&gt;

&lt;p&gt;It&apos;s an old issue which still exists.&lt;/p&gt;

&lt;p&gt;look at the branch surefire-wrong-arg of &lt;a href=&quot;https://github.com/apache/maven-surefire/&quot; class=&quot;external-link&quot; target=&quot;_blank&quot; rel=&quot;nofollow noopener&quot;&gt;https://github.com/apache/maven-surefire/&lt;/a&gt;&lt;/p&gt;

&lt;p&gt;now run (jdk 1.8 or 11 whatever)&#160;&lt;/p&gt;

&lt;p&gt;mvn clean install -Dmaven.test.failure.ignore=true&lt;/p&gt;

&lt;p&gt;there is a build success at the end. This is what users do not consider normal! &lt;/p&gt;

&lt;p&gt;If they were using option such -fae why not this would make sense, but here surefire cannot even start to run test.&lt;/p&gt;

&lt;p&gt;As far I can read from the documentation here (&lt;a href=&quot;https://maven.apache.org/surefire/maven-surefire-plugin/test-mojo.html#testFailureIgnore)&quot; class=&quot;external-link&quot; target=&quot;_blank&quot; rel=&quot;nofollow noopener&quot;&gt;https://maven.apache.org/surefire/maven-surefire-plugin/test-mojo.html#testFailureIgnore)&lt;/a&gt; &#160;&lt;/p&gt;
&lt;blockquote&gt;&lt;p&gt;Set this to &quot;true&quot; to ignore a failure during testing.&#160;&#160;&lt;/p&gt;&lt;/blockquote&gt;
&lt;p&gt;but here testing phase has not runned and not even started&#160; because of a wrong configuration.&lt;/p&gt;

&lt;p&gt;My example fail from all modules but imagine build with 60 modules and only one module failing. Nobody will see it.&lt;/p&gt;

&lt;p&gt;For a similar situation (wrong jvm arg configuration) the&#160; compiler plugin fails directly (see branch compiler-wrong-arg of surefire) and do not go to the end saying build success.&lt;/p&gt;

&lt;p&gt;&#160;&lt;/p&gt;

&lt;p&gt;I hope with such explanation you will have a better understanding of the problem and agree this should be fixed.&lt;/p&gt;</comment>
                            <comment id="17498539" author="olamy" created="Sun, 27 Feb 2022 07:17:22 +0000"  >&lt;p&gt;PR which add an integration test here&#160; &lt;a href=&quot;https://github.com/apache/maven-surefire/pull/478&quot; class=&quot;external-link&quot; target=&quot;_blank&quot; rel=&quot;nofollow noopener&quot;&gt;https://github.com/apache/maven-surefire/pull/478&lt;/a&gt;&#160;&lt;/p&gt;

&lt;p&gt;and a tentative fix.&#160;&lt;/p&gt;

&lt;p&gt;&#160;&lt;/p&gt;</comment>
                            <comment id="17512268" author="tibor17" created="Fri, 25 Mar 2022 09:10:55 +0000"  >&lt;p&gt;&lt;a href=&quot;https://gitbox.apache.org/repos/asf?p=maven-surefire.git;a=commit;h=6e60b0389814d8361e453092d3b18f52c3e4bcb1&quot; class=&quot;external-link&quot; target=&quot;_blank&quot; rel=&quot;nofollow noopener&quot;&gt;https://gitbox.apache.org/repos/asf?p=maven-surefire.git;a=commit;h=6e60b0389814d8361e453092d3b18f52c3e4bcb1&lt;/a&gt;&lt;/p&gt;</comment>
                            <comment id="17539877" author="JIRAUSER289557" created="Fri, 20 May 2022 01:57:52 +0000"  >&lt;p&gt;&lt;a href=&quot;https://issues.apache.org/jira/secure/ViewProfile.jspa?name=olamy&quot; class=&quot;user-hover&quot; rel=&quot;olamy&quot;&gt;olamy&lt;/a&gt; &lt;a href=&quot;https://issues.apache.org/jira/secure/ViewProfile.jspa?name=tibordigana&quot; class=&quot;user-hover&quot; rel=&quot;tibordigana&quot;&gt;tibordigana&lt;/a&gt; unfortunately the fix looks incomplete. It only has any effect for surefire, not for failsafe. For the surefire run, I see that in M5 I get a build success after the SurefireBooterForkException is thrown, and in M6 I correctly get a build failure. However for the failsafe run, in both M5 and M6 I get a build success.&lt;/p&gt;
&lt;div class=&quot;code panel&quot; style=&quot;border-width: 1px;&quot;&gt;&lt;div class=&quot;codeContent panelContent&quot;&gt;
&lt;pre class=&quot;code-java&quot;&gt;
[INFO] --- maven-failsafe-plugin:3.0.0-M6:verify (&lt;span class=&quot;code-keyword&quot;&gt;default&lt;/span&gt;) @ module ---
[ERROR]&#160;


Please refer to /Users/aaron.braunstein/git/module/target/failsafe-reports &lt;span class=&quot;code-keyword&quot;&gt;for&lt;/span&gt; the individual test results.
Please refer to dump files (&lt;span class=&quot;code-keyword&quot;&gt;if&lt;/span&gt; any exist) [date].dump, [date]-jvmRun[N].dump and [date].dumpstream.
org.apache.maven.surefire.booter.SurefireBooterForkException: ExecutionException The forked VM terminated without properly saying goodbye. VM crash or &lt;span class=&quot;code-object&quot;&gt;System&lt;/span&gt;.exit called?
Command was /bin/sh -c cd &lt;span class=&quot;code-quote&quot;&gt;&apos;/Users/aaron.braunstein/git/module&apos;&lt;/span&gt; &amp;amp;&amp;amp; &lt;span class=&quot;code-quote&quot;&gt;&apos;/Library/Java/JavaVirtualMachines/temurin-8.jdk/Contents/Home/jre/bin/java&apos;&lt;/span&gt; &lt;span class=&quot;code-quote&quot;&gt;&apos;-jar&apos;&lt;/span&gt; &lt;span class=&quot;code-quote&quot;&gt;&apos;/Users/aaron.braunstein/git/module/target/surefire/surefirebooter2053642676930234571.jar&apos;&lt;/span&gt; &lt;span class=&quot;code-quote&quot;&gt;&apos;/Users/aaron.braunstein/git/module/target/surefire&apos;&lt;/span&gt; &lt;span class=&quot;code-quote&quot;&gt;&apos;2022-05-19T18-54-33_572-jvmRun1&apos;&lt;/span&gt; &lt;span class=&quot;code-quote&quot;&gt;&apos;surefire8121211105648546298tmp&apos;&lt;/span&gt; &lt;span class=&quot;code-quote&quot;&gt;&apos;surefire_01046597165533406283tmp&apos;&lt;/span&gt;
Error occurred in starting fork, check output in log
&lt;span class=&quot;code-object&quot;&gt;Process&lt;/span&gt; Exit Code: 1
Crashed tests:
com.&lt;span class=&quot;code-keyword&quot;&gt;package&lt;/span&gt;.ITExit
	at org.apache.maven.plugin.surefire.booterclient.ForkStarter.awaitResultsDone(ForkStarter.java:513)
	at org.apache.maven.plugin.surefire.booterclient.ForkStarter.runSuitesForkOnceMultiple(ForkStarter.java:397)
	at org.apache.maven.plugin.surefire.booterclient.ForkStarter.run(ForkStarter.java:326)
	at org.apache.maven.plugin.surefire.booterclient.ForkStarter.run(ForkStarter.java:269)
	at org.apache.maven.plugin.surefire.AbstractSurefireMojo.executeProvider(AbstractSurefireMojo.java:1332)
	at org.apache.maven.plugin.surefire.AbstractSurefireMojo.executeAfterPreconditionsChecked(AbstractSurefireMojo.java:1165)
	at org.apache.maven.plugin.surefire.AbstractSurefireMojo.execute(AbstractSurefireMojo.java:929)
	at org.apache.maven.plugin.DefaultBuildPluginManager.executeMojo(DefaultBuildPluginManager.java:137)
	at org.apache.maven.lifecycle.internal.MojoExecutor.doExecute(MojoExecutor.java:301)
	at org.apache.maven.lifecycle.internal.MojoExecutor.execute(MojoExecutor.java:211)
	at org.apache.maven.lifecycle.internal.MojoExecutor.execute(MojoExecutor.java:165)
	at org.apache.maven.lifecycle.internal.MojoExecutor.execute(MojoExecutor.java:157)
	at org.apache.maven.lifecycle.internal.LifecycleModuleBuilder.buildProject(LifecycleModuleBuilder.java:121)
	at org.apache.maven.lifecycle.internal.LifecycleModuleBuilder.buildProject(LifecycleModuleBuilder.java:81)
	at org.apache.maven.lifecycle.internal.builder.singlethreaded.SingleThreadedBuilder.build(SingleThreadedBuilder.java:56)
	at org.apache.maven.lifecycle.internal.LifecycleStarter.execute(LifecycleStarter.java:127)
	at org.apache.maven.DefaultMaven.doExecute(DefaultMaven.java:294)
	at org.apache.maven.DefaultMaven.doExecute(DefaultMaven.java:192)
	at org.apache.maven.DefaultMaven.execute(DefaultMaven.java:105)
	at org.apache.maven.cli.MavenCli.execute(MavenCli.java:960)
	at org.apache.maven.cli.MavenCli.doMain(MavenCli.java:293)
	at org.apache.maven.cli.MavenCli.main(MavenCli.java:196)
	at sun.reflect.NativeMethodAccessorImpl.invoke0(Native Method)
	at sun.reflect.NativeMethodAccessorImpl.invoke(NativeMethodAccessorImpl.java:62)
	at sun.reflect.DelegatingMethodAccessorImpl.invoke(DelegatingMethodAccessorImpl.java:43)
	at java.lang.reflect.Method.invoke(Method.java:498)
	at org.codehaus.plexus.classworlds.launcher.Launcher.launchEnhanced(Launcher.java:282)
	at org.codehaus.plexus.classworlds.launcher.Launcher.launch(Launcher.java:225)
	at org.codehaus.plexus.classworlds.launcher.Launcher.mainWithExitCode(Launcher.java:406)
	at org.codehaus.plexus.classworlds.launcher.Launcher.main(Launcher.java:347)
Caused by: org.apache.maven.surefire.booter.SurefireBooterForkException: The forked VM terminated without properly saying goodbye. VM crash or &lt;span class=&quot;code-object&quot;&gt;System&lt;/span&gt;.exit called?
Command was /bin/sh -c cd &lt;span class=&quot;code-quote&quot;&gt;&apos;/Users/aaron.braunstein/git/module&apos;&lt;/span&gt; &amp;amp;&amp;amp; &lt;span class=&quot;code-quote&quot;&gt;&apos;/Library/Java/JavaVirtualMachines/temurin-8.jdk/Contents/Home/jre/bin/java&apos;&lt;/span&gt; &lt;span class=&quot;code-quote&quot;&gt;&apos;-jar&apos;&lt;/span&gt; &lt;span class=&quot;code-quote&quot;&gt;&apos;/Users/aaron.braunstein/git/module/target/surefire/surefirebooter2053642676930234571.jar&apos;&lt;/span&gt; &lt;span class=&quot;code-quote&quot;&gt;&apos;/Users/aaron.braunstein/git/module/target/surefire&apos;&lt;/span&gt; &lt;span class=&quot;code-quote&quot;&gt;&apos;2022-05-19T18-54-33_572-jvmRun1&apos;&lt;/span&gt; &lt;span class=&quot;code-quote&quot;&gt;&apos;surefire8121211105648546298tmp&apos;&lt;/span&gt; &lt;span class=&quot;code-quote&quot;&gt;&apos;surefire_01046597165533406283tmp&apos;&lt;/span&gt;
Error occurred in starting fork, check output in log
&lt;span class=&quot;code-object&quot;&gt;Process&lt;/span&gt; Exit Code: 1
Crashed tests:
com.&lt;span class=&quot;code-keyword&quot;&gt;package&lt;/span&gt;.ITExit
	at org.apache.maven.plugin.surefire.booterclient.ForkStarter.fork(ForkStarter.java:714)
	at org.apache.maven.plugin.surefire.booterclient.ForkStarter.lambda$&lt;span class=&quot;code-keyword&quot;&gt;null&lt;/span&gt;$3(ForkStarter.java:388)
	at java.util.concurrent.FutureTask.run(FutureTask.java:266)
	at java.util.concurrent.ThreadPoolExecutor.runWorker(ThreadPoolExecutor.java:1149)
	at java.util.concurrent.ThreadPoolExecutor$Worker.run(ThreadPoolExecutor.java:624)
	at java.lang.&lt;span class=&quot;code-object&quot;&gt;Thread&lt;/span&gt;.run(&lt;span class=&quot;code-object&quot;&gt;Thread&lt;/span&gt;.java:750)


[INFO] ------------------------------------------------------------------------
[INFO] BUILD SUCCESS
[INFO] ------------------------------------------------------------------------
[INFO] Total time:&#160; 45.820 s
[INFO] Finished at: 2022-05-19T18:54:43-07:00
[INFO] ------------------------------------------------------------------------ &lt;/pre&gt;
&lt;/div&gt;&lt;/div&gt;</comment>
                            <comment id="17550762" author="JIRAUSER289557" created="Tue, 7 Jun 2022 03:00:07 +0000"  >&lt;p&gt;&lt;a href=&quot;https://issues.apache.org/jira/secure/ViewProfile.jspa?name=tibordigana&quot; class=&quot;user-hover&quot; rel=&quot;tibordigana&quot;&gt;tibordigana&lt;/a&gt; I have a fix for the above. Should we re-open this issue, or I file a new issue to track the fix for Maven Failsafe Plugin (and this get updated to indicate this issue does not track/fix that issue).&lt;/p&gt;</comment>
                            <comment id="17550783" author="olamy" created="Tue, 7 Jun 2022 03:39:35 +0000"  >&lt;p&gt;&lt;a href=&quot;https://issues.apache.org/jira/secure/ViewProfile.jspa?name=br0nstein&quot; class=&quot;user-hover&quot; rel=&quot;br0nstein&quot;&gt;br0nstein&lt;/a&gt;please open another issue. thanks&lt;/p&gt;</comment>
                            <comment id="17551202" author="JIRAUSER289557" created="Tue, 7 Jun 2022 17:30:04 +0000"  >&lt;p&gt;&lt;a href=&quot;https://issues.apache.org/jira/secure/ViewProfile.jspa?name=olamy&quot; class=&quot;user-hover&quot; rel=&quot;olamy&quot;&gt;olamy&lt;/a&gt; &lt;a href=&quot;https://issues.apache.org/jira/browse/SUREFIRE-2095&quot; class=&quot;external-link&quot; rel=&quot;nofollow&quot;&gt;https://issues.apache.org/jira/browse/SUREFIRE-2095&lt;/a&gt;&lt;/p&gt;</comment>
                            <comment id="17994832" author="olamy" created="Fri, 4 Jul 2025 07:29:17 +0000"  >&lt;p&gt;This project has moved from Jira to GitHub Issues. This issue was migrated to &lt;a href=&quot;https://github.com/apache/maven-surefire/issues/2257&quot; class=&quot;external-link&quot; target=&quot;_blank&quot; rel=&quot;nofollow noopener&quot;&gt;apache/maven-surefire#2257&lt;/a&gt;. &lt;/p&gt;</comment>
                    </comments>
                <issuelinks>
                            <issuelinktype id="12310000">
                    <name>Duplicate</name>
                                                                <inwardlinks description="is duplicated by">
                                        <issuelink>
            <issuekey id="13245975">SUREFIRE-1681</issuekey>
        </issuelink>
                            </inwardlinks>
                                    </issuelinktype>
                            <issuelinktype id="10030">
                    <name>Reference</name>
                                                                <inwardlinks description="is related to">
                                        <issuelink>
            <issuekey id="13451350">HIVE-26343</issuekey>
        </issuelink>
                            </inwardlinks>
                                    </issuelinktype>
                    </issuelinks>
                <attachments>
                            <attachment id="12889979" name="surefire-1426-test.tar.gz" size="931" author="dan.berindei" created="Mon, 2 Oct 2017 16:14:17 +0000"/>
                    </attachments>
                <subtasks>
                    </subtasks>
                <customfields>
                                                                            <customfield id="customfield_12310310" key="com.atlassian.jira.toolkit:attachments">
                        <customfieldname>Attachment count</customfieldname>
                        <customfieldvalues>
                            <customfieldvalue>1.0</customfieldvalue>
                        </customfieldvalues>
                    </customfield>
                                                                                                                                                                                                                                                                                                                                                                                                                                                                                                                                                                                                                                                                                                        <customfield id="customfield_12314020" key="com.atlassian.jira.plugins.jira-development-integration-plugin:devsummary">
                        <customfieldname>Development</customfieldname>
                        <customfieldvalues>
                            
                        </customfieldvalues>
                    </customfield>
                                                                                                                        <customfield id="customfield_12313422" key="com.atlassian.jirafisheyeplugin:jobcheckbox">
                        <customfieldname>Enable Automatic Patch Review</customfieldname>
                        <customfieldvalues>
                            <customfieldvalue><![CDATA[no_permission]]></customfieldvalue>

                        </customfieldvalues>
                    </customfield>
                                                                                                                                                                                                                                                                                                                                                                                                                                                                                                                                                                                                                    <customfield id="customfield_12310420" key="com.pyxis.greenhopper.jira:gh-global-rank">
                        <customfieldname>Global Rank</customfieldname>
                        <customfieldvalues>
                            <customfieldvalue>9223372036854775807</customfieldvalue>
                        </customfieldvalues>
                    </customfield>
                                                                                                                                                                                                                                        <customfield id="customfield_12312521" key="com.atlassian.jira.toolkit:LastCommentDate">
                        <customfieldname>Last public comment date</customfieldname>
                        <customfieldvalues>
                            18 weeks, 4 days ago
                        </customfieldvalues>
                    </customfield>
                                                                                                                                                                                                                                                                                                <customfield id="customfield_12311820" key="com.pyxis.greenhopper.jira:gh-lexo-rank">
                        <customfieldname>Rank</customfieldname>
                        <customfieldvalues>
                            <customfieldvalue>0|i3kpef:</customfieldvalue>

                        </customfieldvalues>
                    </customfield>
                                                                <customfield id="customfield_12310920" key="com.pyxis.greenhopper.jira:gh-global-rank">
                        <customfieldname>Rank (Obsolete)</customfieldname>
                        <customfieldvalues>
                            <customfieldvalue>9223372036854775807</customfieldvalue>
                        </customfieldvalues>
                    </customfield>
                                                                                                                                                                                                                                                                                                                                                                                                                                                                                                                                                                                                                                                                                                                                                                                            </customfields>
    </item>
</channel>
</rss>