<!-- 
RSS generated by JIRA (8.20.10#820010-sha1:ace47f9899e9ee25d7157d59aa17ab06aee30d3d) at Wed Nov 12 07:18:15 UTC 2025

It is possible to restrict the fields that are returned in this document by specifying the 'field' parameter in your request.
For example, to request only the issue key and summary append 'field=key&field=summary' to the URL of your request.
-->
<rss version="0.92" >
<channel>
    <title>ASF Jira</title>
    <link>https://issues.apache.org/jira</link>
    <description>This file is an XML representation of an issue</description>
    <language>en-uk</language>    <build-info>
        <version>8.20.10</version>
        <build-number>820010</build-number>
        <build-date>22-06-2022</build-date>
    </build-info>


<item>
            <title>[SUREFIRE-2251] [REGRESSION] java.lang.NoSuchMethodException: org.apache.maven.plugin.surefire.StartupReportConfiguration.&lt;init&gt;</title>
                <link>https://issues.apache.org/jira/browse/SUREFIRE-2251</link>
                <project id="12317927" key="SUREFIRE">Maven Surefire (Moved to GitHub Issues)</project>
                    <description>&lt;p&gt;I try to update from 3.3.0 to 3.3.1 and see some breaking changes because of missing constructors.&lt;/p&gt;

&lt;div class=&quot;preformatted panel&quot; style=&quot;border-width: 1px;&quot;&gt;&lt;div class=&quot;preformattedContent panelContent&quot;&gt;
&lt;pre&gt;115121 [ERROR] Failed to execute goal org.apache.maven.plugins:maven-surefire-plugin:3.3.1:test (default-test) on project util: Execution default-test of goal org.apache.maven.plugins:maven-surefire-plugin:3.3.1:test failed: java.lang.NoSuchMethodException: org.apache.maven.plugin.surefire.StartupReportConfiguration.&amp;lt;init&amp;gt;(boolean,boolean,java.lang.String,boolean,java.io.File,boolean,java.lang.String,java.io.File,boolean,int,java.lang.String,java.lang.String,boolean,boolean,boolean,org.apache.maven.plugin.surefire.extensions.SurefireStatelessReporter,org.apache.maven.plugin.surefire.extensions.SurefireConsoleOutputReporter,org.apache.maven.plugin.surefire.extensions.SurefireStatelessTestsetInfoReporter) -&amp;gt; [Help 1]
org.apache.maven.lifecycle.LifecycleExecutionException: Failed to execute goal org.apache.maven.plugins:maven-surefire-plugin:3.3.1:test (default-test) on project util: Execution default-test of goal org.apache.maven.plugins:maven-surefire-plugin:3.3.1:test failed: java.lang.NoSuchMethodException: org.apache.maven.plugin.surefire.StartupReportConfiguration.&amp;lt;init&amp;gt;(boolean,boolean,java.lang.String,boolean,java.io.File,boolean,java.lang.String,java.io.File,boolean,int,java.lang.String,java.lang.String,boolean,boolean,boolean,org.apache.maven.plugin.surefire.extensions.SurefireStatelessReporter,org.apache.maven.plugin.surefire.extensions.SurefireConsoleOutputReporter,org.apache.maven.plugin.surefire.extensions.SurefireStatelessTestsetInfoReporter)
    at org.apache.maven.lifecycle.internal.MojoExecutor.doExecute2 (MojoExecutor.java:333)
    at org.apache.maven.lifecycle.internal.MojoExecutor.doExecute (MojoExecutor.java:316)
    at org.apache.maven.lifecycle.internal.MojoExecutor.execute (MojoExecutor.java:212)
    at org.apache.maven.lifecycle.internal.MojoExecutor.execute (MojoExecutor.java:174)
    at org.apache.maven.lifecycle.internal.MojoExecutor.access$000 (MojoExecutor.java:75)
    at org.apache.maven.lifecycle.internal.MojoExecutor$1.run (MojoExecutor.java:162)
    at org.apache.maven.buildcache.BuildCacheMojosExecutionStrategy.execute (BuildCacheMojosExecutionStrategy.java:145)
    at org.apache.maven.lifecycle.internal.MojoExecutor.execute (MojoExecutor.java:159)
    at org.apache.maven.lifecycle.internal.LifecycleModuleBuilder.buildProject (LifecycleModuleBuilder.java:105)
    at io.takari.maven.builder.smart.SmartBuilderImpl.buildProject (SmartBuilderImpl.java:206)
    at io.takari.maven.builder.smart.SmartBuilderImpl$ProjectBuildTask.run (SmartBuilderImpl.java:71)
    at java.util.concurrent.Executors$RunnableAdapter.call (Executors.java:539)
    at java.util.concurrent.FutureTask.run (FutureTask.java:264)
    at java.util.concurrent.ThreadPoolExecutor.runWorker (ThreadPoolExecutor.java:1136)
    at java.util.concurrent.ThreadPoolExecutor$Worker.run (ThreadPoolExecutor.java:635)
    at java.lang.Thread.run (Thread.java:840)
Caused by: org.apache.maven.plugin.PluginExecutionException: Execution default-test of goal org.apache.maven.plugins:maven-surefire-plugin:3.3.1:test failed: java.lang.NoSuchMethodException: org.apache.maven.plugin.surefire.StartupReportConfiguration.&amp;lt;init&amp;gt;(boolean,boolean,java.lang.String,boolean,java.io.File,boolean,java.lang.String,java.io.File,boolean,int,java.lang.String,java.lang.String,boolean,boolean,boolean,org.apache.maven.plugin.surefire.extensions.SurefireStatelessReporter,org.apache.maven.plugin.surefire.extensions.SurefireConsoleOutputReporter,org.apache.maven.plugin.surefire.extensions.SurefireStatelessTestsetInfoReporter)
    at org.apache.maven.plugin.DefaultBuildPluginManager.executeMojo (DefaultBuildPluginManager.java:133)
    at org.apache.maven.lifecycle.internal.MojoExecutor.doExecute2 (MojoExecutor.java:328)
    at org.apache.maven.lifecycle.internal.MojoExecutor.doExecute (MojoExecutor.java:316)
    at org.apache.maven.lifecycle.internal.MojoExecutor.execute (MojoExecutor.java:212)
    at org.apache.maven.lifecycle.internal.MojoExecutor.execute (MojoExecutor.java:174)
    at org.apache.maven.lifecycle.internal.MojoExecutor.access$000 (MojoExecutor.java:75)
    at org.apache.maven.lifecycle.internal.MojoExecutor$1.run (MojoExecutor.java:162)
    at org.apache.maven.buildcache.BuildCacheMojosExecutionStrategy.execute (BuildCacheMojosExecutionStrategy.java:145)
    at org.apache.maven.lifecycle.internal.MojoExecutor.execute (MojoExecutor.java:159)
    at org.apache.maven.lifecycle.internal.LifecycleModuleBuilder.buildProject (LifecycleModuleBuilder.java:105)
    at io.takari.maven.builder.smart.SmartBuilderImpl.buildProject (SmartBuilderImpl.java:206)
    at io.takari.maven.builder.smart.SmartBuilderImpl$ProjectBuildTask.run (SmartBuilderImpl.java:71)
    at java.util.concurrent.Executors$RunnableAdapter.call (Executors.java:539)
    at java.util.concurrent.FutureTask.run (FutureTask.java:264)
    at java.util.concurrent.ThreadPoolExecutor.runWorker (ThreadPoolExecutor.java:1136)
    at java.util.concurrent.ThreadPoolExecutor$Worker.run (ThreadPoolExecutor.java:635)
    at java.lang.Thread.run (Thread.java:840)
Caused by: org.apache.maven.surefire.api.util.SurefireReflectionException: java.lang.NoSuchMethodException: org.apache.maven.plugin.surefire.StartupReportConfiguration.&amp;lt;init&amp;gt;(boolean,boolean,java.lang.String,boolean,java.io.File,boolean,java.lang.String,java.io.File,boolean,int,java.lang.String,java.lang.String,boolean,boolean,boolean,org.apache.maven.plugin.surefire.extensions.SurefireStatelessReporter,org.apache.maven.plugin.surefire.extensions.SurefireConsoleOutputReporter,org.apache.maven.plugin.surefire.extensions.SurefireStatelessTestsetInfoReporter)
    at org.apache.maven.surefire.api.util.ReflectionUtils.getConstructor (ReflectionUtils.java:69)
    at org.apache.maven.plugin.surefire.CommonReflector.createStartupReportConfiguration (CommonReflector.java:74)
    at org.apache.maven.plugin.surefire.CommonReflector.createReportingReporterFactory (CommonReflector.java:67)
    at org.apache.maven.plugin.surefire.booterclient.ForkStarter.getSuitesIterator (ForkStarter.java:671)
    at org.apache.maven.plugin.surefire.booterclient.ForkStarter.runSuitesForkPerTestSet (ForkStarter.java:385)
    at org.apache.maven.plugin.surefire.booterclient.ForkStarter.run (ForkStarter.java:297)
    at org.apache.maven.plugin.surefire.booterclient.ForkStarter.run (ForkStarter.java:250)
    at org.apache.maven.plugin.surefire.AbstractSurefireMojo.executeProvider (AbstractSurefireMojo.java:1256)
    at org.apache.maven.plugin.surefire.AbstractSurefireMojo.executeAfterPreconditionsChecked (AbstractSurefireMojo.java:1105)
    at org.apache.maven.plugin.surefire.AbstractSurefireMojo.execute (AbstractSurefireMojo.java:939)
    at org.apache.maven.plugin.DefaultBuildPluginManager.executeMojo (DefaultBuildPluginManager.java:126)
    at org.apache.maven.lifecycle.internal.MojoExecutor.doExecute2 (MojoExecutor.java:328)
    at org.apache.maven.lifecycle.internal.MojoExecutor.doExecute (MojoExecutor.java:316)
    at org.apache.maven.lifecycle.internal.MojoExecutor.execute (MojoExecutor.java:212)
    at org.apache.maven.lifecycle.internal.MojoExecutor.execute (MojoExecutor.java:174)
    at org.apache.maven.lifecycle.internal.MojoExecutor.access$000 (MojoExecutor.java:75)
    at org.apache.maven.lifecycle.internal.MojoExecutor$1.run (MojoExecutor.java:162)
    at org.apache.maven.buildcache.BuildCacheMojosExecutionStrategy.execute (BuildCacheMojosExecutionStrategy.java:145)
    at org.apache.maven.lifecycle.internal.MojoExecutor.execute (MojoExecutor.java:159)
    at org.apache.maven.lifecycle.internal.LifecycleModuleBuilder.buildProject (LifecycleModuleBuilder.java:105)
    at io.takari.maven.builder.smart.SmartBuilderImpl.buildProject (SmartBuilderImpl.java:206)
    at io.takari.maven.builder.smart.SmartBuilderImpl$ProjectBuildTask.run (SmartBuilderImpl.java:71)
    at java.util.concurrent.Executors$RunnableAdapter.call (Executors.java:539)
    at java.util.concurrent.FutureTask.run (FutureTask.java:264)
    at java.util.concurrent.ThreadPoolExecutor.runWorker (ThreadPoolExecutor.java:1136)
    at java.util.concurrent.ThreadPoolExecutor$Worker.run (ThreadPoolExecutor.java:635)
    at java.lang.Thread.run (Thread.java:840)
Caused by: java.lang.NoSuchMethodException: org.apache.maven.plugin.surefire.StartupReportConfiguration.&amp;lt;init&amp;gt;(boolean,boolean,java.lang.String,boolean,java.io.File,boolean,java.lang.String,java.io.File,boolean,int,java.lang.String,java.lang.String,boolean,boolean,boolean,org.apache.maven.plugin.surefire.extensions.SurefireStatelessReporter,org.apache.maven.plugin.surefire.extensions.SurefireConsoleOutputReporter,org.apache.maven.plugin.surefire.extensions.SurefireStatelessTestsetInfoReporter)
    at java.lang.Class.getConstructor0 (Class.java:3585)
    at java.lang.Class.getConstructor (Class.java:2271)
    at org.apache.maven.surefire.api.util.ReflectionUtils.getConstructor (ReflectionUtils.java:67)
    at org.apache.maven.plugin.surefire.CommonReflector.createStartupReportConfiguration (CommonReflector.java:74)
    at org.apache.maven.plugin.surefire.CommonReflector.createReportingReporterFactory (CommonReflector.java:67)
    at org.apache.maven.plugin.surefire.booterclient.ForkStarter.getSuitesIterator (ForkStarter.java:671)
    at org.apache.maven.plugin.surefire.booterclient.ForkStarter.runSuitesForkPerTestSet (ForkStarter.java:385)
    at org.apache.maven.plugin.surefire.booterclient.ForkStarter.run (ForkStarter.java:297)
    at org.apache.maven.plugin.surefire.booterclient.ForkStarter.run (ForkStarter.java:250)
    at org.apache.maven.plugin.surefire.AbstractSurefireMojo.executeProvider (AbstractSurefireMojo.java:1256)
    at org.apache.maven.plugin.surefire.AbstractSurefireMojo.executeAfterPreconditionsChecked (AbstractSurefireMojo.java:1105)
    at org.apache.maven.plugin.surefire.AbstractSurefireMojo.execute (AbstractSurefireMojo.java:939)
    at org.apache.maven.plugin.DefaultBuildPluginManager.executeMojo (DefaultBuildPluginManager.java:126)
    at org.apache.maven.lifecycle.internal.MojoExecutor.doExecute2 (MojoExecutor.java:328)
    at org.apache.maven.lifecycle.internal.MojoExecutor.doExecute (MojoExecutor.java:316)
    at org.apache.maven.lifecycle.internal.MojoExecutor.execute (MojoExecutor.java:212)
    at org.apache.maven.lifecycle.internal.MojoExecutor.execute (MojoExecutor.java:174)
    at org.apache.maven.lifecycle.internal.MojoExecutor.access$000 (MojoExecutor.java:75)
    at org.apache.maven.lifecycle.internal.MojoExecutor$1.run (MojoExecutor.java:162)
    at org.apache.maven.buildcache.BuildCacheMojosExecutionStrategy.execute (BuildCacheMojosExecutionStrategy.java:145)
    at org.apache.maven.lifecycle.internal.MojoExecutor.execute (MojoExecutor.java:159)
    at org.apache.maven.lifecycle.internal.LifecycleModuleBuilder.buildProject (LifecycleModuleBuilder.java:105)
    at io.takari.maven.builder.smart.SmartBuilderImpl.buildProject (SmartBuilderImpl.java:206)
    at io.takari.maven.builder.smart.SmartBuilderImpl$ProjectBuildTask.run (SmartBuilderImpl.java:71)
    at java.util.concurrent.Executors$RunnableAdapter.call (Executors.java:539)
    at java.util.concurrent.FutureTask.run (FutureTask.java:264)
    at java.util.concurrent.ThreadPoolExecutor.runWorker (ThreadPoolExecutor.java:1136)
    at java.util.concurrent.ThreadPoolExecutor$Worker.run (ThreadPoolExecutor.java:635)
    at java.lang.Thread.run (Thread.java:840)
&lt;/pre&gt;
&lt;/div&gt;&lt;/div&gt;

&lt;p&gt;That&apos;s my plugin definition:&lt;/p&gt;

&lt;div class=&quot;code panel&quot; style=&quot;border-width: 1px;&quot;&gt;&lt;div class=&quot;codeContent panelContent&quot;&gt;
&lt;pre class=&quot;code-xml&quot;&gt;
&lt;span class=&quot;code-tag&quot;&gt;&amp;lt;plugin&amp;gt;&lt;/span&gt;
          &lt;span class=&quot;code-tag&quot;&gt;&amp;lt;groupId&amp;gt;&lt;/span&gt;org.apache.maven.plugins&lt;span class=&quot;code-tag&quot;&gt;&amp;lt;/groupId&amp;gt;&lt;/span&gt;
          &lt;span class=&quot;code-tag&quot;&gt;&amp;lt;artifactId&amp;gt;&lt;/span&gt;maven-surefire-plugin&lt;span class=&quot;code-tag&quot;&gt;&amp;lt;/artifactId&amp;gt;&lt;/span&gt;
          &lt;span class=&quot;code-tag&quot;&gt;&amp;lt;version&amp;gt;&lt;/span&gt;${maven-surefire-plugin.version}&lt;span class=&quot;code-tag&quot;&gt;&amp;lt;/version&amp;gt;&lt;/span&gt;
          &lt;span class=&quot;code-tag&quot;&gt;&amp;lt;configuration&amp;gt;&lt;/span&gt;
            &lt;span class=&quot;code-tag&quot;&gt;&lt;span class=&quot;code-comment&quot;&gt;&amp;lt;!-- @formatter:off Avoid newlines inside argLine! --&amp;gt;&lt;/span&gt;&lt;/span&gt;
            &lt;span class=&quot;code-tag&quot;&gt;&lt;span class=&quot;code-comment&quot;&gt;&amp;lt;!-- Sets the VM argument line used when unit tests are run. See jacoco plugin --&amp;gt;&lt;/span&gt;&lt;/span&gt;
            &lt;span class=&quot;code-tag&quot;&gt;&amp;lt;argLine&amp;gt;&lt;/span&gt;-Xshare:off -Djdk.net.URLClassPath.disableClassPathURLCheck=true @{jacoco.surefireArgLine}&lt;span class=&quot;code-tag&quot;&gt;&amp;lt;/argLine&amp;gt;&lt;/span&gt;
            &lt;span class=&quot;code-tag&quot;&gt;&lt;span class=&quot;code-comment&quot;&gt;&amp;lt;!-- @formatter:on Avoid newlines inside argLine! --&amp;gt;&lt;/span&gt;&lt;/span&gt;
            &lt;span class=&quot;code-tag&quot;&gt;&amp;lt;printSummary&amp;gt;&lt;/span&gt;true&lt;span class=&quot;code-tag&quot;&gt;&amp;lt;/printSummary&amp;gt;&lt;/span&gt;
            &lt;span class=&quot;code-tag&quot;&gt;&amp;lt;useUnlimitedThreads&amp;gt;&lt;/span&gt;false&lt;span class=&quot;code-tag&quot;&gt;&amp;lt;/useUnlimitedThreads&amp;gt;&lt;/span&gt;
            &lt;span class=&quot;code-tag&quot;&gt;&amp;lt;perCoreThreadCount&amp;gt;&lt;/span&gt;false&lt;span class=&quot;code-tag&quot;&gt;&amp;lt;/perCoreThreadCount&amp;gt;&lt;/span&gt;
            &lt;span class=&quot;code-tag&quot;&gt;&amp;lt;parallelOptimized&amp;gt;&lt;/span&gt;false&lt;span class=&quot;code-tag&quot;&gt;&amp;lt;/parallelOptimized&amp;gt;&lt;/span&gt;
            &lt;span class=&quot;code-tag&quot;&gt;&amp;lt;threadCount&amp;gt;&lt;/span&gt;${test-thread-count}&lt;span class=&quot;code-tag&quot;&gt;&amp;lt;/threadCount&amp;gt;&lt;/span&gt;
            &lt;span class=&quot;code-tag&quot;&gt;&amp;lt;parallel&amp;gt;&lt;/span&gt;${test-parallel}&lt;span class=&quot;code-tag&quot;&gt;&amp;lt;/parallel&amp;gt;&lt;/span&gt;
            &lt;span class=&quot;code-tag&quot;&gt;&amp;lt;forkCount&amp;gt;&lt;/span&gt;${test-fork-count}&lt;span class=&quot;code-tag&quot;&gt;&amp;lt;/forkCount&amp;gt;&lt;/span&gt;
            &lt;span class=&quot;code-tag&quot;&gt;&amp;lt;reuseForks&amp;gt;&lt;/span&gt;${test-fork-reuse}&lt;span class=&quot;code-tag&quot;&gt;&amp;lt;/reuseForks&amp;gt;&lt;/span&gt;
            &lt;span class=&quot;code-tag&quot;&gt;&amp;lt;rerunFailingTestsCount&amp;gt;&lt;/span&gt;${test-rerun-count}&lt;span class=&quot;code-tag&quot;&gt;&amp;lt;/rerunFailingTestsCount&amp;gt;&lt;/span&gt;
            &lt;span class=&quot;code-tag&quot;&gt;&amp;lt;skipAfterFailureCount&amp;gt;&lt;/span&gt;${test-skip-after-failure-count}&lt;span class=&quot;code-tag&quot;&gt;&amp;lt;/skipAfterFailureCount&amp;gt;&lt;/span&gt;
            &lt;span class=&quot;code-tag&quot;&gt;&amp;lt;parallelTestsTimeoutForcedInSeconds&amp;gt;&lt;/span&gt;400&lt;span class=&quot;code-tag&quot;&gt;&amp;lt;/parallelTestsTimeoutForcedInSeconds&amp;gt;&lt;/span&gt;
            &lt;span class=&quot;code-tag&quot;&gt;&amp;lt;parallelTestsTimeoutInSeconds&amp;gt;&lt;/span&gt;400&lt;span class=&quot;code-tag&quot;&gt;&amp;lt;/parallelTestsTimeoutInSeconds&amp;gt;&lt;/span&gt;
            &lt;span class=&quot;code-tag&quot;&gt;&amp;lt;properties&amp;gt;&lt;/span&gt;
              &lt;span class=&quot;code-tag&quot;&gt;&amp;lt;property&amp;gt;&lt;/span&gt;
                &lt;span class=&quot;code-tag&quot;&gt;&amp;lt;name&amp;gt;&lt;/span&gt;dataproviderthreadcount&lt;span class=&quot;code-tag&quot;&gt;&amp;lt;/name&amp;gt;&lt;/span&gt;
                &lt;span class=&quot;code-tag&quot;&gt;&amp;lt;value&amp;gt;&lt;/span&gt;${test-testng-dataproviderthreadcount}&lt;span class=&quot;code-tag&quot;&gt;&amp;lt;/value&amp;gt;&lt;/span&gt;
              &lt;span class=&quot;code-tag&quot;&gt;&amp;lt;/property&amp;gt;&lt;/span&gt;
            &lt;span class=&quot;code-tag&quot;&gt;&amp;lt;/properties&amp;gt;&lt;/span&gt;
          &lt;span class=&quot;code-tag&quot;&gt;&amp;lt;/configuration&amp;gt;&lt;/span&gt;
          &lt;span class=&quot;code-tag&quot;&gt;&amp;lt;executions&amp;gt;&lt;/span&gt;
            &lt;span class=&quot;code-tag&quot;&gt;&amp;lt;execution&amp;gt;&lt;/span&gt;
              &lt;span class=&quot;code-tag&quot;&gt;&amp;lt;id&amp;gt;&lt;/span&gt;default-test&lt;span class=&quot;code-tag&quot;&gt;&amp;lt;/id&amp;gt;&lt;/span&gt;
              &lt;span class=&quot;code-tag&quot;&gt;&amp;lt;phase&amp;gt;&lt;/span&gt;test&lt;span class=&quot;code-tag&quot;&gt;&amp;lt;/phase&amp;gt;&lt;/span&gt;
              &lt;span class=&quot;code-tag&quot;&gt;&amp;lt;goals&amp;gt;&lt;/span&gt;
                &lt;span class=&quot;code-tag&quot;&gt;&amp;lt;goal&amp;gt;&lt;/span&gt;test&lt;span class=&quot;code-tag&quot;&gt;&amp;lt;/goal&amp;gt;&lt;/span&gt;
              &lt;span class=&quot;code-tag&quot;&gt;&amp;lt;/goals&amp;gt;&lt;/span&gt;
              &lt;span class=&quot;code-tag&quot;&gt;&amp;lt;configuration&amp;gt;&lt;/span&gt;
                &lt;span class=&quot;code-tag&quot;&gt;&amp;lt;includes&amp;gt;&lt;/span&gt;
                  &lt;span class=&quot;code-tag&quot;&gt;&amp;lt;include&amp;gt;&lt;/span&gt;${test-includes}&lt;span class=&quot;code-tag&quot;&gt;&amp;lt;/include&amp;gt;&lt;/span&gt;
                &lt;span class=&quot;code-tag&quot;&gt;&amp;lt;/includes&amp;gt;&lt;/span&gt;
                &lt;span class=&quot;code-tag&quot;&gt;&amp;lt;reportFormat&amp;gt;&lt;/span&gt;plain&lt;span class=&quot;code-tag&quot;&gt;&amp;lt;/reportFormat&amp;gt;&lt;/span&gt;
                &lt;span class=&quot;code-tag&quot;&gt;&amp;lt;consoleOutputReporter&amp;gt;&lt;/span&gt;
                  &lt;span class=&quot;code-tag&quot;&gt;&amp;lt;disable&amp;gt;&lt;/span&gt;true&lt;span class=&quot;code-tag&quot;&gt;&amp;lt;/disable&amp;gt;&lt;/span&gt;
                &lt;span class=&quot;code-tag&quot;&gt;&amp;lt;/consoleOutputReporter&amp;gt;&lt;/span&gt;
                &lt;span class=&quot;code-tag&quot;&gt;&amp;lt;statelessTestsetInfoReporter implementation=&lt;span class=&quot;code-quote&quot;&gt;&quot;org.apache.maven.plugin.surefire.extensions.junit5.JUnit5StatelessTestsetInfoTreeReporter&quot;&lt;/span&gt;&amp;gt;&lt;/span&gt;
                  &lt;span class=&quot;code-tag&quot;&gt;&amp;lt;theme&amp;gt;&lt;/span&gt;ASCII&lt;span class=&quot;code-tag&quot;&gt;&amp;lt;/theme&amp;gt;&lt;/span&gt;
                  &lt;span class=&quot;code-tag&quot;&gt;&amp;lt;printStacktraceOnError&amp;gt;&lt;/span&gt;true&lt;span class=&quot;code-tag&quot;&gt;&amp;lt;/printStacktraceOnError&amp;gt;&lt;/span&gt;
                  &lt;span class=&quot;code-tag&quot;&gt;&amp;lt;printStacktraceOnFailure&amp;gt;&lt;/span&gt;true&lt;span class=&quot;code-tag&quot;&gt;&amp;lt;/printStacktraceOnFailure&amp;gt;&lt;/span&gt;
                  &lt;span class=&quot;code-tag&quot;&gt;&amp;lt;printStdoutOnError&amp;gt;&lt;/span&gt;true&lt;span class=&quot;code-tag&quot;&gt;&amp;lt;/printStdoutOnError&amp;gt;&lt;/span&gt;
                  &lt;span class=&quot;code-tag&quot;&gt;&amp;lt;printStdoutOnFailure&amp;gt;&lt;/span&gt;true&lt;span class=&quot;code-tag&quot;&gt;&amp;lt;/printStdoutOnFailure&amp;gt;&lt;/span&gt;
                  &lt;span class=&quot;code-tag&quot;&gt;&amp;lt;printStdoutOnSuccess&amp;gt;&lt;/span&gt;false&lt;span class=&quot;code-tag&quot;&gt;&amp;lt;/printStdoutOnSuccess&amp;gt;&lt;/span&gt;
                  &lt;span class=&quot;code-tag&quot;&gt;&amp;lt;printStderrOnError&amp;gt;&lt;/span&gt;true&lt;span class=&quot;code-tag&quot;&gt;&amp;lt;/printStderrOnError&amp;gt;&lt;/span&gt;
                  &lt;span class=&quot;code-tag&quot;&gt;&amp;lt;printStderrOnFailure&amp;gt;&lt;/span&gt;true&lt;span class=&quot;code-tag&quot;&gt;&amp;lt;/printStderrOnFailure&amp;gt;&lt;/span&gt;
                  &lt;span class=&quot;code-tag&quot;&gt;&amp;lt;printStderrOnSuccess&amp;gt;&lt;/span&gt;false&lt;span class=&quot;code-tag&quot;&gt;&amp;lt;/printStderrOnSuccess&amp;gt;&lt;/span&gt;
                &lt;span class=&quot;code-tag&quot;&gt;&amp;lt;/statelessTestsetInfoReporter&amp;gt;&lt;/span&gt;
              &lt;span class=&quot;code-tag&quot;&gt;&amp;lt;/configuration&amp;gt;&lt;/span&gt;
            &lt;span class=&quot;code-tag&quot;&gt;&amp;lt;/execution&amp;gt;&lt;/span&gt;
          &lt;span class=&quot;code-tag&quot;&gt;&amp;lt;/executions&amp;gt;&lt;/span&gt;
          &lt;span class=&quot;code-tag&quot;&gt;&amp;lt;dependencies&amp;gt;&lt;/span&gt;
            &lt;span class=&quot;code-tag&quot;&gt;&amp;lt;dependency&amp;gt;&lt;/span&gt;
              &lt;span class=&quot;code-tag&quot;&gt;&amp;lt;groupId&amp;gt;&lt;/span&gt;org.junit.jupiter&lt;span class=&quot;code-tag&quot;&gt;&amp;lt;/groupId&amp;gt;&lt;/span&gt;
              &lt;span class=&quot;code-tag&quot;&gt;&amp;lt;artifactId&amp;gt;&lt;/span&gt;junit-jupiter-engine&lt;span class=&quot;code-tag&quot;&gt;&amp;lt;/artifactId&amp;gt;&lt;/span&gt;
              &lt;span class=&quot;code-tag&quot;&gt;&amp;lt;version&amp;gt;&lt;/span&gt;${junit-jupiter-engine.version}&lt;span class=&quot;code-tag&quot;&gt;&amp;lt;/version&amp;gt;&lt;/span&gt;
            &lt;span class=&quot;code-tag&quot;&gt;&amp;lt;/dependency&amp;gt;&lt;/span&gt;
            &lt;span class=&quot;code-tag&quot;&gt;&amp;lt;dependency&amp;gt;&lt;/span&gt;
              &lt;span class=&quot;code-tag&quot;&gt;&amp;lt;groupId&amp;gt;&lt;/span&gt;me.fabriciorby&lt;span class=&quot;code-tag&quot;&gt;&amp;lt;/groupId&amp;gt;&lt;/span&gt;
              &lt;span class=&quot;code-tag&quot;&gt;&amp;lt;artifactId&amp;gt;&lt;/span&gt;maven-surefire-junit5-tree-reporter&lt;span class=&quot;code-tag&quot;&gt;&amp;lt;/artifactId&amp;gt;&lt;/span&gt;
              &lt;span class=&quot;code-tag&quot;&gt;&amp;lt;version&amp;gt;&lt;/span&gt;1.2.1&lt;span class=&quot;code-tag&quot;&gt;&amp;lt;/version&amp;gt;&lt;/span&gt;
            &lt;span class=&quot;code-tag&quot;&gt;&amp;lt;/dependency&amp;gt;&lt;/span&gt;
          &lt;span class=&quot;code-tag&quot;&gt;&amp;lt;/dependencies&amp;gt;&lt;/span&gt;
        &lt;span class=&quot;code-tag&quot;&gt;&amp;lt;/plugin&amp;gt;&lt;/span&gt;
&lt;/pre&gt;
&lt;/div&gt;&lt;/div&gt;

&lt;div class=&quot;code panel&quot; style=&quot;border-width: 1px;&quot;&gt;&lt;div class=&quot;codeContent panelContent&quot;&gt;
&lt;pre class=&quot;code-xml&quot;&gt;
&lt;span class=&quot;code-tag&quot;&gt;&amp;lt;properties&amp;gt;&lt;/span&gt;
    &lt;span class=&quot;code-tag&quot;&gt;&amp;lt;maven-surefire-plugin.version&amp;gt;&lt;/span&gt;3.3.0&lt;span class=&quot;code-tag&quot;&gt;&amp;lt;/maven-surefire-plugin.version&amp;gt;&lt;/span&gt;
    &lt;span class=&quot;code-tag&quot;&gt;&amp;lt;junit-jupiter-engine.version&amp;gt;&lt;/span&gt;5.10.3&lt;span class=&quot;code-tag&quot;&gt;&amp;lt;/junit-jupiter-engine.version&amp;gt;&lt;/span&gt;
    &lt;span class=&quot;code-tag&quot;&gt;&amp;lt;jacoco.surefireArgLine /&amp;gt;&lt;/span&gt;
    &lt;span class=&quot;code-tag&quot;&gt;&amp;lt;test-includes&amp;gt;&lt;/span&gt;**/*Test.java&lt;span class=&quot;code-tag&quot;&gt;&amp;lt;/test-includes&amp;gt;&lt;/span&gt;
    &lt;span class=&quot;code-tag&quot;&gt;&amp;lt;test-parallel&amp;gt;&lt;/span&gt;classes&lt;span class=&quot;code-tag&quot;&gt;&amp;lt;/test-parallel&amp;gt;&lt;/span&gt;
    &lt;span class=&quot;code-tag&quot;&gt;&amp;lt;test-thread-count&amp;gt;&lt;/span&gt;1&lt;span class=&quot;code-tag&quot;&gt;&amp;lt;/test-thread-count&amp;gt;&lt;/span&gt;
    &lt;span class=&quot;code-tag&quot;&gt;&amp;lt;test-fork-count&amp;gt;&lt;/span&gt;2&lt;span class=&quot;code-tag&quot;&gt;&amp;lt;/test-fork-count&amp;gt;&lt;/span&gt;
    &lt;span class=&quot;code-tag&quot;&gt;&amp;lt;test-fork-reuse&amp;gt;&lt;/span&gt;false&lt;span class=&quot;code-tag&quot;&gt;&amp;lt;/test-fork-reuse&amp;gt;&lt;/span&gt;
    &lt;span class=&quot;code-tag&quot;&gt;&amp;lt;test-testng-dataproviderthreadcount&amp;gt;&lt;/span&gt;1&lt;span class=&quot;code-tag&quot;&gt;&amp;lt;/test-testng-dataproviderthreadcount&amp;gt;&lt;/span&gt;
    &lt;span class=&quot;code-tag&quot;&gt;&amp;lt;test-rerun-count&amp;gt;&lt;/span&gt;1&lt;span class=&quot;code-tag&quot;&gt;&amp;lt;/test-rerun-count&amp;gt;&lt;/span&gt;
    &lt;span class=&quot;code-tag&quot;&gt;&amp;lt;test-skip-after-failure-count&amp;gt;&lt;/span&gt;0&lt;span class=&quot;code-tag&quot;&gt;&amp;lt;/test-skip-after-failure-count&amp;gt;&lt;/span&gt;
&lt;span class=&quot;code-tag&quot;&gt;&amp;lt;/properties&amp;gt;&lt;/span&gt;
&lt;/pre&gt;
&lt;/div&gt;&lt;/div&gt;

&lt;p&gt;It&apos;s maybe because of this additional reporter? &lt;a href=&quot;https://github.com/fabriciorby/maven-surefire-junit5-tree-reporter/issues/52&quot; class=&quot;external-link&quot; target=&quot;_blank&quot; rel=&quot;nofollow noopener&quot;&gt;https://github.com/fabriciorby/maven-surefire-junit5-tree-reporter/issues/52&lt;/a&gt;&lt;/p&gt;</description>
                <environment></environment>
        <key id="13585786">SUREFIRE-2251</key>
            <summary>[REGRESSION] java.lang.NoSuchMethodException: org.apache.maven.plugin.surefire.StartupReportConfiguration.&lt;init&gt;</summary>
                <type id="1" iconUrl="https://issues.apache.org/jira/secure/viewavatar?size=xsmall&amp;avatarId=21133&amp;avatarType=issuetype">Bug</type>
                                            <priority id="3" iconUrl="https://issues.apache.org/jira/images/icons/priorities/major.svg">Major</priority>
                        <status id="6" iconUrl="https://issues.apache.org/jira/images/icons/statuses/closed.png" description="The issue is considered finished, the resolution is correct. Issues which are not closed can be reopened.">Closed</status>
                    <statusCategory id="3" key="done" colorName="green"/>
                                    <resolution id="1">Fixed</resolution>
                                        <assignee username="michael-o">Michael Osipov</assignee>
                                    <reporter username="hoehmi">Andreas H&#246;hmann</reporter>
                        <labels>
                    </labels>
                <created>Mon, 15 Jul 2024 05:32:15 +0000</created>
                <updated>Fri, 4 Jul 2025 07:44:50 +0000</updated>
                            <resolved>Mon, 15 Jul 2024 16:31:23 +0000</resolved>
                                    <version>3.3.1</version>
                                    <fixVersion>3.4.0</fixVersion>
                                        <due></due>
                            <votes>0</votes>
                                    <watches>4</watches>
                                                                                                                <comments>
                            <comment id="17865912" author="michael-o" created="Mon, 15 Jul 2024 07:27:00 +0000"  >&lt;p&gt;That is every likely my fault. We added two new features by extending the constructor, the old one did not remain. Let me check and readd the one which is missing. Would you be able to try a snapshot build for this?&lt;/p&gt;</comment>
                            <comment id="17865939" author="githubbot" created="Mon, 15 Jul 2024 08:21:36 +0000"  >&lt;p&gt;michael-o opened a new pull request, #761:&lt;br/&gt;
URL: &lt;a href=&quot;https://github.com/apache/maven-surefire/pull/761&quot; class=&quot;external-link&quot; target=&quot;_blank&quot; rel=&quot;nofollow noopener&quot;&gt;https://github.com/apache/maven-surefire/pull/761&lt;/a&gt;&lt;/p&gt;

&lt;p&gt;   &#8230;che.maven.plugin.surefire.StartupReportConfiguration.&amp;lt;init&amp;gt;&lt;/p&gt;

&lt;p&gt;   This closes #761&lt;/p&gt;

&lt;p&gt;   Following this checklist to help us incorporate your &lt;br/&gt;
   contribution quickly and easily:&lt;/p&gt;

&lt;ul class=&quot;alternate&quot; type=&quot;square&quot;&gt;
	&lt;li&gt;[ ] Make sure there is a &lt;span class=&quot;error&quot;&gt;&amp;#91;JIRA issue&amp;#93;&lt;/span&gt;(&lt;a href=&quot;https://issues.apache.org/jira/browse/SUREFIRE&quot; class=&quot;external-link&quot; rel=&quot;nofollow&quot;&gt;https://issues.apache.org/jira/browse/SUREFIRE&lt;/a&gt;) filed&lt;br/&gt;
          for the change (usually before you start working on it).  Trivial changes like typos do not &lt;br/&gt;
          require a JIRA issue.  Your pull request should address just this issue, without &lt;br/&gt;
          pulling in other changes.&lt;/li&gt;
	&lt;li&gt;[ ] Each commit in the pull request should have a meaningful subject line and body.&lt;/li&gt;
	&lt;li&gt;[ ] Format the pull request title like `&lt;span class=&quot;error&quot;&gt;&amp;#91;SUREFIRE-XXX&amp;#93;&lt;/span&gt; - Fixes bug in ApproximateQuantiles`,&lt;br/&gt;
          where you replace `SUREFIRE-XXX` with the appropriate JIRA issue. Best practice&lt;br/&gt;
          is to use the JIRA issue title in the pull request title and in the first line of the &lt;br/&gt;
          commit message.&lt;/li&gt;
	&lt;li&gt;[ ] Write a pull request description that is detailed enough to understand what the pull request does, how, and why.&lt;/li&gt;
	&lt;li&gt;[ ] Run `mvn clean install` to make sure basic checks pass. A more thorough check will&lt;br/&gt;
          be performed on your pull request automatically.&lt;/li&gt;
	&lt;li&gt;[ ] You have run the integration tests successfully (`mvn -Prun-its clean install`).&lt;/li&gt;
&lt;/ul&gt;


&lt;p&gt;   If your pull request is about ~20 lines of code you don&apos;t need to sign an&lt;br/&gt;
   &lt;span class=&quot;error&quot;&gt;&amp;#91;Individual Contributor License Agreement&amp;#93;&lt;/span&gt;(&lt;a href=&quot;https://www.apache.org/licenses/icla.pdf&quot; class=&quot;external-link&quot; target=&quot;_blank&quot; rel=&quot;nofollow noopener&quot;&gt;https://www.apache.org/licenses/icla.pdf&lt;/a&gt;) if you are unsure&lt;br/&gt;
   please ask on the developers list.&lt;/p&gt;

&lt;p&gt;   To make clear that you license your contribution under &lt;br/&gt;
   the &lt;span class=&quot;error&quot;&gt;&amp;#91;Apache License Version 2.0, January 2004&amp;#93;&lt;/span&gt;(&lt;a href=&quot;http://www.apache.org/licenses/LICENSE-2.0&quot; class=&quot;external-link&quot; target=&quot;_blank&quot; rel=&quot;nofollow noopener&quot;&gt;http://www.apache.org/licenses/LICENSE-2.0&lt;/a&gt;)&lt;br/&gt;
   you have to acknowledge this by using the following check-box.&lt;/p&gt;

&lt;ul class=&quot;alternate&quot; type=&quot;square&quot;&gt;
	&lt;li&gt;[ ] I hereby declare this contribution to be licenced under the &lt;span class=&quot;error&quot;&gt;&amp;#91;Apache License Version 2.0, January 2004&amp;#93;&lt;/span&gt;(&lt;a href=&quot;http://www.apache.org/licenses/LICENSE-2.0&quot; class=&quot;external-link&quot; target=&quot;_blank&quot; rel=&quot;nofollow noopener&quot;&gt;http://www.apache.org/licenses/LICENSE-2.0&lt;/a&gt;)&lt;/li&gt;
&lt;/ul&gt;


&lt;ul class=&quot;alternate&quot; type=&quot;square&quot;&gt;
	&lt;li&gt;[ ] In any other case, please file an &lt;span class=&quot;error&quot;&gt;&amp;#91;Apache Individual Contributor License Agreement&amp;#93;&lt;/span&gt;(&lt;a href=&quot;https://www.apache.org/licenses/icla.pdf&quot; class=&quot;external-link&quot; target=&quot;_blank&quot; rel=&quot;nofollow noopener&quot;&gt;https://www.apache.org/licenses/icla.pdf&lt;/a&gt;).&lt;/li&gt;
&lt;/ul&gt;



</comment>
                            <comment id="17865940" author="githubbot" created="Mon, 15 Jul 2024 08:22:05 +0000"  >&lt;p&gt;michael-o commented on PR #761:&lt;br/&gt;
URL: &lt;a href=&quot;https://github.com/apache/maven-surefire/pull/761#issuecomment-2227945485&quot; class=&quot;external-link&quot; target=&quot;_blank&quot; rel=&quot;nofollow noopener&quot;&gt;https://github.com/apache/maven-surefire/pull/761#issuecomment-2227945485&lt;/a&gt;&lt;/p&gt;

&lt;p&gt;   @ ahoehma please try a snapshot.&lt;/p&gt;

</comment>
                            <comment id="17866119" author="githubbot" created="Mon, 15 Jul 2024 16:30:52 +0000"  >&lt;p&gt;michael-o closed pull request #761: &lt;a href=&quot;https://issues.apache.org/jira/browse/SUREFIRE-2251&quot; title=&quot;[REGRESSION] java.lang.NoSuchMethodException: org.apache.maven.plugin.surefire.StartupReportConfiguration.&amp;lt;init&amp;gt;&quot; class=&quot;issue-link&quot; data-issue-key=&quot;SUREFIRE-2251&quot;&gt;&lt;del&gt;SUREFIRE-2251&lt;/del&gt;&lt;/a&gt; &lt;span class=&quot;error&quot;&gt;&amp;#91;REGRESSION&amp;#93;&lt;/span&gt; java.lang.NoSuchMethodException: org.apa&#8230;&lt;br/&gt;
URL: &lt;a href=&quot;https://github.com/apache/maven-surefire/pull/761&quot; class=&quot;external-link&quot; target=&quot;_blank&quot; rel=&quot;nofollow noopener&quot;&gt;https://github.com/apache/maven-surefire/pull/761&lt;/a&gt;&lt;/p&gt;

</comment>
                            <comment id="17866120" author="michael-o" created="Mon, 15 Jul 2024 16:31:23 +0000"  >&lt;p&gt;Fixed with &lt;a href=&quot;https://gitbox.apache.org/repos/asf?p=maven-surefire.git&amp;amp;a=commit&amp;amp;h=a93783a631b14513f6dbaf69c57bae32f37351a0&quot; class=&quot;external-link&quot; target=&quot;_blank&quot; rel=&quot;nofollow noopener&quot;&gt;a93783a631b14513f6dbaf69c57bae32f37351a0&lt;/a&gt;.&lt;/p&gt;</comment>
                            <comment id="17866154" author="hoehmi" created="Mon, 15 Jul 2024 19:24:41 +0000"  >&lt;p&gt;&lt;a href=&quot;https://issues.apache.org/jira/secure/ViewProfile.jspa?name=michael-o&quot; class=&quot;user-hover&quot; rel=&quot;michael-o&quot;&gt;michael-o&lt;/a&gt; how can I access the 3.3.2-SNAPSHOT? I&apos;m inside Siemens with internal nexus etc ... So a pretty small chance to have access I guess &lt;img class=&quot;emoticon&quot; src=&quot;https://issues.apache.org/jira/images/icons/emoticons/sad.png&quot; height=&quot;16&quot; width=&quot;16&quot; align=&quot;absmiddle&quot; alt=&quot;&quot; border=&quot;0&quot;/&gt; May I can build the snapshot locally? How?&lt;/p&gt;</comment>
                            <comment id="17866162" author="michael-o" created="Mon, 15 Jul 2024 19:41:28 +0000"  >&lt;p&gt;Clone repo, mvn install, modify your local target project for the snapshot, mvn test.&lt;/p&gt;</comment>
                            <comment id="17866164" author="hoehmi" created="Mon, 15 Jul 2024 19:54:35 +0000"  >&lt;p&gt;I was able to build 3.3.2-SNAPSHOT from master locally &lt;img class=&quot;emoticon&quot; src=&quot;https://issues.apache.org/jira/images/icons/emoticons/smile.png&quot; height=&quot;16&quot; width=&quot;16&quot; align=&quot;absmiddle&quot; alt=&quot;&quot; border=&quot;0&quot;/&gt;&lt;/p&gt;

&lt;p&gt;But  this snapshot didn&apos;t work:&lt;/p&gt;

&lt;div class=&quot;preformatted panel&quot; style=&quot;border-width: 1px;&quot;&gt;&lt;div class=&quot;preformattedContent panelContent&quot;&gt;
&lt;pre&gt;[ERROR] Failed to execute goal org.apache.maven.plugins:maven-surefire-plugin:3.3.2-SNAPSHOT:test (default-test) on project util: Execution default-test of goal o
rg.apache.maven.plugins:maven-surefire-plugin:3.3.2-SNAPSHOT:test failed: java.lang.NoSuchMethodException: org.apache.maven.plugin.surefire.StartupReportConfigura
tion.&amp;lt;init&amp;gt;(boolean,boolean,java.lang.String,boolean,java.io.File,boolean,java.lang.String,java.io.File,boolean,int,java.lang.String,java.lang.String,boolean,bool
ean,boolean,org.apache.maven.plugin.surefire.extensions.SurefireStatelessReporter,org.apache.maven.plugin.surefire.extensions.SurefireConsoleOutputReporter,org.ap
ache.maven.plugin.surefire.extensions.SurefireStatelessTestsetInfoReporter) -&amp;gt; [Help 1]
&lt;/pre&gt;
&lt;/div&gt;&lt;/div&gt;

&lt;p&gt;Here is the output with &quot;-X&quot;:&lt;/p&gt;

&lt;div class=&quot;preformatted panel&quot; style=&quot;border-width: 1px;&quot;&gt;&lt;div class=&quot;preformattedContent panelContent&quot;&gt;
&lt;pre&gt;[ERROR] Failed to execute goal org.apache.maven.plugins:maven-surefire-plugin:3.3.2-SNAPSHOT:test (default-test) on project util: Execution default-test of goal org.apache.maven.plugins:maven-surefire-plugin:3.3.2-SNAPS
HOT:test failed: java.lang.NoSuchMethodException: org.apache.maven.plugin.surefire.StartupReportConfiguration.&amp;lt;init&amp;gt;(boolean,boolean,java.lang.String,boolean,java.io.File,boolean,java.lang.String,java.io.File,boolean,in
t,java.lang.String,java.lang.String,boolean,boolean,boolean,org.apache.maven.plugin.surefire.extensions.SurefireStatelessReporter,org.apache.maven.plugin.surefire.extensions.SurefireConsoleOutputReporter,org.apache.mave
n.plugin.surefire.extensions.SurefireStatelessTestsetInfoReporter) -&amp;gt; [Help 1]
org.apache.maven.lifecycle.LifecycleExecutionException: Failed to execute goal org.apache.maven.plugins:maven-surefire-plugin:3.3.2-SNAPSHOT:test (default-test) on project util: Execution default-test of goal org.apache
.maven.plugins:maven-surefire-plugin:3.3.2-SNAPSHOT:test failed: java.lang.NoSuchMethodException: org.apache.maven.plugin.surefire.StartupReportConfiguration.&amp;lt;init&amp;gt;(boolean,boolean,java.lang.String,boolean,java.io.File,
boolean,java.lang.String,java.io.File,boolean,int,java.lang.String,java.lang.String,boolean,boolean,boolean,org.apache.maven.plugin.surefire.extensions.SurefireStatelessReporter,org.apache.maven.plugin.surefire.extensio
ns.SurefireConsoleOutputReporter,org.apache.maven.plugin.surefire.extensions.SurefireStatelessTestsetInfoReporter)
    at org.apache.maven.lifecycle.internal.MojoExecutor.doExecute2 (MojoExecutor.java:333)
    at org.apache.maven.lifecycle.internal.MojoExecutor.doExecute (MojoExecutor.java:316)
    at org.apache.maven.lifecycle.internal.MojoExecutor.execute (MojoExecutor.java:212)
    at org.apache.maven.lifecycle.internal.MojoExecutor.execute (MojoExecutor.java:174)
    at org.apache.maven.lifecycle.internal.MojoExecutor.access$000 (MojoExecutor.java:75)
    at org.apache.maven.lifecycle.internal.MojoExecutor$1.run (MojoExecutor.java:162)
    at org.apache.maven.buildcache.BuildCacheMojosExecutionStrategy.execute (BuildCacheMojosExecutionStrategy.java:145)
    at org.apache.maven.lifecycle.internal.MojoExecutor.execute (MojoExecutor.java:159)
    at org.apache.maven.lifecycle.internal.LifecycleModuleBuilder.buildProject (LifecycleModuleBuilder.java:105)
    at org.apache.maven.lifecycle.internal.LifecycleModuleBuilder.buildProject (LifecycleModuleBuilder.java:73)
    at org.apache.maven.lifecycle.internal.builder.singlethreaded.SingleThreadedBuilder.build (SingleThreadedBuilder.java:53)
    at org.apache.maven.lifecycle.internal.LifecycleStarter.execute (LifecycleStarter.java:118)
    at org.apache.maven.DefaultMaven.doExecute (DefaultMaven.java:261)
    at org.apache.maven.DefaultMaven.doExecute (DefaultMaven.java:173)
    at org.apache.maven.DefaultMaven.execute (DefaultMaven.java:101)
    at org.apache.maven.cli.MavenCli.execute (MavenCli.java:906)
    at org.apache.maven.cli.MavenCli.doMain (MavenCli.java:283)
    at org.apache.maven.cli.MavenCli.main (MavenCli.java:206)
    at jdk.internal.reflect.NativeMethodAccessorImpl.invoke0 (Native Method)
    at jdk.internal.reflect.NativeMethodAccessorImpl.invoke (NativeMethodAccessorImpl.java:77)
    at jdk.internal.reflect.DelegatingMethodAccessorImpl.invoke (DelegatingMethodAccessorImpl.java:43)
    at java.lang.reflect.Method.invoke (Method.java:568)
    at org.codehaus.plexus.classworlds.launcher.Launcher.launchEnhanced (Launcher.java:283)
    at org.codehaus.plexus.classworlds.launcher.Launcher.launch (Launcher.java:226)
    at org.codehaus.plexus.classworlds.launcher.Launcher.mainWithExitCode (Launcher.java:407)
    at org.codehaus.plexus.classworlds.launcher.Launcher.main (Launcher.java:348)
Caused by: org.apache.maven.plugin.PluginExecutionException: Execution default-test of goal org.apache.maven.plugins:maven-surefire-plugin:3.3.2-SNAPSHOT:test failed: java.lang.NoSuchMethodException: org.apache.maven.pl
ugin.surefire.StartupReportConfiguration.&amp;lt;init&amp;gt;(boolean,boolean,java.lang.String,boolean,java.io.File,boolean,java.lang.String,java.io.File,boolean,int,java.lang.String,java.lang.String,boolean,boolean,boolean,org.apach
e.maven.plugin.surefire.extensions.SurefireStatelessReporter,org.apache.maven.plugin.surefire.extensions.SurefireConsoleOutputReporter,org.apache.maven.plugin.surefire.extensions.SurefireStatelessTestsetInfoReporter)
    at org.apache.maven.plugin.DefaultBuildPluginManager.executeMojo (DefaultBuildPluginManager.java:133)
    at org.apache.maven.lifecycle.internal.MojoExecutor.doExecute2 (MojoExecutor.java:328)
    at org.apache.maven.lifecycle.internal.MojoExecutor.doExecute (MojoExecutor.java:316)
    at org.apache.maven.lifecycle.internal.MojoExecutor.execute (MojoExecutor.java:212)
    at org.apache.maven.lifecycle.internal.MojoExecutor.execute (MojoExecutor.java:174)
    at org.apache.maven.lifecycle.internal.MojoExecutor.access$000 (MojoExecutor.java:75)
    at org.apache.maven.lifecycle.internal.MojoExecutor$1.run (MojoExecutor.java:162)
    at org.apache.maven.buildcache.BuildCacheMojosExecutionStrategy.execute (BuildCacheMojosExecutionStrategy.java:145)
    at org.apache.maven.lifecycle.internal.MojoExecutor.execute (MojoExecutor.java:159)
    at org.apache.maven.lifecycle.internal.LifecycleModuleBuilder.buildProject (LifecycleModuleBuilder.java:105)
    at org.apache.maven.lifecycle.internal.LifecycleModuleBuilder.buildProject (LifecycleModuleBuilder.java:73)
    at org.apache.maven.lifecycle.internal.builder.singlethreaded.SingleThreadedBuilder.build (SingleThreadedBuilder.java:53)
    at org.apache.maven.lifecycle.internal.LifecycleStarter.execute (LifecycleStarter.java:118)
    at org.apache.maven.DefaultMaven.doExecute (DefaultMaven.java:261)
    at org.apache.maven.DefaultMaven.doExecute (DefaultMaven.java:173)
    at org.apache.maven.DefaultMaven.execute (DefaultMaven.java:101)
    at org.apache.maven.cli.MavenCli.execute (MavenCli.java:906)
    at org.apache.maven.cli.MavenCli.doMain (MavenCli.java:283)
    at org.apache.maven.cli.MavenCli.main (MavenCli.java:206)
    at jdk.internal.reflect.NativeMethodAccessorImpl.invoke0 (Native Method)
    at jdk.internal.reflect.NativeMethodAccessorImpl.invoke (NativeMethodAccessorImpl.java:77)
    at jdk.internal.reflect.DelegatingMethodAccessorImpl.invoke (DelegatingMethodAccessorImpl.java:43)
    at java.lang.reflect.Method.invoke (Method.java:568)
    at org.codehaus.plexus.classworlds.launcher.Launcher.launchEnhanced (Launcher.java:283)
    at org.codehaus.plexus.classworlds.launcher.Launcher.launch (Launcher.java:226)
    at org.codehaus.plexus.classworlds.launcher.Launcher.mainWithExitCode (Launcher.java:407)
    at org.codehaus.plexus.classworlds.launcher.Launcher.main (Launcher.java:348)
Caused by: org.apache.maven.surefire.api.util.SurefireReflectionException: java.lang.NoSuchMethodException: org.apache.maven.plugin.surefire.StartupReportConfiguration.&amp;lt;init&amp;gt;(boolean,boolean,java.lang.String,boolean,jav
a.io.File,boolean,java.lang.String,java.io.File,boolean,int,java.lang.String,java.lang.String,boolean,boolean,boolean,org.apache.maven.plugin.surefire.extensions.SurefireStatelessReporter,org.apache.maven.plugin.surefir
e.extensions.SurefireConsoleOutputReporter,org.apache.maven.plugin.surefire.extensions.SurefireStatelessTestsetInfoReporter)
    at org.apache.maven.surefire.api.util.ReflectionUtils.getConstructor (ReflectionUtils.java:69)
    at org.apache.maven.plugin.surefire.CommonReflector.createStartupReportConfiguration (CommonReflector.java:74)
    at org.apache.maven.plugin.surefire.CommonReflector.createReportingReporterFactory (CommonReflector.java:67)
    at org.apache.maven.plugin.surefire.booterclient.ForkStarter.getSuitesIterator (ForkStarter.java:671)
    at org.apache.maven.plugin.surefire.booterclient.ForkStarter.runSuitesForkPerTestSet (ForkStarter.java:385)
    at org.apache.maven.plugin.surefire.booterclient.ForkStarter.run (ForkStarter.java:297)
    at org.apache.maven.plugin.surefire.booterclient.ForkStarter.run (ForkStarter.java:250)
    at org.apache.maven.plugin.surefire.AbstractSurefireMojo.executeProvider (AbstractSurefireMojo.java:1267)
    at org.apache.maven.plugin.surefire.AbstractSurefireMojo.executeAfterPreconditionsChecked (AbstractSurefireMojo.java:1116)
    at org.apache.maven.plugin.surefire.AbstractSurefireMojo.execute (AbstractSurefireMojo.java:950)
    at org.apache.maven.plugin.DefaultBuildPluginManager.executeMojo (DefaultBuildPluginManager.java:126)
    at org.apache.maven.lifecycle.internal.MojoExecutor.doExecute2 (MojoExecutor.java:328)
    at org.apache.maven.lifecycle.internal.MojoExecutor.doExecute (MojoExecutor.java:316)
    at org.apache.maven.lifecycle.internal.MojoExecutor.execute (MojoExecutor.java:212)
    at org.apache.maven.lifecycle.internal.MojoExecutor.execute (MojoExecutor.java:174)
    at org.apache.maven.lifecycle.internal.MojoExecutor.access$000 (MojoExecutor.java:75)
    at org.apache.maven.lifecycle.internal.MojoExecutor$1.run (MojoExecutor.java:162)
    at org.apache.maven.buildcache.BuildCacheMojosExecutionStrategy.execute (BuildCacheMojosExecutionStrategy.java:145)
    at org.apache.maven.lifecycle.internal.MojoExecutor.execute (MojoExecutor.java:159)
    at org.apache.maven.lifecycle.internal.LifecycleModuleBuilder.buildProject (LifecycleModuleBuilder.java:105)
    at org.apache.maven.lifecycle.internal.LifecycleModuleBuilder.buildProject (LifecycleModuleBuilder.java:73)
    at org.apache.maven.lifecycle.internal.builder.singlethreaded.SingleThreadedBuilder.build (SingleThreadedBuilder.java:53)
    at org.apache.maven.lifecycle.internal.LifecycleStarter.execute (LifecycleStarter.java:118)
    at org.apache.maven.DefaultMaven.doExecute (DefaultMaven.java:261)
    at org.apache.maven.DefaultMaven.doExecute (DefaultMaven.java:173)
    at org.apache.maven.DefaultMaven.execute (DefaultMaven.java:101)
    at org.apache.maven.cli.MavenCli.execute (MavenCli.java:906)
    at org.apache.maven.cli.MavenCli.doMain (MavenCli.java:283)
    at org.apache.maven.cli.MavenCli.main (MavenCli.java:206)
    at jdk.internal.reflect.NativeMethodAccessorImpl.invoke0 (Native Method)
    at jdk.internal.reflect.NativeMethodAccessorImpl.invoke (NativeMethodAccessorImpl.java:77)
    at jdk.internal.reflect.DelegatingMethodAccessorImpl.invoke (DelegatingMethodAccessorImpl.java:43)
    at java.lang.reflect.Method.invoke (Method.java:568)
    at org.codehaus.plexus.classworlds.launcher.Launcher.launchEnhanced (Launcher.java:283)
    at org.codehaus.plexus.classworlds.launcher.Launcher.launch (Launcher.java:226)
    at org.codehaus.plexus.classworlds.launcher.Launcher.mainWithExitCode (Launcher.java:407)
    at org.codehaus.plexus.classworlds.launcher.Launcher.main (Launcher.java:348)
Caused by: java.lang.NoSuchMethodException: org.apache.maven.plugin.surefire.StartupReportConfiguration.&amp;lt;init&amp;gt;(boolean,boolean,java.lang.String,boolean,java.io.File,boolean,java.lang.String,java.io.File,boolean,int,java
.lang.String,java.lang.String,boolean,boolean,boolean,org.apache.maven.plugin.surefire.extensions.SurefireStatelessReporter,org.apache.maven.plugin.surefire.extensions.SurefireConsoleOutputReporter,org.apache.maven.plug
in.surefire.extensions.SurefireStatelessTestsetInfoReporter)
    at java.lang.Class.getConstructor0 (Class.java:3585)
    at java.lang.Class.getConstructor (Class.java:2271)
    at org.apache.maven.surefire.api.util.ReflectionUtils.getConstructor (ReflectionUtils.java:67)
    at org.apache.maven.plugin.surefire.CommonReflector.createStartupReportConfiguration (CommonReflector.java:74)
    at org.apache.maven.plugin.surefire.CommonReflector.createReportingReporterFactory (CommonReflector.java:67)
    at org.apache.maven.plugin.surefire.booterclient.ForkStarter.getSuitesIterator (ForkStarter.java:671)
    at org.apache.maven.plugin.surefire.booterclient.ForkStarter.runSuitesForkPerTestSet (ForkStarter.java:385)
    at org.apache.maven.plugin.surefire.booterclient.ForkStarter.run (ForkStarter.java:297)
    at org.apache.maven.plugin.surefire.booterclient.ForkStarter.run (ForkStarter.java:250)
    at org.apache.maven.plugin.surefire.AbstractSurefireMojo.executeProvider (AbstractSurefireMojo.java:1267)
    at org.apache.maven.plugin.surefire.AbstractSurefireMojo.executeAfterPreconditionsChecked (AbstractSurefireMojo.java:1116)
    at org.apache.maven.plugin.surefire.AbstractSurefireMojo.execute (AbstractSurefireMojo.java:950)
    at org.apache.maven.plugin.DefaultBuildPluginManager.executeMojo (DefaultBuildPluginManager.java:126)
    at org.apache.maven.lifecycle.internal.MojoExecutor.doExecute2 (MojoExecutor.java:328)
    at org.apache.maven.lifecycle.internal.MojoExecutor.doExecute (MojoExecutor.java:316)
    at org.apache.maven.lifecycle.internal.MojoExecutor.execute (MojoExecutor.java:212)
    at org.apache.maven.lifecycle.internal.MojoExecutor.execute (MojoExecutor.java:174)
    at org.apache.maven.lifecycle.internal.MojoExecutor.access$000 (MojoExecutor.java:75)
    at org.apache.maven.lifecycle.internal.MojoExecutor$1.run (MojoExecutor.java:162)
    at org.apache.maven.buildcache.BuildCacheMojosExecutionStrategy.execute (BuildCacheMojosExecutionStrategy.java:145)
    at org.apache.maven.lifecycle.internal.MojoExecutor.execute (MojoExecutor.java:159)
    at org.apache.maven.lifecycle.internal.LifecycleModuleBuilder.buildProject (LifecycleModuleBuilder.java:105)
    at org.apache.maven.lifecycle.internal.LifecycleModuleBuilder.buildProject (LifecycleModuleBuilder.java:73)
    at org.apache.maven.lifecycle.internal.builder.singlethreaded.SingleThreadedBuilder.build (SingleThreadedBuilder.java:53)
    at org.apache.maven.lifecycle.internal.LifecycleStarter.execute (LifecycleStarter.java:118)
    at org.apache.maven.DefaultMaven.doExecute (DefaultMaven.java:261)
    at org.apache.maven.DefaultMaven.doExecute (DefaultMaven.java:173)
    at org.apache.maven.DefaultMaven.execute (DefaultMaven.java:101)
    at org.apache.maven.cli.MavenCli.execute (MavenCli.java:906)
    at org.apache.maven.cli.MavenCli.doMain (MavenCli.java:283)
    at org.apache.maven.cli.MavenCli.main (MavenCli.java:206)
    at jdk.internal.reflect.NativeMethodAccessorImpl.invoke0 (Native Method)
    at jdk.internal.reflect.NativeMethodAccessorImpl.invoke (NativeMethodAccessorImpl.java:77)
    at jdk.internal.reflect.DelegatingMethodAccessorImpl.invoke (DelegatingMethodAccessorImpl.java:43)
    at java.lang.reflect.Method.invoke (Method.java:568)
    at org.codehaus.plexus.classworlds.launcher.Launcher.launchEnhanced (Launcher.java:283)
    at org.codehaus.plexus.classworlds.launcher.Launcher.launch (Launcher.java:226)
    at org.codehaus.plexus.classworlds.launcher.Launcher.mainWithExitCode (Launcher.java:407)
    at org.codehaus.plexus.classworlds.launcher.Launcher.main (Launcher.java:348)
&lt;/pre&gt;
&lt;/div&gt;&lt;/div&gt;</comment>
                            <comment id="17866173" author="michael-o" created="Mon, 15 Jul 2024 20:55:22 +0000"  >&lt;p&gt;Will check tomorrow. &lt;/p&gt;</comment>
                            <comment id="17866236" author="michael-o" created="Tue, 16 Jul 2024 05:53:00 +0000"  >&lt;p&gt;I cannot make it fail:&lt;/p&gt;
&lt;div class=&quot;code panel&quot; style=&quot;border-width: 1px;&quot;&gt;&lt;div class=&quot;codeContent panelContent&quot;&gt;
&lt;pre class=&quot;code-java&quot;&gt;
D:\Entwicklung\Projekte\maven-help-plugin [master &#8801; +0 ~1 -0 !]&amp;gt; git diff  | more
diff --git a/pom.xml b/pom.xml
index e5e60d9ca..49ba8a34e 100644
--- a/pom.xml
+++ b/pom.xml
@@ -68,6 +68,16 @@
     &amp;lt;mavenVersion&amp;gt;3.6.3&amp;lt;/mavenVersion&amp;gt;
     &amp;lt;resolverVersion&amp;gt;1.4.1&amp;lt;/resolverVersion&amp;gt;
     &amp;lt;project.build.outputTimestamp&amp;gt;2024-06-02T15:17:10Z&amp;lt;/project.build.outputTimestamp&amp;gt;
+    &amp;lt;surefire.version&amp;gt;3.3.1&amp;lt;/surefire.version&amp;gt;
+    &amp;lt;jacoco.surefireArgLine /&amp;gt;
+    &amp;lt;test-includes&amp;gt;**/*Test.java&amp;lt;/test-includes&amp;gt;
+    &amp;lt;test-parallel&amp;gt;classes&amp;lt;/test-parallel&amp;gt;
+    &amp;lt;test-thread-count&amp;gt;1&amp;lt;/test-thread-count&amp;gt;
+    &amp;lt;test-fork-count&amp;gt;2&amp;lt;/test-fork-count&amp;gt;
+    &amp;lt;test-fork-reuse&amp;gt;&lt;span class=&quot;code-keyword&quot;&gt;false&lt;/span&gt;&amp;lt;/test-fork-reuse&amp;gt;
+    &amp;lt;test-testng-dataproviderthreadcount&amp;gt;1&amp;lt;/test-testng-dataproviderthreadcount&amp;gt;
+    &amp;lt;test-rerun-count&amp;gt;1&amp;lt;/test-rerun-count&amp;gt;
+    &amp;lt;test-skip-after-failure-count&amp;gt;0&amp;lt;/test-skip-after-failure-count&amp;gt;
   &amp;lt;/properties&amp;gt;

   &amp;lt;dependencies&amp;gt;
@@ -259,6 +269,53 @@
             &amp;lt;helpPackageName&amp;gt;org.apache.maven.plugins.help&amp;lt;/helpPackageName&amp;gt;
           &amp;lt;/configuration&amp;gt;
         &amp;lt;/plugin&amp;gt;
+        &amp;lt;plugin&amp;gt;
+          &amp;lt;artifactId&amp;gt;maven-surefire-plugin&amp;lt;/artifactId&amp;gt;
+          &amp;lt;configuration&amp;gt;
+            &amp;lt;reportFormat&amp;gt;plain&amp;lt;/reportFormat&amp;gt;
+            &amp;lt;consoleOutputReporter&amp;gt;
+              &amp;lt;disable&amp;gt;&lt;span class=&quot;code-keyword&quot;&gt;true&lt;/span&gt;&amp;lt;/disable&amp;gt;
+            &amp;lt;/consoleOutputReporter&amp;gt;
+            &amp;lt;statelessTestsetInfoReporter implementation=&lt;span class=&quot;code-quote&quot;&gt;&quot;org.apache.maven.plugin.surefire.extensions.junit5.JUnit5StatelessTestsetInfoTreeReporter&quot;&lt;/span&gt;&amp;gt;
+              &amp;lt;theme&amp;gt;ASCII&amp;lt;/theme&amp;gt;
+              &amp;lt;printStacktraceOnError&amp;gt;&lt;span class=&quot;code-keyword&quot;&gt;true&lt;/span&gt;&amp;lt;/printStacktraceOnError&amp;gt;
+              &amp;lt;printStacktraceOnFailure&amp;gt;&lt;span class=&quot;code-keyword&quot;&gt;true&lt;/span&gt;&amp;lt;/printStacktraceOnFailure&amp;gt;
+              &amp;lt;printStdoutOnError&amp;gt;&lt;span class=&quot;code-keyword&quot;&gt;true&lt;/span&gt;&amp;lt;/printStdoutOnError&amp;gt;
+              &amp;lt;printStdoutOnFailure&amp;gt;&lt;span class=&quot;code-keyword&quot;&gt;true&lt;/span&gt;&amp;lt;/printStdoutOnFailure&amp;gt;
+              &amp;lt;printStdoutOnSuccess&amp;gt;&lt;span class=&quot;code-keyword&quot;&gt;false&lt;/span&gt;&amp;lt;/printStdoutOnSuccess&amp;gt;
+              &amp;lt;printStderrOnError&amp;gt;&lt;span class=&quot;code-keyword&quot;&gt;true&lt;/span&gt;&amp;lt;/printStderrOnError&amp;gt;
+              &amp;lt;printStderrOnFailure&amp;gt;&lt;span class=&quot;code-keyword&quot;&gt;true&lt;/span&gt;&amp;lt;/printStderrOnFailure&amp;gt;
+              &amp;lt;printStderrOnSuccess&amp;gt;&lt;span class=&quot;code-keyword&quot;&gt;false&lt;/span&gt;&amp;lt;/printStderrOnSuccess&amp;gt;
+            &amp;lt;/statelessTestsetInfoReporter&amp;gt;
+            &amp;lt;argLine&amp;gt;-Xshare:off -Djdk.net.URLClassPath.disableClassPathURLCheck=&lt;span class=&quot;code-keyword&quot;&gt;true&lt;/span&gt; @{jacoco.surefireArgLine}&amp;lt;/argLine&amp;gt;
+            &amp;lt;!-- @formatter:on Avoid newlines inside argLine! --&amp;gt;
+            &amp;lt;printSummary&amp;gt;&lt;span class=&quot;code-keyword&quot;&gt;true&lt;/span&gt;&amp;lt;/printSummary&amp;gt;
+            &amp;lt;useUnlimitedThreads&amp;gt;&lt;span class=&quot;code-keyword&quot;&gt;false&lt;/span&gt;&amp;lt;/useUnlimitedThreads&amp;gt;
+            &amp;lt;perCoreThreadCount&amp;gt;&lt;span class=&quot;code-keyword&quot;&gt;false&lt;/span&gt;&amp;lt;/perCoreThreadCount&amp;gt;
+            &amp;lt;parallelOptimized&amp;gt;&lt;span class=&quot;code-keyword&quot;&gt;false&lt;/span&gt;&amp;lt;/parallelOptimized&amp;gt;
+            &amp;lt;threadCount&amp;gt;${test-thread-count}&amp;lt;/threadCount&amp;gt;
+            &amp;lt;parallel&amp;gt;${test-parallel}&amp;lt;/parallel&amp;gt;
+            &amp;lt;forkCount&amp;gt;${test-fork-count}&amp;lt;/forkCount&amp;gt;
+            &amp;lt;reuseForks&amp;gt;${test-fork-reuse}&amp;lt;/reuseForks&amp;gt;
+            &amp;lt;rerunFailingTestsCount&amp;gt;${test-rerun-count}&amp;lt;/rerunFailingTestsCount&amp;gt;
+            &amp;lt;skipAfterFailureCount&amp;gt;${test-skip-after-failure-count}&amp;lt;/skipAfterFailureCount&amp;gt;
+            &amp;lt;parallelTestsTimeoutForcedInSeconds&amp;gt;400&amp;lt;/parallelTestsTimeoutForcedInSeconds&amp;gt;
+            &amp;lt;parallelTestsTimeoutInSeconds&amp;gt;400&amp;lt;/parallelTestsTimeoutInSeconds&amp;gt;
+            &amp;lt;properties&amp;gt;
+              &amp;lt;property&amp;gt;
+                &amp;lt;name&amp;gt;dataproviderthreadcount&amp;lt;/name&amp;gt;
+                &amp;lt;value&amp;gt;${test-testng-dataproviderthreadcount}&amp;lt;/value&amp;gt;
+              &amp;lt;/property&amp;gt;
+            &amp;lt;/properties&amp;gt;
+          &amp;lt;/configuration&amp;gt;
+          &amp;lt;dependencies&amp;gt;
+            &amp;lt;dependency&amp;gt;
+              &amp;lt;groupId&amp;gt;me.fabriciorby&amp;lt;/groupId&amp;gt;
+              &amp;lt;artifactId&amp;gt;maven-surefire-junit5-tree-reporter&amp;lt;/artifactId&amp;gt;
+              &amp;lt;version&amp;gt;1.2.1&amp;lt;/version&amp;gt;
+            &amp;lt;/dependency&amp;gt;
+          &amp;lt;/dependencies&amp;gt;
+        &amp;lt;/plugin&amp;gt;
       &amp;lt;/plugins&amp;gt;
     &amp;lt;/pluginManagement&amp;gt;
   &amp;lt;/build&amp;gt;
&lt;/pre&gt;
&lt;/div&gt;&lt;/div&gt;

&lt;p&gt;The exception points to the new constructor. I believe you have a classpath mismatch. Please check that.&lt;/p&gt;</comment>
                            <comment id="17866237" author="michael-o" created="Tue, 16 Jul 2024 05:54:14 +0000"  >&lt;p&gt;Output:&lt;/p&gt;

&lt;div class=&quot;preformatted panel&quot; style=&quot;border-width: 1px;&quot;&gt;&lt;div class=&quot;preformattedContent panelContent&quot;&gt;
&lt;pre&gt;[INFO] --- maven-surefire-plugin:3.3.1:test (default-test) @ maven-help-plugin ---
[INFO] Using auto detected provider org.apache.maven.surefire.junitcore.JUnitCoreProvider
[INFO]
[INFO] -------------------------------------------------------
[INFO]  T E S T S
[INFO] -------------------------------------------------------
[INFO] +--org.apache.maven.plugins.help.AllProfilesMojoTest - 2.652 ss
[INFO] |  +-- [OK] testProfileFromParentPom - 1.726 ss
[INFO] |  +-- [OK] testNoProfiles - 0.474 ss
[INFO] |  +-- [OK] testProfileFromSettings - 0.273 ss
[INFO] |  &apos;-- [OK] testProfileFromPom - 0.171 ss
[INFO] +--org.apache.maven.plugins.help.ActiveProfilesMojoTest - 3.255 ss
[INFO] |  +-- [OK] testActiveProfilesFromSettings - 3.054 ss
[INFO] |  &apos;-- [OK] testActiveProfilesFromPom - 0.201 ss
[INFO] +--org.apache.maven.plugins.help.DescribeMojoTest - 1.065 ss
[INFO] |  +-- [OK] testLookupPluginDescriptorPrefixWithVersion - 1.034 ss
[INFO] |  +-- [OK] testParsePluginInfoPluginGAV - 0 ss
[INFO] |  +-- [OK] testParsePluginInfoPluginIncorrect - 0 ss
[INFO] |  +-- [OK] testLookupPluginDescriptorGMissingA - 0 ss
[INFO] |  +-- [OK] testValidExpression - 0 ss
[INFO] |  +-- [OK] testGetExpressionsRoot - 0.016 ss
[INFO] |  +-- [OK] testLookupPluginDescriptorAMissingG - 0 ss
[INFO] |  +-- [OK] testLookupPluginDescriptorGAV - 0 ss
[INFO] |  +-- [OK] testParsePluginInfoPluginPrefix - 0 ss
[INFO] |  +-- [OK] testLookupPluginDescriptorPrefixWithoutVersion - 0.015 ss
[INFO] |  +-- [OK] testParsePluginInfoPluginGA - 0 ss
[INFO] |  +-- [OK] testInvalidExpression - 0 ss
[INFO] |  &apos;-- [OK] testParsePluginInfoGAV - 0 ss
[INFO] +--org.apache.maven.plugins.help.EvaluateMojoTest - 1.936 ss
[INFO] |  +-- [OK] testEvaluateQuiteModeWithOutputOnStdout - 1.635 ss
[INFO] |  +-- [OK] testEvaluateWithoutExpression - 0.169 ss
[INFO] |  &apos;-- [OK] testEvaluateWithoutExpressionWithOutput - 0.132 ss
[INFO]
[INFO] Results:
[INFO]
[INFO] Tests run: 22, Failures: 0, Errors: 0, Skipped: 0
&lt;/pre&gt;
&lt;/div&gt;&lt;/div&gt;</comment>
                            <comment id="17866263" author="hoehmi" created="Tue, 16 Jul 2024 06:58:20 +0000"  >&lt;p&gt;I found something. With that additional dependency for the surefire-plugin it crashs. Without everything is normal: 3.3.1. and 3.3.2-SNAPSHOT.&lt;/p&gt;

&lt;div class=&quot;code panel&quot; style=&quot;border-width: 1px;&quot;&gt;&lt;div class=&quot;codeContent panelContent&quot;&gt;
&lt;pre class=&quot;code-xml&quot;&gt;
&lt;span class=&quot;code-tag&quot;&gt;&amp;lt;dependency&amp;gt;&lt;/span&gt;
  &lt;span class=&quot;code-tag&quot;&gt;&amp;lt;groupId&amp;gt;&lt;/span&gt;me.fabriciorby&lt;span class=&quot;code-tag&quot;&gt;&amp;lt;/groupId&amp;gt;&lt;/span&gt;
  &lt;span class=&quot;code-tag&quot;&gt;&amp;lt;artifactId&amp;gt;&lt;/span&gt;maven-surefire-junit5-tree-reporter&lt;span class=&quot;code-tag&quot;&gt;&amp;lt;/artifactId&amp;gt;&lt;/span&gt;
  &lt;span class=&quot;code-tag&quot;&gt;&amp;lt;version&amp;gt;&lt;/span&gt;1.2.1&lt;span class=&quot;code-tag&quot;&gt;&amp;lt;/version&amp;gt;&lt;/span&gt;
&lt;span class=&quot;code-tag&quot;&gt;&amp;lt;/dependency&amp;gt;&lt;/span&gt;
&lt;/pre&gt;
&lt;/div&gt;&lt;/div&gt;

&lt;p&gt;I will try to reproduce the error with a fork of that tree-reporter&lt;/p&gt;

&lt;p&gt;&lt;a href=&quot;https://github.com/ahoehma/maven-surefire-junit5-tree-reporter&quot; class=&quot;external-link&quot; target=&quot;_blank&quot; rel=&quot;nofollow noopener&quot;&gt;https://github.com/ahoehma/maven-surefire-junit5-tree-reporter&lt;/a&gt;&lt;/p&gt;

&lt;p&gt;I guess when I change the surefire version from 3.1.0 to 3.3.1 something should happens &lt;img class=&quot;emoticon&quot; src=&quot;https://issues.apache.org/jira/images/icons/emoticons/smile.png&quot; height=&quot;16&quot; width=&quot;16&quot; align=&quot;absmiddle&quot; alt=&quot;&quot; border=&quot;0&quot;/&gt;&lt;/p&gt;</comment>
                            <comment id="17866273" author="hoehmi" created="Tue, 16 Jul 2024 07:21:22 +0000"  >&lt;p&gt;&lt;a href=&quot;https://issues.apache.org/jira/secure/ViewProfile.jspa?name=michael-o&quot; class=&quot;user-hover&quot; rel=&quot;michael-o&quot;&gt;michael-o&lt;/a&gt; I was able to &quot;repair&quot; that somethow ... but I don&apos;t understand it &lt;img class=&quot;emoticon&quot; src=&quot;https://issues.apache.org/jira/images/icons/emoticons/wink.png&quot; height=&quot;16&quot; width=&quot;16&quot; align=&quot;absmiddle&quot; alt=&quot;&quot; border=&quot;0&quot;/&gt;&lt;/p&gt;

&lt;p&gt;I migrated the maven-surefire-junit5-tree-reporter 1.2.1 to surefire 3.3.1.&lt;/p&gt;

&lt;p&gt;I need to add plexus-container-default, without I got compiler errors.&lt;/p&gt;

&lt;p&gt;After this fix ... my own project is back on track &lt;img class=&quot;emoticon&quot; src=&quot;https://issues.apache.org/jira/images/icons/emoticons/smile.png&quot; height=&quot;16&quot; width=&quot;16&quot; align=&quot;absmiddle&quot; alt=&quot;&quot; border=&quot;0&quot;/&gt; &lt;/p&gt;

&lt;div class=&quot;preformatted panel&quot; style=&quot;border-width: 1px;&quot;&gt;&lt;div class=&quot;preformattedContent panelContent&quot;&gt;
&lt;pre&gt;hoehmann@md2yxh2c &#8226; 2024-07-16 &#8226; 09:14 &#8226; MINGW64 /d/Dev/git/privat/maven-surefire-junit5-tree-reporter (master) &#8226;
$git diff
diff --git a/pom.xml b/pom.xml
index 001875c..f8fee49 100644
--- a/pom.xml
+++ b/pom.xml
@@ -16,7 +16,7 @@
     &amp;lt;properties&amp;gt;
         &amp;lt;maven.compiler.source&amp;gt;1.8&amp;lt;/maven.compiler.source&amp;gt;
         &amp;lt;maven.compiler.target&amp;gt;1.8&amp;lt;/maven.compiler.target&amp;gt;
-        &amp;lt;maven.surefire.version&amp;gt;3.1.0&amp;lt;/maven.surefire.version&amp;gt;
+        &amp;lt;maven.surefire.version&amp;gt;3.3.1&amp;lt;/maven.surefire.version&amp;gt;
         &amp;lt;maven-surefire.testsetInfoReporter&amp;gt;
             org.apache.maven.plugin.surefire.extensions.junit5.JUnit5StatelessTestsetInfoTreeReporter
         &amp;lt;/maven-surefire.testsetInfoReporter&amp;gt;
@@ -49,6 +49,11 @@
         &amp;lt;/dependencies&amp;gt;
     &amp;lt;/dependencyManagement&amp;gt;
     &amp;lt;dependencies&amp;gt;
+&amp;lt;dependency&amp;gt;
+    &amp;lt;groupId&amp;gt;org.codehaus.plexus&amp;lt;/groupId&amp;gt;
+    &amp;lt;artifactId&amp;gt;plexus-container-default&amp;lt;/artifactId&amp;gt;
+    &amp;lt;version&amp;gt;2.1.1&amp;lt;/version&amp;gt;
+&amp;lt;/dependency&amp;gt;
         &amp;lt;dependency&amp;gt;
             &amp;lt;groupId&amp;gt;org.junit.jupiter&amp;lt;/groupId&amp;gt;
             &amp;lt;artifactId&amp;gt;junit-jupiter&amp;lt;/artifactId&amp;gt;
&lt;/pre&gt;
&lt;/div&gt;&lt;/div&gt;

&lt;p&gt;How to continue here?&lt;/p&gt;</comment>
                            <comment id="17866279" author="michael-o" created="Tue, 16 Jul 2024 07:42:27 +0000"  >&lt;p&gt;Let me verify this...&lt;/p&gt;</comment>
                            <comment id="17866280" author="michael-o" created="Tue, 16 Jul 2024 07:44:27 +0000"  >&lt;p&gt;&lt;a href=&quot;https://issues.apache.org/jira/secure/ViewProfile.jspa?name=hoehmi&quot; class=&quot;user-hover&quot; rel=&quot;hoehmi&quot;&gt;hoehmi&lt;/a&gt;, can you verify every single version here: &lt;a href=&quot;https://issues.apache.org/jira/projects/SUREFIRE?selectedItem=com.atlassian.jira.jira-projects-plugin:release-page&amp;amp;status=released?&quot; class=&quot;external-link&quot; rel=&quot;nofollow&quot;&gt;https://issues.apache.org/jira/projects/SUREFIRE?selectedItem=com.atlassian.jira.jira-projects-plugin:release-page&amp;amp;status=released?&lt;/a&gt; We need to identify which version introduced the change.&lt;/p&gt;</comment>
                            <comment id="17866297" author="hoehmi" created="Tue, 16 Jul 2024 08:16:32 +0000"  >&lt;p&gt;I will do it ...&lt;/p&gt;

&lt;p&gt; &lt;span class=&quot;image-wrap&quot; style=&quot;&quot;&gt;&lt;img src=&quot;https://issues.apache.org/jira/secure/attachment/13070190/13070190_screenshot-1.png&quot; style=&quot;border: 0px solid black&quot; /&gt;&lt;/span&gt; &lt;/p&gt;

&lt;p&gt;Keep you in the loop...&lt;/p&gt;</comment>
                            <comment id="17866316" author="hoehmi" created="Tue, 16 Jul 2024 08:50:22 +0000"  >&lt;div class=&apos;table-wrap&apos;&gt;
&lt;table class=&apos;confluenceTable&apos;&gt;&lt;tbody&gt;
&lt;tr&gt;
&lt;th class=&apos;confluenceTh&apos;&gt;maven-surefire-junit5-tree-reporter surfire.version&lt;/th&gt;
&lt;th class=&apos;confluenceTh&apos;&gt;works inside my project with surefire 3.3.1&lt;/th&gt;
&lt;/tr&gt;
&lt;tr&gt;
&lt;td class=&apos;confluenceTd&apos;&gt;3.1.0 - no changes&lt;/td&gt;
&lt;td class=&apos;confluenceTd&apos;&gt;&lt;img class=&quot;emoticon&quot; src=&quot;https://issues.apache.org/jira/images/icons/emoticons/forbidden.png&quot; height=&quot;16&quot; width=&quot;16&quot; align=&quot;absmiddle&quot; alt=&quot;&quot; border=&quot;0&quot;/&gt;&lt;/td&gt;
&lt;/tr&gt;
&lt;tr&gt;
&lt;td class=&apos;confluenceTd&apos;&gt;3.1.2 - no additional changes needed&lt;/td&gt;
&lt;td class=&apos;confluenceTd&apos;&gt;&lt;img class=&quot;emoticon&quot; src=&quot;https://issues.apache.org/jira/images/icons/emoticons/forbidden.png&quot; height=&quot;16&quot; width=&quot;16&quot; align=&quot;absmiddle&quot; alt=&quot;&quot; border=&quot;0&quot;/&gt;&lt;/td&gt;
&lt;/tr&gt;
&lt;tr&gt;
&lt;td class=&apos;confluenceTd&apos;&gt;3.2.1&#160;- no additional changes needed&lt;/td&gt;
&lt;td class=&apos;confluenceTd&apos;&gt;&lt;img class=&quot;emoticon&quot; src=&quot;https://issues.apache.org/jira/images/icons/emoticons/forbidden.png&quot; height=&quot;16&quot; width=&quot;16&quot; align=&quot;absmiddle&quot; alt=&quot;&quot; border=&quot;0&quot;/&gt;&lt;/td&gt;
&lt;/tr&gt;
&lt;tr&gt;
&lt;td class=&apos;confluenceTd&apos;&gt;3.2.2&#160;- no additional changes needed&lt;/td&gt;
&lt;td class=&apos;confluenceTd&apos;&gt;&lt;img class=&quot;emoticon&quot; src=&quot;https://issues.apache.org/jira/images/icons/emoticons/forbidden.png&quot; height=&quot;16&quot; width=&quot;16&quot; align=&quot;absmiddle&quot; alt=&quot;&quot; border=&quot;0&quot;/&gt;&lt;/td&gt;
&lt;/tr&gt;
&lt;tr&gt;
&lt;td class=&apos;confluenceTd&apos;&gt;3.2.3&#160;- no additional changes needed&lt;/td&gt;
&lt;td class=&apos;confluenceTd&apos;&gt;&lt;img class=&quot;emoticon&quot; src=&quot;https://issues.apache.org/jira/images/icons/emoticons/forbidden.png&quot; height=&quot;16&quot; width=&quot;16&quot; align=&quot;absmiddle&quot; alt=&quot;&quot; border=&quot;0&quot;/&gt;&lt;/td&gt;
&lt;/tr&gt;
&lt;tr&gt;
&lt;td class=&apos;confluenceTd&apos;&gt;3.2.5&#160;- no additional changes needed&lt;/td&gt;
&lt;td class=&apos;confluenceTd&apos;&gt;&lt;img class=&quot;emoticon&quot; src=&quot;https://issues.apache.org/jira/images/icons/emoticons/forbidden.png&quot; height=&quot;16&quot; width=&quot;16&quot; align=&quot;absmiddle&quot; alt=&quot;&quot; border=&quot;0&quot;/&gt;&lt;/td&gt;
&lt;/tr&gt;
&lt;tr&gt;
&lt;td class=&apos;confluenceTd&apos;&gt;3.3.0 - plexus-container-default 2.1.2 added to fix compile errors&lt;/td&gt;
&lt;td class=&apos;confluenceTd&apos;&gt;&lt;img class=&quot;emoticon&quot; src=&quot;https://issues.apache.org/jira/images/icons/emoticons/forbidden.png&quot; height=&quot;16&quot; width=&quot;16&quot; align=&quot;absmiddle&quot; alt=&quot;&quot; border=&quot;0&quot;/&gt;&lt;/td&gt;
&lt;/tr&gt;
&lt;tr&gt;
&lt;td class=&apos;confluenceTd&apos;&gt;3.3.1 - plexus-container-default 2.1.2 added to fix compile errors&lt;/td&gt;
&lt;td class=&apos;confluenceTd&apos;&gt;&lt;img class=&quot;emoticon&quot; src=&quot;https://issues.apache.org/jira/images/icons/emoticons/add.png&quot; height=&quot;16&quot; width=&quot;16&quot; align=&quot;absmiddle&quot; alt=&quot;&quot; border=&quot;0&quot;/&gt;&lt;/td&gt;
&lt;/tr&gt;
&lt;/tbody&gt;&lt;/table&gt;
&lt;/div&gt;
</comment>
                            <comment id="17866327" author="michael-o" created="Tue, 16 Jul 2024 09:09:16 +0000"  >&lt;p&gt;LEt me check the diff between those two versions...I can reproduce the Plexus issue.&lt;/p&gt;</comment>
                            <comment id="17866331" author="michael-o" created="Tue, 16 Jul 2024 09:21:58 +0000"  >&lt;p&gt;Checked the diff between 3.2.5 and 3.3.0 in terms of &lt;tt&gt;dependency:tree&lt;/tt&gt; no change regarding plexus-container-default. Continuing looking...&lt;/p&gt;</comment>
                            <comment id="17866333" author="hoehmi" created="Tue, 16 Jul 2024 09:23:42 +0000"  >&lt;p&gt;Maybe my &quot;fix&quot; to add plexus-container-default 2.1.2 is non sense?! I followed chat-gpt &lt;img class=&quot;emoticon&quot; src=&quot;https://issues.apache.org/jira/images/icons/emoticons/wink.png&quot; height=&quot;16&quot; width=&quot;16&quot; align=&quot;absmiddle&quot; alt=&quot;&quot; border=&quot;0&quot;/&gt;&lt;/p&gt;

&lt;p&gt;With 3.3.0 and without these workaround I got tis compile errors:&lt;/p&gt;

&lt;div class=&quot;preformatted panel&quot; style=&quot;border-width: 1px;&quot;&gt;&lt;div class=&quot;preformattedContent panelContent&quot;&gt;
&lt;pre&gt;[INFO] -------------------------------------------------------------
[ERROR] COMPILATION ERROR :
[INFO] -------------------------------------------------------------
[ERROR] /D:/Dev/git/privat/maven-surefire-junit5-tree-reporter/src/test/java/org/apache/maven/plugin/surefire/report/ConsoleTreeReporterTest.java:[6,27] package org.codehaus.plexus does not exist
[ERROR] /D:/Dev/git/privat/maven-surefire-junit5-tree-reporter/src/test/java/org/apache/maven/plugin/surefire/report/ConsoleTreeReporterTest.java:[7,27] package org.codehaus.plexus does not exist
[ERROR] /D:/Dev/git/privat/maven-surefire-junit5-tree-reporter/src/test/java/org/apache/maven/plugin/surefire/report/ConsoleTreeReporterTest.java:[8,35] package org.codehaus.plexus.logging does not exist
[ERROR] /D:/Dev/git/privat/maven-surefire-junit5-tree-reporter/src/test/java/org/apache/maven/plugin/surefire/report/ConsoleTreeReporterTest.java:[21,12] cannot find symbol
  symbol:   class DefaultPlexusContainer
  location: class org.apache.maven.plugin.surefire.report.ConsoleTreeReporterTest
[ERROR] /D:/Dev/git/privat/maven-surefire-junit5-tree-reporter/src/test/java/org/apache/maven/plugin/surefire/report/ConsoleTreeReporterTest.java:[22,12] cannot find symbol
  symbol:   class Logger
  location: class org.apache.maven.plugin.surefire.report.ConsoleTreeReporterTest
[ERROR] /D:/Dev/git/privat/maven-surefire-junit5-tree-reporter/src/test/java/org/apache/maven/plugin/surefire/report/ConsoleTreeReporterTest.java:[25,41] cannot find symbol
  symbol:   class PlexusContainerException
  location: class org.apache.maven.plugin.surefire.report.ConsoleTreeReporterTest
[ERROR] /D:/Dev/git/privat/maven-surefire-junit5-tree-reporter/src/test/java/org/apache/maven/plugin/surefire/report/ConsoleTreeReporterTest.java:[26,25] cannot find symbol
  symbol:   class DefaultPlexusContainer
  location: class org.apache.maven.plugin.surefire.report.ConsoleTreeReporterTest
[INFO] 7 errors
[INFO] -------------------------------------------------------------

&lt;/pre&gt;
&lt;/div&gt;&lt;/div&gt;

&lt;p&gt;Errors only in test-code ... &lt;/p&gt;</comment>
                            <comment id="17866340" author="michael-o" created="Tue, 16 Jul 2024 09:47:55 +0000"  >&lt;p&gt;First of all, use this branch only master is broken: &lt;a href=&quot;https://github.com/fabriciorby/maven-surefire-junit5-tree-reporter/pull/54&quot; class=&quot;external-link&quot; target=&quot;_blank&quot; rel=&quot;nofollow noopener&quot;&gt;https://github.com/fabriciorby/maven-surefire-junit5-tree-reporter/pull/54&lt;/a&gt;&lt;/p&gt;

&lt;p&gt;Never use plexus-container-default, it is deprecated, it is has been replaced with Sisu + Guice. Please replace your testing with that snapshot first and report. Please also provide &lt;tt&gt;mvn clean test -X&lt;/tt&gt; from your project build.&lt;/p&gt;</comment>
                            <comment id="17866343" author="hoehmi" created="Tue, 16 Jul 2024 10:19:56 +0000"  >&lt;p&gt;&lt;a href=&quot;https://issues.apache.org/jira/secure/ViewProfile.jspa?name=michael-o&quot; class=&quot;user-hover&quot; rel=&quot;michael-o&quot;&gt;michael-o&lt;/a&gt; do you known how I can fetch your PR 54 into my fork?&lt;/p&gt;</comment>
                            <comment id="17866344" author="michael-o" created="Tue, 16 Jul 2024 10:21:44 +0000"  >&lt;div class=&quot;preformatted panel&quot; style=&quot;border-width: 1px;&quot;&gt;&lt;div class=&quot;preformattedContent panelContent&quot;&gt;
&lt;pre&gt;git remote add michael-o https://github.com/michael-o/....
git fetch michael-o
git checkout clean-up-dependencies
mvn install
&lt;/pre&gt;
&lt;/div&gt;&lt;/div&gt;</comment>
                            <comment id="17866346" author="hoehmi" created="Tue, 16 Jul 2024 10:30:36 +0000"  >&lt;p&gt;Ok. Meanwhile I did this:&lt;/p&gt;

&lt;div class=&quot;preformatted panel&quot; style=&quot;border-width: 1px;&quot;&gt;&lt;div class=&quot;preformattedContent panelContent&quot;&gt;
&lt;pre&gt;git remote add michael-o https://github.com/michael-o/maven-surefire-junit5-tree-reporter.git
git fetch michael-o
git merge michael-o/clean-up-dependencies (into my feature/surefire331-migration)
removed the deprecated plexus-container-default
mvn clean install -Dgpg.skip
&lt;/pre&gt;
&lt;/div&gt;&lt;/div&gt;

&lt;p&gt;Now I have a mix of my 3.3.1 migration and your dep-cleanup in my local repo ... maven-surefire-junit5-tree-reporter 1.2.1&lt;/p&gt;

&lt;p&gt;This result is still working in my project where I&apos;m using surefire 3.3.1&lt;/p&gt;</comment>
                            <comment id="17866351" author="michael-o" created="Tue, 16 Jul 2024 10:48:01 +0000"  >&lt;p&gt;&amp;gt; This result is still working in my project where I&apos;m using surefire 3.3.1&lt;/p&gt;

&lt;p&gt;Working or not working? Mistyped?&lt;/p&gt;</comment>
                            <comment id="17866357" author="hoehmi" created="Tue, 16 Jul 2024 11:18:37 +0000"  >&lt;p&gt;It&apos;s working.&lt;/p&gt;

&lt;p&gt;I combined your dep-cleanup and the migration from 3.1.0 to 3.3.1 in my fork .... keep version 1.2.1 to make it easy testable in my project ... and then my project build doesn&apos;t crash.&lt;/p&gt;

&lt;p&gt;May I can now check if its also working with ONLY your dep-cleanup?&lt;/p&gt;
</comment>
                            <comment id="17866359" author="michael-o" created="Tue, 16 Jul 2024 11:21:28 +0000"  >&lt;p&gt;Yes, please try.&lt;/p&gt;</comment>
                            <comment id="17866361" author="hoehmi" created="Tue, 16 Jul 2024 11:25:20 +0000"  >&lt;p&gt;I did it and my project build crash ...&lt;/p&gt;

&lt;p&gt;So with surefire 3.1.0 for the maven-surefire-junit5-tree-reporter and surefire 3.3.1 in my project it&apos;s definitly not working together.&lt;/p&gt;

&lt;p&gt;Lets me share my real local pom.xml for maven-surefire-junit5-tree-reporter ... &lt;/p&gt;

&lt;p&gt; &lt;span class=&quot;nobr&quot;&gt;&lt;a href=&quot;https://issues.apache.org/jira/secure/attachment/13070192/13070192_pom.xml&quot; title=&quot;pom.xml attached to SUREFIRE-2251&quot;&gt;pom.xml&lt;sup&gt;&lt;img class=&quot;rendericon&quot; src=&quot;https://issues.apache.org/jira/images/icons/link_attachment_7.gif&quot; height=&quot;7&quot; width=&quot;7&quot; align=&quot;absmiddle&quot; alt=&quot;&quot; border=&quot;0&quot;/&gt;&lt;/sup&gt;&lt;/a&gt;&lt;/span&gt; &lt;/p&gt;

&lt;p&gt;For me everything looks fine but it didn&apos;t work &lt;img class=&quot;emoticon&quot; src=&quot;https://issues.apache.org/jira/images/icons/emoticons/smile.png&quot; height=&quot;16&quot; width=&quot;16&quot; align=&quot;absmiddle&quot; alt=&quot;&quot; border=&quot;0&quot;/&gt;&lt;/p&gt;</comment>
                            <comment id="17866364" author="hoehmi" created="Tue, 16 Jul 2024 11:31:00 +0000"  >&lt;p&gt;&lt;a href=&quot;https://issues.apache.org/jira/secure/ViewProfile.jspa?name=michael-o&quot; class=&quot;user-hover&quot; rel=&quot;michael-o&quot;&gt;michael-o&lt;/a&gt; I did another experiment ... I go back in my project from surefire 3.3.1 to 3.3.0 with the above maven-surefire-junit5-tree-reporter 1.2.1. (surefire 3.1.0 inside + your cleanup)...&lt;/p&gt;

&lt;p&gt;Then this happens:&lt;/p&gt;

&lt;div class=&quot;preformatted panel&quot; style=&quot;border-width: 1px;&quot;&gt;&lt;div class=&quot;preformattedContent panelContent&quot;&gt;
&lt;pre&gt;ERROR] Failed to execute goal org.apache.maven.plugins:maven-surefire-plugin:3.3.0:test (default-test) on project util:
[ERROR]
[ERROR] Please refer to D:\Dev\git\coc\spice-configuration-cluster\util\target\surefire-reports for the individual test results.
[ERROR] Please refer to dump files (if any exist) [date].dump, [date]-jvmRun[N].dump and [date].dumpstream.
[ERROR] ExecutionException &apos;void org.apache.maven.surefire.shared.compress.archivers.zip.ZipArchiveOutputStream.putArchiveEntry(org.apache.maven.surefire.shared.compress.archivers.zip.ZipArchiveEntry)&apos;
[ERROR] ExecutionException &apos;void org.apache.maven.surefire.shared.compress.archivers.zip.ZipArchiveOutputStream.putArchiveEntry(org.apache.maven.surefire.shared.compress.archivers.zip.ZipArchiveEntry)&apos;
[ERROR] ExecutionException &apos;void org.apache.maven.surefire.shared.compress.archivers.zip.ZipArchiveOutputStream.putArchiveEntry(org.apache.maven.surefire.shared.compress.archivers.zip.ZipArchiveEntry)&apos;
[ERROR] ExecutionException &apos;void org.apache.maven.surefire.shared.compress.archivers.zip.ZipArchiveOutputStream.putArchiveEntry(org.apache.maven.surefire.shared.compress.archivers.zip.ZipArchiveEntry)&apos;
[ERROR] ExecutionException &apos;void org.apache.maven.surefire.shared.compress.archivers.zip.ZipArchiveOutputStream.putArchiveEntry(org.apache.maven.surefire.shared.compress.archivers.zip.ZipArchiveEntry)&apos;
[ERROR] ExecutionException &apos;void org.apache.maven.surefire.shared.compress.archivers.zip.ZipArchiveOutputStream.putArchiveEntry(org.apache.maven.surefire.shared.compress.archivers.zip.ZipArchiveEntry)&apos;
[ERROR] ExecutionException &apos;void org.apache.maven.surefire.shared.compress.archivers.zip.ZipArchiveOutputStream.putArchiveEntry(org.apache.maven.surefire.shared.compress.archivers.zip.ZipArchiveEntry)&apos;
[ERROR] ExecutionException &apos;void org.apache.maven.surefire.shared.compress.archivers.zip.ZipArchiveOutputStream.putArchiveEntry(org.apache.maven.surefire.shared.compress.archivers.zip.ZipArchiveEntry)&apos;
[ERROR] org.apache.maven.surefire.booter.SurefireBooterForkException: ExecutionException &apos;void org.apache.maven.surefire.shared.compress.archivers.zip.ZipArchiveOutputStream.putArchiveEntry(org.apache.maven.surefire.shared.compress.archivers.zip.ZipArchiveEntry)&apos;
[ERROR] ExecutionException &apos;void org.apache.maven.surefire.shared.compress.archivers.zip.ZipArchiveOutputStream.putArchiveEntry(org.apache.maven.surefire.shared.compress.archivers.zip.ZipArchiveEntry)&apos;
[ERROR] ExecutionException &apos;void org.apache.maven.surefire.shared.compress.archivers.zip.ZipArchiveOutputStream.putArchiveEntry(org.apache.maven.surefire.shared.compress.archivers.zip.ZipArchiveEntry)&apos;
[ERROR] ExecutionException &apos;void org.apache.maven.surefire.shared.compress.archivers.zip.ZipArchiveOutputStream.putArchiveEntry(org.apache.maven.surefire.shared.compress.archivers.zip.ZipArchiveEntry)&apos;
[ERROR] ExecutionException &apos;void org.apache.maven.surefire.shared.compress.archivers.zip.ZipArchiveOutputStream.putArchiveEntry(org.apache.maven.surefire.shared.compress.archivers.zip.ZipArchiveEntry)&apos;
[ERROR] ExecutionException &apos;void org.apache.maven.surefire.shared.compress.archivers.zip.ZipArchiveOutputStream.putArchiveEntry(org.apache.maven.surefire.shared.compress.archivers.zip.ZipArchiveEntry)&apos;
[ERROR] ExecutionException &apos;void org.apache.maven.surefire.shared.compress.archivers.zip.ZipArchiveOutputStream.putArchiveEntry(org.apache.maven.surefire.shared.compress.archivers.zip.ZipArchiveEntry)&apos;
[ERROR] ExecutionException &apos;void org.apache.maven.surefire.shared.compress.archivers.zip.ZipArchiveOutputStream.putArchiveEntry(org.apache.maven.surefire.shared.compress.archivers.zip.ZipArchiveEntry)&apos;
[ERROR]         at org.apache.maven.plugin.surefire.booterclient.ForkStarter.awaitResultsDone(ForkStarter.java:456)
[ERROR]         at org.apache.maven.plugin.surefire.booterclient.ForkStarter.runSuitesForkPerTestSet(ForkStarter.java:418)
[ERROR]         at org.apache.maven.plugin.surefire.booterclient.ForkStarter.run(ForkStarter.java:297)
[ERROR]         at org.apache.maven.plugin.surefire.booterclient.ForkStarter.run(ForkStarter.java:250)
[ERROR]         at org.apache.maven.plugin.surefire.AbstractSurefireMojo.executeProvider(AbstractSurefireMojo.java:1224)
[ERROR]         at org.apache.maven.plugin.surefire.AbstractSurefireMojo.executeAfterPreconditionsChecked(AbstractSurefireMojo.java:1073)
[ERROR]         at org.apache.maven.plugin.surefire.AbstractSurefireMojo.execute(AbstractSurefireMojo.java:907)
[ERROR]         at org.apache.maven.plugin.DefaultBuildPluginManager.executeMojo(DefaultBuildPluginManager.java:126)
[ERROR]         at org.apache.maven.lifecycle.internal.MojoExecutor.doExecute2(MojoExecutor.java:328)
[ERROR]         at org.apache.maven.lifecycle.internal.MojoExecutor.doExecute(MojoExecutor.java:316)
[ERROR]         at org.apache.maven.lifecycle.internal.MojoExecutor.execute(MojoExecutor.java:212)
[ERROR]         at org.apache.maven.lifecycle.internal.MojoExecutor.execute(MojoExecutor.java:174)
[ERROR]         at org.apache.maven.lifecycle.internal.MojoExecutor.access$000(MojoExecutor.java:75)
[ERROR]         at org.apache.maven.lifecycle.internal.MojoExecutor$1.run(MojoExecutor.java:162)
[ERROR]         at org.apache.maven.buildcache.BuildCacheMojosExecutionStrategy.execute(BuildCacheMojosExecutionStrategy.java:145)
[ERROR]         at org.apache.maven.lifecycle.internal.MojoExecutor.execute(MojoExecutor.java:159)
[ERROR]         at org.apache.maven.lifecycle.internal.LifecycleModuleBuilder.buildProject(LifecycleModuleBuilder.java:105)
[ERROR]         at org.apache.maven.lifecycle.internal.LifecycleModuleBuilder.buildProject(LifecycleModuleBuilder.java:73)
[ERROR]         at org.apache.maven.lifecycle.internal.builder.singlethreaded.SingleThreadedBuilder.build(SingleThreadedBuilder.java:53)
[ERROR]         at org.apache.maven.lifecycle.internal.LifecycleStarter.execute(LifecycleStarter.java:118)
[ERROR]         at org.apache.maven.DefaultMaven.doExecute(DefaultMaven.java:261)
[ERROR]         at org.apache.maven.DefaultMaven.doExecute(DefaultMaven.java:173)
[ERROR]         at org.apache.maven.DefaultMaven.execute(DefaultMaven.java:101)
[ERROR]         at org.apache.maven.cli.MavenCli.execute(MavenCli.java:906)
[ERROR]         at org.apache.maven.cli.MavenCli.doMain(MavenCli.java:283)
[ERROR]         at org.apache.maven.cli.MavenCli.main(MavenCli.java:206)
[ERROR]         at java.base/jdk.internal.reflect.NativeMethodAccessorImpl.invoke0(Native Method)
[ERROR]         at java.base/jdk.internal.reflect.NativeMethodAccessorImpl.invoke(NativeMethodAccessorImpl.java:77)
[ERROR]         at java.base/jdk.internal.reflect.DelegatingMethodAccessorImpl.invoke(DelegatingMethodAccessorImpl.java:43)
[ERROR]         at java.base/java.lang.reflect.Method.invoke(Method.java:568)
[ERROR]         at org.codehaus.plexus.classworlds.launcher.Launcher.launchEnhanced(Launcher.java:283)
[ERROR]         at org.codehaus.plexus.classworlds.launcher.Launcher.launch(Launcher.java:226)
[ERROR]         at org.codehaus.plexus.classworlds.launcher.Launcher.mainWithExitCode(Launcher.java:407)
[ERROR]         at org.codehaus.plexus.classworlds.launcher.Launcher.main(Launcher.java:348)
[ERROR] Caused by: java.lang.NoSuchMethodError: &apos;void org.apache.maven.surefire.shared.compress.archivers.zip.ZipArchiveOutputStream.putArchiveEntry(org.apache.maven.surefire.shared.compress.archivers.zip.ZipArchiveEntry)&apos;
[ERROR]         at org.apache.maven.plugin.surefire.booterclient.JarManifestForkConfiguration.createJar(JarManifestForkConfiguration.java:140)
[ERROR]         at org.apache.maven.plugin.surefire.booterclient.JarManifestForkConfiguration.resolveClasspath(JarManifestForkConfiguration.java:107)
[ERROR]         at org.apache.maven.plugin.surefire.booterclient.DefaultForkConfiguration.createCommandLine(DefaultForkConfiguration.java:177)
[ERROR]         at org.apache.maven.plugin.surefire.booterclient.ForkStarter.fork(ForkStarter.java:537)
[ERROR]         at org.apache.maven.plugin.surefire.booterclient.ForkStarter.lambda$null$7(ForkStarter.java:401)
[ERROR]         at java.base/java.util.concurrent.FutureTask.run(FutureTask.java:264)
[ERROR]         at java.base/java.util.concurrent.ThreadPoolExecutor.runWorker(ThreadPoolExecutor.java:1136)
[ERROR]         at java.base/java.util.concurrent.ThreadPoolExecutor$Worker.run(ThreadPoolExecutor.java:635)
[ERROR]         at java.base/java.lang.Thread.run(Thread.java:833)

&lt;/pre&gt;
&lt;/div&gt;&lt;/div&gt;</comment>
                            <comment id="17866366" author="michael-o" created="Tue, 16 Jul 2024 11:42:28 +0000"  >&lt;p&gt;Something is totally off here. Can you share &lt;tt&gt;mvn test -X&lt;/tt&gt;? I have an idea what could happen here.&lt;/p&gt;</comment>
                            <comment id="17866379" author="michael-o" created="Tue, 16 Jul 2024 12:23:10 +0000"  >&lt;p&gt;Issue found and is a bug in the extension: &lt;a href=&quot;https://github.com/fabriciorby/maven-surefire-junit5-tree-reporter/pull/54&quot; class=&quot;external-link&quot; target=&quot;_blank&quot; rel=&quot;nofollow noopener&quot;&gt;https://github.com/fabriciorby/maven-surefire-junit5-tree-reporter/pull/54&lt;/a&gt;. I will keep this commit just in case anyone else uses it. No fix release of Maven Surefire Plugin is required at the moment.&lt;/p&gt;</comment>
                            <comment id="17866381" author="hoehmi" created="Tue, 16 Jul 2024 12:27:35 +0000"  >&lt;p&gt;Problem was solved in the external surefire extension ... &lt;a href=&quot;https://github.com/fabriciorby/maven-surefire-junit5-tree-reporter/pull/54&quot; class=&quot;external-link&quot; target=&quot;_blank&quot; rel=&quot;nofollow noopener&quot;&gt;https://github.com/fabriciorby/maven-surefire-junit5-tree-reporter/pull/54&lt;/a&gt;.&lt;/p&gt;

&lt;p&gt;I think we can close this issue here.&lt;/p&gt;

&lt;p&gt;Thanks &lt;a href=&quot;https://issues.apache.org/jira/secure/ViewProfile.jspa?name=michael-o&quot; class=&quot;user-hover&quot; rel=&quot;michael-o&quot;&gt;michael-o&lt;/a&gt;!&lt;/p&gt;</comment>
                            <comment id="17995636" author="olamy" created="Fri, 4 Jul 2025 07:44:50 +0000"  >&lt;p&gt;This project has moved from Jira to GitHub Issues. This issue was migrated to &lt;a href=&quot;https://github.com/apache/maven-surefire/issues/2654&quot; class=&quot;external-link&quot; target=&quot;_blank&quot; rel=&quot;nofollow noopener&quot;&gt;apache/maven-surefire#2654&lt;/a&gt;. &lt;/p&gt;</comment>
                    </comments>
                    <attachments>
                            <attachment id="13070192" name="pom.xml" size="9890" author="hoehmi" created="Tue, 16 Jul 2024 11:26:40 +0000"/>
                            <attachment id="13070190" name="screenshot-1.png" size="1718" author="hoehmi" created="Tue, 16 Jul 2024 08:16:22 +0000"/>
                    </attachments>
                <subtasks>
                    </subtasks>
                <customfields>
                                                                            <customfield id="customfield_12310310" key="com.atlassian.jira.toolkit:attachments">
                        <customfieldname>Attachment count</customfieldname>
                        <customfieldvalues>
                            <customfieldvalue>2.0</customfieldvalue>
                        </customfieldvalues>
                    </customfield>
                                                                                                                                                                                                                                                                                                                                                                                                                                                                                                                                                                                                                                                                                                        <customfield id="customfield_12314020" key="com.atlassian.jira.plugins.jira-development-integration-plugin:devsummary">
                        <customfieldname>Development</customfieldname>
                        <customfieldvalues>
                            
                        </customfieldvalues>
                    </customfield>
                                                                                                                        <customfield id="customfield_12313422" key="com.atlassian.jirafisheyeplugin:jobcheckbox">
                        <customfieldname>Enable Automatic Patch Review</customfieldname>
                        <customfieldvalues>
                            <customfieldvalue><![CDATA[no_permission]]></customfieldvalue>

                        </customfieldvalues>
                    </customfield>
                                                                                                                                                                                                                                                                                                                                                                                                                                                                                                                                                                                                                    <customfield id="customfield_12310420" key="com.pyxis.greenhopper.jira:gh-global-rank">
                        <customfieldname>Global Rank</customfieldname>
                        <customfieldvalues>
                            <customfieldvalue>9223372036854775807</customfieldvalue>
                        </customfieldvalues>
                    </customfield>
                                                                                                                                                                                                                                        <customfield id="customfield_12312521" key="com.atlassian.jira.toolkit:LastCommentDate">
                        <customfieldname>Last public comment date</customfieldname>
                        <customfieldvalues>
                            18 weeks, 4 days ago
                        </customfieldvalues>
                    </customfield>
                                                                                                                                                                                                                                                                                                <customfield id="customfield_12311820" key="com.pyxis.greenhopper.jira:gh-lexo-rank">
                        <customfieldname>Rank</customfieldname>
                        <customfieldvalues>
                            <customfieldvalue>0|z1qc4w:</customfieldvalue>

                        </customfieldvalues>
                    </customfield>
                                                                <customfield id="customfield_12310920" key="com.pyxis.greenhopper.jira:gh-global-rank">
                        <customfieldname>Rank (Obsolete)</customfieldname>
                        <customfieldvalues>
                            <customfieldvalue>9223372036854775807</customfieldvalue>
                        </customfieldvalues>
                    </customfield>
                                                                                                                                                                                                                                                                                                                                                                                                                                                                                                                                                                                                                                                                                                                                                                                            </customfields>
    </item>
</channel>
</rss>